[2021-11-19 10:39:21,490] {processor.py:163} INFO - Started process (PID=9293) to work on /home/user/workspace/airflow/airflow_env/lib/python3.6/site-packages/airflow/example_dags/plugins/workday.py
[2021-11-19 10:39:21,492] {processor.py:620} INFO - Processing file /home/user/workspace/airflow/airflow_env/lib/python3.6/site-packages/airflow/example_dags/plugins/workday.py for tasks to queue
[2021-11-19 10:39:21,492] {logging_mixin.py:109} INFO - [2021-11-19 10:39:21,492] {dagbag.py:500} INFO - Filling up the DagBag from /home/user/workspace/airflow/airflow_env/lib/python3.6/site-packages/airflow/example_dags/plugins/workday.py
[2021-11-19 10:39:21,516] {processor.py:634} WARNING - No viable dags retrieved from /home/user/workspace/airflow/airflow_env/lib/python3.6/site-packages/airflow/example_dags/plugins/workday.py
[2021-11-19 10:39:21,523] {processor.py:171} INFO - Processing /home/user/workspace/airflow/airflow_env/lib/python3.6/site-packages/airflow/example_dags/plugins/workday.py took 0.037 seconds
[2021-11-19 10:40:09,376] {processor.py:163} INFO - Started process (PID=10610) to work on /home/user/workspace/airflow/airflow_env/lib/python3.6/site-packages/airflow/example_dags/plugins/workday.py
[2021-11-19 10:40:09,379] {processor.py:620} INFO - Processing file /home/user/workspace/airflow/airflow_env/lib/python3.6/site-packages/airflow/example_dags/plugins/workday.py for tasks to queue
[2021-11-19 10:40:09,381] {logging_mixin.py:109} INFO - [2021-11-19 10:40:09,380] {dagbag.py:500} INFO - Filling up the DagBag from /home/user/workspace/airflow/airflow_env/lib/python3.6/site-packages/airflow/example_dags/plugins/workday.py
[2021-11-19 10:40:09,441] {processor.py:634} WARNING - No viable dags retrieved from /home/user/workspace/airflow/airflow_env/lib/python3.6/site-packages/airflow/example_dags/plugins/workday.py
[2021-11-19 10:40:09,450] {processor.py:171} INFO - Processing /home/user/workspace/airflow/airflow_env/lib/python3.6/site-packages/airflow/example_dags/plugins/workday.py took 0.096 seconds
[2021-11-19 10:40:50,598] {processor.py:163} INFO - Started process (PID=11333) to work on /home/user/workspace/airflow/airflow_env/lib/python3.6/site-packages/airflow/example_dags/plugins/workday.py
[2021-11-19 10:40:50,600] {processor.py:620} INFO - Processing file /home/user/workspace/airflow/airflow_env/lib/python3.6/site-packages/airflow/example_dags/plugins/workday.py for tasks to queue
[2021-11-19 10:40:50,600] {logging_mixin.py:109} INFO - [2021-11-19 10:40:50,600] {dagbag.py:500} INFO - Filling up the DagBag from /home/user/workspace/airflow/airflow_env/lib/python3.6/site-packages/airflow/example_dags/plugins/workday.py
[2021-11-19 10:40:50,644] {processor.py:634} WARNING - No viable dags retrieved from /home/user/workspace/airflow/airflow_env/lib/python3.6/site-packages/airflow/example_dags/plugins/workday.py
[2021-11-19 10:40:50,649] {processor.py:171} INFO - Processing /home/user/workspace/airflow/airflow_env/lib/python3.6/site-packages/airflow/example_dags/plugins/workday.py took 0.056 seconds
[2021-11-19 10:41:24,073] {processor.py:163} INFO - Started process (PID=12176) to work on /home/user/workspace/airflow/airflow_env/lib/python3.6/site-packages/airflow/example_dags/plugins/workday.py
[2021-11-19 10:41:24,075] {processor.py:620} INFO - Processing file /home/user/workspace/airflow/airflow_env/lib/python3.6/site-packages/airflow/example_dags/plugins/workday.py for tasks to queue
[2021-11-19 10:41:24,084] {logging_mixin.py:109} INFO - [2021-11-19 10:41:24,084] {dagbag.py:500} INFO - Filling up the DagBag from /home/user/workspace/airflow/airflow_env/lib/python3.6/site-packages/airflow/example_dags/plugins/workday.py
[2021-11-19 10:41:24,120] {processor.py:634} WARNING - No viable dags retrieved from /home/user/workspace/airflow/airflow_env/lib/python3.6/site-packages/airflow/example_dags/plugins/workday.py
[2021-11-19 10:41:24,130] {processor.py:171} INFO - Processing /home/user/workspace/airflow/airflow_env/lib/python3.6/site-packages/airflow/example_dags/plugins/workday.py took 0.063 seconds
[2021-11-19 10:41:57,152] {processor.py:163} INFO - Started process (PID=13204) to work on /home/user/workspace/airflow/airflow_env/lib/python3.6/site-packages/airflow/example_dags/plugins/workday.py
[2021-11-19 10:41:57,156] {processor.py:620} INFO - Processing file /home/user/workspace/airflow/airflow_env/lib/python3.6/site-packages/airflow/example_dags/plugins/workday.py for tasks to queue
[2021-11-19 10:41:57,159] {logging_mixin.py:109} INFO - [2021-11-19 10:41:57,158] {dagbag.py:500} INFO - Filling up the DagBag from /home/user/workspace/airflow/airflow_env/lib/python3.6/site-packages/airflow/example_dags/plugins/workday.py
[2021-11-19 10:41:57,205] {processor.py:634} WARNING - No viable dags retrieved from /home/user/workspace/airflow/airflow_env/lib/python3.6/site-packages/airflow/example_dags/plugins/workday.py
[2021-11-19 10:41:57,210] {processor.py:171} INFO - Processing /home/user/workspace/airflow/airflow_env/lib/python3.6/site-packages/airflow/example_dags/plugins/workday.py took 0.067 seconds
[2021-11-19 10:42:33,142] {processor.py:163} INFO - Started process (PID=13971) to work on /home/user/workspace/airflow/airflow_env/lib/python3.6/site-packages/airflow/example_dags/plugins/workday.py
[2021-11-19 10:42:33,144] {processor.py:620} INFO - Processing file /home/user/workspace/airflow/airflow_env/lib/python3.6/site-packages/airflow/example_dags/plugins/workday.py for tasks to queue
[2021-11-19 10:42:33,145] {logging_mixin.py:109} INFO - [2021-11-19 10:42:33,144] {dagbag.py:500} INFO - Filling up the DagBag from /home/user/workspace/airflow/airflow_env/lib/python3.6/site-packages/airflow/example_dags/plugins/workday.py
[2021-11-19 10:42:33,201] {processor.py:634} WARNING - No viable dags retrieved from /home/user/workspace/airflow/airflow_env/lib/python3.6/site-packages/airflow/example_dags/plugins/workday.py
[2021-11-19 10:42:33,208] {processor.py:171} INFO - Processing /home/user/workspace/airflow/airflow_env/lib/python3.6/site-packages/airflow/example_dags/plugins/workday.py took 0.083 seconds
[2021-11-19 10:43:04,387] {processor.py:163} INFO - Started process (PID=14779) to work on /home/user/workspace/airflow/airflow_env/lib/python3.6/site-packages/airflow/example_dags/plugins/workday.py
[2021-11-19 10:43:04,389] {processor.py:620} INFO - Processing file /home/user/workspace/airflow/airflow_env/lib/python3.6/site-packages/airflow/example_dags/plugins/workday.py for tasks to queue
[2021-11-19 10:43:04,390] {logging_mixin.py:109} INFO - [2021-11-19 10:43:04,390] {dagbag.py:500} INFO - Filling up the DagBag from /home/user/workspace/airflow/airflow_env/lib/python3.6/site-packages/airflow/example_dags/plugins/workday.py
[2021-11-19 10:43:04,416] {processor.py:634} WARNING - No viable dags retrieved from /home/user/workspace/airflow/airflow_env/lib/python3.6/site-packages/airflow/example_dags/plugins/workday.py
[2021-11-19 10:43:04,422] {processor.py:171} INFO - Processing /home/user/workspace/airflow/airflow_env/lib/python3.6/site-packages/airflow/example_dags/plugins/workday.py took 0.038 seconds
[2021-11-19 10:43:37,134] {processor.py:163} INFO - Started process (PID=15295) to work on /home/user/workspace/airflow/airflow_env/lib/python3.6/site-packages/airflow/example_dags/plugins/workday.py
[2021-11-19 10:43:37,138] {processor.py:620} INFO - Processing file /home/user/workspace/airflow/airflow_env/lib/python3.6/site-packages/airflow/example_dags/plugins/workday.py for tasks to queue
[2021-11-19 10:43:37,138] {logging_mixin.py:109} INFO - [2021-11-19 10:43:37,138] {dagbag.py:500} INFO - Filling up the DagBag from /home/user/workspace/airflow/airflow_env/lib/python3.6/site-packages/airflow/example_dags/plugins/workday.py
[2021-11-19 10:43:37,160] {processor.py:634} WARNING - No viable dags retrieved from /home/user/workspace/airflow/airflow_env/lib/python3.6/site-packages/airflow/example_dags/plugins/workday.py
[2021-11-19 10:43:37,167] {processor.py:171} INFO - Processing /home/user/workspace/airflow/airflow_env/lib/python3.6/site-packages/airflow/example_dags/plugins/workday.py took 0.037 seconds
[2021-11-19 10:44:07,685] {processor.py:163} INFO - Started process (PID=15916) to work on /home/user/workspace/airflow/airflow_env/lib/python3.6/site-packages/airflow/example_dags/plugins/workday.py
[2021-11-19 10:44:07,686] {processor.py:620} INFO - Processing file /home/user/workspace/airflow/airflow_env/lib/python3.6/site-packages/airflow/example_dags/plugins/workday.py for tasks to queue
[2021-11-19 10:44:07,686] {logging_mixin.py:109} INFO - [2021-11-19 10:44:07,686] {dagbag.py:500} INFO - Filling up the DagBag from /home/user/workspace/airflow/airflow_env/lib/python3.6/site-packages/airflow/example_dags/plugins/workday.py
[2021-11-19 10:44:07,709] {processor.py:634} WARNING - No viable dags retrieved from /home/user/workspace/airflow/airflow_env/lib/python3.6/site-packages/airflow/example_dags/plugins/workday.py
[2021-11-19 10:44:07,713] {processor.py:171} INFO - Processing /home/user/workspace/airflow/airflow_env/lib/python3.6/site-packages/airflow/example_dags/plugins/workday.py took 0.031 seconds
[2021-11-19 10:44:38,662] {processor.py:163} INFO - Started process (PID=16473) to work on /home/user/workspace/airflow/airflow_env/lib/python3.6/site-packages/airflow/example_dags/plugins/workday.py
[2021-11-19 10:44:38,664] {processor.py:620} INFO - Processing file /home/user/workspace/airflow/airflow_env/lib/python3.6/site-packages/airflow/example_dags/plugins/workday.py for tasks to queue
[2021-11-19 10:44:38,666] {logging_mixin.py:109} INFO - [2021-11-19 10:44:38,665] {dagbag.py:500} INFO - Filling up the DagBag from /home/user/workspace/airflow/airflow_env/lib/python3.6/site-packages/airflow/example_dags/plugins/workday.py
[2021-11-19 10:44:38,699] {processor.py:634} WARNING - No viable dags retrieved from /home/user/workspace/airflow/airflow_env/lib/python3.6/site-packages/airflow/example_dags/plugins/workday.py
[2021-11-19 10:44:38,724] {processor.py:171} INFO - Processing /home/user/workspace/airflow/airflow_env/lib/python3.6/site-packages/airflow/example_dags/plugins/workday.py took 0.069 seconds
[2021-11-19 10:45:10,472] {processor.py:163} INFO - Started process (PID=17189) to work on /home/user/workspace/airflow/airflow_env/lib/python3.6/site-packages/airflow/example_dags/plugins/workday.py
[2021-11-19 10:45:10,473] {processor.py:620} INFO - Processing file /home/user/workspace/airflow/airflow_env/lib/python3.6/site-packages/airflow/example_dags/plugins/workday.py for tasks to queue
[2021-11-19 10:45:10,474] {logging_mixin.py:109} INFO - [2021-11-19 10:45:10,474] {dagbag.py:500} INFO - Filling up the DagBag from /home/user/workspace/airflow/airflow_env/lib/python3.6/site-packages/airflow/example_dags/plugins/workday.py
[2021-11-19 10:45:10,525] {processor.py:634} WARNING - No viable dags retrieved from /home/user/workspace/airflow/airflow_env/lib/python3.6/site-packages/airflow/example_dags/plugins/workday.py
[2021-11-19 10:45:10,541] {processor.py:171} INFO - Processing /home/user/workspace/airflow/airflow_env/lib/python3.6/site-packages/airflow/example_dags/plugins/workday.py took 0.080 seconds
[2021-11-19 10:45:41,515] {processor.py:163} INFO - Started process (PID=17677) to work on /home/user/workspace/airflow/airflow_env/lib/python3.6/site-packages/airflow/example_dags/plugins/workday.py
[2021-11-19 10:45:41,516] {processor.py:620} INFO - Processing file /home/user/workspace/airflow/airflow_env/lib/python3.6/site-packages/airflow/example_dags/plugins/workday.py for tasks to queue
[2021-11-19 10:45:41,517] {logging_mixin.py:109} INFO - [2021-11-19 10:45:41,517] {dagbag.py:500} INFO - Filling up the DagBag from /home/user/workspace/airflow/airflow_env/lib/python3.6/site-packages/airflow/example_dags/plugins/workday.py
[2021-11-19 10:45:41,539] {processor.py:634} WARNING - No viable dags retrieved from /home/user/workspace/airflow/airflow_env/lib/python3.6/site-packages/airflow/example_dags/plugins/workday.py
[2021-11-19 10:45:41,543] {processor.py:171} INFO - Processing /home/user/workspace/airflow/airflow_env/lib/python3.6/site-packages/airflow/example_dags/plugins/workday.py took 0.031 seconds
[2021-11-19 10:46:13,274] {processor.py:163} INFO - Started process (PID=18155) to work on /home/user/workspace/airflow/airflow_env/lib/python3.6/site-packages/airflow/example_dags/plugins/workday.py
[2021-11-19 10:46:13,275] {processor.py:620} INFO - Processing file /home/user/workspace/airflow/airflow_env/lib/python3.6/site-packages/airflow/example_dags/plugins/workday.py for tasks to queue
[2021-11-19 10:46:13,276] {logging_mixin.py:109} INFO - [2021-11-19 10:46:13,276] {dagbag.py:500} INFO - Filling up the DagBag from /home/user/workspace/airflow/airflow_env/lib/python3.6/site-packages/airflow/example_dags/plugins/workday.py
[2021-11-19 10:46:13,290] {processor.py:634} WARNING - No viable dags retrieved from /home/user/workspace/airflow/airflow_env/lib/python3.6/site-packages/airflow/example_dags/plugins/workday.py
[2021-11-19 10:46:13,293] {processor.py:171} INFO - Processing /home/user/workspace/airflow/airflow_env/lib/python3.6/site-packages/airflow/example_dags/plugins/workday.py took 0.022 seconds
[2021-11-19 10:46:44,470] {processor.py:163} INFO - Started process (PID=18718) to work on /home/user/workspace/airflow/airflow_env/lib/python3.6/site-packages/airflow/example_dags/plugins/workday.py
[2021-11-19 10:46:44,471] {processor.py:620} INFO - Processing file /home/user/workspace/airflow/airflow_env/lib/python3.6/site-packages/airflow/example_dags/plugins/workday.py for tasks to queue
[2021-11-19 10:46:44,471] {logging_mixin.py:109} INFO - [2021-11-19 10:46:44,471] {dagbag.py:500} INFO - Filling up the DagBag from /home/user/workspace/airflow/airflow_env/lib/python3.6/site-packages/airflow/example_dags/plugins/workday.py
[2021-11-19 10:46:44,486] {processor.py:634} WARNING - No viable dags retrieved from /home/user/workspace/airflow/airflow_env/lib/python3.6/site-packages/airflow/example_dags/plugins/workday.py
[2021-11-19 10:46:44,489] {processor.py:171} INFO - Processing /home/user/workspace/airflow/airflow_env/lib/python3.6/site-packages/airflow/example_dags/plugins/workday.py took 0.023 seconds
[2021-11-19 10:47:16,640] {processor.py:163} INFO - Started process (PID=19665) to work on /home/user/workspace/airflow/airflow_env/lib/python3.6/site-packages/airflow/example_dags/plugins/workday.py
[2021-11-19 10:47:16,641] {processor.py:620} INFO - Processing file /home/user/workspace/airflow/airflow_env/lib/python3.6/site-packages/airflow/example_dags/plugins/workday.py for tasks to queue
[2021-11-19 10:47:16,642] {logging_mixin.py:109} INFO - [2021-11-19 10:47:16,642] {dagbag.py:500} INFO - Filling up the DagBag from /home/user/workspace/airflow/airflow_env/lib/python3.6/site-packages/airflow/example_dags/plugins/workday.py
[2021-11-19 10:47:16,665] {processor.py:634} WARNING - No viable dags retrieved from /home/user/workspace/airflow/airflow_env/lib/python3.6/site-packages/airflow/example_dags/plugins/workday.py
[2021-11-19 10:47:16,670] {processor.py:171} INFO - Processing /home/user/workspace/airflow/airflow_env/lib/python3.6/site-packages/airflow/example_dags/plugins/workday.py took 0.033 seconds
[2021-11-19 10:47:47,948] {processor.py:163} INFO - Started process (PID=20449) to work on /home/user/workspace/airflow/airflow_env/lib/python3.6/site-packages/airflow/example_dags/plugins/workday.py
[2021-11-19 10:47:47,954] {processor.py:620} INFO - Processing file /home/user/workspace/airflow/airflow_env/lib/python3.6/site-packages/airflow/example_dags/plugins/workday.py for tasks to queue
[2021-11-19 10:47:47,955] {logging_mixin.py:109} INFO - [2021-11-19 10:47:47,955] {dagbag.py:500} INFO - Filling up the DagBag from /home/user/workspace/airflow/airflow_env/lib/python3.6/site-packages/airflow/example_dags/plugins/workday.py
[2021-11-19 10:47:47,980] {processor.py:634} WARNING - No viable dags retrieved from /home/user/workspace/airflow/airflow_env/lib/python3.6/site-packages/airflow/example_dags/plugins/workday.py
[2021-11-19 10:47:47,983] {processor.py:171} INFO - Processing /home/user/workspace/airflow/airflow_env/lib/python3.6/site-packages/airflow/example_dags/plugins/workday.py took 0.042 seconds
[2021-11-19 10:48:20,752] {processor.py:163} INFO - Started process (PID=21478) to work on /home/user/workspace/airflow/airflow_env/lib/python3.6/site-packages/airflow/example_dags/plugins/workday.py
[2021-11-19 10:48:20,753] {processor.py:620} INFO - Processing file /home/user/workspace/airflow/airflow_env/lib/python3.6/site-packages/airflow/example_dags/plugins/workday.py for tasks to queue
[2021-11-19 10:48:20,754] {logging_mixin.py:109} INFO - [2021-11-19 10:48:20,754] {dagbag.py:500} INFO - Filling up the DagBag from /home/user/workspace/airflow/airflow_env/lib/python3.6/site-packages/airflow/example_dags/plugins/workday.py
[2021-11-19 10:48:20,777] {processor.py:634} WARNING - No viable dags retrieved from /home/user/workspace/airflow/airflow_env/lib/python3.6/site-packages/airflow/example_dags/plugins/workday.py
[2021-11-19 10:48:20,782] {processor.py:171} INFO - Processing /home/user/workspace/airflow/airflow_env/lib/python3.6/site-packages/airflow/example_dags/plugins/workday.py took 0.034 seconds
[2021-11-19 10:48:53,192] {processor.py:163} INFO - Started process (PID=21997) to work on /home/user/workspace/airflow/airflow_env/lib/python3.6/site-packages/airflow/example_dags/plugins/workday.py
[2021-11-19 10:48:53,193] {processor.py:620} INFO - Processing file /home/user/workspace/airflow/airflow_env/lib/python3.6/site-packages/airflow/example_dags/plugins/workday.py for tasks to queue
[2021-11-19 10:48:53,194] {logging_mixin.py:109} INFO - [2021-11-19 10:48:53,194] {dagbag.py:500} INFO - Filling up the DagBag from /home/user/workspace/airflow/airflow_env/lib/python3.6/site-packages/airflow/example_dags/plugins/workday.py
[2021-11-19 10:48:53,219] {processor.py:634} WARNING - No viable dags retrieved from /home/user/workspace/airflow/airflow_env/lib/python3.6/site-packages/airflow/example_dags/plugins/workday.py
[2021-11-19 10:48:53,225] {processor.py:171} INFO - Processing /home/user/workspace/airflow/airflow_env/lib/python3.6/site-packages/airflow/example_dags/plugins/workday.py took 0.036 seconds
[2021-11-19 10:49:25,528] {processor.py:163} INFO - Started process (PID=22594) to work on /home/user/workspace/airflow/airflow_env/lib/python3.6/site-packages/airflow/example_dags/plugins/workday.py
[2021-11-19 10:49:25,529] {processor.py:620} INFO - Processing file /home/user/workspace/airflow/airflow_env/lib/python3.6/site-packages/airflow/example_dags/plugins/workday.py for tasks to queue
[2021-11-19 10:49:25,530] {logging_mixin.py:109} INFO - [2021-11-19 10:49:25,530] {dagbag.py:500} INFO - Filling up the DagBag from /home/user/workspace/airflow/airflow_env/lib/python3.6/site-packages/airflow/example_dags/plugins/workday.py
[2021-11-19 10:49:25,549] {processor.py:634} WARNING - No viable dags retrieved from /home/user/workspace/airflow/airflow_env/lib/python3.6/site-packages/airflow/example_dags/plugins/workday.py
[2021-11-19 10:49:25,553] {processor.py:171} INFO - Processing /home/user/workspace/airflow/airflow_env/lib/python3.6/site-packages/airflow/example_dags/plugins/workday.py took 0.029 seconds
[2021-11-19 10:49:58,383] {processor.py:163} INFO - Started process (PID=23109) to work on /home/user/workspace/airflow/airflow_env/lib/python3.6/site-packages/airflow/example_dags/plugins/workday.py
[2021-11-19 10:49:58,387] {processor.py:620} INFO - Processing file /home/user/workspace/airflow/airflow_env/lib/python3.6/site-packages/airflow/example_dags/plugins/workday.py for tasks to queue
[2021-11-19 10:49:58,389] {logging_mixin.py:109} INFO - [2021-11-19 10:49:58,388] {dagbag.py:500} INFO - Filling up the DagBag from /home/user/workspace/airflow/airflow_env/lib/python3.6/site-packages/airflow/example_dags/plugins/workday.py
[2021-11-19 10:49:58,439] {processor.py:634} WARNING - No viable dags retrieved from /home/user/workspace/airflow/airflow_env/lib/python3.6/site-packages/airflow/example_dags/plugins/workday.py
[2021-11-19 10:49:58,444] {processor.py:171} INFO - Processing /home/user/workspace/airflow/airflow_env/lib/python3.6/site-packages/airflow/example_dags/plugins/workday.py took 0.066 seconds
[2021-11-19 10:50:30,597] {processor.py:163} INFO - Started process (PID=23767) to work on /home/user/workspace/airflow/airflow_env/lib/python3.6/site-packages/airflow/example_dags/plugins/workday.py
[2021-11-19 10:50:30,598] {processor.py:620} INFO - Processing file /home/user/workspace/airflow/airflow_env/lib/python3.6/site-packages/airflow/example_dags/plugins/workday.py for tasks to queue
[2021-11-19 10:50:30,598] {logging_mixin.py:109} INFO - [2021-11-19 10:50:30,598] {dagbag.py:500} INFO - Filling up the DagBag from /home/user/workspace/airflow/airflow_env/lib/python3.6/site-packages/airflow/example_dags/plugins/workday.py
[2021-11-19 10:50:30,626] {processor.py:634} WARNING - No viable dags retrieved from /home/user/workspace/airflow/airflow_env/lib/python3.6/site-packages/airflow/example_dags/plugins/workday.py
[2021-11-19 10:50:30,630] {processor.py:171} INFO - Processing /home/user/workspace/airflow/airflow_env/lib/python3.6/site-packages/airflow/example_dags/plugins/workday.py took 0.037 seconds
[2021-11-19 10:51:09,819] {processor.py:163} INFO - Started process (PID=24455) to work on /home/user/workspace/airflow/airflow_env/lib/python3.6/site-packages/airflow/example_dags/plugins/workday.py
[2021-11-19 10:51:09,820] {processor.py:620} INFO - Processing file /home/user/workspace/airflow/airflow_env/lib/python3.6/site-packages/airflow/example_dags/plugins/workday.py for tasks to queue
[2021-11-19 10:51:09,821] {logging_mixin.py:109} INFO - [2021-11-19 10:51:09,820] {dagbag.py:500} INFO - Filling up the DagBag from /home/user/workspace/airflow/airflow_env/lib/python3.6/site-packages/airflow/example_dags/plugins/workday.py
[2021-11-19 10:51:09,848] {processor.py:634} WARNING - No viable dags retrieved from /home/user/workspace/airflow/airflow_env/lib/python3.6/site-packages/airflow/example_dags/plugins/workday.py
[2021-11-19 10:51:09,852] {processor.py:171} INFO - Processing /home/user/workspace/airflow/airflow_env/lib/python3.6/site-packages/airflow/example_dags/plugins/workday.py took 0.037 seconds
[2021-11-19 10:51:42,889] {processor.py:163} INFO - Started process (PID=25143) to work on /home/user/workspace/airflow/airflow_env/lib/python3.6/site-packages/airflow/example_dags/plugins/workday.py
[2021-11-19 10:51:42,891] {processor.py:620} INFO - Processing file /home/user/workspace/airflow/airflow_env/lib/python3.6/site-packages/airflow/example_dags/plugins/workday.py for tasks to queue
[2021-11-19 10:51:42,892] {logging_mixin.py:109} INFO - [2021-11-19 10:51:42,891] {dagbag.py:500} INFO - Filling up the DagBag from /home/user/workspace/airflow/airflow_env/lib/python3.6/site-packages/airflow/example_dags/plugins/workday.py
[2021-11-19 10:51:42,927] {processor.py:634} WARNING - No viable dags retrieved from /home/user/workspace/airflow/airflow_env/lib/python3.6/site-packages/airflow/example_dags/plugins/workday.py
[2021-11-19 10:51:42,932] {processor.py:171} INFO - Processing /home/user/workspace/airflow/airflow_env/lib/python3.6/site-packages/airflow/example_dags/plugins/workday.py took 0.047 seconds
[2021-11-19 10:52:14,541] {processor.py:163} INFO - Started process (PID=25787) to work on /home/user/workspace/airflow/airflow_env/lib/python3.6/site-packages/airflow/example_dags/plugins/workday.py
[2021-11-19 10:52:14,541] {processor.py:620} INFO - Processing file /home/user/workspace/airflow/airflow_env/lib/python3.6/site-packages/airflow/example_dags/plugins/workday.py for tasks to queue
[2021-11-19 10:52:14,542] {logging_mixin.py:109} INFO - [2021-11-19 10:52:14,542] {dagbag.py:500} INFO - Filling up the DagBag from /home/user/workspace/airflow/airflow_env/lib/python3.6/site-packages/airflow/example_dags/plugins/workday.py
[2021-11-19 10:52:14,564] {processor.py:634} WARNING - No viable dags retrieved from /home/user/workspace/airflow/airflow_env/lib/python3.6/site-packages/airflow/example_dags/plugins/workday.py
[2021-11-19 10:52:14,568] {processor.py:171} INFO - Processing /home/user/workspace/airflow/airflow_env/lib/python3.6/site-packages/airflow/example_dags/plugins/workday.py took 0.030 seconds
[2021-11-19 10:52:46,450] {processor.py:163} INFO - Started process (PID=26428) to work on /home/user/workspace/airflow/airflow_env/lib/python3.6/site-packages/airflow/example_dags/plugins/workday.py
[2021-11-19 10:52:46,451] {processor.py:620} INFO - Processing file /home/user/workspace/airflow/airflow_env/lib/python3.6/site-packages/airflow/example_dags/plugins/workday.py for tasks to queue
[2021-11-19 10:52:46,451] {logging_mixin.py:109} INFO - [2021-11-19 10:52:46,451] {dagbag.py:500} INFO - Filling up the DagBag from /home/user/workspace/airflow/airflow_env/lib/python3.6/site-packages/airflow/example_dags/plugins/workday.py
[2021-11-19 10:52:46,478] {processor.py:634} WARNING - No viable dags retrieved from /home/user/workspace/airflow/airflow_env/lib/python3.6/site-packages/airflow/example_dags/plugins/workday.py
[2021-11-19 10:52:46,482] {processor.py:171} INFO - Processing /home/user/workspace/airflow/airflow_env/lib/python3.6/site-packages/airflow/example_dags/plugins/workday.py took 0.035 seconds
[2021-11-19 10:53:18,138] {processor.py:163} INFO - Started process (PID=27049) to work on /home/user/workspace/airflow/airflow_env/lib/python3.6/site-packages/airflow/example_dags/plugins/workday.py
[2021-11-19 10:53:18,139] {processor.py:620} INFO - Processing file /home/user/workspace/airflow/airflow_env/lib/python3.6/site-packages/airflow/example_dags/plugins/workday.py for tasks to queue
[2021-11-19 10:53:18,139] {logging_mixin.py:109} INFO - [2021-11-19 10:53:18,139] {dagbag.py:500} INFO - Filling up the DagBag from /home/user/workspace/airflow/airflow_env/lib/python3.6/site-packages/airflow/example_dags/plugins/workday.py
[2021-11-19 10:53:18,158] {processor.py:634} WARNING - No viable dags retrieved from /home/user/workspace/airflow/airflow_env/lib/python3.6/site-packages/airflow/example_dags/plugins/workday.py
[2021-11-19 10:53:18,163] {processor.py:171} INFO - Processing /home/user/workspace/airflow/airflow_env/lib/python3.6/site-packages/airflow/example_dags/plugins/workday.py took 0.029 seconds
[2021-11-19 10:53:50,720] {processor.py:163} INFO - Started process (PID=27671) to work on /home/user/workspace/airflow/airflow_env/lib/python3.6/site-packages/airflow/example_dags/plugins/workday.py
[2021-11-19 10:53:50,721] {processor.py:620} INFO - Processing file /home/user/workspace/airflow/airflow_env/lib/python3.6/site-packages/airflow/example_dags/plugins/workday.py for tasks to queue
[2021-11-19 10:53:50,722] {logging_mixin.py:109} INFO - [2021-11-19 10:53:50,722] {dagbag.py:500} INFO - Filling up the DagBag from /home/user/workspace/airflow/airflow_env/lib/python3.6/site-packages/airflow/example_dags/plugins/workday.py
[2021-11-19 10:53:50,742] {processor.py:634} WARNING - No viable dags retrieved from /home/user/workspace/airflow/airflow_env/lib/python3.6/site-packages/airflow/example_dags/plugins/workday.py
[2021-11-19 10:53:50,746] {processor.py:171} INFO - Processing /home/user/workspace/airflow/airflow_env/lib/python3.6/site-packages/airflow/example_dags/plugins/workday.py took 0.031 seconds
[2021-11-19 10:54:22,704] {processor.py:163} INFO - Started process (PID=28344) to work on /home/user/workspace/airflow/airflow_env/lib/python3.6/site-packages/airflow/example_dags/plugins/workday.py
[2021-11-19 10:54:22,706] {processor.py:620} INFO - Processing file /home/user/workspace/airflow/airflow_env/lib/python3.6/site-packages/airflow/example_dags/plugins/workday.py for tasks to queue
[2021-11-19 10:54:22,706] {logging_mixin.py:109} INFO - [2021-11-19 10:54:22,706] {dagbag.py:500} INFO - Filling up the DagBag from /home/user/workspace/airflow/airflow_env/lib/python3.6/site-packages/airflow/example_dags/plugins/workday.py
[2021-11-19 10:54:22,729] {processor.py:634} WARNING - No viable dags retrieved from /home/user/workspace/airflow/airflow_env/lib/python3.6/site-packages/airflow/example_dags/plugins/workday.py
[2021-11-19 10:54:22,734] {processor.py:171} INFO - Processing /home/user/workspace/airflow/airflow_env/lib/python3.6/site-packages/airflow/example_dags/plugins/workday.py took 0.033 seconds
[2021-11-19 10:54:53,829] {processor.py:163} INFO - Started process (PID=28954) to work on /home/user/workspace/airflow/airflow_env/lib/python3.6/site-packages/airflow/example_dags/plugins/workday.py
[2021-11-19 10:54:53,830] {processor.py:620} INFO - Processing file /home/user/workspace/airflow/airflow_env/lib/python3.6/site-packages/airflow/example_dags/plugins/workday.py for tasks to queue
[2021-11-19 10:54:53,831] {logging_mixin.py:109} INFO - [2021-11-19 10:54:53,830] {dagbag.py:500} INFO - Filling up the DagBag from /home/user/workspace/airflow/airflow_env/lib/python3.6/site-packages/airflow/example_dags/plugins/workday.py
[2021-11-19 10:54:53,851] {processor.py:634} WARNING - No viable dags retrieved from /home/user/workspace/airflow/airflow_env/lib/python3.6/site-packages/airflow/example_dags/plugins/workday.py
[2021-11-19 10:54:53,856] {processor.py:171} INFO - Processing /home/user/workspace/airflow/airflow_env/lib/python3.6/site-packages/airflow/example_dags/plugins/workday.py took 0.031 seconds
[2021-11-19 10:55:25,402] {processor.py:163} INFO - Started process (PID=29578) to work on /home/user/workspace/airflow/airflow_env/lib/python3.6/site-packages/airflow/example_dags/plugins/workday.py
[2021-11-19 10:55:25,404] {processor.py:620} INFO - Processing file /home/user/workspace/airflow/airflow_env/lib/python3.6/site-packages/airflow/example_dags/plugins/workday.py for tasks to queue
[2021-11-19 10:55:25,405] {logging_mixin.py:109} INFO - [2021-11-19 10:55:25,404] {dagbag.py:500} INFO - Filling up the DagBag from /home/user/workspace/airflow/airflow_env/lib/python3.6/site-packages/airflow/example_dags/plugins/workday.py
[2021-11-19 10:55:25,437] {processor.py:634} WARNING - No viable dags retrieved from /home/user/workspace/airflow/airflow_env/lib/python3.6/site-packages/airflow/example_dags/plugins/workday.py
[2021-11-19 10:55:25,441] {processor.py:171} INFO - Processing /home/user/workspace/airflow/airflow_env/lib/python3.6/site-packages/airflow/example_dags/plugins/workday.py took 0.042 seconds
[2021-11-19 10:55:57,104] {processor.py:163} INFO - Started process (PID=30232) to work on /home/user/workspace/airflow/airflow_env/lib/python3.6/site-packages/airflow/example_dags/plugins/workday.py
[2021-11-19 10:55:57,105] {processor.py:620} INFO - Processing file /home/user/workspace/airflow/airflow_env/lib/python3.6/site-packages/airflow/example_dags/plugins/workday.py for tasks to queue
[2021-11-19 10:55:57,106] {logging_mixin.py:109} INFO - [2021-11-19 10:55:57,105] {dagbag.py:500} INFO - Filling up the DagBag from /home/user/workspace/airflow/airflow_env/lib/python3.6/site-packages/airflow/example_dags/plugins/workday.py
[2021-11-19 10:55:57,129] {processor.py:634} WARNING - No viable dags retrieved from /home/user/workspace/airflow/airflow_env/lib/python3.6/site-packages/airflow/example_dags/plugins/workday.py
[2021-11-19 10:55:57,132] {processor.py:171} INFO - Processing /home/user/workspace/airflow/airflow_env/lib/python3.6/site-packages/airflow/example_dags/plugins/workday.py took 0.033 seconds
[2021-11-19 10:56:29,819] {processor.py:163} INFO - Started process (PID=30887) to work on /home/user/workspace/airflow/airflow_env/lib/python3.6/site-packages/airflow/example_dags/plugins/workday.py
[2021-11-19 10:56:29,821] {processor.py:620} INFO - Processing file /home/user/workspace/airflow/airflow_env/lib/python3.6/site-packages/airflow/example_dags/plugins/workday.py for tasks to queue
[2021-11-19 10:56:29,822] {logging_mixin.py:109} INFO - [2021-11-19 10:56:29,822] {dagbag.py:500} INFO - Filling up the DagBag from /home/user/workspace/airflow/airflow_env/lib/python3.6/site-packages/airflow/example_dags/plugins/workday.py
[2021-11-19 10:56:29,843] {processor.py:634} WARNING - No viable dags retrieved from /home/user/workspace/airflow/airflow_env/lib/python3.6/site-packages/airflow/example_dags/plugins/workday.py
[2021-11-19 10:56:29,847] {processor.py:171} INFO - Processing /home/user/workspace/airflow/airflow_env/lib/python3.6/site-packages/airflow/example_dags/plugins/workday.py took 0.034 seconds
[2021-11-19 10:57:03,431] {processor.py:163} INFO - Started process (PID=31584) to work on /home/user/workspace/airflow/airflow_env/lib/python3.6/site-packages/airflow/example_dags/plugins/workday.py
[2021-11-19 10:57:03,434] {processor.py:620} INFO - Processing file /home/user/workspace/airflow/airflow_env/lib/python3.6/site-packages/airflow/example_dags/plugins/workday.py for tasks to queue
[2021-11-19 10:57:03,435] {logging_mixin.py:109} INFO - [2021-11-19 10:57:03,435] {dagbag.py:500} INFO - Filling up the DagBag from /home/user/workspace/airflow/airflow_env/lib/python3.6/site-packages/airflow/example_dags/plugins/workday.py
[2021-11-19 10:57:03,476] {processor.py:634} WARNING - No viable dags retrieved from /home/user/workspace/airflow/airflow_env/lib/python3.6/site-packages/airflow/example_dags/plugins/workday.py
[2021-11-19 10:57:03,484] {processor.py:171} INFO - Processing /home/user/workspace/airflow/airflow_env/lib/python3.6/site-packages/airflow/example_dags/plugins/workday.py took 0.062 seconds
[2021-11-19 10:57:35,592] {processor.py:163} INFO - Started process (PID=32500) to work on /home/user/workspace/airflow/airflow_env/lib/python3.6/site-packages/airflow/example_dags/plugins/workday.py
[2021-11-19 10:57:35,593] {processor.py:620} INFO - Processing file /home/user/workspace/airflow/airflow_env/lib/python3.6/site-packages/airflow/example_dags/plugins/workday.py for tasks to queue
[2021-11-19 10:57:35,594] {logging_mixin.py:109} INFO - [2021-11-19 10:57:35,594] {dagbag.py:500} INFO - Filling up the DagBag from /home/user/workspace/airflow/airflow_env/lib/python3.6/site-packages/airflow/example_dags/plugins/workday.py
[2021-11-19 10:57:35,616] {processor.py:634} WARNING - No viable dags retrieved from /home/user/workspace/airflow/airflow_env/lib/python3.6/site-packages/airflow/example_dags/plugins/workday.py
[2021-11-19 10:57:35,620] {processor.py:171} INFO - Processing /home/user/workspace/airflow/airflow_env/lib/python3.6/site-packages/airflow/example_dags/plugins/workday.py took 0.031 seconds
[2021-11-19 10:58:07,646] {processor.py:163} INFO - Started process (PID=607) to work on /home/user/workspace/airflow/airflow_env/lib/python3.6/site-packages/airflow/example_dags/plugins/workday.py
[2021-11-19 10:58:07,647] {processor.py:620} INFO - Processing file /home/user/workspace/airflow/airflow_env/lib/python3.6/site-packages/airflow/example_dags/plugins/workday.py for tasks to queue
[2021-11-19 10:58:07,647] {logging_mixin.py:109} INFO - [2021-11-19 10:58:07,647] {dagbag.py:500} INFO - Filling up the DagBag from /home/user/workspace/airflow/airflow_env/lib/python3.6/site-packages/airflow/example_dags/plugins/workday.py
[2021-11-19 10:58:07,671] {processor.py:634} WARNING - No viable dags retrieved from /home/user/workspace/airflow/airflow_env/lib/python3.6/site-packages/airflow/example_dags/plugins/workday.py
[2021-11-19 10:58:07,675] {processor.py:171} INFO - Processing /home/user/workspace/airflow/airflow_env/lib/python3.6/site-packages/airflow/example_dags/plugins/workday.py took 0.033 seconds
[2021-11-19 11:00:17,729] {processor.py:163} INFO - Started process (PID=1708) to work on /home/user/workspace/airflow/airflow_env/lib/python3.6/site-packages/airflow/example_dags/plugins/workday.py
[2021-11-19 11:00:17,730] {processor.py:620} INFO - Processing file /home/user/workspace/airflow/airflow_env/lib/python3.6/site-packages/airflow/example_dags/plugins/workday.py for tasks to queue
[2021-11-19 11:00:17,731] {logging_mixin.py:109} INFO - [2021-11-19 11:00:17,730] {dagbag.py:500} INFO - Filling up the DagBag from /home/user/workspace/airflow/airflow_env/lib/python3.6/site-packages/airflow/example_dags/plugins/workday.py
[2021-11-19 11:00:17,747] {processor.py:634} WARNING - No viable dags retrieved from /home/user/workspace/airflow/airflow_env/lib/python3.6/site-packages/airflow/example_dags/plugins/workday.py
[2021-11-19 11:00:17,750] {processor.py:171} INFO - Processing /home/user/workspace/airflow/airflow_env/lib/python3.6/site-packages/airflow/example_dags/plugins/workday.py took 0.024 seconds
[2021-11-19 11:00:50,446] {processor.py:163} INFO - Started process (PID=2916) to work on /home/user/workspace/airflow/airflow_env/lib/python3.6/site-packages/airflow/example_dags/plugins/workday.py
[2021-11-19 11:00:50,446] {processor.py:620} INFO - Processing file /home/user/workspace/airflow/airflow_env/lib/python3.6/site-packages/airflow/example_dags/plugins/workday.py for tasks to queue
[2021-11-19 11:00:50,447] {logging_mixin.py:109} INFO - [2021-11-19 11:00:50,447] {dagbag.py:500} INFO - Filling up the DagBag from /home/user/workspace/airflow/airflow_env/lib/python3.6/site-packages/airflow/example_dags/plugins/workday.py
[2021-11-19 11:00:50,463] {processor.py:634} WARNING - No viable dags retrieved from /home/user/workspace/airflow/airflow_env/lib/python3.6/site-packages/airflow/example_dags/plugins/workday.py
[2021-11-19 11:00:50,467] {processor.py:171} INFO - Processing /home/user/workspace/airflow/airflow_env/lib/python3.6/site-packages/airflow/example_dags/plugins/workday.py took 0.025 seconds
[2021-11-19 11:01:26,586] {processor.py:163} INFO - Started process (PID=4172) to work on /home/user/workspace/airflow/airflow_env/lib/python3.6/site-packages/airflow/example_dags/plugins/workday.py
[2021-11-19 11:01:26,589] {processor.py:620} INFO - Processing file /home/user/workspace/airflow/airflow_env/lib/python3.6/site-packages/airflow/example_dags/plugins/workday.py for tasks to queue
[2021-11-19 11:01:26,593] {logging_mixin.py:109} INFO - [2021-11-19 11:01:26,592] {dagbag.py:500} INFO - Filling up the DagBag from /home/user/workspace/airflow/airflow_env/lib/python3.6/site-packages/airflow/example_dags/plugins/workday.py
[2021-11-19 11:01:26,689] {processor.py:634} WARNING - No viable dags retrieved from /home/user/workspace/airflow/airflow_env/lib/python3.6/site-packages/airflow/example_dags/plugins/workday.py
[2021-11-19 11:01:26,718] {processor.py:171} INFO - Processing /home/user/workspace/airflow/airflow_env/lib/python3.6/site-packages/airflow/example_dags/plugins/workday.py took 0.141 seconds
[2021-11-19 11:01:59,155] {processor.py:163} INFO - Started process (PID=4724) to work on /home/user/workspace/airflow/airflow_env/lib/python3.6/site-packages/airflow/example_dags/plugins/workday.py
[2021-11-19 11:01:59,157] {processor.py:620} INFO - Processing file /home/user/workspace/airflow/airflow_env/lib/python3.6/site-packages/airflow/example_dags/plugins/workday.py for tasks to queue
[2021-11-19 11:01:59,158] {logging_mixin.py:109} INFO - [2021-11-19 11:01:59,158] {dagbag.py:500} INFO - Filling up the DagBag from /home/user/workspace/airflow/airflow_env/lib/python3.6/site-packages/airflow/example_dags/plugins/workday.py
[2021-11-19 11:01:59,189] {processor.py:634} WARNING - No viable dags retrieved from /home/user/workspace/airflow/airflow_env/lib/python3.6/site-packages/airflow/example_dags/plugins/workday.py
[2021-11-19 11:01:59,195] {processor.py:171} INFO - Processing /home/user/workspace/airflow/airflow_env/lib/python3.6/site-packages/airflow/example_dags/plugins/workday.py took 0.046 seconds
[2021-11-19 11:02:34,215] {processor.py:163} INFO - Started process (PID=5514) to work on /home/user/workspace/airflow/airflow_env/lib/python3.6/site-packages/airflow/example_dags/plugins/workday.py
[2021-11-19 11:02:34,230] {processor.py:620} INFO - Processing file /home/user/workspace/airflow/airflow_env/lib/python3.6/site-packages/airflow/example_dags/plugins/workday.py for tasks to queue
[2021-11-19 11:02:34,234] {logging_mixin.py:109} INFO - [2021-11-19 11:02:34,233] {dagbag.py:500} INFO - Filling up the DagBag from /home/user/workspace/airflow/airflow_env/lib/python3.6/site-packages/airflow/example_dags/plugins/workday.py
[2021-11-19 11:02:34,385] {processor.py:634} WARNING - No viable dags retrieved from /home/user/workspace/airflow/airflow_env/lib/python3.6/site-packages/airflow/example_dags/plugins/workday.py
[2021-11-19 11:02:34,432] {processor.py:171} INFO - Processing /home/user/workspace/airflow/airflow_env/lib/python3.6/site-packages/airflow/example_dags/plugins/workday.py took 0.230 seconds
[2021-11-19 11:03:06,187] {processor.py:163} INFO - Started process (PID=6252) to work on /home/user/workspace/airflow/airflow_env/lib/python3.6/site-packages/airflow/example_dags/plugins/workday.py
[2021-11-19 11:03:06,188] {processor.py:620} INFO - Processing file /home/user/workspace/airflow/airflow_env/lib/python3.6/site-packages/airflow/example_dags/plugins/workday.py for tasks to queue
[2021-11-19 11:03:06,188] {logging_mixin.py:109} INFO - [2021-11-19 11:03:06,188] {dagbag.py:500} INFO - Filling up the DagBag from /home/user/workspace/airflow/airflow_env/lib/python3.6/site-packages/airflow/example_dags/plugins/workday.py
[2021-11-19 11:03:06,208] {processor.py:634} WARNING - No viable dags retrieved from /home/user/workspace/airflow/airflow_env/lib/python3.6/site-packages/airflow/example_dags/plugins/workday.py
[2021-11-19 11:03:06,212] {processor.py:171} INFO - Processing /home/user/workspace/airflow/airflow_env/lib/python3.6/site-packages/airflow/example_dags/plugins/workday.py took 0.029 seconds
[2021-11-19 11:03:37,615] {processor.py:163} INFO - Started process (PID=6942) to work on /home/user/workspace/airflow/airflow_env/lib/python3.6/site-packages/airflow/example_dags/plugins/workday.py
[2021-11-19 11:03:37,616] {processor.py:620} INFO - Processing file /home/user/workspace/airflow/airflow_env/lib/python3.6/site-packages/airflow/example_dags/plugins/workday.py for tasks to queue
[2021-11-19 11:03:37,617] {logging_mixin.py:109} INFO - [2021-11-19 11:03:37,616] {dagbag.py:500} INFO - Filling up the DagBag from /home/user/workspace/airflow/airflow_env/lib/python3.6/site-packages/airflow/example_dags/plugins/workday.py
[2021-11-19 11:03:37,635] {processor.py:634} WARNING - No viable dags retrieved from /home/user/workspace/airflow/airflow_env/lib/python3.6/site-packages/airflow/example_dags/plugins/workday.py
[2021-11-19 11:03:37,638] {processor.py:171} INFO - Processing /home/user/workspace/airflow/airflow_env/lib/python3.6/site-packages/airflow/example_dags/plugins/workday.py took 0.028 seconds
[2021-11-19 11:04:09,594] {processor.py:163} INFO - Started process (PID=7671) to work on /home/user/workspace/airflow/airflow_env/lib/python3.6/site-packages/airflow/example_dags/plugins/workday.py
[2021-11-19 11:04:09,596] {processor.py:620} INFO - Processing file /home/user/workspace/airflow/airflow_env/lib/python3.6/site-packages/airflow/example_dags/plugins/workday.py for tasks to queue
[2021-11-19 11:04:09,597] {logging_mixin.py:109} INFO - [2021-11-19 11:04:09,596] {dagbag.py:500} INFO - Filling up the DagBag from /home/user/workspace/airflow/airflow_env/lib/python3.6/site-packages/airflow/example_dags/plugins/workday.py
[2021-11-19 11:04:09,633] {processor.py:634} WARNING - No viable dags retrieved from /home/user/workspace/airflow/airflow_env/lib/python3.6/site-packages/airflow/example_dags/plugins/workday.py
[2021-11-19 11:04:09,641] {processor.py:171} INFO - Processing /home/user/workspace/airflow/airflow_env/lib/python3.6/site-packages/airflow/example_dags/plugins/workday.py took 0.050 seconds
[2021-11-19 11:04:42,660] {processor.py:163} INFO - Started process (PID=8235) to work on /home/user/workspace/airflow/airflow_env/lib/python3.6/site-packages/airflow/example_dags/plugins/workday.py
[2021-11-19 11:04:42,662] {processor.py:620} INFO - Processing file /home/user/workspace/airflow/airflow_env/lib/python3.6/site-packages/airflow/example_dags/plugins/workday.py for tasks to queue
[2021-11-19 11:04:42,664] {logging_mixin.py:109} INFO - [2021-11-19 11:04:42,664] {dagbag.py:500} INFO - Filling up the DagBag from /home/user/workspace/airflow/airflow_env/lib/python3.6/site-packages/airflow/example_dags/plugins/workday.py
[2021-11-19 11:04:42,694] {processor.py:634} WARNING - No viable dags retrieved from /home/user/workspace/airflow/airflow_env/lib/python3.6/site-packages/airflow/example_dags/plugins/workday.py
[2021-11-19 11:04:42,699] {processor.py:171} INFO - Processing /home/user/workspace/airflow/airflow_env/lib/python3.6/site-packages/airflow/example_dags/plugins/workday.py took 0.045 seconds
[2021-11-19 11:05:15,228] {processor.py:163} INFO - Started process (PID=8803) to work on /home/user/workspace/airflow/airflow_env/lib/python3.6/site-packages/airflow/example_dags/plugins/workday.py
[2021-11-19 11:05:15,229] {processor.py:620} INFO - Processing file /home/user/workspace/airflow/airflow_env/lib/python3.6/site-packages/airflow/example_dags/plugins/workday.py for tasks to queue
[2021-11-19 11:05:15,230] {logging_mixin.py:109} INFO - [2021-11-19 11:05:15,230] {dagbag.py:500} INFO - Filling up the DagBag from /home/user/workspace/airflow/airflow_env/lib/python3.6/site-packages/airflow/example_dags/plugins/workday.py
[2021-11-19 11:05:15,247] {processor.py:634} WARNING - No viable dags retrieved from /home/user/workspace/airflow/airflow_env/lib/python3.6/site-packages/airflow/example_dags/plugins/workday.py
[2021-11-19 11:05:15,250] {processor.py:171} INFO - Processing /home/user/workspace/airflow/airflow_env/lib/python3.6/site-packages/airflow/example_dags/plugins/workday.py took 0.027 seconds
[2021-11-19 11:05:47,009] {processor.py:163} INFO - Started process (PID=9356) to work on /home/user/workspace/airflow/airflow_env/lib/python3.6/site-packages/airflow/example_dags/plugins/workday.py
[2021-11-19 11:05:47,010] {processor.py:620} INFO - Processing file /home/user/workspace/airflow/airflow_env/lib/python3.6/site-packages/airflow/example_dags/plugins/workday.py for tasks to queue
[2021-11-19 11:05:47,012] {logging_mixin.py:109} INFO - [2021-11-19 11:05:47,012] {dagbag.py:500} INFO - Filling up the DagBag from /home/user/workspace/airflow/airflow_env/lib/python3.6/site-packages/airflow/example_dags/plugins/workday.py
[2021-11-19 11:05:47,030] {processor.py:634} WARNING - No viable dags retrieved from /home/user/workspace/airflow/airflow_env/lib/python3.6/site-packages/airflow/example_dags/plugins/workday.py
[2021-11-19 11:05:47,033] {processor.py:171} INFO - Processing /home/user/workspace/airflow/airflow_env/lib/python3.6/site-packages/airflow/example_dags/plugins/workday.py took 0.028 seconds
[2021-11-19 11:06:21,837] {processor.py:163} INFO - Started process (PID=9888) to work on /home/user/workspace/airflow/airflow_env/lib/python3.6/site-packages/airflow/example_dags/plugins/workday.py
[2021-11-19 11:06:21,839] {processor.py:620} INFO - Processing file /home/user/workspace/airflow/airflow_env/lib/python3.6/site-packages/airflow/example_dags/plugins/workday.py for tasks to queue
[2021-11-19 11:06:21,841] {logging_mixin.py:109} INFO - [2021-11-19 11:06:21,841] {dagbag.py:500} INFO - Filling up the DagBag from /home/user/workspace/airflow/airflow_env/lib/python3.6/site-packages/airflow/example_dags/plugins/workday.py
[2021-11-19 11:06:21,887] {processor.py:634} WARNING - No viable dags retrieved from /home/user/workspace/airflow/airflow_env/lib/python3.6/site-packages/airflow/example_dags/plugins/workday.py
[2021-11-19 11:06:21,895] {processor.py:171} INFO - Processing /home/user/workspace/airflow/airflow_env/lib/python3.6/site-packages/airflow/example_dags/plugins/workday.py took 0.064 seconds
[2021-11-19 11:06:54,828] {processor.py:163} INFO - Started process (PID=10456) to work on /home/user/workspace/airflow/airflow_env/lib/python3.6/site-packages/airflow/example_dags/plugins/workday.py
[2021-11-19 11:06:54,829] {processor.py:620} INFO - Processing file /home/user/workspace/airflow/airflow_env/lib/python3.6/site-packages/airflow/example_dags/plugins/workday.py for tasks to queue
[2021-11-19 11:06:54,830] {logging_mixin.py:109} INFO - [2021-11-19 11:06:54,830] {dagbag.py:500} INFO - Filling up the DagBag from /home/user/workspace/airflow/airflow_env/lib/python3.6/site-packages/airflow/example_dags/plugins/workday.py
[2021-11-19 11:06:54,852] {processor.py:634} WARNING - No viable dags retrieved from /home/user/workspace/airflow/airflow_env/lib/python3.6/site-packages/airflow/example_dags/plugins/workday.py
[2021-11-19 11:06:54,858] {processor.py:171} INFO - Processing /home/user/workspace/airflow/airflow_env/lib/python3.6/site-packages/airflow/example_dags/plugins/workday.py took 0.034 seconds
[2021-11-19 11:07:26,996] {processor.py:163} INFO - Started process (PID=11086) to work on /home/user/workspace/airflow/airflow_env/lib/python3.6/site-packages/airflow/example_dags/plugins/workday.py
[2021-11-19 11:07:26,997] {processor.py:620} INFO - Processing file /home/user/workspace/airflow/airflow_env/lib/python3.6/site-packages/airflow/example_dags/plugins/workday.py for tasks to queue
[2021-11-19 11:07:26,998] {logging_mixin.py:109} INFO - [2021-11-19 11:07:26,998] {dagbag.py:500} INFO - Filling up the DagBag from /home/user/workspace/airflow/airflow_env/lib/python3.6/site-packages/airflow/example_dags/plugins/workday.py
[2021-11-19 11:07:27,028] {processor.py:634} WARNING - No viable dags retrieved from /home/user/workspace/airflow/airflow_env/lib/python3.6/site-packages/airflow/example_dags/plugins/workday.py
[2021-11-19 11:07:27,031] {processor.py:171} INFO - Processing /home/user/workspace/airflow/airflow_env/lib/python3.6/site-packages/airflow/example_dags/plugins/workday.py took 0.039 seconds
[2021-11-19 11:07:58,754] {processor.py:163} INFO - Started process (PID=11702) to work on /home/user/workspace/airflow/airflow_env/lib/python3.6/site-packages/airflow/example_dags/plugins/workday.py
[2021-11-19 11:07:58,756] {processor.py:620} INFO - Processing file /home/user/workspace/airflow/airflow_env/lib/python3.6/site-packages/airflow/example_dags/plugins/workday.py for tasks to queue
[2021-11-19 11:07:58,757] {logging_mixin.py:109} INFO - [2021-11-19 11:07:58,756] {dagbag.py:500} INFO - Filling up the DagBag from /home/user/workspace/airflow/airflow_env/lib/python3.6/site-packages/airflow/example_dags/plugins/workday.py
[2021-11-19 11:07:58,776] {processor.py:634} WARNING - No viable dags retrieved from /home/user/workspace/airflow/airflow_env/lib/python3.6/site-packages/airflow/example_dags/plugins/workday.py
[2021-11-19 11:07:58,779] {processor.py:171} INFO - Processing /home/user/workspace/airflow/airflow_env/lib/python3.6/site-packages/airflow/example_dags/plugins/workday.py took 0.028 seconds
[2021-11-19 11:08:31,740] {processor.py:163} INFO - Started process (PID=12385) to work on /home/user/workspace/airflow/airflow_env/lib/python3.6/site-packages/airflow/example_dags/plugins/workday.py
[2021-11-19 11:08:31,741] {processor.py:620} INFO - Processing file /home/user/workspace/airflow/airflow_env/lib/python3.6/site-packages/airflow/example_dags/plugins/workday.py for tasks to queue
[2021-11-19 11:08:31,742] {logging_mixin.py:109} INFO - [2021-11-19 11:08:31,742] {dagbag.py:500} INFO - Filling up the DagBag from /home/user/workspace/airflow/airflow_env/lib/python3.6/site-packages/airflow/example_dags/plugins/workday.py
[2021-11-19 11:08:31,766] {processor.py:634} WARNING - No viable dags retrieved from /home/user/workspace/airflow/airflow_env/lib/python3.6/site-packages/airflow/example_dags/plugins/workday.py
[2021-11-19 11:08:31,771] {processor.py:171} INFO - Processing /home/user/workspace/airflow/airflow_env/lib/python3.6/site-packages/airflow/example_dags/plugins/workday.py took 0.038 seconds
[2021-11-19 11:09:04,277] {processor.py:163} INFO - Started process (PID=13052) to work on /home/user/workspace/airflow/airflow_env/lib/python3.6/site-packages/airflow/example_dags/plugins/workday.py
[2021-11-19 11:09:04,278] {processor.py:620} INFO - Processing file /home/user/workspace/airflow/airflow_env/lib/python3.6/site-packages/airflow/example_dags/plugins/workday.py for tasks to queue
[2021-11-19 11:09:04,279] {logging_mixin.py:109} INFO - [2021-11-19 11:09:04,278] {dagbag.py:500} INFO - Filling up the DagBag from /home/user/workspace/airflow/airflow_env/lib/python3.6/site-packages/airflow/example_dags/plugins/workday.py
[2021-11-19 11:09:04,296] {processor.py:634} WARNING - No viable dags retrieved from /home/user/workspace/airflow/airflow_env/lib/python3.6/site-packages/airflow/example_dags/plugins/workday.py
[2021-11-19 11:09:04,301] {processor.py:171} INFO - Processing /home/user/workspace/airflow/airflow_env/lib/python3.6/site-packages/airflow/example_dags/plugins/workday.py took 0.027 seconds
[2021-11-19 11:09:36,280] {processor.py:163} INFO - Started process (PID=13720) to work on /home/user/workspace/airflow/airflow_env/lib/python3.6/site-packages/airflow/example_dags/plugins/workday.py
[2021-11-19 11:09:36,280] {processor.py:620} INFO - Processing file /home/user/workspace/airflow/airflow_env/lib/python3.6/site-packages/airflow/example_dags/plugins/workday.py for tasks to queue
[2021-11-19 11:09:36,281] {logging_mixin.py:109} INFO - [2021-11-19 11:09:36,281] {dagbag.py:500} INFO - Filling up the DagBag from /home/user/workspace/airflow/airflow_env/lib/python3.6/site-packages/airflow/example_dags/plugins/workday.py
[2021-11-19 11:09:36,298] {processor.py:634} WARNING - No viable dags retrieved from /home/user/workspace/airflow/airflow_env/lib/python3.6/site-packages/airflow/example_dags/plugins/workday.py
[2021-11-19 11:09:36,302] {processor.py:171} INFO - Processing /home/user/workspace/airflow/airflow_env/lib/python3.6/site-packages/airflow/example_dags/plugins/workday.py took 0.025 seconds
[2021-11-19 11:10:09,123] {processor.py:163} INFO - Started process (PID=14394) to work on /home/user/workspace/airflow/airflow_env/lib/python3.6/site-packages/airflow/example_dags/plugins/workday.py
[2021-11-19 11:10:09,125] {processor.py:620} INFO - Processing file /home/user/workspace/airflow/airflow_env/lib/python3.6/site-packages/airflow/example_dags/plugins/workday.py for tasks to queue
[2021-11-19 11:10:09,127] {logging_mixin.py:109} INFO - [2021-11-19 11:10:09,126] {dagbag.py:500} INFO - Filling up the DagBag from /home/user/workspace/airflow/airflow_env/lib/python3.6/site-packages/airflow/example_dags/plugins/workday.py
[2021-11-19 11:10:09,160] {processor.py:634} WARNING - No viable dags retrieved from /home/user/workspace/airflow/airflow_env/lib/python3.6/site-packages/airflow/example_dags/plugins/workday.py
[2021-11-19 11:10:09,167] {processor.py:171} INFO - Processing /home/user/workspace/airflow/airflow_env/lib/python3.6/site-packages/airflow/example_dags/plugins/workday.py took 0.049 seconds
[2021-11-19 11:10:40,583] {processor.py:163} INFO - Started process (PID=15065) to work on /home/user/workspace/airflow/airflow_env/lib/python3.6/site-packages/airflow/example_dags/plugins/workday.py
[2021-11-19 11:10:40,584] {processor.py:620} INFO - Processing file /home/user/workspace/airflow/airflow_env/lib/python3.6/site-packages/airflow/example_dags/plugins/workday.py for tasks to queue
[2021-11-19 11:10:40,584] {logging_mixin.py:109} INFO - [2021-11-19 11:10:40,584] {dagbag.py:500} INFO - Filling up the DagBag from /home/user/workspace/airflow/airflow_env/lib/python3.6/site-packages/airflow/example_dags/plugins/workday.py
[2021-11-19 11:10:40,599] {processor.py:634} WARNING - No viable dags retrieved from /home/user/workspace/airflow/airflow_env/lib/python3.6/site-packages/airflow/example_dags/plugins/workday.py
[2021-11-19 11:10:40,602] {processor.py:171} INFO - Processing /home/user/workspace/airflow/airflow_env/lib/python3.6/site-packages/airflow/example_dags/plugins/workday.py took 0.022 seconds
[2021-11-19 11:11:13,458] {processor.py:163} INFO - Started process (PID=15710) to work on /home/user/workspace/airflow/airflow_env/lib/python3.6/site-packages/airflow/example_dags/plugins/workday.py
[2021-11-19 11:11:13,459] {processor.py:620} INFO - Processing file /home/user/workspace/airflow/airflow_env/lib/python3.6/site-packages/airflow/example_dags/plugins/workday.py for tasks to queue
[2021-11-19 11:11:13,460] {logging_mixin.py:109} INFO - [2021-11-19 11:11:13,460] {dagbag.py:500} INFO - Filling up the DagBag from /home/user/workspace/airflow/airflow_env/lib/python3.6/site-packages/airflow/example_dags/plugins/workday.py
[2021-11-19 11:11:13,479] {processor.py:634} WARNING - No viable dags retrieved from /home/user/workspace/airflow/airflow_env/lib/python3.6/site-packages/airflow/example_dags/plugins/workday.py
[2021-11-19 11:11:13,482] {processor.py:171} INFO - Processing /home/user/workspace/airflow/airflow_env/lib/python3.6/site-packages/airflow/example_dags/plugins/workday.py took 0.027 seconds
[2021-11-19 11:11:45,827] {processor.py:163} INFO - Started process (PID=16202) to work on /home/user/workspace/airflow/airflow_env/lib/python3.6/site-packages/airflow/example_dags/plugins/workday.py
[2021-11-19 11:11:45,828] {processor.py:620} INFO - Processing file /home/user/workspace/airflow/airflow_env/lib/python3.6/site-packages/airflow/example_dags/plugins/workday.py for tasks to queue
[2021-11-19 11:11:45,829] {logging_mixin.py:109} INFO - [2021-11-19 11:11:45,829] {dagbag.py:500} INFO - Filling up the DagBag from /home/user/workspace/airflow/airflow_env/lib/python3.6/site-packages/airflow/example_dags/plugins/workday.py
[2021-11-19 11:11:45,846] {processor.py:634} WARNING - No viable dags retrieved from /home/user/workspace/airflow/airflow_env/lib/python3.6/site-packages/airflow/example_dags/plugins/workday.py
[2021-11-19 11:11:45,852] {processor.py:171} INFO - Processing /home/user/workspace/airflow/airflow_env/lib/python3.6/site-packages/airflow/example_dags/plugins/workday.py took 0.028 seconds
[2021-11-19 11:12:18,695] {processor.py:163} INFO - Started process (PID=16746) to work on /home/user/workspace/airflow/airflow_env/lib/python3.6/site-packages/airflow/example_dags/plugins/workday.py
[2021-11-19 11:12:18,696] {processor.py:620} INFO - Processing file /home/user/workspace/airflow/airflow_env/lib/python3.6/site-packages/airflow/example_dags/plugins/workday.py for tasks to queue
[2021-11-19 11:12:18,696] {logging_mixin.py:109} INFO - [2021-11-19 11:12:18,696] {dagbag.py:500} INFO - Filling up the DagBag from /home/user/workspace/airflow/airflow_env/lib/python3.6/site-packages/airflow/example_dags/plugins/workday.py
[2021-11-19 11:12:18,724] {processor.py:634} WARNING - No viable dags retrieved from /home/user/workspace/airflow/airflow_env/lib/python3.6/site-packages/airflow/example_dags/plugins/workday.py
[2021-11-19 11:12:18,728] {processor.py:171} INFO - Processing /home/user/workspace/airflow/airflow_env/lib/python3.6/site-packages/airflow/example_dags/plugins/workday.py took 0.037 seconds
[2021-11-19 11:12:51,103] {processor.py:163} INFO - Started process (PID=17255) to work on /home/user/workspace/airflow/airflow_env/lib/python3.6/site-packages/airflow/example_dags/plugins/workday.py
[2021-11-19 11:12:51,105] {processor.py:620} INFO - Processing file /home/user/workspace/airflow/airflow_env/lib/python3.6/site-packages/airflow/example_dags/plugins/workday.py for tasks to queue
[2021-11-19 11:12:51,106] {logging_mixin.py:109} INFO - [2021-11-19 11:12:51,105] {dagbag.py:500} INFO - Filling up the DagBag from /home/user/workspace/airflow/airflow_env/lib/python3.6/site-packages/airflow/example_dags/plugins/workday.py
[2021-11-19 11:12:51,127] {processor.py:634} WARNING - No viable dags retrieved from /home/user/workspace/airflow/airflow_env/lib/python3.6/site-packages/airflow/example_dags/plugins/workday.py
[2021-11-19 11:12:51,130] {processor.py:171} INFO - Processing /home/user/workspace/airflow/airflow_env/lib/python3.6/site-packages/airflow/example_dags/plugins/workday.py took 0.030 seconds
[2021-11-19 11:13:23,516] {processor.py:163} INFO - Started process (PID=17897) to work on /home/user/workspace/airflow/airflow_env/lib/python3.6/site-packages/airflow/example_dags/plugins/workday.py
[2021-11-19 11:13:23,517] {processor.py:620} INFO - Processing file /home/user/workspace/airflow/airflow_env/lib/python3.6/site-packages/airflow/example_dags/plugins/workday.py for tasks to queue
[2021-11-19 11:13:23,519] {logging_mixin.py:109} INFO - [2021-11-19 11:13:23,518] {dagbag.py:500} INFO - Filling up the DagBag from /home/user/workspace/airflow/airflow_env/lib/python3.6/site-packages/airflow/example_dags/plugins/workday.py
[2021-11-19 11:13:23,539] {processor.py:634} WARNING - No viable dags retrieved from /home/user/workspace/airflow/airflow_env/lib/python3.6/site-packages/airflow/example_dags/plugins/workday.py
[2021-11-19 11:13:23,543] {processor.py:171} INFO - Processing /home/user/workspace/airflow/airflow_env/lib/python3.6/site-packages/airflow/example_dags/plugins/workday.py took 0.032 seconds
[2021-11-19 11:14:00,113] {processor.py:163} INFO - Started process (PID=18525) to work on /home/user/workspace/airflow/airflow_env/lib/python3.6/site-packages/airflow/example_dags/plugins/workday.py
[2021-11-19 11:14:00,114] {processor.py:620} INFO - Processing file /home/user/workspace/airflow/airflow_env/lib/python3.6/site-packages/airflow/example_dags/plugins/workday.py for tasks to queue
[2021-11-19 11:14:00,115] {logging_mixin.py:109} INFO - [2021-11-19 11:14:00,115] {dagbag.py:500} INFO - Filling up the DagBag from /home/user/workspace/airflow/airflow_env/lib/python3.6/site-packages/airflow/example_dags/plugins/workday.py
[2021-11-19 11:14:00,136] {processor.py:634} WARNING - No viable dags retrieved from /home/user/workspace/airflow/airflow_env/lib/python3.6/site-packages/airflow/example_dags/plugins/workday.py
[2021-11-19 11:14:00,140] {processor.py:171} INFO - Processing /home/user/workspace/airflow/airflow_env/lib/python3.6/site-packages/airflow/example_dags/plugins/workday.py took 0.032 seconds
[2021-11-19 11:14:31,763] {processor.py:163} INFO - Started process (PID=19139) to work on /home/user/workspace/airflow/airflow_env/lib/python3.6/site-packages/airflow/example_dags/plugins/workday.py
[2021-11-19 11:14:31,765] {processor.py:620} INFO - Processing file /home/user/workspace/airflow/airflow_env/lib/python3.6/site-packages/airflow/example_dags/plugins/workday.py for tasks to queue
[2021-11-19 11:14:31,766] {logging_mixin.py:109} INFO - [2021-11-19 11:14:31,766] {dagbag.py:500} INFO - Filling up the DagBag from /home/user/workspace/airflow/airflow_env/lib/python3.6/site-packages/airflow/example_dags/plugins/workday.py
[2021-11-19 11:14:31,786] {processor.py:634} WARNING - No viable dags retrieved from /home/user/workspace/airflow/airflow_env/lib/python3.6/site-packages/airflow/example_dags/plugins/workday.py
[2021-11-19 11:14:31,789] {processor.py:171} INFO - Processing /home/user/workspace/airflow/airflow_env/lib/python3.6/site-packages/airflow/example_dags/plugins/workday.py took 0.031 seconds
[2021-11-19 11:15:07,690] {processor.py:163} INFO - Started process (PID=19909) to work on /home/user/workspace/airflow/airflow_env/lib/python3.6/site-packages/airflow/example_dags/plugins/workday.py
[2021-11-19 11:15:07,697] {processor.py:620} INFO - Processing file /home/user/workspace/airflow/airflow_env/lib/python3.6/site-packages/airflow/example_dags/plugins/workday.py for tasks to queue
[2021-11-19 11:15:07,698] {logging_mixin.py:109} INFO - [2021-11-19 11:15:07,698] {dagbag.py:500} INFO - Filling up the DagBag from /home/user/workspace/airflow/airflow_env/lib/python3.6/site-packages/airflow/example_dags/plugins/workday.py
[2021-11-19 11:15:07,731] {processor.py:634} WARNING - No viable dags retrieved from /home/user/workspace/airflow/airflow_env/lib/python3.6/site-packages/airflow/example_dags/plugins/workday.py
[2021-11-19 11:15:07,745] {processor.py:171} INFO - Processing /home/user/workspace/airflow/airflow_env/lib/python3.6/site-packages/airflow/example_dags/plugins/workday.py took 0.058 seconds
[2021-11-19 11:15:43,865] {processor.py:163} INFO - Started process (PID=20491) to work on /home/user/workspace/airflow/airflow_env/lib/python3.6/site-packages/airflow/example_dags/plugins/workday.py
[2021-11-19 11:15:43,866] {processor.py:620} INFO - Processing file /home/user/workspace/airflow/airflow_env/lib/python3.6/site-packages/airflow/example_dags/plugins/workday.py for tasks to queue
[2021-11-19 11:15:43,869] {logging_mixin.py:109} INFO - [2021-11-19 11:15:43,868] {dagbag.py:500} INFO - Filling up the DagBag from /home/user/workspace/airflow/airflow_env/lib/python3.6/site-packages/airflow/example_dags/plugins/workday.py
[2021-11-19 11:15:43,888] {processor.py:634} WARNING - No viable dags retrieved from /home/user/workspace/airflow/airflow_env/lib/python3.6/site-packages/airflow/example_dags/plugins/workday.py
[2021-11-19 11:15:43,891] {processor.py:171} INFO - Processing /home/user/workspace/airflow/airflow_env/lib/python3.6/site-packages/airflow/example_dags/plugins/workday.py took 0.030 seconds
[2021-11-19 11:16:16,908] {processor.py:163} INFO - Started process (PID=21084) to work on /home/user/workspace/airflow/airflow_env/lib/python3.6/site-packages/airflow/example_dags/plugins/workday.py
[2021-11-19 11:16:16,910] {processor.py:620} INFO - Processing file /home/user/workspace/airflow/airflow_env/lib/python3.6/site-packages/airflow/example_dags/plugins/workday.py for tasks to queue
[2021-11-19 11:16:16,911] {logging_mixin.py:109} INFO - [2021-11-19 11:16:16,911] {dagbag.py:500} INFO - Filling up the DagBag from /home/user/workspace/airflow/airflow_env/lib/python3.6/site-packages/airflow/example_dags/plugins/workday.py
[2021-11-19 11:16:16,936] {processor.py:634} WARNING - No viable dags retrieved from /home/user/workspace/airflow/airflow_env/lib/python3.6/site-packages/airflow/example_dags/plugins/workday.py
[2021-11-19 11:16:16,943] {processor.py:171} INFO - Processing /home/user/workspace/airflow/airflow_env/lib/python3.6/site-packages/airflow/example_dags/plugins/workday.py took 0.039 seconds
[2021-11-19 11:16:49,686] {processor.py:163} INFO - Started process (PID=21742) to work on /home/user/workspace/airflow/airflow_env/lib/python3.6/site-packages/airflow/example_dags/plugins/workday.py
[2021-11-19 11:16:49,688] {processor.py:620} INFO - Processing file /home/user/workspace/airflow/airflow_env/lib/python3.6/site-packages/airflow/example_dags/plugins/workday.py for tasks to queue
[2021-11-19 11:16:49,689] {logging_mixin.py:109} INFO - [2021-11-19 11:16:49,688] {dagbag.py:500} INFO - Filling up the DagBag from /home/user/workspace/airflow/airflow_env/lib/python3.6/site-packages/airflow/example_dags/plugins/workday.py
[2021-11-19 11:16:49,707] {processor.py:634} WARNING - No viable dags retrieved from /home/user/workspace/airflow/airflow_env/lib/python3.6/site-packages/airflow/example_dags/plugins/workday.py
[2021-11-19 11:16:49,711] {processor.py:171} INFO - Processing /home/user/workspace/airflow/airflow_env/lib/python3.6/site-packages/airflow/example_dags/plugins/workday.py took 0.028 seconds
[2021-11-19 11:17:22,381] {processor.py:163} INFO - Started process (PID=22338) to work on /home/user/workspace/airflow/airflow_env/lib/python3.6/site-packages/airflow/example_dags/plugins/workday.py
[2021-11-19 11:17:22,382] {processor.py:620} INFO - Processing file /home/user/workspace/airflow/airflow_env/lib/python3.6/site-packages/airflow/example_dags/plugins/workday.py for tasks to queue
[2021-11-19 11:17:22,382] {logging_mixin.py:109} INFO - [2021-11-19 11:17:22,382] {dagbag.py:500} INFO - Filling up the DagBag from /home/user/workspace/airflow/airflow_env/lib/python3.6/site-packages/airflow/example_dags/plugins/workday.py
[2021-11-19 11:17:22,400] {processor.py:634} WARNING - No viable dags retrieved from /home/user/workspace/airflow/airflow_env/lib/python3.6/site-packages/airflow/example_dags/plugins/workday.py
[2021-11-19 11:17:22,404] {processor.py:171} INFO - Processing /home/user/workspace/airflow/airflow_env/lib/python3.6/site-packages/airflow/example_dags/plugins/workday.py took 0.026 seconds
[2021-11-19 11:17:54,282] {processor.py:163} INFO - Started process (PID=23028) to work on /home/user/workspace/airflow/airflow_env/lib/python3.6/site-packages/airflow/example_dags/plugins/workday.py
[2021-11-19 11:17:54,284] {processor.py:620} INFO - Processing file /home/user/workspace/airflow/airflow_env/lib/python3.6/site-packages/airflow/example_dags/plugins/workday.py for tasks to queue
[2021-11-19 11:17:54,284] {logging_mixin.py:109} INFO - [2021-11-19 11:17:54,284] {dagbag.py:500} INFO - Filling up the DagBag from /home/user/workspace/airflow/airflow_env/lib/python3.6/site-packages/airflow/example_dags/plugins/workday.py
[2021-11-19 11:17:54,307] {processor.py:634} WARNING - No viable dags retrieved from /home/user/workspace/airflow/airflow_env/lib/python3.6/site-packages/airflow/example_dags/plugins/workday.py
[2021-11-19 11:17:54,312] {processor.py:171} INFO - Processing /home/user/workspace/airflow/airflow_env/lib/python3.6/site-packages/airflow/example_dags/plugins/workday.py took 0.033 seconds
[2021-11-19 11:18:26,755] {processor.py:163} INFO - Started process (PID=23681) to work on /home/user/workspace/airflow/airflow_env/lib/python3.6/site-packages/airflow/example_dags/plugins/workday.py
[2021-11-19 11:18:26,756] {processor.py:620} INFO - Processing file /home/user/workspace/airflow/airflow_env/lib/python3.6/site-packages/airflow/example_dags/plugins/workday.py for tasks to queue
[2021-11-19 11:18:26,757] {logging_mixin.py:109} INFO - [2021-11-19 11:18:26,757] {dagbag.py:500} INFO - Filling up the DagBag from /home/user/workspace/airflow/airflow_env/lib/python3.6/site-packages/airflow/example_dags/plugins/workday.py
[2021-11-19 11:18:26,782] {processor.py:634} WARNING - No viable dags retrieved from /home/user/workspace/airflow/airflow_env/lib/python3.6/site-packages/airflow/example_dags/plugins/workday.py
[2021-11-19 11:18:26,786] {processor.py:171} INFO - Processing /home/user/workspace/airflow/airflow_env/lib/python3.6/site-packages/airflow/example_dags/plugins/workday.py took 0.036 seconds
[2021-11-19 11:19:19,909] {processor.py:163} INFO - Started process (PID=24305) to work on /home/user/workspace/airflow/airflow_env/lib/python3.6/site-packages/airflow/example_dags/plugins/workday.py
[2021-11-19 11:19:19,913] {processor.py:620} INFO - Processing file /home/user/workspace/airflow/airflow_env/lib/python3.6/site-packages/airflow/example_dags/plugins/workday.py for tasks to queue
[2021-11-19 11:19:19,915] {logging_mixin.py:109} INFO - [2021-11-19 11:19:19,914] {dagbag.py:500} INFO - Filling up the DagBag from /home/user/workspace/airflow/airflow_env/lib/python3.6/site-packages/airflow/example_dags/plugins/workday.py
[2021-11-19 11:19:19,999] {processor.py:634} WARNING - No viable dags retrieved from /home/user/workspace/airflow/airflow_env/lib/python3.6/site-packages/airflow/example_dags/plugins/workday.py
[2021-11-19 11:19:20,016] {processor.py:171} INFO - Processing /home/user/workspace/airflow/airflow_env/lib/python3.6/site-packages/airflow/example_dags/plugins/workday.py took 0.127 seconds
[2021-11-19 11:19:55,279] {processor.py:163} INFO - Started process (PID=24909) to work on /home/user/workspace/airflow/airflow_env/lib/python3.6/site-packages/airflow/example_dags/plugins/workday.py
[2021-11-19 11:19:55,284] {processor.py:620} INFO - Processing file /home/user/workspace/airflow/airflow_env/lib/python3.6/site-packages/airflow/example_dags/plugins/workday.py for tasks to queue
[2021-11-19 11:19:55,287] {logging_mixin.py:109} INFO - [2021-11-19 11:19:55,286] {dagbag.py:500} INFO - Filling up the DagBag from /home/user/workspace/airflow/airflow_env/lib/python3.6/site-packages/airflow/example_dags/plugins/workday.py
[2021-11-19 11:19:55,319] {processor.py:634} WARNING - No viable dags retrieved from /home/user/workspace/airflow/airflow_env/lib/python3.6/site-packages/airflow/example_dags/plugins/workday.py
[2021-11-19 11:19:55,326] {processor.py:171} INFO - Processing /home/user/workspace/airflow/airflow_env/lib/python3.6/site-packages/airflow/example_dags/plugins/workday.py took 0.055 seconds
[2021-11-19 11:20:28,634] {processor.py:163} INFO - Started process (PID=25684) to work on /home/user/workspace/airflow/airflow_env/lib/python3.6/site-packages/airflow/example_dags/plugins/workday.py
[2021-11-19 11:20:28,636] {processor.py:620} INFO - Processing file /home/user/workspace/airflow/airflow_env/lib/python3.6/site-packages/airflow/example_dags/plugins/workday.py for tasks to queue
[2021-11-19 11:20:28,637] {logging_mixin.py:109} INFO - [2021-11-19 11:20:28,636] {dagbag.py:500} INFO - Filling up the DagBag from /home/user/workspace/airflow/airflow_env/lib/python3.6/site-packages/airflow/example_dags/plugins/workday.py
[2021-11-19 11:20:28,659] {processor.py:634} WARNING - No viable dags retrieved from /home/user/workspace/airflow/airflow_env/lib/python3.6/site-packages/airflow/example_dags/plugins/workday.py
[2021-11-19 11:20:28,666] {processor.py:171} INFO - Processing /home/user/workspace/airflow/airflow_env/lib/python3.6/site-packages/airflow/example_dags/plugins/workday.py took 0.037 seconds
[2021-11-19 11:21:01,134] {processor.py:163} INFO - Started process (PID=26412) to work on /home/user/workspace/airflow/airflow_env/lib/python3.6/site-packages/airflow/example_dags/plugins/workday.py
[2021-11-19 11:21:01,135] {processor.py:620} INFO - Processing file /home/user/workspace/airflow/airflow_env/lib/python3.6/site-packages/airflow/example_dags/plugins/workday.py for tasks to queue
[2021-11-19 11:21:01,136] {logging_mixin.py:109} INFO - [2021-11-19 11:21:01,136] {dagbag.py:500} INFO - Filling up the DagBag from /home/user/workspace/airflow/airflow_env/lib/python3.6/site-packages/airflow/example_dags/plugins/workday.py
[2021-11-19 11:21:01,153] {processor.py:634} WARNING - No viable dags retrieved from /home/user/workspace/airflow/airflow_env/lib/python3.6/site-packages/airflow/example_dags/plugins/workday.py
[2021-11-19 11:21:01,157] {processor.py:171} INFO - Processing /home/user/workspace/airflow/airflow_env/lib/python3.6/site-packages/airflow/example_dags/plugins/workday.py took 0.026 seconds
[2021-11-19 11:21:32,883] {processor.py:163} INFO - Started process (PID=27041) to work on /home/user/workspace/airflow/airflow_env/lib/python3.6/site-packages/airflow/example_dags/plugins/workday.py
[2021-11-19 11:21:32,884] {processor.py:620} INFO - Processing file /home/user/workspace/airflow/airflow_env/lib/python3.6/site-packages/airflow/example_dags/plugins/workday.py for tasks to queue
[2021-11-19 11:21:32,885] {logging_mixin.py:109} INFO - [2021-11-19 11:21:32,885] {dagbag.py:500} INFO - Filling up the DagBag from /home/user/workspace/airflow/airflow_env/lib/python3.6/site-packages/airflow/example_dags/plugins/workday.py
[2021-11-19 11:21:32,906] {processor.py:634} WARNING - No viable dags retrieved from /home/user/workspace/airflow/airflow_env/lib/python3.6/site-packages/airflow/example_dags/plugins/workday.py
[2021-11-19 11:21:32,912] {processor.py:171} INFO - Processing /home/user/workspace/airflow/airflow_env/lib/python3.6/site-packages/airflow/example_dags/plugins/workday.py took 0.031 seconds
[2021-11-19 11:22:04,418] {processor.py:163} INFO - Started process (PID=27673) to work on /home/user/workspace/airflow/airflow_env/lib/python3.6/site-packages/airflow/example_dags/plugins/workday.py
[2021-11-19 11:22:04,419] {processor.py:620} INFO - Processing file /home/user/workspace/airflow/airflow_env/lib/python3.6/site-packages/airflow/example_dags/plugins/workday.py for tasks to queue
[2021-11-19 11:22:04,420] {logging_mixin.py:109} INFO - [2021-11-19 11:22:04,419] {dagbag.py:500} INFO - Filling up the DagBag from /home/user/workspace/airflow/airflow_env/lib/python3.6/site-packages/airflow/example_dags/plugins/workday.py
[2021-11-19 11:22:04,437] {processor.py:634} WARNING - No viable dags retrieved from /home/user/workspace/airflow/airflow_env/lib/python3.6/site-packages/airflow/example_dags/plugins/workday.py
[2021-11-19 11:22:04,441] {processor.py:171} INFO - Processing /home/user/workspace/airflow/airflow_env/lib/python3.6/site-packages/airflow/example_dags/plugins/workday.py took 0.027 seconds
[2021-11-19 11:22:35,821] {processor.py:163} INFO - Started process (PID=28369) to work on /home/user/workspace/airflow/airflow_env/lib/python3.6/site-packages/airflow/example_dags/plugins/workday.py
[2021-11-19 11:22:35,823] {processor.py:620} INFO - Processing file /home/user/workspace/airflow/airflow_env/lib/python3.6/site-packages/airflow/example_dags/plugins/workday.py for tasks to queue
[2021-11-19 11:22:35,824] {logging_mixin.py:109} INFO - [2021-11-19 11:22:35,824] {dagbag.py:500} INFO - Filling up the DagBag from /home/user/workspace/airflow/airflow_env/lib/python3.6/site-packages/airflow/example_dags/plugins/workday.py
[2021-11-19 11:22:35,841] {processor.py:634} WARNING - No viable dags retrieved from /home/user/workspace/airflow/airflow_env/lib/python3.6/site-packages/airflow/example_dags/plugins/workday.py
[2021-11-19 11:22:35,845] {processor.py:171} INFO - Processing /home/user/workspace/airflow/airflow_env/lib/python3.6/site-packages/airflow/example_dags/plugins/workday.py took 0.027 seconds
[2021-11-19 11:23:07,033] {processor.py:163} INFO - Started process (PID=29072) to work on /home/user/workspace/airflow/airflow_env/lib/python3.6/site-packages/airflow/example_dags/plugins/workday.py
[2021-11-19 11:23:07,034] {processor.py:620} INFO - Processing file /home/user/workspace/airflow/airflow_env/lib/python3.6/site-packages/airflow/example_dags/plugins/workday.py for tasks to queue
[2021-11-19 11:23:07,036] {logging_mixin.py:109} INFO - [2021-11-19 11:23:07,036] {dagbag.py:500} INFO - Filling up the DagBag from /home/user/workspace/airflow/airflow_env/lib/python3.6/site-packages/airflow/example_dags/plugins/workday.py
[2021-11-19 11:23:07,055] {processor.py:634} WARNING - No viable dags retrieved from /home/user/workspace/airflow/airflow_env/lib/python3.6/site-packages/airflow/example_dags/plugins/workday.py
[2021-11-19 11:23:07,059] {processor.py:171} INFO - Processing /home/user/workspace/airflow/airflow_env/lib/python3.6/site-packages/airflow/example_dags/plugins/workday.py took 0.030 seconds
[2021-11-19 11:23:38,615] {processor.py:163} INFO - Started process (PID=29762) to work on /home/user/workspace/airflow/airflow_env/lib/python3.6/site-packages/airflow/example_dags/plugins/workday.py
[2021-11-19 11:23:38,616] {processor.py:620} INFO - Processing file /home/user/workspace/airflow/airflow_env/lib/python3.6/site-packages/airflow/example_dags/plugins/workday.py for tasks to queue
[2021-11-19 11:23:38,616] {logging_mixin.py:109} INFO - [2021-11-19 11:23:38,616] {dagbag.py:500} INFO - Filling up the DagBag from /home/user/workspace/airflow/airflow_env/lib/python3.6/site-packages/airflow/example_dags/plugins/workday.py
[2021-11-19 11:23:38,633] {processor.py:634} WARNING - No viable dags retrieved from /home/user/workspace/airflow/airflow_env/lib/python3.6/site-packages/airflow/example_dags/plugins/workday.py
[2021-11-19 11:23:38,636] {processor.py:171} INFO - Processing /home/user/workspace/airflow/airflow_env/lib/python3.6/site-packages/airflow/example_dags/plugins/workday.py took 0.024 seconds
[2021-11-19 11:24:09,819] {processor.py:163} INFO - Started process (PID=30465) to work on /home/user/workspace/airflow/airflow_env/lib/python3.6/site-packages/airflow/example_dags/plugins/workday.py
[2021-11-19 11:24:09,821] {processor.py:620} INFO - Processing file /home/user/workspace/airflow/airflow_env/lib/python3.6/site-packages/airflow/example_dags/plugins/workday.py for tasks to queue
[2021-11-19 11:24:09,822] {logging_mixin.py:109} INFO - [2021-11-19 11:24:09,821] {dagbag.py:500} INFO - Filling up the DagBag from /home/user/workspace/airflow/airflow_env/lib/python3.6/site-packages/airflow/example_dags/plugins/workday.py
[2021-11-19 11:24:09,841] {processor.py:634} WARNING - No viable dags retrieved from /home/user/workspace/airflow/airflow_env/lib/python3.6/site-packages/airflow/example_dags/plugins/workday.py
[2021-11-19 11:24:09,845] {processor.py:171} INFO - Processing /home/user/workspace/airflow/airflow_env/lib/python3.6/site-packages/airflow/example_dags/plugins/workday.py took 0.029 seconds
[2021-11-19 11:24:43,559] {processor.py:163} INFO - Started process (PID=31127) to work on /home/user/workspace/airflow/airflow_env/lib/python3.6/site-packages/airflow/example_dags/plugins/workday.py
[2021-11-19 11:24:43,560] {processor.py:620} INFO - Processing file /home/user/workspace/airflow/airflow_env/lib/python3.6/site-packages/airflow/example_dags/plugins/workday.py for tasks to queue
[2021-11-19 11:24:43,561] {logging_mixin.py:109} INFO - [2021-11-19 11:24:43,561] {dagbag.py:500} INFO - Filling up the DagBag from /home/user/workspace/airflow/airflow_env/lib/python3.6/site-packages/airflow/example_dags/plugins/workday.py
[2021-11-19 11:24:43,585] {processor.py:634} WARNING - No viable dags retrieved from /home/user/workspace/airflow/airflow_env/lib/python3.6/site-packages/airflow/example_dags/plugins/workday.py
[2021-11-19 11:24:43,588] {processor.py:171} INFO - Processing /home/user/workspace/airflow/airflow_env/lib/python3.6/site-packages/airflow/example_dags/plugins/workday.py took 0.034 seconds
[2021-11-19 11:25:18,030] {processor.py:163} INFO - Started process (PID=31663) to work on /home/user/workspace/airflow/airflow_env/lib/python3.6/site-packages/airflow/example_dags/plugins/workday.py
[2021-11-19 11:25:18,032] {processor.py:620} INFO - Processing file /home/user/workspace/airflow/airflow_env/lib/python3.6/site-packages/airflow/example_dags/plugins/workday.py for tasks to queue
[2021-11-19 11:25:18,032] {logging_mixin.py:109} INFO - [2021-11-19 11:25:18,032] {dagbag.py:500} INFO - Filling up the DagBag from /home/user/workspace/airflow/airflow_env/lib/python3.6/site-packages/airflow/example_dags/plugins/workday.py
[2021-11-19 11:25:18,071] {processor.py:634} WARNING - No viable dags retrieved from /home/user/workspace/airflow/airflow_env/lib/python3.6/site-packages/airflow/example_dags/plugins/workday.py
[2021-11-19 11:25:18,086] {processor.py:171} INFO - Processing /home/user/workspace/airflow/airflow_env/lib/python3.6/site-packages/airflow/example_dags/plugins/workday.py took 0.079 seconds
[2021-11-19 11:25:50,409] {processor.py:163} INFO - Started process (PID=32264) to work on /home/user/workspace/airflow/airflow_env/lib/python3.6/site-packages/airflow/example_dags/plugins/workday.py
[2021-11-19 11:25:50,410] {processor.py:620} INFO - Processing file /home/user/workspace/airflow/airflow_env/lib/python3.6/site-packages/airflow/example_dags/plugins/workday.py for tasks to queue
[2021-11-19 11:25:50,411] {logging_mixin.py:109} INFO - [2021-11-19 11:25:50,411] {dagbag.py:500} INFO - Filling up the DagBag from /home/user/workspace/airflow/airflow_env/lib/python3.6/site-packages/airflow/example_dags/plugins/workday.py
[2021-11-19 11:25:50,433] {processor.py:634} WARNING - No viable dags retrieved from /home/user/workspace/airflow/airflow_env/lib/python3.6/site-packages/airflow/example_dags/plugins/workday.py
[2021-11-19 11:25:50,436] {processor.py:171} INFO - Processing /home/user/workspace/airflow/airflow_env/lib/python3.6/site-packages/airflow/example_dags/plugins/workday.py took 0.031 seconds
[2021-11-19 11:26:23,621] {processor.py:163} INFO - Started process (PID=338) to work on /home/user/workspace/airflow/airflow_env/lib/python3.6/site-packages/airflow/example_dags/plugins/workday.py
[2021-11-19 11:26:23,622] {processor.py:620} INFO - Processing file /home/user/workspace/airflow/airflow_env/lib/python3.6/site-packages/airflow/example_dags/plugins/workday.py for tasks to queue
[2021-11-19 11:26:23,623] {logging_mixin.py:109} INFO - [2021-11-19 11:26:23,623] {dagbag.py:500} INFO - Filling up the DagBag from /home/user/workspace/airflow/airflow_env/lib/python3.6/site-packages/airflow/example_dags/plugins/workday.py
[2021-11-19 11:26:23,641] {processor.py:634} WARNING - No viable dags retrieved from /home/user/workspace/airflow/airflow_env/lib/python3.6/site-packages/airflow/example_dags/plugins/workday.py
[2021-11-19 11:26:23,644] {processor.py:171} INFO - Processing /home/user/workspace/airflow/airflow_env/lib/python3.6/site-packages/airflow/example_dags/plugins/workday.py took 0.026 seconds
[2021-11-19 11:26:55,736] {processor.py:163} INFO - Started process (PID=868) to work on /home/user/workspace/airflow/airflow_env/lib/python3.6/site-packages/airflow/example_dags/plugins/workday.py
[2021-11-19 11:26:55,737] {processor.py:620} INFO - Processing file /home/user/workspace/airflow/airflow_env/lib/python3.6/site-packages/airflow/example_dags/plugins/workday.py for tasks to queue
[2021-11-19 11:26:55,738] {logging_mixin.py:109} INFO - [2021-11-19 11:26:55,738] {dagbag.py:500} INFO - Filling up the DagBag from /home/user/workspace/airflow/airflow_env/lib/python3.6/site-packages/airflow/example_dags/plugins/workday.py
[2021-11-19 11:26:55,757] {processor.py:634} WARNING - No viable dags retrieved from /home/user/workspace/airflow/airflow_env/lib/python3.6/site-packages/airflow/example_dags/plugins/workday.py
[2021-11-19 11:26:55,762] {processor.py:171} INFO - Processing /home/user/workspace/airflow/airflow_env/lib/python3.6/site-packages/airflow/example_dags/plugins/workday.py took 0.029 seconds
[2021-11-19 11:27:27,218] {processor.py:163} INFO - Started process (PID=1944) to work on /home/user/workspace/airflow/airflow_env/lib/python3.6/site-packages/airflow/example_dags/plugins/workday.py
[2021-11-19 11:27:27,220] {processor.py:620} INFO - Processing file /home/user/workspace/airflow/airflow_env/lib/python3.6/site-packages/airflow/example_dags/plugins/workday.py for tasks to queue
[2021-11-19 11:27:27,221] {logging_mixin.py:109} INFO - [2021-11-19 11:27:27,220] {dagbag.py:500} INFO - Filling up the DagBag from /home/user/workspace/airflow/airflow_env/lib/python3.6/site-packages/airflow/example_dags/plugins/workday.py
[2021-11-19 11:27:27,240] {processor.py:634} WARNING - No viable dags retrieved from /home/user/workspace/airflow/airflow_env/lib/python3.6/site-packages/airflow/example_dags/plugins/workday.py
[2021-11-19 11:27:27,243] {processor.py:171} INFO - Processing /home/user/workspace/airflow/airflow_env/lib/python3.6/site-packages/airflow/example_dags/plugins/workday.py took 0.030 seconds
[2021-11-19 11:28:01,619] {processor.py:163} INFO - Started process (PID=2728) to work on /home/user/workspace/airflow/airflow_env/lib/python3.6/site-packages/airflow/example_dags/plugins/workday.py
[2021-11-19 11:28:01,622] {processor.py:620} INFO - Processing file /home/user/workspace/airflow/airflow_env/lib/python3.6/site-packages/airflow/example_dags/plugins/workday.py for tasks to queue
[2021-11-19 11:28:01,623] {logging_mixin.py:109} INFO - [2021-11-19 11:28:01,623] {dagbag.py:500} INFO - Filling up the DagBag from /home/user/workspace/airflow/airflow_env/lib/python3.6/site-packages/airflow/example_dags/plugins/workday.py
[2021-11-19 11:28:01,642] {processor.py:634} WARNING - No viable dags retrieved from /home/user/workspace/airflow/airflow_env/lib/python3.6/site-packages/airflow/example_dags/plugins/workday.py
[2021-11-19 11:28:01,647] {processor.py:171} INFO - Processing /home/user/workspace/airflow/airflow_env/lib/python3.6/site-packages/airflow/example_dags/plugins/workday.py took 0.033 seconds
[2021-11-19 11:28:34,577] {processor.py:163} INFO - Started process (PID=3672) to work on /home/user/workspace/airflow/airflow_env/lib/python3.6/site-packages/airflow/example_dags/plugins/workday.py
[2021-11-19 11:28:34,577] {processor.py:620} INFO - Processing file /home/user/workspace/airflow/airflow_env/lib/python3.6/site-packages/airflow/example_dags/plugins/workday.py for tasks to queue
[2021-11-19 11:28:34,578] {logging_mixin.py:109} INFO - [2021-11-19 11:28:34,578] {dagbag.py:500} INFO - Filling up the DagBag from /home/user/workspace/airflow/airflow_env/lib/python3.6/site-packages/airflow/example_dags/plugins/workday.py
[2021-11-19 11:28:34,594] {processor.py:634} WARNING - No viable dags retrieved from /home/user/workspace/airflow/airflow_env/lib/python3.6/site-packages/airflow/example_dags/plugins/workday.py
[2021-11-19 11:28:34,599] {processor.py:171} INFO - Processing /home/user/workspace/airflow/airflow_env/lib/python3.6/site-packages/airflow/example_dags/plugins/workday.py took 0.025 seconds
[2021-11-19 11:29:06,794] {processor.py:163} INFO - Started process (PID=4430) to work on /home/user/workspace/airflow/airflow_env/lib/python3.6/site-packages/airflow/example_dags/plugins/workday.py
[2021-11-19 11:29:06,795] {processor.py:620} INFO - Processing file /home/user/workspace/airflow/airflow_env/lib/python3.6/site-packages/airflow/example_dags/plugins/workday.py for tasks to queue
[2021-11-19 11:29:06,795] {logging_mixin.py:109} INFO - [2021-11-19 11:29:06,795] {dagbag.py:500} INFO - Filling up the DagBag from /home/user/workspace/airflow/airflow_env/lib/python3.6/site-packages/airflow/example_dags/plugins/workday.py
[2021-11-19 11:29:06,815] {processor.py:634} WARNING - No viable dags retrieved from /home/user/workspace/airflow/airflow_env/lib/python3.6/site-packages/airflow/example_dags/plugins/workday.py
[2021-11-19 11:29:06,818] {processor.py:171} INFO - Processing /home/user/workspace/airflow/airflow_env/lib/python3.6/site-packages/airflow/example_dags/plugins/workday.py took 0.027 seconds
[2021-11-19 11:29:54,226] {processor.py:163} INFO - Started process (PID=4995) to work on /home/user/workspace/airflow/airflow_env/lib/python3.6/site-packages/airflow/example_dags/plugins/workday.py
[2021-11-19 11:29:54,231] {processor.py:620} INFO - Processing file /home/user/workspace/airflow/airflow_env/lib/python3.6/site-packages/airflow/example_dags/plugins/workday.py for tasks to queue
[2021-11-19 11:29:54,234] {logging_mixin.py:109} INFO - [2021-11-19 11:29:54,233] {dagbag.py:500} INFO - Filling up the DagBag from /home/user/workspace/airflow/airflow_env/lib/python3.6/site-packages/airflow/example_dags/plugins/workday.py
[2021-11-19 11:29:54,313] {processor.py:634} WARNING - No viable dags retrieved from /home/user/workspace/airflow/airflow_env/lib/python3.6/site-packages/airflow/example_dags/plugins/workday.py
[2021-11-19 11:29:54,327] {processor.py:171} INFO - Processing /home/user/workspace/airflow/airflow_env/lib/python3.6/site-packages/airflow/example_dags/plugins/workday.py took 0.110 seconds
[2021-11-19 11:30:29,370] {processor.py:163} INFO - Started process (PID=5566) to work on /home/user/workspace/airflow/airflow_env/lib/python3.6/site-packages/airflow/example_dags/plugins/workday.py
[2021-11-19 11:30:29,374] {processor.py:620} INFO - Processing file /home/user/workspace/airflow/airflow_env/lib/python3.6/site-packages/airflow/example_dags/plugins/workday.py for tasks to queue
[2021-11-19 11:30:29,376] {logging_mixin.py:109} INFO - [2021-11-19 11:30:29,375] {dagbag.py:500} INFO - Filling up the DagBag from /home/user/workspace/airflow/airflow_env/lib/python3.6/site-packages/airflow/example_dags/plugins/workday.py
[2021-11-19 11:30:29,438] {processor.py:634} WARNING - No viable dags retrieved from /home/user/workspace/airflow/airflow_env/lib/python3.6/site-packages/airflow/example_dags/plugins/workday.py
[2021-11-19 11:30:29,453] {processor.py:171} INFO - Processing /home/user/workspace/airflow/airflow_env/lib/python3.6/site-packages/airflow/example_dags/plugins/workday.py took 0.092 seconds
[2021-11-19 11:31:03,776] {processor.py:163} INFO - Started process (PID=6182) to work on /home/user/workspace/airflow/airflow_env/lib/python3.6/site-packages/airflow/example_dags/plugins/workday.py
[2021-11-19 11:31:03,777] {processor.py:620} INFO - Processing file /home/user/workspace/airflow/airflow_env/lib/python3.6/site-packages/airflow/example_dags/plugins/workday.py for tasks to queue
[2021-11-19 11:31:03,778] {logging_mixin.py:109} INFO - [2021-11-19 11:31:03,777] {dagbag.py:500} INFO - Filling up the DagBag from /home/user/workspace/airflow/airflow_env/lib/python3.6/site-packages/airflow/example_dags/plugins/workday.py
[2021-11-19 11:31:03,795] {processor.py:634} WARNING - No viable dags retrieved from /home/user/workspace/airflow/airflow_env/lib/python3.6/site-packages/airflow/example_dags/plugins/workday.py
[2021-11-19 11:31:03,798] {processor.py:171} INFO - Processing /home/user/workspace/airflow/airflow_env/lib/python3.6/site-packages/airflow/example_dags/plugins/workday.py took 0.025 seconds
[2021-11-19 11:31:39,149] {processor.py:163} INFO - Started process (PID=6964) to work on /home/user/workspace/airflow/airflow_env/lib/python3.6/site-packages/airflow/example_dags/plugins/workday.py
[2021-11-19 11:31:39,150] {processor.py:620} INFO - Processing file /home/user/workspace/airflow/airflow_env/lib/python3.6/site-packages/airflow/example_dags/plugins/workday.py for tasks to queue
[2021-11-19 11:31:39,151] {logging_mixin.py:109} INFO - [2021-11-19 11:31:39,151] {dagbag.py:500} INFO - Filling up the DagBag from /home/user/workspace/airflow/airflow_env/lib/python3.6/site-packages/airflow/example_dags/plugins/workday.py
[2021-11-19 11:31:39,174] {processor.py:634} WARNING - No viable dags retrieved from /home/user/workspace/airflow/airflow_env/lib/python3.6/site-packages/airflow/example_dags/plugins/workday.py
[2021-11-19 11:31:39,178] {processor.py:171} INFO - Processing /home/user/workspace/airflow/airflow_env/lib/python3.6/site-packages/airflow/example_dags/plugins/workday.py took 0.032 seconds
[2021-11-19 11:32:11,794] {processor.py:163} INFO - Started process (PID=7735) to work on /home/user/workspace/airflow/airflow_env/lib/python3.6/site-packages/airflow/example_dags/plugins/workday.py
[2021-11-19 11:32:11,795] {processor.py:620} INFO - Processing file /home/user/workspace/airflow/airflow_env/lib/python3.6/site-packages/airflow/example_dags/plugins/workday.py for tasks to queue
[2021-11-19 11:32:11,795] {logging_mixin.py:109} INFO - [2021-11-19 11:32:11,795] {dagbag.py:500} INFO - Filling up the DagBag from /home/user/workspace/airflow/airflow_env/lib/python3.6/site-packages/airflow/example_dags/plugins/workday.py
[2021-11-19 11:32:11,822] {processor.py:634} WARNING - No viable dags retrieved from /home/user/workspace/airflow/airflow_env/lib/python3.6/site-packages/airflow/example_dags/plugins/workday.py
[2021-11-19 11:32:11,826] {processor.py:171} INFO - Processing /home/user/workspace/airflow/airflow_env/lib/python3.6/site-packages/airflow/example_dags/plugins/workday.py took 0.036 seconds
[2021-11-19 11:32:47,966] {processor.py:163} INFO - Started process (PID=8421) to work on /home/user/workspace/airflow/airflow_env/lib/python3.6/site-packages/airflow/example_dags/plugins/workday.py
[2021-11-19 11:32:47,967] {processor.py:620} INFO - Processing file /home/user/workspace/airflow/airflow_env/lib/python3.6/site-packages/airflow/example_dags/plugins/workday.py for tasks to queue
[2021-11-19 11:32:47,968] {logging_mixin.py:109} INFO - [2021-11-19 11:32:47,968] {dagbag.py:500} INFO - Filling up the DagBag from /home/user/workspace/airflow/airflow_env/lib/python3.6/site-packages/airflow/example_dags/plugins/workday.py
[2021-11-19 11:32:47,993] {processor.py:634} WARNING - No viable dags retrieved from /home/user/workspace/airflow/airflow_env/lib/python3.6/site-packages/airflow/example_dags/plugins/workday.py
[2021-11-19 11:32:47,996] {processor.py:171} INFO - Processing /home/user/workspace/airflow/airflow_env/lib/python3.6/site-packages/airflow/example_dags/plugins/workday.py took 0.035 seconds
[2021-11-19 11:33:21,802] {processor.py:163} INFO - Started process (PID=9102) to work on /home/user/workspace/airflow/airflow_env/lib/python3.6/site-packages/airflow/example_dags/plugins/workday.py
[2021-11-19 11:33:21,803] {processor.py:620} INFO - Processing file /home/user/workspace/airflow/airflow_env/lib/python3.6/site-packages/airflow/example_dags/plugins/workday.py for tasks to queue
[2021-11-19 11:33:21,805] {logging_mixin.py:109} INFO - [2021-11-19 11:33:21,804] {dagbag.py:500} INFO - Filling up the DagBag from /home/user/workspace/airflow/airflow_env/lib/python3.6/site-packages/airflow/example_dags/plugins/workday.py
[2021-11-19 11:33:21,836] {processor.py:634} WARNING - No viable dags retrieved from /home/user/workspace/airflow/airflow_env/lib/python3.6/site-packages/airflow/example_dags/plugins/workday.py
[2021-11-19 11:33:21,839] {processor.py:171} INFO - Processing /home/user/workspace/airflow/airflow_env/lib/python3.6/site-packages/airflow/example_dags/plugins/workday.py took 0.044 seconds
[2021-11-19 11:33:54,582] {processor.py:163} INFO - Started process (PID=9775) to work on /home/user/workspace/airflow/airflow_env/lib/python3.6/site-packages/airflow/example_dags/plugins/workday.py
[2021-11-19 11:33:54,583] {processor.py:620} INFO - Processing file /home/user/workspace/airflow/airflow_env/lib/python3.6/site-packages/airflow/example_dags/plugins/workday.py for tasks to queue
[2021-11-19 11:33:54,583] {logging_mixin.py:109} INFO - [2021-11-19 11:33:54,583] {dagbag.py:500} INFO - Filling up the DagBag from /home/user/workspace/airflow/airflow_env/lib/python3.6/site-packages/airflow/example_dags/plugins/workday.py
[2021-11-19 11:33:54,601] {processor.py:634} WARNING - No viable dags retrieved from /home/user/workspace/airflow/airflow_env/lib/python3.6/site-packages/airflow/example_dags/plugins/workday.py
[2021-11-19 11:33:54,606] {processor.py:171} INFO - Processing /home/user/workspace/airflow/airflow_env/lib/python3.6/site-packages/airflow/example_dags/plugins/workday.py took 0.028 seconds
[2021-11-19 11:34:26,611] {processor.py:163} INFO - Started process (PID=10430) to work on /home/user/workspace/airflow/airflow_env/lib/python3.6/site-packages/airflow/example_dags/plugins/workday.py
[2021-11-19 11:34:26,612] {processor.py:620} INFO - Processing file /home/user/workspace/airflow/airflow_env/lib/python3.6/site-packages/airflow/example_dags/plugins/workday.py for tasks to queue
[2021-11-19 11:34:26,613] {logging_mixin.py:109} INFO - [2021-11-19 11:34:26,613] {dagbag.py:500} INFO - Filling up the DagBag from /home/user/workspace/airflow/airflow_env/lib/python3.6/site-packages/airflow/example_dags/plugins/workday.py
[2021-11-19 11:34:26,632] {processor.py:634} WARNING - No viable dags retrieved from /home/user/workspace/airflow/airflow_env/lib/python3.6/site-packages/airflow/example_dags/plugins/workday.py
[2021-11-19 11:34:26,637] {processor.py:171} INFO - Processing /home/user/workspace/airflow/airflow_env/lib/python3.6/site-packages/airflow/example_dags/plugins/workday.py took 0.031 seconds
