[2021-10-18 17:18:11,742] {processor.py:163} INFO - Started process (PID=23317) to work on /home/user/workspace/airflow/airflow_env/lib/python3.6/site-packages/airflow/example_dags/subdags/subdag.py
[2021-10-18 17:18:11,745] {processor.py:620} INFO - Processing file /home/user/workspace/airflow/airflow_env/lib/python3.6/site-packages/airflow/example_dags/subdags/subdag.py for tasks to queue
[2021-10-18 17:18:11,746] {logging_mixin.py:109} INFO - [2021-10-18 17:18:11,746] {dagbag.py:500} INFO - Filling up the DagBag from /home/user/workspace/airflow/airflow_env/lib/python3.6/site-packages/airflow/example_dags/subdags/subdag.py
[2021-10-18 17:18:11,767] {processor.py:634} WARNING - No viable dags retrieved from /home/user/workspace/airflow/airflow_env/lib/python3.6/site-packages/airflow/example_dags/subdags/subdag.py
[2021-10-18 17:18:11,771] {processor.py:171} INFO - Processing /home/user/workspace/airflow/airflow_env/lib/python3.6/site-packages/airflow/example_dags/subdags/subdag.py took 0.034 seconds
[2021-10-18 17:18:58,394] {processor.py:163} INFO - Started process (PID=23506) to work on /home/user/workspace/airflow/airflow_env/lib/python3.6/site-packages/airflow/example_dags/subdags/subdag.py
[2021-10-18 17:18:58,396] {processor.py:620} INFO - Processing file /home/user/workspace/airflow/airflow_env/lib/python3.6/site-packages/airflow/example_dags/subdags/subdag.py for tasks to queue
[2021-10-18 17:18:58,398] {logging_mixin.py:109} INFO - [2021-10-18 17:18:58,398] {dagbag.py:500} INFO - Filling up the DagBag from /home/user/workspace/airflow/airflow_env/lib/python3.6/site-packages/airflow/example_dags/subdags/subdag.py
[2021-10-18 17:18:58,423] {processor.py:634} WARNING - No viable dags retrieved from /home/user/workspace/airflow/airflow_env/lib/python3.6/site-packages/airflow/example_dags/subdags/subdag.py
[2021-10-18 17:18:58,426] {processor.py:171} INFO - Processing /home/user/workspace/airflow/airflow_env/lib/python3.6/site-packages/airflow/example_dags/subdags/subdag.py took 0.039 seconds
[2021-10-18 17:19:51,018] {processor.py:163} INFO - Started process (PID=23635) to work on /home/user/workspace/airflow/airflow_env/lib/python3.6/site-packages/airflow/example_dags/subdags/subdag.py
[2021-10-18 17:19:51,021] {processor.py:620} INFO - Processing file /home/user/workspace/airflow/airflow_env/lib/python3.6/site-packages/airflow/example_dags/subdags/subdag.py for tasks to queue
[2021-10-18 17:19:51,022] {logging_mixin.py:109} INFO - [2021-10-18 17:19:51,022] {dagbag.py:500} INFO - Filling up the DagBag from /home/user/workspace/airflow/airflow_env/lib/python3.6/site-packages/airflow/example_dags/subdags/subdag.py
[2021-10-18 17:19:51,049] {processor.py:634} WARNING - No viable dags retrieved from /home/user/workspace/airflow/airflow_env/lib/python3.6/site-packages/airflow/example_dags/subdags/subdag.py
[2021-10-18 17:19:51,055] {processor.py:171} INFO - Processing /home/user/workspace/airflow/airflow_env/lib/python3.6/site-packages/airflow/example_dags/subdags/subdag.py took 0.043 seconds
[2021-10-18 17:20:39,980] {processor.py:163} INFO - Started process (PID=23727) to work on /home/user/workspace/airflow/airflow_env/lib/python3.6/site-packages/airflow/example_dags/subdags/subdag.py
[2021-10-18 17:20:39,983] {processor.py:620} INFO - Processing file /home/user/workspace/airflow/airflow_env/lib/python3.6/site-packages/airflow/example_dags/subdags/subdag.py for tasks to queue
[2021-10-18 17:20:39,984] {logging_mixin.py:109} INFO - [2021-10-18 17:20:39,984] {dagbag.py:500} INFO - Filling up the DagBag from /home/user/workspace/airflow/airflow_env/lib/python3.6/site-packages/airflow/example_dags/subdags/subdag.py
[2021-10-18 17:20:40,014] {processor.py:634} WARNING - No viable dags retrieved from /home/user/workspace/airflow/airflow_env/lib/python3.6/site-packages/airflow/example_dags/subdags/subdag.py
[2021-10-18 17:20:40,020] {processor.py:171} INFO - Processing /home/user/workspace/airflow/airflow_env/lib/python3.6/site-packages/airflow/example_dags/subdags/subdag.py took 0.046 seconds
[2021-10-18 17:21:37,308] {processor.py:163} INFO - Started process (PID=23885) to work on /home/user/workspace/airflow/airflow_env/lib/python3.6/site-packages/airflow/example_dags/subdags/subdag.py
[2021-10-18 17:21:37,319] {processor.py:620} INFO - Processing file /home/user/workspace/airflow/airflow_env/lib/python3.6/site-packages/airflow/example_dags/subdags/subdag.py for tasks to queue
[2021-10-18 17:21:37,320] {logging_mixin.py:109} INFO - [2021-10-18 17:21:37,320] {dagbag.py:500} INFO - Filling up the DagBag from /home/user/workspace/airflow/airflow_env/lib/python3.6/site-packages/airflow/example_dags/subdags/subdag.py
[2021-10-18 17:21:37,334] {processor.py:634} WARNING - No viable dags retrieved from /home/user/workspace/airflow/airflow_env/lib/python3.6/site-packages/airflow/example_dags/subdags/subdag.py
[2021-10-18 17:21:37,336] {processor.py:171} INFO - Processing /home/user/workspace/airflow/airflow_env/lib/python3.6/site-packages/airflow/example_dags/subdags/subdag.py took 0.031 seconds
[2021-10-18 17:22:36,999] {processor.py:163} INFO - Started process (PID=24103) to work on /home/user/workspace/airflow/airflow_env/lib/python3.6/site-packages/airflow/example_dags/subdags/subdag.py
[2021-10-18 17:22:37,001] {processor.py:620} INFO - Processing file /home/user/workspace/airflow/airflow_env/lib/python3.6/site-packages/airflow/example_dags/subdags/subdag.py for tasks to queue
[2021-10-18 17:22:37,002] {logging_mixin.py:109} INFO - [2021-10-18 17:22:37,002] {dagbag.py:500} INFO - Filling up the DagBag from /home/user/workspace/airflow/airflow_env/lib/python3.6/site-packages/airflow/example_dags/subdags/subdag.py
[2021-10-18 17:22:37,023] {processor.py:634} WARNING - No viable dags retrieved from /home/user/workspace/airflow/airflow_env/lib/python3.6/site-packages/airflow/example_dags/subdags/subdag.py
[2021-10-18 17:22:37,027] {processor.py:171} INFO - Processing /home/user/workspace/airflow/airflow_env/lib/python3.6/site-packages/airflow/example_dags/subdags/subdag.py took 0.034 seconds
[2021-10-18 17:23:32,746] {processor.py:163} INFO - Started process (PID=24209) to work on /home/user/workspace/airflow/airflow_env/lib/python3.6/site-packages/airflow/example_dags/subdags/subdag.py
[2021-10-18 17:23:32,747] {processor.py:620} INFO - Processing file /home/user/workspace/airflow/airflow_env/lib/python3.6/site-packages/airflow/example_dags/subdags/subdag.py for tasks to queue
[2021-10-18 17:23:32,748] {logging_mixin.py:109} INFO - [2021-10-18 17:23:32,748] {dagbag.py:500} INFO - Filling up the DagBag from /home/user/workspace/airflow/airflow_env/lib/python3.6/site-packages/airflow/example_dags/subdags/subdag.py
[2021-10-18 17:23:32,760] {processor.py:634} WARNING - No viable dags retrieved from /home/user/workspace/airflow/airflow_env/lib/python3.6/site-packages/airflow/example_dags/subdags/subdag.py
[2021-10-18 17:23:32,764] {processor.py:171} INFO - Processing /home/user/workspace/airflow/airflow_env/lib/python3.6/site-packages/airflow/example_dags/subdags/subdag.py took 0.021 seconds
[2021-10-18 17:24:27,373] {processor.py:163} INFO - Started process (PID=24304) to work on /home/user/workspace/airflow/airflow_env/lib/python3.6/site-packages/airflow/example_dags/subdags/subdag.py
[2021-10-18 17:24:27,375] {processor.py:620} INFO - Processing file /home/user/workspace/airflow/airflow_env/lib/python3.6/site-packages/airflow/example_dags/subdags/subdag.py for tasks to queue
[2021-10-18 17:24:27,377] {logging_mixin.py:109} INFO - [2021-10-18 17:24:27,376] {dagbag.py:500} INFO - Filling up the DagBag from /home/user/workspace/airflow/airflow_env/lib/python3.6/site-packages/airflow/example_dags/subdags/subdag.py
[2021-10-18 17:24:27,403] {processor.py:634} WARNING - No viable dags retrieved from /home/user/workspace/airflow/airflow_env/lib/python3.6/site-packages/airflow/example_dags/subdags/subdag.py
[2021-10-18 17:24:27,409] {processor.py:171} INFO - Processing /home/user/workspace/airflow/airflow_env/lib/python3.6/site-packages/airflow/example_dags/subdags/subdag.py took 0.043 seconds
[2021-10-18 17:25:29,154] {processor.py:163} INFO - Started process (PID=24440) to work on /home/user/workspace/airflow/airflow_env/lib/python3.6/site-packages/airflow/example_dags/subdags/subdag.py
[2021-10-18 17:25:29,155] {processor.py:620} INFO - Processing file /home/user/workspace/airflow/airflow_env/lib/python3.6/site-packages/airflow/example_dags/subdags/subdag.py for tasks to queue
[2021-10-18 17:25:29,155] {logging_mixin.py:109} INFO - [2021-10-18 17:25:29,155] {dagbag.py:500} INFO - Filling up the DagBag from /home/user/workspace/airflow/airflow_env/lib/python3.6/site-packages/airflow/example_dags/subdags/subdag.py
[2021-10-18 17:25:29,163] {processor.py:634} WARNING - No viable dags retrieved from /home/user/workspace/airflow/airflow_env/lib/python3.6/site-packages/airflow/example_dags/subdags/subdag.py
[2021-10-18 17:25:29,165] {processor.py:171} INFO - Processing /home/user/workspace/airflow/airflow_env/lib/python3.6/site-packages/airflow/example_dags/subdags/subdag.py took 0.014 seconds
[2021-10-18 17:26:26,339] {processor.py:163} INFO - Started process (PID=24631) to work on /home/user/workspace/airflow/airflow_env/lib/python3.6/site-packages/airflow/example_dags/subdags/subdag.py
[2021-10-18 17:26:26,341] {processor.py:620} INFO - Processing file /home/user/workspace/airflow/airflow_env/lib/python3.6/site-packages/airflow/example_dags/subdags/subdag.py for tasks to queue
[2021-10-18 17:26:26,342] {logging_mixin.py:109} INFO - [2021-10-18 17:26:26,342] {dagbag.py:500} INFO - Filling up the DagBag from /home/user/workspace/airflow/airflow_env/lib/python3.6/site-packages/airflow/example_dags/subdags/subdag.py
[2021-10-18 17:26:26,363] {processor.py:634} WARNING - No viable dags retrieved from /home/user/workspace/airflow/airflow_env/lib/python3.6/site-packages/airflow/example_dags/subdags/subdag.py
[2021-10-18 17:26:26,369] {processor.py:171} INFO - Processing /home/user/workspace/airflow/airflow_env/lib/python3.6/site-packages/airflow/example_dags/subdags/subdag.py took 0.034 seconds
[2021-10-18 17:27:23,183] {processor.py:163} INFO - Started process (PID=24796) to work on /home/user/workspace/airflow/airflow_env/lib/python3.6/site-packages/airflow/example_dags/subdags/subdag.py
[2021-10-18 17:27:23,195] {processor.py:620} INFO - Processing file /home/user/workspace/airflow/airflow_env/lib/python3.6/site-packages/airflow/example_dags/subdags/subdag.py for tasks to queue
[2021-10-18 17:27:23,196] {logging_mixin.py:109} INFO - [2021-10-18 17:27:23,196] {dagbag.py:500} INFO - Filling up the DagBag from /home/user/workspace/airflow/airflow_env/lib/python3.6/site-packages/airflow/example_dags/subdags/subdag.py
[2021-10-18 17:27:23,216] {processor.py:634} WARNING - No viable dags retrieved from /home/user/workspace/airflow/airflow_env/lib/python3.6/site-packages/airflow/example_dags/subdags/subdag.py
[2021-10-18 17:27:23,221] {processor.py:171} INFO - Processing /home/user/workspace/airflow/airflow_env/lib/python3.6/site-packages/airflow/example_dags/subdags/subdag.py took 0.043 seconds
[2021-10-18 17:28:24,512] {processor.py:163} INFO - Started process (PID=24968) to work on /home/user/workspace/airflow/airflow_env/lib/python3.6/site-packages/airflow/example_dags/subdags/subdag.py
[2021-10-18 17:28:24,514] {processor.py:620} INFO - Processing file /home/user/workspace/airflow/airflow_env/lib/python3.6/site-packages/airflow/example_dags/subdags/subdag.py for tasks to queue
[2021-10-18 17:28:24,515] {logging_mixin.py:109} INFO - [2021-10-18 17:28:24,515] {dagbag.py:500} INFO - Filling up the DagBag from /home/user/workspace/airflow/airflow_env/lib/python3.6/site-packages/airflow/example_dags/subdags/subdag.py
[2021-10-18 17:28:24,548] {processor.py:634} WARNING - No viable dags retrieved from /home/user/workspace/airflow/airflow_env/lib/python3.6/site-packages/airflow/example_dags/subdags/subdag.py
[2021-10-18 17:28:24,553] {processor.py:171} INFO - Processing /home/user/workspace/airflow/airflow_env/lib/python3.6/site-packages/airflow/example_dags/subdags/subdag.py took 0.047 seconds
[2021-10-18 17:29:27,250] {processor.py:163} INFO - Started process (PID=25202) to work on /home/user/workspace/airflow/airflow_env/lib/python3.6/site-packages/airflow/example_dags/subdags/subdag.py
[2021-10-18 17:29:27,262] {processor.py:620} INFO - Processing file /home/user/workspace/airflow/airflow_env/lib/python3.6/site-packages/airflow/example_dags/subdags/subdag.py for tasks to queue
[2021-10-18 17:29:27,264] {logging_mixin.py:109} INFO - [2021-10-18 17:29:27,263] {dagbag.py:500} INFO - Filling up the DagBag from /home/user/workspace/airflow/airflow_env/lib/python3.6/site-packages/airflow/example_dags/subdags/subdag.py
[2021-10-18 17:29:27,289] {processor.py:634} WARNING - No viable dags retrieved from /home/user/workspace/airflow/airflow_env/lib/python3.6/site-packages/airflow/example_dags/subdags/subdag.py
[2021-10-18 17:29:27,295] {processor.py:171} INFO - Processing /home/user/workspace/airflow/airflow_env/lib/python3.6/site-packages/airflow/example_dags/subdags/subdag.py took 0.051 seconds
[2021-10-18 17:30:27,098] {processor.py:163} INFO - Started process (PID=25325) to work on /home/user/workspace/airflow/airflow_env/lib/python3.6/site-packages/airflow/example_dags/subdags/subdag.py
[2021-10-18 17:30:27,101] {processor.py:620} INFO - Processing file /home/user/workspace/airflow/airflow_env/lib/python3.6/site-packages/airflow/example_dags/subdags/subdag.py for tasks to queue
[2021-10-18 17:30:27,102] {logging_mixin.py:109} INFO - [2021-10-18 17:30:27,102] {dagbag.py:500} INFO - Filling up the DagBag from /home/user/workspace/airflow/airflow_env/lib/python3.6/site-packages/airflow/example_dags/subdags/subdag.py
[2021-10-18 17:30:27,127] {processor.py:634} WARNING - No viable dags retrieved from /home/user/workspace/airflow/airflow_env/lib/python3.6/site-packages/airflow/example_dags/subdags/subdag.py
[2021-10-18 17:30:27,133] {processor.py:171} INFO - Processing /home/user/workspace/airflow/airflow_env/lib/python3.6/site-packages/airflow/example_dags/subdags/subdag.py took 0.041 seconds
[2021-10-18 17:31:28,747] {processor.py:163} INFO - Started process (PID=25550) to work on /home/user/workspace/airflow/airflow_env/lib/python3.6/site-packages/airflow/example_dags/subdags/subdag.py
[2021-10-18 17:31:28,750] {processor.py:620} INFO - Processing file /home/user/workspace/airflow/airflow_env/lib/python3.6/site-packages/airflow/example_dags/subdags/subdag.py for tasks to queue
[2021-10-18 17:31:28,752] {logging_mixin.py:109} INFO - [2021-10-18 17:31:28,752] {dagbag.py:500} INFO - Filling up the DagBag from /home/user/workspace/airflow/airflow_env/lib/python3.6/site-packages/airflow/example_dags/subdags/subdag.py
[2021-10-18 17:31:28,780] {processor.py:634} WARNING - No viable dags retrieved from /home/user/workspace/airflow/airflow_env/lib/python3.6/site-packages/airflow/example_dags/subdags/subdag.py
[2021-10-18 17:31:28,785] {processor.py:171} INFO - Processing /home/user/workspace/airflow/airflow_env/lib/python3.6/site-packages/airflow/example_dags/subdags/subdag.py took 0.043 seconds
[2021-10-18 17:32:31,952] {processor.py:163} INFO - Started process (PID=25777) to work on /home/user/workspace/airflow/airflow_env/lib/python3.6/site-packages/airflow/example_dags/subdags/subdag.py
[2021-10-18 17:32:31,955] {processor.py:620} INFO - Processing file /home/user/workspace/airflow/airflow_env/lib/python3.6/site-packages/airflow/example_dags/subdags/subdag.py for tasks to queue
[2021-10-18 17:32:31,956] {logging_mixin.py:109} INFO - [2021-10-18 17:32:31,956] {dagbag.py:500} INFO - Filling up the DagBag from /home/user/workspace/airflow/airflow_env/lib/python3.6/site-packages/airflow/example_dags/subdags/subdag.py
[2021-10-18 17:32:31,983] {processor.py:634} WARNING - No viable dags retrieved from /home/user/workspace/airflow/airflow_env/lib/python3.6/site-packages/airflow/example_dags/subdags/subdag.py
[2021-10-18 17:32:31,988] {processor.py:171} INFO - Processing /home/user/workspace/airflow/airflow_env/lib/python3.6/site-packages/airflow/example_dags/subdags/subdag.py took 0.042 seconds
[2021-10-18 17:33:32,217] {processor.py:163} INFO - Started process (PID=25892) to work on /home/user/workspace/airflow/airflow_env/lib/python3.6/site-packages/airflow/example_dags/subdags/subdag.py
[2021-10-18 17:33:32,219] {processor.py:620} INFO - Processing file /home/user/workspace/airflow/airflow_env/lib/python3.6/site-packages/airflow/example_dags/subdags/subdag.py for tasks to queue
[2021-10-18 17:33:32,221] {logging_mixin.py:109} INFO - [2021-10-18 17:33:32,220] {dagbag.py:500} INFO - Filling up the DagBag from /home/user/workspace/airflow/airflow_env/lib/python3.6/site-packages/airflow/example_dags/subdags/subdag.py
[2021-10-18 17:33:32,249] {processor.py:634} WARNING - No viable dags retrieved from /home/user/workspace/airflow/airflow_env/lib/python3.6/site-packages/airflow/example_dags/subdags/subdag.py
[2021-10-18 17:33:32,254] {processor.py:171} INFO - Processing /home/user/workspace/airflow/airflow_env/lib/python3.6/site-packages/airflow/example_dags/subdags/subdag.py took 0.044 seconds
[2021-10-18 17:34:29,465] {processor.py:163} INFO - Started process (PID=25991) to work on /home/user/workspace/airflow/airflow_env/lib/python3.6/site-packages/airflow/example_dags/subdags/subdag.py
[2021-10-18 17:34:29,467] {processor.py:620} INFO - Processing file /home/user/workspace/airflow/airflow_env/lib/python3.6/site-packages/airflow/example_dags/subdags/subdag.py for tasks to queue
[2021-10-18 17:34:29,469] {logging_mixin.py:109} INFO - [2021-10-18 17:34:29,468] {dagbag.py:500} INFO - Filling up the DagBag from /home/user/workspace/airflow/airflow_env/lib/python3.6/site-packages/airflow/example_dags/subdags/subdag.py
[2021-10-18 17:34:29,500] {processor.py:634} WARNING - No viable dags retrieved from /home/user/workspace/airflow/airflow_env/lib/python3.6/site-packages/airflow/example_dags/subdags/subdag.py
[2021-10-18 17:34:29,506] {processor.py:171} INFO - Processing /home/user/workspace/airflow/airflow_env/lib/python3.6/site-packages/airflow/example_dags/subdags/subdag.py took 0.051 seconds
[2021-10-18 17:35:29,040] {processor.py:163} INFO - Started process (PID=26124) to work on /home/user/workspace/airflow/airflow_env/lib/python3.6/site-packages/airflow/example_dags/subdags/subdag.py
[2021-10-18 17:35:29,042] {processor.py:620} INFO - Processing file /home/user/workspace/airflow/airflow_env/lib/python3.6/site-packages/airflow/example_dags/subdags/subdag.py for tasks to queue
[2021-10-18 17:35:29,044] {logging_mixin.py:109} INFO - [2021-10-18 17:35:29,044] {dagbag.py:500} INFO - Filling up the DagBag from /home/user/workspace/airflow/airflow_env/lib/python3.6/site-packages/airflow/example_dags/subdags/subdag.py
[2021-10-18 17:35:29,071] {processor.py:634} WARNING - No viable dags retrieved from /home/user/workspace/airflow/airflow_env/lib/python3.6/site-packages/airflow/example_dags/subdags/subdag.py
[2021-10-18 17:35:29,077] {processor.py:171} INFO - Processing /home/user/workspace/airflow/airflow_env/lib/python3.6/site-packages/airflow/example_dags/subdags/subdag.py took 0.044 seconds
[2021-10-18 17:36:27,666] {processor.py:163} INFO - Started process (PID=26318) to work on /home/user/workspace/airflow/airflow_env/lib/python3.6/site-packages/airflow/example_dags/subdags/subdag.py
[2021-10-18 17:36:27,668] {processor.py:620} INFO - Processing file /home/user/workspace/airflow/airflow_env/lib/python3.6/site-packages/airflow/example_dags/subdags/subdag.py for tasks to queue
[2021-10-18 17:36:27,670] {logging_mixin.py:109} INFO - [2021-10-18 17:36:27,669] {dagbag.py:500} INFO - Filling up the DagBag from /home/user/workspace/airflow/airflow_env/lib/python3.6/site-packages/airflow/example_dags/subdags/subdag.py
[2021-10-18 17:36:27,693] {processor.py:634} WARNING - No viable dags retrieved from /home/user/workspace/airflow/airflow_env/lib/python3.6/site-packages/airflow/example_dags/subdags/subdag.py
[2021-10-18 17:36:27,698] {processor.py:171} INFO - Processing /home/user/workspace/airflow/airflow_env/lib/python3.6/site-packages/airflow/example_dags/subdags/subdag.py took 0.037 seconds
[2021-10-18 17:37:27,953] {processor.py:163} INFO - Started process (PID=26477) to work on /home/user/workspace/airflow/airflow_env/lib/python3.6/site-packages/airflow/example_dags/subdags/subdag.py
[2021-10-18 17:37:27,967] {processor.py:620} INFO - Processing file /home/user/workspace/airflow/airflow_env/lib/python3.6/site-packages/airflow/example_dags/subdags/subdag.py for tasks to queue
[2021-10-18 17:37:27,970] {logging_mixin.py:109} INFO - [2021-10-18 17:37:27,969] {dagbag.py:500} INFO - Filling up the DagBag from /home/user/workspace/airflow/airflow_env/lib/python3.6/site-packages/airflow/example_dags/subdags/subdag.py
[2021-10-18 17:37:28,001] {processor.py:634} WARNING - No viable dags retrieved from /home/user/workspace/airflow/airflow_env/lib/python3.6/site-packages/airflow/example_dags/subdags/subdag.py
[2021-10-18 17:37:28,007] {processor.py:171} INFO - Processing /home/user/workspace/airflow/airflow_env/lib/python3.6/site-packages/airflow/example_dags/subdags/subdag.py took 0.062 seconds
[2021-10-18 17:38:29,789] {processor.py:163} INFO - Started process (PID=26583) to work on /home/user/workspace/airflow/airflow_env/lib/python3.6/site-packages/airflow/example_dags/subdags/subdag.py
[2021-10-18 17:38:29,792] {processor.py:620} INFO - Processing file /home/user/workspace/airflow/airflow_env/lib/python3.6/site-packages/airflow/example_dags/subdags/subdag.py for tasks to queue
[2021-10-18 17:38:29,793] {logging_mixin.py:109} INFO - [2021-10-18 17:38:29,793] {dagbag.py:500} INFO - Filling up the DagBag from /home/user/workspace/airflow/airflow_env/lib/python3.6/site-packages/airflow/example_dags/subdags/subdag.py
[2021-10-18 17:38:29,822] {processor.py:634} WARNING - No viable dags retrieved from /home/user/workspace/airflow/airflow_env/lib/python3.6/site-packages/airflow/example_dags/subdags/subdag.py
[2021-10-18 17:38:29,828] {processor.py:171} INFO - Processing /home/user/workspace/airflow/airflow_env/lib/python3.6/site-packages/airflow/example_dags/subdags/subdag.py took 0.045 seconds
[2021-10-18 17:39:14,562] {processor.py:163} INFO - Started process (PID=26676) to work on /home/user/workspace/airflow/airflow_env/lib/python3.6/site-packages/airflow/example_dags/subdags/subdag.py
[2021-10-18 17:39:14,574] {processor.py:620} INFO - Processing file /home/user/workspace/airflow/airflow_env/lib/python3.6/site-packages/airflow/example_dags/subdags/subdag.py for tasks to queue
[2021-10-18 17:39:14,575] {logging_mixin.py:109} INFO - [2021-10-18 17:39:14,575] {dagbag.py:500} INFO - Filling up the DagBag from /home/user/workspace/airflow/airflow_env/lib/python3.6/site-packages/airflow/example_dags/subdags/subdag.py
[2021-10-18 17:39:14,606] {processor.py:634} WARNING - No viable dags retrieved from /home/user/workspace/airflow/airflow_env/lib/python3.6/site-packages/airflow/example_dags/subdags/subdag.py
[2021-10-18 17:39:14,612] {processor.py:171} INFO - Processing /home/user/workspace/airflow/airflow_env/lib/python3.6/site-packages/airflow/example_dags/subdags/subdag.py took 0.056 seconds
[2021-10-18 17:39:59,884] {processor.py:163} INFO - Started process (PID=26769) to work on /home/user/workspace/airflow/airflow_env/lib/python3.6/site-packages/airflow/example_dags/subdags/subdag.py
[2021-10-18 17:39:59,886] {processor.py:620} INFO - Processing file /home/user/workspace/airflow/airflow_env/lib/python3.6/site-packages/airflow/example_dags/subdags/subdag.py for tasks to queue
[2021-10-18 17:39:59,887] {logging_mixin.py:109} INFO - [2021-10-18 17:39:59,887] {dagbag.py:500} INFO - Filling up the DagBag from /home/user/workspace/airflow/airflow_env/lib/python3.6/site-packages/airflow/example_dags/subdags/subdag.py
[2021-10-18 17:39:59,910] {processor.py:634} WARNING - No viable dags retrieved from /home/user/workspace/airflow/airflow_env/lib/python3.6/site-packages/airflow/example_dags/subdags/subdag.py
[2021-10-18 17:39:59,915] {processor.py:171} INFO - Processing /home/user/workspace/airflow/airflow_env/lib/python3.6/site-packages/airflow/example_dags/subdags/subdag.py took 0.037 seconds
[2021-10-18 17:41:01,058] {processor.py:163} INFO - Started process (PID=27005) to work on /home/user/workspace/airflow/airflow_env/lib/python3.6/site-packages/airflow/example_dags/subdags/subdag.py
[2021-10-18 17:41:01,060] {processor.py:620} INFO - Processing file /home/user/workspace/airflow/airflow_env/lib/python3.6/site-packages/airflow/example_dags/subdags/subdag.py for tasks to queue
[2021-10-18 17:41:01,062] {logging_mixin.py:109} INFO - [2021-10-18 17:41:01,061] {dagbag.py:500} INFO - Filling up the DagBag from /home/user/workspace/airflow/airflow_env/lib/python3.6/site-packages/airflow/example_dags/subdags/subdag.py
[2021-10-18 17:41:01,093] {processor.py:634} WARNING - No viable dags retrieved from /home/user/workspace/airflow/airflow_env/lib/python3.6/site-packages/airflow/example_dags/subdags/subdag.py
[2021-10-18 17:41:01,102] {processor.py:171} INFO - Processing /home/user/workspace/airflow/airflow_env/lib/python3.6/site-packages/airflow/example_dags/subdags/subdag.py took 0.051 seconds
[2021-10-18 17:42:00,161] {processor.py:163} INFO - Started process (PID=27095) to work on /home/user/workspace/airflow/airflow_env/lib/python3.6/site-packages/airflow/example_dags/subdags/subdag.py
[2021-10-18 17:42:00,163] {processor.py:620} INFO - Processing file /home/user/workspace/airflow/airflow_env/lib/python3.6/site-packages/airflow/example_dags/subdags/subdag.py for tasks to queue
[2021-10-18 17:42:00,163] {logging_mixin.py:109} INFO - [2021-10-18 17:42:00,163] {dagbag.py:500} INFO - Filling up the DagBag from /home/user/workspace/airflow/airflow_env/lib/python3.6/site-packages/airflow/example_dags/subdags/subdag.py
[2021-10-18 17:42:00,190] {processor.py:634} WARNING - No viable dags retrieved from /home/user/workspace/airflow/airflow_env/lib/python3.6/site-packages/airflow/example_dags/subdags/subdag.py
[2021-10-18 17:42:00,192] {processor.py:171} INFO - Processing /home/user/workspace/airflow/airflow_env/lib/python3.6/site-packages/airflow/example_dags/subdags/subdag.py took 0.033 seconds
[2021-10-18 17:42:59,384] {processor.py:163} INFO - Started process (PID=27277) to work on /home/user/workspace/airflow/airflow_env/lib/python3.6/site-packages/airflow/example_dags/subdags/subdag.py
[2021-10-18 17:42:59,386] {processor.py:620} INFO - Processing file /home/user/workspace/airflow/airflow_env/lib/python3.6/site-packages/airflow/example_dags/subdags/subdag.py for tasks to queue
[2021-10-18 17:42:59,387] {logging_mixin.py:109} INFO - [2021-10-18 17:42:59,387] {dagbag.py:500} INFO - Filling up the DagBag from /home/user/workspace/airflow/airflow_env/lib/python3.6/site-packages/airflow/example_dags/subdags/subdag.py
[2021-10-18 17:42:59,404] {processor.py:634} WARNING - No viable dags retrieved from /home/user/workspace/airflow/airflow_env/lib/python3.6/site-packages/airflow/example_dags/subdags/subdag.py
[2021-10-18 17:42:59,409] {processor.py:171} INFO - Processing /home/user/workspace/airflow/airflow_env/lib/python3.6/site-packages/airflow/example_dags/subdags/subdag.py took 0.029 seconds
[2021-10-18 17:43:56,326] {processor.py:163} INFO - Started process (PID=27460) to work on /home/user/workspace/airflow/airflow_env/lib/python3.6/site-packages/airflow/example_dags/subdags/subdag.py
[2021-10-18 17:43:56,328] {processor.py:620} INFO - Processing file /home/user/workspace/airflow/airflow_env/lib/python3.6/site-packages/airflow/example_dags/subdags/subdag.py for tasks to queue
[2021-10-18 17:43:56,330] {logging_mixin.py:109} INFO - [2021-10-18 17:43:56,330] {dagbag.py:500} INFO - Filling up the DagBag from /home/user/workspace/airflow/airflow_env/lib/python3.6/site-packages/airflow/example_dags/subdags/subdag.py
[2021-10-18 17:43:56,355] {processor.py:634} WARNING - No viable dags retrieved from /home/user/workspace/airflow/airflow_env/lib/python3.6/site-packages/airflow/example_dags/subdags/subdag.py
[2021-10-18 17:43:56,361] {processor.py:171} INFO - Processing /home/user/workspace/airflow/airflow_env/lib/python3.6/site-packages/airflow/example_dags/subdags/subdag.py took 0.041 seconds
[2021-10-18 17:44:50,808] {processor.py:163} INFO - Started process (PID=27630) to work on /home/user/workspace/airflow/airflow_env/lib/python3.6/site-packages/airflow/example_dags/subdags/subdag.py
[2021-10-18 17:44:50,810] {processor.py:620} INFO - Processing file /home/user/workspace/airflow/airflow_env/lib/python3.6/site-packages/airflow/example_dags/subdags/subdag.py for tasks to queue
[2021-10-18 17:44:50,812] {logging_mixin.py:109} INFO - [2021-10-18 17:44:50,811] {dagbag.py:500} INFO - Filling up the DagBag from /home/user/workspace/airflow/airflow_env/lib/python3.6/site-packages/airflow/example_dags/subdags/subdag.py
[2021-10-18 17:44:50,834] {processor.py:634} WARNING - No viable dags retrieved from /home/user/workspace/airflow/airflow_env/lib/python3.6/site-packages/airflow/example_dags/subdags/subdag.py
[2021-10-18 17:44:50,838] {processor.py:171} INFO - Processing /home/user/workspace/airflow/airflow_env/lib/python3.6/site-packages/airflow/example_dags/subdags/subdag.py took 0.037 seconds
[2021-10-18 17:45:48,445] {processor.py:163} INFO - Started process (PID=27857) to work on /home/user/workspace/airflow/airflow_env/lib/python3.6/site-packages/airflow/example_dags/subdags/subdag.py
[2021-10-18 17:45:48,451] {processor.py:620} INFO - Processing file /home/user/workspace/airflow/airflow_env/lib/python3.6/site-packages/airflow/example_dags/subdags/subdag.py for tasks to queue
[2021-10-18 17:45:48,452] {logging_mixin.py:109} INFO - [2021-10-18 17:45:48,452] {dagbag.py:500} INFO - Filling up the DagBag from /home/user/workspace/airflow/airflow_env/lib/python3.6/site-packages/airflow/example_dags/subdags/subdag.py
[2021-10-18 17:45:48,472] {processor.py:634} WARNING - No viable dags retrieved from /home/user/workspace/airflow/airflow_env/lib/python3.6/site-packages/airflow/example_dags/subdags/subdag.py
[2021-10-18 17:45:48,479] {processor.py:171} INFO - Processing /home/user/workspace/airflow/airflow_env/lib/python3.6/site-packages/airflow/example_dags/subdags/subdag.py took 0.039 seconds
[2021-10-18 17:46:40,830] {processor.py:163} INFO - Started process (PID=28075) to work on /home/user/workspace/airflow/airflow_env/lib/python3.6/site-packages/airflow/example_dags/subdags/subdag.py
[2021-10-18 17:46:40,833] {processor.py:620} INFO - Processing file /home/user/workspace/airflow/airflow_env/lib/python3.6/site-packages/airflow/example_dags/subdags/subdag.py for tasks to queue
[2021-10-18 17:46:40,834] {logging_mixin.py:109} INFO - [2021-10-18 17:46:40,834] {dagbag.py:500} INFO - Filling up the DagBag from /home/user/workspace/airflow/airflow_env/lib/python3.6/site-packages/airflow/example_dags/subdags/subdag.py
[2021-10-18 17:46:40,859] {processor.py:634} WARNING - No viable dags retrieved from /home/user/workspace/airflow/airflow_env/lib/python3.6/site-packages/airflow/example_dags/subdags/subdag.py
[2021-10-18 17:46:40,865] {processor.py:171} INFO - Processing /home/user/workspace/airflow/airflow_env/lib/python3.6/site-packages/airflow/example_dags/subdags/subdag.py took 0.041 seconds
[2021-10-18 17:47:38,724] {processor.py:163} INFO - Started process (PID=28200) to work on /home/user/workspace/airflow/airflow_env/lib/python3.6/site-packages/airflow/example_dags/subdags/subdag.py
[2021-10-18 17:47:38,726] {processor.py:620} INFO - Processing file /home/user/workspace/airflow/airflow_env/lib/python3.6/site-packages/airflow/example_dags/subdags/subdag.py for tasks to queue
[2021-10-18 17:47:38,728] {logging_mixin.py:109} INFO - [2021-10-18 17:47:38,727] {dagbag.py:500} INFO - Filling up the DagBag from /home/user/workspace/airflow/airflow_env/lib/python3.6/site-packages/airflow/example_dags/subdags/subdag.py
[2021-10-18 17:47:38,753] {processor.py:634} WARNING - No viable dags retrieved from /home/user/workspace/airflow/airflow_env/lib/python3.6/site-packages/airflow/example_dags/subdags/subdag.py
[2021-10-18 17:47:38,759] {processor.py:171} INFO - Processing /home/user/workspace/airflow/airflow_env/lib/python3.6/site-packages/airflow/example_dags/subdags/subdag.py took 0.041 seconds
[2021-10-18 17:48:38,407] {processor.py:163} INFO - Started process (PID=28304) to work on /home/user/workspace/airflow/airflow_env/lib/python3.6/site-packages/airflow/example_dags/subdags/subdag.py
[2021-10-18 17:48:38,419] {processor.py:620} INFO - Processing file /home/user/workspace/airflow/airflow_env/lib/python3.6/site-packages/airflow/example_dags/subdags/subdag.py for tasks to queue
[2021-10-18 17:48:38,420] {logging_mixin.py:109} INFO - [2021-10-18 17:48:38,420] {dagbag.py:500} INFO - Filling up the DagBag from /home/user/workspace/airflow/airflow_env/lib/python3.6/site-packages/airflow/example_dags/subdags/subdag.py
[2021-10-18 17:48:38,439] {processor.py:634} WARNING - No viable dags retrieved from /home/user/workspace/airflow/airflow_env/lib/python3.6/site-packages/airflow/example_dags/subdags/subdag.py
[2021-10-18 17:48:38,443] {processor.py:171} INFO - Processing /home/user/workspace/airflow/airflow_env/lib/python3.6/site-packages/airflow/example_dags/subdags/subdag.py took 0.041 seconds
[2021-10-18 17:49:46,646] {processor.py:163} INFO - Started process (PID=28475) to work on /home/user/workspace/airflow/airflow_env/lib/python3.6/site-packages/airflow/example_dags/subdags/subdag.py
[2021-10-18 17:49:46,648] {processor.py:620} INFO - Processing file /home/user/workspace/airflow/airflow_env/lib/python3.6/site-packages/airflow/example_dags/subdags/subdag.py for tasks to queue
[2021-10-18 17:49:46,649] {logging_mixin.py:109} INFO - [2021-10-18 17:49:46,649] {dagbag.py:500} INFO - Filling up the DagBag from /home/user/workspace/airflow/airflow_env/lib/python3.6/site-packages/airflow/example_dags/subdags/subdag.py
[2021-10-18 17:49:46,676] {processor.py:634} WARNING - No viable dags retrieved from /home/user/workspace/airflow/airflow_env/lib/python3.6/site-packages/airflow/example_dags/subdags/subdag.py
[2021-10-18 17:49:46,682] {processor.py:171} INFO - Processing /home/user/workspace/airflow/airflow_env/lib/python3.6/site-packages/airflow/example_dags/subdags/subdag.py took 0.043 seconds
[2021-10-18 17:50:33,274] {processor.py:163} INFO - Started process (PID=28691) to work on /home/user/workspace/airflow/airflow_env/lib/python3.6/site-packages/airflow/example_dags/subdags/subdag.py
[2021-10-18 17:50:33,276] {processor.py:620} INFO - Processing file /home/user/workspace/airflow/airflow_env/lib/python3.6/site-packages/airflow/example_dags/subdags/subdag.py for tasks to queue
[2021-10-18 17:50:33,277] {logging_mixin.py:109} INFO - [2021-10-18 17:50:33,277] {dagbag.py:500} INFO - Filling up the DagBag from /home/user/workspace/airflow/airflow_env/lib/python3.6/site-packages/airflow/example_dags/subdags/subdag.py
[2021-10-18 17:50:33,293] {processor.py:634} WARNING - No viable dags retrieved from /home/user/workspace/airflow/airflow_env/lib/python3.6/site-packages/airflow/example_dags/subdags/subdag.py
[2021-10-18 17:50:33,296] {processor.py:171} INFO - Processing /home/user/workspace/airflow/airflow_env/lib/python3.6/site-packages/airflow/example_dags/subdags/subdag.py took 0.030 seconds
[2021-10-18 17:51:20,649] {processor.py:163} INFO - Started process (PID=28933) to work on /home/user/workspace/airflow/airflow_env/lib/python3.6/site-packages/airflow/example_dags/subdags/subdag.py
[2021-10-18 17:51:20,651] {processor.py:620} INFO - Processing file /home/user/workspace/airflow/airflow_env/lib/python3.6/site-packages/airflow/example_dags/subdags/subdag.py for tasks to queue
[2021-10-18 17:51:20,652] {logging_mixin.py:109} INFO - [2021-10-18 17:51:20,652] {dagbag.py:500} INFO - Filling up the DagBag from /home/user/workspace/airflow/airflow_env/lib/python3.6/site-packages/airflow/example_dags/subdags/subdag.py
[2021-10-18 17:51:20,672] {processor.py:634} WARNING - No viable dags retrieved from /home/user/workspace/airflow/airflow_env/lib/python3.6/site-packages/airflow/example_dags/subdags/subdag.py
[2021-10-18 17:51:20,676] {processor.py:171} INFO - Processing /home/user/workspace/airflow/airflow_env/lib/python3.6/site-packages/airflow/example_dags/subdags/subdag.py took 0.035 seconds
[2021-10-18 17:52:09,519] {processor.py:163} INFO - Started process (PID=29039) to work on /home/user/workspace/airflow/airflow_env/lib/python3.6/site-packages/airflow/example_dags/subdags/subdag.py
[2021-10-18 17:52:09,531] {processor.py:620} INFO - Processing file /home/user/workspace/airflow/airflow_env/lib/python3.6/site-packages/airflow/example_dags/subdags/subdag.py for tasks to queue
[2021-10-18 17:52:09,533] {logging_mixin.py:109} INFO - [2021-10-18 17:52:09,532] {dagbag.py:500} INFO - Filling up the DagBag from /home/user/workspace/airflow/airflow_env/lib/python3.6/site-packages/airflow/example_dags/subdags/subdag.py
[2021-10-18 17:52:09,556] {processor.py:634} WARNING - No viable dags retrieved from /home/user/workspace/airflow/airflow_env/lib/python3.6/site-packages/airflow/example_dags/subdags/subdag.py
[2021-10-18 17:52:09,561] {processor.py:171} INFO - Processing /home/user/workspace/airflow/airflow_env/lib/python3.6/site-packages/airflow/example_dags/subdags/subdag.py took 0.048 seconds
[2021-10-18 17:52:55,976] {processor.py:163} INFO - Started process (PID=29176) to work on /home/user/workspace/airflow/airflow_env/lib/python3.6/site-packages/airflow/example_dags/subdags/subdag.py
[2021-10-18 17:52:55,978] {processor.py:620} INFO - Processing file /home/user/workspace/airflow/airflow_env/lib/python3.6/site-packages/airflow/example_dags/subdags/subdag.py for tasks to queue
[2021-10-18 17:52:55,980] {logging_mixin.py:109} INFO - [2021-10-18 17:52:55,979] {dagbag.py:500} INFO - Filling up the DagBag from /home/user/workspace/airflow/airflow_env/lib/python3.6/site-packages/airflow/example_dags/subdags/subdag.py
[2021-10-18 17:52:56,003] {processor.py:634} WARNING - No viable dags retrieved from /home/user/workspace/airflow/airflow_env/lib/python3.6/site-packages/airflow/example_dags/subdags/subdag.py
[2021-10-18 17:52:56,007] {processor.py:171} INFO - Processing /home/user/workspace/airflow/airflow_env/lib/python3.6/site-packages/airflow/example_dags/subdags/subdag.py took 0.037 seconds
[2021-10-18 17:53:41,184] {processor.py:163} INFO - Started process (PID=29243) to work on /home/user/workspace/airflow/airflow_env/lib/python3.6/site-packages/airflow/example_dags/subdags/subdag.py
[2021-10-18 17:53:41,186] {processor.py:620} INFO - Processing file /home/user/workspace/airflow/airflow_env/lib/python3.6/site-packages/airflow/example_dags/subdags/subdag.py for tasks to queue
[2021-10-18 17:53:41,188] {logging_mixin.py:109} INFO - [2021-10-18 17:53:41,188] {dagbag.py:500} INFO - Filling up the DagBag from /home/user/workspace/airflow/airflow_env/lib/python3.6/site-packages/airflow/example_dags/subdags/subdag.py
[2021-10-18 17:53:41,223] {processor.py:634} WARNING - No viable dags retrieved from /home/user/workspace/airflow/airflow_env/lib/python3.6/site-packages/airflow/example_dags/subdags/subdag.py
[2021-10-18 17:53:41,232] {processor.py:171} INFO - Processing /home/user/workspace/airflow/airflow_env/lib/python3.6/site-packages/airflow/example_dags/subdags/subdag.py took 0.055 seconds
[2021-10-18 17:54:29,092] {processor.py:163} INFO - Started process (PID=29312) to work on /home/user/workspace/airflow/airflow_env/lib/python3.6/site-packages/airflow/example_dags/subdags/subdag.py
[2021-10-18 17:54:29,094] {processor.py:620} INFO - Processing file /home/user/workspace/airflow/airflow_env/lib/python3.6/site-packages/airflow/example_dags/subdags/subdag.py for tasks to queue
[2021-10-18 17:54:29,095] {logging_mixin.py:109} INFO - [2021-10-18 17:54:29,095] {dagbag.py:500} INFO - Filling up the DagBag from /home/user/workspace/airflow/airflow_env/lib/python3.6/site-packages/airflow/example_dags/subdags/subdag.py
[2021-10-18 17:54:29,132] {processor.py:634} WARNING - No viable dags retrieved from /home/user/workspace/airflow/airflow_env/lib/python3.6/site-packages/airflow/example_dags/subdags/subdag.py
[2021-10-18 17:54:29,140] {processor.py:171} INFO - Processing /home/user/workspace/airflow/airflow_env/lib/python3.6/site-packages/airflow/example_dags/subdags/subdag.py took 0.055 seconds
[2021-10-18 17:55:16,832] {processor.py:163} INFO - Started process (PID=29397) to work on /home/user/workspace/airflow/airflow_env/lib/python3.6/site-packages/airflow/example_dags/subdags/subdag.py
[2021-10-18 17:55:16,835] {processor.py:620} INFO - Processing file /home/user/workspace/airflow/airflow_env/lib/python3.6/site-packages/airflow/example_dags/subdags/subdag.py for tasks to queue
[2021-10-18 17:55:16,836] {logging_mixin.py:109} INFO - [2021-10-18 17:55:16,836] {dagbag.py:500} INFO - Filling up the DagBag from /home/user/workspace/airflow/airflow_env/lib/python3.6/site-packages/airflow/example_dags/subdags/subdag.py
[2021-10-18 17:55:16,861] {processor.py:634} WARNING - No viable dags retrieved from /home/user/workspace/airflow/airflow_env/lib/python3.6/site-packages/airflow/example_dags/subdags/subdag.py
[2021-10-18 17:55:16,867] {processor.py:171} INFO - Processing /home/user/workspace/airflow/airflow_env/lib/python3.6/site-packages/airflow/example_dags/subdags/subdag.py took 0.041 seconds
[2021-10-18 17:56:00,802] {processor.py:163} INFO - Started process (PID=29540) to work on /home/user/workspace/airflow/airflow_env/lib/python3.6/site-packages/airflow/example_dags/subdags/subdag.py
[2021-10-18 17:56:00,804] {processor.py:620} INFO - Processing file /home/user/workspace/airflow/airflow_env/lib/python3.6/site-packages/airflow/example_dags/subdags/subdag.py for tasks to queue
[2021-10-18 17:56:00,805] {logging_mixin.py:109} INFO - [2021-10-18 17:56:00,805] {dagbag.py:500} INFO - Filling up the DagBag from /home/user/workspace/airflow/airflow_env/lib/python3.6/site-packages/airflow/example_dags/subdags/subdag.py
[2021-10-18 17:56:00,831] {processor.py:634} WARNING - No viable dags retrieved from /home/user/workspace/airflow/airflow_env/lib/python3.6/site-packages/airflow/example_dags/subdags/subdag.py
[2021-10-18 17:56:00,836] {processor.py:171} INFO - Processing /home/user/workspace/airflow/airflow_env/lib/python3.6/site-packages/airflow/example_dags/subdags/subdag.py took 0.038 seconds
[2021-10-18 17:56:45,788] {processor.py:163} INFO - Started process (PID=29614) to work on /home/user/workspace/airflow/airflow_env/lib/python3.6/site-packages/airflow/example_dags/subdags/subdag.py
[2021-10-18 17:56:45,799] {processor.py:620} INFO - Processing file /home/user/workspace/airflow/airflow_env/lib/python3.6/site-packages/airflow/example_dags/subdags/subdag.py for tasks to queue
[2021-10-18 17:56:45,800] {logging_mixin.py:109} INFO - [2021-10-18 17:56:45,800] {dagbag.py:500} INFO - Filling up the DagBag from /home/user/workspace/airflow/airflow_env/lib/python3.6/site-packages/airflow/example_dags/subdags/subdag.py
[2021-10-18 17:56:45,821] {processor.py:634} WARNING - No viable dags retrieved from /home/user/workspace/airflow/airflow_env/lib/python3.6/site-packages/airflow/example_dags/subdags/subdag.py
[2021-10-18 17:56:45,827] {processor.py:171} INFO - Processing /home/user/workspace/airflow/airflow_env/lib/python3.6/site-packages/airflow/example_dags/subdags/subdag.py took 0.043 seconds
[2021-10-18 17:57:29,460] {processor.py:163} INFO - Started process (PID=29709) to work on /home/user/workspace/airflow/airflow_env/lib/python3.6/site-packages/airflow/example_dags/subdags/subdag.py
[2021-10-18 17:57:29,462] {processor.py:620} INFO - Processing file /home/user/workspace/airflow/airflow_env/lib/python3.6/site-packages/airflow/example_dags/subdags/subdag.py for tasks to queue
[2021-10-18 17:57:29,463] {logging_mixin.py:109} INFO - [2021-10-18 17:57:29,463] {dagbag.py:500} INFO - Filling up the DagBag from /home/user/workspace/airflow/airflow_env/lib/python3.6/site-packages/airflow/example_dags/subdags/subdag.py
[2021-10-18 17:57:29,485] {processor.py:634} WARNING - No viable dags retrieved from /home/user/workspace/airflow/airflow_env/lib/python3.6/site-packages/airflow/example_dags/subdags/subdag.py
[2021-10-18 17:57:29,491] {processor.py:171} INFO - Processing /home/user/workspace/airflow/airflow_env/lib/python3.6/site-packages/airflow/example_dags/subdags/subdag.py took 0.038 seconds
[2021-10-18 17:58:17,699] {processor.py:163} INFO - Started process (PID=29780) to work on /home/user/workspace/airflow/airflow_env/lib/python3.6/site-packages/airflow/example_dags/subdags/subdag.py
[2021-10-18 17:58:17,711] {processor.py:620} INFO - Processing file /home/user/workspace/airflow/airflow_env/lib/python3.6/site-packages/airflow/example_dags/subdags/subdag.py for tasks to queue
[2021-10-18 17:58:17,712] {logging_mixin.py:109} INFO - [2021-10-18 17:58:17,712] {dagbag.py:500} INFO - Filling up the DagBag from /home/user/workspace/airflow/airflow_env/lib/python3.6/site-packages/airflow/example_dags/subdags/subdag.py
[2021-10-18 17:58:17,738] {processor.py:634} WARNING - No viable dags retrieved from /home/user/workspace/airflow/airflow_env/lib/python3.6/site-packages/airflow/example_dags/subdags/subdag.py
[2021-10-18 17:58:17,744] {processor.py:171} INFO - Processing /home/user/workspace/airflow/airflow_env/lib/python3.6/site-packages/airflow/example_dags/subdags/subdag.py took 0.051 seconds
[2021-10-18 17:59:03,683] {processor.py:163} INFO - Started process (PID=29862) to work on /home/user/workspace/airflow/airflow_env/lib/python3.6/site-packages/airflow/example_dags/subdags/subdag.py
[2021-10-18 17:59:03,686] {processor.py:620} INFO - Processing file /home/user/workspace/airflow/airflow_env/lib/python3.6/site-packages/airflow/example_dags/subdags/subdag.py for tasks to queue
[2021-10-18 17:59:03,688] {logging_mixin.py:109} INFO - [2021-10-18 17:59:03,687] {dagbag.py:500} INFO - Filling up the DagBag from /home/user/workspace/airflow/airflow_env/lib/python3.6/site-packages/airflow/example_dags/subdags/subdag.py
[2021-10-18 17:59:03,719] {processor.py:634} WARNING - No viable dags retrieved from /home/user/workspace/airflow/airflow_env/lib/python3.6/site-packages/airflow/example_dags/subdags/subdag.py
[2021-10-18 17:59:03,725] {processor.py:171} INFO - Processing /home/user/workspace/airflow/airflow_env/lib/python3.6/site-packages/airflow/example_dags/subdags/subdag.py took 0.048 seconds
[2021-10-18 17:59:47,344] {processor.py:163} INFO - Started process (PID=29934) to work on /home/user/workspace/airflow/airflow_env/lib/python3.6/site-packages/airflow/example_dags/subdags/subdag.py
[2021-10-18 17:59:47,346] {processor.py:620} INFO - Processing file /home/user/workspace/airflow/airflow_env/lib/python3.6/site-packages/airflow/example_dags/subdags/subdag.py for tasks to queue
[2021-10-18 17:59:47,347] {logging_mixin.py:109} INFO - [2021-10-18 17:59:47,347] {dagbag.py:500} INFO - Filling up the DagBag from /home/user/workspace/airflow/airflow_env/lib/python3.6/site-packages/airflow/example_dags/subdags/subdag.py
[2021-10-18 17:59:47,370] {processor.py:634} WARNING - No viable dags retrieved from /home/user/workspace/airflow/airflow_env/lib/python3.6/site-packages/airflow/example_dags/subdags/subdag.py
[2021-10-18 17:59:47,374] {processor.py:171} INFO - Processing /home/user/workspace/airflow/airflow_env/lib/python3.6/site-packages/airflow/example_dags/subdags/subdag.py took 0.036 seconds
[2021-10-18 18:00:32,898] {processor.py:163} INFO - Started process (PID=29997) to work on /home/user/workspace/airflow/airflow_env/lib/python3.6/site-packages/airflow/example_dags/subdags/subdag.py
[2021-10-18 18:00:32,902] {processor.py:620} INFO - Processing file /home/user/workspace/airflow/airflow_env/lib/python3.6/site-packages/airflow/example_dags/subdags/subdag.py for tasks to queue
[2021-10-18 18:00:32,904] {logging_mixin.py:109} INFO - [2021-10-18 18:00:32,904] {dagbag.py:500} INFO - Filling up the DagBag from /home/user/workspace/airflow/airflow_env/lib/python3.6/site-packages/airflow/example_dags/subdags/subdag.py
[2021-10-18 18:00:32,935] {processor.py:634} WARNING - No viable dags retrieved from /home/user/workspace/airflow/airflow_env/lib/python3.6/site-packages/airflow/example_dags/subdags/subdag.py
[2021-10-18 18:00:32,946] {processor.py:171} INFO - Processing /home/user/workspace/airflow/airflow_env/lib/python3.6/site-packages/airflow/example_dags/subdags/subdag.py took 0.057 seconds
