[2021-10-29 12:41:46,584] {taskinstance.py:1035} INFO - Dependencies all met for <TaskInstance: transformation.tranformation_to_sharepoint manual__2021-10-29T07:11:40.177164+00:00 [queued]>
[2021-10-29 12:41:46,619] {taskinstance.py:1035} INFO - Dependencies all met for <TaskInstance: transformation.tranformation_to_sharepoint manual__2021-10-29T07:11:40.177164+00:00 [queued]>
[2021-10-29 12:41:46,619] {taskinstance.py:1241} INFO - 
--------------------------------------------------------------------------------
[2021-10-29 12:41:46,619] {taskinstance.py:1242} INFO - Starting attempt 1 of 2
[2021-10-29 12:41:46,619] {taskinstance.py:1243} INFO - 
--------------------------------------------------------------------------------
[2021-10-29 12:41:46,645] {taskinstance.py:1262} INFO - Executing <Task(PythonOperator): tranformation_to_sharepoint> on 2021-10-29 07:11:40.177164+00:00
[2021-10-29 12:41:46,650] {standard_task_runner.py:52} INFO - Started process 611 to run task
[2021-10-29 12:41:46,660] {standard_task_runner.py:76} INFO - Running: ['airflow', 'tasks', 'run', 'transformation', 'tranformation_to_sharepoint', 'manual__2021-10-29T07:11:40.177164+00:00', '--job-id', '34', '--raw', '--subdir', 'DAGS_FOLDER/transformation.py', '--cfg-path', '/tmp/tmpwo58x0fr', '--error-file', '/tmp/tmp4p4hdo43']
[2021-10-29 12:41:46,664] {standard_task_runner.py:77} INFO - Job 34: Subtask tranformation_to_sharepoint
[2021-10-29 12:41:46,717] {logging_mixin.py:109} INFO - Running <TaskInstance: transformation.tranformation_to_sharepoint manual__2021-10-29T07:11:40.177164+00:00 [running]> on host user-Latitude-3410
[2021-10-29 12:41:46,782] {taskinstance.py:1414} INFO - Exporting the following env vars:
AIRFLOW_CTX_DAG_EMAIL=shindesushant818@gmail.com
AIRFLOW_CTX_DAG_OWNER=airflow
AIRFLOW_CTX_DAG_ID=transformation
AIRFLOW_CTX_TASK_ID=tranformation_to_sharepoint
AIRFLOW_CTX_EXECUTION_DATE=2021-10-29T07:11:40.177164+00:00
AIRFLOW_CTX_DAG_RUN_ID=manual__2021-10-29T07:11:40.177164+00:00
[2021-10-29 12:41:52,904] {python.py:152} INFO - Done. Returned value was: None
[2021-10-29 12:41:52,923] {taskinstance.py:1280} INFO - Marking task as SUCCESS. dag_id=transformation, task_id=tranformation_to_sharepoint, execution_date=20211029T071140, start_date=20211029T071146, end_date=20211029T071152
[2021-10-29 12:41:52,952] {local_task_job.py:154} INFO - Task exited with return code 0
[2021-10-29 12:41:53,010] {local_task_job.py:264} INFO - 1 downstream tasks scheduled from follow-on schedule check
