[2021-10-18 17:18:20,789] {processor.py:163} INFO - Started process (PID=23331) to work on /home/user/workspace/airflow/airflow_env/lib/python3.6/site-packages/airflow/example_dags/example_python_operator.py
[2021-10-18 17:18:20,790] {processor.py:620} INFO - Processing file /home/user/workspace/airflow/airflow_env/lib/python3.6/site-packages/airflow/example_dags/example_python_operator.py for tasks to queue
[2021-10-18 17:18:20,790] {logging_mixin.py:109} INFO - [2021-10-18 17:18:20,790] {dagbag.py:500} INFO - Filling up the DagBag from /home/user/workspace/airflow/airflow_env/lib/python3.6/site-packages/airflow/example_dags/example_python_operator.py
[2021-10-18 17:18:20,809] {processor.py:632} INFO - DAG(s) dict_keys(['example_python_operator']) retrieved from /home/user/workspace/airflow/airflow_env/lib/python3.6/site-packages/airflow/example_dags/example_python_operator.py
[2021-10-18 17:18:20,828] {logging_mixin.py:109} INFO - [2021-10-18 17:18:20,827] {dag.py:2389} INFO - Sync 1 DAGs
[2021-10-18 17:18:20,841] {logging_mixin.py:109} INFO - [2021-10-18 17:18:20,841] {dag.py:2914} INFO - Setting next_dagrun for example_python_operator to None
[2021-10-18 17:18:20,850] {processor.py:171} INFO - Processing /home/user/workspace/airflow/airflow_env/lib/python3.6/site-packages/airflow/example_dags/example_python_operator.py took 0.063 seconds
[2021-10-18 17:19:11,114] {processor.py:163} INFO - Started process (PID=23560) to work on /home/user/workspace/airflow/airflow_env/lib/python3.6/site-packages/airflow/example_dags/example_python_operator.py
[2021-10-18 17:19:11,118] {processor.py:620} INFO - Processing file /home/user/workspace/airflow/airflow_env/lib/python3.6/site-packages/airflow/example_dags/example_python_operator.py for tasks to queue
[2021-10-18 17:19:11,119] {logging_mixin.py:109} INFO - [2021-10-18 17:19:11,119] {dagbag.py:500} INFO - Filling up the DagBag from /home/user/workspace/airflow/airflow_env/lib/python3.6/site-packages/airflow/example_dags/example_python_operator.py
[2021-10-18 17:19:11,186] {processor.py:632} INFO - DAG(s) dict_keys(['example_python_operator']) retrieved from /home/user/workspace/airflow/airflow_env/lib/python3.6/site-packages/airflow/example_dags/example_python_operator.py
[2021-10-18 17:19:11,213] {logging_mixin.py:109} INFO - [2021-10-18 17:19:11,213] {dag.py:2389} INFO - Sync 1 DAGs
[2021-10-18 17:19:11,242] {logging_mixin.py:109} INFO - [2021-10-18 17:19:11,242] {dag.py:2914} INFO - Setting next_dagrun for example_python_operator to None
[2021-10-18 17:19:11,255] {processor.py:171} INFO - Processing /home/user/workspace/airflow/airflow_env/lib/python3.6/site-packages/airflow/example_dags/example_python_operator.py took 0.149 seconds
[2021-10-18 17:20:01,061] {processor.py:163} INFO - Started process (PID=23664) to work on /home/user/workspace/airflow/airflow_env/lib/python3.6/site-packages/airflow/example_dags/example_python_operator.py
[2021-10-18 17:20:01,062] {processor.py:620} INFO - Processing file /home/user/workspace/airflow/airflow_env/lib/python3.6/site-packages/airflow/example_dags/example_python_operator.py for tasks to queue
[2021-10-18 17:20:01,062] {logging_mixin.py:109} INFO - [2021-10-18 17:20:01,062] {dagbag.py:500} INFO - Filling up the DagBag from /home/user/workspace/airflow/airflow_env/lib/python3.6/site-packages/airflow/example_dags/example_python_operator.py
[2021-10-18 17:20:01,100] {processor.py:632} INFO - DAG(s) dict_keys(['example_python_operator']) retrieved from /home/user/workspace/airflow/airflow_env/lib/python3.6/site-packages/airflow/example_dags/example_python_operator.py
[2021-10-18 17:20:01,137] {logging_mixin.py:109} INFO - [2021-10-18 17:20:01,137] {dag.py:2389} INFO - Sync 1 DAGs
[2021-10-18 17:20:01,199] {logging_mixin.py:109} INFO - [2021-10-18 17:20:01,199] {dag.py:2914} INFO - Setting next_dagrun for example_python_operator to None
[2021-10-18 17:20:01,216] {processor.py:171} INFO - Processing /home/user/workspace/airflow/airflow_env/lib/python3.6/site-packages/airflow/example_dags/example_python_operator.py took 0.159 seconds
[2021-10-18 17:20:55,851] {processor.py:163} INFO - Started process (PID=23753) to work on /home/user/workspace/airflow/airflow_env/lib/python3.6/site-packages/airflow/example_dags/example_python_operator.py
[2021-10-18 17:20:55,863] {processor.py:620} INFO - Processing file /home/user/workspace/airflow/airflow_env/lib/python3.6/site-packages/airflow/example_dags/example_python_operator.py for tasks to queue
[2021-10-18 17:20:55,865] {logging_mixin.py:109} INFO - [2021-10-18 17:20:55,865] {dagbag.py:500} INFO - Filling up the DagBag from /home/user/workspace/airflow/airflow_env/lib/python3.6/site-packages/airflow/example_dags/example_python_operator.py
[2021-10-18 17:20:55,920] {processor.py:632} INFO - DAG(s) dict_keys(['example_python_operator']) retrieved from /home/user/workspace/airflow/airflow_env/lib/python3.6/site-packages/airflow/example_dags/example_python_operator.py
[2021-10-18 17:20:55,942] {logging_mixin.py:109} INFO - [2021-10-18 17:20:55,942] {dag.py:2389} INFO - Sync 1 DAGs
[2021-10-18 17:20:55,969] {logging_mixin.py:109} INFO - [2021-10-18 17:20:55,968] {dag.py:2914} INFO - Setting next_dagrun for example_python_operator to None
[2021-10-18 17:20:55,980] {processor.py:171} INFO - Processing /home/user/workspace/airflow/airflow_env/lib/python3.6/site-packages/airflow/example_dags/example_python_operator.py took 0.135 seconds
[2021-10-18 17:21:58,221] {processor.py:163} INFO - Started process (PID=24010) to work on /home/user/workspace/airflow/airflow_env/lib/python3.6/site-packages/airflow/example_dags/example_python_operator.py
[2021-10-18 17:21:58,223] {processor.py:620} INFO - Processing file /home/user/workspace/airflow/airflow_env/lib/python3.6/site-packages/airflow/example_dags/example_python_operator.py for tasks to queue
[2021-10-18 17:21:58,225] {logging_mixin.py:109} INFO - [2021-10-18 17:21:58,225] {dagbag.py:500} INFO - Filling up the DagBag from /home/user/workspace/airflow/airflow_env/lib/python3.6/site-packages/airflow/example_dags/example_python_operator.py
[2021-10-18 17:21:58,276] {processor.py:632} INFO - DAG(s) dict_keys(['example_python_operator']) retrieved from /home/user/workspace/airflow/airflow_env/lib/python3.6/site-packages/airflow/example_dags/example_python_operator.py
[2021-10-18 17:21:58,302] {logging_mixin.py:109} INFO - [2021-10-18 17:21:58,301] {dag.py:2389} INFO - Sync 1 DAGs
[2021-10-18 17:21:58,329] {logging_mixin.py:109} INFO - [2021-10-18 17:21:58,329] {dag.py:2914} INFO - Setting next_dagrun for example_python_operator to None
[2021-10-18 17:21:58,340] {processor.py:171} INFO - Processing /home/user/workspace/airflow/airflow_env/lib/python3.6/site-packages/airflow/example_dags/example_python_operator.py took 0.126 seconds
[2021-10-18 17:22:54,436] {processor.py:163} INFO - Started process (PID=24141) to work on /home/user/workspace/airflow/airflow_env/lib/python3.6/site-packages/airflow/example_dags/example_python_operator.py
[2021-10-18 17:22:54,449] {processor.py:620} INFO - Processing file /home/user/workspace/airflow/airflow_env/lib/python3.6/site-packages/airflow/example_dags/example_python_operator.py for tasks to queue
[2021-10-18 17:22:54,451] {logging_mixin.py:109} INFO - [2021-10-18 17:22:54,451] {dagbag.py:500} INFO - Filling up the DagBag from /home/user/workspace/airflow/airflow_env/lib/python3.6/site-packages/airflow/example_dags/example_python_operator.py
[2021-10-18 17:22:54,525] {processor.py:632} INFO - DAG(s) dict_keys(['example_python_operator']) retrieved from /home/user/workspace/airflow/airflow_env/lib/python3.6/site-packages/airflow/example_dags/example_python_operator.py
[2021-10-18 17:22:54,553] {logging_mixin.py:109} INFO - [2021-10-18 17:22:54,553] {dag.py:2389} INFO - Sync 1 DAGs
[2021-10-18 17:22:54,579] {logging_mixin.py:109} INFO - [2021-10-18 17:22:54,579] {dag.py:2914} INFO - Setting next_dagrun for example_python_operator to None
[2021-10-18 17:22:54,600] {processor.py:171} INFO - Processing /home/user/workspace/airflow/airflow_env/lib/python3.6/site-packages/airflow/example_dags/example_python_operator.py took 0.173 seconds
[2021-10-18 17:23:49,471] {processor.py:163} INFO - Started process (PID=24244) to work on /home/user/workspace/airflow/airflow_env/lib/python3.6/site-packages/airflow/example_dags/example_python_operator.py
[2021-10-18 17:23:49,473] {processor.py:620} INFO - Processing file /home/user/workspace/airflow/airflow_env/lib/python3.6/site-packages/airflow/example_dags/example_python_operator.py for tasks to queue
[2021-10-18 17:23:49,474] {logging_mixin.py:109} INFO - [2021-10-18 17:23:49,474] {dagbag.py:500} INFO - Filling up the DagBag from /home/user/workspace/airflow/airflow_env/lib/python3.6/site-packages/airflow/example_dags/example_python_operator.py
[2021-10-18 17:23:49,521] {processor.py:632} INFO - DAG(s) dict_keys(['example_python_operator']) retrieved from /home/user/workspace/airflow/airflow_env/lib/python3.6/site-packages/airflow/example_dags/example_python_operator.py
[2021-10-18 17:23:49,543] {logging_mixin.py:109} INFO - [2021-10-18 17:23:49,543] {dag.py:2389} INFO - Sync 1 DAGs
[2021-10-18 17:23:49,572] {logging_mixin.py:109} INFO - [2021-10-18 17:23:49,572] {dag.py:2914} INFO - Setting next_dagrun for example_python_operator to None
[2021-10-18 17:23:49,588] {processor.py:171} INFO - Processing /home/user/workspace/airflow/airflow_env/lib/python3.6/site-packages/airflow/example_dags/example_python_operator.py took 0.122 seconds
[2021-10-18 17:24:49,580] {processor.py:163} INFO - Started process (PID=24367) to work on /home/user/workspace/airflow/airflow_env/lib/python3.6/site-packages/airflow/example_dags/example_python_operator.py
[2021-10-18 17:24:49,583] {processor.py:620} INFO - Processing file /home/user/workspace/airflow/airflow_env/lib/python3.6/site-packages/airflow/example_dags/example_python_operator.py for tasks to queue
[2021-10-18 17:24:49,584] {logging_mixin.py:109} INFO - [2021-10-18 17:24:49,584] {dagbag.py:500} INFO - Filling up the DagBag from /home/user/workspace/airflow/airflow_env/lib/python3.6/site-packages/airflow/example_dags/example_python_operator.py
[2021-10-18 17:24:49,641] {processor.py:632} INFO - DAG(s) dict_keys(['example_python_operator']) retrieved from /home/user/workspace/airflow/airflow_env/lib/python3.6/site-packages/airflow/example_dags/example_python_operator.py
[2021-10-18 17:24:49,668] {logging_mixin.py:109} INFO - [2021-10-18 17:24:49,668] {dag.py:2389} INFO - Sync 1 DAGs
[2021-10-18 17:24:49,698] {logging_mixin.py:109} INFO - [2021-10-18 17:24:49,697] {dag.py:2914} INFO - Setting next_dagrun for example_python_operator to None
[2021-10-18 17:24:49,709] {processor.py:171} INFO - Processing /home/user/workspace/airflow/airflow_env/lib/python3.6/site-packages/airflow/example_dags/example_python_operator.py took 0.135 seconds
[2021-10-18 17:25:48,699] {processor.py:163} INFO - Started process (PID=24550) to work on /home/user/workspace/airflow/airflow_env/lib/python3.6/site-packages/airflow/example_dags/example_python_operator.py
[2021-10-18 17:25:48,699] {processor.py:620} INFO - Processing file /home/user/workspace/airflow/airflow_env/lib/python3.6/site-packages/airflow/example_dags/example_python_operator.py for tasks to queue
[2021-10-18 17:25:48,700] {logging_mixin.py:109} INFO - [2021-10-18 17:25:48,700] {dagbag.py:500} INFO - Filling up the DagBag from /home/user/workspace/airflow/airflow_env/lib/python3.6/site-packages/airflow/example_dags/example_python_operator.py
[2021-10-18 17:25:48,718] {processor.py:632} INFO - DAG(s) dict_keys(['example_python_operator']) retrieved from /home/user/workspace/airflow/airflow_env/lib/python3.6/site-packages/airflow/example_dags/example_python_operator.py
[2021-10-18 17:25:48,727] {logging_mixin.py:109} INFO - [2021-10-18 17:25:48,727] {dag.py:2389} INFO - Sync 1 DAGs
[2021-10-18 17:25:48,739] {logging_mixin.py:109} INFO - [2021-10-18 17:25:48,739] {dag.py:2914} INFO - Setting next_dagrun for example_python_operator to None
[2021-10-18 17:25:48,747] {processor.py:171} INFO - Processing /home/user/workspace/airflow/airflow_env/lib/python3.6/site-packages/airflow/example_dags/example_python_operator.py took 0.050 seconds
[2021-10-18 17:26:45,788] {processor.py:163} INFO - Started process (PID=24724) to work on /home/user/workspace/airflow/airflow_env/lib/python3.6/site-packages/airflow/example_dags/example_python_operator.py
[2021-10-18 17:26:45,790] {processor.py:620} INFO - Processing file /home/user/workspace/airflow/airflow_env/lib/python3.6/site-packages/airflow/example_dags/example_python_operator.py for tasks to queue
[2021-10-18 17:26:45,791] {logging_mixin.py:109} INFO - [2021-10-18 17:26:45,791] {dagbag.py:500} INFO - Filling up the DagBag from /home/user/workspace/airflow/airflow_env/lib/python3.6/site-packages/airflow/example_dags/example_python_operator.py
[2021-10-18 17:26:45,836] {processor.py:632} INFO - DAG(s) dict_keys(['example_python_operator']) retrieved from /home/user/workspace/airflow/airflow_env/lib/python3.6/site-packages/airflow/example_dags/example_python_operator.py
[2021-10-18 17:26:45,857] {logging_mixin.py:109} INFO - [2021-10-18 17:26:45,856] {dag.py:2389} INFO - Sync 1 DAGs
[2021-10-18 17:26:45,899] {logging_mixin.py:109} INFO - [2021-10-18 17:26:45,899] {dag.py:2914} INFO - Setting next_dagrun for example_python_operator to None
[2021-10-18 17:26:45,954] {processor.py:171} INFO - Processing /home/user/workspace/airflow/airflow_env/lib/python3.6/site-packages/airflow/example_dags/example_python_operator.py took 0.172 seconds
[2021-10-18 17:27:43,207] {processor.py:163} INFO - Started process (PID=24856) to work on /home/user/workspace/airflow/airflow_env/lib/python3.6/site-packages/airflow/example_dags/example_python_operator.py
[2021-10-18 17:27:43,209] {processor.py:620} INFO - Processing file /home/user/workspace/airflow/airflow_env/lib/python3.6/site-packages/airflow/example_dags/example_python_operator.py for tasks to queue
[2021-10-18 17:27:43,211] {logging_mixin.py:109} INFO - [2021-10-18 17:27:43,210] {dagbag.py:500} INFO - Filling up the DagBag from /home/user/workspace/airflow/airflow_env/lib/python3.6/site-packages/airflow/example_dags/example_python_operator.py
[2021-10-18 17:27:43,256] {processor.py:632} INFO - DAG(s) dict_keys(['example_python_operator']) retrieved from /home/user/workspace/airflow/airflow_env/lib/python3.6/site-packages/airflow/example_dags/example_python_operator.py
[2021-10-18 17:27:43,278] {logging_mixin.py:109} INFO - [2021-10-18 17:27:43,278] {dag.py:2389} INFO - Sync 1 DAGs
[2021-10-18 17:27:43,307] {logging_mixin.py:109} INFO - [2021-10-18 17:27:43,307] {dag.py:2914} INFO - Setting next_dagrun for example_python_operator to None
[2021-10-18 17:27:43,326] {processor.py:171} INFO - Processing /home/user/workspace/airflow/airflow_env/lib/python3.6/site-packages/airflow/example_dags/example_python_operator.py took 0.125 seconds
[2021-10-18 17:28:47,005] {processor.py:163} INFO - Started process (PID=25099) to work on /home/user/workspace/airflow/airflow_env/lib/python3.6/site-packages/airflow/example_dags/example_python_operator.py
[2021-10-18 17:28:47,008] {processor.py:620} INFO - Processing file /home/user/workspace/airflow/airflow_env/lib/python3.6/site-packages/airflow/example_dags/example_python_operator.py for tasks to queue
[2021-10-18 17:28:47,012] {logging_mixin.py:109} INFO - [2021-10-18 17:28:47,011] {dagbag.py:500} INFO - Filling up the DagBag from /home/user/workspace/airflow/airflow_env/lib/python3.6/site-packages/airflow/example_dags/example_python_operator.py
[2021-10-18 17:28:47,087] {processor.py:632} INFO - DAG(s) dict_keys(['example_python_operator']) retrieved from /home/user/workspace/airflow/airflow_env/lib/python3.6/site-packages/airflow/example_dags/example_python_operator.py
[2021-10-18 17:28:47,125] {logging_mixin.py:109} INFO - [2021-10-18 17:28:47,125] {dag.py:2389} INFO - Sync 1 DAGs
[2021-10-18 17:28:47,175] {logging_mixin.py:109} INFO - [2021-10-18 17:28:47,175] {dag.py:2914} INFO - Setting next_dagrun for example_python_operator to None
[2021-10-18 17:28:47,203] {processor.py:171} INFO - Processing /home/user/workspace/airflow/airflow_env/lib/python3.6/site-packages/airflow/example_dags/example_python_operator.py took 0.205 seconds
[2021-10-18 17:29:48,256] {processor.py:163} INFO - Started process (PID=25254) to work on /home/user/workspace/airflow/airflow_env/lib/python3.6/site-packages/airflow/example_dags/example_python_operator.py
[2021-10-18 17:29:48,259] {processor.py:620} INFO - Processing file /home/user/workspace/airflow/airflow_env/lib/python3.6/site-packages/airflow/example_dags/example_python_operator.py for tasks to queue
[2021-10-18 17:29:48,260] {logging_mixin.py:109} INFO - [2021-10-18 17:29:48,260] {dagbag.py:500} INFO - Filling up the DagBag from /home/user/workspace/airflow/airflow_env/lib/python3.6/site-packages/airflow/example_dags/example_python_operator.py
[2021-10-18 17:29:48,311] {processor.py:632} INFO - DAG(s) dict_keys(['example_python_operator']) retrieved from /home/user/workspace/airflow/airflow_env/lib/python3.6/site-packages/airflow/example_dags/example_python_operator.py
[2021-10-18 17:29:48,336] {logging_mixin.py:109} INFO - [2021-10-18 17:29:48,336] {dag.py:2389} INFO - Sync 1 DAGs
[2021-10-18 17:29:48,367] {logging_mixin.py:109} INFO - [2021-10-18 17:29:48,367] {dag.py:2914} INFO - Setting next_dagrun for example_python_operator to None
[2021-10-18 17:29:48,378] {processor.py:171} INFO - Processing /home/user/workspace/airflow/airflow_env/lib/python3.6/site-packages/airflow/example_dags/example_python_operator.py took 0.128 seconds
[2021-10-18 17:30:46,754] {processor.py:163} INFO - Started process (PID=25429) to work on /home/user/workspace/airflow/airflow_env/lib/python3.6/site-packages/airflow/example_dags/example_python_operator.py
[2021-10-18 17:30:46,758] {processor.py:620} INFO - Processing file /home/user/workspace/airflow/airflow_env/lib/python3.6/site-packages/airflow/example_dags/example_python_operator.py for tasks to queue
[2021-10-18 17:30:46,760] {logging_mixin.py:109} INFO - [2021-10-18 17:30:46,760] {dagbag.py:500} INFO - Filling up the DagBag from /home/user/workspace/airflow/airflow_env/lib/python3.6/site-packages/airflow/example_dags/example_python_operator.py
[2021-10-18 17:30:46,845] {processor.py:632} INFO - DAG(s) dict_keys(['example_python_operator']) retrieved from /home/user/workspace/airflow/airflow_env/lib/python3.6/site-packages/airflow/example_dags/example_python_operator.py
[2021-10-18 17:30:46,880] {logging_mixin.py:109} INFO - [2021-10-18 17:30:46,880] {dag.py:2389} INFO - Sync 1 DAGs
[2021-10-18 17:30:46,925] {logging_mixin.py:109} INFO - [2021-10-18 17:30:46,924] {dag.py:2914} INFO - Setting next_dagrun for example_python_operator to None
[2021-10-18 17:30:46,944] {processor.py:171} INFO - Processing /home/user/workspace/airflow/airflow_env/lib/python3.6/site-packages/airflow/example_dags/example_python_operator.py took 0.197 seconds
[2021-10-18 17:31:49,342] {processor.py:163} INFO - Started process (PID=25588) to work on /home/user/workspace/airflow/airflow_env/lib/python3.6/site-packages/airflow/example_dags/example_python_operator.py
[2021-10-18 17:31:49,345] {processor.py:620} INFO - Processing file /home/user/workspace/airflow/airflow_env/lib/python3.6/site-packages/airflow/example_dags/example_python_operator.py for tasks to queue
[2021-10-18 17:31:49,346] {logging_mixin.py:109} INFO - [2021-10-18 17:31:49,346] {dagbag.py:500} INFO - Filling up the DagBag from /home/user/workspace/airflow/airflow_env/lib/python3.6/site-packages/airflow/example_dags/example_python_operator.py
[2021-10-18 17:31:49,395] {processor.py:632} INFO - DAG(s) dict_keys(['example_python_operator']) retrieved from /home/user/workspace/airflow/airflow_env/lib/python3.6/site-packages/airflow/example_dags/example_python_operator.py
[2021-10-18 17:31:49,418] {logging_mixin.py:109} INFO - [2021-10-18 17:31:49,418] {dag.py:2389} INFO - Sync 1 DAGs
[2021-10-18 17:31:49,446] {logging_mixin.py:109} INFO - [2021-10-18 17:31:49,446] {dag.py:2914} INFO - Setting next_dagrun for example_python_operator to None
[2021-10-18 17:31:49,457] {processor.py:171} INFO - Processing /home/user/workspace/airflow/airflow_env/lib/python3.6/site-packages/airflow/example_dags/example_python_operator.py took 0.121 seconds
[2021-10-18 17:32:53,847] {processor.py:163} INFO - Started process (PID=25828) to work on /home/user/workspace/airflow/airflow_env/lib/python3.6/site-packages/airflow/example_dags/example_python_operator.py
[2021-10-18 17:32:53,862] {processor.py:620} INFO - Processing file /home/user/workspace/airflow/airflow_env/lib/python3.6/site-packages/airflow/example_dags/example_python_operator.py for tasks to queue
[2021-10-18 17:32:53,864] {logging_mixin.py:109} INFO - [2021-10-18 17:32:53,864] {dagbag.py:500} INFO - Filling up the DagBag from /home/user/workspace/airflow/airflow_env/lib/python3.6/site-packages/airflow/example_dags/example_python_operator.py
[2021-10-18 17:32:53,940] {processor.py:632} INFO - DAG(s) dict_keys(['example_python_operator']) retrieved from /home/user/workspace/airflow/airflow_env/lib/python3.6/site-packages/airflow/example_dags/example_python_operator.py
[2021-10-18 17:32:53,972] {logging_mixin.py:109} INFO - [2021-10-18 17:32:53,972] {dag.py:2389} INFO - Sync 1 DAGs
[2021-10-18 17:32:54,017] {logging_mixin.py:109} INFO - [2021-10-18 17:32:54,016] {dag.py:2914} INFO - Setting next_dagrun for example_python_operator to None
[2021-10-18 17:32:54,038] {processor.py:171} INFO - Processing /home/user/workspace/airflow/airflow_env/lib/python3.6/site-packages/airflow/example_dags/example_python_operator.py took 0.200 seconds
[2021-10-18 17:33:49,577] {processor.py:163} INFO - Started process (PID=25933) to work on /home/user/workspace/airflow/airflow_env/lib/python3.6/site-packages/airflow/example_dags/example_python_operator.py
[2021-10-18 17:33:49,579] {processor.py:620} INFO - Processing file /home/user/workspace/airflow/airflow_env/lib/python3.6/site-packages/airflow/example_dags/example_python_operator.py for tasks to queue
[2021-10-18 17:33:49,581] {logging_mixin.py:109} INFO - [2021-10-18 17:33:49,581] {dagbag.py:500} INFO - Filling up the DagBag from /home/user/workspace/airflow/airflow_env/lib/python3.6/site-packages/airflow/example_dags/example_python_operator.py
[2021-10-18 17:33:49,639] {processor.py:632} INFO - DAG(s) dict_keys(['example_python_operator']) retrieved from /home/user/workspace/airflow/airflow_env/lib/python3.6/site-packages/airflow/example_dags/example_python_operator.py
[2021-10-18 17:33:49,662] {logging_mixin.py:109} INFO - [2021-10-18 17:33:49,662] {dag.py:2389} INFO - Sync 1 DAGs
[2021-10-18 17:33:49,687] {logging_mixin.py:109} INFO - [2021-10-18 17:33:49,687] {dag.py:2914} INFO - Setting next_dagrun for example_python_operator to None
[2021-10-18 17:33:49,697] {processor.py:171} INFO - Processing /home/user/workspace/airflow/airflow_env/lib/python3.6/site-packages/airflow/example_dags/example_python_operator.py took 0.129 seconds
[2021-10-18 17:34:49,157] {processor.py:163} INFO - Started process (PID=26039) to work on /home/user/workspace/airflow/airflow_env/lib/python3.6/site-packages/airflow/example_dags/example_python_operator.py
[2021-10-18 17:34:49,160] {processor.py:620} INFO - Processing file /home/user/workspace/airflow/airflow_env/lib/python3.6/site-packages/airflow/example_dags/example_python_operator.py for tasks to queue
[2021-10-18 17:34:49,161] {logging_mixin.py:109} INFO - [2021-10-18 17:34:49,161] {dagbag.py:500} INFO - Filling up the DagBag from /home/user/workspace/airflow/airflow_env/lib/python3.6/site-packages/airflow/example_dags/example_python_operator.py
[2021-10-18 17:34:49,211] {processor.py:632} INFO - DAG(s) dict_keys(['example_python_operator']) retrieved from /home/user/workspace/airflow/airflow_env/lib/python3.6/site-packages/airflow/example_dags/example_python_operator.py
[2021-10-18 17:34:49,233] {logging_mixin.py:109} INFO - [2021-10-18 17:34:49,232] {dag.py:2389} INFO - Sync 1 DAGs
[2021-10-18 17:34:49,262] {logging_mixin.py:109} INFO - [2021-10-18 17:34:49,261] {dag.py:2914} INFO - Setting next_dagrun for example_python_operator to None
[2021-10-18 17:34:49,277] {processor.py:171} INFO - Processing /home/user/workspace/airflow/airflow_env/lib/python3.6/site-packages/airflow/example_dags/example_python_operator.py took 0.126 seconds
[2021-10-18 17:35:47,935] {processor.py:163} INFO - Started process (PID=26246) to work on /home/user/workspace/airflow/airflow_env/lib/python3.6/site-packages/airflow/example_dags/example_python_operator.py
[2021-10-18 17:35:47,937] {processor.py:620} INFO - Processing file /home/user/workspace/airflow/airflow_env/lib/python3.6/site-packages/airflow/example_dags/example_python_operator.py for tasks to queue
[2021-10-18 17:35:47,939] {logging_mixin.py:109} INFO - [2021-10-18 17:35:47,939] {dagbag.py:500} INFO - Filling up the DagBag from /home/user/workspace/airflow/airflow_env/lib/python3.6/site-packages/airflow/example_dags/example_python_operator.py
[2021-10-18 17:35:48,000] {processor.py:632} INFO - DAG(s) dict_keys(['example_python_operator']) retrieved from /home/user/workspace/airflow/airflow_env/lib/python3.6/site-packages/airflow/example_dags/example_python_operator.py
[2021-10-18 17:35:48,025] {logging_mixin.py:109} INFO - [2021-10-18 17:35:48,025] {dag.py:2389} INFO - Sync 1 DAGs
[2021-10-18 17:35:48,043] {logging_mixin.py:109} INFO - [2021-10-18 17:35:48,043] {dag.py:2914} INFO - Setting next_dagrun for example_python_operator to None
[2021-10-18 17:35:48,053] {processor.py:171} INFO - Processing /home/user/workspace/airflow/airflow_env/lib/python3.6/site-packages/airflow/example_dags/example_python_operator.py took 0.125 seconds
[2021-10-18 17:36:48,204] {processor.py:163} INFO - Started process (PID=26369) to work on /home/user/workspace/airflow/airflow_env/lib/python3.6/site-packages/airflow/example_dags/example_python_operator.py
[2021-10-18 17:36:48,207] {processor.py:620} INFO - Processing file /home/user/workspace/airflow/airflow_env/lib/python3.6/site-packages/airflow/example_dags/example_python_operator.py for tasks to queue
[2021-10-18 17:36:48,209] {logging_mixin.py:109} INFO - [2021-10-18 17:36:48,208] {dagbag.py:500} INFO - Filling up the DagBag from /home/user/workspace/airflow/airflow_env/lib/python3.6/site-packages/airflow/example_dags/example_python_operator.py
[2021-10-18 17:36:48,261] {processor.py:632} INFO - DAG(s) dict_keys(['example_python_operator']) retrieved from /home/user/workspace/airflow/airflow_env/lib/python3.6/site-packages/airflow/example_dags/example_python_operator.py
[2021-10-18 17:36:48,275] {logging_mixin.py:109} INFO - [2021-10-18 17:36:48,275] {dag.py:2389} INFO - Sync 1 DAGs
[2021-10-18 17:36:48,293] {logging_mixin.py:109} INFO - [2021-10-18 17:36:48,293] {dag.py:2914} INFO - Setting next_dagrun for example_python_operator to None
[2021-10-18 17:36:48,305] {processor.py:171} INFO - Processing /home/user/workspace/airflow/airflow_env/lib/python3.6/site-packages/airflow/example_dags/example_python_operator.py took 0.109 seconds
[2021-10-18 17:37:48,034] {processor.py:163} INFO - Started process (PID=26513) to work on /home/user/workspace/airflow/airflow_env/lib/python3.6/site-packages/airflow/example_dags/example_python_operator.py
[2021-10-18 17:37:48,037] {processor.py:620} INFO - Processing file /home/user/workspace/airflow/airflow_env/lib/python3.6/site-packages/airflow/example_dags/example_python_operator.py for tasks to queue
[2021-10-18 17:37:48,038] {logging_mixin.py:109} INFO - [2021-10-18 17:37:48,038] {dagbag.py:500} INFO - Filling up the DagBag from /home/user/workspace/airflow/airflow_env/lib/python3.6/site-packages/airflow/example_dags/example_python_operator.py
[2021-10-18 17:37:48,097] {processor.py:632} INFO - DAG(s) dict_keys(['example_python_operator']) retrieved from /home/user/workspace/airflow/airflow_env/lib/python3.6/site-packages/airflow/example_dags/example_python_operator.py
[2021-10-18 17:37:48,124] {logging_mixin.py:109} INFO - [2021-10-18 17:37:48,124] {dag.py:2389} INFO - Sync 1 DAGs
[2021-10-18 17:37:48,149] {logging_mixin.py:109} INFO - [2021-10-18 17:37:48,149] {dag.py:2914} INFO - Setting next_dagrun for example_python_operator to None
[2021-10-18 17:37:48,164] {processor.py:171} INFO - Processing /home/user/workspace/airflow/airflow_env/lib/python3.6/site-packages/airflow/example_dags/example_python_operator.py took 0.137 seconds
[2021-10-18 17:38:38,866] {processor.py:163} INFO - Started process (PID=26601) to work on /home/user/workspace/airflow/airflow_env/lib/python3.6/site-packages/airflow/example_dags/example_python_operator.py
[2021-10-18 17:38:38,870] {processor.py:620} INFO - Processing file /home/user/workspace/airflow/airflow_env/lib/python3.6/site-packages/airflow/example_dags/example_python_operator.py for tasks to queue
[2021-10-18 17:38:38,871] {logging_mixin.py:109} INFO - [2021-10-18 17:38:38,871] {dagbag.py:500} INFO - Filling up the DagBag from /home/user/workspace/airflow/airflow_env/lib/python3.6/site-packages/airflow/example_dags/example_python_operator.py
[2021-10-18 17:38:38,916] {processor.py:632} INFO - DAG(s) dict_keys(['example_python_operator']) retrieved from /home/user/workspace/airflow/airflow_env/lib/python3.6/site-packages/airflow/example_dags/example_python_operator.py
[2021-10-18 17:38:38,931] {logging_mixin.py:109} INFO - [2021-10-18 17:38:38,931] {dag.py:2389} INFO - Sync 1 DAGs
[2021-10-18 17:38:38,950] {logging_mixin.py:109} INFO - [2021-10-18 17:38:38,949] {dag.py:2914} INFO - Setting next_dagrun for example_python_operator to None
[2021-10-18 17:38:38,963] {processor.py:171} INFO - Processing /home/user/workspace/airflow/airflow_env/lib/python3.6/site-packages/airflow/example_dags/example_python_operator.py took 0.106 seconds
[2021-10-18 17:39:43,269] {processor.py:163} INFO - Started process (PID=26741) to work on /home/user/workspace/airflow/airflow_env/lib/python3.6/site-packages/airflow/example_dags/example_python_operator.py
[2021-10-18 17:39:43,272] {processor.py:620} INFO - Processing file /home/user/workspace/airflow/airflow_env/lib/python3.6/site-packages/airflow/example_dags/example_python_operator.py for tasks to queue
[2021-10-18 17:39:43,274] {logging_mixin.py:109} INFO - [2021-10-18 17:39:43,273] {dagbag.py:500} INFO - Filling up the DagBag from /home/user/workspace/airflow/airflow_env/lib/python3.6/site-packages/airflow/example_dags/example_python_operator.py
[2021-10-18 17:39:43,315] {processor.py:632} INFO - DAG(s) dict_keys(['example_python_operator']) retrieved from /home/user/workspace/airflow/airflow_env/lib/python3.6/site-packages/airflow/example_dags/example_python_operator.py
[2021-10-18 17:39:43,334] {logging_mixin.py:109} INFO - [2021-10-18 17:39:43,333] {dag.py:2389} INFO - Sync 1 DAGs
[2021-10-18 17:39:43,364] {logging_mixin.py:109} INFO - [2021-10-18 17:39:43,364] {dag.py:2914} INFO - Setting next_dagrun for example_python_operator to None
[2021-10-18 17:39:43,378] {processor.py:171} INFO - Processing /home/user/workspace/airflow/airflow_env/lib/python3.6/site-packages/airflow/example_dags/example_python_operator.py took 0.116 seconds
[2021-10-18 17:40:47,026] {processor.py:163} INFO - Started process (PID=26981) to work on /home/user/workspace/airflow/airflow_env/lib/python3.6/site-packages/airflow/example_dags/example_python_operator.py
[2021-10-18 17:40:47,029] {processor.py:620} INFO - Processing file /home/user/workspace/airflow/airflow_env/lib/python3.6/site-packages/airflow/example_dags/example_python_operator.py for tasks to queue
[2021-10-18 17:40:47,030] {logging_mixin.py:109} INFO - [2021-10-18 17:40:47,030] {dagbag.py:500} INFO - Filling up the DagBag from /home/user/workspace/airflow/airflow_env/lib/python3.6/site-packages/airflow/example_dags/example_python_operator.py
[2021-10-18 17:40:47,098] {processor.py:632} INFO - DAG(s) dict_keys(['example_python_operator']) retrieved from /home/user/workspace/airflow/airflow_env/lib/python3.6/site-packages/airflow/example_dags/example_python_operator.py
[2021-10-18 17:40:47,126] {logging_mixin.py:109} INFO - [2021-10-18 17:40:47,126] {dag.py:2389} INFO - Sync 1 DAGs
[2021-10-18 17:40:47,146] {logging_mixin.py:109} INFO - [2021-10-18 17:40:47,146] {dag.py:2914} INFO - Setting next_dagrun for example_python_operator to None
[2021-10-18 17:40:47,160] {processor.py:171} INFO - Processing /home/user/workspace/airflow/airflow_env/lib/python3.6/site-packages/airflow/example_dags/example_python_operator.py took 0.142 seconds
[2021-10-18 17:41:44,649] {processor.py:163} INFO - Started process (PID=27074) to work on /home/user/workspace/airflow/airflow_env/lib/python3.6/site-packages/airflow/example_dags/example_python_operator.py
[2021-10-18 17:41:44,651] {processor.py:620} INFO - Processing file /home/user/workspace/airflow/airflow_env/lib/python3.6/site-packages/airflow/example_dags/example_python_operator.py for tasks to queue
[2021-10-18 17:41:44,653] {logging_mixin.py:109} INFO - [2021-10-18 17:41:44,653] {dagbag.py:500} INFO - Filling up the DagBag from /home/user/workspace/airflow/airflow_env/lib/python3.6/site-packages/airflow/example_dags/example_python_operator.py
[2021-10-18 17:41:44,708] {processor.py:632} INFO - DAG(s) dict_keys(['example_python_operator']) retrieved from /home/user/workspace/airflow/airflow_env/lib/python3.6/site-packages/airflow/example_dags/example_python_operator.py
[2021-10-18 17:41:44,739] {logging_mixin.py:109} INFO - [2021-10-18 17:41:44,739] {dag.py:2389} INFO - Sync 1 DAGs
[2021-10-18 17:41:44,761] {logging_mixin.py:109} INFO - [2021-10-18 17:41:44,761] {dag.py:2914} INFO - Setting next_dagrun for example_python_operator to None
[2021-10-18 17:41:44,771] {processor.py:171} INFO - Processing /home/user/workspace/airflow/airflow_env/lib/python3.6/site-packages/airflow/example_dags/example_python_operator.py took 0.129 seconds
[2021-10-18 17:42:44,753] {processor.py:163} INFO - Started process (PID=27247) to work on /home/user/workspace/airflow/airflow_env/lib/python3.6/site-packages/airflow/example_dags/example_python_operator.py
[2021-10-18 17:42:44,755] {processor.py:620} INFO - Processing file /home/user/workspace/airflow/airflow_env/lib/python3.6/site-packages/airflow/example_dags/example_python_operator.py for tasks to queue
[2021-10-18 17:42:44,756] {logging_mixin.py:109} INFO - [2021-10-18 17:42:44,756] {dagbag.py:500} INFO - Filling up the DagBag from /home/user/workspace/airflow/airflow_env/lib/python3.6/site-packages/airflow/example_dags/example_python_operator.py
[2021-10-18 17:42:44,798] {processor.py:632} INFO - DAG(s) dict_keys(['example_python_operator']) retrieved from /home/user/workspace/airflow/airflow_env/lib/python3.6/site-packages/airflow/example_dags/example_python_operator.py
[2021-10-18 17:42:44,818] {logging_mixin.py:109} INFO - [2021-10-18 17:42:44,818] {dag.py:2389} INFO - Sync 1 DAGs
[2021-10-18 17:42:44,843] {logging_mixin.py:109} INFO - [2021-10-18 17:42:44,843] {dag.py:2914} INFO - Setting next_dagrun for example_python_operator to None
[2021-10-18 17:42:44,859] {processor.py:171} INFO - Processing /home/user/workspace/airflow/airflow_env/lib/python3.6/site-packages/airflow/example_dags/example_python_operator.py took 0.112 seconds
[2021-10-18 17:43:41,984] {processor.py:163} INFO - Started process (PID=27366) to work on /home/user/workspace/airflow/airflow_env/lib/python3.6/site-packages/airflow/example_dags/example_python_operator.py
[2021-10-18 17:43:41,985] {processor.py:620} INFO - Processing file /home/user/workspace/airflow/airflow_env/lib/python3.6/site-packages/airflow/example_dags/example_python_operator.py for tasks to queue
[2021-10-18 17:43:41,985] {logging_mixin.py:109} INFO - [2021-10-18 17:43:41,985] {dagbag.py:500} INFO - Filling up the DagBag from /home/user/workspace/airflow/airflow_env/lib/python3.6/site-packages/airflow/example_dags/example_python_operator.py
[2021-10-18 17:43:42,004] {processor.py:632} INFO - DAG(s) dict_keys(['example_python_operator']) retrieved from /home/user/workspace/airflow/airflow_env/lib/python3.6/site-packages/airflow/example_dags/example_python_operator.py
[2021-10-18 17:43:42,017] {logging_mixin.py:109} INFO - [2021-10-18 17:43:42,017] {dag.py:2389} INFO - Sync 1 DAGs
[2021-10-18 17:43:42,034] {logging_mixin.py:109} INFO - [2021-10-18 17:43:42,033] {dag.py:2914} INFO - Setting next_dagrun for example_python_operator to None
[2021-10-18 17:43:42,044] {processor.py:171} INFO - Processing /home/user/workspace/airflow/airflow_env/lib/python3.6/site-packages/airflow/example_dags/example_python_operator.py took 0.063 seconds
[2021-10-18 17:44:37,158] {processor.py:163} INFO - Started process (PID=27598) to work on /home/user/workspace/airflow/airflow_env/lib/python3.6/site-packages/airflow/example_dags/example_python_operator.py
[2021-10-18 17:44:37,160] {processor.py:620} INFO - Processing file /home/user/workspace/airflow/airflow_env/lib/python3.6/site-packages/airflow/example_dags/example_python_operator.py for tasks to queue
[2021-10-18 17:44:37,161] {logging_mixin.py:109} INFO - [2021-10-18 17:44:37,161] {dagbag.py:500} INFO - Filling up the DagBag from /home/user/workspace/airflow/airflow_env/lib/python3.6/site-packages/airflow/example_dags/example_python_operator.py
[2021-10-18 17:44:37,211] {processor.py:632} INFO - DAG(s) dict_keys(['example_python_operator']) retrieved from /home/user/workspace/airflow/airflow_env/lib/python3.6/site-packages/airflow/example_dags/example_python_operator.py
[2021-10-18 17:44:37,236] {logging_mixin.py:109} INFO - [2021-10-18 17:44:37,236] {dag.py:2389} INFO - Sync 1 DAGs
[2021-10-18 17:44:37,263] {logging_mixin.py:109} INFO - [2021-10-18 17:44:37,263] {dag.py:2914} INFO - Setting next_dagrun for example_python_operator to None
[2021-10-18 17:44:37,274] {processor.py:171} INFO - Processing /home/user/workspace/airflow/airflow_env/lib/python3.6/site-packages/airflow/example_dags/example_python_operator.py took 0.122 seconds
[2021-10-18 17:45:35,327] {processor.py:163} INFO - Started process (PID=27813) to work on /home/user/workspace/airflow/airflow_env/lib/python3.6/site-packages/airflow/example_dags/example_python_operator.py
[2021-10-18 17:45:35,329] {processor.py:620} INFO - Processing file /home/user/workspace/airflow/airflow_env/lib/python3.6/site-packages/airflow/example_dags/example_python_operator.py for tasks to queue
[2021-10-18 17:45:35,329] {logging_mixin.py:109} INFO - [2021-10-18 17:45:35,329] {dagbag.py:500} INFO - Filling up the DagBag from /home/user/workspace/airflow/airflow_env/lib/python3.6/site-packages/airflow/example_dags/example_python_operator.py
[2021-10-18 17:45:35,353] {processor.py:632} INFO - DAG(s) dict_keys(['example_python_operator']) retrieved from /home/user/workspace/airflow/airflow_env/lib/python3.6/site-packages/airflow/example_dags/example_python_operator.py
[2021-10-18 17:45:35,366] {logging_mixin.py:109} INFO - [2021-10-18 17:45:35,366] {dag.py:2389} INFO - Sync 1 DAGs
[2021-10-18 17:45:35,383] {logging_mixin.py:109} INFO - [2021-10-18 17:45:35,383] {dag.py:2914} INFO - Setting next_dagrun for example_python_operator to None
[2021-10-18 17:45:35,395] {processor.py:171} INFO - Processing /home/user/workspace/airflow/airflow_env/lib/python3.6/site-packages/airflow/example_dags/example_python_operator.py took 0.070 seconds
[2021-10-18 17:46:27,289] {processor.py:163} INFO - Started process (PID=28019) to work on /home/user/workspace/airflow/airflow_env/lib/python3.6/site-packages/airflow/example_dags/example_python_operator.py
[2021-10-18 17:46:27,292] {processor.py:620} INFO - Processing file /home/user/workspace/airflow/airflow_env/lib/python3.6/site-packages/airflow/example_dags/example_python_operator.py for tasks to queue
[2021-10-18 17:46:27,294] {logging_mixin.py:109} INFO - [2021-10-18 17:46:27,293] {dagbag.py:500} INFO - Filling up the DagBag from /home/user/workspace/airflow/airflow_env/lib/python3.6/site-packages/airflow/example_dags/example_python_operator.py
[2021-10-18 17:46:27,349] {processor.py:632} INFO - DAG(s) dict_keys(['example_python_operator']) retrieved from /home/user/workspace/airflow/airflow_env/lib/python3.6/site-packages/airflow/example_dags/example_python_operator.py
[2021-10-18 17:46:27,377] {logging_mixin.py:109} INFO - [2021-10-18 17:46:27,377] {dag.py:2389} INFO - Sync 1 DAGs
[2021-10-18 17:46:27,417] {logging_mixin.py:109} INFO - [2021-10-18 17:46:27,416] {dag.py:2914} INFO - Setting next_dagrun for example_python_operator to None
[2021-10-18 17:46:27,443] {processor.py:171} INFO - Processing /home/user/workspace/airflow/airflow_env/lib/python3.6/site-packages/airflow/example_dags/example_python_operator.py took 0.161 seconds
[2021-10-18 17:47:24,660] {processor.py:163} INFO - Started process (PID=28157) to work on /home/user/workspace/airflow/airflow_env/lib/python3.6/site-packages/airflow/example_dags/example_python_operator.py
[2021-10-18 17:47:24,661] {processor.py:620} INFO - Processing file /home/user/workspace/airflow/airflow_env/lib/python3.6/site-packages/airflow/example_dags/example_python_operator.py for tasks to queue
[2021-10-18 17:47:24,662] {logging_mixin.py:109} INFO - [2021-10-18 17:47:24,662] {dagbag.py:500} INFO - Filling up the DagBag from /home/user/workspace/airflow/airflow_env/lib/python3.6/site-packages/airflow/example_dags/example_python_operator.py
[2021-10-18 17:47:24,696] {processor.py:632} INFO - DAG(s) dict_keys(['example_python_operator']) retrieved from /home/user/workspace/airflow/airflow_env/lib/python3.6/site-packages/airflow/example_dags/example_python_operator.py
[2021-10-18 17:47:24,714] {logging_mixin.py:109} INFO - [2021-10-18 17:47:24,714] {dag.py:2389} INFO - Sync 1 DAGs
[2021-10-18 17:47:24,738] {logging_mixin.py:109} INFO - [2021-10-18 17:47:24,738] {dag.py:2914} INFO - Setting next_dagrun for example_python_operator to None
[2021-10-18 17:47:24,753] {processor.py:171} INFO - Processing /home/user/workspace/airflow/airflow_env/lib/python3.6/site-packages/airflow/example_dags/example_python_operator.py took 0.098 seconds
[2021-10-18 17:48:21,646] {processor.py:163} INFO - Started process (PID=28272) to work on /home/user/workspace/airflow/airflow_env/lib/python3.6/site-packages/airflow/example_dags/example_python_operator.py
[2021-10-18 17:48:21,651] {processor.py:620} INFO - Processing file /home/user/workspace/airflow/airflow_env/lib/python3.6/site-packages/airflow/example_dags/example_python_operator.py for tasks to queue
[2021-10-18 17:48:21,653] {logging_mixin.py:109} INFO - [2021-10-18 17:48:21,652] {dagbag.py:500} INFO - Filling up the DagBag from /home/user/workspace/airflow/airflow_env/lib/python3.6/site-packages/airflow/example_dags/example_python_operator.py
[2021-10-18 17:48:21,724] {processor.py:632} INFO - DAG(s) dict_keys(['example_python_operator']) retrieved from /home/user/workspace/airflow/airflow_env/lib/python3.6/site-packages/airflow/example_dags/example_python_operator.py
[2021-10-18 17:48:21,757] {logging_mixin.py:109} INFO - [2021-10-18 17:48:21,757] {dag.py:2389} INFO - Sync 1 DAGs
[2021-10-18 17:48:21,792] {logging_mixin.py:109} INFO - [2021-10-18 17:48:21,792] {dag.py:2914} INFO - Setting next_dagrun for example_python_operator to None
[2021-10-18 17:48:21,822] {processor.py:171} INFO - Processing /home/user/workspace/airflow/airflow_env/lib/python3.6/site-packages/airflow/example_dags/example_python_operator.py took 0.182 seconds
[2021-10-18 17:49:30,042] {processor.py:163} INFO - Started process (PID=28425) to work on /home/user/workspace/airflow/airflow_env/lib/python3.6/site-packages/airflow/example_dags/example_python_operator.py
[2021-10-18 17:49:30,044] {processor.py:620} INFO - Processing file /home/user/workspace/airflow/airflow_env/lib/python3.6/site-packages/airflow/example_dags/example_python_operator.py for tasks to queue
[2021-10-18 17:49:30,046] {logging_mixin.py:109} INFO - [2021-10-18 17:49:30,045] {dagbag.py:500} INFO - Filling up the DagBag from /home/user/workspace/airflow/airflow_env/lib/python3.6/site-packages/airflow/example_dags/example_python_operator.py
[2021-10-18 17:49:30,105] {processor.py:632} INFO - DAG(s) dict_keys(['example_python_operator']) retrieved from /home/user/workspace/airflow/airflow_env/lib/python3.6/site-packages/airflow/example_dags/example_python_operator.py
[2021-10-18 17:49:30,134] {logging_mixin.py:109} INFO - [2021-10-18 17:49:30,133] {dag.py:2389} INFO - Sync 1 DAGs
[2021-10-18 17:49:30,155] {logging_mixin.py:109} INFO - [2021-10-18 17:49:30,155] {dag.py:2914} INFO - Setting next_dagrun for example_python_operator to None
[2021-10-18 17:49:30,166] {processor.py:171} INFO - Processing /home/user/workspace/airflow/airflow_env/lib/python3.6/site-packages/airflow/example_dags/example_python_operator.py took 0.131 seconds
[2021-10-18 17:50:38,461] {processor.py:163} INFO - Started process (PID=28723) to work on /home/user/workspace/airflow/airflow_env/lib/python3.6/site-packages/airflow/example_dags/example_python_operator.py
[2021-10-18 17:50:38,463] {processor.py:620} INFO - Processing file /home/user/workspace/airflow/airflow_env/lib/python3.6/site-packages/airflow/example_dags/example_python_operator.py for tasks to queue
[2021-10-18 17:50:38,464] {logging_mixin.py:109} INFO - [2021-10-18 17:50:38,464] {dagbag.py:500} INFO - Filling up the DagBag from /home/user/workspace/airflow/airflow_env/lib/python3.6/site-packages/airflow/example_dags/example_python_operator.py
[2021-10-18 17:50:38,496] {processor.py:632} INFO - DAG(s) dict_keys(['example_python_operator']) retrieved from /home/user/workspace/airflow/airflow_env/lib/python3.6/site-packages/airflow/example_dags/example_python_operator.py
[2021-10-18 17:50:38,521] {logging_mixin.py:109} INFO - [2021-10-18 17:50:38,521] {dag.py:2389} INFO - Sync 1 DAGs
[2021-10-18 17:50:38,539] {logging_mixin.py:109} INFO - [2021-10-18 17:50:38,539] {dag.py:2914} INFO - Setting next_dagrun for example_python_operator to None
[2021-10-18 17:50:38,552] {processor.py:171} INFO - Processing /home/user/workspace/airflow/airflow_env/lib/python3.6/site-packages/airflow/example_dags/example_python_operator.py took 0.094 seconds
[2021-10-18 17:51:49,281] {processor.py:163} INFO - Started process (PID=29008) to work on /home/user/workspace/airflow/airflow_env/lib/python3.6/site-packages/airflow/example_dags/example_python_operator.py
[2021-10-18 17:51:49,283] {processor.py:620} INFO - Processing file /home/user/workspace/airflow/airflow_env/lib/python3.6/site-packages/airflow/example_dags/example_python_operator.py for tasks to queue
[2021-10-18 17:51:49,284] {logging_mixin.py:109} INFO - [2021-10-18 17:51:49,284] {dagbag.py:500} INFO - Filling up the DagBag from /home/user/workspace/airflow/airflow_env/lib/python3.6/site-packages/airflow/example_dags/example_python_operator.py
[2021-10-18 17:51:49,328] {processor.py:632} INFO - DAG(s) dict_keys(['example_python_operator']) retrieved from /home/user/workspace/airflow/airflow_env/lib/python3.6/site-packages/airflow/example_dags/example_python_operator.py
[2021-10-18 17:51:49,347] {logging_mixin.py:109} INFO - [2021-10-18 17:51:49,347] {dag.py:2389} INFO - Sync 1 DAGs
[2021-10-18 17:51:49,373] {logging_mixin.py:109} INFO - [2021-10-18 17:51:49,373] {dag.py:2914} INFO - Setting next_dagrun for example_python_operator to None
[2021-10-18 17:51:49,389] {processor.py:171} INFO - Processing /home/user/workspace/airflow/airflow_env/lib/python3.6/site-packages/airflow/example_dags/example_python_operator.py took 0.114 seconds
[2021-10-18 17:52:58,288] {processor.py:163} INFO - Started process (PID=29179) to work on /home/user/workspace/airflow/airflow_env/lib/python3.6/site-packages/airflow/example_dags/example_python_operator.py
[2021-10-18 17:52:58,290] {processor.py:620} INFO - Processing file /home/user/workspace/airflow/airflow_env/lib/python3.6/site-packages/airflow/example_dags/example_python_operator.py for tasks to queue
[2021-10-18 17:52:58,292] {logging_mixin.py:109} INFO - [2021-10-18 17:52:58,291] {dagbag.py:500} INFO - Filling up the DagBag from /home/user/workspace/airflow/airflow_env/lib/python3.6/site-packages/airflow/example_dags/example_python_operator.py
[2021-10-18 17:52:58,336] {processor.py:632} INFO - DAG(s) dict_keys(['example_python_operator']) retrieved from /home/user/workspace/airflow/airflow_env/lib/python3.6/site-packages/airflow/example_dags/example_python_operator.py
[2021-10-18 17:52:58,357] {logging_mixin.py:109} INFO - [2021-10-18 17:52:58,357] {dag.py:2389} INFO - Sync 1 DAGs
[2021-10-18 17:52:58,374] {logging_mixin.py:109} INFO - [2021-10-18 17:52:58,373] {dag.py:2914} INFO - Setting next_dagrun for example_python_operator to None
[2021-10-18 17:52:58,383] {processor.py:171} INFO - Processing /home/user/workspace/airflow/airflow_env/lib/python3.6/site-packages/airflow/example_dags/example_python_operator.py took 0.100 seconds
[2021-10-18 17:54:08,786] {processor.py:163} INFO - Started process (PID=29284) to work on /home/user/workspace/airflow/airflow_env/lib/python3.6/site-packages/airflow/example_dags/example_python_operator.py
[2021-10-18 17:54:08,790] {processor.py:620} INFO - Processing file /home/user/workspace/airflow/airflow_env/lib/python3.6/site-packages/airflow/example_dags/example_python_operator.py for tasks to queue
[2021-10-18 17:54:08,792] {logging_mixin.py:109} INFO - [2021-10-18 17:54:08,791] {dagbag.py:500} INFO - Filling up the DagBag from /home/user/workspace/airflow/airflow_env/lib/python3.6/site-packages/airflow/example_dags/example_python_operator.py
[2021-10-18 17:54:08,862] {processor.py:632} INFO - DAG(s) dict_keys(['example_python_operator']) retrieved from /home/user/workspace/airflow/airflow_env/lib/python3.6/site-packages/airflow/example_dags/example_python_operator.py
[2021-10-18 17:54:08,892] {logging_mixin.py:109} INFO - [2021-10-18 17:54:08,891] {dag.py:2389} INFO - Sync 1 DAGs
[2021-10-18 17:54:08,931] {logging_mixin.py:109} INFO - [2021-10-18 17:54:08,931] {dag.py:2914} INFO - Setting next_dagrun for example_python_operator to None
[2021-10-18 17:54:08,949] {processor.py:171} INFO - Processing /home/user/workspace/airflow/airflow_env/lib/python3.6/site-packages/airflow/example_dags/example_python_operator.py took 0.175 seconds
[2021-10-18 17:54:57,865] {processor.py:163} INFO - Started process (PID=29363) to work on /home/user/workspace/airflow/airflow_env/lib/python3.6/site-packages/airflow/example_dags/example_python_operator.py
[2021-10-18 17:54:57,867] {processor.py:620} INFO - Processing file /home/user/workspace/airflow/airflow_env/lib/python3.6/site-packages/airflow/example_dags/example_python_operator.py for tasks to queue
[2021-10-18 17:54:57,869] {logging_mixin.py:109} INFO - [2021-10-18 17:54:57,869] {dagbag.py:500} INFO - Filling up the DagBag from /home/user/workspace/airflow/airflow_env/lib/python3.6/site-packages/airflow/example_dags/example_python_operator.py
[2021-10-18 17:54:57,936] {processor.py:632} INFO - DAG(s) dict_keys(['example_python_operator']) retrieved from /home/user/workspace/airflow/airflow_env/lib/python3.6/site-packages/airflow/example_dags/example_python_operator.py
[2021-10-18 17:54:57,971] {logging_mixin.py:109} INFO - [2021-10-18 17:54:57,970] {dag.py:2389} INFO - Sync 1 DAGs
[2021-10-18 17:54:58,024] {logging_mixin.py:109} INFO - [2021-10-18 17:54:58,024] {dag.py:2914} INFO - Setting next_dagrun for example_python_operator to None
[2021-10-18 17:54:58,055] {processor.py:171} INFO - Processing /home/user/workspace/airflow/airflow_env/lib/python3.6/site-packages/airflow/example_dags/example_python_operator.py took 0.197 seconds
[2021-10-18 17:56:02,623] {processor.py:163} INFO - Started process (PID=29542) to work on /home/user/workspace/airflow/airflow_env/lib/python3.6/site-packages/airflow/example_dags/example_python_operator.py
[2021-10-18 17:56:02,625] {processor.py:620} INFO - Processing file /home/user/workspace/airflow/airflow_env/lib/python3.6/site-packages/airflow/example_dags/example_python_operator.py for tasks to queue
[2021-10-18 17:56:02,627] {logging_mixin.py:109} INFO - [2021-10-18 17:56:02,626] {dagbag.py:500} INFO - Filling up the DagBag from /home/user/workspace/airflow/airflow_env/lib/python3.6/site-packages/airflow/example_dags/example_python_operator.py
[2021-10-18 17:56:02,669] {processor.py:632} INFO - DAG(s) dict_keys(['example_python_operator']) retrieved from /home/user/workspace/airflow/airflow_env/lib/python3.6/site-packages/airflow/example_dags/example_python_operator.py
[2021-10-18 17:56:02,692] {logging_mixin.py:109} INFO - [2021-10-18 17:56:02,692] {dag.py:2389} INFO - Sync 1 DAGs
[2021-10-18 17:56:02,721] {logging_mixin.py:109} INFO - [2021-10-18 17:56:02,720] {dag.py:2914} INFO - Setting next_dagrun for example_python_operator to None
[2021-10-18 17:56:02,745] {processor.py:171} INFO - Processing /home/user/workspace/airflow/airflow_env/lib/python3.6/site-packages/airflow/example_dags/example_python_operator.py took 0.128 seconds
[2021-10-18 17:57:10,798] {processor.py:163} INFO - Started process (PID=29653) to work on /home/user/workspace/airflow/airflow_env/lib/python3.6/site-packages/airflow/example_dags/example_python_operator.py
[2021-10-18 17:57:10,810] {processor.py:620} INFO - Processing file /home/user/workspace/airflow/airflow_env/lib/python3.6/site-packages/airflow/example_dags/example_python_operator.py for tasks to queue
[2021-10-18 17:57:10,811] {logging_mixin.py:109} INFO - [2021-10-18 17:57:10,811] {dagbag.py:500} INFO - Filling up the DagBag from /home/user/workspace/airflow/airflow_env/lib/python3.6/site-packages/airflow/example_dags/example_python_operator.py
[2021-10-18 17:57:10,853] {processor.py:632} INFO - DAG(s) dict_keys(['example_python_operator']) retrieved from /home/user/workspace/airflow/airflow_env/lib/python3.6/site-packages/airflow/example_dags/example_python_operator.py
[2021-10-18 17:57:10,872] {logging_mixin.py:109} INFO - [2021-10-18 17:57:10,872] {dag.py:2389} INFO - Sync 1 DAGs
[2021-10-18 17:57:10,897] {logging_mixin.py:109} INFO - [2021-10-18 17:57:10,897] {dag.py:2914} INFO - Setting next_dagrun for example_python_operator to None
[2021-10-18 17:57:10,912] {processor.py:171} INFO - Processing /home/user/workspace/airflow/airflow_env/lib/python3.6/site-packages/airflow/example_dags/example_python_operator.py took 0.119 seconds
[2021-10-18 17:58:21,328] {processor.py:163} INFO - Started process (PID=29785) to work on /home/user/workspace/airflow/airflow_env/lib/python3.6/site-packages/airflow/example_dags/example_python_operator.py
[2021-10-18 17:58:21,341] {processor.py:620} INFO - Processing file /home/user/workspace/airflow/airflow_env/lib/python3.6/site-packages/airflow/example_dags/example_python_operator.py for tasks to queue
[2021-10-18 17:58:21,342] {logging_mixin.py:109} INFO - [2021-10-18 17:58:21,342] {dagbag.py:500} INFO - Filling up the DagBag from /home/user/workspace/airflow/airflow_env/lib/python3.6/site-packages/airflow/example_dags/example_python_operator.py
[2021-10-18 17:58:21,394] {processor.py:632} INFO - DAG(s) dict_keys(['example_python_operator']) retrieved from /home/user/workspace/airflow/airflow_env/lib/python3.6/site-packages/airflow/example_dags/example_python_operator.py
[2021-10-18 17:58:21,427] {logging_mixin.py:109} INFO - [2021-10-18 17:58:21,426] {dag.py:2389} INFO - Sync 1 DAGs
[2021-10-18 17:58:21,449] {logging_mixin.py:109} INFO - [2021-10-18 17:58:21,449] {dag.py:2914} INFO - Setting next_dagrun for example_python_operator to None
[2021-10-18 17:58:21,459] {processor.py:171} INFO - Processing /home/user/workspace/airflow/airflow_env/lib/python3.6/site-packages/airflow/example_dags/example_python_operator.py took 0.137 seconds
[2021-10-18 17:59:27,738] {processor.py:163} INFO - Started process (PID=29898) to work on /home/user/workspace/airflow/airflow_env/lib/python3.6/site-packages/airflow/example_dags/example_python_operator.py
[2021-10-18 17:59:27,740] {processor.py:620} INFO - Processing file /home/user/workspace/airflow/airflow_env/lib/python3.6/site-packages/airflow/example_dags/example_python_operator.py for tasks to queue
[2021-10-18 17:59:27,741] {logging_mixin.py:109} INFO - [2021-10-18 17:59:27,741] {dagbag.py:500} INFO - Filling up the DagBag from /home/user/workspace/airflow/airflow_env/lib/python3.6/site-packages/airflow/example_dags/example_python_operator.py
[2021-10-18 17:59:27,782] {processor.py:632} INFO - DAG(s) dict_keys(['example_python_operator']) retrieved from /home/user/workspace/airflow/airflow_env/lib/python3.6/site-packages/airflow/example_dags/example_python_operator.py
[2021-10-18 17:59:27,801] {logging_mixin.py:109} INFO - [2021-10-18 17:59:27,801] {dag.py:2389} INFO - Sync 1 DAGs
[2021-10-18 17:59:27,824] {logging_mixin.py:109} INFO - [2021-10-18 17:59:27,824] {dag.py:2914} INFO - Setting next_dagrun for example_python_operator to None
[2021-10-18 17:59:27,839] {processor.py:171} INFO - Processing /home/user/workspace/airflow/airflow_env/lib/python3.6/site-packages/airflow/example_dags/example_python_operator.py took 0.106 seconds
[2021-10-18 18:00:36,497] {processor.py:163} INFO - Started process (PID=30013) to work on /home/user/workspace/airflow/airflow_env/lib/python3.6/site-packages/airflow/example_dags/example_python_operator.py
[2021-10-18 18:00:36,509] {processor.py:620} INFO - Processing file /home/user/workspace/airflow/airflow_env/lib/python3.6/site-packages/airflow/example_dags/example_python_operator.py for tasks to queue
[2021-10-18 18:00:36,510] {logging_mixin.py:109} INFO - [2021-10-18 18:00:36,510] {dagbag.py:500} INFO - Filling up the DagBag from /home/user/workspace/airflow/airflow_env/lib/python3.6/site-packages/airflow/example_dags/example_python_operator.py
[2021-10-18 18:00:36,557] {processor.py:632} INFO - DAG(s) dict_keys(['example_python_operator']) retrieved from /home/user/workspace/airflow/airflow_env/lib/python3.6/site-packages/airflow/example_dags/example_python_operator.py
[2021-10-18 18:00:36,581] {logging_mixin.py:109} INFO - [2021-10-18 18:00:36,581] {dag.py:2389} INFO - Sync 1 DAGs
[2021-10-18 18:00:36,612] {logging_mixin.py:109} INFO - [2021-10-18 18:00:36,612] {dag.py:2914} INFO - Setting next_dagrun for example_python_operator to None
[2021-10-18 18:00:36,626] {processor.py:171} INFO - Processing /home/user/workspace/airflow/airflow_env/lib/python3.6/site-packages/airflow/example_dags/example_python_operator.py took 0.135 seconds
