[2021-10-18 17:18:23,243] {processor.py:163} INFO - Started process (PID=23353) to work on /home/user/workspace/airflow/airflow_env/lib/python3.6/site-packages/airflow/example_dags/example_branch_day_of_week_operator.py
[2021-10-18 17:18:23,245] {processor.py:620} INFO - Processing file /home/user/workspace/airflow/airflow_env/lib/python3.6/site-packages/airflow/example_dags/example_branch_day_of_week_operator.py for tasks to queue
[2021-10-18 17:18:23,246] {logging_mixin.py:109} INFO - [2021-10-18 17:18:23,245] {dagbag.py:500} INFO - Filling up the DagBag from /home/user/workspace/airflow/airflow_env/lib/python3.6/site-packages/airflow/example_dags/example_branch_day_of_week_operator.py
[2021-10-18 17:18:23,278] {processor.py:632} INFO - DAG(s) dict_keys(['example_weekday_branch_operator']) retrieved from /home/user/workspace/airflow/airflow_env/lib/python3.6/site-packages/airflow/example_dags/example_branch_day_of_week_operator.py
[2021-10-18 17:18:23,295] {logging_mixin.py:109} INFO - [2021-10-18 17:18:23,294] {dag.py:2389} INFO - Sync 1 DAGs
[2021-10-18 17:18:23,322] {logging_mixin.py:109} INFO - [2021-10-18 17:18:23,322] {dag.py:2914} INFO - Setting next_dagrun for example_weekday_branch_operator to 2021-10-17 00:00:00+00:00
[2021-10-18 17:18:23,335] {processor.py:171} INFO - Processing /home/user/workspace/airflow/airflow_env/lib/python3.6/site-packages/airflow/example_dags/example_branch_day_of_week_operator.py took 0.096 seconds
[2021-10-18 17:19:14,851] {processor.py:163} INFO - Started process (PID=23566) to work on /home/user/workspace/airflow/airflow_env/lib/python3.6/site-packages/airflow/example_dags/example_branch_day_of_week_operator.py
[2021-10-18 17:19:14,852] {processor.py:620} INFO - Processing file /home/user/workspace/airflow/airflow_env/lib/python3.6/site-packages/airflow/example_dags/example_branch_day_of_week_operator.py for tasks to queue
[2021-10-18 17:19:14,853] {logging_mixin.py:109} INFO - [2021-10-18 17:19:14,853] {dagbag.py:500} INFO - Filling up the DagBag from /home/user/workspace/airflow/airflow_env/lib/python3.6/site-packages/airflow/example_dags/example_branch_day_of_week_operator.py
[2021-10-18 17:19:14,914] {processor.py:632} INFO - DAG(s) dict_keys(['example_weekday_branch_operator']) retrieved from /home/user/workspace/airflow/airflow_env/lib/python3.6/site-packages/airflow/example_dags/example_branch_day_of_week_operator.py
[2021-10-18 17:19:14,931] {logging_mixin.py:109} INFO - [2021-10-18 17:19:14,931] {dag.py:2389} INFO - Sync 1 DAGs
[2021-10-18 17:19:14,974] {logging_mixin.py:109} INFO - [2021-10-18 17:19:14,973] {dag.py:2914} INFO - Setting next_dagrun for example_weekday_branch_operator to 2021-10-17 00:00:00+00:00
[2021-10-18 17:19:14,987] {processor.py:171} INFO - Processing /home/user/workspace/airflow/airflow_env/lib/python3.6/site-packages/airflow/example_dags/example_branch_day_of_week_operator.py took 0.146 seconds
[2021-10-18 17:20:03,901] {processor.py:163} INFO - Started process (PID=23669) to work on /home/user/workspace/airflow/airflow_env/lib/python3.6/site-packages/airflow/example_dags/example_branch_day_of_week_operator.py
[2021-10-18 17:20:03,903] {processor.py:620} INFO - Processing file /home/user/workspace/airflow/airflow_env/lib/python3.6/site-packages/airflow/example_dags/example_branch_day_of_week_operator.py for tasks to queue
[2021-10-18 17:20:03,905] {logging_mixin.py:109} INFO - [2021-10-18 17:20:03,904] {dagbag.py:500} INFO - Filling up the DagBag from /home/user/workspace/airflow/airflow_env/lib/python3.6/site-packages/airflow/example_dags/example_branch_day_of_week_operator.py
[2021-10-18 17:20:03,953] {processor.py:632} INFO - DAG(s) dict_keys(['example_weekday_branch_operator']) retrieved from /home/user/workspace/airflow/airflow_env/lib/python3.6/site-packages/airflow/example_dags/example_branch_day_of_week_operator.py
[2021-10-18 17:20:03,974] {logging_mixin.py:109} INFO - [2021-10-18 17:20:03,973] {dag.py:2389} INFO - Sync 1 DAGs
[2021-10-18 17:20:04,006] {logging_mixin.py:109} INFO - [2021-10-18 17:20:04,006] {dag.py:2914} INFO - Setting next_dagrun for example_weekday_branch_operator to 2021-10-17 00:00:00+00:00
[2021-10-18 17:20:04,025] {processor.py:171} INFO - Processing /home/user/workspace/airflow/airflow_env/lib/python3.6/site-packages/airflow/example_dags/example_branch_day_of_week_operator.py took 0.129 seconds
[2021-10-18 17:20:59,819] {processor.py:163} INFO - Started process (PID=23757) to work on /home/user/workspace/airflow/airflow_env/lib/python3.6/site-packages/airflow/example_dags/example_branch_day_of_week_operator.py
[2021-10-18 17:20:59,833] {processor.py:620} INFO - Processing file /home/user/workspace/airflow/airflow_env/lib/python3.6/site-packages/airflow/example_dags/example_branch_day_of_week_operator.py for tasks to queue
[2021-10-18 17:20:59,837] {logging_mixin.py:109} INFO - [2021-10-18 17:20:59,836] {dagbag.py:500} INFO - Filling up the DagBag from /home/user/workspace/airflow/airflow_env/lib/python3.6/site-packages/airflow/example_dags/example_branch_day_of_week_operator.py
[2021-10-18 17:20:59,942] {processor.py:632} INFO - DAG(s) dict_keys(['example_weekday_branch_operator']) retrieved from /home/user/workspace/airflow/airflow_env/lib/python3.6/site-packages/airflow/example_dags/example_branch_day_of_week_operator.py
[2021-10-18 17:20:59,987] {logging_mixin.py:109} INFO - [2021-10-18 17:20:59,987] {dag.py:2389} INFO - Sync 1 DAGs
[2021-10-18 17:21:00,033] {logging_mixin.py:109} INFO - [2021-10-18 17:21:00,033] {dag.py:2914} INFO - Setting next_dagrun for example_weekday_branch_operator to 2021-10-17 00:00:00+00:00
[2021-10-18 17:21:00,049] {processor.py:171} INFO - Processing /home/user/workspace/airflow/airflow_env/lib/python3.6/site-packages/airflow/example_dags/example_branch_day_of_week_operator.py took 0.241 seconds
[2021-10-18 17:22:02,085] {processor.py:163} INFO - Started process (PID=24014) to work on /home/user/workspace/airflow/airflow_env/lib/python3.6/site-packages/airflow/example_dags/example_branch_day_of_week_operator.py
[2021-10-18 17:22:02,087] {processor.py:620} INFO - Processing file /home/user/workspace/airflow/airflow_env/lib/python3.6/site-packages/airflow/example_dags/example_branch_day_of_week_operator.py for tasks to queue
[2021-10-18 17:22:02,088] {logging_mixin.py:109} INFO - [2021-10-18 17:22:02,088] {dagbag.py:500} INFO - Filling up the DagBag from /home/user/workspace/airflow/airflow_env/lib/python3.6/site-packages/airflow/example_dags/example_branch_day_of_week_operator.py
[2021-10-18 17:22:02,132] {processor.py:632} INFO - DAG(s) dict_keys(['example_weekday_branch_operator']) retrieved from /home/user/workspace/airflow/airflow_env/lib/python3.6/site-packages/airflow/example_dags/example_branch_day_of_week_operator.py
[2021-10-18 17:22:02,154] {logging_mixin.py:109} INFO - [2021-10-18 17:22:02,154] {dag.py:2389} INFO - Sync 1 DAGs
[2021-10-18 17:22:02,189] {logging_mixin.py:109} INFO - [2021-10-18 17:22:02,189] {dag.py:2914} INFO - Setting next_dagrun for example_weekday_branch_operator to 2021-10-17 00:00:00+00:00
[2021-10-18 17:22:02,205] {processor.py:171} INFO - Processing /home/user/workspace/airflow/airflow_env/lib/python3.6/site-packages/airflow/example_dags/example_branch_day_of_week_operator.py took 0.126 seconds
[2021-10-18 17:22:58,278] {processor.py:163} INFO - Started process (PID=24149) to work on /home/user/workspace/airflow/airflow_env/lib/python3.6/site-packages/airflow/example_dags/example_branch_day_of_week_operator.py
[2021-10-18 17:22:58,289] {processor.py:620} INFO - Processing file /home/user/workspace/airflow/airflow_env/lib/python3.6/site-packages/airflow/example_dags/example_branch_day_of_week_operator.py for tasks to queue
[2021-10-18 17:22:58,290] {logging_mixin.py:109} INFO - [2021-10-18 17:22:58,290] {dagbag.py:500} INFO - Filling up the DagBag from /home/user/workspace/airflow/airflow_env/lib/python3.6/site-packages/airflow/example_dags/example_branch_day_of_week_operator.py
[2021-10-18 17:22:58,316] {processor.py:632} INFO - DAG(s) dict_keys(['example_weekday_branch_operator']) retrieved from /home/user/workspace/airflow/airflow_env/lib/python3.6/site-packages/airflow/example_dags/example_branch_day_of_week_operator.py
[2021-10-18 17:22:58,327] {logging_mixin.py:109} INFO - [2021-10-18 17:22:58,327] {dag.py:2389} INFO - Sync 1 DAGs
[2021-10-18 17:22:58,345] {logging_mixin.py:109} INFO - [2021-10-18 17:22:58,345] {dag.py:2914} INFO - Setting next_dagrun for example_weekday_branch_operator to 2021-10-17 00:00:00+00:00
[2021-10-18 17:22:58,355] {processor.py:171} INFO - Processing /home/user/workspace/airflow/airflow_env/lib/python3.6/site-packages/airflow/example_dags/example_branch_day_of_week_operator.py took 0.081 seconds
[2021-10-18 17:23:52,665] {processor.py:163} INFO - Started process (PID=24248) to work on /home/user/workspace/airflow/airflow_env/lib/python3.6/site-packages/airflow/example_dags/example_branch_day_of_week_operator.py
[2021-10-18 17:23:52,667] {processor.py:620} INFO - Processing file /home/user/workspace/airflow/airflow_env/lib/python3.6/site-packages/airflow/example_dags/example_branch_day_of_week_operator.py for tasks to queue
[2021-10-18 17:23:52,669] {logging_mixin.py:109} INFO - [2021-10-18 17:23:52,668] {dagbag.py:500} INFO - Filling up the DagBag from /home/user/workspace/airflow/airflow_env/lib/python3.6/site-packages/airflow/example_dags/example_branch_day_of_week_operator.py
[2021-10-18 17:23:52,732] {processor.py:632} INFO - DAG(s) dict_keys(['example_weekday_branch_operator']) retrieved from /home/user/workspace/airflow/airflow_env/lib/python3.6/site-packages/airflow/example_dags/example_branch_day_of_week_operator.py
[2021-10-18 17:23:52,762] {logging_mixin.py:109} INFO - [2021-10-18 17:23:52,762] {dag.py:2389} INFO - Sync 1 DAGs
[2021-10-18 17:23:52,809] {logging_mixin.py:109} INFO - [2021-10-18 17:23:52,809] {dag.py:2914} INFO - Setting next_dagrun for example_weekday_branch_operator to 2021-10-17 00:00:00+00:00
[2021-10-18 17:23:52,836] {processor.py:171} INFO - Processing /home/user/workspace/airflow/airflow_env/lib/python3.6/site-packages/airflow/example_dags/example_branch_day_of_week_operator.py took 0.179 seconds
[2021-10-18 17:24:53,518] {processor.py:163} INFO - Started process (PID=24371) to work on /home/user/workspace/airflow/airflow_env/lib/python3.6/site-packages/airflow/example_dags/example_branch_day_of_week_operator.py
[2021-10-18 17:24:53,530] {processor.py:620} INFO - Processing file /home/user/workspace/airflow/airflow_env/lib/python3.6/site-packages/airflow/example_dags/example_branch_day_of_week_operator.py for tasks to queue
[2021-10-18 17:24:53,532] {logging_mixin.py:109} INFO - [2021-10-18 17:24:53,532] {dagbag.py:500} INFO - Filling up the DagBag from /home/user/workspace/airflow/airflow_env/lib/python3.6/site-packages/airflow/example_dags/example_branch_day_of_week_operator.py
[2021-10-18 17:24:53,571] {processor.py:632} INFO - DAG(s) dict_keys(['example_weekday_branch_operator']) retrieved from /home/user/workspace/airflow/airflow_env/lib/python3.6/site-packages/airflow/example_dags/example_branch_day_of_week_operator.py
[2021-10-18 17:24:53,589] {logging_mixin.py:109} INFO - [2021-10-18 17:24:53,589] {dag.py:2389} INFO - Sync 1 DAGs
[2021-10-18 17:24:53,623] {logging_mixin.py:109} INFO - [2021-10-18 17:24:53,622] {dag.py:2914} INFO - Setting next_dagrun for example_weekday_branch_operator to 2021-10-17 00:00:00+00:00
[2021-10-18 17:24:53,643] {processor.py:171} INFO - Processing /home/user/workspace/airflow/airflow_env/lib/python3.6/site-packages/airflow/example_dags/example_branch_day_of_week_operator.py took 0.136 seconds
[2021-10-18 17:25:51,591] {processor.py:163} INFO - Started process (PID=24553) to work on /home/user/workspace/airflow/airflow_env/lib/python3.6/site-packages/airflow/example_dags/example_branch_day_of_week_operator.py
[2021-10-18 17:25:51,593] {processor.py:620} INFO - Processing file /home/user/workspace/airflow/airflow_env/lib/python3.6/site-packages/airflow/example_dags/example_branch_day_of_week_operator.py for tasks to queue
[2021-10-18 17:25:51,594] {logging_mixin.py:109} INFO - [2021-10-18 17:25:51,594] {dagbag.py:500} INFO - Filling up the DagBag from /home/user/workspace/airflow/airflow_env/lib/python3.6/site-packages/airflow/example_dags/example_branch_day_of_week_operator.py
[2021-10-18 17:25:51,647] {processor.py:632} INFO - DAG(s) dict_keys(['example_weekday_branch_operator']) retrieved from /home/user/workspace/airflow/airflow_env/lib/python3.6/site-packages/airflow/example_dags/example_branch_day_of_week_operator.py
[2021-10-18 17:25:51,669] {logging_mixin.py:109} INFO - [2021-10-18 17:25:51,669] {dag.py:2389} INFO - Sync 1 DAGs
[2021-10-18 17:25:51,699] {logging_mixin.py:109} INFO - [2021-10-18 17:25:51,699] {dag.py:2914} INFO - Setting next_dagrun for example_weekday_branch_operator to 2021-10-17 00:00:00+00:00
[2021-10-18 17:25:51,715] {processor.py:171} INFO - Processing /home/user/workspace/airflow/airflow_env/lib/python3.6/site-packages/airflow/example_dags/example_branch_day_of_week_operator.py took 0.130 seconds
[2021-10-18 17:26:49,573] {processor.py:163} INFO - Started process (PID=24734) to work on /home/user/workspace/airflow/airflow_env/lib/python3.6/site-packages/airflow/example_dags/example_branch_day_of_week_operator.py
[2021-10-18 17:26:49,585] {processor.py:620} INFO - Processing file /home/user/workspace/airflow/airflow_env/lib/python3.6/site-packages/airflow/example_dags/example_branch_day_of_week_operator.py for tasks to queue
[2021-10-18 17:26:49,587] {logging_mixin.py:109} INFO - [2021-10-18 17:26:49,587] {dagbag.py:500} INFO - Filling up the DagBag from /home/user/workspace/airflow/airflow_env/lib/python3.6/site-packages/airflow/example_dags/example_branch_day_of_week_operator.py
[2021-10-18 17:26:49,642] {processor.py:632} INFO - DAG(s) dict_keys(['example_weekday_branch_operator']) retrieved from /home/user/workspace/airflow/airflow_env/lib/python3.6/site-packages/airflow/example_dags/example_branch_day_of_week_operator.py
[2021-10-18 17:26:49,664] {logging_mixin.py:109} INFO - [2021-10-18 17:26:49,664] {dag.py:2389} INFO - Sync 1 DAGs
[2021-10-18 17:26:49,692] {logging_mixin.py:109} INFO - [2021-10-18 17:26:49,692] {dag.py:2914} INFO - Setting next_dagrun for example_weekday_branch_operator to 2021-10-17 00:00:00+00:00
[2021-10-18 17:26:49,702] {processor.py:171} INFO - Processing /home/user/workspace/airflow/airflow_env/lib/python3.6/site-packages/airflow/example_dags/example_branch_day_of_week_operator.py took 0.135 seconds
[2021-10-18 17:27:47,060] {processor.py:163} INFO - Started process (PID=24862) to work on /home/user/workspace/airflow/airflow_env/lib/python3.6/site-packages/airflow/example_dags/example_branch_day_of_week_operator.py
[2021-10-18 17:27:47,062] {processor.py:620} INFO - Processing file /home/user/workspace/airflow/airflow_env/lib/python3.6/site-packages/airflow/example_dags/example_branch_day_of_week_operator.py for tasks to queue
[2021-10-18 17:27:47,064] {logging_mixin.py:109} INFO - [2021-10-18 17:27:47,063] {dagbag.py:500} INFO - Filling up the DagBag from /home/user/workspace/airflow/airflow_env/lib/python3.6/site-packages/airflow/example_dags/example_branch_day_of_week_operator.py
[2021-10-18 17:27:47,105] {processor.py:632} INFO - DAG(s) dict_keys(['example_weekday_branch_operator']) retrieved from /home/user/workspace/airflow/airflow_env/lib/python3.6/site-packages/airflow/example_dags/example_branch_day_of_week_operator.py
[2021-10-18 17:27:47,128] {logging_mixin.py:109} INFO - [2021-10-18 17:27:47,128] {dag.py:2389} INFO - Sync 1 DAGs
[2021-10-18 17:27:47,162] {logging_mixin.py:109} INFO - [2021-10-18 17:27:47,161] {dag.py:2914} INFO - Setting next_dagrun for example_weekday_branch_operator to 2021-10-17 00:00:00+00:00
[2021-10-18 17:27:47,177] {processor.py:171} INFO - Processing /home/user/workspace/airflow/airflow_env/lib/python3.6/site-packages/airflow/example_dags/example_branch_day_of_week_operator.py took 0.122 seconds
[2021-10-18 17:28:51,073] {processor.py:163} INFO - Started process (PID=25105) to work on /home/user/workspace/airflow/airflow_env/lib/python3.6/site-packages/airflow/example_dags/example_branch_day_of_week_operator.py
[2021-10-18 17:28:51,076] {processor.py:620} INFO - Processing file /home/user/workspace/airflow/airflow_env/lib/python3.6/site-packages/airflow/example_dags/example_branch_day_of_week_operator.py for tasks to queue
[2021-10-18 17:28:51,077] {logging_mixin.py:109} INFO - [2021-10-18 17:28:51,077] {dagbag.py:500} INFO - Filling up the DagBag from /home/user/workspace/airflow/airflow_env/lib/python3.6/site-packages/airflow/example_dags/example_branch_day_of_week_operator.py
[2021-10-18 17:28:51,121] {processor.py:632} INFO - DAG(s) dict_keys(['example_weekday_branch_operator']) retrieved from /home/user/workspace/airflow/airflow_env/lib/python3.6/site-packages/airflow/example_dags/example_branch_day_of_week_operator.py
[2021-10-18 17:28:51,140] {logging_mixin.py:109} INFO - [2021-10-18 17:28:51,140] {dag.py:2389} INFO - Sync 1 DAGs
[2021-10-18 17:28:51,158] {logging_mixin.py:109} INFO - [2021-10-18 17:28:51,158] {dag.py:2914} INFO - Setting next_dagrun for example_weekday_branch_operator to 2021-10-17 00:00:00+00:00
[2021-10-18 17:28:51,166] {processor.py:171} INFO - Processing /home/user/workspace/airflow/airflow_env/lib/python3.6/site-packages/airflow/example_dags/example_branch_day_of_week_operator.py took 0.099 seconds
[2021-10-18 17:29:52,098] {processor.py:163} INFO - Started process (PID=25257) to work on /home/user/workspace/airflow/airflow_env/lib/python3.6/site-packages/airflow/example_dags/example_branch_day_of_week_operator.py
[2021-10-18 17:29:52,100] {processor.py:620} INFO - Processing file /home/user/workspace/airflow/airflow_env/lib/python3.6/site-packages/airflow/example_dags/example_branch_day_of_week_operator.py for tasks to queue
[2021-10-18 17:29:52,101] {logging_mixin.py:109} INFO - [2021-10-18 17:29:52,101] {dagbag.py:500} INFO - Filling up the DagBag from /home/user/workspace/airflow/airflow_env/lib/python3.6/site-packages/airflow/example_dags/example_branch_day_of_week_operator.py
[2021-10-18 17:29:52,147] {processor.py:632} INFO - DAG(s) dict_keys(['example_weekday_branch_operator']) retrieved from /home/user/workspace/airflow/airflow_env/lib/python3.6/site-packages/airflow/example_dags/example_branch_day_of_week_operator.py
[2021-10-18 17:29:52,169] {logging_mixin.py:109} INFO - [2021-10-18 17:29:52,168] {dag.py:2389} INFO - Sync 1 DAGs
[2021-10-18 17:29:52,198] {logging_mixin.py:109} INFO - [2021-10-18 17:29:52,198] {dag.py:2914} INFO - Setting next_dagrun for example_weekday_branch_operator to 2021-10-17 00:00:00+00:00
[2021-10-18 17:29:52,216] {processor.py:171} INFO - Processing /home/user/workspace/airflow/airflow_env/lib/python3.6/site-packages/airflow/example_dags/example_branch_day_of_week_operator.py took 0.123 seconds
[2021-10-18 17:30:50,906] {processor.py:163} INFO - Started process (PID=25435) to work on /home/user/workspace/airflow/airflow_env/lib/python3.6/site-packages/airflow/example_dags/example_branch_day_of_week_operator.py
[2021-10-18 17:30:50,909] {processor.py:620} INFO - Processing file /home/user/workspace/airflow/airflow_env/lib/python3.6/site-packages/airflow/example_dags/example_branch_day_of_week_operator.py for tasks to queue
[2021-10-18 17:30:50,911] {logging_mixin.py:109} INFO - [2021-10-18 17:30:50,911] {dagbag.py:500} INFO - Filling up the DagBag from /home/user/workspace/airflow/airflow_env/lib/python3.6/site-packages/airflow/example_dags/example_branch_day_of_week_operator.py
[2021-10-18 17:30:50,977] {processor.py:632} INFO - DAG(s) dict_keys(['example_weekday_branch_operator']) retrieved from /home/user/workspace/airflow/airflow_env/lib/python3.6/site-packages/airflow/example_dags/example_branch_day_of_week_operator.py
[2021-10-18 17:30:51,001] {logging_mixin.py:109} INFO - [2021-10-18 17:30:51,001] {dag.py:2389} INFO - Sync 1 DAGs
[2021-10-18 17:30:51,022] {logging_mixin.py:109} INFO - [2021-10-18 17:30:51,022] {dag.py:2914} INFO - Setting next_dagrun for example_weekday_branch_operator to 2021-10-17 00:00:00+00:00
[2021-10-18 17:30:51,031] {processor.py:171} INFO - Processing /home/user/workspace/airflow/airflow_env/lib/python3.6/site-packages/airflow/example_dags/example_branch_day_of_week_operator.py took 0.132 seconds
[2021-10-18 17:31:53,416] {processor.py:163} INFO - Started process (PID=25602) to work on /home/user/workspace/airflow/airflow_env/lib/python3.6/site-packages/airflow/example_dags/example_branch_day_of_week_operator.py
[2021-10-18 17:31:53,418] {processor.py:620} INFO - Processing file /home/user/workspace/airflow/airflow_env/lib/python3.6/site-packages/airflow/example_dags/example_branch_day_of_week_operator.py for tasks to queue
[2021-10-18 17:31:53,420] {logging_mixin.py:109} INFO - [2021-10-18 17:31:53,419] {dagbag.py:500} INFO - Filling up the DagBag from /home/user/workspace/airflow/airflow_env/lib/python3.6/site-packages/airflow/example_dags/example_branch_day_of_week_operator.py
[2021-10-18 17:31:53,469] {processor.py:632} INFO - DAG(s) dict_keys(['example_weekday_branch_operator']) retrieved from /home/user/workspace/airflow/airflow_env/lib/python3.6/site-packages/airflow/example_dags/example_branch_day_of_week_operator.py
[2021-10-18 17:31:53,495] {logging_mixin.py:109} INFO - [2021-10-18 17:31:53,494] {dag.py:2389} INFO - Sync 1 DAGs
[2021-10-18 17:31:53,529] {logging_mixin.py:109} INFO - [2021-10-18 17:31:53,528] {dag.py:2914} INFO - Setting next_dagrun for example_weekday_branch_operator to 2021-10-17 00:00:00+00:00
[2021-10-18 17:31:53,542] {processor.py:171} INFO - Processing /home/user/workspace/airflow/airflow_env/lib/python3.6/site-packages/airflow/example_dags/example_branch_day_of_week_operator.py took 0.133 seconds
[2021-10-18 17:32:57,616] {processor.py:163} INFO - Started process (PID=25833) to work on /home/user/workspace/airflow/airflow_env/lib/python3.6/site-packages/airflow/example_dags/example_branch_day_of_week_operator.py
[2021-10-18 17:32:57,627] {processor.py:620} INFO - Processing file /home/user/workspace/airflow/airflow_env/lib/python3.6/site-packages/airflow/example_dags/example_branch_day_of_week_operator.py for tasks to queue
[2021-10-18 17:32:57,629] {logging_mixin.py:109} INFO - [2021-10-18 17:32:57,628] {dagbag.py:500} INFO - Filling up the DagBag from /home/user/workspace/airflow/airflow_env/lib/python3.6/site-packages/airflow/example_dags/example_branch_day_of_week_operator.py
[2021-10-18 17:32:57,672] {processor.py:632} INFO - DAG(s) dict_keys(['example_weekday_branch_operator']) retrieved from /home/user/workspace/airflow/airflow_env/lib/python3.6/site-packages/airflow/example_dags/example_branch_day_of_week_operator.py
[2021-10-18 17:32:57,694] {logging_mixin.py:109} INFO - [2021-10-18 17:32:57,693] {dag.py:2389} INFO - Sync 1 DAGs
[2021-10-18 17:32:57,728] {logging_mixin.py:109} INFO - [2021-10-18 17:32:57,727] {dag.py:2914} INFO - Setting next_dagrun for example_weekday_branch_operator to 2021-10-17 00:00:00+00:00
[2021-10-18 17:32:57,743] {processor.py:171} INFO - Processing /home/user/workspace/airflow/airflow_env/lib/python3.6/site-packages/airflow/example_dags/example_branch_day_of_week_operator.py took 0.134 seconds
[2021-10-18 17:33:53,403] {processor.py:163} INFO - Started process (PID=25939) to work on /home/user/workspace/airflow/airflow_env/lib/python3.6/site-packages/airflow/example_dags/example_branch_day_of_week_operator.py
[2021-10-18 17:33:53,405] {processor.py:620} INFO - Processing file /home/user/workspace/airflow/airflow_env/lib/python3.6/site-packages/airflow/example_dags/example_branch_day_of_week_operator.py for tasks to queue
[2021-10-18 17:33:53,406] {logging_mixin.py:109} INFO - [2021-10-18 17:33:53,406] {dagbag.py:500} INFO - Filling up the DagBag from /home/user/workspace/airflow/airflow_env/lib/python3.6/site-packages/airflow/example_dags/example_branch_day_of_week_operator.py
[2021-10-18 17:33:53,449] {processor.py:632} INFO - DAG(s) dict_keys(['example_weekday_branch_operator']) retrieved from /home/user/workspace/airflow/airflow_env/lib/python3.6/site-packages/airflow/example_dags/example_branch_day_of_week_operator.py
[2021-10-18 17:33:53,469] {logging_mixin.py:109} INFO - [2021-10-18 17:33:53,469] {dag.py:2389} INFO - Sync 1 DAGs
[2021-10-18 17:33:53,501] {logging_mixin.py:109} INFO - [2021-10-18 17:33:53,501] {dag.py:2914} INFO - Setting next_dagrun for example_weekday_branch_operator to 2021-10-17 00:00:00+00:00
[2021-10-18 17:33:53,518] {processor.py:171} INFO - Processing /home/user/workspace/airflow/airflow_env/lib/python3.6/site-packages/airflow/example_dags/example_branch_day_of_week_operator.py took 0.120 seconds
[2021-10-18 17:34:52,276] {processor.py:163} INFO - Started process (PID=26043) to work on /home/user/workspace/airflow/airflow_env/lib/python3.6/site-packages/airflow/example_dags/example_branch_day_of_week_operator.py
[2021-10-18 17:34:52,279] {processor.py:620} INFO - Processing file /home/user/workspace/airflow/airflow_env/lib/python3.6/site-packages/airflow/example_dags/example_branch_day_of_week_operator.py for tasks to queue
[2021-10-18 17:34:52,280] {logging_mixin.py:109} INFO - [2021-10-18 17:34:52,280] {dagbag.py:500} INFO - Filling up the DagBag from /home/user/workspace/airflow/airflow_env/lib/python3.6/site-packages/airflow/example_dags/example_branch_day_of_week_operator.py
[2021-10-18 17:34:52,338] {processor.py:632} INFO - DAG(s) dict_keys(['example_weekday_branch_operator']) retrieved from /home/user/workspace/airflow/airflow_env/lib/python3.6/site-packages/airflow/example_dags/example_branch_day_of_week_operator.py
[2021-10-18 17:34:52,362] {logging_mixin.py:109} INFO - [2021-10-18 17:34:52,361] {dag.py:2389} INFO - Sync 1 DAGs
[2021-10-18 17:34:52,396] {logging_mixin.py:109} INFO - [2021-10-18 17:34:52,396] {dag.py:2914} INFO - Setting next_dagrun for example_weekday_branch_operator to 2021-10-17 00:00:00+00:00
[2021-10-18 17:34:52,409] {processor.py:171} INFO - Processing /home/user/workspace/airflow/airflow_env/lib/python3.6/site-packages/airflow/example_dags/example_branch_day_of_week_operator.py took 0.139 seconds
[2021-10-18 17:35:50,686] {processor.py:163} INFO - Started process (PID=26250) to work on /home/user/workspace/airflow/airflow_env/lib/python3.6/site-packages/airflow/example_dags/example_branch_day_of_week_operator.py
[2021-10-18 17:35:50,688] {processor.py:620} INFO - Processing file /home/user/workspace/airflow/airflow_env/lib/python3.6/site-packages/airflow/example_dags/example_branch_day_of_week_operator.py for tasks to queue
[2021-10-18 17:35:50,689] {logging_mixin.py:109} INFO - [2021-10-18 17:35:50,689] {dagbag.py:500} INFO - Filling up the DagBag from /home/user/workspace/airflow/airflow_env/lib/python3.6/site-packages/airflow/example_dags/example_branch_day_of_week_operator.py
[2021-10-18 17:35:50,754] {processor.py:632} INFO - DAG(s) dict_keys(['example_weekday_branch_operator']) retrieved from /home/user/workspace/airflow/airflow_env/lib/python3.6/site-packages/airflow/example_dags/example_branch_day_of_week_operator.py
[2021-10-18 17:35:50,782] {logging_mixin.py:109} INFO - [2021-10-18 17:35:50,781] {dag.py:2389} INFO - Sync 1 DAGs
[2021-10-18 17:35:50,824] {logging_mixin.py:109} INFO - [2021-10-18 17:35:50,823] {dag.py:2914} INFO - Setting next_dagrun for example_weekday_branch_operator to 2021-10-17 00:00:00+00:00
[2021-10-18 17:35:50,847] {processor.py:171} INFO - Processing /home/user/workspace/airflow/airflow_env/lib/python3.6/site-packages/airflow/example_dags/example_branch_day_of_week_operator.py took 0.171 seconds
[2021-10-18 17:36:52,122] {processor.py:163} INFO - Started process (PID=26374) to work on /home/user/workspace/airflow/airflow_env/lib/python3.6/site-packages/airflow/example_dags/example_branch_day_of_week_operator.py
[2021-10-18 17:36:52,134] {processor.py:620} INFO - Processing file /home/user/workspace/airflow/airflow_env/lib/python3.6/site-packages/airflow/example_dags/example_branch_day_of_week_operator.py for tasks to queue
[2021-10-18 17:36:52,135] {logging_mixin.py:109} INFO - [2021-10-18 17:36:52,135] {dagbag.py:500} INFO - Filling up the DagBag from /home/user/workspace/airflow/airflow_env/lib/python3.6/site-packages/airflow/example_dags/example_branch_day_of_week_operator.py
[2021-10-18 17:36:52,181] {processor.py:632} INFO - DAG(s) dict_keys(['example_weekday_branch_operator']) retrieved from /home/user/workspace/airflow/airflow_env/lib/python3.6/site-packages/airflow/example_dags/example_branch_day_of_week_operator.py
[2021-10-18 17:36:52,206] {logging_mixin.py:109} INFO - [2021-10-18 17:36:52,206] {dag.py:2389} INFO - Sync 1 DAGs
[2021-10-18 17:36:52,242] {logging_mixin.py:109} INFO - [2021-10-18 17:36:52,242] {dag.py:2914} INFO - Setting next_dagrun for example_weekday_branch_operator to 2021-10-17 00:00:00+00:00
[2021-10-18 17:36:52,254] {processor.py:171} INFO - Processing /home/user/workspace/airflow/airflow_env/lib/python3.6/site-packages/airflow/example_dags/example_branch_day_of_week_operator.py took 0.139 seconds
[2021-10-18 17:37:51,874] {processor.py:163} INFO - Started process (PID=26518) to work on /home/user/workspace/airflow/airflow_env/lib/python3.6/site-packages/airflow/example_dags/example_branch_day_of_week_operator.py
[2021-10-18 17:37:51,876] {processor.py:620} INFO - Processing file /home/user/workspace/airflow/airflow_env/lib/python3.6/site-packages/airflow/example_dags/example_branch_day_of_week_operator.py for tasks to queue
[2021-10-18 17:37:51,878] {logging_mixin.py:109} INFO - [2021-10-18 17:37:51,878] {dagbag.py:500} INFO - Filling up the DagBag from /home/user/workspace/airflow/airflow_env/lib/python3.6/site-packages/airflow/example_dags/example_branch_day_of_week_operator.py
[2021-10-18 17:37:51,929] {processor.py:632} INFO - DAG(s) dict_keys(['example_weekday_branch_operator']) retrieved from /home/user/workspace/airflow/airflow_env/lib/python3.6/site-packages/airflow/example_dags/example_branch_day_of_week_operator.py
[2021-10-18 17:37:51,954] {logging_mixin.py:109} INFO - [2021-10-18 17:37:51,954] {dag.py:2389} INFO - Sync 1 DAGs
[2021-10-18 17:37:51,989] {logging_mixin.py:109} INFO - [2021-10-18 17:37:51,988] {dag.py:2914} INFO - Setting next_dagrun for example_weekday_branch_operator to 2021-10-17 00:00:00+00:00
[2021-10-18 17:37:52,000] {processor.py:171} INFO - Processing /home/user/workspace/airflow/airflow_env/lib/python3.6/site-packages/airflow/example_dags/example_branch_day_of_week_operator.py took 0.132 seconds
[2021-10-18 17:38:54,933] {processor.py:163} INFO - Started process (PID=26630) to work on /home/user/workspace/airflow/airflow_env/lib/python3.6/site-packages/airflow/example_dags/example_branch_day_of_week_operator.py
[2021-10-18 17:38:54,947] {processor.py:620} INFO - Processing file /home/user/workspace/airflow/airflow_env/lib/python3.6/site-packages/airflow/example_dags/example_branch_day_of_week_operator.py for tasks to queue
[2021-10-18 17:38:54,949] {logging_mixin.py:109} INFO - [2021-10-18 17:38:54,948] {dagbag.py:500} INFO - Filling up the DagBag from /home/user/workspace/airflow/airflow_env/lib/python3.6/site-packages/airflow/example_dags/example_branch_day_of_week_operator.py
[2021-10-18 17:38:55,012] {processor.py:632} INFO - DAG(s) dict_keys(['example_weekday_branch_operator']) retrieved from /home/user/workspace/airflow/airflow_env/lib/python3.6/site-packages/airflow/example_dags/example_branch_day_of_week_operator.py
[2021-10-18 17:38:55,030] {logging_mixin.py:109} INFO - [2021-10-18 17:38:55,030] {dag.py:2389} INFO - Sync 1 DAGs
[2021-10-18 17:38:55,053] {logging_mixin.py:109} INFO - [2021-10-18 17:38:55,053] {dag.py:2914} INFO - Setting next_dagrun for example_weekday_branch_operator to 2021-10-17 00:00:00+00:00
[2021-10-18 17:38:55,068] {processor.py:171} INFO - Processing /home/user/workspace/airflow/airflow_env/lib/python3.6/site-packages/airflow/example_dags/example_branch_day_of_week_operator.py took 0.146 seconds
[2021-10-18 17:40:02,333] {processor.py:163} INFO - Started process (PID=26771) to work on /home/user/workspace/airflow/airflow_env/lib/python3.6/site-packages/airflow/example_dags/example_branch_day_of_week_operator.py
[2021-10-18 17:40:02,338] {processor.py:620} INFO - Processing file /home/user/workspace/airflow/airflow_env/lib/python3.6/site-packages/airflow/example_dags/example_branch_day_of_week_operator.py for tasks to queue
[2021-10-18 17:40:02,344] {logging_mixin.py:109} INFO - [2021-10-18 17:40:02,342] {dagbag.py:500} INFO - Filling up the DagBag from /home/user/workspace/airflow/airflow_env/lib/python3.6/site-packages/airflow/example_dags/example_branch_day_of_week_operator.py
[2021-10-18 17:40:02,424] {processor.py:632} INFO - DAG(s) dict_keys(['example_weekday_branch_operator']) retrieved from /home/user/workspace/airflow/airflow_env/lib/python3.6/site-packages/airflow/example_dags/example_branch_day_of_week_operator.py
[2021-10-18 17:40:02,441] {logging_mixin.py:109} INFO - [2021-10-18 17:40:02,441] {dag.py:2389} INFO - Sync 1 DAGs
[2021-10-18 17:40:02,459] {logging_mixin.py:109} INFO - [2021-10-18 17:40:02,459] {dag.py:2914} INFO - Setting next_dagrun for example_weekday_branch_operator to 2021-10-17 00:00:00+00:00
[2021-10-18 17:40:02,468] {processor.py:171} INFO - Processing /home/user/workspace/airflow/airflow_env/lib/python3.6/site-packages/airflow/example_dags/example_branch_day_of_week_operator.py took 0.143 seconds
[2021-10-18 17:41:03,005] {processor.py:163} INFO - Started process (PID=27007) to work on /home/user/workspace/airflow/airflow_env/lib/python3.6/site-packages/airflow/example_dags/example_branch_day_of_week_operator.py
[2021-10-18 17:41:03,018] {processor.py:620} INFO - Processing file /home/user/workspace/airflow/airflow_env/lib/python3.6/site-packages/airflow/example_dags/example_branch_day_of_week_operator.py for tasks to queue
[2021-10-18 17:41:03,020] {logging_mixin.py:109} INFO - [2021-10-18 17:41:03,019] {dagbag.py:500} INFO - Filling up the DagBag from /home/user/workspace/airflow/airflow_env/lib/python3.6/site-packages/airflow/example_dags/example_branch_day_of_week_operator.py
[2021-10-18 17:41:03,084] {processor.py:632} INFO - DAG(s) dict_keys(['example_weekday_branch_operator']) retrieved from /home/user/workspace/airflow/airflow_env/lib/python3.6/site-packages/airflow/example_dags/example_branch_day_of_week_operator.py
[2021-10-18 17:41:03,112] {logging_mixin.py:109} INFO - [2021-10-18 17:41:03,112] {dag.py:2389} INFO - Sync 1 DAGs
[2021-10-18 17:41:03,144] {logging_mixin.py:109} INFO - [2021-10-18 17:41:03,144] {dag.py:2914} INFO - Setting next_dagrun for example_weekday_branch_operator to 2021-10-17 00:00:00+00:00
[2021-10-18 17:41:03,154] {processor.py:171} INFO - Processing /home/user/workspace/airflow/airflow_env/lib/python3.6/site-packages/airflow/example_dags/example_branch_day_of_week_operator.py took 0.157 seconds
[2021-10-18 17:42:02,056] {processor.py:163} INFO - Started process (PID=27097) to work on /home/user/workspace/airflow/airflow_env/lib/python3.6/site-packages/airflow/example_dags/example_branch_day_of_week_operator.py
[2021-10-18 17:42:02,059] {processor.py:620} INFO - Processing file /home/user/workspace/airflow/airflow_env/lib/python3.6/site-packages/airflow/example_dags/example_branch_day_of_week_operator.py for tasks to queue
[2021-10-18 17:42:02,060] {logging_mixin.py:109} INFO - [2021-10-18 17:42:02,060] {dagbag.py:500} INFO - Filling up the DagBag from /home/user/workspace/airflow/airflow_env/lib/python3.6/site-packages/airflow/example_dags/example_branch_day_of_week_operator.py
[2021-10-18 17:42:02,104] {processor.py:632} INFO - DAG(s) dict_keys(['example_weekday_branch_operator']) retrieved from /home/user/workspace/airflow/airflow_env/lib/python3.6/site-packages/airflow/example_dags/example_branch_day_of_week_operator.py
[2021-10-18 17:42:02,125] {logging_mixin.py:109} INFO - [2021-10-18 17:42:02,125] {dag.py:2389} INFO - Sync 1 DAGs
[2021-10-18 17:42:02,158] {logging_mixin.py:109} INFO - [2021-10-18 17:42:02,158] {dag.py:2914} INFO - Setting next_dagrun for example_weekday_branch_operator to 2021-10-17 00:00:00+00:00
[2021-10-18 17:42:02,170] {processor.py:171} INFO - Processing /home/user/workspace/airflow/airflow_env/lib/python3.6/site-packages/airflow/example_dags/example_branch_day_of_week_operator.py took 0.120 seconds
[2021-10-18 17:43:01,410] {processor.py:163} INFO - Started process (PID=27282) to work on /home/user/workspace/airflow/airflow_env/lib/python3.6/site-packages/airflow/example_dags/example_branch_day_of_week_operator.py
[2021-10-18 17:43:01,411] {processor.py:620} INFO - Processing file /home/user/workspace/airflow/airflow_env/lib/python3.6/site-packages/airflow/example_dags/example_branch_day_of_week_operator.py for tasks to queue
[2021-10-18 17:43:01,412] {logging_mixin.py:109} INFO - [2021-10-18 17:43:01,412] {dagbag.py:500} INFO - Filling up the DagBag from /home/user/workspace/airflow/airflow_env/lib/python3.6/site-packages/airflow/example_dags/example_branch_day_of_week_operator.py
[2021-10-18 17:43:01,430] {processor.py:632} INFO - DAG(s) dict_keys(['example_weekday_branch_operator']) retrieved from /home/user/workspace/airflow/airflow_env/lib/python3.6/site-packages/airflow/example_dags/example_branch_day_of_week_operator.py
[2021-10-18 17:43:01,439] {logging_mixin.py:109} INFO - [2021-10-18 17:43:01,439] {dag.py:2389} INFO - Sync 1 DAGs
[2021-10-18 17:43:01,453] {logging_mixin.py:109} INFO - [2021-10-18 17:43:01,453] {dag.py:2914} INFO - Setting next_dagrun for example_weekday_branch_operator to 2021-10-17 00:00:00+00:00
[2021-10-18 17:43:01,462] {processor.py:171} INFO - Processing /home/user/workspace/airflow/airflow_env/lib/python3.6/site-packages/airflow/example_dags/example_branch_day_of_week_operator.py took 0.054 seconds
[2021-10-18 17:43:58,783] {processor.py:163} INFO - Started process (PID=27475) to work on /home/user/workspace/airflow/airflow_env/lib/python3.6/site-packages/airflow/example_dags/example_branch_day_of_week_operator.py
[2021-10-18 17:43:58,785] {processor.py:620} INFO - Processing file /home/user/workspace/airflow/airflow_env/lib/python3.6/site-packages/airflow/example_dags/example_branch_day_of_week_operator.py for tasks to queue
[2021-10-18 17:43:58,787] {logging_mixin.py:109} INFO - [2021-10-18 17:43:58,786] {dagbag.py:500} INFO - Filling up the DagBag from /home/user/workspace/airflow/airflow_env/lib/python3.6/site-packages/airflow/example_dags/example_branch_day_of_week_operator.py
[2021-10-18 17:43:58,840] {processor.py:632} INFO - DAG(s) dict_keys(['example_weekday_branch_operator']) retrieved from /home/user/workspace/airflow/airflow_env/lib/python3.6/site-packages/airflow/example_dags/example_branch_day_of_week_operator.py
[2021-10-18 17:43:58,866] {logging_mixin.py:109} INFO - [2021-10-18 17:43:58,865] {dag.py:2389} INFO - Sync 1 DAGs
[2021-10-18 17:43:58,893] {logging_mixin.py:109} INFO - [2021-10-18 17:43:58,893] {dag.py:2914} INFO - Setting next_dagrun for example_weekday_branch_operator to 2021-10-17 00:00:00+00:00
[2021-10-18 17:43:58,904] {processor.py:171} INFO - Processing /home/user/workspace/airflow/airflow_env/lib/python3.6/site-packages/airflow/example_dags/example_branch_day_of_week_operator.py took 0.128 seconds
[2021-10-18 17:44:53,336] {processor.py:163} INFO - Started process (PID=27633) to work on /home/user/workspace/airflow/airflow_env/lib/python3.6/site-packages/airflow/example_dags/example_branch_day_of_week_operator.py
[2021-10-18 17:44:53,338] {processor.py:620} INFO - Processing file /home/user/workspace/airflow/airflow_env/lib/python3.6/site-packages/airflow/example_dags/example_branch_day_of_week_operator.py for tasks to queue
[2021-10-18 17:44:53,339] {logging_mixin.py:109} INFO - [2021-10-18 17:44:53,339] {dagbag.py:500} INFO - Filling up the DagBag from /home/user/workspace/airflow/airflow_env/lib/python3.6/site-packages/airflow/example_dags/example_branch_day_of_week_operator.py
[2021-10-18 17:44:53,381] {processor.py:632} INFO - DAG(s) dict_keys(['example_weekday_branch_operator']) retrieved from /home/user/workspace/airflow/airflow_env/lib/python3.6/site-packages/airflow/example_dags/example_branch_day_of_week_operator.py
[2021-10-18 17:44:53,403] {logging_mixin.py:109} INFO - [2021-10-18 17:44:53,403] {dag.py:2389} INFO - Sync 1 DAGs
[2021-10-18 17:44:53,433] {logging_mixin.py:109} INFO - [2021-10-18 17:44:53,433] {dag.py:2914} INFO - Setting next_dagrun for example_weekday_branch_operator to 2021-10-17 00:00:00+00:00
[2021-10-18 17:44:53,443] {processor.py:171} INFO - Processing /home/user/workspace/airflow/airflow_env/lib/python3.6/site-packages/airflow/example_dags/example_branch_day_of_week_operator.py took 0.113 seconds
[2021-10-18 17:45:50,150] {processor.py:163} INFO - Started process (PID=27859) to work on /home/user/workspace/airflow/airflow_env/lib/python3.6/site-packages/airflow/example_dags/example_branch_day_of_week_operator.py
[2021-10-18 17:45:50,154] {processor.py:620} INFO - Processing file /home/user/workspace/airflow/airflow_env/lib/python3.6/site-packages/airflow/example_dags/example_branch_day_of_week_operator.py for tasks to queue
[2021-10-18 17:45:50,155] {logging_mixin.py:109} INFO - [2021-10-18 17:45:50,155] {dagbag.py:500} INFO - Filling up the DagBag from /home/user/workspace/airflow/airflow_env/lib/python3.6/site-packages/airflow/example_dags/example_branch_day_of_week_operator.py
[2021-10-18 17:45:50,194] {processor.py:632} INFO - DAG(s) dict_keys(['example_weekday_branch_operator']) retrieved from /home/user/workspace/airflow/airflow_env/lib/python3.6/site-packages/airflow/example_dags/example_branch_day_of_week_operator.py
[2021-10-18 17:45:50,214] {logging_mixin.py:109} INFO - [2021-10-18 17:45:50,214] {dag.py:2389} INFO - Sync 1 DAGs
[2021-10-18 17:45:50,239] {logging_mixin.py:109} INFO - [2021-10-18 17:45:50,239] {dag.py:2914} INFO - Setting next_dagrun for example_weekday_branch_operator to 2021-10-17 00:00:00+00:00
[2021-10-18 17:45:50,255] {processor.py:171} INFO - Processing /home/user/workspace/airflow/airflow_env/lib/python3.6/site-packages/airflow/example_dags/example_branch_day_of_week_operator.py took 0.111 seconds
[2021-10-18 17:46:43,092] {processor.py:163} INFO - Started process (PID=28077) to work on /home/user/workspace/airflow/airflow_env/lib/python3.6/site-packages/airflow/example_dags/example_branch_day_of_week_operator.py
[2021-10-18 17:46:43,105] {processor.py:620} INFO - Processing file /home/user/workspace/airflow/airflow_env/lib/python3.6/site-packages/airflow/example_dags/example_branch_day_of_week_operator.py for tasks to queue
[2021-10-18 17:46:43,106] {logging_mixin.py:109} INFO - [2021-10-18 17:46:43,106] {dagbag.py:500} INFO - Filling up the DagBag from /home/user/workspace/airflow/airflow_env/lib/python3.6/site-packages/airflow/example_dags/example_branch_day_of_week_operator.py
[2021-10-18 17:46:43,157] {processor.py:632} INFO - DAG(s) dict_keys(['example_weekday_branch_operator']) retrieved from /home/user/workspace/airflow/airflow_env/lib/python3.6/site-packages/airflow/example_dags/example_branch_day_of_week_operator.py
[2021-10-18 17:46:43,182] {logging_mixin.py:109} INFO - [2021-10-18 17:46:43,182] {dag.py:2389} INFO - Sync 1 DAGs
[2021-10-18 17:46:43,222] {logging_mixin.py:109} INFO - [2021-10-18 17:46:43,222] {dag.py:2914} INFO - Setting next_dagrun for example_weekday_branch_operator to 2021-10-17 00:00:00+00:00
[2021-10-18 17:46:43,248] {processor.py:171} INFO - Processing /home/user/workspace/airflow/airflow_env/lib/python3.6/site-packages/airflow/example_dags/example_branch_day_of_week_operator.py took 0.162 seconds
[2021-10-18 17:47:41,151] {processor.py:163} INFO - Started process (PID=28202) to work on /home/user/workspace/airflow/airflow_env/lib/python3.6/site-packages/airflow/example_dags/example_branch_day_of_week_operator.py
[2021-10-18 17:47:41,153] {processor.py:620} INFO - Processing file /home/user/workspace/airflow/airflow_env/lib/python3.6/site-packages/airflow/example_dags/example_branch_day_of_week_operator.py for tasks to queue
[2021-10-18 17:47:41,154] {logging_mixin.py:109} INFO - [2021-10-18 17:47:41,154] {dagbag.py:500} INFO - Filling up the DagBag from /home/user/workspace/airflow/airflow_env/lib/python3.6/site-packages/airflow/example_dags/example_branch_day_of_week_operator.py
[2021-10-18 17:47:41,202] {processor.py:632} INFO - DAG(s) dict_keys(['example_weekday_branch_operator']) retrieved from /home/user/workspace/airflow/airflow_env/lib/python3.6/site-packages/airflow/example_dags/example_branch_day_of_week_operator.py
[2021-10-18 17:47:41,224] {logging_mixin.py:109} INFO - [2021-10-18 17:47:41,223] {dag.py:2389} INFO - Sync 1 DAGs
[2021-10-18 17:47:41,259] {logging_mixin.py:109} INFO - [2021-10-18 17:47:41,259] {dag.py:2914} INFO - Setting next_dagrun for example_weekday_branch_operator to 2021-10-17 00:00:00+00:00
[2021-10-18 17:47:41,272] {processor.py:171} INFO - Processing /home/user/workspace/airflow/airflow_env/lib/python3.6/site-packages/airflow/example_dags/example_branch_day_of_week_operator.py took 0.128 seconds
[2021-10-18 17:48:40,856] {processor.py:163} INFO - Started process (PID=28306) to work on /home/user/workspace/airflow/airflow_env/lib/python3.6/site-packages/airflow/example_dags/example_branch_day_of_week_operator.py
[2021-10-18 17:48:40,868] {processor.py:620} INFO - Processing file /home/user/workspace/airflow/airflow_env/lib/python3.6/site-packages/airflow/example_dags/example_branch_day_of_week_operator.py for tasks to queue
[2021-10-18 17:48:40,870] {logging_mixin.py:109} INFO - [2021-10-18 17:48:40,870] {dagbag.py:500} INFO - Filling up the DagBag from /home/user/workspace/airflow/airflow_env/lib/python3.6/site-packages/airflow/example_dags/example_branch_day_of_week_operator.py
[2021-10-18 17:48:40,918] {processor.py:632} INFO - DAG(s) dict_keys(['example_weekday_branch_operator']) retrieved from /home/user/workspace/airflow/airflow_env/lib/python3.6/site-packages/airflow/example_dags/example_branch_day_of_week_operator.py
[2021-10-18 17:48:40,942] {logging_mixin.py:109} INFO - [2021-10-18 17:48:40,942] {dag.py:2389} INFO - Sync 1 DAGs
[2021-10-18 17:48:40,982] {logging_mixin.py:109} INFO - [2021-10-18 17:48:40,981] {dag.py:2914} INFO - Setting next_dagrun for example_weekday_branch_operator to 2021-10-17 00:00:00+00:00
[2021-10-18 17:48:41,000] {processor.py:171} INFO - Processing /home/user/workspace/airflow/airflow_env/lib/python3.6/site-packages/airflow/example_dags/example_branch_day_of_week_operator.py took 0.150 seconds
[2021-10-18 17:49:51,604] {processor.py:163} INFO - Started process (PID=28506) to work on /home/user/workspace/airflow/airflow_env/lib/python3.6/site-packages/airflow/example_dags/example_branch_day_of_week_operator.py
[2021-10-18 17:49:51,607] {processor.py:620} INFO - Processing file /home/user/workspace/airflow/airflow_env/lib/python3.6/site-packages/airflow/example_dags/example_branch_day_of_week_operator.py for tasks to queue
[2021-10-18 17:49:51,608] {logging_mixin.py:109} INFO - [2021-10-18 17:49:51,608] {dagbag.py:500} INFO - Filling up the DagBag from /home/user/workspace/airflow/airflow_env/lib/python3.6/site-packages/airflow/example_dags/example_branch_day_of_week_operator.py
[2021-10-18 17:49:51,653] {processor.py:632} INFO - DAG(s) dict_keys(['example_weekday_branch_operator']) retrieved from /home/user/workspace/airflow/airflow_env/lib/python3.6/site-packages/airflow/example_dags/example_branch_day_of_week_operator.py
[2021-10-18 17:49:51,674] {logging_mixin.py:109} INFO - [2021-10-18 17:49:51,674] {dag.py:2389} INFO - Sync 1 DAGs
[2021-10-18 17:49:51,708] {logging_mixin.py:109} INFO - [2021-10-18 17:49:51,707] {dag.py:2914} INFO - Setting next_dagrun for example_weekday_branch_operator to 2021-10-17 00:00:00+00:00
[2021-10-18 17:49:51,723] {processor.py:171} INFO - Processing /home/user/workspace/airflow/airflow_env/lib/python3.6/site-packages/airflow/example_dags/example_branch_day_of_week_operator.py took 0.125 seconds
[2021-10-18 17:50:59,143] {processor.py:163} INFO - Started process (PID=28838) to work on /home/user/workspace/airflow/airflow_env/lib/python3.6/site-packages/airflow/example_dags/example_branch_day_of_week_operator.py
[2021-10-18 17:50:59,149] {processor.py:620} INFO - Processing file /home/user/workspace/airflow/airflow_env/lib/python3.6/site-packages/airflow/example_dags/example_branch_day_of_week_operator.py for tasks to queue
[2021-10-18 17:50:59,152] {logging_mixin.py:109} INFO - [2021-10-18 17:50:59,152] {dagbag.py:500} INFO - Filling up the DagBag from /home/user/workspace/airflow/airflow_env/lib/python3.6/site-packages/airflow/example_dags/example_branch_day_of_week_operator.py
[2021-10-18 17:50:59,241] {processor.py:632} INFO - DAG(s) dict_keys(['example_weekday_branch_operator']) retrieved from /home/user/workspace/airflow/airflow_env/lib/python3.6/site-packages/airflow/example_dags/example_branch_day_of_week_operator.py
[2021-10-18 17:50:59,277] {logging_mixin.py:109} INFO - [2021-10-18 17:50:59,276] {dag.py:2389} INFO - Sync 1 DAGs
[2021-10-18 17:50:59,322] {logging_mixin.py:109} INFO - [2021-10-18 17:50:59,321] {dag.py:2914} INFO - Setting next_dagrun for example_weekday_branch_operator to 2021-10-17 00:00:00+00:00
[2021-10-18 17:50:59,345] {processor.py:171} INFO - Processing /home/user/workspace/airflow/airflow_env/lib/python3.6/site-packages/airflow/example_dags/example_branch_day_of_week_operator.py took 0.211 seconds
[2021-10-18 17:51:53,087] {processor.py:163} INFO - Started process (PID=29011) to work on /home/user/workspace/airflow/airflow_env/lib/python3.6/site-packages/airflow/example_dags/example_branch_day_of_week_operator.py
[2021-10-18 17:51:53,089] {processor.py:620} INFO - Processing file /home/user/workspace/airflow/airflow_env/lib/python3.6/site-packages/airflow/example_dags/example_branch_day_of_week_operator.py for tasks to queue
[2021-10-18 17:51:53,090] {logging_mixin.py:109} INFO - [2021-10-18 17:51:53,090] {dagbag.py:500} INFO - Filling up the DagBag from /home/user/workspace/airflow/airflow_env/lib/python3.6/site-packages/airflow/example_dags/example_branch_day_of_week_operator.py
[2021-10-18 17:51:53,132] {processor.py:632} INFO - DAG(s) dict_keys(['example_weekday_branch_operator']) retrieved from /home/user/workspace/airflow/airflow_env/lib/python3.6/site-packages/airflow/example_dags/example_branch_day_of_week_operator.py
[2021-10-18 17:51:53,152] {logging_mixin.py:109} INFO - [2021-10-18 17:51:53,152] {dag.py:2389} INFO - Sync 1 DAGs
[2021-10-18 17:51:53,179] {logging_mixin.py:109} INFO - [2021-10-18 17:51:53,179] {dag.py:2914} INFO - Setting next_dagrun for example_weekday_branch_operator to 2021-10-17 00:00:00+00:00
[2021-10-18 17:51:53,194] {processor.py:171} INFO - Processing /home/user/workspace/airflow/airflow_env/lib/python3.6/site-packages/airflow/example_dags/example_branch_day_of_week_operator.py took 0.113 seconds
[2021-10-18 17:53:02,268] {processor.py:163} INFO - Started process (PID=29184) to work on /home/user/workspace/airflow/airflow_env/lib/python3.6/site-packages/airflow/example_dags/example_branch_day_of_week_operator.py
[2021-10-18 17:53:02,280] {processor.py:620} INFO - Processing file /home/user/workspace/airflow/airflow_env/lib/python3.6/site-packages/airflow/example_dags/example_branch_day_of_week_operator.py for tasks to queue
[2021-10-18 17:53:02,281] {logging_mixin.py:109} INFO - [2021-10-18 17:53:02,281] {dagbag.py:500} INFO - Filling up the DagBag from /home/user/workspace/airflow/airflow_env/lib/python3.6/site-packages/airflow/example_dags/example_branch_day_of_week_operator.py
[2021-10-18 17:53:02,331] {processor.py:632} INFO - DAG(s) dict_keys(['example_weekday_branch_operator']) retrieved from /home/user/workspace/airflow/airflow_env/lib/python3.6/site-packages/airflow/example_dags/example_branch_day_of_week_operator.py
[2021-10-18 17:53:02,355] {logging_mixin.py:109} INFO - [2021-10-18 17:53:02,354] {dag.py:2389} INFO - Sync 1 DAGs
[2021-10-18 17:53:02,388] {logging_mixin.py:109} INFO - [2021-10-18 17:53:02,388] {dag.py:2914} INFO - Setting next_dagrun for example_weekday_branch_operator to 2021-10-17 00:00:00+00:00
[2021-10-18 17:53:02,400] {processor.py:171} INFO - Processing /home/user/workspace/airflow/airflow_env/lib/python3.6/site-packages/airflow/example_dags/example_branch_day_of_week_operator.py took 0.139 seconds
[2021-10-18 17:54:12,724] {processor.py:163} INFO - Started process (PID=29287) to work on /home/user/workspace/airflow/airflow_env/lib/python3.6/site-packages/airflow/example_dags/example_branch_day_of_week_operator.py
[2021-10-18 17:54:12,738] {processor.py:620} INFO - Processing file /home/user/workspace/airflow/airflow_env/lib/python3.6/site-packages/airflow/example_dags/example_branch_day_of_week_operator.py for tasks to queue
[2021-10-18 17:54:12,740] {logging_mixin.py:109} INFO - [2021-10-18 17:54:12,739] {dagbag.py:500} INFO - Filling up the DagBag from /home/user/workspace/airflow/airflow_env/lib/python3.6/site-packages/airflow/example_dags/example_branch_day_of_week_operator.py
[2021-10-18 17:54:12,819] {processor.py:632} INFO - DAG(s) dict_keys(['example_weekday_branch_operator']) retrieved from /home/user/workspace/airflow/airflow_env/lib/python3.6/site-packages/airflow/example_dags/example_branch_day_of_week_operator.py
[2021-10-18 17:54:12,862] {logging_mixin.py:109} INFO - [2021-10-18 17:54:12,861] {dag.py:2389} INFO - Sync 1 DAGs
[2021-10-18 17:54:12,922] {logging_mixin.py:109} INFO - [2021-10-18 17:54:12,921] {dag.py:2914} INFO - Setting next_dagrun for example_weekday_branch_operator to 2021-10-17 00:00:00+00:00
[2021-10-18 17:54:12,941] {processor.py:171} INFO - Processing /home/user/workspace/airflow/airflow_env/lib/python3.6/site-packages/airflow/example_dags/example_branch_day_of_week_operator.py took 0.226 seconds
[2021-10-18 17:55:23,651] {processor.py:163} INFO - Started process (PID=29406) to work on /home/user/workspace/airflow/airflow_env/lib/python3.6/site-packages/airflow/example_dags/example_branch_day_of_week_operator.py
[2021-10-18 17:55:23,654] {processor.py:620} INFO - Processing file /home/user/workspace/airflow/airflow_env/lib/python3.6/site-packages/airflow/example_dags/example_branch_day_of_week_operator.py for tasks to queue
[2021-10-18 17:55:23,656] {logging_mixin.py:109} INFO - [2021-10-18 17:55:23,656] {dagbag.py:500} INFO - Filling up the DagBag from /home/user/workspace/airflow/airflow_env/lib/python3.6/site-packages/airflow/example_dags/example_branch_day_of_week_operator.py
[2021-10-18 17:55:23,733] {processor.py:632} INFO - DAG(s) dict_keys(['example_weekday_branch_operator']) retrieved from /home/user/workspace/airflow/airflow_env/lib/python3.6/site-packages/airflow/example_dags/example_branch_day_of_week_operator.py
[2021-10-18 17:55:23,762] {logging_mixin.py:109} INFO - [2021-10-18 17:55:23,762] {dag.py:2389} INFO - Sync 1 DAGs
[2021-10-18 17:55:23,795] {logging_mixin.py:109} INFO - [2021-10-18 17:55:23,795] {dag.py:2914} INFO - Setting next_dagrun for example_weekday_branch_operator to 2021-10-17 00:00:00+00:00
[2021-10-18 17:55:23,815] {processor.py:171} INFO - Processing /home/user/workspace/airflow/airflow_env/lib/python3.6/site-packages/airflow/example_dags/example_branch_day_of_week_operator.py took 0.173 seconds
[2021-10-18 17:56:29,850] {processor.py:163} INFO - Started process (PID=29582) to work on /home/user/workspace/airflow/airflow_env/lib/python3.6/site-packages/airflow/example_dags/example_branch_day_of_week_operator.py
[2021-10-18 17:56:29,853] {processor.py:620} INFO - Processing file /home/user/workspace/airflow/airflow_env/lib/python3.6/site-packages/airflow/example_dags/example_branch_day_of_week_operator.py for tasks to queue
[2021-10-18 17:56:29,854] {logging_mixin.py:109} INFO - [2021-10-18 17:56:29,854] {dagbag.py:500} INFO - Filling up the DagBag from /home/user/workspace/airflow/airflow_env/lib/python3.6/site-packages/airflow/example_dags/example_branch_day_of_week_operator.py
[2021-10-18 17:56:29,897] {processor.py:632} INFO - DAG(s) dict_keys(['example_weekday_branch_operator']) retrieved from /home/user/workspace/airflow/airflow_env/lib/python3.6/site-packages/airflow/example_dags/example_branch_day_of_week_operator.py
[2021-10-18 17:56:29,918] {logging_mixin.py:109} INFO - [2021-10-18 17:56:29,918] {dag.py:2389} INFO - Sync 1 DAGs
[2021-10-18 17:56:29,951] {logging_mixin.py:109} INFO - [2021-10-18 17:56:29,951] {dag.py:2914} INFO - Setting next_dagrun for example_weekday_branch_operator to 2021-10-17 00:00:00+00:00
[2021-10-18 17:56:29,967] {processor.py:171} INFO - Processing /home/user/workspace/airflow/airflow_env/lib/python3.6/site-packages/airflow/example_dags/example_branch_day_of_week_operator.py took 0.123 seconds
[2021-10-18 17:57:38,134] {processor.py:163} INFO - Started process (PID=29725) to work on /home/user/workspace/airflow/airflow_env/lib/python3.6/site-packages/airflow/example_dags/example_branch_day_of_week_operator.py
[2021-10-18 17:57:38,135] {processor.py:620} INFO - Processing file /home/user/workspace/airflow/airflow_env/lib/python3.6/site-packages/airflow/example_dags/example_branch_day_of_week_operator.py for tasks to queue
[2021-10-18 17:57:38,136] {logging_mixin.py:109} INFO - [2021-10-18 17:57:38,136] {dagbag.py:500} INFO - Filling up the DagBag from /home/user/workspace/airflow/airflow_env/lib/python3.6/site-packages/airflow/example_dags/example_branch_day_of_week_operator.py
[2021-10-18 17:57:38,173] {processor.py:632} INFO - DAG(s) dict_keys(['example_weekday_branch_operator']) retrieved from /home/user/workspace/airflow/airflow_env/lib/python3.6/site-packages/airflow/example_dags/example_branch_day_of_week_operator.py
[2021-10-18 17:57:38,194] {logging_mixin.py:109} INFO - [2021-10-18 17:57:38,193] {dag.py:2389} INFO - Sync 1 DAGs
[2021-10-18 17:57:38,228] {logging_mixin.py:109} INFO - [2021-10-18 17:57:38,227] {dag.py:2914} INFO - Setting next_dagrun for example_weekday_branch_operator to 2021-10-17 00:00:00+00:00
[2021-10-18 17:57:38,246] {processor.py:171} INFO - Processing /home/user/workspace/airflow/airflow_env/lib/python3.6/site-packages/airflow/example_dags/example_branch_day_of_week_operator.py took 0.117 seconds
[2021-10-18 17:58:48,261] {processor.py:163} INFO - Started process (PID=29829) to work on /home/user/workspace/airflow/airflow_env/lib/python3.6/site-packages/airflow/example_dags/example_branch_day_of_week_operator.py
[2021-10-18 17:58:48,273] {processor.py:620} INFO - Processing file /home/user/workspace/airflow/airflow_env/lib/python3.6/site-packages/airflow/example_dags/example_branch_day_of_week_operator.py for tasks to queue
[2021-10-18 17:58:48,275] {logging_mixin.py:109} INFO - [2021-10-18 17:58:48,274] {dagbag.py:500} INFO - Filling up the DagBag from /home/user/workspace/airflow/airflow_env/lib/python3.6/site-packages/airflow/example_dags/example_branch_day_of_week_operator.py
[2021-10-18 17:58:48,329] {processor.py:632} INFO - DAG(s) dict_keys(['example_weekday_branch_operator']) retrieved from /home/user/workspace/airflow/airflow_env/lib/python3.6/site-packages/airflow/example_dags/example_branch_day_of_week_operator.py
[2021-10-18 17:58:48,356] {logging_mixin.py:109} INFO - [2021-10-18 17:58:48,355] {dag.py:2389} INFO - Sync 1 DAGs
[2021-10-18 17:58:48,381] {logging_mixin.py:109} INFO - [2021-10-18 17:58:48,381] {dag.py:2914} INFO - Setting next_dagrun for example_weekday_branch_operator to 2021-10-17 00:00:00+00:00
[2021-10-18 17:58:48,391] {processor.py:171} INFO - Processing /home/user/workspace/airflow/airflow_env/lib/python3.6/site-packages/airflow/example_dags/example_branch_day_of_week_operator.py took 0.136 seconds
[2021-10-18 17:59:54,613] {processor.py:163} INFO - Started process (PID=29945) to work on /home/user/workspace/airflow/airflow_env/lib/python3.6/site-packages/airflow/example_dags/example_branch_day_of_week_operator.py
[2021-10-18 17:59:54,616] {processor.py:620} INFO - Processing file /home/user/workspace/airflow/airflow_env/lib/python3.6/site-packages/airflow/example_dags/example_branch_day_of_week_operator.py for tasks to queue
[2021-10-18 17:59:54,619] {logging_mixin.py:109} INFO - [2021-10-18 17:59:54,618] {dagbag.py:500} INFO - Filling up the DagBag from /home/user/workspace/airflow/airflow_env/lib/python3.6/site-packages/airflow/example_dags/example_branch_day_of_week_operator.py
[2021-10-18 17:59:54,678] {processor.py:632} INFO - DAG(s) dict_keys(['example_weekday_branch_operator']) retrieved from /home/user/workspace/airflow/airflow_env/lib/python3.6/site-packages/airflow/example_dags/example_branch_day_of_week_operator.py
[2021-10-18 17:59:54,700] {logging_mixin.py:109} INFO - [2021-10-18 17:59:54,700] {dag.py:2389} INFO - Sync 1 DAGs
[2021-10-18 17:59:54,728] {logging_mixin.py:109} INFO - [2021-10-18 17:59:54,728] {dag.py:2914} INFO - Setting next_dagrun for example_weekday_branch_operator to 2021-10-17 00:00:00+00:00
[2021-10-18 17:59:54,738] {processor.py:171} INFO - Processing /home/user/workspace/airflow/airflow_env/lib/python3.6/site-packages/airflow/example_dags/example_branch_day_of_week_operator.py took 0.133 seconds
[2021-10-18 18:01:04,062] {processor.py:163} INFO - Started process (PID=30111) to work on /home/user/workspace/airflow/airflow_env/lib/python3.6/site-packages/airflow/example_dags/example_branch_day_of_week_operator.py
[2021-10-18 18:01:04,076] {processor.py:620} INFO - Processing file /home/user/workspace/airflow/airflow_env/lib/python3.6/site-packages/airflow/example_dags/example_branch_day_of_week_operator.py for tasks to queue
[2021-10-18 18:01:04,078] {logging_mixin.py:109} INFO - [2021-10-18 18:01:04,078] {dagbag.py:500} INFO - Filling up the DagBag from /home/user/workspace/airflow/airflow_env/lib/python3.6/site-packages/airflow/example_dags/example_branch_day_of_week_operator.py
[2021-10-18 18:01:04,136] {processor.py:632} INFO - DAG(s) dict_keys(['example_weekday_branch_operator']) retrieved from /home/user/workspace/airflow/airflow_env/lib/python3.6/site-packages/airflow/example_dags/example_branch_day_of_week_operator.py
[2021-10-18 18:01:04,164] {logging_mixin.py:109} INFO - [2021-10-18 18:01:04,163] {dag.py:2389} INFO - Sync 1 DAGs
[2021-10-18 18:01:04,197] {logging_mixin.py:109} INFO - [2021-10-18 18:01:04,197] {dag.py:2914} INFO - Setting next_dagrun for example_weekday_branch_operator to 2021-10-17 00:00:00+00:00
[2021-10-18 18:01:04,208] {processor.py:171} INFO - Processing /home/user/workspace/airflow/airflow_env/lib/python3.6/site-packages/airflow/example_dags/example_branch_day_of_week_operator.py took 0.153 seconds
