[2021-10-18 17:18:01,052] {processor.py:163} INFO - Started process (PID=23287) to work on /home/user/workspace/airflow/airflow_env/lib/python3.6/site-packages/airflow/example_dags/example_time_delta_sensor_async.py
[2021-10-18 17:18:01,054] {processor.py:620} INFO - Processing file /home/user/workspace/airflow/airflow_env/lib/python3.6/site-packages/airflow/example_dags/example_time_delta_sensor_async.py for tasks to queue
[2021-10-18 17:18:01,055] {logging_mixin.py:109} INFO - [2021-10-18 17:18:01,055] {dagbag.py:500} INFO - Filling up the DagBag from /home/user/workspace/airflow/airflow_env/lib/python3.6/site-packages/airflow/example_dags/example_time_delta_sensor_async.py
[2021-10-18 17:18:01,098] {processor.py:632} INFO - DAG(s) dict_keys(['example_time_delta_sensor_async']) retrieved from /home/user/workspace/airflow/airflow_env/lib/python3.6/site-packages/airflow/example_dags/example_time_delta_sensor_async.py
[2021-10-18 17:18:01,118] {logging_mixin.py:109} INFO - [2021-10-18 17:18:01,118] {dag.py:2389} INFO - Sync 1 DAGs
[2021-10-18 17:18:01,146] {logging_mixin.py:109} INFO - [2021-10-18 17:18:01,145] {dag.py:2914} INFO - Setting next_dagrun for example_time_delta_sensor_async to None
[2021-10-18 17:18:01,169] {processor.py:171} INFO - Processing /home/user/workspace/airflow/airflow_env/lib/python3.6/site-packages/airflow/example_dags/example_time_delta_sensor_async.py took 0.123 seconds
[2021-10-18 17:18:45,534] {processor.py:163} INFO - Started process (PID=23450) to work on /home/user/workspace/airflow/airflow_env/lib/python3.6/site-packages/airflow/example_dags/example_time_delta_sensor_async.py
[2021-10-18 17:18:45,535] {processor.py:620} INFO - Processing file /home/user/workspace/airflow/airflow_env/lib/python3.6/site-packages/airflow/example_dags/example_time_delta_sensor_async.py for tasks to queue
[2021-10-18 17:18:45,536] {logging_mixin.py:109} INFO - [2021-10-18 17:18:45,536] {dagbag.py:500} INFO - Filling up the DagBag from /home/user/workspace/airflow/airflow_env/lib/python3.6/site-packages/airflow/example_dags/example_time_delta_sensor_async.py
[2021-10-18 17:18:45,559] {processor.py:632} INFO - DAG(s) dict_keys(['example_time_delta_sensor_async']) retrieved from /home/user/workspace/airflow/airflow_env/lib/python3.6/site-packages/airflow/example_dags/example_time_delta_sensor_async.py
[2021-10-18 17:18:45,580] {logging_mixin.py:109} INFO - [2021-10-18 17:18:45,580] {dag.py:2389} INFO - Sync 1 DAGs
[2021-10-18 17:18:45,603] {logging_mixin.py:109} INFO - [2021-10-18 17:18:45,603] {dag.py:2914} INFO - Setting next_dagrun for example_time_delta_sensor_async to None
[2021-10-18 17:18:45,615] {processor.py:171} INFO - Processing /home/user/workspace/airflow/airflow_env/lib/python3.6/site-packages/airflow/example_dags/example_time_delta_sensor_async.py took 0.083 seconds
[2021-10-18 17:19:37,590] {processor.py:163} INFO - Started process (PID=23613) to work on /home/user/workspace/airflow/airflow_env/lib/python3.6/site-packages/airflow/example_dags/example_time_delta_sensor_async.py
[2021-10-18 17:19:37,603] {processor.py:620} INFO - Processing file /home/user/workspace/airflow/airflow_env/lib/python3.6/site-packages/airflow/example_dags/example_time_delta_sensor_async.py for tasks to queue
[2021-10-18 17:19:37,604] {logging_mixin.py:109} INFO - [2021-10-18 17:19:37,604] {dagbag.py:500} INFO - Filling up the DagBag from /home/user/workspace/airflow/airflow_env/lib/python3.6/site-packages/airflow/example_dags/example_time_delta_sensor_async.py
[2021-10-18 17:19:37,655] {processor.py:632} INFO - DAG(s) dict_keys(['example_time_delta_sensor_async']) retrieved from /home/user/workspace/airflow/airflow_env/lib/python3.6/site-packages/airflow/example_dags/example_time_delta_sensor_async.py
[2021-10-18 17:19:37,682] {logging_mixin.py:109} INFO - [2021-10-18 17:19:37,682] {dag.py:2389} INFO - Sync 1 DAGs
[2021-10-18 17:19:37,712] {logging_mixin.py:109} INFO - [2021-10-18 17:19:37,711] {dag.py:2914} INFO - Setting next_dagrun for example_time_delta_sensor_async to None
[2021-10-18 17:19:37,723] {processor.py:171} INFO - Processing /home/user/workspace/airflow/airflow_env/lib/python3.6/site-packages/airflow/example_dags/example_time_delta_sensor_async.py took 0.140 seconds
[2021-10-18 17:20:29,067] {processor.py:163} INFO - Started process (PID=23707) to work on /home/user/workspace/airflow/airflow_env/lib/python3.6/site-packages/airflow/example_dags/example_time_delta_sensor_async.py
[2021-10-18 17:20:29,069] {processor.py:620} INFO - Processing file /home/user/workspace/airflow/airflow_env/lib/python3.6/site-packages/airflow/example_dags/example_time_delta_sensor_async.py for tasks to queue
[2021-10-18 17:20:29,071] {logging_mixin.py:109} INFO - [2021-10-18 17:20:29,070] {dagbag.py:500} INFO - Filling up the DagBag from /home/user/workspace/airflow/airflow_env/lib/python3.6/site-packages/airflow/example_dags/example_time_delta_sensor_async.py
[2021-10-18 17:20:29,114] {processor.py:632} INFO - DAG(s) dict_keys(['example_time_delta_sensor_async']) retrieved from /home/user/workspace/airflow/airflow_env/lib/python3.6/site-packages/airflow/example_dags/example_time_delta_sensor_async.py
[2021-10-18 17:20:29,134] {logging_mixin.py:109} INFO - [2021-10-18 17:20:29,134] {dag.py:2389} INFO - Sync 1 DAGs
[2021-10-18 17:20:29,162] {logging_mixin.py:109} INFO - [2021-10-18 17:20:29,161] {dag.py:2914} INFO - Setting next_dagrun for example_time_delta_sensor_async to None
[2021-10-18 17:20:29,179] {processor.py:171} INFO - Processing /home/user/workspace/airflow/airflow_env/lib/python3.6/site-packages/airflow/example_dags/example_time_delta_sensor_async.py took 0.118 seconds
[2021-10-18 17:21:09,257] {processor.py:163} INFO - Started process (PID=23774) to work on /home/user/workspace/airflow/airflow_env/lib/python3.6/site-packages/airflow/example_dags/example_time_delta_sensor_async.py
[2021-10-18 17:21:09,259] {processor.py:620} INFO - Processing file /home/user/workspace/airflow/airflow_env/lib/python3.6/site-packages/airflow/example_dags/example_time_delta_sensor_async.py for tasks to queue
[2021-10-18 17:21:09,261] {logging_mixin.py:109} INFO - [2021-10-18 17:21:09,260] {dagbag.py:500} INFO - Filling up the DagBag from /home/user/workspace/airflow/airflow_env/lib/python3.6/site-packages/airflow/example_dags/example_time_delta_sensor_async.py
[2021-10-18 17:21:09,324] {processor.py:632} INFO - DAG(s) dict_keys(['example_time_delta_sensor_async']) retrieved from /home/user/workspace/airflow/airflow_env/lib/python3.6/site-packages/airflow/example_dags/example_time_delta_sensor_async.py
[2021-10-18 17:21:09,357] {logging_mixin.py:109} INFO - [2021-10-18 17:21:09,357] {dag.py:2389} INFO - Sync 1 DAGs
[2021-10-18 17:21:09,386] {logging_mixin.py:109} INFO - [2021-10-18 17:21:09,386] {dag.py:2914} INFO - Setting next_dagrun for example_time_delta_sensor_async to None
[2021-10-18 17:21:09,399] {processor.py:171} INFO - Processing /home/user/workspace/airflow/airflow_env/lib/python3.6/site-packages/airflow/example_dags/example_time_delta_sensor_async.py took 0.150 seconds
[2021-10-18 17:21:50,349] {processor.py:163} INFO - Started process (PID=23987) to work on /home/user/workspace/airflow/airflow_env/lib/python3.6/site-packages/airflow/example_dags/example_time_delta_sensor_async.py
[2021-10-18 17:21:50,360] {processor.py:620} INFO - Processing file /home/user/workspace/airflow/airflow_env/lib/python3.6/site-packages/airflow/example_dags/example_time_delta_sensor_async.py for tasks to queue
[2021-10-18 17:21:50,360] {logging_mixin.py:109} INFO - [2021-10-18 17:21:50,360] {dagbag.py:500} INFO - Filling up the DagBag from /home/user/workspace/airflow/airflow_env/lib/python3.6/site-packages/airflow/example_dags/example_time_delta_sensor_async.py
[2021-10-18 17:21:50,383] {processor.py:632} INFO - DAG(s) dict_keys(['example_time_delta_sensor_async']) retrieved from /home/user/workspace/airflow/airflow_env/lib/python3.6/site-packages/airflow/example_dags/example_time_delta_sensor_async.py
[2021-10-18 17:21:50,393] {logging_mixin.py:109} INFO - [2021-10-18 17:21:50,393] {dag.py:2389} INFO - Sync 1 DAGs
[2021-10-18 17:21:50,410] {logging_mixin.py:109} INFO - [2021-10-18 17:21:50,410] {dag.py:2914} INFO - Setting next_dagrun for example_time_delta_sensor_async to None
[2021-10-18 17:21:50,420] {processor.py:171} INFO - Processing /home/user/workspace/airflow/airflow_env/lib/python3.6/site-packages/airflow/example_dags/example_time_delta_sensor_async.py took 0.074 seconds
[2021-10-18 17:22:30,493] {processor.py:163} INFO - Started process (PID=24086) to work on /home/user/workspace/airflow/airflow_env/lib/python3.6/site-packages/airflow/example_dags/example_time_delta_sensor_async.py
[2021-10-18 17:22:30,495] {processor.py:620} INFO - Processing file /home/user/workspace/airflow/airflow_env/lib/python3.6/site-packages/airflow/example_dags/example_time_delta_sensor_async.py for tasks to queue
[2021-10-18 17:22:30,496] {logging_mixin.py:109} INFO - [2021-10-18 17:22:30,496] {dagbag.py:500} INFO - Filling up the DagBag from /home/user/workspace/airflow/airflow_env/lib/python3.6/site-packages/airflow/example_dags/example_time_delta_sensor_async.py
[2021-10-18 17:22:30,533] {processor.py:632} INFO - DAG(s) dict_keys(['example_time_delta_sensor_async']) retrieved from /home/user/workspace/airflow/airflow_env/lib/python3.6/site-packages/airflow/example_dags/example_time_delta_sensor_async.py
[2021-10-18 17:22:30,550] {logging_mixin.py:109} INFO - [2021-10-18 17:22:30,549] {dag.py:2389} INFO - Sync 1 DAGs
[2021-10-18 17:22:30,572] {logging_mixin.py:109} INFO - [2021-10-18 17:22:30,572] {dag.py:2914} INFO - Setting next_dagrun for example_time_delta_sensor_async to None
[2021-10-18 17:22:30,587] {processor.py:171} INFO - Processing /home/user/workspace/airflow/airflow_env/lib/python3.6/site-packages/airflow/example_dags/example_time_delta_sensor_async.py took 0.100 seconds
[2021-10-18 17:23:07,704] {processor.py:163} INFO - Started process (PID=24165) to work on /home/user/workspace/airflow/airflow_env/lib/python3.6/site-packages/airflow/example_dags/example_time_delta_sensor_async.py
[2021-10-18 17:23:07,705] {processor.py:620} INFO - Processing file /home/user/workspace/airflow/airflow_env/lib/python3.6/site-packages/airflow/example_dags/example_time_delta_sensor_async.py for tasks to queue
[2021-10-18 17:23:07,706] {logging_mixin.py:109} INFO - [2021-10-18 17:23:07,706] {dagbag.py:500} INFO - Filling up the DagBag from /home/user/workspace/airflow/airflow_env/lib/python3.6/site-packages/airflow/example_dags/example_time_delta_sensor_async.py
[2021-10-18 17:23:07,737] {processor.py:632} INFO - DAG(s) dict_keys(['example_time_delta_sensor_async']) retrieved from /home/user/workspace/airflow/airflow_env/lib/python3.6/site-packages/airflow/example_dags/example_time_delta_sensor_async.py
[2021-10-18 17:23:07,752] {logging_mixin.py:109} INFO - [2021-10-18 17:23:07,752] {dag.py:2389} INFO - Sync 1 DAGs
[2021-10-18 17:23:07,771] {logging_mixin.py:109} INFO - [2021-10-18 17:23:07,771] {dag.py:2914} INFO - Setting next_dagrun for example_time_delta_sensor_async to None
[2021-10-18 17:23:07,783] {processor.py:171} INFO - Processing /home/user/workspace/airflow/airflow_env/lib/python3.6/site-packages/airflow/example_dags/example_time_delta_sensor_async.py took 0.084 seconds
[2021-10-18 17:24:02,036] {processor.py:163} INFO - Started process (PID=24267) to work on /home/user/workspace/airflow/airflow_env/lib/python3.6/site-packages/airflow/example_dags/example_time_delta_sensor_async.py
[2021-10-18 17:24:02,038] {processor.py:620} INFO - Processing file /home/user/workspace/airflow/airflow_env/lib/python3.6/site-packages/airflow/example_dags/example_time_delta_sensor_async.py for tasks to queue
[2021-10-18 17:24:02,040] {logging_mixin.py:109} INFO - [2021-10-18 17:24:02,039] {dagbag.py:500} INFO - Filling up the DagBag from /home/user/workspace/airflow/airflow_env/lib/python3.6/site-packages/airflow/example_dags/example_time_delta_sensor_async.py
[2021-10-18 17:24:02,093] {processor.py:632} INFO - DAG(s) dict_keys(['example_time_delta_sensor_async']) retrieved from /home/user/workspace/airflow/airflow_env/lib/python3.6/site-packages/airflow/example_dags/example_time_delta_sensor_async.py
[2021-10-18 17:24:02,128] {logging_mixin.py:109} INFO - [2021-10-18 17:24:02,127] {dag.py:2389} INFO - Sync 1 DAGs
[2021-10-18 17:24:02,162] {logging_mixin.py:109} INFO - [2021-10-18 17:24:02,162] {dag.py:2914} INFO - Setting next_dagrun for example_time_delta_sensor_async to None
[2021-10-18 17:24:02,184] {processor.py:171} INFO - Processing /home/user/workspace/airflow/airflow_env/lib/python3.6/site-packages/airflow/example_dags/example_time_delta_sensor_async.py took 0.155 seconds
[2021-10-18 17:24:41,890] {processor.py:163} INFO - Started process (PID=24353) to work on /home/user/workspace/airflow/airflow_env/lib/python3.6/site-packages/airflow/example_dags/example_time_delta_sensor_async.py
[2021-10-18 17:24:41,896] {processor.py:620} INFO - Processing file /home/user/workspace/airflow/airflow_env/lib/python3.6/site-packages/airflow/example_dags/example_time_delta_sensor_async.py for tasks to queue
[2021-10-18 17:24:41,900] {logging_mixin.py:109} INFO - [2021-10-18 17:24:41,899] {dagbag.py:500} INFO - Filling up the DagBag from /home/user/workspace/airflow/airflow_env/lib/python3.6/site-packages/airflow/example_dags/example_time_delta_sensor_async.py
[2021-10-18 17:24:41,971] {processor.py:632} INFO - DAG(s) dict_keys(['example_time_delta_sensor_async']) retrieved from /home/user/workspace/airflow/airflow_env/lib/python3.6/site-packages/airflow/example_dags/example_time_delta_sensor_async.py
[2021-10-18 17:24:41,990] {logging_mixin.py:109} INFO - [2021-10-18 17:24:41,990] {dag.py:2389} INFO - Sync 1 DAGs
[2021-10-18 17:24:42,014] {logging_mixin.py:109} INFO - [2021-10-18 17:24:42,014] {dag.py:2914} INFO - Setting next_dagrun for example_time_delta_sensor_async to None
[2021-10-18 17:24:42,030] {processor.py:171} INFO - Processing /home/user/workspace/airflow/airflow_env/lib/python3.6/site-packages/airflow/example_dags/example_time_delta_sensor_async.py took 0.152 seconds
[2021-10-18 17:25:24,863] {processor.py:163} INFO - Started process (PID=24427) to work on /home/user/workspace/airflow/airflow_env/lib/python3.6/site-packages/airflow/example_dags/example_time_delta_sensor_async.py
[2021-10-18 17:25:24,864] {processor.py:620} INFO - Processing file /home/user/workspace/airflow/airflow_env/lib/python3.6/site-packages/airflow/example_dags/example_time_delta_sensor_async.py for tasks to queue
[2021-10-18 17:25:24,865] {logging_mixin.py:109} INFO - [2021-10-18 17:25:24,865] {dagbag.py:500} INFO - Filling up the DagBag from /home/user/workspace/airflow/airflow_env/lib/python3.6/site-packages/airflow/example_dags/example_time_delta_sensor_async.py
[2021-10-18 17:25:24,888] {processor.py:632} INFO - DAG(s) dict_keys(['example_time_delta_sensor_async']) retrieved from /home/user/workspace/airflow/airflow_env/lib/python3.6/site-packages/airflow/example_dags/example_time_delta_sensor_async.py
[2021-10-18 17:25:24,900] {logging_mixin.py:109} INFO - [2021-10-18 17:25:24,900] {dag.py:2389} INFO - Sync 1 DAGs
[2021-10-18 17:25:24,918] {logging_mixin.py:109} INFO - [2021-10-18 17:25:24,918] {dag.py:2914} INFO - Setting next_dagrun for example_time_delta_sensor_async to None
[2021-10-18 17:25:24,932] {processor.py:171} INFO - Processing /home/user/workspace/airflow/airflow_env/lib/python3.6/site-packages/airflow/example_dags/example_time_delta_sensor_async.py took 0.072 seconds
[2021-10-18 17:26:21,056] {processor.py:163} INFO - Started process (PID=24626) to work on /home/user/workspace/airflow/airflow_env/lib/python3.6/site-packages/airflow/example_dags/example_time_delta_sensor_async.py
[2021-10-18 17:26:21,066] {processor.py:620} INFO - Processing file /home/user/workspace/airflow/airflow_env/lib/python3.6/site-packages/airflow/example_dags/example_time_delta_sensor_async.py for tasks to queue
[2021-10-18 17:26:21,067] {logging_mixin.py:109} INFO - [2021-10-18 17:26:21,066] {dagbag.py:500} INFO - Filling up the DagBag from /home/user/workspace/airflow/airflow_env/lib/python3.6/site-packages/airflow/example_dags/example_time_delta_sensor_async.py
[2021-10-18 17:26:21,103] {processor.py:632} INFO - DAG(s) dict_keys(['example_time_delta_sensor_async']) retrieved from /home/user/workspace/airflow/airflow_env/lib/python3.6/site-packages/airflow/example_dags/example_time_delta_sensor_async.py
[2021-10-18 17:26:21,128] {logging_mixin.py:109} INFO - [2021-10-18 17:26:21,128] {dag.py:2389} INFO - Sync 1 DAGs
[2021-10-18 17:26:21,162] {logging_mixin.py:109} INFO - [2021-10-18 17:26:21,162] {dag.py:2914} INFO - Setting next_dagrun for example_time_delta_sensor_async to None
[2021-10-18 17:26:21,180] {processor.py:171} INFO - Processing /home/user/workspace/airflow/airflow_env/lib/python3.6/site-packages/airflow/example_dags/example_time_delta_sensor_async.py took 0.128 seconds
[2021-10-18 17:26:59,334] {processor.py:163} INFO - Started process (PID=24752) to work on /home/user/workspace/airflow/airflow_env/lib/python3.6/site-packages/airflow/example_dags/example_time_delta_sensor_async.py
[2021-10-18 17:26:59,336] {processor.py:620} INFO - Processing file /home/user/workspace/airflow/airflow_env/lib/python3.6/site-packages/airflow/example_dags/example_time_delta_sensor_async.py for tasks to queue
[2021-10-18 17:26:59,338] {logging_mixin.py:109} INFO - [2021-10-18 17:26:59,337] {dagbag.py:500} INFO - Filling up the DagBag from /home/user/workspace/airflow/airflow_env/lib/python3.6/site-packages/airflow/example_dags/example_time_delta_sensor_async.py
[2021-10-18 17:26:59,377] {processor.py:632} INFO - DAG(s) dict_keys(['example_time_delta_sensor_async']) retrieved from /home/user/workspace/airflow/airflow_env/lib/python3.6/site-packages/airflow/example_dags/example_time_delta_sensor_async.py
[2021-10-18 17:26:59,396] {logging_mixin.py:109} INFO - [2021-10-18 17:26:59,396] {dag.py:2389} INFO - Sync 1 DAGs
[2021-10-18 17:26:59,422] {logging_mixin.py:109} INFO - [2021-10-18 17:26:59,421] {dag.py:2914} INFO - Setting next_dagrun for example_time_delta_sensor_async to None
[2021-10-18 17:26:59,437] {processor.py:171} INFO - Processing /home/user/workspace/airflow/airflow_env/lib/python3.6/site-packages/airflow/example_dags/example_time_delta_sensor_async.py took 0.108 seconds
[2021-10-18 17:27:38,011] {processor.py:163} INFO - Started process (PID=24846) to work on /home/user/workspace/airflow/airflow_env/lib/python3.6/site-packages/airflow/example_dags/example_time_delta_sensor_async.py
[2021-10-18 17:27:38,022] {processor.py:620} INFO - Processing file /home/user/workspace/airflow/airflow_env/lib/python3.6/site-packages/airflow/example_dags/example_time_delta_sensor_async.py for tasks to queue
[2021-10-18 17:27:38,024] {logging_mixin.py:109} INFO - [2021-10-18 17:27:38,024] {dagbag.py:500} INFO - Filling up the DagBag from /home/user/workspace/airflow/airflow_env/lib/python3.6/site-packages/airflow/example_dags/example_time_delta_sensor_async.py
[2021-10-18 17:27:38,165] {processor.py:632} INFO - DAG(s) dict_keys(['example_time_delta_sensor_async']) retrieved from /home/user/workspace/airflow/airflow_env/lib/python3.6/site-packages/airflow/example_dags/example_time_delta_sensor_async.py
[2021-10-18 17:27:38,216] {logging_mixin.py:109} INFO - [2021-10-18 17:27:38,216] {dag.py:2389} INFO - Sync 1 DAGs
[2021-10-18 17:27:38,253] {logging_mixin.py:109} INFO - [2021-10-18 17:27:38,253] {dag.py:2914} INFO - Setting next_dagrun for example_time_delta_sensor_async to None
[2021-10-18 17:27:38,274] {processor.py:171} INFO - Processing /home/user/workspace/airflow/airflow_env/lib/python3.6/site-packages/airflow/example_dags/example_time_delta_sensor_async.py took 0.281 seconds
[2021-10-18 17:28:18,082] {processor.py:163} INFO - Started process (PID=24926) to work on /home/user/workspace/airflow/airflow_env/lib/python3.6/site-packages/airflow/example_dags/example_time_delta_sensor_async.py
[2021-10-18 17:28:18,084] {processor.py:620} INFO - Processing file /home/user/workspace/airflow/airflow_env/lib/python3.6/site-packages/airflow/example_dags/example_time_delta_sensor_async.py for tasks to queue
[2021-10-18 17:28:18,085] {logging_mixin.py:109} INFO - [2021-10-18 17:28:18,085] {dagbag.py:500} INFO - Filling up the DagBag from /home/user/workspace/airflow/airflow_env/lib/python3.6/site-packages/airflow/example_dags/example_time_delta_sensor_async.py
[2021-10-18 17:28:18,126] {processor.py:632} INFO - DAG(s) dict_keys(['example_time_delta_sensor_async']) retrieved from /home/user/workspace/airflow/airflow_env/lib/python3.6/site-packages/airflow/example_dags/example_time_delta_sensor_async.py
[2021-10-18 17:28:18,146] {logging_mixin.py:109} INFO - [2021-10-18 17:28:18,145] {dag.py:2389} INFO - Sync 1 DAGs
[2021-10-18 17:28:18,171] {logging_mixin.py:109} INFO - [2021-10-18 17:28:18,171] {dag.py:2914} INFO - Setting next_dagrun for example_time_delta_sensor_async to None
[2021-10-18 17:28:18,186] {processor.py:171} INFO - Processing /home/user/workspace/airflow/airflow_env/lib/python3.6/site-packages/airflow/example_dags/example_time_delta_sensor_async.py took 0.111 seconds
[2021-10-18 17:29:00,644] {processor.py:163} INFO - Started process (PID=25123) to work on /home/user/workspace/airflow/airflow_env/lib/python3.6/site-packages/airflow/example_dags/example_time_delta_sensor_async.py
[2021-10-18 17:29:00,645] {processor.py:620} INFO - Processing file /home/user/workspace/airflow/airflow_env/lib/python3.6/site-packages/airflow/example_dags/example_time_delta_sensor_async.py for tasks to queue
[2021-10-18 17:29:00,646] {logging_mixin.py:109} INFO - [2021-10-18 17:29:00,646] {dagbag.py:500} INFO - Filling up the DagBag from /home/user/workspace/airflow/airflow_env/lib/python3.6/site-packages/airflow/example_dags/example_time_delta_sensor_async.py
[2021-10-18 17:29:00,685] {processor.py:632} INFO - DAG(s) dict_keys(['example_time_delta_sensor_async']) retrieved from /home/user/workspace/airflow/airflow_env/lib/python3.6/site-packages/airflow/example_dags/example_time_delta_sensor_async.py
[2021-10-18 17:29:00,702] {logging_mixin.py:109} INFO - [2021-10-18 17:29:00,702] {dag.py:2389} INFO - Sync 1 DAGs
[2021-10-18 17:29:00,721] {logging_mixin.py:109} INFO - [2021-10-18 17:29:00,721] {dag.py:2914} INFO - Setting next_dagrun for example_time_delta_sensor_async to None
[2021-10-18 17:29:00,732] {processor.py:171} INFO - Processing /home/user/workspace/airflow/airflow_env/lib/python3.6/site-packages/airflow/example_dags/example_time_delta_sensor_async.py took 0.093 seconds
[2021-10-18 17:29:41,532] {processor.py:163} INFO - Started process (PID=25237) to work on /home/user/workspace/airflow/airflow_env/lib/python3.6/site-packages/airflow/example_dags/example_time_delta_sensor_async.py
[2021-10-18 17:29:41,535] {processor.py:620} INFO - Processing file /home/user/workspace/airflow/airflow_env/lib/python3.6/site-packages/airflow/example_dags/example_time_delta_sensor_async.py for tasks to queue
[2021-10-18 17:29:41,539] {logging_mixin.py:109} INFO - [2021-10-18 17:29:41,538] {dagbag.py:500} INFO - Filling up the DagBag from /home/user/workspace/airflow/airflow_env/lib/python3.6/site-packages/airflow/example_dags/example_time_delta_sensor_async.py
[2021-10-18 17:29:41,595] {processor.py:632} INFO - DAG(s) dict_keys(['example_time_delta_sensor_async']) retrieved from /home/user/workspace/airflow/airflow_env/lib/python3.6/site-packages/airflow/example_dags/example_time_delta_sensor_async.py
[2021-10-18 17:29:41,624] {logging_mixin.py:109} INFO - [2021-10-18 17:29:41,624] {dag.py:2389} INFO - Sync 1 DAGs
[2021-10-18 17:29:41,644] {logging_mixin.py:109} INFO - [2021-10-18 17:29:41,644] {dag.py:2914} INFO - Setting next_dagrun for example_time_delta_sensor_async to None
[2021-10-18 17:29:41,654] {processor.py:171} INFO - Processing /home/user/workspace/airflow/airflow_env/lib/python3.6/site-packages/airflow/example_dags/example_time_delta_sensor_async.py took 0.132 seconds
[2021-10-18 17:30:21,458] {processor.py:163} INFO - Started process (PID=25319) to work on /home/user/workspace/airflow/airflow_env/lib/python3.6/site-packages/airflow/example_dags/example_time_delta_sensor_async.py
[2021-10-18 17:30:21,460] {processor.py:620} INFO - Processing file /home/user/workspace/airflow/airflow_env/lib/python3.6/site-packages/airflow/example_dags/example_time_delta_sensor_async.py for tasks to queue
[2021-10-18 17:30:21,462] {logging_mixin.py:109} INFO - [2021-10-18 17:30:21,462] {dagbag.py:500} INFO - Filling up the DagBag from /home/user/workspace/airflow/airflow_env/lib/python3.6/site-packages/airflow/example_dags/example_time_delta_sensor_async.py
[2021-10-18 17:30:21,503] {processor.py:632} INFO - DAG(s) dict_keys(['example_time_delta_sensor_async']) retrieved from /home/user/workspace/airflow/airflow_env/lib/python3.6/site-packages/airflow/example_dags/example_time_delta_sensor_async.py
[2021-10-18 17:30:21,524] {logging_mixin.py:109} INFO - [2021-10-18 17:30:21,524] {dag.py:2389} INFO - Sync 1 DAGs
[2021-10-18 17:30:21,553] {logging_mixin.py:109} INFO - [2021-10-18 17:30:21,553] {dag.py:2914} INFO - Setting next_dagrun for example_time_delta_sensor_async to None
[2021-10-18 17:30:21,569] {processor.py:171} INFO - Processing /home/user/workspace/airflow/airflow_env/lib/python3.6/site-packages/airflow/example_dags/example_time_delta_sensor_async.py took 0.116 seconds
[2021-10-18 17:31:02,236] {processor.py:163} INFO - Started process (PID=25508) to work on /home/user/workspace/airflow/airflow_env/lib/python3.6/site-packages/airflow/example_dags/example_time_delta_sensor_async.py
[2021-10-18 17:31:02,238] {processor.py:620} INFO - Processing file /home/user/workspace/airflow/airflow_env/lib/python3.6/site-packages/airflow/example_dags/example_time_delta_sensor_async.py for tasks to queue
[2021-10-18 17:31:02,240] {logging_mixin.py:109} INFO - [2021-10-18 17:31:02,239] {dagbag.py:500} INFO - Filling up the DagBag from /home/user/workspace/airflow/airflow_env/lib/python3.6/site-packages/airflow/example_dags/example_time_delta_sensor_async.py
[2021-10-18 17:31:02,287] {processor.py:632} INFO - DAG(s) dict_keys(['example_time_delta_sensor_async']) retrieved from /home/user/workspace/airflow/airflow_env/lib/python3.6/site-packages/airflow/example_dags/example_time_delta_sensor_async.py
[2021-10-18 17:31:02,311] {logging_mixin.py:109} INFO - [2021-10-18 17:31:02,311] {dag.py:2389} INFO - Sync 1 DAGs
[2021-10-18 17:31:02,344] {logging_mixin.py:109} INFO - [2021-10-18 17:31:02,343] {dag.py:2914} INFO - Setting next_dagrun for example_time_delta_sensor_async to None
[2021-10-18 17:31:02,356] {processor.py:171} INFO - Processing /home/user/workspace/airflow/airflow_env/lib/python3.6/site-packages/airflow/example_dags/example_time_delta_sensor_async.py took 0.126 seconds
[2021-10-18 17:31:43,930] {processor.py:163} INFO - Started process (PID=25580) to work on /home/user/workspace/airflow/airflow_env/lib/python3.6/site-packages/airflow/example_dags/example_time_delta_sensor_async.py
[2021-10-18 17:31:43,932] {processor.py:620} INFO - Processing file /home/user/workspace/airflow/airflow_env/lib/python3.6/site-packages/airflow/example_dags/example_time_delta_sensor_async.py for tasks to queue
[2021-10-18 17:31:43,933] {logging_mixin.py:109} INFO - [2021-10-18 17:31:43,933] {dagbag.py:500} INFO - Filling up the DagBag from /home/user/workspace/airflow/airflow_env/lib/python3.6/site-packages/airflow/example_dags/example_time_delta_sensor_async.py
[2021-10-18 17:31:43,975] {processor.py:632} INFO - DAG(s) dict_keys(['example_time_delta_sensor_async']) retrieved from /home/user/workspace/airflow/airflow_env/lib/python3.6/site-packages/airflow/example_dags/example_time_delta_sensor_async.py
[2021-10-18 17:31:43,995] {logging_mixin.py:109} INFO - [2021-10-18 17:31:43,995] {dag.py:2389} INFO - Sync 1 DAGs
[2021-10-18 17:31:44,023] {logging_mixin.py:109} INFO - [2021-10-18 17:31:44,023] {dag.py:2914} INFO - Setting next_dagrun for example_time_delta_sensor_async to None
[2021-10-18 17:31:44,041] {processor.py:171} INFO - Processing /home/user/workspace/airflow/airflow_env/lib/python3.6/site-packages/airflow/example_dags/example_time_delta_sensor_async.py took 0.117 seconds
[2021-10-18 17:32:25,043] {processor.py:163} INFO - Started process (PID=25744) to work on /home/user/workspace/airflow/airflow_env/lib/python3.6/site-packages/airflow/example_dags/example_time_delta_sensor_async.py
[2021-10-18 17:32:25,046] {processor.py:620} INFO - Processing file /home/user/workspace/airflow/airflow_env/lib/python3.6/site-packages/airflow/example_dags/example_time_delta_sensor_async.py for tasks to queue
[2021-10-18 17:32:25,048] {logging_mixin.py:109} INFO - [2021-10-18 17:32:25,047] {dagbag.py:500} INFO - Filling up the DagBag from /home/user/workspace/airflow/airflow_env/lib/python3.6/site-packages/airflow/example_dags/example_time_delta_sensor_async.py
[2021-10-18 17:32:25,084] {processor.py:632} INFO - DAG(s) dict_keys(['example_time_delta_sensor_async']) retrieved from /home/user/workspace/airflow/airflow_env/lib/python3.6/site-packages/airflow/example_dags/example_time_delta_sensor_async.py
[2021-10-18 17:32:25,100] {logging_mixin.py:109} INFO - [2021-10-18 17:32:25,100] {dag.py:2389} INFO - Sync 1 DAGs
[2021-10-18 17:32:25,125] {logging_mixin.py:109} INFO - [2021-10-18 17:32:25,125] {dag.py:2914} INFO - Setting next_dagrun for example_time_delta_sensor_async to None
[2021-10-18 17:32:25,147] {processor.py:171} INFO - Processing /home/user/workspace/airflow/airflow_env/lib/python3.6/site-packages/airflow/example_dags/example_time_delta_sensor_async.py took 0.108 seconds
[2021-10-18 17:33:08,511] {processor.py:163} INFO - Started process (PID=25858) to work on /home/user/workspace/airflow/airflow_env/lib/python3.6/site-packages/airflow/example_dags/example_time_delta_sensor_async.py
[2021-10-18 17:33:08,513] {processor.py:620} INFO - Processing file /home/user/workspace/airflow/airflow_env/lib/python3.6/site-packages/airflow/example_dags/example_time_delta_sensor_async.py for tasks to queue
[2021-10-18 17:33:08,515] {logging_mixin.py:109} INFO - [2021-10-18 17:33:08,515] {dagbag.py:500} INFO - Filling up the DagBag from /home/user/workspace/airflow/airflow_env/lib/python3.6/site-packages/airflow/example_dags/example_time_delta_sensor_async.py
[2021-10-18 17:33:08,563] {processor.py:632} INFO - DAG(s) dict_keys(['example_time_delta_sensor_async']) retrieved from /home/user/workspace/airflow/airflow_env/lib/python3.6/site-packages/airflow/example_dags/example_time_delta_sensor_async.py
[2021-10-18 17:33:08,588] {logging_mixin.py:109} INFO - [2021-10-18 17:33:08,588] {dag.py:2389} INFO - Sync 1 DAGs
[2021-10-18 17:33:08,622] {logging_mixin.py:109} INFO - [2021-10-18 17:33:08,621] {dag.py:2914} INFO - Setting next_dagrun for example_time_delta_sensor_async to None
[2021-10-18 17:33:08,634] {processor.py:171} INFO - Processing /home/user/workspace/airflow/airflow_env/lib/python3.6/site-packages/airflow/example_dags/example_time_delta_sensor_async.py took 0.129 seconds
[2021-10-18 17:33:47,087] {processor.py:163} INFO - Started process (PID=25927) to work on /home/user/workspace/airflow/airflow_env/lib/python3.6/site-packages/airflow/example_dags/example_time_delta_sensor_async.py
[2021-10-18 17:33:47,089] {processor.py:620} INFO - Processing file /home/user/workspace/airflow/airflow_env/lib/python3.6/site-packages/airflow/example_dags/example_time_delta_sensor_async.py for tasks to queue
[2021-10-18 17:33:47,092] {logging_mixin.py:109} INFO - [2021-10-18 17:33:47,092] {dagbag.py:500} INFO - Filling up the DagBag from /home/user/workspace/airflow/airflow_env/lib/python3.6/site-packages/airflow/example_dags/example_time_delta_sensor_async.py
[2021-10-18 17:33:47,165] {processor.py:632} INFO - DAG(s) dict_keys(['example_time_delta_sensor_async']) retrieved from /home/user/workspace/airflow/airflow_env/lib/python3.6/site-packages/airflow/example_dags/example_time_delta_sensor_async.py
[2021-10-18 17:33:47,181] {logging_mixin.py:109} INFO - [2021-10-18 17:33:47,181] {dag.py:2389} INFO - Sync 1 DAGs
[2021-10-18 17:33:47,197] {logging_mixin.py:109} INFO - [2021-10-18 17:33:47,197] {dag.py:2914} INFO - Setting next_dagrun for example_time_delta_sensor_async to None
[2021-10-18 17:33:47,206] {processor.py:171} INFO - Processing /home/user/workspace/airflow/airflow_env/lib/python3.6/site-packages/airflow/example_dags/example_time_delta_sensor_async.py took 0.131 seconds
[2021-10-18 17:34:25,513] {processor.py:163} INFO - Started process (PID=25987) to work on /home/user/workspace/airflow/airflow_env/lib/python3.6/site-packages/airflow/example_dags/example_time_delta_sensor_async.py
[2021-10-18 17:34:25,515] {processor.py:620} INFO - Processing file /home/user/workspace/airflow/airflow_env/lib/python3.6/site-packages/airflow/example_dags/example_time_delta_sensor_async.py for tasks to queue
[2021-10-18 17:34:25,517] {logging_mixin.py:109} INFO - [2021-10-18 17:34:25,516] {dagbag.py:500} INFO - Filling up the DagBag from /home/user/workspace/airflow/airflow_env/lib/python3.6/site-packages/airflow/example_dags/example_time_delta_sensor_async.py
[2021-10-18 17:34:25,554] {processor.py:632} INFO - DAG(s) dict_keys(['example_time_delta_sensor_async']) retrieved from /home/user/workspace/airflow/airflow_env/lib/python3.6/site-packages/airflow/example_dags/example_time_delta_sensor_async.py
[2021-10-18 17:34:25,573] {logging_mixin.py:109} INFO - [2021-10-18 17:34:25,572] {dag.py:2389} INFO - Sync 1 DAGs
[2021-10-18 17:34:25,595] {logging_mixin.py:109} INFO - [2021-10-18 17:34:25,595] {dag.py:2914} INFO - Setting next_dagrun for example_time_delta_sensor_async to None
[2021-10-18 17:34:25,609] {processor.py:171} INFO - Processing /home/user/workspace/airflow/airflow_env/lib/python3.6/site-packages/airflow/example_dags/example_time_delta_sensor_async.py took 0.101 seconds
[2021-10-18 17:35:05,770] {processor.py:163} INFO - Started process (PID=26077) to work on /home/user/workspace/airflow/airflow_env/lib/python3.6/site-packages/airflow/example_dags/example_time_delta_sensor_async.py
[2021-10-18 17:35:05,772] {processor.py:620} INFO - Processing file /home/user/workspace/airflow/airflow_env/lib/python3.6/site-packages/airflow/example_dags/example_time_delta_sensor_async.py for tasks to queue
[2021-10-18 17:35:05,774] {logging_mixin.py:109} INFO - [2021-10-18 17:35:05,773] {dagbag.py:500} INFO - Filling up the DagBag from /home/user/workspace/airflow/airflow_env/lib/python3.6/site-packages/airflow/example_dags/example_time_delta_sensor_async.py
[2021-10-18 17:35:05,819] {processor.py:632} INFO - DAG(s) dict_keys(['example_time_delta_sensor_async']) retrieved from /home/user/workspace/airflow/airflow_env/lib/python3.6/site-packages/airflow/example_dags/example_time_delta_sensor_async.py
[2021-10-18 17:35:05,845] {logging_mixin.py:109} INFO - [2021-10-18 17:35:05,845] {dag.py:2389} INFO - Sync 1 DAGs
[2021-10-18 17:35:05,865] {logging_mixin.py:109} INFO - [2021-10-18 17:35:05,865] {dag.py:2914} INFO - Setting next_dagrun for example_time_delta_sensor_async to None
[2021-10-18 17:35:05,875] {processor.py:171} INFO - Processing /home/user/workspace/airflow/airflow_env/lib/python3.6/site-packages/airflow/example_dags/example_time_delta_sensor_async.py took 0.112 seconds
[2021-10-18 17:35:45,364] {processor.py:163} INFO - Started process (PID=26242) to work on /home/user/workspace/airflow/airflow_env/lib/python3.6/site-packages/airflow/example_dags/example_time_delta_sensor_async.py
[2021-10-18 17:35:45,377] {processor.py:620} INFO - Processing file /home/user/workspace/airflow/airflow_env/lib/python3.6/site-packages/airflow/example_dags/example_time_delta_sensor_async.py for tasks to queue
[2021-10-18 17:35:45,379] {logging_mixin.py:109} INFO - [2021-10-18 17:35:45,379] {dagbag.py:500} INFO - Filling up the DagBag from /home/user/workspace/airflow/airflow_env/lib/python3.6/site-packages/airflow/example_dags/example_time_delta_sensor_async.py
[2021-10-18 17:35:45,434] {processor.py:632} INFO - DAG(s) dict_keys(['example_time_delta_sensor_async']) retrieved from /home/user/workspace/airflow/airflow_env/lib/python3.6/site-packages/airflow/example_dags/example_time_delta_sensor_async.py
[2021-10-18 17:35:45,462] {logging_mixin.py:109} INFO - [2021-10-18 17:35:45,461] {dag.py:2389} INFO - Sync 1 DAGs
[2021-10-18 17:35:45,490] {logging_mixin.py:109} INFO - [2021-10-18 17:35:45,490] {dag.py:2914} INFO - Setting next_dagrun for example_time_delta_sensor_async to None
[2021-10-18 17:35:45,503] {processor.py:171} INFO - Processing /home/user/workspace/airflow/airflow_env/lib/python3.6/site-packages/airflow/example_dags/example_time_delta_sensor_async.py took 0.146 seconds
[2021-10-18 17:36:24,799] {processor.py:163} INFO - Started process (PID=26316) to work on /home/user/workspace/airflow/airflow_env/lib/python3.6/site-packages/airflow/example_dags/example_time_delta_sensor_async.py
[2021-10-18 17:36:24,802] {processor.py:620} INFO - Processing file /home/user/workspace/airflow/airflow_env/lib/python3.6/site-packages/airflow/example_dags/example_time_delta_sensor_async.py for tasks to queue
[2021-10-18 17:36:24,804] {logging_mixin.py:109} INFO - [2021-10-18 17:36:24,803] {dagbag.py:500} INFO - Filling up the DagBag from /home/user/workspace/airflow/airflow_env/lib/python3.6/site-packages/airflow/example_dags/example_time_delta_sensor_async.py
[2021-10-18 17:36:24,854] {processor.py:632} INFO - DAG(s) dict_keys(['example_time_delta_sensor_async']) retrieved from /home/user/workspace/airflow/airflow_env/lib/python3.6/site-packages/airflow/example_dags/example_time_delta_sensor_async.py
[2021-10-18 17:36:24,878] {logging_mixin.py:109} INFO - [2021-10-18 17:36:24,878] {dag.py:2389} INFO - Sync 1 DAGs
[2021-10-18 17:36:24,906] {logging_mixin.py:109} INFO - [2021-10-18 17:36:24,906] {dag.py:2914} INFO - Setting next_dagrun for example_time_delta_sensor_async to None
[2021-10-18 17:36:24,916] {processor.py:171} INFO - Processing /home/user/workspace/airflow/airflow_env/lib/python3.6/site-packages/airflow/example_dags/example_time_delta_sensor_async.py took 0.123 seconds
[2021-10-18 17:37:05,428] {processor.py:163} INFO - Started process (PID=26398) to work on /home/user/workspace/airflow/airflow_env/lib/python3.6/site-packages/airflow/example_dags/example_time_delta_sensor_async.py
[2021-10-18 17:37:05,430] {processor.py:620} INFO - Processing file /home/user/workspace/airflow/airflow_env/lib/python3.6/site-packages/airflow/example_dags/example_time_delta_sensor_async.py for tasks to queue
[2021-10-18 17:37:05,432] {logging_mixin.py:109} INFO - [2021-10-18 17:37:05,431] {dagbag.py:500} INFO - Filling up the DagBag from /home/user/workspace/airflow/airflow_env/lib/python3.6/site-packages/airflow/example_dags/example_time_delta_sensor_async.py
[2021-10-18 17:37:05,469] {processor.py:632} INFO - DAG(s) dict_keys(['example_time_delta_sensor_async']) retrieved from /home/user/workspace/airflow/airflow_env/lib/python3.6/site-packages/airflow/example_dags/example_time_delta_sensor_async.py
[2021-10-18 17:37:05,486] {logging_mixin.py:109} INFO - [2021-10-18 17:37:05,486] {dag.py:2389} INFO - Sync 1 DAGs
[2021-10-18 17:37:05,509] {logging_mixin.py:109} INFO - [2021-10-18 17:37:05,509] {dag.py:2914} INFO - Setting next_dagrun for example_time_delta_sensor_async to None
[2021-10-18 17:37:05,523] {processor.py:171} INFO - Processing /home/user/workspace/airflow/airflow_env/lib/python3.6/site-packages/airflow/example_dags/example_time_delta_sensor_async.py took 0.100 seconds
[2021-10-18 17:37:45,603] {processor.py:163} INFO - Started process (PID=26510) to work on /home/user/workspace/airflow/airflow_env/lib/python3.6/site-packages/airflow/example_dags/example_time_delta_sensor_async.py
[2021-10-18 17:37:45,605] {processor.py:620} INFO - Processing file /home/user/workspace/airflow/airflow_env/lib/python3.6/site-packages/airflow/example_dags/example_time_delta_sensor_async.py for tasks to queue
[2021-10-18 17:37:45,607] {logging_mixin.py:109} INFO - [2021-10-18 17:37:45,607] {dagbag.py:500} INFO - Filling up the DagBag from /home/user/workspace/airflow/airflow_env/lib/python3.6/site-packages/airflow/example_dags/example_time_delta_sensor_async.py
[2021-10-18 17:37:45,638] {processor.py:632} INFO - DAG(s) dict_keys(['example_time_delta_sensor_async']) retrieved from /home/user/workspace/airflow/airflow_env/lib/python3.6/site-packages/airflow/example_dags/example_time_delta_sensor_async.py
[2021-10-18 17:37:45,649] {logging_mixin.py:109} INFO - [2021-10-18 17:37:45,649] {dag.py:2389} INFO - Sync 1 DAGs
[2021-10-18 17:37:45,663] {logging_mixin.py:109} INFO - [2021-10-18 17:37:45,663] {dag.py:2914} INFO - Setting next_dagrun for example_time_delta_sensor_async to None
[2021-10-18 17:37:45,672] {processor.py:171} INFO - Processing /home/user/workspace/airflow/airflow_env/lib/python3.6/site-packages/airflow/example_dags/example_time_delta_sensor_async.py took 0.075 seconds
[2021-10-18 17:38:27,183] {processor.py:163} INFO - Started process (PID=26580) to work on /home/user/workspace/airflow/airflow_env/lib/python3.6/site-packages/airflow/example_dags/example_time_delta_sensor_async.py
[2021-10-18 17:38:27,195] {processor.py:620} INFO - Processing file /home/user/workspace/airflow/airflow_env/lib/python3.6/site-packages/airflow/example_dags/example_time_delta_sensor_async.py for tasks to queue
[2021-10-18 17:38:27,198] {logging_mixin.py:109} INFO - [2021-10-18 17:38:27,197] {dagbag.py:500} INFO - Filling up the DagBag from /home/user/workspace/airflow/airflow_env/lib/python3.6/site-packages/airflow/example_dags/example_time_delta_sensor_async.py
[2021-10-18 17:38:27,245] {processor.py:632} INFO - DAG(s) dict_keys(['example_time_delta_sensor_async']) retrieved from /home/user/workspace/airflow/airflow_env/lib/python3.6/site-packages/airflow/example_dags/example_time_delta_sensor_async.py
[2021-10-18 17:38:27,275] {logging_mixin.py:109} INFO - [2021-10-18 17:38:27,275] {dag.py:2389} INFO - Sync 1 DAGs
[2021-10-18 17:38:27,305] {logging_mixin.py:109} INFO - [2021-10-18 17:38:27,305] {dag.py:2914} INFO - Setting next_dagrun for example_time_delta_sensor_async to None
[2021-10-18 17:38:27,319] {processor.py:171} INFO - Processing /home/user/workspace/airflow/airflow_env/lib/python3.6/site-packages/airflow/example_dags/example_time_delta_sensor_async.py took 0.143 seconds
[2021-10-18 17:39:09,068] {processor.py:163} INFO - Started process (PID=26670) to work on /home/user/workspace/airflow/airflow_env/lib/python3.6/site-packages/airflow/example_dags/example_time_delta_sensor_async.py
[2021-10-18 17:39:09,071] {processor.py:620} INFO - Processing file /home/user/workspace/airflow/airflow_env/lib/python3.6/site-packages/airflow/example_dags/example_time_delta_sensor_async.py for tasks to queue
[2021-10-18 17:39:09,073] {logging_mixin.py:109} INFO - [2021-10-18 17:39:09,072] {dagbag.py:500} INFO - Filling up the DagBag from /home/user/workspace/airflow/airflow_env/lib/python3.6/site-packages/airflow/example_dags/example_time_delta_sensor_async.py
[2021-10-18 17:39:09,131] {processor.py:632} INFO - DAG(s) dict_keys(['example_time_delta_sensor_async']) retrieved from /home/user/workspace/airflow/airflow_env/lib/python3.6/site-packages/airflow/example_dags/example_time_delta_sensor_async.py
[2021-10-18 17:39:09,159] {logging_mixin.py:109} INFO - [2021-10-18 17:39:09,159] {dag.py:2389} INFO - Sync 1 DAGs
[2021-10-18 17:39:09,192] {logging_mixin.py:109} INFO - [2021-10-18 17:39:09,192] {dag.py:2914} INFO - Setting next_dagrun for example_time_delta_sensor_async to None
[2021-10-18 17:39:09,203] {processor.py:171} INFO - Processing /home/user/workspace/airflow/airflow_env/lib/python3.6/site-packages/airflow/example_dags/example_time_delta_sensor_async.py took 0.143 seconds
[2021-10-18 17:39:54,474] {processor.py:163} INFO - Started process (PID=26764) to work on /home/user/workspace/airflow/airflow_env/lib/python3.6/site-packages/airflow/example_dags/example_time_delta_sensor_async.py
[2021-10-18 17:39:54,486] {processor.py:620} INFO - Processing file /home/user/workspace/airflow/airflow_env/lib/python3.6/site-packages/airflow/example_dags/example_time_delta_sensor_async.py for tasks to queue
[2021-10-18 17:39:54,488] {logging_mixin.py:109} INFO - [2021-10-18 17:39:54,488] {dagbag.py:500} INFO - Filling up the DagBag from /home/user/workspace/airflow/airflow_env/lib/python3.6/site-packages/airflow/example_dags/example_time_delta_sensor_async.py
[2021-10-18 17:39:54,540] {processor.py:632} INFO - DAG(s) dict_keys(['example_time_delta_sensor_async']) retrieved from /home/user/workspace/airflow/airflow_env/lib/python3.6/site-packages/airflow/example_dags/example_time_delta_sensor_async.py
[2021-10-18 17:39:54,567] {logging_mixin.py:109} INFO - [2021-10-18 17:39:54,567] {dag.py:2389} INFO - Sync 1 DAGs
[2021-10-18 17:39:54,605] {logging_mixin.py:109} INFO - [2021-10-18 17:39:54,605] {dag.py:2914} INFO - Setting next_dagrun for example_time_delta_sensor_async to None
[2021-10-18 17:39:54,631] {processor.py:171} INFO - Processing /home/user/workspace/airflow/airflow_env/lib/python3.6/site-packages/airflow/example_dags/example_time_delta_sensor_async.py took 0.162 seconds
[2021-10-18 17:40:36,342] {processor.py:163} INFO - Started process (PID=26967) to work on /home/user/workspace/airflow/airflow_env/lib/python3.6/site-packages/airflow/example_dags/example_time_delta_sensor_async.py
[2021-10-18 17:40:36,344] {processor.py:620} INFO - Processing file /home/user/workspace/airflow/airflow_env/lib/python3.6/site-packages/airflow/example_dags/example_time_delta_sensor_async.py for tasks to queue
[2021-10-18 17:40:36,346] {logging_mixin.py:109} INFO - [2021-10-18 17:40:36,345] {dagbag.py:500} INFO - Filling up the DagBag from /home/user/workspace/airflow/airflow_env/lib/python3.6/site-packages/airflow/example_dags/example_time_delta_sensor_async.py
[2021-10-18 17:40:36,396] {processor.py:632} INFO - DAG(s) dict_keys(['example_time_delta_sensor_async']) retrieved from /home/user/workspace/airflow/airflow_env/lib/python3.6/site-packages/airflow/example_dags/example_time_delta_sensor_async.py
[2021-10-18 17:40:36,454] {logging_mixin.py:109} INFO - [2021-10-18 17:40:36,454] {dag.py:2389} INFO - Sync 1 DAGs
[2021-10-18 17:40:36,583] {logging_mixin.py:109} INFO - [2021-10-18 17:40:36,583] {dag.py:2914} INFO - Setting next_dagrun for example_time_delta_sensor_async to None
[2021-10-18 17:40:36,616] {processor.py:171} INFO - Processing /home/user/workspace/airflow/airflow_env/lib/python3.6/site-packages/airflow/example_dags/example_time_delta_sensor_async.py took 0.280 seconds
[2021-10-18 17:41:16,541] {processor.py:163} INFO - Started process (PID=27026) to work on /home/user/workspace/airflow/airflow_env/lib/python3.6/site-packages/airflow/example_dags/example_time_delta_sensor_async.py
[2021-10-18 17:41:16,543] {processor.py:620} INFO - Processing file /home/user/workspace/airflow/airflow_env/lib/python3.6/site-packages/airflow/example_dags/example_time_delta_sensor_async.py for tasks to queue
[2021-10-18 17:41:16,544] {logging_mixin.py:109} INFO - [2021-10-18 17:41:16,544] {dagbag.py:500} INFO - Filling up the DagBag from /home/user/workspace/airflow/airflow_env/lib/python3.6/site-packages/airflow/example_dags/example_time_delta_sensor_async.py
[2021-10-18 17:41:16,585] {processor.py:632} INFO - DAG(s) dict_keys(['example_time_delta_sensor_async']) retrieved from /home/user/workspace/airflow/airflow_env/lib/python3.6/site-packages/airflow/example_dags/example_time_delta_sensor_async.py
[2021-10-18 17:41:16,605] {logging_mixin.py:109} INFO - [2021-10-18 17:41:16,605] {dag.py:2389} INFO - Sync 1 DAGs
[2021-10-18 17:41:16,634] {logging_mixin.py:109} INFO - [2021-10-18 17:41:16,634] {dag.py:2914} INFO - Setting next_dagrun for example_time_delta_sensor_async to None
[2021-10-18 17:41:16,654] {processor.py:171} INFO - Processing /home/user/workspace/airflow/airflow_env/lib/python3.6/site-packages/airflow/example_dags/example_time_delta_sensor_async.py took 0.120 seconds
[2021-10-18 17:41:55,576] {processor.py:163} INFO - Started process (PID=27090) to work on /home/user/workspace/airflow/airflow_env/lib/python3.6/site-packages/airflow/example_dags/example_time_delta_sensor_async.py
[2021-10-18 17:41:55,589] {processor.py:620} INFO - Processing file /home/user/workspace/airflow/airflow_env/lib/python3.6/site-packages/airflow/example_dags/example_time_delta_sensor_async.py for tasks to queue
[2021-10-18 17:41:55,591] {logging_mixin.py:109} INFO - [2021-10-18 17:41:55,590] {dagbag.py:500} INFO - Filling up the DagBag from /home/user/workspace/airflow/airflow_env/lib/python3.6/site-packages/airflow/example_dags/example_time_delta_sensor_async.py
[2021-10-18 17:41:55,640] {processor.py:632} INFO - DAG(s) dict_keys(['example_time_delta_sensor_async']) retrieved from /home/user/workspace/airflow/airflow_env/lib/python3.6/site-packages/airflow/example_dags/example_time_delta_sensor_async.py
[2021-10-18 17:41:55,662] {logging_mixin.py:109} INFO - [2021-10-18 17:41:55,662] {dag.py:2389} INFO - Sync 1 DAGs
[2021-10-18 17:41:55,679] {logging_mixin.py:109} INFO - [2021-10-18 17:41:55,679] {dag.py:2914} INFO - Setting next_dagrun for example_time_delta_sensor_async to None
[2021-10-18 17:41:55,688] {processor.py:171} INFO - Processing /home/user/workspace/airflow/airflow_env/lib/python3.6/site-packages/airflow/example_dags/example_time_delta_sensor_async.py took 0.120 seconds
[2021-10-18 17:42:34,904] {processor.py:163} INFO - Started process (PID=27234) to work on /home/user/workspace/airflow/airflow_env/lib/python3.6/site-packages/airflow/example_dags/example_time_delta_sensor_async.py
[2021-10-18 17:42:34,906] {processor.py:620} INFO - Processing file /home/user/workspace/airflow/airflow_env/lib/python3.6/site-packages/airflow/example_dags/example_time_delta_sensor_async.py for tasks to queue
[2021-10-18 17:42:34,907] {logging_mixin.py:109} INFO - [2021-10-18 17:42:34,907] {dagbag.py:500} INFO - Filling up the DagBag from /home/user/workspace/airflow/airflow_env/lib/python3.6/site-packages/airflow/example_dags/example_time_delta_sensor_async.py
[2021-10-18 17:42:34,945] {processor.py:632} INFO - DAG(s) dict_keys(['example_time_delta_sensor_async']) retrieved from /home/user/workspace/airflow/airflow_env/lib/python3.6/site-packages/airflow/example_dags/example_time_delta_sensor_async.py
[2021-10-18 17:42:34,966] {logging_mixin.py:109} INFO - [2021-10-18 17:42:34,965] {dag.py:2389} INFO - Sync 1 DAGs
[2021-10-18 17:42:34,994] {logging_mixin.py:109} INFO - [2021-10-18 17:42:34,994] {dag.py:2914} INFO - Setting next_dagrun for example_time_delta_sensor_async to None
[2021-10-18 17:42:35,011] {processor.py:171} INFO - Processing /home/user/workspace/airflow/airflow_env/lib/python3.6/site-packages/airflow/example_dags/example_time_delta_sensor_async.py took 0.112 seconds
[2021-10-18 17:43:13,888] {processor.py:163} INFO - Started process (PID=27299) to work on /home/user/workspace/airflow/airflow_env/lib/python3.6/site-packages/airflow/example_dags/example_time_delta_sensor_async.py
[2021-10-18 17:43:13,892] {processor.py:620} INFO - Processing file /home/user/workspace/airflow/airflow_env/lib/python3.6/site-packages/airflow/example_dags/example_time_delta_sensor_async.py for tasks to queue
[2021-10-18 17:43:13,894] {logging_mixin.py:109} INFO - [2021-10-18 17:43:13,894] {dagbag.py:500} INFO - Filling up the DagBag from /home/user/workspace/airflow/airflow_env/lib/python3.6/site-packages/airflow/example_dags/example_time_delta_sensor_async.py
[2021-10-18 17:43:13,955] {processor.py:632} INFO - DAG(s) dict_keys(['example_time_delta_sensor_async']) retrieved from /home/user/workspace/airflow/airflow_env/lib/python3.6/site-packages/airflow/example_dags/example_time_delta_sensor_async.py
[2021-10-18 17:43:13,979] {logging_mixin.py:109} INFO - [2021-10-18 17:43:13,979] {dag.py:2389} INFO - Sync 1 DAGs
[2021-10-18 17:43:13,995] {logging_mixin.py:109} INFO - [2021-10-18 17:43:13,995] {dag.py:2914} INFO - Setting next_dagrun for example_time_delta_sensor_async to None
[2021-10-18 17:43:14,005] {processor.py:171} INFO - Processing /home/user/workspace/airflow/airflow_env/lib/python3.6/site-packages/airflow/example_dags/example_time_delta_sensor_async.py took 0.126 seconds
[2021-10-18 17:43:51,891] {processor.py:163} INFO - Started process (PID=27441) to work on /home/user/workspace/airflow/airflow_env/lib/python3.6/site-packages/airflow/example_dags/example_time_delta_sensor_async.py
[2021-10-18 17:43:51,893] {processor.py:620} INFO - Processing file /home/user/workspace/airflow/airflow_env/lib/python3.6/site-packages/airflow/example_dags/example_time_delta_sensor_async.py for tasks to queue
[2021-10-18 17:43:51,894] {logging_mixin.py:109} INFO - [2021-10-18 17:43:51,894] {dagbag.py:500} INFO - Filling up the DagBag from /home/user/workspace/airflow/airflow_env/lib/python3.6/site-packages/airflow/example_dags/example_time_delta_sensor_async.py
[2021-10-18 17:43:51,942] {processor.py:632} INFO - DAG(s) dict_keys(['example_time_delta_sensor_async']) retrieved from /home/user/workspace/airflow/airflow_env/lib/python3.6/site-packages/airflow/example_dags/example_time_delta_sensor_async.py
[2021-10-18 17:43:51,965] {logging_mixin.py:109} INFO - [2021-10-18 17:43:51,965] {dag.py:2389} INFO - Sync 1 DAGs
[2021-10-18 17:43:51,989] {logging_mixin.py:109} INFO - [2021-10-18 17:43:51,989] {dag.py:2914} INFO - Setting next_dagrun for example_time_delta_sensor_async to None
[2021-10-18 17:43:51,999] {processor.py:171} INFO - Processing /home/user/workspace/airflow/airflow_env/lib/python3.6/site-packages/airflow/example_dags/example_time_delta_sensor_async.py took 0.114 seconds
[2021-10-18 17:44:46,810] {processor.py:163} INFO - Started process (PID=27620) to work on /home/user/workspace/airflow/airflow_env/lib/python3.6/site-packages/airflow/example_dags/example_time_delta_sensor_async.py
[2021-10-18 17:44:46,823] {processor.py:620} INFO - Processing file /home/user/workspace/airflow/airflow_env/lib/python3.6/site-packages/airflow/example_dags/example_time_delta_sensor_async.py for tasks to queue
[2021-10-18 17:44:46,825] {logging_mixin.py:109} INFO - [2021-10-18 17:44:46,824] {dagbag.py:500} INFO - Filling up the DagBag from /home/user/workspace/airflow/airflow_env/lib/python3.6/site-packages/airflow/example_dags/example_time_delta_sensor_async.py
[2021-10-18 17:44:46,872] {processor.py:632} INFO - DAG(s) dict_keys(['example_time_delta_sensor_async']) retrieved from /home/user/workspace/airflow/airflow_env/lib/python3.6/site-packages/airflow/example_dags/example_time_delta_sensor_async.py
[2021-10-18 17:44:46,895] {logging_mixin.py:109} INFO - [2021-10-18 17:44:46,895] {dag.py:2389} INFO - Sync 1 DAGs
[2021-10-18 17:44:46,925] {logging_mixin.py:109} INFO - [2021-10-18 17:44:46,925] {dag.py:2914} INFO - Setting next_dagrun for example_time_delta_sensor_async to None
[2021-10-18 17:44:46,938] {processor.py:171} INFO - Processing /home/user/workspace/airflow/airflow_env/lib/python3.6/site-packages/airflow/example_dags/example_time_delta_sensor_async.py took 0.135 seconds
[2021-10-18 17:45:24,607] {processor.py:163} INFO - Started process (PID=27739) to work on /home/user/workspace/airflow/airflow_env/lib/python3.6/site-packages/airflow/example_dags/example_time_delta_sensor_async.py
[2021-10-18 17:45:24,609] {processor.py:620} INFO - Processing file /home/user/workspace/airflow/airflow_env/lib/python3.6/site-packages/airflow/example_dags/example_time_delta_sensor_async.py for tasks to queue
[2021-10-18 17:45:24,610] {logging_mixin.py:109} INFO - [2021-10-18 17:45:24,610] {dagbag.py:500} INFO - Filling up the DagBag from /home/user/workspace/airflow/airflow_env/lib/python3.6/site-packages/airflow/example_dags/example_time_delta_sensor_async.py
[2021-10-18 17:45:24,648] {processor.py:632} INFO - DAG(s) dict_keys(['example_time_delta_sensor_async']) retrieved from /home/user/workspace/airflow/airflow_env/lib/python3.6/site-packages/airflow/example_dags/example_time_delta_sensor_async.py
[2021-10-18 17:45:24,669] {logging_mixin.py:109} INFO - [2021-10-18 17:45:24,668] {dag.py:2389} INFO - Sync 1 DAGs
[2021-10-18 17:45:24,697] {logging_mixin.py:109} INFO - [2021-10-18 17:45:24,697] {dag.py:2914} INFO - Setting next_dagrun for example_time_delta_sensor_async to None
[2021-10-18 17:45:24,715] {processor.py:171} INFO - Processing /home/user/workspace/airflow/airflow_env/lib/python3.6/site-packages/airflow/example_dags/example_time_delta_sensor_async.py took 0.113 seconds
[2021-10-18 17:46:01,927] {processor.py:163} INFO - Started process (PID=27921) to work on /home/user/workspace/airflow/airflow_env/lib/python3.6/site-packages/airflow/example_dags/example_time_delta_sensor_async.py
[2021-10-18 17:46:01,929] {processor.py:620} INFO - Processing file /home/user/workspace/airflow/airflow_env/lib/python3.6/site-packages/airflow/example_dags/example_time_delta_sensor_async.py for tasks to queue
[2021-10-18 17:46:01,930] {logging_mixin.py:109} INFO - [2021-10-18 17:46:01,930] {dagbag.py:500} INFO - Filling up the DagBag from /home/user/workspace/airflow/airflow_env/lib/python3.6/site-packages/airflow/example_dags/example_time_delta_sensor_async.py
[2021-10-18 17:46:01,964] {processor.py:632} INFO - DAG(s) dict_keys(['example_time_delta_sensor_async']) retrieved from /home/user/workspace/airflow/airflow_env/lib/python3.6/site-packages/airflow/example_dags/example_time_delta_sensor_async.py
[2021-10-18 17:46:01,979] {logging_mixin.py:109} INFO - [2021-10-18 17:46:01,979] {dag.py:2389} INFO - Sync 1 DAGs
[2021-10-18 17:46:02,000] {logging_mixin.py:109} INFO - [2021-10-18 17:46:02,000] {dag.py:2914} INFO - Setting next_dagrun for example_time_delta_sensor_async to None
[2021-10-18 17:46:02,013] {processor.py:171} INFO - Processing /home/user/workspace/airflow/airflow_env/lib/python3.6/site-packages/airflow/example_dags/example_time_delta_sensor_async.py took 0.091 seconds
[2021-10-18 17:46:53,968] {processor.py:163} INFO - Started process (PID=28102) to work on /home/user/workspace/airflow/airflow_env/lib/python3.6/site-packages/airflow/example_dags/example_time_delta_sensor_async.py
[2021-10-18 17:46:53,970] {processor.py:620} INFO - Processing file /home/user/workspace/airflow/airflow_env/lib/python3.6/site-packages/airflow/example_dags/example_time_delta_sensor_async.py for tasks to queue
[2021-10-18 17:46:53,972] {logging_mixin.py:109} INFO - [2021-10-18 17:46:53,972] {dagbag.py:500} INFO - Filling up the DagBag from /home/user/workspace/airflow/airflow_env/lib/python3.6/site-packages/airflow/example_dags/example_time_delta_sensor_async.py
[2021-10-18 17:46:54,012] {processor.py:632} INFO - DAG(s) dict_keys(['example_time_delta_sensor_async']) retrieved from /home/user/workspace/airflow/airflow_env/lib/python3.6/site-packages/airflow/example_dags/example_time_delta_sensor_async.py
[2021-10-18 17:46:54,033] {logging_mixin.py:109} INFO - [2021-10-18 17:46:54,033] {dag.py:2389} INFO - Sync 1 DAGs
[2021-10-18 17:46:54,061] {logging_mixin.py:109} INFO - [2021-10-18 17:46:54,061] {dag.py:2914} INFO - Setting next_dagrun for example_time_delta_sensor_async to None
[2021-10-18 17:46:54,078] {processor.py:171} INFO - Processing /home/user/workspace/airflow/airflow_env/lib/python3.6/site-packages/airflow/example_dags/example_time_delta_sensor_async.py took 0.116 seconds
[2021-10-18 17:47:34,869] {processor.py:163} INFO - Started process (PID=28195) to work on /home/user/workspace/airflow/airflow_env/lib/python3.6/site-packages/airflow/example_dags/example_time_delta_sensor_async.py
[2021-10-18 17:47:34,871] {processor.py:620} INFO - Processing file /home/user/workspace/airflow/airflow_env/lib/python3.6/site-packages/airflow/example_dags/example_time_delta_sensor_async.py for tasks to queue
[2021-10-18 17:47:34,873] {logging_mixin.py:109} INFO - [2021-10-18 17:47:34,873] {dagbag.py:500} INFO - Filling up the DagBag from /home/user/workspace/airflow/airflow_env/lib/python3.6/site-packages/airflow/example_dags/example_time_delta_sensor_async.py
[2021-10-18 17:47:34,915] {processor.py:632} INFO - DAG(s) dict_keys(['example_time_delta_sensor_async']) retrieved from /home/user/workspace/airflow/airflow_env/lib/python3.6/site-packages/airflow/example_dags/example_time_delta_sensor_async.py
[2021-10-18 17:47:34,936] {logging_mixin.py:109} INFO - [2021-10-18 17:47:34,936] {dag.py:2389} INFO - Sync 1 DAGs
[2021-10-18 17:47:34,966] {logging_mixin.py:109} INFO - [2021-10-18 17:47:34,966] {dag.py:2914} INFO - Setting next_dagrun for example_time_delta_sensor_async to None
[2021-10-18 17:47:34,981] {processor.py:171} INFO - Processing /home/user/workspace/airflow/airflow_env/lib/python3.6/site-packages/airflow/example_dags/example_time_delta_sensor_async.py took 0.119 seconds
[2021-10-18 17:48:33,090] {processor.py:163} INFO - Started process (PID=28294) to work on /home/user/workspace/airflow/airflow_env/lib/python3.6/site-packages/airflow/example_dags/example_time_delta_sensor_async.py
[2021-10-18 17:48:33,102] {processor.py:620} INFO - Processing file /home/user/workspace/airflow/airflow_env/lib/python3.6/site-packages/airflow/example_dags/example_time_delta_sensor_async.py for tasks to queue
[2021-10-18 17:48:33,103] {logging_mixin.py:109} INFO - [2021-10-18 17:48:33,103] {dagbag.py:500} INFO - Filling up the DagBag from /home/user/workspace/airflow/airflow_env/lib/python3.6/site-packages/airflow/example_dags/example_time_delta_sensor_async.py
[2021-10-18 17:48:33,142] {processor.py:632} INFO - DAG(s) dict_keys(['example_time_delta_sensor_async']) retrieved from /home/user/workspace/airflow/airflow_env/lib/python3.6/site-packages/airflow/example_dags/example_time_delta_sensor_async.py
[2021-10-18 17:48:33,165] {logging_mixin.py:109} INFO - [2021-10-18 17:48:33,165] {dag.py:2389} INFO - Sync 1 DAGs
[2021-10-18 17:48:33,202] {logging_mixin.py:109} INFO - [2021-10-18 17:48:33,201] {dag.py:2914} INFO - Setting next_dagrun for example_time_delta_sensor_async to None
[2021-10-18 17:48:33,219] {processor.py:171} INFO - Processing /home/user/workspace/airflow/airflow_env/lib/python3.6/site-packages/airflow/example_dags/example_time_delta_sensor_async.py took 0.135 seconds
[2021-10-18 17:49:18,230] {processor.py:163} INFO - Started process (PID=28402) to work on /home/user/workspace/airflow/airflow_env/lib/python3.6/site-packages/airflow/example_dags/example_time_delta_sensor_async.py
[2021-10-18 17:49:18,233] {processor.py:620} INFO - Processing file /home/user/workspace/airflow/airflow_env/lib/python3.6/site-packages/airflow/example_dags/example_time_delta_sensor_async.py for tasks to queue
[2021-10-18 17:49:18,234] {logging_mixin.py:109} INFO - [2021-10-18 17:49:18,234] {dagbag.py:500} INFO - Filling up the DagBag from /home/user/workspace/airflow/airflow_env/lib/python3.6/site-packages/airflow/example_dags/example_time_delta_sensor_async.py
[2021-10-18 17:49:18,297] {processor.py:632} INFO - DAG(s) dict_keys(['example_time_delta_sensor_async']) retrieved from /home/user/workspace/airflow/airflow_env/lib/python3.6/site-packages/airflow/example_dags/example_time_delta_sensor_async.py
[2021-10-18 17:49:18,321] {logging_mixin.py:109} INFO - [2021-10-18 17:49:18,320] {dag.py:2389} INFO - Sync 1 DAGs
[2021-10-18 17:49:18,355] {logging_mixin.py:109} INFO - [2021-10-18 17:49:18,354] {dag.py:2914} INFO - Setting next_dagrun for example_time_delta_sensor_async to None
[2021-10-18 17:49:18,368] {processor.py:171} INFO - Processing /home/user/workspace/airflow/airflow_env/lib/python3.6/site-packages/airflow/example_dags/example_time_delta_sensor_async.py took 0.149 seconds
[2021-10-18 17:50:07,421] {processor.py:163} INFO - Started process (PID=28544) to work on /home/user/workspace/airflow/airflow_env/lib/python3.6/site-packages/airflow/example_dags/example_time_delta_sensor_async.py
[2021-10-18 17:50:07,433] {processor.py:620} INFO - Processing file /home/user/workspace/airflow/airflow_env/lib/python3.6/site-packages/airflow/example_dags/example_time_delta_sensor_async.py for tasks to queue
[2021-10-18 17:50:07,434] {logging_mixin.py:109} INFO - [2021-10-18 17:50:07,434] {dagbag.py:500} INFO - Filling up the DagBag from /home/user/workspace/airflow/airflow_env/lib/python3.6/site-packages/airflow/example_dags/example_time_delta_sensor_async.py
[2021-10-18 17:50:07,471] {processor.py:632} INFO - DAG(s) dict_keys(['example_time_delta_sensor_async']) retrieved from /home/user/workspace/airflow/airflow_env/lib/python3.6/site-packages/airflow/example_dags/example_time_delta_sensor_async.py
[2021-10-18 17:50:07,489] {logging_mixin.py:109} INFO - [2021-10-18 17:50:07,488] {dag.py:2389} INFO - Sync 1 DAGs
[2021-10-18 17:50:07,512] {logging_mixin.py:109} INFO - [2021-10-18 17:50:07,511] {dag.py:2914} INFO - Setting next_dagrun for example_time_delta_sensor_async to None
[2021-10-18 17:50:07,526] {processor.py:171} INFO - Processing /home/user/workspace/airflow/airflow_env/lib/python3.6/site-packages/airflow/example_dags/example_time_delta_sensor_async.py took 0.110 seconds
[2021-10-18 17:50:52,569] {processor.py:163} INFO - Started process (PID=28779) to work on /home/user/workspace/airflow/airflow_env/lib/python3.6/site-packages/airflow/example_dags/example_time_delta_sensor_async.py
[2021-10-18 17:50:52,571] {processor.py:620} INFO - Processing file /home/user/workspace/airflow/airflow_env/lib/python3.6/site-packages/airflow/example_dags/example_time_delta_sensor_async.py for tasks to queue
[2021-10-18 17:50:52,573] {logging_mixin.py:109} INFO - [2021-10-18 17:50:52,573] {dagbag.py:500} INFO - Filling up the DagBag from /home/user/workspace/airflow/airflow_env/lib/python3.6/site-packages/airflow/example_dags/example_time_delta_sensor_async.py
[2021-10-18 17:50:52,631] {processor.py:632} INFO - DAG(s) dict_keys(['example_time_delta_sensor_async']) retrieved from /home/user/workspace/airflow/airflow_env/lib/python3.6/site-packages/airflow/example_dags/example_time_delta_sensor_async.py
[2021-10-18 17:50:52,652] {logging_mixin.py:109} INFO - [2021-10-18 17:50:52,651] {dag.py:2389} INFO - Sync 1 DAGs
[2021-10-18 17:50:52,688] {logging_mixin.py:109} INFO - [2021-10-18 17:50:52,687] {dag.py:2914} INFO - Setting next_dagrun for example_time_delta_sensor_async to None
[2021-10-18 17:50:52,707] {processor.py:171} INFO - Processing /home/user/workspace/airflow/airflow_env/lib/python3.6/site-packages/airflow/example_dags/example_time_delta_sensor_async.py took 0.146 seconds
[2021-10-18 17:51:40,578] {processor.py:163} INFO - Started process (PID=28997) to work on /home/user/workspace/airflow/airflow_env/lib/python3.6/site-packages/airflow/example_dags/example_time_delta_sensor_async.py
[2021-10-18 17:51:40,580] {processor.py:620} INFO - Processing file /home/user/workspace/airflow/airflow_env/lib/python3.6/site-packages/airflow/example_dags/example_time_delta_sensor_async.py for tasks to queue
[2021-10-18 17:51:40,581] {logging_mixin.py:109} INFO - [2021-10-18 17:51:40,581] {dagbag.py:500} INFO - Filling up the DagBag from /home/user/workspace/airflow/airflow_env/lib/python3.6/site-packages/airflow/example_dags/example_time_delta_sensor_async.py
[2021-10-18 17:51:40,618] {processor.py:632} INFO - DAG(s) dict_keys(['example_time_delta_sensor_async']) retrieved from /home/user/workspace/airflow/airflow_env/lib/python3.6/site-packages/airflow/example_dags/example_time_delta_sensor_async.py
[2021-10-18 17:51:40,637] {logging_mixin.py:109} INFO - [2021-10-18 17:51:40,636] {dag.py:2389} INFO - Sync 1 DAGs
[2021-10-18 17:51:40,661] {logging_mixin.py:109} INFO - [2021-10-18 17:51:40,661] {dag.py:2914} INFO - Setting next_dagrun for example_time_delta_sensor_async to None
[2021-10-18 17:51:40,676] {processor.py:171} INFO - Processing /home/user/workspace/airflow/airflow_env/lib/python3.6/site-packages/airflow/example_dags/example_time_delta_sensor_async.py took 0.103 seconds
[2021-10-18 17:52:26,705] {processor.py:163} INFO - Started process (PID=29094) to work on /home/user/workspace/airflow/airflow_env/lib/python3.6/site-packages/airflow/example_dags/example_time_delta_sensor_async.py
[2021-10-18 17:52:26,717] {processor.py:620} INFO - Processing file /home/user/workspace/airflow/airflow_env/lib/python3.6/site-packages/airflow/example_dags/example_time_delta_sensor_async.py for tasks to queue
[2021-10-18 17:52:26,718] {logging_mixin.py:109} INFO - [2021-10-18 17:52:26,718] {dagbag.py:500} INFO - Filling up the DagBag from /home/user/workspace/airflow/airflow_env/lib/python3.6/site-packages/airflow/example_dags/example_time_delta_sensor_async.py
[2021-10-18 17:52:26,768] {processor.py:632} INFO - DAG(s) dict_keys(['example_time_delta_sensor_async']) retrieved from /home/user/workspace/airflow/airflow_env/lib/python3.6/site-packages/airflow/example_dags/example_time_delta_sensor_async.py
[2021-10-18 17:52:26,808] {logging_mixin.py:109} INFO - [2021-10-18 17:52:26,808] {dag.py:2389} INFO - Sync 1 DAGs
[2021-10-18 17:52:26,835] {logging_mixin.py:109} INFO - [2021-10-18 17:52:26,835] {dag.py:2914} INFO - Setting next_dagrun for example_time_delta_sensor_async to None
[2021-10-18 17:52:26,845] {processor.py:171} INFO - Processing /home/user/workspace/airflow/airflow_env/lib/python3.6/site-packages/airflow/example_dags/example_time_delta_sensor_async.py took 0.147 seconds
[2021-10-18 17:53:13,783] {processor.py:163} INFO - Started process (PID=29202) to work on /home/user/workspace/airflow/airflow_env/lib/python3.6/site-packages/airflow/example_dags/example_time_delta_sensor_async.py
[2021-10-18 17:53:13,785] {processor.py:620} INFO - Processing file /home/user/workspace/airflow/airflow_env/lib/python3.6/site-packages/airflow/example_dags/example_time_delta_sensor_async.py for tasks to queue
[2021-10-18 17:53:13,787] {logging_mixin.py:109} INFO - [2021-10-18 17:53:13,787] {dagbag.py:500} INFO - Filling up the DagBag from /home/user/workspace/airflow/airflow_env/lib/python3.6/site-packages/airflow/example_dags/example_time_delta_sensor_async.py
[2021-10-18 17:53:13,831] {processor.py:632} INFO - DAG(s) dict_keys(['example_time_delta_sensor_async']) retrieved from /home/user/workspace/airflow/airflow_env/lib/python3.6/site-packages/airflow/example_dags/example_time_delta_sensor_async.py
[2021-10-18 17:53:13,844] {logging_mixin.py:109} INFO - [2021-10-18 17:53:13,844] {dag.py:2389} INFO - Sync 1 DAGs
[2021-10-18 17:53:13,861] {logging_mixin.py:109} INFO - [2021-10-18 17:53:13,860] {dag.py:2914} INFO - Setting next_dagrun for example_time_delta_sensor_async to None
[2021-10-18 17:53:13,875] {processor.py:171} INFO - Processing /home/user/workspace/airflow/airflow_env/lib/python3.6/site-packages/airflow/example_dags/example_time_delta_sensor_async.py took 0.099 seconds
[2021-10-18 17:54:00,266] {processor.py:163} INFO - Started process (PID=29276) to work on /home/user/workspace/airflow/airflow_env/lib/python3.6/site-packages/airflow/example_dags/example_time_delta_sensor_async.py
[2021-10-18 17:54:00,268] {processor.py:620} INFO - Processing file /home/user/workspace/airflow/airflow_env/lib/python3.6/site-packages/airflow/example_dags/example_time_delta_sensor_async.py for tasks to queue
[2021-10-18 17:54:00,270] {logging_mixin.py:109} INFO - [2021-10-18 17:54:00,270] {dagbag.py:500} INFO - Filling up the DagBag from /home/user/workspace/airflow/airflow_env/lib/python3.6/site-packages/airflow/example_dags/example_time_delta_sensor_async.py
[2021-10-18 17:54:00,316] {processor.py:632} INFO - DAG(s) dict_keys(['example_time_delta_sensor_async']) retrieved from /home/user/workspace/airflow/airflow_env/lib/python3.6/site-packages/airflow/example_dags/example_time_delta_sensor_async.py
[2021-10-18 17:54:00,340] {logging_mixin.py:109} INFO - [2021-10-18 17:54:00,340] {dag.py:2389} INFO - Sync 1 DAGs
[2021-10-18 17:54:00,372] {logging_mixin.py:109} INFO - [2021-10-18 17:54:00,372] {dag.py:2914} INFO - Setting next_dagrun for example_time_delta_sensor_async to None
[2021-10-18 17:54:00,388] {processor.py:171} INFO - Processing /home/user/workspace/airflow/airflow_env/lib/python3.6/site-packages/airflow/example_dags/example_time_delta_sensor_async.py took 0.129 seconds
[2021-10-18 17:54:49,972] {processor.py:163} INFO - Started process (PID=29353) to work on /home/user/workspace/airflow/airflow_env/lib/python3.6/site-packages/airflow/example_dags/example_time_delta_sensor_async.py
[2021-10-18 17:54:49,984] {processor.py:620} INFO - Processing file /home/user/workspace/airflow/airflow_env/lib/python3.6/site-packages/airflow/example_dags/example_time_delta_sensor_async.py for tasks to queue
[2021-10-18 17:54:49,985] {logging_mixin.py:109} INFO - [2021-10-18 17:54:49,985] {dagbag.py:500} INFO - Filling up the DagBag from /home/user/workspace/airflow/airflow_env/lib/python3.6/site-packages/airflow/example_dags/example_time_delta_sensor_async.py
[2021-10-18 17:54:50,026] {processor.py:632} INFO - DAG(s) dict_keys(['example_time_delta_sensor_async']) retrieved from /home/user/workspace/airflow/airflow_env/lib/python3.6/site-packages/airflow/example_dags/example_time_delta_sensor_async.py
[2021-10-18 17:54:50,046] {logging_mixin.py:109} INFO - [2021-10-18 17:54:50,046] {dag.py:2389} INFO - Sync 1 DAGs
[2021-10-18 17:54:50,074] {logging_mixin.py:109} INFO - [2021-10-18 17:54:50,074] {dag.py:2914} INFO - Setting next_dagrun for example_time_delta_sensor_async to None
[2021-10-18 17:54:50,091] {processor.py:171} INFO - Processing /home/user/workspace/airflow/airflow_env/lib/python3.6/site-packages/airflow/example_dags/example_time_delta_sensor_async.py took 0.125 seconds
[2021-10-18 17:55:34,144] {processor.py:163} INFO - Started process (PID=29438) to work on /home/user/workspace/airflow/airflow_env/lib/python3.6/site-packages/airflow/example_dags/example_time_delta_sensor_async.py
[2021-10-18 17:55:34,145] {processor.py:620} INFO - Processing file /home/user/workspace/airflow/airflow_env/lib/python3.6/site-packages/airflow/example_dags/example_time_delta_sensor_async.py for tasks to queue
[2021-10-18 17:55:34,145] {logging_mixin.py:109} INFO - [2021-10-18 17:55:34,145] {dagbag.py:500} INFO - Filling up the DagBag from /home/user/workspace/airflow/airflow_env/lib/python3.6/site-packages/airflow/example_dags/example_time_delta_sensor_async.py
[2021-10-18 17:55:34,167] {processor.py:632} INFO - DAG(s) dict_keys(['example_time_delta_sensor_async']) retrieved from /home/user/workspace/airflow/airflow_env/lib/python3.6/site-packages/airflow/example_dags/example_time_delta_sensor_async.py
[2021-10-18 17:55:34,179] {logging_mixin.py:109} INFO - [2021-10-18 17:55:34,178] {dag.py:2389} INFO - Sync 1 DAGs
[2021-10-18 17:55:34,195] {logging_mixin.py:109} INFO - [2021-10-18 17:55:34,195] {dag.py:2914} INFO - Setting next_dagrun for example_time_delta_sensor_async to None
[2021-10-18 17:55:34,206] {processor.py:171} INFO - Processing /home/user/workspace/airflow/airflow_env/lib/python3.6/site-packages/airflow/example_dags/example_time_delta_sensor_async.py took 0.065 seconds
[2021-10-18 17:56:17,850] {processor.py:163} INFO - Started process (PID=29564) to work on /home/user/workspace/airflow/airflow_env/lib/python3.6/site-packages/airflow/example_dags/example_time_delta_sensor_async.py
[2021-10-18 17:56:17,862] {processor.py:620} INFO - Processing file /home/user/workspace/airflow/airflow_env/lib/python3.6/site-packages/airflow/example_dags/example_time_delta_sensor_async.py for tasks to queue
[2021-10-18 17:56:17,863] {logging_mixin.py:109} INFO - [2021-10-18 17:56:17,863] {dagbag.py:500} INFO - Filling up the DagBag from /home/user/workspace/airflow/airflow_env/lib/python3.6/site-packages/airflow/example_dags/example_time_delta_sensor_async.py
[2021-10-18 17:56:17,910] {processor.py:632} INFO - DAG(s) dict_keys(['example_time_delta_sensor_async']) retrieved from /home/user/workspace/airflow/airflow_env/lib/python3.6/site-packages/airflow/example_dags/example_time_delta_sensor_async.py
[2021-10-18 17:56:17,933] {logging_mixin.py:109} INFO - [2021-10-18 17:56:17,933] {dag.py:2389} INFO - Sync 1 DAGs
[2021-10-18 17:56:17,965] {logging_mixin.py:109} INFO - [2021-10-18 17:56:17,964] {dag.py:2914} INFO - Setting next_dagrun for example_time_delta_sensor_async to None
[2021-10-18 17:56:17,979] {processor.py:171} INFO - Processing /home/user/workspace/airflow/airflow_env/lib/python3.6/site-packages/airflow/example_dags/example_time_delta_sensor_async.py took 0.135 seconds
[2021-10-18 17:57:03,996] {processor.py:163} INFO - Started process (PID=29647) to work on /home/user/workspace/airflow/airflow_env/lib/python3.6/site-packages/airflow/example_dags/example_time_delta_sensor_async.py
[2021-10-18 17:57:03,998] {processor.py:620} INFO - Processing file /home/user/workspace/airflow/airflow_env/lib/python3.6/site-packages/airflow/example_dags/example_time_delta_sensor_async.py for tasks to queue
[2021-10-18 17:57:04,000] {logging_mixin.py:109} INFO - [2021-10-18 17:57:03,999] {dagbag.py:500} INFO - Filling up the DagBag from /home/user/workspace/airflow/airflow_env/lib/python3.6/site-packages/airflow/example_dags/example_time_delta_sensor_async.py
[2021-10-18 17:57:04,042] {processor.py:632} INFO - DAG(s) dict_keys(['example_time_delta_sensor_async']) retrieved from /home/user/workspace/airflow/airflow_env/lib/python3.6/site-packages/airflow/example_dags/example_time_delta_sensor_async.py
[2021-10-18 17:57:04,063] {logging_mixin.py:109} INFO - [2021-10-18 17:57:04,063] {dag.py:2389} INFO - Sync 1 DAGs
[2021-10-18 17:57:04,092] {logging_mixin.py:109} INFO - [2021-10-18 17:57:04,092] {dag.py:2914} INFO - Setting next_dagrun for example_time_delta_sensor_async to None
[2021-10-18 17:57:04,110] {processor.py:171} INFO - Processing /home/user/workspace/airflow/airflow_env/lib/python3.6/site-packages/airflow/example_dags/example_time_delta_sensor_async.py took 0.120 seconds
[2021-10-18 17:57:49,586] {processor.py:163} INFO - Started process (PID=29746) to work on /home/user/workspace/airflow/airflow_env/lib/python3.6/site-packages/airflow/example_dags/example_time_delta_sensor_async.py
[2021-10-18 17:57:49,590] {processor.py:620} INFO - Processing file /home/user/workspace/airflow/airflow_env/lib/python3.6/site-packages/airflow/example_dags/example_time_delta_sensor_async.py for tasks to queue
[2021-10-18 17:57:49,591] {logging_mixin.py:109} INFO - [2021-10-18 17:57:49,591] {dagbag.py:500} INFO - Filling up the DagBag from /home/user/workspace/airflow/airflow_env/lib/python3.6/site-packages/airflow/example_dags/example_time_delta_sensor_async.py
[2021-10-18 17:57:49,626] {processor.py:632} INFO - DAG(s) dict_keys(['example_time_delta_sensor_async']) retrieved from /home/user/workspace/airflow/airflow_env/lib/python3.6/site-packages/airflow/example_dags/example_time_delta_sensor_async.py
[2021-10-18 17:57:49,647] {logging_mixin.py:109} INFO - [2021-10-18 17:57:49,647] {dag.py:2389} INFO - Sync 1 DAGs
[2021-10-18 17:57:49,670] {logging_mixin.py:109} INFO - [2021-10-18 17:57:49,670] {dag.py:2914} INFO - Setting next_dagrun for example_time_delta_sensor_async to None
[2021-10-18 17:57:49,689] {processor.py:171} INFO - Processing /home/user/workspace/airflow/airflow_env/lib/python3.6/site-packages/airflow/example_dags/example_time_delta_sensor_async.py took 0.107 seconds
[2021-10-18 17:58:36,507] {processor.py:163} INFO - Started process (PID=29815) to work on /home/user/workspace/airflow/airflow_env/lib/python3.6/site-packages/airflow/example_dags/example_time_delta_sensor_async.py
[2021-10-18 17:58:36,509] {processor.py:620} INFO - Processing file /home/user/workspace/airflow/airflow_env/lib/python3.6/site-packages/airflow/example_dags/example_time_delta_sensor_async.py for tasks to queue
[2021-10-18 17:58:36,511] {logging_mixin.py:109} INFO - [2021-10-18 17:58:36,510] {dagbag.py:500} INFO - Filling up the DagBag from /home/user/workspace/airflow/airflow_env/lib/python3.6/site-packages/airflow/example_dags/example_time_delta_sensor_async.py
[2021-10-18 17:58:36,553] {processor.py:632} INFO - DAG(s) dict_keys(['example_time_delta_sensor_async']) retrieved from /home/user/workspace/airflow/airflow_env/lib/python3.6/site-packages/airflow/example_dags/example_time_delta_sensor_async.py
[2021-10-18 17:58:36,574] {logging_mixin.py:109} INFO - [2021-10-18 17:58:36,573] {dag.py:2389} INFO - Sync 1 DAGs
[2021-10-18 17:58:36,602] {logging_mixin.py:109} INFO - [2021-10-18 17:58:36,601] {dag.py:2914} INFO - Setting next_dagrun for example_time_delta_sensor_async to None
[2021-10-18 17:58:36,619] {processor.py:171} INFO - Processing /home/user/workspace/airflow/airflow_env/lib/python3.6/site-packages/airflow/example_dags/example_time_delta_sensor_async.py took 0.119 seconds
[2021-10-18 17:59:21,101] {processor.py:163} INFO - Started process (PID=29891) to work on /home/user/workspace/airflow/airflow_env/lib/python3.6/site-packages/airflow/example_dags/example_time_delta_sensor_async.py
[2021-10-18 17:59:21,103] {processor.py:620} INFO - Processing file /home/user/workspace/airflow/airflow_env/lib/python3.6/site-packages/airflow/example_dags/example_time_delta_sensor_async.py for tasks to queue
[2021-10-18 17:59:21,104] {logging_mixin.py:109} INFO - [2021-10-18 17:59:21,104] {dagbag.py:500} INFO - Filling up the DagBag from /home/user/workspace/airflow/airflow_env/lib/python3.6/site-packages/airflow/example_dags/example_time_delta_sensor_async.py
[2021-10-18 17:59:21,143] {processor.py:632} INFO - DAG(s) dict_keys(['example_time_delta_sensor_async']) retrieved from /home/user/workspace/airflow/airflow_env/lib/python3.6/site-packages/airflow/example_dags/example_time_delta_sensor_async.py
[2021-10-18 17:59:21,161] {logging_mixin.py:109} INFO - [2021-10-18 17:59:21,161] {dag.py:2389} INFO - Sync 1 DAGs
[2021-10-18 17:59:21,187] {logging_mixin.py:109} INFO - [2021-10-18 17:59:21,186] {dag.py:2914} INFO - Setting next_dagrun for example_time_delta_sensor_async to None
[2021-10-18 17:59:21,203] {processor.py:171} INFO - Processing /home/user/workspace/airflow/airflow_env/lib/python3.6/site-packages/airflow/example_dags/example_time_delta_sensor_async.py took 0.107 seconds
[2021-10-18 18:00:06,487] {processor.py:163} INFO - Started process (PID=29963) to work on /home/user/workspace/airflow/airflow_env/lib/python3.6/site-packages/airflow/example_dags/example_time_delta_sensor_async.py
[2021-10-18 18:00:06,491] {processor.py:620} INFO - Processing file /home/user/workspace/airflow/airflow_env/lib/python3.6/site-packages/airflow/example_dags/example_time_delta_sensor_async.py for tasks to queue
[2021-10-18 18:00:06,493] {logging_mixin.py:109} INFO - [2021-10-18 18:00:06,493] {dagbag.py:500} INFO - Filling up the DagBag from /home/user/workspace/airflow/airflow_env/lib/python3.6/site-packages/airflow/example_dags/example_time_delta_sensor_async.py
[2021-10-18 18:00:06,551] {processor.py:632} INFO - DAG(s) dict_keys(['example_time_delta_sensor_async']) retrieved from /home/user/workspace/airflow/airflow_env/lib/python3.6/site-packages/airflow/example_dags/example_time_delta_sensor_async.py
[2021-10-18 18:00:06,575] {logging_mixin.py:109} INFO - [2021-10-18 18:00:06,575] {dag.py:2389} INFO - Sync 1 DAGs
[2021-10-18 18:00:06,612] {logging_mixin.py:109} INFO - [2021-10-18 18:00:06,612] {dag.py:2914} INFO - Setting next_dagrun for example_time_delta_sensor_async to None
[2021-10-18 18:00:06,630] {processor.py:171} INFO - Processing /home/user/workspace/airflow/airflow_env/lib/python3.6/site-packages/airflow/example_dags/example_time_delta_sensor_async.py took 0.150 seconds
[2021-10-18 18:00:52,051] {processor.py:163} INFO - Started process (PID=30093) to work on /home/user/workspace/airflow/airflow_env/lib/python3.6/site-packages/airflow/example_dags/example_time_delta_sensor_async.py
[2021-10-18 18:00:52,054] {processor.py:620} INFO - Processing file /home/user/workspace/airflow/airflow_env/lib/python3.6/site-packages/airflow/example_dags/example_time_delta_sensor_async.py for tasks to queue
[2021-10-18 18:00:52,056] {logging_mixin.py:109} INFO - [2021-10-18 18:00:52,055] {dagbag.py:500} INFO - Filling up the DagBag from /home/user/workspace/airflow/airflow_env/lib/python3.6/site-packages/airflow/example_dags/example_time_delta_sensor_async.py
[2021-10-18 18:00:52,105] {processor.py:632} INFO - DAG(s) dict_keys(['example_time_delta_sensor_async']) retrieved from /home/user/workspace/airflow/airflow_env/lib/python3.6/site-packages/airflow/example_dags/example_time_delta_sensor_async.py
[2021-10-18 18:00:52,129] {logging_mixin.py:109} INFO - [2021-10-18 18:00:52,129] {dag.py:2389} INFO - Sync 1 DAGs
[2021-10-18 18:00:52,159] {logging_mixin.py:109} INFO - [2021-10-18 18:00:52,159] {dag.py:2914} INFO - Setting next_dagrun for example_time_delta_sensor_async to None
[2021-10-18 18:00:52,169] {processor.py:171} INFO - Processing /home/user/workspace/airflow/airflow_env/lib/python3.6/site-packages/airflow/example_dags/example_time_delta_sensor_async.py took 0.125 seconds
