[2021-10-18 17:18:13,928] {processor.py:163} INFO - Started process (PID=23320) to work on /home/user/workspace/airflow/airflow_env/lib/python3.6/site-packages/airflow/example_dags/example_skip_dag.py
[2021-10-18 17:18:13,930] {processor.py:620} INFO - Processing file /home/user/workspace/airflow/airflow_env/lib/python3.6/site-packages/airflow/example_dags/example_skip_dag.py for tasks to queue
[2021-10-18 17:18:13,931] {logging_mixin.py:109} INFO - [2021-10-18 17:18:13,931] {dagbag.py:500} INFO - Filling up the DagBag from /home/user/workspace/airflow/airflow_env/lib/python3.6/site-packages/airflow/example_dags/example_skip_dag.py
[2021-10-18 17:18:13,966] {processor.py:632} INFO - DAG(s) dict_keys(['example_skip_dag']) retrieved from /home/user/workspace/airflow/airflow_env/lib/python3.6/site-packages/airflow/example_dags/example_skip_dag.py
[2021-10-18 17:18:13,985] {logging_mixin.py:109} INFO - [2021-10-18 17:18:13,985] {dag.py:2389} INFO - Sync 1 DAGs
[2021-10-18 17:18:14,011] {logging_mixin.py:109} INFO - [2021-10-18 17:18:14,011] {dag.py:2914} INFO - Setting next_dagrun for example_skip_dag to 2021-10-17T11:48:14.010881+00:00
[2021-10-18 17:18:14,035] {processor.py:171} INFO - Processing /home/user/workspace/airflow/airflow_env/lib/python3.6/site-packages/airflow/example_dags/example_skip_dag.py took 0.112 seconds
[2021-10-18 17:19:00,756] {processor.py:163} INFO - Started process (PID=23537) to work on /home/user/workspace/airflow/airflow_env/lib/python3.6/site-packages/airflow/example_dags/example_skip_dag.py
[2021-10-18 17:19:00,758] {processor.py:620} INFO - Processing file /home/user/workspace/airflow/airflow_env/lib/python3.6/site-packages/airflow/example_dags/example_skip_dag.py for tasks to queue
[2021-10-18 17:19:00,760] {logging_mixin.py:109} INFO - [2021-10-18 17:19:00,760] {dagbag.py:500} INFO - Filling up the DagBag from /home/user/workspace/airflow/airflow_env/lib/python3.6/site-packages/airflow/example_dags/example_skip_dag.py
[2021-10-18 17:19:00,825] {processor.py:632} INFO - DAG(s) dict_keys(['example_skip_dag']) retrieved from /home/user/workspace/airflow/airflow_env/lib/python3.6/site-packages/airflow/example_dags/example_skip_dag.py
[2021-10-18 17:19:00,856] {logging_mixin.py:109} INFO - [2021-10-18 17:19:00,856] {dag.py:2389} INFO - Sync 1 DAGs
[2021-10-18 17:19:00,900] {logging_mixin.py:109} INFO - [2021-10-18 17:19:00,900] {dag.py:2914} INFO - Setting next_dagrun for example_skip_dag to 2021-10-17T11:49:00.899946+00:00
[2021-10-18 17:19:00,924] {processor.py:171} INFO - Processing /home/user/workspace/airflow/airflow_env/lib/python3.6/site-packages/airflow/example_dags/example_skip_dag.py took 0.175 seconds
[2021-10-18 17:19:53,442] {processor.py:163} INFO - Started process (PID=23638) to work on /home/user/workspace/airflow/airflow_env/lib/python3.6/site-packages/airflow/example_dags/example_skip_dag.py
[2021-10-18 17:19:53,444] {processor.py:620} INFO - Processing file /home/user/workspace/airflow/airflow_env/lib/python3.6/site-packages/airflow/example_dags/example_skip_dag.py for tasks to queue
[2021-10-18 17:19:53,445] {logging_mixin.py:109} INFO - [2021-10-18 17:19:53,445] {dagbag.py:500} INFO - Filling up the DagBag from /home/user/workspace/airflow/airflow_env/lib/python3.6/site-packages/airflow/example_dags/example_skip_dag.py
[2021-10-18 17:19:53,487] {processor.py:632} INFO - DAG(s) dict_keys(['example_skip_dag']) retrieved from /home/user/workspace/airflow/airflow_env/lib/python3.6/site-packages/airflow/example_dags/example_skip_dag.py
[2021-10-18 17:19:53,517] {logging_mixin.py:109} INFO - [2021-10-18 17:19:53,516] {dag.py:2389} INFO - Sync 1 DAGs
[2021-10-18 17:19:53,545] {logging_mixin.py:109} INFO - [2021-10-18 17:19:53,545] {dag.py:2914} INFO - Setting next_dagrun for example_skip_dag to 2021-10-17T11:49:53.544813+00:00
[2021-10-18 17:19:53,563] {processor.py:171} INFO - Processing /home/user/workspace/airflow/airflow_env/lib/python3.6/site-packages/airflow/example_dags/example_skip_dag.py took 0.127 seconds
[2021-10-18 17:20:42,381] {processor.py:163} INFO - Started process (PID=23729) to work on /home/user/workspace/airflow/airflow_env/lib/python3.6/site-packages/airflow/example_dags/example_skip_dag.py
[2021-10-18 17:20:42,383] {processor.py:620} INFO - Processing file /home/user/workspace/airflow/airflow_env/lib/python3.6/site-packages/airflow/example_dags/example_skip_dag.py for tasks to queue
[2021-10-18 17:20:42,385] {logging_mixin.py:109} INFO - [2021-10-18 17:20:42,385] {dagbag.py:500} INFO - Filling up the DagBag from /home/user/workspace/airflow/airflow_env/lib/python3.6/site-packages/airflow/example_dags/example_skip_dag.py
[2021-10-18 17:20:42,434] {processor.py:632} INFO - DAG(s) dict_keys(['example_skip_dag']) retrieved from /home/user/workspace/airflow/airflow_env/lib/python3.6/site-packages/airflow/example_dags/example_skip_dag.py
[2021-10-18 17:20:42,462] {logging_mixin.py:109} INFO - [2021-10-18 17:20:42,461] {dag.py:2389} INFO - Sync 1 DAGs
[2021-10-18 17:20:42,491] {logging_mixin.py:109} INFO - [2021-10-18 17:20:42,491] {dag.py:2914} INFO - Setting next_dagrun for example_skip_dag to 2021-10-17T11:50:42.491195+00:00
[2021-10-18 17:20:42,503] {processor.py:171} INFO - Processing /home/user/workspace/airflow/airflow_env/lib/python3.6/site-packages/airflow/example_dags/example_skip_dag.py took 0.128 seconds
[2021-10-18 17:21:39,564] {processor.py:163} INFO - Started process (PID=23900) to work on /home/user/workspace/airflow/airflow_env/lib/python3.6/site-packages/airflow/example_dags/example_skip_dag.py
[2021-10-18 17:21:39,576] {processor.py:620} INFO - Processing file /home/user/workspace/airflow/airflow_env/lib/python3.6/site-packages/airflow/example_dags/example_skip_dag.py for tasks to queue
[2021-10-18 17:21:39,578] {logging_mixin.py:109} INFO - [2021-10-18 17:21:39,578] {dagbag.py:500} INFO - Filling up the DagBag from /home/user/workspace/airflow/airflow_env/lib/python3.6/site-packages/airflow/example_dags/example_skip_dag.py
[2021-10-18 17:21:39,620] {processor.py:632} INFO - DAG(s) dict_keys(['example_skip_dag']) retrieved from /home/user/workspace/airflow/airflow_env/lib/python3.6/site-packages/airflow/example_dags/example_skip_dag.py
[2021-10-18 17:21:39,640] {logging_mixin.py:109} INFO - [2021-10-18 17:21:39,640] {dag.py:2389} INFO - Sync 1 DAGs
[2021-10-18 17:21:39,667] {logging_mixin.py:109} INFO - [2021-10-18 17:21:39,667] {dag.py:2914} INFO - Setting next_dagrun for example_skip_dag to 2021-10-17T11:51:39.666527+00:00
[2021-10-18 17:21:39,683] {processor.py:171} INFO - Processing /home/user/workspace/airflow/airflow_env/lib/python3.6/site-packages/airflow/example_dags/example_skip_dag.py took 0.124 seconds
[2021-10-18 17:22:38,401] {processor.py:163} INFO - Started process (PID=24106) to work on /home/user/workspace/airflow/airflow_env/lib/python3.6/site-packages/airflow/example_dags/example_skip_dag.py
[2021-10-18 17:22:38,403] {processor.py:620} INFO - Processing file /home/user/workspace/airflow/airflow_env/lib/python3.6/site-packages/airflow/example_dags/example_skip_dag.py for tasks to queue
[2021-10-18 17:22:38,404] {logging_mixin.py:109} INFO - [2021-10-18 17:22:38,404] {dagbag.py:500} INFO - Filling up the DagBag from /home/user/workspace/airflow/airflow_env/lib/python3.6/site-packages/airflow/example_dags/example_skip_dag.py
[2021-10-18 17:22:38,441] {processor.py:632} INFO - DAG(s) dict_keys(['example_skip_dag']) retrieved from /home/user/workspace/airflow/airflow_env/lib/python3.6/site-packages/airflow/example_dags/example_skip_dag.py
[2021-10-18 17:22:38,460] {logging_mixin.py:109} INFO - [2021-10-18 17:22:38,459] {dag.py:2389} INFO - Sync 1 DAGs
[2021-10-18 17:22:38,483] {logging_mixin.py:109} INFO - [2021-10-18 17:22:38,483] {dag.py:2914} INFO - Setting next_dagrun for example_skip_dag to 2021-10-17T11:52:38.482518+00:00
[2021-10-18 17:22:38,498] {processor.py:171} INFO - Processing /home/user/workspace/airflow/airflow_env/lib/python3.6/site-packages/airflow/example_dags/example_skip_dag.py took 0.102 seconds
[2021-10-18 17:23:34,228] {processor.py:163} INFO - Started process (PID=24217) to work on /home/user/workspace/airflow/airflow_env/lib/python3.6/site-packages/airflow/example_dags/example_skip_dag.py
[2021-10-18 17:23:34,230] {processor.py:620} INFO - Processing file /home/user/workspace/airflow/airflow_env/lib/python3.6/site-packages/airflow/example_dags/example_skip_dag.py for tasks to queue
[2021-10-18 17:23:34,230] {logging_mixin.py:109} INFO - [2021-10-18 17:23:34,230] {dagbag.py:500} INFO - Filling up the DagBag from /home/user/workspace/airflow/airflow_env/lib/python3.6/site-packages/airflow/example_dags/example_skip_dag.py
[2021-10-18 17:23:34,263] {processor.py:632} INFO - DAG(s) dict_keys(['example_skip_dag']) retrieved from /home/user/workspace/airflow/airflow_env/lib/python3.6/site-packages/airflow/example_dags/example_skip_dag.py
[2021-10-18 17:23:34,278] {logging_mixin.py:109} INFO - [2021-10-18 17:23:34,278] {dag.py:2389} INFO - Sync 1 DAGs
[2021-10-18 17:23:34,310] {logging_mixin.py:109} INFO - [2021-10-18 17:23:34,310] {dag.py:2914} INFO - Setting next_dagrun for example_skip_dag to 2021-10-17T11:53:34.309780+00:00
[2021-10-18 17:23:34,325] {processor.py:171} INFO - Processing /home/user/workspace/airflow/airflow_env/lib/python3.6/site-packages/airflow/example_dags/example_skip_dag.py took 0.104 seconds
[2021-10-18 17:24:29,556] {processor.py:163} INFO - Started process (PID=24307) to work on /home/user/workspace/airflow/airflow_env/lib/python3.6/site-packages/airflow/example_dags/example_skip_dag.py
[2021-10-18 17:24:29,558] {processor.py:620} INFO - Processing file /home/user/workspace/airflow/airflow_env/lib/python3.6/site-packages/airflow/example_dags/example_skip_dag.py for tasks to queue
[2021-10-18 17:24:29,560] {logging_mixin.py:109} INFO - [2021-10-18 17:24:29,560] {dagbag.py:500} INFO - Filling up the DagBag from /home/user/workspace/airflow/airflow_env/lib/python3.6/site-packages/airflow/example_dags/example_skip_dag.py
[2021-10-18 17:24:29,609] {processor.py:632} INFO - DAG(s) dict_keys(['example_skip_dag']) retrieved from /home/user/workspace/airflow/airflow_env/lib/python3.6/site-packages/airflow/example_dags/example_skip_dag.py
[2021-10-18 17:24:29,648] {logging_mixin.py:109} INFO - [2021-10-18 17:24:29,648] {dag.py:2389} INFO - Sync 1 DAGs
[2021-10-18 17:24:29,693] {logging_mixin.py:109} INFO - [2021-10-18 17:24:29,693] {dag.py:2914} INFO - Setting next_dagrun for example_skip_dag to 2021-10-17T11:54:29.691923+00:00
[2021-10-18 17:24:29,721] {processor.py:171} INFO - Processing /home/user/workspace/airflow/airflow_env/lib/python3.6/site-packages/airflow/example_dags/example_skip_dag.py took 0.171 seconds
[2021-10-18 17:25:31,446] {processor.py:163} INFO - Started process (PID=24446) to work on /home/user/workspace/airflow/airflow_env/lib/python3.6/site-packages/airflow/example_dags/example_skip_dag.py
[2021-10-18 17:25:31,449] {processor.py:620} INFO - Processing file /home/user/workspace/airflow/airflow_env/lib/python3.6/site-packages/airflow/example_dags/example_skip_dag.py for tasks to queue
[2021-10-18 17:25:31,451] {logging_mixin.py:109} INFO - [2021-10-18 17:25:31,450] {dagbag.py:500} INFO - Filling up the DagBag from /home/user/workspace/airflow/airflow_env/lib/python3.6/site-packages/airflow/example_dags/example_skip_dag.py
[2021-10-18 17:25:31,510] {processor.py:632} INFO - DAG(s) dict_keys(['example_skip_dag']) retrieved from /home/user/workspace/airflow/airflow_env/lib/python3.6/site-packages/airflow/example_dags/example_skip_dag.py
[2021-10-18 17:25:31,552] {logging_mixin.py:109} INFO - [2021-10-18 17:25:31,552] {dag.py:2389} INFO - Sync 1 DAGs
[2021-10-18 17:25:31,631] {logging_mixin.py:109} INFO - [2021-10-18 17:25:31,630] {dag.py:2914} INFO - Setting next_dagrun for example_skip_dag to 2021-10-17T11:55:31.629736+00:00
[2021-10-18 17:25:31,693] {processor.py:171} INFO - Processing /home/user/workspace/airflow/airflow_env/lib/python3.6/site-packages/airflow/example_dags/example_skip_dag.py took 0.255 seconds
[2021-10-18 17:26:28,786] {processor.py:163} INFO - Started process (PID=24646) to work on /home/user/workspace/airflow/airflow_env/lib/python3.6/site-packages/airflow/example_dags/example_skip_dag.py
[2021-10-18 17:26:28,788] {processor.py:620} INFO - Processing file /home/user/workspace/airflow/airflow_env/lib/python3.6/site-packages/airflow/example_dags/example_skip_dag.py for tasks to queue
[2021-10-18 17:26:28,788] {logging_mixin.py:109} INFO - [2021-10-18 17:26:28,788] {dagbag.py:500} INFO - Filling up the DagBag from /home/user/workspace/airflow/airflow_env/lib/python3.6/site-packages/airflow/example_dags/example_skip_dag.py
[2021-10-18 17:26:28,819] {processor.py:632} INFO - DAG(s) dict_keys(['example_skip_dag']) retrieved from /home/user/workspace/airflow/airflow_env/lib/python3.6/site-packages/airflow/example_dags/example_skip_dag.py
[2021-10-18 17:26:28,834] {logging_mixin.py:109} INFO - [2021-10-18 17:26:28,834] {dag.py:2389} INFO - Sync 1 DAGs
[2021-10-18 17:26:28,853] {logging_mixin.py:109} INFO - [2021-10-18 17:26:28,853] {dag.py:2914} INFO - Setting next_dagrun for example_skip_dag to 2021-10-17T11:56:28.853011+00:00
[2021-10-18 17:26:28,865] {processor.py:171} INFO - Processing /home/user/workspace/airflow/airflow_env/lib/python3.6/site-packages/airflow/example_dags/example_skip_dag.py took 0.082 seconds
[2021-10-18 17:27:25,611] {processor.py:163} INFO - Started process (PID=24811) to work on /home/user/workspace/airflow/airflow_env/lib/python3.6/site-packages/airflow/example_dags/example_skip_dag.py
[2021-10-18 17:27:25,613] {processor.py:620} INFO - Processing file /home/user/workspace/airflow/airflow_env/lib/python3.6/site-packages/airflow/example_dags/example_skip_dag.py for tasks to queue
[2021-10-18 17:27:25,614] {logging_mixin.py:109} INFO - [2021-10-18 17:27:25,614] {dagbag.py:500} INFO - Filling up the DagBag from /home/user/workspace/airflow/airflow_env/lib/python3.6/site-packages/airflow/example_dags/example_skip_dag.py
[2021-10-18 17:27:25,654] {processor.py:632} INFO - DAG(s) dict_keys(['example_skip_dag']) retrieved from /home/user/workspace/airflow/airflow_env/lib/python3.6/site-packages/airflow/example_dags/example_skip_dag.py
[2021-10-18 17:27:25,677] {logging_mixin.py:109} INFO - [2021-10-18 17:27:25,677] {dag.py:2389} INFO - Sync 1 DAGs
[2021-10-18 17:27:25,703] {logging_mixin.py:109} INFO - [2021-10-18 17:27:25,702] {dag.py:2914} INFO - Setting next_dagrun for example_skip_dag to 2021-10-17T11:57:25.702246+00:00
[2021-10-18 17:27:25,719] {processor.py:171} INFO - Processing /home/user/workspace/airflow/airflow_env/lib/python3.6/site-packages/airflow/example_dags/example_skip_dag.py took 0.114 seconds
[2021-10-18 17:28:27,006] {processor.py:163} INFO - Started process (PID=24981) to work on /home/user/workspace/airflow/airflow_env/lib/python3.6/site-packages/airflow/example_dags/example_skip_dag.py
[2021-10-18 17:28:27,016] {processor.py:620} INFO - Processing file /home/user/workspace/airflow/airflow_env/lib/python3.6/site-packages/airflow/example_dags/example_skip_dag.py for tasks to queue
[2021-10-18 17:28:27,022] {logging_mixin.py:109} INFO - [2021-10-18 17:28:27,022] {dagbag.py:500} INFO - Filling up the DagBag from /home/user/workspace/airflow/airflow_env/lib/python3.6/site-packages/airflow/example_dags/example_skip_dag.py
[2021-10-18 17:28:27,101] {processor.py:632} INFO - DAG(s) dict_keys(['example_skip_dag']) retrieved from /home/user/workspace/airflow/airflow_env/lib/python3.6/site-packages/airflow/example_dags/example_skip_dag.py
[2021-10-18 17:28:27,132] {logging_mixin.py:109} INFO - [2021-10-18 17:28:27,131] {dag.py:2389} INFO - Sync 1 DAGs
[2021-10-18 17:28:27,152] {logging_mixin.py:109} INFO - [2021-10-18 17:28:27,152] {dag.py:2914} INFO - Setting next_dagrun for example_skip_dag to 2021-10-17T11:58:27.152029+00:00
[2021-10-18 17:28:27,162] {processor.py:171} INFO - Processing /home/user/workspace/airflow/airflow_env/lib/python3.6/site-packages/airflow/example_dags/example_skip_dag.py took 0.173 seconds
[2021-10-18 17:29:29,669] {processor.py:163} INFO - Started process (PID=25205) to work on /home/user/workspace/airflow/airflow_env/lib/python3.6/site-packages/airflow/example_dags/example_skip_dag.py
[2021-10-18 17:29:29,672] {processor.py:620} INFO - Processing file /home/user/workspace/airflow/airflow_env/lib/python3.6/site-packages/airflow/example_dags/example_skip_dag.py for tasks to queue
[2021-10-18 17:29:29,675] {logging_mixin.py:109} INFO - [2021-10-18 17:29:29,674] {dagbag.py:500} INFO - Filling up the DagBag from /home/user/workspace/airflow/airflow_env/lib/python3.6/site-packages/airflow/example_dags/example_skip_dag.py
[2021-10-18 17:29:29,762] {processor.py:632} INFO - DAG(s) dict_keys(['example_skip_dag']) retrieved from /home/user/workspace/airflow/airflow_env/lib/python3.6/site-packages/airflow/example_dags/example_skip_dag.py
[2021-10-18 17:29:29,796] {logging_mixin.py:109} INFO - [2021-10-18 17:29:29,795] {dag.py:2389} INFO - Sync 1 DAGs
[2021-10-18 17:29:29,837] {logging_mixin.py:109} INFO - [2021-10-18 17:29:29,836] {dag.py:2914} INFO - Setting next_dagrun for example_skip_dag to 2021-10-17T11:59:29.836123+00:00
[2021-10-18 17:29:29,855] {processor.py:171} INFO - Processing /home/user/workspace/airflow/airflow_env/lib/python3.6/site-packages/airflow/example_dags/example_skip_dag.py took 0.195 seconds
[2021-10-18 17:30:28,761] {processor.py:163} INFO - Started process (PID=25338) to work on /home/user/workspace/airflow/airflow_env/lib/python3.6/site-packages/airflow/example_dags/example_skip_dag.py
[2021-10-18 17:30:28,773] {processor.py:620} INFO - Processing file /home/user/workspace/airflow/airflow_env/lib/python3.6/site-packages/airflow/example_dags/example_skip_dag.py for tasks to queue
[2021-10-18 17:30:28,775] {logging_mixin.py:109} INFO - [2021-10-18 17:30:28,775] {dagbag.py:500} INFO - Filling up the DagBag from /home/user/workspace/airflow/airflow_env/lib/python3.6/site-packages/airflow/example_dags/example_skip_dag.py
[2021-10-18 17:30:28,834] {processor.py:632} INFO - DAG(s) dict_keys(['example_skip_dag']) retrieved from /home/user/workspace/airflow/airflow_env/lib/python3.6/site-packages/airflow/example_dags/example_skip_dag.py
[2021-10-18 17:30:28,864] {logging_mixin.py:109} INFO - [2021-10-18 17:30:28,864] {dag.py:2389} INFO - Sync 1 DAGs
[2021-10-18 17:30:28,882] {logging_mixin.py:109} INFO - [2021-10-18 17:30:28,882] {dag.py:2914} INFO - Setting next_dagrun for example_skip_dag to 2021-10-17T12:00:28.881796+00:00
[2021-10-18 17:30:28,892] {processor.py:171} INFO - Processing /home/user/workspace/airflow/airflow_env/lib/python3.6/site-packages/airflow/example_dags/example_skip_dag.py took 0.140 seconds
[2021-10-18 17:31:31,056] {processor.py:163} INFO - Started process (PID=25552) to work on /home/user/workspace/airflow/airflow_env/lib/python3.6/site-packages/airflow/example_dags/example_skip_dag.py
[2021-10-18 17:31:31,058] {processor.py:620} INFO - Processing file /home/user/workspace/airflow/airflow_env/lib/python3.6/site-packages/airflow/example_dags/example_skip_dag.py for tasks to queue
[2021-10-18 17:31:31,059] {logging_mixin.py:109} INFO - [2021-10-18 17:31:31,059] {dagbag.py:500} INFO - Filling up the DagBag from /home/user/workspace/airflow/airflow_env/lib/python3.6/site-packages/airflow/example_dags/example_skip_dag.py
[2021-10-18 17:31:31,103] {processor.py:632} INFO - DAG(s) dict_keys(['example_skip_dag']) retrieved from /home/user/workspace/airflow/airflow_env/lib/python3.6/site-packages/airflow/example_dags/example_skip_dag.py
[2021-10-18 17:31:31,129] {logging_mixin.py:109} INFO - [2021-10-18 17:31:31,129] {dag.py:2389} INFO - Sync 1 DAGs
[2021-10-18 17:31:31,162] {logging_mixin.py:109} INFO - [2021-10-18 17:31:31,162] {dag.py:2914} INFO - Setting next_dagrun for example_skip_dag to 2021-10-17T12:01:31.161527+00:00
[2021-10-18 17:31:31,176] {processor.py:171} INFO - Processing /home/user/workspace/airflow/airflow_env/lib/python3.6/site-packages/airflow/example_dags/example_skip_dag.py took 0.127 seconds
[2021-10-18 17:32:34,315] {processor.py:163} INFO - Started process (PID=25786) to work on /home/user/workspace/airflow/airflow_env/lib/python3.6/site-packages/airflow/example_dags/example_skip_dag.py
[2021-10-18 17:32:34,317] {processor.py:620} INFO - Processing file /home/user/workspace/airflow/airflow_env/lib/python3.6/site-packages/airflow/example_dags/example_skip_dag.py for tasks to queue
[2021-10-18 17:32:34,319] {logging_mixin.py:109} INFO - [2021-10-18 17:32:34,318] {dagbag.py:500} INFO - Filling up the DagBag from /home/user/workspace/airflow/airflow_env/lib/python3.6/site-packages/airflow/example_dags/example_skip_dag.py
[2021-10-18 17:32:34,360] {processor.py:632} INFO - DAG(s) dict_keys(['example_skip_dag']) retrieved from /home/user/workspace/airflow/airflow_env/lib/python3.6/site-packages/airflow/example_dags/example_skip_dag.py
[2021-10-18 17:32:34,383] {logging_mixin.py:109} INFO - [2021-10-18 17:32:34,383] {dag.py:2389} INFO - Sync 1 DAGs
[2021-10-18 17:32:34,402] {logging_mixin.py:109} INFO - [2021-10-18 17:32:34,402] {dag.py:2914} INFO - Setting next_dagrun for example_skip_dag to 2021-10-17T12:02:34.402044+00:00
[2021-10-18 17:32:34,412] {processor.py:171} INFO - Processing /home/user/workspace/airflow/airflow_env/lib/python3.6/site-packages/airflow/example_dags/example_skip_dag.py took 0.102 seconds
[2021-10-18 17:33:34,622] {processor.py:163} INFO - Started process (PID=25900) to work on /home/user/workspace/airflow/airflow_env/lib/python3.6/site-packages/airflow/example_dags/example_skip_dag.py
[2021-10-18 17:33:34,625] {processor.py:620} INFO - Processing file /home/user/workspace/airflow/airflow_env/lib/python3.6/site-packages/airflow/example_dags/example_skip_dag.py for tasks to queue
[2021-10-18 17:33:34,626] {logging_mixin.py:109} INFO - [2021-10-18 17:33:34,626] {dagbag.py:500} INFO - Filling up the DagBag from /home/user/workspace/airflow/airflow_env/lib/python3.6/site-packages/airflow/example_dags/example_skip_dag.py
[2021-10-18 17:33:34,674] {processor.py:632} INFO - DAG(s) dict_keys(['example_skip_dag']) retrieved from /home/user/workspace/airflow/airflow_env/lib/python3.6/site-packages/airflow/example_dags/example_skip_dag.py
[2021-10-18 17:33:34,701] {logging_mixin.py:109} INFO - [2021-10-18 17:33:34,701] {dag.py:2389} INFO - Sync 1 DAGs
[2021-10-18 17:33:34,734] {logging_mixin.py:109} INFO - [2021-10-18 17:33:34,733] {dag.py:2914} INFO - Setting next_dagrun for example_skip_dag to 2021-10-17T12:03:34.733452+00:00
[2021-10-18 17:33:34,745] {processor.py:171} INFO - Processing /home/user/workspace/airflow/airflow_env/lib/python3.6/site-packages/airflow/example_dags/example_skip_dag.py took 0.131 seconds
[2021-10-18 17:34:31,901] {processor.py:163} INFO - Started process (PID=25995) to work on /home/user/workspace/airflow/airflow_env/lib/python3.6/site-packages/airflow/example_dags/example_skip_dag.py
[2021-10-18 17:34:31,903] {processor.py:620} INFO - Processing file /home/user/workspace/airflow/airflow_env/lib/python3.6/site-packages/airflow/example_dags/example_skip_dag.py for tasks to queue
[2021-10-18 17:34:31,905] {logging_mixin.py:109} INFO - [2021-10-18 17:34:31,905] {dagbag.py:500} INFO - Filling up the DagBag from /home/user/workspace/airflow/airflow_env/lib/python3.6/site-packages/airflow/example_dags/example_skip_dag.py
[2021-10-18 17:34:31,958] {processor.py:632} INFO - DAG(s) dict_keys(['example_skip_dag']) retrieved from /home/user/workspace/airflow/airflow_env/lib/python3.6/site-packages/airflow/example_dags/example_skip_dag.py
[2021-10-18 17:34:31,982] {logging_mixin.py:109} INFO - [2021-10-18 17:34:31,982] {dag.py:2389} INFO - Sync 1 DAGs
[2021-10-18 17:34:31,998] {logging_mixin.py:109} INFO - [2021-10-18 17:34:31,998] {dag.py:2914} INFO - Setting next_dagrun for example_skip_dag to 2021-10-17T12:04:31.998227+00:00
[2021-10-18 17:34:32,007] {processor.py:171} INFO - Processing /home/user/workspace/airflow/airflow_env/lib/python3.6/site-packages/airflow/example_dags/example_skip_dag.py took 0.113 seconds
[2021-10-18 17:35:31,018] {processor.py:163} INFO - Started process (PID=26126) to work on /home/user/workspace/airflow/airflow_env/lib/python3.6/site-packages/airflow/example_dags/example_skip_dag.py
[2021-10-18 17:35:31,020] {processor.py:620} INFO - Processing file /home/user/workspace/airflow/airflow_env/lib/python3.6/site-packages/airflow/example_dags/example_skip_dag.py for tasks to queue
[2021-10-18 17:35:31,022] {logging_mixin.py:109} INFO - [2021-10-18 17:35:31,022] {dagbag.py:500} INFO - Filling up the DagBag from /home/user/workspace/airflow/airflow_env/lib/python3.6/site-packages/airflow/example_dags/example_skip_dag.py
[2021-10-18 17:35:31,082] {processor.py:632} INFO - DAG(s) dict_keys(['example_skip_dag']) retrieved from /home/user/workspace/airflow/airflow_env/lib/python3.6/site-packages/airflow/example_dags/example_skip_dag.py
[2021-10-18 17:35:31,116] {logging_mixin.py:109} INFO - [2021-10-18 17:35:31,116] {dag.py:2389} INFO - Sync 1 DAGs
[2021-10-18 17:35:31,140] {logging_mixin.py:109} INFO - [2021-10-18 17:35:31,140] {dag.py:2914} INFO - Setting next_dagrun for example_skip_dag to 2021-10-17T12:05:31.140331+00:00
[2021-10-18 17:35:31,151] {processor.py:171} INFO - Processing /home/user/workspace/airflow/airflow_env/lib/python3.6/site-packages/airflow/example_dags/example_skip_dag.py took 0.141 seconds
[2021-10-18 17:36:29,984] {processor.py:163} INFO - Started process (PID=26321) to work on /home/user/workspace/airflow/airflow_env/lib/python3.6/site-packages/airflow/example_dags/example_skip_dag.py
[2021-10-18 17:36:29,997] {processor.py:620} INFO - Processing file /home/user/workspace/airflow/airflow_env/lib/python3.6/site-packages/airflow/example_dags/example_skip_dag.py for tasks to queue
[2021-10-18 17:36:29,999] {logging_mixin.py:109} INFO - [2021-10-18 17:36:29,998] {dagbag.py:500} INFO - Filling up the DagBag from /home/user/workspace/airflow/airflow_env/lib/python3.6/site-packages/airflow/example_dags/example_skip_dag.py
[2021-10-18 17:36:30,047] {processor.py:632} INFO - DAG(s) dict_keys(['example_skip_dag']) retrieved from /home/user/workspace/airflow/airflow_env/lib/python3.6/site-packages/airflow/example_dags/example_skip_dag.py
[2021-10-18 17:36:30,074] {logging_mixin.py:109} INFO - [2021-10-18 17:36:30,073] {dag.py:2389} INFO - Sync 1 DAGs
[2021-10-18 17:36:30,103] {logging_mixin.py:109} INFO - [2021-10-18 17:36:30,103] {dag.py:2914} INFO - Setting next_dagrun for example_skip_dag to 2021-10-17T12:06:30.102722+00:00
[2021-10-18 17:36:30,114] {processor.py:171} INFO - Processing /home/user/workspace/airflow/airflow_env/lib/python3.6/site-packages/airflow/example_dags/example_skip_dag.py took 0.136 seconds
[2021-10-18 17:37:30,319] {processor.py:163} INFO - Started process (PID=26480) to work on /home/user/workspace/airflow/airflow_env/lib/python3.6/site-packages/airflow/example_dags/example_skip_dag.py
[2021-10-18 17:37:30,321] {processor.py:620} INFO - Processing file /home/user/workspace/airflow/airflow_env/lib/python3.6/site-packages/airflow/example_dags/example_skip_dag.py for tasks to queue
[2021-10-18 17:37:30,323] {logging_mixin.py:109} INFO - [2021-10-18 17:37:30,323] {dagbag.py:500} INFO - Filling up the DagBag from /home/user/workspace/airflow/airflow_env/lib/python3.6/site-packages/airflow/example_dags/example_skip_dag.py
[2021-10-18 17:37:30,382] {processor.py:632} INFO - DAG(s) dict_keys(['example_skip_dag']) retrieved from /home/user/workspace/airflow/airflow_env/lib/python3.6/site-packages/airflow/example_dags/example_skip_dag.py
[2021-10-18 17:37:30,417] {logging_mixin.py:109} INFO - [2021-10-18 17:37:30,416] {dag.py:2389} INFO - Sync 1 DAGs
[2021-10-18 17:37:30,447] {logging_mixin.py:109} INFO - [2021-10-18 17:37:30,447] {dag.py:2914} INFO - Setting next_dagrun for example_skip_dag to 2021-10-17T12:07:30.446680+00:00
[2021-10-18 17:37:30,461] {processor.py:171} INFO - Processing /home/user/workspace/airflow/airflow_env/lib/python3.6/site-packages/airflow/example_dags/example_skip_dag.py took 0.150 seconds
[2021-10-18 17:38:31,183] {processor.py:163} INFO - Started process (PID=26585) to work on /home/user/workspace/airflow/airflow_env/lib/python3.6/site-packages/airflow/example_dags/example_skip_dag.py
[2021-10-18 17:38:31,186] {processor.py:620} INFO - Processing file /home/user/workspace/airflow/airflow_env/lib/python3.6/site-packages/airflow/example_dags/example_skip_dag.py for tasks to queue
[2021-10-18 17:38:31,188] {logging_mixin.py:109} INFO - [2021-10-18 17:38:31,187] {dagbag.py:500} INFO - Filling up the DagBag from /home/user/workspace/airflow/airflow_env/lib/python3.6/site-packages/airflow/example_dags/example_skip_dag.py
[2021-10-18 17:38:31,238] {processor.py:632} INFO - DAG(s) dict_keys(['example_skip_dag']) retrieved from /home/user/workspace/airflow/airflow_env/lib/python3.6/site-packages/airflow/example_dags/example_skip_dag.py
[2021-10-18 17:38:31,267] {logging_mixin.py:109} INFO - [2021-10-18 17:38:31,267] {dag.py:2389} INFO - Sync 1 DAGs
[2021-10-18 17:38:31,297] {logging_mixin.py:109} INFO - [2021-10-18 17:38:31,296] {dag.py:2914} INFO - Setting next_dagrun for example_skip_dag to 2021-10-17T12:08:31.296505+00:00
[2021-10-18 17:38:31,308] {processor.py:171} INFO - Processing /home/user/workspace/airflow/airflow_env/lib/python3.6/site-packages/airflow/example_dags/example_skip_dag.py took 0.134 seconds
[2021-10-18 17:39:36,387] {processor.py:163} INFO - Started process (PID=26730) to work on /home/user/workspace/airflow/airflow_env/lib/python3.6/site-packages/airflow/example_dags/example_skip_dag.py
[2021-10-18 17:39:36,391] {processor.py:620} INFO - Processing file /home/user/workspace/airflow/airflow_env/lib/python3.6/site-packages/airflow/example_dags/example_skip_dag.py for tasks to queue
[2021-10-18 17:39:36,393] {logging_mixin.py:109} INFO - [2021-10-18 17:39:36,393] {dagbag.py:500} INFO - Filling up the DagBag from /home/user/workspace/airflow/airflow_env/lib/python3.6/site-packages/airflow/example_dags/example_skip_dag.py
[2021-10-18 17:39:36,451] {processor.py:632} INFO - DAG(s) dict_keys(['example_skip_dag']) retrieved from /home/user/workspace/airflow/airflow_env/lib/python3.6/site-packages/airflow/example_dags/example_skip_dag.py
[2021-10-18 17:39:36,483] {logging_mixin.py:109} INFO - [2021-10-18 17:39:36,482] {dag.py:2389} INFO - Sync 1 DAGs
[2021-10-18 17:39:36,531] {logging_mixin.py:109} INFO - [2021-10-18 17:39:36,530] {dag.py:2914} INFO - Setting next_dagrun for example_skip_dag to 2021-10-17T12:09:36.529765+00:00
[2021-10-18 17:39:36,567] {processor.py:171} INFO - Processing /home/user/workspace/airflow/airflow_env/lib/python3.6/site-packages/airflow/example_dags/example_skip_dag.py took 0.189 seconds
[2021-10-18 17:40:21,425] {processor.py:163} INFO - Started process (PID=26922) to work on /home/user/workspace/airflow/airflow_env/lib/python3.6/site-packages/airflow/example_dags/example_skip_dag.py
[2021-10-18 17:40:21,427] {processor.py:620} INFO - Processing file /home/user/workspace/airflow/airflow_env/lib/python3.6/site-packages/airflow/example_dags/example_skip_dag.py for tasks to queue
[2021-10-18 17:40:21,429] {logging_mixin.py:109} INFO - [2021-10-18 17:40:21,429] {dagbag.py:500} INFO - Filling up the DagBag from /home/user/workspace/airflow/airflow_env/lib/python3.6/site-packages/airflow/example_dags/example_skip_dag.py
[2021-10-18 17:40:21,486] {processor.py:632} INFO - DAG(s) dict_keys(['example_skip_dag']) retrieved from /home/user/workspace/airflow/airflow_env/lib/python3.6/site-packages/airflow/example_dags/example_skip_dag.py
[2021-10-18 17:40:21,520] {logging_mixin.py:109} INFO - [2021-10-18 17:40:21,520] {dag.py:2389} INFO - Sync 1 DAGs
[2021-10-18 17:40:21,562] {logging_mixin.py:109} INFO - [2021-10-18 17:40:21,562] {dag.py:2914} INFO - Setting next_dagrun for example_skip_dag to 2021-10-17T12:10:21.561695+00:00
[2021-10-18 17:40:21,588] {processor.py:171} INFO - Processing /home/user/workspace/airflow/airflow_env/lib/python3.6/site-packages/airflow/example_dags/example_skip_dag.py took 0.171 seconds
[2021-10-18 17:41:20,223] {processor.py:163} INFO - Started process (PID=27030) to work on /home/user/workspace/airflow/airflow_env/lib/python3.6/site-packages/airflow/example_dags/example_skip_dag.py
[2021-10-18 17:41:20,225] {processor.py:620} INFO - Processing file /home/user/workspace/airflow/airflow_env/lib/python3.6/site-packages/airflow/example_dags/example_skip_dag.py for tasks to queue
[2021-10-18 17:41:20,227] {logging_mixin.py:109} INFO - [2021-10-18 17:41:20,226] {dagbag.py:500} INFO - Filling up the DagBag from /home/user/workspace/airflow/airflow_env/lib/python3.6/site-packages/airflow/example_dags/example_skip_dag.py
[2021-10-18 17:41:20,271] {processor.py:632} INFO - DAG(s) dict_keys(['example_skip_dag']) retrieved from /home/user/workspace/airflow/airflow_env/lib/python3.6/site-packages/airflow/example_dags/example_skip_dag.py
[2021-10-18 17:41:20,297] {logging_mixin.py:109} INFO - [2021-10-18 17:41:20,297] {dag.py:2389} INFO - Sync 1 DAGs
[2021-10-18 17:41:20,326] {logging_mixin.py:109} INFO - [2021-10-18 17:41:20,326] {dag.py:2914} INFO - Setting next_dagrun for example_skip_dag to 2021-10-17T12:11:20.325594+00:00
[2021-10-18 17:41:20,344] {processor.py:171} INFO - Processing /home/user/workspace/airflow/airflow_env/lib/python3.6/site-packages/airflow/example_dags/example_skip_dag.py took 0.126 seconds
[2021-10-18 17:42:20,141] {processor.py:163} INFO - Started process (PID=27142) to work on /home/user/workspace/airflow/airflow_env/lib/python3.6/site-packages/airflow/example_dags/example_skip_dag.py
[2021-10-18 17:42:20,155] {processor.py:620} INFO - Processing file /home/user/workspace/airflow/airflow_env/lib/python3.6/site-packages/airflow/example_dags/example_skip_dag.py for tasks to queue
[2021-10-18 17:42:20,157] {logging_mixin.py:109} INFO - [2021-10-18 17:42:20,156] {dagbag.py:500} INFO - Filling up the DagBag from /home/user/workspace/airflow/airflow_env/lib/python3.6/site-packages/airflow/example_dags/example_skip_dag.py
[2021-10-18 17:42:20,247] {processor.py:632} INFO - DAG(s) dict_keys(['example_skip_dag']) retrieved from /home/user/workspace/airflow/airflow_env/lib/python3.6/site-packages/airflow/example_dags/example_skip_dag.py
[2021-10-18 17:42:20,279] {logging_mixin.py:109} INFO - [2021-10-18 17:42:20,279] {dag.py:2389} INFO - Sync 1 DAGs
[2021-10-18 17:42:20,310] {logging_mixin.py:109} INFO - [2021-10-18 17:42:20,310] {dag.py:2914} INFO - Setting next_dagrun for example_skip_dag to 2021-10-17T12:12:20.309945+00:00
[2021-10-18 17:42:20,326] {processor.py:171} INFO - Processing /home/user/workspace/airflow/airflow_env/lib/python3.6/site-packages/airflow/example_dags/example_skip_dag.py took 0.210 seconds
[2021-10-18 17:43:17,716] {processor.py:163} INFO - Started process (PID=27302) to work on /home/user/workspace/airflow/airflow_env/lib/python3.6/site-packages/airflow/example_dags/example_skip_dag.py
[2021-10-18 17:43:17,718] {processor.py:620} INFO - Processing file /home/user/workspace/airflow/airflow_env/lib/python3.6/site-packages/airflow/example_dags/example_skip_dag.py for tasks to queue
[2021-10-18 17:43:17,720] {logging_mixin.py:109} INFO - [2021-10-18 17:43:17,720] {dagbag.py:500} INFO - Filling up the DagBag from /home/user/workspace/airflow/airflow_env/lib/python3.6/site-packages/airflow/example_dags/example_skip_dag.py
[2021-10-18 17:43:17,763] {processor.py:632} INFO - DAG(s) dict_keys(['example_skip_dag']) retrieved from /home/user/workspace/airflow/airflow_env/lib/python3.6/site-packages/airflow/example_dags/example_skip_dag.py
[2021-10-18 17:43:17,786] {logging_mixin.py:109} INFO - [2021-10-18 17:43:17,786] {dag.py:2389} INFO - Sync 1 DAGs
[2021-10-18 17:43:17,817] {logging_mixin.py:109} INFO - [2021-10-18 17:43:17,816] {dag.py:2914} INFO - Setting next_dagrun for example_skip_dag to 2021-10-17T12:13:17.816498+00:00
[2021-10-18 17:43:17,828] {processor.py:171} INFO - Processing /home/user/workspace/airflow/airflow_env/lib/python3.6/site-packages/airflow/example_dags/example_skip_dag.py took 0.118 seconds
[2021-10-18 17:44:14,366] {processor.py:163} INFO - Started process (PID=27500) to work on /home/user/workspace/airflow/airflow_env/lib/python3.6/site-packages/airflow/example_dags/example_skip_dag.py
[2021-10-18 17:44:14,379] {processor.py:620} INFO - Processing file /home/user/workspace/airflow/airflow_env/lib/python3.6/site-packages/airflow/example_dags/example_skip_dag.py for tasks to queue
[2021-10-18 17:44:14,381] {logging_mixin.py:109} INFO - [2021-10-18 17:44:14,381] {dagbag.py:500} INFO - Filling up the DagBag from /home/user/workspace/airflow/airflow_env/lib/python3.6/site-packages/airflow/example_dags/example_skip_dag.py
[2021-10-18 17:44:14,426] {processor.py:632} INFO - DAG(s) dict_keys(['example_skip_dag']) retrieved from /home/user/workspace/airflow/airflow_env/lib/python3.6/site-packages/airflow/example_dags/example_skip_dag.py
[2021-10-18 17:44:14,452] {logging_mixin.py:109} INFO - [2021-10-18 17:44:14,451] {dag.py:2389} INFO - Sync 1 DAGs
[2021-10-18 17:44:14,484] {logging_mixin.py:109} INFO - [2021-10-18 17:44:14,484] {dag.py:2914} INFO - Setting next_dagrun for example_skip_dag to 2021-10-17T12:14:14.483432+00:00
[2021-10-18 17:44:14,497] {processor.py:171} INFO - Processing /home/user/workspace/airflow/airflow_env/lib/python3.6/site-packages/airflow/example_dags/example_skip_dag.py took 0.136 seconds
[2021-10-18 17:45:11,150] {processor.py:163} INFO - Started process (PID=27663) to work on /home/user/workspace/airflow/airflow_env/lib/python3.6/site-packages/airflow/example_dags/example_skip_dag.py
[2021-10-18 17:45:11,152] {processor.py:620} INFO - Processing file /home/user/workspace/airflow/airflow_env/lib/python3.6/site-packages/airflow/example_dags/example_skip_dag.py for tasks to queue
[2021-10-18 17:45:11,153] {logging_mixin.py:109} INFO - [2021-10-18 17:45:11,152] {dagbag.py:500} INFO - Filling up the DagBag from /home/user/workspace/airflow/airflow_env/lib/python3.6/site-packages/airflow/example_dags/example_skip_dag.py
[2021-10-18 17:45:11,179] {processor.py:632} INFO - DAG(s) dict_keys(['example_skip_dag']) retrieved from /home/user/workspace/airflow/airflow_env/lib/python3.6/site-packages/airflow/example_dags/example_skip_dag.py
[2021-10-18 17:45:11,194] {logging_mixin.py:109} INFO - [2021-10-18 17:45:11,194] {dag.py:2389} INFO - Sync 1 DAGs
[2021-10-18 17:45:11,212] {logging_mixin.py:109} INFO - [2021-10-18 17:45:11,212] {dag.py:2914} INFO - Setting next_dagrun for example_skip_dag to 2021-10-17T12:15:11.211680+00:00
[2021-10-18 17:45:11,230] {processor.py:171} INFO - Processing /home/user/workspace/airflow/airflow_env/lib/python3.6/site-packages/airflow/example_dags/example_skip_dag.py took 0.083 seconds
[2021-10-18 17:46:07,082] {processor.py:163} INFO - Started process (PID=27939) to work on /home/user/workspace/airflow/airflow_env/lib/python3.6/site-packages/airflow/example_dags/example_skip_dag.py
[2021-10-18 17:46:07,083] {processor.py:620} INFO - Processing file /home/user/workspace/airflow/airflow_env/lib/python3.6/site-packages/airflow/example_dags/example_skip_dag.py for tasks to queue
[2021-10-18 17:46:07,083] {logging_mixin.py:109} INFO - [2021-10-18 17:46:07,083] {dagbag.py:500} INFO - Filling up the DagBag from /home/user/workspace/airflow/airflow_env/lib/python3.6/site-packages/airflow/example_dags/example_skip_dag.py
[2021-10-18 17:46:07,099] {processor.py:632} INFO - DAG(s) dict_keys(['example_skip_dag']) retrieved from /home/user/workspace/airflow/airflow_env/lib/python3.6/site-packages/airflow/example_dags/example_skip_dag.py
[2021-10-18 17:46:07,109] {logging_mixin.py:109} INFO - [2021-10-18 17:46:07,109] {dag.py:2389} INFO - Sync 1 DAGs
[2021-10-18 17:46:07,121] {logging_mixin.py:109} INFO - [2021-10-18 17:46:07,121] {dag.py:2914} INFO - Setting next_dagrun for example_skip_dag to 2021-10-17T12:16:07.120806+00:00
[2021-10-18 17:46:07,131] {processor.py:171} INFO - Processing /home/user/workspace/airflow/airflow_env/lib/python3.6/site-packages/airflow/example_dags/example_skip_dag.py took 0.051 seconds
[2021-10-18 17:46:59,145] {processor.py:163} INFO - Started process (PID=28108) to work on /home/user/workspace/airflow/airflow_env/lib/python3.6/site-packages/airflow/example_dags/example_skip_dag.py
[2021-10-18 17:46:59,147] {processor.py:620} INFO - Processing file /home/user/workspace/airflow/airflow_env/lib/python3.6/site-packages/airflow/example_dags/example_skip_dag.py for tasks to queue
[2021-10-18 17:46:59,149] {logging_mixin.py:109} INFO - [2021-10-18 17:46:59,148] {dagbag.py:500} INFO - Filling up the DagBag from /home/user/workspace/airflow/airflow_env/lib/python3.6/site-packages/airflow/example_dags/example_skip_dag.py
[2021-10-18 17:46:59,187] {processor.py:632} INFO - DAG(s) dict_keys(['example_skip_dag']) retrieved from /home/user/workspace/airflow/airflow_env/lib/python3.6/site-packages/airflow/example_dags/example_skip_dag.py
[2021-10-18 17:46:59,208] {logging_mixin.py:109} INFO - [2021-10-18 17:46:59,208] {dag.py:2389} INFO - Sync 1 DAGs
[2021-10-18 17:46:59,232] {logging_mixin.py:109} INFO - [2021-10-18 17:46:59,232] {dag.py:2914} INFO - Setting next_dagrun for example_skip_dag to 2021-10-17T12:16:59.231881+00:00
[2021-10-18 17:46:59,247] {processor.py:171} INFO - Processing /home/user/workspace/airflow/airflow_env/lib/python3.6/site-packages/airflow/example_dags/example_skip_dag.py took 0.107 seconds
[2021-10-18 17:47:56,909] {processor.py:163} INFO - Started process (PID=28239) to work on /home/user/workspace/airflow/airflow_env/lib/python3.6/site-packages/airflow/example_dags/example_skip_dag.py
[2021-10-18 17:47:56,910] {processor.py:620} INFO - Processing file /home/user/workspace/airflow/airflow_env/lib/python3.6/site-packages/airflow/example_dags/example_skip_dag.py for tasks to queue
[2021-10-18 17:47:56,911] {logging_mixin.py:109} INFO - [2021-10-18 17:47:56,911] {dagbag.py:500} INFO - Filling up the DagBag from /home/user/workspace/airflow/airflow_env/lib/python3.6/site-packages/airflow/example_dags/example_skip_dag.py
[2021-10-18 17:47:56,943] {processor.py:632} INFO - DAG(s) dict_keys(['example_skip_dag']) retrieved from /home/user/workspace/airflow/airflow_env/lib/python3.6/site-packages/airflow/example_dags/example_skip_dag.py
[2021-10-18 17:47:56,961] {logging_mixin.py:109} INFO - [2021-10-18 17:47:56,961] {dag.py:2389} INFO - Sync 1 DAGs
[2021-10-18 17:47:56,986] {logging_mixin.py:109} INFO - [2021-10-18 17:47:56,986] {dag.py:2914} INFO - Setting next_dagrun for example_skip_dag to 2021-10-17T12:17:56.986124+00:00
[2021-10-18 17:47:57,000] {processor.py:171} INFO - Processing /home/user/workspace/airflow/airflow_env/lib/python3.6/site-packages/airflow/example_dags/example_skip_dag.py took 0.095 seconds
[2021-10-18 17:49:00,375] {processor.py:163} INFO - Started process (PID=28354) to work on /home/user/workspace/airflow/airflow_env/lib/python3.6/site-packages/airflow/example_dags/example_skip_dag.py
[2021-10-18 17:49:00,378] {processor.py:620} INFO - Processing file /home/user/workspace/airflow/airflow_env/lib/python3.6/site-packages/airflow/example_dags/example_skip_dag.py for tasks to queue
[2021-10-18 17:49:00,379] {logging_mixin.py:109} INFO - [2021-10-18 17:49:00,379] {dagbag.py:500} INFO - Filling up the DagBag from /home/user/workspace/airflow/airflow_env/lib/python3.6/site-packages/airflow/example_dags/example_skip_dag.py
[2021-10-18 17:49:00,427] {processor.py:632} INFO - DAG(s) dict_keys(['example_skip_dag']) retrieved from /home/user/workspace/airflow/airflow_env/lib/python3.6/site-packages/airflow/example_dags/example_skip_dag.py
[2021-10-18 17:49:00,455] {logging_mixin.py:109} INFO - [2021-10-18 17:49:00,455] {dag.py:2389} INFO - Sync 1 DAGs
[2021-10-18 17:49:00,481] {logging_mixin.py:109} INFO - [2021-10-18 17:49:00,481] {dag.py:2914} INFO - Setting next_dagrun for example_skip_dag to 2021-10-17T12:19:00.481202+00:00
[2021-10-18 17:49:00,492] {processor.py:171} INFO - Processing /home/user/workspace/airflow/airflow_env/lib/python3.6/site-packages/airflow/example_dags/example_skip_dag.py took 0.123 seconds
[2021-10-18 17:49:48,948] {processor.py:163} INFO - Started process (PID=28502) to work on /home/user/workspace/airflow/airflow_env/lib/python3.6/site-packages/airflow/example_dags/example_skip_dag.py
[2021-10-18 17:49:48,950] {processor.py:620} INFO - Processing file /home/user/workspace/airflow/airflow_env/lib/python3.6/site-packages/airflow/example_dags/example_skip_dag.py for tasks to queue
[2021-10-18 17:49:48,954] {logging_mixin.py:109} INFO - [2021-10-18 17:49:48,953] {dagbag.py:500} INFO - Filling up the DagBag from /home/user/workspace/airflow/airflow_env/lib/python3.6/site-packages/airflow/example_dags/example_skip_dag.py
[2021-10-18 17:49:48,986] {processor.py:632} INFO - DAG(s) dict_keys(['example_skip_dag']) retrieved from /home/user/workspace/airflow/airflow_env/lib/python3.6/site-packages/airflow/example_dags/example_skip_dag.py
[2021-10-18 17:49:49,003] {logging_mixin.py:109} INFO - [2021-10-18 17:49:49,003] {dag.py:2389} INFO - Sync 1 DAGs
[2021-10-18 17:49:49,039] {logging_mixin.py:109} INFO - [2021-10-18 17:49:49,039] {dag.py:2914} INFO - Setting next_dagrun for example_skip_dag to 2021-10-17T12:19:49.039135+00:00
[2021-10-18 17:49:49,058] {processor.py:171} INFO - Processing /home/user/workspace/airflow/airflow_env/lib/python3.6/site-packages/airflow/example_dags/example_skip_dag.py took 0.114 seconds
[2021-10-18 17:50:35,693] {processor.py:163} INFO - Started process (PID=28695) to work on /home/user/workspace/airflow/airflow_env/lib/python3.6/site-packages/airflow/example_dags/example_skip_dag.py
[2021-10-18 17:50:35,696] {processor.py:620} INFO - Processing file /home/user/workspace/airflow/airflow_env/lib/python3.6/site-packages/airflow/example_dags/example_skip_dag.py for tasks to queue
[2021-10-18 17:50:35,697] {logging_mixin.py:109} INFO - [2021-10-18 17:50:35,697] {dagbag.py:500} INFO - Filling up the DagBag from /home/user/workspace/airflow/airflow_env/lib/python3.6/site-packages/airflow/example_dags/example_skip_dag.py
[2021-10-18 17:50:35,746] {processor.py:632} INFO - DAG(s) dict_keys(['example_skip_dag']) retrieved from /home/user/workspace/airflow/airflow_env/lib/python3.6/site-packages/airflow/example_dags/example_skip_dag.py
[2021-10-18 17:50:35,774] {logging_mixin.py:109} INFO - [2021-10-18 17:50:35,774] {dag.py:2389} INFO - Sync 1 DAGs
[2021-10-18 17:50:35,802] {logging_mixin.py:109} INFO - [2021-10-18 17:50:35,802] {dag.py:2914} INFO - Setting next_dagrun for example_skip_dag to 2021-10-17T12:20:35.802071+00:00
[2021-10-18 17:50:35,814] {processor.py:171} INFO - Processing /home/user/workspace/airflow/airflow_env/lib/python3.6/site-packages/airflow/example_dags/example_skip_dag.py took 0.128 seconds
[2021-10-18 17:51:45,549] {processor.py:163} INFO - Started process (PID=29003) to work on /home/user/workspace/airflow/airflow_env/lib/python3.6/site-packages/airflow/example_dags/example_skip_dag.py
[2021-10-18 17:51:45,551] {processor.py:620} INFO - Processing file /home/user/workspace/airflow/airflow_env/lib/python3.6/site-packages/airflow/example_dags/example_skip_dag.py for tasks to queue
[2021-10-18 17:51:45,553] {logging_mixin.py:109} INFO - [2021-10-18 17:51:45,552] {dagbag.py:500} INFO - Filling up the DagBag from /home/user/workspace/airflow/airflow_env/lib/python3.6/site-packages/airflow/example_dags/example_skip_dag.py
[2021-10-18 17:51:45,598] {processor.py:632} INFO - DAG(s) dict_keys(['example_skip_dag']) retrieved from /home/user/workspace/airflow/airflow_env/lib/python3.6/site-packages/airflow/example_dags/example_skip_dag.py
[2021-10-18 17:51:45,635] {logging_mixin.py:109} INFO - [2021-10-18 17:51:45,635] {dag.py:2389} INFO - Sync 1 DAGs
[2021-10-18 17:51:45,678] {logging_mixin.py:109} INFO - [2021-10-18 17:51:45,678] {dag.py:2914} INFO - Setting next_dagrun for example_skip_dag to 2021-10-17T12:21:45.677366+00:00
[2021-10-18 17:51:45,699] {processor.py:171} INFO - Processing /home/user/workspace/airflow/airflow_env/lib/python3.6/site-packages/airflow/example_dags/example_skip_dag.py took 0.156 seconds
[2021-10-18 17:52:32,318] {processor.py:163} INFO - Started process (PID=29099) to work on /home/user/workspace/airflow/airflow_env/lib/python3.6/site-packages/airflow/example_dags/example_skip_dag.py
[2021-10-18 17:52:32,331] {processor.py:620} INFO - Processing file /home/user/workspace/airflow/airflow_env/lib/python3.6/site-packages/airflow/example_dags/example_skip_dag.py for tasks to queue
[2021-10-18 17:52:32,333] {logging_mixin.py:109} INFO - [2021-10-18 17:52:32,332] {dagbag.py:500} INFO - Filling up the DagBag from /home/user/workspace/airflow/airflow_env/lib/python3.6/site-packages/airflow/example_dags/example_skip_dag.py
[2021-10-18 17:52:32,371] {processor.py:632} INFO - DAG(s) dict_keys(['example_skip_dag']) retrieved from /home/user/workspace/airflow/airflow_env/lib/python3.6/site-packages/airflow/example_dags/example_skip_dag.py
[2021-10-18 17:52:32,388] {logging_mixin.py:109} INFO - [2021-10-18 17:52:32,388] {dag.py:2389} INFO - Sync 1 DAGs
[2021-10-18 17:52:32,418] {logging_mixin.py:109} INFO - [2021-10-18 17:52:32,418] {dag.py:2914} INFO - Setting next_dagrun for example_skip_dag to 2021-10-17T12:22:32.418131+00:00
[2021-10-18 17:52:32,432] {processor.py:171} INFO - Processing /home/user/workspace/airflow/airflow_env/lib/python3.6/site-packages/airflow/example_dags/example_skip_dag.py took 0.120 seconds
[2021-10-18 17:53:18,594] {processor.py:163} INFO - Started process (PID=29207) to work on /home/user/workspace/airflow/airflow_env/lib/python3.6/site-packages/airflow/example_dags/example_skip_dag.py
[2021-10-18 17:53:18,596] {processor.py:620} INFO - Processing file /home/user/workspace/airflow/airflow_env/lib/python3.6/site-packages/airflow/example_dags/example_skip_dag.py for tasks to queue
[2021-10-18 17:53:18,597] {logging_mixin.py:109} INFO - [2021-10-18 17:53:18,597] {dagbag.py:500} INFO - Filling up the DagBag from /home/user/workspace/airflow/airflow_env/lib/python3.6/site-packages/airflow/example_dags/example_skip_dag.py
[2021-10-18 17:53:18,645] {processor.py:632} INFO - DAG(s) dict_keys(['example_skip_dag']) retrieved from /home/user/workspace/airflow/airflow_env/lib/python3.6/site-packages/airflow/example_dags/example_skip_dag.py
[2021-10-18 17:53:18,666] {logging_mixin.py:109} INFO - [2021-10-18 17:53:18,666] {dag.py:2389} INFO - Sync 1 DAGs
[2021-10-18 17:53:18,692] {logging_mixin.py:109} INFO - [2021-10-18 17:53:18,692] {dag.py:2914} INFO - Setting next_dagrun for example_skip_dag to 2021-10-17T12:23:18.691477+00:00
[2021-10-18 17:53:18,708] {processor.py:171} INFO - Processing /home/user/workspace/airflow/airflow_env/lib/python3.6/site-packages/airflow/example_dags/example_skip_dag.py took 0.120 seconds
[2021-10-18 17:54:06,764] {processor.py:163} INFO - Started process (PID=29281) to work on /home/user/workspace/airflow/airflow_env/lib/python3.6/site-packages/airflow/example_dags/example_skip_dag.py
[2021-10-18 17:54:06,766] {processor.py:620} INFO - Processing file /home/user/workspace/airflow/airflow_env/lib/python3.6/site-packages/airflow/example_dags/example_skip_dag.py for tasks to queue
[2021-10-18 17:54:06,768] {logging_mixin.py:109} INFO - [2021-10-18 17:54:06,767] {dagbag.py:500} INFO - Filling up the DagBag from /home/user/workspace/airflow/airflow_env/lib/python3.6/site-packages/airflow/example_dags/example_skip_dag.py
[2021-10-18 17:54:06,811] {processor.py:632} INFO - DAG(s) dict_keys(['example_skip_dag']) retrieved from /home/user/workspace/airflow/airflow_env/lib/python3.6/site-packages/airflow/example_dags/example_skip_dag.py
[2021-10-18 17:54:06,839] {logging_mixin.py:109} INFO - [2021-10-18 17:54:06,839] {dag.py:2389} INFO - Sync 1 DAGs
[2021-10-18 17:54:06,861] {logging_mixin.py:109} INFO - [2021-10-18 17:54:06,861] {dag.py:2914} INFO - Setting next_dagrun for example_skip_dag to 2021-10-17T12:24:06.860914+00:00
[2021-10-18 17:54:06,871] {processor.py:171} INFO - Processing /home/user/workspace/airflow/airflow_env/lib/python3.6/site-packages/airflow/example_dags/example_skip_dag.py took 0.113 seconds
[2021-10-18 17:54:55,288] {processor.py:163} INFO - Started process (PID=29361) to work on /home/user/workspace/airflow/airflow_env/lib/python3.6/site-packages/airflow/example_dags/example_skip_dag.py
[2021-10-18 17:54:55,291] {processor.py:620} INFO - Processing file /home/user/workspace/airflow/airflow_env/lib/python3.6/site-packages/airflow/example_dags/example_skip_dag.py for tasks to queue
[2021-10-18 17:54:55,294] {logging_mixin.py:109} INFO - [2021-10-18 17:54:55,294] {dagbag.py:500} INFO - Filling up the DagBag from /home/user/workspace/airflow/airflow_env/lib/python3.6/site-packages/airflow/example_dags/example_skip_dag.py
[2021-10-18 17:54:55,371] {processor.py:632} INFO - DAG(s) dict_keys(['example_skip_dag']) retrieved from /home/user/workspace/airflow/airflow_env/lib/python3.6/site-packages/airflow/example_dags/example_skip_dag.py
[2021-10-18 17:54:55,404] {logging_mixin.py:109} INFO - [2021-10-18 17:54:55,404] {dag.py:2389} INFO - Sync 1 DAGs
[2021-10-18 17:54:55,436] {logging_mixin.py:109} INFO - [2021-10-18 17:54:55,436] {dag.py:2914} INFO - Setting next_dagrun for example_skip_dag to 2021-10-17T12:24:55.436014+00:00
[2021-10-18 17:54:55,448] {processor.py:171} INFO - Processing /home/user/workspace/airflow/airflow_env/lib/python3.6/site-packages/airflow/example_dags/example_skip_dag.py took 0.169 seconds
[2021-10-18 17:55:39,623] {processor.py:163} INFO - Started process (PID=29503) to work on /home/user/workspace/airflow/airflow_env/lib/python3.6/site-packages/airflow/example_dags/example_skip_dag.py
[2021-10-18 17:55:39,625] {processor.py:620} INFO - Processing file /home/user/workspace/airflow/airflow_env/lib/python3.6/site-packages/airflow/example_dags/example_skip_dag.py for tasks to queue
[2021-10-18 17:55:39,626] {logging_mixin.py:109} INFO - [2021-10-18 17:55:39,626] {dagbag.py:500} INFO - Filling up the DagBag from /home/user/workspace/airflow/airflow_env/lib/python3.6/site-packages/airflow/example_dags/example_skip_dag.py
[2021-10-18 17:55:39,667] {processor.py:632} INFO - DAG(s) dict_keys(['example_skip_dag']) retrieved from /home/user/workspace/airflow/airflow_env/lib/python3.6/site-packages/airflow/example_dags/example_skip_dag.py
[2021-10-18 17:55:39,690] {logging_mixin.py:109} INFO - [2021-10-18 17:55:39,690] {dag.py:2389} INFO - Sync 1 DAGs
[2021-10-18 17:55:39,719] {logging_mixin.py:109} INFO - [2021-10-18 17:55:39,719] {dag.py:2914} INFO - Setting next_dagrun for example_skip_dag to 2021-10-17T12:25:39.718478+00:00
[2021-10-18 17:55:39,737] {processor.py:171} INFO - Processing /home/user/workspace/airflow/airflow_env/lib/python3.6/site-packages/airflow/example_dags/example_skip_dag.py took 0.120 seconds
[2021-10-18 17:56:46,982] {processor.py:163} INFO - Started process (PID=29615) to work on /home/user/workspace/airflow/airflow_env/lib/python3.6/site-packages/airflow/example_dags/example_skip_dag.py
[2021-10-18 17:56:46,985] {processor.py:620} INFO - Processing file /home/user/workspace/airflow/airflow_env/lib/python3.6/site-packages/airflow/example_dags/example_skip_dag.py for tasks to queue
[2021-10-18 17:56:46,987] {logging_mixin.py:109} INFO - [2021-10-18 17:56:46,987] {dagbag.py:500} INFO - Filling up the DagBag from /home/user/workspace/airflow/airflow_env/lib/python3.6/site-packages/airflow/example_dags/example_skip_dag.py
[2021-10-18 17:56:47,059] {processor.py:632} INFO - DAG(s) dict_keys(['example_skip_dag']) retrieved from /home/user/workspace/airflow/airflow_env/lib/python3.6/site-packages/airflow/example_dags/example_skip_dag.py
[2021-10-18 17:56:47,097] {logging_mixin.py:109} INFO - [2021-10-18 17:56:47,096] {dag.py:2389} INFO - Sync 1 DAGs
[2021-10-18 17:56:47,147] {logging_mixin.py:109} INFO - [2021-10-18 17:56:47,146] {dag.py:2914} INFO - Setting next_dagrun for example_skip_dag to 2021-10-17T12:26:47.145882+00:00
[2021-10-18 17:56:47,171] {processor.py:171} INFO - Processing /home/user/workspace/airflow/airflow_env/lib/python3.6/site-packages/airflow/example_dags/example_skip_dag.py took 0.199 seconds
[2021-10-18 17:57:31,805] {processor.py:163} INFO - Started process (PID=29711) to work on /home/user/workspace/airflow/airflow_env/lib/python3.6/site-packages/airflow/example_dags/example_skip_dag.py
[2021-10-18 17:57:31,817] {processor.py:620} INFO - Processing file /home/user/workspace/airflow/airflow_env/lib/python3.6/site-packages/airflow/example_dags/example_skip_dag.py for tasks to queue
[2021-10-18 17:57:31,819] {logging_mixin.py:109} INFO - [2021-10-18 17:57:31,818] {dagbag.py:500} INFO - Filling up the DagBag from /home/user/workspace/airflow/airflow_env/lib/python3.6/site-packages/airflow/example_dags/example_skip_dag.py
[2021-10-18 17:57:31,856] {processor.py:632} INFO - DAG(s) dict_keys(['example_skip_dag']) retrieved from /home/user/workspace/airflow/airflow_env/lib/python3.6/site-packages/airflow/example_dags/example_skip_dag.py
[2021-10-18 17:57:31,877] {logging_mixin.py:109} INFO - [2021-10-18 17:57:31,877] {dag.py:2389} INFO - Sync 1 DAGs
[2021-10-18 17:57:31,903] {logging_mixin.py:109} INFO - [2021-10-18 17:57:31,903] {dag.py:2914} INFO - Setting next_dagrun for example_skip_dag to 2021-10-17T12:27:31.902588+00:00
[2021-10-18 17:57:31,918] {processor.py:171} INFO - Processing /home/user/workspace/airflow/airflow_env/lib/python3.6/site-packages/airflow/example_dags/example_skip_dag.py took 0.118 seconds
[2021-10-18 17:58:19,185] {processor.py:163} INFO - Started process (PID=29783) to work on /home/user/workspace/airflow/airflow_env/lib/python3.6/site-packages/airflow/example_dags/example_skip_dag.py
[2021-10-18 17:58:19,187] {processor.py:620} INFO - Processing file /home/user/workspace/airflow/airflow_env/lib/python3.6/site-packages/airflow/example_dags/example_skip_dag.py for tasks to queue
[2021-10-18 17:58:19,188] {logging_mixin.py:109} INFO - [2021-10-18 17:58:19,188] {dagbag.py:500} INFO - Filling up the DagBag from /home/user/workspace/airflow/airflow_env/lib/python3.6/site-packages/airflow/example_dags/example_skip_dag.py
[2021-10-18 17:58:19,235] {processor.py:632} INFO - DAG(s) dict_keys(['example_skip_dag']) retrieved from /home/user/workspace/airflow/airflow_env/lib/python3.6/site-packages/airflow/example_dags/example_skip_dag.py
[2021-10-18 17:58:19,262] {logging_mixin.py:109} INFO - [2021-10-18 17:58:19,261] {dag.py:2389} INFO - Sync 1 DAGs
[2021-10-18 17:58:19,293] {logging_mixin.py:109} INFO - [2021-10-18 17:58:19,292] {dag.py:2914} INFO - Setting next_dagrun for example_skip_dag to 2021-10-17T12:28:19.292283+00:00
[2021-10-18 17:58:19,306] {processor.py:171} INFO - Processing /home/user/workspace/airflow/airflow_env/lib/python3.6/site-packages/airflow/example_dags/example_skip_dag.py took 0.127 seconds
[2021-10-18 17:59:05,798] {processor.py:163} INFO - Started process (PID=29864) to work on /home/user/workspace/airflow/airflow_env/lib/python3.6/site-packages/airflow/example_dags/example_skip_dag.py
[2021-10-18 17:59:05,799] {processor.py:620} INFO - Processing file /home/user/workspace/airflow/airflow_env/lib/python3.6/site-packages/airflow/example_dags/example_skip_dag.py for tasks to queue
[2021-10-18 17:59:05,800] {logging_mixin.py:109} INFO - [2021-10-18 17:59:05,800] {dagbag.py:500} INFO - Filling up the DagBag from /home/user/workspace/airflow/airflow_env/lib/python3.6/site-packages/airflow/example_dags/example_skip_dag.py
[2021-10-18 17:59:05,836] {processor.py:632} INFO - DAG(s) dict_keys(['example_skip_dag']) retrieved from /home/user/workspace/airflow/airflow_env/lib/python3.6/site-packages/airflow/example_dags/example_skip_dag.py
[2021-10-18 17:59:05,856] {logging_mixin.py:109} INFO - [2021-10-18 17:59:05,855] {dag.py:2389} INFO - Sync 1 DAGs
[2021-10-18 17:59:05,881] {logging_mixin.py:109} INFO - [2021-10-18 17:59:05,881] {dag.py:2914} INFO - Setting next_dagrun for example_skip_dag to 2021-10-17T12:29:05.880708+00:00
[2021-10-18 17:59:05,894] {processor.py:171} INFO - Processing /home/user/workspace/airflow/airflow_env/lib/python3.6/site-packages/airflow/example_dags/example_skip_dag.py took 0.102 seconds
[2021-10-18 18:00:12,959] {processor.py:163} INFO - Started process (PID=29970) to work on /home/user/workspace/airflow/airflow_env/lib/python3.6/site-packages/airflow/example_dags/example_skip_dag.py
[2021-10-18 18:00:12,971] {processor.py:620} INFO - Processing file /home/user/workspace/airflow/airflow_env/lib/python3.6/site-packages/airflow/example_dags/example_skip_dag.py for tasks to queue
[2021-10-18 18:00:12,973] {logging_mixin.py:109} INFO - [2021-10-18 18:00:12,972] {dagbag.py:500} INFO - Filling up the DagBag from /home/user/workspace/airflow/airflow_env/lib/python3.6/site-packages/airflow/example_dags/example_skip_dag.py
[2021-10-18 18:00:13,019] {processor.py:632} INFO - DAG(s) dict_keys(['example_skip_dag']) retrieved from /home/user/workspace/airflow/airflow_env/lib/python3.6/site-packages/airflow/example_dags/example_skip_dag.py
[2021-10-18 18:00:13,045] {logging_mixin.py:109} INFO - [2021-10-18 18:00:13,045] {dag.py:2389} INFO - Sync 1 DAGs
[2021-10-18 18:00:13,078] {logging_mixin.py:109} INFO - [2021-10-18 18:00:13,077] {dag.py:2914} INFO - Setting next_dagrun for example_skip_dag to 2021-10-17T12:30:13.076985+00:00
[2021-10-18 18:00:13,093] {processor.py:171} INFO - Processing /home/user/workspace/airflow/airflow_env/lib/python3.6/site-packages/airflow/example_dags/example_skip_dag.py took 0.140 seconds
