[2021-10-18 17:17:49,563] {processor.py:163} INFO - Started process (PID=23147) to work on /home/user/workspace/airflow/airflow_env/lib/python3.6/site-packages/airflow/example_dags/example_task_group.py
[2021-10-18 17:17:49,564] {processor.py:620} INFO - Processing file /home/user/workspace/airflow/airflow_env/lib/python3.6/site-packages/airflow/example_dags/example_task_group.py for tasks to queue
[2021-10-18 17:17:49,565] {logging_mixin.py:109} INFO - [2021-10-18 17:17:49,565] {dagbag.py:500} INFO - Filling up the DagBag from /home/user/workspace/airflow/airflow_env/lib/python3.6/site-packages/airflow/example_dags/example_task_group.py
[2021-10-18 17:17:49,586] {processor.py:632} INFO - DAG(s) dict_keys(['example_task_group']) retrieved from /home/user/workspace/airflow/airflow_env/lib/python3.6/site-packages/airflow/example_dags/example_task_group.py
[2021-10-18 17:17:49,596] {logging_mixin.py:109} INFO - [2021-10-18 17:17:49,596] {dag.py:2389} INFO - Sync 1 DAGs
[2021-10-18 17:17:49,609] {logging_mixin.py:109} INFO - [2021-10-18 17:17:49,609] {dag.py:2914} INFO - Setting next_dagrun for example_task_group to 2021-10-17T11:47:49.608851+00:00
[2021-10-18 17:17:49,616] {processor.py:171} INFO - Processing /home/user/workspace/airflow/airflow_env/lib/python3.6/site-packages/airflow/example_dags/example_task_group.py took 0.055 seconds
[2021-10-18 17:18:38,981] {processor.py:163} INFO - Started process (PID=23431) to work on /home/user/workspace/airflow/airflow_env/lib/python3.6/site-packages/airflow/example_dags/example_task_group.py
[2021-10-18 17:18:38,983] {processor.py:620} INFO - Processing file /home/user/workspace/airflow/airflow_env/lib/python3.6/site-packages/airflow/example_dags/example_task_group.py for tasks to queue
[2021-10-18 17:18:38,984] {logging_mixin.py:109} INFO - [2021-10-18 17:18:38,984] {dagbag.py:500} INFO - Filling up the DagBag from /home/user/workspace/airflow/airflow_env/lib/python3.6/site-packages/airflow/example_dags/example_task_group.py
[2021-10-18 17:18:39,025] {processor.py:632} INFO - DAG(s) dict_keys(['example_task_group']) retrieved from /home/user/workspace/airflow/airflow_env/lib/python3.6/site-packages/airflow/example_dags/example_task_group.py
[2021-10-18 17:18:39,044] {logging_mixin.py:109} INFO - [2021-10-18 17:18:39,044] {dag.py:2389} INFO - Sync 1 DAGs
[2021-10-18 17:18:39,083] {logging_mixin.py:109} INFO - [2021-10-18 17:18:39,083] {dag.py:2914} INFO - Setting next_dagrun for example_task_group to 2021-10-17T11:48:39.083192+00:00
[2021-10-18 17:18:39,104] {processor.py:171} INFO - Processing /home/user/workspace/airflow/airflow_env/lib/python3.6/site-packages/airflow/example_dags/example_task_group.py took 0.127 seconds
[2021-10-18 17:19:30,999] {processor.py:163} INFO - Started process (PID=23598) to work on /home/user/workspace/airflow/airflow_env/lib/python3.6/site-packages/airflow/example_dags/example_task_group.py
[2021-10-18 17:19:31,002] {processor.py:620} INFO - Processing file /home/user/workspace/airflow/airflow_env/lib/python3.6/site-packages/airflow/example_dags/example_task_group.py for tasks to queue
[2021-10-18 17:19:31,003] {logging_mixin.py:109} INFO - [2021-10-18 17:19:31,003] {dagbag.py:500} INFO - Filling up the DagBag from /home/user/workspace/airflow/airflow_env/lib/python3.6/site-packages/airflow/example_dags/example_task_group.py
[2021-10-18 17:19:31,071] {processor.py:632} INFO - DAG(s) dict_keys(['example_task_group']) retrieved from /home/user/workspace/airflow/airflow_env/lib/python3.6/site-packages/airflow/example_dags/example_task_group.py
[2021-10-18 17:19:31,097] {logging_mixin.py:109} INFO - [2021-10-18 17:19:31,096] {dag.py:2389} INFO - Sync 1 DAGs
[2021-10-18 17:19:31,114] {logging_mixin.py:109} INFO - [2021-10-18 17:19:31,113] {dag.py:2914} INFO - Setting next_dagrun for example_task_group to 2021-10-17T11:49:31.113591+00:00
[2021-10-18 17:19:31,123] {processor.py:171} INFO - Processing /home/user/workspace/airflow/airflow_env/lib/python3.6/site-packages/airflow/example_dags/example_task_group.py took 0.131 seconds
[2021-10-18 17:20:11,681] {processor.py:163} INFO - Started process (PID=23680) to work on /home/user/workspace/airflow/airflow_env/lib/python3.6/site-packages/airflow/example_dags/example_task_group.py
[2021-10-18 17:20:11,683] {processor.py:620} INFO - Processing file /home/user/workspace/airflow/airflow_env/lib/python3.6/site-packages/airflow/example_dags/example_task_group.py for tasks to queue
[2021-10-18 17:20:11,684] {logging_mixin.py:109} INFO - [2021-10-18 17:20:11,684] {dagbag.py:500} INFO - Filling up the DagBag from /home/user/workspace/airflow/airflow_env/lib/python3.6/site-packages/airflow/example_dags/example_task_group.py
[2021-10-18 17:20:11,740] {processor.py:632} INFO - DAG(s) dict_keys(['example_task_group']) retrieved from /home/user/workspace/airflow/airflow_env/lib/python3.6/site-packages/airflow/example_dags/example_task_group.py
[2021-10-18 17:20:11,763] {logging_mixin.py:109} INFO - [2021-10-18 17:20:11,763] {dag.py:2389} INFO - Sync 1 DAGs
[2021-10-18 17:20:11,793] {logging_mixin.py:109} INFO - [2021-10-18 17:20:11,793] {dag.py:2914} INFO - Setting next_dagrun for example_task_group to 2021-10-17T11:50:11.792559+00:00
[2021-10-18 17:20:11,805] {processor.py:171} INFO - Processing /home/user/workspace/airflow/airflow_env/lib/python3.6/site-packages/airflow/example_dags/example_task_group.py took 0.130 seconds
[2021-10-18 17:20:48,684] {processor.py:163} INFO - Started process (PID=23744) to work on /home/user/workspace/airflow/airflow_env/lib/python3.6/site-packages/airflow/example_dags/example_task_group.py
[2021-10-18 17:20:48,687] {processor.py:620} INFO - Processing file /home/user/workspace/airflow/airflow_env/lib/python3.6/site-packages/airflow/example_dags/example_task_group.py for tasks to queue
[2021-10-18 17:20:48,688] {logging_mixin.py:109} INFO - [2021-10-18 17:20:48,688] {dagbag.py:500} INFO - Filling up the DagBag from /home/user/workspace/airflow/airflow_env/lib/python3.6/site-packages/airflow/example_dags/example_task_group.py
[2021-10-18 17:20:48,742] {processor.py:632} INFO - DAG(s) dict_keys(['example_task_group']) retrieved from /home/user/workspace/airflow/airflow_env/lib/python3.6/site-packages/airflow/example_dags/example_task_group.py
[2021-10-18 17:20:48,766] {logging_mixin.py:109} INFO - [2021-10-18 17:20:48,766] {dag.py:2389} INFO - Sync 1 DAGs
[2021-10-18 17:20:48,794] {logging_mixin.py:109} INFO - [2021-10-18 17:20:48,794] {dag.py:2914} INFO - Setting next_dagrun for example_task_group to 2021-10-17T11:50:48.793955+00:00
[2021-10-18 17:20:48,805] {processor.py:171} INFO - Processing /home/user/workspace/airflow/airflow_env/lib/python3.6/site-packages/airflow/example_dags/example_task_group.py took 0.127 seconds
[2021-10-18 17:21:27,299] {processor.py:163} INFO - Started process (PID=23850) to work on /home/user/workspace/airflow/airflow_env/lib/python3.6/site-packages/airflow/example_dags/example_task_group.py
[2021-10-18 17:21:27,313] {processor.py:620} INFO - Processing file /home/user/workspace/airflow/airflow_env/lib/python3.6/site-packages/airflow/example_dags/example_task_group.py for tasks to queue
[2021-10-18 17:21:27,315] {logging_mixin.py:109} INFO - [2021-10-18 17:21:27,315] {dagbag.py:500} INFO - Filling up the DagBag from /home/user/workspace/airflow/airflow_env/lib/python3.6/site-packages/airflow/example_dags/example_task_group.py
[2021-10-18 17:21:27,409] {processor.py:632} INFO - DAG(s) dict_keys(['example_task_group']) retrieved from /home/user/workspace/airflow/airflow_env/lib/python3.6/site-packages/airflow/example_dags/example_task_group.py
[2021-10-18 17:21:27,457] {logging_mixin.py:109} INFO - [2021-10-18 17:21:27,456] {dag.py:2389} INFO - Sync 1 DAGs
[2021-10-18 17:21:27,513] {logging_mixin.py:109} INFO - [2021-10-18 17:21:27,513] {dag.py:2914} INFO - Setting next_dagrun for example_task_group to 2021-10-17T11:51:27.512082+00:00
[2021-10-18 17:21:27,535] {processor.py:171} INFO - Processing /home/user/workspace/airflow/airflow_env/lib/python3.6/site-packages/airflow/example_dags/example_task_group.py took 0.246 seconds
[2021-10-18 17:22:09,070] {processor.py:163} INFO - Started process (PID=24028) to work on /home/user/workspace/airflow/airflow_env/lib/python3.6/site-packages/airflow/example_dags/example_task_group.py
[2021-10-18 17:22:09,072] {processor.py:620} INFO - Processing file /home/user/workspace/airflow/airflow_env/lib/python3.6/site-packages/airflow/example_dags/example_task_group.py for tasks to queue
[2021-10-18 17:22:09,073] {logging_mixin.py:109} INFO - [2021-10-18 17:22:09,073] {dagbag.py:500} INFO - Filling up the DagBag from /home/user/workspace/airflow/airflow_env/lib/python3.6/site-packages/airflow/example_dags/example_task_group.py
[2021-10-18 17:22:09,121] {processor.py:632} INFO - DAG(s) dict_keys(['example_task_group']) retrieved from /home/user/workspace/airflow/airflow_env/lib/python3.6/site-packages/airflow/example_dags/example_task_group.py
[2021-10-18 17:22:09,145] {logging_mixin.py:109} INFO - [2021-10-18 17:22:09,145] {dag.py:2389} INFO - Sync 1 DAGs
[2021-10-18 17:22:09,174] {logging_mixin.py:109} INFO - [2021-10-18 17:22:09,174] {dag.py:2914} INFO - Setting next_dagrun for example_task_group to 2021-10-17T11:52:09.173471+00:00
[2021-10-18 17:22:09,192] {processor.py:171} INFO - Processing /home/user/workspace/airflow/airflow_env/lib/python3.6/site-packages/airflow/example_dags/example_task_group.py took 0.129 seconds
[2021-10-18 17:22:47,800] {processor.py:163} INFO - Started process (PID=24122) to work on /home/user/workspace/airflow/airflow_env/lib/python3.6/site-packages/airflow/example_dags/example_task_group.py
[2021-10-18 17:22:47,802] {processor.py:620} INFO - Processing file /home/user/workspace/airflow/airflow_env/lib/python3.6/site-packages/airflow/example_dags/example_task_group.py for tasks to queue
[2021-10-18 17:22:47,803] {logging_mixin.py:109} INFO - [2021-10-18 17:22:47,803] {dagbag.py:500} INFO - Filling up the DagBag from /home/user/workspace/airflow/airflow_env/lib/python3.6/site-packages/airflow/example_dags/example_task_group.py
[2021-10-18 17:22:47,847] {processor.py:632} INFO - DAG(s) dict_keys(['example_task_group']) retrieved from /home/user/workspace/airflow/airflow_env/lib/python3.6/site-packages/airflow/example_dags/example_task_group.py
[2021-10-18 17:22:47,866] {logging_mixin.py:109} INFO - [2021-10-18 17:22:47,866] {dag.py:2389} INFO - Sync 1 DAGs
[2021-10-18 17:22:47,889] {logging_mixin.py:109} INFO - [2021-10-18 17:22:47,889] {dag.py:2914} INFO - Setting next_dagrun for example_task_group to 2021-10-17T11:52:47.888927+00:00
[2021-10-18 17:22:47,904] {processor.py:171} INFO - Processing /home/user/workspace/airflow/airflow_env/lib/python3.6/site-packages/airflow/example_dags/example_task_group.py took 0.109 seconds
[2021-10-18 17:23:24,654] {processor.py:163} INFO - Started process (PID=24190) to work on /home/user/workspace/airflow/airflow_env/lib/python3.6/site-packages/airflow/example_dags/example_task_group.py
[2021-10-18 17:23:24,655] {processor.py:620} INFO - Processing file /home/user/workspace/airflow/airflow_env/lib/python3.6/site-packages/airflow/example_dags/example_task_group.py for tasks to queue
[2021-10-18 17:23:24,656] {logging_mixin.py:109} INFO - [2021-10-18 17:23:24,656] {dagbag.py:500} INFO - Filling up the DagBag from /home/user/workspace/airflow/airflow_env/lib/python3.6/site-packages/airflow/example_dags/example_task_group.py
[2021-10-18 17:23:24,684] {processor.py:632} INFO - DAG(s) dict_keys(['example_task_group']) retrieved from /home/user/workspace/airflow/airflow_env/lib/python3.6/site-packages/airflow/example_dags/example_task_group.py
[2021-10-18 17:23:24,704] {logging_mixin.py:109} INFO - [2021-10-18 17:23:24,704] {dag.py:2389} INFO - Sync 1 DAGs
[2021-10-18 17:23:24,727] {logging_mixin.py:109} INFO - [2021-10-18 17:23:24,727] {dag.py:2914} INFO - Setting next_dagrun for example_task_group to 2021-10-17T11:53:24.727122+00:00
[2021-10-18 17:23:24,742] {processor.py:171} INFO - Processing /home/user/workspace/airflow/airflow_env/lib/python3.6/site-packages/airflow/example_dags/example_task_group.py took 0.092 seconds
[2021-10-18 17:24:00,888] {processor.py:163} INFO - Started process (PID=24266) to work on /home/user/workspace/airflow/airflow_env/lib/python3.6/site-packages/airflow/example_dags/example_task_group.py
[2021-10-18 17:24:00,889] {processor.py:620} INFO - Processing file /home/user/workspace/airflow/airflow_env/lib/python3.6/site-packages/airflow/example_dags/example_task_group.py for tasks to queue
[2021-10-18 17:24:00,890] {logging_mixin.py:109} INFO - [2021-10-18 17:24:00,890] {dagbag.py:500} INFO - Filling up the DagBag from /home/user/workspace/airflow/airflow_env/lib/python3.6/site-packages/airflow/example_dags/example_task_group.py
[2021-10-18 17:24:00,923] {processor.py:632} INFO - DAG(s) dict_keys(['example_task_group']) retrieved from /home/user/workspace/airflow/airflow_env/lib/python3.6/site-packages/airflow/example_dags/example_task_group.py
[2021-10-18 17:24:00,937] {logging_mixin.py:109} INFO - [2021-10-18 17:24:00,937] {dag.py:2389} INFO - Sync 1 DAGs
[2021-10-18 17:24:00,949] {logging_mixin.py:109} INFO - [2021-10-18 17:24:00,949] {dag.py:2914} INFO - Setting next_dagrun for example_task_group to 2021-10-17T11:54:00.949093+00:00
[2021-10-18 17:24:00,960] {processor.py:171} INFO - Processing /home/user/workspace/airflow/airflow_env/lib/python3.6/site-packages/airflow/example_dags/example_task_group.py took 0.076 seconds
[2021-10-18 17:24:39,349] {processor.py:163} INFO - Started process (PID=24348) to work on /home/user/workspace/airflow/airflow_env/lib/python3.6/site-packages/airflow/example_dags/example_task_group.py
[2021-10-18 17:24:39,350] {processor.py:620} INFO - Processing file /home/user/workspace/airflow/airflow_env/lib/python3.6/site-packages/airflow/example_dags/example_task_group.py for tasks to queue
[2021-10-18 17:24:39,351] {logging_mixin.py:109} INFO - [2021-10-18 17:24:39,350] {dagbag.py:500} INFO - Filling up the DagBag from /home/user/workspace/airflow/airflow_env/lib/python3.6/site-packages/airflow/example_dags/example_task_group.py
[2021-10-18 17:24:39,377] {processor.py:632} INFO - DAG(s) dict_keys(['example_task_group']) retrieved from /home/user/workspace/airflow/airflow_env/lib/python3.6/site-packages/airflow/example_dags/example_task_group.py
[2021-10-18 17:24:39,392] {logging_mixin.py:109} INFO - [2021-10-18 17:24:39,392] {dag.py:2389} INFO - Sync 1 DAGs
[2021-10-18 17:24:39,410] {logging_mixin.py:109} INFO - [2021-10-18 17:24:39,410] {dag.py:2914} INFO - Setting next_dagrun for example_task_group to 2021-10-17T11:54:39.410124+00:00
[2021-10-18 17:24:39,422] {processor.py:171} INFO - Processing /home/user/workspace/airflow/airflow_env/lib/python3.6/site-packages/airflow/example_dags/example_task_group.py took 0.075 seconds
[2021-10-18 17:25:22,228] {processor.py:163} INFO - Started process (PID=24423) to work on /home/user/workspace/airflow/airflow_env/lib/python3.6/site-packages/airflow/example_dags/example_task_group.py
[2021-10-18 17:25:22,232] {processor.py:620} INFO - Processing file /home/user/workspace/airflow/airflow_env/lib/python3.6/site-packages/airflow/example_dags/example_task_group.py for tasks to queue
[2021-10-18 17:25:22,234] {logging_mixin.py:109} INFO - [2021-10-18 17:25:22,233] {dagbag.py:500} INFO - Filling up the DagBag from /home/user/workspace/airflow/airflow_env/lib/python3.6/site-packages/airflow/example_dags/example_task_group.py
[2021-10-18 17:25:22,330] {processor.py:632} INFO - DAG(s) dict_keys(['example_task_group']) retrieved from /home/user/workspace/airflow/airflow_env/lib/python3.6/site-packages/airflow/example_dags/example_task_group.py
[2021-10-18 17:25:22,370] {logging_mixin.py:109} INFO - [2021-10-18 17:25:22,370] {dag.py:2389} INFO - Sync 1 DAGs
[2021-10-18 17:25:22,418] {logging_mixin.py:109} INFO - [2021-10-18 17:25:22,417] {dag.py:2914} INFO - Setting next_dagrun for example_task_group to 2021-10-17T11:55:22.416857+00:00
[2021-10-18 17:25:22,455] {processor.py:171} INFO - Processing /home/user/workspace/airflow/airflow_env/lib/python3.6/site-packages/airflow/example_dags/example_task_group.py took 0.235 seconds
[2021-10-18 17:25:59,709] {processor.py:163} INFO - Started process (PID=24571) to work on /home/user/workspace/airflow/airflow_env/lib/python3.6/site-packages/airflow/example_dags/example_task_group.py
[2021-10-18 17:25:59,721] {processor.py:620} INFO - Processing file /home/user/workspace/airflow/airflow_env/lib/python3.6/site-packages/airflow/example_dags/example_task_group.py for tasks to queue
[2021-10-18 17:25:59,723] {logging_mixin.py:109} INFO - [2021-10-18 17:25:59,723] {dagbag.py:500} INFO - Filling up the DagBag from /home/user/workspace/airflow/airflow_env/lib/python3.6/site-packages/airflow/example_dags/example_task_group.py
[2021-10-18 17:25:59,790] {processor.py:632} INFO - DAG(s) dict_keys(['example_task_group']) retrieved from /home/user/workspace/airflow/airflow_env/lib/python3.6/site-packages/airflow/example_dags/example_task_group.py
[2021-10-18 17:25:59,813] {logging_mixin.py:109} INFO - [2021-10-18 17:25:59,813] {dag.py:2389} INFO - Sync 1 DAGs
[2021-10-18 17:25:59,840] {logging_mixin.py:109} INFO - [2021-10-18 17:25:59,840] {dag.py:2914} INFO - Setting next_dagrun for example_task_group to 2021-10-17T11:55:59.839497+00:00
[2021-10-18 17:25:59,856] {processor.py:171} INFO - Processing /home/user/workspace/airflow/airflow_env/lib/python3.6/site-packages/airflow/example_dags/example_task_group.py took 0.154 seconds
[2021-10-18 17:26:38,701] {processor.py:163} INFO - Started process (PID=24713) to work on /home/user/workspace/airflow/airflow_env/lib/python3.6/site-packages/airflow/example_dags/example_task_group.py
[2021-10-18 17:26:38,703] {processor.py:620} INFO - Processing file /home/user/workspace/airflow/airflow_env/lib/python3.6/site-packages/airflow/example_dags/example_task_group.py for tasks to queue
[2021-10-18 17:26:38,705] {logging_mixin.py:109} INFO - [2021-10-18 17:26:38,705] {dagbag.py:500} INFO - Filling up the DagBag from /home/user/workspace/airflow/airflow_env/lib/python3.6/site-packages/airflow/example_dags/example_task_group.py
[2021-10-18 17:26:38,747] {processor.py:632} INFO - DAG(s) dict_keys(['example_task_group']) retrieved from /home/user/workspace/airflow/airflow_env/lib/python3.6/site-packages/airflow/example_dags/example_task_group.py
[2021-10-18 17:26:38,766] {logging_mixin.py:109} INFO - [2021-10-18 17:26:38,766] {dag.py:2389} INFO - Sync 1 DAGs
[2021-10-18 17:26:38,790] {logging_mixin.py:109} INFO - [2021-10-18 17:26:38,790] {dag.py:2914} INFO - Setting next_dagrun for example_task_group to 2021-10-17T11:56:38.789560+00:00
[2021-10-18 17:26:38,804] {processor.py:171} INFO - Processing /home/user/workspace/airflow/airflow_env/lib/python3.6/site-packages/airflow/example_dags/example_task_group.py took 0.109 seconds
[2021-10-18 17:27:16,656] {processor.py:163} INFO - Started process (PID=24775) to work on /home/user/workspace/airflow/airflow_env/lib/python3.6/site-packages/airflow/example_dags/example_task_group.py
[2021-10-18 17:27:16,658] {processor.py:620} INFO - Processing file /home/user/workspace/airflow/airflow_env/lib/python3.6/site-packages/airflow/example_dags/example_task_group.py for tasks to queue
[2021-10-18 17:27:16,660] {logging_mixin.py:109} INFO - [2021-10-18 17:27:16,660] {dagbag.py:500} INFO - Filling up the DagBag from /home/user/workspace/airflow/airflow_env/lib/python3.6/site-packages/airflow/example_dags/example_task_group.py
[2021-10-18 17:27:16,708] {processor.py:632} INFO - DAG(s) dict_keys(['example_task_group']) retrieved from /home/user/workspace/airflow/airflow_env/lib/python3.6/site-packages/airflow/example_dags/example_task_group.py
[2021-10-18 17:27:16,731] {logging_mixin.py:109} INFO - [2021-10-18 17:27:16,731] {dag.py:2389} INFO - Sync 1 DAGs
[2021-10-18 17:27:16,757] {logging_mixin.py:109} INFO - [2021-10-18 17:27:16,757] {dag.py:2914} INFO - Setting next_dagrun for example_task_group to 2021-10-17T11:57:16.756900+00:00
[2021-10-18 17:27:16,768] {processor.py:171} INFO - Processing /home/user/workspace/airflow/airflow_env/lib/python3.6/site-packages/airflow/example_dags/example_task_group.py took 0.117 seconds
[2021-10-18 17:27:55,228] {processor.py:163} INFO - Started process (PID=24880) to work on /home/user/workspace/airflow/airflow_env/lib/python3.6/site-packages/airflow/example_dags/example_task_group.py
[2021-10-18 17:27:55,230] {processor.py:620} INFO - Processing file /home/user/workspace/airflow/airflow_env/lib/python3.6/site-packages/airflow/example_dags/example_task_group.py for tasks to queue
[2021-10-18 17:27:55,232] {logging_mixin.py:109} INFO - [2021-10-18 17:27:55,231] {dagbag.py:500} INFO - Filling up the DagBag from /home/user/workspace/airflow/airflow_env/lib/python3.6/site-packages/airflow/example_dags/example_task_group.py
[2021-10-18 17:27:55,276] {processor.py:632} INFO - DAG(s) dict_keys(['example_task_group']) retrieved from /home/user/workspace/airflow/airflow_env/lib/python3.6/site-packages/airflow/example_dags/example_task_group.py
[2021-10-18 17:27:55,297] {logging_mixin.py:109} INFO - [2021-10-18 17:27:55,297] {dag.py:2389} INFO - Sync 1 DAGs
[2021-10-18 17:27:55,321] {logging_mixin.py:109} INFO - [2021-10-18 17:27:55,321] {dag.py:2914} INFO - Setting next_dagrun for example_task_group to 2021-10-17T11:57:55.320708+00:00
[2021-10-18 17:27:55,336] {processor.py:171} INFO - Processing /home/user/workspace/airflow/airflow_env/lib/python3.6/site-packages/airflow/example_dags/example_task_group.py took 0.113 seconds
[2021-10-18 17:28:37,753] {processor.py:163} INFO - Started process (PID=25076) to work on /home/user/workspace/airflow/airflow_env/lib/python3.6/site-packages/airflow/example_dags/example_task_group.py
[2021-10-18 17:28:37,755] {processor.py:620} INFO - Processing file /home/user/workspace/airflow/airflow_env/lib/python3.6/site-packages/airflow/example_dags/example_task_group.py for tasks to queue
[2021-10-18 17:28:37,756] {logging_mixin.py:109} INFO - [2021-10-18 17:28:37,756] {dagbag.py:500} INFO - Filling up the DagBag from /home/user/workspace/airflow/airflow_env/lib/python3.6/site-packages/airflow/example_dags/example_task_group.py
[2021-10-18 17:28:37,808] {processor.py:632} INFO - DAG(s) dict_keys(['example_task_group']) retrieved from /home/user/workspace/airflow/airflow_env/lib/python3.6/site-packages/airflow/example_dags/example_task_group.py
[2021-10-18 17:28:37,842] {logging_mixin.py:109} INFO - [2021-10-18 17:28:37,842] {dag.py:2389} INFO - Sync 1 DAGs
[2021-10-18 17:28:37,880] {logging_mixin.py:109} INFO - [2021-10-18 17:28:37,880] {dag.py:2914} INFO - Setting next_dagrun for example_task_group to 2021-10-17T11:58:37.880316+00:00
[2021-10-18 17:28:37,900] {processor.py:171} INFO - Processing /home/user/workspace/airflow/airflow_env/lib/python3.6/site-packages/airflow/example_dags/example_task_group.py took 0.153 seconds
[2021-10-18 17:29:19,298] {processor.py:163} INFO - Started process (PID=25183) to work on /home/user/workspace/airflow/airflow_env/lib/python3.6/site-packages/airflow/example_dags/example_task_group.py
[2021-10-18 17:29:19,300] {processor.py:620} INFO - Processing file /home/user/workspace/airflow/airflow_env/lib/python3.6/site-packages/airflow/example_dags/example_task_group.py for tasks to queue
[2021-10-18 17:29:19,301] {logging_mixin.py:109} INFO - [2021-10-18 17:29:19,301] {dagbag.py:500} INFO - Filling up the DagBag from /home/user/workspace/airflow/airflow_env/lib/python3.6/site-packages/airflow/example_dags/example_task_group.py
[2021-10-18 17:29:19,353] {processor.py:632} INFO - DAG(s) dict_keys(['example_task_group']) retrieved from /home/user/workspace/airflow/airflow_env/lib/python3.6/site-packages/airflow/example_dags/example_task_group.py
[2021-10-18 17:29:19,374] {logging_mixin.py:109} INFO - [2021-10-18 17:29:19,374] {dag.py:2389} INFO - Sync 1 DAGs
[2021-10-18 17:29:19,389] {logging_mixin.py:109} INFO - [2021-10-18 17:29:19,389] {dag.py:2914} INFO - Setting next_dagrun for example_task_group to 2021-10-17T11:59:19.388753+00:00
[2021-10-18 17:29:19,399] {processor.py:171} INFO - Processing /home/user/workspace/airflow/airflow_env/lib/python3.6/site-packages/airflow/example_dags/example_task_group.py took 0.107 seconds
[2021-10-18 17:29:59,950] {processor.py:163} INFO - Started process (PID=25273) to work on /home/user/workspace/airflow/airflow_env/lib/python3.6/site-packages/airflow/example_dags/example_task_group.py
[2021-10-18 17:29:59,962] {processor.py:620} INFO - Processing file /home/user/workspace/airflow/airflow_env/lib/python3.6/site-packages/airflow/example_dags/example_task_group.py for tasks to queue
[2021-10-18 17:29:59,964] {logging_mixin.py:109} INFO - [2021-10-18 17:29:59,963] {dagbag.py:500} INFO - Filling up the DagBag from /home/user/workspace/airflow/airflow_env/lib/python3.6/site-packages/airflow/example_dags/example_task_group.py
[2021-10-18 17:30:00,017] {processor.py:632} INFO - DAG(s) dict_keys(['example_task_group']) retrieved from /home/user/workspace/airflow/airflow_env/lib/python3.6/site-packages/airflow/example_dags/example_task_group.py
[2021-10-18 17:30:00,043] {logging_mixin.py:109} INFO - [2021-10-18 17:30:00,042] {dag.py:2389} INFO - Sync 1 DAGs
[2021-10-18 17:30:00,074] {logging_mixin.py:109} INFO - [2021-10-18 17:30:00,074] {dag.py:2914} INFO - Setting next_dagrun for example_task_group to 2021-10-17T12:00:00.073682+00:00
[2021-10-18 17:30:00,089] {processor.py:171} INFO - Processing /home/user/workspace/airflow/airflow_env/lib/python3.6/site-packages/airflow/example_dags/example_task_group.py took 0.145 seconds
[2021-10-18 17:30:39,060] {processor.py:163} INFO - Started process (PID=25409) to work on /home/user/workspace/airflow/airflow_env/lib/python3.6/site-packages/airflow/example_dags/example_task_group.py
[2021-10-18 17:30:39,063] {processor.py:620} INFO - Processing file /home/user/workspace/airflow/airflow_env/lib/python3.6/site-packages/airflow/example_dags/example_task_group.py for tasks to queue
[2021-10-18 17:30:39,064] {logging_mixin.py:109} INFO - [2021-10-18 17:30:39,064] {dagbag.py:500} INFO - Filling up the DagBag from /home/user/workspace/airflow/airflow_env/lib/python3.6/site-packages/airflow/example_dags/example_task_group.py
[2021-10-18 17:30:39,119] {processor.py:632} INFO - DAG(s) dict_keys(['example_task_group']) retrieved from /home/user/workspace/airflow/airflow_env/lib/python3.6/site-packages/airflow/example_dags/example_task_group.py
[2021-10-18 17:30:39,147] {logging_mixin.py:109} INFO - [2021-10-18 17:30:39,146] {dag.py:2389} INFO - Sync 1 DAGs
[2021-10-18 17:30:39,169] {logging_mixin.py:109} INFO - [2021-10-18 17:30:39,169] {dag.py:2914} INFO - Setting next_dagrun for example_task_group to 2021-10-17T12:00:39.169271+00:00
[2021-10-18 17:30:39,181] {processor.py:171} INFO - Processing /home/user/workspace/airflow/airflow_env/lib/python3.6/site-packages/airflow/example_dags/example_task_group.py took 0.127 seconds
[2021-10-18 17:31:20,676] {processor.py:163} INFO - Started process (PID=25542) to work on /home/user/workspace/airflow/airflow_env/lib/python3.6/site-packages/airflow/example_dags/example_task_group.py
[2021-10-18 17:31:20,678] {processor.py:620} INFO - Processing file /home/user/workspace/airflow/airflow_env/lib/python3.6/site-packages/airflow/example_dags/example_task_group.py for tasks to queue
[2021-10-18 17:31:20,679] {logging_mixin.py:109} INFO - [2021-10-18 17:31:20,679] {dagbag.py:500} INFO - Filling up the DagBag from /home/user/workspace/airflow/airflow_env/lib/python3.6/site-packages/airflow/example_dags/example_task_group.py
[2021-10-18 17:31:20,730] {processor.py:632} INFO - DAG(s) dict_keys(['example_task_group']) retrieved from /home/user/workspace/airflow/airflow_env/lib/python3.6/site-packages/airflow/example_dags/example_task_group.py
[2021-10-18 17:31:20,743] {logging_mixin.py:109} INFO - [2021-10-18 17:31:20,743] {dag.py:2389} INFO - Sync 1 DAGs
[2021-10-18 17:31:20,758] {logging_mixin.py:109} INFO - [2021-10-18 17:31:20,758] {dag.py:2914} INFO - Setting next_dagrun for example_task_group to 2021-10-17T12:01:20.758534+00:00
[2021-10-18 17:31:20,768] {processor.py:171} INFO - Processing /home/user/workspace/airflow/airflow_env/lib/python3.6/site-packages/airflow/example_dags/example_task_group.py took 0.099 seconds
[2021-10-18 17:32:01,811] {processor.py:163} INFO - Started process (PID=25650) to work on /home/user/workspace/airflow/airflow_env/lib/python3.6/site-packages/airflow/example_dags/example_task_group.py
[2021-10-18 17:32:01,816] {processor.py:620} INFO - Processing file /home/user/workspace/airflow/airflow_env/lib/python3.6/site-packages/airflow/example_dags/example_task_group.py for tasks to queue
[2021-10-18 17:32:01,822] {logging_mixin.py:109} INFO - [2021-10-18 17:32:01,821] {dagbag.py:500} INFO - Filling up the DagBag from /home/user/workspace/airflow/airflow_env/lib/python3.6/site-packages/airflow/example_dags/example_task_group.py
[2021-10-18 17:32:01,914] {processor.py:632} INFO - DAG(s) dict_keys(['example_task_group']) retrieved from /home/user/workspace/airflow/airflow_env/lib/python3.6/site-packages/airflow/example_dags/example_task_group.py
[2021-10-18 17:32:01,946] {logging_mixin.py:109} INFO - [2021-10-18 17:32:01,946] {dag.py:2389} INFO - Sync 1 DAGs
[2021-10-18 17:32:01,971] {logging_mixin.py:109} INFO - [2021-10-18 17:32:01,970] {dag.py:2914} INFO - Setting next_dagrun for example_task_group to 2021-10-17T12:02:01.970296+00:00
[2021-10-18 17:32:01,986] {processor.py:171} INFO - Processing /home/user/workspace/airflow/airflow_env/lib/python3.6/site-packages/airflow/example_dags/example_task_group.py took 0.192 seconds
[2021-10-18 17:32:45,975] {processor.py:163} INFO - Started process (PID=25804) to work on /home/user/workspace/airflow/airflow_env/lib/python3.6/site-packages/airflow/example_dags/example_task_group.py
[2021-10-18 17:32:45,977] {processor.py:620} INFO - Processing file /home/user/workspace/airflow/airflow_env/lib/python3.6/site-packages/airflow/example_dags/example_task_group.py for tasks to queue
[2021-10-18 17:32:45,979] {logging_mixin.py:109} INFO - [2021-10-18 17:32:45,978] {dagbag.py:500} INFO - Filling up the DagBag from /home/user/workspace/airflow/airflow_env/lib/python3.6/site-packages/airflow/example_dags/example_task_group.py
[2021-10-18 17:32:46,027] {processor.py:632} INFO - DAG(s) dict_keys(['example_task_group']) retrieved from /home/user/workspace/airflow/airflow_env/lib/python3.6/site-packages/airflow/example_dags/example_task_group.py
[2021-10-18 17:32:46,051] {logging_mixin.py:109} INFO - [2021-10-18 17:32:46,051] {dag.py:2389} INFO - Sync 1 DAGs
[2021-10-18 17:32:46,082] {logging_mixin.py:109} INFO - [2021-10-18 17:32:46,081] {dag.py:2914} INFO - Setting next_dagrun for example_task_group to 2021-10-17T12:02:46.081296+00:00
[2021-10-18 17:32:46,095] {processor.py:171} INFO - Processing /home/user/workspace/airflow/airflow_env/lib/python3.6/site-packages/airflow/example_dags/example_task_group.py took 0.126 seconds
[2021-10-18 17:33:27,039] {processor.py:163} INFO - Started process (PID=25883) to work on /home/user/workspace/airflow/airflow_env/lib/python3.6/site-packages/airflow/example_dags/example_task_group.py
[2021-10-18 17:33:27,042] {processor.py:620} INFO - Processing file /home/user/workspace/airflow/airflow_env/lib/python3.6/site-packages/airflow/example_dags/example_task_group.py for tasks to queue
[2021-10-18 17:33:27,043] {logging_mixin.py:109} INFO - [2021-10-18 17:33:27,043] {dagbag.py:500} INFO - Filling up the DagBag from /home/user/workspace/airflow/airflow_env/lib/python3.6/site-packages/airflow/example_dags/example_task_group.py
[2021-10-18 17:33:27,101] {processor.py:632} INFO - DAG(s) dict_keys(['example_task_group']) retrieved from /home/user/workspace/airflow/airflow_env/lib/python3.6/site-packages/airflow/example_dags/example_task_group.py
[2021-10-18 17:33:27,131] {logging_mixin.py:109} INFO - [2021-10-18 17:33:27,130] {dag.py:2389} INFO - Sync 1 DAGs
[2021-10-18 17:33:27,155] {logging_mixin.py:109} INFO - [2021-10-18 17:33:27,155] {dag.py:2914} INFO - Setting next_dagrun for example_task_group to 2021-10-17T12:03:27.154722+00:00
[2021-10-18 17:33:27,165] {processor.py:171} INFO - Processing /home/user/workspace/airflow/airflow_env/lib/python3.6/site-packages/airflow/example_dags/example_task_group.py took 0.133 seconds
[2021-10-18 17:34:04,172] {processor.py:163} INFO - Started process (PID=25959) to work on /home/user/workspace/airflow/airflow_env/lib/python3.6/site-packages/airflow/example_dags/example_task_group.py
[2021-10-18 17:34:04,184] {processor.py:620} INFO - Processing file /home/user/workspace/airflow/airflow_env/lib/python3.6/site-packages/airflow/example_dags/example_task_group.py for tasks to queue
[2021-10-18 17:34:04,186] {logging_mixin.py:109} INFO - [2021-10-18 17:34:04,185] {dagbag.py:500} INFO - Filling up the DagBag from /home/user/workspace/airflow/airflow_env/lib/python3.6/site-packages/airflow/example_dags/example_task_group.py
[2021-10-18 17:34:04,231] {processor.py:632} INFO - DAG(s) dict_keys(['example_task_group']) retrieved from /home/user/workspace/airflow/airflow_env/lib/python3.6/site-packages/airflow/example_dags/example_task_group.py
[2021-10-18 17:34:04,251] {logging_mixin.py:109} INFO - [2021-10-18 17:34:04,251] {dag.py:2389} INFO - Sync 1 DAGs
[2021-10-18 17:34:04,274] {logging_mixin.py:109} INFO - [2021-10-18 17:34:04,274] {dag.py:2914} INFO - Setting next_dagrun for example_task_group to 2021-10-17T12:04:04.274262+00:00
[2021-10-18 17:34:04,290] {processor.py:171} INFO - Processing /home/user/workspace/airflow/airflow_env/lib/python3.6/site-packages/airflow/example_dags/example_task_group.py took 0.123 seconds
[2021-10-18 17:34:42,456] {processor.py:163} INFO - Started process (PID=26025) to work on /home/user/workspace/airflow/airflow_env/lib/python3.6/site-packages/airflow/example_dags/example_task_group.py
[2021-10-18 17:34:42,458] {processor.py:620} INFO - Processing file /home/user/workspace/airflow/airflow_env/lib/python3.6/site-packages/airflow/example_dags/example_task_group.py for tasks to queue
[2021-10-18 17:34:42,460] {logging_mixin.py:109} INFO - [2021-10-18 17:34:42,460] {dagbag.py:500} INFO - Filling up the DagBag from /home/user/workspace/airflow/airflow_env/lib/python3.6/site-packages/airflow/example_dags/example_task_group.py
[2021-10-18 17:34:42,518] {processor.py:632} INFO - DAG(s) dict_keys(['example_task_group']) retrieved from /home/user/workspace/airflow/airflow_env/lib/python3.6/site-packages/airflow/example_dags/example_task_group.py
[2021-10-18 17:34:42,547] {logging_mixin.py:109} INFO - [2021-10-18 17:34:42,547] {dag.py:2389} INFO - Sync 1 DAGs
[2021-10-18 17:34:42,569] {logging_mixin.py:109} INFO - [2021-10-18 17:34:42,568] {dag.py:2914} INFO - Setting next_dagrun for example_task_group to 2021-10-17T12:04:42.568557+00:00
[2021-10-18 17:34:42,579] {processor.py:171} INFO - Processing /home/user/workspace/airflow/airflow_env/lib/python3.6/site-packages/airflow/example_dags/example_task_group.py took 0.130 seconds
[2021-10-18 17:35:22,429] {processor.py:163} INFO - Started process (PID=26113) to work on /home/user/workspace/airflow/airflow_env/lib/python3.6/site-packages/airflow/example_dags/example_task_group.py
[2021-10-18 17:35:22,431] {processor.py:620} INFO - Processing file /home/user/workspace/airflow/airflow_env/lib/python3.6/site-packages/airflow/example_dags/example_task_group.py for tasks to queue
[2021-10-18 17:35:22,433] {logging_mixin.py:109} INFO - [2021-10-18 17:35:22,432] {dagbag.py:500} INFO - Filling up the DagBag from /home/user/workspace/airflow/airflow_env/lib/python3.6/site-packages/airflow/example_dags/example_task_group.py
[2021-10-18 17:35:22,500] {processor.py:632} INFO - DAG(s) dict_keys(['example_task_group']) retrieved from /home/user/workspace/airflow/airflow_env/lib/python3.6/site-packages/airflow/example_dags/example_task_group.py
[2021-10-18 17:35:22,527] {logging_mixin.py:109} INFO - [2021-10-18 17:35:22,527] {dag.py:2389} INFO - Sync 1 DAGs
[2021-10-18 17:35:22,545] {logging_mixin.py:109} INFO - [2021-10-18 17:35:22,545] {dag.py:2914} INFO - Setting next_dagrun for example_task_group to 2021-10-17T12:05:22.545358+00:00
[2021-10-18 17:35:22,555] {processor.py:171} INFO - Processing /home/user/workspace/airflow/airflow_env/lib/python3.6/site-packages/airflow/example_dags/example_task_group.py took 0.134 seconds
[2021-10-18 17:36:01,808] {processor.py:163} INFO - Started process (PID=26275) to work on /home/user/workspace/airflow/airflow_env/lib/python3.6/site-packages/airflow/example_dags/example_task_group.py
[2021-10-18 17:36:01,811] {processor.py:620} INFO - Processing file /home/user/workspace/airflow/airflow_env/lib/python3.6/site-packages/airflow/example_dags/example_task_group.py for tasks to queue
[2021-10-18 17:36:01,813] {logging_mixin.py:109} INFO - [2021-10-18 17:36:01,813] {dagbag.py:500} INFO - Filling up the DagBag from /home/user/workspace/airflow/airflow_env/lib/python3.6/site-packages/airflow/example_dags/example_task_group.py
[2021-10-18 17:36:01,891] {processor.py:632} INFO - DAG(s) dict_keys(['example_task_group']) retrieved from /home/user/workspace/airflow/airflow_env/lib/python3.6/site-packages/airflow/example_dags/example_task_group.py
[2021-10-18 17:36:01,929] {logging_mixin.py:109} INFO - [2021-10-18 17:36:01,928] {dag.py:2389} INFO - Sync 1 DAGs
[2021-10-18 17:36:01,971] {logging_mixin.py:109} INFO - [2021-10-18 17:36:01,971] {dag.py:2914} INFO - Setting next_dagrun for example_task_group to 2021-10-17T12:06:01.970633+00:00
[2021-10-18 17:36:01,985] {processor.py:171} INFO - Processing /home/user/workspace/airflow/airflow_env/lib/python3.6/site-packages/airflow/example_dags/example_task_group.py took 0.187 seconds
[2021-10-18 17:36:41,639] {processor.py:163} INFO - Started process (PID=26355) to work on /home/user/workspace/airflow/airflow_env/lib/python3.6/site-packages/airflow/example_dags/example_task_group.py
[2021-10-18 17:36:41,641] {processor.py:620} INFO - Processing file /home/user/workspace/airflow/airflow_env/lib/python3.6/site-packages/airflow/example_dags/example_task_group.py for tasks to queue
[2021-10-18 17:36:41,643] {logging_mixin.py:109} INFO - [2021-10-18 17:36:41,643] {dagbag.py:500} INFO - Filling up the DagBag from /home/user/workspace/airflow/airflow_env/lib/python3.6/site-packages/airflow/example_dags/example_task_group.py
[2021-10-18 17:36:41,702] {processor.py:632} INFO - DAG(s) dict_keys(['example_task_group']) retrieved from /home/user/workspace/airflow/airflow_env/lib/python3.6/site-packages/airflow/example_dags/example_task_group.py
[2021-10-18 17:36:41,731] {logging_mixin.py:109} INFO - [2021-10-18 17:36:41,731] {dag.py:2389} INFO - Sync 1 DAGs
[2021-10-18 17:36:41,756] {logging_mixin.py:109} INFO - [2021-10-18 17:36:41,756] {dag.py:2914} INFO - Setting next_dagrun for example_task_group to 2021-10-17T12:06:41.755780+00:00
[2021-10-18 17:36:41,766] {processor.py:171} INFO - Processing /home/user/workspace/airflow/airflow_env/lib/python3.6/site-packages/airflow/example_dags/example_task_group.py took 0.135 seconds
[2021-10-18 17:37:22,634] {processor.py:163} INFO - Started process (PID=26443) to work on /home/user/workspace/airflow/airflow_env/lib/python3.6/site-packages/airflow/example_dags/example_task_group.py
[2021-10-18 17:37:22,637] {processor.py:620} INFO - Processing file /home/user/workspace/airflow/airflow_env/lib/python3.6/site-packages/airflow/example_dags/example_task_group.py for tasks to queue
[2021-10-18 17:37:22,638] {logging_mixin.py:109} INFO - [2021-10-18 17:37:22,638] {dagbag.py:500} INFO - Filling up the DagBag from /home/user/workspace/airflow/airflow_env/lib/python3.6/site-packages/airflow/example_dags/example_task_group.py
[2021-10-18 17:37:22,699] {processor.py:632} INFO - DAG(s) dict_keys(['example_task_group']) retrieved from /home/user/workspace/airflow/airflow_env/lib/python3.6/site-packages/airflow/example_dags/example_task_group.py
[2021-10-18 17:37:22,733] {logging_mixin.py:109} INFO - [2021-10-18 17:37:22,733] {dag.py:2389} INFO - Sync 1 DAGs
[2021-10-18 17:37:22,755] {logging_mixin.py:109} INFO - [2021-10-18 17:37:22,755] {dag.py:2914} INFO - Setting next_dagrun for example_task_group to 2021-10-17T12:07:22.755378+00:00
[2021-10-18 17:37:22,765] {processor.py:171} INFO - Processing /home/user/workspace/airflow/airflow_env/lib/python3.6/site-packages/airflow/example_dags/example_task_group.py took 0.137 seconds
[2021-10-18 17:38:02,629] {processor.py:163} INFO - Started process (PID=26550) to work on /home/user/workspace/airflow/airflow_env/lib/python3.6/site-packages/airflow/example_dags/example_task_group.py
[2021-10-18 17:38:02,642] {processor.py:620} INFO - Processing file /home/user/workspace/airflow/airflow_env/lib/python3.6/site-packages/airflow/example_dags/example_task_group.py for tasks to queue
[2021-10-18 17:38:02,644] {logging_mixin.py:109} INFO - [2021-10-18 17:38:02,644] {dagbag.py:500} INFO - Filling up the DagBag from /home/user/workspace/airflow/airflow_env/lib/python3.6/site-packages/airflow/example_dags/example_task_group.py
[2021-10-18 17:38:02,713] {processor.py:632} INFO - DAG(s) dict_keys(['example_task_group']) retrieved from /home/user/workspace/airflow/airflow_env/lib/python3.6/site-packages/airflow/example_dags/example_task_group.py
[2021-10-18 17:38:02,744] {logging_mixin.py:109} INFO - [2021-10-18 17:38:02,743] {dag.py:2389} INFO - Sync 1 DAGs
[2021-10-18 17:38:02,780] {logging_mixin.py:109} INFO - [2021-10-18 17:38:02,780] {dag.py:2914} INFO - Setting next_dagrun for example_task_group to 2021-10-17T12:08:02.779858+00:00
[2021-10-18 17:38:02,805] {processor.py:171} INFO - Processing /home/user/workspace/airflow/airflow_env/lib/python3.6/site-packages/airflow/example_dags/example_task_group.py took 0.185 seconds
[2021-10-18 17:38:45,402] {processor.py:163} INFO - Started process (PID=26614) to work on /home/user/workspace/airflow/airflow_env/lib/python3.6/site-packages/airflow/example_dags/example_task_group.py
[2021-10-18 17:38:45,404] {processor.py:620} INFO - Processing file /home/user/workspace/airflow/airflow_env/lib/python3.6/site-packages/airflow/example_dags/example_task_group.py for tasks to queue
[2021-10-18 17:38:45,406] {logging_mixin.py:109} INFO - [2021-10-18 17:38:45,405] {dagbag.py:500} INFO - Filling up the DagBag from /home/user/workspace/airflow/airflow_env/lib/python3.6/site-packages/airflow/example_dags/example_task_group.py
[2021-10-18 17:38:45,479] {processor.py:632} INFO - DAG(s) dict_keys(['example_task_group']) retrieved from /home/user/workspace/airflow/airflow_env/lib/python3.6/site-packages/airflow/example_dags/example_task_group.py
[2021-10-18 17:38:45,515] {logging_mixin.py:109} INFO - [2021-10-18 17:38:45,515] {dag.py:2389} INFO - Sync 1 DAGs
[2021-10-18 17:38:45,552] {logging_mixin.py:109} INFO - [2021-10-18 17:38:45,552] {dag.py:2914} INFO - Setting next_dagrun for example_task_group to 2021-10-17T12:08:45.551955+00:00
[2021-10-18 17:38:45,568] {processor.py:171} INFO - Processing /home/user/workspace/airflow/airflow_env/lib/python3.6/site-packages/airflow/example_dags/example_task_group.py took 0.174 seconds
[2021-10-18 17:39:28,074] {processor.py:163} INFO - Started process (PID=26708) to work on /home/user/workspace/airflow/airflow_env/lib/python3.6/site-packages/airflow/example_dags/example_task_group.py
[2021-10-18 17:39:28,076] {processor.py:620} INFO - Processing file /home/user/workspace/airflow/airflow_env/lib/python3.6/site-packages/airflow/example_dags/example_task_group.py for tasks to queue
[2021-10-18 17:39:28,077] {logging_mixin.py:109} INFO - [2021-10-18 17:39:28,077] {dagbag.py:500} INFO - Filling up the DagBag from /home/user/workspace/airflow/airflow_env/lib/python3.6/site-packages/airflow/example_dags/example_task_group.py
[2021-10-18 17:39:28,132] {processor.py:632} INFO - DAG(s) dict_keys(['example_task_group']) retrieved from /home/user/workspace/airflow/airflow_env/lib/python3.6/site-packages/airflow/example_dags/example_task_group.py
[2021-10-18 17:39:28,164] {logging_mixin.py:109} INFO - [2021-10-18 17:39:28,163] {dag.py:2389} INFO - Sync 1 DAGs
[2021-10-18 17:39:28,206] {logging_mixin.py:109} INFO - [2021-10-18 17:39:28,205] {dag.py:2914} INFO - Setting next_dagrun for example_task_group to 2021-10-17T12:09:28.204855+00:00
[2021-10-18 17:39:28,228] {processor.py:171} INFO - Processing /home/user/workspace/airflow/airflow_env/lib/python3.6/site-packages/airflow/example_dags/example_task_group.py took 0.159 seconds
[2021-10-18 17:40:13,343] {processor.py:163} INFO - Started process (PID=26913) to work on /home/user/workspace/airflow/airflow_env/lib/python3.6/site-packages/airflow/example_dags/example_task_group.py
[2021-10-18 17:40:13,345] {processor.py:620} INFO - Processing file /home/user/workspace/airflow/airflow_env/lib/python3.6/site-packages/airflow/example_dags/example_task_group.py for tasks to queue
[2021-10-18 17:40:13,347] {logging_mixin.py:109} INFO - [2021-10-18 17:40:13,347] {dagbag.py:500} INFO - Filling up the DagBag from /home/user/workspace/airflow/airflow_env/lib/python3.6/site-packages/airflow/example_dags/example_task_group.py
[2021-10-18 17:40:13,382] {processor.py:632} INFO - DAG(s) dict_keys(['example_task_group']) retrieved from /home/user/workspace/airflow/airflow_env/lib/python3.6/site-packages/airflow/example_dags/example_task_group.py
[2021-10-18 17:40:13,402] {logging_mixin.py:109} INFO - [2021-10-18 17:40:13,401] {dag.py:2389} INFO - Sync 1 DAGs
[2021-10-18 17:40:13,432] {logging_mixin.py:109} INFO - [2021-10-18 17:40:13,432] {dag.py:2914} INFO - Setting next_dagrun for example_task_group to 2021-10-17T12:10:13.432166+00:00
[2021-10-18 17:40:13,451] {processor.py:171} INFO - Processing /home/user/workspace/airflow/airflow_env/lib/python3.6/site-packages/airflow/example_dags/example_task_group.py took 0.113 seconds
[2021-10-18 17:40:54,839] {processor.py:163} INFO - Started process (PID=26997) to work on /home/user/workspace/airflow/airflow_env/lib/python3.6/site-packages/airflow/example_dags/example_task_group.py
[2021-10-18 17:40:54,841] {processor.py:620} INFO - Processing file /home/user/workspace/airflow/airflow_env/lib/python3.6/site-packages/airflow/example_dags/example_task_group.py for tasks to queue
[2021-10-18 17:40:54,842] {logging_mixin.py:109} INFO - [2021-10-18 17:40:54,842] {dagbag.py:500} INFO - Filling up the DagBag from /home/user/workspace/airflow/airflow_env/lib/python3.6/site-packages/airflow/example_dags/example_task_group.py
[2021-10-18 17:40:54,889] {processor.py:632} INFO - DAG(s) dict_keys(['example_task_group']) retrieved from /home/user/workspace/airflow/airflow_env/lib/python3.6/site-packages/airflow/example_dags/example_task_group.py
[2021-10-18 17:40:54,911] {logging_mixin.py:109} INFO - [2021-10-18 17:40:54,911] {dag.py:2389} INFO - Sync 1 DAGs
[2021-10-18 17:40:54,937] {logging_mixin.py:109} INFO - [2021-10-18 17:40:54,937] {dag.py:2914} INFO - Setting next_dagrun for example_task_group to 2021-10-17T12:10:54.936836+00:00
[2021-10-18 17:40:54,952] {processor.py:171} INFO - Processing /home/user/workspace/airflow/airflow_env/lib/python3.6/site-packages/airflow/example_dags/example_task_group.py took 0.119 seconds
[2021-10-18 17:41:32,504] {processor.py:163} INFO - Started process (PID=27054) to work on /home/user/workspace/airflow/airflow_env/lib/python3.6/site-packages/airflow/example_dags/example_task_group.py
[2021-10-18 17:41:32,506] {processor.py:620} INFO - Processing file /home/user/workspace/airflow/airflow_env/lib/python3.6/site-packages/airflow/example_dags/example_task_group.py for tasks to queue
[2021-10-18 17:41:32,508] {logging_mixin.py:109} INFO - [2021-10-18 17:41:32,508] {dagbag.py:500} INFO - Filling up the DagBag from /home/user/workspace/airflow/airflow_env/lib/python3.6/site-packages/airflow/example_dags/example_task_group.py
[2021-10-18 17:41:32,560] {processor.py:632} INFO - DAG(s) dict_keys(['example_task_group']) retrieved from /home/user/workspace/airflow/airflow_env/lib/python3.6/site-packages/airflow/example_dags/example_task_group.py
[2021-10-18 17:41:32,584] {logging_mixin.py:109} INFO - [2021-10-18 17:41:32,583] {dag.py:2389} INFO - Sync 1 DAGs
[2021-10-18 17:41:32,612] {logging_mixin.py:109} INFO - [2021-10-18 17:41:32,611] {dag.py:2914} INFO - Setting next_dagrun for example_task_group to 2021-10-17T12:11:32.611484+00:00
[2021-10-18 17:41:32,623] {processor.py:171} INFO - Processing /home/user/workspace/airflow/airflow_env/lib/python3.6/site-packages/airflow/example_dags/example_task_group.py took 0.125 seconds
[2021-10-18 17:42:12,454] {processor.py:163} INFO - Started process (PID=27119) to work on /home/user/workspace/airflow/airflow_env/lib/python3.6/site-packages/airflow/example_dags/example_task_group.py
[2021-10-18 17:42:12,466] {processor.py:620} INFO - Processing file /home/user/workspace/airflow/airflow_env/lib/python3.6/site-packages/airflow/example_dags/example_task_group.py for tasks to queue
[2021-10-18 17:42:12,467] {logging_mixin.py:109} INFO - [2021-10-18 17:42:12,467] {dagbag.py:500} INFO - Filling up the DagBag from /home/user/workspace/airflow/airflow_env/lib/python3.6/site-packages/airflow/example_dags/example_task_group.py
[2021-10-18 17:42:12,515] {processor.py:632} INFO - DAG(s) dict_keys(['example_task_group']) retrieved from /home/user/workspace/airflow/airflow_env/lib/python3.6/site-packages/airflow/example_dags/example_task_group.py
[2021-10-18 17:42:12,540] {logging_mixin.py:109} INFO - [2021-10-18 17:42:12,540] {dag.py:2389} INFO - Sync 1 DAGs
[2021-10-18 17:42:12,569] {logging_mixin.py:109} INFO - [2021-10-18 17:42:12,569] {dag.py:2914} INFO - Setting next_dagrun for example_task_group to 2021-10-17T12:12:12.568670+00:00
[2021-10-18 17:42:12,585] {processor.py:171} INFO - Processing /home/user/workspace/airflow/airflow_env/lib/python3.6/site-packages/airflow/example_dags/example_task_group.py took 0.137 seconds
[2021-10-18 17:42:52,356] {processor.py:163} INFO - Started process (PID=27267) to work on /home/user/workspace/airflow/airflow_env/lib/python3.6/site-packages/airflow/example_dags/example_task_group.py
[2021-10-18 17:42:52,359] {processor.py:620} INFO - Processing file /home/user/workspace/airflow/airflow_env/lib/python3.6/site-packages/airflow/example_dags/example_task_group.py for tasks to queue
[2021-10-18 17:42:52,360] {logging_mixin.py:109} INFO - [2021-10-18 17:42:52,360] {dagbag.py:500} INFO - Filling up the DagBag from /home/user/workspace/airflow/airflow_env/lib/python3.6/site-packages/airflow/example_dags/example_task_group.py
[2021-10-18 17:42:52,413] {processor.py:632} INFO - DAG(s) dict_keys(['example_task_group']) retrieved from /home/user/workspace/airflow/airflow_env/lib/python3.6/site-packages/airflow/example_dags/example_task_group.py
[2021-10-18 17:42:52,438] {logging_mixin.py:109} INFO - [2021-10-18 17:42:52,438] {dag.py:2389} INFO - Sync 1 DAGs
[2021-10-18 17:42:52,458] {logging_mixin.py:109} INFO - [2021-10-18 17:42:52,457] {dag.py:2914} INFO - Setting next_dagrun for example_task_group to 2021-10-17T12:12:52.457501+00:00
[2021-10-18 17:42:52,467] {processor.py:171} INFO - Processing /home/user/workspace/airflow/airflow_env/lib/python3.6/site-packages/airflow/example_dags/example_task_group.py took 0.117 seconds
[2021-10-18 17:43:31,451] {processor.py:163} INFO - Started process (PID=27333) to work on /home/user/workspace/airflow/airflow_env/lib/python3.6/site-packages/airflow/example_dags/example_task_group.py
[2021-10-18 17:43:31,454] {processor.py:620} INFO - Processing file /home/user/workspace/airflow/airflow_env/lib/python3.6/site-packages/airflow/example_dags/example_task_group.py for tasks to queue
[2021-10-18 17:43:31,455] {logging_mixin.py:109} INFO - [2021-10-18 17:43:31,455] {dagbag.py:500} INFO - Filling up the DagBag from /home/user/workspace/airflow/airflow_env/lib/python3.6/site-packages/airflow/example_dags/example_task_group.py
[2021-10-18 17:43:31,503] {processor.py:632} INFO - DAG(s) dict_keys(['example_task_group']) retrieved from /home/user/workspace/airflow/airflow_env/lib/python3.6/site-packages/airflow/example_dags/example_task_group.py
[2021-10-18 17:43:31,526] {logging_mixin.py:109} INFO - [2021-10-18 17:43:31,526] {dag.py:2389} INFO - Sync 1 DAGs
[2021-10-18 17:43:31,552] {logging_mixin.py:109} INFO - [2021-10-18 17:43:31,552] {dag.py:2914} INFO - Setting next_dagrun for example_task_group to 2021-10-17T12:13:31.551551+00:00
[2021-10-18 17:43:31,566] {processor.py:171} INFO - Processing /home/user/workspace/airflow/airflow_env/lib/python3.6/site-packages/airflow/example_dags/example_task_group.py took 0.121 seconds
[2021-10-18 17:44:09,165] {processor.py:163} INFO - Started process (PID=27495) to work on /home/user/workspace/airflow/airflow_env/lib/python3.6/site-packages/airflow/example_dags/example_task_group.py
[2021-10-18 17:44:09,177] {processor.py:620} INFO - Processing file /home/user/workspace/airflow/airflow_env/lib/python3.6/site-packages/airflow/example_dags/example_task_group.py for tasks to queue
[2021-10-18 17:44:09,178] {logging_mixin.py:109} INFO - [2021-10-18 17:44:09,178] {dagbag.py:500} INFO - Filling up the DagBag from /home/user/workspace/airflow/airflow_env/lib/python3.6/site-packages/airflow/example_dags/example_task_group.py
[2021-10-18 17:44:09,223] {processor.py:632} INFO - DAG(s) dict_keys(['example_task_group']) retrieved from /home/user/workspace/airflow/airflow_env/lib/python3.6/site-packages/airflow/example_dags/example_task_group.py
[2021-10-18 17:44:09,237] {logging_mixin.py:109} INFO - [2021-10-18 17:44:09,237] {dag.py:2389} INFO - Sync 1 DAGs
[2021-10-18 17:44:09,250] {logging_mixin.py:109} INFO - [2021-10-18 17:44:09,250] {dag.py:2914} INFO - Setting next_dagrun for example_task_group to 2021-10-17T12:14:09.250062+00:00
[2021-10-18 17:44:09,259] {processor.py:171} INFO - Processing /home/user/workspace/airflow/airflow_env/lib/python3.6/site-packages/airflow/example_dags/example_task_group.py took 0.100 seconds
[2021-10-18 17:44:45,504] {processor.py:163} INFO - Started process (PID=27618) to work on /home/user/workspace/airflow/airflow_env/lib/python3.6/site-packages/airflow/example_dags/example_task_group.py
[2021-10-18 17:44:45,506] {processor.py:620} INFO - Processing file /home/user/workspace/airflow/airflow_env/lib/python3.6/site-packages/airflow/example_dags/example_task_group.py for tasks to queue
[2021-10-18 17:44:45,507] {logging_mixin.py:109} INFO - [2021-10-18 17:44:45,507] {dagbag.py:500} INFO - Filling up the DagBag from /home/user/workspace/airflow/airflow_env/lib/python3.6/site-packages/airflow/example_dags/example_task_group.py
[2021-10-18 17:44:45,559] {processor.py:632} INFO - DAG(s) dict_keys(['example_task_group']) retrieved from /home/user/workspace/airflow/airflow_env/lib/python3.6/site-packages/airflow/example_dags/example_task_group.py
[2021-10-18 17:44:45,583] {logging_mixin.py:109} INFO - [2021-10-18 17:44:45,583] {dag.py:2389} INFO - Sync 1 DAGs
[2021-10-18 17:44:45,613] {logging_mixin.py:109} INFO - [2021-10-18 17:44:45,612] {dag.py:2914} INFO - Setting next_dagrun for example_task_group to 2021-10-17T12:14:45.612270+00:00
[2021-10-18 17:44:45,626] {processor.py:171} INFO - Processing /home/user/workspace/airflow/airflow_env/lib/python3.6/site-packages/airflow/example_dags/example_task_group.py took 0.129 seconds
[2021-10-18 17:45:23,289] {processor.py:163} INFO - Started process (PID=27738) to work on /home/user/workspace/airflow/airflow_env/lib/python3.6/site-packages/airflow/example_dags/example_task_group.py
[2021-10-18 17:45:23,292] {processor.py:620} INFO - Processing file /home/user/workspace/airflow/airflow_env/lib/python3.6/site-packages/airflow/example_dags/example_task_group.py for tasks to queue
[2021-10-18 17:45:23,293] {logging_mixin.py:109} INFO - [2021-10-18 17:45:23,293] {dagbag.py:500} INFO - Filling up the DagBag from /home/user/workspace/airflow/airflow_env/lib/python3.6/site-packages/airflow/example_dags/example_task_group.py
[2021-10-18 17:45:23,343] {processor.py:632} INFO - DAG(s) dict_keys(['example_task_group']) retrieved from /home/user/workspace/airflow/airflow_env/lib/python3.6/site-packages/airflow/example_dags/example_task_group.py
[2021-10-18 17:45:23,368] {logging_mixin.py:109} INFO - [2021-10-18 17:45:23,368] {dag.py:2389} INFO - Sync 1 DAGs
[2021-10-18 17:45:23,394] {logging_mixin.py:109} INFO - [2021-10-18 17:45:23,394] {dag.py:2914} INFO - Setting next_dagrun for example_task_group to 2021-10-17T12:15:23.394225+00:00
[2021-10-18 17:45:23,405] {processor.py:171} INFO - Processing /home/user/workspace/airflow/airflow_env/lib/python3.6/site-packages/airflow/example_dags/example_task_group.py took 0.122 seconds
[2021-10-18 17:46:00,640] {processor.py:163} INFO - Started process (PID=27920) to work on /home/user/workspace/airflow/airflow_env/lib/python3.6/site-packages/airflow/example_dags/example_task_group.py
[2021-10-18 17:46:00,642] {processor.py:620} INFO - Processing file /home/user/workspace/airflow/airflow_env/lib/python3.6/site-packages/airflow/example_dags/example_task_group.py for tasks to queue
[2021-10-18 17:46:00,643] {logging_mixin.py:109} INFO - [2021-10-18 17:46:00,643] {dagbag.py:500} INFO - Filling up the DagBag from /home/user/workspace/airflow/airflow_env/lib/python3.6/site-packages/airflow/example_dags/example_task_group.py
[2021-10-18 17:46:00,678] {processor.py:632} INFO - DAG(s) dict_keys(['example_task_group']) retrieved from /home/user/workspace/airflow/airflow_env/lib/python3.6/site-packages/airflow/example_dags/example_task_group.py
[2021-10-18 17:46:00,714] {logging_mixin.py:109} INFO - [2021-10-18 17:46:00,713] {dag.py:2389} INFO - Sync 1 DAGs
[2021-10-18 17:46:00,743] {logging_mixin.py:109} INFO - [2021-10-18 17:46:00,743] {dag.py:2914} INFO - Setting next_dagrun for example_task_group to 2021-10-17T12:16:00.742829+00:00
[2021-10-18 17:46:00,767] {processor.py:171} INFO - Processing /home/user/workspace/airflow/airflow_env/lib/python3.6/site-packages/airflow/example_dags/example_task_group.py took 0.130 seconds
[2021-10-18 17:46:51,011] {processor.py:163} INFO - Started process (PID=28097) to work on /home/user/workspace/airflow/airflow_env/lib/python3.6/site-packages/airflow/example_dags/example_task_group.py
[2021-10-18 17:46:51,016] {processor.py:620} INFO - Processing file /home/user/workspace/airflow/airflow_env/lib/python3.6/site-packages/airflow/example_dags/example_task_group.py for tasks to queue
[2021-10-18 17:46:51,019] {logging_mixin.py:109} INFO - [2021-10-18 17:46:51,018] {dagbag.py:500} INFO - Filling up the DagBag from /home/user/workspace/airflow/airflow_env/lib/python3.6/site-packages/airflow/example_dags/example_task_group.py
[2021-10-18 17:46:51,087] {processor.py:632} INFO - DAG(s) dict_keys(['example_task_group']) retrieved from /home/user/workspace/airflow/airflow_env/lib/python3.6/site-packages/airflow/example_dags/example_task_group.py
[2021-10-18 17:46:51,112] {logging_mixin.py:109} INFO - [2021-10-18 17:46:51,112] {dag.py:2389} INFO - Sync 1 DAGs
[2021-10-18 17:46:51,134] {logging_mixin.py:109} INFO - [2021-10-18 17:46:51,134] {dag.py:2914} INFO - Setting next_dagrun for example_task_group to 2021-10-17T12:16:51.134157+00:00
[2021-10-18 17:46:51,149] {processor.py:171} INFO - Processing /home/user/workspace/airflow/airflow_env/lib/python3.6/site-packages/airflow/example_dags/example_task_group.py took 0.148 seconds
[2021-10-18 17:47:30,657] {processor.py:163} INFO - Started process (PID=28183) to work on /home/user/workspace/airflow/airflow_env/lib/python3.6/site-packages/airflow/example_dags/example_task_group.py
[2021-10-18 17:47:30,659] {processor.py:620} INFO - Processing file /home/user/workspace/airflow/airflow_env/lib/python3.6/site-packages/airflow/example_dags/example_task_group.py for tasks to queue
[2021-10-18 17:47:30,660] {logging_mixin.py:109} INFO - [2021-10-18 17:47:30,660] {dagbag.py:500} INFO - Filling up the DagBag from /home/user/workspace/airflow/airflow_env/lib/python3.6/site-packages/airflow/example_dags/example_task_group.py
[2021-10-18 17:47:30,708] {processor.py:632} INFO - DAG(s) dict_keys(['example_task_group']) retrieved from /home/user/workspace/airflow/airflow_env/lib/python3.6/site-packages/airflow/example_dags/example_task_group.py
[2021-10-18 17:47:30,730] {logging_mixin.py:109} INFO - [2021-10-18 17:47:30,730] {dag.py:2389} INFO - Sync 1 DAGs
[2021-10-18 17:47:30,757] {logging_mixin.py:109} INFO - [2021-10-18 17:47:30,757] {dag.py:2914} INFO - Setting next_dagrun for example_task_group to 2021-10-17T12:17:30.756718+00:00
[2021-10-18 17:47:30,769] {processor.py:171} INFO - Processing /home/user/workspace/airflow/airflow_env/lib/python3.6/site-packages/airflow/example_dags/example_task_group.py took 0.117 seconds
[2021-10-18 17:48:09,216] {processor.py:163} INFO - Started process (PID=28257) to work on /home/user/workspace/airflow/airflow_env/lib/python3.6/site-packages/airflow/example_dags/example_task_group.py
[2021-10-18 17:48:09,227] {processor.py:620} INFO - Processing file /home/user/workspace/airflow/airflow_env/lib/python3.6/site-packages/airflow/example_dags/example_task_group.py for tasks to queue
[2021-10-18 17:48:09,229] {logging_mixin.py:109} INFO - [2021-10-18 17:48:09,228] {dagbag.py:500} INFO - Filling up the DagBag from /home/user/workspace/airflow/airflow_env/lib/python3.6/site-packages/airflow/example_dags/example_task_group.py
[2021-10-18 17:48:09,274] {processor.py:632} INFO - DAG(s) dict_keys(['example_task_group']) retrieved from /home/user/workspace/airflow/airflow_env/lib/python3.6/site-packages/airflow/example_dags/example_task_group.py
[2021-10-18 17:48:09,296] {logging_mixin.py:109} INFO - [2021-10-18 17:48:09,296] {dag.py:2389} INFO - Sync 1 DAGs
[2021-10-18 17:48:09,322] {logging_mixin.py:109} INFO - [2021-10-18 17:48:09,321] {dag.py:2914} INFO - Setting next_dagrun for example_task_group to 2021-10-17T12:18:09.321297+00:00
[2021-10-18 17:48:09,336] {processor.py:171} INFO - Processing /home/user/workspace/airflow/airflow_env/lib/python3.6/site-packages/airflow/example_dags/example_task_group.py took 0.126 seconds
[2021-10-18 17:48:49,890] {processor.py:163} INFO - Started process (PID=28337) to work on /home/user/workspace/airflow/airflow_env/lib/python3.6/site-packages/airflow/example_dags/example_task_group.py
[2021-10-18 17:48:49,894] {processor.py:620} INFO - Processing file /home/user/workspace/airflow/airflow_env/lib/python3.6/site-packages/airflow/example_dags/example_task_group.py for tasks to queue
[2021-10-18 17:48:49,896] {logging_mixin.py:109} INFO - [2021-10-18 17:48:49,895] {dagbag.py:500} INFO - Filling up the DagBag from /home/user/workspace/airflow/airflow_env/lib/python3.6/site-packages/airflow/example_dags/example_task_group.py
[2021-10-18 17:48:49,957] {processor.py:632} INFO - DAG(s) dict_keys(['example_task_group']) retrieved from /home/user/workspace/airflow/airflow_env/lib/python3.6/site-packages/airflow/example_dags/example_task_group.py
[2021-10-18 17:48:49,984] {logging_mixin.py:109} INFO - [2021-10-18 17:48:49,984] {dag.py:2389} INFO - Sync 1 DAGs
[2021-10-18 17:48:50,006] {logging_mixin.py:109} INFO - [2021-10-18 17:48:50,006] {dag.py:2914} INFO - Setting next_dagrun for example_task_group to 2021-10-17T12:18:50.005729+00:00
[2021-10-18 17:48:50,015] {processor.py:171} INFO - Processing /home/user/workspace/airflow/airflow_env/lib/python3.6/site-packages/airflow/example_dags/example_task_group.py took 0.133 seconds
[2021-10-18 17:49:37,335] {processor.py:163} INFO - Started process (PID=28448) to work on /home/user/workspace/airflow/airflow_env/lib/python3.6/site-packages/airflow/example_dags/example_task_group.py
[2021-10-18 17:49:37,337] {processor.py:620} INFO - Processing file /home/user/workspace/airflow/airflow_env/lib/python3.6/site-packages/airflow/example_dags/example_task_group.py for tasks to queue
[2021-10-18 17:49:37,338] {logging_mixin.py:109} INFO - [2021-10-18 17:49:37,338] {dagbag.py:500} INFO - Filling up the DagBag from /home/user/workspace/airflow/airflow_env/lib/python3.6/site-packages/airflow/example_dags/example_task_group.py
[2021-10-18 17:49:37,375] {processor.py:632} INFO - DAG(s) dict_keys(['example_task_group']) retrieved from /home/user/workspace/airflow/airflow_env/lib/python3.6/site-packages/airflow/example_dags/example_task_group.py
[2021-10-18 17:49:37,391] {logging_mixin.py:109} INFO - [2021-10-18 17:49:37,391] {dag.py:2389} INFO - Sync 1 DAGs
[2021-10-18 17:49:37,407] {logging_mixin.py:109} INFO - [2021-10-18 17:49:37,407] {dag.py:2914} INFO - Setting next_dagrun for example_task_group to 2021-10-17T12:19:37.407066+00:00
[2021-10-18 17:49:37,417] {processor.py:171} INFO - Processing /home/user/workspace/airflow/airflow_env/lib/python3.6/site-packages/airflow/example_dags/example_task_group.py took 0.087 seconds
[2021-10-18 17:50:24,566] {processor.py:163} INFO - Started process (PID=28662) to work on /home/user/workspace/airflow/airflow_env/lib/python3.6/site-packages/airflow/example_dags/example_task_group.py
[2021-10-18 17:50:24,568] {processor.py:620} INFO - Processing file /home/user/workspace/airflow/airflow_env/lib/python3.6/site-packages/airflow/example_dags/example_task_group.py for tasks to queue
[2021-10-18 17:50:24,570] {logging_mixin.py:109} INFO - [2021-10-18 17:50:24,570] {dagbag.py:500} INFO - Filling up the DagBag from /home/user/workspace/airflow/airflow_env/lib/python3.6/site-packages/airflow/example_dags/example_task_group.py
[2021-10-18 17:50:24,615] {processor.py:632} INFO - DAG(s) dict_keys(['example_task_group']) retrieved from /home/user/workspace/airflow/airflow_env/lib/python3.6/site-packages/airflow/example_dags/example_task_group.py
[2021-10-18 17:50:24,636] {logging_mixin.py:109} INFO - [2021-10-18 17:50:24,636] {dag.py:2389} INFO - Sync 1 DAGs
[2021-10-18 17:50:24,659] {logging_mixin.py:109} INFO - [2021-10-18 17:50:24,658] {dag.py:2914} INFO - Setting next_dagrun for example_task_group to 2021-10-17T12:20:24.658355+00:00
[2021-10-18 17:50:24,673] {processor.py:171} INFO - Processing /home/user/workspace/airflow/airflow_env/lib/python3.6/site-packages/airflow/example_dags/example_task_group.py took 0.113 seconds
[2021-10-18 17:51:11,288] {processor.py:163} INFO - Started process (PID=28884) to work on /home/user/workspace/airflow/airflow_env/lib/python3.6/site-packages/airflow/example_dags/example_task_group.py
[2021-10-18 17:51:11,290] {processor.py:620} INFO - Processing file /home/user/workspace/airflow/airflow_env/lib/python3.6/site-packages/airflow/example_dags/example_task_group.py for tasks to queue
[2021-10-18 17:51:11,292] {logging_mixin.py:109} INFO - [2021-10-18 17:51:11,291] {dagbag.py:500} INFO - Filling up the DagBag from /home/user/workspace/airflow/airflow_env/lib/python3.6/site-packages/airflow/example_dags/example_task_group.py
[2021-10-18 17:51:11,351] {processor.py:632} INFO - DAG(s) dict_keys(['example_task_group']) retrieved from /home/user/workspace/airflow/airflow_env/lib/python3.6/site-packages/airflow/example_dags/example_task_group.py
[2021-10-18 17:51:11,380] {logging_mixin.py:109} INFO - [2021-10-18 17:51:11,380] {dag.py:2389} INFO - Sync 1 DAGs
[2021-10-18 17:51:11,406] {logging_mixin.py:109} INFO - [2021-10-18 17:51:11,405] {dag.py:2914} INFO - Setting next_dagrun for example_task_group to 2021-10-17T12:21:11.405479+00:00
[2021-10-18 17:51:11,416] {processor.py:171} INFO - Processing /home/user/workspace/airflow/airflow_env/lib/python3.6/site-packages/airflow/example_dags/example_task_group.py took 0.135 seconds
[2021-10-18 17:52:00,187] {processor.py:163} INFO - Started process (PID=29027) to work on /home/user/workspace/airflow/airflow_env/lib/python3.6/site-packages/airflow/example_dags/example_task_group.py
[2021-10-18 17:52:00,189] {processor.py:620} INFO - Processing file /home/user/workspace/airflow/airflow_env/lib/python3.6/site-packages/airflow/example_dags/example_task_group.py for tasks to queue
[2021-10-18 17:52:00,190] {logging_mixin.py:109} INFO - [2021-10-18 17:52:00,190] {dagbag.py:500} INFO - Filling up the DagBag from /home/user/workspace/airflow/airflow_env/lib/python3.6/site-packages/airflow/example_dags/example_task_group.py
[2021-10-18 17:52:00,239] {processor.py:632} INFO - DAG(s) dict_keys(['example_task_group']) retrieved from /home/user/workspace/airflow/airflow_env/lib/python3.6/site-packages/airflow/example_dags/example_task_group.py
[2021-10-18 17:52:00,263] {logging_mixin.py:109} INFO - [2021-10-18 17:52:00,263] {dag.py:2389} INFO - Sync 1 DAGs
[2021-10-18 17:52:00,292] {logging_mixin.py:109} INFO - [2021-10-18 17:52:00,292] {dag.py:2914} INFO - Setting next_dagrun for example_task_group to 2021-10-17T12:22:00.291577+00:00
[2021-10-18 17:52:00,306] {processor.py:171} INFO - Processing /home/user/workspace/airflow/airflow_env/lib/python3.6/site-packages/airflow/example_dags/example_task_group.py took 0.125 seconds
[2021-10-18 17:52:46,243] {processor.py:163} INFO - Started process (PID=29127) to work on /home/user/workspace/airflow/airflow_env/lib/python3.6/site-packages/airflow/example_dags/example_task_group.py
[2021-10-18 17:52:46,248] {processor.py:620} INFO - Processing file /home/user/workspace/airflow/airflow_env/lib/python3.6/site-packages/airflow/example_dags/example_task_group.py for tasks to queue
[2021-10-18 17:52:46,250] {logging_mixin.py:109} INFO - [2021-10-18 17:52:46,250] {dagbag.py:500} INFO - Filling up the DagBag from /home/user/workspace/airflow/airflow_env/lib/python3.6/site-packages/airflow/example_dags/example_task_group.py
[2021-10-18 17:52:46,301] {processor.py:632} INFO - DAG(s) dict_keys(['example_task_group']) retrieved from /home/user/workspace/airflow/airflow_env/lib/python3.6/site-packages/airflow/example_dags/example_task_group.py
[2021-10-18 17:52:46,334] {logging_mixin.py:109} INFO - [2021-10-18 17:52:46,334] {dag.py:2389} INFO - Sync 1 DAGs
[2021-10-18 17:52:46,359] {logging_mixin.py:109} INFO - [2021-10-18 17:52:46,359] {dag.py:2914} INFO - Setting next_dagrun for example_task_group to 2021-10-17T12:22:46.358593+00:00
[2021-10-18 17:52:46,375] {processor.py:171} INFO - Processing /home/user/workspace/airflow/airflow_env/lib/python3.6/site-packages/airflow/example_dags/example_task_group.py took 0.152 seconds
[2021-10-18 17:53:31,877] {processor.py:163} INFO - Started process (PID=29226) to work on /home/user/workspace/airflow/airflow_env/lib/python3.6/site-packages/airflow/example_dags/example_task_group.py
[2021-10-18 17:53:31,879] {processor.py:620} INFO - Processing file /home/user/workspace/airflow/airflow_env/lib/python3.6/site-packages/airflow/example_dags/example_task_group.py for tasks to queue
[2021-10-18 17:53:31,880] {logging_mixin.py:109} INFO - [2021-10-18 17:53:31,880] {dagbag.py:500} INFO - Filling up the DagBag from /home/user/workspace/airflow/airflow_env/lib/python3.6/site-packages/airflow/example_dags/example_task_group.py
[2021-10-18 17:53:31,930] {processor.py:632} INFO - DAG(s) dict_keys(['example_task_group']) retrieved from /home/user/workspace/airflow/airflow_env/lib/python3.6/site-packages/airflow/example_dags/example_task_group.py
[2021-10-18 17:53:31,954] {logging_mixin.py:109} INFO - [2021-10-18 17:53:31,954] {dag.py:2389} INFO - Sync 1 DAGs
[2021-10-18 17:53:31,984] {logging_mixin.py:109} INFO - [2021-10-18 17:53:31,984] {dag.py:2914} INFO - Setting next_dagrun for example_task_group to 2021-10-17T12:23:31.983410+00:00
[2021-10-18 17:53:31,996] {processor.py:171} INFO - Processing /home/user/workspace/airflow/airflow_env/lib/python3.6/site-packages/airflow/example_dags/example_task_group.py took 0.125 seconds
[2021-10-18 17:54:19,799] {processor.py:163} INFO - Started process (PID=29300) to work on /home/user/workspace/airflow/airflow_env/lib/python3.6/site-packages/airflow/example_dags/example_task_group.py
[2021-10-18 17:54:19,812] {processor.py:620} INFO - Processing file /home/user/workspace/airflow/airflow_env/lib/python3.6/site-packages/airflow/example_dags/example_task_group.py for tasks to queue
[2021-10-18 17:54:19,814] {logging_mixin.py:109} INFO - [2021-10-18 17:54:19,814] {dagbag.py:500} INFO - Filling up the DagBag from /home/user/workspace/airflow/airflow_env/lib/python3.6/site-packages/airflow/example_dags/example_task_group.py
[2021-10-18 17:54:19,898] {processor.py:632} INFO - DAG(s) dict_keys(['example_task_group']) retrieved from /home/user/workspace/airflow/airflow_env/lib/python3.6/site-packages/airflow/example_dags/example_task_group.py
[2021-10-18 17:54:19,948] {logging_mixin.py:109} INFO - [2021-10-18 17:54:19,947] {dag.py:2389} INFO - Sync 1 DAGs
[2021-10-18 17:54:19,987] {logging_mixin.py:109} INFO - [2021-10-18 17:54:19,986] {dag.py:2914} INFO - Setting next_dagrun for example_task_group to 2021-10-17T12:24:19.986042+00:00
[2021-10-18 17:54:20,003] {processor.py:171} INFO - Processing /home/user/workspace/airflow/airflow_env/lib/python3.6/site-packages/airflow/example_dags/example_task_group.py took 0.213 seconds
[2021-10-18 17:55:08,146] {processor.py:163} INFO - Started process (PID=29388) to work on /home/user/workspace/airflow/airflow_env/lib/python3.6/site-packages/airflow/example_dags/example_task_group.py
[2021-10-18 17:55:08,149] {processor.py:620} INFO - Processing file /home/user/workspace/airflow/airflow_env/lib/python3.6/site-packages/airflow/example_dags/example_task_group.py for tasks to queue
[2021-10-18 17:55:08,150] {logging_mixin.py:109} INFO - [2021-10-18 17:55:08,150] {dagbag.py:500} INFO - Filling up the DagBag from /home/user/workspace/airflow/airflow_env/lib/python3.6/site-packages/airflow/example_dags/example_task_group.py
[2021-10-18 17:55:08,204] {processor.py:632} INFO - DAG(s) dict_keys(['example_task_group']) retrieved from /home/user/workspace/airflow/airflow_env/lib/python3.6/site-packages/airflow/example_dags/example_task_group.py
[2021-10-18 17:55:08,228] {logging_mixin.py:109} INFO - [2021-10-18 17:55:08,228] {dag.py:2389} INFO - Sync 1 DAGs
[2021-10-18 17:55:08,263] {logging_mixin.py:109} INFO - [2021-10-18 17:55:08,263] {dag.py:2914} INFO - Setting next_dagrun for example_task_group to 2021-10-17T12:25:08.262969+00:00
[2021-10-18 17:55:08,282] {processor.py:171} INFO - Processing /home/user/workspace/airflow/airflow_env/lib/python3.6/site-packages/airflow/example_dags/example_task_group.py took 0.142 seconds
[2021-10-18 17:55:52,042] {processor.py:163} INFO - Started process (PID=29527) to work on /home/user/workspace/airflow/airflow_env/lib/python3.6/site-packages/airflow/example_dags/example_task_group.py
[2021-10-18 17:55:52,045] {processor.py:620} INFO - Processing file /home/user/workspace/airflow/airflow_env/lib/python3.6/site-packages/airflow/example_dags/example_task_group.py for tasks to queue
[2021-10-18 17:55:52,048] {logging_mixin.py:109} INFO - [2021-10-18 17:55:52,047] {dagbag.py:500} INFO - Filling up the DagBag from /home/user/workspace/airflow/airflow_env/lib/python3.6/site-packages/airflow/example_dags/example_task_group.py
[2021-10-18 17:55:52,143] {processor.py:632} INFO - DAG(s) dict_keys(['example_task_group']) retrieved from /home/user/workspace/airflow/airflow_env/lib/python3.6/site-packages/airflow/example_dags/example_task_group.py
[2021-10-18 17:55:52,185] {logging_mixin.py:109} INFO - [2021-10-18 17:55:52,185] {dag.py:2389} INFO - Sync 1 DAGs
[2021-10-18 17:55:52,208] {logging_mixin.py:109} INFO - [2021-10-18 17:55:52,208] {dag.py:2914} INFO - Setting next_dagrun for example_task_group to 2021-10-17T12:25:52.207708+00:00
[2021-10-18 17:55:52,222] {processor.py:171} INFO - Processing /home/user/workspace/airflow/airflow_env/lib/python3.6/site-packages/airflow/example_dags/example_task_group.py took 0.189 seconds
[2021-10-18 17:56:36,579] {processor.py:163} INFO - Started process (PID=29602) to work on /home/user/workspace/airflow/airflow_env/lib/python3.6/site-packages/airflow/example_dags/example_task_group.py
[2021-10-18 17:56:36,591] {processor.py:620} INFO - Processing file /home/user/workspace/airflow/airflow_env/lib/python3.6/site-packages/airflow/example_dags/example_task_group.py for tasks to queue
[2021-10-18 17:56:36,592] {logging_mixin.py:109} INFO - [2021-10-18 17:56:36,592] {dagbag.py:500} INFO - Filling up the DagBag from /home/user/workspace/airflow/airflow_env/lib/python3.6/site-packages/airflow/example_dags/example_task_group.py
[2021-10-18 17:56:36,644] {processor.py:632} INFO - DAG(s) dict_keys(['example_task_group']) retrieved from /home/user/workspace/airflow/airflow_env/lib/python3.6/site-packages/airflow/example_dags/example_task_group.py
[2021-10-18 17:56:36,668] {logging_mixin.py:109} INFO - [2021-10-18 17:56:36,668] {dag.py:2389} INFO - Sync 1 DAGs
[2021-10-18 17:56:36,696] {logging_mixin.py:109} INFO - [2021-10-18 17:56:36,696] {dag.py:2914} INFO - Setting next_dagrun for example_task_group to 2021-10-17T12:26:36.695870+00:00
[2021-10-18 17:56:36,712] {processor.py:171} INFO - Processing /home/user/workspace/airflow/airflow_env/lib/python3.6/site-packages/airflow/example_dags/example_task_group.py took 0.140 seconds
[2021-10-18 17:57:21,384] {processor.py:163} INFO - Started process (PID=29671) to work on /home/user/workspace/airflow/airflow_env/lib/python3.6/site-packages/airflow/example_dags/example_task_group.py
[2021-10-18 17:57:21,386] {processor.py:620} INFO - Processing file /home/user/workspace/airflow/airflow_env/lib/python3.6/site-packages/airflow/example_dags/example_task_group.py for tasks to queue
[2021-10-18 17:57:21,388] {logging_mixin.py:109} INFO - [2021-10-18 17:57:21,387] {dagbag.py:500} INFO - Filling up the DagBag from /home/user/workspace/airflow/airflow_env/lib/python3.6/site-packages/airflow/example_dags/example_task_group.py
[2021-10-18 17:57:21,436] {processor.py:632} INFO - DAG(s) dict_keys(['example_task_group']) retrieved from /home/user/workspace/airflow/airflow_env/lib/python3.6/site-packages/airflow/example_dags/example_task_group.py
[2021-10-18 17:57:21,460] {logging_mixin.py:109} INFO - [2021-10-18 17:57:21,459] {dag.py:2389} INFO - Sync 1 DAGs
[2021-10-18 17:57:21,489] {logging_mixin.py:109} INFO - [2021-10-18 17:57:21,489] {dag.py:2914} INFO - Setting next_dagrun for example_task_group to 2021-10-17T12:27:21.488561+00:00
[2021-10-18 17:57:21,505] {processor.py:171} INFO - Processing /home/user/workspace/airflow/airflow_env/lib/python3.6/site-packages/airflow/example_dags/example_task_group.py took 0.127 seconds
[2021-10-18 17:58:08,247] {processor.py:163} INFO - Started process (PID=29772) to work on /home/user/workspace/airflow/airflow_env/lib/python3.6/site-packages/airflow/example_dags/example_task_group.py
[2021-10-18 17:58:08,250] {processor.py:620} INFO - Processing file /home/user/workspace/airflow/airflow_env/lib/python3.6/site-packages/airflow/example_dags/example_task_group.py for tasks to queue
[2021-10-18 17:58:08,252] {logging_mixin.py:109} INFO - [2021-10-18 17:58:08,251] {dagbag.py:500} INFO - Filling up the DagBag from /home/user/workspace/airflow/airflow_env/lib/python3.6/site-packages/airflow/example_dags/example_task_group.py
[2021-10-18 17:58:08,315] {processor.py:632} INFO - DAG(s) dict_keys(['example_task_group']) retrieved from /home/user/workspace/airflow/airflow_env/lib/python3.6/site-packages/airflow/example_dags/example_task_group.py
[2021-10-18 17:58:08,342] {logging_mixin.py:109} INFO - [2021-10-18 17:58:08,342] {dag.py:2389} INFO - Sync 1 DAGs
[2021-10-18 17:58:08,361] {logging_mixin.py:109} INFO - [2021-10-18 17:58:08,360] {dag.py:2914} INFO - Setting next_dagrun for example_task_group to 2021-10-17T12:28:08.360542+00:00
[2021-10-18 17:58:08,370] {processor.py:171} INFO - Processing /home/user/workspace/airflow/airflow_env/lib/python3.6/site-packages/airflow/example_dags/example_task_group.py took 0.130 seconds
[2021-10-18 17:58:54,387] {processor.py:163} INFO - Started process (PID=29851) to work on /home/user/workspace/airflow/airflow_env/lib/python3.6/site-packages/airflow/example_dags/example_task_group.py
[2021-10-18 17:58:54,389] {processor.py:620} INFO - Processing file /home/user/workspace/airflow/airflow_env/lib/python3.6/site-packages/airflow/example_dags/example_task_group.py for tasks to queue
[2021-10-18 17:58:54,391] {logging_mixin.py:109} INFO - [2021-10-18 17:58:54,391] {dagbag.py:500} INFO - Filling up the DagBag from /home/user/workspace/airflow/airflow_env/lib/python3.6/site-packages/airflow/example_dags/example_task_group.py
[2021-10-18 17:58:54,441] {processor.py:632} INFO - DAG(s) dict_keys(['example_task_group']) retrieved from /home/user/workspace/airflow/airflow_env/lib/python3.6/site-packages/airflow/example_dags/example_task_group.py
[2021-10-18 17:58:54,465] {logging_mixin.py:109} INFO - [2021-10-18 17:58:54,465] {dag.py:2389} INFO - Sync 1 DAGs
[2021-10-18 17:58:54,494] {logging_mixin.py:109} INFO - [2021-10-18 17:58:54,494] {dag.py:2914} INFO - Setting next_dagrun for example_task_group to 2021-10-17T12:28:54.493721+00:00
[2021-10-18 17:58:54,506] {processor.py:171} INFO - Processing /home/user/workspace/airflow/airflow_env/lib/python3.6/site-packages/airflow/example_dags/example_task_group.py took 0.124 seconds
[2021-10-18 17:59:38,070] {processor.py:163} INFO - Started process (PID=29924) to work on /home/user/workspace/airflow/airflow_env/lib/python3.6/site-packages/airflow/example_dags/example_task_group.py
[2021-10-18 17:59:38,072] {processor.py:620} INFO - Processing file /home/user/workspace/airflow/airflow_env/lib/python3.6/site-packages/airflow/example_dags/example_task_group.py for tasks to queue
[2021-10-18 17:59:38,073] {logging_mixin.py:109} INFO - [2021-10-18 17:59:38,073] {dagbag.py:500} INFO - Filling up the DagBag from /home/user/workspace/airflow/airflow_env/lib/python3.6/site-packages/airflow/example_dags/example_task_group.py
[2021-10-18 17:59:38,115] {processor.py:632} INFO - DAG(s) dict_keys(['example_task_group']) retrieved from /home/user/workspace/airflow/airflow_env/lib/python3.6/site-packages/airflow/example_dags/example_task_group.py
[2021-10-18 17:59:38,137] {logging_mixin.py:109} INFO - [2021-10-18 17:59:38,136] {dag.py:2389} INFO - Sync 1 DAGs
[2021-10-18 17:59:38,161] {logging_mixin.py:109} INFO - [2021-10-18 17:59:38,161] {dag.py:2914} INFO - Setting next_dagrun for example_task_group to 2021-10-17T12:29:38.160789+00:00
[2021-10-18 17:59:38,176] {processor.py:171} INFO - Processing /home/user/workspace/airflow/airflow_env/lib/python3.6/site-packages/airflow/example_dags/example_task_group.py took 0.112 seconds
[2021-10-18 18:00:23,411] {processor.py:163} INFO - Started process (PID=29988) to work on /home/user/workspace/airflow/airflow_env/lib/python3.6/site-packages/airflow/example_dags/example_task_group.py
[2021-10-18 18:00:23,413] {processor.py:620} INFO - Processing file /home/user/workspace/airflow/airflow_env/lib/python3.6/site-packages/airflow/example_dags/example_task_group.py for tasks to queue
[2021-10-18 18:00:23,414] {logging_mixin.py:109} INFO - [2021-10-18 18:00:23,414] {dagbag.py:500} INFO - Filling up the DagBag from /home/user/workspace/airflow/airflow_env/lib/python3.6/site-packages/airflow/example_dags/example_task_group.py
[2021-10-18 18:00:23,469] {processor.py:632} INFO - DAG(s) dict_keys(['example_task_group']) retrieved from /home/user/workspace/airflow/airflow_env/lib/python3.6/site-packages/airflow/example_dags/example_task_group.py
[2021-10-18 18:00:23,500] {logging_mixin.py:109} INFO - [2021-10-18 18:00:23,499] {dag.py:2389} INFO - Sync 1 DAGs
[2021-10-18 18:00:23,523] {logging_mixin.py:109} INFO - [2021-10-18 18:00:23,523] {dag.py:2914} INFO - Setting next_dagrun for example_task_group to 2021-10-17T12:30:23.522788+00:00
[2021-10-18 18:00:23,533] {processor.py:171} INFO - Processing /home/user/workspace/airflow/airflow_env/lib/python3.6/site-packages/airflow/example_dags/example_task_group.py took 0.128 seconds
[2021-10-18 18:01:10,740] {processor.py:163} INFO - Started process (PID=30124) to work on /home/user/workspace/airflow/airflow_env/lib/python3.6/site-packages/airflow/example_dags/example_task_group.py
[2021-10-18 18:01:10,742] {processor.py:620} INFO - Processing file /home/user/workspace/airflow/airflow_env/lib/python3.6/site-packages/airflow/example_dags/example_task_group.py for tasks to queue
[2021-10-18 18:01:10,743] {logging_mixin.py:109} INFO - [2021-10-18 18:01:10,743] {dagbag.py:500} INFO - Filling up the DagBag from /home/user/workspace/airflow/airflow_env/lib/python3.6/site-packages/airflow/example_dags/example_task_group.py
[2021-10-18 18:01:10,800] {processor.py:632} INFO - DAG(s) dict_keys(['example_task_group']) retrieved from /home/user/workspace/airflow/airflow_env/lib/python3.6/site-packages/airflow/example_dags/example_task_group.py
[2021-10-18 18:01:10,829] {logging_mixin.py:109} INFO - [2021-10-18 18:01:10,828] {dag.py:2389} INFO - Sync 1 DAGs
[2021-10-18 18:01:10,881] {logging_mixin.py:109} INFO - [2021-10-18 18:01:10,880] {dag.py:2914} INFO - Setting next_dagrun for example_task_group to 2021-10-17T12:31:10.880449+00:00
[2021-10-18 18:01:10,912] {processor.py:171} INFO - Processing /home/user/workspace/airflow/airflow_env/lib/python3.6/site-packages/airflow/example_dags/example_task_group.py took 0.179 seconds
