[2021-10-18 17:18:02,318] {processor.py:163} INFO - Started process (PID=23296) to work on /home/user/workspace/airflow/airflow_env/lib/python3.6/site-packages/airflow/example_dags/example_xcomargs.py
[2021-10-18 17:18:02,320] {processor.py:620} INFO - Processing file /home/user/workspace/airflow/airflow_env/lib/python3.6/site-packages/airflow/example_dags/example_xcomargs.py for tasks to queue
[2021-10-18 17:18:02,321] {logging_mixin.py:109} INFO - [2021-10-18 17:18:02,321] {dagbag.py:500} INFO - Filling up the DagBag from /home/user/workspace/airflow/airflow_env/lib/python3.6/site-packages/airflow/example_dags/example_xcomargs.py
[2021-10-18 17:18:02,375] {processor.py:632} INFO - DAG(s) dict_keys(['example_xcom_args', 'example_xcom_args_with_operators']) retrieved from /home/user/workspace/airflow/airflow_env/lib/python3.6/site-packages/airflow/example_dags/example_xcomargs.py
[2021-10-18 17:18:02,675] {logging_mixin.py:109} INFO - [2021-10-18 17:18:02,674] {dag.py:2389} INFO - Sync 2 DAGs
[2021-10-18 17:18:02,685] {logging_mixin.py:109} INFO - [2021-10-18 17:18:02,685] {dag.py:2914} INFO - Setting next_dagrun for example_xcom_args to None
[2021-10-18 17:18:02,685] {logging_mixin.py:109} INFO - [2021-10-18 17:18:02,685] {dag.py:2914} INFO - Setting next_dagrun for example_xcom_args_with_operators to None
[2021-10-18 17:18:02,703] {processor.py:171} INFO - Processing /home/user/workspace/airflow/airflow_env/lib/python3.6/site-packages/airflow/example_dags/example_xcomargs.py took 0.391 seconds
[2021-10-18 17:18:50,514] {processor.py:163} INFO - Started process (PID=23464) to work on /home/user/workspace/airflow/airflow_env/lib/python3.6/site-packages/airflow/example_dags/example_xcomargs.py
[2021-10-18 17:18:50,516] {processor.py:620} INFO - Processing file /home/user/workspace/airflow/airflow_env/lib/python3.6/site-packages/airflow/example_dags/example_xcomargs.py for tasks to queue
[2021-10-18 17:18:50,517] {logging_mixin.py:109} INFO - [2021-10-18 17:18:50,516] {dagbag.py:500} INFO - Filling up the DagBag from /home/user/workspace/airflow/airflow_env/lib/python3.6/site-packages/airflow/example_dags/example_xcomargs.py
[2021-10-18 17:18:50,559] {processor.py:632} INFO - DAG(s) dict_keys(['example_xcom_args', 'example_xcom_args_with_operators']) retrieved from /home/user/workspace/airflow/airflow_env/lib/python3.6/site-packages/airflow/example_dags/example_xcomargs.py
[2021-10-18 17:18:50,846] {logging_mixin.py:109} INFO - [2021-10-18 17:18:50,846] {dag.py:2389} INFO - Sync 2 DAGs
[2021-10-18 17:18:50,864] {logging_mixin.py:109} INFO - [2021-10-18 17:18:50,864] {dag.py:2914} INFO - Setting next_dagrun for example_xcom_args to None
[2021-10-18 17:18:50,864] {logging_mixin.py:109} INFO - [2021-10-18 17:18:50,864] {dag.py:2914} INFO - Setting next_dagrun for example_xcom_args_with_operators to None
[2021-10-18 17:18:50,881] {processor.py:171} INFO - Processing /home/user/workspace/airflow/airflow_env/lib/python3.6/site-packages/airflow/example_dags/example_xcomargs.py took 0.370 seconds
[2021-10-18 17:19:38,884] {processor.py:163} INFO - Started process (PID=23615) to work on /home/user/workspace/airflow/airflow_env/lib/python3.6/site-packages/airflow/example_dags/example_xcomargs.py
[2021-10-18 17:19:38,898] {processor.py:620} INFO - Processing file /home/user/workspace/airflow/airflow_env/lib/python3.6/site-packages/airflow/example_dags/example_xcomargs.py for tasks to queue
[2021-10-18 17:19:38,900] {logging_mixin.py:109} INFO - [2021-10-18 17:19:38,900] {dagbag.py:500} INFO - Filling up the DagBag from /home/user/workspace/airflow/airflow_env/lib/python3.6/site-packages/airflow/example_dags/example_xcomargs.py
[2021-10-18 17:19:38,980] {processor.py:632} INFO - DAG(s) dict_keys(['example_xcom_args', 'example_xcom_args_with_operators']) retrieved from /home/user/workspace/airflow/airflow_env/lib/python3.6/site-packages/airflow/example_dags/example_xcomargs.py
[2021-10-18 17:19:39,306] {logging_mixin.py:109} INFO - [2021-10-18 17:19:39,306] {dag.py:2389} INFO - Sync 2 DAGs
[2021-10-18 17:19:39,320] {logging_mixin.py:109} INFO - [2021-10-18 17:19:39,319] {dag.py:2914} INFO - Setting next_dagrun for example_xcom_args to None
[2021-10-18 17:19:39,320] {logging_mixin.py:109} INFO - [2021-10-18 17:19:39,320] {dag.py:2914} INFO - Setting next_dagrun for example_xcom_args_with_operators to None
[2021-10-18 17:19:39,331] {processor.py:171} INFO - Processing /home/user/workspace/airflow/airflow_env/lib/python3.6/site-packages/airflow/example_dags/example_xcomargs.py took 0.455 seconds
[2021-10-18 17:20:30,337] {processor.py:163} INFO - Started process (PID=23708) to work on /home/user/workspace/airflow/airflow_env/lib/python3.6/site-packages/airflow/example_dags/example_xcomargs.py
[2021-10-18 17:20:30,340] {processor.py:620} INFO - Processing file /home/user/workspace/airflow/airflow_env/lib/python3.6/site-packages/airflow/example_dags/example_xcomargs.py for tasks to queue
[2021-10-18 17:20:30,341] {logging_mixin.py:109} INFO - [2021-10-18 17:20:30,341] {dagbag.py:500} INFO - Filling up the DagBag from /home/user/workspace/airflow/airflow_env/lib/python3.6/site-packages/airflow/example_dags/example_xcomargs.py
[2021-10-18 17:20:30,446] {processor.py:632} INFO - DAG(s) dict_keys(['example_xcom_args', 'example_xcom_args_with_operators']) retrieved from /home/user/workspace/airflow/airflow_env/lib/python3.6/site-packages/airflow/example_dags/example_xcomargs.py
[2021-10-18 17:20:30,909] {logging_mixin.py:109} INFO - [2021-10-18 17:20:30,909] {dag.py:2389} INFO - Sync 2 DAGs
[2021-10-18 17:20:30,927] {logging_mixin.py:109} INFO - [2021-10-18 17:20:30,927] {dag.py:2914} INFO - Setting next_dagrun for example_xcom_args to None
[2021-10-18 17:20:30,927] {logging_mixin.py:109} INFO - [2021-10-18 17:20:30,927] {dag.py:2914} INFO - Setting next_dagrun for example_xcom_args_with_operators to None
[2021-10-18 17:20:30,938] {processor.py:171} INFO - Processing /home/user/workspace/airflow/airflow_env/lib/python3.6/site-packages/airflow/example_dags/example_xcomargs.py took 0.611 seconds
[2021-10-18 17:21:10,512] {processor.py:163} INFO - Started process (PID=23775) to work on /home/user/workspace/airflow/airflow_env/lib/python3.6/site-packages/airflow/example_dags/example_xcomargs.py
[2021-10-18 17:21:10,515] {processor.py:620} INFO - Processing file /home/user/workspace/airflow/airflow_env/lib/python3.6/site-packages/airflow/example_dags/example_xcomargs.py for tasks to queue
[2021-10-18 17:21:10,516] {logging_mixin.py:109} INFO - [2021-10-18 17:21:10,516] {dagbag.py:500} INFO - Filling up the DagBag from /home/user/workspace/airflow/airflow_env/lib/python3.6/site-packages/airflow/example_dags/example_xcomargs.py
[2021-10-18 17:21:10,581] {processor.py:632} INFO - DAG(s) dict_keys(['example_xcom_args', 'example_xcom_args_with_operators']) retrieved from /home/user/workspace/airflow/airflow_env/lib/python3.6/site-packages/airflow/example_dags/example_xcomargs.py
[2021-10-18 17:21:10,932] {logging_mixin.py:109} INFO - [2021-10-18 17:21:10,932] {dag.py:2389} INFO - Sync 2 DAGs
[2021-10-18 17:21:10,942] {logging_mixin.py:109} INFO - [2021-10-18 17:21:10,941] {dag.py:2914} INFO - Setting next_dagrun for example_xcom_args to None
[2021-10-18 17:21:10,942] {logging_mixin.py:109} INFO - [2021-10-18 17:21:10,942] {dag.py:2914} INFO - Setting next_dagrun for example_xcom_args_with_operators to None
[2021-10-18 17:21:10,951] {processor.py:171} INFO - Processing /home/user/workspace/airflow/airflow_env/lib/python3.6/site-packages/airflow/example_dags/example_xcomargs.py took 0.444 seconds
[2021-10-18 17:21:51,513] {processor.py:163} INFO - Started process (PID=23988) to work on /home/user/workspace/airflow/airflow_env/lib/python3.6/site-packages/airflow/example_dags/example_xcomargs.py
[2021-10-18 17:21:51,528] {processor.py:620} INFO - Processing file /home/user/workspace/airflow/airflow_env/lib/python3.6/site-packages/airflow/example_dags/example_xcomargs.py for tasks to queue
[2021-10-18 17:21:51,531] {logging_mixin.py:109} INFO - [2021-10-18 17:21:51,530] {dagbag.py:500} INFO - Filling up the DagBag from /home/user/workspace/airflow/airflow_env/lib/python3.6/site-packages/airflow/example_dags/example_xcomargs.py
[2021-10-18 17:21:51,617] {processor.py:632} INFO - DAG(s) dict_keys(['example_xcom_args', 'example_xcom_args_with_operators']) retrieved from /home/user/workspace/airflow/airflow_env/lib/python3.6/site-packages/airflow/example_dags/example_xcomargs.py
[2021-10-18 17:21:52,033] {logging_mixin.py:109} INFO - [2021-10-18 17:21:52,033] {dag.py:2389} INFO - Sync 2 DAGs
[2021-10-18 17:21:52,043] {logging_mixin.py:109} INFO - [2021-10-18 17:21:52,043] {dag.py:2914} INFO - Setting next_dagrun for example_xcom_args to None
[2021-10-18 17:21:52,043] {logging_mixin.py:109} INFO - [2021-10-18 17:21:52,043] {dag.py:2914} INFO - Setting next_dagrun for example_xcom_args_with_operators to None
[2021-10-18 17:21:52,052] {processor.py:171} INFO - Processing /home/user/workspace/airflow/airflow_env/lib/python3.6/site-packages/airflow/example_dags/example_xcomargs.py took 0.546 seconds
[2021-10-18 17:22:31,767] {processor.py:163} INFO - Started process (PID=24093) to work on /home/user/workspace/airflow/airflow_env/lib/python3.6/site-packages/airflow/example_dags/example_xcomargs.py
[2021-10-18 17:22:31,769] {processor.py:620} INFO - Processing file /home/user/workspace/airflow/airflow_env/lib/python3.6/site-packages/airflow/example_dags/example_xcomargs.py for tasks to queue
[2021-10-18 17:22:31,770] {logging_mixin.py:109} INFO - [2021-10-18 17:22:31,770] {dagbag.py:500} INFO - Filling up the DagBag from /home/user/workspace/airflow/airflow_env/lib/python3.6/site-packages/airflow/example_dags/example_xcomargs.py
[2021-10-18 17:22:31,829] {processor.py:632} INFO - DAG(s) dict_keys(['example_xcom_args', 'example_xcom_args_with_operators']) retrieved from /home/user/workspace/airflow/airflow_env/lib/python3.6/site-packages/airflow/example_dags/example_xcomargs.py
[2021-10-18 17:22:32,129] {logging_mixin.py:109} INFO - [2021-10-18 17:22:32,129] {dag.py:2389} INFO - Sync 2 DAGs
[2021-10-18 17:22:32,138] {logging_mixin.py:109} INFO - [2021-10-18 17:22:32,138] {dag.py:2914} INFO - Setting next_dagrun for example_xcom_args to None
[2021-10-18 17:22:32,138] {logging_mixin.py:109} INFO - [2021-10-18 17:22:32,138] {dag.py:2914} INFO - Setting next_dagrun for example_xcom_args_with_operators to None
[2021-10-18 17:22:32,147] {processor.py:171} INFO - Processing /home/user/workspace/airflow/airflow_env/lib/python3.6/site-packages/airflow/example_dags/example_xcomargs.py took 0.385 seconds
[2021-10-18 17:23:27,316] {processor.py:163} INFO - Started process (PID=24194) to work on /home/user/workspace/airflow/airflow_env/lib/python3.6/site-packages/airflow/example_dags/example_xcomargs.py
[2021-10-18 17:23:27,317] {processor.py:620} INFO - Processing file /home/user/workspace/airflow/airflow_env/lib/python3.6/site-packages/airflow/example_dags/example_xcomargs.py for tasks to queue
[2021-10-18 17:23:27,317] {logging_mixin.py:109} INFO - [2021-10-18 17:23:27,317] {dagbag.py:500} INFO - Filling up the DagBag from /home/user/workspace/airflow/airflow_env/lib/python3.6/site-packages/airflow/example_dags/example_xcomargs.py
[2021-10-18 17:23:27,343] {processor.py:632} INFO - DAG(s) dict_keys(['example_xcom_args', 'example_xcom_args_with_operators']) retrieved from /home/user/workspace/airflow/airflow_env/lib/python3.6/site-packages/airflow/example_dags/example_xcomargs.py
[2021-10-18 17:23:27,645] {logging_mixin.py:109} INFO - [2021-10-18 17:23:27,645] {dag.py:2389} INFO - Sync 2 DAGs
[2021-10-18 17:23:27,656] {logging_mixin.py:109} INFO - [2021-10-18 17:23:27,656] {dag.py:2914} INFO - Setting next_dagrun for example_xcom_args to None
[2021-10-18 17:23:27,656] {logging_mixin.py:109} INFO - [2021-10-18 17:23:27,656] {dag.py:2914} INFO - Setting next_dagrun for example_xcom_args_with_operators to None
[2021-10-18 17:23:27,666] {processor.py:171} INFO - Processing /home/user/workspace/airflow/airflow_env/lib/python3.6/site-packages/airflow/example_dags/example_xcomargs.py took 0.353 seconds
[2021-10-18 17:24:21,225] {processor.py:163} INFO - Started process (PID=24299) to work on /home/user/workspace/airflow/airflow_env/lib/python3.6/site-packages/airflow/example_dags/example_xcomargs.py
[2021-10-18 17:24:21,231] {processor.py:620} INFO - Processing file /home/user/workspace/airflow/airflow_env/lib/python3.6/site-packages/airflow/example_dags/example_xcomargs.py for tasks to queue
[2021-10-18 17:24:21,238] {logging_mixin.py:109} INFO - [2021-10-18 17:24:21,236] {dagbag.py:500} INFO - Filling up the DagBag from /home/user/workspace/airflow/airflow_env/lib/python3.6/site-packages/airflow/example_dags/example_xcomargs.py
[2021-10-18 17:24:21,328] {processor.py:632} INFO - DAG(s) dict_keys(['example_xcom_args', 'example_xcom_args_with_operators']) retrieved from /home/user/workspace/airflow/airflow_env/lib/python3.6/site-packages/airflow/example_dags/example_xcomargs.py
[2021-10-18 17:24:21,734] {logging_mixin.py:109} INFO - [2021-10-18 17:24:21,734] {dag.py:2389} INFO - Sync 2 DAGs
[2021-10-18 17:24:21,762] {logging_mixin.py:109} INFO - [2021-10-18 17:24:21,762] {dag.py:2914} INFO - Setting next_dagrun for example_xcom_args to None
[2021-10-18 17:24:21,763] {logging_mixin.py:109} INFO - [2021-10-18 17:24:21,762] {dag.py:2914} INFO - Setting next_dagrun for example_xcom_args_with_operators to None
[2021-10-18 17:24:21,790] {processor.py:171} INFO - Processing /home/user/workspace/airflow/airflow_env/lib/python3.6/site-packages/airflow/example_dags/example_xcomargs.py took 0.569 seconds
[2021-10-18 17:25:02,654] {processor.py:163} INFO - Started process (PID=24393) to work on /home/user/workspace/airflow/airflow_env/lib/python3.6/site-packages/airflow/example_dags/example_xcomargs.py
[2021-10-18 17:25:02,656] {processor.py:620} INFO - Processing file /home/user/workspace/airflow/airflow_env/lib/python3.6/site-packages/airflow/example_dags/example_xcomargs.py for tasks to queue
[2021-10-18 17:25:02,658] {logging_mixin.py:109} INFO - [2021-10-18 17:25:02,658] {dagbag.py:500} INFO - Filling up the DagBag from /home/user/workspace/airflow/airflow_env/lib/python3.6/site-packages/airflow/example_dags/example_xcomargs.py
[2021-10-18 17:25:02,720] {processor.py:632} INFO - DAG(s) dict_keys(['example_xcom_args', 'example_xcom_args_with_operators']) retrieved from /home/user/workspace/airflow/airflow_env/lib/python3.6/site-packages/airflow/example_dags/example_xcomargs.py
[2021-10-18 17:25:03,194] {logging_mixin.py:109} INFO - [2021-10-18 17:25:03,194] {dag.py:2389} INFO - Sync 2 DAGs
[2021-10-18 17:25:03,207] {logging_mixin.py:109} INFO - [2021-10-18 17:25:03,207] {dag.py:2914} INFO - Setting next_dagrun for example_xcom_args to None
[2021-10-18 17:25:03,207] {logging_mixin.py:109} INFO - [2021-10-18 17:25:03,207] {dag.py:2914} INFO - Setting next_dagrun for example_xcom_args_with_operators to None
[2021-10-18 17:25:03,218] {processor.py:171} INFO - Processing /home/user/workspace/airflow/airflow_env/lib/python3.6/site-packages/airflow/example_dags/example_xcomargs.py took 0.570 seconds
[2021-10-18 17:25:43,701] {processor.py:163} INFO - Started process (PID=24543) to work on /home/user/workspace/airflow/airflow_env/lib/python3.6/site-packages/airflow/example_dags/example_xcomargs.py
[2021-10-18 17:25:43,702] {processor.py:620} INFO - Processing file /home/user/workspace/airflow/airflow_env/lib/python3.6/site-packages/airflow/example_dags/example_xcomargs.py for tasks to queue
[2021-10-18 17:25:43,703] {logging_mixin.py:109} INFO - [2021-10-18 17:25:43,703] {dagbag.py:500} INFO - Filling up the DagBag from /home/user/workspace/airflow/airflow_env/lib/python3.6/site-packages/airflow/example_dags/example_xcomargs.py
[2021-10-18 17:25:43,727] {processor.py:632} INFO - DAG(s) dict_keys(['example_xcom_args', 'example_xcom_args_with_operators']) retrieved from /home/user/workspace/airflow/airflow_env/lib/python3.6/site-packages/airflow/example_dags/example_xcomargs.py
[2021-10-18 17:25:44,014] {logging_mixin.py:109} INFO - [2021-10-18 17:25:44,014] {dag.py:2389} INFO - Sync 2 DAGs
[2021-10-18 17:25:44,032] {logging_mixin.py:109} INFO - [2021-10-18 17:25:44,032] {dag.py:2914} INFO - Setting next_dagrun for example_xcom_args to None
[2021-10-18 17:25:44,033] {logging_mixin.py:109} INFO - [2021-10-18 17:25:44,032] {dag.py:2914} INFO - Setting next_dagrun for example_xcom_args_with_operators to None
[2021-10-18 17:25:44,044] {processor.py:171} INFO - Processing /home/user/workspace/airflow/airflow_env/lib/python3.6/site-packages/airflow/example_dags/example_xcomargs.py took 0.345 seconds
[2021-10-18 17:26:41,228] {processor.py:163} INFO - Started process (PID=24716) to work on /home/user/workspace/airflow/airflow_env/lib/python3.6/site-packages/airflow/example_dags/example_xcomargs.py
[2021-10-18 17:26:41,229] {processor.py:620} INFO - Processing file /home/user/workspace/airflow/airflow_env/lib/python3.6/site-packages/airflow/example_dags/example_xcomargs.py for tasks to queue
[2021-10-18 17:26:41,229] {logging_mixin.py:109} INFO - [2021-10-18 17:26:41,229] {dagbag.py:500} INFO - Filling up the DagBag from /home/user/workspace/airflow/airflow_env/lib/python3.6/site-packages/airflow/example_dags/example_xcomargs.py
[2021-10-18 17:26:41,259] {processor.py:632} INFO - DAG(s) dict_keys(['example_xcom_args', 'example_xcom_args_with_operators']) retrieved from /home/user/workspace/airflow/airflow_env/lib/python3.6/site-packages/airflow/example_dags/example_xcomargs.py
[2021-10-18 17:26:41,525] {logging_mixin.py:109} INFO - [2021-10-18 17:26:41,525] {dag.py:2389} INFO - Sync 2 DAGs
[2021-10-18 17:26:41,535] {logging_mixin.py:109} INFO - [2021-10-18 17:26:41,535] {dag.py:2914} INFO - Setting next_dagrun for example_xcom_args to None
[2021-10-18 17:26:41,535] {logging_mixin.py:109} INFO - [2021-10-18 17:26:41,535] {dag.py:2914} INFO - Setting next_dagrun for example_xcom_args_with_operators to None
[2021-10-18 17:26:41,543] {processor.py:171} INFO - Processing /home/user/workspace/airflow/airflow_env/lib/python3.6/site-packages/airflow/example_dags/example_xcomargs.py took 0.318 seconds
[2021-10-18 17:27:38,364] {processor.py:163} INFO - Started process (PID=24850) to work on /home/user/workspace/airflow/airflow_env/lib/python3.6/site-packages/airflow/example_dags/example_xcomargs.py
[2021-10-18 17:27:38,367] {processor.py:620} INFO - Processing file /home/user/workspace/airflow/airflow_env/lib/python3.6/site-packages/airflow/example_dags/example_xcomargs.py for tasks to queue
[2021-10-18 17:27:38,369] {logging_mixin.py:109} INFO - [2021-10-18 17:27:38,368] {dagbag.py:500} INFO - Filling up the DagBag from /home/user/workspace/airflow/airflow_env/lib/python3.6/site-packages/airflow/example_dags/example_xcomargs.py
[2021-10-18 17:27:38,443] {processor.py:632} INFO - DAG(s) dict_keys(['example_xcom_args', 'example_xcom_args_with_operators']) retrieved from /home/user/workspace/airflow/airflow_env/lib/python3.6/site-packages/airflow/example_dags/example_xcomargs.py
[2021-10-18 17:27:38,773] {logging_mixin.py:109} INFO - [2021-10-18 17:27:38,773] {dag.py:2389} INFO - Sync 2 DAGs
[2021-10-18 17:27:38,784] {logging_mixin.py:109} INFO - [2021-10-18 17:27:38,783] {dag.py:2914} INFO - Setting next_dagrun for example_xcom_args to None
[2021-10-18 17:27:38,784] {logging_mixin.py:109} INFO - [2021-10-18 17:27:38,784] {dag.py:2914} INFO - Setting next_dagrun for example_xcom_args_with_operators to None
[2021-10-18 17:27:38,794] {processor.py:171} INFO - Processing /home/user/workspace/airflow/airflow_env/lib/python3.6/site-packages/airflow/example_dags/example_xcomargs.py took 0.437 seconds
[2021-10-18 17:28:19,346] {processor.py:163} INFO - Started process (PID=24940) to work on /home/user/workspace/airflow/airflow_env/lib/python3.6/site-packages/airflow/example_dags/example_xcomargs.py
[2021-10-18 17:28:19,347] {processor.py:620} INFO - Processing file /home/user/workspace/airflow/airflow_env/lib/python3.6/site-packages/airflow/example_dags/example_xcomargs.py for tasks to queue
[2021-10-18 17:28:19,348] {logging_mixin.py:109} INFO - [2021-10-18 17:28:19,347] {dagbag.py:500} INFO - Filling up the DagBag from /home/user/workspace/airflow/airflow_env/lib/python3.6/site-packages/airflow/example_dags/example_xcomargs.py
[2021-10-18 17:28:19,374] {processor.py:632} INFO - DAG(s) dict_keys(['example_xcom_args', 'example_xcom_args_with_operators']) retrieved from /home/user/workspace/airflow/airflow_env/lib/python3.6/site-packages/airflow/example_dags/example_xcomargs.py
[2021-10-18 17:28:19,678] {logging_mixin.py:109} INFO - [2021-10-18 17:28:19,678] {dag.py:2389} INFO - Sync 2 DAGs
[2021-10-18 17:28:19,689] {logging_mixin.py:109} INFO - [2021-10-18 17:28:19,688] {dag.py:2914} INFO - Setting next_dagrun for example_xcom_args to None
[2021-10-18 17:28:19,689] {logging_mixin.py:109} INFO - [2021-10-18 17:28:19,689] {dag.py:2914} INFO - Setting next_dagrun for example_xcom_args_with_operators to None
[2021-10-18 17:28:19,698] {processor.py:171} INFO - Processing /home/user/workspace/airflow/airflow_env/lib/python3.6/site-packages/airflow/example_dags/example_xcomargs.py took 0.354 seconds
[2021-10-18 17:29:01,860] {processor.py:163} INFO - Started process (PID=25138) to work on /home/user/workspace/airflow/airflow_env/lib/python3.6/site-packages/airflow/example_dags/example_xcomargs.py
[2021-10-18 17:29:01,862] {processor.py:620} INFO - Processing file /home/user/workspace/airflow/airflow_env/lib/python3.6/site-packages/airflow/example_dags/example_xcomargs.py for tasks to queue
[2021-10-18 17:29:01,863] {logging_mixin.py:109} INFO - [2021-10-18 17:29:01,863] {dagbag.py:500} INFO - Filling up the DagBag from /home/user/workspace/airflow/airflow_env/lib/python3.6/site-packages/airflow/example_dags/example_xcomargs.py
[2021-10-18 17:29:01,910] {processor.py:632} INFO - DAG(s) dict_keys(['example_xcom_args', 'example_xcom_args_with_operators']) retrieved from /home/user/workspace/airflow/airflow_env/lib/python3.6/site-packages/airflow/example_dags/example_xcomargs.py
[2021-10-18 17:29:02,454] {logging_mixin.py:109} INFO - [2021-10-18 17:29:02,454] {dag.py:2389} INFO - Sync 2 DAGs
[2021-10-18 17:29:02,479] {logging_mixin.py:109} INFO - [2021-10-18 17:29:02,478] {dag.py:2914} INFO - Setting next_dagrun for example_xcom_args to None
[2021-10-18 17:29:02,479] {logging_mixin.py:109} INFO - [2021-10-18 17:29:02,479] {dag.py:2914} INFO - Setting next_dagrun for example_xcom_args_with_operators to None
[2021-10-18 17:29:02,499] {processor.py:171} INFO - Processing /home/user/workspace/airflow/airflow_env/lib/python3.6/site-packages/airflow/example_dags/example_xcomargs.py took 0.643 seconds
[2021-10-18 17:29:42,835] {processor.py:163} INFO - Started process (PID=25239) to work on /home/user/workspace/airflow/airflow_env/lib/python3.6/site-packages/airflow/example_dags/example_xcomargs.py
[2021-10-18 17:29:42,839] {processor.py:620} INFO - Processing file /home/user/workspace/airflow/airflow_env/lib/python3.6/site-packages/airflow/example_dags/example_xcomargs.py for tasks to queue
[2021-10-18 17:29:42,841] {logging_mixin.py:109} INFO - [2021-10-18 17:29:42,840] {dagbag.py:500} INFO - Filling up the DagBag from /home/user/workspace/airflow/airflow_env/lib/python3.6/site-packages/airflow/example_dags/example_xcomargs.py
[2021-10-18 17:29:42,937] {processor.py:632} INFO - DAG(s) dict_keys(['example_xcom_args', 'example_xcom_args_with_operators']) retrieved from /home/user/workspace/airflow/airflow_env/lib/python3.6/site-packages/airflow/example_dags/example_xcomargs.py
[2021-10-18 17:29:43,330] {logging_mixin.py:109} INFO - [2021-10-18 17:29:43,329] {dag.py:2389} INFO - Sync 2 DAGs
[2021-10-18 17:29:43,342] {logging_mixin.py:109} INFO - [2021-10-18 17:29:43,342] {dag.py:2914} INFO - Setting next_dagrun for example_xcom_args to None
[2021-10-18 17:29:43,342] {logging_mixin.py:109} INFO - [2021-10-18 17:29:43,342] {dag.py:2914} INFO - Setting next_dagrun for example_xcom_args_with_operators to None
[2021-10-18 17:29:43,353] {processor.py:171} INFO - Processing /home/user/workspace/airflow/airflow_env/lib/python3.6/site-packages/airflow/example_dags/example_xcomargs.py took 0.528 seconds
[2021-10-18 17:30:22,737] {processor.py:163} INFO - Started process (PID=25320) to work on /home/user/workspace/airflow/airflow_env/lib/python3.6/site-packages/airflow/example_dags/example_xcomargs.py
[2021-10-18 17:30:22,738] {processor.py:620} INFO - Processing file /home/user/workspace/airflow/airflow_env/lib/python3.6/site-packages/airflow/example_dags/example_xcomargs.py for tasks to queue
[2021-10-18 17:30:22,740] {logging_mixin.py:109} INFO - [2021-10-18 17:30:22,740] {dagbag.py:500} INFO - Filling up the DagBag from /home/user/workspace/airflow/airflow_env/lib/python3.6/site-packages/airflow/example_dags/example_xcomargs.py
[2021-10-18 17:30:22,800] {processor.py:632} INFO - DAG(s) dict_keys(['example_xcom_args', 'example_xcom_args_with_operators']) retrieved from /home/user/workspace/airflow/airflow_env/lib/python3.6/site-packages/airflow/example_dags/example_xcomargs.py
[2021-10-18 17:30:23,116] {logging_mixin.py:109} INFO - [2021-10-18 17:30:23,116] {dag.py:2389} INFO - Sync 2 DAGs
[2021-10-18 17:30:23,125] {logging_mixin.py:109} INFO - [2021-10-18 17:30:23,125] {dag.py:2914} INFO - Setting next_dagrun for example_xcom_args to None
[2021-10-18 17:30:23,125] {logging_mixin.py:109} INFO - [2021-10-18 17:30:23,125] {dag.py:2914} INFO - Setting next_dagrun for example_xcom_args_with_operators to None
[2021-10-18 17:30:23,134] {processor.py:171} INFO - Processing /home/user/workspace/airflow/airflow_env/lib/python3.6/site-packages/airflow/example_dags/example_xcomargs.py took 0.404 seconds
[2021-10-18 17:31:03,158] {processor.py:163} INFO - Started process (PID=25510) to work on /home/user/workspace/airflow/airflow_env/lib/python3.6/site-packages/airflow/example_dags/example_xcomargs.py
[2021-10-18 17:31:03,160] {processor.py:620} INFO - Processing file /home/user/workspace/airflow/airflow_env/lib/python3.6/site-packages/airflow/example_dags/example_xcomargs.py for tasks to queue
[2021-10-18 17:31:03,162] {logging_mixin.py:109} INFO - [2021-10-18 17:31:03,162] {dagbag.py:500} INFO - Filling up the DagBag from /home/user/workspace/airflow/airflow_env/lib/python3.6/site-packages/airflow/example_dags/example_xcomargs.py
[2021-10-18 17:31:03,228] {processor.py:632} INFO - DAG(s) dict_keys(['example_xcom_args', 'example_xcom_args_with_operators']) retrieved from /home/user/workspace/airflow/airflow_env/lib/python3.6/site-packages/airflow/example_dags/example_xcomargs.py
[2021-10-18 17:31:03,626] {logging_mixin.py:109} INFO - [2021-10-18 17:31:03,626] {dag.py:2389} INFO - Sync 2 DAGs
[2021-10-18 17:31:03,636] {logging_mixin.py:109} INFO - [2021-10-18 17:31:03,636] {dag.py:2914} INFO - Setting next_dagrun for example_xcom_args to None
[2021-10-18 17:31:03,636] {logging_mixin.py:109} INFO - [2021-10-18 17:31:03,636] {dag.py:2914} INFO - Setting next_dagrun for example_xcom_args_with_operators to None
[2021-10-18 17:31:03,645] {processor.py:171} INFO - Processing /home/user/workspace/airflow/airflow_env/lib/python3.6/site-packages/airflow/example_dags/example_xcomargs.py took 0.496 seconds
[2021-10-18 17:31:45,208] {processor.py:163} INFO - Started process (PID=25582) to work on /home/user/workspace/airflow/airflow_env/lib/python3.6/site-packages/airflow/example_dags/example_xcomargs.py
[2021-10-18 17:31:45,220] {processor.py:620} INFO - Processing file /home/user/workspace/airflow/airflow_env/lib/python3.6/site-packages/airflow/example_dags/example_xcomargs.py for tasks to queue
[2021-10-18 17:31:45,221] {logging_mixin.py:109} INFO - [2021-10-18 17:31:45,221] {dagbag.py:500} INFO - Filling up the DagBag from /home/user/workspace/airflow/airflow_env/lib/python3.6/site-packages/airflow/example_dags/example_xcomargs.py
[2021-10-18 17:31:45,278] {processor.py:632} INFO - DAG(s) dict_keys(['example_xcom_args', 'example_xcom_args_with_operators']) retrieved from /home/user/workspace/airflow/airflow_env/lib/python3.6/site-packages/airflow/example_dags/example_xcomargs.py
[2021-10-18 17:31:45,585] {logging_mixin.py:109} INFO - [2021-10-18 17:31:45,585] {dag.py:2389} INFO - Sync 2 DAGs
[2021-10-18 17:31:45,594] {logging_mixin.py:109} INFO - [2021-10-18 17:31:45,594] {dag.py:2914} INFO - Setting next_dagrun for example_xcom_args to None
[2021-10-18 17:31:45,594] {logging_mixin.py:109} INFO - [2021-10-18 17:31:45,594] {dag.py:2914} INFO - Setting next_dagrun for example_xcom_args_with_operators to None
[2021-10-18 17:31:45,603] {processor.py:171} INFO - Processing /home/user/workspace/airflow/airflow_env/lib/python3.6/site-packages/airflow/example_dags/example_xcomargs.py took 0.400 seconds
[2021-10-18 17:32:26,329] {processor.py:163} INFO - Started process (PID=25759) to work on /home/user/workspace/airflow/airflow_env/lib/python3.6/site-packages/airflow/example_dags/example_xcomargs.py
[2021-10-18 17:32:26,332] {processor.py:620} INFO - Processing file /home/user/workspace/airflow/airflow_env/lib/python3.6/site-packages/airflow/example_dags/example_xcomargs.py for tasks to queue
[2021-10-18 17:32:26,334] {logging_mixin.py:109} INFO - [2021-10-18 17:32:26,333] {dagbag.py:500} INFO - Filling up the DagBag from /home/user/workspace/airflow/airflow_env/lib/python3.6/site-packages/airflow/example_dags/example_xcomargs.py
[2021-10-18 17:32:26,441] {processor.py:632} INFO - DAG(s) dict_keys(['example_xcom_args', 'example_xcom_args_with_operators']) retrieved from /home/user/workspace/airflow/airflow_env/lib/python3.6/site-packages/airflow/example_dags/example_xcomargs.py
[2021-10-18 17:32:27,031] {logging_mixin.py:109} INFO - [2021-10-18 17:32:27,031] {dag.py:2389} INFO - Sync 2 DAGs
[2021-10-18 17:32:27,045] {logging_mixin.py:109} INFO - [2021-10-18 17:32:27,045] {dag.py:2914} INFO - Setting next_dagrun for example_xcom_args to None
[2021-10-18 17:32:27,046] {logging_mixin.py:109} INFO - [2021-10-18 17:32:27,046] {dag.py:2914} INFO - Setting next_dagrun for example_xcom_args_with_operators to None
[2021-10-18 17:32:27,067] {processor.py:171} INFO - Processing /home/user/workspace/airflow/airflow_env/lib/python3.6/site-packages/airflow/example_dags/example_xcomargs.py took 0.746 seconds
[2021-10-18 17:33:09,796] {processor.py:163} INFO - Started process (PID=25859) to work on /home/user/workspace/airflow/airflow_env/lib/python3.6/site-packages/airflow/example_dags/example_xcomargs.py
[2021-10-18 17:33:09,798] {processor.py:620} INFO - Processing file /home/user/workspace/airflow/airflow_env/lib/python3.6/site-packages/airflow/example_dags/example_xcomargs.py for tasks to queue
[2021-10-18 17:33:09,799] {logging_mixin.py:109} INFO - [2021-10-18 17:33:09,799] {dagbag.py:500} INFO - Filling up the DagBag from /home/user/workspace/airflow/airflow_env/lib/python3.6/site-packages/airflow/example_dags/example_xcomargs.py
[2021-10-18 17:33:09,871] {processor.py:632} INFO - DAG(s) dict_keys(['example_xcom_args', 'example_xcom_args_with_operators']) retrieved from /home/user/workspace/airflow/airflow_env/lib/python3.6/site-packages/airflow/example_dags/example_xcomargs.py
[2021-10-18 17:33:10,181] {logging_mixin.py:109} INFO - [2021-10-18 17:33:10,180] {dag.py:2389} INFO - Sync 2 DAGs
[2021-10-18 17:33:10,192] {logging_mixin.py:109} INFO - [2021-10-18 17:33:10,192] {dag.py:2914} INFO - Setting next_dagrun for example_xcom_args to None
[2021-10-18 17:33:10,192] {logging_mixin.py:109} INFO - [2021-10-18 17:33:10,192] {dag.py:2914} INFO - Setting next_dagrun for example_xcom_args_with_operators to None
[2021-10-18 17:33:10,201] {processor.py:171} INFO - Processing /home/user/workspace/airflow/airflow_env/lib/python3.6/site-packages/airflow/example_dags/example_xcomargs.py took 0.411 seconds
[2021-10-18 17:34:05,455] {processor.py:163} INFO - Started process (PID=25960) to work on /home/user/workspace/airflow/airflow_env/lib/python3.6/site-packages/airflow/example_dags/example_xcomargs.py
[2021-10-18 17:34:05,467] {processor.py:620} INFO - Processing file /home/user/workspace/airflow/airflow_env/lib/python3.6/site-packages/airflow/example_dags/example_xcomargs.py for tasks to queue
[2021-10-18 17:34:05,469] {logging_mixin.py:109} INFO - [2021-10-18 17:34:05,468] {dagbag.py:500} INFO - Filling up the DagBag from /home/user/workspace/airflow/airflow_env/lib/python3.6/site-packages/airflow/example_dags/example_xcomargs.py
[2021-10-18 17:34:05,524] {processor.py:632} INFO - DAG(s) dict_keys(['example_xcom_args', 'example_xcom_args_with_operators']) retrieved from /home/user/workspace/airflow/airflow_env/lib/python3.6/site-packages/airflow/example_dags/example_xcomargs.py
[2021-10-18 17:34:05,823] {logging_mixin.py:109} INFO - [2021-10-18 17:34:05,823] {dag.py:2389} INFO - Sync 2 DAGs
[2021-10-18 17:34:05,834] {logging_mixin.py:109} INFO - [2021-10-18 17:34:05,834] {dag.py:2914} INFO - Setting next_dagrun for example_xcom_args to None
[2021-10-18 17:34:05,834] {logging_mixin.py:109} INFO - [2021-10-18 17:34:05,834] {dag.py:2914} INFO - Setting next_dagrun for example_xcom_args_with_operators to None
[2021-10-18 17:34:05,843] {processor.py:171} INFO - Processing /home/user/workspace/airflow/airflow_env/lib/python3.6/site-packages/airflow/example_dags/example_xcomargs.py took 0.393 seconds
[2021-10-18 17:34:43,756] {processor.py:163} INFO - Started process (PID=26028) to work on /home/user/workspace/airflow/airflow_env/lib/python3.6/site-packages/airflow/example_dags/example_xcomargs.py
[2021-10-18 17:34:43,758] {processor.py:620} INFO - Processing file /home/user/workspace/airflow/airflow_env/lib/python3.6/site-packages/airflow/example_dags/example_xcomargs.py for tasks to queue
[2021-10-18 17:34:43,760] {logging_mixin.py:109} INFO - [2021-10-18 17:34:43,759] {dagbag.py:500} INFO - Filling up the DagBag from /home/user/workspace/airflow/airflow_env/lib/python3.6/site-packages/airflow/example_dags/example_xcomargs.py
[2021-10-18 17:34:43,826] {processor.py:632} INFO - DAG(s) dict_keys(['example_xcom_args', 'example_xcom_args_with_operators']) retrieved from /home/user/workspace/airflow/airflow_env/lib/python3.6/site-packages/airflow/example_dags/example_xcomargs.py
[2021-10-18 17:34:44,198] {logging_mixin.py:109} INFO - [2021-10-18 17:34:44,198] {dag.py:2389} INFO - Sync 2 DAGs
[2021-10-18 17:34:44,210] {logging_mixin.py:109} INFO - [2021-10-18 17:34:44,210] {dag.py:2914} INFO - Setting next_dagrun for example_xcom_args to None
[2021-10-18 17:34:44,210] {logging_mixin.py:109} INFO - [2021-10-18 17:34:44,210] {dag.py:2914} INFO - Setting next_dagrun for example_xcom_args_with_operators to None
[2021-10-18 17:34:44,219] {processor.py:171} INFO - Processing /home/user/workspace/airflow/airflow_env/lib/python3.6/site-packages/airflow/example_dags/example_xcomargs.py took 0.469 seconds
[2021-10-18 17:35:23,715] {processor.py:163} INFO - Started process (PID=26115) to work on /home/user/workspace/airflow/airflow_env/lib/python3.6/site-packages/airflow/example_dags/example_xcomargs.py
[2021-10-18 17:35:23,717] {processor.py:620} INFO - Processing file /home/user/workspace/airflow/airflow_env/lib/python3.6/site-packages/airflow/example_dags/example_xcomargs.py for tasks to queue
[2021-10-18 17:35:23,719] {logging_mixin.py:109} INFO - [2021-10-18 17:35:23,718] {dagbag.py:500} INFO - Filling up the DagBag from /home/user/workspace/airflow/airflow_env/lib/python3.6/site-packages/airflow/example_dags/example_xcomargs.py
[2021-10-18 17:35:23,790] {processor.py:632} INFO - DAG(s) dict_keys(['example_xcom_args', 'example_xcom_args_with_operators']) retrieved from /home/user/workspace/airflow/airflow_env/lib/python3.6/site-packages/airflow/example_dags/example_xcomargs.py
[2021-10-18 17:35:24,148] {logging_mixin.py:109} INFO - [2021-10-18 17:35:24,147] {dag.py:2389} INFO - Sync 2 DAGs
[2021-10-18 17:35:24,162] {logging_mixin.py:109} INFO - [2021-10-18 17:35:24,162] {dag.py:2914} INFO - Setting next_dagrun for example_xcom_args to None
[2021-10-18 17:35:24,162] {logging_mixin.py:109} INFO - [2021-10-18 17:35:24,162] {dag.py:2914} INFO - Setting next_dagrun for example_xcom_args_with_operators to None
[2021-10-18 17:35:24,174] {processor.py:171} INFO - Processing /home/user/workspace/airflow/airflow_env/lib/python3.6/site-packages/airflow/example_dags/example_xcomargs.py took 0.466 seconds
[2021-10-18 17:36:03,093] {processor.py:163} INFO - Started process (PID=26276) to work on /home/user/workspace/airflow/airflow_env/lib/python3.6/site-packages/airflow/example_dags/example_xcomargs.py
[2021-10-18 17:36:03,105] {processor.py:620} INFO - Processing file /home/user/workspace/airflow/airflow_env/lib/python3.6/site-packages/airflow/example_dags/example_xcomargs.py for tasks to queue
[2021-10-18 17:36:03,107] {logging_mixin.py:109} INFO - [2021-10-18 17:36:03,107] {dagbag.py:500} INFO - Filling up the DagBag from /home/user/workspace/airflow/airflow_env/lib/python3.6/site-packages/airflow/example_dags/example_xcomargs.py
[2021-10-18 17:36:03,202] {processor.py:632} INFO - DAG(s) dict_keys(['example_xcom_args', 'example_xcom_args_with_operators']) retrieved from /home/user/workspace/airflow/airflow_env/lib/python3.6/site-packages/airflow/example_dags/example_xcomargs.py
[2021-10-18 17:36:03,603] {logging_mixin.py:109} INFO - [2021-10-18 17:36:03,603] {dag.py:2389} INFO - Sync 2 DAGs
[2021-10-18 17:36:03,620] {logging_mixin.py:109} INFO - [2021-10-18 17:36:03,620] {dag.py:2914} INFO - Setting next_dagrun for example_xcom_args to None
[2021-10-18 17:36:03,621] {logging_mixin.py:109} INFO - [2021-10-18 17:36:03,620] {dag.py:2914} INFO - Setting next_dagrun for example_xcom_args_with_operators to None
[2021-10-18 17:36:03,634] {processor.py:171} INFO - Processing /home/user/workspace/airflow/airflow_env/lib/python3.6/site-packages/airflow/example_dags/example_xcomargs.py took 0.550 seconds
[2021-10-18 17:36:42,907] {processor.py:163} INFO - Started process (PID=26361) to work on /home/user/workspace/airflow/airflow_env/lib/python3.6/site-packages/airflow/example_dags/example_xcomargs.py
[2021-10-18 17:36:42,909] {processor.py:620} INFO - Processing file /home/user/workspace/airflow/airflow_env/lib/python3.6/site-packages/airflow/example_dags/example_xcomargs.py for tasks to queue
[2021-10-18 17:36:42,911] {logging_mixin.py:109} INFO - [2021-10-18 17:36:42,910] {dagbag.py:500} INFO - Filling up the DagBag from /home/user/workspace/airflow/airflow_env/lib/python3.6/site-packages/airflow/example_dags/example_xcomargs.py
[2021-10-18 17:36:42,982] {processor.py:632} INFO - DAG(s) dict_keys(['example_xcom_args', 'example_xcom_args_with_operators']) retrieved from /home/user/workspace/airflow/airflow_env/lib/python3.6/site-packages/airflow/example_dags/example_xcomargs.py
[2021-10-18 17:36:43,307] {logging_mixin.py:109} INFO - [2021-10-18 17:36:43,307] {dag.py:2389} INFO - Sync 2 DAGs
[2021-10-18 17:36:43,317] {logging_mixin.py:109} INFO - [2021-10-18 17:36:43,317] {dag.py:2914} INFO - Setting next_dagrun for example_xcom_args to None
[2021-10-18 17:36:43,318] {logging_mixin.py:109} INFO - [2021-10-18 17:36:43,318] {dag.py:2914} INFO - Setting next_dagrun for example_xcom_args_with_operators to None
[2021-10-18 17:36:43,328] {processor.py:171} INFO - Processing /home/user/workspace/airflow/airflow_env/lib/python3.6/site-packages/airflow/example_dags/example_xcomargs.py took 0.427 seconds
[2021-10-18 17:37:24,111] {processor.py:163} INFO - Started process (PID=26461) to work on /home/user/workspace/airflow/airflow_env/lib/python3.6/site-packages/airflow/example_dags/example_xcomargs.py
[2021-10-18 17:37:24,113] {processor.py:620} INFO - Processing file /home/user/workspace/airflow/airflow_env/lib/python3.6/site-packages/airflow/example_dags/example_xcomargs.py for tasks to queue
[2021-10-18 17:37:24,115] {logging_mixin.py:109} INFO - [2021-10-18 17:37:24,114] {dagbag.py:500} INFO - Filling up the DagBag from /home/user/workspace/airflow/airflow_env/lib/python3.6/site-packages/airflow/example_dags/example_xcomargs.py
[2021-10-18 17:37:24,215] {processor.py:632} INFO - DAG(s) dict_keys(['example_xcom_args', 'example_xcom_args_with_operators']) retrieved from /home/user/workspace/airflow/airflow_env/lib/python3.6/site-packages/airflow/example_dags/example_xcomargs.py
[2021-10-18 17:37:24,581] {logging_mixin.py:109} INFO - [2021-10-18 17:37:24,581] {dag.py:2389} INFO - Sync 2 DAGs
[2021-10-18 17:37:24,591] {logging_mixin.py:109} INFO - [2021-10-18 17:37:24,591] {dag.py:2914} INFO - Setting next_dagrun for example_xcom_args to None
[2021-10-18 17:37:24,591] {logging_mixin.py:109} INFO - [2021-10-18 17:37:24,591] {dag.py:2914} INFO - Setting next_dagrun for example_xcom_args_with_operators to None
[2021-10-18 17:37:24,601] {processor.py:171} INFO - Processing /home/user/workspace/airflow/airflow_env/lib/python3.6/site-packages/airflow/example_dags/example_xcomargs.py took 0.498 seconds
[2021-10-18 17:38:03,893] {processor.py:163} INFO - Started process (PID=26552) to work on /home/user/workspace/airflow/airflow_env/lib/python3.6/site-packages/airflow/example_dags/example_xcomargs.py
[2021-10-18 17:38:03,906] {processor.py:620} INFO - Processing file /home/user/workspace/airflow/airflow_env/lib/python3.6/site-packages/airflow/example_dags/example_xcomargs.py for tasks to queue
[2021-10-18 17:38:03,908] {logging_mixin.py:109} INFO - [2021-10-18 17:38:03,908] {dagbag.py:500} INFO - Filling up the DagBag from /home/user/workspace/airflow/airflow_env/lib/python3.6/site-packages/airflow/example_dags/example_xcomargs.py
[2021-10-18 17:38:03,982] {processor.py:632} INFO - DAG(s) dict_keys(['example_xcom_args', 'example_xcom_args_with_operators']) retrieved from /home/user/workspace/airflow/airflow_env/lib/python3.6/site-packages/airflow/example_dags/example_xcomargs.py
[2021-10-18 17:38:04,336] {logging_mixin.py:109} INFO - [2021-10-18 17:38:04,336] {dag.py:2389} INFO - Sync 2 DAGs
[2021-10-18 17:38:04,349] {logging_mixin.py:109} INFO - [2021-10-18 17:38:04,348] {dag.py:2914} INFO - Setting next_dagrun for example_xcom_args to None
[2021-10-18 17:38:04,349] {logging_mixin.py:109} INFO - [2021-10-18 17:38:04,349] {dag.py:2914} INFO - Setting next_dagrun for example_xcom_args_with_operators to None
[2021-10-18 17:38:04,362] {processor.py:171} INFO - Processing /home/user/workspace/airflow/airflow_env/lib/python3.6/site-packages/airflow/example_dags/example_xcomargs.py took 0.475 seconds
[2021-10-18 17:38:46,666] {processor.py:163} INFO - Started process (PID=26616) to work on /home/user/workspace/airflow/airflow_env/lib/python3.6/site-packages/airflow/example_dags/example_xcomargs.py
[2021-10-18 17:38:46,668] {processor.py:620} INFO - Processing file /home/user/workspace/airflow/airflow_env/lib/python3.6/site-packages/airflow/example_dags/example_xcomargs.py for tasks to queue
[2021-10-18 17:38:46,670] {logging_mixin.py:109} INFO - [2021-10-18 17:38:46,670] {dagbag.py:500} INFO - Filling up the DagBag from /home/user/workspace/airflow/airflow_env/lib/python3.6/site-packages/airflow/example_dags/example_xcomargs.py
[2021-10-18 17:38:46,741] {processor.py:632} INFO - DAG(s) dict_keys(['example_xcom_args', 'example_xcom_args_with_operators']) retrieved from /home/user/workspace/airflow/airflow_env/lib/python3.6/site-packages/airflow/example_dags/example_xcomargs.py
[2021-10-18 17:38:47,054] {logging_mixin.py:109} INFO - [2021-10-18 17:38:47,054] {dag.py:2389} INFO - Sync 2 DAGs
[2021-10-18 17:38:47,064] {logging_mixin.py:109} INFO - [2021-10-18 17:38:47,063] {dag.py:2914} INFO - Setting next_dagrun for example_xcom_args to None
[2021-10-18 17:38:47,064] {logging_mixin.py:109} INFO - [2021-10-18 17:38:47,064] {dag.py:2914} INFO - Setting next_dagrun for example_xcom_args_with_operators to None
[2021-10-18 17:38:47,073] {processor.py:171} INFO - Processing /home/user/workspace/airflow/airflow_env/lib/python3.6/site-packages/airflow/example_dags/example_xcomargs.py took 0.413 seconds
[2021-10-18 17:39:29,412] {processor.py:163} INFO - Started process (PID=26712) to work on /home/user/workspace/airflow/airflow_env/lib/python3.6/site-packages/airflow/example_dags/example_xcomargs.py
[2021-10-18 17:39:29,415] {processor.py:620} INFO - Processing file /home/user/workspace/airflow/airflow_env/lib/python3.6/site-packages/airflow/example_dags/example_xcomargs.py for tasks to queue
[2021-10-18 17:39:29,416] {logging_mixin.py:109} INFO - [2021-10-18 17:39:29,416] {dagbag.py:500} INFO - Filling up the DagBag from /home/user/workspace/airflow/airflow_env/lib/python3.6/site-packages/airflow/example_dags/example_xcomargs.py
[2021-10-18 17:39:29,513] {processor.py:632} INFO - DAG(s) dict_keys(['example_xcom_args', 'example_xcom_args_with_operators']) retrieved from /home/user/workspace/airflow/airflow_env/lib/python3.6/site-packages/airflow/example_dags/example_xcomargs.py
[2021-10-18 17:39:30,081] {logging_mixin.py:109} INFO - [2021-10-18 17:39:30,081] {dag.py:2389} INFO - Sync 2 DAGs
[2021-10-18 17:39:30,090] {logging_mixin.py:109} INFO - [2021-10-18 17:39:30,090] {dag.py:2914} INFO - Setting next_dagrun for example_xcom_args to None
[2021-10-18 17:39:30,091] {logging_mixin.py:109} INFO - [2021-10-18 17:39:30,091] {dag.py:2914} INFO - Setting next_dagrun for example_xcom_args_with_operators to None
[2021-10-18 17:39:30,099] {processor.py:171} INFO - Processing /home/user/workspace/airflow/airflow_env/lib/python3.6/site-packages/airflow/example_dags/example_xcomargs.py took 0.694 seconds
[2021-10-18 17:40:14,638] {processor.py:163} INFO - Started process (PID=26915) to work on /home/user/workspace/airflow/airflow_env/lib/python3.6/site-packages/airflow/example_dags/example_xcomargs.py
[2021-10-18 17:40:14,640] {processor.py:620} INFO - Processing file /home/user/workspace/airflow/airflow_env/lib/python3.6/site-packages/airflow/example_dags/example_xcomargs.py for tasks to queue
[2021-10-18 17:40:14,642] {logging_mixin.py:109} INFO - [2021-10-18 17:40:14,642] {dagbag.py:500} INFO - Filling up the DagBag from /home/user/workspace/airflow/airflow_env/lib/python3.6/site-packages/airflow/example_dags/example_xcomargs.py
[2021-10-18 17:40:14,684] {processor.py:632} INFO - DAG(s) dict_keys(['example_xcom_args', 'example_xcom_args_with_operators']) retrieved from /home/user/workspace/airflow/airflow_env/lib/python3.6/site-packages/airflow/example_dags/example_xcomargs.py
[2021-10-18 17:40:15,198] {logging_mixin.py:109} INFO - [2021-10-18 17:40:15,198] {dag.py:2389} INFO - Sync 2 DAGs
[2021-10-18 17:40:15,220] {logging_mixin.py:109} INFO - [2021-10-18 17:40:15,220] {dag.py:2914} INFO - Setting next_dagrun for example_xcom_args to None
[2021-10-18 17:40:15,221] {logging_mixin.py:109} INFO - [2021-10-18 17:40:15,221] {dag.py:2914} INFO - Setting next_dagrun for example_xcom_args_with_operators to None
[2021-10-18 17:40:15,254] {processor.py:171} INFO - Processing /home/user/workspace/airflow/airflow_env/lib/python3.6/site-packages/airflow/example_dags/example_xcomargs.py took 0.619 seconds
[2021-10-18 17:40:56,116] {processor.py:163} INFO - Started process (PID=26999) to work on /home/user/workspace/airflow/airflow_env/lib/python3.6/site-packages/airflow/example_dags/example_xcomargs.py
[2021-10-18 17:40:56,118] {processor.py:620} INFO - Processing file /home/user/workspace/airflow/airflow_env/lib/python3.6/site-packages/airflow/example_dags/example_xcomargs.py for tasks to queue
[2021-10-18 17:40:56,119] {logging_mixin.py:109} INFO - [2021-10-18 17:40:56,119] {dagbag.py:500} INFO - Filling up the DagBag from /home/user/workspace/airflow/airflow_env/lib/python3.6/site-packages/airflow/example_dags/example_xcomargs.py
[2021-10-18 17:40:56,179] {processor.py:632} INFO - DAG(s) dict_keys(['example_xcom_args', 'example_xcom_args_with_operators']) retrieved from /home/user/workspace/airflow/airflow_env/lib/python3.6/site-packages/airflow/example_dags/example_xcomargs.py
[2021-10-18 17:40:56,500] {logging_mixin.py:109} INFO - [2021-10-18 17:40:56,500] {dag.py:2389} INFO - Sync 2 DAGs
[2021-10-18 17:40:56,519] {logging_mixin.py:109} INFO - [2021-10-18 17:40:56,519] {dag.py:2914} INFO - Setting next_dagrun for example_xcom_args to None
[2021-10-18 17:40:56,519] {logging_mixin.py:109} INFO - [2021-10-18 17:40:56,519] {dag.py:2914} INFO - Setting next_dagrun for example_xcom_args_with_operators to None
[2021-10-18 17:40:56,534] {processor.py:171} INFO - Processing /home/user/workspace/airflow/airflow_env/lib/python3.6/site-packages/airflow/example_dags/example_xcomargs.py took 0.425 seconds
[2021-10-18 17:41:33,781] {processor.py:163} INFO - Started process (PID=27062) to work on /home/user/workspace/airflow/airflow_env/lib/python3.6/site-packages/airflow/example_dags/example_xcomargs.py
[2021-10-18 17:41:33,783] {processor.py:620} INFO - Processing file /home/user/workspace/airflow/airflow_env/lib/python3.6/site-packages/airflow/example_dags/example_xcomargs.py for tasks to queue
[2021-10-18 17:41:33,785] {logging_mixin.py:109} INFO - [2021-10-18 17:41:33,785] {dagbag.py:500} INFO - Filling up the DagBag from /home/user/workspace/airflow/airflow_env/lib/python3.6/site-packages/airflow/example_dags/example_xcomargs.py
[2021-10-18 17:41:33,867] {processor.py:632} INFO - DAG(s) dict_keys(['example_xcom_args', 'example_xcom_args_with_operators']) retrieved from /home/user/workspace/airflow/airflow_env/lib/python3.6/site-packages/airflow/example_dags/example_xcomargs.py
[2021-10-18 17:41:34,238] {logging_mixin.py:109} INFO - [2021-10-18 17:41:34,238] {dag.py:2389} INFO - Sync 2 DAGs
[2021-10-18 17:41:34,250] {logging_mixin.py:109} INFO - [2021-10-18 17:41:34,250] {dag.py:2914} INFO - Setting next_dagrun for example_xcom_args to None
[2021-10-18 17:41:34,250] {logging_mixin.py:109} INFO - [2021-10-18 17:41:34,250] {dag.py:2914} INFO - Setting next_dagrun for example_xcom_args_with_operators to None
[2021-10-18 17:41:34,262] {processor.py:171} INFO - Processing /home/user/workspace/airflow/airflow_env/lib/python3.6/site-packages/airflow/example_dags/example_xcomargs.py took 0.489 seconds
[2021-10-18 17:42:13,747] {processor.py:163} INFO - Started process (PID=27121) to work on /home/user/workspace/airflow/airflow_env/lib/python3.6/site-packages/airflow/example_dags/example_xcomargs.py
[2021-10-18 17:42:13,750] {processor.py:620} INFO - Processing file /home/user/workspace/airflow/airflow_env/lib/python3.6/site-packages/airflow/example_dags/example_xcomargs.py for tasks to queue
[2021-10-18 17:42:13,751] {logging_mixin.py:109} INFO - [2021-10-18 17:42:13,751] {dagbag.py:500} INFO - Filling up the DagBag from /home/user/workspace/airflow/airflow_env/lib/python3.6/site-packages/airflow/example_dags/example_xcomargs.py
[2021-10-18 17:42:13,807] {processor.py:632} INFO - DAG(s) dict_keys(['example_xcom_args', 'example_xcom_args_with_operators']) retrieved from /home/user/workspace/airflow/airflow_env/lib/python3.6/site-packages/airflow/example_dags/example_xcomargs.py
[2021-10-18 17:42:14,113] {logging_mixin.py:109} INFO - [2021-10-18 17:42:14,113] {dag.py:2389} INFO - Sync 2 DAGs
[2021-10-18 17:42:14,125] {logging_mixin.py:109} INFO - [2021-10-18 17:42:14,125] {dag.py:2914} INFO - Setting next_dagrun for example_xcom_args to None
[2021-10-18 17:42:14,125] {logging_mixin.py:109} INFO - [2021-10-18 17:42:14,125] {dag.py:2914} INFO - Setting next_dagrun for example_xcom_args_with_operators to None
[2021-10-18 17:42:14,134] {processor.py:171} INFO - Processing /home/user/workspace/airflow/airflow_env/lib/python3.6/site-packages/airflow/example_dags/example_xcomargs.py took 0.392 seconds
[2021-10-18 17:42:53,686] {processor.py:163} INFO - Started process (PID=27269) to work on /home/user/workspace/airflow/airflow_env/lib/python3.6/site-packages/airflow/example_dags/example_xcomargs.py
[2021-10-18 17:42:53,690] {processor.py:620} INFO - Processing file /home/user/workspace/airflow/airflow_env/lib/python3.6/site-packages/airflow/example_dags/example_xcomargs.py for tasks to queue
[2021-10-18 17:42:53,692] {logging_mixin.py:109} INFO - [2021-10-18 17:42:53,692] {dagbag.py:500} INFO - Filling up the DagBag from /home/user/workspace/airflow/airflow_env/lib/python3.6/site-packages/airflow/example_dags/example_xcomargs.py
[2021-10-18 17:42:53,774] {processor.py:632} INFO - DAG(s) dict_keys(['example_xcom_args', 'example_xcom_args_with_operators']) retrieved from /home/user/workspace/airflow/airflow_env/lib/python3.6/site-packages/airflow/example_dags/example_xcomargs.py
[2021-10-18 17:42:54,194] {logging_mixin.py:109} INFO - [2021-10-18 17:42:54,194] {dag.py:2389} INFO - Sync 2 DAGs
[2021-10-18 17:42:54,207] {logging_mixin.py:109} INFO - [2021-10-18 17:42:54,207] {dag.py:2914} INFO - Setting next_dagrun for example_xcom_args to None
[2021-10-18 17:42:54,208] {logging_mixin.py:109} INFO - [2021-10-18 17:42:54,208] {dag.py:2914} INFO - Setting next_dagrun for example_xcom_args_with_operators to None
[2021-10-18 17:42:54,218] {processor.py:171} INFO - Processing /home/user/workspace/airflow/airflow_env/lib/python3.6/site-packages/airflow/example_dags/example_xcomargs.py took 0.540 seconds
[2021-10-18 17:43:32,719] {processor.py:163} INFO - Started process (PID=27337) to work on /home/user/workspace/airflow/airflow_env/lib/python3.6/site-packages/airflow/example_dags/example_xcomargs.py
[2021-10-18 17:43:32,720] {processor.py:620} INFO - Processing file /home/user/workspace/airflow/airflow_env/lib/python3.6/site-packages/airflow/example_dags/example_xcomargs.py for tasks to queue
[2021-10-18 17:43:32,722] {logging_mixin.py:109} INFO - [2021-10-18 17:43:32,721] {dagbag.py:500} INFO - Filling up the DagBag from /home/user/workspace/airflow/airflow_env/lib/python3.6/site-packages/airflow/example_dags/example_xcomargs.py
[2021-10-18 17:43:32,786] {processor.py:632} INFO - DAG(s) dict_keys(['example_xcom_args', 'example_xcom_args_with_operators']) retrieved from /home/user/workspace/airflow/airflow_env/lib/python3.6/site-packages/airflow/example_dags/example_xcomargs.py
[2021-10-18 17:43:33,104] {logging_mixin.py:109} INFO - [2021-10-18 17:43:33,104] {dag.py:2389} INFO - Sync 2 DAGs
[2021-10-18 17:43:33,114] {logging_mixin.py:109} INFO - [2021-10-18 17:43:33,114] {dag.py:2914} INFO - Setting next_dagrun for example_xcom_args to None
[2021-10-18 17:43:33,114] {logging_mixin.py:109} INFO - [2021-10-18 17:43:33,114] {dag.py:2914} INFO - Setting next_dagrun for example_xcom_args_with_operators to None
[2021-10-18 17:43:33,125] {processor.py:171} INFO - Processing /home/user/workspace/airflow/airflow_env/lib/python3.6/site-packages/airflow/example_dags/example_xcomargs.py took 0.412 seconds
[2021-10-18 17:44:10,455] {processor.py:163} INFO - Started process (PID=27496) to work on /home/user/workspace/airflow/airflow_env/lib/python3.6/site-packages/airflow/example_dags/example_xcomargs.py
[2021-10-18 17:44:10,467] {processor.py:620} INFO - Processing file /home/user/workspace/airflow/airflow_env/lib/python3.6/site-packages/airflow/example_dags/example_xcomargs.py for tasks to queue
[2021-10-18 17:44:10,468] {logging_mixin.py:109} INFO - [2021-10-18 17:44:10,468] {dagbag.py:500} INFO - Filling up the DagBag from /home/user/workspace/airflow/airflow_env/lib/python3.6/site-packages/airflow/example_dags/example_xcomargs.py
[2021-10-18 17:44:10,544] {processor.py:632} INFO - DAG(s) dict_keys(['example_xcom_args', 'example_xcom_args_with_operators']) retrieved from /home/user/workspace/airflow/airflow_env/lib/python3.6/site-packages/airflow/example_dags/example_xcomargs.py
[2021-10-18 17:44:10,959] {logging_mixin.py:109} INFO - [2021-10-18 17:44:10,959] {dag.py:2389} INFO - Sync 2 DAGs
[2021-10-18 17:44:10,974] {logging_mixin.py:109} INFO - [2021-10-18 17:44:10,974] {dag.py:2914} INFO - Setting next_dagrun for example_xcom_args to None
[2021-10-18 17:44:10,974] {logging_mixin.py:109} INFO - [2021-10-18 17:44:10,974] {dag.py:2914} INFO - Setting next_dagrun for example_xcom_args_with_operators to None
[2021-10-18 17:44:10,987] {processor.py:171} INFO - Processing /home/user/workspace/airflow/airflow_env/lib/python3.6/site-packages/airflow/example_dags/example_xcomargs.py took 0.538 seconds
[2021-10-18 17:45:07,416] {processor.py:163} INFO - Started process (PID=27658) to work on /home/user/workspace/airflow/airflow_env/lib/python3.6/site-packages/airflow/example_dags/example_xcomargs.py
[2021-10-18 17:45:07,417] {processor.py:620} INFO - Processing file /home/user/workspace/airflow/airflow_env/lib/python3.6/site-packages/airflow/example_dags/example_xcomargs.py for tasks to queue
[2021-10-18 17:45:07,418] {logging_mixin.py:109} INFO - [2021-10-18 17:45:07,418] {dagbag.py:500} INFO - Filling up the DagBag from /home/user/workspace/airflow/airflow_env/lib/python3.6/site-packages/airflow/example_dags/example_xcomargs.py
[2021-10-18 17:45:07,447] {processor.py:632} INFO - DAG(s) dict_keys(['example_xcom_args', 'example_xcom_args_with_operators']) retrieved from /home/user/workspace/airflow/airflow_env/lib/python3.6/site-packages/airflow/example_dags/example_xcomargs.py
[2021-10-18 17:45:07,763] {logging_mixin.py:109} INFO - [2021-10-18 17:45:07,763] {dag.py:2389} INFO - Sync 2 DAGs
[2021-10-18 17:45:07,774] {logging_mixin.py:109} INFO - [2021-10-18 17:45:07,774] {dag.py:2914} INFO - Setting next_dagrun for example_xcom_args to None
[2021-10-18 17:45:07,774] {logging_mixin.py:109} INFO - [2021-10-18 17:45:07,774] {dag.py:2914} INFO - Setting next_dagrun for example_xcom_args_with_operators to None
[2021-10-18 17:45:07,785] {processor.py:171} INFO - Processing /home/user/workspace/airflow/airflow_env/lib/python3.6/site-packages/airflow/example_dags/example_xcomargs.py took 0.372 seconds
[2021-10-18 17:46:03,080] {processor.py:163} INFO - Started process (PID=27922) to work on /home/user/workspace/airflow/airflow_env/lib/python3.6/site-packages/airflow/example_dags/example_xcomargs.py
[2021-10-18 17:46:03,092] {processor.py:620} INFO - Processing file /home/user/workspace/airflow/airflow_env/lib/python3.6/site-packages/airflow/example_dags/example_xcomargs.py for tasks to queue
[2021-10-18 17:46:03,093] {logging_mixin.py:109} INFO - [2021-10-18 17:46:03,093] {dagbag.py:500} INFO - Filling up the DagBag from /home/user/workspace/airflow/airflow_env/lib/python3.6/site-packages/airflow/example_dags/example_xcomargs.py
[2021-10-18 17:46:03,133] {processor.py:632} INFO - DAG(s) dict_keys(['example_xcom_args', 'example_xcom_args_with_operators']) retrieved from /home/user/workspace/airflow/airflow_env/lib/python3.6/site-packages/airflow/example_dags/example_xcomargs.py
[2021-10-18 17:46:03,687] {logging_mixin.py:109} INFO - [2021-10-18 17:46:03,687] {dag.py:2389} INFO - Sync 2 DAGs
[2021-10-18 17:46:03,701] {logging_mixin.py:109} INFO - [2021-10-18 17:46:03,701] {dag.py:2914} INFO - Setting next_dagrun for example_xcom_args to None
[2021-10-18 17:46:03,702] {logging_mixin.py:109} INFO - [2021-10-18 17:46:03,702] {dag.py:2914} INFO - Setting next_dagrun for example_xcom_args_with_operators to None
[2021-10-18 17:46:03,716] {processor.py:171} INFO - Processing /home/user/workspace/airflow/airflow_env/lib/python3.6/site-packages/airflow/example_dags/example_xcomargs.py took 0.639 seconds
[2021-10-18 17:46:55,267] {processor.py:163} INFO - Started process (PID=28103) to work on /home/user/workspace/airflow/airflow_env/lib/python3.6/site-packages/airflow/example_dags/example_xcomargs.py
[2021-10-18 17:46:55,269] {processor.py:620} INFO - Processing file /home/user/workspace/airflow/airflow_env/lib/python3.6/site-packages/airflow/example_dags/example_xcomargs.py for tasks to queue
[2021-10-18 17:46:55,271] {logging_mixin.py:109} INFO - [2021-10-18 17:46:55,270] {dagbag.py:500} INFO - Filling up the DagBag from /home/user/workspace/airflow/airflow_env/lib/python3.6/site-packages/airflow/example_dags/example_xcomargs.py
[2021-10-18 17:46:55,331] {processor.py:632} INFO - DAG(s) dict_keys(['example_xcom_args', 'example_xcom_args_with_operators']) retrieved from /home/user/workspace/airflow/airflow_env/lib/python3.6/site-packages/airflow/example_dags/example_xcomargs.py
[2021-10-18 17:46:55,632] {logging_mixin.py:109} INFO - [2021-10-18 17:46:55,632] {dag.py:2389} INFO - Sync 2 DAGs
[2021-10-18 17:46:55,641] {logging_mixin.py:109} INFO - [2021-10-18 17:46:55,641] {dag.py:2914} INFO - Setting next_dagrun for example_xcom_args to None
[2021-10-18 17:46:55,641] {logging_mixin.py:109} INFO - [2021-10-18 17:46:55,641] {dag.py:2914} INFO - Setting next_dagrun for example_xcom_args_with_operators to None
[2021-10-18 17:46:55,650] {processor.py:171} INFO - Processing /home/user/workspace/airflow/airflow_env/lib/python3.6/site-packages/airflow/example_dags/example_xcomargs.py took 0.389 seconds
[2021-10-18 17:47:35,373] {processor.py:163} INFO - Started process (PID=28196) to work on /home/user/workspace/airflow/airflow_env/lib/python3.6/site-packages/airflow/example_dags/example_xcomargs.py
[2021-10-18 17:47:35,375] {processor.py:620} INFO - Processing file /home/user/workspace/airflow/airflow_env/lib/python3.6/site-packages/airflow/example_dags/example_xcomargs.py for tasks to queue
[2021-10-18 17:47:35,377] {logging_mixin.py:109} INFO - [2021-10-18 17:47:35,376] {dagbag.py:500} INFO - Filling up the DagBag from /home/user/workspace/airflow/airflow_env/lib/python3.6/site-packages/airflow/example_dags/example_xcomargs.py
[2021-10-18 17:47:35,442] {processor.py:632} INFO - DAG(s) dict_keys(['example_xcom_args', 'example_xcom_args_with_operators']) retrieved from /home/user/workspace/airflow/airflow_env/lib/python3.6/site-packages/airflow/example_dags/example_xcomargs.py
[2021-10-18 17:47:35,757] {logging_mixin.py:109} INFO - [2021-10-18 17:47:35,757] {dag.py:2389} INFO - Sync 2 DAGs
[2021-10-18 17:47:35,769] {logging_mixin.py:109} INFO - [2021-10-18 17:47:35,769] {dag.py:2914} INFO - Setting next_dagrun for example_xcom_args to None
[2021-10-18 17:47:35,770] {logging_mixin.py:109} INFO - [2021-10-18 17:47:35,769] {dag.py:2914} INFO - Setting next_dagrun for example_xcom_args_with_operators to None
[2021-10-18 17:47:35,778] {processor.py:171} INFO - Processing /home/user/workspace/airflow/airflow_env/lib/python3.6/site-packages/airflow/example_dags/example_xcomargs.py took 0.411 seconds
[2021-10-18 17:48:34,258] {processor.py:163} INFO - Started process (PID=28300) to work on /home/user/workspace/airflow/airflow_env/lib/python3.6/site-packages/airflow/example_dags/example_xcomargs.py
[2021-10-18 17:48:34,270] {processor.py:620} INFO - Processing file /home/user/workspace/airflow/airflow_env/lib/python3.6/site-packages/airflow/example_dags/example_xcomargs.py for tasks to queue
[2021-10-18 17:48:34,272] {logging_mixin.py:109} INFO - [2021-10-18 17:48:34,271] {dagbag.py:500} INFO - Filling up the DagBag from /home/user/workspace/airflow/airflow_env/lib/python3.6/site-packages/airflow/example_dags/example_xcomargs.py
[2021-10-18 17:48:34,325] {processor.py:632} INFO - DAG(s) dict_keys(['example_xcom_args', 'example_xcom_args_with_operators']) retrieved from /home/user/workspace/airflow/airflow_env/lib/python3.6/site-packages/airflow/example_dags/example_xcomargs.py
[2021-10-18 17:48:34,624] {logging_mixin.py:109} INFO - [2021-10-18 17:48:34,624] {dag.py:2389} INFO - Sync 2 DAGs
[2021-10-18 17:48:34,634] {logging_mixin.py:109} INFO - [2021-10-18 17:48:34,634] {dag.py:2914} INFO - Setting next_dagrun for example_xcom_args to None
[2021-10-18 17:48:34,635] {logging_mixin.py:109} INFO - [2021-10-18 17:48:34,634] {dag.py:2914} INFO - Setting next_dagrun for example_xcom_args_with_operators to None
[2021-10-18 17:48:34,643] {processor.py:171} INFO - Processing /home/user/workspace/airflow/airflow_env/lib/python3.6/site-packages/airflow/example_dags/example_xcomargs.py took 0.390 seconds
[2021-10-18 17:49:19,513] {processor.py:163} INFO - Started process (PID=28404) to work on /home/user/workspace/airflow/airflow_env/lib/python3.6/site-packages/airflow/example_dags/example_xcomargs.py
[2021-10-18 17:49:19,516] {processor.py:620} INFO - Processing file /home/user/workspace/airflow/airflow_env/lib/python3.6/site-packages/airflow/example_dags/example_xcomargs.py for tasks to queue
[2021-10-18 17:49:19,517] {logging_mixin.py:109} INFO - [2021-10-18 17:49:19,517] {dagbag.py:500} INFO - Filling up the DagBag from /home/user/workspace/airflow/airflow_env/lib/python3.6/site-packages/airflow/example_dags/example_xcomargs.py
[2021-10-18 17:49:19,588] {processor.py:632} INFO - DAG(s) dict_keys(['example_xcom_args', 'example_xcom_args_with_operators']) retrieved from /home/user/workspace/airflow/airflow_env/lib/python3.6/site-packages/airflow/example_dags/example_xcomargs.py
[2021-10-18 17:49:19,907] {logging_mixin.py:109} INFO - [2021-10-18 17:49:19,907] {dag.py:2389} INFO - Sync 2 DAGs
[2021-10-18 17:49:19,918] {logging_mixin.py:109} INFO - [2021-10-18 17:49:19,918] {dag.py:2914} INFO - Setting next_dagrun for example_xcom_args to None
[2021-10-18 17:49:19,918] {logging_mixin.py:109} INFO - [2021-10-18 17:49:19,918] {dag.py:2914} INFO - Setting next_dagrun for example_xcom_args_with_operators to None
[2021-10-18 17:49:19,927] {processor.py:171} INFO - Processing /home/user/workspace/airflow/airflow_env/lib/python3.6/site-packages/airflow/example_dags/example_xcomargs.py took 0.421 seconds
[2021-10-18 17:50:08,690] {processor.py:163} INFO - Started process (PID=28555) to work on /home/user/workspace/airflow/airflow_env/lib/python3.6/site-packages/airflow/example_dags/example_xcomargs.py
[2021-10-18 17:50:08,702] {processor.py:620} INFO - Processing file /home/user/workspace/airflow/airflow_env/lib/python3.6/site-packages/airflow/example_dags/example_xcomargs.py for tasks to queue
[2021-10-18 17:50:08,704] {logging_mixin.py:109} INFO - [2021-10-18 17:50:08,703] {dagbag.py:500} INFO - Filling up the DagBag from /home/user/workspace/airflow/airflow_env/lib/python3.6/site-packages/airflow/example_dags/example_xcomargs.py
[2021-10-18 17:50:08,757] {processor.py:632} INFO - DAG(s) dict_keys(['example_xcom_args', 'example_xcom_args_with_operators']) retrieved from /home/user/workspace/airflow/airflow_env/lib/python3.6/site-packages/airflow/example_dags/example_xcomargs.py
[2021-10-18 17:50:09,056] {logging_mixin.py:109} INFO - [2021-10-18 17:50:09,056] {dag.py:2389} INFO - Sync 2 DAGs
[2021-10-18 17:50:09,065] {logging_mixin.py:109} INFO - [2021-10-18 17:50:09,065] {dag.py:2914} INFO - Setting next_dagrun for example_xcom_args to None
[2021-10-18 17:50:09,066] {logging_mixin.py:109} INFO - [2021-10-18 17:50:09,066] {dag.py:2914} INFO - Setting next_dagrun for example_xcom_args_with_operators to None
[2021-10-18 17:50:09,075] {processor.py:171} INFO - Processing /home/user/workspace/airflow/airflow_env/lib/python3.6/site-packages/airflow/example_dags/example_xcomargs.py took 0.390 seconds
[2021-10-18 17:50:53,511] {processor.py:163} INFO - Started process (PID=28782) to work on /home/user/workspace/airflow/airflow_env/lib/python3.6/site-packages/airflow/example_dags/example_xcomargs.py
[2021-10-18 17:50:53,513] {processor.py:620} INFO - Processing file /home/user/workspace/airflow/airflow_env/lib/python3.6/site-packages/airflow/example_dags/example_xcomargs.py for tasks to queue
[2021-10-18 17:50:53,515] {logging_mixin.py:109} INFO - [2021-10-18 17:50:53,514] {dagbag.py:500} INFO - Filling up the DagBag from /home/user/workspace/airflow/airflow_env/lib/python3.6/site-packages/airflow/example_dags/example_xcomargs.py
[2021-10-18 17:50:53,577] {processor.py:632} INFO - DAG(s) dict_keys(['example_xcom_args', 'example_xcom_args_with_operators']) retrieved from /home/user/workspace/airflow/airflow_env/lib/python3.6/site-packages/airflow/example_dags/example_xcomargs.py
[2021-10-18 17:50:53,895] {logging_mixin.py:109} INFO - [2021-10-18 17:50:53,895] {dag.py:2389} INFO - Sync 2 DAGs
[2021-10-18 17:50:53,905] {logging_mixin.py:109} INFO - [2021-10-18 17:50:53,905] {dag.py:2914} INFO - Setting next_dagrun for example_xcom_args to None
[2021-10-18 17:50:53,905] {logging_mixin.py:109} INFO - [2021-10-18 17:50:53,905] {dag.py:2914} INFO - Setting next_dagrun for example_xcom_args_with_operators to None
[2021-10-18 17:50:53,914] {processor.py:171} INFO - Processing /home/user/workspace/airflow/airflow_env/lib/python3.6/site-packages/airflow/example_dags/example_xcomargs.py took 0.409 seconds
[2021-10-18 17:51:41,854] {processor.py:163} INFO - Started process (PID=28998) to work on /home/user/workspace/airflow/airflow_env/lib/python3.6/site-packages/airflow/example_dags/example_xcomargs.py
[2021-10-18 17:51:41,856] {processor.py:620} INFO - Processing file /home/user/workspace/airflow/airflow_env/lib/python3.6/site-packages/airflow/example_dags/example_xcomargs.py for tasks to queue
[2021-10-18 17:51:41,857] {logging_mixin.py:109} INFO - [2021-10-18 17:51:41,857] {dagbag.py:500} INFO - Filling up the DagBag from /home/user/workspace/airflow/airflow_env/lib/python3.6/site-packages/airflow/example_dags/example_xcomargs.py
[2021-10-18 17:51:41,914] {processor.py:632} INFO - DAG(s) dict_keys(['example_xcom_args', 'example_xcom_args_with_operators']) retrieved from /home/user/workspace/airflow/airflow_env/lib/python3.6/site-packages/airflow/example_dags/example_xcomargs.py
[2021-10-18 17:51:42,225] {logging_mixin.py:109} INFO - [2021-10-18 17:51:42,225] {dag.py:2389} INFO - Sync 2 DAGs
[2021-10-18 17:51:42,234] {logging_mixin.py:109} INFO - [2021-10-18 17:51:42,234] {dag.py:2914} INFO - Setting next_dagrun for example_xcom_args to None
[2021-10-18 17:51:42,235] {logging_mixin.py:109} INFO - [2021-10-18 17:51:42,235] {dag.py:2914} INFO - Setting next_dagrun for example_xcom_args_with_operators to None
[2021-10-18 17:51:42,243] {processor.py:171} INFO - Processing /home/user/workspace/airflow/airflow_env/lib/python3.6/site-packages/airflow/example_dags/example_xcomargs.py took 0.395 seconds
[2021-10-18 17:52:27,976] {processor.py:163} INFO - Started process (PID=29095) to work on /home/user/workspace/airflow/airflow_env/lib/python3.6/site-packages/airflow/example_dags/example_xcomargs.py
[2021-10-18 17:52:27,988] {processor.py:620} INFO - Processing file /home/user/workspace/airflow/airflow_env/lib/python3.6/site-packages/airflow/example_dags/example_xcomargs.py for tasks to queue
[2021-10-18 17:52:27,990] {logging_mixin.py:109} INFO - [2021-10-18 17:52:27,989] {dagbag.py:500} INFO - Filling up the DagBag from /home/user/workspace/airflow/airflow_env/lib/python3.6/site-packages/airflow/example_dags/example_xcomargs.py
[2021-10-18 17:52:28,052] {processor.py:632} INFO - DAG(s) dict_keys(['example_xcom_args', 'example_xcom_args_with_operators']) retrieved from /home/user/workspace/airflow/airflow_env/lib/python3.6/site-packages/airflow/example_dags/example_xcomargs.py
[2021-10-18 17:52:28,080] {logging_mixin.py:109} INFO - [2021-10-18 17:52:28,080] {dag.py:2389} INFO - Sync 2 DAGs
[2021-10-18 17:52:28,106] {logging_mixin.py:109} INFO - [2021-10-18 17:52:28,106] {dag.py:2914} INFO - Setting next_dagrun for example_xcom_args to None
[2021-10-18 17:52:28,107] {logging_mixin.py:109} INFO - [2021-10-18 17:52:28,107] {dag.py:2914} INFO - Setting next_dagrun for example_xcom_args_with_operators to None
[2021-10-18 17:52:28,119] {processor.py:171} INFO - Processing /home/user/workspace/airflow/airflow_env/lib/python3.6/site-packages/airflow/example_dags/example_xcomargs.py took 0.150 seconds
[2021-10-18 17:53:14,137] {processor.py:163} INFO - Started process (PID=29203) to work on /home/user/workspace/airflow/airflow_env/lib/python3.6/site-packages/airflow/example_dags/example_xcomargs.py
[2021-10-18 17:53:14,140] {processor.py:620} INFO - Processing file /home/user/workspace/airflow/airflow_env/lib/python3.6/site-packages/airflow/example_dags/example_xcomargs.py for tasks to queue
[2021-10-18 17:53:14,141] {logging_mixin.py:109} INFO - [2021-10-18 17:53:14,141] {dagbag.py:500} INFO - Filling up the DagBag from /home/user/workspace/airflow/airflow_env/lib/python3.6/site-packages/airflow/example_dags/example_xcomargs.py
[2021-10-18 17:53:14,211] {processor.py:632} INFO - DAG(s) dict_keys(['example_xcom_args', 'example_xcom_args_with_operators']) retrieved from /home/user/workspace/airflow/airflow_env/lib/python3.6/site-packages/airflow/example_dags/example_xcomargs.py
[2021-10-18 17:53:14,534] {logging_mixin.py:109} INFO - [2021-10-18 17:53:14,534] {dag.py:2389} INFO - Sync 2 DAGs
[2021-10-18 17:53:14,543] {logging_mixin.py:109} INFO - [2021-10-18 17:53:14,543] {dag.py:2914} INFO - Setting next_dagrun for example_xcom_args to None
[2021-10-18 17:53:14,544] {logging_mixin.py:109} INFO - [2021-10-18 17:53:14,544] {dag.py:2914} INFO - Setting next_dagrun for example_xcom_args_with_operators to None
[2021-10-18 17:53:14,553] {processor.py:171} INFO - Processing /home/user/workspace/airflow/airflow_env/lib/python3.6/site-packages/airflow/example_dags/example_xcomargs.py took 0.422 seconds
[2021-10-18 17:54:01,560] {processor.py:163} INFO - Started process (PID=29277) to work on /home/user/workspace/airflow/airflow_env/lib/python3.6/site-packages/airflow/example_dags/example_xcomargs.py
[2021-10-18 17:54:01,562] {processor.py:620} INFO - Processing file /home/user/workspace/airflow/airflow_env/lib/python3.6/site-packages/airflow/example_dags/example_xcomargs.py for tasks to queue
[2021-10-18 17:54:01,564] {logging_mixin.py:109} INFO - [2021-10-18 17:54:01,563] {dagbag.py:500} INFO - Filling up the DagBag from /home/user/workspace/airflow/airflow_env/lib/python3.6/site-packages/airflow/example_dags/example_xcomargs.py
[2021-10-18 17:54:01,638] {processor.py:632} INFO - DAG(s) dict_keys(['example_xcom_args', 'example_xcom_args_with_operators']) retrieved from /home/user/workspace/airflow/airflow_env/lib/python3.6/site-packages/airflow/example_dags/example_xcomargs.py
[2021-10-18 17:54:02,239] {logging_mixin.py:109} INFO - [2021-10-18 17:54:02,238] {dag.py:2389} INFO - Sync 2 DAGs
[2021-10-18 17:54:02,256] {logging_mixin.py:109} INFO - [2021-10-18 17:54:02,255] {dag.py:2914} INFO - Setting next_dagrun for example_xcom_args to None
[2021-10-18 17:54:02,256] {logging_mixin.py:109} INFO - [2021-10-18 17:54:02,256] {dag.py:2914} INFO - Setting next_dagrun for example_xcom_args_with_operators to None
[2021-10-18 17:54:02,267] {processor.py:171} INFO - Processing /home/user/workspace/airflow/airflow_env/lib/python3.6/site-packages/airflow/example_dags/example_xcomargs.py took 0.713 seconds
[2021-10-18 17:54:51,281] {processor.py:163} INFO - Started process (PID=29354) to work on /home/user/workspace/airflow/airflow_env/lib/python3.6/site-packages/airflow/example_dags/example_xcomargs.py
[2021-10-18 17:54:51,293] {processor.py:620} INFO - Processing file /home/user/workspace/airflow/airflow_env/lib/python3.6/site-packages/airflow/example_dags/example_xcomargs.py for tasks to queue
[2021-10-18 17:54:51,294] {logging_mixin.py:109} INFO - [2021-10-18 17:54:51,294] {dagbag.py:500} INFO - Filling up the DagBag from /home/user/workspace/airflow/airflow_env/lib/python3.6/site-packages/airflow/example_dags/example_xcomargs.py
[2021-10-18 17:54:51,356] {processor.py:632} INFO - DAG(s) dict_keys(['example_xcom_args', 'example_xcom_args_with_operators']) retrieved from /home/user/workspace/airflow/airflow_env/lib/python3.6/site-packages/airflow/example_dags/example_xcomargs.py
[2021-10-18 17:54:51,692] {logging_mixin.py:109} INFO - [2021-10-18 17:54:51,692] {dag.py:2389} INFO - Sync 2 DAGs
[2021-10-18 17:54:51,702] {logging_mixin.py:109} INFO - [2021-10-18 17:54:51,702] {dag.py:2914} INFO - Setting next_dagrun for example_xcom_args to None
[2021-10-18 17:54:51,702] {logging_mixin.py:109} INFO - [2021-10-18 17:54:51,702] {dag.py:2914} INFO - Setting next_dagrun for example_xcom_args_with_operators to None
[2021-10-18 17:54:51,711] {processor.py:171} INFO - Processing /home/user/workspace/airflow/airflow_env/lib/python3.6/site-packages/airflow/example_dags/example_xcomargs.py took 0.436 seconds
[2021-10-18 17:55:35,298] {processor.py:163} INFO - Started process (PID=29483) to work on /home/user/workspace/airflow/airflow_env/lib/python3.6/site-packages/airflow/example_dags/example_xcomargs.py
[2021-10-18 17:55:35,299] {processor.py:620} INFO - Processing file /home/user/workspace/airflow/airflow_env/lib/python3.6/site-packages/airflow/example_dags/example_xcomargs.py for tasks to queue
[2021-10-18 17:55:35,299] {logging_mixin.py:109} INFO - [2021-10-18 17:55:35,299] {dagbag.py:500} INFO - Filling up the DagBag from /home/user/workspace/airflow/airflow_env/lib/python3.6/site-packages/airflow/example_dags/example_xcomargs.py
[2021-10-18 17:55:35,327] {processor.py:632} INFO - DAG(s) dict_keys(['example_xcom_args', 'example_xcom_args_with_operators']) retrieved from /home/user/workspace/airflow/airflow_env/lib/python3.6/site-packages/airflow/example_dags/example_xcomargs.py
[2021-10-18 17:55:35,665] {logging_mixin.py:109} INFO - [2021-10-18 17:55:35,665] {dag.py:2389} INFO - Sync 2 DAGs
[2021-10-18 17:55:35,675] {logging_mixin.py:109} INFO - [2021-10-18 17:55:35,675] {dag.py:2914} INFO - Setting next_dagrun for example_xcom_args to None
[2021-10-18 17:55:35,676] {logging_mixin.py:109} INFO - [2021-10-18 17:55:35,675] {dag.py:2914} INFO - Setting next_dagrun for example_xcom_args_with_operators to None
[2021-10-18 17:55:35,686] {processor.py:171} INFO - Processing /home/user/workspace/airflow/airflow_env/lib/python3.6/site-packages/airflow/example_dags/example_xcomargs.py took 0.391 seconds
[2021-10-18 17:56:19,131] {processor.py:163} INFO - Started process (PID=29567) to work on /home/user/workspace/airflow/airflow_env/lib/python3.6/site-packages/airflow/example_dags/example_xcomargs.py
[2021-10-18 17:56:19,134] {processor.py:620} INFO - Processing file /home/user/workspace/airflow/airflow_env/lib/python3.6/site-packages/airflow/example_dags/example_xcomargs.py for tasks to queue
[2021-10-18 17:56:19,135] {logging_mixin.py:109} INFO - [2021-10-18 17:56:19,135] {dagbag.py:500} INFO - Filling up the DagBag from /home/user/workspace/airflow/airflow_env/lib/python3.6/site-packages/airflow/example_dags/example_xcomargs.py
[2021-10-18 17:56:19,199] {processor.py:632} INFO - DAG(s) dict_keys(['example_xcom_args', 'example_xcom_args_with_operators']) retrieved from /home/user/workspace/airflow/airflow_env/lib/python3.6/site-packages/airflow/example_dags/example_xcomargs.py
[2021-10-18 17:56:19,542] {logging_mixin.py:109} INFO - [2021-10-18 17:56:19,542] {dag.py:2389} INFO - Sync 2 DAGs
[2021-10-18 17:56:19,552] {logging_mixin.py:109} INFO - [2021-10-18 17:56:19,551] {dag.py:2914} INFO - Setting next_dagrun for example_xcom_args to None
[2021-10-18 17:56:19,552] {logging_mixin.py:109} INFO - [2021-10-18 17:56:19,552] {dag.py:2914} INFO - Setting next_dagrun for example_xcom_args_with_operators to None
[2021-10-18 17:56:19,561] {processor.py:171} INFO - Processing /home/user/workspace/airflow/airflow_env/lib/python3.6/site-packages/airflow/example_dags/example_xcomargs.py took 0.436 seconds
[2021-10-18 17:57:05,095] {processor.py:163} INFO - Started process (PID=29648) to work on /home/user/workspace/airflow/airflow_env/lib/python3.6/site-packages/airflow/example_dags/example_xcomargs.py
[2021-10-18 17:57:05,096] {processor.py:620} INFO - Processing file /home/user/workspace/airflow/airflow_env/lib/python3.6/site-packages/airflow/example_dags/example_xcomargs.py for tasks to queue
[2021-10-18 17:57:05,096] {logging_mixin.py:109} INFO - [2021-10-18 17:57:05,096] {dagbag.py:500} INFO - Filling up the DagBag from /home/user/workspace/airflow/airflow_env/lib/python3.6/site-packages/airflow/example_dags/example_xcomargs.py
[2021-10-18 17:57:05,124] {processor.py:632} INFO - DAG(s) dict_keys(['example_xcom_args', 'example_xcom_args_with_operators']) retrieved from /home/user/workspace/airflow/airflow_env/lib/python3.6/site-packages/airflow/example_dags/example_xcomargs.py
[2021-10-18 17:57:05,600] {logging_mixin.py:109} INFO - [2021-10-18 17:57:05,599] {dag.py:2389} INFO - Sync 2 DAGs
[2021-10-18 17:57:05,623] {logging_mixin.py:109} INFO - [2021-10-18 17:57:05,622] {dag.py:2914} INFO - Setting next_dagrun for example_xcom_args to None
[2021-10-18 17:57:05,623] {logging_mixin.py:109} INFO - [2021-10-18 17:57:05,623] {dag.py:2914} INFO - Setting next_dagrun for example_xcom_args_with_operators to None
[2021-10-18 17:57:05,643] {processor.py:171} INFO - Processing /home/user/workspace/airflow/airflow_env/lib/python3.6/site-packages/airflow/example_dags/example_xcomargs.py took 0.551 seconds
[2021-10-18 17:57:50,881] {processor.py:163} INFO - Started process (PID=29747) to work on /home/user/workspace/airflow/airflow_env/lib/python3.6/site-packages/airflow/example_dags/example_xcomargs.py
[2021-10-18 17:57:50,884] {processor.py:620} INFO - Processing file /home/user/workspace/airflow/airflow_env/lib/python3.6/site-packages/airflow/example_dags/example_xcomargs.py for tasks to queue
[2021-10-18 17:57:50,888] {logging_mixin.py:109} INFO - [2021-10-18 17:57:50,887] {dagbag.py:500} INFO - Filling up the DagBag from /home/user/workspace/airflow/airflow_env/lib/python3.6/site-packages/airflow/example_dags/example_xcomargs.py
[2021-10-18 17:57:50,989] {processor.py:632} INFO - DAG(s) dict_keys(['example_xcom_args', 'example_xcom_args_with_operators']) retrieved from /home/user/workspace/airflow/airflow_env/lib/python3.6/site-packages/airflow/example_dags/example_xcomargs.py
[2021-10-18 17:57:51,493] {logging_mixin.py:109} INFO - [2021-10-18 17:57:51,493] {dag.py:2389} INFO - Sync 2 DAGs
[2021-10-18 17:57:51,513] {logging_mixin.py:109} INFO - [2021-10-18 17:57:51,513] {dag.py:2914} INFO - Setting next_dagrun for example_xcom_args to None
[2021-10-18 17:57:51,513] {logging_mixin.py:109} INFO - [2021-10-18 17:57:51,513] {dag.py:2914} INFO - Setting next_dagrun for example_xcom_args_with_operators to None
[2021-10-18 17:57:51,532] {processor.py:171} INFO - Processing /home/user/workspace/airflow/airflow_env/lib/python3.6/site-packages/airflow/example_dags/example_xcomargs.py took 0.658 seconds
[2021-10-18 17:58:37,819] {processor.py:163} INFO - Started process (PID=29816) to work on /home/user/workspace/airflow/airflow_env/lib/python3.6/site-packages/airflow/example_dags/example_xcomargs.py
[2021-10-18 17:58:37,833] {processor.py:620} INFO - Processing file /home/user/workspace/airflow/airflow_env/lib/python3.6/site-packages/airflow/example_dags/example_xcomargs.py for tasks to queue
[2021-10-18 17:58:37,836] {logging_mixin.py:109} INFO - [2021-10-18 17:58:37,835] {dagbag.py:500} INFO - Filling up the DagBag from /home/user/workspace/airflow/airflow_env/lib/python3.6/site-packages/airflow/example_dags/example_xcomargs.py
[2021-10-18 17:58:37,910] {processor.py:632} INFO - DAG(s) dict_keys(['example_xcom_args', 'example_xcom_args_with_operators']) retrieved from /home/user/workspace/airflow/airflow_env/lib/python3.6/site-packages/airflow/example_dags/example_xcomargs.py
[2021-10-18 17:58:38,202] {logging_mixin.py:109} INFO - [2021-10-18 17:58:38,202] {dag.py:2389} INFO - Sync 2 DAGs
[2021-10-18 17:58:38,213] {logging_mixin.py:109} INFO - [2021-10-18 17:58:38,213] {dag.py:2914} INFO - Setting next_dagrun for example_xcom_args to None
[2021-10-18 17:58:38,213] {logging_mixin.py:109} INFO - [2021-10-18 17:58:38,213] {dag.py:2914} INFO - Setting next_dagrun for example_xcom_args_with_operators to None
[2021-10-18 17:58:38,222] {processor.py:171} INFO - Processing /home/user/workspace/airflow/airflow_env/lib/python3.6/site-packages/airflow/example_dags/example_xcomargs.py took 0.409 seconds
[2021-10-18 17:59:22,376] {processor.py:163} INFO - Started process (PID=29892) to work on /home/user/workspace/airflow/airflow_env/lib/python3.6/site-packages/airflow/example_dags/example_xcomargs.py
[2021-10-18 17:59:22,378] {processor.py:620} INFO - Processing file /home/user/workspace/airflow/airflow_env/lib/python3.6/site-packages/airflow/example_dags/example_xcomargs.py for tasks to queue
[2021-10-18 17:59:22,379] {logging_mixin.py:109} INFO - [2021-10-18 17:59:22,379] {dagbag.py:500} INFO - Filling up the DagBag from /home/user/workspace/airflow/airflow_env/lib/python3.6/site-packages/airflow/example_dags/example_xcomargs.py
[2021-10-18 17:59:22,436] {processor.py:632} INFO - DAG(s) dict_keys(['example_xcom_args', 'example_xcom_args_with_operators']) retrieved from /home/user/workspace/airflow/airflow_env/lib/python3.6/site-packages/airflow/example_dags/example_xcomargs.py
[2021-10-18 17:59:22,745] {logging_mixin.py:109} INFO - [2021-10-18 17:59:22,745] {dag.py:2389} INFO - Sync 2 DAGs
[2021-10-18 17:59:22,754] {logging_mixin.py:109} INFO - [2021-10-18 17:59:22,754] {dag.py:2914} INFO - Setting next_dagrun for example_xcom_args to None
[2021-10-18 17:59:22,754] {logging_mixin.py:109} INFO - [2021-10-18 17:59:22,754] {dag.py:2914} INFO - Setting next_dagrun for example_xcom_args_with_operators to None
[2021-10-18 17:59:22,762] {processor.py:171} INFO - Processing /home/user/workspace/airflow/airflow_env/lib/python3.6/site-packages/airflow/example_dags/example_xcomargs.py took 0.392 seconds
[2021-10-18 18:00:07,340] {processor.py:163} INFO - Started process (PID=29964) to work on /home/user/workspace/airflow/airflow_env/lib/python3.6/site-packages/airflow/example_dags/example_xcomargs.py
[2021-10-18 18:00:07,342] {processor.py:620} INFO - Processing file /home/user/workspace/airflow/airflow_env/lib/python3.6/site-packages/airflow/example_dags/example_xcomargs.py for tasks to queue
[2021-10-18 18:00:07,343] {logging_mixin.py:109} INFO - [2021-10-18 18:00:07,343] {dagbag.py:500} INFO - Filling up the DagBag from /home/user/workspace/airflow/airflow_env/lib/python3.6/site-packages/airflow/example_dags/example_xcomargs.py
[2021-10-18 18:00:07,412] {processor.py:632} INFO - DAG(s) dict_keys(['example_xcom_args', 'example_xcom_args_with_operators']) retrieved from /home/user/workspace/airflow/airflow_env/lib/python3.6/site-packages/airflow/example_dags/example_xcomargs.py
[2021-10-18 18:00:07,729] {logging_mixin.py:109} INFO - [2021-10-18 18:00:07,729] {dag.py:2389} INFO - Sync 2 DAGs
[2021-10-18 18:00:07,738] {logging_mixin.py:109} INFO - [2021-10-18 18:00:07,738] {dag.py:2914} INFO - Setting next_dagrun for example_xcom_args to None
[2021-10-18 18:00:07,739] {logging_mixin.py:109} INFO - [2021-10-18 18:00:07,739] {dag.py:2914} INFO - Setting next_dagrun for example_xcom_args_with_operators to None
[2021-10-18 18:00:07,748] {processor.py:171} INFO - Processing /home/user/workspace/airflow/airflow_env/lib/python3.6/site-packages/airflow/example_dags/example_xcomargs.py took 0.415 seconds
[2021-10-18 18:00:53,340] {processor.py:163} INFO - Started process (PID=30095) to work on /home/user/workspace/airflow/airflow_env/lib/python3.6/site-packages/airflow/example_dags/example_xcomargs.py
[2021-10-18 18:00:53,343] {processor.py:620} INFO - Processing file /home/user/workspace/airflow/airflow_env/lib/python3.6/site-packages/airflow/example_dags/example_xcomargs.py for tasks to queue
[2021-10-18 18:00:53,344] {logging_mixin.py:109} INFO - [2021-10-18 18:00:53,344] {dagbag.py:500} INFO - Filling up the DagBag from /home/user/workspace/airflow/airflow_env/lib/python3.6/site-packages/airflow/example_dags/example_xcomargs.py
[2021-10-18 18:00:53,419] {processor.py:632} INFO - DAG(s) dict_keys(['example_xcom_args', 'example_xcom_args_with_operators']) retrieved from /home/user/workspace/airflow/airflow_env/lib/python3.6/site-packages/airflow/example_dags/example_xcomargs.py
[2021-10-18 18:00:53,741] {logging_mixin.py:109} INFO - [2021-10-18 18:00:53,741] {dag.py:2389} INFO - Sync 2 DAGs
[2021-10-18 18:00:53,751] {logging_mixin.py:109} INFO - [2021-10-18 18:00:53,751] {dag.py:2914} INFO - Setting next_dagrun for example_xcom_args to None
[2021-10-18 18:00:53,751] {logging_mixin.py:109} INFO - [2021-10-18 18:00:53,751] {dag.py:2914} INFO - Setting next_dagrun for example_xcom_args_with_operators to None
[2021-10-18 18:00:53,761] {processor.py:171} INFO - Processing /home/user/workspace/airflow/airflow_env/lib/python3.6/site-packages/airflow/example_dags/example_xcomargs.py took 0.427 seconds
