[2021-10-18 17:18:16,953] {processor.py:163} INFO - Started process (PID=23323) to work on /home/user/workspace/airflow/airflow_env/lib/python3.6/site-packages/airflow/example_dags/example_branch_labels.py
[2021-10-18 17:18:16,956] {processor.py:620} INFO - Processing file /home/user/workspace/airflow/airflow_env/lib/python3.6/site-packages/airflow/example_dags/example_branch_labels.py for tasks to queue
[2021-10-18 17:18:16,957] {logging_mixin.py:109} INFO - [2021-10-18 17:18:16,957] {dagbag.py:500} INFO - Filling up the DagBag from /home/user/workspace/airflow/airflow_env/lib/python3.6/site-packages/airflow/example_dags/example_branch_labels.py
[2021-10-18 17:18:17,008] {processor.py:632} INFO - DAG(s) dict_keys(['example_branch_labels']) retrieved from /home/user/workspace/airflow/airflow_env/lib/python3.6/site-packages/airflow/example_dags/example_branch_labels.py
[2021-10-18 17:18:17,031] {logging_mixin.py:109} INFO - [2021-10-18 17:18:17,031] {dag.py:2389} INFO - Sync 1 DAGs
[2021-10-18 17:18:17,071] {logging_mixin.py:109} INFO - [2021-10-18 17:18:17,071] {dag.py:2914} INFO - Setting next_dagrun for example_branch_labels to 2021-10-17 00:00:00+00:00
[2021-10-18 17:18:17,099] {processor.py:171} INFO - Processing /home/user/workspace/airflow/airflow_env/lib/python3.6/site-packages/airflow/example_dags/example_branch_labels.py took 0.153 seconds
[2021-10-18 17:19:07,787] {processor.py:163} INFO - Started process (PID=23551) to work on /home/user/workspace/airflow/airflow_env/lib/python3.6/site-packages/airflow/example_dags/example_branch_labels.py
[2021-10-18 17:19:07,789] {processor.py:620} INFO - Processing file /home/user/workspace/airflow/airflow_env/lib/python3.6/site-packages/airflow/example_dags/example_branch_labels.py for tasks to queue
[2021-10-18 17:19:07,790] {logging_mixin.py:109} INFO - [2021-10-18 17:19:07,790] {dagbag.py:500} INFO - Filling up the DagBag from /home/user/workspace/airflow/airflow_env/lib/python3.6/site-packages/airflow/example_dags/example_branch_labels.py
[2021-10-18 17:19:07,825] {processor.py:632} INFO - DAG(s) dict_keys(['example_branch_labels']) retrieved from /home/user/workspace/airflow/airflow_env/lib/python3.6/site-packages/airflow/example_dags/example_branch_labels.py
[2021-10-18 17:19:07,846] {logging_mixin.py:109} INFO - [2021-10-18 17:19:07,845] {dag.py:2389} INFO - Sync 1 DAGs
[2021-10-18 17:19:07,872] {logging_mixin.py:109} INFO - [2021-10-18 17:19:07,872] {dag.py:2914} INFO - Setting next_dagrun for example_branch_labels to 2021-10-17 00:00:00+00:00
[2021-10-18 17:19:07,885] {processor.py:171} INFO - Processing /home/user/workspace/airflow/airflow_env/lib/python3.6/site-packages/airflow/example_dags/example_branch_labels.py took 0.103 seconds
[2021-10-18 17:19:57,323] {processor.py:163} INFO - Started process (PID=23658) to work on /home/user/workspace/airflow/airflow_env/lib/python3.6/site-packages/airflow/example_dags/example_branch_labels.py
[2021-10-18 17:19:57,335] {processor.py:620} INFO - Processing file /home/user/workspace/airflow/airflow_env/lib/python3.6/site-packages/airflow/example_dags/example_branch_labels.py for tasks to queue
[2021-10-18 17:19:57,336] {logging_mixin.py:109} INFO - [2021-10-18 17:19:57,336] {dagbag.py:500} INFO - Filling up the DagBag from /home/user/workspace/airflow/airflow_env/lib/python3.6/site-packages/airflow/example_dags/example_branch_labels.py
[2021-10-18 17:19:57,379] {processor.py:632} INFO - DAG(s) dict_keys(['example_branch_labels']) retrieved from /home/user/workspace/airflow/airflow_env/lib/python3.6/site-packages/airflow/example_dags/example_branch_labels.py
[2021-10-18 17:19:57,409] {logging_mixin.py:109} INFO - [2021-10-18 17:19:57,409] {dag.py:2389} INFO - Sync 1 DAGs
[2021-10-18 17:19:57,446] {logging_mixin.py:109} INFO - [2021-10-18 17:19:57,445] {dag.py:2914} INFO - Setting next_dagrun for example_branch_labels to 2021-10-17 00:00:00+00:00
[2021-10-18 17:19:57,466] {processor.py:171} INFO - Processing /home/user/workspace/airflow/airflow_env/lib/python3.6/site-packages/airflow/example_dags/example_branch_labels.py took 0.148 seconds
[2021-10-18 17:20:51,967] {processor.py:163} INFO - Started process (PID=23747) to work on /home/user/workspace/airflow/airflow_env/lib/python3.6/site-packages/airflow/example_dags/example_branch_labels.py
[2021-10-18 17:20:51,968] {processor.py:620} INFO - Processing file /home/user/workspace/airflow/airflow_env/lib/python3.6/site-packages/airflow/example_dags/example_branch_labels.py for tasks to queue
[2021-10-18 17:20:51,970] {logging_mixin.py:109} INFO - [2021-10-18 17:20:51,970] {dagbag.py:500} INFO - Filling up the DagBag from /home/user/workspace/airflow/airflow_env/lib/python3.6/site-packages/airflow/example_dags/example_branch_labels.py
[2021-10-18 17:20:52,015] {processor.py:632} INFO - DAG(s) dict_keys(['example_branch_labels']) retrieved from /home/user/workspace/airflow/airflow_env/lib/python3.6/site-packages/airflow/example_dags/example_branch_labels.py
[2021-10-18 17:20:52,038] {logging_mixin.py:109} INFO - [2021-10-18 17:20:52,037] {dag.py:2389} INFO - Sync 1 DAGs
[2021-10-18 17:20:52,071] {logging_mixin.py:109} INFO - [2021-10-18 17:20:52,071] {dag.py:2914} INFO - Setting next_dagrun for example_branch_labels to 2021-10-17 00:00:00+00:00
[2021-10-18 17:20:52,085] {processor.py:171} INFO - Processing /home/user/workspace/airflow/airflow_env/lib/python3.6/site-packages/airflow/example_dags/example_branch_labels.py took 0.124 seconds
[2021-10-18 17:21:54,359] {processor.py:163} INFO - Started process (PID=24006) to work on /home/user/workspace/airflow/airflow_env/lib/python3.6/site-packages/airflow/example_dags/example_branch_labels.py
[2021-10-18 17:21:54,361] {processor.py:620} INFO - Processing file /home/user/workspace/airflow/airflow_env/lib/python3.6/site-packages/airflow/example_dags/example_branch_labels.py for tasks to queue
[2021-10-18 17:21:54,363] {logging_mixin.py:109} INFO - [2021-10-18 17:21:54,363] {dagbag.py:500} INFO - Filling up the DagBag from /home/user/workspace/airflow/airflow_env/lib/python3.6/site-packages/airflow/example_dags/example_branch_labels.py
[2021-10-18 17:21:54,428] {processor.py:632} INFO - DAG(s) dict_keys(['example_branch_labels']) retrieved from /home/user/workspace/airflow/airflow_env/lib/python3.6/site-packages/airflow/example_dags/example_branch_labels.py
[2021-10-18 17:21:54,454] {logging_mixin.py:109} INFO - [2021-10-18 17:21:54,453] {dag.py:2389} INFO - Sync 1 DAGs
[2021-10-18 17:21:54,485] {logging_mixin.py:109} INFO - [2021-10-18 17:21:54,485] {dag.py:2914} INFO - Setting next_dagrun for example_branch_labels to 2021-10-17 00:00:00+00:00
[2021-10-18 17:21:54,495] {processor.py:171} INFO - Processing /home/user/workspace/airflow/airflow_env/lib/python3.6/site-packages/airflow/example_dags/example_branch_labels.py took 0.142 seconds
[2021-10-18 17:22:51,025] {processor.py:163} INFO - Started process (PID=24132) to work on /home/user/workspace/airflow/airflow_env/lib/python3.6/site-packages/airflow/example_dags/example_branch_labels.py
[2021-10-18 17:22:51,027] {processor.py:620} INFO - Processing file /home/user/workspace/airflow/airflow_env/lib/python3.6/site-packages/airflow/example_dags/example_branch_labels.py for tasks to queue
[2021-10-18 17:22:51,028] {logging_mixin.py:109} INFO - [2021-10-18 17:22:51,028] {dagbag.py:500} INFO - Filling up the DagBag from /home/user/workspace/airflow/airflow_env/lib/python3.6/site-packages/airflow/example_dags/example_branch_labels.py
[2021-10-18 17:22:51,073] {processor.py:632} INFO - DAG(s) dict_keys(['example_branch_labels']) retrieved from /home/user/workspace/airflow/airflow_env/lib/python3.6/site-packages/airflow/example_dags/example_branch_labels.py
[2021-10-18 17:22:51,096] {logging_mixin.py:109} INFO - [2021-10-18 17:22:51,095] {dag.py:2389} INFO - Sync 1 DAGs
[2021-10-18 17:22:51,128] {logging_mixin.py:109} INFO - [2021-10-18 17:22:51,128] {dag.py:2914} INFO - Setting next_dagrun for example_branch_labels to 2021-10-17 00:00:00+00:00
[2021-10-18 17:22:51,146] {processor.py:171} INFO - Processing /home/user/workspace/airflow/airflow_env/lib/python3.6/site-packages/airflow/example_dags/example_branch_labels.py took 0.127 seconds
[2021-10-18 17:23:46,226] {processor.py:163} INFO - Started process (PID=24240) to work on /home/user/workspace/airflow/airflow_env/lib/python3.6/site-packages/airflow/example_dags/example_branch_labels.py
[2021-10-18 17:23:46,228] {processor.py:620} INFO - Processing file /home/user/workspace/airflow/airflow_env/lib/python3.6/site-packages/airflow/example_dags/example_branch_labels.py for tasks to queue
[2021-10-18 17:23:46,229] {logging_mixin.py:109} INFO - [2021-10-18 17:23:46,229] {dagbag.py:500} INFO - Filling up the DagBag from /home/user/workspace/airflow/airflow_env/lib/python3.6/site-packages/airflow/example_dags/example_branch_labels.py
[2021-10-18 17:23:46,254] {processor.py:632} INFO - DAG(s) dict_keys(['example_branch_labels']) retrieved from /home/user/workspace/airflow/airflow_env/lib/python3.6/site-packages/airflow/example_dags/example_branch_labels.py
[2021-10-18 17:23:46,264] {logging_mixin.py:109} INFO - [2021-10-18 17:23:46,264] {dag.py:2389} INFO - Sync 1 DAGs
[2021-10-18 17:23:46,286] {logging_mixin.py:109} INFO - [2021-10-18 17:23:46,286] {dag.py:2914} INFO - Setting next_dagrun for example_branch_labels to 2021-10-17 00:00:00+00:00
[2021-10-18 17:23:46,297] {processor.py:171} INFO - Processing /home/user/workspace/airflow/airflow_env/lib/python3.6/site-packages/airflow/example_dags/example_branch_labels.py took 0.074 seconds
[2021-10-18 17:24:45,689] {processor.py:163} INFO - Started process (PID=24361) to work on /home/user/workspace/airflow/airflow_env/lib/python3.6/site-packages/airflow/example_dags/example_branch_labels.py
[2021-10-18 17:24:45,690] {processor.py:620} INFO - Processing file /home/user/workspace/airflow/airflow_env/lib/python3.6/site-packages/airflow/example_dags/example_branch_labels.py for tasks to queue
[2021-10-18 17:24:45,691] {logging_mixin.py:109} INFO - [2021-10-18 17:24:45,691] {dagbag.py:500} INFO - Filling up the DagBag from /home/user/workspace/airflow/airflow_env/lib/python3.6/site-packages/airflow/example_dags/example_branch_labels.py
[2021-10-18 17:24:45,737] {processor.py:632} INFO - DAG(s) dict_keys(['example_branch_labels']) retrieved from /home/user/workspace/airflow/airflow_env/lib/python3.6/site-packages/airflow/example_dags/example_branch_labels.py
[2021-10-18 17:24:45,752] {logging_mixin.py:109} INFO - [2021-10-18 17:24:45,751] {dag.py:2389} INFO - Sync 1 DAGs
[2021-10-18 17:24:45,778] {logging_mixin.py:109} INFO - [2021-10-18 17:24:45,778] {dag.py:2914} INFO - Setting next_dagrun for example_branch_labels to 2021-10-17 00:00:00+00:00
[2021-10-18 17:24:45,791] {processor.py:171} INFO - Processing /home/user/workspace/airflow/airflow_env/lib/python3.6/site-packages/airflow/example_dags/example_branch_labels.py took 0.105 seconds
[2021-10-18 17:25:34,375] {processor.py:163} INFO - Started process (PID=24488) to work on /home/user/workspace/airflow/airflow_env/lib/python3.6/site-packages/airflow/example_dags/example_branch_labels.py
[2021-10-18 17:25:34,376] {processor.py:620} INFO - Processing file /home/user/workspace/airflow/airflow_env/lib/python3.6/site-packages/airflow/example_dags/example_branch_labels.py for tasks to queue
[2021-10-18 17:25:34,376] {logging_mixin.py:109} INFO - [2021-10-18 17:25:34,376] {dagbag.py:500} INFO - Filling up the DagBag from /home/user/workspace/airflow/airflow_env/lib/python3.6/site-packages/airflow/example_dags/example_branch_labels.py
[2021-10-18 17:25:34,394] {processor.py:632} INFO - DAG(s) dict_keys(['example_branch_labels']) retrieved from /home/user/workspace/airflow/airflow_env/lib/python3.6/site-packages/airflow/example_dags/example_branch_labels.py
[2021-10-18 17:25:34,407] {logging_mixin.py:109} INFO - [2021-10-18 17:25:34,407] {dag.py:2389} INFO - Sync 1 DAGs
[2021-10-18 17:25:34,429] {logging_mixin.py:109} INFO - [2021-10-18 17:25:34,429] {dag.py:2914} INFO - Setting next_dagrun for example_branch_labels to 2021-10-17 00:00:00+00:00
[2021-10-18 17:25:34,440] {processor.py:171} INFO - Processing /home/user/workspace/airflow/airflow_env/lib/python3.6/site-packages/airflow/example_dags/example_branch_labels.py took 0.067 seconds
[2021-10-18 17:26:31,598] {processor.py:163} INFO - Started process (PID=24666) to work on /home/user/workspace/airflow/airflow_env/lib/python3.6/site-packages/airflow/example_dags/example_branch_labels.py
[2021-10-18 17:26:31,599] {processor.py:620} INFO - Processing file /home/user/workspace/airflow/airflow_env/lib/python3.6/site-packages/airflow/example_dags/example_branch_labels.py for tasks to queue
[2021-10-18 17:26:31,599] {logging_mixin.py:109} INFO - [2021-10-18 17:26:31,599] {dagbag.py:500} INFO - Filling up the DagBag from /home/user/workspace/airflow/airflow_env/lib/python3.6/site-packages/airflow/example_dags/example_branch_labels.py
[2021-10-18 17:26:31,620] {processor.py:632} INFO - DAG(s) dict_keys(['example_branch_labels']) retrieved from /home/user/workspace/airflow/airflow_env/lib/python3.6/site-packages/airflow/example_dags/example_branch_labels.py
[2021-10-18 17:26:31,629] {logging_mixin.py:109} INFO - [2021-10-18 17:26:31,629] {dag.py:2389} INFO - Sync 1 DAGs
[2021-10-18 17:26:31,642] {logging_mixin.py:109} INFO - [2021-10-18 17:26:31,642] {dag.py:2914} INFO - Setting next_dagrun for example_branch_labels to 2021-10-17 00:00:00+00:00
[2021-10-18 17:26:31,650] {processor.py:171} INFO - Processing /home/user/workspace/airflow/airflow_env/lib/python3.6/site-packages/airflow/example_dags/example_branch_labels.py took 0.054 seconds
[2021-10-18 17:27:29,339] {processor.py:163} INFO - Started process (PID=24815) to work on /home/user/workspace/airflow/airflow_env/lib/python3.6/site-packages/airflow/example_dags/example_branch_labels.py
[2021-10-18 17:27:29,340] {processor.py:620} INFO - Processing file /home/user/workspace/airflow/airflow_env/lib/python3.6/site-packages/airflow/example_dags/example_branch_labels.py for tasks to queue
[2021-10-18 17:27:29,342] {logging_mixin.py:109} INFO - [2021-10-18 17:27:29,342] {dagbag.py:500} INFO - Filling up the DagBag from /home/user/workspace/airflow/airflow_env/lib/python3.6/site-packages/airflow/example_dags/example_branch_labels.py
[2021-10-18 17:27:29,383] {processor.py:632} INFO - DAG(s) dict_keys(['example_branch_labels']) retrieved from /home/user/workspace/airflow/airflow_env/lib/python3.6/site-packages/airflow/example_dags/example_branch_labels.py
[2021-10-18 17:27:29,393] {logging_mixin.py:109} INFO - [2021-10-18 17:27:29,393] {dag.py:2389} INFO - Sync 1 DAGs
[2021-10-18 17:27:29,413] {logging_mixin.py:109} INFO - [2021-10-18 17:27:29,412] {dag.py:2914} INFO - Setting next_dagrun for example_branch_labels to 2021-10-17 00:00:00+00:00
[2021-10-18 17:27:29,423] {processor.py:171} INFO - Processing /home/user/workspace/airflow/airflow_env/lib/python3.6/site-packages/airflow/example_dags/example_branch_labels.py took 0.089 seconds
[2021-10-18 17:28:30,113] {processor.py:163} INFO - Started process (PID=25040) to work on /home/user/workspace/airflow/airflow_env/lib/python3.6/site-packages/airflow/example_dags/example_branch_labels.py
[2021-10-18 17:28:30,115] {processor.py:620} INFO - Processing file /home/user/workspace/airflow/airflow_env/lib/python3.6/site-packages/airflow/example_dags/example_branch_labels.py for tasks to queue
[2021-10-18 17:28:30,117] {logging_mixin.py:109} INFO - [2021-10-18 17:28:30,117] {dagbag.py:500} INFO - Filling up the DagBag from /home/user/workspace/airflow/airflow_env/lib/python3.6/site-packages/airflow/example_dags/example_branch_labels.py
[2021-10-18 17:28:30,195] {processor.py:632} INFO - DAG(s) dict_keys(['example_branch_labels']) retrieved from /home/user/workspace/airflow/airflow_env/lib/python3.6/site-packages/airflow/example_dags/example_branch_labels.py
[2021-10-18 17:28:30,233] {logging_mixin.py:109} INFO - [2021-10-18 17:28:30,233] {dag.py:2389} INFO - Sync 1 DAGs
[2021-10-18 17:28:30,302] {logging_mixin.py:109} INFO - [2021-10-18 17:28:30,301] {dag.py:2914} INFO - Setting next_dagrun for example_branch_labels to 2021-10-17 00:00:00+00:00
[2021-10-18 17:28:30,328] {processor.py:171} INFO - Processing /home/user/workspace/airflow/airflow_env/lib/python3.6/site-packages/airflow/example_dags/example_branch_labels.py took 0.222 seconds
[2021-10-18 17:29:33,739] {processor.py:163} INFO - Started process (PID=25221) to work on /home/user/workspace/airflow/airflow_env/lib/python3.6/site-packages/airflow/example_dags/example_branch_labels.py
[2021-10-18 17:29:33,742] {processor.py:620} INFO - Processing file /home/user/workspace/airflow/airflow_env/lib/python3.6/site-packages/airflow/example_dags/example_branch_labels.py for tasks to queue
[2021-10-18 17:29:33,744] {logging_mixin.py:109} INFO - [2021-10-18 17:29:33,744] {dagbag.py:500} INFO - Filling up the DagBag from /home/user/workspace/airflow/airflow_env/lib/python3.6/site-packages/airflow/example_dags/example_branch_labels.py
[2021-10-18 17:29:33,814] {processor.py:632} INFO - DAG(s) dict_keys(['example_branch_labels']) retrieved from /home/user/workspace/airflow/airflow_env/lib/python3.6/site-packages/airflow/example_dags/example_branch_labels.py
[2021-10-18 17:29:33,841] {logging_mixin.py:109} INFO - [2021-10-18 17:29:33,841] {dag.py:2389} INFO - Sync 1 DAGs
[2021-10-18 17:29:33,867] {logging_mixin.py:109} INFO - [2021-10-18 17:29:33,867] {dag.py:2914} INFO - Setting next_dagrun for example_branch_labels to 2021-10-17 00:00:00+00:00
[2021-10-18 17:29:33,882] {processor.py:171} INFO - Processing /home/user/workspace/airflow/airflow_env/lib/python3.6/site-packages/airflow/example_dags/example_branch_labels.py took 0.154 seconds
[2021-10-18 17:30:32,307] {processor.py:163} INFO - Started process (PID=25353) to work on /home/user/workspace/airflow/airflow_env/lib/python3.6/site-packages/airflow/example_dags/example_branch_labels.py
[2021-10-18 17:30:32,308] {processor.py:620} INFO - Processing file /home/user/workspace/airflow/airflow_env/lib/python3.6/site-packages/airflow/example_dags/example_branch_labels.py for tasks to queue
[2021-10-18 17:30:32,309] {logging_mixin.py:109} INFO - [2021-10-18 17:30:32,309] {dagbag.py:500} INFO - Filling up the DagBag from /home/user/workspace/airflow/airflow_env/lib/python3.6/site-packages/airflow/example_dags/example_branch_labels.py
[2021-10-18 17:30:32,350] {processor.py:632} INFO - DAG(s) dict_keys(['example_branch_labels']) retrieved from /home/user/workspace/airflow/airflow_env/lib/python3.6/site-packages/airflow/example_dags/example_branch_labels.py
[2021-10-18 17:30:32,377] {logging_mixin.py:109} INFO - [2021-10-18 17:30:32,376] {dag.py:2389} INFO - Sync 1 DAGs
[2021-10-18 17:30:32,425] {logging_mixin.py:109} INFO - [2021-10-18 17:30:32,425] {dag.py:2914} INFO - Setting next_dagrun for example_branch_labels to 2021-10-17 00:00:00+00:00
[2021-10-18 17:30:32,448] {processor.py:171} INFO - Processing /home/user/workspace/airflow/airflow_env/lib/python3.6/site-packages/airflow/example_dags/example_branch_labels.py took 0.145 seconds
[2021-10-18 17:31:34,752] {processor.py:163} INFO - Started process (PID=25564) to work on /home/user/workspace/airflow/airflow_env/lib/python3.6/site-packages/airflow/example_dags/example_branch_labels.py
[2021-10-18 17:31:34,754] {processor.py:620} INFO - Processing file /home/user/workspace/airflow/airflow_env/lib/python3.6/site-packages/airflow/example_dags/example_branch_labels.py for tasks to queue
[2021-10-18 17:31:34,755] {logging_mixin.py:109} INFO - [2021-10-18 17:31:34,755] {dagbag.py:500} INFO - Filling up the DagBag from /home/user/workspace/airflow/airflow_env/lib/python3.6/site-packages/airflow/example_dags/example_branch_labels.py
[2021-10-18 17:31:34,796] {processor.py:632} INFO - DAG(s) dict_keys(['example_branch_labels']) retrieved from /home/user/workspace/airflow/airflow_env/lib/python3.6/site-packages/airflow/example_dags/example_branch_labels.py
[2021-10-18 17:31:34,816] {logging_mixin.py:109} INFO - [2021-10-18 17:31:34,815] {dag.py:2389} INFO - Sync 1 DAGs
[2021-10-18 17:31:34,846] {logging_mixin.py:109} INFO - [2021-10-18 17:31:34,845] {dag.py:2914} INFO - Setting next_dagrun for example_branch_labels to 2021-10-17 00:00:00+00:00
[2021-10-18 17:31:34,861] {processor.py:171} INFO - Processing /home/user/workspace/airflow/airflow_env/lib/python3.6/site-packages/airflow/example_dags/example_branch_labels.py took 0.115 seconds
[2021-10-18 17:32:38,103] {processor.py:163} INFO - Started process (PID=25790) to work on /home/user/workspace/airflow/airflow_env/lib/python3.6/site-packages/airflow/example_dags/example_branch_labels.py
[2021-10-18 17:32:38,106] {processor.py:620} INFO - Processing file /home/user/workspace/airflow/airflow_env/lib/python3.6/site-packages/airflow/example_dags/example_branch_labels.py for tasks to queue
[2021-10-18 17:32:38,108] {logging_mixin.py:109} INFO - [2021-10-18 17:32:38,107] {dagbag.py:500} INFO - Filling up the DagBag from /home/user/workspace/airflow/airflow_env/lib/python3.6/site-packages/airflow/example_dags/example_branch_labels.py
[2021-10-18 17:32:38,160] {processor.py:632} INFO - DAG(s) dict_keys(['example_branch_labels']) retrieved from /home/user/workspace/airflow/airflow_env/lib/python3.6/site-packages/airflow/example_dags/example_branch_labels.py
[2021-10-18 17:32:38,185] {logging_mixin.py:109} INFO - [2021-10-18 17:32:38,185] {dag.py:2389} INFO - Sync 1 DAGs
[2021-10-18 17:32:38,210] {logging_mixin.py:109} INFO - [2021-10-18 17:32:38,210] {dag.py:2914} INFO - Setting next_dagrun for example_branch_labels to 2021-10-17 00:00:00+00:00
[2021-10-18 17:32:38,218] {processor.py:171} INFO - Processing /home/user/workspace/airflow/airflow_env/lib/python3.6/site-packages/airflow/example_dags/example_branch_labels.py took 0.123 seconds
[2021-10-18 17:33:37,423] {processor.py:163} INFO - Started process (PID=25904) to work on /home/user/workspace/airflow/airflow_env/lib/python3.6/site-packages/airflow/example_dags/example_branch_labels.py
[2021-10-18 17:33:37,425] {processor.py:620} INFO - Processing file /home/user/workspace/airflow/airflow_env/lib/python3.6/site-packages/airflow/example_dags/example_branch_labels.py for tasks to queue
[2021-10-18 17:33:37,426] {logging_mixin.py:109} INFO - [2021-10-18 17:33:37,426] {dagbag.py:500} INFO - Filling up the DagBag from /home/user/workspace/airflow/airflow_env/lib/python3.6/site-packages/airflow/example_dags/example_branch_labels.py
[2021-10-18 17:33:37,468] {processor.py:632} INFO - DAG(s) dict_keys(['example_branch_labels']) retrieved from /home/user/workspace/airflow/airflow_env/lib/python3.6/site-packages/airflow/example_dags/example_branch_labels.py
[2021-10-18 17:33:37,489] {logging_mixin.py:109} INFO - [2021-10-18 17:33:37,489] {dag.py:2389} INFO - Sync 1 DAGs
[2021-10-18 17:33:37,523] {logging_mixin.py:109} INFO - [2021-10-18 17:33:37,523] {dag.py:2914} INFO - Setting next_dagrun for example_branch_labels to 2021-10-17 00:00:00+00:00
[2021-10-18 17:33:37,539] {processor.py:171} INFO - Processing /home/user/workspace/airflow/airflow_env/lib/python3.6/site-packages/airflow/example_dags/example_branch_labels.py took 0.122 seconds
[2021-10-18 17:34:35,164] {processor.py:163} INFO - Started process (PID=26006) to work on /home/user/workspace/airflow/airflow_env/lib/python3.6/site-packages/airflow/example_dags/example_branch_labels.py
[2021-10-18 17:34:35,179] {processor.py:620} INFO - Processing file /home/user/workspace/airflow/airflow_env/lib/python3.6/site-packages/airflow/example_dags/example_branch_labels.py for tasks to queue
[2021-10-18 17:34:35,182] {logging_mixin.py:109} INFO - [2021-10-18 17:34:35,181] {dagbag.py:500} INFO - Filling up the DagBag from /home/user/workspace/airflow/airflow_env/lib/python3.6/site-packages/airflow/example_dags/example_branch_labels.py
[2021-10-18 17:34:35,251] {processor.py:632} INFO - DAG(s) dict_keys(['example_branch_labels']) retrieved from /home/user/workspace/airflow/airflow_env/lib/python3.6/site-packages/airflow/example_dags/example_branch_labels.py
[2021-10-18 17:34:35,285] {logging_mixin.py:109} INFO - [2021-10-18 17:34:35,285] {dag.py:2389} INFO - Sync 1 DAGs
[2021-10-18 17:34:35,333] {logging_mixin.py:109} INFO - [2021-10-18 17:34:35,333] {dag.py:2914} INFO - Setting next_dagrun for example_branch_labels to 2021-10-17 00:00:00+00:00
[2021-10-18 17:34:35,353] {processor.py:171} INFO - Processing /home/user/workspace/airflow/airflow_env/lib/python3.6/site-packages/airflow/example_dags/example_branch_labels.py took 0.197 seconds
[2021-10-18 17:35:34,712] {processor.py:163} INFO - Started process (PID=26168) to work on /home/user/workspace/airflow/airflow_env/lib/python3.6/site-packages/airflow/example_dags/example_branch_labels.py
[2021-10-18 17:35:34,713] {processor.py:620} INFO - Processing file /home/user/workspace/airflow/airflow_env/lib/python3.6/site-packages/airflow/example_dags/example_branch_labels.py for tasks to queue
[2021-10-18 17:35:34,714] {logging_mixin.py:109} INFO - [2021-10-18 17:35:34,714] {dagbag.py:500} INFO - Filling up the DagBag from /home/user/workspace/airflow/airflow_env/lib/python3.6/site-packages/airflow/example_dags/example_branch_labels.py
[2021-10-18 17:35:34,733] {processor.py:632} INFO - DAG(s) dict_keys(['example_branch_labels']) retrieved from /home/user/workspace/airflow/airflow_env/lib/python3.6/site-packages/airflow/example_dags/example_branch_labels.py
[2021-10-18 17:35:34,744] {logging_mixin.py:109} INFO - [2021-10-18 17:35:34,744] {dag.py:2389} INFO - Sync 1 DAGs
[2021-10-18 17:35:34,761] {logging_mixin.py:109} INFO - [2021-10-18 17:35:34,761] {dag.py:2914} INFO - Setting next_dagrun for example_branch_labels to 2021-10-17 00:00:00+00:00
[2021-10-18 17:35:34,770] {processor.py:171} INFO - Processing /home/user/workspace/airflow/airflow_env/lib/python3.6/site-packages/airflow/example_dags/example_branch_labels.py took 0.061 seconds
[2021-10-18 17:36:33,703] {processor.py:163} INFO - Started process (PID=26333) to work on /home/user/workspace/airflow/airflow_env/lib/python3.6/site-packages/airflow/example_dags/example_branch_labels.py
[2021-10-18 17:36:33,705] {processor.py:620} INFO - Processing file /home/user/workspace/airflow/airflow_env/lib/python3.6/site-packages/airflow/example_dags/example_branch_labels.py for tasks to queue
[2021-10-18 17:36:33,707] {logging_mixin.py:109} INFO - [2021-10-18 17:36:33,707] {dagbag.py:500} INFO - Filling up the DagBag from /home/user/workspace/airflow/airflow_env/lib/python3.6/site-packages/airflow/example_dags/example_branch_labels.py
[2021-10-18 17:36:33,754] {processor.py:632} INFO - DAG(s) dict_keys(['example_branch_labels']) retrieved from /home/user/workspace/airflow/airflow_env/lib/python3.6/site-packages/airflow/example_dags/example_branch_labels.py
[2021-10-18 17:36:33,782] {logging_mixin.py:109} INFO - [2021-10-18 17:36:33,782] {dag.py:2389} INFO - Sync 1 DAGs
[2021-10-18 17:36:33,823] {logging_mixin.py:109} INFO - [2021-10-18 17:36:33,823] {dag.py:2914} INFO - Setting next_dagrun for example_branch_labels to 2021-10-17 00:00:00+00:00
[2021-10-18 17:36:33,842] {processor.py:171} INFO - Processing /home/user/workspace/airflow/airflow_env/lib/python3.6/site-packages/airflow/example_dags/example_branch_labels.py took 0.146 seconds
[2021-10-18 17:37:33,170] {processor.py:163} INFO - Started process (PID=26491) to work on /home/user/workspace/airflow/airflow_env/lib/python3.6/site-packages/airflow/example_dags/example_branch_labels.py
[2021-10-18 17:37:33,174] {processor.py:620} INFO - Processing file /home/user/workspace/airflow/airflow_env/lib/python3.6/site-packages/airflow/example_dags/example_branch_labels.py for tasks to queue
[2021-10-18 17:37:33,176] {logging_mixin.py:109} INFO - [2021-10-18 17:37:33,176] {dagbag.py:500} INFO - Filling up the DagBag from /home/user/workspace/airflow/airflow_env/lib/python3.6/site-packages/airflow/example_dags/example_branch_labels.py
[2021-10-18 17:37:33,245] {processor.py:632} INFO - DAG(s) dict_keys(['example_branch_labels']) retrieved from /home/user/workspace/airflow/airflow_env/lib/python3.6/site-packages/airflow/example_dags/example_branch_labels.py
[2021-10-18 17:37:33,264] {logging_mixin.py:109} INFO - [2021-10-18 17:37:33,264] {dag.py:2389} INFO - Sync 1 DAGs
[2021-10-18 17:37:33,288] {logging_mixin.py:109} INFO - [2021-10-18 17:37:33,288] {dag.py:2914} INFO - Setting next_dagrun for example_branch_labels to 2021-10-17 00:00:00+00:00
[2021-10-18 17:37:33,300] {processor.py:171} INFO - Processing /home/user/workspace/airflow/airflow_env/lib/python3.6/site-packages/airflow/example_dags/example_branch_labels.py took 0.142 seconds
[2021-10-18 17:38:34,973] {processor.py:163} INFO - Started process (PID=26597) to work on /home/user/workspace/airflow/airflow_env/lib/python3.6/site-packages/airflow/example_dags/example_branch_labels.py
[2021-10-18 17:38:34,985] {processor.py:620} INFO - Processing file /home/user/workspace/airflow/airflow_env/lib/python3.6/site-packages/airflow/example_dags/example_branch_labels.py for tasks to queue
[2021-10-18 17:38:34,987] {logging_mixin.py:109} INFO - [2021-10-18 17:38:34,986] {dagbag.py:500} INFO - Filling up the DagBag from /home/user/workspace/airflow/airflow_env/lib/python3.6/site-packages/airflow/example_dags/example_branch_labels.py
[2021-10-18 17:38:35,038] {processor.py:632} INFO - DAG(s) dict_keys(['example_branch_labels']) retrieved from /home/user/workspace/airflow/airflow_env/lib/python3.6/site-packages/airflow/example_dags/example_branch_labels.py
[2021-10-18 17:38:35,066] {logging_mixin.py:109} INFO - [2021-10-18 17:38:35,066] {dag.py:2389} INFO - Sync 1 DAGs
[2021-10-18 17:38:35,092] {logging_mixin.py:109} INFO - [2021-10-18 17:38:35,092] {dag.py:2914} INFO - Setting next_dagrun for example_branch_labels to 2021-10-17 00:00:00+00:00
[2021-10-18 17:38:35,101] {processor.py:171} INFO - Processing /home/user/workspace/airflow/airflow_env/lib/python3.6/site-packages/airflow/example_dags/example_branch_labels.py took 0.135 seconds
[2021-10-18 17:39:40,120] {processor.py:163} INFO - Started process (PID=26735) to work on /home/user/workspace/airflow/airflow_env/lib/python3.6/site-packages/airflow/example_dags/example_branch_labels.py
[2021-10-18 17:39:40,123] {processor.py:620} INFO - Processing file /home/user/workspace/airflow/airflow_env/lib/python3.6/site-packages/airflow/example_dags/example_branch_labels.py for tasks to queue
[2021-10-18 17:39:40,124] {logging_mixin.py:109} INFO - [2021-10-18 17:39:40,124] {dagbag.py:500} INFO - Filling up the DagBag from /home/user/workspace/airflow/airflow_env/lib/python3.6/site-packages/airflow/example_dags/example_branch_labels.py
[2021-10-18 17:39:40,174] {processor.py:632} INFO - DAG(s) dict_keys(['example_branch_labels']) retrieved from /home/user/workspace/airflow/airflow_env/lib/python3.6/site-packages/airflow/example_dags/example_branch_labels.py
[2021-10-18 17:39:40,203] {logging_mixin.py:109} INFO - [2021-10-18 17:39:40,203] {dag.py:2389} INFO - Sync 1 DAGs
[2021-10-18 17:39:40,234] {logging_mixin.py:109} INFO - [2021-10-18 17:39:40,234] {dag.py:2914} INFO - Setting next_dagrun for example_branch_labels to 2021-10-17 00:00:00+00:00
[2021-10-18 17:39:40,254] {processor.py:171} INFO - Processing /home/user/workspace/airflow/airflow_env/lib/python3.6/site-packages/airflow/example_dags/example_branch_labels.py took 0.140 seconds
[2021-10-18 17:40:44,056] {processor.py:163} INFO - Started process (PID=26975) to work on /home/user/workspace/airflow/airflow_env/lib/python3.6/site-packages/airflow/example_dags/example_branch_labels.py
[2021-10-18 17:40:44,068] {processor.py:620} INFO - Processing file /home/user/workspace/airflow/airflow_env/lib/python3.6/site-packages/airflow/example_dags/example_branch_labels.py for tasks to queue
[2021-10-18 17:40:44,069] {logging_mixin.py:109} INFO - [2021-10-18 17:40:44,069] {dagbag.py:500} INFO - Filling up the DagBag from /home/user/workspace/airflow/airflow_env/lib/python3.6/site-packages/airflow/example_dags/example_branch_labels.py
[2021-10-18 17:40:44,110] {processor.py:632} INFO - DAG(s) dict_keys(['example_branch_labels']) retrieved from /home/user/workspace/airflow/airflow_env/lib/python3.6/site-packages/airflow/example_dags/example_branch_labels.py
[2021-10-18 17:40:44,129] {logging_mixin.py:109} INFO - [2021-10-18 17:40:44,129] {dag.py:2389} INFO - Sync 1 DAGs
[2021-10-18 17:40:44,159] {logging_mixin.py:109} INFO - [2021-10-18 17:40:44,159] {dag.py:2914} INFO - Setting next_dagrun for example_branch_labels to 2021-10-17 00:00:00+00:00
[2021-10-18 17:40:44,169] {processor.py:171} INFO - Processing /home/user/workspace/airflow/airflow_env/lib/python3.6/site-packages/airflow/example_dags/example_branch_labels.py took 0.119 seconds
[2021-10-18 17:41:41,826] {processor.py:163} INFO - Started process (PID=27069) to work on /home/user/workspace/airflow/airflow_env/lib/python3.6/site-packages/airflow/example_dags/example_branch_labels.py
[2021-10-18 17:41:41,828] {processor.py:620} INFO - Processing file /home/user/workspace/airflow/airflow_env/lib/python3.6/site-packages/airflow/example_dags/example_branch_labels.py for tasks to queue
[2021-10-18 17:41:41,830] {logging_mixin.py:109} INFO - [2021-10-18 17:41:41,829] {dagbag.py:500} INFO - Filling up the DagBag from /home/user/workspace/airflow/airflow_env/lib/python3.6/site-packages/airflow/example_dags/example_branch_labels.py
[2021-10-18 17:41:41,873] {processor.py:632} INFO - DAG(s) dict_keys(['example_branch_labels']) retrieved from /home/user/workspace/airflow/airflow_env/lib/python3.6/site-packages/airflow/example_dags/example_branch_labels.py
[2021-10-18 17:41:41,896] {logging_mixin.py:109} INFO - [2021-10-18 17:41:41,896] {dag.py:2389} INFO - Sync 1 DAGs
[2021-10-18 17:41:41,933] {logging_mixin.py:109} INFO - [2021-10-18 17:41:41,932] {dag.py:2914} INFO - Setting next_dagrun for example_branch_labels to 2021-10-17 00:00:00+00:00
[2021-10-18 17:41:41,947] {processor.py:171} INFO - Processing /home/user/workspace/airflow/airflow_env/lib/python3.6/site-packages/airflow/example_dags/example_branch_labels.py took 0.126 seconds
[2021-10-18 17:42:41,441] {processor.py:163} INFO - Started process (PID=27242) to work on /home/user/workspace/airflow/airflow_env/lib/python3.6/site-packages/airflow/example_dags/example_branch_labels.py
[2021-10-18 17:42:41,453] {processor.py:620} INFO - Processing file /home/user/workspace/airflow/airflow_env/lib/python3.6/site-packages/airflow/example_dags/example_branch_labels.py for tasks to queue
[2021-10-18 17:42:41,454] {logging_mixin.py:109} INFO - [2021-10-18 17:42:41,454] {dagbag.py:500} INFO - Filling up the DagBag from /home/user/workspace/airflow/airflow_env/lib/python3.6/site-packages/airflow/example_dags/example_branch_labels.py
[2021-10-18 17:42:41,492] {processor.py:632} INFO - DAG(s) dict_keys(['example_branch_labels']) retrieved from /home/user/workspace/airflow/airflow_env/lib/python3.6/site-packages/airflow/example_dags/example_branch_labels.py
[2021-10-18 17:42:41,512] {logging_mixin.py:109} INFO - [2021-10-18 17:42:41,512] {dag.py:2389} INFO - Sync 1 DAGs
[2021-10-18 17:42:41,542] {logging_mixin.py:109} INFO - [2021-10-18 17:42:41,542] {dag.py:2914} INFO - Setting next_dagrun for example_branch_labels to 2021-10-17 00:00:00+00:00
[2021-10-18 17:42:41,554] {processor.py:171} INFO - Processing /home/user/workspace/airflow/airflow_env/lib/python3.6/site-packages/airflow/example_dags/example_branch_labels.py took 0.116 seconds
[2021-10-18 17:43:39,187] {processor.py:163} INFO - Started process (PID=27350) to work on /home/user/workspace/airflow/airflow_env/lib/python3.6/site-packages/airflow/example_dags/example_branch_labels.py
[2021-10-18 17:43:39,189] {processor.py:620} INFO - Processing file /home/user/workspace/airflow/airflow_env/lib/python3.6/site-packages/airflow/example_dags/example_branch_labels.py for tasks to queue
[2021-10-18 17:43:39,190] {logging_mixin.py:109} INFO - [2021-10-18 17:43:39,190] {dagbag.py:500} INFO - Filling up the DagBag from /home/user/workspace/airflow/airflow_env/lib/python3.6/site-packages/airflow/example_dags/example_branch_labels.py
[2021-10-18 17:43:39,226] {processor.py:632} INFO - DAG(s) dict_keys(['example_branch_labels']) retrieved from /home/user/workspace/airflow/airflow_env/lib/python3.6/site-packages/airflow/example_dags/example_branch_labels.py
[2021-10-18 17:43:39,245] {logging_mixin.py:109} INFO - [2021-10-18 17:43:39,245] {dag.py:2389} INFO - Sync 1 DAGs
[2021-10-18 17:43:39,272] {logging_mixin.py:109} INFO - [2021-10-18 17:43:39,271] {dag.py:2914} INFO - Setting next_dagrun for example_branch_labels to 2021-10-17 00:00:00+00:00
[2021-10-18 17:43:39,285] {processor.py:171} INFO - Processing /home/user/workspace/airflow/airflow_env/lib/python3.6/site-packages/airflow/example_dags/example_branch_labels.py took 0.104 seconds
[2021-10-18 17:44:34,303] {processor.py:163} INFO - Started process (PID=27583) to work on /home/user/workspace/airflow/airflow_env/lib/python3.6/site-packages/airflow/example_dags/example_branch_labels.py
[2021-10-18 17:44:34,318] {processor.py:620} INFO - Processing file /home/user/workspace/airflow/airflow_env/lib/python3.6/site-packages/airflow/example_dags/example_branch_labels.py for tasks to queue
[2021-10-18 17:44:34,320] {logging_mixin.py:109} INFO - [2021-10-18 17:44:34,320] {dagbag.py:500} INFO - Filling up the DagBag from /home/user/workspace/airflow/airflow_env/lib/python3.6/site-packages/airflow/example_dags/example_branch_labels.py
[2021-10-18 17:44:34,371] {processor.py:632} INFO - DAG(s) dict_keys(['example_branch_labels']) retrieved from /home/user/workspace/airflow/airflow_env/lib/python3.6/site-packages/airflow/example_dags/example_branch_labels.py
[2021-10-18 17:44:34,401] {logging_mixin.py:109} INFO - [2021-10-18 17:44:34,401] {dag.py:2389} INFO - Sync 1 DAGs
[2021-10-18 17:44:34,440] {logging_mixin.py:109} INFO - [2021-10-18 17:44:34,440] {dag.py:2914} INFO - Setting next_dagrun for example_branch_labels to 2021-10-17 00:00:00+00:00
[2021-10-18 17:44:34,455] {processor.py:171} INFO - Processing /home/user/workspace/airflow/airflow_env/lib/python3.6/site-packages/airflow/example_dags/example_branch_labels.py took 0.159 seconds
[2021-10-18 17:45:32,602] {processor.py:163} INFO - Started process (PID=27753) to work on /home/user/workspace/airflow/airflow_env/lib/python3.6/site-packages/airflow/example_dags/example_branch_labels.py
[2021-10-18 17:45:32,604] {processor.py:620} INFO - Processing file /home/user/workspace/airflow/airflow_env/lib/python3.6/site-packages/airflow/example_dags/example_branch_labels.py for tasks to queue
[2021-10-18 17:45:32,606] {logging_mixin.py:109} INFO - [2021-10-18 17:45:32,606] {dagbag.py:500} INFO - Filling up the DagBag from /home/user/workspace/airflow/airflow_env/lib/python3.6/site-packages/airflow/example_dags/example_branch_labels.py
[2021-10-18 17:45:32,650] {processor.py:632} INFO - DAG(s) dict_keys(['example_branch_labels']) retrieved from /home/user/workspace/airflow/airflow_env/lib/python3.6/site-packages/airflow/example_dags/example_branch_labels.py
[2021-10-18 17:45:32,672] {logging_mixin.py:109} INFO - [2021-10-18 17:45:32,672] {dag.py:2389} INFO - Sync 1 DAGs
[2021-10-18 17:45:32,705] {logging_mixin.py:109} INFO - [2021-10-18 17:45:32,705] {dag.py:2914} INFO - Setting next_dagrun for example_branch_labels to 2021-10-17 00:00:00+00:00
[2021-10-18 17:45:32,718] {processor.py:171} INFO - Processing /home/user/workspace/airflow/airflow_env/lib/python3.6/site-packages/airflow/example_dags/example_branch_labels.py took 0.124 seconds
[2021-10-18 17:46:24,466] {processor.py:163} INFO - Started process (PID=27986) to work on /home/user/workspace/airflow/airflow_env/lib/python3.6/site-packages/airflow/example_dags/example_branch_labels.py
[2021-10-18 17:46:24,468] {processor.py:620} INFO - Processing file /home/user/workspace/airflow/airflow_env/lib/python3.6/site-packages/airflow/example_dags/example_branch_labels.py for tasks to queue
[2021-10-18 17:46:24,471] {logging_mixin.py:109} INFO - [2021-10-18 17:46:24,470] {dagbag.py:500} INFO - Filling up the DagBag from /home/user/workspace/airflow/airflow_env/lib/python3.6/site-packages/airflow/example_dags/example_branch_labels.py
[2021-10-18 17:46:24,525] {processor.py:632} INFO - DAG(s) dict_keys(['example_branch_labels']) retrieved from /home/user/workspace/airflow/airflow_env/lib/python3.6/site-packages/airflow/example_dags/example_branch_labels.py
[2021-10-18 17:46:24,552] {logging_mixin.py:109} INFO - [2021-10-18 17:46:24,552] {dag.py:2389} INFO - Sync 1 DAGs
[2021-10-18 17:46:24,582] {logging_mixin.py:109} INFO - [2021-10-18 17:46:24,582] {dag.py:2914} INFO - Setting next_dagrun for example_branch_labels to 2021-10-17 00:00:00+00:00
[2021-10-18 17:46:24,592] {processor.py:171} INFO - Processing /home/user/workspace/airflow/airflow_env/lib/python3.6/site-packages/airflow/example_dags/example_branch_labels.py took 0.133 seconds
[2021-10-18 17:47:21,396] {processor.py:163} INFO - Started process (PID=28137) to work on /home/user/workspace/airflow/airflow_env/lib/python3.6/site-packages/airflow/example_dags/example_branch_labels.py
[2021-10-18 17:47:21,398] {processor.py:620} INFO - Processing file /home/user/workspace/airflow/airflow_env/lib/python3.6/site-packages/airflow/example_dags/example_branch_labels.py for tasks to queue
[2021-10-18 17:47:21,399] {logging_mixin.py:109} INFO - [2021-10-18 17:47:21,399] {dagbag.py:500} INFO - Filling up the DagBag from /home/user/workspace/airflow/airflow_env/lib/python3.6/site-packages/airflow/example_dags/example_branch_labels.py
[2021-10-18 17:47:21,437] {processor.py:632} INFO - DAG(s) dict_keys(['example_branch_labels']) retrieved from /home/user/workspace/airflow/airflow_env/lib/python3.6/site-packages/airflow/example_dags/example_branch_labels.py
[2021-10-18 17:47:21,457] {logging_mixin.py:109} INFO - [2021-10-18 17:47:21,456] {dag.py:2389} INFO - Sync 1 DAGs
[2021-10-18 17:47:21,485] {logging_mixin.py:109} INFO - [2021-10-18 17:47:21,485] {dag.py:2914} INFO - Setting next_dagrun for example_branch_labels to 2021-10-17 00:00:00+00:00
[2021-10-18 17:47:21,499] {processor.py:171} INFO - Processing /home/user/workspace/airflow/airflow_env/lib/python3.6/site-packages/airflow/example_dags/example_branch_labels.py took 0.108 seconds
[2021-10-18 17:48:18,482] {processor.py:163} INFO - Started process (PID=28269) to work on /home/user/workspace/airflow/airflow_env/lib/python3.6/site-packages/airflow/example_dags/example_branch_labels.py
[2021-10-18 17:48:18,484] {processor.py:620} INFO - Processing file /home/user/workspace/airflow/airflow_env/lib/python3.6/site-packages/airflow/example_dags/example_branch_labels.py for tasks to queue
[2021-10-18 17:48:18,486] {logging_mixin.py:109} INFO - [2021-10-18 17:48:18,486] {dagbag.py:500} INFO - Filling up the DagBag from /home/user/workspace/airflow/airflow_env/lib/python3.6/site-packages/airflow/example_dags/example_branch_labels.py
[2021-10-18 17:48:18,538] {processor.py:632} INFO - DAG(s) dict_keys(['example_branch_labels']) retrieved from /home/user/workspace/airflow/airflow_env/lib/python3.6/site-packages/airflow/example_dags/example_branch_labels.py
[2021-10-18 17:48:18,571] {logging_mixin.py:109} INFO - [2021-10-18 17:48:18,570] {dag.py:2389} INFO - Sync 1 DAGs
[2021-10-18 17:48:18,606] {logging_mixin.py:109} INFO - [2021-10-18 17:48:18,606] {dag.py:2914} INFO - Setting next_dagrun for example_branch_labels to 2021-10-17 00:00:00+00:00
[2021-10-18 17:48:18,616] {processor.py:171} INFO - Processing /home/user/workspace/airflow/airflow_env/lib/python3.6/site-packages/airflow/example_dags/example_branch_labels.py took 0.141 seconds
[2021-10-18 17:49:26,142] {processor.py:163} INFO - Started process (PID=28412) to work on /home/user/workspace/airflow/airflow_env/lib/python3.6/site-packages/airflow/example_dags/example_branch_labels.py
[2021-10-18 17:49:26,148] {processor.py:620} INFO - Processing file /home/user/workspace/airflow/airflow_env/lib/python3.6/site-packages/airflow/example_dags/example_branch_labels.py for tasks to queue
[2021-10-18 17:49:26,150] {logging_mixin.py:109} INFO - [2021-10-18 17:49:26,150] {dagbag.py:500} INFO - Filling up the DagBag from /home/user/workspace/airflow/airflow_env/lib/python3.6/site-packages/airflow/example_dags/example_branch_labels.py
[2021-10-18 17:49:26,222] {processor.py:632} INFO - DAG(s) dict_keys(['example_branch_labels']) retrieved from /home/user/workspace/airflow/airflow_env/lib/python3.6/site-packages/airflow/example_dags/example_branch_labels.py
[2021-10-18 17:49:26,256] {logging_mixin.py:109} INFO - [2021-10-18 17:49:26,256] {dag.py:2389} INFO - Sync 1 DAGs
[2021-10-18 17:49:26,306] {logging_mixin.py:109} INFO - [2021-10-18 17:49:26,305] {dag.py:2914} INFO - Setting next_dagrun for example_branch_labels to 2021-10-17 00:00:00+00:00
[2021-10-18 17:49:26,330] {processor.py:171} INFO - Processing /home/user/workspace/airflow/airflow_env/lib/python3.6/site-packages/airflow/example_dags/example_branch_labels.py took 0.199 seconds
[2021-10-18 17:50:13,987] {processor.py:163} INFO - Started process (PID=28576) to work on /home/user/workspace/airflow/airflow_env/lib/python3.6/site-packages/airflow/example_dags/example_branch_labels.py
[2021-10-18 17:50:13,999] {processor.py:620} INFO - Processing file /home/user/workspace/airflow/airflow_env/lib/python3.6/site-packages/airflow/example_dags/example_branch_labels.py for tasks to queue
[2021-10-18 17:50:14,000] {logging_mixin.py:109} INFO - [2021-10-18 17:50:14,000] {dagbag.py:500} INFO - Filling up the DagBag from /home/user/workspace/airflow/airflow_env/lib/python3.6/site-packages/airflow/example_dags/example_branch_labels.py
[2021-10-18 17:50:14,055] {processor.py:632} INFO - DAG(s) dict_keys(['example_branch_labels']) retrieved from /home/user/workspace/airflow/airflow_env/lib/python3.6/site-packages/airflow/example_dags/example_branch_labels.py
[2021-10-18 17:50:14,083] {logging_mixin.py:109} INFO - [2021-10-18 17:50:14,083] {dag.py:2389} INFO - Sync 1 DAGs
[2021-10-18 17:50:14,116] {logging_mixin.py:109} INFO - [2021-10-18 17:50:14,116] {dag.py:2914} INFO - Setting next_dagrun for example_branch_labels to 2021-10-17 00:00:00+00:00
[2021-10-18 17:50:14,128] {processor.py:171} INFO - Processing /home/user/workspace/airflow/airflow_env/lib/python3.6/site-packages/airflow/example_dags/example_branch_labels.py took 0.146 seconds
[2021-10-18 17:51:24,183] {processor.py:163} INFO - Started process (PID=28949) to work on /home/user/workspace/airflow/airflow_env/lib/python3.6/site-packages/airflow/example_dags/example_branch_labels.py
[2021-10-18 17:51:24,184] {processor.py:620} INFO - Processing file /home/user/workspace/airflow/airflow_env/lib/python3.6/site-packages/airflow/example_dags/example_branch_labels.py for tasks to queue
[2021-10-18 17:51:24,185] {logging_mixin.py:109} INFO - [2021-10-18 17:51:24,185] {dagbag.py:500} INFO - Filling up the DagBag from /home/user/workspace/airflow/airflow_env/lib/python3.6/site-packages/airflow/example_dags/example_branch_labels.py
[2021-10-18 17:51:24,209] {processor.py:632} INFO - DAG(s) dict_keys(['example_branch_labels']) retrieved from /home/user/workspace/airflow/airflow_env/lib/python3.6/site-packages/airflow/example_dags/example_branch_labels.py
[2021-10-18 17:51:24,229] {logging_mixin.py:109} INFO - [2021-10-18 17:51:24,229] {dag.py:2389} INFO - Sync 1 DAGs
[2021-10-18 17:51:24,258] {logging_mixin.py:109} INFO - [2021-10-18 17:51:24,257] {dag.py:2914} INFO - Setting next_dagrun for example_branch_labels to 2021-10-17 00:00:00+00:00
[2021-10-18 17:51:24,271] {processor.py:171} INFO - Processing /home/user/workspace/airflow/airflow_env/lib/python3.6/site-packages/airflow/example_dags/example_branch_labels.py took 0.092 seconds
[2021-10-18 17:52:12,833] {processor.py:163} INFO - Started process (PID=29043) to work on /home/user/workspace/airflow/airflow_env/lib/python3.6/site-packages/airflow/example_dags/example_branch_labels.py
[2021-10-18 17:52:12,836] {processor.py:620} INFO - Processing file /home/user/workspace/airflow/airflow_env/lib/python3.6/site-packages/airflow/example_dags/example_branch_labels.py for tasks to queue
[2021-10-18 17:52:12,837] {logging_mixin.py:109} INFO - [2021-10-18 17:52:12,837] {dagbag.py:500} INFO - Filling up the DagBag from /home/user/workspace/airflow/airflow_env/lib/python3.6/site-packages/airflow/example_dags/example_branch_labels.py
[2021-10-18 17:52:12,880] {processor.py:632} INFO - DAG(s) dict_keys(['example_branch_labels']) retrieved from /home/user/workspace/airflow/airflow_env/lib/python3.6/site-packages/airflow/example_dags/example_branch_labels.py
[2021-10-18 17:52:12,902] {logging_mixin.py:109} INFO - [2021-10-18 17:52:12,902] {dag.py:2389} INFO - Sync 1 DAGs
[2021-10-18 17:52:12,935] {logging_mixin.py:109} INFO - [2021-10-18 17:52:12,935] {dag.py:2914} INFO - Setting next_dagrun for example_branch_labels to 2021-10-17 00:00:00+00:00
[2021-10-18 17:52:12,946] {processor.py:171} INFO - Processing /home/user/workspace/airflow/airflow_env/lib/python3.6/site-packages/airflow/example_dags/example_branch_labels.py took 0.120 seconds
[2021-10-18 17:53:22,212] {processor.py:163} INFO - Started process (PID=29210) to work on /home/user/workspace/airflow/airflow_env/lib/python3.6/site-packages/airflow/example_dags/example_branch_labels.py
[2021-10-18 17:53:22,214] {processor.py:620} INFO - Processing file /home/user/workspace/airflow/airflow_env/lib/python3.6/site-packages/airflow/example_dags/example_branch_labels.py for tasks to queue
[2021-10-18 17:53:22,215] {logging_mixin.py:109} INFO - [2021-10-18 17:53:22,215] {dagbag.py:500} INFO - Filling up the DagBag from /home/user/workspace/airflow/airflow_env/lib/python3.6/site-packages/airflow/example_dags/example_branch_labels.py
[2021-10-18 17:53:22,260] {processor.py:632} INFO - DAG(s) dict_keys(['example_branch_labels']) retrieved from /home/user/workspace/airflow/airflow_env/lib/python3.6/site-packages/airflow/example_dags/example_branch_labels.py
[2021-10-18 17:53:22,286] {logging_mixin.py:109} INFO - [2021-10-18 17:53:22,286] {dag.py:2389} INFO - Sync 1 DAGs
[2021-10-18 17:53:22,323] {logging_mixin.py:109} INFO - [2021-10-18 17:53:22,323] {dag.py:2914} INFO - Setting next_dagrun for example_branch_labels to 2021-10-17 00:00:00+00:00
[2021-10-18 17:53:22,334] {processor.py:171} INFO - Processing /home/user/workspace/airflow/airflow_env/lib/python3.6/site-packages/airflow/example_dags/example_branch_labels.py took 0.129 seconds
[2021-10-18 17:54:31,851] {processor.py:163} INFO - Started process (PID=29315) to work on /home/user/workspace/airflow/airflow_env/lib/python3.6/site-packages/airflow/example_dags/example_branch_labels.py
[2021-10-18 17:54:31,853] {processor.py:620} INFO - Processing file /home/user/workspace/airflow/airflow_env/lib/python3.6/site-packages/airflow/example_dags/example_branch_labels.py for tasks to queue
[2021-10-18 17:54:31,854] {logging_mixin.py:109} INFO - [2021-10-18 17:54:31,854] {dagbag.py:500} INFO - Filling up the DagBag from /home/user/workspace/airflow/airflow_env/lib/python3.6/site-packages/airflow/example_dags/example_branch_labels.py
[2021-10-18 17:54:31,888] {processor.py:632} INFO - DAG(s) dict_keys(['example_branch_labels']) retrieved from /home/user/workspace/airflow/airflow_env/lib/python3.6/site-packages/airflow/example_dags/example_branch_labels.py
[2021-10-18 17:54:31,906] {logging_mixin.py:109} INFO - [2021-10-18 17:54:31,906] {dag.py:2389} INFO - Sync 1 DAGs
[2021-10-18 17:54:31,933] {logging_mixin.py:109} INFO - [2021-10-18 17:54:31,933] {dag.py:2914} INFO - Setting next_dagrun for example_branch_labels to 2021-10-17 00:00:00+00:00
[2021-10-18 17:54:31,947] {processor.py:171} INFO - Processing /home/user/workspace/airflow/airflow_env/lib/python3.6/site-packages/airflow/example_dags/example_branch_labels.py took 0.100 seconds
[2021-10-18 17:55:19,773] {processor.py:163} INFO - Started process (PID=29401) to work on /home/user/workspace/airflow/airflow_env/lib/python3.6/site-packages/airflow/example_dags/example_branch_labels.py
[2021-10-18 17:55:19,776] {processor.py:620} INFO - Processing file /home/user/workspace/airflow/airflow_env/lib/python3.6/site-packages/airflow/example_dags/example_branch_labels.py for tasks to queue
[2021-10-18 17:55:19,777] {logging_mixin.py:109} INFO - [2021-10-18 17:55:19,777] {dagbag.py:500} INFO - Filling up the DagBag from /home/user/workspace/airflow/airflow_env/lib/python3.6/site-packages/airflow/example_dags/example_branch_labels.py
[2021-10-18 17:55:19,826] {processor.py:632} INFO - DAG(s) dict_keys(['example_branch_labels']) retrieved from /home/user/workspace/airflow/airflow_env/lib/python3.6/site-packages/airflow/example_dags/example_branch_labels.py
[2021-10-18 17:55:19,850] {logging_mixin.py:109} INFO - [2021-10-18 17:55:19,850] {dag.py:2389} INFO - Sync 1 DAGs
[2021-10-18 17:55:19,869] {logging_mixin.py:109} INFO - [2021-10-18 17:55:19,869] {dag.py:2914} INFO - Setting next_dagrun for example_branch_labels to 2021-10-17 00:00:00+00:00
[2021-10-18 17:55:19,878] {processor.py:171} INFO - Processing /home/user/workspace/airflow/airflow_env/lib/python3.6/site-packages/airflow/example_dags/example_branch_labels.py took 0.111 seconds
[2021-10-18 17:56:26,011] {processor.py:163} INFO - Started process (PID=29576) to work on /home/user/workspace/airflow/airflow_env/lib/python3.6/site-packages/airflow/example_dags/example_branch_labels.py
[2021-10-18 17:56:26,023] {processor.py:620} INFO - Processing file /home/user/workspace/airflow/airflow_env/lib/python3.6/site-packages/airflow/example_dags/example_branch_labels.py for tasks to queue
[2021-10-18 17:56:26,024] {logging_mixin.py:109} INFO - [2021-10-18 17:56:26,024] {dagbag.py:500} INFO - Filling up the DagBag from /home/user/workspace/airflow/airflow_env/lib/python3.6/site-packages/airflow/example_dags/example_branch_labels.py
[2021-10-18 17:56:26,076] {processor.py:632} INFO - DAG(s) dict_keys(['example_branch_labels']) retrieved from /home/user/workspace/airflow/airflow_env/lib/python3.6/site-packages/airflow/example_dags/example_branch_labels.py
[2021-10-18 17:56:26,110] {logging_mixin.py:109} INFO - [2021-10-18 17:56:26,110] {dag.py:2389} INFO - Sync 1 DAGs
[2021-10-18 17:56:26,141] {logging_mixin.py:109} INFO - [2021-10-18 17:56:26,140] {dag.py:2914} INFO - Setting next_dagrun for example_branch_labels to 2021-10-17 00:00:00+00:00
[2021-10-18 17:56:26,150] {processor.py:171} INFO - Processing /home/user/workspace/airflow/airflow_env/lib/python3.6/site-packages/airflow/example_dags/example_branch_labels.py took 0.146 seconds
[2021-10-18 17:57:34,293] {processor.py:163} INFO - Started process (PID=29721) to work on /home/user/workspace/airflow/airflow_env/lib/python3.6/site-packages/airflow/example_dags/example_branch_labels.py
[2021-10-18 17:57:34,295] {processor.py:620} INFO - Processing file /home/user/workspace/airflow/airflow_env/lib/python3.6/site-packages/airflow/example_dags/example_branch_labels.py for tasks to queue
[2021-10-18 17:57:34,297] {logging_mixin.py:109} INFO - [2021-10-18 17:57:34,296] {dagbag.py:500} INFO - Filling up the DagBag from /home/user/workspace/airflow/airflow_env/lib/python3.6/site-packages/airflow/example_dags/example_branch_labels.py
[2021-10-18 17:57:34,335] {processor.py:632} INFO - DAG(s) dict_keys(['example_branch_labels']) retrieved from /home/user/workspace/airflow/airflow_env/lib/python3.6/site-packages/airflow/example_dags/example_branch_labels.py
[2021-10-18 17:57:34,355] {logging_mixin.py:109} INFO - [2021-10-18 17:57:34,355] {dag.py:2389} INFO - Sync 1 DAGs
[2021-10-18 17:57:34,384] {logging_mixin.py:109} INFO - [2021-10-18 17:57:34,384] {dag.py:2914} INFO - Setting next_dagrun for example_branch_labels to 2021-10-17 00:00:00+00:00
[2021-10-18 17:57:34,398] {processor.py:171} INFO - Processing /home/user/workspace/airflow/airflow_env/lib/python3.6/site-packages/airflow/example_dags/example_branch_labels.py took 0.110 seconds
[2021-10-18 17:58:43,119] {processor.py:163} INFO - Started process (PID=29821) to work on /home/user/workspace/airflow/airflow_env/lib/python3.6/site-packages/airflow/example_dags/example_branch_labels.py
[2021-10-18 17:58:43,132] {processor.py:620} INFO - Processing file /home/user/workspace/airflow/airflow_env/lib/python3.6/site-packages/airflow/example_dags/example_branch_labels.py for tasks to queue
[2021-10-18 17:58:43,134] {logging_mixin.py:109} INFO - [2021-10-18 17:58:43,133] {dagbag.py:500} INFO - Filling up the DagBag from /home/user/workspace/airflow/airflow_env/lib/python3.6/site-packages/airflow/example_dags/example_branch_labels.py
[2021-10-18 17:58:43,179] {processor.py:632} INFO - DAG(s) dict_keys(['example_branch_labels']) retrieved from /home/user/workspace/airflow/airflow_env/lib/python3.6/site-packages/airflow/example_dags/example_branch_labels.py
[2021-10-18 17:58:43,199] {logging_mixin.py:109} INFO - [2021-10-18 17:58:43,199] {dag.py:2389} INFO - Sync 1 DAGs
[2021-10-18 17:58:43,230] {logging_mixin.py:109} INFO - [2021-10-18 17:58:43,230] {dag.py:2914} INFO - Setting next_dagrun for example_branch_labels to 2021-10-17 00:00:00+00:00
[2021-10-18 17:58:43,255] {processor.py:171} INFO - Processing /home/user/workspace/airflow/airflow_env/lib/python3.6/site-packages/airflow/example_dags/example_branch_labels.py took 0.141 seconds
[2021-10-18 17:59:49,814] {processor.py:163} INFO - Started process (PID=29938) to work on /home/user/workspace/airflow/airflow_env/lib/python3.6/site-packages/airflow/example_dags/example_branch_labels.py
[2021-10-18 17:59:49,816] {processor.py:620} INFO - Processing file /home/user/workspace/airflow/airflow_env/lib/python3.6/site-packages/airflow/example_dags/example_branch_labels.py for tasks to queue
[2021-10-18 17:59:49,818] {logging_mixin.py:109} INFO - [2021-10-18 17:59:49,817] {dagbag.py:500} INFO - Filling up the DagBag from /home/user/workspace/airflow/airflow_env/lib/python3.6/site-packages/airflow/example_dags/example_branch_labels.py
[2021-10-18 17:59:49,862] {processor.py:632} INFO - DAG(s) dict_keys(['example_branch_labels']) retrieved from /home/user/workspace/airflow/airflow_env/lib/python3.6/site-packages/airflow/example_dags/example_branch_labels.py
[2021-10-18 17:59:49,886] {logging_mixin.py:109} INFO - [2021-10-18 17:59:49,886] {dag.py:2389} INFO - Sync 1 DAGs
[2021-10-18 17:59:49,916] {logging_mixin.py:109} INFO - [2021-10-18 17:59:49,916] {dag.py:2914} INFO - Setting next_dagrun for example_branch_labels to 2021-10-17 00:00:00+00:00
[2021-10-18 17:59:49,928] {processor.py:171} INFO - Processing /home/user/workspace/airflow/airflow_env/lib/python3.6/site-packages/airflow/example_dags/example_branch_labels.py took 0.120 seconds
[2021-10-18 18:00:58,818] {processor.py:163} INFO - Started process (PID=30106) to work on /home/user/workspace/airflow/airflow_env/lib/python3.6/site-packages/airflow/example_dags/example_branch_labels.py
[2021-10-18 18:00:58,821] {processor.py:620} INFO - Processing file /home/user/workspace/airflow/airflow_env/lib/python3.6/site-packages/airflow/example_dags/example_branch_labels.py for tasks to queue
[2021-10-18 18:00:58,822] {logging_mixin.py:109} INFO - [2021-10-18 18:00:58,822] {dagbag.py:500} INFO - Filling up the DagBag from /home/user/workspace/airflow/airflow_env/lib/python3.6/site-packages/airflow/example_dags/example_branch_labels.py
[2021-10-18 18:00:58,871] {processor.py:632} INFO - DAG(s) dict_keys(['example_branch_labels']) retrieved from /home/user/workspace/airflow/airflow_env/lib/python3.6/site-packages/airflow/example_dags/example_branch_labels.py
[2021-10-18 18:00:58,905] {logging_mixin.py:109} INFO - [2021-10-18 18:00:58,905] {dag.py:2389} INFO - Sync 1 DAGs
[2021-10-18 18:00:58,954] {logging_mixin.py:109} INFO - [2021-10-18 18:00:58,954] {dag.py:2914} INFO - Setting next_dagrun for example_branch_labels to 2021-10-17 00:00:00+00:00
[2021-10-18 18:00:58,974] {processor.py:171} INFO - Processing /home/user/workspace/airflow/airflow_env/lib/python3.6/site-packages/airflow/example_dags/example_branch_labels.py took 0.162 seconds
