[2021-10-18 17:18:25,695] {processor.py:163} INFO - Started process (PID=23356) to work on /home/user/workspace/airflow/airflow_env/lib/python3.6/site-packages/airflow/example_dags/example_nested_branch_dag.py
[2021-10-18 17:18:25,696] {processor.py:620} INFO - Processing file /home/user/workspace/airflow/airflow_env/lib/python3.6/site-packages/airflow/example_dags/example_nested_branch_dag.py for tasks to queue
[2021-10-18 17:18:25,697] {logging_mixin.py:109} INFO - [2021-10-18 17:18:25,697] {dagbag.py:500} INFO - Filling up the DagBag from /home/user/workspace/airflow/airflow_env/lib/python3.6/site-packages/airflow/example_dags/example_nested_branch_dag.py
[2021-10-18 17:18:25,737] {processor.py:632} INFO - DAG(s) dict_keys(['example_nested_branch_dag']) retrieved from /home/user/workspace/airflow/airflow_env/lib/python3.6/site-packages/airflow/example_dags/example_nested_branch_dag.py
[2021-10-18 17:18:25,756] {logging_mixin.py:109} INFO - [2021-10-18 17:18:25,756] {dag.py:2389} INFO - Sync 1 DAGs
[2021-10-18 17:18:25,785] {logging_mixin.py:109} INFO - [2021-10-18 17:18:25,784] {dag.py:2914} INFO - Setting next_dagrun for example_nested_branch_dag to 2021-10-17 00:00:00+00:00
[2021-10-18 17:18:25,808] {processor.py:171} INFO - Processing /home/user/workspace/airflow/airflow_env/lib/python3.6/site-packages/airflow/example_dags/example_nested_branch_dag.py took 0.118 seconds
[2021-10-18 17:19:17,555] {processor.py:163} INFO - Started process (PID=23569) to work on /home/user/workspace/airflow/airflow_env/lib/python3.6/site-packages/airflow/example_dags/example_nested_branch_dag.py
[2021-10-18 17:19:17,558] {processor.py:620} INFO - Processing file /home/user/workspace/airflow/airflow_env/lib/python3.6/site-packages/airflow/example_dags/example_nested_branch_dag.py for tasks to queue
[2021-10-18 17:19:17,559] {logging_mixin.py:109} INFO - [2021-10-18 17:19:17,559] {dagbag.py:500} INFO - Filling up the DagBag from /home/user/workspace/airflow/airflow_env/lib/python3.6/site-packages/airflow/example_dags/example_nested_branch_dag.py
[2021-10-18 17:19:17,631] {processor.py:632} INFO - DAG(s) dict_keys(['example_nested_branch_dag']) retrieved from /home/user/workspace/airflow/airflow_env/lib/python3.6/site-packages/airflow/example_dags/example_nested_branch_dag.py
[2021-10-18 17:19:17,655] {logging_mixin.py:109} INFO - [2021-10-18 17:19:17,654] {dag.py:2389} INFO - Sync 1 DAGs
[2021-10-18 17:19:17,679] {logging_mixin.py:109} INFO - [2021-10-18 17:19:17,679] {dag.py:2914} INFO - Setting next_dagrun for example_nested_branch_dag to 2021-10-17 00:00:00+00:00
[2021-10-18 17:19:17,690] {processor.py:171} INFO - Processing /home/user/workspace/airflow/airflow_env/lib/python3.6/site-packages/airflow/example_dags/example_nested_branch_dag.py took 0.152 seconds
[2021-10-18 17:20:16,977] {processor.py:163} INFO - Started process (PID=23687) to work on /home/user/workspace/airflow/airflow_env/lib/python3.6/site-packages/airflow/example_dags/example_nested_branch_dag.py
[2021-10-18 17:20:16,979] {processor.py:620} INFO - Processing file /home/user/workspace/airflow/airflow_env/lib/python3.6/site-packages/airflow/example_dags/example_nested_branch_dag.py for tasks to queue
[2021-10-18 17:20:16,980] {logging_mixin.py:109} INFO - [2021-10-18 17:20:16,980] {dagbag.py:500} INFO - Filling up the DagBag from /home/user/workspace/airflow/airflow_env/lib/python3.6/site-packages/airflow/example_dags/example_nested_branch_dag.py
[2021-10-18 17:20:17,038] {processor.py:632} INFO - DAG(s) dict_keys(['example_nested_branch_dag']) retrieved from /home/user/workspace/airflow/airflow_env/lib/python3.6/site-packages/airflow/example_dags/example_nested_branch_dag.py
[2021-10-18 17:20:17,065] {logging_mixin.py:109} INFO - [2021-10-18 17:20:17,064] {dag.py:2389} INFO - Sync 1 DAGs
[2021-10-18 17:20:17,091] {logging_mixin.py:109} INFO - [2021-10-18 17:20:17,091] {dag.py:2914} INFO - Setting next_dagrun for example_nested_branch_dag to 2021-10-17 00:00:00+00:00
[2021-10-18 17:20:17,100] {processor.py:171} INFO - Processing /home/user/workspace/airflow/airflow_env/lib/python3.6/site-packages/airflow/example_dags/example_nested_branch_dag.py took 0.129 seconds
[2021-10-18 17:21:13,386] {processor.py:163} INFO - Started process (PID=23782) to work on /home/user/workspace/airflow/airflow_env/lib/python3.6/site-packages/airflow/example_dags/example_nested_branch_dag.py
[2021-10-18 17:21:13,388] {processor.py:620} INFO - Processing file /home/user/workspace/airflow/airflow_env/lib/python3.6/site-packages/airflow/example_dags/example_nested_branch_dag.py for tasks to queue
[2021-10-18 17:21:13,388] {logging_mixin.py:109} INFO - [2021-10-18 17:21:13,388] {dagbag.py:500} INFO - Filling up the DagBag from /home/user/workspace/airflow/airflow_env/lib/python3.6/site-packages/airflow/example_dags/example_nested_branch_dag.py
[2021-10-18 17:21:13,435] {processor.py:632} INFO - DAG(s) dict_keys(['example_nested_branch_dag']) retrieved from /home/user/workspace/airflow/airflow_env/lib/python3.6/site-packages/airflow/example_dags/example_nested_branch_dag.py
[2021-10-18 17:21:13,453] {logging_mixin.py:109} INFO - [2021-10-18 17:21:13,453] {dag.py:2389} INFO - Sync 1 DAGs
[2021-10-18 17:21:13,479] {logging_mixin.py:109} INFO - [2021-10-18 17:21:13,479] {dag.py:2914} INFO - Setting next_dagrun for example_nested_branch_dag to 2021-10-17 00:00:00+00:00
[2021-10-18 17:21:13,493] {processor.py:171} INFO - Processing /home/user/workspace/airflow/airflow_env/lib/python3.6/site-packages/airflow/example_dags/example_nested_branch_dag.py took 0.111 seconds
[2021-10-18 17:22:15,766] {processor.py:163} INFO - Started process (PID=24034) to work on /home/user/workspace/airflow/airflow_env/lib/python3.6/site-packages/airflow/example_dags/example_nested_branch_dag.py
[2021-10-18 17:22:15,768] {processor.py:620} INFO - Processing file /home/user/workspace/airflow/airflow_env/lib/python3.6/site-packages/airflow/example_dags/example_nested_branch_dag.py for tasks to queue
[2021-10-18 17:22:15,769] {logging_mixin.py:109} INFO - [2021-10-18 17:22:15,769] {dagbag.py:500} INFO - Filling up the DagBag from /home/user/workspace/airflow/airflow_env/lib/python3.6/site-packages/airflow/example_dags/example_nested_branch_dag.py
[2021-10-18 17:22:15,811] {processor.py:632} INFO - DAG(s) dict_keys(['example_nested_branch_dag']) retrieved from /home/user/workspace/airflow/airflow_env/lib/python3.6/site-packages/airflow/example_dags/example_nested_branch_dag.py
[2021-10-18 17:22:15,830] {logging_mixin.py:109} INFO - [2021-10-18 17:22:15,829] {dag.py:2389} INFO - Sync 1 DAGs
[2021-10-18 17:22:15,857] {logging_mixin.py:109} INFO - [2021-10-18 17:22:15,856] {dag.py:2914} INFO - Setting next_dagrun for example_nested_branch_dag to 2021-10-17 00:00:00+00:00
[2021-10-18 17:22:15,871] {processor.py:171} INFO - Processing /home/user/workspace/airflow/airflow_env/lib/python3.6/site-packages/airflow/example_dags/example_nested_branch_dag.py took 0.110 seconds
[2021-10-18 17:23:11,863] {processor.py:163} INFO - Started process (PID=24170) to work on /home/user/workspace/airflow/airflow_env/lib/python3.6/site-packages/airflow/example_dags/example_nested_branch_dag.py
[2021-10-18 17:23:11,865] {processor.py:620} INFO - Processing file /home/user/workspace/airflow/airflow_env/lib/python3.6/site-packages/airflow/example_dags/example_nested_branch_dag.py for tasks to queue
[2021-10-18 17:23:11,867] {logging_mixin.py:109} INFO - [2021-10-18 17:23:11,867] {dagbag.py:500} INFO - Filling up the DagBag from /home/user/workspace/airflow/airflow_env/lib/python3.6/site-packages/airflow/example_dags/example_nested_branch_dag.py
[2021-10-18 17:23:11,927] {processor.py:632} INFO - DAG(s) dict_keys(['example_nested_branch_dag']) retrieved from /home/user/workspace/airflow/airflow_env/lib/python3.6/site-packages/airflow/example_dags/example_nested_branch_dag.py
[2021-10-18 17:23:11,971] {logging_mixin.py:109} INFO - [2021-10-18 17:23:11,970] {dag.py:2389} INFO - Sync 1 DAGs
[2021-10-18 17:23:12,098] {logging_mixin.py:109} INFO - [2021-10-18 17:23:12,097] {dag.py:2914} INFO - Setting next_dagrun for example_nested_branch_dag to 2021-10-17 00:00:00+00:00
[2021-10-18 17:23:12,121] {processor.py:171} INFO - Processing /home/user/workspace/airflow/airflow_env/lib/python3.6/site-packages/airflow/example_dags/example_nested_branch_dag.py took 0.264 seconds
[2021-10-18 17:24:04,787] {processor.py:163} INFO - Started process (PID=24274) to work on /home/user/workspace/airflow/airflow_env/lib/python3.6/site-packages/airflow/example_dags/example_nested_branch_dag.py
[2021-10-18 17:24:04,789] {processor.py:620} INFO - Processing file /home/user/workspace/airflow/airflow_env/lib/python3.6/site-packages/airflow/example_dags/example_nested_branch_dag.py for tasks to queue
[2021-10-18 17:24:04,790] {logging_mixin.py:109} INFO - [2021-10-18 17:24:04,790] {dagbag.py:500} INFO - Filling up the DagBag from /home/user/workspace/airflow/airflow_env/lib/python3.6/site-packages/airflow/example_dags/example_nested_branch_dag.py
[2021-10-18 17:24:04,839] {processor.py:632} INFO - DAG(s) dict_keys(['example_nested_branch_dag']) retrieved from /home/user/workspace/airflow/airflow_env/lib/python3.6/site-packages/airflow/example_dags/example_nested_branch_dag.py
[2021-10-18 17:24:04,861] {logging_mixin.py:109} INFO - [2021-10-18 17:24:04,861] {dag.py:2389} INFO - Sync 1 DAGs
[2021-10-18 17:24:04,888] {logging_mixin.py:109} INFO - [2021-10-18 17:24:04,888] {dag.py:2914} INFO - Setting next_dagrun for example_nested_branch_dag to 2021-10-17 00:00:00+00:00
[2021-10-18 17:24:04,898] {processor.py:171} INFO - Processing /home/user/workspace/airflow/airflow_env/lib/python3.6/site-packages/airflow/example_dags/example_nested_branch_dag.py took 0.116 seconds
[2021-10-18 17:25:07,963] {processor.py:163} INFO - Started process (PID=24401) to work on /home/user/workspace/airflow/airflow_env/lib/python3.6/site-packages/airflow/example_dags/example_nested_branch_dag.py
[2021-10-18 17:25:07,975] {processor.py:620} INFO - Processing file /home/user/workspace/airflow/airflow_env/lib/python3.6/site-packages/airflow/example_dags/example_nested_branch_dag.py for tasks to queue
[2021-10-18 17:25:07,976] {logging_mixin.py:109} INFO - [2021-10-18 17:25:07,976] {dagbag.py:500} INFO - Filling up the DagBag from /home/user/workspace/airflow/airflow_env/lib/python3.6/site-packages/airflow/example_dags/example_nested_branch_dag.py
[2021-10-18 17:25:08,027] {processor.py:632} INFO - DAG(s) dict_keys(['example_nested_branch_dag']) retrieved from /home/user/workspace/airflow/airflow_env/lib/python3.6/site-packages/airflow/example_dags/example_nested_branch_dag.py
[2021-10-18 17:25:08,051] {logging_mixin.py:109} INFO - [2021-10-18 17:25:08,051] {dag.py:2389} INFO - Sync 1 DAGs
[2021-10-18 17:25:08,086] {logging_mixin.py:109} INFO - [2021-10-18 17:25:08,086] {dag.py:2914} INFO - Setting next_dagrun for example_nested_branch_dag to 2021-10-17 00:00:00+00:00
[2021-10-18 17:25:08,098] {processor.py:171} INFO - Processing /home/user/workspace/airflow/airflow_env/lib/python3.6/site-packages/airflow/example_dags/example_nested_branch_dag.py took 0.141 seconds
[2021-10-18 17:26:05,000] {processor.py:163} INFO - Started process (PID=24591) to work on /home/user/workspace/airflow/airflow_env/lib/python3.6/site-packages/airflow/example_dags/example_nested_branch_dag.py
[2021-10-18 17:26:05,002] {processor.py:620} INFO - Processing file /home/user/workspace/airflow/airflow_env/lib/python3.6/site-packages/airflow/example_dags/example_nested_branch_dag.py for tasks to queue
[2021-10-18 17:26:05,003] {logging_mixin.py:109} INFO - [2021-10-18 17:26:05,003] {dagbag.py:500} INFO - Filling up the DagBag from /home/user/workspace/airflow/airflow_env/lib/python3.6/site-packages/airflow/example_dags/example_nested_branch_dag.py
[2021-10-18 17:26:05,054] {processor.py:632} INFO - DAG(s) dict_keys(['example_nested_branch_dag']) retrieved from /home/user/workspace/airflow/airflow_env/lib/python3.6/site-packages/airflow/example_dags/example_nested_branch_dag.py
[2021-10-18 17:26:05,076] {logging_mixin.py:109} INFO - [2021-10-18 17:26:05,076] {dag.py:2389} INFO - Sync 1 DAGs
[2021-10-18 17:26:05,109] {logging_mixin.py:109} INFO - [2021-10-18 17:26:05,109] {dag.py:2914} INFO - Setting next_dagrun for example_nested_branch_dag to 2021-10-17 00:00:00+00:00
[2021-10-18 17:26:05,126] {processor.py:171} INFO - Processing /home/user/workspace/airflow/airflow_env/lib/python3.6/site-packages/airflow/example_dags/example_nested_branch_dag.py took 0.132 seconds
[2021-10-18 17:27:03,317] {processor.py:163} INFO - Started process (PID=24756) to work on /home/user/workspace/airflow/airflow_env/lib/python3.6/site-packages/airflow/example_dags/example_nested_branch_dag.py
[2021-10-18 17:27:03,329] {processor.py:620} INFO - Processing file /home/user/workspace/airflow/airflow_env/lib/python3.6/site-packages/airflow/example_dags/example_nested_branch_dag.py for tasks to queue
[2021-10-18 17:27:03,331] {logging_mixin.py:109} INFO - [2021-10-18 17:27:03,330] {dagbag.py:500} INFO - Filling up the DagBag from /home/user/workspace/airflow/airflow_env/lib/python3.6/site-packages/airflow/example_dags/example_nested_branch_dag.py
[2021-10-18 17:27:03,374] {processor.py:632} INFO - DAG(s) dict_keys(['example_nested_branch_dag']) retrieved from /home/user/workspace/airflow/airflow_env/lib/python3.6/site-packages/airflow/example_dags/example_nested_branch_dag.py
[2021-10-18 17:27:03,394] {logging_mixin.py:109} INFO - [2021-10-18 17:27:03,394] {dag.py:2389} INFO - Sync 1 DAGs
[2021-10-18 17:27:03,423] {logging_mixin.py:109} INFO - [2021-10-18 17:27:03,422] {dag.py:2914} INFO - Setting next_dagrun for example_nested_branch_dag to 2021-10-17 00:00:00+00:00
[2021-10-18 17:27:03,437] {processor.py:171} INFO - Processing /home/user/workspace/airflow/airflow_env/lib/python3.6/site-packages/airflow/example_dags/example_nested_branch_dag.py took 0.125 seconds
[2021-10-18 17:28:01,779] {processor.py:163} INFO - Started process (PID=24886) to work on /home/user/workspace/airflow/airflow_env/lib/python3.6/site-packages/airflow/example_dags/example_nested_branch_dag.py
[2021-10-18 17:28:01,781] {processor.py:620} INFO - Processing file /home/user/workspace/airflow/airflow_env/lib/python3.6/site-packages/airflow/example_dags/example_nested_branch_dag.py for tasks to queue
[2021-10-18 17:28:01,782] {logging_mixin.py:109} INFO - [2021-10-18 17:28:01,782] {dagbag.py:500} INFO - Filling up the DagBag from /home/user/workspace/airflow/airflow_env/lib/python3.6/site-packages/airflow/example_dags/example_nested_branch_dag.py
[2021-10-18 17:28:01,824] {processor.py:632} INFO - DAG(s) dict_keys(['example_nested_branch_dag']) retrieved from /home/user/workspace/airflow/airflow_env/lib/python3.6/site-packages/airflow/example_dags/example_nested_branch_dag.py
[2021-10-18 17:28:01,842] {logging_mixin.py:109} INFO - [2021-10-18 17:28:01,842] {dag.py:2389} INFO - Sync 1 DAGs
[2021-10-18 17:28:01,869] {logging_mixin.py:109} INFO - [2021-10-18 17:28:01,869] {dag.py:2914} INFO - Setting next_dagrun for example_nested_branch_dag to 2021-10-17 00:00:00+00:00
[2021-10-18 17:28:01,882] {processor.py:171} INFO - Processing /home/user/workspace/airflow/airflow_env/lib/python3.6/site-packages/airflow/example_dags/example_nested_branch_dag.py took 0.109 seconds
[2021-10-18 17:29:05,842] {processor.py:163} INFO - Started process (PID=25144) to work on /home/user/workspace/airflow/airflow_env/lib/python3.6/site-packages/airflow/example_dags/example_nested_branch_dag.py
[2021-10-18 17:29:05,844] {processor.py:620} INFO - Processing file /home/user/workspace/airflow/airflow_env/lib/python3.6/site-packages/airflow/example_dags/example_nested_branch_dag.py for tasks to queue
[2021-10-18 17:29:05,846] {logging_mixin.py:109} INFO - [2021-10-18 17:29:05,845] {dagbag.py:500} INFO - Filling up the DagBag from /home/user/workspace/airflow/airflow_env/lib/python3.6/site-packages/airflow/example_dags/example_nested_branch_dag.py
[2021-10-18 17:29:05,893] {processor.py:632} INFO - DAG(s) dict_keys(['example_nested_branch_dag']) retrieved from /home/user/workspace/airflow/airflow_env/lib/python3.6/site-packages/airflow/example_dags/example_nested_branch_dag.py
[2021-10-18 17:29:05,916] {logging_mixin.py:109} INFO - [2021-10-18 17:29:05,916] {dag.py:2389} INFO - Sync 1 DAGs
[2021-10-18 17:29:05,949] {logging_mixin.py:109} INFO - [2021-10-18 17:29:05,949] {dag.py:2914} INFO - Setting next_dagrun for example_nested_branch_dag to 2021-10-17 00:00:00+00:00
[2021-10-18 17:29:05,963] {processor.py:171} INFO - Processing /home/user/workspace/airflow/airflow_env/lib/python3.6/site-packages/airflow/example_dags/example_nested_branch_dag.py took 0.126 seconds
[2021-10-18 17:30:06,738] {processor.py:163} INFO - Started process (PID=25288) to work on /home/user/workspace/airflow/airflow_env/lib/python3.6/site-packages/airflow/example_dags/example_nested_branch_dag.py
[2021-10-18 17:30:06,740] {processor.py:620} INFO - Processing file /home/user/workspace/airflow/airflow_env/lib/python3.6/site-packages/airflow/example_dags/example_nested_branch_dag.py for tasks to queue
[2021-10-18 17:30:06,741] {logging_mixin.py:109} INFO - [2021-10-18 17:30:06,741] {dagbag.py:500} INFO - Filling up the DagBag from /home/user/workspace/airflow/airflow_env/lib/python3.6/site-packages/airflow/example_dags/example_nested_branch_dag.py
[2021-10-18 17:30:06,790] {processor.py:632} INFO - DAG(s) dict_keys(['example_nested_branch_dag']) retrieved from /home/user/workspace/airflow/airflow_env/lib/python3.6/site-packages/airflow/example_dags/example_nested_branch_dag.py
[2021-10-18 17:30:06,814] {logging_mixin.py:109} INFO - [2021-10-18 17:30:06,813] {dag.py:2389} INFO - Sync 1 DAGs
[2021-10-18 17:30:06,854] {logging_mixin.py:109} INFO - [2021-10-18 17:30:06,854] {dag.py:2914} INFO - Setting next_dagrun for example_nested_branch_dag to 2021-10-17 00:00:00+00:00
[2021-10-18 17:30:06,868] {processor.py:171} INFO - Processing /home/user/workspace/airflow/airflow_env/lib/python3.6/site-packages/airflow/example_dags/example_nested_branch_dag.py took 0.135 seconds
[2021-10-18 17:31:07,550] {processor.py:163} INFO - Started process (PID=25515) to work on /home/user/workspace/airflow/airflow_env/lib/python3.6/site-packages/airflow/example_dags/example_nested_branch_dag.py
[2021-10-18 17:31:07,562] {processor.py:620} INFO - Processing file /home/user/workspace/airflow/airflow_env/lib/python3.6/site-packages/airflow/example_dags/example_nested_branch_dag.py for tasks to queue
[2021-10-18 17:31:07,564] {logging_mixin.py:109} INFO - [2021-10-18 17:31:07,564] {dagbag.py:500} INFO - Filling up the DagBag from /home/user/workspace/airflow/airflow_env/lib/python3.6/site-packages/airflow/example_dags/example_nested_branch_dag.py
[2021-10-18 17:31:07,624] {processor.py:632} INFO - DAG(s) dict_keys(['example_nested_branch_dag']) retrieved from /home/user/workspace/airflow/airflow_env/lib/python3.6/site-packages/airflow/example_dags/example_nested_branch_dag.py
[2021-10-18 17:31:07,650] {logging_mixin.py:109} INFO - [2021-10-18 17:31:07,650] {dag.py:2389} INFO - Sync 1 DAGs
[2021-10-18 17:31:07,671] {logging_mixin.py:109} INFO - [2021-10-18 17:31:07,671] {dag.py:2914} INFO - Setting next_dagrun for example_nested_branch_dag to 2021-10-17 00:00:00+00:00
[2021-10-18 17:31:07,681] {processor.py:171} INFO - Processing /home/user/workspace/airflow/airflow_env/lib/python3.6/site-packages/airflow/example_dags/example_nested_branch_dag.py took 0.137 seconds
[2021-10-18 17:32:08,771] {processor.py:163} INFO - Started process (PID=25678) to work on /home/user/workspace/airflow/airflow_env/lib/python3.6/site-packages/airflow/example_dags/example_nested_branch_dag.py
[2021-10-18 17:32:08,775] {processor.py:620} INFO - Processing file /home/user/workspace/airflow/airflow_env/lib/python3.6/site-packages/airflow/example_dags/example_nested_branch_dag.py for tasks to queue
[2021-10-18 17:32:08,778] {logging_mixin.py:109} INFO - [2021-10-18 17:32:08,777] {dagbag.py:500} INFO - Filling up the DagBag from /home/user/workspace/airflow/airflow_env/lib/python3.6/site-packages/airflow/example_dags/example_nested_branch_dag.py
[2021-10-18 17:32:08,853] {processor.py:632} INFO - DAG(s) dict_keys(['example_nested_branch_dag']) retrieved from /home/user/workspace/airflow/airflow_env/lib/python3.6/site-packages/airflow/example_dags/example_nested_branch_dag.py
[2021-10-18 17:32:08,884] {logging_mixin.py:109} INFO - [2021-10-18 17:32:08,883] {dag.py:2389} INFO - Sync 1 DAGs
[2021-10-18 17:32:08,910] {logging_mixin.py:109} INFO - [2021-10-18 17:32:08,910] {dag.py:2914} INFO - Setting next_dagrun for example_nested_branch_dag to 2021-10-17 00:00:00+00:00
[2021-10-18 17:32:08,920] {processor.py:171} INFO - Processing /home/user/workspace/airflow/airflow_env/lib/python3.6/site-packages/airflow/example_dags/example_nested_branch_dag.py took 0.163 seconds
[2021-10-18 17:33:00,041] {processor.py:163} INFO - Started process (PID=25840) to work on /home/user/workspace/airflow/airflow_env/lib/python3.6/site-packages/airflow/example_dags/example_nested_branch_dag.py
[2021-10-18 17:33:00,053] {processor.py:620} INFO - Processing file /home/user/workspace/airflow/airflow_env/lib/python3.6/site-packages/airflow/example_dags/example_nested_branch_dag.py for tasks to queue
[2021-10-18 17:33:00,054] {logging_mixin.py:109} INFO - [2021-10-18 17:33:00,054] {dagbag.py:500} INFO - Filling up the DagBag from /home/user/workspace/airflow/airflow_env/lib/python3.6/site-packages/airflow/example_dags/example_nested_branch_dag.py
[2021-10-18 17:33:00,103] {processor.py:632} INFO - DAG(s) dict_keys(['example_nested_branch_dag']) retrieved from /home/user/workspace/airflow/airflow_env/lib/python3.6/site-packages/airflow/example_dags/example_nested_branch_dag.py
[2021-10-18 17:33:00,126] {logging_mixin.py:109} INFO - [2021-10-18 17:33:00,126] {dag.py:2389} INFO - Sync 1 DAGs
[2021-10-18 17:33:00,161] {logging_mixin.py:109} INFO - [2021-10-18 17:33:00,161] {dag.py:2914} INFO - Setting next_dagrun for example_nested_branch_dag to 2021-10-17 00:00:00+00:00
[2021-10-18 17:33:00,174] {processor.py:171} INFO - Processing /home/user/workspace/airflow/airflow_env/lib/python3.6/site-packages/airflow/example_dags/example_nested_branch_dag.py took 0.140 seconds
[2021-10-18 17:33:55,978] {processor.py:163} INFO - Started process (PID=25943) to work on /home/user/workspace/airflow/airflow_env/lib/python3.6/site-packages/airflow/example_dags/example_nested_branch_dag.py
[2021-10-18 17:33:55,979] {processor.py:620} INFO - Processing file /home/user/workspace/airflow/airflow_env/lib/python3.6/site-packages/airflow/example_dags/example_nested_branch_dag.py for tasks to queue
[2021-10-18 17:33:55,981] {logging_mixin.py:109} INFO - [2021-10-18 17:33:55,981] {dagbag.py:500} INFO - Filling up the DagBag from /home/user/workspace/airflow/airflow_env/lib/python3.6/site-packages/airflow/example_dags/example_nested_branch_dag.py
[2021-10-18 17:33:56,027] {processor.py:632} INFO - DAG(s) dict_keys(['example_nested_branch_dag']) retrieved from /home/user/workspace/airflow/airflow_env/lib/python3.6/site-packages/airflow/example_dags/example_nested_branch_dag.py
[2021-10-18 17:33:56,049] {logging_mixin.py:109} INFO - [2021-10-18 17:33:56,048] {dag.py:2389} INFO - Sync 1 DAGs
[2021-10-18 17:33:56,078] {logging_mixin.py:109} INFO - [2021-10-18 17:33:56,078] {dag.py:2914} INFO - Setting next_dagrun for example_nested_branch_dag to 2021-10-17 00:00:00+00:00
[2021-10-18 17:33:56,093] {processor.py:171} INFO - Processing /home/user/workspace/airflow/airflow_env/lib/python3.6/site-packages/airflow/example_dags/example_nested_branch_dag.py took 0.121 seconds
[2021-10-18 17:34:54,759] {processor.py:163} INFO - Started process (PID=26048) to work on /home/user/workspace/airflow/airflow_env/lib/python3.6/site-packages/airflow/example_dags/example_nested_branch_dag.py
[2021-10-18 17:34:54,762] {processor.py:620} INFO - Processing file /home/user/workspace/airflow/airflow_env/lib/python3.6/site-packages/airflow/example_dags/example_nested_branch_dag.py for tasks to queue
[2021-10-18 17:34:54,764] {logging_mixin.py:109} INFO - [2021-10-18 17:34:54,763] {dagbag.py:500} INFO - Filling up the DagBag from /home/user/workspace/airflow/airflow_env/lib/python3.6/site-packages/airflow/example_dags/example_nested_branch_dag.py
[2021-10-18 17:34:54,827] {processor.py:632} INFO - DAG(s) dict_keys(['example_nested_branch_dag']) retrieved from /home/user/workspace/airflow/airflow_env/lib/python3.6/site-packages/airflow/example_dags/example_nested_branch_dag.py
[2021-10-18 17:34:54,855] {logging_mixin.py:109} INFO - [2021-10-18 17:34:54,855] {dag.py:2389} INFO - Sync 1 DAGs
[2021-10-18 17:34:54,878] {logging_mixin.py:109} INFO - [2021-10-18 17:34:54,878] {dag.py:2914} INFO - Setting next_dagrun for example_nested_branch_dag to 2021-10-17 00:00:00+00:00
[2021-10-18 17:34:54,889] {processor.py:171} INFO - Processing /home/user/workspace/airflow/airflow_env/lib/python3.6/site-packages/airflow/example_dags/example_nested_branch_dag.py took 0.137 seconds
[2021-10-18 17:35:53,317] {processor.py:163} INFO - Started process (PID=26260) to work on /home/user/workspace/airflow/airflow_env/lib/python3.6/site-packages/airflow/example_dags/example_nested_branch_dag.py
[2021-10-18 17:35:53,320] {processor.py:620} INFO - Processing file /home/user/workspace/airflow/airflow_env/lib/python3.6/site-packages/airflow/example_dags/example_nested_branch_dag.py for tasks to queue
[2021-10-18 17:35:53,322] {logging_mixin.py:109} INFO - [2021-10-18 17:35:53,322] {dagbag.py:500} INFO - Filling up the DagBag from /home/user/workspace/airflow/airflow_env/lib/python3.6/site-packages/airflow/example_dags/example_nested_branch_dag.py
[2021-10-18 17:35:53,393] {processor.py:632} INFO - DAG(s) dict_keys(['example_nested_branch_dag']) retrieved from /home/user/workspace/airflow/airflow_env/lib/python3.6/site-packages/airflow/example_dags/example_nested_branch_dag.py
[2021-10-18 17:35:53,427] {logging_mixin.py:109} INFO - [2021-10-18 17:35:53,427] {dag.py:2389} INFO - Sync 1 DAGs
[2021-10-18 17:35:53,477] {logging_mixin.py:109} INFO - [2021-10-18 17:35:53,477] {dag.py:2914} INFO - Setting next_dagrun for example_nested_branch_dag to 2021-10-17 00:00:00+00:00
[2021-10-18 17:35:53,503] {processor.py:171} INFO - Processing /home/user/workspace/airflow/airflow_env/lib/python3.6/site-packages/airflow/example_dags/example_nested_branch_dag.py took 0.194 seconds
[2021-10-18 17:36:54,703] {processor.py:163} INFO - Started process (PID=26380) to work on /home/user/workspace/airflow/airflow_env/lib/python3.6/site-packages/airflow/example_dags/example_nested_branch_dag.py
[2021-10-18 17:36:54,706] {processor.py:620} INFO - Processing file /home/user/workspace/airflow/airflow_env/lib/python3.6/site-packages/airflow/example_dags/example_nested_branch_dag.py for tasks to queue
[2021-10-18 17:36:54,707] {logging_mixin.py:109} INFO - [2021-10-18 17:36:54,707] {dagbag.py:500} INFO - Filling up the DagBag from /home/user/workspace/airflow/airflow_env/lib/python3.6/site-packages/airflow/example_dags/example_nested_branch_dag.py
[2021-10-18 17:36:54,762] {processor.py:632} INFO - DAG(s) dict_keys(['example_nested_branch_dag']) retrieved from /home/user/workspace/airflow/airflow_env/lib/python3.6/site-packages/airflow/example_dags/example_nested_branch_dag.py
[2021-10-18 17:36:54,794] {logging_mixin.py:109} INFO - [2021-10-18 17:36:54,794] {dag.py:2389} INFO - Sync 1 DAGs
[2021-10-18 17:36:54,824] {logging_mixin.py:109} INFO - [2021-10-18 17:36:54,824] {dag.py:2914} INFO - Setting next_dagrun for example_nested_branch_dag to 2021-10-17 00:00:00+00:00
[2021-10-18 17:36:54,833] {processor.py:171} INFO - Processing /home/user/workspace/airflow/airflow_env/lib/python3.6/site-packages/airflow/example_dags/example_nested_branch_dag.py took 0.136 seconds
[2021-10-18 17:37:54,386] {processor.py:163} INFO - Started process (PID=26524) to work on /home/user/workspace/airflow/airflow_env/lib/python3.6/site-packages/airflow/example_dags/example_nested_branch_dag.py
[2021-10-18 17:37:54,388] {processor.py:620} INFO - Processing file /home/user/workspace/airflow/airflow_env/lib/python3.6/site-packages/airflow/example_dags/example_nested_branch_dag.py for tasks to queue
[2021-10-18 17:37:54,390] {logging_mixin.py:109} INFO - [2021-10-18 17:37:54,389] {dagbag.py:500} INFO - Filling up the DagBag from /home/user/workspace/airflow/airflow_env/lib/python3.6/site-packages/airflow/example_dags/example_nested_branch_dag.py
[2021-10-18 17:37:54,471] {processor.py:632} INFO - DAG(s) dict_keys(['example_nested_branch_dag']) retrieved from /home/user/workspace/airflow/airflow_env/lib/python3.6/site-packages/airflow/example_dags/example_nested_branch_dag.py
[2021-10-18 17:37:54,497] {logging_mixin.py:109} INFO - [2021-10-18 17:37:54,497] {dag.py:2389} INFO - Sync 1 DAGs
[2021-10-18 17:37:54,517] {logging_mixin.py:109} INFO - [2021-10-18 17:37:54,517] {dag.py:2914} INFO - Setting next_dagrun for example_nested_branch_dag to 2021-10-17 00:00:00+00:00
[2021-10-18 17:37:54,531] {processor.py:171} INFO - Processing /home/user/workspace/airflow/airflow_env/lib/python3.6/site-packages/airflow/example_dags/example_nested_branch_dag.py took 0.152 seconds
[2021-10-18 17:38:57,465] {processor.py:163} INFO - Started process (PID=26638) to work on /home/user/workspace/airflow/airflow_env/lib/python3.6/site-packages/airflow/example_dags/example_nested_branch_dag.py
[2021-10-18 17:38:57,468] {processor.py:620} INFO - Processing file /home/user/workspace/airflow/airflow_env/lib/python3.6/site-packages/airflow/example_dags/example_nested_branch_dag.py for tasks to queue
[2021-10-18 17:38:57,471] {logging_mixin.py:109} INFO - [2021-10-18 17:38:57,471] {dagbag.py:500} INFO - Filling up the DagBag from /home/user/workspace/airflow/airflow_env/lib/python3.6/site-packages/airflow/example_dags/example_nested_branch_dag.py
[2021-10-18 17:38:57,558] {processor.py:632} INFO - DAG(s) dict_keys(['example_nested_branch_dag']) retrieved from /home/user/workspace/airflow/airflow_env/lib/python3.6/site-packages/airflow/example_dags/example_nested_branch_dag.py
[2021-10-18 17:38:57,591] {logging_mixin.py:109} INFO - [2021-10-18 17:38:57,591] {dag.py:2389} INFO - Sync 1 DAGs
[2021-10-18 17:38:57,618] {logging_mixin.py:109} INFO - [2021-10-18 17:38:57,618] {dag.py:2914} INFO - Setting next_dagrun for example_nested_branch_dag to 2021-10-17 00:00:00+00:00
[2021-10-18 17:38:57,631] {processor.py:171} INFO - Processing /home/user/workspace/airflow/airflow_env/lib/python3.6/site-packages/airflow/example_dags/example_nested_branch_dag.py took 0.175 seconds
[2021-10-18 17:40:04,993] {processor.py:163} INFO - Started process (PID=26774) to work on /home/user/workspace/airflow/airflow_env/lib/python3.6/site-packages/airflow/example_dags/example_nested_branch_dag.py
[2021-10-18 17:40:04,996] {processor.py:620} INFO - Processing file /home/user/workspace/airflow/airflow_env/lib/python3.6/site-packages/airflow/example_dags/example_nested_branch_dag.py for tasks to queue
[2021-10-18 17:40:04,997] {logging_mixin.py:109} INFO - [2021-10-18 17:40:04,997] {dagbag.py:500} INFO - Filling up the DagBag from /home/user/workspace/airflow/airflow_env/lib/python3.6/site-packages/airflow/example_dags/example_nested_branch_dag.py
[2021-10-18 17:40:05,059] {processor.py:632} INFO - DAG(s) dict_keys(['example_nested_branch_dag']) retrieved from /home/user/workspace/airflow/airflow_env/lib/python3.6/site-packages/airflow/example_dags/example_nested_branch_dag.py
[2021-10-18 17:40:05,091] {logging_mixin.py:109} INFO - [2021-10-18 17:40:05,090] {dag.py:2389} INFO - Sync 1 DAGs
[2021-10-18 17:40:05,109] {logging_mixin.py:109} INFO - [2021-10-18 17:40:05,109] {dag.py:2914} INFO - Setting next_dagrun for example_nested_branch_dag to 2021-10-17 00:00:00+00:00
[2021-10-18 17:40:05,119] {processor.py:171} INFO - Processing /home/user/workspace/airflow/airflow_env/lib/python3.6/site-packages/airflow/example_dags/example_nested_branch_dag.py took 0.133 seconds
[2021-10-18 17:41:05,535] {processor.py:163} INFO - Started process (PID=27010) to work on /home/user/workspace/airflow/airflow_env/lib/python3.6/site-packages/airflow/example_dags/example_nested_branch_dag.py
[2021-10-18 17:41:05,550] {processor.py:620} INFO - Processing file /home/user/workspace/airflow/airflow_env/lib/python3.6/site-packages/airflow/example_dags/example_nested_branch_dag.py for tasks to queue
[2021-10-18 17:41:05,552] {logging_mixin.py:109} INFO - [2021-10-18 17:41:05,552] {dagbag.py:500} INFO - Filling up the DagBag from /home/user/workspace/airflow/airflow_env/lib/python3.6/site-packages/airflow/example_dags/example_nested_branch_dag.py
[2021-10-18 17:41:05,631] {processor.py:632} INFO - DAG(s) dict_keys(['example_nested_branch_dag']) retrieved from /home/user/workspace/airflow/airflow_env/lib/python3.6/site-packages/airflow/example_dags/example_nested_branch_dag.py
[2021-10-18 17:41:05,657] {logging_mixin.py:109} INFO - [2021-10-18 17:41:05,656] {dag.py:2389} INFO - Sync 1 DAGs
[2021-10-18 17:41:05,675] {logging_mixin.py:109} INFO - [2021-10-18 17:41:05,674] {dag.py:2914} INFO - Setting next_dagrun for example_nested_branch_dag to 2021-10-17 00:00:00+00:00
[2021-10-18 17:41:05,684] {processor.py:171} INFO - Processing /home/user/workspace/airflow/airflow_env/lib/python3.6/site-packages/airflow/example_dags/example_nested_branch_dag.py took 0.158 seconds
[2021-10-18 17:42:04,508] {processor.py:163} INFO - Started process (PID=27100) to work on /home/user/workspace/airflow/airflow_env/lib/python3.6/site-packages/airflow/example_dags/example_nested_branch_dag.py
[2021-10-18 17:42:04,510] {processor.py:620} INFO - Processing file /home/user/workspace/airflow/airflow_env/lib/python3.6/site-packages/airflow/example_dags/example_nested_branch_dag.py for tasks to queue
[2021-10-18 17:42:04,511] {logging_mixin.py:109} INFO - [2021-10-18 17:42:04,511] {dagbag.py:500} INFO - Filling up the DagBag from /home/user/workspace/airflow/airflow_env/lib/python3.6/site-packages/airflow/example_dags/example_nested_branch_dag.py
[2021-10-18 17:42:04,557] {processor.py:632} INFO - DAG(s) dict_keys(['example_nested_branch_dag']) retrieved from /home/user/workspace/airflow/airflow_env/lib/python3.6/site-packages/airflow/example_dags/example_nested_branch_dag.py
[2021-10-18 17:42:04,578] {logging_mixin.py:109} INFO - [2021-10-18 17:42:04,577] {dag.py:2389} INFO - Sync 1 DAGs
[2021-10-18 17:42:04,609] {logging_mixin.py:109} INFO - [2021-10-18 17:42:04,608] {dag.py:2914} INFO - Setting next_dagrun for example_nested_branch_dag to 2021-10-17 00:00:00+00:00
[2021-10-18 17:42:04,622] {processor.py:171} INFO - Processing /home/user/workspace/airflow/airflow_env/lib/python3.6/site-packages/airflow/example_dags/example_nested_branch_dag.py took 0.120 seconds
[2021-10-18 17:43:03,721] {processor.py:163} INFO - Started process (PID=27285) to work on /home/user/workspace/airflow/airflow_env/lib/python3.6/site-packages/airflow/example_dags/example_nested_branch_dag.py
[2021-10-18 17:43:03,731] {processor.py:620} INFO - Processing file /home/user/workspace/airflow/airflow_env/lib/python3.6/site-packages/airflow/example_dags/example_nested_branch_dag.py for tasks to queue
[2021-10-18 17:43:03,732] {logging_mixin.py:109} INFO - [2021-10-18 17:43:03,732] {dagbag.py:500} INFO - Filling up the DagBag from /home/user/workspace/airflow/airflow_env/lib/python3.6/site-packages/airflow/example_dags/example_nested_branch_dag.py
[2021-10-18 17:43:03,751] {processor.py:632} INFO - DAG(s) dict_keys(['example_nested_branch_dag']) retrieved from /home/user/workspace/airflow/airflow_env/lib/python3.6/site-packages/airflow/example_dags/example_nested_branch_dag.py
[2021-10-18 17:43:03,766] {logging_mixin.py:109} INFO - [2021-10-18 17:43:03,765] {dag.py:2389} INFO - Sync 1 DAGs
[2021-10-18 17:43:03,793] {logging_mixin.py:109} INFO - [2021-10-18 17:43:03,793] {dag.py:2914} INFO - Setting next_dagrun for example_nested_branch_dag to 2021-10-17 00:00:00+00:00
[2021-10-18 17:43:03,811] {processor.py:171} INFO - Processing /home/user/workspace/airflow/airflow_env/lib/python3.6/site-packages/airflow/example_dags/example_nested_branch_dag.py took 0.092 seconds
[2021-10-18 17:44:01,243] {processor.py:163} INFO - Started process (PID=27478) to work on /home/user/workspace/airflow/airflow_env/lib/python3.6/site-packages/airflow/example_dags/example_nested_branch_dag.py
[2021-10-18 17:44:01,245] {processor.py:620} INFO - Processing file /home/user/workspace/airflow/airflow_env/lib/python3.6/site-packages/airflow/example_dags/example_nested_branch_dag.py for tasks to queue
[2021-10-18 17:44:01,247] {logging_mixin.py:109} INFO - [2021-10-18 17:44:01,246] {dagbag.py:500} INFO - Filling up the DagBag from /home/user/workspace/airflow/airflow_env/lib/python3.6/site-packages/airflow/example_dags/example_nested_branch_dag.py
[2021-10-18 17:44:01,295] {processor.py:632} INFO - DAG(s) dict_keys(['example_nested_branch_dag']) retrieved from /home/user/workspace/airflow/airflow_env/lib/python3.6/site-packages/airflow/example_dags/example_nested_branch_dag.py
[2021-10-18 17:44:01,320] {logging_mixin.py:109} INFO - [2021-10-18 17:44:01,320] {dag.py:2389} INFO - Sync 1 DAGs
[2021-10-18 17:44:01,352] {logging_mixin.py:109} INFO - [2021-10-18 17:44:01,352] {dag.py:2914} INFO - Setting next_dagrun for example_nested_branch_dag to 2021-10-17 00:00:00+00:00
[2021-10-18 17:44:01,362] {processor.py:171} INFO - Processing /home/user/workspace/airflow/airflow_env/lib/python3.6/site-packages/airflow/example_dags/example_nested_branch_dag.py took 0.124 seconds
[2021-10-18 17:44:55,894] {processor.py:163} INFO - Started process (PID=27637) to work on /home/user/workspace/airflow/airflow_env/lib/python3.6/site-packages/airflow/example_dags/example_nested_branch_dag.py
[2021-10-18 17:44:55,897] {processor.py:620} INFO - Processing file /home/user/workspace/airflow/airflow_env/lib/python3.6/site-packages/airflow/example_dags/example_nested_branch_dag.py for tasks to queue
[2021-10-18 17:44:55,898] {logging_mixin.py:109} INFO - [2021-10-18 17:44:55,898] {dagbag.py:500} INFO - Filling up the DagBag from /home/user/workspace/airflow/airflow_env/lib/python3.6/site-packages/airflow/example_dags/example_nested_branch_dag.py
[2021-10-18 17:44:55,955] {processor.py:632} INFO - DAG(s) dict_keys(['example_nested_branch_dag']) retrieved from /home/user/workspace/airflow/airflow_env/lib/python3.6/site-packages/airflow/example_dags/example_nested_branch_dag.py
[2021-10-18 17:44:55,979] {logging_mixin.py:109} INFO - [2021-10-18 17:44:55,978] {dag.py:2389} INFO - Sync 1 DAGs
[2021-10-18 17:44:56,017] {logging_mixin.py:109} INFO - [2021-10-18 17:44:56,016] {dag.py:2914} INFO - Setting next_dagrun for example_nested_branch_dag to 2021-10-17 00:00:00+00:00
[2021-10-18 17:44:56,032] {processor.py:171} INFO - Processing /home/user/workspace/airflow/airflow_env/lib/python3.6/site-packages/airflow/example_dags/example_nested_branch_dag.py took 0.145 seconds
[2021-10-18 17:45:52,594] {processor.py:163} INFO - Started process (PID=27863) to work on /home/user/workspace/airflow/airflow_env/lib/python3.6/site-packages/airflow/example_dags/example_nested_branch_dag.py
[2021-10-18 17:45:52,595] {processor.py:620} INFO - Processing file /home/user/workspace/airflow/airflow_env/lib/python3.6/site-packages/airflow/example_dags/example_nested_branch_dag.py for tasks to queue
[2021-10-18 17:45:52,596] {logging_mixin.py:109} INFO - [2021-10-18 17:45:52,596] {dagbag.py:500} INFO - Filling up the DagBag from /home/user/workspace/airflow/airflow_env/lib/python3.6/site-packages/airflow/example_dags/example_nested_branch_dag.py
[2021-10-18 17:45:52,627] {processor.py:632} INFO - DAG(s) dict_keys(['example_nested_branch_dag']) retrieved from /home/user/workspace/airflow/airflow_env/lib/python3.6/site-packages/airflow/example_dags/example_nested_branch_dag.py
[2021-10-18 17:45:52,641] {logging_mixin.py:109} INFO - [2021-10-18 17:45:52,641] {dag.py:2389} INFO - Sync 1 DAGs
[2021-10-18 17:45:52,655] {logging_mixin.py:109} INFO - [2021-10-18 17:45:52,654] {dag.py:2914} INFO - Setting next_dagrun for example_nested_branch_dag to 2021-10-17 00:00:00+00:00
[2021-10-18 17:45:52,666] {processor.py:171} INFO - Processing /home/user/workspace/airflow/airflow_env/lib/python3.6/site-packages/airflow/example_dags/example_nested_branch_dag.py took 0.078 seconds
[2021-10-18 17:46:45,668] {processor.py:163} INFO - Started process (PID=28081) to work on /home/user/workspace/airflow/airflow_env/lib/python3.6/site-packages/airflow/example_dags/example_nested_branch_dag.py
[2021-10-18 17:46:45,671] {processor.py:620} INFO - Processing file /home/user/workspace/airflow/airflow_env/lib/python3.6/site-packages/airflow/example_dags/example_nested_branch_dag.py for tasks to queue
[2021-10-18 17:46:45,672] {logging_mixin.py:109} INFO - [2021-10-18 17:46:45,672] {dagbag.py:500} INFO - Filling up the DagBag from /home/user/workspace/airflow/airflow_env/lib/python3.6/site-packages/airflow/example_dags/example_nested_branch_dag.py
[2021-10-18 17:46:45,718] {processor.py:632} INFO - DAG(s) dict_keys(['example_nested_branch_dag']) retrieved from /home/user/workspace/airflow/airflow_env/lib/python3.6/site-packages/airflow/example_dags/example_nested_branch_dag.py
[2021-10-18 17:46:45,739] {logging_mixin.py:109} INFO - [2021-10-18 17:46:45,739] {dag.py:2389} INFO - Sync 1 DAGs
[2021-10-18 17:46:45,768] {logging_mixin.py:109} INFO - [2021-10-18 17:46:45,768] {dag.py:2914} INFO - Setting next_dagrun for example_nested_branch_dag to 2021-10-17 00:00:00+00:00
[2021-10-18 17:46:45,785] {processor.py:171} INFO - Processing /home/user/workspace/airflow/airflow_env/lib/python3.6/site-packages/airflow/example_dags/example_nested_branch_dag.py took 0.122 seconds
[2021-10-18 17:47:43,739] {processor.py:163} INFO - Started process (PID=28205) to work on /home/user/workspace/airflow/airflow_env/lib/python3.6/site-packages/airflow/example_dags/example_nested_branch_dag.py
[2021-10-18 17:47:43,740] {processor.py:620} INFO - Processing file /home/user/workspace/airflow/airflow_env/lib/python3.6/site-packages/airflow/example_dags/example_nested_branch_dag.py for tasks to queue
[2021-10-18 17:47:43,742] {logging_mixin.py:109} INFO - [2021-10-18 17:47:43,741] {dagbag.py:500} INFO - Filling up the DagBag from /home/user/workspace/airflow/airflow_env/lib/python3.6/site-packages/airflow/example_dags/example_nested_branch_dag.py
[2021-10-18 17:47:43,788] {processor.py:632} INFO - DAG(s) dict_keys(['example_nested_branch_dag']) retrieved from /home/user/workspace/airflow/airflow_env/lib/python3.6/site-packages/airflow/example_dags/example_nested_branch_dag.py
[2021-10-18 17:47:43,810] {logging_mixin.py:109} INFO - [2021-10-18 17:47:43,810] {dag.py:2389} INFO - Sync 1 DAGs
[2021-10-18 17:47:43,839] {logging_mixin.py:109} INFO - [2021-10-18 17:47:43,839] {dag.py:2914} INFO - Setting next_dagrun for example_nested_branch_dag to 2021-10-17 00:00:00+00:00
[2021-10-18 17:47:43,856] {processor.py:171} INFO - Processing /home/user/workspace/airflow/airflow_env/lib/python3.6/site-packages/airflow/example_dags/example_nested_branch_dag.py took 0.123 seconds
[2021-10-18 17:48:43,441] {processor.py:163} INFO - Started process (PID=28313) to work on /home/user/workspace/airflow/airflow_env/lib/python3.6/site-packages/airflow/example_dags/example_nested_branch_dag.py
[2021-10-18 17:48:43,443] {processor.py:620} INFO - Processing file /home/user/workspace/airflow/airflow_env/lib/python3.6/site-packages/airflow/example_dags/example_nested_branch_dag.py for tasks to queue
[2021-10-18 17:48:43,443] {logging_mixin.py:109} INFO - [2021-10-18 17:48:43,443] {dagbag.py:500} INFO - Filling up the DagBag from /home/user/workspace/airflow/airflow_env/lib/python3.6/site-packages/airflow/example_dags/example_nested_branch_dag.py
[2021-10-18 17:48:43,478] {processor.py:632} INFO - DAG(s) dict_keys(['example_nested_branch_dag']) retrieved from /home/user/workspace/airflow/airflow_env/lib/python3.6/site-packages/airflow/example_dags/example_nested_branch_dag.py
[2021-10-18 17:48:43,494] {logging_mixin.py:109} INFO - [2021-10-18 17:48:43,494] {dag.py:2389} INFO - Sync 1 DAGs
[2021-10-18 17:48:43,511] {logging_mixin.py:109} INFO - [2021-10-18 17:48:43,511] {dag.py:2914} INFO - Setting next_dagrun for example_nested_branch_dag to 2021-10-17 00:00:00+00:00
[2021-10-18 17:48:43,521] {processor.py:171} INFO - Processing /home/user/workspace/airflow/airflow_env/lib/python3.6/site-packages/airflow/example_dags/example_nested_branch_dag.py took 0.083 seconds
[2021-10-18 17:49:54,016] {processor.py:163} INFO - Started process (PID=28524) to work on /home/user/workspace/airflow/airflow_env/lib/python3.6/site-packages/airflow/example_dags/example_nested_branch_dag.py
[2021-10-18 17:49:54,018] {processor.py:620} INFO - Processing file /home/user/workspace/airflow/airflow_env/lib/python3.6/site-packages/airflow/example_dags/example_nested_branch_dag.py for tasks to queue
[2021-10-18 17:49:54,019] {logging_mixin.py:109} INFO - [2021-10-18 17:49:54,019] {dagbag.py:500} INFO - Filling up the DagBag from /home/user/workspace/airflow/airflow_env/lib/python3.6/site-packages/airflow/example_dags/example_nested_branch_dag.py
[2021-10-18 17:49:54,065] {processor.py:632} INFO - DAG(s) dict_keys(['example_nested_branch_dag']) retrieved from /home/user/workspace/airflow/airflow_env/lib/python3.6/site-packages/airflow/example_dags/example_nested_branch_dag.py
[2021-10-18 17:49:54,084] {logging_mixin.py:109} INFO - [2021-10-18 17:49:54,084] {dag.py:2389} INFO - Sync 1 DAGs
[2021-10-18 17:49:54,122] {logging_mixin.py:109} INFO - [2021-10-18 17:49:54,121] {dag.py:2914} INFO - Setting next_dagrun for example_nested_branch_dag to 2021-10-17 00:00:00+00:00
[2021-10-18 17:49:54,136] {processor.py:171} INFO - Processing /home/user/workspace/airflow/airflow_env/lib/python3.6/site-packages/airflow/example_dags/example_nested_branch_dag.py took 0.126 seconds
[2021-10-18 17:51:01,792] {processor.py:163} INFO - Started process (PID=28855) to work on /home/user/workspace/airflow/airflow_env/lib/python3.6/site-packages/airflow/example_dags/example_nested_branch_dag.py
[2021-10-18 17:51:01,798] {processor.py:620} INFO - Processing file /home/user/workspace/airflow/airflow_env/lib/python3.6/site-packages/airflow/example_dags/example_nested_branch_dag.py for tasks to queue
[2021-10-18 17:51:01,800] {logging_mixin.py:109} INFO - [2021-10-18 17:51:01,800] {dagbag.py:500} INFO - Filling up the DagBag from /home/user/workspace/airflow/airflow_env/lib/python3.6/site-packages/airflow/example_dags/example_nested_branch_dag.py
[2021-10-18 17:51:01,886] {processor.py:632} INFO - DAG(s) dict_keys(['example_nested_branch_dag']) retrieved from /home/user/workspace/airflow/airflow_env/lib/python3.6/site-packages/airflow/example_dags/example_nested_branch_dag.py
[2021-10-18 17:51:01,935] {logging_mixin.py:109} INFO - [2021-10-18 17:51:01,935] {dag.py:2389} INFO - Sync 1 DAGs
[2021-10-18 17:51:01,997] {logging_mixin.py:109} INFO - [2021-10-18 17:51:01,996] {dag.py:2914} INFO - Setting next_dagrun for example_nested_branch_dag to 2021-10-17 00:00:00+00:00
[2021-10-18 17:51:02,051] {processor.py:171} INFO - Processing /home/user/workspace/airflow/airflow_env/lib/python3.6/site-packages/airflow/example_dags/example_nested_branch_dag.py took 0.272 seconds
[2021-10-18 17:52:14,723] {processor.py:163} INFO - Started process (PID=29046) to work on /home/user/workspace/airflow/airflow_env/lib/python3.6/site-packages/airflow/example_dags/example_nested_branch_dag.py
[2021-10-18 17:52:14,726] {processor.py:620} INFO - Processing file /home/user/workspace/airflow/airflow_env/lib/python3.6/site-packages/airflow/example_dags/example_nested_branch_dag.py for tasks to queue
[2021-10-18 17:52:14,727] {logging_mixin.py:109} INFO - [2021-10-18 17:52:14,727] {dagbag.py:500} INFO - Filling up the DagBag from /home/user/workspace/airflow/airflow_env/lib/python3.6/site-packages/airflow/example_dags/example_nested_branch_dag.py
[2021-10-18 17:52:14,804] {processor.py:632} INFO - DAG(s) dict_keys(['example_nested_branch_dag']) retrieved from /home/user/workspace/airflow/airflow_env/lib/python3.6/site-packages/airflow/example_dags/example_nested_branch_dag.py
[2021-10-18 17:52:14,840] {logging_mixin.py:109} INFO - [2021-10-18 17:52:14,840] {dag.py:2389} INFO - Sync 1 DAGs
[2021-10-18 17:52:14,895] {logging_mixin.py:109} INFO - [2021-10-18 17:52:14,895] {dag.py:2914} INFO - Setting next_dagrun for example_nested_branch_dag to 2021-10-17 00:00:00+00:00
[2021-10-18 17:52:14,926] {processor.py:171} INFO - Processing /home/user/workspace/airflow/airflow_env/lib/python3.6/site-packages/airflow/example_dags/example_nested_branch_dag.py took 0.209 seconds
[2021-10-18 17:53:24,787] {processor.py:163} INFO - Started process (PID=29213) to work on /home/user/workspace/airflow/airflow_env/lib/python3.6/site-packages/airflow/example_dags/example_nested_branch_dag.py
[2021-10-18 17:53:24,791] {processor.py:620} INFO - Processing file /home/user/workspace/airflow/airflow_env/lib/python3.6/site-packages/airflow/example_dags/example_nested_branch_dag.py for tasks to queue
[2021-10-18 17:53:24,793] {logging_mixin.py:109} INFO - [2021-10-18 17:53:24,792] {dagbag.py:500} INFO - Filling up the DagBag from /home/user/workspace/airflow/airflow_env/lib/python3.6/site-packages/airflow/example_dags/example_nested_branch_dag.py
[2021-10-18 17:53:24,884] {processor.py:632} INFO - DAG(s) dict_keys(['example_nested_branch_dag']) retrieved from /home/user/workspace/airflow/airflow_env/lib/python3.6/site-packages/airflow/example_dags/example_nested_branch_dag.py
[2021-10-18 17:53:24,921] {logging_mixin.py:109} INFO - [2021-10-18 17:53:24,921] {dag.py:2389} INFO - Sync 1 DAGs
[2021-10-18 17:53:24,950] {logging_mixin.py:109} INFO - [2021-10-18 17:53:24,950] {dag.py:2914} INFO - Setting next_dagrun for example_nested_branch_dag to 2021-10-17 00:00:00+00:00
[2021-10-18 17:53:24,960] {processor.py:171} INFO - Processing /home/user/workspace/airflow/airflow_env/lib/python3.6/site-packages/airflow/example_dags/example_nested_branch_dag.py took 0.181 seconds
[2021-10-18 17:54:35,609] {processor.py:163} INFO - Started process (PID=29329) to work on /home/user/workspace/airflow/airflow_env/lib/python3.6/site-packages/airflow/example_dags/example_nested_branch_dag.py
[2021-10-18 17:54:35,622] {processor.py:620} INFO - Processing file /home/user/workspace/airflow/airflow_env/lib/python3.6/site-packages/airflow/example_dags/example_nested_branch_dag.py for tasks to queue
[2021-10-18 17:54:35,624] {logging_mixin.py:109} INFO - [2021-10-18 17:54:35,624] {dagbag.py:500} INFO - Filling up the DagBag from /home/user/workspace/airflow/airflow_env/lib/python3.6/site-packages/airflow/example_dags/example_nested_branch_dag.py
[2021-10-18 17:54:35,677] {processor.py:632} INFO - DAG(s) dict_keys(['example_nested_branch_dag']) retrieved from /home/user/workspace/airflow/airflow_env/lib/python3.6/site-packages/airflow/example_dags/example_nested_branch_dag.py
[2021-10-18 17:54:35,702] {logging_mixin.py:109} INFO - [2021-10-18 17:54:35,701] {dag.py:2389} INFO - Sync 1 DAGs
[2021-10-18 17:54:35,728] {logging_mixin.py:109} INFO - [2021-10-18 17:54:35,728] {dag.py:2914} INFO - Setting next_dagrun for example_nested_branch_dag to 2021-10-17 00:00:00+00:00
[2021-10-18 17:54:35,741] {processor.py:171} INFO - Processing /home/user/workspace/airflow/airflow_env/lib/python3.6/site-packages/airflow/example_dags/example_nested_branch_dag.py took 0.139 seconds
[2021-10-18 17:55:42,204] {processor.py:163} INFO - Started process (PID=29505) to work on /home/user/workspace/airflow/airflow_env/lib/python3.6/site-packages/airflow/example_dags/example_nested_branch_dag.py
[2021-10-18 17:55:42,207] {processor.py:620} INFO - Processing file /home/user/workspace/airflow/airflow_env/lib/python3.6/site-packages/airflow/example_dags/example_nested_branch_dag.py for tasks to queue
[2021-10-18 17:55:42,208] {logging_mixin.py:109} INFO - [2021-10-18 17:55:42,208] {dagbag.py:500} INFO - Filling up the DagBag from /home/user/workspace/airflow/airflow_env/lib/python3.6/site-packages/airflow/example_dags/example_nested_branch_dag.py
[2021-10-18 17:55:42,287] {processor.py:632} INFO - DAG(s) dict_keys(['example_nested_branch_dag']) retrieved from /home/user/workspace/airflow/airflow_env/lib/python3.6/site-packages/airflow/example_dags/example_nested_branch_dag.py
[2021-10-18 17:55:42,320] {logging_mixin.py:109} INFO - [2021-10-18 17:55:42,320] {dag.py:2389} INFO - Sync 1 DAGs
[2021-10-18 17:55:42,364] {logging_mixin.py:109} INFO - [2021-10-18 17:55:42,364] {dag.py:2914} INFO - Setting next_dagrun for example_nested_branch_dag to 2021-10-17 00:00:00+00:00
[2021-10-18 17:55:42,379] {processor.py:171} INFO - Processing /home/user/workspace/airflow/airflow_env/lib/python3.6/site-packages/airflow/example_dags/example_nested_branch_dag.py took 0.185 seconds
[2021-10-18 17:56:48,204] {processor.py:163} INFO - Started process (PID=29618) to work on /home/user/workspace/airflow/airflow_env/lib/python3.6/site-packages/airflow/example_dags/example_nested_branch_dag.py
[2021-10-18 17:56:48,206] {processor.py:620} INFO - Processing file /home/user/workspace/airflow/airflow_env/lib/python3.6/site-packages/airflow/example_dags/example_nested_branch_dag.py for tasks to queue
[2021-10-18 17:56:48,208] {logging_mixin.py:109} INFO - [2021-10-18 17:56:48,207] {dagbag.py:500} INFO - Filling up the DagBag from /home/user/workspace/airflow/airflow_env/lib/python3.6/site-packages/airflow/example_dags/example_nested_branch_dag.py
[2021-10-18 17:56:48,270] {processor.py:632} INFO - DAG(s) dict_keys(['example_nested_branch_dag']) retrieved from /home/user/workspace/airflow/airflow_env/lib/python3.6/site-packages/airflow/example_dags/example_nested_branch_dag.py
[2021-10-18 17:56:48,310] {logging_mixin.py:109} INFO - [2021-10-18 17:56:48,310] {dag.py:2389} INFO - Sync 1 DAGs
[2021-10-18 17:56:48,350] {logging_mixin.py:109} INFO - [2021-10-18 17:56:48,349] {dag.py:2914} INFO - Setting next_dagrun for example_nested_branch_dag to 2021-10-17 00:00:00+00:00
[2021-10-18 17:56:48,364] {processor.py:171} INFO - Processing /home/user/workspace/airflow/airflow_env/lib/python3.6/site-packages/airflow/example_dags/example_nested_branch_dag.py took 0.165 seconds
[2021-10-18 17:57:57,939] {processor.py:163} INFO - Started process (PID=29755) to work on /home/user/workspace/airflow/airflow_env/lib/python3.6/site-packages/airflow/example_dags/example_nested_branch_dag.py
[2021-10-18 17:57:57,941] {processor.py:620} INFO - Processing file /home/user/workspace/airflow/airflow_env/lib/python3.6/site-packages/airflow/example_dags/example_nested_branch_dag.py for tasks to queue
[2021-10-18 17:57:57,942] {logging_mixin.py:109} INFO - [2021-10-18 17:57:57,942] {dagbag.py:500} INFO - Filling up the DagBag from /home/user/workspace/airflow/airflow_env/lib/python3.6/site-packages/airflow/example_dags/example_nested_branch_dag.py
[2021-10-18 17:57:57,987] {processor.py:632} INFO - DAG(s) dict_keys(['example_nested_branch_dag']) retrieved from /home/user/workspace/airflow/airflow_env/lib/python3.6/site-packages/airflow/example_dags/example_nested_branch_dag.py
[2021-10-18 17:57:58,008] {logging_mixin.py:109} INFO - [2021-10-18 17:57:58,007] {dag.py:2389} INFO - Sync 1 DAGs
[2021-10-18 17:57:58,036] {logging_mixin.py:109} INFO - [2021-10-18 17:57:58,036] {dag.py:2914} INFO - Setting next_dagrun for example_nested_branch_dag to 2021-10-17 00:00:00+00:00
[2021-10-18 17:57:58,050] {processor.py:171} INFO - Processing /home/user/workspace/airflow/airflow_env/lib/python3.6/site-packages/airflow/example_dags/example_nested_branch_dag.py took 0.117 seconds
[2021-10-18 17:59:07,107] {processor.py:163} INFO - Started process (PID=29868) to work on /home/user/workspace/airflow/airflow_env/lib/python3.6/site-packages/airflow/example_dags/example_nested_branch_dag.py
[2021-10-18 17:59:07,120] {processor.py:620} INFO - Processing file /home/user/workspace/airflow/airflow_env/lib/python3.6/site-packages/airflow/example_dags/example_nested_branch_dag.py for tasks to queue
[2021-10-18 17:59:07,123] {logging_mixin.py:109} INFO - [2021-10-18 17:59:07,123] {dagbag.py:500} INFO - Filling up the DagBag from /home/user/workspace/airflow/airflow_env/lib/python3.6/site-packages/airflow/example_dags/example_nested_branch_dag.py
[2021-10-18 17:59:07,172] {processor.py:632} INFO - DAG(s) dict_keys(['example_nested_branch_dag']) retrieved from /home/user/workspace/airflow/airflow_env/lib/python3.6/site-packages/airflow/example_dags/example_nested_branch_dag.py
[2021-10-18 17:59:07,187] {logging_mixin.py:109} INFO - [2021-10-18 17:59:07,187] {dag.py:2389} INFO - Sync 1 DAGs
[2021-10-18 17:59:07,208] {logging_mixin.py:109} INFO - [2021-10-18 17:59:07,208] {dag.py:2914} INFO - Setting next_dagrun for example_nested_branch_dag to 2021-10-17 00:00:00+00:00
[2021-10-18 17:59:07,223] {processor.py:171} INFO - Processing /home/user/workspace/airflow/airflow_env/lib/python3.6/site-packages/airflow/example_dags/example_nested_branch_dag.py took 0.124 seconds
[2021-10-18 18:00:14,266] {processor.py:163} INFO - Started process (PID=29972) to work on /home/user/workspace/airflow/airflow_env/lib/python3.6/site-packages/airflow/example_dags/example_nested_branch_dag.py
[2021-10-18 18:00:14,270] {processor.py:620} INFO - Processing file /home/user/workspace/airflow/airflow_env/lib/python3.6/site-packages/airflow/example_dags/example_nested_branch_dag.py for tasks to queue
[2021-10-18 18:00:14,273] {logging_mixin.py:109} INFO - [2021-10-18 18:00:14,273] {dagbag.py:500} INFO - Filling up the DagBag from /home/user/workspace/airflow/airflow_env/lib/python3.6/site-packages/airflow/example_dags/example_nested_branch_dag.py
[2021-10-18 18:00:14,366] {processor.py:632} INFO - DAG(s) dict_keys(['example_nested_branch_dag']) retrieved from /home/user/workspace/airflow/airflow_env/lib/python3.6/site-packages/airflow/example_dags/example_nested_branch_dag.py
[2021-10-18 18:00:14,411] {logging_mixin.py:109} INFO - [2021-10-18 18:00:14,411] {dag.py:2389} INFO - Sync 1 DAGs
[2021-10-18 18:00:14,470] {logging_mixin.py:109} INFO - [2021-10-18 18:00:14,469] {dag.py:2914} INFO - Setting next_dagrun for example_nested_branch_dag to 2021-10-17 00:00:00+00:00
[2021-10-18 18:00:14,500] {processor.py:171} INFO - Processing /home/user/workspace/airflow/airflow_env/lib/python3.6/site-packages/airflow/example_dags/example_nested_branch_dag.py took 0.243 seconds
