[2021-10-18 17:18:03,757] {processor.py:163} INFO - Started process (PID=23298) to work on /home/user/workspace/airflow/airflow_env/lib/python3.6/site-packages/airflow/example_dags/example_trigger_controller_dag.py
[2021-10-18 17:18:03,758] {processor.py:620} INFO - Processing file /home/user/workspace/airflow/airflow_env/lib/python3.6/site-packages/airflow/example_dags/example_trigger_controller_dag.py for tasks to queue
[2021-10-18 17:18:03,760] {logging_mixin.py:109} INFO - [2021-10-18 17:18:03,759] {dagbag.py:500} INFO - Filling up the DagBag from /home/user/workspace/airflow/airflow_env/lib/python3.6/site-packages/airflow/example_dags/example_trigger_controller_dag.py
[2021-10-18 17:18:03,795] {processor.py:632} INFO - DAG(s) dict_keys(['example_trigger_controller_dag']) retrieved from /home/user/workspace/airflow/airflow_env/lib/python3.6/site-packages/airflow/example_dags/example_trigger_controller_dag.py
[2021-10-18 17:18:03,812] {logging_mixin.py:109} INFO - [2021-10-18 17:18:03,812] {dag.py:2389} INFO - Sync 1 DAGs
[2021-10-18 17:18:03,837] {logging_mixin.py:109} INFO - [2021-10-18 17:18:03,837] {dag.py:2914} INFO - Setting next_dagrun for example_trigger_controller_dag to 2021-01-01T00:00:00+00:00
[2021-10-18 17:18:03,861] {processor.py:171} INFO - Processing /home/user/workspace/airflow/airflow_env/lib/python3.6/site-packages/airflow/example_dags/example_trigger_controller_dag.py took 0.110 seconds
[2021-10-18 17:18:51,977] {processor.py:163} INFO - Started process (PID=23466) to work on /home/user/workspace/airflow/airflow_env/lib/python3.6/site-packages/airflow/example_dags/example_trigger_controller_dag.py
[2021-10-18 17:18:51,979] {processor.py:620} INFO - Processing file /home/user/workspace/airflow/airflow_env/lib/python3.6/site-packages/airflow/example_dags/example_trigger_controller_dag.py for tasks to queue
[2021-10-18 17:18:51,980] {logging_mixin.py:109} INFO - [2021-10-18 17:18:51,979] {dagbag.py:500} INFO - Filling up the DagBag from /home/user/workspace/airflow/airflow_env/lib/python3.6/site-packages/airflow/example_dags/example_trigger_controller_dag.py
[2021-10-18 17:18:52,011] {processor.py:632} INFO - DAG(s) dict_keys(['example_trigger_controller_dag']) retrieved from /home/user/workspace/airflow/airflow_env/lib/python3.6/site-packages/airflow/example_dags/example_trigger_controller_dag.py
[2021-10-18 17:18:52,026] {logging_mixin.py:109} INFO - [2021-10-18 17:18:52,026] {dag.py:2389} INFO - Sync 1 DAGs
[2021-10-18 17:18:52,041] {logging_mixin.py:109} INFO - [2021-10-18 17:18:52,041] {dag.py:2914} INFO - Setting next_dagrun for example_trigger_controller_dag to 2021-01-01T00:00:00+00:00
[2021-10-18 17:18:52,049] {processor.py:171} INFO - Processing /home/user/workspace/airflow/airflow_env/lib/python3.6/site-packages/airflow/example_dags/example_trigger_controller_dag.py took 0.076 seconds
[2021-10-18 17:19:40,318] {processor.py:163} INFO - Started process (PID=23617) to work on /home/user/workspace/airflow/airflow_env/lib/python3.6/site-packages/airflow/example_dags/example_trigger_controller_dag.py
[2021-10-18 17:19:40,333] {processor.py:620} INFO - Processing file /home/user/workspace/airflow/airflow_env/lib/python3.6/site-packages/airflow/example_dags/example_trigger_controller_dag.py for tasks to queue
[2021-10-18 17:19:40,334] {logging_mixin.py:109} INFO - [2021-10-18 17:19:40,334] {dagbag.py:500} INFO - Filling up the DagBag from /home/user/workspace/airflow/airflow_env/lib/python3.6/site-packages/airflow/example_dags/example_trigger_controller_dag.py
[2021-10-18 17:19:40,410] {processor.py:632} INFO - DAG(s) dict_keys(['example_trigger_controller_dag']) retrieved from /home/user/workspace/airflow/airflow_env/lib/python3.6/site-packages/airflow/example_dags/example_trigger_controller_dag.py
[2021-10-18 17:19:40,439] {logging_mixin.py:109} INFO - [2021-10-18 17:19:40,439] {dag.py:2389} INFO - Sync 1 DAGs
[2021-10-18 17:19:40,458] {logging_mixin.py:109} INFO - [2021-10-18 17:19:40,457] {dag.py:2914} INFO - Setting next_dagrun for example_trigger_controller_dag to 2021-01-01T00:00:00+00:00
[2021-10-18 17:19:40,471] {processor.py:171} INFO - Processing /home/user/workspace/airflow/airflow_env/lib/python3.6/site-packages/airflow/example_dags/example_trigger_controller_dag.py took 0.155 seconds
[2021-10-18 17:20:32,142] {processor.py:163} INFO - Started process (PID=23717) to work on /home/user/workspace/airflow/airflow_env/lib/python3.6/site-packages/airflow/example_dags/example_trigger_controller_dag.py
[2021-10-18 17:20:32,144] {processor.py:620} INFO - Processing file /home/user/workspace/airflow/airflow_env/lib/python3.6/site-packages/airflow/example_dags/example_trigger_controller_dag.py for tasks to queue
[2021-10-18 17:20:32,145] {logging_mixin.py:109} INFO - [2021-10-18 17:20:32,144] {dagbag.py:500} INFO - Filling up the DagBag from /home/user/workspace/airflow/airflow_env/lib/python3.6/site-packages/airflow/example_dags/example_trigger_controller_dag.py
[2021-10-18 17:20:32,168] {processor.py:632} INFO - DAG(s) dict_keys(['example_trigger_controller_dag']) retrieved from /home/user/workspace/airflow/airflow_env/lib/python3.6/site-packages/airflow/example_dags/example_trigger_controller_dag.py
[2021-10-18 17:20:32,179] {logging_mixin.py:109} INFO - [2021-10-18 17:20:32,179] {dag.py:2389} INFO - Sync 1 DAGs
[2021-10-18 17:20:32,204] {logging_mixin.py:109} INFO - [2021-10-18 17:20:32,203] {dag.py:2914} INFO - Setting next_dagrun for example_trigger_controller_dag to 2021-01-01T00:00:00+00:00
[2021-10-18 17:20:32,223] {processor.py:171} INFO - Processing /home/user/workspace/airflow/airflow_env/lib/python3.6/site-packages/airflow/example_dags/example_trigger_controller_dag.py took 0.085 seconds
[2021-10-18 17:21:12,116] {processor.py:163} INFO - Started process (PID=23776) to work on /home/user/workspace/airflow/airflow_env/lib/python3.6/site-packages/airflow/example_dags/example_trigger_controller_dag.py
[2021-10-18 17:21:12,118] {processor.py:620} INFO - Processing file /home/user/workspace/airflow/airflow_env/lib/python3.6/site-packages/airflow/example_dags/example_trigger_controller_dag.py for tasks to queue
[2021-10-18 17:21:12,119] {logging_mixin.py:109} INFO - [2021-10-18 17:21:12,119] {dagbag.py:500} INFO - Filling up the DagBag from /home/user/workspace/airflow/airflow_env/lib/python3.6/site-packages/airflow/example_dags/example_trigger_controller_dag.py
[2021-10-18 17:21:12,167] {processor.py:632} INFO - DAG(s) dict_keys(['example_trigger_controller_dag']) retrieved from /home/user/workspace/airflow/airflow_env/lib/python3.6/site-packages/airflow/example_dags/example_trigger_controller_dag.py
[2021-10-18 17:21:12,184] {logging_mixin.py:109} INFO - [2021-10-18 17:21:12,184] {dag.py:2389} INFO - Sync 1 DAGs
[2021-10-18 17:21:12,210] {logging_mixin.py:109} INFO - [2021-10-18 17:21:12,210] {dag.py:2914} INFO - Setting next_dagrun for example_trigger_controller_dag to 2021-01-01T00:00:00+00:00
[2021-10-18 17:21:12,226] {processor.py:171} INFO - Processing /home/user/workspace/airflow/airflow_env/lib/python3.6/site-packages/airflow/example_dags/example_trigger_controller_dag.py took 0.115 seconds
[2021-10-18 17:21:53,179] {processor.py:163} INFO - Started process (PID=23999) to work on /home/user/workspace/airflow/airflow_env/lib/python3.6/site-packages/airflow/example_dags/example_trigger_controller_dag.py
[2021-10-18 17:21:53,191] {processor.py:620} INFO - Processing file /home/user/workspace/airflow/airflow_env/lib/python3.6/site-packages/airflow/example_dags/example_trigger_controller_dag.py for tasks to queue
[2021-10-18 17:21:53,192] {logging_mixin.py:109} INFO - [2021-10-18 17:21:53,192] {dagbag.py:500} INFO - Filling up the DagBag from /home/user/workspace/airflow/airflow_env/lib/python3.6/site-packages/airflow/example_dags/example_trigger_controller_dag.py
[2021-10-18 17:21:53,238] {processor.py:632} INFO - DAG(s) dict_keys(['example_trigger_controller_dag']) retrieved from /home/user/workspace/airflow/airflow_env/lib/python3.6/site-packages/airflow/example_dags/example_trigger_controller_dag.py
[2021-10-18 17:21:53,259] {logging_mixin.py:109} INFO - [2021-10-18 17:21:53,259] {dag.py:2389} INFO - Sync 1 DAGs
[2021-10-18 17:21:53,288] {logging_mixin.py:109} INFO - [2021-10-18 17:21:53,288] {dag.py:2914} INFO - Setting next_dagrun for example_trigger_controller_dag to 2021-01-01T00:00:00+00:00
[2021-10-18 17:21:53,300] {processor.py:171} INFO - Processing /home/user/workspace/airflow/airflow_env/lib/python3.6/site-packages/airflow/example_dags/example_trigger_controller_dag.py took 0.127 seconds
[2021-10-18 17:22:33,020] {processor.py:163} INFO - Started process (PID=24098) to work on /home/user/workspace/airflow/airflow_env/lib/python3.6/site-packages/airflow/example_dags/example_trigger_controller_dag.py
[2021-10-18 17:22:33,022] {processor.py:620} INFO - Processing file /home/user/workspace/airflow/airflow_env/lib/python3.6/site-packages/airflow/example_dags/example_trigger_controller_dag.py for tasks to queue
[2021-10-18 17:22:33,024] {logging_mixin.py:109} INFO - [2021-10-18 17:22:33,024] {dagbag.py:500} INFO - Filling up the DagBag from /home/user/workspace/airflow/airflow_env/lib/python3.6/site-packages/airflow/example_dags/example_trigger_controller_dag.py
[2021-10-18 17:22:33,061] {processor.py:632} INFO - DAG(s) dict_keys(['example_trigger_controller_dag']) retrieved from /home/user/workspace/airflow/airflow_env/lib/python3.6/site-packages/airflow/example_dags/example_trigger_controller_dag.py
[2021-10-18 17:22:33,080] {logging_mixin.py:109} INFO - [2021-10-18 17:22:33,079] {dag.py:2389} INFO - Sync 1 DAGs
[2021-10-18 17:22:33,103] {logging_mixin.py:109} INFO - [2021-10-18 17:22:33,103] {dag.py:2914} INFO - Setting next_dagrun for example_trigger_controller_dag to 2021-01-01T00:00:00+00:00
[2021-10-18 17:22:33,118] {processor.py:171} INFO - Processing /home/user/workspace/airflow/airflow_env/lib/python3.6/site-packages/airflow/example_dags/example_trigger_controller_dag.py took 0.104 seconds
[2021-10-18 17:23:28,781] {processor.py:163} INFO - Started process (PID=24196) to work on /home/user/workspace/airflow/airflow_env/lib/python3.6/site-packages/airflow/example_dags/example_trigger_controller_dag.py
[2021-10-18 17:23:28,794] {processor.py:620} INFO - Processing file /home/user/workspace/airflow/airflow_env/lib/python3.6/site-packages/airflow/example_dags/example_trigger_controller_dag.py for tasks to queue
[2021-10-18 17:23:28,796] {logging_mixin.py:109} INFO - [2021-10-18 17:23:28,795] {dagbag.py:500} INFO - Filling up the DagBag from /home/user/workspace/airflow/airflow_env/lib/python3.6/site-packages/airflow/example_dags/example_trigger_controller_dag.py
[2021-10-18 17:23:28,835] {processor.py:632} INFO - DAG(s) dict_keys(['example_trigger_controller_dag']) retrieved from /home/user/workspace/airflow/airflow_env/lib/python3.6/site-packages/airflow/example_dags/example_trigger_controller_dag.py
[2021-10-18 17:23:28,859] {logging_mixin.py:109} INFO - [2021-10-18 17:23:28,859] {dag.py:2389} INFO - Sync 1 DAGs
[2021-10-18 17:23:28,900] {logging_mixin.py:109} INFO - [2021-10-18 17:23:28,899] {dag.py:2914} INFO - Setting next_dagrun for example_trigger_controller_dag to 2021-01-01T00:00:00+00:00
[2021-10-18 17:23:28,922] {processor.py:171} INFO - Processing /home/user/workspace/airflow/airflow_env/lib/python3.6/site-packages/airflow/example_dags/example_trigger_controller_dag.py took 0.149 seconds
[2021-10-18 17:24:22,894] {processor.py:163} INFO - Started process (PID=24300) to work on /home/user/workspace/airflow/airflow_env/lib/python3.6/site-packages/airflow/example_dags/example_trigger_controller_dag.py
[2021-10-18 17:24:22,895] {processor.py:620} INFO - Processing file /home/user/workspace/airflow/airflow_env/lib/python3.6/site-packages/airflow/example_dags/example_trigger_controller_dag.py for tasks to queue
[2021-10-18 17:24:22,896] {logging_mixin.py:109} INFO - [2021-10-18 17:24:22,896] {dagbag.py:500} INFO - Filling up the DagBag from /home/user/workspace/airflow/airflow_env/lib/python3.6/site-packages/airflow/example_dags/example_trigger_controller_dag.py
[2021-10-18 17:24:22,922] {processor.py:632} INFO - DAG(s) dict_keys(['example_trigger_controller_dag']) retrieved from /home/user/workspace/airflow/airflow_env/lib/python3.6/site-packages/airflow/example_dags/example_trigger_controller_dag.py
[2021-10-18 17:24:22,934] {logging_mixin.py:109} INFO - [2021-10-18 17:24:22,934] {dag.py:2389} INFO - Sync 1 DAGs
[2021-10-18 17:24:22,952] {logging_mixin.py:109} INFO - [2021-10-18 17:24:22,952] {dag.py:2914} INFO - Setting next_dagrun for example_trigger_controller_dag to 2021-01-01T00:00:00+00:00
[2021-10-18 17:24:22,962] {processor.py:171} INFO - Processing /home/user/workspace/airflow/airflow_env/lib/python3.6/site-packages/airflow/example_dags/example_trigger_controller_dag.py took 0.071 seconds
[2021-10-18 17:25:04,323] {processor.py:163} INFO - Started process (PID=24395) to work on /home/user/workspace/airflow/airflow_env/lib/python3.6/site-packages/airflow/example_dags/example_trigger_controller_dag.py
[2021-10-18 17:25:04,329] {processor.py:620} INFO - Processing file /home/user/workspace/airflow/airflow_env/lib/python3.6/site-packages/airflow/example_dags/example_trigger_controller_dag.py for tasks to queue
[2021-10-18 17:25:04,331] {logging_mixin.py:109} INFO - [2021-10-18 17:25:04,331] {dagbag.py:500} INFO - Filling up the DagBag from /home/user/workspace/airflow/airflow_env/lib/python3.6/site-packages/airflow/example_dags/example_trigger_controller_dag.py
[2021-10-18 17:25:04,405] {processor.py:632} INFO - DAG(s) dict_keys(['example_trigger_controller_dag']) retrieved from /home/user/workspace/airflow/airflow_env/lib/python3.6/site-packages/airflow/example_dags/example_trigger_controller_dag.py
[2021-10-18 17:25:04,446] {logging_mixin.py:109} INFO - [2021-10-18 17:25:04,446] {dag.py:2389} INFO - Sync 1 DAGs
[2021-10-18 17:25:04,503] {logging_mixin.py:109} INFO - [2021-10-18 17:25:04,502] {dag.py:2914} INFO - Setting next_dagrun for example_trigger_controller_dag to 2021-01-01T00:00:00+00:00
[2021-10-18 17:25:04,526] {processor.py:171} INFO - Processing /home/user/workspace/airflow/airflow_env/lib/python3.6/site-packages/airflow/example_dags/example_trigger_controller_dag.py took 0.213 seconds
[2021-10-18 17:25:45,152] {processor.py:163} INFO - Started process (PID=24544) to work on /home/user/workspace/airflow/airflow_env/lib/python3.6/site-packages/airflow/example_dags/example_trigger_controller_dag.py
[2021-10-18 17:25:45,164] {processor.py:620} INFO - Processing file /home/user/workspace/airflow/airflow_env/lib/python3.6/site-packages/airflow/example_dags/example_trigger_controller_dag.py for tasks to queue
[2021-10-18 17:25:45,165] {logging_mixin.py:109} INFO - [2021-10-18 17:25:45,164] {dagbag.py:500} INFO - Filling up the DagBag from /home/user/workspace/airflow/airflow_env/lib/python3.6/site-packages/airflow/example_dags/example_trigger_controller_dag.py
[2021-10-18 17:25:45,191] {processor.py:632} INFO - DAG(s) dict_keys(['example_trigger_controller_dag']) retrieved from /home/user/workspace/airflow/airflow_env/lib/python3.6/site-packages/airflow/example_dags/example_trigger_controller_dag.py
[2021-10-18 17:25:45,203] {logging_mixin.py:109} INFO - [2021-10-18 17:25:45,203] {dag.py:2389} INFO - Sync 1 DAGs
[2021-10-18 17:25:45,217] {logging_mixin.py:109} INFO - [2021-10-18 17:25:45,217] {dag.py:2914} INFO - Setting next_dagrun for example_trigger_controller_dag to 2021-01-01T00:00:00+00:00
[2021-10-18 17:25:45,226] {processor.py:171} INFO - Processing /home/user/workspace/airflow/airflow_env/lib/python3.6/site-packages/airflow/example_dags/example_trigger_controller_dag.py took 0.076 seconds
[2021-10-18 17:26:41,944] {processor.py:163} INFO - Started process (PID=24717) to work on /home/user/workspace/airflow/airflow_env/lib/python3.6/site-packages/airflow/example_dags/example_trigger_controller_dag.py
[2021-10-18 17:26:41,946] {processor.py:620} INFO - Processing file /home/user/workspace/airflow/airflow_env/lib/python3.6/site-packages/airflow/example_dags/example_trigger_controller_dag.py for tasks to queue
[2021-10-18 17:26:41,947] {logging_mixin.py:109} INFO - [2021-10-18 17:26:41,947] {dagbag.py:500} INFO - Filling up the DagBag from /home/user/workspace/airflow/airflow_env/lib/python3.6/site-packages/airflow/example_dags/example_trigger_controller_dag.py
[2021-10-18 17:26:41,983] {processor.py:632} INFO - DAG(s) dict_keys(['example_trigger_controller_dag']) retrieved from /home/user/workspace/airflow/airflow_env/lib/python3.6/site-packages/airflow/example_dags/example_trigger_controller_dag.py
[2021-10-18 17:26:42,002] {logging_mixin.py:109} INFO - [2021-10-18 17:26:42,002] {dag.py:2389} INFO - Sync 1 DAGs
[2021-10-18 17:26:42,026] {logging_mixin.py:109} INFO - [2021-10-18 17:26:42,026] {dag.py:2914} INFO - Setting next_dagrun for example_trigger_controller_dag to 2021-01-01T00:00:00+00:00
[2021-10-18 17:26:42,041] {processor.py:171} INFO - Processing /home/user/workspace/airflow/airflow_env/lib/python3.6/site-packages/airflow/example_dags/example_trigger_controller_dag.py took 0.102 seconds
[2021-10-18 17:27:39,966] {processor.py:163} INFO - Started process (PID=24851) to work on /home/user/workspace/airflow/airflow_env/lib/python3.6/site-packages/airflow/example_dags/example_trigger_controller_dag.py
[2021-10-18 17:27:39,979] {processor.py:620} INFO - Processing file /home/user/workspace/airflow/airflow_env/lib/python3.6/site-packages/airflow/example_dags/example_trigger_controller_dag.py for tasks to queue
[2021-10-18 17:27:39,981] {logging_mixin.py:109} INFO - [2021-10-18 17:27:39,981] {dagbag.py:500} INFO - Filling up the DagBag from /home/user/workspace/airflow/airflow_env/lib/python3.6/site-packages/airflow/example_dags/example_trigger_controller_dag.py
[2021-10-18 17:27:40,046] {processor.py:632} INFO - DAG(s) dict_keys(['example_trigger_controller_dag']) retrieved from /home/user/workspace/airflow/airflow_env/lib/python3.6/site-packages/airflow/example_dags/example_trigger_controller_dag.py
[2021-10-18 17:27:40,081] {logging_mixin.py:109} INFO - [2021-10-18 17:27:40,081] {dag.py:2389} INFO - Sync 1 DAGs
[2021-10-18 17:27:40,130] {logging_mixin.py:109} INFO - [2021-10-18 17:27:40,130] {dag.py:2914} INFO - Setting next_dagrun for example_trigger_controller_dag to 2021-01-01T00:00:00+00:00
[2021-10-18 17:27:40,163] {processor.py:171} INFO - Processing /home/user/workspace/airflow/airflow_env/lib/python3.6/site-packages/airflow/example_dags/example_trigger_controller_dag.py took 0.209 seconds
[2021-10-18 17:28:20,796] {processor.py:163} INFO - Started process (PID=24959) to work on /home/user/workspace/airflow/airflow_env/lib/python3.6/site-packages/airflow/example_dags/example_trigger_controller_dag.py
[2021-10-18 17:28:20,798] {processor.py:620} INFO - Processing file /home/user/workspace/airflow/airflow_env/lib/python3.6/site-packages/airflow/example_dags/example_trigger_controller_dag.py for tasks to queue
[2021-10-18 17:28:20,799] {logging_mixin.py:109} INFO - [2021-10-18 17:28:20,798] {dagbag.py:500} INFO - Filling up the DagBag from /home/user/workspace/airflow/airflow_env/lib/python3.6/site-packages/airflow/example_dags/example_trigger_controller_dag.py
[2021-10-18 17:28:20,826] {processor.py:632} INFO - DAG(s) dict_keys(['example_trigger_controller_dag']) retrieved from /home/user/workspace/airflow/airflow_env/lib/python3.6/site-packages/airflow/example_dags/example_trigger_controller_dag.py
[2021-10-18 17:28:20,839] {logging_mixin.py:109} INFO - [2021-10-18 17:28:20,839] {dag.py:2389} INFO - Sync 1 DAGs
[2021-10-18 17:28:20,861] {logging_mixin.py:109} INFO - [2021-10-18 17:28:20,860] {dag.py:2914} INFO - Setting next_dagrun for example_trigger_controller_dag to 2021-01-01T00:00:00+00:00
[2021-10-18 17:28:20,872] {processor.py:171} INFO - Processing /home/user/workspace/airflow/airflow_env/lib/python3.6/site-packages/airflow/example_dags/example_trigger_controller_dag.py took 0.078 seconds
[2021-10-18 17:29:03,641] {processor.py:163} INFO - Started process (PID=25142) to work on /home/user/workspace/airflow/airflow_env/lib/python3.6/site-packages/airflow/example_dags/example_trigger_controller_dag.py
[2021-10-18 17:29:03,642] {processor.py:620} INFO - Processing file /home/user/workspace/airflow/airflow_env/lib/python3.6/site-packages/airflow/example_dags/example_trigger_controller_dag.py for tasks to queue
[2021-10-18 17:29:03,643] {logging_mixin.py:109} INFO - [2021-10-18 17:29:03,643] {dagbag.py:500} INFO - Filling up the DagBag from /home/user/workspace/airflow/airflow_env/lib/python3.6/site-packages/airflow/example_dags/example_trigger_controller_dag.py
[2021-10-18 17:29:03,674] {processor.py:632} INFO - DAG(s) dict_keys(['example_trigger_controller_dag']) retrieved from /home/user/workspace/airflow/airflow_env/lib/python3.6/site-packages/airflow/example_dags/example_trigger_controller_dag.py
[2021-10-18 17:29:03,688] {logging_mixin.py:109} INFO - [2021-10-18 17:29:03,688] {dag.py:2389} INFO - Sync 1 DAGs
[2021-10-18 17:29:03,716] {logging_mixin.py:109} INFO - [2021-10-18 17:29:03,716] {dag.py:2914} INFO - Setting next_dagrun for example_trigger_controller_dag to 2021-01-01T00:00:00+00:00
[2021-10-18 17:29:03,740] {processor.py:171} INFO - Processing /home/user/workspace/airflow/airflow_env/lib/python3.6/site-packages/airflow/example_dags/example_trigger_controller_dag.py took 0.103 seconds
[2021-10-18 17:29:44,531] {processor.py:163} INFO - Started process (PID=25248) to work on /home/user/workspace/airflow/airflow_env/lib/python3.6/site-packages/airflow/example_dags/example_trigger_controller_dag.py
[2021-10-18 17:29:44,533] {processor.py:620} INFO - Processing file /home/user/workspace/airflow/airflow_env/lib/python3.6/site-packages/airflow/example_dags/example_trigger_controller_dag.py for tasks to queue
[2021-10-18 17:29:44,534] {logging_mixin.py:109} INFO - [2021-10-18 17:29:44,533] {dagbag.py:500} INFO - Filling up the DagBag from /home/user/workspace/airflow/airflow_env/lib/python3.6/site-packages/airflow/example_dags/example_trigger_controller_dag.py
[2021-10-18 17:29:44,561] {processor.py:632} INFO - DAG(s) dict_keys(['example_trigger_controller_dag']) retrieved from /home/user/workspace/airflow/airflow_env/lib/python3.6/site-packages/airflow/example_dags/example_trigger_controller_dag.py
[2021-10-18 17:29:44,576] {logging_mixin.py:109} INFO - [2021-10-18 17:29:44,576] {dag.py:2389} INFO - Sync 1 DAGs
[2021-10-18 17:29:44,598] {logging_mixin.py:109} INFO - [2021-10-18 17:29:44,597] {dag.py:2914} INFO - Setting next_dagrun for example_trigger_controller_dag to 2021-01-01T00:00:00+00:00
[2021-10-18 17:29:44,612] {processor.py:171} INFO - Processing /home/user/workspace/airflow/airflow_env/lib/python3.6/site-packages/airflow/example_dags/example_trigger_controller_dag.py took 0.084 seconds
[2021-10-18 17:30:41,605] {processor.py:163} INFO - Started process (PID=25415) to work on /home/user/workspace/airflow/airflow_env/lib/python3.6/site-packages/airflow/example_dags/example_trigger_controller_dag.py
[2021-10-18 17:30:41,608] {processor.py:620} INFO - Processing file /home/user/workspace/airflow/airflow_env/lib/python3.6/site-packages/airflow/example_dags/example_trigger_controller_dag.py for tasks to queue
[2021-10-18 17:30:41,609] {logging_mixin.py:109} INFO - [2021-10-18 17:30:41,609] {dagbag.py:500} INFO - Filling up the DagBag from /home/user/workspace/airflow/airflow_env/lib/python3.6/site-packages/airflow/example_dags/example_trigger_controller_dag.py
[2021-10-18 17:30:41,666] {processor.py:632} INFO - DAG(s) dict_keys(['example_trigger_controller_dag']) retrieved from /home/user/workspace/airflow/airflow_env/lib/python3.6/site-packages/airflow/example_dags/example_trigger_controller_dag.py
[2021-10-18 17:30:41,704] {logging_mixin.py:109} INFO - [2021-10-18 17:30:41,703] {dag.py:2389} INFO - Sync 1 DAGs
[2021-10-18 17:30:41,741] {logging_mixin.py:109} INFO - [2021-10-18 17:30:41,741] {dag.py:2914} INFO - Setting next_dagrun for example_trigger_controller_dag to 2021-01-01T00:00:00+00:00
[2021-10-18 17:30:41,772] {processor.py:171} INFO - Processing /home/user/workspace/airflow/airflow_env/lib/python3.6/site-packages/airflow/example_dags/example_trigger_controller_dag.py took 0.173 seconds
[2021-10-18 17:31:23,240] {processor.py:163} INFO - Started process (PID=25545) to work on /home/user/workspace/airflow/airflow_env/lib/python3.6/site-packages/airflow/example_dags/example_trigger_controller_dag.py
[2021-10-18 17:31:23,242] {processor.py:620} INFO - Processing file /home/user/workspace/airflow/airflow_env/lib/python3.6/site-packages/airflow/example_dags/example_trigger_controller_dag.py for tasks to queue
[2021-10-18 17:31:23,243] {logging_mixin.py:109} INFO - [2021-10-18 17:31:23,243] {dagbag.py:500} INFO - Filling up the DagBag from /home/user/workspace/airflow/airflow_env/lib/python3.6/site-packages/airflow/example_dags/example_trigger_controller_dag.py
[2021-10-18 17:31:23,285] {processor.py:632} INFO - DAG(s) dict_keys(['example_trigger_controller_dag']) retrieved from /home/user/workspace/airflow/airflow_env/lib/python3.6/site-packages/airflow/example_dags/example_trigger_controller_dag.py
[2021-10-18 17:31:23,306] {logging_mixin.py:109} INFO - [2021-10-18 17:31:23,306] {dag.py:2389} INFO - Sync 1 DAGs
[2021-10-18 17:31:23,335] {logging_mixin.py:109} INFO - [2021-10-18 17:31:23,335] {dag.py:2914} INFO - Setting next_dagrun for example_trigger_controller_dag to 2021-01-01T00:00:00+00:00
[2021-10-18 17:31:23,350] {processor.py:171} INFO - Processing /home/user/workspace/airflow/airflow_env/lib/python3.6/site-packages/airflow/example_dags/example_trigger_controller_dag.py took 0.116 seconds
[2021-10-18 17:32:04,533] {processor.py:163} INFO - Started process (PID=25660) to work on /home/user/workspace/airflow/airflow_env/lib/python3.6/site-packages/airflow/example_dags/example_trigger_controller_dag.py
[2021-10-18 17:32:04,536] {processor.py:620} INFO - Processing file /home/user/workspace/airflow/airflow_env/lib/python3.6/site-packages/airflow/example_dags/example_trigger_controller_dag.py for tasks to queue
[2021-10-18 17:32:04,538] {logging_mixin.py:109} INFO - [2021-10-18 17:32:04,538] {dagbag.py:500} INFO - Filling up the DagBag from /home/user/workspace/airflow/airflow_env/lib/python3.6/site-packages/airflow/example_dags/example_trigger_controller_dag.py
[2021-10-18 17:32:04,594] {processor.py:632} INFO - DAG(s) dict_keys(['example_trigger_controller_dag']) retrieved from /home/user/workspace/airflow/airflow_env/lib/python3.6/site-packages/airflow/example_dags/example_trigger_controller_dag.py
[2021-10-18 17:32:04,611] {logging_mixin.py:109} INFO - [2021-10-18 17:32:04,610] {dag.py:2389} INFO - Sync 1 DAGs
[2021-10-18 17:32:04,644] {logging_mixin.py:109} INFO - [2021-10-18 17:32:04,644] {dag.py:2914} INFO - Setting next_dagrun for example_trigger_controller_dag to 2021-01-01T00:00:00+00:00
[2021-10-18 17:32:04,664] {processor.py:171} INFO - Processing /home/user/workspace/airflow/airflow_env/lib/python3.6/site-packages/airflow/example_dags/example_trigger_controller_dag.py took 0.142 seconds
[2021-10-18 17:32:48,557] {processor.py:163} INFO - Started process (PID=25808) to work on /home/user/workspace/airflow/airflow_env/lib/python3.6/site-packages/airflow/example_dags/example_trigger_controller_dag.py
[2021-10-18 17:32:48,560] {processor.py:620} INFO - Processing file /home/user/workspace/airflow/airflow_env/lib/python3.6/site-packages/airflow/example_dags/example_trigger_controller_dag.py for tasks to queue
[2021-10-18 17:32:48,562] {logging_mixin.py:109} INFO - [2021-10-18 17:32:48,562] {dagbag.py:500} INFO - Filling up the DagBag from /home/user/workspace/airflow/airflow_env/lib/python3.6/site-packages/airflow/example_dags/example_trigger_controller_dag.py
[2021-10-18 17:32:48,586] {processor.py:632} INFO - DAG(s) dict_keys(['example_trigger_controller_dag']) retrieved from /home/user/workspace/airflow/airflow_env/lib/python3.6/site-packages/airflow/example_dags/example_trigger_controller_dag.py
[2021-10-18 17:32:48,601] {logging_mixin.py:109} INFO - [2021-10-18 17:32:48,601] {dag.py:2389} INFO - Sync 1 DAGs
[2021-10-18 17:32:48,619] {logging_mixin.py:109} INFO - [2021-10-18 17:32:48,619] {dag.py:2914} INFO - Setting next_dagrun for example_trigger_controller_dag to 2021-01-01T00:00:00+00:00
[2021-10-18 17:32:48,632] {processor.py:171} INFO - Processing /home/user/workspace/airflow/airflow_env/lib/python3.6/site-packages/airflow/example_dags/example_trigger_controller_dag.py took 0.078 seconds
[2021-10-18 17:33:29,654] {processor.py:163} INFO - Started process (PID=25886) to work on /home/user/workspace/airflow/airflow_env/lib/python3.6/site-packages/airflow/example_dags/example_trigger_controller_dag.py
[2021-10-18 17:33:29,656] {processor.py:620} INFO - Processing file /home/user/workspace/airflow/airflow_env/lib/python3.6/site-packages/airflow/example_dags/example_trigger_controller_dag.py for tasks to queue
[2021-10-18 17:33:29,658] {logging_mixin.py:109} INFO - [2021-10-18 17:33:29,657] {dagbag.py:500} INFO - Filling up the DagBag from /home/user/workspace/airflow/airflow_env/lib/python3.6/site-packages/airflow/example_dags/example_trigger_controller_dag.py
[2021-10-18 17:33:29,701] {processor.py:632} INFO - DAG(s) dict_keys(['example_trigger_controller_dag']) retrieved from /home/user/workspace/airflow/airflow_env/lib/python3.6/site-packages/airflow/example_dags/example_trigger_controller_dag.py
[2021-10-18 17:33:29,726] {logging_mixin.py:109} INFO - [2021-10-18 17:33:29,726] {dag.py:2389} INFO - Sync 1 DAGs
[2021-10-18 17:33:29,760] {logging_mixin.py:109} INFO - [2021-10-18 17:33:29,760] {dag.py:2914} INFO - Setting next_dagrun for example_trigger_controller_dag to 2021-01-01T00:00:00+00:00
[2021-10-18 17:33:29,773] {processor.py:171} INFO - Processing /home/user/workspace/airflow/airflow_env/lib/python3.6/site-packages/airflow/example_dags/example_trigger_controller_dag.py took 0.125 seconds
[2021-10-18 17:34:26,799] {processor.py:163} INFO - Started process (PID=25988) to work on /home/user/workspace/airflow/airflow_env/lib/python3.6/site-packages/airflow/example_dags/example_trigger_controller_dag.py
[2021-10-18 17:34:26,810] {processor.py:620} INFO - Processing file /home/user/workspace/airflow/airflow_env/lib/python3.6/site-packages/airflow/example_dags/example_trigger_controller_dag.py for tasks to queue
[2021-10-18 17:34:26,812] {logging_mixin.py:109} INFO - [2021-10-18 17:34:26,812] {dagbag.py:500} INFO - Filling up the DagBag from /home/user/workspace/airflow/airflow_env/lib/python3.6/site-packages/airflow/example_dags/example_trigger_controller_dag.py
[2021-10-18 17:34:26,855] {processor.py:632} INFO - DAG(s) dict_keys(['example_trigger_controller_dag']) retrieved from /home/user/workspace/airflow/airflow_env/lib/python3.6/site-packages/airflow/example_dags/example_trigger_controller_dag.py
[2021-10-18 17:34:26,880] {logging_mixin.py:109} INFO - [2021-10-18 17:34:26,879] {dag.py:2389} INFO - Sync 1 DAGs
[2021-10-18 17:34:26,911] {logging_mixin.py:109} INFO - [2021-10-18 17:34:26,911] {dag.py:2914} INFO - Setting next_dagrun for example_trigger_controller_dag to 2021-01-01T00:00:00+00:00
[2021-10-18 17:34:26,928] {processor.py:171} INFO - Processing /home/user/workspace/airflow/airflow_env/lib/python3.6/site-packages/airflow/example_dags/example_trigger_controller_dag.py took 0.135 seconds
[2021-10-18 17:35:07,045] {processor.py:163} INFO - Started process (PID=26084) to work on /home/user/workspace/airflow/airflow_env/lib/python3.6/site-packages/airflow/example_dags/example_trigger_controller_dag.py
[2021-10-18 17:35:07,048] {processor.py:620} INFO - Processing file /home/user/workspace/airflow/airflow_env/lib/python3.6/site-packages/airflow/example_dags/example_trigger_controller_dag.py for tasks to queue
[2021-10-18 17:35:07,049] {logging_mixin.py:109} INFO - [2021-10-18 17:35:07,049] {dagbag.py:500} INFO - Filling up the DagBag from /home/user/workspace/airflow/airflow_env/lib/python3.6/site-packages/airflow/example_dags/example_trigger_controller_dag.py
[2021-10-18 17:35:07,095] {processor.py:632} INFO - DAG(s) dict_keys(['example_trigger_controller_dag']) retrieved from /home/user/workspace/airflow/airflow_env/lib/python3.6/site-packages/airflow/example_dags/example_trigger_controller_dag.py
[2021-10-18 17:35:07,122] {logging_mixin.py:109} INFO - [2021-10-18 17:35:07,122] {dag.py:2389} INFO - Sync 1 DAGs
[2021-10-18 17:35:07,151] {logging_mixin.py:109} INFO - [2021-10-18 17:35:07,151] {dag.py:2914} INFO - Setting next_dagrun for example_trigger_controller_dag to 2021-01-01T00:00:00+00:00
[2021-10-18 17:35:07,162] {processor.py:171} INFO - Processing /home/user/workspace/airflow/airflow_env/lib/python3.6/site-packages/airflow/example_dags/example_trigger_controller_dag.py took 0.123 seconds
[2021-10-18 17:36:04,750] {processor.py:163} INFO - Started process (PID=26281) to work on /home/user/workspace/airflow/airflow_env/lib/python3.6/site-packages/airflow/example_dags/example_trigger_controller_dag.py
[2021-10-18 17:36:04,753] {processor.py:620} INFO - Processing file /home/user/workspace/airflow/airflow_env/lib/python3.6/site-packages/airflow/example_dags/example_trigger_controller_dag.py for tasks to queue
[2021-10-18 17:36:04,754] {logging_mixin.py:109} INFO - [2021-10-18 17:36:04,754] {dagbag.py:500} INFO - Filling up the DagBag from /home/user/workspace/airflow/airflow_env/lib/python3.6/site-packages/airflow/example_dags/example_trigger_controller_dag.py
[2021-10-18 17:36:04,796] {processor.py:632} INFO - DAG(s) dict_keys(['example_trigger_controller_dag']) retrieved from /home/user/workspace/airflow/airflow_env/lib/python3.6/site-packages/airflow/example_dags/example_trigger_controller_dag.py
[2021-10-18 17:36:04,824] {logging_mixin.py:109} INFO - [2021-10-18 17:36:04,823] {dag.py:2389} INFO - Sync 1 DAGs
[2021-10-18 17:36:04,871] {logging_mixin.py:109} INFO - [2021-10-18 17:36:04,871] {dag.py:2914} INFO - Setting next_dagrun for example_trigger_controller_dag to 2021-01-01T00:00:00+00:00
[2021-10-18 17:36:04,904] {processor.py:171} INFO - Processing /home/user/workspace/airflow/airflow_env/lib/python3.6/site-packages/airflow/example_dags/example_trigger_controller_dag.py took 0.160 seconds
[2021-10-18 17:36:44,335] {processor.py:163} INFO - Started process (PID=26364) to work on /home/user/workspace/airflow/airflow_env/lib/python3.6/site-packages/airflow/example_dags/example_trigger_controller_dag.py
[2021-10-18 17:36:44,337] {processor.py:620} INFO - Processing file /home/user/workspace/airflow/airflow_env/lib/python3.6/site-packages/airflow/example_dags/example_trigger_controller_dag.py for tasks to queue
[2021-10-18 17:36:44,339] {logging_mixin.py:109} INFO - [2021-10-18 17:36:44,338] {dagbag.py:500} INFO - Filling up the DagBag from /home/user/workspace/airflow/airflow_env/lib/python3.6/site-packages/airflow/example_dags/example_trigger_controller_dag.py
[2021-10-18 17:36:44,392] {processor.py:632} INFO - DAG(s) dict_keys(['example_trigger_controller_dag']) retrieved from /home/user/workspace/airflow/airflow_env/lib/python3.6/site-packages/airflow/example_dags/example_trigger_controller_dag.py
[2021-10-18 17:36:44,421] {logging_mixin.py:109} INFO - [2021-10-18 17:36:44,420] {dag.py:2389} INFO - Sync 1 DAGs
[2021-10-18 17:36:44,447] {logging_mixin.py:109} INFO - [2021-10-18 17:36:44,447] {dag.py:2914} INFO - Setting next_dagrun for example_trigger_controller_dag to 2021-01-01T00:00:00+00:00
[2021-10-18 17:36:44,458] {processor.py:171} INFO - Processing /home/user/workspace/airflow/airflow_env/lib/python3.6/site-packages/airflow/example_dags/example_trigger_controller_dag.py took 0.131 seconds
[2021-10-18 17:37:25,796] {processor.py:163} INFO - Started process (PID=26475) to work on /home/user/workspace/airflow/airflow_env/lib/python3.6/site-packages/airflow/example_dags/example_trigger_controller_dag.py
[2021-10-18 17:37:25,799] {processor.py:620} INFO - Processing file /home/user/workspace/airflow/airflow_env/lib/python3.6/site-packages/airflow/example_dags/example_trigger_controller_dag.py for tasks to queue
[2021-10-18 17:37:25,801] {logging_mixin.py:109} INFO - [2021-10-18 17:37:25,800] {dagbag.py:500} INFO - Filling up the DagBag from /home/user/workspace/airflow/airflow_env/lib/python3.6/site-packages/airflow/example_dags/example_trigger_controller_dag.py
[2021-10-18 17:37:25,861] {processor.py:632} INFO - DAG(s) dict_keys(['example_trigger_controller_dag']) retrieved from /home/user/workspace/airflow/airflow_env/lib/python3.6/site-packages/airflow/example_dags/example_trigger_controller_dag.py
[2021-10-18 17:37:25,889] {logging_mixin.py:109} INFO - [2021-10-18 17:37:25,888] {dag.py:2389} INFO - Sync 1 DAGs
[2021-10-18 17:37:25,909] {logging_mixin.py:109} INFO - [2021-10-18 17:37:25,909] {dag.py:2914} INFO - Setting next_dagrun for example_trigger_controller_dag to 2021-01-01T00:00:00+00:00
[2021-10-18 17:37:25,924] {processor.py:171} INFO - Processing /home/user/workspace/airflow/airflow_env/lib/python3.6/site-packages/airflow/example_dags/example_trigger_controller_dag.py took 0.134 seconds
[2021-10-18 17:38:05,460] {processor.py:163} INFO - Started process (PID=26553) to work on /home/user/workspace/airflow/airflow_env/lib/python3.6/site-packages/airflow/example_dags/example_trigger_controller_dag.py
[2021-10-18 17:38:05,473] {processor.py:620} INFO - Processing file /home/user/workspace/airflow/airflow_env/lib/python3.6/site-packages/airflow/example_dags/example_trigger_controller_dag.py for tasks to queue
[2021-10-18 17:38:05,474] {logging_mixin.py:109} INFO - [2021-10-18 17:38:05,474] {dagbag.py:500} INFO - Filling up the DagBag from /home/user/workspace/airflow/airflow_env/lib/python3.6/site-packages/airflow/example_dags/example_trigger_controller_dag.py
[2021-10-18 17:38:05,521] {processor.py:632} INFO - DAG(s) dict_keys(['example_trigger_controller_dag']) retrieved from /home/user/workspace/airflow/airflow_env/lib/python3.6/site-packages/airflow/example_dags/example_trigger_controller_dag.py
[2021-10-18 17:38:05,546] {logging_mixin.py:109} INFO - [2021-10-18 17:38:05,546] {dag.py:2389} INFO - Sync 1 DAGs
[2021-10-18 17:38:05,577] {logging_mixin.py:109} INFO - [2021-10-18 17:38:05,576] {dag.py:2914} INFO - Setting next_dagrun for example_trigger_controller_dag to 2021-01-01T00:00:00+00:00
[2021-10-18 17:38:05,591] {processor.py:171} INFO - Processing /home/user/workspace/airflow/airflow_env/lib/python3.6/site-packages/airflow/example_dags/example_trigger_controller_dag.py took 0.139 seconds
[2021-10-18 17:38:48,263] {processor.py:163} INFO - Started process (PID=26618) to work on /home/user/workspace/airflow/airflow_env/lib/python3.6/site-packages/airflow/example_dags/example_trigger_controller_dag.py
[2021-10-18 17:38:48,264] {processor.py:620} INFO - Processing file /home/user/workspace/airflow/airflow_env/lib/python3.6/site-packages/airflow/example_dags/example_trigger_controller_dag.py for tasks to queue
[2021-10-18 17:38:48,266] {logging_mixin.py:109} INFO - [2021-10-18 17:38:48,266] {dagbag.py:500} INFO - Filling up the DagBag from /home/user/workspace/airflow/airflow_env/lib/python3.6/site-packages/airflow/example_dags/example_trigger_controller_dag.py
[2021-10-18 17:38:48,310] {processor.py:632} INFO - DAG(s) dict_keys(['example_trigger_controller_dag']) retrieved from /home/user/workspace/airflow/airflow_env/lib/python3.6/site-packages/airflow/example_dags/example_trigger_controller_dag.py
[2021-10-18 17:38:48,333] {logging_mixin.py:109} INFO - [2021-10-18 17:38:48,333] {dag.py:2389} INFO - Sync 1 DAGs
[2021-10-18 17:38:48,363] {logging_mixin.py:109} INFO - [2021-10-18 17:38:48,362] {dag.py:2914} INFO - Setting next_dagrun for example_trigger_controller_dag to 2021-01-01T00:00:00+00:00
[2021-10-18 17:38:48,375] {processor.py:171} INFO - Processing /home/user/workspace/airflow/airflow_env/lib/python3.6/site-packages/airflow/example_dags/example_trigger_controller_dag.py took 0.118 seconds
[2021-10-18 17:39:31,191] {processor.py:163} INFO - Started process (PID=26717) to work on /home/user/workspace/airflow/airflow_env/lib/python3.6/site-packages/airflow/example_dags/example_trigger_controller_dag.py
[2021-10-18 17:39:31,194] {processor.py:620} INFO - Processing file /home/user/workspace/airflow/airflow_env/lib/python3.6/site-packages/airflow/example_dags/example_trigger_controller_dag.py for tasks to queue
[2021-10-18 17:39:31,196] {logging_mixin.py:109} INFO - [2021-10-18 17:39:31,196] {dagbag.py:500} INFO - Filling up the DagBag from /home/user/workspace/airflow/airflow_env/lib/python3.6/site-packages/airflow/example_dags/example_trigger_controller_dag.py
[2021-10-18 17:39:31,251] {processor.py:632} INFO - DAG(s) dict_keys(['example_trigger_controller_dag']) retrieved from /home/user/workspace/airflow/airflow_env/lib/python3.6/site-packages/airflow/example_dags/example_trigger_controller_dag.py
[2021-10-18 17:39:31,276] {logging_mixin.py:109} INFO - [2021-10-18 17:39:31,276] {dag.py:2389} INFO - Sync 1 DAGs
[2021-10-18 17:39:31,319] {logging_mixin.py:109} INFO - [2021-10-18 17:39:31,319] {dag.py:2914} INFO - Setting next_dagrun for example_trigger_controller_dag to 2021-01-01T00:00:00+00:00
[2021-10-18 17:39:31,340] {processor.py:171} INFO - Processing /home/user/workspace/airflow/airflow_env/lib/python3.6/site-packages/airflow/example_dags/example_trigger_controller_dag.py took 0.156 seconds
[2021-10-18 17:40:16,467] {processor.py:163} INFO - Started process (PID=26917) to work on /home/user/workspace/airflow/airflow_env/lib/python3.6/site-packages/airflow/example_dags/example_trigger_controller_dag.py
[2021-10-18 17:40:16,471] {processor.py:620} INFO - Processing file /home/user/workspace/airflow/airflow_env/lib/python3.6/site-packages/airflow/example_dags/example_trigger_controller_dag.py for tasks to queue
[2021-10-18 17:40:16,473] {logging_mixin.py:109} INFO - [2021-10-18 17:40:16,472] {dagbag.py:500} INFO - Filling up the DagBag from /home/user/workspace/airflow/airflow_env/lib/python3.6/site-packages/airflow/example_dags/example_trigger_controller_dag.py
[2021-10-18 17:40:16,549] {processor.py:632} INFO - DAG(s) dict_keys(['example_trigger_controller_dag']) retrieved from /home/user/workspace/airflow/airflow_env/lib/python3.6/site-packages/airflow/example_dags/example_trigger_controller_dag.py
[2021-10-18 17:40:16,589] {logging_mixin.py:109} INFO - [2021-10-18 17:40:16,589] {dag.py:2389} INFO - Sync 1 DAGs
[2021-10-18 17:40:16,655] {logging_mixin.py:109} INFO - [2021-10-18 17:40:16,654] {dag.py:2914} INFO - Setting next_dagrun for example_trigger_controller_dag to 2021-01-01T00:00:00+00:00
[2021-10-18 17:40:16,681] {processor.py:171} INFO - Processing /home/user/workspace/airflow/airflow_env/lib/python3.6/site-packages/airflow/example_dags/example_trigger_controller_dag.py took 0.225 seconds
[2021-10-18 17:40:56,888] {processor.py:163} INFO - Started process (PID=27000) to work on /home/user/workspace/airflow/airflow_env/lib/python3.6/site-packages/airflow/example_dags/example_trigger_controller_dag.py
[2021-10-18 17:40:56,891] {processor.py:620} INFO - Processing file /home/user/workspace/airflow/airflow_env/lib/python3.6/site-packages/airflow/example_dags/example_trigger_controller_dag.py for tasks to queue
[2021-10-18 17:40:56,893] {logging_mixin.py:109} INFO - [2021-10-18 17:40:56,892] {dagbag.py:500} INFO - Filling up the DagBag from /home/user/workspace/airflow/airflow_env/lib/python3.6/site-packages/airflow/example_dags/example_trigger_controller_dag.py
[2021-10-18 17:40:56,932] {processor.py:632} INFO - DAG(s) dict_keys(['example_trigger_controller_dag']) retrieved from /home/user/workspace/airflow/airflow_env/lib/python3.6/site-packages/airflow/example_dags/example_trigger_controller_dag.py
[2021-10-18 17:40:56,954] {logging_mixin.py:109} INFO - [2021-10-18 17:40:56,954] {dag.py:2389} INFO - Sync 1 DAGs
[2021-10-18 17:40:56,983] {logging_mixin.py:109} INFO - [2021-10-18 17:40:56,983] {dag.py:2914} INFO - Setting next_dagrun for example_trigger_controller_dag to 2021-01-01T00:00:00+00:00
[2021-10-18 17:40:56,999] {processor.py:171} INFO - Processing /home/user/workspace/airflow/airflow_env/lib/python3.6/site-packages/airflow/example_dags/example_trigger_controller_dag.py took 0.117 seconds
[2021-10-18 17:41:35,363] {processor.py:163} INFO - Started process (PID=27063) to work on /home/user/workspace/airflow/airflow_env/lib/python3.6/site-packages/airflow/example_dags/example_trigger_controller_dag.py
[2021-10-18 17:41:35,364] {processor.py:620} INFO - Processing file /home/user/workspace/airflow/airflow_env/lib/python3.6/site-packages/airflow/example_dags/example_trigger_controller_dag.py for tasks to queue
[2021-10-18 17:41:35,365] {logging_mixin.py:109} INFO - [2021-10-18 17:41:35,365] {dagbag.py:500} INFO - Filling up the DagBag from /home/user/workspace/airflow/airflow_env/lib/python3.6/site-packages/airflow/example_dags/example_trigger_controller_dag.py
[2021-10-18 17:41:35,387] {processor.py:632} INFO - DAG(s) dict_keys(['example_trigger_controller_dag']) retrieved from /home/user/workspace/airflow/airflow_env/lib/python3.6/site-packages/airflow/example_dags/example_trigger_controller_dag.py
[2021-10-18 17:41:35,401] {logging_mixin.py:109} INFO - [2021-10-18 17:41:35,401] {dag.py:2389} INFO - Sync 1 DAGs
[2021-10-18 17:41:35,417] {logging_mixin.py:109} INFO - [2021-10-18 17:41:35,417] {dag.py:2914} INFO - Setting next_dagrun for example_trigger_controller_dag to 2021-01-01T00:00:00+00:00
[2021-10-18 17:41:35,437] {processor.py:171} INFO - Processing /home/user/workspace/airflow/airflow_env/lib/python3.6/site-packages/airflow/example_dags/example_trigger_controller_dag.py took 0.076 seconds
[2021-10-18 17:42:15,194] {processor.py:163} INFO - Started process (PID=27122) to work on /home/user/workspace/airflow/airflow_env/lib/python3.6/site-packages/airflow/example_dags/example_trigger_controller_dag.py
[2021-10-18 17:42:15,206] {processor.py:620} INFO - Processing file /home/user/workspace/airflow/airflow_env/lib/python3.6/site-packages/airflow/example_dags/example_trigger_controller_dag.py for tasks to queue
[2021-10-18 17:42:15,207] {logging_mixin.py:109} INFO - [2021-10-18 17:42:15,207] {dagbag.py:500} INFO - Filling up the DagBag from /home/user/workspace/airflow/airflow_env/lib/python3.6/site-packages/airflow/example_dags/example_trigger_controller_dag.py
[2021-10-18 17:42:15,240] {processor.py:632} INFO - DAG(s) dict_keys(['example_trigger_controller_dag']) retrieved from /home/user/workspace/airflow/airflow_env/lib/python3.6/site-packages/airflow/example_dags/example_trigger_controller_dag.py
[2021-10-18 17:42:15,258] {logging_mixin.py:109} INFO - [2021-10-18 17:42:15,258] {dag.py:2389} INFO - Sync 1 DAGs
[2021-10-18 17:42:15,282] {logging_mixin.py:109} INFO - [2021-10-18 17:42:15,281] {dag.py:2914} INFO - Setting next_dagrun for example_trigger_controller_dag to 2021-01-01T00:00:00+00:00
[2021-10-18 17:42:15,293] {processor.py:171} INFO - Processing /home/user/workspace/airflow/airflow_env/lib/python3.6/site-packages/airflow/example_dags/example_trigger_controller_dag.py took 0.103 seconds
[2021-10-18 17:42:55,386] {processor.py:163} INFO - Started process (PID=27272) to work on /home/user/workspace/airflow/airflow_env/lib/python3.6/site-packages/airflow/example_dags/example_trigger_controller_dag.py
[2021-10-18 17:42:55,388] {processor.py:620} INFO - Processing file /home/user/workspace/airflow/airflow_env/lib/python3.6/site-packages/airflow/example_dags/example_trigger_controller_dag.py for tasks to queue
[2021-10-18 17:42:55,389] {logging_mixin.py:109} INFO - [2021-10-18 17:42:55,389] {dagbag.py:500} INFO - Filling up the DagBag from /home/user/workspace/airflow/airflow_env/lib/python3.6/site-packages/airflow/example_dags/example_trigger_controller_dag.py
[2021-10-18 17:42:55,428] {processor.py:632} INFO - DAG(s) dict_keys(['example_trigger_controller_dag']) retrieved from /home/user/workspace/airflow/airflow_env/lib/python3.6/site-packages/airflow/example_dags/example_trigger_controller_dag.py
[2021-10-18 17:42:55,449] {logging_mixin.py:109} INFO - [2021-10-18 17:42:55,449] {dag.py:2389} INFO - Sync 1 DAGs
[2021-10-18 17:42:55,478] {logging_mixin.py:109} INFO - [2021-10-18 17:42:55,478] {dag.py:2914} INFO - Setting next_dagrun for example_trigger_controller_dag to 2021-01-01T00:00:00+00:00
[2021-10-18 17:42:55,496] {processor.py:171} INFO - Processing /home/user/workspace/airflow/airflow_env/lib/python3.6/site-packages/airflow/example_dags/example_trigger_controller_dag.py took 0.115 seconds
[2021-10-18 17:43:52,437] {processor.py:163} INFO - Started process (PID=27442) to work on /home/user/workspace/airflow/airflow_env/lib/python3.6/site-packages/airflow/example_dags/example_trigger_controller_dag.py
[2021-10-18 17:43:52,439] {processor.py:620} INFO - Processing file /home/user/workspace/airflow/airflow_env/lib/python3.6/site-packages/airflow/example_dags/example_trigger_controller_dag.py for tasks to queue
[2021-10-18 17:43:52,440] {logging_mixin.py:109} INFO - [2021-10-18 17:43:52,440] {dagbag.py:500} INFO - Filling up the DagBag from /home/user/workspace/airflow/airflow_env/lib/python3.6/site-packages/airflow/example_dags/example_trigger_controller_dag.py
[2021-10-18 17:43:52,481] {processor.py:632} INFO - DAG(s) dict_keys(['example_trigger_controller_dag']) retrieved from /home/user/workspace/airflow/airflow_env/lib/python3.6/site-packages/airflow/example_dags/example_trigger_controller_dag.py
[2021-10-18 17:43:52,502] {logging_mixin.py:109} INFO - [2021-10-18 17:43:52,501] {dag.py:2389} INFO - Sync 1 DAGs
[2021-10-18 17:43:52,530] {logging_mixin.py:109} INFO - [2021-10-18 17:43:52,530] {dag.py:2914} INFO - Setting next_dagrun for example_trigger_controller_dag to 2021-01-01T00:00:00+00:00
[2021-10-18 17:43:52,547] {processor.py:171} INFO - Processing /home/user/workspace/airflow/airflow_env/lib/python3.6/site-packages/airflow/example_dags/example_trigger_controller_dag.py took 0.115 seconds
[2021-10-18 17:44:47,114] {processor.py:163} INFO - Started process (PID=27621) to work on /home/user/workspace/airflow/airflow_env/lib/python3.6/site-packages/airflow/example_dags/example_trigger_controller_dag.py
[2021-10-18 17:44:47,117] {processor.py:620} INFO - Processing file /home/user/workspace/airflow/airflow_env/lib/python3.6/site-packages/airflow/example_dags/example_trigger_controller_dag.py for tasks to queue
[2021-10-18 17:44:47,118] {logging_mixin.py:109} INFO - [2021-10-18 17:44:47,118] {dagbag.py:500} INFO - Filling up the DagBag from /home/user/workspace/airflow/airflow_env/lib/python3.6/site-packages/airflow/example_dags/example_trigger_controller_dag.py
[2021-10-18 17:44:47,157] {processor.py:632} INFO - DAG(s) dict_keys(['example_trigger_controller_dag']) retrieved from /home/user/workspace/airflow/airflow_env/lib/python3.6/site-packages/airflow/example_dags/example_trigger_controller_dag.py
[2021-10-18 17:44:47,181] {logging_mixin.py:109} INFO - [2021-10-18 17:44:47,180] {dag.py:2389} INFO - Sync 1 DAGs
[2021-10-18 17:44:47,212] {logging_mixin.py:109} INFO - [2021-10-18 17:44:47,212] {dag.py:2914} INFO - Setting next_dagrun for example_trigger_controller_dag to 2021-01-01T00:00:00+00:00
[2021-10-18 17:44:47,232] {processor.py:171} INFO - Processing /home/user/workspace/airflow/airflow_env/lib/python3.6/site-packages/airflow/example_dags/example_trigger_controller_dag.py took 0.124 seconds
[2021-10-18 17:45:25,890] {processor.py:163} INFO - Started process (PID=27743) to work on /home/user/workspace/airflow/airflow_env/lib/python3.6/site-packages/airflow/example_dags/example_trigger_controller_dag.py
[2021-10-18 17:45:25,892] {processor.py:620} INFO - Processing file /home/user/workspace/airflow/airflow_env/lib/python3.6/site-packages/airflow/example_dags/example_trigger_controller_dag.py for tasks to queue
[2021-10-18 17:45:25,894] {logging_mixin.py:109} INFO - [2021-10-18 17:45:25,894] {dagbag.py:500} INFO - Filling up the DagBag from /home/user/workspace/airflow/airflow_env/lib/python3.6/site-packages/airflow/example_dags/example_trigger_controller_dag.py
[2021-10-18 17:45:25,942] {processor.py:632} INFO - DAG(s) dict_keys(['example_trigger_controller_dag']) retrieved from /home/user/workspace/airflow/airflow_env/lib/python3.6/site-packages/airflow/example_dags/example_trigger_controller_dag.py
[2021-10-18 17:45:25,968] {logging_mixin.py:109} INFO - [2021-10-18 17:45:25,967] {dag.py:2389} INFO - Sync 1 DAGs
[2021-10-18 17:45:26,008] {logging_mixin.py:109} INFO - [2021-10-18 17:45:26,008] {dag.py:2914} INFO - Setting next_dagrun for example_trigger_controller_dag to 2021-01-01T00:00:00+00:00
[2021-10-18 17:45:26,034] {processor.py:171} INFO - Processing /home/user/workspace/airflow/airflow_env/lib/python3.6/site-packages/airflow/example_dags/example_trigger_controller_dag.py took 0.151 seconds
[2021-10-18 17:46:18,868] {processor.py:163} INFO - Started process (PID=27968) to work on /home/user/workspace/airflow/airflow_env/lib/python3.6/site-packages/airflow/example_dags/example_trigger_controller_dag.py
[2021-10-18 17:46:18,872] {processor.py:620} INFO - Processing file /home/user/workspace/airflow/airflow_env/lib/python3.6/site-packages/airflow/example_dags/example_trigger_controller_dag.py for tasks to queue
[2021-10-18 17:46:18,874] {logging_mixin.py:109} INFO - [2021-10-18 17:46:18,873] {dagbag.py:500} INFO - Filling up the DagBag from /home/user/workspace/airflow/airflow_env/lib/python3.6/site-packages/airflow/example_dags/example_trigger_controller_dag.py
[2021-10-18 17:46:18,938] {processor.py:632} INFO - DAG(s) dict_keys(['example_trigger_controller_dag']) retrieved from /home/user/workspace/airflow/airflow_env/lib/python3.6/site-packages/airflow/example_dags/example_trigger_controller_dag.py
[2021-10-18 17:46:18,970] {logging_mixin.py:109} INFO - [2021-10-18 17:46:18,970] {dag.py:2389} INFO - Sync 1 DAGs
[2021-10-18 17:46:19,005] {logging_mixin.py:109} INFO - [2021-10-18 17:46:19,005] {dag.py:2914} INFO - Setting next_dagrun for example_trigger_controller_dag to 2021-01-01T00:00:00+00:00
[2021-10-18 17:46:19,017] {processor.py:171} INFO - Processing /home/user/workspace/airflow/airflow_env/lib/python3.6/site-packages/airflow/example_dags/example_trigger_controller_dag.py took 0.156 seconds
[2021-10-18 17:47:14,864] {processor.py:163} INFO - Started process (PID=28129) to work on /home/user/workspace/airflow/airflow_env/lib/python3.6/site-packages/airflow/example_dags/example_trigger_controller_dag.py
[2021-10-18 17:47:14,866] {processor.py:620} INFO - Processing file /home/user/workspace/airflow/airflow_env/lib/python3.6/site-packages/airflow/example_dags/example_trigger_controller_dag.py for tasks to queue
[2021-10-18 17:47:14,867] {logging_mixin.py:109} INFO - [2021-10-18 17:47:14,867] {dagbag.py:500} INFO - Filling up the DagBag from /home/user/workspace/airflow/airflow_env/lib/python3.6/site-packages/airflow/example_dags/example_trigger_controller_dag.py
[2021-10-18 17:47:14,906] {processor.py:632} INFO - DAG(s) dict_keys(['example_trigger_controller_dag']) retrieved from /home/user/workspace/airflow/airflow_env/lib/python3.6/site-packages/airflow/example_dags/example_trigger_controller_dag.py
[2021-10-18 17:47:14,927] {logging_mixin.py:109} INFO - [2021-10-18 17:47:14,927] {dag.py:2389} INFO - Sync 1 DAGs
[2021-10-18 17:47:14,956] {logging_mixin.py:109} INFO - [2021-10-18 17:47:14,955] {dag.py:2914} INFO - Setting next_dagrun for example_trigger_controller_dag to 2021-01-01T00:00:00+00:00
[2021-10-18 17:47:14,974] {processor.py:171} INFO - Processing /home/user/workspace/airflow/airflow_env/lib/python3.6/site-packages/airflow/example_dags/example_trigger_controller_dag.py took 0.115 seconds
[2021-10-18 17:47:54,202] {processor.py:163} INFO - Started process (PID=28236) to work on /home/user/workspace/airflow/airflow_env/lib/python3.6/site-packages/airflow/example_dags/example_trigger_controller_dag.py
[2021-10-18 17:47:54,204] {processor.py:620} INFO - Processing file /home/user/workspace/airflow/airflow_env/lib/python3.6/site-packages/airflow/example_dags/example_trigger_controller_dag.py for tasks to queue
[2021-10-18 17:47:54,205] {logging_mixin.py:109} INFO - [2021-10-18 17:47:54,205] {dagbag.py:500} INFO - Filling up the DagBag from /home/user/workspace/airflow/airflow_env/lib/python3.6/site-packages/airflow/example_dags/example_trigger_controller_dag.py
[2021-10-18 17:47:54,242] {processor.py:632} INFO - DAG(s) dict_keys(['example_trigger_controller_dag']) retrieved from /home/user/workspace/airflow/airflow_env/lib/python3.6/site-packages/airflow/example_dags/example_trigger_controller_dag.py
[2021-10-18 17:47:54,261] {logging_mixin.py:109} INFO - [2021-10-18 17:47:54,260] {dag.py:2389} INFO - Sync 1 DAGs
[2021-10-18 17:47:54,286] {logging_mixin.py:109} INFO - [2021-10-18 17:47:54,286] {dag.py:2914} INFO - Setting next_dagrun for example_trigger_controller_dag to 2021-01-01T00:00:00+00:00
[2021-10-18 17:47:54,301] {processor.py:171} INFO - Processing /home/user/workspace/airflow/airflow_env/lib/python3.6/site-packages/airflow/example_dags/example_trigger_controller_dag.py took 0.104 seconds
[2021-10-18 17:48:53,711] {processor.py:163} INFO - Started process (PID=28343) to work on /home/user/workspace/airflow/airflow_env/lib/python3.6/site-packages/airflow/example_dags/example_trigger_controller_dag.py
[2021-10-18 17:48:53,723] {processor.py:620} INFO - Processing file /home/user/workspace/airflow/airflow_env/lib/python3.6/site-packages/airflow/example_dags/example_trigger_controller_dag.py for tasks to queue
[2021-10-18 17:48:53,724] {logging_mixin.py:109} INFO - [2021-10-18 17:48:53,724] {dagbag.py:500} INFO - Filling up the DagBag from /home/user/workspace/airflow/airflow_env/lib/python3.6/site-packages/airflow/example_dags/example_trigger_controller_dag.py
[2021-10-18 17:48:53,790] {processor.py:632} INFO - DAG(s) dict_keys(['example_trigger_controller_dag']) retrieved from /home/user/workspace/airflow/airflow_env/lib/python3.6/site-packages/airflow/example_dags/example_trigger_controller_dag.py
[2021-10-18 17:48:53,832] {logging_mixin.py:109} INFO - [2021-10-18 17:48:53,832] {dag.py:2389} INFO - Sync 1 DAGs
[2021-10-18 17:48:53,873] {logging_mixin.py:109} INFO - [2021-10-18 17:48:53,871] {dag.py:2914} INFO - Setting next_dagrun for example_trigger_controller_dag to 2021-01-01T00:00:00+00:00
[2021-10-18 17:48:53,898] {processor.py:171} INFO - Processing /home/user/workspace/airflow/airflow_env/lib/python3.6/site-packages/airflow/example_dags/example_trigger_controller_dag.py took 0.195 seconds
[2021-10-18 17:49:41,350] {processor.py:163} INFO - Started process (PID=28456) to work on /home/user/workspace/airflow/airflow_env/lib/python3.6/site-packages/airflow/example_dags/example_trigger_controller_dag.py
[2021-10-18 17:49:41,352] {processor.py:620} INFO - Processing file /home/user/workspace/airflow/airflow_env/lib/python3.6/site-packages/airflow/example_dags/example_trigger_controller_dag.py for tasks to queue
[2021-10-18 17:49:41,353] {logging_mixin.py:109} INFO - [2021-10-18 17:49:41,353] {dagbag.py:500} INFO - Filling up the DagBag from /home/user/workspace/airflow/airflow_env/lib/python3.6/site-packages/airflow/example_dags/example_trigger_controller_dag.py
[2021-10-18 17:49:41,393] {processor.py:632} INFO - DAG(s) dict_keys(['example_trigger_controller_dag']) retrieved from /home/user/workspace/airflow/airflow_env/lib/python3.6/site-packages/airflow/example_dags/example_trigger_controller_dag.py
[2021-10-18 17:49:41,411] {logging_mixin.py:109} INFO - [2021-10-18 17:49:41,411] {dag.py:2389} INFO - Sync 1 DAGs
[2021-10-18 17:49:41,437] {logging_mixin.py:109} INFO - [2021-10-18 17:49:41,437] {dag.py:2914} INFO - Setting next_dagrun for example_trigger_controller_dag to 2021-01-01T00:00:00+00:00
[2021-10-18 17:49:41,453] {processor.py:171} INFO - Processing /home/user/workspace/airflow/airflow_env/lib/python3.6/site-packages/airflow/example_dags/example_trigger_controller_dag.py took 0.109 seconds
[2021-10-18 17:50:27,743] {processor.py:163} INFO - Started process (PID=28678) to work on /home/user/workspace/airflow/airflow_env/lib/python3.6/site-packages/airflow/example_dags/example_trigger_controller_dag.py
[2021-10-18 17:50:27,745] {processor.py:620} INFO - Processing file /home/user/workspace/airflow/airflow_env/lib/python3.6/site-packages/airflow/example_dags/example_trigger_controller_dag.py for tasks to queue
[2021-10-18 17:50:27,746] {logging_mixin.py:109} INFO - [2021-10-18 17:50:27,746] {dagbag.py:500} INFO - Filling up the DagBag from /home/user/workspace/airflow/airflow_env/lib/python3.6/site-packages/airflow/example_dags/example_trigger_controller_dag.py
[2021-10-18 17:50:27,789] {processor.py:632} INFO - DAG(s) dict_keys(['example_trigger_controller_dag']) retrieved from /home/user/workspace/airflow/airflow_env/lib/python3.6/site-packages/airflow/example_dags/example_trigger_controller_dag.py
[2021-10-18 17:50:27,810] {logging_mixin.py:109} INFO - [2021-10-18 17:50:27,810] {dag.py:2389} INFO - Sync 1 DAGs
[2021-10-18 17:50:27,838] {logging_mixin.py:109} INFO - [2021-10-18 17:50:27,838] {dag.py:2914} INFO - Setting next_dagrun for example_trigger_controller_dag to 2021-01-01T00:00:00+00:00
[2021-10-18 17:50:27,854] {processor.py:171} INFO - Processing /home/user/workspace/airflow/airflow_env/lib/python3.6/site-packages/airflow/example_dags/example_trigger_controller_dag.py took 0.117 seconds
[2021-10-18 17:51:15,290] {processor.py:163} INFO - Started process (PID=28926) to work on /home/user/workspace/airflow/airflow_env/lib/python3.6/site-packages/airflow/example_dags/example_trigger_controller_dag.py
[2021-10-18 17:51:15,295] {processor.py:620} INFO - Processing file /home/user/workspace/airflow/airflow_env/lib/python3.6/site-packages/airflow/example_dags/example_trigger_controller_dag.py for tasks to queue
[2021-10-18 17:51:15,298] {logging_mixin.py:109} INFO - [2021-10-18 17:51:15,297] {dagbag.py:500} INFO - Filling up the DagBag from /home/user/workspace/airflow/airflow_env/lib/python3.6/site-packages/airflow/example_dags/example_trigger_controller_dag.py
[2021-10-18 17:51:15,362] {processor.py:632} INFO - DAG(s) dict_keys(['example_trigger_controller_dag']) retrieved from /home/user/workspace/airflow/airflow_env/lib/python3.6/site-packages/airflow/example_dags/example_trigger_controller_dag.py
[2021-10-18 17:51:15,401] {logging_mixin.py:109} INFO - [2021-10-18 17:51:15,400] {dag.py:2389} INFO - Sync 1 DAGs
[2021-10-18 17:51:15,465] {logging_mixin.py:109} INFO - [2021-10-18 17:51:15,465] {dag.py:2914} INFO - Setting next_dagrun for example_trigger_controller_dag to 2021-01-01T00:00:00+00:00
[2021-10-18 17:51:15,493] {processor.py:171} INFO - Processing /home/user/workspace/airflow/airflow_env/lib/python3.6/site-packages/airflow/example_dags/example_trigger_controller_dag.py took 0.215 seconds
[2021-10-18 17:52:04,186] {processor.py:163} INFO - Started process (PID=29032) to work on /home/user/workspace/airflow/airflow_env/lib/python3.6/site-packages/airflow/example_dags/example_trigger_controller_dag.py
[2021-10-18 17:52:04,189] {processor.py:620} INFO - Processing file /home/user/workspace/airflow/airflow_env/lib/python3.6/site-packages/airflow/example_dags/example_trigger_controller_dag.py for tasks to queue
[2021-10-18 17:52:04,190] {logging_mixin.py:109} INFO - [2021-10-18 17:52:04,190] {dagbag.py:500} INFO - Filling up the DagBag from /home/user/workspace/airflow/airflow_env/lib/python3.6/site-packages/airflow/example_dags/example_trigger_controller_dag.py
[2021-10-18 17:52:04,231] {processor.py:632} INFO - DAG(s) dict_keys(['example_trigger_controller_dag']) retrieved from /home/user/workspace/airflow/airflow_env/lib/python3.6/site-packages/airflow/example_dags/example_trigger_controller_dag.py
[2021-10-18 17:52:04,252] {logging_mixin.py:109} INFO - [2021-10-18 17:52:04,252] {dag.py:2389} INFO - Sync 1 DAGs
[2021-10-18 17:52:04,281] {logging_mixin.py:109} INFO - [2021-10-18 17:52:04,280] {dag.py:2914} INFO - Setting next_dagrun for example_trigger_controller_dag to 2021-01-01T00:00:00+00:00
[2021-10-18 17:52:04,298] {processor.py:171} INFO - Processing /home/user/workspace/airflow/airflow_env/lib/python3.6/site-packages/airflow/example_dags/example_trigger_controller_dag.py took 0.118 seconds
[2021-10-18 17:52:50,299] {processor.py:163} INFO - Started process (PID=29142) to work on /home/user/workspace/airflow/airflow_env/lib/python3.6/site-packages/airflow/example_dags/example_trigger_controller_dag.py
[2021-10-18 17:52:50,300] {processor.py:620} INFO - Processing file /home/user/workspace/airflow/airflow_env/lib/python3.6/site-packages/airflow/example_dags/example_trigger_controller_dag.py for tasks to queue
[2021-10-18 17:52:50,301] {logging_mixin.py:109} INFO - [2021-10-18 17:52:50,301] {dagbag.py:500} INFO - Filling up the DagBag from /home/user/workspace/airflow/airflow_env/lib/python3.6/site-packages/airflow/example_dags/example_trigger_controller_dag.py
[2021-10-18 17:52:50,332] {processor.py:632} INFO - DAG(s) dict_keys(['example_trigger_controller_dag']) retrieved from /home/user/workspace/airflow/airflow_env/lib/python3.6/site-packages/airflow/example_dags/example_trigger_controller_dag.py
[2021-10-18 17:52:50,351] {logging_mixin.py:109} INFO - [2021-10-18 17:52:50,351] {dag.py:2389} INFO - Sync 1 DAGs
[2021-10-18 17:52:50,374] {logging_mixin.py:109} INFO - [2021-10-18 17:52:50,374] {dag.py:2914} INFO - Setting next_dagrun for example_trigger_controller_dag to 2021-01-01T00:00:00+00:00
[2021-10-18 17:52:50,393] {processor.py:171} INFO - Processing /home/user/workspace/airflow/airflow_env/lib/python3.6/site-packages/airflow/example_dags/example_trigger_controller_dag.py took 0.097 seconds
[2021-10-18 17:53:35,877] {processor.py:163} INFO - Started process (PID=29238) to work on /home/user/workspace/airflow/airflow_env/lib/python3.6/site-packages/airflow/example_dags/example_trigger_controller_dag.py
[2021-10-18 17:53:35,879] {processor.py:620} INFO - Processing file /home/user/workspace/airflow/airflow_env/lib/python3.6/site-packages/airflow/example_dags/example_trigger_controller_dag.py for tasks to queue
[2021-10-18 17:53:35,880] {logging_mixin.py:109} INFO - [2021-10-18 17:53:35,880] {dagbag.py:500} INFO - Filling up the DagBag from /home/user/workspace/airflow/airflow_env/lib/python3.6/site-packages/airflow/example_dags/example_trigger_controller_dag.py
[2021-10-18 17:53:35,919] {processor.py:632} INFO - DAG(s) dict_keys(['example_trigger_controller_dag']) retrieved from /home/user/workspace/airflow/airflow_env/lib/python3.6/site-packages/airflow/example_dags/example_trigger_controller_dag.py
[2021-10-18 17:53:35,940] {logging_mixin.py:109} INFO - [2021-10-18 17:53:35,940] {dag.py:2389} INFO - Sync 1 DAGs
[2021-10-18 17:53:35,969] {logging_mixin.py:109} INFO - [2021-10-18 17:53:35,969] {dag.py:2914} INFO - Setting next_dagrun for example_trigger_controller_dag to 2021-01-01T00:00:00+00:00
[2021-10-18 17:53:35,987] {processor.py:171} INFO - Processing /home/user/workspace/airflow/airflow_env/lib/python3.6/site-packages/airflow/example_dags/example_trigger_controller_dag.py took 0.116 seconds
[2021-10-18 17:54:23,790] {processor.py:163} INFO - Started process (PID=29307) to work on /home/user/workspace/airflow/airflow_env/lib/python3.6/site-packages/airflow/example_dags/example_trigger_controller_dag.py
[2021-10-18 17:54:23,792] {processor.py:620} INFO - Processing file /home/user/workspace/airflow/airflow_env/lib/python3.6/site-packages/airflow/example_dags/example_trigger_controller_dag.py for tasks to queue
[2021-10-18 17:54:23,793] {logging_mixin.py:109} INFO - [2021-10-18 17:54:23,793] {dagbag.py:500} INFO - Filling up the DagBag from /home/user/workspace/airflow/airflow_env/lib/python3.6/site-packages/airflow/example_dags/example_trigger_controller_dag.py
[2021-10-18 17:54:23,833] {processor.py:632} INFO - DAG(s) dict_keys(['example_trigger_controller_dag']) retrieved from /home/user/workspace/airflow/airflow_env/lib/python3.6/site-packages/airflow/example_dags/example_trigger_controller_dag.py
[2021-10-18 17:54:23,854] {logging_mixin.py:109} INFO - [2021-10-18 17:54:23,853] {dag.py:2389} INFO - Sync 1 DAGs
[2021-10-18 17:54:23,882] {logging_mixin.py:109} INFO - [2021-10-18 17:54:23,881] {dag.py:2914} INFO - Setting next_dagrun for example_trigger_controller_dag to 2021-01-01T00:00:00+00:00
[2021-10-18 17:54:23,899] {processor.py:171} INFO - Processing /home/user/workspace/airflow/airflow_env/lib/python3.6/site-packages/airflow/example_dags/example_trigger_controller_dag.py took 0.116 seconds
[2021-10-18 17:55:12,144] {processor.py:163} INFO - Started process (PID=29392) to work on /home/user/workspace/airflow/airflow_env/lib/python3.6/site-packages/airflow/example_dags/example_trigger_controller_dag.py
[2021-10-18 17:55:12,146] {processor.py:620} INFO - Processing file /home/user/workspace/airflow/airflow_env/lib/python3.6/site-packages/airflow/example_dags/example_trigger_controller_dag.py for tasks to queue
[2021-10-18 17:55:12,147] {logging_mixin.py:109} INFO - [2021-10-18 17:55:12,147] {dagbag.py:500} INFO - Filling up the DagBag from /home/user/workspace/airflow/airflow_env/lib/python3.6/site-packages/airflow/example_dags/example_trigger_controller_dag.py
[2021-10-18 17:55:12,185] {processor.py:632} INFO - DAG(s) dict_keys(['example_trigger_controller_dag']) retrieved from /home/user/workspace/airflow/airflow_env/lib/python3.6/site-packages/airflow/example_dags/example_trigger_controller_dag.py
[2021-10-18 17:55:12,201] {logging_mixin.py:109} INFO - [2021-10-18 17:55:12,201] {dag.py:2389} INFO - Sync 1 DAGs
[2021-10-18 17:55:12,214] {logging_mixin.py:109} INFO - [2021-10-18 17:55:12,214] {dag.py:2914} INFO - Setting next_dagrun for example_trigger_controller_dag to 2021-01-01T00:00:00+00:00
[2021-10-18 17:55:12,222] {processor.py:171} INFO - Processing /home/user/workspace/airflow/airflow_env/lib/python3.6/site-packages/airflow/example_dags/example_trigger_controller_dag.py took 0.084 seconds
[2021-10-18 17:55:55,341] {processor.py:163} INFO - Started process (PID=29535) to work on /home/user/workspace/airflow/airflow_env/lib/python3.6/site-packages/airflow/example_dags/example_trigger_controller_dag.py
[2021-10-18 17:55:55,343] {processor.py:620} INFO - Processing file /home/user/workspace/airflow/airflow_env/lib/python3.6/site-packages/airflow/example_dags/example_trigger_controller_dag.py for tasks to queue
[2021-10-18 17:55:55,344] {logging_mixin.py:109} INFO - [2021-10-18 17:55:55,344] {dagbag.py:500} INFO - Filling up the DagBag from /home/user/workspace/airflow/airflow_env/lib/python3.6/site-packages/airflow/example_dags/example_trigger_controller_dag.py
[2021-10-18 17:55:55,387] {processor.py:632} INFO - DAG(s) dict_keys(['example_trigger_controller_dag']) retrieved from /home/user/workspace/airflow/airflow_env/lib/python3.6/site-packages/airflow/example_dags/example_trigger_controller_dag.py
[2021-10-18 17:55:55,408] {logging_mixin.py:109} INFO - [2021-10-18 17:55:55,408] {dag.py:2389} INFO - Sync 1 DAGs
[2021-10-18 17:55:55,425] {logging_mixin.py:109} INFO - [2021-10-18 17:55:55,425] {dag.py:2914} INFO - Setting next_dagrun for example_trigger_controller_dag to 2021-01-01T00:00:00+00:00
[2021-10-18 17:55:55,434] {processor.py:171} INFO - Processing /home/user/workspace/airflow/airflow_env/lib/python3.6/site-packages/airflow/example_dags/example_trigger_controller_dag.py took 0.100 seconds
[2021-10-18 17:56:40,327] {processor.py:163} INFO - Started process (PID=29608) to work on /home/user/workspace/airflow/airflow_env/lib/python3.6/site-packages/airflow/example_dags/example_trigger_controller_dag.py
[2021-10-18 17:56:40,329] {processor.py:620} INFO - Processing file /home/user/workspace/airflow/airflow_env/lib/python3.6/site-packages/airflow/example_dags/example_trigger_controller_dag.py for tasks to queue
[2021-10-18 17:56:40,331] {logging_mixin.py:109} INFO - [2021-10-18 17:56:40,330] {dagbag.py:500} INFO - Filling up the DagBag from /home/user/workspace/airflow/airflow_env/lib/python3.6/site-packages/airflow/example_dags/example_trigger_controller_dag.py
[2021-10-18 17:56:40,371] {processor.py:632} INFO - DAG(s) dict_keys(['example_trigger_controller_dag']) retrieved from /home/user/workspace/airflow/airflow_env/lib/python3.6/site-packages/airflow/example_dags/example_trigger_controller_dag.py
[2021-10-18 17:56:40,393] {logging_mixin.py:109} INFO - [2021-10-18 17:56:40,392] {dag.py:2389} INFO - Sync 1 DAGs
[2021-10-18 17:56:40,421] {logging_mixin.py:109} INFO - [2021-10-18 17:56:40,420] {dag.py:2914} INFO - Setting next_dagrun for example_trigger_controller_dag to 2021-01-01T00:00:00+00:00
[2021-10-18 17:56:40,438] {processor.py:171} INFO - Processing /home/user/workspace/airflow/airflow_env/lib/python3.6/site-packages/airflow/example_dags/example_trigger_controller_dag.py took 0.117 seconds
[2021-10-18 17:57:25,241] {processor.py:163} INFO - Started process (PID=29691) to work on /home/user/workspace/airflow/airflow_env/lib/python3.6/site-packages/airflow/example_dags/example_trigger_controller_dag.py
[2021-10-18 17:57:25,242] {processor.py:620} INFO - Processing file /home/user/workspace/airflow/airflow_env/lib/python3.6/site-packages/airflow/example_dags/example_trigger_controller_dag.py for tasks to queue
[2021-10-18 17:57:25,242] {logging_mixin.py:109} INFO - [2021-10-18 17:57:25,242] {dagbag.py:500} INFO - Filling up the DagBag from /home/user/workspace/airflow/airflow_env/lib/python3.6/site-packages/airflow/example_dags/example_trigger_controller_dag.py
[2021-10-18 17:57:25,262] {processor.py:632} INFO - DAG(s) dict_keys(['example_trigger_controller_dag']) retrieved from /home/user/workspace/airflow/airflow_env/lib/python3.6/site-packages/airflow/example_dags/example_trigger_controller_dag.py
[2021-10-18 17:57:25,273] {logging_mixin.py:109} INFO - [2021-10-18 17:57:25,272] {dag.py:2389} INFO - Sync 1 DAGs
[2021-10-18 17:57:25,288] {logging_mixin.py:109} INFO - [2021-10-18 17:57:25,287] {dag.py:2914} INFO - Setting next_dagrun for example_trigger_controller_dag to 2021-01-01T00:00:00+00:00
[2021-10-18 17:57:25,298] {processor.py:171} INFO - Processing /home/user/workspace/airflow/airflow_env/lib/python3.6/site-packages/airflow/example_dags/example_trigger_controller_dag.py took 0.060 seconds
[2021-10-18 17:58:12,100] {processor.py:163} INFO - Started process (PID=29775) to work on /home/user/workspace/airflow/airflow_env/lib/python3.6/site-packages/airflow/example_dags/example_trigger_controller_dag.py
[2021-10-18 17:58:12,103] {processor.py:620} INFO - Processing file /home/user/workspace/airflow/airflow_env/lib/python3.6/site-packages/airflow/example_dags/example_trigger_controller_dag.py for tasks to queue
[2021-10-18 17:58:12,104] {logging_mixin.py:109} INFO - [2021-10-18 17:58:12,104] {dagbag.py:500} INFO - Filling up the DagBag from /home/user/workspace/airflow/airflow_env/lib/python3.6/site-packages/airflow/example_dags/example_trigger_controller_dag.py
[2021-10-18 17:58:12,153] {processor.py:632} INFO - DAG(s) dict_keys(['example_trigger_controller_dag']) retrieved from /home/user/workspace/airflow/airflow_env/lib/python3.6/site-packages/airflow/example_dags/example_trigger_controller_dag.py
[2021-10-18 17:58:12,188] {logging_mixin.py:109} INFO - [2021-10-18 17:58:12,188] {dag.py:2389} INFO - Sync 1 DAGs
[2021-10-18 17:58:12,227] {logging_mixin.py:109} INFO - [2021-10-18 17:58:12,227] {dag.py:2914} INFO - Setting next_dagrun for example_trigger_controller_dag to 2021-01-01T00:00:00+00:00
[2021-10-18 17:58:12,262] {processor.py:171} INFO - Processing /home/user/workspace/airflow/airflow_env/lib/python3.6/site-packages/airflow/example_dags/example_trigger_controller_dag.py took 0.168 seconds
[2021-10-18 17:58:58,369] {processor.py:163} INFO - Started process (PID=29856) to work on /home/user/workspace/airflow/airflow_env/lib/python3.6/site-packages/airflow/example_dags/example_trigger_controller_dag.py
[2021-10-18 17:58:58,371] {processor.py:620} INFO - Processing file /home/user/workspace/airflow/airflow_env/lib/python3.6/site-packages/airflow/example_dags/example_trigger_controller_dag.py for tasks to queue
[2021-10-18 17:58:58,373] {logging_mixin.py:109} INFO - [2021-10-18 17:58:58,372] {dagbag.py:500} INFO - Filling up the DagBag from /home/user/workspace/airflow/airflow_env/lib/python3.6/site-packages/airflow/example_dags/example_trigger_controller_dag.py
[2021-10-18 17:58:58,418] {processor.py:632} INFO - DAG(s) dict_keys(['example_trigger_controller_dag']) retrieved from /home/user/workspace/airflow/airflow_env/lib/python3.6/site-packages/airflow/example_dags/example_trigger_controller_dag.py
[2021-10-18 17:58:58,448] {logging_mixin.py:109} INFO - [2021-10-18 17:58:58,447] {dag.py:2389} INFO - Sync 1 DAGs
[2021-10-18 17:58:58,488] {logging_mixin.py:109} INFO - [2021-10-18 17:58:58,488] {dag.py:2914} INFO - Setting next_dagrun for example_trigger_controller_dag to 2021-01-01T00:00:00+00:00
[2021-10-18 17:58:58,510] {processor.py:171} INFO - Processing /home/user/workspace/airflow/airflow_env/lib/python3.6/site-packages/airflow/example_dags/example_trigger_controller_dag.py took 0.147 seconds
[2021-10-18 17:59:42,053] {processor.py:163} INFO - Started process (PID=29928) to work on /home/user/workspace/airflow/airflow_env/lib/python3.6/site-packages/airflow/example_dags/example_trigger_controller_dag.py
[2021-10-18 17:59:42,068] {processor.py:620} INFO - Processing file /home/user/workspace/airflow/airflow_env/lib/python3.6/site-packages/airflow/example_dags/example_trigger_controller_dag.py for tasks to queue
[2021-10-18 17:59:42,070] {logging_mixin.py:109} INFO - [2021-10-18 17:59:42,069] {dagbag.py:500} INFO - Filling up the DagBag from /home/user/workspace/airflow/airflow_env/lib/python3.6/site-packages/airflow/example_dags/example_trigger_controller_dag.py
[2021-10-18 17:59:42,108] {processor.py:632} INFO - DAG(s) dict_keys(['example_trigger_controller_dag']) retrieved from /home/user/workspace/airflow/airflow_env/lib/python3.6/site-packages/airflow/example_dags/example_trigger_controller_dag.py
[2021-10-18 17:59:42,127] {logging_mixin.py:109} INFO - [2021-10-18 17:59:42,127] {dag.py:2389} INFO - Sync 1 DAGs
[2021-10-18 17:59:42,152] {logging_mixin.py:109} INFO - [2021-10-18 17:59:42,152] {dag.py:2914} INFO - Setting next_dagrun for example_trigger_controller_dag to 2021-01-01T00:00:00+00:00
[2021-10-18 17:59:42,167] {processor.py:171} INFO - Processing /home/user/workspace/airflow/airflow_env/lib/python3.6/site-packages/airflow/example_dags/example_trigger_controller_dag.py took 0.121 seconds
[2021-10-18 18:00:27,528] {processor.py:163} INFO - Started process (PID=29992) to work on /home/user/workspace/airflow/airflow_env/lib/python3.6/site-packages/airflow/example_dags/example_trigger_controller_dag.py
[2021-10-18 18:00:27,530] {processor.py:620} INFO - Processing file /home/user/workspace/airflow/airflow_env/lib/python3.6/site-packages/airflow/example_dags/example_trigger_controller_dag.py for tasks to queue
[2021-10-18 18:00:27,531] {logging_mixin.py:109} INFO - [2021-10-18 18:00:27,531] {dagbag.py:500} INFO - Filling up the DagBag from /home/user/workspace/airflow/airflow_env/lib/python3.6/site-packages/airflow/example_dags/example_trigger_controller_dag.py
[2021-10-18 18:00:27,572] {processor.py:632} INFO - DAG(s) dict_keys(['example_trigger_controller_dag']) retrieved from /home/user/workspace/airflow/airflow_env/lib/python3.6/site-packages/airflow/example_dags/example_trigger_controller_dag.py
[2021-10-18 18:00:27,593] {logging_mixin.py:109} INFO - [2021-10-18 18:00:27,593] {dag.py:2389} INFO - Sync 1 DAGs
[2021-10-18 18:00:27,622] {logging_mixin.py:109} INFO - [2021-10-18 18:00:27,621] {dag.py:2914} INFO - Setting next_dagrun for example_trigger_controller_dag to 2021-01-01T00:00:00+00:00
[2021-10-18 18:00:27,639] {processor.py:171} INFO - Processing /home/user/workspace/airflow/airflow_env/lib/python3.6/site-packages/airflow/example_dags/example_trigger_controller_dag.py took 0.117 seconds
[2021-10-18 18:01:15,180] {processor.py:163} INFO - Started process (PID=30153) to work on /home/user/workspace/airflow/airflow_env/lib/python3.6/site-packages/airflow/example_dags/example_trigger_controller_dag.py
[2021-10-18 18:01:15,181] {processor.py:620} INFO - Processing file /home/user/workspace/airflow/airflow_env/lib/python3.6/site-packages/airflow/example_dags/example_trigger_controller_dag.py for tasks to queue
[2021-10-18 18:01:15,182] {logging_mixin.py:109} INFO - [2021-10-18 18:01:15,182] {dagbag.py:500} INFO - Filling up the DagBag from /home/user/workspace/airflow/airflow_env/lib/python3.6/site-packages/airflow/example_dags/example_trigger_controller_dag.py
[2021-10-18 18:01:15,212] {processor.py:632} INFO - DAG(s) dict_keys(['example_trigger_controller_dag']) retrieved from /home/user/workspace/airflow/airflow_env/lib/python3.6/site-packages/airflow/example_dags/example_trigger_controller_dag.py
[2021-10-18 18:01:15,227] {logging_mixin.py:109} INFO - [2021-10-18 18:01:15,227] {dag.py:2389} INFO - Sync 1 DAGs
[2021-10-18 18:01:15,247] {logging_mixin.py:109} INFO - [2021-10-18 18:01:15,246] {dag.py:2914} INFO - Setting next_dagrun for example_trigger_controller_dag to 2021-01-01T00:00:00+00:00
[2021-10-18 18:01:15,261] {processor.py:171} INFO - Processing /home/user/workspace/airflow/airflow_env/lib/python3.6/site-packages/airflow/example_dags/example_trigger_controller_dag.py took 0.086 seconds
