[2021-10-18 17:18:19,489] {processor.py:163} INFO - Started process (PID=23326) to work on /home/user/workspace/airflow/airflow_env/lib/python3.6/site-packages/airflow/example_dags/example_short_circuit_operator.py
[2021-10-18 17:18:19,491] {processor.py:620} INFO - Processing file /home/user/workspace/airflow/airflow_env/lib/python3.6/site-packages/airflow/example_dags/example_short_circuit_operator.py for tasks to queue
[2021-10-18 17:18:19,492] {logging_mixin.py:109} INFO - [2021-10-18 17:18:19,492] {dagbag.py:500} INFO - Filling up the DagBag from /home/user/workspace/airflow/airflow_env/lib/python3.6/site-packages/airflow/example_dags/example_short_circuit_operator.py
[2021-10-18 17:18:19,540] {processor.py:632} INFO - DAG(s) dict_keys(['example_short_circuit_operator']) retrieved from /home/user/workspace/airflow/airflow_env/lib/python3.6/site-packages/airflow/example_dags/example_short_circuit_operator.py
[2021-10-18 17:18:19,565] {logging_mixin.py:109} INFO - [2021-10-18 17:18:19,565] {dag.py:2389} INFO - Sync 1 DAGs
[2021-10-18 17:18:19,616] {logging_mixin.py:109} INFO - [2021-10-18 17:18:19,615] {dag.py:2914} INFO - Setting next_dagrun for example_short_circuit_operator to 2021-10-17T11:48:19.614855+00:00
[2021-10-18 17:18:19,650] {processor.py:171} INFO - Processing /home/user/workspace/airflow/airflow_env/lib/python3.6/site-packages/airflow/example_dags/example_short_circuit_operator.py took 0.167 seconds
[2021-10-18 17:19:09,747] {processor.py:163} INFO - Started process (PID=23554) to work on /home/user/workspace/airflow/airflow_env/lib/python3.6/site-packages/airflow/example_dags/example_short_circuit_operator.py
[2021-10-18 17:19:09,749] {processor.py:620} INFO - Processing file /home/user/workspace/airflow/airflow_env/lib/python3.6/site-packages/airflow/example_dags/example_short_circuit_operator.py for tasks to queue
[2021-10-18 17:19:09,751] {logging_mixin.py:109} INFO - [2021-10-18 17:19:09,751] {dagbag.py:500} INFO - Filling up the DagBag from /home/user/workspace/airflow/airflow_env/lib/python3.6/site-packages/airflow/example_dags/example_short_circuit_operator.py
[2021-10-18 17:19:09,840] {processor.py:632} INFO - DAG(s) dict_keys(['example_short_circuit_operator']) retrieved from /home/user/workspace/airflow/airflow_env/lib/python3.6/site-packages/airflow/example_dags/example_short_circuit_operator.py
[2021-10-18 17:19:09,877] {logging_mixin.py:109} INFO - [2021-10-18 17:19:09,876] {dag.py:2389} INFO - Sync 1 DAGs
[2021-10-18 17:19:09,907] {logging_mixin.py:109} INFO - [2021-10-18 17:19:09,907] {dag.py:2914} INFO - Setting next_dagrun for example_short_circuit_operator to 2021-10-17T11:49:09.906886+00:00
[2021-10-18 17:19:09,939] {processor.py:171} INFO - Processing /home/user/workspace/airflow/airflow_env/lib/python3.6/site-packages/airflow/example_dags/example_short_circuit_operator.py took 0.200 seconds
[2021-10-18 17:19:59,766] {processor.py:163} INFO - Started process (PID=23661) to work on /home/user/workspace/airflow/airflow_env/lib/python3.6/site-packages/airflow/example_dags/example_short_circuit_operator.py
[2021-10-18 17:19:59,769] {processor.py:620} INFO - Processing file /home/user/workspace/airflow/airflow_env/lib/python3.6/site-packages/airflow/example_dags/example_short_circuit_operator.py for tasks to queue
[2021-10-18 17:19:59,770] {logging_mixin.py:109} INFO - [2021-10-18 17:19:59,770] {dagbag.py:500} INFO - Filling up the DagBag from /home/user/workspace/airflow/airflow_env/lib/python3.6/site-packages/airflow/example_dags/example_short_circuit_operator.py
[2021-10-18 17:19:59,836] {processor.py:632} INFO - DAG(s) dict_keys(['example_short_circuit_operator']) retrieved from /home/user/workspace/airflow/airflow_env/lib/python3.6/site-packages/airflow/example_dags/example_short_circuit_operator.py
[2021-10-18 17:19:59,863] {logging_mixin.py:109} INFO - [2021-10-18 17:19:59,863] {dag.py:2389} INFO - Sync 1 DAGs
[2021-10-18 17:19:59,879] {logging_mixin.py:109} INFO - [2021-10-18 17:19:59,878] {dag.py:2914} INFO - Setting next_dagrun for example_short_circuit_operator to 2021-10-17T11:49:59.878682+00:00
[2021-10-18 17:19:59,888] {processor.py:171} INFO - Processing /home/user/workspace/airflow/airflow_env/lib/python3.6/site-packages/airflow/example_dags/example_short_circuit_operator.py took 0.129 seconds
[2021-10-18 17:20:54,548] {processor.py:163} INFO - Started process (PID=23752) to work on /home/user/workspace/airflow/airflow_env/lib/python3.6/site-packages/airflow/example_dags/example_short_circuit_operator.py
[2021-10-18 17:20:54,550] {processor.py:620} INFO - Processing file /home/user/workspace/airflow/airflow_env/lib/python3.6/site-packages/airflow/example_dags/example_short_circuit_operator.py for tasks to queue
[2021-10-18 17:20:54,552] {logging_mixin.py:109} INFO - [2021-10-18 17:20:54,552] {dagbag.py:500} INFO - Filling up the DagBag from /home/user/workspace/airflow/airflow_env/lib/python3.6/site-packages/airflow/example_dags/example_short_circuit_operator.py
[2021-10-18 17:20:54,608] {processor.py:632} INFO - DAG(s) dict_keys(['example_short_circuit_operator']) retrieved from /home/user/workspace/airflow/airflow_env/lib/python3.6/site-packages/airflow/example_dags/example_short_circuit_operator.py
[2021-10-18 17:20:54,633] {logging_mixin.py:109} INFO - [2021-10-18 17:20:54,633] {dag.py:2389} INFO - Sync 1 DAGs
[2021-10-18 17:20:54,657] {logging_mixin.py:109} INFO - [2021-10-18 17:20:54,657] {dag.py:2914} INFO - Setting next_dagrun for example_short_circuit_operator to 2021-10-17T11:50:54.657033+00:00
[2021-10-18 17:20:54,668] {processor.py:171} INFO - Processing /home/user/workspace/airflow/airflow_env/lib/python3.6/site-packages/airflow/example_dags/example_short_circuit_operator.py took 0.126 seconds
[2021-10-18 17:21:56,941] {processor.py:163} INFO - Started process (PID=24008) to work on /home/user/workspace/airflow/airflow_env/lib/python3.6/site-packages/airflow/example_dags/example_short_circuit_operator.py
[2021-10-18 17:21:56,943] {processor.py:620} INFO - Processing file /home/user/workspace/airflow/airflow_env/lib/python3.6/site-packages/airflow/example_dags/example_short_circuit_operator.py for tasks to queue
[2021-10-18 17:21:56,944] {logging_mixin.py:109} INFO - [2021-10-18 17:21:56,944] {dagbag.py:500} INFO - Filling up the DagBag from /home/user/workspace/airflow/airflow_env/lib/python3.6/site-packages/airflow/example_dags/example_short_circuit_operator.py
[2021-10-18 17:21:56,990] {processor.py:632} INFO - DAG(s) dict_keys(['example_short_circuit_operator']) retrieved from /home/user/workspace/airflow/airflow_env/lib/python3.6/site-packages/airflow/example_dags/example_short_circuit_operator.py
[2021-10-18 17:21:57,015] {logging_mixin.py:109} INFO - [2021-10-18 17:21:57,015] {dag.py:2389} INFO - Sync 1 DAGs
[2021-10-18 17:21:57,047] {logging_mixin.py:109} INFO - [2021-10-18 17:21:57,047] {dag.py:2914} INFO - Setting next_dagrun for example_short_circuit_operator to 2021-10-17T11:51:57.046884+00:00
[2021-10-18 17:21:57,060] {processor.py:171} INFO - Processing /home/user/workspace/airflow/airflow_env/lib/python3.6/site-packages/airflow/example_dags/example_short_circuit_operator.py took 0.124 seconds
[2021-10-18 17:22:53,101] {processor.py:163} INFO - Started process (PID=24138) to work on /home/user/workspace/airflow/airflow_env/lib/python3.6/site-packages/airflow/example_dags/example_short_circuit_operator.py
[2021-10-18 17:22:53,103] {processor.py:620} INFO - Processing file /home/user/workspace/airflow/airflow_env/lib/python3.6/site-packages/airflow/example_dags/example_short_circuit_operator.py for tasks to queue
[2021-10-18 17:22:53,104] {logging_mixin.py:109} INFO - [2021-10-18 17:22:53,104] {dagbag.py:500} INFO - Filling up the DagBag from /home/user/workspace/airflow/airflow_env/lib/python3.6/site-packages/airflow/example_dags/example_short_circuit_operator.py
[2021-10-18 17:22:53,152] {processor.py:632} INFO - DAG(s) dict_keys(['example_short_circuit_operator']) retrieved from /home/user/workspace/airflow/airflow_env/lib/python3.6/site-packages/airflow/example_dags/example_short_circuit_operator.py
[2021-10-18 17:22:53,178] {logging_mixin.py:109} INFO - [2021-10-18 17:22:53,177] {dag.py:2389} INFO - Sync 1 DAGs
[2021-10-18 17:22:53,206] {logging_mixin.py:109} INFO - [2021-10-18 17:22:53,206] {dag.py:2914} INFO - Setting next_dagrun for example_short_circuit_operator to 2021-10-17T11:52:53.206306+00:00
[2021-10-18 17:22:53,218] {processor.py:171} INFO - Processing /home/user/workspace/airflow/airflow_env/lib/python3.6/site-packages/airflow/example_dags/example_short_circuit_operator.py took 0.124 seconds
[2021-10-18 17:23:48,551] {processor.py:163} INFO - Started process (PID=24243) to work on /home/user/workspace/airflow/airflow_env/lib/python3.6/site-packages/airflow/example_dags/example_short_circuit_operator.py
[2021-10-18 17:23:48,554] {processor.py:620} INFO - Processing file /home/user/workspace/airflow/airflow_env/lib/python3.6/site-packages/airflow/example_dags/example_short_circuit_operator.py for tasks to queue
[2021-10-18 17:23:48,555] {logging_mixin.py:109} INFO - [2021-10-18 17:23:48,555] {dagbag.py:500} INFO - Filling up the DagBag from /home/user/workspace/airflow/airflow_env/lib/python3.6/site-packages/airflow/example_dags/example_short_circuit_operator.py
[2021-10-18 17:23:48,617] {processor.py:632} INFO - DAG(s) dict_keys(['example_short_circuit_operator']) retrieved from /home/user/workspace/airflow/airflow_env/lib/python3.6/site-packages/airflow/example_dags/example_short_circuit_operator.py
[2021-10-18 17:23:48,655] {logging_mixin.py:109} INFO - [2021-10-18 17:23:48,655] {dag.py:2389} INFO - Sync 1 DAGs
[2021-10-18 17:23:48,693] {logging_mixin.py:109} INFO - [2021-10-18 17:23:48,693] {dag.py:2914} INFO - Setting next_dagrun for example_short_circuit_operator to 2021-10-17T11:53:48.692432+00:00
[2021-10-18 17:23:48,716] {processor.py:171} INFO - Processing /home/user/workspace/airflow/airflow_env/lib/python3.6/site-packages/airflow/example_dags/example_short_circuit_operator.py took 0.173 seconds
[2021-10-18 17:24:48,286] {processor.py:163} INFO - Started process (PID=24364) to work on /home/user/workspace/airflow/airflow_env/lib/python3.6/site-packages/airflow/example_dags/example_short_circuit_operator.py
[2021-10-18 17:24:48,288] {processor.py:620} INFO - Processing file /home/user/workspace/airflow/airflow_env/lib/python3.6/site-packages/airflow/example_dags/example_short_circuit_operator.py for tasks to queue
[2021-10-18 17:24:48,289] {logging_mixin.py:109} INFO - [2021-10-18 17:24:48,289] {dagbag.py:500} INFO - Filling up the DagBag from /home/user/workspace/airflow/airflow_env/lib/python3.6/site-packages/airflow/example_dags/example_short_circuit_operator.py
[2021-10-18 17:24:48,344] {processor.py:632} INFO - DAG(s) dict_keys(['example_short_circuit_operator']) retrieved from /home/user/workspace/airflow/airflow_env/lib/python3.6/site-packages/airflow/example_dags/example_short_circuit_operator.py
[2021-10-18 17:24:48,372] {logging_mixin.py:109} INFO - [2021-10-18 17:24:48,372] {dag.py:2389} INFO - Sync 1 DAGs
[2021-10-18 17:24:48,401] {logging_mixin.py:109} INFO - [2021-10-18 17:24:48,400] {dag.py:2914} INFO - Setting next_dagrun for example_short_circuit_operator to 2021-10-17T11:54:48.400584+00:00
[2021-10-18 17:24:48,412] {processor.py:171} INFO - Processing /home/user/workspace/airflow/airflow_env/lib/python3.6/site-packages/airflow/example_dags/example_short_circuit_operator.py took 0.132 seconds
[2021-10-18 17:25:47,459] {processor.py:163} INFO - Started process (PID=24548) to work on /home/user/workspace/airflow/airflow_env/lib/python3.6/site-packages/airflow/example_dags/example_short_circuit_operator.py
[2021-10-18 17:25:47,472] {processor.py:620} INFO - Processing file /home/user/workspace/airflow/airflow_env/lib/python3.6/site-packages/airflow/example_dags/example_short_circuit_operator.py for tasks to queue
[2021-10-18 17:25:47,480] {logging_mixin.py:109} INFO - [2021-10-18 17:25:47,479] {dagbag.py:500} INFO - Filling up the DagBag from /home/user/workspace/airflow/airflow_env/lib/python3.6/site-packages/airflow/example_dags/example_short_circuit_operator.py
[2021-10-18 17:25:47,568] {processor.py:632} INFO - DAG(s) dict_keys(['example_short_circuit_operator']) retrieved from /home/user/workspace/airflow/airflow_env/lib/python3.6/site-packages/airflow/example_dags/example_short_circuit_operator.py
[2021-10-18 17:25:47,603] {logging_mixin.py:109} INFO - [2021-10-18 17:25:47,603] {dag.py:2389} INFO - Sync 1 DAGs
[2021-10-18 17:25:47,628] {logging_mixin.py:109} INFO - [2021-10-18 17:25:47,628] {dag.py:2914} INFO - Setting next_dagrun for example_short_circuit_operator to 2021-10-17T11:55:47.627649+00:00
[2021-10-18 17:25:47,640] {processor.py:171} INFO - Processing /home/user/workspace/airflow/airflow_env/lib/python3.6/site-packages/airflow/example_dags/example_short_circuit_operator.py took 0.189 seconds
[2021-10-18 17:26:44,518] {processor.py:163} INFO - Started process (PID=24721) to work on /home/user/workspace/airflow/airflow_env/lib/python3.6/site-packages/airflow/example_dags/example_short_circuit_operator.py
[2021-10-18 17:26:44,520] {processor.py:620} INFO - Processing file /home/user/workspace/airflow/airflow_env/lib/python3.6/site-packages/airflow/example_dags/example_short_circuit_operator.py for tasks to queue
[2021-10-18 17:26:44,521] {logging_mixin.py:109} INFO - [2021-10-18 17:26:44,521] {dagbag.py:500} INFO - Filling up the DagBag from /home/user/workspace/airflow/airflow_env/lib/python3.6/site-packages/airflow/example_dags/example_short_circuit_operator.py
[2021-10-18 17:26:44,568] {processor.py:632} INFO - DAG(s) dict_keys(['example_short_circuit_operator']) retrieved from /home/user/workspace/airflow/airflow_env/lib/python3.6/site-packages/airflow/example_dags/example_short_circuit_operator.py
[2021-10-18 17:26:44,588] {logging_mixin.py:109} INFO - [2021-10-18 17:26:44,587] {dag.py:2389} INFO - Sync 1 DAGs
[2021-10-18 17:26:44,619] {logging_mixin.py:109} INFO - [2021-10-18 17:26:44,619] {dag.py:2914} INFO - Setting next_dagrun for example_short_circuit_operator to 2021-10-17T11:56:44.619238+00:00
[2021-10-18 17:26:44,648] {processor.py:171} INFO - Processing /home/user/workspace/airflow/airflow_env/lib/python3.6/site-packages/airflow/example_dags/example_short_circuit_operator.py took 0.135 seconds
[2021-10-18 17:27:41,954] {processor.py:163} INFO - Started process (PID=24854) to work on /home/user/workspace/airflow/airflow_env/lib/python3.6/site-packages/airflow/example_dags/example_short_circuit_operator.py
[2021-10-18 17:27:41,967] {processor.py:620} INFO - Processing file /home/user/workspace/airflow/airflow_env/lib/python3.6/site-packages/airflow/example_dags/example_short_circuit_operator.py for tasks to queue
[2021-10-18 17:27:41,971] {logging_mixin.py:109} INFO - [2021-10-18 17:27:41,971] {dagbag.py:500} INFO - Filling up the DagBag from /home/user/workspace/airflow/airflow_env/lib/python3.6/site-packages/airflow/example_dags/example_short_circuit_operator.py
[2021-10-18 17:27:42,038] {processor.py:632} INFO - DAG(s) dict_keys(['example_short_circuit_operator']) retrieved from /home/user/workspace/airflow/airflow_env/lib/python3.6/site-packages/airflow/example_dags/example_short_circuit_operator.py
[2021-10-18 17:27:42,068] {logging_mixin.py:109} INFO - [2021-10-18 17:27:42,068] {dag.py:2389} INFO - Sync 1 DAGs
[2021-10-18 17:27:42,091] {logging_mixin.py:109} INFO - [2021-10-18 17:27:42,091] {dag.py:2914} INFO - Setting next_dagrun for example_short_circuit_operator to 2021-10-17T11:57:42.090348+00:00
[2021-10-18 17:27:42,103] {processor.py:171} INFO - Processing /home/user/workspace/airflow/airflow_env/lib/python3.6/site-packages/airflow/example_dags/example_short_circuit_operator.py took 0.157 seconds
[2021-10-18 17:28:45,616] {processor.py:163} INFO - Started process (PID=25097) to work on /home/user/workspace/airflow/airflow_env/lib/python3.6/site-packages/airflow/example_dags/example_short_circuit_operator.py
[2021-10-18 17:28:45,619] {processor.py:620} INFO - Processing file /home/user/workspace/airflow/airflow_env/lib/python3.6/site-packages/airflow/example_dags/example_short_circuit_operator.py for tasks to queue
[2021-10-18 17:28:45,621] {logging_mixin.py:109} INFO - [2021-10-18 17:28:45,620] {dagbag.py:500} INFO - Filling up the DagBag from /home/user/workspace/airflow/airflow_env/lib/python3.6/site-packages/airflow/example_dags/example_short_circuit_operator.py
[2021-10-18 17:28:45,694] {processor.py:632} INFO - DAG(s) dict_keys(['example_short_circuit_operator']) retrieved from /home/user/workspace/airflow/airflow_env/lib/python3.6/site-packages/airflow/example_dags/example_short_circuit_operator.py
[2021-10-18 17:28:45,731] {logging_mixin.py:109} INFO - [2021-10-18 17:28:45,730] {dag.py:2389} INFO - Sync 1 DAGs
[2021-10-18 17:28:45,783] {logging_mixin.py:109} INFO - [2021-10-18 17:28:45,783] {dag.py:2914} INFO - Setting next_dagrun for example_short_circuit_operator to 2021-10-17T11:58:45.782395+00:00
[2021-10-18 17:28:45,816] {processor.py:171} INFO - Processing /home/user/workspace/airflow/airflow_env/lib/python3.6/site-packages/airflow/example_dags/example_short_circuit_operator.py took 0.209 seconds
[2021-10-18 17:29:46,957] {processor.py:163} INFO - Started process (PID=25251) to work on /home/user/workspace/airflow/airflow_env/lib/python3.6/site-packages/airflow/example_dags/example_short_circuit_operator.py
[2021-10-18 17:29:46,959] {processor.py:620} INFO - Processing file /home/user/workspace/airflow/airflow_env/lib/python3.6/site-packages/airflow/example_dags/example_short_circuit_operator.py for tasks to queue
[2021-10-18 17:29:46,960] {logging_mixin.py:109} INFO - [2021-10-18 17:29:46,960] {dagbag.py:500} INFO - Filling up the DagBag from /home/user/workspace/airflow/airflow_env/lib/python3.6/site-packages/airflow/example_dags/example_short_circuit_operator.py
[2021-10-18 17:29:47,014] {processor.py:632} INFO - DAG(s) dict_keys(['example_short_circuit_operator']) retrieved from /home/user/workspace/airflow/airflow_env/lib/python3.6/site-packages/airflow/example_dags/example_short_circuit_operator.py
[2021-10-18 17:29:47,040] {logging_mixin.py:109} INFO - [2021-10-18 17:29:47,040] {dag.py:2389} INFO - Sync 1 DAGs
[2021-10-18 17:29:47,072] {logging_mixin.py:109} INFO - [2021-10-18 17:29:47,072] {dag.py:2914} INFO - Setting next_dagrun for example_short_circuit_operator to 2021-10-17T11:59:47.072299+00:00
[2021-10-18 17:29:47,085] {processor.py:171} INFO - Processing /home/user/workspace/airflow/airflow_env/lib/python3.6/site-packages/airflow/example_dags/example_short_circuit_operator.py took 0.134 seconds
[2021-10-18 17:30:45,454] {processor.py:163} INFO - Started process (PID=25427) to work on /home/user/workspace/airflow/airflow_env/lib/python3.6/site-packages/airflow/example_dags/example_short_circuit_operator.py
[2021-10-18 17:30:45,456] {processor.py:620} INFO - Processing file /home/user/workspace/airflow/airflow_env/lib/python3.6/site-packages/airflow/example_dags/example_short_circuit_operator.py for tasks to queue
[2021-10-18 17:30:45,457] {logging_mixin.py:109} INFO - [2021-10-18 17:30:45,457] {dagbag.py:500} INFO - Filling up the DagBag from /home/user/workspace/airflow/airflow_env/lib/python3.6/site-packages/airflow/example_dags/example_short_circuit_operator.py
[2021-10-18 17:30:45,515] {processor.py:632} INFO - DAG(s) dict_keys(['example_short_circuit_operator']) retrieved from /home/user/workspace/airflow/airflow_env/lib/python3.6/site-packages/airflow/example_dags/example_short_circuit_operator.py
[2021-10-18 17:30:45,538] {logging_mixin.py:109} INFO - [2021-10-18 17:30:45,538] {dag.py:2389} INFO - Sync 1 DAGs
[2021-10-18 17:30:45,564] {logging_mixin.py:109} INFO - [2021-10-18 17:30:45,564] {dag.py:2914} INFO - Setting next_dagrun for example_short_circuit_operator to 2021-10-17T12:00:45.563724+00:00
[2021-10-18 17:30:45,575] {processor.py:171} INFO - Processing /home/user/workspace/airflow/airflow_env/lib/python3.6/site-packages/airflow/example_dags/example_short_circuit_operator.py took 0.131 seconds
[2021-10-18 17:31:48,073] {processor.py:163} INFO - Started process (PID=25586) to work on /home/user/workspace/airflow/airflow_env/lib/python3.6/site-packages/airflow/example_dags/example_short_circuit_operator.py
[2021-10-18 17:31:48,075] {processor.py:620} INFO - Processing file /home/user/workspace/airflow/airflow_env/lib/python3.6/site-packages/airflow/example_dags/example_short_circuit_operator.py for tasks to queue
[2021-10-18 17:31:48,077] {logging_mixin.py:109} INFO - [2021-10-18 17:31:48,076] {dagbag.py:500} INFO - Filling up the DagBag from /home/user/workspace/airflow/airflow_env/lib/python3.6/site-packages/airflow/example_dags/example_short_circuit_operator.py
[2021-10-18 17:31:48,125] {processor.py:632} INFO - DAG(s) dict_keys(['example_short_circuit_operator']) retrieved from /home/user/workspace/airflow/airflow_env/lib/python3.6/site-packages/airflow/example_dags/example_short_circuit_operator.py
[2021-10-18 17:31:48,146] {logging_mixin.py:109} INFO - [2021-10-18 17:31:48,146] {dag.py:2389} INFO - Sync 1 DAGs
[2021-10-18 17:31:48,171] {logging_mixin.py:109} INFO - [2021-10-18 17:31:48,171] {dag.py:2914} INFO - Setting next_dagrun for example_short_circuit_operator to 2021-10-17T12:01:48.171141+00:00
[2021-10-18 17:31:48,184] {processor.py:171} INFO - Processing /home/user/workspace/airflow/airflow_env/lib/python3.6/site-packages/airflow/example_dags/example_short_circuit_operator.py took 0.116 seconds
[2021-10-18 17:32:52,583] {processor.py:163} INFO - Started process (PID=25826) to work on /home/user/workspace/airflow/airflow_env/lib/python3.6/site-packages/airflow/example_dags/example_short_circuit_operator.py
[2021-10-18 17:32:52,586] {processor.py:620} INFO - Processing file /home/user/workspace/airflow/airflow_env/lib/python3.6/site-packages/airflow/example_dags/example_short_circuit_operator.py for tasks to queue
[2021-10-18 17:32:52,587] {logging_mixin.py:109} INFO - [2021-10-18 17:32:52,587] {dagbag.py:500} INFO - Filling up the DagBag from /home/user/workspace/airflow/airflow_env/lib/python3.6/site-packages/airflow/example_dags/example_short_circuit_operator.py
[2021-10-18 17:32:52,655] {processor.py:632} INFO - DAG(s) dict_keys(['example_short_circuit_operator']) retrieved from /home/user/workspace/airflow/airflow_env/lib/python3.6/site-packages/airflow/example_dags/example_short_circuit_operator.py
[2021-10-18 17:32:52,671] {logging_mixin.py:109} INFO - [2021-10-18 17:32:52,671] {dag.py:2389} INFO - Sync 1 DAGs
[2021-10-18 17:32:52,694] {logging_mixin.py:109} INFO - [2021-10-18 17:32:52,694] {dag.py:2914} INFO - Setting next_dagrun for example_short_circuit_operator to 2021-10-17T12:02:52.693916+00:00
[2021-10-18 17:32:52,705] {processor.py:171} INFO - Processing /home/user/workspace/airflow/airflow_env/lib/python3.6/site-packages/airflow/example_dags/example_short_circuit_operator.py took 0.132 seconds
[2021-10-18 17:33:48,180] {processor.py:163} INFO - Started process (PID=25930) to work on /home/user/workspace/airflow/airflow_env/lib/python3.6/site-packages/airflow/example_dags/example_short_circuit_operator.py
[2021-10-18 17:33:48,184] {processor.py:620} INFO - Processing file /home/user/workspace/airflow/airflow_env/lib/python3.6/site-packages/airflow/example_dags/example_short_circuit_operator.py for tasks to queue
[2021-10-18 17:33:48,186] {logging_mixin.py:109} INFO - [2021-10-18 17:33:48,185] {dagbag.py:500} INFO - Filling up the DagBag from /home/user/workspace/airflow/airflow_env/lib/python3.6/site-packages/airflow/example_dags/example_short_circuit_operator.py
[2021-10-18 17:33:48,283] {processor.py:632} INFO - DAG(s) dict_keys(['example_short_circuit_operator']) retrieved from /home/user/workspace/airflow/airflow_env/lib/python3.6/site-packages/airflow/example_dags/example_short_circuit_operator.py
[2021-10-18 17:33:48,321] {logging_mixin.py:109} INFO - [2021-10-18 17:33:48,320] {dag.py:2389} INFO - Sync 1 DAGs
[2021-10-18 17:33:48,372] {logging_mixin.py:109} INFO - [2021-10-18 17:33:48,371] {dag.py:2914} INFO - Setting next_dagrun for example_short_circuit_operator to 2021-10-17T12:03:48.371397+00:00
[2021-10-18 17:33:48,400] {processor.py:171} INFO - Processing /home/user/workspace/airflow/airflow_env/lib/python3.6/site-packages/airflow/example_dags/example_short_circuit_operator.py took 0.229 seconds
[2021-10-18 17:34:48,296] {processor.py:163} INFO - Started process (PID=26036) to work on /home/user/workspace/airflow/airflow_env/lib/python3.6/site-packages/airflow/example_dags/example_short_circuit_operator.py
[2021-10-18 17:34:48,297] {processor.py:620} INFO - Processing file /home/user/workspace/airflow/airflow_env/lib/python3.6/site-packages/airflow/example_dags/example_short_circuit_operator.py for tasks to queue
[2021-10-18 17:34:48,300] {logging_mixin.py:109} INFO - [2021-10-18 17:34:48,299] {dagbag.py:500} INFO - Filling up the DagBag from /home/user/workspace/airflow/airflow_env/lib/python3.6/site-packages/airflow/example_dags/example_short_circuit_operator.py
[2021-10-18 17:34:48,348] {processor.py:632} INFO - DAG(s) dict_keys(['example_short_circuit_operator']) retrieved from /home/user/workspace/airflow/airflow_env/lib/python3.6/site-packages/airflow/example_dags/example_short_circuit_operator.py
[2021-10-18 17:34:48,366] {logging_mixin.py:109} INFO - [2021-10-18 17:34:48,366] {dag.py:2389} INFO - Sync 1 DAGs
[2021-10-18 17:34:48,387] {logging_mixin.py:109} INFO - [2021-10-18 17:34:48,387] {dag.py:2914} INFO - Setting next_dagrun for example_short_circuit_operator to 2021-10-17T12:04:48.386762+00:00
[2021-10-18 17:34:48,400] {processor.py:171} INFO - Processing /home/user/workspace/airflow/airflow_env/lib/python3.6/site-packages/airflow/example_dags/example_short_circuit_operator.py took 0.119 seconds
[2021-10-18 17:35:46,682] {processor.py:163} INFO - Started process (PID=26245) to work on /home/user/workspace/airflow/airflow_env/lib/python3.6/site-packages/airflow/example_dags/example_short_circuit_operator.py
[2021-10-18 17:35:46,695] {processor.py:620} INFO - Processing file /home/user/workspace/airflow/airflow_env/lib/python3.6/site-packages/airflow/example_dags/example_short_circuit_operator.py for tasks to queue
[2021-10-18 17:35:46,697] {logging_mixin.py:109} INFO - [2021-10-18 17:35:46,697] {dagbag.py:500} INFO - Filling up the DagBag from /home/user/workspace/airflow/airflow_env/lib/python3.6/site-packages/airflow/example_dags/example_short_circuit_operator.py
[2021-10-18 17:35:46,762] {processor.py:632} INFO - DAG(s) dict_keys(['example_short_circuit_operator']) retrieved from /home/user/workspace/airflow/airflow_env/lib/python3.6/site-packages/airflow/example_dags/example_short_circuit_operator.py
[2021-10-18 17:35:46,796] {logging_mixin.py:109} INFO - [2021-10-18 17:35:46,795] {dag.py:2389} INFO - Sync 1 DAGs
[2021-10-18 17:35:46,818] {logging_mixin.py:109} INFO - [2021-10-18 17:35:46,818] {dag.py:2914} INFO - Setting next_dagrun for example_short_circuit_operator to 2021-10-17T12:05:46.818399+00:00
[2021-10-18 17:35:46,830] {processor.py:171} INFO - Processing /home/user/workspace/airflow/airflow_env/lib/python3.6/site-packages/airflow/example_dags/example_short_circuit_operator.py took 0.156 seconds
[2021-10-18 17:36:46,912] {processor.py:163} INFO - Started process (PID=26367) to work on /home/user/workspace/airflow/airflow_env/lib/python3.6/site-packages/airflow/example_dags/example_short_circuit_operator.py
[2021-10-18 17:36:46,914] {processor.py:620} INFO - Processing file /home/user/workspace/airflow/airflow_env/lib/python3.6/site-packages/airflow/example_dags/example_short_circuit_operator.py for tasks to queue
[2021-10-18 17:36:46,916] {logging_mixin.py:109} INFO - [2021-10-18 17:36:46,916] {dagbag.py:500} INFO - Filling up the DagBag from /home/user/workspace/airflow/airflow_env/lib/python3.6/site-packages/airflow/example_dags/example_short_circuit_operator.py
[2021-10-18 17:36:46,973] {processor.py:632} INFO - DAG(s) dict_keys(['example_short_circuit_operator']) retrieved from /home/user/workspace/airflow/airflow_env/lib/python3.6/site-packages/airflow/example_dags/example_short_circuit_operator.py
[2021-10-18 17:36:47,000] {logging_mixin.py:109} INFO - [2021-10-18 17:36:47,000] {dag.py:2389} INFO - Sync 1 DAGs
[2021-10-18 17:36:47,019] {logging_mixin.py:109} INFO - [2021-10-18 17:36:47,019] {dag.py:2914} INFO - Setting next_dagrun for example_short_circuit_operator to 2021-10-17T12:06:47.019514+00:00
[2021-10-18 17:36:47,032] {processor.py:171} INFO - Processing /home/user/workspace/airflow/airflow_env/lib/python3.6/site-packages/airflow/example_dags/example_short_circuit_operator.py took 0.126 seconds
[2021-10-18 17:37:35,770] {processor.py:163} INFO - Started process (PID=26494) to work on /home/user/workspace/airflow/airflow_env/lib/python3.6/site-packages/airflow/example_dags/example_short_circuit_operator.py
[2021-10-18 17:37:35,772] {processor.py:620} INFO - Processing file /home/user/workspace/airflow/airflow_env/lib/python3.6/site-packages/airflow/example_dags/example_short_circuit_operator.py for tasks to queue
[2021-10-18 17:37:35,774] {logging_mixin.py:109} INFO - [2021-10-18 17:37:35,773] {dagbag.py:500} INFO - Filling up the DagBag from /home/user/workspace/airflow/airflow_env/lib/python3.6/site-packages/airflow/example_dags/example_short_circuit_operator.py
[2021-10-18 17:37:35,817] {processor.py:632} INFO - DAG(s) dict_keys(['example_short_circuit_operator']) retrieved from /home/user/workspace/airflow/airflow_env/lib/python3.6/site-packages/airflow/example_dags/example_short_circuit_operator.py
[2021-10-18 17:37:35,839] {logging_mixin.py:109} INFO - [2021-10-18 17:37:35,839] {dag.py:2389} INFO - Sync 1 DAGs
[2021-10-18 17:37:35,868] {logging_mixin.py:109} INFO - [2021-10-18 17:37:35,867] {dag.py:2914} INFO - Setting next_dagrun for example_short_circuit_operator to 2021-10-17T12:07:35.867301+00:00
[2021-10-18 17:37:35,886] {processor.py:171} INFO - Processing /home/user/workspace/airflow/airflow_env/lib/python3.6/site-packages/airflow/example_dags/example_short_circuit_operator.py took 0.122 seconds
[2021-10-18 17:38:37,572] {processor.py:163} INFO - Started process (PID=26599) to work on /home/user/workspace/airflow/airflow_env/lib/python3.6/site-packages/airflow/example_dags/example_short_circuit_operator.py
[2021-10-18 17:38:37,584] {processor.py:620} INFO - Processing file /home/user/workspace/airflow/airflow_env/lib/python3.6/site-packages/airflow/example_dags/example_short_circuit_operator.py for tasks to queue
[2021-10-18 17:38:37,586] {logging_mixin.py:109} INFO - [2021-10-18 17:38:37,585] {dagbag.py:500} INFO - Filling up the DagBag from /home/user/workspace/airflow/airflow_env/lib/python3.6/site-packages/airflow/example_dags/example_short_circuit_operator.py
[2021-10-18 17:38:37,652] {processor.py:632} INFO - DAG(s) dict_keys(['example_short_circuit_operator']) retrieved from /home/user/workspace/airflow/airflow_env/lib/python3.6/site-packages/airflow/example_dags/example_short_circuit_operator.py
[2021-10-18 17:38:37,685] {logging_mixin.py:109} INFO - [2021-10-18 17:38:37,684] {dag.py:2389} INFO - Sync 1 DAGs
[2021-10-18 17:38:37,707] {logging_mixin.py:109} INFO - [2021-10-18 17:38:37,706] {dag.py:2914} INFO - Setting next_dagrun for example_short_circuit_operator to 2021-10-17T12:08:37.706544+00:00
[2021-10-18 17:38:37,718] {processor.py:171} INFO - Processing /home/user/workspace/airflow/airflow_env/lib/python3.6/site-packages/airflow/example_dags/example_short_circuit_operator.py took 0.153 seconds
[2021-10-18 17:39:42,021] {processor.py:163} INFO - Started process (PID=26738) to work on /home/user/workspace/airflow/airflow_env/lib/python3.6/site-packages/airflow/example_dags/example_short_circuit_operator.py
[2021-10-18 17:39:42,022] {processor.py:620} INFO - Processing file /home/user/workspace/airflow/airflow_env/lib/python3.6/site-packages/airflow/example_dags/example_short_circuit_operator.py for tasks to queue
[2021-10-18 17:39:42,023] {logging_mixin.py:109} INFO - [2021-10-18 17:39:42,023] {dagbag.py:500} INFO - Filling up the DagBag from /home/user/workspace/airflow/airflow_env/lib/python3.6/site-packages/airflow/example_dags/example_short_circuit_operator.py
[2021-10-18 17:39:42,064] {processor.py:632} INFO - DAG(s) dict_keys(['example_short_circuit_operator']) retrieved from /home/user/workspace/airflow/airflow_env/lib/python3.6/site-packages/airflow/example_dags/example_short_circuit_operator.py
[2021-10-18 17:39:42,095] {logging_mixin.py:109} INFO - [2021-10-18 17:39:42,095] {dag.py:2389} INFO - Sync 1 DAGs
[2021-10-18 17:39:42,120] {logging_mixin.py:109} INFO - [2021-10-18 17:39:42,120] {dag.py:2914} INFO - Setting next_dagrun for example_short_circuit_operator to 2021-10-17T12:09:42.119779+00:00
[2021-10-18 17:39:42,132] {processor.py:171} INFO - Processing /home/user/workspace/airflow/airflow_env/lib/python3.6/site-packages/airflow/example_dags/example_short_circuit_operator.py took 0.122 seconds
[2021-10-18 17:40:45,736] {processor.py:163} INFO - Started process (PID=26978) to work on /home/user/workspace/airflow/airflow_env/lib/python3.6/site-packages/airflow/example_dags/example_short_circuit_operator.py
[2021-10-18 17:40:45,738] {processor.py:620} INFO - Processing file /home/user/workspace/airflow/airflow_env/lib/python3.6/site-packages/airflow/example_dags/example_short_circuit_operator.py for tasks to queue
[2021-10-18 17:40:45,740] {logging_mixin.py:109} INFO - [2021-10-18 17:40:45,740] {dagbag.py:500} INFO - Filling up the DagBag from /home/user/workspace/airflow/airflow_env/lib/python3.6/site-packages/airflow/example_dags/example_short_circuit_operator.py
[2021-10-18 17:40:45,784] {processor.py:632} INFO - DAG(s) dict_keys(['example_short_circuit_operator']) retrieved from /home/user/workspace/airflow/airflow_env/lib/python3.6/site-packages/airflow/example_dags/example_short_circuit_operator.py
[2021-10-18 17:40:45,807] {logging_mixin.py:109} INFO - [2021-10-18 17:40:45,807] {dag.py:2389} INFO - Sync 1 DAGs
[2021-10-18 17:40:45,836] {logging_mixin.py:109} INFO - [2021-10-18 17:40:45,835] {dag.py:2914} INFO - Setting next_dagrun for example_short_circuit_operator to 2021-10-17T12:10:45.835340+00:00
[2021-10-18 17:40:45,851] {processor.py:171} INFO - Processing /home/user/workspace/airflow/airflow_env/lib/python3.6/site-packages/airflow/example_dags/example_short_circuit_operator.py took 0.121 seconds
[2021-10-18 17:41:44,257] {processor.py:163} INFO - Started process (PID=27073) to work on /home/user/workspace/airflow/airflow_env/lib/python3.6/site-packages/airflow/example_dags/example_short_circuit_operator.py
[2021-10-18 17:41:44,258] {processor.py:620} INFO - Processing file /home/user/workspace/airflow/airflow_env/lib/python3.6/site-packages/airflow/example_dags/example_short_circuit_operator.py for tasks to queue
[2021-10-18 17:41:44,258] {logging_mixin.py:109} INFO - [2021-10-18 17:41:44,258] {dagbag.py:500} INFO - Filling up the DagBag from /home/user/workspace/airflow/airflow_env/lib/python3.6/site-packages/airflow/example_dags/example_short_circuit_operator.py
[2021-10-18 17:41:44,279] {processor.py:632} INFO - DAG(s) dict_keys(['example_short_circuit_operator']) retrieved from /home/user/workspace/airflow/airflow_env/lib/python3.6/site-packages/airflow/example_dags/example_short_circuit_operator.py
[2021-10-18 17:41:44,290] {logging_mixin.py:109} INFO - [2021-10-18 17:41:44,290] {dag.py:2389} INFO - Sync 1 DAGs
[2021-10-18 17:41:44,304] {logging_mixin.py:109} INFO - [2021-10-18 17:41:44,304] {dag.py:2914} INFO - Setting next_dagrun for example_short_circuit_operator to 2021-10-17T12:11:44.304075+00:00
[2021-10-18 17:41:44,313] {processor.py:171} INFO - Processing /home/user/workspace/airflow/airflow_env/lib/python3.6/site-packages/airflow/example_dags/example_short_circuit_operator.py took 0.059 seconds
[2021-10-18 17:42:44,013] {processor.py:163} INFO - Started process (PID=27245) to work on /home/user/workspace/airflow/airflow_env/lib/python3.6/site-packages/airflow/example_dags/example_short_circuit_operator.py
[2021-10-18 17:42:44,025] {processor.py:620} INFO - Processing file /home/user/workspace/airflow/airflow_env/lib/python3.6/site-packages/airflow/example_dags/example_short_circuit_operator.py for tasks to queue
[2021-10-18 17:42:44,026] {logging_mixin.py:109} INFO - [2021-10-18 17:42:44,026] {dagbag.py:500} INFO - Filling up the DagBag from /home/user/workspace/airflow/airflow_env/lib/python3.6/site-packages/airflow/example_dags/example_short_circuit_operator.py
[2021-10-18 17:42:44,068] {processor.py:632} INFO - DAG(s) dict_keys(['example_short_circuit_operator']) retrieved from /home/user/workspace/airflow/airflow_env/lib/python3.6/site-packages/airflow/example_dags/example_short_circuit_operator.py
[2021-10-18 17:42:44,088] {logging_mixin.py:109} INFO - [2021-10-18 17:42:44,088] {dag.py:2389} INFO - Sync 1 DAGs
[2021-10-18 17:42:44,114] {logging_mixin.py:109} INFO - [2021-10-18 17:42:44,114] {dag.py:2914} INFO - Setting next_dagrun for example_short_circuit_operator to 2021-10-17T12:12:44.113825+00:00
[2021-10-18 17:42:44,131] {processor.py:171} INFO - Processing /home/user/workspace/airflow/airflow_env/lib/python3.6/site-packages/airflow/example_dags/example_short_circuit_operator.py took 0.123 seconds
[2021-10-18 17:43:41,668] {processor.py:163} INFO - Started process (PID=27365) to work on /home/user/workspace/airflow/airflow_env/lib/python3.6/site-packages/airflow/example_dags/example_short_circuit_operator.py
[2021-10-18 17:43:41,669] {processor.py:620} INFO - Processing file /home/user/workspace/airflow/airflow_env/lib/python3.6/site-packages/airflow/example_dags/example_short_circuit_operator.py for tasks to queue
[2021-10-18 17:43:41,670] {logging_mixin.py:109} INFO - [2021-10-18 17:43:41,669] {dagbag.py:500} INFO - Filling up the DagBag from /home/user/workspace/airflow/airflow_env/lib/python3.6/site-packages/airflow/example_dags/example_short_circuit_operator.py
[2021-10-18 17:43:41,687] {processor.py:632} INFO - DAG(s) dict_keys(['example_short_circuit_operator']) retrieved from /home/user/workspace/airflow/airflow_env/lib/python3.6/site-packages/airflow/example_dags/example_short_circuit_operator.py
[2021-10-18 17:43:41,697] {logging_mixin.py:109} INFO - [2021-10-18 17:43:41,697] {dag.py:2389} INFO - Sync 1 DAGs
[2021-10-18 17:43:41,708] {logging_mixin.py:109} INFO - [2021-10-18 17:43:41,708] {dag.py:2914} INFO - Setting next_dagrun for example_short_circuit_operator to 2021-10-17T12:13:41.708565+00:00
[2021-10-18 17:43:41,717] {processor.py:171} INFO - Processing /home/user/workspace/airflow/airflow_env/lib/python3.6/site-packages/airflow/example_dags/example_short_circuit_operator.py took 0.051 seconds
[2021-10-18 17:44:35,905] {processor.py:163} INFO - Started process (PID=27597) to work on /home/user/workspace/airflow/airflow_env/lib/python3.6/site-packages/airflow/example_dags/example_short_circuit_operator.py
[2021-10-18 17:44:35,918] {processor.py:620} INFO - Processing file /home/user/workspace/airflow/airflow_env/lib/python3.6/site-packages/airflow/example_dags/example_short_circuit_operator.py for tasks to queue
[2021-10-18 17:44:35,920] {logging_mixin.py:109} INFO - [2021-10-18 17:44:35,920] {dagbag.py:500} INFO - Filling up the DagBag from /home/user/workspace/airflow/airflow_env/lib/python3.6/site-packages/airflow/example_dags/example_short_circuit_operator.py
[2021-10-18 17:44:35,986] {processor.py:632} INFO - DAG(s) dict_keys(['example_short_circuit_operator']) retrieved from /home/user/workspace/airflow/airflow_env/lib/python3.6/site-packages/airflow/example_dags/example_short_circuit_operator.py
[2021-10-18 17:44:36,015] {logging_mixin.py:109} INFO - [2021-10-18 17:44:36,015] {dag.py:2389} INFO - Sync 1 DAGs
[2021-10-18 17:44:36,044] {logging_mixin.py:109} INFO - [2021-10-18 17:44:36,044] {dag.py:2914} INFO - Setting next_dagrun for example_short_circuit_operator to 2021-10-17T12:14:36.043889+00:00
[2021-10-18 17:44:36,057] {processor.py:171} INFO - Processing /home/user/workspace/airflow/airflow_env/lib/python3.6/site-packages/airflow/example_dags/example_short_circuit_operator.py took 0.160 seconds
[2021-10-18 17:45:34,161] {processor.py:163} INFO - Started process (PID=27769) to work on /home/user/workspace/airflow/airflow_env/lib/python3.6/site-packages/airflow/example_dags/example_short_circuit_operator.py
[2021-10-18 17:45:34,161] {processor.py:620} INFO - Processing file /home/user/workspace/airflow/airflow_env/lib/python3.6/site-packages/airflow/example_dags/example_short_circuit_operator.py for tasks to queue
[2021-10-18 17:45:34,162] {logging_mixin.py:109} INFO - [2021-10-18 17:45:34,162] {dagbag.py:500} INFO - Filling up the DagBag from /home/user/workspace/airflow/airflow_env/lib/python3.6/site-packages/airflow/example_dags/example_short_circuit_operator.py
[2021-10-18 17:45:34,184] {processor.py:632} INFO - DAG(s) dict_keys(['example_short_circuit_operator']) retrieved from /home/user/workspace/airflow/airflow_env/lib/python3.6/site-packages/airflow/example_dags/example_short_circuit_operator.py
[2021-10-18 17:45:34,199] {logging_mixin.py:109} INFO - [2021-10-18 17:45:34,199] {dag.py:2389} INFO - Sync 1 DAGs
[2021-10-18 17:45:34,216] {logging_mixin.py:109} INFO - [2021-10-18 17:45:34,215] {dag.py:2914} INFO - Setting next_dagrun for example_short_circuit_operator to 2021-10-17T12:15:34.215532+00:00
[2021-10-18 17:45:34,227] {processor.py:171} INFO - Processing /home/user/workspace/airflow/airflow_env/lib/python3.6/site-packages/airflow/example_dags/example_short_circuit_operator.py took 0.069 seconds
[2021-10-18 17:46:27,009] {processor.py:163} INFO - Started process (PID=28014) to work on /home/user/workspace/airflow/airflow_env/lib/python3.6/site-packages/airflow/example_dags/example_short_circuit_operator.py
[2021-10-18 17:46:27,011] {processor.py:620} INFO - Processing file /home/user/workspace/airflow/airflow_env/lib/python3.6/site-packages/airflow/example_dags/example_short_circuit_operator.py for tasks to queue
[2021-10-18 17:46:27,012] {logging_mixin.py:109} INFO - [2021-10-18 17:46:27,012] {dagbag.py:500} INFO - Filling up the DagBag from /home/user/workspace/airflow/airflow_env/lib/python3.6/site-packages/airflow/example_dags/example_short_circuit_operator.py
[2021-10-18 17:46:27,045] {processor.py:632} INFO - DAG(s) dict_keys(['example_short_circuit_operator']) retrieved from /home/user/workspace/airflow/airflow_env/lib/python3.6/site-packages/airflow/example_dags/example_short_circuit_operator.py
[2021-10-18 17:46:27,061] {logging_mixin.py:109} INFO - [2021-10-18 17:46:27,061] {dag.py:2389} INFO - Sync 1 DAGs
[2021-10-18 17:46:27,082] {logging_mixin.py:109} INFO - [2021-10-18 17:46:27,082] {dag.py:2914} INFO - Setting next_dagrun for example_short_circuit_operator to 2021-10-17T12:16:27.081635+00:00
[2021-10-18 17:46:27,095] {processor.py:171} INFO - Processing /home/user/workspace/airflow/airflow_env/lib/python3.6/site-packages/airflow/example_dags/example_short_circuit_operator.py took 0.090 seconds
[2021-10-18 17:47:23,251] {processor.py:163} INFO - Started process (PID=28140) to work on /home/user/workspace/airflow/airflow_env/lib/python3.6/site-packages/airflow/example_dags/example_short_circuit_operator.py
[2021-10-18 17:47:23,253] {processor.py:620} INFO - Processing file /home/user/workspace/airflow/airflow_env/lib/python3.6/site-packages/airflow/example_dags/example_short_circuit_operator.py for tasks to queue
[2021-10-18 17:47:23,254] {logging_mixin.py:109} INFO - [2021-10-18 17:47:23,253] {dagbag.py:500} INFO - Filling up the DagBag from /home/user/workspace/airflow/airflow_env/lib/python3.6/site-packages/airflow/example_dags/example_short_circuit_operator.py
[2021-10-18 17:47:23,292] {processor.py:632} INFO - DAG(s) dict_keys(['example_short_circuit_operator']) retrieved from /home/user/workspace/airflow/airflow_env/lib/python3.6/site-packages/airflow/example_dags/example_short_circuit_operator.py
[2021-10-18 17:47:23,310] {logging_mixin.py:109} INFO - [2021-10-18 17:47:23,310] {dag.py:2389} INFO - Sync 1 DAGs
[2021-10-18 17:47:23,333] {logging_mixin.py:109} INFO - [2021-10-18 17:47:23,333] {dag.py:2914} INFO - Setting next_dagrun for example_short_circuit_operator to 2021-10-17T12:17:23.333225+00:00
[2021-10-18 17:47:23,347] {processor.py:171} INFO - Processing /home/user/workspace/airflow/airflow_env/lib/python3.6/site-packages/airflow/example_dags/example_short_circuit_operator.py took 0.101 seconds
[2021-10-18 17:48:21,043] {processor.py:163} INFO - Started process (PID=28271) to work on /home/user/workspace/airflow/airflow_env/lib/python3.6/site-packages/airflow/example_dags/example_short_circuit_operator.py
[2021-10-18 17:48:21,054] {processor.py:620} INFO - Processing file /home/user/workspace/airflow/airflow_env/lib/python3.6/site-packages/airflow/example_dags/example_short_circuit_operator.py for tasks to queue
[2021-10-18 17:48:21,056] {logging_mixin.py:109} INFO - [2021-10-18 17:48:21,055] {dagbag.py:500} INFO - Filling up the DagBag from /home/user/workspace/airflow/airflow_env/lib/python3.6/site-packages/airflow/example_dags/example_short_circuit_operator.py
[2021-10-18 17:48:21,100] {processor.py:632} INFO - DAG(s) dict_keys(['example_short_circuit_operator']) retrieved from /home/user/workspace/airflow/airflow_env/lib/python3.6/site-packages/airflow/example_dags/example_short_circuit_operator.py
[2021-10-18 17:48:21,123] {logging_mixin.py:109} INFO - [2021-10-18 17:48:21,122] {dag.py:2389} INFO - Sync 1 DAGs
[2021-10-18 17:48:21,151] {logging_mixin.py:109} INFO - [2021-10-18 17:48:21,150] {dag.py:2914} INFO - Setting next_dagrun for example_short_circuit_operator to 2021-10-17T12:18:21.150137+00:00
[2021-10-18 17:48:21,174] {processor.py:171} INFO - Processing /home/user/workspace/airflow/airflow_env/lib/python3.6/site-packages/airflow/example_dags/example_short_circuit_operator.py took 0.137 seconds
[2021-10-18 17:49:28,881] {processor.py:163} INFO - Started process (PID=28421) to work on /home/user/workspace/airflow/airflow_env/lib/python3.6/site-packages/airflow/example_dags/example_short_circuit_operator.py
[2021-10-18 17:49:28,882] {processor.py:620} INFO - Processing file /home/user/workspace/airflow/airflow_env/lib/python3.6/site-packages/airflow/example_dags/example_short_circuit_operator.py for tasks to queue
[2021-10-18 17:49:28,882] {logging_mixin.py:109} INFO - [2021-10-18 17:49:28,882] {dagbag.py:500} INFO - Filling up the DagBag from /home/user/workspace/airflow/airflow_env/lib/python3.6/site-packages/airflow/example_dags/example_short_circuit_operator.py
[2021-10-18 17:49:28,900] {processor.py:632} INFO - DAG(s) dict_keys(['example_short_circuit_operator']) retrieved from /home/user/workspace/airflow/airflow_env/lib/python3.6/site-packages/airflow/example_dags/example_short_circuit_operator.py
[2021-10-18 17:49:28,911] {logging_mixin.py:109} INFO - [2021-10-18 17:49:28,911] {dag.py:2389} INFO - Sync 1 DAGs
[2021-10-18 17:49:28,925] {logging_mixin.py:109} INFO - [2021-10-18 17:49:28,925] {dag.py:2914} INFO - Setting next_dagrun for example_short_circuit_operator to 2021-10-17T12:19:28.924992+00:00
[2021-10-18 17:49:28,933] {processor.py:171} INFO - Processing /home/user/workspace/airflow/airflow_env/lib/python3.6/site-packages/airflow/example_dags/example_short_circuit_operator.py took 0.055 seconds
[2021-10-18 17:50:37,072] {processor.py:163} INFO - Started process (PID=28709) to work on /home/user/workspace/airflow/airflow_env/lib/python3.6/site-packages/airflow/example_dags/example_short_circuit_operator.py
[2021-10-18 17:50:37,076] {processor.py:620} INFO - Processing file /home/user/workspace/airflow/airflow_env/lib/python3.6/site-packages/airflow/example_dags/example_short_circuit_operator.py for tasks to queue
[2021-10-18 17:50:37,078] {logging_mixin.py:109} INFO - [2021-10-18 17:50:37,077] {dagbag.py:500} INFO - Filling up the DagBag from /home/user/workspace/airflow/airflow_env/lib/python3.6/site-packages/airflow/example_dags/example_short_circuit_operator.py
[2021-10-18 17:50:37,159] {processor.py:632} INFO - DAG(s) dict_keys(['example_short_circuit_operator']) retrieved from /home/user/workspace/airflow/airflow_env/lib/python3.6/site-packages/airflow/example_dags/example_short_circuit_operator.py
[2021-10-18 17:50:37,192] {logging_mixin.py:109} INFO - [2021-10-18 17:50:37,192] {dag.py:2389} INFO - Sync 1 DAGs
[2021-10-18 17:50:37,225] {logging_mixin.py:109} INFO - [2021-10-18 17:50:37,225] {dag.py:2914} INFO - Setting next_dagrun for example_short_circuit_operator to 2021-10-17T12:20:37.224337+00:00
[2021-10-18 17:50:37,244] {processor.py:171} INFO - Processing /home/user/workspace/airflow/airflow_env/lib/python3.6/site-packages/airflow/example_dags/example_short_circuit_operator.py took 0.183 seconds
[2021-10-18 17:51:48,010] {processor.py:163} INFO - Started process (PID=29006) to work on /home/user/workspace/airflow/airflow_env/lib/python3.6/site-packages/airflow/example_dags/example_short_circuit_operator.py
[2021-10-18 17:51:48,015] {processor.py:620} INFO - Processing file /home/user/workspace/airflow/airflow_env/lib/python3.6/site-packages/airflow/example_dags/example_short_circuit_operator.py for tasks to queue
[2021-10-18 17:51:48,017] {logging_mixin.py:109} INFO - [2021-10-18 17:51:48,016] {dagbag.py:500} INFO - Filling up the DagBag from /home/user/workspace/airflow/airflow_env/lib/python3.6/site-packages/airflow/example_dags/example_short_circuit_operator.py
[2021-10-18 17:51:48,068] {processor.py:632} INFO - DAG(s) dict_keys(['example_short_circuit_operator']) retrieved from /home/user/workspace/airflow/airflow_env/lib/python3.6/site-packages/airflow/example_dags/example_short_circuit_operator.py
[2021-10-18 17:51:48,091] {logging_mixin.py:109} INFO - [2021-10-18 17:51:48,091] {dag.py:2389} INFO - Sync 1 DAGs
[2021-10-18 17:51:48,120] {logging_mixin.py:109} INFO - [2021-10-18 17:51:48,120] {dag.py:2914} INFO - Setting next_dagrun for example_short_circuit_operator to 2021-10-17T12:21:48.119957+00:00
[2021-10-18 17:51:48,134] {processor.py:171} INFO - Processing /home/user/workspace/airflow/airflow_env/lib/python3.6/site-packages/airflow/example_dags/example_short_circuit_operator.py took 0.129 seconds
[2021-10-18 17:52:34,870] {processor.py:163} INFO - Started process (PID=29110) to work on /home/user/workspace/airflow/airflow_env/lib/python3.6/site-packages/airflow/example_dags/example_short_circuit_operator.py
[2021-10-18 17:52:34,882] {processor.py:620} INFO - Processing file /home/user/workspace/airflow/airflow_env/lib/python3.6/site-packages/airflow/example_dags/example_short_circuit_operator.py for tasks to queue
[2021-10-18 17:52:34,883] {logging_mixin.py:109} INFO - [2021-10-18 17:52:34,883] {dagbag.py:500} INFO - Filling up the DagBag from /home/user/workspace/airflow/airflow_env/lib/python3.6/site-packages/airflow/example_dags/example_short_circuit_operator.py
[2021-10-18 17:52:34,927] {processor.py:632} INFO - DAG(s) dict_keys(['example_short_circuit_operator']) retrieved from /home/user/workspace/airflow/airflow_env/lib/python3.6/site-packages/airflow/example_dags/example_short_circuit_operator.py
[2021-10-18 17:52:34,947] {logging_mixin.py:109} INFO - [2021-10-18 17:52:34,947] {dag.py:2389} INFO - Sync 1 DAGs
[2021-10-18 17:52:34,976] {logging_mixin.py:109} INFO - [2021-10-18 17:52:34,976] {dag.py:2914} INFO - Setting next_dagrun for example_short_circuit_operator to 2021-10-17T12:22:34.975576+00:00
[2021-10-18 17:52:34,999] {processor.py:171} INFO - Processing /home/user/workspace/airflow/airflow_env/lib/python3.6/site-packages/airflow/example_dags/example_short_circuit_operator.py took 0.134 seconds
[2021-10-18 17:53:43,514] {processor.py:163} INFO - Started process (PID=29248) to work on /home/user/workspace/airflow/airflow_env/lib/python3.6/site-packages/airflow/example_dags/example_short_circuit_operator.py
[2021-10-18 17:53:43,517] {processor.py:620} INFO - Processing file /home/user/workspace/airflow/airflow_env/lib/python3.6/site-packages/airflow/example_dags/example_short_circuit_operator.py for tasks to queue
[2021-10-18 17:53:43,518] {logging_mixin.py:109} INFO - [2021-10-18 17:53:43,518] {dagbag.py:500} INFO - Filling up the DagBag from /home/user/workspace/airflow/airflow_env/lib/python3.6/site-packages/airflow/example_dags/example_short_circuit_operator.py
[2021-10-18 17:53:43,568] {processor.py:632} INFO - DAG(s) dict_keys(['example_short_circuit_operator']) retrieved from /home/user/workspace/airflow/airflow_env/lib/python3.6/site-packages/airflow/example_dags/example_short_circuit_operator.py
[2021-10-18 17:53:43,594] {logging_mixin.py:109} INFO - [2021-10-18 17:53:43,593] {dag.py:2389} INFO - Sync 1 DAGs
[2021-10-18 17:53:43,623] {logging_mixin.py:109} INFO - [2021-10-18 17:53:43,622] {dag.py:2914} INFO - Setting next_dagrun for example_short_circuit_operator to 2021-10-17T12:23:43.622398+00:00
[2021-10-18 17:53:43,634] {processor.py:171} INFO - Processing /home/user/workspace/airflow/airflow_env/lib/python3.6/site-packages/airflow/example_dags/example_short_circuit_operator.py took 0.127 seconds
[2021-10-18 17:54:34,289] {processor.py:163} INFO - Started process (PID=29327) to work on /home/user/workspace/airflow/airflow_env/lib/python3.6/site-packages/airflow/example_dags/example_short_circuit_operator.py
[2021-10-18 17:54:34,302] {processor.py:620} INFO - Processing file /home/user/workspace/airflow/airflow_env/lib/python3.6/site-packages/airflow/example_dags/example_short_circuit_operator.py for tasks to queue
[2021-10-18 17:54:34,303] {logging_mixin.py:109} INFO - [2021-10-18 17:54:34,303] {dagbag.py:500} INFO - Filling up the DagBag from /home/user/workspace/airflow/airflow_env/lib/python3.6/site-packages/airflow/example_dags/example_short_circuit_operator.py
[2021-10-18 17:54:34,349] {processor.py:632} INFO - DAG(s) dict_keys(['example_short_circuit_operator']) retrieved from /home/user/workspace/airflow/airflow_env/lib/python3.6/site-packages/airflow/example_dags/example_short_circuit_operator.py
[2021-10-18 17:54:34,371] {logging_mixin.py:109} INFO - [2021-10-18 17:54:34,371] {dag.py:2389} INFO - Sync 1 DAGs
[2021-10-18 17:54:34,401] {logging_mixin.py:109} INFO - [2021-10-18 17:54:34,401] {dag.py:2914} INFO - Setting next_dagrun for example_short_circuit_operator to 2021-10-17T12:24:34.400488+00:00
[2021-10-18 17:54:34,419] {processor.py:171} INFO - Processing /home/user/workspace/airflow/airflow_env/lib/python3.6/site-packages/airflow/example_dags/example_short_circuit_operator.py took 0.137 seconds
[2021-10-18 17:55:40,918] {processor.py:163} INFO - Started process (PID=29504) to work on /home/user/workspace/airflow/airflow_env/lib/python3.6/site-packages/airflow/example_dags/example_short_circuit_operator.py
[2021-10-18 17:55:40,920] {processor.py:620} INFO - Processing file /home/user/workspace/airflow/airflow_env/lib/python3.6/site-packages/airflow/example_dags/example_short_circuit_operator.py for tasks to queue
[2021-10-18 17:55:40,921] {logging_mixin.py:109} INFO - [2021-10-18 17:55:40,921] {dagbag.py:500} INFO - Filling up the DagBag from /home/user/workspace/airflow/airflow_env/lib/python3.6/site-packages/airflow/example_dags/example_short_circuit_operator.py
[2021-10-18 17:55:40,961] {processor.py:632} INFO - DAG(s) dict_keys(['example_short_circuit_operator']) retrieved from /home/user/workspace/airflow/airflow_env/lib/python3.6/site-packages/airflow/example_dags/example_short_circuit_operator.py
[2021-10-18 17:55:40,981] {logging_mixin.py:109} INFO - [2021-10-18 17:55:40,981] {dag.py:2389} INFO - Sync 1 DAGs
[2021-10-18 17:55:41,007] {logging_mixin.py:109} INFO - [2021-10-18 17:55:41,006] {dag.py:2914} INFO - Setting next_dagrun for example_short_circuit_operator to 2021-10-17T12:25:41.006249+00:00
[2021-10-18 17:55:41,023] {processor.py:171} INFO - Processing /home/user/workspace/airflow/airflow_env/lib/python3.6/site-packages/airflow/example_dags/example_short_circuit_operator.py took 0.110 seconds
[2021-10-18 17:56:47,447] {processor.py:163} INFO - Started process (PID=29617) to work on /home/user/workspace/airflow/airflow_env/lib/python3.6/site-packages/airflow/example_dags/example_short_circuit_operator.py
[2021-10-18 17:56:47,450] {processor.py:620} INFO - Processing file /home/user/workspace/airflow/airflow_env/lib/python3.6/site-packages/airflow/example_dags/example_short_circuit_operator.py for tasks to queue
[2021-10-18 17:56:47,452] {logging_mixin.py:109} INFO - [2021-10-18 17:56:47,451] {dagbag.py:500} INFO - Filling up the DagBag from /home/user/workspace/airflow/airflow_env/lib/python3.6/site-packages/airflow/example_dags/example_short_circuit_operator.py
[2021-10-18 17:56:47,528] {processor.py:632} INFO - DAG(s) dict_keys(['example_short_circuit_operator']) retrieved from /home/user/workspace/airflow/airflow_env/lib/python3.6/site-packages/airflow/example_dags/example_short_circuit_operator.py
[2021-10-18 17:56:47,566] {logging_mixin.py:109} INFO - [2021-10-18 17:56:47,565] {dag.py:2389} INFO - Sync 1 DAGs
[2021-10-18 17:56:47,599] {logging_mixin.py:109} INFO - [2021-10-18 17:56:47,598] {dag.py:2914} INFO - Setting next_dagrun for example_short_circuit_operator to 2021-10-17T12:26:47.598521+00:00
[2021-10-18 17:56:47,613] {processor.py:171} INFO - Processing /home/user/workspace/airflow/airflow_env/lib/python3.6/site-packages/airflow/example_dags/example_short_circuit_operator.py took 0.176 seconds
[2021-10-18 17:57:56,670] {processor.py:163} INFO - Started process (PID=29754) to work on /home/user/workspace/airflow/airflow_env/lib/python3.6/site-packages/airflow/example_dags/example_short_circuit_operator.py
[2021-10-18 17:57:56,672] {processor.py:620} INFO - Processing file /home/user/workspace/airflow/airflow_env/lib/python3.6/site-packages/airflow/example_dags/example_short_circuit_operator.py for tasks to queue
[2021-10-18 17:57:56,673] {logging_mixin.py:109} INFO - [2021-10-18 17:57:56,673] {dagbag.py:500} INFO - Filling up the DagBag from /home/user/workspace/airflow/airflow_env/lib/python3.6/site-packages/airflow/example_dags/example_short_circuit_operator.py
[2021-10-18 17:57:56,715] {processor.py:632} INFO - DAG(s) dict_keys(['example_short_circuit_operator']) retrieved from /home/user/workspace/airflow/airflow_env/lib/python3.6/site-packages/airflow/example_dags/example_short_circuit_operator.py
[2021-10-18 17:57:56,735] {logging_mixin.py:109} INFO - [2021-10-18 17:57:56,735] {dag.py:2389} INFO - Sync 1 DAGs
[2021-10-18 17:57:56,760] {logging_mixin.py:109} INFO - [2021-10-18 17:57:56,760] {dag.py:2914} INFO - Setting next_dagrun for example_short_circuit_operator to 2021-10-17T12:27:56.760192+00:00
[2021-10-18 17:57:56,776] {processor.py:171} INFO - Processing /home/user/workspace/airflow/airflow_env/lib/python3.6/site-packages/airflow/example_dags/example_short_circuit_operator.py took 0.112 seconds
[2021-10-18 17:58:45,675] {processor.py:163} INFO - Started process (PID=29825) to work on /home/user/workspace/airflow/airflow_env/lib/python3.6/site-packages/airflow/example_dags/example_short_circuit_operator.py
[2021-10-18 17:58:45,688] {processor.py:620} INFO - Processing file /home/user/workspace/airflow/airflow_env/lib/python3.6/site-packages/airflow/example_dags/example_short_circuit_operator.py for tasks to queue
[2021-10-18 17:58:45,690] {logging_mixin.py:109} INFO - [2021-10-18 17:58:45,690] {dagbag.py:500} INFO - Filling up the DagBag from /home/user/workspace/airflow/airflow_env/lib/python3.6/site-packages/airflow/example_dags/example_short_circuit_operator.py
[2021-10-18 17:58:45,745] {processor.py:632} INFO - DAG(s) dict_keys(['example_short_circuit_operator']) retrieved from /home/user/workspace/airflow/airflow_env/lib/python3.6/site-packages/airflow/example_dags/example_short_circuit_operator.py
[2021-10-18 17:58:45,773] {logging_mixin.py:109} INFO - [2021-10-18 17:58:45,772] {dag.py:2389} INFO - Sync 1 DAGs
[2021-10-18 17:58:45,794] {logging_mixin.py:109} INFO - [2021-10-18 17:58:45,794] {dag.py:2914} INFO - Setting next_dagrun for example_short_circuit_operator to 2021-10-17T12:28:45.793799+00:00
[2021-10-18 17:58:45,804] {processor.py:171} INFO - Processing /home/user/workspace/airflow/airflow_env/lib/python3.6/site-packages/airflow/example_dags/example_short_circuit_operator.py took 0.136 seconds
[2021-10-18 17:59:52,051] {processor.py:163} INFO - Started process (PID=29940) to work on /home/user/workspace/airflow/airflow_env/lib/python3.6/site-packages/airflow/example_dags/example_short_circuit_operator.py
[2021-10-18 17:59:52,053] {processor.py:620} INFO - Processing file /home/user/workspace/airflow/airflow_env/lib/python3.6/site-packages/airflow/example_dags/example_short_circuit_operator.py for tasks to queue
[2021-10-18 17:59:52,055] {logging_mixin.py:109} INFO - [2021-10-18 17:59:52,054] {dagbag.py:500} INFO - Filling up the DagBag from /home/user/workspace/airflow/airflow_env/lib/python3.6/site-packages/airflow/example_dags/example_short_circuit_operator.py
[2021-10-18 17:59:52,100] {processor.py:632} INFO - DAG(s) dict_keys(['example_short_circuit_operator']) retrieved from /home/user/workspace/airflow/airflow_env/lib/python3.6/site-packages/airflow/example_dags/example_short_circuit_operator.py
[2021-10-18 17:59:52,123] {logging_mixin.py:109} INFO - [2021-10-18 17:59:52,123] {dag.py:2389} INFO - Sync 1 DAGs
[2021-10-18 17:59:52,150] {logging_mixin.py:109} INFO - [2021-10-18 17:59:52,150] {dag.py:2914} INFO - Setting next_dagrun for example_short_circuit_operator to 2021-10-17T12:29:52.149850+00:00
[2021-10-18 17:59:52,166] {processor.py:171} INFO - Processing /home/user/workspace/airflow/airflow_env/lib/python3.6/site-packages/airflow/example_dags/example_short_circuit_operator.py took 0.122 seconds
[2021-10-18 18:01:01,471] {processor.py:163} INFO - Started process (PID=30108) to work on /home/user/workspace/airflow/airflow_env/lib/python3.6/site-packages/airflow/example_dags/example_short_circuit_operator.py
[2021-10-18 18:01:01,474] {processor.py:620} INFO - Processing file /home/user/workspace/airflow/airflow_env/lib/python3.6/site-packages/airflow/example_dags/example_short_circuit_operator.py for tasks to queue
[2021-10-18 18:01:01,475] {logging_mixin.py:109} INFO - [2021-10-18 18:01:01,475] {dagbag.py:500} INFO - Filling up the DagBag from /home/user/workspace/airflow/airflow_env/lib/python3.6/site-packages/airflow/example_dags/example_short_circuit_operator.py
[2021-10-18 18:01:01,538] {processor.py:632} INFO - DAG(s) dict_keys(['example_short_circuit_operator']) retrieved from /home/user/workspace/airflow/airflow_env/lib/python3.6/site-packages/airflow/example_dags/example_short_circuit_operator.py
[2021-10-18 18:01:01,567] {logging_mixin.py:109} INFO - [2021-10-18 18:01:01,567] {dag.py:2389} INFO - Sync 1 DAGs
[2021-10-18 18:01:01,592] {logging_mixin.py:109} INFO - [2021-10-18 18:01:01,592] {dag.py:2914} INFO - Setting next_dagrun for example_short_circuit_operator to 2021-10-17T12:31:01.592049+00:00
[2021-10-18 18:01:01,602] {processor.py:171} INFO - Processing /home/user/workspace/airflow/airflow_env/lib/python3.6/site-packages/airflow/example_dags/example_short_circuit_operator.py took 0.138 seconds
