[2021-10-18 17:18:29,066] {processor.py:163} INFO - Started process (PID=23392) to work on /home/user/workspace/airflow/airflow_env/lib/python3.6/site-packages/airflow/example_dags/example_latest_only.py
[2021-10-18 17:18:29,067] {processor.py:620} INFO - Processing file /home/user/workspace/airflow/airflow_env/lib/python3.6/site-packages/airflow/example_dags/example_latest_only.py for tasks to queue
[2021-10-18 17:18:29,068] {logging_mixin.py:109} INFO - [2021-10-18 17:18:29,068] {dagbag.py:500} INFO - Filling up the DagBag from /home/user/workspace/airflow/airflow_env/lib/python3.6/site-packages/airflow/example_dags/example_latest_only.py
[2021-10-18 17:18:29,094] {processor.py:632} INFO - DAG(s) dict_keys(['latest_only']) retrieved from /home/user/workspace/airflow/airflow_env/lib/python3.6/site-packages/airflow/example_dags/example_latest_only.py
[2021-10-18 17:18:29,107] {logging_mixin.py:109} INFO - [2021-10-18 17:18:29,107] {dag.py:2389} INFO - Sync 1 DAGs
[2021-10-18 17:18:29,126] {logging_mixin.py:109} INFO - [2021-10-18 17:18:29,125] {dag.py:2914} INFO - Setting next_dagrun for latest_only to 2021-10-18T07:48:29.125430+00:00
[2021-10-18 17:18:29,137] {processor.py:171} INFO - Processing /home/user/workspace/airflow/airflow_env/lib/python3.6/site-packages/airflow/example_dags/example_latest_only.py took 0.075 seconds
[2021-10-18 17:19:22,635] {processor.py:163} INFO - Started process (PID=23578) to work on /home/user/workspace/airflow/airflow_env/lib/python3.6/site-packages/airflow/example_dags/example_latest_only.py
[2021-10-18 17:19:22,637] {processor.py:620} INFO - Processing file /home/user/workspace/airflow/airflow_env/lib/python3.6/site-packages/airflow/example_dags/example_latest_only.py for tasks to queue
[2021-10-18 17:19:22,639] {logging_mixin.py:109} INFO - [2021-10-18 17:19:22,638] {dagbag.py:500} INFO - Filling up the DagBag from /home/user/workspace/airflow/airflow_env/lib/python3.6/site-packages/airflow/example_dags/example_latest_only.py
[2021-10-18 17:19:22,698] {processor.py:632} INFO - DAG(s) dict_keys(['latest_only']) retrieved from /home/user/workspace/airflow/airflow_env/lib/python3.6/site-packages/airflow/example_dags/example_latest_only.py
[2021-10-18 17:19:22,744] {logging_mixin.py:109} INFO - [2021-10-18 17:19:22,743] {dag.py:2389} INFO - Sync 1 DAGs
[2021-10-18 17:19:22,801] {logging_mixin.py:109} INFO - [2021-10-18 17:19:22,801] {dag.py:2914} INFO - Setting next_dagrun for latest_only to 2021-10-18T07:49:22.800392+00:00
[2021-10-18 17:19:22,851] {processor.py:171} INFO - Processing /home/user/workspace/airflow/airflow_env/lib/python3.6/site-packages/airflow/example_dags/example_latest_only.py took 0.224 seconds
[2021-10-18 17:20:22,029] {processor.py:163} INFO - Started process (PID=23694) to work on /home/user/workspace/airflow/airflow_env/lib/python3.6/site-packages/airflow/example_dags/example_latest_only.py
[2021-10-18 17:20:22,030] {processor.py:620} INFO - Processing file /home/user/workspace/airflow/airflow_env/lib/python3.6/site-packages/airflow/example_dags/example_latest_only.py for tasks to queue
[2021-10-18 17:20:22,031] {logging_mixin.py:109} INFO - [2021-10-18 17:20:22,030] {dagbag.py:500} INFO - Filling up the DagBag from /home/user/workspace/airflow/airflow_env/lib/python3.6/site-packages/airflow/example_dags/example_latest_only.py
[2021-10-18 17:20:22,048] {processor.py:632} INFO - DAG(s) dict_keys(['latest_only']) retrieved from /home/user/workspace/airflow/airflow_env/lib/python3.6/site-packages/airflow/example_dags/example_latest_only.py
[2021-10-18 17:20:22,057] {logging_mixin.py:109} INFO - [2021-10-18 17:20:22,057] {dag.py:2389} INFO - Sync 1 DAGs
[2021-10-18 17:20:22,069] {logging_mixin.py:109} INFO - [2021-10-18 17:20:22,069] {dag.py:2914} INFO - Setting next_dagrun for latest_only to 2021-10-18T07:50:22.068882+00:00
[2021-10-18 17:20:22,077] {processor.py:171} INFO - Processing /home/user/workspace/airflow/airflow_env/lib/python3.6/site-packages/airflow/example_dags/example_latest_only.py took 0.050 seconds
[2021-10-18 17:21:17,802] {processor.py:163} INFO - Started process (PID=23789) to work on /home/user/workspace/airflow/airflow_env/lib/python3.6/site-packages/airflow/example_dags/example_latest_only.py
[2021-10-18 17:21:17,804] {processor.py:620} INFO - Processing file /home/user/workspace/airflow/airflow_env/lib/python3.6/site-packages/airflow/example_dags/example_latest_only.py for tasks to queue
[2021-10-18 17:21:17,805] {logging_mixin.py:109} INFO - [2021-10-18 17:21:17,805] {dagbag.py:500} INFO - Filling up the DagBag from /home/user/workspace/airflow/airflow_env/lib/python3.6/site-packages/airflow/example_dags/example_latest_only.py
[2021-10-18 17:21:17,844] {processor.py:632} INFO - DAG(s) dict_keys(['latest_only']) retrieved from /home/user/workspace/airflow/airflow_env/lib/python3.6/site-packages/airflow/example_dags/example_latest_only.py
[2021-10-18 17:21:17,864] {logging_mixin.py:109} INFO - [2021-10-18 17:21:17,863] {dag.py:2389} INFO - Sync 1 DAGs
[2021-10-18 17:21:17,888] {logging_mixin.py:109} INFO - [2021-10-18 17:21:17,887] {dag.py:2914} INFO - Setting next_dagrun for latest_only to 2021-10-18T07:51:17.887369+00:00
[2021-10-18 17:21:17,902] {processor.py:171} INFO - Processing /home/user/workspace/airflow/airflow_env/lib/python3.6/site-packages/airflow/example_dags/example_latest_only.py took 0.105 seconds
[2021-10-18 17:22:20,201] {processor.py:163} INFO - Started process (PID=24039) to work on /home/user/workspace/airflow/airflow_env/lib/python3.6/site-packages/airflow/example_dags/example_latest_only.py
[2021-10-18 17:22:20,213] {processor.py:620} INFO - Processing file /home/user/workspace/airflow/airflow_env/lib/python3.6/site-packages/airflow/example_dags/example_latest_only.py for tasks to queue
[2021-10-18 17:22:20,214] {logging_mixin.py:109} INFO - [2021-10-18 17:22:20,214] {dagbag.py:500} INFO - Filling up the DagBag from /home/user/workspace/airflow/airflow_env/lib/python3.6/site-packages/airflow/example_dags/example_latest_only.py
[2021-10-18 17:22:20,248] {processor.py:632} INFO - DAG(s) dict_keys(['latest_only']) retrieved from /home/user/workspace/airflow/airflow_env/lib/python3.6/site-packages/airflow/example_dags/example_latest_only.py
[2021-10-18 17:22:20,265] {logging_mixin.py:109} INFO - [2021-10-18 17:22:20,265] {dag.py:2389} INFO - Sync 1 DAGs
[2021-10-18 17:22:20,288] {logging_mixin.py:109} INFO - [2021-10-18 17:22:20,288] {dag.py:2914} INFO - Setting next_dagrun for latest_only to 2021-10-18T07:52:20.288319+00:00
[2021-10-18 17:22:20,302] {processor.py:171} INFO - Processing /home/user/workspace/airflow/airflow_env/lib/python3.6/site-packages/airflow/example_dags/example_latest_only.py took 0.106 seconds
[2021-10-18 17:23:16,789] {processor.py:163} INFO - Started process (PID=24177) to work on /home/user/workspace/airflow/airflow_env/lib/python3.6/site-packages/airflow/example_dags/example_latest_only.py
[2021-10-18 17:23:16,791] {processor.py:620} INFO - Processing file /home/user/workspace/airflow/airflow_env/lib/python3.6/site-packages/airflow/example_dags/example_latest_only.py for tasks to queue
[2021-10-18 17:23:16,791] {logging_mixin.py:109} INFO - [2021-10-18 17:23:16,791] {dagbag.py:500} INFO - Filling up the DagBag from /home/user/workspace/airflow/airflow_env/lib/python3.6/site-packages/airflow/example_dags/example_latest_only.py
[2021-10-18 17:23:16,849] {processor.py:632} INFO - DAG(s) dict_keys(['latest_only']) retrieved from /home/user/workspace/airflow/airflow_env/lib/python3.6/site-packages/airflow/example_dags/example_latest_only.py
[2021-10-18 17:23:16,860] {logging_mixin.py:109} INFO - [2021-10-18 17:23:16,860] {dag.py:2389} INFO - Sync 1 DAGs
[2021-10-18 17:23:16,923] {logging_mixin.py:109} INFO - [2021-10-18 17:23:16,923] {dag.py:2914} INFO - Setting next_dagrun for latest_only to 2021-10-18T07:53:16.923058+00:00
[2021-10-18 17:23:16,939] {processor.py:171} INFO - Processing /home/user/workspace/airflow/airflow_env/lib/python3.6/site-packages/airflow/example_dags/example_latest_only.py took 0.153 seconds
[2021-10-18 17:24:08,992] {processor.py:163} INFO - Started process (PID=24280) to work on /home/user/workspace/airflow/airflow_env/lib/python3.6/site-packages/airflow/example_dags/example_latest_only.py
[2021-10-18 17:24:09,004] {processor.py:620} INFO - Processing file /home/user/workspace/airflow/airflow_env/lib/python3.6/site-packages/airflow/example_dags/example_latest_only.py for tasks to queue
[2021-10-18 17:24:09,006] {logging_mixin.py:109} INFO - [2021-10-18 17:24:09,006] {dagbag.py:500} INFO - Filling up the DagBag from /home/user/workspace/airflow/airflow_env/lib/python3.6/site-packages/airflow/example_dags/example_latest_only.py
[2021-10-18 17:24:09,102] {processor.py:632} INFO - DAG(s) dict_keys(['latest_only']) retrieved from /home/user/workspace/airflow/airflow_env/lib/python3.6/site-packages/airflow/example_dags/example_latest_only.py
[2021-10-18 17:24:09,153] {logging_mixin.py:109} INFO - [2021-10-18 17:24:09,153] {dag.py:2389} INFO - Sync 1 DAGs
[2021-10-18 17:24:09,227] {logging_mixin.py:109} INFO - [2021-10-18 17:24:09,227] {dag.py:2914} INFO - Setting next_dagrun for latest_only to 2021-10-18T07:54:09.226339+00:00
[2021-10-18 17:24:09,254] {processor.py:171} INFO - Processing /home/user/workspace/airflow/airflow_env/lib/python3.6/site-packages/airflow/example_dags/example_latest_only.py took 0.269 seconds
[2021-10-18 17:25:13,055] {processor.py:163} INFO - Started process (PID=24407) to work on /home/user/workspace/airflow/airflow_env/lib/python3.6/site-packages/airflow/example_dags/example_latest_only.py
[2021-10-18 17:25:13,058] {processor.py:620} INFO - Processing file /home/user/workspace/airflow/airflow_env/lib/python3.6/site-packages/airflow/example_dags/example_latest_only.py for tasks to queue
[2021-10-18 17:25:13,060] {logging_mixin.py:109} INFO - [2021-10-18 17:25:13,059] {dagbag.py:500} INFO - Filling up the DagBag from /home/user/workspace/airflow/airflow_env/lib/python3.6/site-packages/airflow/example_dags/example_latest_only.py
[2021-10-18 17:25:13,115] {processor.py:632} INFO - DAG(s) dict_keys(['latest_only']) retrieved from /home/user/workspace/airflow/airflow_env/lib/python3.6/site-packages/airflow/example_dags/example_latest_only.py
[2021-10-18 17:25:13,138] {logging_mixin.py:109} INFO - [2021-10-18 17:25:13,138] {dag.py:2389} INFO - Sync 1 DAGs
[2021-10-18 17:25:13,165] {logging_mixin.py:109} INFO - [2021-10-18 17:25:13,165] {dag.py:2914} INFO - Setting next_dagrun for latest_only to 2021-10-18T07:55:13.165029+00:00
[2021-10-18 17:25:13,176] {processor.py:171} INFO - Processing /home/user/workspace/airflow/airflow_env/lib/python3.6/site-packages/airflow/example_dags/example_latest_only.py took 0.128 seconds
[2021-10-18 17:26:09,313] {processor.py:163} INFO - Started process (PID=24596) to work on /home/user/workspace/airflow/airflow_env/lib/python3.6/site-packages/airflow/example_dags/example_latest_only.py
[2021-10-18 17:26:09,326] {processor.py:620} INFO - Processing file /home/user/workspace/airflow/airflow_env/lib/python3.6/site-packages/airflow/example_dags/example_latest_only.py for tasks to queue
[2021-10-18 17:26:09,327] {logging_mixin.py:109} INFO - [2021-10-18 17:26:09,326] {dagbag.py:500} INFO - Filling up the DagBag from /home/user/workspace/airflow/airflow_env/lib/python3.6/site-packages/airflow/example_dags/example_latest_only.py
[2021-10-18 17:26:09,360] {processor.py:632} INFO - DAG(s) dict_keys(['latest_only']) retrieved from /home/user/workspace/airflow/airflow_env/lib/python3.6/site-packages/airflow/example_dags/example_latest_only.py
[2021-10-18 17:26:09,373] {logging_mixin.py:109} INFO - [2021-10-18 17:26:09,373] {dag.py:2389} INFO - Sync 1 DAGs
[2021-10-18 17:26:09,388] {logging_mixin.py:109} INFO - [2021-10-18 17:26:09,388] {dag.py:2914} INFO - Setting next_dagrun for latest_only to 2021-10-18T07:56:09.388342+00:00
[2021-10-18 17:26:09,397] {processor.py:171} INFO - Processing /home/user/workspace/airflow/airflow_env/lib/python3.6/site-packages/airflow/example_dags/example_latest_only.py took 0.088 seconds
[2021-10-18 17:27:08,052] {processor.py:163} INFO - Started process (PID=24761) to work on /home/user/workspace/airflow/airflow_env/lib/python3.6/site-packages/airflow/example_dags/example_latest_only.py
[2021-10-18 17:27:08,054] {processor.py:620} INFO - Processing file /home/user/workspace/airflow/airflow_env/lib/python3.6/site-packages/airflow/example_dags/example_latest_only.py for tasks to queue
[2021-10-18 17:27:08,056] {logging_mixin.py:109} INFO - [2021-10-18 17:27:08,055] {dagbag.py:500} INFO - Filling up the DagBag from /home/user/workspace/airflow/airflow_env/lib/python3.6/site-packages/airflow/example_dags/example_latest_only.py
[2021-10-18 17:27:08,104] {processor.py:632} INFO - DAG(s) dict_keys(['latest_only']) retrieved from /home/user/workspace/airflow/airflow_env/lib/python3.6/site-packages/airflow/example_dags/example_latest_only.py
[2021-10-18 17:27:08,129] {logging_mixin.py:109} INFO - [2021-10-18 17:27:08,129] {dag.py:2389} INFO - Sync 1 DAGs
[2021-10-18 17:27:08,158] {logging_mixin.py:109} INFO - [2021-10-18 17:27:08,158] {dag.py:2914} INFO - Setting next_dagrun for latest_only to 2021-10-18T07:57:08.158171+00:00
[2021-10-18 17:27:08,170] {processor.py:171} INFO - Processing /home/user/workspace/airflow/airflow_env/lib/python3.6/site-packages/airflow/example_dags/example_latest_only.py took 0.124 seconds
[2021-10-18 17:28:06,919] {processor.py:163} INFO - Started process (PID=24894) to work on /home/user/workspace/airflow/airflow_env/lib/python3.6/site-packages/airflow/example_dags/example_latest_only.py
[2021-10-18 17:28:06,931] {processor.py:620} INFO - Processing file /home/user/workspace/airflow/airflow_env/lib/python3.6/site-packages/airflow/example_dags/example_latest_only.py for tasks to queue
[2021-10-18 17:28:06,933] {logging_mixin.py:109} INFO - [2021-10-18 17:28:06,933] {dagbag.py:500} INFO - Filling up the DagBag from /home/user/workspace/airflow/airflow_env/lib/python3.6/site-packages/airflow/example_dags/example_latest_only.py
[2021-10-18 17:28:06,977] {processor.py:632} INFO - DAG(s) dict_keys(['latest_only']) retrieved from /home/user/workspace/airflow/airflow_env/lib/python3.6/site-packages/airflow/example_dags/example_latest_only.py
[2021-10-18 17:28:07,003] {logging_mixin.py:109} INFO - [2021-10-18 17:28:07,002] {dag.py:2389} INFO - Sync 1 DAGs
[2021-10-18 17:28:07,032] {logging_mixin.py:109} INFO - [2021-10-18 17:28:07,032] {dag.py:2914} INFO - Setting next_dagrun for latest_only to 2021-10-18T07:58:07.031932+00:00
[2021-10-18 17:28:07,044] {processor.py:171} INFO - Processing /home/user/workspace/airflow/airflow_env/lib/python3.6/site-packages/airflow/example_dags/example_latest_only.py took 0.132 seconds
[2021-10-18 17:29:10,647] {processor.py:163} INFO - Started process (PID=25149) to work on /home/user/workspace/airflow/airflow_env/lib/python3.6/site-packages/airflow/example_dags/example_latest_only.py
[2021-10-18 17:29:10,649] {processor.py:620} INFO - Processing file /home/user/workspace/airflow/airflow_env/lib/python3.6/site-packages/airflow/example_dags/example_latest_only.py for tasks to queue
[2021-10-18 17:29:10,651] {logging_mixin.py:109} INFO - [2021-10-18 17:29:10,650] {dagbag.py:500} INFO - Filling up the DagBag from /home/user/workspace/airflow/airflow_env/lib/python3.6/site-packages/airflow/example_dags/example_latest_only.py
[2021-10-18 17:29:10,693] {processor.py:632} INFO - DAG(s) dict_keys(['latest_only']) retrieved from /home/user/workspace/airflow/airflow_env/lib/python3.6/site-packages/airflow/example_dags/example_latest_only.py
[2021-10-18 17:29:10,720] {logging_mixin.py:109} INFO - [2021-10-18 17:29:10,720] {dag.py:2389} INFO - Sync 1 DAGs
[2021-10-18 17:29:10,749] {logging_mixin.py:109} INFO - [2021-10-18 17:29:10,749] {dag.py:2914} INFO - Setting next_dagrun for latest_only to 2021-10-18T07:59:10.748954+00:00
[2021-10-18 17:29:10,761] {processor.py:171} INFO - Processing /home/user/workspace/airflow/airflow_env/lib/python3.6/site-packages/airflow/example_dags/example_latest_only.py took 0.120 seconds
[2021-10-18 17:30:11,659] {processor.py:163} INFO - Started process (PID=25298) to work on /home/user/workspace/airflow/airflow_env/lib/python3.6/site-packages/airflow/example_dags/example_latest_only.py
[2021-10-18 17:30:11,671] {processor.py:620} INFO - Processing file /home/user/workspace/airflow/airflow_env/lib/python3.6/site-packages/airflow/example_dags/example_latest_only.py for tasks to queue
[2021-10-18 17:30:11,673] {logging_mixin.py:109} INFO - [2021-10-18 17:30:11,672] {dagbag.py:500} INFO - Filling up the DagBag from /home/user/workspace/airflow/airflow_env/lib/python3.6/site-packages/airflow/example_dags/example_latest_only.py
[2021-10-18 17:30:11,720] {processor.py:632} INFO - DAG(s) dict_keys(['latest_only']) retrieved from /home/user/workspace/airflow/airflow_env/lib/python3.6/site-packages/airflow/example_dags/example_latest_only.py
[2021-10-18 17:30:11,744] {logging_mixin.py:109} INFO - [2021-10-18 17:30:11,744] {dag.py:2389} INFO - Sync 1 DAGs
[2021-10-18 17:30:11,777] {logging_mixin.py:109} INFO - [2021-10-18 17:30:11,777] {dag.py:2914} INFO - Setting next_dagrun for latest_only to 2021-10-18T08:00:11.776462+00:00
[2021-10-18 17:30:11,793] {processor.py:171} INFO - Processing /home/user/workspace/airflow/airflow_env/lib/python3.6/site-packages/airflow/example_dags/example_latest_only.py took 0.140 seconds
[2021-10-18 17:31:12,645] {processor.py:163} INFO - Started process (PID=25523) to work on /home/user/workspace/airflow/airflow_env/lib/python3.6/site-packages/airflow/example_dags/example_latest_only.py
[2021-10-18 17:31:12,647] {processor.py:620} INFO - Processing file /home/user/workspace/airflow/airflow_env/lib/python3.6/site-packages/airflow/example_dags/example_latest_only.py for tasks to queue
[2021-10-18 17:31:12,648] {logging_mixin.py:109} INFO - [2021-10-18 17:31:12,648] {dagbag.py:500} INFO - Filling up the DagBag from /home/user/workspace/airflow/airflow_env/lib/python3.6/site-packages/airflow/example_dags/example_latest_only.py
[2021-10-18 17:31:12,699] {processor.py:632} INFO - DAG(s) dict_keys(['latest_only']) retrieved from /home/user/workspace/airflow/airflow_env/lib/python3.6/site-packages/airflow/example_dags/example_latest_only.py
[2021-10-18 17:31:12,726] {logging_mixin.py:109} INFO - [2021-10-18 17:31:12,726] {dag.py:2389} INFO - Sync 1 DAGs
[2021-10-18 17:31:12,764] {logging_mixin.py:109} INFO - [2021-10-18 17:31:12,764] {dag.py:2914} INFO - Setting next_dagrun for latest_only to 2021-10-18T08:01:12.763541+00:00
[2021-10-18 17:31:12,790] {processor.py:171} INFO - Processing /home/user/workspace/airflow/airflow_env/lib/python3.6/site-packages/airflow/example_dags/example_latest_only.py took 0.151 seconds
[2021-10-18 17:32:13,947] {processor.py:163} INFO - Started process (PID=25683) to work on /home/user/workspace/airflow/airflow_env/lib/python3.6/site-packages/airflow/example_dags/example_latest_only.py
[2021-10-18 17:32:13,949] {processor.py:620} INFO - Processing file /home/user/workspace/airflow/airflow_env/lib/python3.6/site-packages/airflow/example_dags/example_latest_only.py for tasks to queue
[2021-10-18 17:32:13,951] {logging_mixin.py:109} INFO - [2021-10-18 17:32:13,950] {dagbag.py:500} INFO - Filling up the DagBag from /home/user/workspace/airflow/airflow_env/lib/python3.6/site-packages/airflow/example_dags/example_latest_only.py
[2021-10-18 17:32:13,994] {processor.py:632} INFO - DAG(s) dict_keys(['latest_only']) retrieved from /home/user/workspace/airflow/airflow_env/lib/python3.6/site-packages/airflow/example_dags/example_latest_only.py
[2021-10-18 17:32:14,018] {logging_mixin.py:109} INFO - [2021-10-18 17:32:14,018] {dag.py:2389} INFO - Sync 1 DAGs
[2021-10-18 17:32:14,048] {logging_mixin.py:109} INFO - [2021-10-18 17:32:14,048] {dag.py:2914} INFO - Setting next_dagrun for latest_only to 2021-10-18T08:02:14.048096+00:00
[2021-10-18 17:32:14,061] {processor.py:171} INFO - Processing /home/user/workspace/airflow/airflow_env/lib/python3.6/site-packages/airflow/example_dags/example_latest_only.py took 0.121 seconds
[2021-10-18 17:33:17,073] {processor.py:163} INFO - Started process (PID=25866) to work on /home/user/workspace/airflow/airflow_env/lib/python3.6/site-packages/airflow/example_dags/example_latest_only.py
[2021-10-18 17:33:17,075] {processor.py:620} INFO - Processing file /home/user/workspace/airflow/airflow_env/lib/python3.6/site-packages/airflow/example_dags/example_latest_only.py for tasks to queue
[2021-10-18 17:33:17,076] {logging_mixin.py:109} INFO - [2021-10-18 17:33:17,076] {dagbag.py:500} INFO - Filling up the DagBag from /home/user/workspace/airflow/airflow_env/lib/python3.6/site-packages/airflow/example_dags/example_latest_only.py
[2021-10-18 17:33:17,123] {processor.py:632} INFO - DAG(s) dict_keys(['latest_only']) retrieved from /home/user/workspace/airflow/airflow_env/lib/python3.6/site-packages/airflow/example_dags/example_latest_only.py
[2021-10-18 17:33:17,148] {logging_mixin.py:109} INFO - [2021-10-18 17:33:17,148] {dag.py:2389} INFO - Sync 1 DAGs
[2021-10-18 17:33:17,182] {logging_mixin.py:109} INFO - [2021-10-18 17:33:17,182] {dag.py:2914} INFO - Setting next_dagrun for latest_only to 2021-10-18T08:03:17.182053+00:00
[2021-10-18 17:33:17,195] {processor.py:171} INFO - Processing /home/user/workspace/airflow/airflow_env/lib/python3.6/site-packages/airflow/example_dags/example_latest_only.py took 0.128 seconds
[2021-10-18 17:34:13,448] {processor.py:163} INFO - Started process (PID=25969) to work on /home/user/workspace/airflow/airflow_env/lib/python3.6/site-packages/airflow/example_dags/example_latest_only.py
[2021-10-18 17:34:13,460] {processor.py:620} INFO - Processing file /home/user/workspace/airflow/airflow_env/lib/python3.6/site-packages/airflow/example_dags/example_latest_only.py for tasks to queue
[2021-10-18 17:34:13,462] {logging_mixin.py:109} INFO - [2021-10-18 17:34:13,461] {dagbag.py:500} INFO - Filling up the DagBag from /home/user/workspace/airflow/airflow_env/lib/python3.6/site-packages/airflow/example_dags/example_latest_only.py
[2021-10-18 17:34:13,502] {processor.py:632} INFO - DAG(s) dict_keys(['latest_only']) retrieved from /home/user/workspace/airflow/airflow_env/lib/python3.6/site-packages/airflow/example_dags/example_latest_only.py
[2021-10-18 17:34:13,524] {logging_mixin.py:109} INFO - [2021-10-18 17:34:13,524] {dag.py:2389} INFO - Sync 1 DAGs
[2021-10-18 17:34:13,553] {logging_mixin.py:109} INFO - [2021-10-18 17:34:13,553] {dag.py:2914} INFO - Setting next_dagrun for latest_only to 2021-10-18T08:04:13.552668+00:00
[2021-10-18 17:34:13,571] {processor.py:171} INFO - Processing /home/user/workspace/airflow/airflow_env/lib/python3.6/site-packages/airflow/example_dags/example_latest_only.py took 0.129 seconds
[2021-10-18 17:35:13,491] {processor.py:163} INFO - Started process (PID=26096) to work on /home/user/workspace/airflow/airflow_env/lib/python3.6/site-packages/airflow/example_dags/example_latest_only.py
[2021-10-18 17:35:13,493] {processor.py:620} INFO - Processing file /home/user/workspace/airflow/airflow_env/lib/python3.6/site-packages/airflow/example_dags/example_latest_only.py for tasks to queue
[2021-10-18 17:35:13,495] {logging_mixin.py:109} INFO - [2021-10-18 17:35:13,494] {dagbag.py:500} INFO - Filling up the DagBag from /home/user/workspace/airflow/airflow_env/lib/python3.6/site-packages/airflow/example_dags/example_latest_only.py
[2021-10-18 17:35:13,537] {processor.py:632} INFO - DAG(s) dict_keys(['latest_only']) retrieved from /home/user/workspace/airflow/airflow_env/lib/python3.6/site-packages/airflow/example_dags/example_latest_only.py
[2021-10-18 17:35:13,559] {logging_mixin.py:109} INFO - [2021-10-18 17:35:13,558] {dag.py:2389} INFO - Sync 1 DAGs
[2021-10-18 17:35:13,590] {logging_mixin.py:109} INFO - [2021-10-18 17:35:13,590] {dag.py:2914} INFO - Setting next_dagrun for latest_only to 2021-10-18T08:05:13.589634+00:00
[2021-10-18 17:35:13,609] {processor.py:171} INFO - Processing /home/user/workspace/airflow/airflow_env/lib/python3.6/site-packages/airflow/example_dags/example_latest_only.py took 0.123 seconds
[2021-10-18 17:36:12,378] {processor.py:163} INFO - Started process (PID=26291) to work on /home/user/workspace/airflow/airflow_env/lib/python3.6/site-packages/airflow/example_dags/example_latest_only.py
[2021-10-18 17:36:12,391] {processor.py:620} INFO - Processing file /home/user/workspace/airflow/airflow_env/lib/python3.6/site-packages/airflow/example_dags/example_latest_only.py for tasks to queue
[2021-10-18 17:36:12,392] {logging_mixin.py:109} INFO - [2021-10-18 17:36:12,392] {dagbag.py:500} INFO - Filling up the DagBag from /home/user/workspace/airflow/airflow_env/lib/python3.6/site-packages/airflow/example_dags/example_latest_only.py
[2021-10-18 17:36:12,439] {processor.py:632} INFO - DAG(s) dict_keys(['latest_only']) retrieved from /home/user/workspace/airflow/airflow_env/lib/python3.6/site-packages/airflow/example_dags/example_latest_only.py
[2021-10-18 17:36:12,465] {logging_mixin.py:109} INFO - [2021-10-18 17:36:12,464] {dag.py:2389} INFO - Sync 1 DAGs
[2021-10-18 17:36:12,498] {logging_mixin.py:109} INFO - [2021-10-18 17:36:12,497] {dag.py:2914} INFO - Setting next_dagrun for latest_only to 2021-10-18T08:06:12.497285+00:00
[2021-10-18 17:36:12,510] {processor.py:171} INFO - Processing /home/user/workspace/airflow/airflow_env/lib/python3.6/site-packages/airflow/example_dags/example_latest_only.py took 0.138 seconds
[2021-10-18 17:37:13,315] {processor.py:163} INFO - Started process (PID=26411) to work on /home/user/workspace/airflow/airflow_env/lib/python3.6/site-packages/airflow/example_dags/example_latest_only.py
[2021-10-18 17:37:13,317] {processor.py:620} INFO - Processing file /home/user/workspace/airflow/airflow_env/lib/python3.6/site-packages/airflow/example_dags/example_latest_only.py for tasks to queue
[2021-10-18 17:37:13,318] {logging_mixin.py:109} INFO - [2021-10-18 17:37:13,318] {dagbag.py:500} INFO - Filling up the DagBag from /home/user/workspace/airflow/airflow_env/lib/python3.6/site-packages/airflow/example_dags/example_latest_only.py
[2021-10-18 17:37:13,361] {processor.py:632} INFO - DAG(s) dict_keys(['latest_only']) retrieved from /home/user/workspace/airflow/airflow_env/lib/python3.6/site-packages/airflow/example_dags/example_latest_only.py
[2021-10-18 17:37:13,386] {logging_mixin.py:109} INFO - [2021-10-18 17:37:13,386] {dag.py:2389} INFO - Sync 1 DAGs
[2021-10-18 17:37:13,419] {logging_mixin.py:109} INFO - [2021-10-18 17:37:13,418] {dag.py:2914} INFO - Setting next_dagrun for latest_only to 2021-10-18T08:07:13.418120+00:00
[2021-10-18 17:37:13,432] {processor.py:171} INFO - Processing /home/user/workspace/airflow/airflow_env/lib/python3.6/site-packages/airflow/example_dags/example_latest_only.py took 0.124 seconds
[2021-10-18 17:38:14,729] {processor.py:163} INFO - Started process (PID=26563) to work on /home/user/workspace/airflow/airflow_env/lib/python3.6/site-packages/airflow/example_dags/example_latest_only.py
[2021-10-18 17:38:14,741] {processor.py:620} INFO - Processing file /home/user/workspace/airflow/airflow_env/lib/python3.6/site-packages/airflow/example_dags/example_latest_only.py for tasks to queue
[2021-10-18 17:38:14,743] {logging_mixin.py:109} INFO - [2021-10-18 17:38:14,742] {dagbag.py:500} INFO - Filling up the DagBag from /home/user/workspace/airflow/airflow_env/lib/python3.6/site-packages/airflow/example_dags/example_latest_only.py
[2021-10-18 17:38:14,792] {processor.py:632} INFO - DAG(s) dict_keys(['latest_only']) retrieved from /home/user/workspace/airflow/airflow_env/lib/python3.6/site-packages/airflow/example_dags/example_latest_only.py
[2021-10-18 17:38:14,819] {logging_mixin.py:109} INFO - [2021-10-18 17:38:14,819] {dag.py:2389} INFO - Sync 1 DAGs
[2021-10-18 17:38:14,849] {logging_mixin.py:109} INFO - [2021-10-18 17:38:14,849] {dag.py:2914} INFO - Setting next_dagrun for latest_only to 2021-10-18T08:08:14.848789+00:00
[2021-10-18 17:38:14,861] {processor.py:171} INFO - Processing /home/user/workspace/airflow/airflow_env/lib/python3.6/site-packages/airflow/example_dags/example_latest_only.py took 0.138 seconds
[2021-10-18 17:39:18,370] {processor.py:163} INFO - Started process (PID=26682) to work on /home/user/workspace/airflow/airflow_env/lib/python3.6/site-packages/airflow/example_dags/example_latest_only.py
[2021-10-18 17:39:18,371] {processor.py:620} INFO - Processing file /home/user/workspace/airflow/airflow_env/lib/python3.6/site-packages/airflow/example_dags/example_latest_only.py for tasks to queue
[2021-10-18 17:39:18,372] {logging_mixin.py:109} INFO - [2021-10-18 17:39:18,372] {dagbag.py:500} INFO - Filling up the DagBag from /home/user/workspace/airflow/airflow_env/lib/python3.6/site-packages/airflow/example_dags/example_latest_only.py
[2021-10-18 17:39:18,411] {processor.py:632} INFO - DAG(s) dict_keys(['latest_only']) retrieved from /home/user/workspace/airflow/airflow_env/lib/python3.6/site-packages/airflow/example_dags/example_latest_only.py
[2021-10-18 17:39:18,434] {logging_mixin.py:109} INFO - [2021-10-18 17:39:18,434] {dag.py:2389} INFO - Sync 1 DAGs
[2021-10-18 17:39:18,468] {logging_mixin.py:109} INFO - [2021-10-18 17:39:18,468] {dag.py:2914} INFO - Setting next_dagrun for latest_only to 2021-10-18T08:09:18.467556+00:00
[2021-10-18 17:39:18,493] {processor.py:171} INFO - Processing /home/user/workspace/airflow/airflow_env/lib/python3.6/site-packages/airflow/example_dags/example_latest_only.py took 0.127 seconds
[2021-10-18 17:40:25,334] {processor.py:163} INFO - Started process (PID=26928) to work on /home/user/workspace/airflow/airflow_env/lib/python3.6/site-packages/airflow/example_dags/example_latest_only.py
[2021-10-18 17:40:25,337] {processor.py:620} INFO - Processing file /home/user/workspace/airflow/airflow_env/lib/python3.6/site-packages/airflow/example_dags/example_latest_only.py for tasks to queue
[2021-10-18 17:40:25,339] {logging_mixin.py:109} INFO - [2021-10-18 17:40:25,338] {dagbag.py:500} INFO - Filling up the DagBag from /home/user/workspace/airflow/airflow_env/lib/python3.6/site-packages/airflow/example_dags/example_latest_only.py
[2021-10-18 17:40:25,406] {processor.py:632} INFO - DAG(s) dict_keys(['latest_only']) retrieved from /home/user/workspace/airflow/airflow_env/lib/python3.6/site-packages/airflow/example_dags/example_latest_only.py
[2021-10-18 17:40:25,443] {logging_mixin.py:109} INFO - [2021-10-18 17:40:25,442] {dag.py:2389} INFO - Sync 1 DAGs
[2021-10-18 17:40:25,496] {logging_mixin.py:109} INFO - [2021-10-18 17:40:25,496] {dag.py:2914} INFO - Setting next_dagrun for latest_only to 2021-10-18T08:10:25.495137+00:00
[2021-10-18 17:40:25,545] {processor.py:171} INFO - Processing /home/user/workspace/airflow/airflow_env/lib/python3.6/site-packages/airflow/example_dags/example_latest_only.py took 0.219 seconds
[2021-10-18 17:41:24,110] {processor.py:163} INFO - Started process (PID=27038) to work on /home/user/workspace/airflow/airflow_env/lib/python3.6/site-packages/airflow/example_dags/example_latest_only.py
[2021-10-18 17:41:24,112] {processor.py:620} INFO - Processing file /home/user/workspace/airflow/airflow_env/lib/python3.6/site-packages/airflow/example_dags/example_latest_only.py for tasks to queue
[2021-10-18 17:41:24,113] {logging_mixin.py:109} INFO - [2021-10-18 17:41:24,112] {dagbag.py:500} INFO - Filling up the DagBag from /home/user/workspace/airflow/airflow_env/lib/python3.6/site-packages/airflow/example_dags/example_latest_only.py
[2021-10-18 17:41:24,136] {processor.py:632} INFO - DAG(s) dict_keys(['latest_only']) retrieved from /home/user/workspace/airflow/airflow_env/lib/python3.6/site-packages/airflow/example_dags/example_latest_only.py
[2021-10-18 17:41:24,149] {logging_mixin.py:109} INFO - [2021-10-18 17:41:24,149] {dag.py:2389} INFO - Sync 1 DAGs
[2021-10-18 17:41:24,165] {logging_mixin.py:109} INFO - [2021-10-18 17:41:24,165] {dag.py:2914} INFO - Setting next_dagrun for latest_only to 2021-10-18T08:11:24.165124+00:00
[2021-10-18 17:41:24,176] {processor.py:171} INFO - Processing /home/user/workspace/airflow/airflow_env/lib/python3.6/site-packages/airflow/example_dags/example_latest_only.py took 0.068 seconds
[2021-10-18 17:42:22,934] {processor.py:163} INFO - Started process (PID=27148) to work on /home/user/workspace/airflow/airflow_env/lib/python3.6/site-packages/airflow/example_dags/example_latest_only.py
[2021-10-18 17:42:22,946] {processor.py:620} INFO - Processing file /home/user/workspace/airflow/airflow_env/lib/python3.6/site-packages/airflow/example_dags/example_latest_only.py for tasks to queue
[2021-10-18 17:42:22,948] {logging_mixin.py:109} INFO - [2021-10-18 17:42:22,948] {dagbag.py:500} INFO - Filling up the DagBag from /home/user/workspace/airflow/airflow_env/lib/python3.6/site-packages/airflow/example_dags/example_latest_only.py
[2021-10-18 17:42:22,999] {processor.py:632} INFO - DAG(s) dict_keys(['latest_only']) retrieved from /home/user/workspace/airflow/airflow_env/lib/python3.6/site-packages/airflow/example_dags/example_latest_only.py
[2021-10-18 17:42:23,027] {logging_mixin.py:109} INFO - [2021-10-18 17:42:23,026] {dag.py:2389} INFO - Sync 1 DAGs
[2021-10-18 17:42:23,062] {logging_mixin.py:109} INFO - [2021-10-18 17:42:23,062] {dag.py:2914} INFO - Setting next_dagrun for latest_only to 2021-10-18T08:12:23.061844+00:00
[2021-10-18 17:42:23,072] {processor.py:171} INFO - Processing /home/user/workspace/airflow/airflow_env/lib/python3.6/site-packages/airflow/example_dags/example_latest_only.py took 0.145 seconds
[2021-10-18 17:43:21,582] {processor.py:163} INFO - Started process (PID=27307) to work on /home/user/workspace/airflow/airflow_env/lib/python3.6/site-packages/airflow/example_dags/example_latest_only.py
[2021-10-18 17:43:21,583] {processor.py:620} INFO - Processing file /home/user/workspace/airflow/airflow_env/lib/python3.6/site-packages/airflow/example_dags/example_latest_only.py for tasks to queue
[2021-10-18 17:43:21,583] {logging_mixin.py:109} INFO - [2021-10-18 17:43:21,583] {dagbag.py:500} INFO - Filling up the DagBag from /home/user/workspace/airflow/airflow_env/lib/python3.6/site-packages/airflow/example_dags/example_latest_only.py
[2021-10-18 17:43:21,601] {processor.py:632} INFO - DAG(s) dict_keys(['latest_only']) retrieved from /home/user/workspace/airflow/airflow_env/lib/python3.6/site-packages/airflow/example_dags/example_latest_only.py
[2021-10-18 17:43:21,611] {logging_mixin.py:109} INFO - [2021-10-18 17:43:21,611] {dag.py:2389} INFO - Sync 1 DAGs
[2021-10-18 17:43:21,632] {logging_mixin.py:109} INFO - [2021-10-18 17:43:21,632] {dag.py:2914} INFO - Setting next_dagrun for latest_only to 2021-10-18T08:13:21.631734+00:00
[2021-10-18 17:43:21,642] {processor.py:171} INFO - Processing /home/user/workspace/airflow/airflow_env/lib/python3.6/site-packages/airflow/example_dags/example_latest_only.py took 0.063 seconds
[2021-10-18 17:44:17,789] {processor.py:163} INFO - Started process (PID=27503) to work on /home/user/workspace/airflow/airflow_env/lib/python3.6/site-packages/airflow/example_dags/example_latest_only.py
[2021-10-18 17:44:17,790] {processor.py:620} INFO - Processing file /home/user/workspace/airflow/airflow_env/lib/python3.6/site-packages/airflow/example_dags/example_latest_only.py for tasks to queue
[2021-10-18 17:44:17,791] {logging_mixin.py:109} INFO - [2021-10-18 17:44:17,790] {dagbag.py:500} INFO - Filling up the DagBag from /home/user/workspace/airflow/airflow_env/lib/python3.6/site-packages/airflow/example_dags/example_latest_only.py
[2021-10-18 17:44:17,810] {processor.py:632} INFO - DAG(s) dict_keys(['latest_only']) retrieved from /home/user/workspace/airflow/airflow_env/lib/python3.6/site-packages/airflow/example_dags/example_latest_only.py
[2021-10-18 17:44:17,820] {logging_mixin.py:109} INFO - [2021-10-18 17:44:17,820] {dag.py:2389} INFO - Sync 1 DAGs
[2021-10-18 17:44:17,841] {logging_mixin.py:109} INFO - [2021-10-18 17:44:17,840] {dag.py:2914} INFO - Setting next_dagrun for latest_only to 2021-10-18T08:14:17.840368+00:00
[2021-10-18 17:44:17,855] {processor.py:171} INFO - Processing /home/user/workspace/airflow/airflow_env/lib/python3.6/site-packages/airflow/example_dags/example_latest_only.py took 0.070 seconds
[2021-10-18 17:45:14,151] {processor.py:163} INFO - Started process (PID=27677) to work on /home/user/workspace/airflow/airflow_env/lib/python3.6/site-packages/airflow/example_dags/example_latest_only.py
[2021-10-18 17:45:14,152] {processor.py:620} INFO - Processing file /home/user/workspace/airflow/airflow_env/lib/python3.6/site-packages/airflow/example_dags/example_latest_only.py for tasks to queue
[2021-10-18 17:45:14,153] {logging_mixin.py:109} INFO - [2021-10-18 17:45:14,153] {dagbag.py:500} INFO - Filling up the DagBag from /home/user/workspace/airflow/airflow_env/lib/python3.6/site-packages/airflow/example_dags/example_latest_only.py
[2021-10-18 17:45:14,180] {processor.py:632} INFO - DAG(s) dict_keys(['latest_only']) retrieved from /home/user/workspace/airflow/airflow_env/lib/python3.6/site-packages/airflow/example_dags/example_latest_only.py
[2021-10-18 17:45:14,192] {logging_mixin.py:109} INFO - [2021-10-18 17:45:14,192] {dag.py:2389} INFO - Sync 1 DAGs
[2021-10-18 17:45:14,206] {logging_mixin.py:109} INFO - [2021-10-18 17:45:14,206] {dag.py:2914} INFO - Setting next_dagrun for latest_only to 2021-10-18T08:15:14.206504+00:00
[2021-10-18 17:45:14,219] {processor.py:171} INFO - Processing /home/user/workspace/airflow/airflow_env/lib/python3.6/site-packages/airflow/example_dags/example_latest_only.py took 0.072 seconds
[2021-10-18 17:46:10,620] {processor.py:163} INFO - Started process (PID=27944) to work on /home/user/workspace/airflow/airflow_env/lib/python3.6/site-packages/airflow/example_dags/example_latest_only.py
[2021-10-18 17:46:10,621] {processor.py:620} INFO - Processing file /home/user/workspace/airflow/airflow_env/lib/python3.6/site-packages/airflow/example_dags/example_latest_only.py for tasks to queue
[2021-10-18 17:46:10,621] {logging_mixin.py:109} INFO - [2021-10-18 17:46:10,621] {dagbag.py:500} INFO - Filling up the DagBag from /home/user/workspace/airflow/airflow_env/lib/python3.6/site-packages/airflow/example_dags/example_latest_only.py
[2021-10-18 17:46:10,638] {processor.py:632} INFO - DAG(s) dict_keys(['latest_only']) retrieved from /home/user/workspace/airflow/airflow_env/lib/python3.6/site-packages/airflow/example_dags/example_latest_only.py
[2021-10-18 17:46:10,647] {logging_mixin.py:109} INFO - [2021-10-18 17:46:10,647] {dag.py:2389} INFO - Sync 1 DAGs
[2021-10-18 17:46:10,659] {logging_mixin.py:109} INFO - [2021-10-18 17:46:10,659] {dag.py:2914} INFO - Setting next_dagrun for latest_only to 2021-10-18T08:16:10.659363+00:00
[2021-10-18 17:46:10,668] {processor.py:171} INFO - Processing /home/user/workspace/airflow/airflow_env/lib/python3.6/site-packages/airflow/example_dags/example_latest_only.py took 0.050 seconds
[2021-10-18 17:47:02,987] {processor.py:163} INFO - Started process (PID=28111) to work on /home/user/workspace/airflow/airflow_env/lib/python3.6/site-packages/airflow/example_dags/example_latest_only.py
[2021-10-18 17:47:02,989] {processor.py:620} INFO - Processing file /home/user/workspace/airflow/airflow_env/lib/python3.6/site-packages/airflow/example_dags/example_latest_only.py for tasks to queue
[2021-10-18 17:47:02,990] {logging_mixin.py:109} INFO - [2021-10-18 17:47:02,990] {dagbag.py:500} INFO - Filling up the DagBag from /home/user/workspace/airflow/airflow_env/lib/python3.6/site-packages/airflow/example_dags/example_latest_only.py
[2021-10-18 17:47:03,027] {processor.py:632} INFO - DAG(s) dict_keys(['latest_only']) retrieved from /home/user/workspace/airflow/airflow_env/lib/python3.6/site-packages/airflow/example_dags/example_latest_only.py
[2021-10-18 17:47:03,046] {logging_mixin.py:109} INFO - [2021-10-18 17:47:03,045] {dag.py:2389} INFO - Sync 1 DAGs
[2021-10-18 17:47:03,069] {logging_mixin.py:109} INFO - [2021-10-18 17:47:03,069] {dag.py:2914} INFO - Setting next_dagrun for latest_only to 2021-10-18T08:17:03.068735+00:00
[2021-10-18 17:47:03,084] {processor.py:171} INFO - Processing /home/user/workspace/airflow/airflow_env/lib/python3.6/site-packages/airflow/example_dags/example_latest_only.py took 0.102 seconds
[2021-10-18 17:48:00,646] {processor.py:163} INFO - Started process (PID=28243) to work on /home/user/workspace/airflow/airflow_env/lib/python3.6/site-packages/airflow/example_dags/example_latest_only.py
[2021-10-18 17:48:00,658] {processor.py:620} INFO - Processing file /home/user/workspace/airflow/airflow_env/lib/python3.6/site-packages/airflow/example_dags/example_latest_only.py for tasks to queue
[2021-10-18 17:48:00,659] {logging_mixin.py:109} INFO - [2021-10-18 17:48:00,659] {dagbag.py:500} INFO - Filling up the DagBag from /home/user/workspace/airflow/airflow_env/lib/python3.6/site-packages/airflow/example_dags/example_latest_only.py
[2021-10-18 17:48:00,701] {processor.py:632} INFO - DAG(s) dict_keys(['latest_only']) retrieved from /home/user/workspace/airflow/airflow_env/lib/python3.6/site-packages/airflow/example_dags/example_latest_only.py
[2021-10-18 17:48:00,722] {logging_mixin.py:109} INFO - [2021-10-18 17:48:00,721] {dag.py:2389} INFO - Sync 1 DAGs
[2021-10-18 17:48:00,752] {logging_mixin.py:109} INFO - [2021-10-18 17:48:00,752] {dag.py:2914} INFO - Setting next_dagrun for latest_only to 2021-10-18T08:18:00.751441+00:00
[2021-10-18 17:48:00,765] {processor.py:171} INFO - Processing /home/user/workspace/airflow/airflow_env/lib/python3.6/site-packages/airflow/example_dags/example_latest_only.py took 0.126 seconds
[2021-10-18 17:49:04,483] {processor.py:163} INFO - Started process (PID=28361) to work on /home/user/workspace/airflow/airflow_env/lib/python3.6/site-packages/airflow/example_dags/example_latest_only.py
[2021-10-18 17:49:04,486] {processor.py:620} INFO - Processing file /home/user/workspace/airflow/airflow_env/lib/python3.6/site-packages/airflow/example_dags/example_latest_only.py for tasks to queue
[2021-10-18 17:49:04,488] {logging_mixin.py:109} INFO - [2021-10-18 17:49:04,488] {dagbag.py:500} INFO - Filling up the DagBag from /home/user/workspace/airflow/airflow_env/lib/python3.6/site-packages/airflow/example_dags/example_latest_only.py
[2021-10-18 17:49:04,548] {processor.py:632} INFO - DAG(s) dict_keys(['latest_only']) retrieved from /home/user/workspace/airflow/airflow_env/lib/python3.6/site-packages/airflow/example_dags/example_latest_only.py
[2021-10-18 17:49:04,573] {logging_mixin.py:109} INFO - [2021-10-18 17:49:04,573] {dag.py:2389} INFO - Sync 1 DAGs
[2021-10-18 17:49:04,588] {logging_mixin.py:109} INFO - [2021-10-18 17:49:04,588] {dag.py:2914} INFO - Setting next_dagrun for latest_only to 2021-10-18T08:19:04.587772+00:00
[2021-10-18 17:49:04,597] {processor.py:171} INFO - Processing /home/user/workspace/airflow/airflow_env/lib/python3.6/site-packages/airflow/example_dags/example_latest_only.py took 0.122 seconds
[2021-10-18 17:50:16,914] {processor.py:163} INFO - Started process (PID=28601) to work on /home/user/workspace/airflow/airflow_env/lib/python3.6/site-packages/airflow/example_dags/example_latest_only.py
[2021-10-18 17:50:16,926] {processor.py:620} INFO - Processing file /home/user/workspace/airflow/airflow_env/lib/python3.6/site-packages/airflow/example_dags/example_latest_only.py for tasks to queue
[2021-10-18 17:50:16,927] {logging_mixin.py:109} INFO - [2021-10-18 17:50:16,927] {dagbag.py:500} INFO - Filling up the DagBag from /home/user/workspace/airflow/airflow_env/lib/python3.6/site-packages/airflow/example_dags/example_latest_only.py
[2021-10-18 17:50:16,965] {processor.py:632} INFO - DAG(s) dict_keys(['latest_only']) retrieved from /home/user/workspace/airflow/airflow_env/lib/python3.6/site-packages/airflow/example_dags/example_latest_only.py
[2021-10-18 17:50:16,983] {logging_mixin.py:109} INFO - [2021-10-18 17:50:16,983] {dag.py:2389} INFO - Sync 1 DAGs
[2021-10-18 17:50:17,006] {logging_mixin.py:109} INFO - [2021-10-18 17:50:17,006] {dag.py:2914} INFO - Setting next_dagrun for latest_only to 2021-10-18T08:20:17.005892+00:00
[2021-10-18 17:50:17,022] {processor.py:171} INFO - Processing /home/user/workspace/airflow/airflow_env/lib/python3.6/site-packages/airflow/example_dags/example_latest_only.py took 0.114 seconds
[2021-10-18 17:51:27,352] {processor.py:163} INFO - Started process (PID=28965) to work on /home/user/workspace/airflow/airflow_env/lib/python3.6/site-packages/airflow/example_dags/example_latest_only.py
[2021-10-18 17:51:27,356] {processor.py:620} INFO - Processing file /home/user/workspace/airflow/airflow_env/lib/python3.6/site-packages/airflow/example_dags/example_latest_only.py for tasks to queue
[2021-10-18 17:51:27,357] {logging_mixin.py:109} INFO - [2021-10-18 17:51:27,357] {dagbag.py:500} INFO - Filling up the DagBag from /home/user/workspace/airflow/airflow_env/lib/python3.6/site-packages/airflow/example_dags/example_latest_only.py
[2021-10-18 17:51:27,410] {processor.py:632} INFO - DAG(s) dict_keys(['latest_only']) retrieved from /home/user/workspace/airflow/airflow_env/lib/python3.6/site-packages/airflow/example_dags/example_latest_only.py
[2021-10-18 17:51:27,435] {logging_mixin.py:109} INFO - [2021-10-18 17:51:27,435] {dag.py:2389} INFO - Sync 1 DAGs
[2021-10-18 17:51:27,456] {logging_mixin.py:109} INFO - [2021-10-18 17:51:27,455] {dag.py:2914} INFO - Setting next_dagrun for latest_only to 2021-10-18T08:21:27.455512+00:00
[2021-10-18 17:51:27,466] {processor.py:171} INFO - Processing /home/user/workspace/airflow/airflow_env/lib/python3.6/site-packages/airflow/example_dags/example_latest_only.py took 0.120 seconds
[2021-10-18 17:52:37,430] {processor.py:163} INFO - Started process (PID=29112) to work on /home/user/workspace/airflow/airflow_env/lib/python3.6/site-packages/airflow/example_dags/example_latest_only.py
[2021-10-18 17:52:37,442] {processor.py:620} INFO - Processing file /home/user/workspace/airflow/airflow_env/lib/python3.6/site-packages/airflow/example_dags/example_latest_only.py for tasks to queue
[2021-10-18 17:52:37,444] {logging_mixin.py:109} INFO - [2021-10-18 17:52:37,443] {dagbag.py:500} INFO - Filling up the DagBag from /home/user/workspace/airflow/airflow_env/lib/python3.6/site-packages/airflow/example_dags/example_latest_only.py
[2021-10-18 17:52:37,480] {processor.py:632} INFO - DAG(s) dict_keys(['latest_only']) retrieved from /home/user/workspace/airflow/airflow_env/lib/python3.6/site-packages/airflow/example_dags/example_latest_only.py
[2021-10-18 17:52:37,500] {logging_mixin.py:109} INFO - [2021-10-18 17:52:37,500] {dag.py:2389} INFO - Sync 1 DAGs
[2021-10-18 17:52:37,526] {logging_mixin.py:109} INFO - [2021-10-18 17:52:37,525] {dag.py:2914} INFO - Setting next_dagrun for latest_only to 2021-10-18T08:22:37.525369+00:00
[2021-10-18 17:52:37,542] {processor.py:171} INFO - Processing /home/user/workspace/airflow/airflow_env/lib/python3.6/site-packages/airflow/example_dags/example_latest_only.py took 0.117 seconds
[2021-10-18 17:53:46,231] {processor.py:163} INFO - Started process (PID=29251) to work on /home/user/workspace/airflow/airflow_env/lib/python3.6/site-packages/airflow/example_dags/example_latest_only.py
[2021-10-18 17:53:46,234] {processor.py:620} INFO - Processing file /home/user/workspace/airflow/airflow_env/lib/python3.6/site-packages/airflow/example_dags/example_latest_only.py for tasks to queue
[2021-10-18 17:53:46,236] {logging_mixin.py:109} INFO - [2021-10-18 17:53:46,235] {dagbag.py:500} INFO - Filling up the DagBag from /home/user/workspace/airflow/airflow_env/lib/python3.6/site-packages/airflow/example_dags/example_latest_only.py
[2021-10-18 17:53:46,281] {processor.py:632} INFO - DAG(s) dict_keys(['latest_only']) retrieved from /home/user/workspace/airflow/airflow_env/lib/python3.6/site-packages/airflow/example_dags/example_latest_only.py
[2021-10-18 17:53:46,306] {logging_mixin.py:109} INFO - [2021-10-18 17:53:46,306] {dag.py:2389} INFO - Sync 1 DAGs
[2021-10-18 17:53:46,336] {logging_mixin.py:109} INFO - [2021-10-18 17:53:46,335] {dag.py:2914} INFO - Setting next_dagrun for latest_only to 2021-10-18T08:23:46.335425+00:00
[2021-10-18 17:53:46,347] {processor.py:171} INFO - Processing /home/user/workspace/airflow/airflow_env/lib/python3.6/site-packages/airflow/example_dags/example_latest_only.py took 0.122 seconds
[2021-10-18 17:54:59,963] {processor.py:163} INFO - Started process (PID=29366) to work on /home/user/workspace/airflow/airflow_env/lib/python3.6/site-packages/airflow/example_dags/example_latest_only.py
[2021-10-18 17:54:59,966] {processor.py:620} INFO - Processing file /home/user/workspace/airflow/airflow_env/lib/python3.6/site-packages/airflow/example_dags/example_latest_only.py for tasks to queue
[2021-10-18 17:54:59,967] {logging_mixin.py:109} INFO - [2021-10-18 17:54:59,967] {dagbag.py:500} INFO - Filling up the DagBag from /home/user/workspace/airflow/airflow_env/lib/python3.6/site-packages/airflow/example_dags/example_latest_only.py
[2021-10-18 17:55:00,026] {processor.py:632} INFO - DAG(s) dict_keys(['latest_only']) retrieved from /home/user/workspace/airflow/airflow_env/lib/python3.6/site-packages/airflow/example_dags/example_latest_only.py
[2021-10-18 17:55:00,057] {logging_mixin.py:109} INFO - [2021-10-18 17:55:00,057] {dag.py:2389} INFO - Sync 1 DAGs
[2021-10-18 17:55:00,088] {logging_mixin.py:109} INFO - [2021-10-18 17:55:00,088] {dag.py:2914} INFO - Setting next_dagrun for latest_only to 2021-10-18T08:25:00.088373+00:00
[2021-10-18 17:55:00,099] {processor.py:171} INFO - Processing /home/user/workspace/airflow/airflow_env/lib/python3.6/site-packages/airflow/example_dags/example_latest_only.py took 0.142 seconds
[2021-10-18 17:56:04,817] {processor.py:163} INFO - Started process (PID=29545) to work on /home/user/workspace/airflow/airflow_env/lib/python3.6/site-packages/airflow/example_dags/example_latest_only.py
[2021-10-18 17:56:04,819] {processor.py:620} INFO - Processing file /home/user/workspace/airflow/airflow_env/lib/python3.6/site-packages/airflow/example_dags/example_latest_only.py for tasks to queue
[2021-10-18 17:56:04,821] {logging_mixin.py:109} INFO - [2021-10-18 17:56:04,821] {dagbag.py:500} INFO - Filling up the DagBag from /home/user/workspace/airflow/airflow_env/lib/python3.6/site-packages/airflow/example_dags/example_latest_only.py
[2021-10-18 17:56:04,870] {processor.py:632} INFO - DAG(s) dict_keys(['latest_only']) retrieved from /home/user/workspace/airflow/airflow_env/lib/python3.6/site-packages/airflow/example_dags/example_latest_only.py
[2021-10-18 17:56:04,886] {logging_mixin.py:109} INFO - [2021-10-18 17:56:04,886] {dag.py:2389} INFO - Sync 1 DAGs
[2021-10-18 17:56:04,900] {logging_mixin.py:109} INFO - [2021-10-18 17:56:04,900] {dag.py:2914} INFO - Setting next_dagrun for latest_only to 2021-10-18T08:26:04.900063+00:00
[2021-10-18 17:56:04,909] {processor.py:171} INFO - Processing /home/user/workspace/airflow/airflow_env/lib/python3.6/site-packages/airflow/example_dags/example_latest_only.py took 0.098 seconds
[2021-10-18 17:57:13,384] {processor.py:163} INFO - Started process (PID=29656) to work on /home/user/workspace/airflow/airflow_env/lib/python3.6/site-packages/airflow/example_dags/example_latest_only.py
[2021-10-18 17:57:13,396] {processor.py:620} INFO - Processing file /home/user/workspace/airflow/airflow_env/lib/python3.6/site-packages/airflow/example_dags/example_latest_only.py for tasks to queue
[2021-10-18 17:57:13,398] {logging_mixin.py:109} INFO - [2021-10-18 17:57:13,397] {dagbag.py:500} INFO - Filling up the DagBag from /home/user/workspace/airflow/airflow_env/lib/python3.6/site-packages/airflow/example_dags/example_latest_only.py
[2021-10-18 17:57:13,439] {processor.py:632} INFO - DAG(s) dict_keys(['latest_only']) retrieved from /home/user/workspace/airflow/airflow_env/lib/python3.6/site-packages/airflow/example_dags/example_latest_only.py
[2021-10-18 17:57:13,460] {logging_mixin.py:109} INFO - [2021-10-18 17:57:13,459] {dag.py:2389} INFO - Sync 1 DAGs
[2021-10-18 17:57:13,492] {logging_mixin.py:109} INFO - [2021-10-18 17:57:13,492] {dag.py:2914} INFO - Setting next_dagrun for latest_only to 2021-10-18T08:27:13.491973+00:00
[2021-10-18 17:57:13,507] {processor.py:171} INFO - Processing /home/user/workspace/airflow/airflow_env/lib/python3.6/site-packages/airflow/example_dags/example_latest_only.py took 0.128 seconds
[2021-10-18 17:58:23,845] {processor.py:163} INFO - Started process (PID=29788) to work on /home/user/workspace/airflow/airflow_env/lib/python3.6/site-packages/airflow/example_dags/example_latest_only.py
[2021-10-18 17:58:23,847] {processor.py:620} INFO - Processing file /home/user/workspace/airflow/airflow_env/lib/python3.6/site-packages/airflow/example_dags/example_latest_only.py for tasks to queue
[2021-10-18 17:58:23,849] {logging_mixin.py:109} INFO - [2021-10-18 17:58:23,848] {dagbag.py:500} INFO - Filling up the DagBag from /home/user/workspace/airflow/airflow_env/lib/python3.6/site-packages/airflow/example_dags/example_latest_only.py
[2021-10-18 17:58:23,895] {processor.py:632} INFO - DAG(s) dict_keys(['latest_only']) retrieved from /home/user/workspace/airflow/airflow_env/lib/python3.6/site-packages/airflow/example_dags/example_latest_only.py
[2021-10-18 17:58:23,922] {logging_mixin.py:109} INFO - [2021-10-18 17:58:23,921] {dag.py:2389} INFO - Sync 1 DAGs
[2021-10-18 17:58:23,956] {logging_mixin.py:109} INFO - [2021-10-18 17:58:23,955] {dag.py:2914} INFO - Setting next_dagrun for latest_only to 2021-10-18T08:28:23.955105+00:00
[2021-10-18 17:58:23,968] {processor.py:171} INFO - Processing /home/user/workspace/airflow/airflow_env/lib/python3.6/site-packages/airflow/example_dags/example_latest_only.py took 0.130 seconds
[2021-10-18 17:59:30,275] {processor.py:163} INFO - Started process (PID=29902) to work on /home/user/workspace/airflow/airflow_env/lib/python3.6/site-packages/airflow/example_dags/example_latest_only.py
[2021-10-18 17:59:30,287] {processor.py:620} INFO - Processing file /home/user/workspace/airflow/airflow_env/lib/python3.6/site-packages/airflow/example_dags/example_latest_only.py for tasks to queue
[2021-10-18 17:59:30,288] {logging_mixin.py:109} INFO - [2021-10-18 17:59:30,288] {dagbag.py:500} INFO - Filling up the DagBag from /home/user/workspace/airflow/airflow_env/lib/python3.6/site-packages/airflow/example_dags/example_latest_only.py
[2021-10-18 17:59:30,329] {processor.py:632} INFO - DAG(s) dict_keys(['latest_only']) retrieved from /home/user/workspace/airflow/airflow_env/lib/python3.6/site-packages/airflow/example_dags/example_latest_only.py
[2021-10-18 17:59:30,350] {logging_mixin.py:109} INFO - [2021-10-18 17:59:30,350] {dag.py:2389} INFO - Sync 1 DAGs
[2021-10-18 17:59:30,379] {logging_mixin.py:109} INFO - [2021-10-18 17:59:30,378] {dag.py:2914} INFO - Setting next_dagrun for latest_only to 2021-10-18T08:29:30.378262+00:00
[2021-10-18 17:59:30,401] {processor.py:171} INFO - Processing /home/user/workspace/airflow/airflow_env/lib/python3.6/site-packages/airflow/example_dags/example_latest_only.py took 0.131 seconds
[2021-10-18 18:00:38,355] {processor.py:163} INFO - Started process (PID=30016) to work on /home/user/workspace/airflow/airflow_env/lib/python3.6/site-packages/airflow/example_dags/example_latest_only.py
[2021-10-18 18:00:38,357] {processor.py:620} INFO - Processing file /home/user/workspace/airflow/airflow_env/lib/python3.6/site-packages/airflow/example_dags/example_latest_only.py for tasks to queue
[2021-10-18 18:00:38,360] {logging_mixin.py:109} INFO - [2021-10-18 18:00:38,359] {dagbag.py:500} INFO - Filling up the DagBag from /home/user/workspace/airflow/airflow_env/lib/python3.6/site-packages/airflow/example_dags/example_latest_only.py
[2021-10-18 18:00:38,418] {processor.py:632} INFO - DAG(s) dict_keys(['latest_only']) retrieved from /home/user/workspace/airflow/airflow_env/lib/python3.6/site-packages/airflow/example_dags/example_latest_only.py
[2021-10-18 18:00:38,452] {logging_mixin.py:109} INFO - [2021-10-18 18:00:38,451] {dag.py:2389} INFO - Sync 1 DAGs
[2021-10-18 18:00:38,496] {logging_mixin.py:109} INFO - [2021-10-18 18:00:38,495] {dag.py:2914} INFO - Setting next_dagrun for latest_only to 2021-10-18T08:30:38.495257+00:00
[2021-10-18 18:00:38,526] {processor.py:171} INFO - Processing /home/user/workspace/airflow/airflow_env/lib/python3.6/site-packages/airflow/example_dags/example_latest_only.py took 0.178 seconds
