[2021-10-18 17:18:20,941] {processor.py:163} INFO - Started process (PID=23332) to work on /home/user/workspace/airflow/airflow_env/lib/python3.6/site-packages/airflow/example_dags/example_branch_datetime_operator.py
[2021-10-18 17:18:20,942] {processor.py:620} INFO - Processing file /home/user/workspace/airflow/airflow_env/lib/python3.6/site-packages/airflow/example_dags/example_branch_datetime_operator.py for tasks to queue
[2021-10-18 17:18:20,943] {logging_mixin.py:109} INFO - [2021-10-18 17:18:20,943] {dagbag.py:500} INFO - Filling up the DagBag from /home/user/workspace/airflow/airflow_env/lib/python3.6/site-packages/airflow/example_dags/example_branch_datetime_operator.py
[2021-10-18 17:18:20,961] {processor.py:632} INFO - DAG(s) dict_keys(['example_branch_datetime_operator_2']) retrieved from /home/user/workspace/airflow/airflow_env/lib/python3.6/site-packages/airflow/example_dags/example_branch_datetime_operator.py
[2021-10-18 17:18:20,969] {logging_mixin.py:109} INFO - [2021-10-18 17:18:20,969] {dag.py:2389} INFO - Sync 1 DAGs
[2021-10-18 17:18:20,984] {logging_mixin.py:109} INFO - [2021-10-18 17:18:20,983] {dag.py:2914} INFO - Setting next_dagrun for example_branch_datetime_operator_2 to 2021-10-17 00:00:00+00:00
[2021-10-18 17:18:20,991] {processor.py:171} INFO - Processing /home/user/workspace/airflow/airflow_env/lib/python3.6/site-packages/airflow/example_dags/example_branch_datetime_operator.py took 0.053 seconds
[2021-10-18 17:19:12,389] {processor.py:163} INFO - Started process (PID=23561) to work on /home/user/workspace/airflow/airflow_env/lib/python3.6/site-packages/airflow/example_dags/example_branch_datetime_operator.py
[2021-10-18 17:19:12,391] {processor.py:620} INFO - Processing file /home/user/workspace/airflow/airflow_env/lib/python3.6/site-packages/airflow/example_dags/example_branch_datetime_operator.py for tasks to queue
[2021-10-18 17:19:12,393] {logging_mixin.py:109} INFO - [2021-10-18 17:19:12,392] {dagbag.py:500} INFO - Filling up the DagBag from /home/user/workspace/airflow/airflow_env/lib/python3.6/site-packages/airflow/example_dags/example_branch_datetime_operator.py
[2021-10-18 17:19:12,437] {processor.py:632} INFO - DAG(s) dict_keys(['example_branch_datetime_operator_2']) retrieved from /home/user/workspace/airflow/airflow_env/lib/python3.6/site-packages/airflow/example_dags/example_branch_datetime_operator.py
[2021-10-18 17:19:12,463] {logging_mixin.py:109} INFO - [2021-10-18 17:19:12,463] {dag.py:2389} INFO - Sync 1 DAGs
[2021-10-18 17:19:12,494] {logging_mixin.py:109} INFO - [2021-10-18 17:19:12,494] {dag.py:2914} INFO - Setting next_dagrun for example_branch_datetime_operator_2 to 2021-10-17 00:00:00+00:00
[2021-10-18 17:19:12,504] {processor.py:171} INFO - Processing /home/user/workspace/airflow/airflow_env/lib/python3.6/site-packages/airflow/example_dags/example_branch_datetime_operator.py took 0.121 seconds
[2021-10-18 17:20:01,318] {processor.py:163} INFO - Started process (PID=23665) to work on /home/user/workspace/airflow/airflow_env/lib/python3.6/site-packages/airflow/example_dags/example_branch_datetime_operator.py
[2021-10-18 17:20:01,319] {processor.py:620} INFO - Processing file /home/user/workspace/airflow/airflow_env/lib/python3.6/site-packages/airflow/example_dags/example_branch_datetime_operator.py for tasks to queue
[2021-10-18 17:20:01,320] {logging_mixin.py:109} INFO - [2021-10-18 17:20:01,320] {dagbag.py:500} INFO - Filling up the DagBag from /home/user/workspace/airflow/airflow_env/lib/python3.6/site-packages/airflow/example_dags/example_branch_datetime_operator.py
[2021-10-18 17:20:01,355] {processor.py:632} INFO - DAG(s) dict_keys(['example_branch_datetime_operator_2']) retrieved from /home/user/workspace/airflow/airflow_env/lib/python3.6/site-packages/airflow/example_dags/example_branch_datetime_operator.py
[2021-10-18 17:20:01,373] {logging_mixin.py:109} INFO - [2021-10-18 17:20:01,373] {dag.py:2389} INFO - Sync 1 DAGs
[2021-10-18 17:20:01,401] {logging_mixin.py:109} INFO - [2021-10-18 17:20:01,401] {dag.py:2914} INFO - Setting next_dagrun for example_branch_datetime_operator_2 to 2021-10-17 00:00:00+00:00
[2021-10-18 17:20:01,422] {processor.py:171} INFO - Processing /home/user/workspace/airflow/airflow_env/lib/python3.6/site-packages/airflow/example_dags/example_branch_datetime_operator.py took 0.111 seconds
[2021-10-18 17:20:57,143] {processor.py:163} INFO - Started process (PID=23754) to work on /home/user/workspace/airflow/airflow_env/lib/python3.6/site-packages/airflow/example_dags/example_branch_datetime_operator.py
[2021-10-18 17:20:57,147] {processor.py:620} INFO - Processing file /home/user/workspace/airflow/airflow_env/lib/python3.6/site-packages/airflow/example_dags/example_branch_datetime_operator.py for tasks to queue
[2021-10-18 17:20:57,149] {logging_mixin.py:109} INFO - [2021-10-18 17:20:57,148] {dagbag.py:500} INFO - Filling up the DagBag from /home/user/workspace/airflow/airflow_env/lib/python3.6/site-packages/airflow/example_dags/example_branch_datetime_operator.py
[2021-10-18 17:20:57,232] {processor.py:632} INFO - DAG(s) dict_keys(['example_branch_datetime_operator_2']) retrieved from /home/user/workspace/airflow/airflow_env/lib/python3.6/site-packages/airflow/example_dags/example_branch_datetime_operator.py
[2021-10-18 17:20:57,259] {logging_mixin.py:109} INFO - [2021-10-18 17:20:57,259] {dag.py:2389} INFO - Sync 1 DAGs
[2021-10-18 17:20:57,286] {logging_mixin.py:109} INFO - [2021-10-18 17:20:57,286] {dag.py:2914} INFO - Setting next_dagrun for example_branch_datetime_operator_2 to 2021-10-17 00:00:00+00:00
[2021-10-18 17:20:57,296] {processor.py:171} INFO - Processing /home/user/workspace/airflow/airflow_env/lib/python3.6/site-packages/airflow/example_dags/example_branch_datetime_operator.py took 0.164 seconds
[2021-10-18 17:21:59,500] {processor.py:163} INFO - Started process (PID=24012) to work on /home/user/workspace/airflow/airflow_env/lib/python3.6/site-packages/airflow/example_dags/example_branch_datetime_operator.py
[2021-10-18 17:21:59,501] {processor.py:620} INFO - Processing file /home/user/workspace/airflow/airflow_env/lib/python3.6/site-packages/airflow/example_dags/example_branch_datetime_operator.py for tasks to queue
[2021-10-18 17:21:59,503] {logging_mixin.py:109} INFO - [2021-10-18 17:21:59,503] {dagbag.py:500} INFO - Filling up the DagBag from /home/user/workspace/airflow/airflow_env/lib/python3.6/site-packages/airflow/example_dags/example_branch_datetime_operator.py
[2021-10-18 17:21:59,551] {processor.py:632} INFO - DAG(s) dict_keys(['example_branch_datetime_operator_2']) retrieved from /home/user/workspace/airflow/airflow_env/lib/python3.6/site-packages/airflow/example_dags/example_branch_datetime_operator.py
[2021-10-18 17:21:59,574] {logging_mixin.py:109} INFO - [2021-10-18 17:21:59,574] {dag.py:2389} INFO - Sync 1 DAGs
[2021-10-18 17:21:59,607] {logging_mixin.py:109} INFO - [2021-10-18 17:21:59,607] {dag.py:2914} INFO - Setting next_dagrun for example_branch_datetime_operator_2 to 2021-10-17 00:00:00+00:00
[2021-10-18 17:21:59,619] {processor.py:171} INFO - Processing /home/user/workspace/airflow/airflow_env/lib/python3.6/site-packages/airflow/example_dags/example_branch_datetime_operator.py took 0.126 seconds
[2021-10-18 17:22:55,718] {processor.py:163} INFO - Started process (PID=24143) to work on /home/user/workspace/airflow/airflow_env/lib/python3.6/site-packages/airflow/example_dags/example_branch_datetime_operator.py
[2021-10-18 17:22:55,728] {processor.py:620} INFO - Processing file /home/user/workspace/airflow/airflow_env/lib/python3.6/site-packages/airflow/example_dags/example_branch_datetime_operator.py for tasks to queue
[2021-10-18 17:22:55,730] {logging_mixin.py:109} INFO - [2021-10-18 17:22:55,730] {dagbag.py:500} INFO - Filling up the DagBag from /home/user/workspace/airflow/airflow_env/lib/python3.6/site-packages/airflow/example_dags/example_branch_datetime_operator.py
[2021-10-18 17:22:55,812] {processor.py:632} INFO - DAG(s) dict_keys(['example_branch_datetime_operator_2']) retrieved from /home/user/workspace/airflow/airflow_env/lib/python3.6/site-packages/airflow/example_dags/example_branch_datetime_operator.py
[2021-10-18 17:22:55,855] {logging_mixin.py:109} INFO - [2021-10-18 17:22:55,855] {dag.py:2389} INFO - Sync 1 DAGs
[2021-10-18 17:22:55,885] {logging_mixin.py:109} INFO - [2021-10-18 17:22:55,885] {dag.py:2914} INFO - Setting next_dagrun for example_branch_datetime_operator_2 to 2021-10-17 00:00:00+00:00
[2021-10-18 17:22:55,903] {processor.py:171} INFO - Processing /home/user/workspace/airflow/airflow_env/lib/python3.6/site-packages/airflow/example_dags/example_branch_datetime_operator.py took 0.188 seconds
[2021-10-18 17:23:50,762] {processor.py:163} INFO - Started process (PID=24245) to work on /home/user/workspace/airflow/airflow_env/lib/python3.6/site-packages/airflow/example_dags/example_branch_datetime_operator.py
[2021-10-18 17:23:50,764] {processor.py:620} INFO - Processing file /home/user/workspace/airflow/airflow_env/lib/python3.6/site-packages/airflow/example_dags/example_branch_datetime_operator.py for tasks to queue
[2021-10-18 17:23:50,766] {logging_mixin.py:109} INFO - [2021-10-18 17:23:50,766] {dagbag.py:500} INFO - Filling up the DagBag from /home/user/workspace/airflow/airflow_env/lib/python3.6/site-packages/airflow/example_dags/example_branch_datetime_operator.py
[2021-10-18 17:23:50,821] {processor.py:632} INFO - DAG(s) dict_keys(['example_branch_datetime_operator_2']) retrieved from /home/user/workspace/airflow/airflow_env/lib/python3.6/site-packages/airflow/example_dags/example_branch_datetime_operator.py
[2021-10-18 17:23:50,848] {logging_mixin.py:109} INFO - [2021-10-18 17:23:50,847] {dag.py:2389} INFO - Sync 1 DAGs
[2021-10-18 17:23:50,875] {logging_mixin.py:109} INFO - [2021-10-18 17:23:50,874] {dag.py:2914} INFO - Setting next_dagrun for example_branch_datetime_operator_2 to 2021-10-17 00:00:00+00:00
[2021-10-18 17:23:50,885] {processor.py:171} INFO - Processing /home/user/workspace/airflow/airflow_env/lib/python3.6/site-packages/airflow/example_dags/example_branch_datetime_operator.py took 0.129 seconds
[2021-10-18 17:24:50,824] {processor.py:163} INFO - Started process (PID=24368) to work on /home/user/workspace/airflow/airflow_env/lib/python3.6/site-packages/airflow/example_dags/example_branch_datetime_operator.py
[2021-10-18 17:24:50,827] {processor.py:620} INFO - Processing file /home/user/workspace/airflow/airflow_env/lib/python3.6/site-packages/airflow/example_dags/example_branch_datetime_operator.py for tasks to queue
[2021-10-18 17:24:50,829] {logging_mixin.py:109} INFO - [2021-10-18 17:24:50,828] {dagbag.py:500} INFO - Filling up the DagBag from /home/user/workspace/airflow/airflow_env/lib/python3.6/site-packages/airflow/example_dags/example_branch_datetime_operator.py
[2021-10-18 17:24:50,880] {processor.py:632} INFO - DAG(s) dict_keys(['example_branch_datetime_operator_2']) retrieved from /home/user/workspace/airflow/airflow_env/lib/python3.6/site-packages/airflow/example_dags/example_branch_datetime_operator.py
[2021-10-18 17:24:50,905] {logging_mixin.py:109} INFO - [2021-10-18 17:24:50,904] {dag.py:2389} INFO - Sync 1 DAGs
[2021-10-18 17:24:50,932] {logging_mixin.py:109} INFO - [2021-10-18 17:24:50,931] {dag.py:2914} INFO - Setting next_dagrun for example_branch_datetime_operator_2 to 2021-10-17 00:00:00+00:00
[2021-10-18 17:24:50,941] {processor.py:171} INFO - Processing /home/user/workspace/airflow/airflow_env/lib/python3.6/site-packages/airflow/example_dags/example_branch_datetime_operator.py took 0.123 seconds
[2021-10-18 17:25:49,150] {processor.py:163} INFO - Started process (PID=24551) to work on /home/user/workspace/airflow/airflow_env/lib/python3.6/site-packages/airflow/example_dags/example_branch_datetime_operator.py
[2021-10-18 17:25:49,151] {processor.py:620} INFO - Processing file /home/user/workspace/airflow/airflow_env/lib/python3.6/site-packages/airflow/example_dags/example_branch_datetime_operator.py for tasks to queue
[2021-10-18 17:25:49,151] {logging_mixin.py:109} INFO - [2021-10-18 17:25:49,151] {dagbag.py:500} INFO - Filling up the DagBag from /home/user/workspace/airflow/airflow_env/lib/python3.6/site-packages/airflow/example_dags/example_branch_datetime_operator.py
[2021-10-18 17:25:49,169] {processor.py:632} INFO - DAG(s) dict_keys(['example_branch_datetime_operator_2']) retrieved from /home/user/workspace/airflow/airflow_env/lib/python3.6/site-packages/airflow/example_dags/example_branch_datetime_operator.py
[2021-10-18 17:25:49,178] {logging_mixin.py:109} INFO - [2021-10-18 17:25:49,178] {dag.py:2389} INFO - Sync 1 DAGs
[2021-10-18 17:25:49,191] {logging_mixin.py:109} INFO - [2021-10-18 17:25:49,191] {dag.py:2914} INFO - Setting next_dagrun for example_branch_datetime_operator_2 to 2021-10-17 00:00:00+00:00
[2021-10-18 17:25:49,199] {processor.py:171} INFO - Processing /home/user/workspace/airflow/airflow_env/lib/python3.6/site-packages/airflow/example_dags/example_branch_datetime_operator.py took 0.051 seconds
[2021-10-18 17:26:47,100] {processor.py:163} INFO - Started process (PID=24727) to work on /home/user/workspace/airflow/airflow_env/lib/python3.6/site-packages/airflow/example_dags/example_branch_datetime_operator.py
[2021-10-18 17:26:47,111] {processor.py:620} INFO - Processing file /home/user/workspace/airflow/airflow_env/lib/python3.6/site-packages/airflow/example_dags/example_branch_datetime_operator.py for tasks to queue
[2021-10-18 17:26:47,112] {logging_mixin.py:109} INFO - [2021-10-18 17:26:47,112] {dagbag.py:500} INFO - Filling up the DagBag from /home/user/workspace/airflow/airflow_env/lib/python3.6/site-packages/airflow/example_dags/example_branch_datetime_operator.py
[2021-10-18 17:26:47,139] {processor.py:632} INFO - DAG(s) dict_keys(['example_branch_datetime_operator_2']) retrieved from /home/user/workspace/airflow/airflow_env/lib/python3.6/site-packages/airflow/example_dags/example_branch_datetime_operator.py
[2021-10-18 17:26:47,154] {logging_mixin.py:109} INFO - [2021-10-18 17:26:47,154] {dag.py:2389} INFO - Sync 1 DAGs
[2021-10-18 17:26:47,177] {logging_mixin.py:109} INFO - [2021-10-18 17:26:47,177] {dag.py:2914} INFO - Setting next_dagrun for example_branch_datetime_operator_2 to 2021-10-17 00:00:00+00:00
[2021-10-18 17:26:47,191] {processor.py:171} INFO - Processing /home/user/workspace/airflow/airflow_env/lib/python3.6/site-packages/airflow/example_dags/example_branch_datetime_operator.py took 0.093 seconds
[2021-10-18 17:27:44,481] {processor.py:163} INFO - Started process (PID=24858) to work on /home/user/workspace/airflow/airflow_env/lib/python3.6/site-packages/airflow/example_dags/example_branch_datetime_operator.py
[2021-10-18 17:27:44,483] {processor.py:620} INFO - Processing file /home/user/workspace/airflow/airflow_env/lib/python3.6/site-packages/airflow/example_dags/example_branch_datetime_operator.py for tasks to queue
[2021-10-18 17:27:44,485] {logging_mixin.py:109} INFO - [2021-10-18 17:27:44,484] {dagbag.py:500} INFO - Filling up the DagBag from /home/user/workspace/airflow/airflow_env/lib/python3.6/site-packages/airflow/example_dags/example_branch_datetime_operator.py
[2021-10-18 17:27:44,527] {processor.py:632} INFO - DAG(s) dict_keys(['example_branch_datetime_operator_2']) retrieved from /home/user/workspace/airflow/airflow_env/lib/python3.6/site-packages/airflow/example_dags/example_branch_datetime_operator.py
[2021-10-18 17:27:44,547] {logging_mixin.py:109} INFO - [2021-10-18 17:27:44,547] {dag.py:2389} INFO - Sync 1 DAGs
[2021-10-18 17:27:44,592] {logging_mixin.py:109} INFO - [2021-10-18 17:27:44,592] {dag.py:2914} INFO - Setting next_dagrun for example_branch_datetime_operator_2 to 2021-10-17 00:00:00+00:00
[2021-10-18 17:27:44,613] {processor.py:171} INFO - Processing /home/user/workspace/airflow/airflow_env/lib/python3.6/site-packages/airflow/example_dags/example_branch_datetime_operator.py took 0.137 seconds
[2021-10-18 17:28:48,373] {processor.py:163} INFO - Started process (PID=25101) to work on /home/user/workspace/airflow/airflow_env/lib/python3.6/site-packages/airflow/example_dags/example_branch_datetime_operator.py
[2021-10-18 17:28:48,386] {processor.py:620} INFO - Processing file /home/user/workspace/airflow/airflow_env/lib/python3.6/site-packages/airflow/example_dags/example_branch_datetime_operator.py for tasks to queue
[2021-10-18 17:28:48,388] {logging_mixin.py:109} INFO - [2021-10-18 17:28:48,388] {dagbag.py:500} INFO - Filling up the DagBag from /home/user/workspace/airflow/airflow_env/lib/python3.6/site-packages/airflow/example_dags/example_branch_datetime_operator.py
[2021-10-18 17:28:48,456] {processor.py:632} INFO - DAG(s) dict_keys(['example_branch_datetime_operator_2']) retrieved from /home/user/workspace/airflow/airflow_env/lib/python3.6/site-packages/airflow/example_dags/example_branch_datetime_operator.py
[2021-10-18 17:28:48,492] {logging_mixin.py:109} INFO - [2021-10-18 17:28:48,492] {dag.py:2389} INFO - Sync 1 DAGs
[2021-10-18 17:28:48,552] {logging_mixin.py:109} INFO - [2021-10-18 17:28:48,551] {dag.py:2914} INFO - Setting next_dagrun for example_branch_datetime_operator_2 to 2021-10-17 00:00:00+00:00
[2021-10-18 17:28:48,581] {processor.py:171} INFO - Processing /home/user/workspace/airflow/airflow_env/lib/python3.6/site-packages/airflow/example_dags/example_branch_datetime_operator.py took 0.219 seconds
[2021-10-18 17:29:49,567] {processor.py:163} INFO - Started process (PID=25255) to work on /home/user/workspace/airflow/airflow_env/lib/python3.6/site-packages/airflow/example_dags/example_branch_datetime_operator.py
[2021-10-18 17:29:49,570] {processor.py:620} INFO - Processing file /home/user/workspace/airflow/airflow_env/lib/python3.6/site-packages/airflow/example_dags/example_branch_datetime_operator.py for tasks to queue
[2021-10-18 17:29:49,571] {logging_mixin.py:109} INFO - [2021-10-18 17:29:49,571] {dagbag.py:500} INFO - Filling up the DagBag from /home/user/workspace/airflow/airflow_env/lib/python3.6/site-packages/airflow/example_dags/example_branch_datetime_operator.py
[2021-10-18 17:29:49,615] {processor.py:632} INFO - DAG(s) dict_keys(['example_branch_datetime_operator_2']) retrieved from /home/user/workspace/airflow/airflow_env/lib/python3.6/site-packages/airflow/example_dags/example_branch_datetime_operator.py
[2021-10-18 17:29:49,636] {logging_mixin.py:109} INFO - [2021-10-18 17:29:49,636] {dag.py:2389} INFO - Sync 1 DAGs
[2021-10-18 17:29:49,669] {logging_mixin.py:109} INFO - [2021-10-18 17:29:49,669] {dag.py:2914} INFO - Setting next_dagrun for example_branch_datetime_operator_2 to 2021-10-17 00:00:00+00:00
[2021-10-18 17:29:49,684] {processor.py:171} INFO - Processing /home/user/workspace/airflow/airflow_env/lib/python3.6/site-packages/airflow/example_dags/example_branch_datetime_operator.py took 0.123 seconds
[2021-10-18 17:30:48,213] {processor.py:163} INFO - Started process (PID=25431) to work on /home/user/workspace/airflow/airflow_env/lib/python3.6/site-packages/airflow/example_dags/example_branch_datetime_operator.py
[2021-10-18 17:30:48,215] {processor.py:620} INFO - Processing file /home/user/workspace/airflow/airflow_env/lib/python3.6/site-packages/airflow/example_dags/example_branch_datetime_operator.py for tasks to queue
[2021-10-18 17:30:48,216] {logging_mixin.py:109} INFO - [2021-10-18 17:30:48,216] {dagbag.py:500} INFO - Filling up the DagBag from /home/user/workspace/airflow/airflow_env/lib/python3.6/site-packages/airflow/example_dags/example_branch_datetime_operator.py
[2021-10-18 17:30:48,260] {processor.py:632} INFO - DAG(s) dict_keys(['example_branch_datetime_operator_2']) retrieved from /home/user/workspace/airflow/airflow_env/lib/python3.6/site-packages/airflow/example_dags/example_branch_datetime_operator.py
[2021-10-18 17:30:48,288] {logging_mixin.py:109} INFO - [2021-10-18 17:30:48,287] {dag.py:2389} INFO - Sync 1 DAGs
[2021-10-18 17:30:48,309] {logging_mixin.py:109} INFO - [2021-10-18 17:30:48,309] {dag.py:2914} INFO - Setting next_dagrun for example_branch_datetime_operator_2 to 2021-10-17 00:00:00+00:00
[2021-10-18 17:30:48,318] {processor.py:171} INFO - Processing /home/user/workspace/airflow/airflow_env/lib/python3.6/site-packages/airflow/example_dags/example_branch_datetime_operator.py took 0.111 seconds
[2021-10-18 17:31:50,614] {processor.py:163} INFO - Started process (PID=25589) to work on /home/user/workspace/airflow/airflow_env/lib/python3.6/site-packages/airflow/example_dags/example_branch_datetime_operator.py
[2021-10-18 17:31:50,617] {processor.py:620} INFO - Processing file /home/user/workspace/airflow/airflow_env/lib/python3.6/site-packages/airflow/example_dags/example_branch_datetime_operator.py for tasks to queue
[2021-10-18 17:31:50,619] {logging_mixin.py:109} INFO - [2021-10-18 17:31:50,618] {dagbag.py:500} INFO - Filling up the DagBag from /home/user/workspace/airflow/airflow_env/lib/python3.6/site-packages/airflow/example_dags/example_branch_datetime_operator.py
[2021-10-18 17:31:50,678] {processor.py:632} INFO - DAG(s) dict_keys(['example_branch_datetime_operator_2']) retrieved from /home/user/workspace/airflow/airflow_env/lib/python3.6/site-packages/airflow/example_dags/example_branch_datetime_operator.py
[2021-10-18 17:31:50,700] {logging_mixin.py:109} INFO - [2021-10-18 17:31:50,700] {dag.py:2389} INFO - Sync 1 DAGs
[2021-10-18 17:31:50,738] {logging_mixin.py:109} INFO - [2021-10-18 17:31:50,738] {dag.py:2914} INFO - Setting next_dagrun for example_branch_datetime_operator_2 to 2021-10-17 00:00:00+00:00
[2021-10-18 17:31:50,753] {processor.py:171} INFO - Processing /home/user/workspace/airflow/airflow_env/lib/python3.6/site-packages/airflow/example_dags/example_branch_datetime_operator.py took 0.146 seconds
[2021-10-18 17:32:55,028] {processor.py:163} INFO - Started process (PID=25831) to work on /home/user/workspace/airflow/airflow_env/lib/python3.6/site-packages/airflow/example_dags/example_branch_datetime_operator.py
[2021-10-18 17:32:55,040] {processor.py:620} INFO - Processing file /home/user/workspace/airflow/airflow_env/lib/python3.6/site-packages/airflow/example_dags/example_branch_datetime_operator.py for tasks to queue
[2021-10-18 17:32:55,042] {logging_mixin.py:109} INFO - [2021-10-18 17:32:55,041] {dagbag.py:500} INFO - Filling up the DagBag from /home/user/workspace/airflow/airflow_env/lib/python3.6/site-packages/airflow/example_dags/example_branch_datetime_operator.py
[2021-10-18 17:32:55,091] {processor.py:632} INFO - DAG(s) dict_keys(['example_branch_datetime_operator_2']) retrieved from /home/user/workspace/airflow/airflow_env/lib/python3.6/site-packages/airflow/example_dags/example_branch_datetime_operator.py
[2021-10-18 17:32:55,115] {logging_mixin.py:109} INFO - [2021-10-18 17:32:55,115] {dag.py:2389} INFO - Sync 1 DAGs
[2021-10-18 17:32:55,153] {logging_mixin.py:109} INFO - [2021-10-18 17:32:55,153] {dag.py:2914} INFO - Setting next_dagrun for example_branch_datetime_operator_2 to 2021-10-17 00:00:00+00:00
[2021-10-18 17:32:55,166] {processor.py:171} INFO - Processing /home/user/workspace/airflow/airflow_env/lib/python3.6/site-packages/airflow/example_dags/example_branch_datetime_operator.py took 0.145 seconds
[2021-10-18 17:33:50,866] {processor.py:163} INFO - Started process (PID=25936) to work on /home/user/workspace/airflow/airflow_env/lib/python3.6/site-packages/airflow/example_dags/example_branch_datetime_operator.py
[2021-10-18 17:33:50,868] {processor.py:620} INFO - Processing file /home/user/workspace/airflow/airflow_env/lib/python3.6/site-packages/airflow/example_dags/example_branch_datetime_operator.py for tasks to queue
[2021-10-18 17:33:50,870] {logging_mixin.py:109} INFO - [2021-10-18 17:33:50,870] {dagbag.py:500} INFO - Filling up the DagBag from /home/user/workspace/airflow/airflow_env/lib/python3.6/site-packages/airflow/example_dags/example_branch_datetime_operator.py
[2021-10-18 17:33:50,923] {processor.py:632} INFO - DAG(s) dict_keys(['example_branch_datetime_operator_2']) retrieved from /home/user/workspace/airflow/airflow_env/lib/python3.6/site-packages/airflow/example_dags/example_branch_datetime_operator.py
[2021-10-18 17:33:50,951] {logging_mixin.py:109} INFO - [2021-10-18 17:33:50,950] {dag.py:2389} INFO - Sync 1 DAGs
[2021-10-18 17:33:50,978] {logging_mixin.py:109} INFO - [2021-10-18 17:33:50,978] {dag.py:2914} INFO - Setting next_dagrun for example_branch_datetime_operator_2 to 2021-10-17 00:00:00+00:00
[2021-10-18 17:33:50,988] {processor.py:171} INFO - Processing /home/user/workspace/airflow/airflow_env/lib/python3.6/site-packages/airflow/example_dags/example_branch_datetime_operator.py took 0.129 seconds
[2021-10-18 17:34:50,469] {processor.py:163} INFO - Started process (PID=26040) to work on /home/user/workspace/airflow/airflow_env/lib/python3.6/site-packages/airflow/example_dags/example_branch_datetime_operator.py
[2021-10-18 17:34:50,482] {processor.py:620} INFO - Processing file /home/user/workspace/airflow/airflow_env/lib/python3.6/site-packages/airflow/example_dags/example_branch_datetime_operator.py for tasks to queue
[2021-10-18 17:34:50,483] {logging_mixin.py:109} INFO - [2021-10-18 17:34:50,483] {dagbag.py:500} INFO - Filling up the DagBag from /home/user/workspace/airflow/airflow_env/lib/python3.6/site-packages/airflow/example_dags/example_branch_datetime_operator.py
[2021-10-18 17:34:50,512] {processor.py:632} INFO - DAG(s) dict_keys(['example_branch_datetime_operator_2']) retrieved from /home/user/workspace/airflow/airflow_env/lib/python3.6/site-packages/airflow/example_dags/example_branch_datetime_operator.py
[2021-10-18 17:34:50,526] {logging_mixin.py:109} INFO - [2021-10-18 17:34:50,526] {dag.py:2389} INFO - Sync 1 DAGs
[2021-10-18 17:34:50,549] {logging_mixin.py:109} INFO - [2021-10-18 17:34:50,549] {dag.py:2914} INFO - Setting next_dagrun for example_branch_datetime_operator_2 to 2021-10-17 00:00:00+00:00
[2021-10-18 17:34:50,567] {processor.py:171} INFO - Processing /home/user/workspace/airflow/airflow_env/lib/python3.6/site-packages/airflow/example_dags/example_branch_datetime_operator.py took 0.101 seconds
[2021-10-18 17:35:49,246] {processor.py:163} INFO - Started process (PID=26248) to work on /home/user/workspace/airflow/airflow_env/lib/python3.6/site-packages/airflow/example_dags/example_branch_datetime_operator.py
[2021-10-18 17:35:49,249] {processor.py:620} INFO - Processing file /home/user/workspace/airflow/airflow_env/lib/python3.6/site-packages/airflow/example_dags/example_branch_datetime_operator.py for tasks to queue
[2021-10-18 17:35:49,251] {logging_mixin.py:109} INFO - [2021-10-18 17:35:49,251] {dagbag.py:500} INFO - Filling up the DagBag from /home/user/workspace/airflow/airflow_env/lib/python3.6/site-packages/airflow/example_dags/example_branch_datetime_operator.py
[2021-10-18 17:35:49,330] {processor.py:632} INFO - DAG(s) dict_keys(['example_branch_datetime_operator_2']) retrieved from /home/user/workspace/airflow/airflow_env/lib/python3.6/site-packages/airflow/example_dags/example_branch_datetime_operator.py
[2021-10-18 17:35:49,373] {logging_mixin.py:109} INFO - [2021-10-18 17:35:49,372] {dag.py:2389} INFO - Sync 1 DAGs
[2021-10-18 17:35:49,420] {logging_mixin.py:109} INFO - [2021-10-18 17:35:49,420] {dag.py:2914} INFO - Setting next_dagrun for example_branch_datetime_operator_2 to 2021-10-17 00:00:00+00:00
[2021-10-18 17:35:49,432] {processor.py:171} INFO - Processing /home/user/workspace/airflow/airflow_env/lib/python3.6/site-packages/airflow/example_dags/example_branch_datetime_operator.py took 0.195 seconds
[2021-10-18 17:36:49,525] {processor.py:163} INFO - Started process (PID=26372) to work on /home/user/workspace/airflow/airflow_env/lib/python3.6/site-packages/airflow/example_dags/example_branch_datetime_operator.py
[2021-10-18 17:36:49,538] {processor.py:620} INFO - Processing file /home/user/workspace/airflow/airflow_env/lib/python3.6/site-packages/airflow/example_dags/example_branch_datetime_operator.py for tasks to queue
[2021-10-18 17:36:49,540] {logging_mixin.py:109} INFO - [2021-10-18 17:36:49,540] {dagbag.py:500} INFO - Filling up the DagBag from /home/user/workspace/airflow/airflow_env/lib/python3.6/site-packages/airflow/example_dags/example_branch_datetime_operator.py
[2021-10-18 17:36:49,603] {processor.py:632} INFO - DAG(s) dict_keys(['example_branch_datetime_operator_2']) retrieved from /home/user/workspace/airflow/airflow_env/lib/python3.6/site-packages/airflow/example_dags/example_branch_datetime_operator.py
[2021-10-18 17:36:49,629] {logging_mixin.py:109} INFO - [2021-10-18 17:36:49,629] {dag.py:2389} INFO - Sync 1 DAGs
[2021-10-18 17:36:49,669] {logging_mixin.py:109} INFO - [2021-10-18 17:36:49,669] {dag.py:2914} INFO - Setting next_dagrun for example_branch_datetime_operator_2 to 2021-10-17 00:00:00+00:00
[2021-10-18 17:36:49,693] {processor.py:171} INFO - Processing /home/user/workspace/airflow/airflow_env/lib/python3.6/site-packages/airflow/example_dags/example_branch_datetime_operator.py took 0.176 seconds
[2021-10-18 17:37:49,337] {processor.py:163} INFO - Started process (PID=26515) to work on /home/user/workspace/airflow/airflow_env/lib/python3.6/site-packages/airflow/example_dags/example_branch_datetime_operator.py
[2021-10-18 17:37:49,340] {processor.py:620} INFO - Processing file /home/user/workspace/airflow/airflow_env/lib/python3.6/site-packages/airflow/example_dags/example_branch_datetime_operator.py for tasks to queue
[2021-10-18 17:37:49,341] {logging_mixin.py:109} INFO - [2021-10-18 17:37:49,341] {dagbag.py:500} INFO - Filling up the DagBag from /home/user/workspace/airflow/airflow_env/lib/python3.6/site-packages/airflow/example_dags/example_branch_datetime_operator.py
[2021-10-18 17:37:49,393] {processor.py:632} INFO - DAG(s) dict_keys(['example_branch_datetime_operator_2']) retrieved from /home/user/workspace/airflow/airflow_env/lib/python3.6/site-packages/airflow/example_dags/example_branch_datetime_operator.py
[2021-10-18 17:37:49,423] {logging_mixin.py:109} INFO - [2021-10-18 17:37:49,423] {dag.py:2389} INFO - Sync 1 DAGs
[2021-10-18 17:37:49,458] {logging_mixin.py:109} INFO - [2021-10-18 17:37:49,458] {dag.py:2914} INFO - Setting next_dagrun for example_branch_datetime_operator_2 to 2021-10-17 00:00:00+00:00
[2021-10-18 17:37:49,469] {processor.py:171} INFO - Processing /home/user/workspace/airflow/airflow_env/lib/python3.6/site-packages/airflow/example_dags/example_branch_datetime_operator.py took 0.138 seconds
[2021-10-18 17:38:52,264] {processor.py:163} INFO - Started process (PID=26624) to work on /home/user/workspace/airflow/airflow_env/lib/python3.6/site-packages/airflow/example_dags/example_branch_datetime_operator.py
[2021-10-18 17:38:52,267] {processor.py:620} INFO - Processing file /home/user/workspace/airflow/airflow_env/lib/python3.6/site-packages/airflow/example_dags/example_branch_datetime_operator.py for tasks to queue
[2021-10-18 17:38:52,268] {logging_mixin.py:109} INFO - [2021-10-18 17:38:52,268] {dagbag.py:500} INFO - Filling up the DagBag from /home/user/workspace/airflow/airflow_env/lib/python3.6/site-packages/airflow/example_dags/example_branch_datetime_operator.py
[2021-10-18 17:38:52,318] {processor.py:632} INFO - DAG(s) dict_keys(['example_branch_datetime_operator_2']) retrieved from /home/user/workspace/airflow/airflow_env/lib/python3.6/site-packages/airflow/example_dags/example_branch_datetime_operator.py
[2021-10-18 17:38:52,341] {logging_mixin.py:109} INFO - [2021-10-18 17:38:52,341] {dag.py:2389} INFO - Sync 1 DAGs
[2021-10-18 17:38:52,374] {logging_mixin.py:109} INFO - [2021-10-18 17:38:52,373] {dag.py:2914} INFO - Setting next_dagrun for example_branch_datetime_operator_2 to 2021-10-17 00:00:00+00:00
[2021-10-18 17:38:52,387] {processor.py:171} INFO - Processing /home/user/workspace/airflow/airflow_env/lib/python3.6/site-packages/airflow/example_dags/example_branch_datetime_operator.py took 0.129 seconds
[2021-10-18 17:39:44,579] {processor.py:163} INFO - Started process (PID=26743) to work on /home/user/workspace/airflow/airflow_env/lib/python3.6/site-packages/airflow/example_dags/example_branch_datetime_operator.py
[2021-10-18 17:39:44,581] {processor.py:620} INFO - Processing file /home/user/workspace/airflow/airflow_env/lib/python3.6/site-packages/airflow/example_dags/example_branch_datetime_operator.py for tasks to queue
[2021-10-18 17:39:44,583] {logging_mixin.py:109} INFO - [2021-10-18 17:39:44,582] {dagbag.py:500} INFO - Filling up the DagBag from /home/user/workspace/airflow/airflow_env/lib/python3.6/site-packages/airflow/example_dags/example_branch_datetime_operator.py
[2021-10-18 17:39:44,647] {processor.py:632} INFO - DAG(s) dict_keys(['example_branch_datetime_operator_2']) retrieved from /home/user/workspace/airflow/airflow_env/lib/python3.6/site-packages/airflow/example_dags/example_branch_datetime_operator.py
[2021-10-18 17:39:44,670] {logging_mixin.py:109} INFO - [2021-10-18 17:39:44,669] {dag.py:2389} INFO - Sync 1 DAGs
[2021-10-18 17:39:44,690] {logging_mixin.py:109} INFO - [2021-10-18 17:39:44,690] {dag.py:2914} INFO - Setting next_dagrun for example_branch_datetime_operator_2 to 2021-10-17 00:00:00+00:00
[2021-10-18 17:39:44,699] {processor.py:171} INFO - Processing /home/user/workspace/airflow/airflow_env/lib/python3.6/site-packages/airflow/example_dags/example_branch_datetime_operator.py took 0.126 seconds
[2021-10-18 17:40:48,296] {processor.py:163} INFO - Started process (PID=26983) to work on /home/user/workspace/airflow/airflow_env/lib/python3.6/site-packages/airflow/example_dags/example_branch_datetime_operator.py
[2021-10-18 17:40:48,298] {processor.py:620} INFO - Processing file /home/user/workspace/airflow/airflow_env/lib/python3.6/site-packages/airflow/example_dags/example_branch_datetime_operator.py for tasks to queue
[2021-10-18 17:40:48,300] {logging_mixin.py:109} INFO - [2021-10-18 17:40:48,300] {dagbag.py:500} INFO - Filling up the DagBag from /home/user/workspace/airflow/airflow_env/lib/python3.6/site-packages/airflow/example_dags/example_branch_datetime_operator.py
[2021-10-18 17:40:48,349] {processor.py:632} INFO - DAG(s) dict_keys(['example_branch_datetime_operator_2']) retrieved from /home/user/workspace/airflow/airflow_env/lib/python3.6/site-packages/airflow/example_dags/example_branch_datetime_operator.py
[2021-10-18 17:40:48,372] {logging_mixin.py:109} INFO - [2021-10-18 17:40:48,371] {dag.py:2389} INFO - Sync 1 DAGs
[2021-10-18 17:40:48,408] {logging_mixin.py:109} INFO - [2021-10-18 17:40:48,408] {dag.py:2914} INFO - Setting next_dagrun for example_branch_datetime_operator_2 to 2021-10-17 00:00:00+00:00
[2021-10-18 17:40:48,425] {processor.py:171} INFO - Processing /home/user/workspace/airflow/airflow_env/lib/python3.6/site-packages/airflow/example_dags/example_branch_datetime_operator.py took 0.136 seconds
[2021-10-18 17:41:45,963] {processor.py:163} INFO - Started process (PID=27075) to work on /home/user/workspace/airflow/airflow_env/lib/python3.6/site-packages/airflow/example_dags/example_branch_datetime_operator.py
[2021-10-18 17:41:45,965] {processor.py:620} INFO - Processing file /home/user/workspace/airflow/airflow_env/lib/python3.6/site-packages/airflow/example_dags/example_branch_datetime_operator.py for tasks to queue
[2021-10-18 17:41:45,966] {logging_mixin.py:109} INFO - [2021-10-18 17:41:45,966] {dagbag.py:500} INFO - Filling up the DagBag from /home/user/workspace/airflow/airflow_env/lib/python3.6/site-packages/airflow/example_dags/example_branch_datetime_operator.py
[2021-10-18 17:41:46,012] {processor.py:632} INFO - DAG(s) dict_keys(['example_branch_datetime_operator_2']) retrieved from /home/user/workspace/airflow/airflow_env/lib/python3.6/site-packages/airflow/example_dags/example_branch_datetime_operator.py
[2021-10-18 17:41:46,034] {logging_mixin.py:109} INFO - [2021-10-18 17:41:46,033] {dag.py:2389} INFO - Sync 1 DAGs
[2021-10-18 17:41:46,075] {logging_mixin.py:109} INFO - [2021-10-18 17:41:46,075] {dag.py:2914} INFO - Setting next_dagrun for example_branch_datetime_operator_2 to 2021-10-17 00:00:00+00:00
[2021-10-18 17:41:46,100] {processor.py:171} INFO - Processing /home/user/workspace/airflow/airflow_env/lib/python3.6/site-packages/airflow/example_dags/example_branch_datetime_operator.py took 0.144 seconds
[2021-10-18 17:42:46,046] {processor.py:163} INFO - Started process (PID=27248) to work on /home/user/workspace/airflow/airflow_env/lib/python3.6/site-packages/airflow/example_dags/example_branch_datetime_operator.py
[2021-10-18 17:42:46,047] {processor.py:620} INFO - Processing file /home/user/workspace/airflow/airflow_env/lib/python3.6/site-packages/airflow/example_dags/example_branch_datetime_operator.py for tasks to queue
[2021-10-18 17:42:46,048] {logging_mixin.py:109} INFO - [2021-10-18 17:42:46,048] {dagbag.py:500} INFO - Filling up the DagBag from /home/user/workspace/airflow/airflow_env/lib/python3.6/site-packages/airflow/example_dags/example_branch_datetime_operator.py
[2021-10-18 17:42:46,083] {processor.py:632} INFO - DAG(s) dict_keys(['example_branch_datetime_operator_2']) retrieved from /home/user/workspace/airflow/airflow_env/lib/python3.6/site-packages/airflow/example_dags/example_branch_datetime_operator.py
[2021-10-18 17:42:46,101] {logging_mixin.py:109} INFO - [2021-10-18 17:42:46,100] {dag.py:2389} INFO - Sync 1 DAGs
[2021-10-18 17:42:46,127] {logging_mixin.py:109} INFO - [2021-10-18 17:42:46,127] {dag.py:2914} INFO - Setting next_dagrun for example_branch_datetime_operator_2 to 2021-10-17 00:00:00+00:00
[2021-10-18 17:42:46,142] {processor.py:171} INFO - Processing /home/user/workspace/airflow/airflow_env/lib/python3.6/site-packages/airflow/example_dags/example_branch_datetime_operator.py took 0.101 seconds
[2021-10-18 17:43:43,147] {processor.py:163} INFO - Started process (PID=27384) to work on /home/user/workspace/airflow/airflow_env/lib/python3.6/site-packages/airflow/example_dags/example_branch_datetime_operator.py
[2021-10-18 17:43:43,148] {processor.py:620} INFO - Processing file /home/user/workspace/airflow/airflow_env/lib/python3.6/site-packages/airflow/example_dags/example_branch_datetime_operator.py for tasks to queue
[2021-10-18 17:43:43,149] {logging_mixin.py:109} INFO - [2021-10-18 17:43:43,148] {dagbag.py:500} INFO - Filling up the DagBag from /home/user/workspace/airflow/airflow_env/lib/python3.6/site-packages/airflow/example_dags/example_branch_datetime_operator.py
[2021-10-18 17:43:43,168] {processor.py:632} INFO - DAG(s) dict_keys(['example_branch_datetime_operator_2']) retrieved from /home/user/workspace/airflow/airflow_env/lib/python3.6/site-packages/airflow/example_dags/example_branch_datetime_operator.py
[2021-10-18 17:43:43,179] {logging_mixin.py:109} INFO - [2021-10-18 17:43:43,179] {dag.py:2389} INFO - Sync 1 DAGs
[2021-10-18 17:43:43,195] {logging_mixin.py:109} INFO - [2021-10-18 17:43:43,195] {dag.py:2914} INFO - Setting next_dagrun for example_branch_datetime_operator_2 to 2021-10-17 00:00:00+00:00
[2021-10-18 17:43:43,206] {processor.py:171} INFO - Processing /home/user/workspace/airflow/airflow_env/lib/python3.6/site-packages/airflow/example_dags/example_branch_datetime_operator.py took 0.061 seconds
[2021-10-18 17:44:38,434] {processor.py:163} INFO - Started process (PID=27602) to work on /home/user/workspace/airflow/airflow_env/lib/python3.6/site-packages/airflow/example_dags/example_branch_datetime_operator.py
[2021-10-18 17:44:38,436] {processor.py:620} INFO - Processing file /home/user/workspace/airflow/airflow_env/lib/python3.6/site-packages/airflow/example_dags/example_branch_datetime_operator.py for tasks to queue
[2021-10-18 17:44:38,437] {logging_mixin.py:109} INFO - [2021-10-18 17:44:38,437] {dagbag.py:500} INFO - Filling up the DagBag from /home/user/workspace/airflow/airflow_env/lib/python3.6/site-packages/airflow/example_dags/example_branch_datetime_operator.py
[2021-10-18 17:44:38,497] {processor.py:632} INFO - DAG(s) dict_keys(['example_branch_datetime_operator_2']) retrieved from /home/user/workspace/airflow/airflow_env/lib/python3.6/site-packages/airflow/example_dags/example_branch_datetime_operator.py
[2021-10-18 17:44:38,526] {logging_mixin.py:109} INFO - [2021-10-18 17:44:38,525] {dag.py:2389} INFO - Sync 1 DAGs
[2021-10-18 17:44:38,576] {logging_mixin.py:109} INFO - [2021-10-18 17:44:38,576] {dag.py:2914} INFO - Setting next_dagrun for example_branch_datetime_operator_2 to 2021-10-17 00:00:00+00:00
[2021-10-18 17:44:38,607] {processor.py:171} INFO - Processing /home/user/workspace/airflow/airflow_env/lib/python3.6/site-packages/airflow/example_dags/example_branch_datetime_operator.py took 0.179 seconds
[2021-10-18 17:45:36,473] {processor.py:163} INFO - Started process (PID=27830) to work on /home/user/workspace/airflow/airflow_env/lib/python3.6/site-packages/airflow/example_dags/example_branch_datetime_operator.py
[2021-10-18 17:45:36,475] {processor.py:620} INFO - Processing file /home/user/workspace/airflow/airflow_env/lib/python3.6/site-packages/airflow/example_dags/example_branch_datetime_operator.py for tasks to queue
[2021-10-18 17:45:36,476] {logging_mixin.py:109} INFO - [2021-10-18 17:45:36,476] {dagbag.py:500} INFO - Filling up the DagBag from /home/user/workspace/airflow/airflow_env/lib/python3.6/site-packages/airflow/example_dags/example_branch_datetime_operator.py
[2021-10-18 17:45:36,512] {processor.py:632} INFO - DAG(s) dict_keys(['example_branch_datetime_operator_2']) retrieved from /home/user/workspace/airflow/airflow_env/lib/python3.6/site-packages/airflow/example_dags/example_branch_datetime_operator.py
[2021-10-18 17:45:36,532] {logging_mixin.py:109} INFO - [2021-10-18 17:45:36,531] {dag.py:2389} INFO - Sync 1 DAGs
[2021-10-18 17:45:36,559] {logging_mixin.py:109} INFO - [2021-10-18 17:45:36,558] {dag.py:2914} INFO - Setting next_dagrun for example_branch_datetime_operator_2 to 2021-10-17 00:00:00+00:00
[2021-10-18 17:45:36,573] {processor.py:171} INFO - Processing /home/user/workspace/airflow/airflow_env/lib/python3.6/site-packages/airflow/example_dags/example_branch_datetime_operator.py took 0.105 seconds
[2021-10-18 17:46:28,618] {processor.py:163} INFO - Started process (PID=28046) to work on /home/user/workspace/airflow/airflow_env/lib/python3.6/site-packages/airflow/example_dags/example_branch_datetime_operator.py
[2021-10-18 17:46:28,619] {processor.py:620} INFO - Processing file /home/user/workspace/airflow/airflow_env/lib/python3.6/site-packages/airflow/example_dags/example_branch_datetime_operator.py for tasks to queue
[2021-10-18 17:46:28,620] {logging_mixin.py:109} INFO - [2021-10-18 17:46:28,620] {dagbag.py:500} INFO - Filling up the DagBag from /home/user/workspace/airflow/airflow_env/lib/python3.6/site-packages/airflow/example_dags/example_branch_datetime_operator.py
[2021-10-18 17:46:28,651] {processor.py:632} INFO - DAG(s) dict_keys(['example_branch_datetime_operator_2']) retrieved from /home/user/workspace/airflow/airflow_env/lib/python3.6/site-packages/airflow/example_dags/example_branch_datetime_operator.py
[2021-10-18 17:46:28,667] {logging_mixin.py:109} INFO - [2021-10-18 17:46:28,666] {dag.py:2389} INFO - Sync 1 DAGs
[2021-10-18 17:46:28,689] {logging_mixin.py:109} INFO - [2021-10-18 17:46:28,688] {dag.py:2914} INFO - Setting next_dagrun for example_branch_datetime_operator_2 to 2021-10-17 00:00:00+00:00
[2021-10-18 17:46:28,701] {processor.py:171} INFO - Processing /home/user/workspace/airflow/airflow_env/lib/python3.6/site-packages/airflow/example_dags/example_branch_datetime_operator.py took 0.087 seconds
[2021-10-18 17:47:25,368] {processor.py:163} INFO - Started process (PID=28158) to work on /home/user/workspace/airflow/airflow_env/lib/python3.6/site-packages/airflow/example_dags/example_branch_datetime_operator.py
[2021-10-18 17:47:25,370] {processor.py:620} INFO - Processing file /home/user/workspace/airflow/airflow_env/lib/python3.6/site-packages/airflow/example_dags/example_branch_datetime_operator.py for tasks to queue
[2021-10-18 17:47:25,371] {logging_mixin.py:109} INFO - [2021-10-18 17:47:25,371] {dagbag.py:500} INFO - Filling up the DagBag from /home/user/workspace/airflow/airflow_env/lib/python3.6/site-packages/airflow/example_dags/example_branch_datetime_operator.py
[2021-10-18 17:47:25,412] {processor.py:632} INFO - DAG(s) dict_keys(['example_branch_datetime_operator_2']) retrieved from /home/user/workspace/airflow/airflow_env/lib/python3.6/site-packages/airflow/example_dags/example_branch_datetime_operator.py
[2021-10-18 17:47:25,431] {logging_mixin.py:109} INFO - [2021-10-18 17:47:25,430] {dag.py:2389} INFO - Sync 1 DAGs
[2021-10-18 17:47:25,458] {logging_mixin.py:109} INFO - [2021-10-18 17:47:25,458] {dag.py:2914} INFO - Setting next_dagrun for example_branch_datetime_operator_2 to 2021-10-17 00:00:00+00:00
[2021-10-18 17:47:25,473] {processor.py:171} INFO - Processing /home/user/workspace/airflow/airflow_env/lib/python3.6/site-packages/airflow/example_dags/example_branch_datetime_operator.py took 0.111 seconds
[2021-10-18 17:48:22,964] {processor.py:163} INFO - Started process (PID=28273) to work on /home/user/workspace/airflow/airflow_env/lib/python3.6/site-packages/airflow/example_dags/example_branch_datetime_operator.py
[2021-10-18 17:48:22,966] {processor.py:620} INFO - Processing file /home/user/workspace/airflow/airflow_env/lib/python3.6/site-packages/airflow/example_dags/example_branch_datetime_operator.py for tasks to queue
[2021-10-18 17:48:22,968] {logging_mixin.py:109} INFO - [2021-10-18 17:48:22,968] {dagbag.py:500} INFO - Filling up the DagBag from /home/user/workspace/airflow/airflow_env/lib/python3.6/site-packages/airflow/example_dags/example_branch_datetime_operator.py
[2021-10-18 17:48:23,024] {processor.py:632} INFO - DAG(s) dict_keys(['example_branch_datetime_operator_2']) retrieved from /home/user/workspace/airflow/airflow_env/lib/python3.6/site-packages/airflow/example_dags/example_branch_datetime_operator.py
[2021-10-18 17:48:23,053] {logging_mixin.py:109} INFO - [2021-10-18 17:48:23,052] {dag.py:2389} INFO - Sync 1 DAGs
[2021-10-18 17:48:23,076] {logging_mixin.py:109} INFO - [2021-10-18 17:48:23,075] {dag.py:2914} INFO - Setting next_dagrun for example_branch_datetime_operator_2 to 2021-10-17 00:00:00+00:00
[2021-10-18 17:48:23,086] {processor.py:171} INFO - Processing /home/user/workspace/airflow/airflow_env/lib/python3.6/site-packages/airflow/example_dags/example_branch_datetime_operator.py took 0.129 seconds
[2021-10-18 17:49:31,384] {processor.py:163} INFO - Started process (PID=28429) to work on /home/user/workspace/airflow/airflow_env/lib/python3.6/site-packages/airflow/example_dags/example_branch_datetime_operator.py
[2021-10-18 17:49:31,386] {processor.py:620} INFO - Processing file /home/user/workspace/airflow/airflow_env/lib/python3.6/site-packages/airflow/example_dags/example_branch_datetime_operator.py for tasks to queue
[2021-10-18 17:49:31,387] {logging_mixin.py:109} INFO - [2021-10-18 17:49:31,387] {dagbag.py:500} INFO - Filling up the DagBag from /home/user/workspace/airflow/airflow_env/lib/python3.6/site-packages/airflow/example_dags/example_branch_datetime_operator.py
[2021-10-18 17:49:31,438] {processor.py:632} INFO - DAG(s) dict_keys(['example_branch_datetime_operator_2']) retrieved from /home/user/workspace/airflow/airflow_env/lib/python3.6/site-packages/airflow/example_dags/example_branch_datetime_operator.py
[2021-10-18 17:49:31,462] {logging_mixin.py:109} INFO - [2021-10-18 17:49:31,462] {dag.py:2389} INFO - Sync 1 DAGs
[2021-10-18 17:49:31,496] {logging_mixin.py:109} INFO - [2021-10-18 17:49:31,496] {dag.py:2914} INFO - Setting next_dagrun for example_branch_datetime_operator_2 to 2021-10-17 00:00:00+00:00
[2021-10-18 17:49:31,509] {processor.py:171} INFO - Processing /home/user/workspace/airflow/airflow_env/lib/python3.6/site-packages/airflow/example_dags/example_branch_datetime_operator.py took 0.131 seconds
[2021-10-18 17:50:39,664] {processor.py:163} INFO - Started process (PID=28731) to work on /home/user/workspace/airflow/airflow_env/lib/python3.6/site-packages/airflow/example_dags/example_branch_datetime_operator.py
[2021-10-18 17:50:39,669] {processor.py:620} INFO - Processing file /home/user/workspace/airflow/airflow_env/lib/python3.6/site-packages/airflow/example_dags/example_branch_datetime_operator.py for tasks to queue
[2021-10-18 17:50:39,678] {logging_mixin.py:109} INFO - [2021-10-18 17:50:39,678] {dagbag.py:500} INFO - Filling up the DagBag from /home/user/workspace/airflow/airflow_env/lib/python3.6/site-packages/airflow/example_dags/example_branch_datetime_operator.py
[2021-10-18 17:50:39,726] {processor.py:632} INFO - DAG(s) dict_keys(['example_branch_datetime_operator_2']) retrieved from /home/user/workspace/airflow/airflow_env/lib/python3.6/site-packages/airflow/example_dags/example_branch_datetime_operator.py
[2021-10-18 17:50:39,747] {logging_mixin.py:109} INFO - [2021-10-18 17:50:39,747] {dag.py:2389} INFO - Sync 1 DAGs
[2021-10-18 17:50:39,779] {logging_mixin.py:109} INFO - [2021-10-18 17:50:39,779] {dag.py:2914} INFO - Setting next_dagrun for example_branch_datetime_operator_2 to 2021-10-17 00:00:00+00:00
[2021-10-18 17:50:39,806] {processor.py:171} INFO - Processing /home/user/workspace/airflow/airflow_env/lib/python3.6/site-packages/airflow/example_dags/example_branch_datetime_operator.py took 0.147 seconds
[2021-10-18 17:51:50,550] {processor.py:163} INFO - Started process (PID=29009) to work on /home/user/workspace/airflow/airflow_env/lib/python3.6/site-packages/airflow/example_dags/example_branch_datetime_operator.py
[2021-10-18 17:51:50,552] {processor.py:620} INFO - Processing file /home/user/workspace/airflow/airflow_env/lib/python3.6/site-packages/airflow/example_dags/example_branch_datetime_operator.py for tasks to queue
[2021-10-18 17:51:50,554] {logging_mixin.py:109} INFO - [2021-10-18 17:51:50,553] {dagbag.py:500} INFO - Filling up the DagBag from /home/user/workspace/airflow/airflow_env/lib/python3.6/site-packages/airflow/example_dags/example_branch_datetime_operator.py
[2021-10-18 17:51:50,594] {processor.py:632} INFO - DAG(s) dict_keys(['example_branch_datetime_operator_2']) retrieved from /home/user/workspace/airflow/airflow_env/lib/python3.6/site-packages/airflow/example_dags/example_branch_datetime_operator.py
[2021-10-18 17:51:50,613] {logging_mixin.py:109} INFO - [2021-10-18 17:51:50,613] {dag.py:2389} INFO - Sync 1 DAGs
[2021-10-18 17:51:50,640] {logging_mixin.py:109} INFO - [2021-10-18 17:51:50,639] {dag.py:2914} INFO - Setting next_dagrun for example_branch_datetime_operator_2 to 2021-10-17 00:00:00+00:00
[2021-10-18 17:51:50,653] {processor.py:171} INFO - Processing /home/user/workspace/airflow/airflow_env/lib/python3.6/site-packages/airflow/example_dags/example_branch_datetime_operator.py took 0.108 seconds
[2021-10-18 17:52:59,593] {processor.py:163} INFO - Started process (PID=29180) to work on /home/user/workspace/airflow/airflow_env/lib/python3.6/site-packages/airflow/example_dags/example_branch_datetime_operator.py
[2021-10-18 17:52:59,595] {processor.py:620} INFO - Processing file /home/user/workspace/airflow/airflow_env/lib/python3.6/site-packages/airflow/example_dags/example_branch_datetime_operator.py for tasks to queue
[2021-10-18 17:52:59,597] {logging_mixin.py:109} INFO - [2021-10-18 17:52:59,597] {dagbag.py:500} INFO - Filling up the DagBag from /home/user/workspace/airflow/airflow_env/lib/python3.6/site-packages/airflow/example_dags/example_branch_datetime_operator.py
[2021-10-18 17:52:59,652] {processor.py:632} INFO - DAG(s) dict_keys(['example_branch_datetime_operator_2']) retrieved from /home/user/workspace/airflow/airflow_env/lib/python3.6/site-packages/airflow/example_dags/example_branch_datetime_operator.py
[2021-10-18 17:52:59,678] {logging_mixin.py:109} INFO - [2021-10-18 17:52:59,678] {dag.py:2389} INFO - Sync 1 DAGs
[2021-10-18 17:52:59,711] {logging_mixin.py:109} INFO - [2021-10-18 17:52:59,711] {dag.py:2914} INFO - Setting next_dagrun for example_branch_datetime_operator_2 to 2021-10-17 00:00:00+00:00
[2021-10-18 17:52:59,721] {processor.py:171} INFO - Processing /home/user/workspace/airflow/airflow_env/lib/python3.6/site-packages/airflow/example_dags/example_branch_datetime_operator.py took 0.134 seconds
[2021-10-18 17:54:10,066] {processor.py:163} INFO - Started process (PID=29285) to work on /home/user/workspace/airflow/airflow_env/lib/python3.6/site-packages/airflow/example_dags/example_branch_datetime_operator.py
[2021-10-18 17:54:10,081] {processor.py:620} INFO - Processing file /home/user/workspace/airflow/airflow_env/lib/python3.6/site-packages/airflow/example_dags/example_branch_datetime_operator.py for tasks to queue
[2021-10-18 17:54:10,083] {logging_mixin.py:109} INFO - [2021-10-18 17:54:10,082] {dagbag.py:500} INFO - Filling up the DagBag from /home/user/workspace/airflow/airflow_env/lib/python3.6/site-packages/airflow/example_dags/example_branch_datetime_operator.py
[2021-10-18 17:54:10,134] {processor.py:632} INFO - DAG(s) dict_keys(['example_branch_datetime_operator_2']) retrieved from /home/user/workspace/airflow/airflow_env/lib/python3.6/site-packages/airflow/example_dags/example_branch_datetime_operator.py
[2021-10-18 17:54:10,155] {logging_mixin.py:109} INFO - [2021-10-18 17:54:10,155] {dag.py:2389} INFO - Sync 1 DAGs
[2021-10-18 17:54:10,181] {logging_mixin.py:109} INFO - [2021-10-18 17:54:10,181] {dag.py:2914} INFO - Setting next_dagrun for example_branch_datetime_operator_2 to 2021-10-17 00:00:00+00:00
[2021-10-18 17:54:10,191] {processor.py:171} INFO - Processing /home/user/workspace/airflow/airflow_env/lib/python3.6/site-packages/airflow/example_dags/example_branch_datetime_operator.py took 0.133 seconds
[2021-10-18 17:54:59,331] {processor.py:163} INFO - Started process (PID=29365) to work on /home/user/workspace/airflow/airflow_env/lib/python3.6/site-packages/airflow/example_dags/example_branch_datetime_operator.py
[2021-10-18 17:54:59,332] {processor.py:620} INFO - Processing file /home/user/workspace/airflow/airflow_env/lib/python3.6/site-packages/airflow/example_dags/example_branch_datetime_operator.py for tasks to queue
[2021-10-18 17:54:59,333] {logging_mixin.py:109} INFO - [2021-10-18 17:54:59,333] {dagbag.py:500} INFO - Filling up the DagBag from /home/user/workspace/airflow/airflow_env/lib/python3.6/site-packages/airflow/example_dags/example_branch_datetime_operator.py
[2021-10-18 17:54:59,356] {processor.py:632} INFO - DAG(s) dict_keys(['example_branch_datetime_operator_2']) retrieved from /home/user/workspace/airflow/airflow_env/lib/python3.6/site-packages/airflow/example_dags/example_branch_datetime_operator.py
[2021-10-18 17:54:59,367] {logging_mixin.py:109} INFO - [2021-10-18 17:54:59,367] {dag.py:2389} INFO - Sync 1 DAGs
[2021-10-18 17:54:59,384] {logging_mixin.py:109} INFO - [2021-10-18 17:54:59,384] {dag.py:2914} INFO - Setting next_dagrun for example_branch_datetime_operator_2 to 2021-10-17 00:00:00+00:00
[2021-10-18 17:54:59,395] {processor.py:171} INFO - Processing /home/user/workspace/airflow/airflow_env/lib/python3.6/site-packages/airflow/example_dags/example_branch_datetime_operator.py took 0.069 seconds
[2021-10-18 17:56:03,907] {processor.py:163} INFO - Started process (PID=29544) to work on /home/user/workspace/airflow/airflow_env/lib/python3.6/site-packages/airflow/example_dags/example_branch_datetime_operator.py
[2021-10-18 17:56:03,911] {processor.py:620} INFO - Processing file /home/user/workspace/airflow/airflow_env/lib/python3.6/site-packages/airflow/example_dags/example_branch_datetime_operator.py for tasks to queue
[2021-10-18 17:56:03,913] {logging_mixin.py:109} INFO - [2021-10-18 17:56:03,912] {dagbag.py:500} INFO - Filling up the DagBag from /home/user/workspace/airflow/airflow_env/lib/python3.6/site-packages/airflow/example_dags/example_branch_datetime_operator.py
[2021-10-18 17:56:03,997] {processor.py:632} INFO - DAG(s) dict_keys(['example_branch_datetime_operator_2']) retrieved from /home/user/workspace/airflow/airflow_env/lib/python3.6/site-packages/airflow/example_dags/example_branch_datetime_operator.py
[2021-10-18 17:56:04,029] {logging_mixin.py:109} INFO - [2021-10-18 17:56:04,028] {dag.py:2389} INFO - Sync 1 DAGs
[2021-10-18 17:56:04,069] {logging_mixin.py:109} INFO - [2021-10-18 17:56:04,069] {dag.py:2914} INFO - Setting next_dagrun for example_branch_datetime_operator_2 to 2021-10-17 00:00:00+00:00
[2021-10-18 17:56:04,092] {processor.py:171} INFO - Processing /home/user/workspace/airflow/airflow_env/lib/python3.6/site-packages/airflow/example_dags/example_branch_datetime_operator.py took 0.194 seconds
[2021-10-18 17:57:12,090] {processor.py:163} INFO - Started process (PID=29654) to work on /home/user/workspace/airflow/airflow_env/lib/python3.6/site-packages/airflow/example_dags/example_branch_datetime_operator.py
[2021-10-18 17:57:12,102] {processor.py:620} INFO - Processing file /home/user/workspace/airflow/airflow_env/lib/python3.6/site-packages/airflow/example_dags/example_branch_datetime_operator.py for tasks to queue
[2021-10-18 17:57:12,103] {logging_mixin.py:109} INFO - [2021-10-18 17:57:12,103] {dagbag.py:500} INFO - Filling up the DagBag from /home/user/workspace/airflow/airflow_env/lib/python3.6/site-packages/airflow/example_dags/example_branch_datetime_operator.py
[2021-10-18 17:57:12,144] {processor.py:632} INFO - DAG(s) dict_keys(['example_branch_datetime_operator_2']) retrieved from /home/user/workspace/airflow/airflow_env/lib/python3.6/site-packages/airflow/example_dags/example_branch_datetime_operator.py
[2021-10-18 17:57:12,166] {logging_mixin.py:109} INFO - [2021-10-18 17:57:12,165] {dag.py:2389} INFO - Sync 1 DAGs
[2021-10-18 17:57:12,202] {logging_mixin.py:109} INFO - [2021-10-18 17:57:12,202] {dag.py:2914} INFO - Setting next_dagrun for example_branch_datetime_operator_2 to 2021-10-17 00:00:00+00:00
[2021-10-18 17:57:12,220] {processor.py:171} INFO - Processing /home/user/workspace/airflow/airflow_env/lib/python3.6/site-packages/airflow/example_dags/example_branch_datetime_operator.py took 0.136 seconds
[2021-10-18 17:58:22,577] {processor.py:163} INFO - Started process (PID=29786) to work on /home/user/workspace/airflow/airflow_env/lib/python3.6/site-packages/airflow/example_dags/example_branch_datetime_operator.py
[2021-10-18 17:58:22,589] {processor.py:620} INFO - Processing file /home/user/workspace/airflow/airflow_env/lib/python3.6/site-packages/airflow/example_dags/example_branch_datetime_operator.py for tasks to queue
[2021-10-18 17:58:22,591] {logging_mixin.py:109} INFO - [2021-10-18 17:58:22,590] {dagbag.py:500} INFO - Filling up the DagBag from /home/user/workspace/airflow/airflow_env/lib/python3.6/site-packages/airflow/example_dags/example_branch_datetime_operator.py
[2021-10-18 17:58:22,643] {processor.py:632} INFO - DAG(s) dict_keys(['example_branch_datetime_operator_2']) retrieved from /home/user/workspace/airflow/airflow_env/lib/python3.6/site-packages/airflow/example_dags/example_branch_datetime_operator.py
[2021-10-18 17:58:22,667] {logging_mixin.py:109} INFO - [2021-10-18 17:58:22,667] {dag.py:2389} INFO - Sync 1 DAGs
[2021-10-18 17:58:22,703] {logging_mixin.py:109} INFO - [2021-10-18 17:58:22,703] {dag.py:2914} INFO - Setting next_dagrun for example_branch_datetime_operator_2 to 2021-10-17 00:00:00+00:00
[2021-10-18 17:58:22,715] {processor.py:171} INFO - Processing /home/user/workspace/airflow/airflow_env/lib/python3.6/site-packages/airflow/example_dags/example_branch_datetime_operator.py took 0.144 seconds
[2021-10-18 17:59:29,008] {processor.py:163} INFO - Started process (PID=29901) to work on /home/user/workspace/airflow/airflow_env/lib/python3.6/site-packages/airflow/example_dags/example_branch_datetime_operator.py
[2021-10-18 17:59:29,010] {processor.py:620} INFO - Processing file /home/user/workspace/airflow/airflow_env/lib/python3.6/site-packages/airflow/example_dags/example_branch_datetime_operator.py for tasks to queue
[2021-10-18 17:59:29,012] {logging_mixin.py:109} INFO - [2021-10-18 17:59:29,011] {dagbag.py:500} INFO - Filling up the DagBag from /home/user/workspace/airflow/airflow_env/lib/python3.6/site-packages/airflow/example_dags/example_branch_datetime_operator.py
[2021-10-18 17:59:29,069] {processor.py:632} INFO - DAG(s) dict_keys(['example_branch_datetime_operator_2']) retrieved from /home/user/workspace/airflow/airflow_env/lib/python3.6/site-packages/airflow/example_dags/example_branch_datetime_operator.py
[2021-10-18 17:59:29,106] {logging_mixin.py:109} INFO - [2021-10-18 17:59:29,106] {dag.py:2389} INFO - Sync 1 DAGs
[2021-10-18 17:59:29,132] {logging_mixin.py:109} INFO - [2021-10-18 17:59:29,132] {dag.py:2914} INFO - Setting next_dagrun for example_branch_datetime_operator_2 to 2021-10-17 00:00:00+00:00
[2021-10-18 17:59:29,142] {processor.py:171} INFO - Processing /home/user/workspace/airflow/airflow_env/lib/python3.6/site-packages/airflow/example_dags/example_branch_datetime_operator.py took 0.139 seconds
[2021-10-18 18:00:37,765] {processor.py:163} INFO - Started process (PID=30014) to work on /home/user/workspace/airflow/airflow_env/lib/python3.6/site-packages/airflow/example_dags/example_branch_datetime_operator.py
[2021-10-18 18:00:37,766] {processor.py:620} INFO - Processing file /home/user/workspace/airflow/airflow_env/lib/python3.6/site-packages/airflow/example_dags/example_branch_datetime_operator.py for tasks to queue
[2021-10-18 18:00:37,766] {logging_mixin.py:109} INFO - [2021-10-18 18:00:37,766] {dagbag.py:500} INFO - Filling up the DagBag from /home/user/workspace/airflow/airflow_env/lib/python3.6/site-packages/airflow/example_dags/example_branch_datetime_operator.py
[2021-10-18 18:00:37,792] {processor.py:632} INFO - DAG(s) dict_keys(['example_branch_datetime_operator_2']) retrieved from /home/user/workspace/airflow/airflow_env/lib/python3.6/site-packages/airflow/example_dags/example_branch_datetime_operator.py
[2021-10-18 18:00:37,805] {logging_mixin.py:109} INFO - [2021-10-18 18:00:37,805] {dag.py:2389} INFO - Sync 1 DAGs
[2021-10-18 18:00:37,822] {logging_mixin.py:109} INFO - [2021-10-18 18:00:37,822] {dag.py:2914} INFO - Setting next_dagrun for example_branch_datetime_operator_2 to 2021-10-17 00:00:00+00:00
[2021-10-18 18:00:37,833] {processor.py:171} INFO - Processing /home/user/workspace/airflow/airflow_env/lib/python3.6/site-packages/airflow/example_dags/example_branch_datetime_operator.py took 0.070 seconds
