[2021-10-18 17:18:15,211] {processor.py:163} INFO - Started process (PID=23321) to work on /home/user/workspace/airflow/airflow_env/lib/python3.6/site-packages/airflow/example_dags/example_bash_operator.py
[2021-10-18 17:18:15,213] {processor.py:620} INFO - Processing file /home/user/workspace/airflow/airflow_env/lib/python3.6/site-packages/airflow/example_dags/example_bash_operator.py for tasks to queue
[2021-10-18 17:18:15,214] {logging_mixin.py:109} INFO - [2021-10-18 17:18:15,214] {dagbag.py:500} INFO - Filling up the DagBag from /home/user/workspace/airflow/airflow_env/lib/python3.6/site-packages/airflow/example_dags/example_bash_operator.py
[2021-10-18 17:18:15,255] {processor.py:632} INFO - DAG(s) dict_keys(['example_bash_operator']) retrieved from /home/user/workspace/airflow/airflow_env/lib/python3.6/site-packages/airflow/example_dags/example_bash_operator.py
[2021-10-18 17:18:15,273] {logging_mixin.py:109} INFO - [2021-10-18 17:18:15,273] {dag.py:2389} INFO - Sync 1 DAGs
[2021-10-18 17:18:15,302] {logging_mixin.py:109} INFO - [2021-10-18 17:18:15,302] {dag.py:2914} INFO - Setting next_dagrun for example_bash_operator to 2021-10-17 00:00:00+00:00
[2021-10-18 17:18:15,326] {processor.py:171} INFO - Processing /home/user/workspace/airflow/airflow_env/lib/python3.6/site-packages/airflow/example_dags/example_bash_operator.py took 0.120 seconds
[2021-10-18 17:19:02,028] {processor.py:163} INFO - Started process (PID=23538) to work on /home/user/workspace/airflow/airflow_env/lib/python3.6/site-packages/airflow/example_dags/example_bash_operator.py
[2021-10-18 17:19:02,030] {processor.py:620} INFO - Processing file /home/user/workspace/airflow/airflow_env/lib/python3.6/site-packages/airflow/example_dags/example_bash_operator.py for tasks to queue
[2021-10-18 17:19:02,032] {logging_mixin.py:109} INFO - [2021-10-18 17:19:02,032] {dagbag.py:500} INFO - Filling up the DagBag from /home/user/workspace/airflow/airflow_env/lib/python3.6/site-packages/airflow/example_dags/example_bash_operator.py
[2021-10-18 17:19:02,103] {processor.py:632} INFO - DAG(s) dict_keys(['example_bash_operator']) retrieved from /home/user/workspace/airflow/airflow_env/lib/python3.6/site-packages/airflow/example_dags/example_bash_operator.py
[2021-10-18 17:19:02,133] {logging_mixin.py:109} INFO - [2021-10-18 17:19:02,132] {dag.py:2389} INFO - Sync 1 DAGs
[2021-10-18 17:19:02,184] {logging_mixin.py:109} INFO - [2021-10-18 17:19:02,184] {dag.py:2914} INFO - Setting next_dagrun for example_bash_operator to 2021-10-17 00:00:00+00:00
[2021-10-18 17:19:02,212] {processor.py:171} INFO - Processing /home/user/workspace/airflow/airflow_env/lib/python3.6/site-packages/airflow/example_dags/example_bash_operator.py took 0.191 seconds
[2021-10-18 17:19:54,746] {processor.py:163} INFO - Started process (PID=23643) to work on /home/user/workspace/airflow/airflow_env/lib/python3.6/site-packages/airflow/example_dags/example_bash_operator.py
[2021-10-18 17:19:54,750] {processor.py:620} INFO - Processing file /home/user/workspace/airflow/airflow_env/lib/python3.6/site-packages/airflow/example_dags/example_bash_operator.py for tasks to queue
[2021-10-18 17:19:54,754] {logging_mixin.py:109} INFO - [2021-10-18 17:19:54,753] {dagbag.py:500} INFO - Filling up the DagBag from /home/user/workspace/airflow/airflow_env/lib/python3.6/site-packages/airflow/example_dags/example_bash_operator.py
[2021-10-18 17:19:54,797] {processor.py:632} INFO - DAG(s) dict_keys(['example_bash_operator']) retrieved from /home/user/workspace/airflow/airflow_env/lib/python3.6/site-packages/airflow/example_dags/example_bash_operator.py
[2021-10-18 17:19:54,811] {logging_mixin.py:109} INFO - [2021-10-18 17:19:54,811] {dag.py:2389} INFO - Sync 1 DAGs
[2021-10-18 17:19:54,834] {logging_mixin.py:109} INFO - [2021-10-18 17:19:54,834] {dag.py:2914} INFO - Setting next_dagrun for example_bash_operator to 2021-10-17 00:00:00+00:00
[2021-10-18 17:19:54,844] {processor.py:171} INFO - Processing /home/user/workspace/airflow/airflow_env/lib/python3.6/site-packages/airflow/example_dags/example_bash_operator.py took 0.106 seconds
[2021-10-18 17:20:43,665] {processor.py:163} INFO - Started process (PID=23732) to work on /home/user/workspace/airflow/airflow_env/lib/python3.6/site-packages/airflow/example_dags/example_bash_operator.py
[2021-10-18 17:20:43,667] {processor.py:620} INFO - Processing file /home/user/workspace/airflow/airflow_env/lib/python3.6/site-packages/airflow/example_dags/example_bash_operator.py for tasks to queue
[2021-10-18 17:20:43,668] {logging_mixin.py:109} INFO - [2021-10-18 17:20:43,668] {dagbag.py:500} INFO - Filling up the DagBag from /home/user/workspace/airflow/airflow_env/lib/python3.6/site-packages/airflow/example_dags/example_bash_operator.py
[2021-10-18 17:20:43,734] {processor.py:632} INFO - DAG(s) dict_keys(['example_bash_operator']) retrieved from /home/user/workspace/airflow/airflow_env/lib/python3.6/site-packages/airflow/example_dags/example_bash_operator.py
[2021-10-18 17:20:43,758] {logging_mixin.py:109} INFO - [2021-10-18 17:20:43,758] {dag.py:2389} INFO - Sync 1 DAGs
[2021-10-18 17:20:43,776] {logging_mixin.py:109} INFO - [2021-10-18 17:20:43,776] {dag.py:2914} INFO - Setting next_dagrun for example_bash_operator to 2021-10-17 00:00:00+00:00
[2021-10-18 17:20:43,786] {processor.py:171} INFO - Processing /home/user/workspace/airflow/airflow_env/lib/python3.6/site-packages/airflow/example_dags/example_bash_operator.py took 0.127 seconds
[2021-10-18 17:21:40,833] {processor.py:163} INFO - Started process (PID=23910) to work on /home/user/workspace/airflow/airflow_env/lib/python3.6/site-packages/airflow/example_dags/example_bash_operator.py
[2021-10-18 17:21:40,845] {processor.py:620} INFO - Processing file /home/user/workspace/airflow/airflow_env/lib/python3.6/site-packages/airflow/example_dags/example_bash_operator.py for tasks to queue
[2021-10-18 17:21:40,847] {logging_mixin.py:109} INFO - [2021-10-18 17:21:40,846] {dagbag.py:500} INFO - Filling up the DagBag from /home/user/workspace/airflow/airflow_env/lib/python3.6/site-packages/airflow/example_dags/example_bash_operator.py
[2021-10-18 17:21:40,921] {processor.py:632} INFO - DAG(s) dict_keys(['example_bash_operator']) retrieved from /home/user/workspace/airflow/airflow_env/lib/python3.6/site-packages/airflow/example_dags/example_bash_operator.py
[2021-10-18 17:21:40,952] {logging_mixin.py:109} INFO - [2021-10-18 17:21:40,952] {dag.py:2389} INFO - Sync 1 DAGs
[2021-10-18 17:21:41,002] {logging_mixin.py:109} INFO - [2021-10-18 17:21:41,002] {dag.py:2914} INFO - Setting next_dagrun for example_bash_operator to 2021-10-17 00:00:00+00:00
[2021-10-18 17:21:41,032] {processor.py:171} INFO - Processing /home/user/workspace/airflow/airflow_env/lib/python3.6/site-packages/airflow/example_dags/example_bash_operator.py took 0.206 seconds
[2021-10-18 17:22:39,689] {processor.py:163} INFO - Started process (PID=24107) to work on /home/user/workspace/airflow/airflow_env/lib/python3.6/site-packages/airflow/example_dags/example_bash_operator.py
[2021-10-18 17:22:39,691] {processor.py:620} INFO - Processing file /home/user/workspace/airflow/airflow_env/lib/python3.6/site-packages/airflow/example_dags/example_bash_operator.py for tasks to queue
[2021-10-18 17:22:39,692] {logging_mixin.py:109} INFO - [2021-10-18 17:22:39,692] {dagbag.py:500} INFO - Filling up the DagBag from /home/user/workspace/airflow/airflow_env/lib/python3.6/site-packages/airflow/example_dags/example_bash_operator.py
[2021-10-18 17:22:39,735] {processor.py:632} INFO - DAG(s) dict_keys(['example_bash_operator']) retrieved from /home/user/workspace/airflow/airflow_env/lib/python3.6/site-packages/airflow/example_dags/example_bash_operator.py
[2021-10-18 17:22:39,753] {logging_mixin.py:109} INFO - [2021-10-18 17:22:39,752] {dag.py:2389} INFO - Sync 1 DAGs
[2021-10-18 17:22:39,779] {logging_mixin.py:109} INFO - [2021-10-18 17:22:39,779] {dag.py:2914} INFO - Setting next_dagrun for example_bash_operator to 2021-10-17 00:00:00+00:00
[2021-10-18 17:22:39,794] {processor.py:171} INFO - Processing /home/user/workspace/airflow/airflow_env/lib/python3.6/site-packages/airflow/example_dags/example_bash_operator.py took 0.109 seconds
[2021-10-18 17:23:35,187] {processor.py:163} INFO - Started process (PID=24219) to work on /home/user/workspace/airflow/airflow_env/lib/python3.6/site-packages/airflow/example_dags/example_bash_operator.py
[2021-10-18 17:23:35,190] {processor.py:620} INFO - Processing file /home/user/workspace/airflow/airflow_env/lib/python3.6/site-packages/airflow/example_dags/example_bash_operator.py for tasks to queue
[2021-10-18 17:23:35,191] {logging_mixin.py:109} INFO - [2021-10-18 17:23:35,191] {dagbag.py:500} INFO - Filling up the DagBag from /home/user/workspace/airflow/airflow_env/lib/python3.6/site-packages/airflow/example_dags/example_bash_operator.py
[2021-10-18 17:23:35,260] {processor.py:632} INFO - DAG(s) dict_keys(['example_bash_operator']) retrieved from /home/user/workspace/airflow/airflow_env/lib/python3.6/site-packages/airflow/example_dags/example_bash_operator.py
[2021-10-18 17:23:35,289] {logging_mixin.py:109} INFO - [2021-10-18 17:23:35,289] {dag.py:2389} INFO - Sync 1 DAGs
[2021-10-18 17:23:35,341] {logging_mixin.py:109} INFO - [2021-10-18 17:23:35,340] {dag.py:2914} INFO - Setting next_dagrun for example_bash_operator to 2021-10-17 00:00:00+00:00
[2021-10-18 17:23:35,362] {processor.py:171} INFO - Processing /home/user/workspace/airflow/airflow_env/lib/python3.6/site-packages/airflow/example_dags/example_bash_operator.py took 0.182 seconds
[2021-10-18 17:24:30,945] {processor.py:163} INFO - Started process (PID=24308) to work on /home/user/workspace/airflow/airflow_env/lib/python3.6/site-packages/airflow/example_dags/example_bash_operator.py
[2021-10-18 17:24:30,948] {processor.py:620} INFO - Processing file /home/user/workspace/airflow/airflow_env/lib/python3.6/site-packages/airflow/example_dags/example_bash_operator.py for tasks to queue
[2021-10-18 17:24:30,949] {logging_mixin.py:109} INFO - [2021-10-18 17:24:30,949] {dagbag.py:500} INFO - Filling up the DagBag from /home/user/workspace/airflow/airflow_env/lib/python3.6/site-packages/airflow/example_dags/example_bash_operator.py
[2021-10-18 17:24:31,011] {processor.py:632} INFO - DAG(s) dict_keys(['example_bash_operator']) retrieved from /home/user/workspace/airflow/airflow_env/lib/python3.6/site-packages/airflow/example_dags/example_bash_operator.py
[2021-10-18 17:24:31,037] {logging_mixin.py:109} INFO - [2021-10-18 17:24:31,037] {dag.py:2389} INFO - Sync 1 DAGs
[2021-10-18 17:24:31,066] {logging_mixin.py:109} INFO - [2021-10-18 17:24:31,066] {dag.py:2914} INFO - Setting next_dagrun for example_bash_operator to 2021-10-17 00:00:00+00:00
[2021-10-18 17:24:31,076] {processor.py:171} INFO - Processing /home/user/workspace/airflow/airflow_env/lib/python3.6/site-packages/airflow/example_dags/example_bash_operator.py took 0.137 seconds
[2021-10-18 17:25:32,852] {processor.py:163} INFO - Started process (PID=24455) to work on /home/user/workspace/airflow/airflow_env/lib/python3.6/site-packages/airflow/example_dags/example_bash_operator.py
[2021-10-18 17:25:32,863] {processor.py:620} INFO - Processing file /home/user/workspace/airflow/airflow_env/lib/python3.6/site-packages/airflow/example_dags/example_bash_operator.py for tasks to queue
[2021-10-18 17:25:32,870] {logging_mixin.py:109} INFO - [2021-10-18 17:25:32,870] {dagbag.py:500} INFO - Filling up the DagBag from /home/user/workspace/airflow/airflow_env/lib/python3.6/site-packages/airflow/example_dags/example_bash_operator.py
[2021-10-18 17:25:32,920] {processor.py:632} INFO - DAG(s) dict_keys(['example_bash_operator']) retrieved from /home/user/workspace/airflow/airflow_env/lib/python3.6/site-packages/airflow/example_dags/example_bash_operator.py
[2021-10-18 17:25:32,935] {logging_mixin.py:109} INFO - [2021-10-18 17:25:32,935] {dag.py:2389} INFO - Sync 1 DAGs
[2021-10-18 17:25:32,954] {logging_mixin.py:109} INFO - [2021-10-18 17:25:32,954] {dag.py:2914} INFO - Setting next_dagrun for example_bash_operator to 2021-10-17 00:00:00+00:00
[2021-10-18 17:25:32,967] {processor.py:171} INFO - Processing /home/user/workspace/airflow/airflow_env/lib/python3.6/site-packages/airflow/example_dags/example_bash_operator.py took 0.120 seconds
[2021-10-18 17:26:29,940] {processor.py:163} INFO - Started process (PID=24647) to work on /home/user/workspace/airflow/airflow_env/lib/python3.6/site-packages/airflow/example_dags/example_bash_operator.py
[2021-10-18 17:26:29,942] {processor.py:620} INFO - Processing file /home/user/workspace/airflow/airflow_env/lib/python3.6/site-packages/airflow/example_dags/example_bash_operator.py for tasks to queue
[2021-10-18 17:26:29,943] {logging_mixin.py:109} INFO - [2021-10-18 17:26:29,943] {dagbag.py:500} INFO - Filling up the DagBag from /home/user/workspace/airflow/airflow_env/lib/python3.6/site-packages/airflow/example_dags/example_bash_operator.py
[2021-10-18 17:26:29,990] {processor.py:632} INFO - DAG(s) dict_keys(['example_bash_operator']) retrieved from /home/user/workspace/airflow/airflow_env/lib/python3.6/site-packages/airflow/example_dags/example_bash_operator.py
[2021-10-18 17:26:30,010] {logging_mixin.py:109} INFO - [2021-10-18 17:26:30,010] {dag.py:2389} INFO - Sync 1 DAGs
[2021-10-18 17:26:30,038] {logging_mixin.py:109} INFO - [2021-10-18 17:26:30,037] {dag.py:2914} INFO - Setting next_dagrun for example_bash_operator to 2021-10-17 00:00:00+00:00
[2021-10-18 17:26:30,052] {processor.py:171} INFO - Processing /home/user/workspace/airflow/airflow_env/lib/python3.6/site-packages/airflow/example_dags/example_bash_operator.py took 0.118 seconds
[2021-10-18 17:27:26,886] {processor.py:163} INFO - Started process (PID=24812) to work on /home/user/workspace/airflow/airflow_env/lib/python3.6/site-packages/airflow/example_dags/example_bash_operator.py
[2021-10-18 17:27:26,888] {processor.py:620} INFO - Processing file /home/user/workspace/airflow/airflow_env/lib/python3.6/site-packages/airflow/example_dags/example_bash_operator.py for tasks to queue
[2021-10-18 17:27:26,889] {logging_mixin.py:109} INFO - [2021-10-18 17:27:26,889] {dagbag.py:500} INFO - Filling up the DagBag from /home/user/workspace/airflow/airflow_env/lib/python3.6/site-packages/airflow/example_dags/example_bash_operator.py
[2021-10-18 17:27:26,939] {processor.py:632} INFO - DAG(s) dict_keys(['example_bash_operator']) retrieved from /home/user/workspace/airflow/airflow_env/lib/python3.6/site-packages/airflow/example_dags/example_bash_operator.py
[2021-10-18 17:27:26,959] {logging_mixin.py:109} INFO - [2021-10-18 17:27:26,959] {dag.py:2389} INFO - Sync 1 DAGs
[2021-10-18 17:27:26,988] {logging_mixin.py:109} INFO - [2021-10-18 17:27:26,987] {dag.py:2914} INFO - Setting next_dagrun for example_bash_operator to 2021-10-17 00:00:00+00:00
[2021-10-18 17:27:27,000] {processor.py:171} INFO - Processing /home/user/workspace/airflow/airflow_env/lib/python3.6/site-packages/airflow/example_dags/example_bash_operator.py took 0.119 seconds
[2021-10-18 17:28:28,226] {processor.py:163} INFO - Started process (PID=25010) to work on /home/user/workspace/airflow/airflow_env/lib/python3.6/site-packages/airflow/example_dags/example_bash_operator.py
[2021-10-18 17:28:28,229] {processor.py:620} INFO - Processing file /home/user/workspace/airflow/airflow_env/lib/python3.6/site-packages/airflow/example_dags/example_bash_operator.py for tasks to queue
[2021-10-18 17:28:28,230] {logging_mixin.py:109} INFO - [2021-10-18 17:28:28,230] {dagbag.py:500} INFO - Filling up the DagBag from /home/user/workspace/airflow/airflow_env/lib/python3.6/site-packages/airflow/example_dags/example_bash_operator.py
[2021-10-18 17:28:28,274] {processor.py:632} INFO - DAG(s) dict_keys(['example_bash_operator']) retrieved from /home/user/workspace/airflow/airflow_env/lib/python3.6/site-packages/airflow/example_dags/example_bash_operator.py
[2021-10-18 17:28:28,299] {logging_mixin.py:109} INFO - [2021-10-18 17:28:28,299] {dag.py:2389} INFO - Sync 1 DAGs
[2021-10-18 17:28:28,336] {logging_mixin.py:109} INFO - [2021-10-18 17:28:28,336] {dag.py:2914} INFO - Setting next_dagrun for example_bash_operator to 2021-10-17 00:00:00+00:00
[2021-10-18 17:28:28,357] {processor.py:171} INFO - Processing /home/user/workspace/airflow/airflow_env/lib/python3.6/site-packages/airflow/example_dags/example_bash_operator.py took 0.136 seconds
[2021-10-18 17:29:31,060] {processor.py:163} INFO - Started process (PID=25206) to work on /home/user/workspace/airflow/airflow_env/lib/python3.6/site-packages/airflow/example_dags/example_bash_operator.py
[2021-10-18 17:29:31,063] {processor.py:620} INFO - Processing file /home/user/workspace/airflow/airflow_env/lib/python3.6/site-packages/airflow/example_dags/example_bash_operator.py for tasks to queue
[2021-10-18 17:29:31,064] {logging_mixin.py:109} INFO - [2021-10-18 17:29:31,064] {dagbag.py:500} INFO - Filling up the DagBag from /home/user/workspace/airflow/airflow_env/lib/python3.6/site-packages/airflow/example_dags/example_bash_operator.py
[2021-10-18 17:29:31,181] {processor.py:632} INFO - DAG(s) dict_keys(['example_bash_operator']) retrieved from /home/user/workspace/airflow/airflow_env/lib/python3.6/site-packages/airflow/example_dags/example_bash_operator.py
[2021-10-18 17:29:31,314] {logging_mixin.py:109} INFO - [2021-10-18 17:29:31,312] {dag.py:2389} INFO - Sync 1 DAGs
[2021-10-18 17:29:31,382] {logging_mixin.py:109} INFO - [2021-10-18 17:29:31,382] {dag.py:2914} INFO - Setting next_dagrun for example_bash_operator to 2021-10-17 00:00:00+00:00
[2021-10-18 17:29:31,410] {processor.py:171} INFO - Processing /home/user/workspace/airflow/airflow_env/lib/python3.6/site-packages/airflow/example_dags/example_bash_operator.py took 0.358 seconds
[2021-10-18 17:30:30,048] {processor.py:163} INFO - Started process (PID=25342) to work on /home/user/workspace/airflow/airflow_env/lib/python3.6/site-packages/airflow/example_dags/example_bash_operator.py
[2021-10-18 17:30:30,051] {processor.py:620} INFO - Processing file /home/user/workspace/airflow/airflow_env/lib/python3.6/site-packages/airflow/example_dags/example_bash_operator.py for tasks to queue
[2021-10-18 17:30:30,053] {logging_mixin.py:109} INFO - [2021-10-18 17:30:30,052] {dagbag.py:500} INFO - Filling up the DagBag from /home/user/workspace/airflow/airflow_env/lib/python3.6/site-packages/airflow/example_dags/example_bash_operator.py
[2021-10-18 17:30:30,129] {processor.py:632} INFO - DAG(s) dict_keys(['example_bash_operator']) retrieved from /home/user/workspace/airflow/airflow_env/lib/python3.6/site-packages/airflow/example_dags/example_bash_operator.py
[2021-10-18 17:30:30,148] {logging_mixin.py:109} INFO - [2021-10-18 17:30:30,148] {dag.py:2389} INFO - Sync 1 DAGs
[2021-10-18 17:30:30,172] {logging_mixin.py:109} INFO - [2021-10-18 17:30:30,172] {dag.py:2914} INFO - Setting next_dagrun for example_bash_operator to 2021-10-17 00:00:00+00:00
[2021-10-18 17:30:30,183] {processor.py:171} INFO - Processing /home/user/workspace/airflow/airflow_env/lib/python3.6/site-packages/airflow/example_dags/example_bash_operator.py took 0.141 seconds
[2021-10-18 17:31:32,353] {processor.py:163} INFO - Started process (PID=25559) to work on /home/user/workspace/airflow/airflow_env/lib/python3.6/site-packages/airflow/example_dags/example_bash_operator.py
[2021-10-18 17:31:32,360] {processor.py:620} INFO - Processing file /home/user/workspace/airflow/airflow_env/lib/python3.6/site-packages/airflow/example_dags/example_bash_operator.py for tasks to queue
[2021-10-18 17:31:32,369] {logging_mixin.py:109} INFO - [2021-10-18 17:31:32,369] {dagbag.py:500} INFO - Filling up the DagBag from /home/user/workspace/airflow/airflow_env/lib/python3.6/site-packages/airflow/example_dags/example_bash_operator.py
[2021-10-18 17:31:32,434] {processor.py:632} INFO - DAG(s) dict_keys(['example_bash_operator']) retrieved from /home/user/workspace/airflow/airflow_env/lib/python3.6/site-packages/airflow/example_dags/example_bash_operator.py
[2021-10-18 17:31:32,462] {logging_mixin.py:109} INFO - [2021-10-18 17:31:32,462] {dag.py:2389} INFO - Sync 1 DAGs
[2021-10-18 17:31:32,491] {logging_mixin.py:109} INFO - [2021-10-18 17:31:32,491] {dag.py:2914} INFO - Setting next_dagrun for example_bash_operator to 2021-10-17 00:00:00+00:00
[2021-10-18 17:31:32,501] {processor.py:171} INFO - Processing /home/user/workspace/airflow/airflow_env/lib/python3.6/site-packages/airflow/example_dags/example_bash_operator.py took 0.160 seconds
[2021-10-18 17:32:35,639] {processor.py:163} INFO - Started process (PID=25787) to work on /home/user/workspace/airflow/airflow_env/lib/python3.6/site-packages/airflow/example_dags/example_bash_operator.py
[2021-10-18 17:32:35,641] {processor.py:620} INFO - Processing file /home/user/workspace/airflow/airflow_env/lib/python3.6/site-packages/airflow/example_dags/example_bash_operator.py for tasks to queue
[2021-10-18 17:32:35,642] {logging_mixin.py:109} INFO - [2021-10-18 17:32:35,642] {dagbag.py:500} INFO - Filling up the DagBag from /home/user/workspace/airflow/airflow_env/lib/python3.6/site-packages/airflow/example_dags/example_bash_operator.py
[2021-10-18 17:32:35,692] {processor.py:632} INFO - DAG(s) dict_keys(['example_bash_operator']) retrieved from /home/user/workspace/airflow/airflow_env/lib/python3.6/site-packages/airflow/example_dags/example_bash_operator.py
[2021-10-18 17:32:35,714] {logging_mixin.py:109} INFO - [2021-10-18 17:32:35,714] {dag.py:2389} INFO - Sync 1 DAGs
[2021-10-18 17:32:35,748] {logging_mixin.py:109} INFO - [2021-10-18 17:32:35,747] {dag.py:2914} INFO - Setting next_dagrun for example_bash_operator to 2021-10-17 00:00:00+00:00
[2021-10-18 17:32:35,761] {processor.py:171} INFO - Processing /home/user/workspace/airflow/airflow_env/lib/python3.6/site-packages/airflow/example_dags/example_bash_operator.py took 0.128 seconds
[2021-10-18 17:33:35,902] {processor.py:163} INFO - Started process (PID=25901) to work on /home/user/workspace/airflow/airflow_env/lib/python3.6/site-packages/airflow/example_dags/example_bash_operator.py
[2021-10-18 17:33:35,904] {processor.py:620} INFO - Processing file /home/user/workspace/airflow/airflow_env/lib/python3.6/site-packages/airflow/example_dags/example_bash_operator.py for tasks to queue
[2021-10-18 17:33:35,906] {logging_mixin.py:109} INFO - [2021-10-18 17:33:35,905] {dagbag.py:500} INFO - Filling up the DagBag from /home/user/workspace/airflow/airflow_env/lib/python3.6/site-packages/airflow/example_dags/example_bash_operator.py
[2021-10-18 17:33:35,965] {processor.py:632} INFO - DAG(s) dict_keys(['example_bash_operator']) retrieved from /home/user/workspace/airflow/airflow_env/lib/python3.6/site-packages/airflow/example_dags/example_bash_operator.py
[2021-10-18 17:33:35,990] {logging_mixin.py:109} INFO - [2021-10-18 17:33:35,990] {dag.py:2389} INFO - Sync 1 DAGs
[2021-10-18 17:33:36,025] {logging_mixin.py:109} INFO - [2021-10-18 17:33:36,025] {dag.py:2914} INFO - Setting next_dagrun for example_bash_operator to 2021-10-17 00:00:00+00:00
[2021-10-18 17:33:36,036] {processor.py:171} INFO - Processing /home/user/workspace/airflow/airflow_env/lib/python3.6/site-packages/airflow/example_dags/example_bash_operator.py took 0.140 seconds
[2021-10-18 17:34:33,192] {processor.py:163} INFO - Started process (PID=26003) to work on /home/user/workspace/airflow/airflow_env/lib/python3.6/site-packages/airflow/example_dags/example_bash_operator.py
[2021-10-18 17:34:33,203] {processor.py:620} INFO - Processing file /home/user/workspace/airflow/airflow_env/lib/python3.6/site-packages/airflow/example_dags/example_bash_operator.py for tasks to queue
[2021-10-18 17:34:33,205] {logging_mixin.py:109} INFO - [2021-10-18 17:34:33,204] {dagbag.py:500} INFO - Filling up the DagBag from /home/user/workspace/airflow/airflow_env/lib/python3.6/site-packages/airflow/example_dags/example_bash_operator.py
[2021-10-18 17:34:33,280] {processor.py:632} INFO - DAG(s) dict_keys(['example_bash_operator']) retrieved from /home/user/workspace/airflow/airflow_env/lib/python3.6/site-packages/airflow/example_dags/example_bash_operator.py
[2021-10-18 17:34:33,313] {logging_mixin.py:109} INFO - [2021-10-18 17:34:33,312] {dag.py:2389} INFO - Sync 1 DAGs
[2021-10-18 17:34:33,340] {logging_mixin.py:109} INFO - [2021-10-18 17:34:33,340] {dag.py:2914} INFO - Setting next_dagrun for example_bash_operator to 2021-10-17 00:00:00+00:00
[2021-10-18 17:34:33,354] {processor.py:171} INFO - Processing /home/user/workspace/airflow/airflow_env/lib/python3.6/site-packages/airflow/example_dags/example_bash_operator.py took 0.167 seconds
[2021-10-18 17:35:32,274] {processor.py:163} INFO - Started process (PID=26130) to work on /home/user/workspace/airflow/airflow_env/lib/python3.6/site-packages/airflow/example_dags/example_bash_operator.py
[2021-10-18 17:35:32,277] {processor.py:620} INFO - Processing file /home/user/workspace/airflow/airflow_env/lib/python3.6/site-packages/airflow/example_dags/example_bash_operator.py for tasks to queue
[2021-10-18 17:35:32,279] {logging_mixin.py:109} INFO - [2021-10-18 17:35:32,279] {dagbag.py:500} INFO - Filling up the DagBag from /home/user/workspace/airflow/airflow_env/lib/python3.6/site-packages/airflow/example_dags/example_bash_operator.py
[2021-10-18 17:35:32,351] {processor.py:632} INFO - DAG(s) dict_keys(['example_bash_operator']) retrieved from /home/user/workspace/airflow/airflow_env/lib/python3.6/site-packages/airflow/example_dags/example_bash_operator.py
[2021-10-18 17:35:32,380] {logging_mixin.py:109} INFO - [2021-10-18 17:35:32,380] {dag.py:2389} INFO - Sync 1 DAGs
[2021-10-18 17:35:32,419] {logging_mixin.py:109} INFO - [2021-10-18 17:35:32,419] {dag.py:2914} INFO - Setting next_dagrun for example_bash_operator to 2021-10-17 00:00:00+00:00
[2021-10-18 17:35:32,432] {processor.py:171} INFO - Processing /home/user/workspace/airflow/airflow_env/lib/python3.6/site-packages/airflow/example_dags/example_bash_operator.py took 0.166 seconds
[2021-10-18 17:36:31,273] {processor.py:163} INFO - Started process (PID=26322) to work on /home/user/workspace/airflow/airflow_env/lib/python3.6/site-packages/airflow/example_dags/example_bash_operator.py
[2021-10-18 17:36:31,286] {processor.py:620} INFO - Processing file /home/user/workspace/airflow/airflow_env/lib/python3.6/site-packages/airflow/example_dags/example_bash_operator.py for tasks to queue
[2021-10-18 17:36:31,288] {logging_mixin.py:109} INFO - [2021-10-18 17:36:31,288] {dagbag.py:500} INFO - Filling up the DagBag from /home/user/workspace/airflow/airflow_env/lib/python3.6/site-packages/airflow/example_dags/example_bash_operator.py
[2021-10-18 17:36:31,353] {processor.py:632} INFO - DAG(s) dict_keys(['example_bash_operator']) retrieved from /home/user/workspace/airflow/airflow_env/lib/python3.6/site-packages/airflow/example_dags/example_bash_operator.py
[2021-10-18 17:36:31,381] {logging_mixin.py:109} INFO - [2021-10-18 17:36:31,381] {dag.py:2389} INFO - Sync 1 DAGs
[2021-10-18 17:36:31,403] {logging_mixin.py:109} INFO - [2021-10-18 17:36:31,403] {dag.py:2914} INFO - Setting next_dagrun for example_bash_operator to 2021-10-17 00:00:00+00:00
[2021-10-18 17:36:31,413] {processor.py:171} INFO - Processing /home/user/workspace/airflow/airflow_env/lib/python3.6/site-packages/airflow/example_dags/example_bash_operator.py took 0.147 seconds
[2021-10-18 17:37:31,579] {processor.py:163} INFO - Started process (PID=26481) to work on /home/user/workspace/airflow/airflow_env/lib/python3.6/site-packages/airflow/example_dags/example_bash_operator.py
[2021-10-18 17:37:31,581] {processor.py:620} INFO - Processing file /home/user/workspace/airflow/airflow_env/lib/python3.6/site-packages/airflow/example_dags/example_bash_operator.py for tasks to queue
[2021-10-18 17:37:31,582] {logging_mixin.py:109} INFO - [2021-10-18 17:37:31,582] {dagbag.py:500} INFO - Filling up the DagBag from /home/user/workspace/airflow/airflow_env/lib/python3.6/site-packages/airflow/example_dags/example_bash_operator.py
[2021-10-18 17:37:31,645] {processor.py:632} INFO - DAG(s) dict_keys(['example_bash_operator']) retrieved from /home/user/workspace/airflow/airflow_env/lib/python3.6/site-packages/airflow/example_dags/example_bash_operator.py
[2021-10-18 17:37:31,672] {logging_mixin.py:109} INFO - [2021-10-18 17:37:31,672] {dag.py:2389} INFO - Sync 1 DAGs
[2021-10-18 17:37:31,698] {logging_mixin.py:109} INFO - [2021-10-18 17:37:31,698] {dag.py:2914} INFO - Setting next_dagrun for example_bash_operator to 2021-10-17 00:00:00+00:00
[2021-10-18 17:37:31,707] {processor.py:171} INFO - Processing /home/user/workspace/airflow/airflow_env/lib/python3.6/site-packages/airflow/example_dags/example_bash_operator.py took 0.138 seconds
[2021-10-18 17:38:32,498] {processor.py:163} INFO - Started process (PID=26589) to work on /home/user/workspace/airflow/airflow_env/lib/python3.6/site-packages/airflow/example_dags/example_bash_operator.py
[2021-10-18 17:38:32,512] {processor.py:620} INFO - Processing file /home/user/workspace/airflow/airflow_env/lib/python3.6/site-packages/airflow/example_dags/example_bash_operator.py for tasks to queue
[2021-10-18 17:38:32,514] {logging_mixin.py:109} INFO - [2021-10-18 17:38:32,513] {dagbag.py:500} INFO - Filling up the DagBag from /home/user/workspace/airflow/airflow_env/lib/python3.6/site-packages/airflow/example_dags/example_bash_operator.py
[2021-10-18 17:38:32,577] {processor.py:632} INFO - DAG(s) dict_keys(['example_bash_operator']) retrieved from /home/user/workspace/airflow/airflow_env/lib/python3.6/site-packages/airflow/example_dags/example_bash_operator.py
[2021-10-18 17:38:32,604] {logging_mixin.py:109} INFO - [2021-10-18 17:38:32,604] {dag.py:2389} INFO - Sync 1 DAGs
[2021-10-18 17:38:32,624] {logging_mixin.py:109} INFO - [2021-10-18 17:38:32,624] {dag.py:2914} INFO - Setting next_dagrun for example_bash_operator to 2021-10-17 00:00:00+00:00
[2021-10-18 17:38:32,634] {processor.py:171} INFO - Processing /home/user/workspace/airflow/airflow_env/lib/python3.6/site-packages/airflow/example_dags/example_bash_operator.py took 0.143 seconds
[2021-10-18 17:39:37,684] {processor.py:163} INFO - Started process (PID=26731) to work on /home/user/workspace/airflow/airflow_env/lib/python3.6/site-packages/airflow/example_dags/example_bash_operator.py
[2021-10-18 17:39:37,687] {processor.py:620} INFO - Processing file /home/user/workspace/airflow/airflow_env/lib/python3.6/site-packages/airflow/example_dags/example_bash_operator.py for tasks to queue
[2021-10-18 17:39:37,688] {logging_mixin.py:109} INFO - [2021-10-18 17:39:37,688] {dagbag.py:500} INFO - Filling up the DagBag from /home/user/workspace/airflow/airflow_env/lib/python3.6/site-packages/airflow/example_dags/example_bash_operator.py
[2021-10-18 17:39:37,753] {processor.py:632} INFO - DAG(s) dict_keys(['example_bash_operator']) retrieved from /home/user/workspace/airflow/airflow_env/lib/python3.6/site-packages/airflow/example_dags/example_bash_operator.py
[2021-10-18 17:39:37,779] {logging_mixin.py:109} INFO - [2021-10-18 17:39:37,778] {dag.py:2389} INFO - Sync 1 DAGs
[2021-10-18 17:39:37,805] {logging_mixin.py:109} INFO - [2021-10-18 17:39:37,805] {dag.py:2914} INFO - Setting next_dagrun for example_bash_operator to 2021-10-17 00:00:00+00:00
[2021-10-18 17:39:37,814] {processor.py:171} INFO - Processing /home/user/workspace/airflow/airflow_env/lib/python3.6/site-packages/airflow/example_dags/example_bash_operator.py took 0.138 seconds
[2021-10-18 17:40:41,725] {processor.py:163} INFO - Started process (PID=26972) to work on /home/user/workspace/airflow/airflow_env/lib/python3.6/site-packages/airflow/example_dags/example_bash_operator.py
[2021-10-18 17:40:41,736] {processor.py:620} INFO - Processing file /home/user/workspace/airflow/airflow_env/lib/python3.6/site-packages/airflow/example_dags/example_bash_operator.py for tasks to queue
[2021-10-18 17:40:41,736] {logging_mixin.py:109} INFO - [2021-10-18 17:40:41,736] {dagbag.py:500} INFO - Filling up the DagBag from /home/user/workspace/airflow/airflow_env/lib/python3.6/site-packages/airflow/example_dags/example_bash_operator.py
[2021-10-18 17:40:41,757] {processor.py:632} INFO - DAG(s) dict_keys(['example_bash_operator']) retrieved from /home/user/workspace/airflow/airflow_env/lib/python3.6/site-packages/airflow/example_dags/example_bash_operator.py
[2021-10-18 17:40:41,767] {logging_mixin.py:109} INFO - [2021-10-18 17:40:41,766] {dag.py:2389} INFO - Sync 1 DAGs
[2021-10-18 17:40:41,781] {logging_mixin.py:109} INFO - [2021-10-18 17:40:41,781] {dag.py:2914} INFO - Setting next_dagrun for example_bash_operator to 2021-10-17 00:00:00+00:00
[2021-10-18 17:40:41,793] {processor.py:171} INFO - Processing /home/user/workspace/airflow/airflow_env/lib/python3.6/site-packages/airflow/example_dags/example_bash_operator.py took 0.070 seconds
[2021-10-18 17:41:39,357] {processor.py:163} INFO - Started process (PID=27067) to work on /home/user/workspace/airflow/airflow_env/lib/python3.6/site-packages/airflow/example_dags/example_bash_operator.py
[2021-10-18 17:41:39,359] {processor.py:620} INFO - Processing file /home/user/workspace/airflow/airflow_env/lib/python3.6/site-packages/airflow/example_dags/example_bash_operator.py for tasks to queue
[2021-10-18 17:41:39,360] {logging_mixin.py:109} INFO - [2021-10-18 17:41:39,360] {dagbag.py:500} INFO - Filling up the DagBag from /home/user/workspace/airflow/airflow_env/lib/python3.6/site-packages/airflow/example_dags/example_bash_operator.py
[2021-10-18 17:41:39,405] {processor.py:632} INFO - DAG(s) dict_keys(['example_bash_operator']) retrieved from /home/user/workspace/airflow/airflow_env/lib/python3.6/site-packages/airflow/example_dags/example_bash_operator.py
[2021-10-18 17:41:39,423] {logging_mixin.py:109} INFO - [2021-10-18 17:41:39,423] {dag.py:2389} INFO - Sync 1 DAGs
[2021-10-18 17:41:39,449] {logging_mixin.py:109} INFO - [2021-10-18 17:41:39,449] {dag.py:2914} INFO - Setting next_dagrun for example_bash_operator to 2021-10-17 00:00:00+00:00
[2021-10-18 17:41:39,463] {processor.py:171} INFO - Processing /home/user/workspace/airflow/airflow_env/lib/python3.6/site-packages/airflow/example_dags/example_bash_operator.py took 0.111 seconds
[2021-10-18 17:42:39,001] {processor.py:163} INFO - Started process (PID=27240) to work on /home/user/workspace/airflow/airflow_env/lib/python3.6/site-packages/airflow/example_dags/example_bash_operator.py
[2021-10-18 17:42:39,003] {processor.py:620} INFO - Processing file /home/user/workspace/airflow/airflow_env/lib/python3.6/site-packages/airflow/example_dags/example_bash_operator.py for tasks to queue
[2021-10-18 17:42:39,005] {logging_mixin.py:109} INFO - [2021-10-18 17:42:39,004] {dagbag.py:500} INFO - Filling up the DagBag from /home/user/workspace/airflow/airflow_env/lib/python3.6/site-packages/airflow/example_dags/example_bash_operator.py
[2021-10-18 17:42:39,063] {processor.py:632} INFO - DAG(s) dict_keys(['example_bash_operator']) retrieved from /home/user/workspace/airflow/airflow_env/lib/python3.6/site-packages/airflow/example_dags/example_bash_operator.py
[2021-10-18 17:42:39,076] {logging_mixin.py:109} INFO - [2021-10-18 17:42:39,075] {dag.py:2389} INFO - Sync 1 DAGs
[2021-10-18 17:42:39,090] {logging_mixin.py:109} INFO - [2021-10-18 17:42:39,090] {dag.py:2914} INFO - Setting next_dagrun for example_bash_operator to 2021-10-17 00:00:00+00:00
[2021-10-18 17:42:39,099] {processor.py:171} INFO - Processing /home/user/workspace/airflow/airflow_env/lib/python3.6/site-packages/airflow/example_dags/example_bash_operator.py took 0.110 seconds
[2021-10-18 17:43:36,718] {processor.py:163} INFO - Started process (PID=27346) to work on /home/user/workspace/airflow/airflow_env/lib/python3.6/site-packages/airflow/example_dags/example_bash_operator.py
[2021-10-18 17:43:36,720] {processor.py:620} INFO - Processing file /home/user/workspace/airflow/airflow_env/lib/python3.6/site-packages/airflow/example_dags/example_bash_operator.py for tasks to queue
[2021-10-18 17:43:36,721] {logging_mixin.py:109} INFO - [2021-10-18 17:43:36,721] {dagbag.py:500} INFO - Filling up the DagBag from /home/user/workspace/airflow/airflow_env/lib/python3.6/site-packages/airflow/example_dags/example_bash_operator.py
[2021-10-18 17:43:36,769] {processor.py:632} INFO - DAG(s) dict_keys(['example_bash_operator']) retrieved from /home/user/workspace/airflow/airflow_env/lib/python3.6/site-packages/airflow/example_dags/example_bash_operator.py
[2021-10-18 17:43:36,788] {logging_mixin.py:109} INFO - [2021-10-18 17:43:36,788] {dag.py:2389} INFO - Sync 1 DAGs
[2021-10-18 17:43:36,821] {logging_mixin.py:109} INFO - [2021-10-18 17:43:36,821] {dag.py:2914} INFO - Setting next_dagrun for example_bash_operator to 2021-10-17 00:00:00+00:00
[2021-10-18 17:43:36,841] {processor.py:171} INFO - Processing /home/user/workspace/airflow/airflow_env/lib/python3.6/site-packages/airflow/example_dags/example_bash_operator.py took 0.128 seconds
[2021-10-18 17:44:31,817] {processor.py:163} INFO - Started process (PID=27572) to work on /home/user/workspace/airflow/airflow_env/lib/python3.6/site-packages/airflow/example_dags/example_bash_operator.py
[2021-10-18 17:44:31,819] {processor.py:620} INFO - Processing file /home/user/workspace/airflow/airflow_env/lib/python3.6/site-packages/airflow/example_dags/example_bash_operator.py for tasks to queue
[2021-10-18 17:44:31,820] {logging_mixin.py:109} INFO - [2021-10-18 17:44:31,820] {dagbag.py:500} INFO - Filling up the DagBag from /home/user/workspace/airflow/airflow_env/lib/python3.6/site-packages/airflow/example_dags/example_bash_operator.py
[2021-10-18 17:44:31,879] {processor.py:632} INFO - DAG(s) dict_keys(['example_bash_operator']) retrieved from /home/user/workspace/airflow/airflow_env/lib/python3.6/site-packages/airflow/example_dags/example_bash_operator.py
[2021-10-18 17:44:31,902] {logging_mixin.py:109} INFO - [2021-10-18 17:44:31,902] {dag.py:2389} INFO - Sync 1 DAGs
[2021-10-18 17:44:31,938] {logging_mixin.py:109} INFO - [2021-10-18 17:44:31,938] {dag.py:2914} INFO - Setting next_dagrun for example_bash_operator to 2021-10-17 00:00:00+00:00
[2021-10-18 17:44:31,955] {processor.py:171} INFO - Processing /home/user/workspace/airflow/airflow_env/lib/python3.6/site-packages/airflow/example_dags/example_bash_operator.py took 0.144 seconds
[2021-10-18 17:45:30,170] {processor.py:163} INFO - Started process (PID=27747) to work on /home/user/workspace/airflow/airflow_env/lib/python3.6/site-packages/airflow/example_dags/example_bash_operator.py
[2021-10-18 17:45:30,172] {processor.py:620} INFO - Processing file /home/user/workspace/airflow/airflow_env/lib/python3.6/site-packages/airflow/example_dags/example_bash_operator.py for tasks to queue
[2021-10-18 17:45:30,174] {logging_mixin.py:109} INFO - [2021-10-18 17:45:30,173] {dagbag.py:500} INFO - Filling up the DagBag from /home/user/workspace/airflow/airflow_env/lib/python3.6/site-packages/airflow/example_dags/example_bash_operator.py
[2021-10-18 17:45:30,227] {processor.py:632} INFO - DAG(s) dict_keys(['example_bash_operator']) retrieved from /home/user/workspace/airflow/airflow_env/lib/python3.6/site-packages/airflow/example_dags/example_bash_operator.py
[2021-10-18 17:45:30,250] {logging_mixin.py:109} INFO - [2021-10-18 17:45:30,250] {dag.py:2389} INFO - Sync 1 DAGs
[2021-10-18 17:45:30,287] {logging_mixin.py:109} INFO - [2021-10-18 17:45:30,287] {dag.py:2914} INFO - Setting next_dagrun for example_bash_operator to 2021-10-17 00:00:00+00:00
[2021-10-18 17:45:30,299] {processor.py:171} INFO - Processing /home/user/workspace/airflow/airflow_env/lib/python3.6/site-packages/airflow/example_dags/example_bash_operator.py took 0.134 seconds
[2021-10-18 17:46:21,979] {processor.py:163} INFO - Started process (PID=27981) to work on /home/user/workspace/airflow/airflow_env/lib/python3.6/site-packages/airflow/example_dags/example_bash_operator.py
[2021-10-18 17:46:21,981] {processor.py:620} INFO - Processing file /home/user/workspace/airflow/airflow_env/lib/python3.6/site-packages/airflow/example_dags/example_bash_operator.py for tasks to queue
[2021-10-18 17:46:21,982] {logging_mixin.py:109} INFO - [2021-10-18 17:46:21,982] {dagbag.py:500} INFO - Filling up the DagBag from /home/user/workspace/airflow/airflow_env/lib/python3.6/site-packages/airflow/example_dags/example_bash_operator.py
[2021-10-18 17:46:22,041] {processor.py:632} INFO - DAG(s) dict_keys(['example_bash_operator']) retrieved from /home/user/workspace/airflow/airflow_env/lib/python3.6/site-packages/airflow/example_dags/example_bash_operator.py
[2021-10-18 17:46:22,064] {logging_mixin.py:109} INFO - [2021-10-18 17:46:22,063] {dag.py:2389} INFO - Sync 1 DAGs
[2021-10-18 17:46:22,087] {logging_mixin.py:109} INFO - [2021-10-18 17:46:22,087] {dag.py:2914} INFO - Setting next_dagrun for example_bash_operator to 2021-10-17 00:00:00+00:00
[2021-10-18 17:46:22,097] {processor.py:171} INFO - Processing /home/user/workspace/airflow/airflow_env/lib/python3.6/site-packages/airflow/example_dags/example_bash_operator.py took 0.123 seconds
[2021-10-18 17:47:19,052] {processor.py:163} INFO - Started process (PID=28133) to work on /home/user/workspace/airflow/airflow_env/lib/python3.6/site-packages/airflow/example_dags/example_bash_operator.py
[2021-10-18 17:47:19,054] {processor.py:620} INFO - Processing file /home/user/workspace/airflow/airflow_env/lib/python3.6/site-packages/airflow/example_dags/example_bash_operator.py for tasks to queue
[2021-10-18 17:47:19,055] {logging_mixin.py:109} INFO - [2021-10-18 17:47:19,055] {dagbag.py:500} INFO - Filling up the DagBag from /home/user/workspace/airflow/airflow_env/lib/python3.6/site-packages/airflow/example_dags/example_bash_operator.py
[2021-10-18 17:47:19,107] {processor.py:632} INFO - DAG(s) dict_keys(['example_bash_operator']) retrieved from /home/user/workspace/airflow/airflow_env/lib/python3.6/site-packages/airflow/example_dags/example_bash_operator.py
[2021-10-18 17:47:19,129] {logging_mixin.py:109} INFO - [2021-10-18 17:47:19,129] {dag.py:2389} INFO - Sync 1 DAGs
[2021-10-18 17:47:19,164] {logging_mixin.py:109} INFO - [2021-10-18 17:47:19,164] {dag.py:2914} INFO - Setting next_dagrun for example_bash_operator to 2021-10-17 00:00:00+00:00
[2021-10-18 17:47:19,178] {processor.py:171} INFO - Processing /home/user/workspace/airflow/airflow_env/lib/python3.6/site-packages/airflow/example_dags/example_bash_operator.py took 0.132 seconds
[2021-10-18 17:48:15,949] {processor.py:163} INFO - Started process (PID=28264) to work on /home/user/workspace/airflow/airflow_env/lib/python3.6/site-packages/airflow/example_dags/example_bash_operator.py
[2021-10-18 17:48:15,954] {processor.py:620} INFO - Processing file /home/user/workspace/airflow/airflow_env/lib/python3.6/site-packages/airflow/example_dags/example_bash_operator.py for tasks to queue
[2021-10-18 17:48:15,957] {logging_mixin.py:109} INFO - [2021-10-18 17:48:15,956] {dagbag.py:500} INFO - Filling up the DagBag from /home/user/workspace/airflow/airflow_env/lib/python3.6/site-packages/airflow/example_dags/example_bash_operator.py
[2021-10-18 17:48:16,058] {processor.py:632} INFO - DAG(s) dict_keys(['example_bash_operator']) retrieved from /home/user/workspace/airflow/airflow_env/lib/python3.6/site-packages/airflow/example_dags/example_bash_operator.py
[2021-10-18 17:48:16,111] {logging_mixin.py:109} INFO - [2021-10-18 17:48:16,111] {dag.py:2389} INFO - Sync 1 DAGs
[2021-10-18 17:48:16,177] {logging_mixin.py:109} INFO - [2021-10-18 17:48:16,177] {dag.py:2914} INFO - Setting next_dagrun for example_bash_operator to 2021-10-17 00:00:00+00:00
[2021-10-18 17:48:16,192] {processor.py:171} INFO - Processing /home/user/workspace/airflow/airflow_env/lib/python3.6/site-packages/airflow/example_dags/example_bash_operator.py took 0.253 seconds
[2021-10-18 17:49:23,668] {processor.py:163} INFO - Started process (PID=28410) to work on /home/user/workspace/airflow/airflow_env/lib/python3.6/site-packages/airflow/example_dags/example_bash_operator.py
[2021-10-18 17:49:23,671] {processor.py:620} INFO - Processing file /home/user/workspace/airflow/airflow_env/lib/python3.6/site-packages/airflow/example_dags/example_bash_operator.py for tasks to queue
[2021-10-18 17:49:23,672] {logging_mixin.py:109} INFO - [2021-10-18 17:49:23,672] {dagbag.py:500} INFO - Filling up the DagBag from /home/user/workspace/airflow/airflow_env/lib/python3.6/site-packages/airflow/example_dags/example_bash_operator.py
[2021-10-18 17:49:23,731] {processor.py:632} INFO - DAG(s) dict_keys(['example_bash_operator']) retrieved from /home/user/workspace/airflow/airflow_env/lib/python3.6/site-packages/airflow/example_dags/example_bash_operator.py
[2021-10-18 17:49:23,762] {logging_mixin.py:109} INFO - [2021-10-18 17:49:23,761] {dag.py:2389} INFO - Sync 1 DAGs
[2021-10-18 17:49:23,789] {logging_mixin.py:109} INFO - [2021-10-18 17:49:23,789] {dag.py:2914} INFO - Setting next_dagrun for example_bash_operator to 2021-10-17 00:00:00+00:00
[2021-10-18 17:49:23,799] {processor.py:171} INFO - Processing /home/user/workspace/airflow/airflow_env/lib/python3.6/site-packages/airflow/example_dags/example_bash_operator.py took 0.137 seconds
[2021-10-18 17:50:11,645] {processor.py:163} INFO - Started process (PID=28570) to work on /home/user/workspace/airflow/airflow_env/lib/python3.6/site-packages/airflow/example_dags/example_bash_operator.py
[2021-10-18 17:50:11,659] {processor.py:620} INFO - Processing file /home/user/workspace/airflow/airflow_env/lib/python3.6/site-packages/airflow/example_dags/example_bash_operator.py for tasks to queue
[2021-10-18 17:50:11,660] {logging_mixin.py:109} INFO - [2021-10-18 17:50:11,660] {dagbag.py:500} INFO - Filling up the DagBag from /home/user/workspace/airflow/airflow_env/lib/python3.6/site-packages/airflow/example_dags/example_bash_operator.py
[2021-10-18 17:50:11,690] {processor.py:632} INFO - DAG(s) dict_keys(['example_bash_operator']) retrieved from /home/user/workspace/airflow/airflow_env/lib/python3.6/site-packages/airflow/example_dags/example_bash_operator.py
[2021-10-18 17:50:11,703] {logging_mixin.py:109} INFO - [2021-10-18 17:50:11,703] {dag.py:2389} INFO - Sync 1 DAGs
[2021-10-18 17:50:11,722] {logging_mixin.py:109} INFO - [2021-10-18 17:50:11,722] {dag.py:2914} INFO - Setting next_dagrun for example_bash_operator to 2021-10-17 00:00:00+00:00
[2021-10-18 17:50:11,734] {processor.py:171} INFO - Processing /home/user/workspace/airflow/airflow_env/lib/python3.6/site-packages/airflow/example_dags/example_bash_operator.py took 0.092 seconds
[2021-10-18 17:50:58,253] {processor.py:163} INFO - Started process (PID=28824) to work on /home/user/workspace/airflow/airflow_env/lib/python3.6/site-packages/airflow/example_dags/example_bash_operator.py
[2021-10-18 17:50:58,255] {processor.py:620} INFO - Processing file /home/user/workspace/airflow/airflow_env/lib/python3.6/site-packages/airflow/example_dags/example_bash_operator.py for tasks to queue
[2021-10-18 17:50:58,257] {logging_mixin.py:109} INFO - [2021-10-18 17:50:58,256] {dagbag.py:500} INFO - Filling up the DagBag from /home/user/workspace/airflow/airflow_env/lib/python3.6/site-packages/airflow/example_dags/example_bash_operator.py
[2021-10-18 17:50:58,318] {processor.py:632} INFO - DAG(s) dict_keys(['example_bash_operator']) retrieved from /home/user/workspace/airflow/airflow_env/lib/python3.6/site-packages/airflow/example_dags/example_bash_operator.py
[2021-10-18 17:50:58,351] {logging_mixin.py:109} INFO - [2021-10-18 17:50:58,351] {dag.py:2389} INFO - Sync 1 DAGs
[2021-10-18 17:50:58,378] {logging_mixin.py:109} INFO - [2021-10-18 17:50:58,378] {dag.py:2914} INFO - Setting next_dagrun for example_bash_operator to 2021-10-17 00:00:00+00:00
[2021-10-18 17:50:58,397] {processor.py:171} INFO - Processing /home/user/workspace/airflow/airflow_env/lib/python3.6/site-packages/airflow/example_dags/example_bash_operator.py took 0.152 seconds
[2021-10-18 17:51:46,835] {processor.py:163} INFO - Started process (PID=29004) to work on /home/user/workspace/airflow/airflow_env/lib/python3.6/site-packages/airflow/example_dags/example_bash_operator.py
[2021-10-18 17:51:46,838] {processor.py:620} INFO - Processing file /home/user/workspace/airflow/airflow_env/lib/python3.6/site-packages/airflow/example_dags/example_bash_operator.py for tasks to queue
[2021-10-18 17:51:46,839] {logging_mixin.py:109} INFO - [2021-10-18 17:51:46,839] {dagbag.py:500} INFO - Filling up the DagBag from /home/user/workspace/airflow/airflow_env/lib/python3.6/site-packages/airflow/example_dags/example_bash_operator.py
[2021-10-18 17:51:46,902] {processor.py:632} INFO - DAG(s) dict_keys(['example_bash_operator']) retrieved from /home/user/workspace/airflow/airflow_env/lib/python3.6/site-packages/airflow/example_dags/example_bash_operator.py
[2021-10-18 17:51:46,924] {logging_mixin.py:109} INFO - [2021-10-18 17:51:46,923] {dag.py:2389} INFO - Sync 1 DAGs
[2021-10-18 17:51:46,953] {logging_mixin.py:109} INFO - [2021-10-18 17:51:46,953] {dag.py:2914} INFO - Setting next_dagrun for example_bash_operator to 2021-10-17 00:00:00+00:00
[2021-10-18 17:51:46,964] {processor.py:171} INFO - Processing /home/user/workspace/airflow/airflow_env/lib/python3.6/site-packages/airflow/example_dags/example_bash_operator.py took 0.136 seconds
[2021-10-18 17:52:33,591] {processor.py:163} INFO - Started process (PID=29108) to work on /home/user/workspace/airflow/airflow_env/lib/python3.6/site-packages/airflow/example_dags/example_bash_operator.py
[2021-10-18 17:52:33,593] {processor.py:620} INFO - Processing file /home/user/workspace/airflow/airflow_env/lib/python3.6/site-packages/airflow/example_dags/example_bash_operator.py for tasks to queue
[2021-10-18 17:52:33,595] {logging_mixin.py:109} INFO - [2021-10-18 17:52:33,594] {dagbag.py:500} INFO - Filling up the DagBag from /home/user/workspace/airflow/airflow_env/lib/python3.6/site-packages/airflow/example_dags/example_bash_operator.py
[2021-10-18 17:52:33,647] {processor.py:632} INFO - DAG(s) dict_keys(['example_bash_operator']) retrieved from /home/user/workspace/airflow/airflow_env/lib/python3.6/site-packages/airflow/example_dags/example_bash_operator.py
[2021-10-18 17:52:33,669] {logging_mixin.py:109} INFO - [2021-10-18 17:52:33,669] {dag.py:2389} INFO - Sync 1 DAGs
[2021-10-18 17:52:33,702] {logging_mixin.py:109} INFO - [2021-10-18 17:52:33,701] {dag.py:2914} INFO - Setting next_dagrun for example_bash_operator to 2021-10-17 00:00:00+00:00
[2021-10-18 17:52:33,713] {processor.py:171} INFO - Processing /home/user/workspace/airflow/airflow_env/lib/python3.6/site-packages/airflow/example_dags/example_bash_operator.py took 0.129 seconds
[2021-10-18 17:53:19,748] {processor.py:163} INFO - Started process (PID=29208) to work on /home/user/workspace/airflow/airflow_env/lib/python3.6/site-packages/airflow/example_dags/example_bash_operator.py
[2021-10-18 17:53:19,750] {processor.py:620} INFO - Processing file /home/user/workspace/airflow/airflow_env/lib/python3.6/site-packages/airflow/example_dags/example_bash_operator.py for tasks to queue
[2021-10-18 17:53:19,751] {logging_mixin.py:109} INFO - [2021-10-18 17:53:19,751] {dagbag.py:500} INFO - Filling up the DagBag from /home/user/workspace/airflow/airflow_env/lib/python3.6/site-packages/airflow/example_dags/example_bash_operator.py
[2021-10-18 17:53:19,801] {processor.py:632} INFO - DAG(s) dict_keys(['example_bash_operator']) retrieved from /home/user/workspace/airflow/airflow_env/lib/python3.6/site-packages/airflow/example_dags/example_bash_operator.py
[2021-10-18 17:53:19,821] {logging_mixin.py:109} INFO - [2021-10-18 17:53:19,821] {dag.py:2389} INFO - Sync 1 DAGs
[2021-10-18 17:53:19,847] {logging_mixin.py:109} INFO - [2021-10-18 17:53:19,847] {dag.py:2914} INFO - Setting next_dagrun for example_bash_operator to 2021-10-17 00:00:00+00:00
[2021-10-18 17:53:19,859] {processor.py:171} INFO - Processing /home/user/workspace/airflow/airflow_env/lib/python3.6/site-packages/airflow/example_dags/example_bash_operator.py took 0.117 seconds
[2021-10-18 17:54:07,466] {processor.py:163} INFO - Started process (PID=29282) to work on /home/user/workspace/airflow/airflow_env/lib/python3.6/site-packages/airflow/example_dags/example_bash_operator.py
[2021-10-18 17:54:07,468] {processor.py:620} INFO - Processing file /home/user/workspace/airflow/airflow_env/lib/python3.6/site-packages/airflow/example_dags/example_bash_operator.py for tasks to queue
[2021-10-18 17:54:07,470] {logging_mixin.py:109} INFO - [2021-10-18 17:54:07,470] {dagbag.py:500} INFO - Filling up the DagBag from /home/user/workspace/airflow/airflow_env/lib/python3.6/site-packages/airflow/example_dags/example_bash_operator.py
[2021-10-18 17:54:07,528] {processor.py:632} INFO - DAG(s) dict_keys(['example_bash_operator']) retrieved from /home/user/workspace/airflow/airflow_env/lib/python3.6/site-packages/airflow/example_dags/example_bash_operator.py
[2021-10-18 17:54:07,552] {logging_mixin.py:109} INFO - [2021-10-18 17:54:07,552] {dag.py:2389} INFO - Sync 1 DAGs
[2021-10-18 17:54:07,584] {logging_mixin.py:109} INFO - [2021-10-18 17:54:07,584] {dag.py:2914} INFO - Setting next_dagrun for example_bash_operator to 2021-10-17 00:00:00+00:00
[2021-10-18 17:54:07,594] {processor.py:171} INFO - Processing /home/user/workspace/airflow/airflow_env/lib/python3.6/site-packages/airflow/example_dags/example_bash_operator.py took 0.134 seconds
[2021-10-18 17:54:56,582] {processor.py:163} INFO - Started process (PID=29362) to work on /home/user/workspace/airflow/airflow_env/lib/python3.6/site-packages/airflow/example_dags/example_bash_operator.py
[2021-10-18 17:54:56,585] {processor.py:620} INFO - Processing file /home/user/workspace/airflow/airflow_env/lib/python3.6/site-packages/airflow/example_dags/example_bash_operator.py for tasks to queue
[2021-10-18 17:54:56,586] {logging_mixin.py:109} INFO - [2021-10-18 17:54:56,586] {dagbag.py:500} INFO - Filling up the DagBag from /home/user/workspace/airflow/airflow_env/lib/python3.6/site-packages/airflow/example_dags/example_bash_operator.py
[2021-10-18 17:54:56,658] {processor.py:632} INFO - DAG(s) dict_keys(['example_bash_operator']) retrieved from /home/user/workspace/airflow/airflow_env/lib/python3.6/site-packages/airflow/example_dags/example_bash_operator.py
[2021-10-18 17:54:56,691] {logging_mixin.py:109} INFO - [2021-10-18 17:54:56,691] {dag.py:2389} INFO - Sync 1 DAGs
[2021-10-18 17:54:56,720] {logging_mixin.py:109} INFO - [2021-10-18 17:54:56,720] {dag.py:2914} INFO - Setting next_dagrun for example_bash_operator to 2021-10-17 00:00:00+00:00
[2021-10-18 17:54:56,730] {processor.py:171} INFO - Processing /home/user/workspace/airflow/airflow_env/lib/python3.6/site-packages/airflow/example_dags/example_bash_operator.py took 0.154 seconds
[2021-10-18 17:56:01,350] {processor.py:163} INFO - Started process (PID=29541) to work on /home/user/workspace/airflow/airflow_env/lib/python3.6/site-packages/airflow/example_dags/example_bash_operator.py
[2021-10-18 17:56:01,353] {processor.py:620} INFO - Processing file /home/user/workspace/airflow/airflow_env/lib/python3.6/site-packages/airflow/example_dags/example_bash_operator.py for tasks to queue
[2021-10-18 17:56:01,362] {logging_mixin.py:109} INFO - [2021-10-18 17:56:01,359] {dagbag.py:500} INFO - Filling up the DagBag from /home/user/workspace/airflow/airflow_env/lib/python3.6/site-packages/airflow/example_dags/example_bash_operator.py
[2021-10-18 17:56:01,464] {processor.py:632} INFO - DAG(s) dict_keys(['example_bash_operator']) retrieved from /home/user/workspace/airflow/airflow_env/lib/python3.6/site-packages/airflow/example_dags/example_bash_operator.py
[2021-10-18 17:56:01,498] {logging_mixin.py:109} INFO - [2021-10-18 17:56:01,498] {dag.py:2389} INFO - Sync 1 DAGs
[2021-10-18 17:56:01,519] {logging_mixin.py:109} INFO - [2021-10-18 17:56:01,519] {dag.py:2914} INFO - Setting next_dagrun for example_bash_operator to 2021-10-17 00:00:00+00:00
[2021-10-18 17:56:01,533] {processor.py:171} INFO - Processing /home/user/workspace/airflow/airflow_env/lib/python3.6/site-packages/airflow/example_dags/example_bash_operator.py took 0.191 seconds
[2021-10-18 17:57:09,548] {processor.py:163} INFO - Started process (PID=29652) to work on /home/user/workspace/airflow/airflow_env/lib/python3.6/site-packages/airflow/example_dags/example_bash_operator.py
[2021-10-18 17:57:09,550] {processor.py:620} INFO - Processing file /home/user/workspace/airflow/airflow_env/lib/python3.6/site-packages/airflow/example_dags/example_bash_operator.py for tasks to queue
[2021-10-18 17:57:09,551] {logging_mixin.py:109} INFO - [2021-10-18 17:57:09,551] {dagbag.py:500} INFO - Filling up the DagBag from /home/user/workspace/airflow/airflow_env/lib/python3.6/site-packages/airflow/example_dags/example_bash_operator.py
[2021-10-18 17:57:09,601] {processor.py:632} INFO - DAG(s) dict_keys(['example_bash_operator']) retrieved from /home/user/workspace/airflow/airflow_env/lib/python3.6/site-packages/airflow/example_dags/example_bash_operator.py
[2021-10-18 17:57:09,621] {logging_mixin.py:109} INFO - [2021-10-18 17:57:09,620] {dag.py:2389} INFO - Sync 1 DAGs
[2021-10-18 17:57:09,650] {logging_mixin.py:109} INFO - [2021-10-18 17:57:09,650] {dag.py:2914} INFO - Setting next_dagrun for example_bash_operator to 2021-10-17 00:00:00+00:00
[2021-10-18 17:57:09,666] {processor.py:171} INFO - Processing /home/user/workspace/airflow/airflow_env/lib/python3.6/site-packages/airflow/example_dags/example_bash_operator.py took 0.123 seconds
[2021-10-18 17:57:55,397] {processor.py:163} INFO - Started process (PID=29753) to work on /home/user/workspace/airflow/airflow_env/lib/python3.6/site-packages/airflow/example_dags/example_bash_operator.py
[2021-10-18 17:57:55,409] {processor.py:620} INFO - Processing file /home/user/workspace/airflow/airflow_env/lib/python3.6/site-packages/airflow/example_dags/example_bash_operator.py for tasks to queue
[2021-10-18 17:57:55,411] {logging_mixin.py:109} INFO - [2021-10-18 17:57:55,410] {dagbag.py:500} INFO - Filling up the DagBag from /home/user/workspace/airflow/airflow_env/lib/python3.6/site-packages/airflow/example_dags/example_bash_operator.py
[2021-10-18 17:57:55,460] {processor.py:632} INFO - DAG(s) dict_keys(['example_bash_operator']) retrieved from /home/user/workspace/airflow/airflow_env/lib/python3.6/site-packages/airflow/example_dags/example_bash_operator.py
[2021-10-18 17:57:55,480] {logging_mixin.py:109} INFO - [2021-10-18 17:57:55,480] {dag.py:2389} INFO - Sync 1 DAGs
[2021-10-18 17:57:55,510] {logging_mixin.py:109} INFO - [2021-10-18 17:57:55,509] {dag.py:2914} INFO - Setting next_dagrun for example_bash_operator to 2021-10-17 00:00:00+00:00
[2021-10-18 17:57:55,526] {processor.py:171} INFO - Processing /home/user/workspace/airflow/airflow_env/lib/python3.6/site-packages/airflow/example_dags/example_bash_operator.py took 0.134 seconds
[2021-10-18 17:58:41,816] {processor.py:163} INFO - Started process (PID=29820) to work on /home/user/workspace/airflow/airflow_env/lib/python3.6/site-packages/airflow/example_dags/example_bash_operator.py
[2021-10-18 17:58:41,818] {processor.py:620} INFO - Processing file /home/user/workspace/airflow/airflow_env/lib/python3.6/site-packages/airflow/example_dags/example_bash_operator.py for tasks to queue
[2021-10-18 17:58:41,820] {logging_mixin.py:109} INFO - [2021-10-18 17:58:41,819] {dagbag.py:500} INFO - Filling up the DagBag from /home/user/workspace/airflow/airflow_env/lib/python3.6/site-packages/airflow/example_dags/example_bash_operator.py
[2021-10-18 17:58:41,897] {processor.py:632} INFO - DAG(s) dict_keys(['example_bash_operator']) retrieved from /home/user/workspace/airflow/airflow_env/lib/python3.6/site-packages/airflow/example_dags/example_bash_operator.py
[2021-10-18 17:58:41,923] {logging_mixin.py:109} INFO - [2021-10-18 17:58:41,922] {dag.py:2389} INFO - Sync 1 DAGs
[2021-10-18 17:58:41,947] {logging_mixin.py:109} INFO - [2021-10-18 17:58:41,947] {dag.py:2914} INFO - Setting next_dagrun for example_bash_operator to 2021-10-17 00:00:00+00:00
[2021-10-18 17:58:41,957] {processor.py:171} INFO - Processing /home/user/workspace/airflow/airflow_env/lib/python3.6/site-packages/airflow/example_dags/example_bash_operator.py took 0.147 seconds
[2021-10-18 17:59:48,547] {processor.py:163} INFO - Started process (PID=29937) to work on /home/user/workspace/airflow/airflow_env/lib/python3.6/site-packages/airflow/example_dags/example_bash_operator.py
[2021-10-18 17:59:48,559] {processor.py:620} INFO - Processing file /home/user/workspace/airflow/airflow_env/lib/python3.6/site-packages/airflow/example_dags/example_bash_operator.py for tasks to queue
[2021-10-18 17:59:48,560] {logging_mixin.py:109} INFO - [2021-10-18 17:59:48,560] {dagbag.py:500} INFO - Filling up the DagBag from /home/user/workspace/airflow/airflow_env/lib/python3.6/site-packages/airflow/example_dags/example_bash_operator.py
[2021-10-18 17:59:48,605] {processor.py:632} INFO - DAG(s) dict_keys(['example_bash_operator']) retrieved from /home/user/workspace/airflow/airflow_env/lib/python3.6/site-packages/airflow/example_dags/example_bash_operator.py
[2021-10-18 17:59:48,624] {logging_mixin.py:109} INFO - [2021-10-18 17:59:48,624] {dag.py:2389} INFO - Sync 1 DAGs
[2021-10-18 17:59:48,658] {logging_mixin.py:109} INFO - [2021-10-18 17:59:48,658] {dag.py:2914} INFO - Setting next_dagrun for example_bash_operator to 2021-10-17 00:00:00+00:00
[2021-10-18 17:59:48,673] {processor.py:171} INFO - Processing /home/user/workspace/airflow/airflow_env/lib/python3.6/site-packages/airflow/example_dags/example_bash_operator.py took 0.131 seconds
[2021-10-18 18:00:33,985] {processor.py:163} INFO - Started process (PID=30005) to work on /home/user/workspace/airflow/airflow_env/lib/python3.6/site-packages/airflow/example_dags/example_bash_operator.py
[2021-10-18 18:00:33,987] {processor.py:620} INFO - Processing file /home/user/workspace/airflow/airflow_env/lib/python3.6/site-packages/airflow/example_dags/example_bash_operator.py for tasks to queue
[2021-10-18 18:00:33,989] {logging_mixin.py:109} INFO - [2021-10-18 18:00:33,988] {dagbag.py:500} INFO - Filling up the DagBag from /home/user/workspace/airflow/airflow_env/lib/python3.6/site-packages/airflow/example_dags/example_bash_operator.py
[2021-10-18 18:00:34,045] {processor.py:632} INFO - DAG(s) dict_keys(['example_bash_operator']) retrieved from /home/user/workspace/airflow/airflow_env/lib/python3.6/site-packages/airflow/example_dags/example_bash_operator.py
[2021-10-18 18:00:34,069] {logging_mixin.py:109} INFO - [2021-10-18 18:00:34,069] {dag.py:2389} INFO - Sync 1 DAGs
[2021-10-18 18:00:34,136] {logging_mixin.py:109} INFO - [2021-10-18 18:00:34,136] {dag.py:2914} INFO - Setting next_dagrun for example_bash_operator to 2021-10-17 00:00:00+00:00
[2021-10-18 18:00:34,184] {processor.py:171} INFO - Processing /home/user/workspace/airflow/airflow_env/lib/python3.6/site-packages/airflow/example_dags/example_bash_operator.py took 0.205 seconds
