[2021-10-18 17:18:24,410] {processor.py:163} INFO - Started process (PID=23355) to work on /home/user/workspace/airflow/airflow_env/lib/python3.6/site-packages/airflow/example_dags/example_branch_python_dop_operator_3.py
[2021-10-18 17:18:24,412] {processor.py:620} INFO - Processing file /home/user/workspace/airflow/airflow_env/lib/python3.6/site-packages/airflow/example_dags/example_branch_python_dop_operator_3.py for tasks to queue
[2021-10-18 17:18:24,414] {logging_mixin.py:109} INFO - [2021-10-18 17:18:24,413] {dagbag.py:500} INFO - Filling up the DagBag from /home/user/workspace/airflow/airflow_env/lib/python3.6/site-packages/airflow/example_dags/example_branch_python_dop_operator_3.py
[2021-10-18 17:18:24,452] {processor.py:632} INFO - DAG(s) dict_keys(['example_branch_dop_operator_v3']) retrieved from /home/user/workspace/airflow/airflow_env/lib/python3.6/site-packages/airflow/example_dags/example_branch_python_dop_operator_3.py
[2021-10-18 17:18:24,469] {logging_mixin.py:109} INFO - [2021-10-18 17:18:24,468] {dag.py:2389} INFO - Sync 1 DAGs
[2021-10-18 17:18:24,499] {logging_mixin.py:109} INFO - [2021-10-18 17:18:24,499] {dag.py:2914} INFO - Setting next_dagrun for example_branch_dop_operator_v3 to 2021-10-18T11:47:00+00:00
[2021-10-18 17:18:24,508] {processor.py:171} INFO - Processing /home/user/workspace/airflow/airflow_env/lib/python3.6/site-packages/airflow/example_dags/example_branch_python_dop_operator_3.py took 0.102 seconds
[2021-10-18 17:19:16,103] {processor.py:163} INFO - Started process (PID=23567) to work on /home/user/workspace/airflow/airflow_env/lib/python3.6/site-packages/airflow/example_dags/example_branch_python_dop_operator_3.py
[2021-10-18 17:19:16,106] {processor.py:620} INFO - Processing file /home/user/workspace/airflow/airflow_env/lib/python3.6/site-packages/airflow/example_dags/example_branch_python_dop_operator_3.py for tasks to queue
[2021-10-18 17:19:16,107] {logging_mixin.py:109} INFO - [2021-10-18 17:19:16,107] {dagbag.py:500} INFO - Filling up the DagBag from /home/user/workspace/airflow/airflow_env/lib/python3.6/site-packages/airflow/example_dags/example_branch_python_dop_operator_3.py
[2021-10-18 17:19:16,164] {processor.py:632} INFO - DAG(s) dict_keys(['example_branch_dop_operator_v3']) retrieved from /home/user/workspace/airflow/airflow_env/lib/python3.6/site-packages/airflow/example_dags/example_branch_python_dop_operator_3.py
[2021-10-18 17:19:16,190] {logging_mixin.py:109} INFO - [2021-10-18 17:19:16,190] {dag.py:2389} INFO - Sync 1 DAGs
[2021-10-18 17:19:16,266] {logging_mixin.py:109} INFO - [2021-10-18 17:19:16,265] {dag.py:2914} INFO - Setting next_dagrun for example_branch_dop_operator_v3 to 2021-10-18T11:48:00+00:00
[2021-10-18 17:19:16,314] {processor.py:171} INFO - Processing /home/user/workspace/airflow/airflow_env/lib/python3.6/site-packages/airflow/example_dags/example_branch_python_dop_operator_3.py took 0.217 seconds
[2021-10-18 17:20:05,184] {processor.py:163} INFO - Started process (PID=23670) to work on /home/user/workspace/airflow/airflow_env/lib/python3.6/site-packages/airflow/example_dags/example_branch_python_dop_operator_3.py
[2021-10-18 17:20:05,186] {processor.py:620} INFO - Processing file /home/user/workspace/airflow/airflow_env/lib/python3.6/site-packages/airflow/example_dags/example_branch_python_dop_operator_3.py for tasks to queue
[2021-10-18 17:20:05,188] {logging_mixin.py:109} INFO - [2021-10-18 17:20:05,188] {dagbag.py:500} INFO - Filling up the DagBag from /home/user/workspace/airflow/airflow_env/lib/python3.6/site-packages/airflow/example_dags/example_branch_python_dop_operator_3.py
[2021-10-18 17:20:05,236] {processor.py:632} INFO - DAG(s) dict_keys(['example_branch_dop_operator_v3']) retrieved from /home/user/workspace/airflow/airflow_env/lib/python3.6/site-packages/airflow/example_dags/example_branch_python_dop_operator_3.py
[2021-10-18 17:20:05,257] {logging_mixin.py:109} INFO - [2021-10-18 17:20:05,257] {dag.py:2389} INFO - Sync 1 DAGs
[2021-10-18 17:20:05,298] {logging_mixin.py:109} INFO - [2021-10-18 17:20:05,298] {dag.py:2914} INFO - Setting next_dagrun for example_branch_dop_operator_v3 to 2021-10-18T11:49:00+00:00
[2021-10-18 17:20:05,310] {processor.py:171} INFO - Processing /home/user/workspace/airflow/airflow_env/lib/python3.6/site-packages/airflow/example_dags/example_branch_python_dop_operator_3.py took 0.132 seconds
[2021-10-18 17:21:01,224] {processor.py:163} INFO - Started process (PID=23758) to work on /home/user/workspace/airflow/airflow_env/lib/python3.6/site-packages/airflow/example_dags/example_branch_python_dop_operator_3.py
[2021-10-18 17:21:01,227] {processor.py:620} INFO - Processing file /home/user/workspace/airflow/airflow_env/lib/python3.6/site-packages/airflow/example_dags/example_branch_python_dop_operator_3.py for tasks to queue
[2021-10-18 17:21:01,229] {logging_mixin.py:109} INFO - [2021-10-18 17:21:01,229] {dagbag.py:500} INFO - Filling up the DagBag from /home/user/workspace/airflow/airflow_env/lib/python3.6/site-packages/airflow/example_dags/example_branch_python_dop_operator_3.py
[2021-10-18 17:21:01,292] {processor.py:632} INFO - DAG(s) dict_keys(['example_branch_dop_operator_v3']) retrieved from /home/user/workspace/airflow/airflow_env/lib/python3.6/site-packages/airflow/example_dags/example_branch_python_dop_operator_3.py
[2021-10-18 17:21:01,314] {logging_mixin.py:109} INFO - [2021-10-18 17:21:01,314] {dag.py:2389} INFO - Sync 1 DAGs
[2021-10-18 17:21:01,338] {logging_mixin.py:109} INFO - [2021-10-18 17:21:01,337] {dag.py:2914} INFO - Setting next_dagrun for example_branch_dop_operator_v3 to 2021-10-18T11:50:00+00:00
[2021-10-18 17:21:01,347] {processor.py:171} INFO - Processing /home/user/workspace/airflow/airflow_env/lib/python3.6/site-packages/airflow/example_dags/example_branch_python_dop_operator_3.py took 0.130 seconds
[2021-10-18 17:22:02,461] {processor.py:163} INFO - Started process (PID=24015) to work on /home/user/workspace/airflow/airflow_env/lib/python3.6/site-packages/airflow/example_dags/example_branch_python_dop_operator_3.py
[2021-10-18 17:22:02,463] {processor.py:620} INFO - Processing file /home/user/workspace/airflow/airflow_env/lib/python3.6/site-packages/airflow/example_dags/example_branch_python_dop_operator_3.py for tasks to queue
[2021-10-18 17:22:02,464] {logging_mixin.py:109} INFO - [2021-10-18 17:22:02,464] {dagbag.py:500} INFO - Filling up the DagBag from /home/user/workspace/airflow/airflow_env/lib/python3.6/site-packages/airflow/example_dags/example_branch_python_dop_operator_3.py
[2021-10-18 17:22:02,512] {processor.py:632} INFO - DAG(s) dict_keys(['example_branch_dop_operator_v3']) retrieved from /home/user/workspace/airflow/airflow_env/lib/python3.6/site-packages/airflow/example_dags/example_branch_python_dop_operator_3.py
[2021-10-18 17:22:02,534] {logging_mixin.py:109} INFO - [2021-10-18 17:22:02,534] {dag.py:2389} INFO - Sync 1 DAGs
[2021-10-18 17:22:02,574] {logging_mixin.py:109} INFO - [2021-10-18 17:22:02,574] {dag.py:2914} INFO - Setting next_dagrun for example_branch_dop_operator_v3 to 2021-10-18T11:51:00+00:00
[2021-10-18 17:22:02,585] {processor.py:171} INFO - Processing /home/user/workspace/airflow/airflow_env/lib/python3.6/site-packages/airflow/example_dags/example_branch_python_dop_operator_3.py took 0.130 seconds
[2021-10-18 17:22:59,437] {processor.py:163} INFO - Started process (PID=24150) to work on /home/user/workspace/airflow/airflow_env/lib/python3.6/site-packages/airflow/example_dags/example_branch_python_dop_operator_3.py
[2021-10-18 17:22:59,440] {processor.py:620} INFO - Processing file /home/user/workspace/airflow/airflow_env/lib/python3.6/site-packages/airflow/example_dags/example_branch_python_dop_operator_3.py for tasks to queue
[2021-10-18 17:22:59,441] {logging_mixin.py:109} INFO - [2021-10-18 17:22:59,441] {dagbag.py:500} INFO - Filling up the DagBag from /home/user/workspace/airflow/airflow_env/lib/python3.6/site-packages/airflow/example_dags/example_branch_python_dop_operator_3.py
[2021-10-18 17:22:59,498] {processor.py:632} INFO - DAG(s) dict_keys(['example_branch_dop_operator_v3']) retrieved from /home/user/workspace/airflow/airflow_env/lib/python3.6/site-packages/airflow/example_dags/example_branch_python_dop_operator_3.py
[2021-10-18 17:22:59,529] {logging_mixin.py:109} INFO - [2021-10-18 17:22:59,529] {dag.py:2389} INFO - Sync 1 DAGs
[2021-10-18 17:22:59,601] {logging_mixin.py:109} INFO - [2021-10-18 17:22:59,600] {dag.py:2914} INFO - Setting next_dagrun for example_branch_dop_operator_v3 to 2021-10-18T11:51:00+00:00
[2021-10-18 17:22:59,626] {processor.py:171} INFO - Processing /home/user/workspace/airflow/airflow_env/lib/python3.6/site-packages/airflow/example_dags/example_branch_python_dop_operator_3.py took 0.195 seconds
[2021-10-18 17:23:54,012] {processor.py:163} INFO - Started process (PID=24253) to work on /home/user/workspace/airflow/airflow_env/lib/python3.6/site-packages/airflow/example_dags/example_branch_python_dop_operator_3.py
[2021-10-18 17:23:54,015] {processor.py:620} INFO - Processing file /home/user/workspace/airflow/airflow_env/lib/python3.6/site-packages/airflow/example_dags/example_branch_python_dop_operator_3.py for tasks to queue
[2021-10-18 17:23:54,018] {logging_mixin.py:109} INFO - [2021-10-18 17:23:54,017] {dagbag.py:500} INFO - Filling up the DagBag from /home/user/workspace/airflow/airflow_env/lib/python3.6/site-packages/airflow/example_dags/example_branch_python_dop_operator_3.py
[2021-10-18 17:23:54,128] {processor.py:632} INFO - DAG(s) dict_keys(['example_branch_dop_operator_v3']) retrieved from /home/user/workspace/airflow/airflow_env/lib/python3.6/site-packages/airflow/example_dags/example_branch_python_dop_operator_3.py
[2021-10-18 17:23:54,177] {logging_mixin.py:109} INFO - [2021-10-18 17:23:54,176] {dag.py:2389} INFO - Sync 1 DAGs
[2021-10-18 17:23:54,230] {logging_mixin.py:109} INFO - [2021-10-18 17:23:54,230] {dag.py:2914} INFO - Setting next_dagrun for example_branch_dop_operator_v3 to 2021-10-18T11:52:00+00:00
[2021-10-18 17:23:54,240] {processor.py:171} INFO - Processing /home/user/workspace/airflow/airflow_env/lib/python3.6/site-packages/airflow/example_dags/example_branch_python_dop_operator_3.py took 0.236 seconds
[2021-10-18 17:24:54,799] {processor.py:163} INFO - Started process (PID=24374) to work on /home/user/workspace/airflow/airflow_env/lib/python3.6/site-packages/airflow/example_dags/example_branch_python_dop_operator_3.py
[2021-10-18 17:24:54,801] {processor.py:620} INFO - Processing file /home/user/workspace/airflow/airflow_env/lib/python3.6/site-packages/airflow/example_dags/example_branch_python_dop_operator_3.py for tasks to queue
[2021-10-18 17:24:54,803] {logging_mixin.py:109} INFO - [2021-10-18 17:24:54,802] {dagbag.py:500} INFO - Filling up the DagBag from /home/user/workspace/airflow/airflow_env/lib/python3.6/site-packages/airflow/example_dags/example_branch_python_dop_operator_3.py
[2021-10-18 17:24:54,856] {processor.py:632} INFO - DAG(s) dict_keys(['example_branch_dop_operator_v3']) retrieved from /home/user/workspace/airflow/airflow_env/lib/python3.6/site-packages/airflow/example_dags/example_branch_python_dop_operator_3.py
[2021-10-18 17:24:54,880] {logging_mixin.py:109} INFO - [2021-10-18 17:24:54,880] {dag.py:2389} INFO - Sync 1 DAGs
[2021-10-18 17:24:54,920] {logging_mixin.py:109} INFO - [2021-10-18 17:24:54,920] {dag.py:2914} INFO - Setting next_dagrun for example_branch_dop_operator_v3 to 2021-10-18T11:53:00+00:00
[2021-10-18 17:24:54,948] {processor.py:171} INFO - Processing /home/user/workspace/airflow/airflow_env/lib/python3.6/site-packages/airflow/example_dags/example_branch_python_dop_operator_3.py took 0.155 seconds
[2021-10-18 17:25:52,870] {processor.py:163} INFO - Started process (PID=24555) to work on /home/user/workspace/airflow/airflow_env/lib/python3.6/site-packages/airflow/example_dags/example_branch_python_dop_operator_3.py
[2021-10-18 17:25:52,871] {processor.py:620} INFO - Processing file /home/user/workspace/airflow/airflow_env/lib/python3.6/site-packages/airflow/example_dags/example_branch_python_dop_operator_3.py for tasks to queue
[2021-10-18 17:25:52,871] {logging_mixin.py:109} INFO - [2021-10-18 17:25:52,871] {dagbag.py:500} INFO - Filling up the DagBag from /home/user/workspace/airflow/airflow_env/lib/python3.6/site-packages/airflow/example_dags/example_branch_python_dop_operator_3.py
[2021-10-18 17:25:52,890] {processor.py:632} INFO - DAG(s) dict_keys(['example_branch_dop_operator_v3']) retrieved from /home/user/workspace/airflow/airflow_env/lib/python3.6/site-packages/airflow/example_dags/example_branch_python_dop_operator_3.py
[2021-10-18 17:25:52,901] {logging_mixin.py:109} INFO - [2021-10-18 17:25:52,901] {dag.py:2389} INFO - Sync 1 DAGs
[2021-10-18 17:25:52,918] {logging_mixin.py:109} INFO - [2021-10-18 17:25:52,918] {dag.py:2914} INFO - Setting next_dagrun for example_branch_dop_operator_v3 to 2021-10-18T11:54:00+00:00
[2021-10-18 17:25:52,927] {processor.py:171} INFO - Processing /home/user/workspace/airflow/airflow_env/lib/python3.6/site-packages/airflow/example_dags/example_branch_python_dop_operator_3.py took 0.059 seconds
[2021-10-18 17:26:50,878] {processor.py:163} INFO - Started process (PID=24735) to work on /home/user/workspace/airflow/airflow_env/lib/python3.6/site-packages/airflow/example_dags/example_branch_python_dop_operator_3.py
[2021-10-18 17:26:50,881] {processor.py:620} INFO - Processing file /home/user/workspace/airflow/airflow_env/lib/python3.6/site-packages/airflow/example_dags/example_branch_python_dop_operator_3.py for tasks to queue
[2021-10-18 17:26:50,882] {logging_mixin.py:109} INFO - [2021-10-18 17:26:50,882] {dagbag.py:500} INFO - Filling up the DagBag from /home/user/workspace/airflow/airflow_env/lib/python3.6/site-packages/airflow/example_dags/example_branch_python_dop_operator_3.py
[2021-10-18 17:26:50,970] {processor.py:632} INFO - DAG(s) dict_keys(['example_branch_dop_operator_v3']) retrieved from /home/user/workspace/airflow/airflow_env/lib/python3.6/site-packages/airflow/example_dags/example_branch_python_dop_operator_3.py
[2021-10-18 17:26:51,010] {logging_mixin.py:109} INFO - [2021-10-18 17:26:51,009] {dag.py:2389} INFO - Sync 1 DAGs
[2021-10-18 17:26:51,062] {logging_mixin.py:109} INFO - [2021-10-18 17:26:51,061] {dag.py:2914} INFO - Setting next_dagrun for example_branch_dop_operator_v3 to 2021-10-18T11:55:00+00:00
[2021-10-18 17:26:51,080] {processor.py:171} INFO - Processing /home/user/workspace/airflow/airflow_env/lib/python3.6/site-packages/airflow/example_dags/example_branch_python_dop_operator_3.py took 0.210 seconds
[2021-10-18 17:27:48,335] {processor.py:163} INFO - Started process (PID=24864) to work on /home/user/workspace/airflow/airflow_env/lib/python3.6/site-packages/airflow/example_dags/example_branch_python_dop_operator_3.py
[2021-10-18 17:27:48,337] {processor.py:620} INFO - Processing file /home/user/workspace/airflow/airflow_env/lib/python3.6/site-packages/airflow/example_dags/example_branch_python_dop_operator_3.py for tasks to queue
[2021-10-18 17:27:48,338] {logging_mixin.py:109} INFO - [2021-10-18 17:27:48,338] {dagbag.py:500} INFO - Filling up the DagBag from /home/user/workspace/airflow/airflow_env/lib/python3.6/site-packages/airflow/example_dags/example_branch_python_dop_operator_3.py
[2021-10-18 17:27:48,384] {processor.py:632} INFO - DAG(s) dict_keys(['example_branch_dop_operator_v3']) retrieved from /home/user/workspace/airflow/airflow_env/lib/python3.6/site-packages/airflow/example_dags/example_branch_python_dop_operator_3.py
[2021-10-18 17:27:48,404] {logging_mixin.py:109} INFO - [2021-10-18 17:27:48,404] {dag.py:2389} INFO - Sync 1 DAGs
[2021-10-18 17:27:48,447] {logging_mixin.py:109} INFO - [2021-10-18 17:27:48,447] {dag.py:2914} INFO - Setting next_dagrun for example_branch_dop_operator_v3 to 2021-10-18T11:56:00+00:00
[2021-10-18 17:27:48,459] {processor.py:171} INFO - Processing /home/user/workspace/airflow/airflow_env/lib/python3.6/site-packages/airflow/example_dags/example_branch_python_dop_operator_3.py took 0.130 seconds
[2021-10-18 17:28:52,360] {processor.py:163} INFO - Started process (PID=25106) to work on /home/user/workspace/airflow/airflow_env/lib/python3.6/site-packages/airflow/example_dags/example_branch_python_dop_operator_3.py
[2021-10-18 17:28:52,362] {processor.py:620} INFO - Processing file /home/user/workspace/airflow/airflow_env/lib/python3.6/site-packages/airflow/example_dags/example_branch_python_dop_operator_3.py for tasks to queue
[2021-10-18 17:28:52,363] {logging_mixin.py:109} INFO - [2021-10-18 17:28:52,363] {dagbag.py:500} INFO - Filling up the DagBag from /home/user/workspace/airflow/airflow_env/lib/python3.6/site-packages/airflow/example_dags/example_branch_python_dop_operator_3.py
[2021-10-18 17:28:52,414] {processor.py:632} INFO - DAG(s) dict_keys(['example_branch_dop_operator_v3']) retrieved from /home/user/workspace/airflow/airflow_env/lib/python3.6/site-packages/airflow/example_dags/example_branch_python_dop_operator_3.py
[2021-10-18 17:28:52,443] {logging_mixin.py:109} INFO - [2021-10-18 17:28:52,442] {dag.py:2389} INFO - Sync 1 DAGs
[2021-10-18 17:28:52,490] {logging_mixin.py:109} INFO - [2021-10-18 17:28:52,490] {dag.py:2914} INFO - Setting next_dagrun for example_branch_dop_operator_v3 to 2021-10-18T11:57:00+00:00
[2021-10-18 17:28:52,502] {processor.py:171} INFO - Processing /home/user/workspace/airflow/airflow_env/lib/python3.6/site-packages/airflow/example_dags/example_branch_python_dop_operator_3.py took 0.149 seconds
[2021-10-18 17:29:53,367] {processor.py:163} INFO - Started process (PID=25259) to work on /home/user/workspace/airflow/airflow_env/lib/python3.6/site-packages/airflow/example_dags/example_branch_python_dop_operator_3.py
[2021-10-18 17:29:53,369] {processor.py:620} INFO - Processing file /home/user/workspace/airflow/airflow_env/lib/python3.6/site-packages/airflow/example_dags/example_branch_python_dop_operator_3.py for tasks to queue
[2021-10-18 17:29:53,370] {logging_mixin.py:109} INFO - [2021-10-18 17:29:53,370] {dagbag.py:500} INFO - Filling up the DagBag from /home/user/workspace/airflow/airflow_env/lib/python3.6/site-packages/airflow/example_dags/example_branch_python_dop_operator_3.py
[2021-10-18 17:29:53,412] {processor.py:632} INFO - DAG(s) dict_keys(['example_branch_dop_operator_v3']) retrieved from /home/user/workspace/airflow/airflow_env/lib/python3.6/site-packages/airflow/example_dags/example_branch_python_dop_operator_3.py
[2021-10-18 17:29:53,431] {logging_mixin.py:109} INFO - [2021-10-18 17:29:53,431] {dag.py:2389} INFO - Sync 1 DAGs
[2021-10-18 17:29:53,464] {logging_mixin.py:109} INFO - [2021-10-18 17:29:53,464] {dag.py:2914} INFO - Setting next_dagrun for example_branch_dop_operator_v3 to 2021-10-18T11:58:00+00:00
[2021-10-18 17:29:53,478] {processor.py:171} INFO - Processing /home/user/workspace/airflow/airflow_env/lib/python3.6/site-packages/airflow/example_dags/example_branch_python_dop_operator_3.py took 0.117 seconds
[2021-10-18 17:30:52,180] {processor.py:163} INFO - Started process (PID=25438) to work on /home/user/workspace/airflow/airflow_env/lib/python3.6/site-packages/airflow/example_dags/example_branch_python_dop_operator_3.py
[2021-10-18 17:30:52,183] {processor.py:620} INFO - Processing file /home/user/workspace/airflow/airflow_env/lib/python3.6/site-packages/airflow/example_dags/example_branch_python_dop_operator_3.py for tasks to queue
[2021-10-18 17:30:52,184] {logging_mixin.py:109} INFO - [2021-10-18 17:30:52,184] {dagbag.py:500} INFO - Filling up the DagBag from /home/user/workspace/airflow/airflow_env/lib/python3.6/site-packages/airflow/example_dags/example_branch_python_dop_operator_3.py
[2021-10-18 17:30:52,237] {processor.py:632} INFO - DAG(s) dict_keys(['example_branch_dop_operator_v3']) retrieved from /home/user/workspace/airflow/airflow_env/lib/python3.6/site-packages/airflow/example_dags/example_branch_python_dop_operator_3.py
[2021-10-18 17:30:52,261] {logging_mixin.py:109} INFO - [2021-10-18 17:30:52,261] {dag.py:2389} INFO - Sync 1 DAGs
[2021-10-18 17:30:52,301] {logging_mixin.py:109} INFO - [2021-10-18 17:30:52,301] {dag.py:2914} INFO - Setting next_dagrun for example_branch_dop_operator_v3 to 2021-10-18T11:59:00+00:00
[2021-10-18 17:30:52,313] {processor.py:171} INFO - Processing /home/user/workspace/airflow/airflow_env/lib/python3.6/site-packages/airflow/example_dags/example_branch_python_dop_operator_3.py took 0.139 seconds
[2021-10-18 17:31:54,752] {processor.py:163} INFO - Started process (PID=25605) to work on /home/user/workspace/airflow/airflow_env/lib/python3.6/site-packages/airflow/example_dags/example_branch_python_dop_operator_3.py
[2021-10-18 17:31:54,755] {processor.py:620} INFO - Processing file /home/user/workspace/airflow/airflow_env/lib/python3.6/site-packages/airflow/example_dags/example_branch_python_dop_operator_3.py for tasks to queue
[2021-10-18 17:31:54,757] {logging_mixin.py:109} INFO - [2021-10-18 17:31:54,757] {dagbag.py:500} INFO - Filling up the DagBag from /home/user/workspace/airflow/airflow_env/lib/python3.6/site-packages/airflow/example_dags/example_branch_python_dop_operator_3.py
[2021-10-18 17:31:54,817] {processor.py:632} INFO - DAG(s) dict_keys(['example_branch_dop_operator_v3']) retrieved from /home/user/workspace/airflow/airflow_env/lib/python3.6/site-packages/airflow/example_dags/example_branch_python_dop_operator_3.py
[2021-10-18 17:31:54,843] {logging_mixin.py:109} INFO - [2021-10-18 17:31:54,842] {dag.py:2389} INFO - Sync 1 DAGs
[2021-10-18 17:31:54,879] {logging_mixin.py:109} INFO - [2021-10-18 17:31:54,879] {dag.py:2914} INFO - Setting next_dagrun for example_branch_dop_operator_v3 to 2021-10-18T12:00:00+00:00
[2021-10-18 17:31:54,895] {processor.py:171} INFO - Processing /home/user/workspace/airflow/airflow_env/lib/python3.6/site-packages/airflow/example_dags/example_branch_python_dop_operator_3.py took 0.150 seconds
[2021-10-18 17:32:58,889] {processor.py:163} INFO - Started process (PID=25836) to work on /home/user/workspace/airflow/airflow_env/lib/python3.6/site-packages/airflow/example_dags/example_branch_python_dop_operator_3.py
[2021-10-18 17:32:58,891] {processor.py:620} INFO - Processing file /home/user/workspace/airflow/airflow_env/lib/python3.6/site-packages/airflow/example_dags/example_branch_python_dop_operator_3.py for tasks to queue
[2021-10-18 17:32:58,891] {logging_mixin.py:109} INFO - [2021-10-18 17:32:58,891] {dagbag.py:500} INFO - Filling up the DagBag from /home/user/workspace/airflow/airflow_env/lib/python3.6/site-packages/airflow/example_dags/example_branch_python_dop_operator_3.py
[2021-10-18 17:32:58,918] {processor.py:632} INFO - DAG(s) dict_keys(['example_branch_dop_operator_v3']) retrieved from /home/user/workspace/airflow/airflow_env/lib/python3.6/site-packages/airflow/example_dags/example_branch_python_dop_operator_3.py
[2021-10-18 17:32:58,928] {logging_mixin.py:109} INFO - [2021-10-18 17:32:58,928] {dag.py:2389} INFO - Sync 1 DAGs
[2021-10-18 17:32:58,950] {logging_mixin.py:109} INFO - [2021-10-18 17:32:58,950] {dag.py:2914} INFO - Setting next_dagrun for example_branch_dop_operator_v3 to 2021-10-18T12:01:00+00:00
[2021-10-18 17:32:58,959] {processor.py:171} INFO - Processing /home/user/workspace/airflow/airflow_env/lib/python3.6/site-packages/airflow/example_dags/example_branch_python_dop_operator_3.py took 0.075 seconds
[2021-10-18 17:33:54,705] {processor.py:163} INFO - Started process (PID=25942) to work on /home/user/workspace/airflow/airflow_env/lib/python3.6/site-packages/airflow/example_dags/example_branch_python_dop_operator_3.py
[2021-10-18 17:33:54,707] {processor.py:620} INFO - Processing file /home/user/workspace/airflow/airflow_env/lib/python3.6/site-packages/airflow/example_dags/example_branch_python_dop_operator_3.py for tasks to queue
[2021-10-18 17:33:54,708] {logging_mixin.py:109} INFO - [2021-10-18 17:33:54,708] {dagbag.py:500} INFO - Filling up the DagBag from /home/user/workspace/airflow/airflow_env/lib/python3.6/site-packages/airflow/example_dags/example_branch_python_dop_operator_3.py
[2021-10-18 17:33:54,757] {processor.py:632} INFO - DAG(s) dict_keys(['example_branch_dop_operator_v3']) retrieved from /home/user/workspace/airflow/airflow_env/lib/python3.6/site-packages/airflow/example_dags/example_branch_python_dop_operator_3.py
[2021-10-18 17:33:54,779] {logging_mixin.py:109} INFO - [2021-10-18 17:33:54,779] {dag.py:2389} INFO - Sync 1 DAGs
[2021-10-18 17:33:54,822] {logging_mixin.py:109} INFO - [2021-10-18 17:33:54,822] {dag.py:2914} INFO - Setting next_dagrun for example_branch_dop_operator_v3 to 2021-10-18T12:02:00+00:00
[2021-10-18 17:33:54,834] {processor.py:171} INFO - Processing /home/user/workspace/airflow/airflow_env/lib/python3.6/site-packages/airflow/example_dags/example_branch_python_dop_operator_3.py took 0.136 seconds
[2021-10-18 17:34:53,568] {processor.py:163} INFO - Started process (PID=26045) to work on /home/user/workspace/airflow/airflow_env/lib/python3.6/site-packages/airflow/example_dags/example_branch_python_dop_operator_3.py
[2021-10-18 17:34:53,570] {processor.py:620} INFO - Processing file /home/user/workspace/airflow/airflow_env/lib/python3.6/site-packages/airflow/example_dags/example_branch_python_dop_operator_3.py for tasks to queue
[2021-10-18 17:34:53,571] {logging_mixin.py:109} INFO - [2021-10-18 17:34:53,570] {dagbag.py:500} INFO - Filling up the DagBag from /home/user/workspace/airflow/airflow_env/lib/python3.6/site-packages/airflow/example_dags/example_branch_python_dop_operator_3.py
[2021-10-18 17:34:53,598] {processor.py:632} INFO - DAG(s) dict_keys(['example_branch_dop_operator_v3']) retrieved from /home/user/workspace/airflow/airflow_env/lib/python3.6/site-packages/airflow/example_dags/example_branch_python_dop_operator_3.py
[2021-10-18 17:34:53,612] {logging_mixin.py:109} INFO - [2021-10-18 17:34:53,612] {dag.py:2389} INFO - Sync 1 DAGs
[2021-10-18 17:34:53,638] {logging_mixin.py:109} INFO - [2021-10-18 17:34:53,638] {dag.py:2914} INFO - Setting next_dagrun for example_branch_dop_operator_v3 to 2021-10-18T12:03:00+00:00
[2021-10-18 17:34:53,648] {processor.py:171} INFO - Processing /home/user/workspace/airflow/airflow_env/lib/python3.6/site-packages/airflow/example_dags/example_branch_python_dop_operator_3.py took 0.085 seconds
[2021-10-18 17:35:52,036] {processor.py:163} INFO - Started process (PID=26258) to work on /home/user/workspace/airflow/airflow_env/lib/python3.6/site-packages/airflow/example_dags/example_branch_python_dop_operator_3.py
[2021-10-18 17:35:52,039] {processor.py:620} INFO - Processing file /home/user/workspace/airflow/airflow_env/lib/python3.6/site-packages/airflow/example_dags/example_branch_python_dop_operator_3.py for tasks to queue
[2021-10-18 17:35:52,041] {logging_mixin.py:109} INFO - [2021-10-18 17:35:52,040] {dagbag.py:500} INFO - Filling up the DagBag from /home/user/workspace/airflow/airflow_env/lib/python3.6/site-packages/airflow/example_dags/example_branch_python_dop_operator_3.py
[2021-10-18 17:35:52,109] {processor.py:632} INFO - DAG(s) dict_keys(['example_branch_dop_operator_v3']) retrieved from /home/user/workspace/airflow/airflow_env/lib/python3.6/site-packages/airflow/example_dags/example_branch_python_dop_operator_3.py
[2021-10-18 17:35:52,136] {logging_mixin.py:109} INFO - [2021-10-18 17:35:52,136] {dag.py:2389} INFO - Sync 1 DAGs
[2021-10-18 17:35:52,170] {logging_mixin.py:109} INFO - [2021-10-18 17:35:52,170] {dag.py:2914} INFO - Setting next_dagrun for example_branch_dop_operator_v3 to 2021-10-18T12:04:00+00:00
[2021-10-18 17:35:52,181] {processor.py:171} INFO - Processing /home/user/workspace/airflow/airflow_env/lib/python3.6/site-packages/airflow/example_dags/example_branch_python_dop_operator_3.py took 0.157 seconds
[2021-10-18 17:36:53,410] {processor.py:163} INFO - Started process (PID=26376) to work on /home/user/workspace/airflow/airflow_env/lib/python3.6/site-packages/airflow/example_dags/example_branch_python_dop_operator_3.py
[2021-10-18 17:36:53,422] {processor.py:620} INFO - Processing file /home/user/workspace/airflow/airflow_env/lib/python3.6/site-packages/airflow/example_dags/example_branch_python_dop_operator_3.py for tasks to queue
[2021-10-18 17:36:53,424] {logging_mixin.py:109} INFO - [2021-10-18 17:36:53,423] {dagbag.py:500} INFO - Filling up the DagBag from /home/user/workspace/airflow/airflow_env/lib/python3.6/site-packages/airflow/example_dags/example_branch_python_dop_operator_3.py
[2021-10-18 17:36:53,477] {processor.py:632} INFO - DAG(s) dict_keys(['example_branch_dop_operator_v3']) retrieved from /home/user/workspace/airflow/airflow_env/lib/python3.6/site-packages/airflow/example_dags/example_branch_python_dop_operator_3.py
[2021-10-18 17:36:53,502] {logging_mixin.py:109} INFO - [2021-10-18 17:36:53,502] {dag.py:2389} INFO - Sync 1 DAGs
[2021-10-18 17:36:53,544] {logging_mixin.py:109} INFO - [2021-10-18 17:36:53,544] {dag.py:2914} INFO - Setting next_dagrun for example_branch_dop_operator_v3 to 2021-10-18T12:05:00+00:00
[2021-10-18 17:36:53,554] {processor.py:171} INFO - Processing /home/user/workspace/airflow/airflow_env/lib/python3.6/site-packages/airflow/example_dags/example_branch_python_dop_operator_3.py took 0.150 seconds
[2021-10-18 17:37:53,032] {processor.py:163} INFO - Started process (PID=26520) to work on /home/user/workspace/airflow/airflow_env/lib/python3.6/site-packages/airflow/example_dags/example_branch_python_dop_operator_3.py
[2021-10-18 17:37:53,034] {processor.py:620} INFO - Processing file /home/user/workspace/airflow/airflow_env/lib/python3.6/site-packages/airflow/example_dags/example_branch_python_dop_operator_3.py for tasks to queue
[2021-10-18 17:37:53,035] {logging_mixin.py:109} INFO - [2021-10-18 17:37:53,035] {dagbag.py:500} INFO - Filling up the DagBag from /home/user/workspace/airflow/airflow_env/lib/python3.6/site-packages/airflow/example_dags/example_branch_python_dop_operator_3.py
[2021-10-18 17:37:53,090] {processor.py:632} INFO - DAG(s) dict_keys(['example_branch_dop_operator_v3']) retrieved from /home/user/workspace/airflow/airflow_env/lib/python3.6/site-packages/airflow/example_dags/example_branch_python_dop_operator_3.py
[2021-10-18 17:37:53,115] {logging_mixin.py:109} INFO - [2021-10-18 17:37:53,114] {dag.py:2389} INFO - Sync 1 DAGs
[2021-10-18 17:37:53,169] {logging_mixin.py:109} INFO - [2021-10-18 17:37:53,169] {dag.py:2914} INFO - Setting next_dagrun for example_branch_dop_operator_v3 to 2021-10-18T12:06:00+00:00
[2021-10-18 17:37:53,197] {processor.py:171} INFO - Processing /home/user/workspace/airflow/airflow_env/lib/python3.6/site-packages/airflow/example_dags/example_branch_python_dop_operator_3.py took 0.172 seconds
[2021-10-18 17:38:56,231] {processor.py:163} INFO - Started process (PID=26635) to work on /home/user/workspace/airflow/airflow_env/lib/python3.6/site-packages/airflow/example_dags/example_branch_python_dop_operator_3.py
[2021-10-18 17:38:56,237] {processor.py:620} INFO - Processing file /home/user/workspace/airflow/airflow_env/lib/python3.6/site-packages/airflow/example_dags/example_branch_python_dop_operator_3.py for tasks to queue
[2021-10-18 17:38:56,239] {logging_mixin.py:109} INFO - [2021-10-18 17:38:56,238] {dagbag.py:500} INFO - Filling up the DagBag from /home/user/workspace/airflow/airflow_env/lib/python3.6/site-packages/airflow/example_dags/example_branch_python_dop_operator_3.py
[2021-10-18 17:38:56,342] {processor.py:632} INFO - DAG(s) dict_keys(['example_branch_dop_operator_v3']) retrieved from /home/user/workspace/airflow/airflow_env/lib/python3.6/site-packages/airflow/example_dags/example_branch_python_dop_operator_3.py
[2021-10-18 17:38:56,358] {logging_mixin.py:109} INFO - [2021-10-18 17:38:56,358] {dag.py:2389} INFO - Sync 1 DAGs
[2021-10-18 17:38:56,381] {logging_mixin.py:109} INFO - [2021-10-18 17:38:56,381] {dag.py:2914} INFO - Setting next_dagrun for example_branch_dop_operator_v3 to 2021-10-18T12:07:00+00:00
[2021-10-18 17:38:56,390] {processor.py:171} INFO - Processing /home/user/workspace/airflow/airflow_env/lib/python3.6/site-packages/airflow/example_dags/example_branch_python_dop_operator_3.py took 0.183 seconds
[2021-10-18 17:40:03,640] {processor.py:163} INFO - Started process (PID=26773) to work on /home/user/workspace/airflow/airflow_env/lib/python3.6/site-packages/airflow/example_dags/example_branch_python_dop_operator_3.py
[2021-10-18 17:40:03,642] {processor.py:620} INFO - Processing file /home/user/workspace/airflow/airflow_env/lib/python3.6/site-packages/airflow/example_dags/example_branch_python_dop_operator_3.py for tasks to queue
[2021-10-18 17:40:03,644] {logging_mixin.py:109} INFO - [2021-10-18 17:40:03,643] {dagbag.py:500} INFO - Filling up the DagBag from /home/user/workspace/airflow/airflow_env/lib/python3.6/site-packages/airflow/example_dags/example_branch_python_dop_operator_3.py
[2021-10-18 17:40:03,697] {processor.py:632} INFO - DAG(s) dict_keys(['example_branch_dop_operator_v3']) retrieved from /home/user/workspace/airflow/airflow_env/lib/python3.6/site-packages/airflow/example_dags/example_branch_python_dop_operator_3.py
[2021-10-18 17:40:03,722] {logging_mixin.py:109} INFO - [2021-10-18 17:40:03,721] {dag.py:2389} INFO - Sync 1 DAGs
[2021-10-18 17:40:03,760] {logging_mixin.py:109} INFO - [2021-10-18 17:40:03,760] {dag.py:2914} INFO - Setting next_dagrun for example_branch_dop_operator_v3 to 2021-10-18T12:09:00+00:00
[2021-10-18 17:40:03,770] {processor.py:171} INFO - Processing /home/user/workspace/airflow/airflow_env/lib/python3.6/site-packages/airflow/example_dags/example_branch_python_dop_operator_3.py took 0.136 seconds
[2021-10-18 17:41:04,248] {processor.py:163} INFO - Started process (PID=27009) to work on /home/user/workspace/airflow/airflow_env/lib/python3.6/site-packages/airflow/example_dags/example_branch_python_dop_operator_3.py
[2021-10-18 17:41:04,260] {processor.py:620} INFO - Processing file /home/user/workspace/airflow/airflow_env/lib/python3.6/site-packages/airflow/example_dags/example_branch_python_dop_operator_3.py for tasks to queue
[2021-10-18 17:41:04,262] {logging_mixin.py:109} INFO - [2021-10-18 17:41:04,262] {dagbag.py:500} INFO - Filling up the DagBag from /home/user/workspace/airflow/airflow_env/lib/python3.6/site-packages/airflow/example_dags/example_branch_python_dop_operator_3.py
[2021-10-18 17:41:04,320] {processor.py:632} INFO - DAG(s) dict_keys(['example_branch_dop_operator_v3']) retrieved from /home/user/workspace/airflow/airflow_env/lib/python3.6/site-packages/airflow/example_dags/example_branch_python_dop_operator_3.py
[2021-10-18 17:41:04,345] {logging_mixin.py:109} INFO - [2021-10-18 17:41:04,344] {dag.py:2389} INFO - Sync 1 DAGs
[2021-10-18 17:41:04,382] {logging_mixin.py:109} INFO - [2021-10-18 17:41:04,382] {dag.py:2914} INFO - Setting next_dagrun for example_branch_dop_operator_v3 to 2021-10-18T12:10:00+00:00
[2021-10-18 17:41:04,392] {processor.py:171} INFO - Processing /home/user/workspace/airflow/airflow_env/lib/python3.6/site-packages/airflow/example_dags/example_branch_python_dop_operator_3.py took 0.149 seconds
[2021-10-18 17:42:03,346] {processor.py:163} INFO - Started process (PID=27099) to work on /home/user/workspace/airflow/airflow_env/lib/python3.6/site-packages/airflow/example_dags/example_branch_python_dop_operator_3.py
[2021-10-18 17:42:03,347] {processor.py:620} INFO - Processing file /home/user/workspace/airflow/airflow_env/lib/python3.6/site-packages/airflow/example_dags/example_branch_python_dop_operator_3.py for tasks to queue
[2021-10-18 17:42:03,348] {logging_mixin.py:109} INFO - [2021-10-18 17:42:03,348] {dagbag.py:500} INFO - Filling up the DagBag from /home/user/workspace/airflow/airflow_env/lib/python3.6/site-packages/airflow/example_dags/example_branch_python_dop_operator_3.py
[2021-10-18 17:42:03,390] {processor.py:632} INFO - DAG(s) dict_keys(['example_branch_dop_operator_v3']) retrieved from /home/user/workspace/airflow/airflow_env/lib/python3.6/site-packages/airflow/example_dags/example_branch_python_dop_operator_3.py
[2021-10-18 17:42:03,405] {logging_mixin.py:109} INFO - [2021-10-18 17:42:03,405] {dag.py:2389} INFO - Sync 1 DAGs
[2021-10-18 17:42:03,426] {logging_mixin.py:109} INFO - [2021-10-18 17:42:03,426] {dag.py:2914} INFO - Setting next_dagrun for example_branch_dop_operator_v3 to 2021-10-18T12:11:00+00:00
[2021-10-18 17:42:03,435] {processor.py:171} INFO - Processing /home/user/workspace/airflow/airflow_env/lib/python3.6/site-packages/airflow/example_dags/example_branch_python_dop_operator_3.py took 0.093 seconds
[2021-10-18 17:43:02,582] {processor.py:163} INFO - Started process (PID=27283) to work on /home/user/workspace/airflow/airflow_env/lib/python3.6/site-packages/airflow/example_dags/example_branch_python_dop_operator_3.py
[2021-10-18 17:43:02,593] {processor.py:620} INFO - Processing file /home/user/workspace/airflow/airflow_env/lib/python3.6/site-packages/airflow/example_dags/example_branch_python_dop_operator_3.py for tasks to queue
[2021-10-18 17:43:02,593] {logging_mixin.py:109} INFO - [2021-10-18 17:43:02,593] {dagbag.py:500} INFO - Filling up the DagBag from /home/user/workspace/airflow/airflow_env/lib/python3.6/site-packages/airflow/example_dags/example_branch_python_dop_operator_3.py
[2021-10-18 17:43:02,617] {processor.py:632} INFO - DAG(s) dict_keys(['example_branch_dop_operator_v3']) retrieved from /home/user/workspace/airflow/airflow_env/lib/python3.6/site-packages/airflow/example_dags/example_branch_python_dop_operator_3.py
[2021-10-18 17:43:02,627] {logging_mixin.py:109} INFO - [2021-10-18 17:43:02,627] {dag.py:2389} INFO - Sync 1 DAGs
[2021-10-18 17:43:02,647] {logging_mixin.py:109} INFO - [2021-10-18 17:43:02,647] {dag.py:2914} INFO - Setting next_dagrun for example_branch_dop_operator_v3 to 2021-10-18T12:12:00+00:00
[2021-10-18 17:43:02,657] {processor.py:171} INFO - Processing /home/user/workspace/airflow/airflow_env/lib/python3.6/site-packages/airflow/example_dags/example_branch_python_dop_operator_3.py took 0.078 seconds
[2021-10-18 17:44:00,088] {processor.py:163} INFO - Started process (PID=27476) to work on /home/user/workspace/airflow/airflow_env/lib/python3.6/site-packages/airflow/example_dags/example_branch_python_dop_operator_3.py
[2021-10-18 17:44:00,090] {processor.py:620} INFO - Processing file /home/user/workspace/airflow/airflow_env/lib/python3.6/site-packages/airflow/example_dags/example_branch_python_dop_operator_3.py for tasks to queue
[2021-10-18 17:44:00,091] {logging_mixin.py:109} INFO - [2021-10-18 17:44:00,091] {dagbag.py:500} INFO - Filling up the DagBag from /home/user/workspace/airflow/airflow_env/lib/python3.6/site-packages/airflow/example_dags/example_branch_python_dop_operator_3.py
[2021-10-18 17:44:00,145] {processor.py:632} INFO - DAG(s) dict_keys(['example_branch_dop_operator_v3']) retrieved from /home/user/workspace/airflow/airflow_env/lib/python3.6/site-packages/airflow/example_dags/example_branch_python_dop_operator_3.py
[2021-10-18 17:44:00,168] {logging_mixin.py:109} INFO - [2021-10-18 17:44:00,168] {dag.py:2389} INFO - Sync 1 DAGs
[2021-10-18 17:44:00,195] {logging_mixin.py:109} INFO - [2021-10-18 17:44:00,195] {dag.py:2914} INFO - Setting next_dagrun for example_branch_dop_operator_v3 to 2021-10-18T12:13:00+00:00
[2021-10-18 17:44:00,204] {processor.py:171} INFO - Processing /home/user/workspace/airflow/airflow_env/lib/python3.6/site-packages/airflow/example_dags/example_branch_python_dop_operator_3.py took 0.123 seconds
[2021-10-18 17:44:54,622] {processor.py:163} INFO - Started process (PID=27636) to work on /home/user/workspace/airflow/airflow_env/lib/python3.6/site-packages/airflow/example_dags/example_branch_python_dop_operator_3.py
[2021-10-18 17:44:54,625] {processor.py:620} INFO - Processing file /home/user/workspace/airflow/airflow_env/lib/python3.6/site-packages/airflow/example_dags/example_branch_python_dop_operator_3.py for tasks to queue
[2021-10-18 17:44:54,627] {logging_mixin.py:109} INFO - [2021-10-18 17:44:54,626] {dagbag.py:500} INFO - Filling up the DagBag from /home/user/workspace/airflow/airflow_env/lib/python3.6/site-packages/airflow/example_dags/example_branch_python_dop_operator_3.py
[2021-10-18 17:44:54,696] {processor.py:632} INFO - DAG(s) dict_keys(['example_branch_dop_operator_v3']) retrieved from /home/user/workspace/airflow/airflow_env/lib/python3.6/site-packages/airflow/example_dags/example_branch_python_dop_operator_3.py
[2021-10-18 17:44:54,729] {logging_mixin.py:109} INFO - [2021-10-18 17:44:54,729] {dag.py:2389} INFO - Sync 1 DAGs
[2021-10-18 17:44:54,778] {logging_mixin.py:109} INFO - [2021-10-18 17:44:54,778] {dag.py:2914} INFO - Setting next_dagrun for example_branch_dop_operator_v3 to 2021-10-18T12:13:00+00:00
[2021-10-18 17:44:54,789] {processor.py:171} INFO - Processing /home/user/workspace/airflow/airflow_env/lib/python3.6/site-packages/airflow/example_dags/example_branch_python_dop_operator_3.py took 0.174 seconds
[2021-10-18 17:45:51,441] {processor.py:163} INFO - Started process (PID=27862) to work on /home/user/workspace/airflow/airflow_env/lib/python3.6/site-packages/airflow/example_dags/example_branch_python_dop_operator_3.py
[2021-10-18 17:45:51,442] {processor.py:620} INFO - Processing file /home/user/workspace/airflow/airflow_env/lib/python3.6/site-packages/airflow/example_dags/example_branch_python_dop_operator_3.py for tasks to queue
[2021-10-18 17:45:51,443] {logging_mixin.py:109} INFO - [2021-10-18 17:45:51,442] {dagbag.py:500} INFO - Filling up the DagBag from /home/user/workspace/airflow/airflow_env/lib/python3.6/site-packages/airflow/example_dags/example_branch_python_dop_operator_3.py
[2021-10-18 17:45:51,462] {processor.py:632} INFO - DAG(s) dict_keys(['example_branch_dop_operator_v3']) retrieved from /home/user/workspace/airflow/airflow_env/lib/python3.6/site-packages/airflow/example_dags/example_branch_python_dop_operator_3.py
[2021-10-18 17:45:51,471] {logging_mixin.py:109} INFO - [2021-10-18 17:45:51,471] {dag.py:2389} INFO - Sync 1 DAGs
[2021-10-18 17:45:51,488] {logging_mixin.py:109} INFO - [2021-10-18 17:45:51,488] {dag.py:2914} INFO - Setting next_dagrun for example_branch_dop_operator_v3 to 2021-10-18T12:14:00+00:00
[2021-10-18 17:45:51,498] {processor.py:171} INFO - Processing /home/user/workspace/airflow/airflow_env/lib/python3.6/site-packages/airflow/example_dags/example_branch_python_dop_operator_3.py took 0.060 seconds
[2021-10-18 17:46:44,396] {processor.py:163} INFO - Started process (PID=28079) to work on /home/user/workspace/airflow/airflow_env/lib/python3.6/site-packages/airflow/example_dags/example_branch_python_dop_operator_3.py
[2021-10-18 17:46:44,399] {processor.py:620} INFO - Processing file /home/user/workspace/airflow/airflow_env/lib/python3.6/site-packages/airflow/example_dags/example_branch_python_dop_operator_3.py for tasks to queue
[2021-10-18 17:46:44,400] {logging_mixin.py:109} INFO - [2021-10-18 17:46:44,399] {dagbag.py:500} INFO - Filling up the DagBag from /home/user/workspace/airflow/airflow_env/lib/python3.6/site-packages/airflow/example_dags/example_branch_python_dop_operator_3.py
[2021-10-18 17:46:44,446] {processor.py:632} INFO - DAG(s) dict_keys(['example_branch_dop_operator_v3']) retrieved from /home/user/workspace/airflow/airflow_env/lib/python3.6/site-packages/airflow/example_dags/example_branch_python_dop_operator_3.py
[2021-10-18 17:46:44,467] {logging_mixin.py:109} INFO - [2021-10-18 17:46:44,467] {dag.py:2389} INFO - Sync 1 DAGs
[2021-10-18 17:46:44,508] {logging_mixin.py:109} INFO - [2021-10-18 17:46:44,508] {dag.py:2914} INFO - Setting next_dagrun for example_branch_dop_operator_v3 to 2021-10-18T12:15:00+00:00
[2021-10-18 17:46:44,521] {processor.py:171} INFO - Processing /home/user/workspace/airflow/airflow_env/lib/python3.6/site-packages/airflow/example_dags/example_branch_python_dop_operator_3.py took 0.131 seconds
[2021-10-18 17:47:42,468] {processor.py:163} INFO - Started process (PID=28203) to work on /home/user/workspace/airflow/airflow_env/lib/python3.6/site-packages/airflow/example_dags/example_branch_python_dop_operator_3.py
[2021-10-18 17:47:42,469] {processor.py:620} INFO - Processing file /home/user/workspace/airflow/airflow_env/lib/python3.6/site-packages/airflow/example_dags/example_branch_python_dop_operator_3.py for tasks to queue
[2021-10-18 17:47:42,471] {logging_mixin.py:109} INFO - [2021-10-18 17:47:42,470] {dagbag.py:500} INFO - Filling up the DagBag from /home/user/workspace/airflow/airflow_env/lib/python3.6/site-packages/airflow/example_dags/example_branch_python_dop_operator_3.py
[2021-10-18 17:47:42,515] {processor.py:632} INFO - DAG(s) dict_keys(['example_branch_dop_operator_v3']) retrieved from /home/user/workspace/airflow/airflow_env/lib/python3.6/site-packages/airflow/example_dags/example_branch_python_dop_operator_3.py
[2021-10-18 17:47:42,535] {logging_mixin.py:109} INFO - [2021-10-18 17:47:42,535] {dag.py:2389} INFO - Sync 1 DAGs
[2021-10-18 17:47:42,577] {logging_mixin.py:109} INFO - [2021-10-18 17:47:42,577] {dag.py:2914} INFO - Setting next_dagrun for example_branch_dop_operator_v3 to 2021-10-18T12:16:00+00:00
[2021-10-18 17:47:42,591] {processor.py:171} INFO - Processing /home/user/workspace/airflow/airflow_env/lib/python3.6/site-packages/airflow/example_dags/example_branch_python_dop_operator_3.py took 0.129 seconds
[2021-10-18 17:48:42,170] {processor.py:163} INFO - Started process (PID=28307) to work on /home/user/workspace/airflow/airflow_env/lib/python3.6/site-packages/airflow/example_dags/example_branch_python_dop_operator_3.py
[2021-10-18 17:48:42,173] {processor.py:620} INFO - Processing file /home/user/workspace/airflow/airflow_env/lib/python3.6/site-packages/airflow/example_dags/example_branch_python_dop_operator_3.py for tasks to queue
[2021-10-18 17:48:42,177] {logging_mixin.py:109} INFO - [2021-10-18 17:48:42,176] {dagbag.py:500} INFO - Filling up the DagBag from /home/user/workspace/airflow/airflow_env/lib/python3.6/site-packages/airflow/example_dags/example_branch_python_dop_operator_3.py
[2021-10-18 17:48:42,244] {processor.py:632} INFO - DAG(s) dict_keys(['example_branch_dop_operator_v3']) retrieved from /home/user/workspace/airflow/airflow_env/lib/python3.6/site-packages/airflow/example_dags/example_branch_python_dop_operator_3.py
[2021-10-18 17:48:42,258] {logging_mixin.py:109} INFO - [2021-10-18 17:48:42,258] {dag.py:2389} INFO - Sync 1 DAGs
[2021-10-18 17:48:42,280] {logging_mixin.py:109} INFO - [2021-10-18 17:48:42,280] {dag.py:2914} INFO - Setting next_dagrun for example_branch_dop_operator_v3 to 2021-10-18T12:17:00+00:00
[2021-10-18 17:48:42,290] {processor.py:171} INFO - Processing /home/user/workspace/airflow/airflow_env/lib/python3.6/site-packages/airflow/example_dags/example_branch_python_dop_operator_3.py took 0.127 seconds
[2021-10-18 17:49:52,872] {processor.py:163} INFO - Started process (PID=28516) to work on /home/user/workspace/airflow/airflow_env/lib/python3.6/site-packages/airflow/example_dags/example_branch_python_dop_operator_3.py
[2021-10-18 17:49:52,874] {processor.py:620} INFO - Processing file /home/user/workspace/airflow/airflow_env/lib/python3.6/site-packages/airflow/example_dags/example_branch_python_dop_operator_3.py for tasks to queue
[2021-10-18 17:49:52,875] {logging_mixin.py:109} INFO - [2021-10-18 17:49:52,875] {dagbag.py:500} INFO - Filling up the DagBag from /home/user/workspace/airflow/airflow_env/lib/python3.6/site-packages/airflow/example_dags/example_branch_python_dop_operator_3.py
[2021-10-18 17:49:52,912] {processor.py:632} INFO - DAG(s) dict_keys(['example_branch_dop_operator_v3']) retrieved from /home/user/workspace/airflow/airflow_env/lib/python3.6/site-packages/airflow/example_dags/example_branch_python_dop_operator_3.py
[2021-10-18 17:49:52,930] {logging_mixin.py:109} INFO - [2021-10-18 17:49:52,930] {dag.py:2389} INFO - Sync 1 DAGs
[2021-10-18 17:49:52,953] {logging_mixin.py:109} INFO - [2021-10-18 17:49:52,953] {dag.py:2914} INFO - Setting next_dagrun for example_branch_dop_operator_v3 to 2021-10-18T12:18:00+00:00
[2021-10-18 17:49:52,962] {processor.py:171} INFO - Processing /home/user/workspace/airflow/airflow_env/lib/python3.6/site-packages/airflow/example_dags/example_branch_python_dop_operator_3.py took 0.095 seconds
[2021-10-18 17:51:00,523] {processor.py:163} INFO - Started process (PID=28842) to work on /home/user/workspace/airflow/airflow_env/lib/python3.6/site-packages/airflow/example_dags/example_branch_python_dop_operator_3.py
[2021-10-18 17:51:00,526] {processor.py:620} INFO - Processing file /home/user/workspace/airflow/airflow_env/lib/python3.6/site-packages/airflow/example_dags/example_branch_python_dop_operator_3.py for tasks to queue
[2021-10-18 17:51:00,527] {logging_mixin.py:109} INFO - [2021-10-18 17:51:00,527] {dagbag.py:500} INFO - Filling up the DagBag from /home/user/workspace/airflow/airflow_env/lib/python3.6/site-packages/airflow/example_dags/example_branch_python_dop_operator_3.py
[2021-10-18 17:51:00,596] {processor.py:632} INFO - DAG(s) dict_keys(['example_branch_dop_operator_v3']) retrieved from /home/user/workspace/airflow/airflow_env/lib/python3.6/site-packages/airflow/example_dags/example_branch_python_dop_operator_3.py
[2021-10-18 17:51:00,627] {logging_mixin.py:109} INFO - [2021-10-18 17:51:00,627] {dag.py:2389} INFO - Sync 1 DAGs
[2021-10-18 17:51:00,674] {logging_mixin.py:109} INFO - [2021-10-18 17:51:00,674] {dag.py:2914} INFO - Setting next_dagrun for example_branch_dop_operator_v3 to 2021-10-18T12:20:00+00:00
[2021-10-18 17:51:00,685] {processor.py:171} INFO - Processing /home/user/workspace/airflow/airflow_env/lib/python3.6/site-packages/airflow/example_dags/example_branch_python_dop_operator_3.py took 0.169 seconds
[2021-10-18 17:51:54,377] {processor.py:163} INFO - Started process (PID=29015) to work on /home/user/workspace/airflow/airflow_env/lib/python3.6/site-packages/airflow/example_dags/example_branch_python_dop_operator_3.py
[2021-10-18 17:51:54,379] {processor.py:620} INFO - Processing file /home/user/workspace/airflow/airflow_env/lib/python3.6/site-packages/airflow/example_dags/example_branch_python_dop_operator_3.py for tasks to queue
[2021-10-18 17:51:54,380] {logging_mixin.py:109} INFO - [2021-10-18 17:51:54,380] {dagbag.py:500} INFO - Filling up the DagBag from /home/user/workspace/airflow/airflow_env/lib/python3.6/site-packages/airflow/example_dags/example_branch_python_dop_operator_3.py
[2021-10-18 17:51:54,424] {processor.py:632} INFO - DAG(s) dict_keys(['example_branch_dop_operator_v3']) retrieved from /home/user/workspace/airflow/airflow_env/lib/python3.6/site-packages/airflow/example_dags/example_branch_python_dop_operator_3.py
[2021-10-18 17:51:54,443] {logging_mixin.py:109} INFO - [2021-10-18 17:51:54,443] {dag.py:2389} INFO - Sync 1 DAGs
[2021-10-18 17:51:54,477] {logging_mixin.py:109} INFO - [2021-10-18 17:51:54,477] {dag.py:2914} INFO - Setting next_dagrun for example_branch_dop_operator_v3 to 2021-10-18T12:20:00+00:00
[2021-10-18 17:51:54,487] {processor.py:171} INFO - Processing /home/user/workspace/airflow/airflow_env/lib/python3.6/site-packages/airflow/example_dags/example_branch_python_dop_operator_3.py took 0.116 seconds
[2021-10-18 17:53:03,541] {processor.py:163} INFO - Started process (PID=29186) to work on /home/user/workspace/airflow/airflow_env/lib/python3.6/site-packages/airflow/example_dags/example_branch_python_dop_operator_3.py
[2021-10-18 17:53:03,553] {processor.py:620} INFO - Processing file /home/user/workspace/airflow/airflow_env/lib/python3.6/site-packages/airflow/example_dags/example_branch_python_dop_operator_3.py for tasks to queue
[2021-10-18 17:53:03,555] {logging_mixin.py:109} INFO - [2021-10-18 17:53:03,555] {dagbag.py:500} INFO - Filling up the DagBag from /home/user/workspace/airflow/airflow_env/lib/python3.6/site-packages/airflow/example_dags/example_branch_python_dop_operator_3.py
[2021-10-18 17:53:03,611] {processor.py:632} INFO - DAG(s) dict_keys(['example_branch_dop_operator_v3']) retrieved from /home/user/workspace/airflow/airflow_env/lib/python3.6/site-packages/airflow/example_dags/example_branch_python_dop_operator_3.py
[2021-10-18 17:53:03,637] {logging_mixin.py:109} INFO - [2021-10-18 17:53:03,637] {dag.py:2389} INFO - Sync 1 DAGs
[2021-10-18 17:53:03,661] {logging_mixin.py:109} INFO - [2021-10-18 17:53:03,661] {dag.py:2914} INFO - Setting next_dagrun for example_branch_dop_operator_v3 to 2021-10-18T12:22:00+00:00
[2021-10-18 17:53:03,671] {processor.py:171} INFO - Processing /home/user/workspace/airflow/airflow_env/lib/python3.6/site-packages/airflow/example_dags/example_branch_python_dop_operator_3.py took 0.136 seconds
[2021-10-18 17:54:14,154] {processor.py:163} INFO - Started process (PID=29289) to work on /home/user/workspace/airflow/airflow_env/lib/python3.6/site-packages/airflow/example_dags/example_branch_python_dop_operator_3.py
[2021-10-18 17:54:14,160] {processor.py:620} INFO - Processing file /home/user/workspace/airflow/airflow_env/lib/python3.6/site-packages/airflow/example_dags/example_branch_python_dop_operator_3.py for tasks to queue
[2021-10-18 17:54:14,162] {logging_mixin.py:109} INFO - [2021-10-18 17:54:14,162] {dagbag.py:500} INFO - Filling up the DagBag from /home/user/workspace/airflow/airflow_env/lib/python3.6/site-packages/airflow/example_dags/example_branch_python_dop_operator_3.py
[2021-10-18 17:54:14,241] {processor.py:632} INFO - DAG(s) dict_keys(['example_branch_dop_operator_v3']) retrieved from /home/user/workspace/airflow/airflow_env/lib/python3.6/site-packages/airflow/example_dags/example_branch_python_dop_operator_3.py
[2021-10-18 17:54:14,253] {logging_mixin.py:109} INFO - [2021-10-18 17:54:14,252] {dag.py:2389} INFO - Sync 1 DAGs
[2021-10-18 17:54:14,278] {logging_mixin.py:109} INFO - [2021-10-18 17:54:14,278] {dag.py:2914} INFO - Setting next_dagrun for example_branch_dop_operator_v3 to 2021-10-18T12:23:00+00:00
[2021-10-18 17:54:14,289] {processor.py:171} INFO - Processing /home/user/workspace/airflow/airflow_env/lib/python3.6/site-packages/airflow/example_dags/example_branch_python_dop_operator_3.py took 0.145 seconds
[2021-10-18 17:55:24,942] {processor.py:163} INFO - Started process (PID=29407) to work on /home/user/workspace/airflow/airflow_env/lib/python3.6/site-packages/airflow/example_dags/example_branch_python_dop_operator_3.py
[2021-10-18 17:55:24,944] {processor.py:620} INFO - Processing file /home/user/workspace/airflow/airflow_env/lib/python3.6/site-packages/airflow/example_dags/example_branch_python_dop_operator_3.py for tasks to queue
[2021-10-18 17:55:24,946] {logging_mixin.py:109} INFO - [2021-10-18 17:55:24,945] {dagbag.py:500} INFO - Filling up the DagBag from /home/user/workspace/airflow/airflow_env/lib/python3.6/site-packages/airflow/example_dags/example_branch_python_dop_operator_3.py
[2021-10-18 17:55:25,010] {processor.py:632} INFO - DAG(s) dict_keys(['example_branch_dop_operator_v3']) retrieved from /home/user/workspace/airflow/airflow_env/lib/python3.6/site-packages/airflow/example_dags/example_branch_python_dop_operator_3.py
[2021-10-18 17:55:25,038] {logging_mixin.py:109} INFO - [2021-10-18 17:55:25,038] {dag.py:2389} INFO - Sync 1 DAGs
[2021-10-18 17:55:25,112] {logging_mixin.py:109} INFO - [2021-10-18 17:55:25,111] {dag.py:2914} INFO - Setting next_dagrun for example_branch_dop_operator_v3 to 2021-10-18T12:24:00+00:00
[2021-10-18 17:55:25,146] {processor.py:171} INFO - Processing /home/user/workspace/airflow/airflow_env/lib/python3.6/site-packages/airflow/example_dags/example_branch_python_dop_operator_3.py took 0.210 seconds
[2021-10-18 17:56:31,119] {processor.py:163} INFO - Started process (PID=29583) to work on /home/user/workspace/airflow/airflow_env/lib/python3.6/site-packages/airflow/example_dags/example_branch_python_dop_operator_3.py
[2021-10-18 17:56:31,130] {processor.py:620} INFO - Processing file /home/user/workspace/airflow/airflow_env/lib/python3.6/site-packages/airflow/example_dags/example_branch_python_dop_operator_3.py for tasks to queue
[2021-10-18 17:56:31,131] {logging_mixin.py:109} INFO - [2021-10-18 17:56:31,131] {dagbag.py:500} INFO - Filling up the DagBag from /home/user/workspace/airflow/airflow_env/lib/python3.6/site-packages/airflow/example_dags/example_branch_python_dop_operator_3.py
[2021-10-18 17:56:31,158] {processor.py:632} INFO - DAG(s) dict_keys(['example_branch_dop_operator_v3']) retrieved from /home/user/workspace/airflow/airflow_env/lib/python3.6/site-packages/airflow/example_dags/example_branch_python_dop_operator_3.py
[2021-10-18 17:56:31,169] {logging_mixin.py:109} INFO - [2021-10-18 17:56:31,169] {dag.py:2389} INFO - Sync 1 DAGs
[2021-10-18 17:56:31,189] {logging_mixin.py:109} INFO - [2021-10-18 17:56:31,189] {dag.py:2914} INFO - Setting next_dagrun for example_branch_dop_operator_v3 to 2021-10-18T12:25:00+00:00
[2021-10-18 17:56:31,199] {processor.py:171} INFO - Processing /home/user/workspace/airflow/airflow_env/lib/python3.6/site-packages/airflow/example_dags/example_branch_python_dop_operator_3.py took 0.085 seconds
[2021-10-18 17:57:39,403] {processor.py:163} INFO - Started process (PID=29728) to work on /home/user/workspace/airflow/airflow_env/lib/python3.6/site-packages/airflow/example_dags/example_branch_python_dop_operator_3.py
[2021-10-18 17:57:39,405] {processor.py:620} INFO - Processing file /home/user/workspace/airflow/airflow_env/lib/python3.6/site-packages/airflow/example_dags/example_branch_python_dop_operator_3.py for tasks to queue
[2021-10-18 17:57:39,406] {logging_mixin.py:109} INFO - [2021-10-18 17:57:39,406] {dagbag.py:500} INFO - Filling up the DagBag from /home/user/workspace/airflow/airflow_env/lib/python3.6/site-packages/airflow/example_dags/example_branch_python_dop_operator_3.py
[2021-10-18 17:57:39,450] {processor.py:632} INFO - DAG(s) dict_keys(['example_branch_dop_operator_v3']) retrieved from /home/user/workspace/airflow/airflow_env/lib/python3.6/site-packages/airflow/example_dags/example_branch_python_dop_operator_3.py
[2021-10-18 17:57:39,469] {logging_mixin.py:109} INFO - [2021-10-18 17:57:39,469] {dag.py:2389} INFO - Sync 1 DAGs
[2021-10-18 17:57:39,517] {logging_mixin.py:109} INFO - [2021-10-18 17:57:39,517] {dag.py:2914} INFO - Setting next_dagrun for example_branch_dop_operator_v3 to 2021-10-18T12:26:00+00:00
[2021-10-18 17:57:39,529] {processor.py:171} INFO - Processing /home/user/workspace/airflow/airflow_env/lib/python3.6/site-packages/airflow/example_dags/example_branch_python_dop_operator_3.py took 0.132 seconds
[2021-10-18 17:58:49,580] {processor.py:163} INFO - Started process (PID=29832) to work on /home/user/workspace/airflow/airflow_env/lib/python3.6/site-packages/airflow/example_dags/example_branch_python_dop_operator_3.py
[2021-10-18 17:58:49,593] {processor.py:620} INFO - Processing file /home/user/workspace/airflow/airflow_env/lib/python3.6/site-packages/airflow/example_dags/example_branch_python_dop_operator_3.py for tasks to queue
[2021-10-18 17:58:49,595] {logging_mixin.py:109} INFO - [2021-10-18 17:58:49,594] {dagbag.py:500} INFO - Filling up the DagBag from /home/user/workspace/airflow/airflow_env/lib/python3.6/site-packages/airflow/example_dags/example_branch_python_dop_operator_3.py
[2021-10-18 17:58:49,664] {processor.py:632} INFO - DAG(s) dict_keys(['example_branch_dop_operator_v3']) retrieved from /home/user/workspace/airflow/airflow_env/lib/python3.6/site-packages/airflow/example_dags/example_branch_python_dop_operator_3.py
[2021-10-18 17:58:49,693] {logging_mixin.py:109} INFO - [2021-10-18 17:58:49,693] {dag.py:2389} INFO - Sync 1 DAGs
[2021-10-18 17:58:49,729] {logging_mixin.py:109} INFO - [2021-10-18 17:58:49,729] {dag.py:2914} INFO - Setting next_dagrun for example_branch_dop_operator_v3 to 2021-10-18T12:27:00+00:00
[2021-10-18 17:58:49,739] {processor.py:171} INFO - Processing /home/user/workspace/airflow/airflow_env/lib/python3.6/site-packages/airflow/example_dags/example_branch_python_dop_operator_3.py took 0.168 seconds
[2021-10-18 17:59:55,906] {processor.py:163} INFO - Started process (PID=29946) to work on /home/user/workspace/airflow/airflow_env/lib/python3.6/site-packages/airflow/example_dags/example_branch_python_dop_operator_3.py
[2021-10-18 17:59:55,908] {processor.py:620} INFO - Processing file /home/user/workspace/airflow/airflow_env/lib/python3.6/site-packages/airflow/example_dags/example_branch_python_dop_operator_3.py for tasks to queue
[2021-10-18 17:59:55,910] {logging_mixin.py:109} INFO - [2021-10-18 17:59:55,909] {dagbag.py:500} INFO - Filling up the DagBag from /home/user/workspace/airflow/airflow_env/lib/python3.6/site-packages/airflow/example_dags/example_branch_python_dop_operator_3.py
[2021-10-18 17:59:55,956] {processor.py:632} INFO - DAG(s) dict_keys(['example_branch_dop_operator_v3']) retrieved from /home/user/workspace/airflow/airflow_env/lib/python3.6/site-packages/airflow/example_dags/example_branch_python_dop_operator_3.py
[2021-10-18 17:59:55,977] {logging_mixin.py:109} INFO - [2021-10-18 17:59:55,977] {dag.py:2389} INFO - Sync 1 DAGs
[2021-10-18 17:59:56,018] {logging_mixin.py:109} INFO - [2021-10-18 17:59:56,018] {dag.py:2914} INFO - Setting next_dagrun for example_branch_dop_operator_v3 to 2021-10-18T12:28:00+00:00
[2021-10-18 17:59:56,030] {processor.py:171} INFO - Processing /home/user/workspace/airflow/airflow_env/lib/python3.6/site-packages/airflow/example_dags/example_branch_python_dop_operator_3.py took 0.131 seconds
[2021-10-18 18:01:05,331] {processor.py:163} INFO - Started process (PID=30112) to work on /home/user/workspace/airflow/airflow_env/lib/python3.6/site-packages/airflow/example_dags/example_branch_python_dop_operator_3.py
[2021-10-18 18:01:05,332] {processor.py:620} INFO - Processing file /home/user/workspace/airflow/airflow_env/lib/python3.6/site-packages/airflow/example_dags/example_branch_python_dop_operator_3.py for tasks to queue
[2021-10-18 18:01:05,333] {logging_mixin.py:109} INFO - [2021-10-18 18:01:05,333] {dagbag.py:500} INFO - Filling up the DagBag from /home/user/workspace/airflow/airflow_env/lib/python3.6/site-packages/airflow/example_dags/example_branch_python_dop_operator_3.py
[2021-10-18 18:01:05,355] {processor.py:632} INFO - DAG(s) dict_keys(['example_branch_dop_operator_v3']) retrieved from /home/user/workspace/airflow/airflow_env/lib/python3.6/site-packages/airflow/example_dags/example_branch_python_dop_operator_3.py
[2021-10-18 18:01:05,366] {logging_mixin.py:109} INFO - [2021-10-18 18:01:05,366] {dag.py:2389} INFO - Sync 1 DAGs
[2021-10-18 18:01:05,386] {logging_mixin.py:109} INFO - [2021-10-18 18:01:05,386] {dag.py:2914} INFO - Setting next_dagrun for example_branch_dop_operator_v3 to 2021-10-18T12:30:00+00:00
[2021-10-18 18:01:05,395] {processor.py:171} INFO - Processing /home/user/workspace/airflow/airflow_env/lib/python3.6/site-packages/airflow/example_dags/example_branch_python_dop_operator_3.py took 0.068 seconds
