[2021-10-18 17:18:09,028] {processor.py:163} INFO - Started process (PID=23315) to work on /home/user/workspace/airflow/airflow_env/lib/python3.6/site-packages/airflow/example_dags/tutorial.py
[2021-10-18 17:18:09,030] {processor.py:620} INFO - Processing file /home/user/workspace/airflow/airflow_env/lib/python3.6/site-packages/airflow/example_dags/tutorial.py for tasks to queue
[2021-10-18 17:18:09,032] {logging_mixin.py:109} INFO - [2021-10-18 17:18:09,031] {dagbag.py:500} INFO - Filling up the DagBag from /home/user/workspace/airflow/airflow_env/lib/python3.6/site-packages/airflow/example_dags/tutorial.py
[2021-10-18 17:18:09,070] {processor.py:632} INFO - DAG(s) dict_keys(['tutorial']) retrieved from /home/user/workspace/airflow/airflow_env/lib/python3.6/site-packages/airflow/example_dags/tutorial.py
[2021-10-18 17:18:09,088] {logging_mixin.py:109} INFO - [2021-10-18 17:18:09,088] {dag.py:2389} INFO - Sync 1 DAGs
[2021-10-18 17:18:09,114] {logging_mixin.py:109} INFO - [2021-10-18 17:18:09,114] {dag.py:2914} INFO - Setting next_dagrun for tutorial to 2021-10-17T11:48:09.113742+00:00
[2021-10-18 17:18:09,139] {processor.py:171} INFO - Processing /home/user/workspace/airflow/airflow_env/lib/python3.6/site-packages/airflow/example_dags/tutorial.py took 0.116 seconds
[2021-10-18 17:18:56,401] {processor.py:163} INFO - Started process (PID=23498) to work on /home/user/workspace/airflow/airflow_env/lib/python3.6/site-packages/airflow/example_dags/tutorial.py
[2021-10-18 17:18:56,403] {processor.py:620} INFO - Processing file /home/user/workspace/airflow/airflow_env/lib/python3.6/site-packages/airflow/example_dags/tutorial.py for tasks to queue
[2021-10-18 17:18:56,405] {logging_mixin.py:109} INFO - [2021-10-18 17:18:56,404] {dagbag.py:500} INFO - Filling up the DagBag from /home/user/workspace/airflow/airflow_env/lib/python3.6/site-packages/airflow/example_dags/tutorial.py
[2021-10-18 17:18:56,468] {processor.py:632} INFO - DAG(s) dict_keys(['tutorial']) retrieved from /home/user/workspace/airflow/airflow_env/lib/python3.6/site-packages/airflow/example_dags/tutorial.py
[2021-10-18 17:18:56,498] {logging_mixin.py:109} INFO - [2021-10-18 17:18:56,498] {dag.py:2389} INFO - Sync 1 DAGs
[2021-10-18 17:18:56,540] {logging_mixin.py:109} INFO - [2021-10-18 17:18:56,540] {dag.py:2914} INFO - Setting next_dagrun for tutorial to 2021-10-17T11:48:56.539668+00:00
[2021-10-18 17:18:56,552] {processor.py:171} INFO - Processing /home/user/workspace/airflow/airflow_env/lib/python3.6/site-packages/airflow/example_dags/tutorial.py took 0.158 seconds
[2021-10-18 17:19:45,647] {processor.py:163} INFO - Started process (PID=23625) to work on /home/user/workspace/airflow/airflow_env/lib/python3.6/site-packages/airflow/example_dags/tutorial.py
[2021-10-18 17:19:45,649] {processor.py:620} INFO - Processing file /home/user/workspace/airflow/airflow_env/lib/python3.6/site-packages/airflow/example_dags/tutorial.py for tasks to queue
[2021-10-18 17:19:45,650] {logging_mixin.py:109} INFO - [2021-10-18 17:19:45,650] {dagbag.py:500} INFO - Filling up the DagBag from /home/user/workspace/airflow/airflow_env/lib/python3.6/site-packages/airflow/example_dags/tutorial.py
[2021-10-18 17:19:45,698] {processor.py:632} INFO - DAG(s) dict_keys(['tutorial']) retrieved from /home/user/workspace/airflow/airflow_env/lib/python3.6/site-packages/airflow/example_dags/tutorial.py
[2021-10-18 17:19:45,730] {logging_mixin.py:109} INFO - [2021-10-18 17:19:45,730] {dag.py:2389} INFO - Sync 1 DAGs
[2021-10-18 17:19:45,792] {logging_mixin.py:109} INFO - [2021-10-18 17:19:45,792] {dag.py:2914} INFO - Setting next_dagrun for tutorial to 2021-10-17T11:49:45.789895+00:00
[2021-10-18 17:19:45,831] {processor.py:171} INFO - Processing /home/user/workspace/airflow/airflow_env/lib/python3.6/site-packages/airflow/example_dags/tutorial.py took 0.189 seconds
[2021-10-18 17:20:37,452] {processor.py:163} INFO - Started process (PID=23723) to work on /home/user/workspace/airflow/airflow_env/lib/python3.6/site-packages/airflow/example_dags/tutorial.py
[2021-10-18 17:20:37,455] {processor.py:620} INFO - Processing file /home/user/workspace/airflow/airflow_env/lib/python3.6/site-packages/airflow/example_dags/tutorial.py for tasks to queue
[2021-10-18 17:20:37,456] {logging_mixin.py:109} INFO - [2021-10-18 17:20:37,456] {dagbag.py:500} INFO - Filling up the DagBag from /home/user/workspace/airflow/airflow_env/lib/python3.6/site-packages/airflow/example_dags/tutorial.py
[2021-10-18 17:20:37,526] {processor.py:632} INFO - DAG(s) dict_keys(['tutorial']) retrieved from /home/user/workspace/airflow/airflow_env/lib/python3.6/site-packages/airflow/example_dags/tutorial.py
[2021-10-18 17:20:37,559] {logging_mixin.py:109} INFO - [2021-10-18 17:20:37,559] {dag.py:2389} INFO - Sync 1 DAGs
[2021-10-18 17:20:37,589] {logging_mixin.py:109} INFO - [2021-10-18 17:20:37,589] {dag.py:2914} INFO - Setting next_dagrun for tutorial to 2021-10-17T11:50:37.588713+00:00
[2021-10-18 17:20:37,607] {processor.py:171} INFO - Processing /home/user/workspace/airflow/airflow_env/lib/python3.6/site-packages/airflow/example_dags/tutorial.py took 0.163 seconds
[2021-10-18 17:21:34,376] {processor.py:163} INFO - Started process (PID=23877) to work on /home/user/workspace/airflow/airflow_env/lib/python3.6/site-packages/airflow/example_dags/tutorial.py
[2021-10-18 17:21:34,389] {processor.py:620} INFO - Processing file /home/user/workspace/airflow/airflow_env/lib/python3.6/site-packages/airflow/example_dags/tutorial.py for tasks to queue
[2021-10-18 17:21:34,391] {logging_mixin.py:109} INFO - [2021-10-18 17:21:34,390] {dagbag.py:500} INFO - Filling up the DagBag from /home/user/workspace/airflow/airflow_env/lib/python3.6/site-packages/airflow/example_dags/tutorial.py
[2021-10-18 17:21:34,457] {processor.py:632} INFO - DAG(s) dict_keys(['tutorial']) retrieved from /home/user/workspace/airflow/airflow_env/lib/python3.6/site-packages/airflow/example_dags/tutorial.py
[2021-10-18 17:21:34,486] {logging_mixin.py:109} INFO - [2021-10-18 17:21:34,486] {dag.py:2389} INFO - Sync 1 DAGs
[2021-10-18 17:21:34,526] {logging_mixin.py:109} INFO - [2021-10-18 17:21:34,526] {dag.py:2914} INFO - Setting next_dagrun for tutorial to 2021-10-17T11:51:34.525606+00:00
[2021-10-18 17:21:34,556] {processor.py:171} INFO - Processing /home/user/workspace/airflow/airflow_env/lib/python3.6/site-packages/airflow/example_dags/tutorial.py took 0.188 seconds
[2021-10-18 17:22:34,291] {processor.py:163} INFO - Started process (PID=24099) to work on /home/user/workspace/airflow/airflow_env/lib/python3.6/site-packages/airflow/example_dags/tutorial.py
[2021-10-18 17:22:34,293] {processor.py:620} INFO - Processing file /home/user/workspace/airflow/airflow_env/lib/python3.6/site-packages/airflow/example_dags/tutorial.py for tasks to queue
[2021-10-18 17:22:34,294] {logging_mixin.py:109} INFO - [2021-10-18 17:22:34,294] {dagbag.py:500} INFO - Filling up the DagBag from /home/user/workspace/airflow/airflow_env/lib/python3.6/site-packages/airflow/example_dags/tutorial.py
[2021-10-18 17:22:34,335] {processor.py:632} INFO - DAG(s) dict_keys(['tutorial']) retrieved from /home/user/workspace/airflow/airflow_env/lib/python3.6/site-packages/airflow/example_dags/tutorial.py
[2021-10-18 17:22:34,352] {logging_mixin.py:109} INFO - [2021-10-18 17:22:34,352] {dag.py:2389} INFO - Sync 1 DAGs
[2021-10-18 17:22:34,376] {logging_mixin.py:109} INFO - [2021-10-18 17:22:34,375] {dag.py:2914} INFO - Setting next_dagrun for tutorial to 2021-10-17T11:52:34.375319+00:00
[2021-10-18 17:22:34,390] {processor.py:171} INFO - Processing /home/user/workspace/airflow/airflow_env/lib/python3.6/site-packages/airflow/example_dags/tutorial.py took 0.105 seconds
[2021-10-18 17:23:29,877] {processor.py:163} INFO - Started process (PID=24197) to work on /home/user/workspace/airflow/airflow_env/lib/python3.6/site-packages/airflow/example_dags/tutorial.py
[2021-10-18 17:23:29,890] {processor.py:620} INFO - Processing file /home/user/workspace/airflow/airflow_env/lib/python3.6/site-packages/airflow/example_dags/tutorial.py for tasks to queue
[2021-10-18 17:23:29,891] {logging_mixin.py:109} INFO - [2021-10-18 17:23:29,891] {dagbag.py:500} INFO - Filling up the DagBag from /home/user/workspace/airflow/airflow_env/lib/python3.6/site-packages/airflow/example_dags/tutorial.py
[2021-10-18 17:23:29,941] {processor.py:632} INFO - DAG(s) dict_keys(['tutorial']) retrieved from /home/user/workspace/airflow/airflow_env/lib/python3.6/site-packages/airflow/example_dags/tutorial.py
[2021-10-18 17:23:29,965] {logging_mixin.py:109} INFO - [2021-10-18 17:23:29,965] {dag.py:2389} INFO - Sync 1 DAGs
[2021-10-18 17:23:29,993] {logging_mixin.py:109} INFO - [2021-10-18 17:23:29,993] {dag.py:2914} INFO - Setting next_dagrun for tutorial to 2021-10-17T11:53:29.993049+00:00
[2021-10-18 17:23:30,005] {processor.py:171} INFO - Processing /home/user/workspace/airflow/airflow_env/lib/python3.6/site-packages/airflow/example_dags/tutorial.py took 0.133 seconds
[2021-10-18 17:24:24,060] {processor.py:163} INFO - Started process (PID=24302) to work on /home/user/workspace/airflow/airflow_env/lib/python3.6/site-packages/airflow/example_dags/tutorial.py
[2021-10-18 17:24:24,063] {processor.py:620} INFO - Processing file /home/user/workspace/airflow/airflow_env/lib/python3.6/site-packages/airflow/example_dags/tutorial.py for tasks to queue
[2021-10-18 17:24:24,065] {logging_mixin.py:109} INFO - [2021-10-18 17:24:24,065] {dagbag.py:500} INFO - Filling up the DagBag from /home/user/workspace/airflow/airflow_env/lib/python3.6/site-packages/airflow/example_dags/tutorial.py
[2021-10-18 17:24:24,158] {processor.py:632} INFO - DAG(s) dict_keys(['tutorial']) retrieved from /home/user/workspace/airflow/airflow_env/lib/python3.6/site-packages/airflow/example_dags/tutorial.py
[2021-10-18 17:24:24,239] {logging_mixin.py:109} INFO - [2021-10-18 17:24:24,239] {dag.py:2389} INFO - Sync 1 DAGs
[2021-10-18 17:24:24,298] {logging_mixin.py:109} INFO - [2021-10-18 17:24:24,297] {dag.py:2914} INFO - Setting next_dagrun for tutorial to 2021-10-17T11:54:24.296434+00:00
[2021-10-18 17:24:24,346] {processor.py:171} INFO - Processing /home/user/workspace/airflow/airflow_env/lib/python3.6/site-packages/airflow/example_dags/tutorial.py took 0.293 seconds
[2021-10-18 17:25:06,646] {processor.py:163} INFO - Started process (PID=24400) to work on /home/user/workspace/airflow/airflow_env/lib/python3.6/site-packages/airflow/example_dags/tutorial.py
[2021-10-18 17:25:06,648] {processor.py:620} INFO - Processing file /home/user/workspace/airflow/airflow_env/lib/python3.6/site-packages/airflow/example_dags/tutorial.py for tasks to queue
[2021-10-18 17:25:06,650] {logging_mixin.py:109} INFO - [2021-10-18 17:25:06,650] {dagbag.py:500} INFO - Filling up the DagBag from /home/user/workspace/airflow/airflow_env/lib/python3.6/site-packages/airflow/example_dags/tutorial.py
[2021-10-18 17:25:06,694] {processor.py:632} INFO - DAG(s) dict_keys(['tutorial']) retrieved from /home/user/workspace/airflow/airflow_env/lib/python3.6/site-packages/airflow/example_dags/tutorial.py
[2021-10-18 17:25:06,716] {logging_mixin.py:109} INFO - [2021-10-18 17:25:06,716] {dag.py:2389} INFO - Sync 1 DAGs
[2021-10-18 17:25:06,744] {logging_mixin.py:109} INFO - [2021-10-18 17:25:06,744] {dag.py:2914} INFO - Setting next_dagrun for tutorial to 2021-10-17T11:55:06.743770+00:00
[2021-10-18 17:25:06,762] {processor.py:171} INFO - Processing /home/user/workspace/airflow/airflow_env/lib/python3.6/site-packages/airflow/example_dags/tutorial.py took 0.122 seconds
[2021-10-18 17:26:03,939] {processor.py:163} INFO - Started process (PID=24590) to work on /home/user/workspace/airflow/airflow_env/lib/python3.6/site-packages/airflow/example_dags/tutorial.py
[2021-10-18 17:26:03,941] {processor.py:620} INFO - Processing file /home/user/workspace/airflow/airflow_env/lib/python3.6/site-packages/airflow/example_dags/tutorial.py for tasks to queue
[2021-10-18 17:26:03,941] {logging_mixin.py:109} INFO - [2021-10-18 17:26:03,941] {dagbag.py:500} INFO - Filling up the DagBag from /home/user/workspace/airflow/airflow_env/lib/python3.6/site-packages/airflow/example_dags/tutorial.py
[2021-10-18 17:26:03,963] {processor.py:632} INFO - DAG(s) dict_keys(['tutorial']) retrieved from /home/user/workspace/airflow/airflow_env/lib/python3.6/site-packages/airflow/example_dags/tutorial.py
[2021-10-18 17:26:03,972] {logging_mixin.py:109} INFO - [2021-10-18 17:26:03,972] {dag.py:2389} INFO - Sync 1 DAGs
[2021-10-18 17:26:03,984] {logging_mixin.py:109} INFO - [2021-10-18 17:26:03,984] {dag.py:2914} INFO - Setting next_dagrun for tutorial to 2021-10-17T11:56:03.984287+00:00
[2021-10-18 17:26:03,993] {processor.py:171} INFO - Processing /home/user/workspace/airflow/airflow_env/lib/python3.6/site-packages/airflow/example_dags/tutorial.py took 0.058 seconds
[2021-10-18 17:27:02,046] {processor.py:163} INFO - Started process (PID=24754) to work on /home/user/workspace/airflow/airflow_env/lib/python3.6/site-packages/airflow/example_dags/tutorial.py
[2021-10-18 17:27:02,048] {processor.py:620} INFO - Processing file /home/user/workspace/airflow/airflow_env/lib/python3.6/site-packages/airflow/example_dags/tutorial.py for tasks to queue
[2021-10-18 17:27:02,050] {logging_mixin.py:109} INFO - [2021-10-18 17:27:02,049] {dagbag.py:500} INFO - Filling up the DagBag from /home/user/workspace/airflow/airflow_env/lib/python3.6/site-packages/airflow/example_dags/tutorial.py
[2021-10-18 17:27:02,091] {processor.py:632} INFO - DAG(s) dict_keys(['tutorial']) retrieved from /home/user/workspace/airflow/airflow_env/lib/python3.6/site-packages/airflow/example_dags/tutorial.py
[2021-10-18 17:27:02,111] {logging_mixin.py:109} INFO - [2021-10-18 17:27:02,110] {dag.py:2389} INFO - Sync 1 DAGs
[2021-10-18 17:27:02,139] {logging_mixin.py:109} INFO - [2021-10-18 17:27:02,139] {dag.py:2914} INFO - Setting next_dagrun for tutorial to 2021-10-17T11:57:02.138688+00:00
[2021-10-18 17:27:02,156] {processor.py:171} INFO - Processing /home/user/workspace/airflow/airflow_env/lib/python3.6/site-packages/airflow/example_dags/tutorial.py took 0.115 seconds
[2021-10-18 17:28:00,512] {processor.py:163} INFO - Started process (PID=24885) to work on /home/user/workspace/airflow/airflow_env/lib/python3.6/site-packages/airflow/example_dags/tutorial.py
[2021-10-18 17:28:00,524] {processor.py:620} INFO - Processing file /home/user/workspace/airflow/airflow_env/lib/python3.6/site-packages/airflow/example_dags/tutorial.py for tasks to queue
[2021-10-18 17:28:00,525] {logging_mixin.py:109} INFO - [2021-10-18 17:28:00,525] {dagbag.py:500} INFO - Filling up the DagBag from /home/user/workspace/airflow/airflow_env/lib/python3.6/site-packages/airflow/example_dags/tutorial.py
[2021-10-18 17:28:00,565] {processor.py:632} INFO - DAG(s) dict_keys(['tutorial']) retrieved from /home/user/workspace/airflow/airflow_env/lib/python3.6/site-packages/airflow/example_dags/tutorial.py
[2021-10-18 17:28:00,584] {logging_mixin.py:109} INFO - [2021-10-18 17:28:00,584] {dag.py:2389} INFO - Sync 1 DAGs
[2021-10-18 17:28:00,609] {logging_mixin.py:109} INFO - [2021-10-18 17:28:00,609] {dag.py:2914} INFO - Setting next_dagrun for tutorial to 2021-10-17T11:58:00.609152+00:00
[2021-10-18 17:28:00,629] {processor.py:171} INFO - Processing /home/user/workspace/airflow/airflow_env/lib/python3.6/site-packages/airflow/example_dags/tutorial.py took 0.122 seconds
[2021-10-18 17:28:43,041] {processor.py:163} INFO - Started process (PID=25093) to work on /home/user/workspace/airflow/airflow_env/lib/python3.6/site-packages/airflow/example_dags/tutorial.py
[2021-10-18 17:28:43,044] {processor.py:620} INFO - Processing file /home/user/workspace/airflow/airflow_env/lib/python3.6/site-packages/airflow/example_dags/tutorial.py for tasks to queue
[2021-10-18 17:28:43,046] {logging_mixin.py:109} INFO - [2021-10-18 17:28:43,045] {dagbag.py:500} INFO - Filling up the DagBag from /home/user/workspace/airflow/airflow_env/lib/python3.6/site-packages/airflow/example_dags/tutorial.py
[2021-10-18 17:28:43,119] {processor.py:632} INFO - DAG(s) dict_keys(['tutorial']) retrieved from /home/user/workspace/airflow/airflow_env/lib/python3.6/site-packages/airflow/example_dags/tutorial.py
[2021-10-18 17:28:43,146] {logging_mixin.py:109} INFO - [2021-10-18 17:28:43,146] {dag.py:2389} INFO - Sync 1 DAGs
[2021-10-18 17:28:43,169] {logging_mixin.py:109} INFO - [2021-10-18 17:28:43,169] {dag.py:2914} INFO - Setting next_dagrun for tutorial to 2021-10-17T11:58:43.168740+00:00
[2021-10-18 17:28:43,181] {processor.py:171} INFO - Processing /home/user/workspace/airflow/airflow_env/lib/python3.6/site-packages/airflow/example_dags/tutorial.py took 0.148 seconds
[2021-10-18 17:29:24,854] {processor.py:163} INFO - Started process (PID=25200) to work on /home/user/workspace/airflow/airflow_env/lib/python3.6/site-packages/airflow/example_dags/tutorial.py
[2021-10-18 17:29:24,857] {processor.py:620} INFO - Processing file /home/user/workspace/airflow/airflow_env/lib/python3.6/site-packages/airflow/example_dags/tutorial.py for tasks to queue
[2021-10-18 17:29:24,858] {logging_mixin.py:109} INFO - [2021-10-18 17:29:24,858] {dagbag.py:500} INFO - Filling up the DagBag from /home/user/workspace/airflow/airflow_env/lib/python3.6/site-packages/airflow/example_dags/tutorial.py
[2021-10-18 17:29:24,910] {processor.py:632} INFO - DAG(s) dict_keys(['tutorial']) retrieved from /home/user/workspace/airflow/airflow_env/lib/python3.6/site-packages/airflow/example_dags/tutorial.py
[2021-10-18 17:29:24,936] {logging_mixin.py:109} INFO - [2021-10-18 17:29:24,935] {dag.py:2389} INFO - Sync 1 DAGs
[2021-10-18 17:29:24,958] {logging_mixin.py:109} INFO - [2021-10-18 17:29:24,958] {dag.py:2914} INFO - Setting next_dagrun for tutorial to 2021-10-17T11:59:24.958216+00:00
[2021-10-18 17:29:24,969] {processor.py:171} INFO - Processing /home/user/workspace/airflow/airflow_env/lib/python3.6/site-packages/airflow/example_dags/tutorial.py took 0.121 seconds
[2021-10-18 17:30:24,313] {processor.py:163} INFO - Started process (PID=25322) to work on /home/user/workspace/airflow/airflow_env/lib/python3.6/site-packages/airflow/example_dags/tutorial.py
[2021-10-18 17:30:24,325] {processor.py:620} INFO - Processing file /home/user/workspace/airflow/airflow_env/lib/python3.6/site-packages/airflow/example_dags/tutorial.py for tasks to queue
[2021-10-18 17:30:24,327] {logging_mixin.py:109} INFO - [2021-10-18 17:30:24,326] {dagbag.py:500} INFO - Filling up the DagBag from /home/user/workspace/airflow/airflow_env/lib/python3.6/site-packages/airflow/example_dags/tutorial.py
[2021-10-18 17:30:24,369] {processor.py:632} INFO - DAG(s) dict_keys(['tutorial']) retrieved from /home/user/workspace/airflow/airflow_env/lib/python3.6/site-packages/airflow/example_dags/tutorial.py
[2021-10-18 17:30:24,388] {logging_mixin.py:109} INFO - [2021-10-18 17:30:24,387] {dag.py:2389} INFO - Sync 1 DAGs
[2021-10-18 17:30:24,413] {logging_mixin.py:109} INFO - [2021-10-18 17:30:24,412] {dag.py:2914} INFO - Setting next_dagrun for tutorial to 2021-10-17T12:00:24.412326+00:00
[2021-10-18 17:30:24,428] {processor.py:171} INFO - Processing /home/user/workspace/airflow/airflow_env/lib/python3.6/site-packages/airflow/example_dags/tutorial.py took 0.120 seconds
[2021-10-18 17:31:25,820] {processor.py:163} INFO - Started process (PID=25547) to work on /home/user/workspace/airflow/airflow_env/lib/python3.6/site-packages/airflow/example_dags/tutorial.py
[2021-10-18 17:31:25,822] {processor.py:620} INFO - Processing file /home/user/workspace/airflow/airflow_env/lib/python3.6/site-packages/airflow/example_dags/tutorial.py for tasks to queue
[2021-10-18 17:31:25,824] {logging_mixin.py:109} INFO - [2021-10-18 17:31:25,824] {dagbag.py:500} INFO - Filling up the DagBag from /home/user/workspace/airflow/airflow_env/lib/python3.6/site-packages/airflow/example_dags/tutorial.py
[2021-10-18 17:31:25,870] {processor.py:632} INFO - DAG(s) dict_keys(['tutorial']) retrieved from /home/user/workspace/airflow/airflow_env/lib/python3.6/site-packages/airflow/example_dags/tutorial.py
[2021-10-18 17:31:25,892] {logging_mixin.py:109} INFO - [2021-10-18 17:31:25,891] {dag.py:2389} INFO - Sync 1 DAGs
[2021-10-18 17:31:25,922] {logging_mixin.py:109} INFO - [2021-10-18 17:31:25,921] {dag.py:2914} INFO - Setting next_dagrun for tutorial to 2021-10-17T12:01:25.921105+00:00
[2021-10-18 17:31:25,938] {processor.py:171} INFO - Processing /home/user/workspace/airflow/airflow_env/lib/python3.6/site-packages/airflow/example_dags/tutorial.py took 0.124 seconds
[2021-10-18 17:32:28,998] {processor.py:163} INFO - Started process (PID=25762) to work on /home/user/workspace/airflow/airflow_env/lib/python3.6/site-packages/airflow/example_dags/tutorial.py
[2021-10-18 17:32:29,004] {processor.py:620} INFO - Processing file /home/user/workspace/airflow/airflow_env/lib/python3.6/site-packages/airflow/example_dags/tutorial.py for tasks to queue
[2021-10-18 17:32:29,007] {logging_mixin.py:109} INFO - [2021-10-18 17:32:29,006] {dagbag.py:500} INFO - Filling up the DagBag from /home/user/workspace/airflow/airflow_env/lib/python3.6/site-packages/airflow/example_dags/tutorial.py
[2021-10-18 17:32:29,136] {processor.py:632} INFO - DAG(s) dict_keys(['tutorial']) retrieved from /home/user/workspace/airflow/airflow_env/lib/python3.6/site-packages/airflow/example_dags/tutorial.py
[2021-10-18 17:32:29,197] {logging_mixin.py:109} INFO - [2021-10-18 17:32:29,196] {dag.py:2389} INFO - Sync 1 DAGs
[2021-10-18 17:32:29,248] {logging_mixin.py:109} INFO - [2021-10-18 17:32:29,248] {dag.py:2914} INFO - Setting next_dagrun for tutorial to 2021-10-17T12:02:29.247003+00:00
[2021-10-18 17:32:29,267] {processor.py:171} INFO - Processing /home/user/workspace/airflow/airflow_env/lib/python3.6/site-packages/airflow/example_dags/tutorial.py took 0.279 seconds
[2021-10-18 17:33:12,546] {processor.py:163} INFO - Started process (PID=25861) to work on /home/user/workspace/airflow/airflow_env/lib/python3.6/site-packages/airflow/example_dags/tutorial.py
[2021-10-18 17:33:12,549] {processor.py:620} INFO - Processing file /home/user/workspace/airflow/airflow_env/lib/python3.6/site-packages/airflow/example_dags/tutorial.py for tasks to queue
[2021-10-18 17:33:12,550] {logging_mixin.py:109} INFO - [2021-10-18 17:33:12,550] {dagbag.py:500} INFO - Filling up the DagBag from /home/user/workspace/airflow/airflow_env/lib/python3.6/site-packages/airflow/example_dags/tutorial.py
[2021-10-18 17:33:12,604] {processor.py:632} INFO - DAG(s) dict_keys(['tutorial']) retrieved from /home/user/workspace/airflow/airflow_env/lib/python3.6/site-packages/airflow/example_dags/tutorial.py
[2021-10-18 17:33:12,630] {logging_mixin.py:109} INFO - [2021-10-18 17:33:12,630] {dag.py:2389} INFO - Sync 1 DAGs
[2021-10-18 17:33:12,661] {logging_mixin.py:109} INFO - [2021-10-18 17:33:12,661] {dag.py:2914} INFO - Setting next_dagrun for tutorial to 2021-10-17T12:03:12.661185+00:00
[2021-10-18 17:33:12,672] {processor.py:171} INFO - Processing /home/user/workspace/airflow/airflow_env/lib/python3.6/site-packages/airflow/example_dags/tutorial.py took 0.133 seconds
[2021-10-18 17:34:08,164] {processor.py:163} INFO - Started process (PID=25963) to work on /home/user/workspace/airflow/airflow_env/lib/python3.6/site-packages/airflow/example_dags/tutorial.py
[2021-10-18 17:34:08,176] {processor.py:620} INFO - Processing file /home/user/workspace/airflow/airflow_env/lib/python3.6/site-packages/airflow/example_dags/tutorial.py for tasks to queue
[2021-10-18 17:34:08,177] {logging_mixin.py:109} INFO - [2021-10-18 17:34:08,177] {dagbag.py:500} INFO - Filling up the DagBag from /home/user/workspace/airflow/airflow_env/lib/python3.6/site-packages/airflow/example_dags/tutorial.py
[2021-10-18 17:34:08,216] {processor.py:632} INFO - DAG(s) dict_keys(['tutorial']) retrieved from /home/user/workspace/airflow/airflow_env/lib/python3.6/site-packages/airflow/example_dags/tutorial.py
[2021-10-18 17:34:08,235] {logging_mixin.py:109} INFO - [2021-10-18 17:34:08,234] {dag.py:2389} INFO - Sync 1 DAGs
[2021-10-18 17:34:08,258] {logging_mixin.py:109} INFO - [2021-10-18 17:34:08,257] {dag.py:2914} INFO - Setting next_dagrun for tutorial to 2021-10-17T12:04:08.257346+00:00
[2021-10-18 17:34:08,273] {processor.py:171} INFO - Processing /home/user/workspace/airflow/airflow_env/lib/python3.6/site-packages/airflow/example_dags/tutorial.py took 0.115 seconds
[2021-10-18 17:35:08,330] {processor.py:163} INFO - Started process (PID=26086) to work on /home/user/workspace/airflow/airflow_env/lib/python3.6/site-packages/airflow/example_dags/tutorial.py
[2021-10-18 17:35:08,332] {processor.py:620} INFO - Processing file /home/user/workspace/airflow/airflow_env/lib/python3.6/site-packages/airflow/example_dags/tutorial.py for tasks to queue
[2021-10-18 17:35:08,333] {logging_mixin.py:109} INFO - [2021-10-18 17:35:08,332] {dagbag.py:500} INFO - Filling up the DagBag from /home/user/workspace/airflow/airflow_env/lib/python3.6/site-packages/airflow/example_dags/tutorial.py
[2021-10-18 17:35:08,358] {processor.py:632} INFO - DAG(s) dict_keys(['tutorial']) retrieved from /home/user/workspace/airflow/airflow_env/lib/python3.6/site-packages/airflow/example_dags/tutorial.py
[2021-10-18 17:35:08,369] {logging_mixin.py:109} INFO - [2021-10-18 17:35:08,369] {dag.py:2389} INFO - Sync 1 DAGs
[2021-10-18 17:35:08,383] {logging_mixin.py:109} INFO - [2021-10-18 17:35:08,383] {dag.py:2914} INFO - Setting next_dagrun for tutorial to 2021-10-17T12:05:08.382803+00:00
[2021-10-18 17:35:08,392] {processor.py:171} INFO - Processing /home/user/workspace/airflow/airflow_env/lib/python3.6/site-packages/airflow/example_dags/tutorial.py took 0.066 seconds
[2021-10-18 17:36:07,078] {processor.py:163} INFO - Started process (PID=26284) to work on /home/user/workspace/airflow/airflow_env/lib/python3.6/site-packages/airflow/example_dags/tutorial.py
[2021-10-18 17:36:07,080] {processor.py:620} INFO - Processing file /home/user/workspace/airflow/airflow_env/lib/python3.6/site-packages/airflow/example_dags/tutorial.py for tasks to queue
[2021-10-18 17:36:07,082] {logging_mixin.py:109} INFO - [2021-10-18 17:36:07,081] {dagbag.py:500} INFO - Filling up the DagBag from /home/user/workspace/airflow/airflow_env/lib/python3.6/site-packages/airflow/example_dags/tutorial.py
[2021-10-18 17:36:07,133] {processor.py:632} INFO - DAG(s) dict_keys(['tutorial']) retrieved from /home/user/workspace/airflow/airflow_env/lib/python3.6/site-packages/airflow/example_dags/tutorial.py
[2021-10-18 17:36:07,158] {logging_mixin.py:109} INFO - [2021-10-18 17:36:07,157] {dag.py:2389} INFO - Sync 1 DAGs
[2021-10-18 17:36:07,186] {logging_mixin.py:109} INFO - [2021-10-18 17:36:07,186] {dag.py:2914} INFO - Setting next_dagrun for tutorial to 2021-10-17T12:06:07.185797+00:00
[2021-10-18 17:36:07,197] {processor.py:171} INFO - Processing /home/user/workspace/airflow/airflow_env/lib/python3.6/site-packages/airflow/example_dags/tutorial.py took 0.126 seconds
[2021-10-18 17:37:08,848] {processor.py:163} INFO - Started process (PID=26402) to work on /home/user/workspace/airflow/airflow_env/lib/python3.6/site-packages/airflow/example_dags/tutorial.py
[2021-10-18 17:37:08,850] {processor.py:620} INFO - Processing file /home/user/workspace/airflow/airflow_env/lib/python3.6/site-packages/airflow/example_dags/tutorial.py for tasks to queue
[2021-10-18 17:37:08,851] {logging_mixin.py:109} INFO - [2021-10-18 17:37:08,851] {dagbag.py:500} INFO - Filling up the DagBag from /home/user/workspace/airflow/airflow_env/lib/python3.6/site-packages/airflow/example_dags/tutorial.py
[2021-10-18 17:37:08,900] {processor.py:632} INFO - DAG(s) dict_keys(['tutorial']) retrieved from /home/user/workspace/airflow/airflow_env/lib/python3.6/site-packages/airflow/example_dags/tutorial.py
[2021-10-18 17:37:08,922] {logging_mixin.py:109} INFO - [2021-10-18 17:37:08,921] {dag.py:2389} INFO - Sync 1 DAGs
[2021-10-18 17:37:08,947] {logging_mixin.py:109} INFO - [2021-10-18 17:37:08,947] {dag.py:2914} INFO - Setting next_dagrun for tutorial to 2021-10-17T12:07:08.946738+00:00
[2021-10-18 17:37:08,963] {processor.py:171} INFO - Processing /home/user/workspace/airflow/airflow_env/lib/python3.6/site-packages/airflow/example_dags/tutorial.py took 0.120 seconds
[2021-10-18 17:38:09,456] {processor.py:163} INFO - Started process (PID=26557) to work on /home/user/workspace/airflow/airflow_env/lib/python3.6/site-packages/airflow/example_dags/tutorial.py
[2021-10-18 17:38:09,470] {processor.py:620} INFO - Processing file /home/user/workspace/airflow/airflow_env/lib/python3.6/site-packages/airflow/example_dags/tutorial.py for tasks to queue
[2021-10-18 17:38:09,473] {logging_mixin.py:109} INFO - [2021-10-18 17:38:09,472] {dagbag.py:500} INFO - Filling up the DagBag from /home/user/workspace/airflow/airflow_env/lib/python3.6/site-packages/airflow/example_dags/tutorial.py
[2021-10-18 17:38:09,535] {processor.py:632} INFO - DAG(s) dict_keys(['tutorial']) retrieved from /home/user/workspace/airflow/airflow_env/lib/python3.6/site-packages/airflow/example_dags/tutorial.py
[2021-10-18 17:38:09,572] {logging_mixin.py:109} INFO - [2021-10-18 17:38:09,571] {dag.py:2389} INFO - Sync 1 DAGs
[2021-10-18 17:38:09,594] {logging_mixin.py:109} INFO - [2021-10-18 17:38:09,594] {dag.py:2914} INFO - Setting next_dagrun for tutorial to 2021-10-17T12:08:09.593921+00:00
[2021-10-18 17:38:09,609] {processor.py:171} INFO - Processing /home/user/workspace/airflow/airflow_env/lib/python3.6/site-packages/airflow/example_dags/tutorial.py took 0.160 seconds
[2021-10-18 17:39:11,508] {processor.py:163} INFO - Started process (PID=26672) to work on /home/user/workspace/airflow/airflow_env/lib/python3.6/site-packages/airflow/example_dags/tutorial.py
[2021-10-18 17:39:11,510] {processor.py:620} INFO - Processing file /home/user/workspace/airflow/airflow_env/lib/python3.6/site-packages/airflow/example_dags/tutorial.py for tasks to queue
[2021-10-18 17:39:11,511] {logging_mixin.py:109} INFO - [2021-10-18 17:39:11,511] {dagbag.py:500} INFO - Filling up the DagBag from /home/user/workspace/airflow/airflow_env/lib/python3.6/site-packages/airflow/example_dags/tutorial.py
[2021-10-18 17:39:11,564] {processor.py:632} INFO - DAG(s) dict_keys(['tutorial']) retrieved from /home/user/workspace/airflow/airflow_env/lib/python3.6/site-packages/airflow/example_dags/tutorial.py
[2021-10-18 17:39:11,591] {logging_mixin.py:109} INFO - [2021-10-18 17:39:11,591] {dag.py:2389} INFO - Sync 1 DAGs
[2021-10-18 17:39:11,621] {logging_mixin.py:109} INFO - [2021-10-18 17:39:11,621] {dag.py:2914} INFO - Setting next_dagrun for tutorial to 2021-10-17T12:09:11.620764+00:00
[2021-10-18 17:39:11,632] {processor.py:171} INFO - Processing /home/user/workspace/airflow/airflow_env/lib/python3.6/site-packages/airflow/example_dags/tutorial.py took 0.131 seconds
[2021-10-18 17:39:57,010] {processor.py:163} INFO - Started process (PID=26766) to work on /home/user/workspace/airflow/airflow_env/lib/python3.6/site-packages/airflow/example_dags/tutorial.py
[2021-10-18 17:39:57,013] {processor.py:620} INFO - Processing file /home/user/workspace/airflow/airflow_env/lib/python3.6/site-packages/airflow/example_dags/tutorial.py for tasks to queue
[2021-10-18 17:39:57,015] {logging_mixin.py:109} INFO - [2021-10-18 17:39:57,014] {dagbag.py:500} INFO - Filling up the DagBag from /home/user/workspace/airflow/airflow_env/lib/python3.6/site-packages/airflow/example_dags/tutorial.py
[2021-10-18 17:39:57,069] {processor.py:632} INFO - DAG(s) dict_keys(['tutorial']) retrieved from /home/user/workspace/airflow/airflow_env/lib/python3.6/site-packages/airflow/example_dags/tutorial.py
[2021-10-18 17:39:57,094] {logging_mixin.py:109} INFO - [2021-10-18 17:39:57,094] {dag.py:2389} INFO - Sync 1 DAGs
[2021-10-18 17:39:57,114] {logging_mixin.py:109} INFO - [2021-10-18 17:39:57,114] {dag.py:2914} INFO - Setting next_dagrun for tutorial to 2021-10-17T12:09:57.113638+00:00
[2021-10-18 17:39:57,123] {processor.py:171} INFO - Processing /home/user/workspace/airflow/airflow_env/lib/python3.6/site-packages/airflow/example_dags/tutorial.py took 0.119 seconds
[2021-10-18 17:40:38,917] {processor.py:163} INFO - Started process (PID=26970) to work on /home/user/workspace/airflow/airflow_env/lib/python3.6/site-packages/airflow/example_dags/tutorial.py
[2021-10-18 17:40:38,919] {processor.py:620} INFO - Processing file /home/user/workspace/airflow/airflow_env/lib/python3.6/site-packages/airflow/example_dags/tutorial.py for tasks to queue
[2021-10-18 17:40:38,920] {logging_mixin.py:109} INFO - [2021-10-18 17:40:38,920] {dagbag.py:500} INFO - Filling up the DagBag from /home/user/workspace/airflow/airflow_env/lib/python3.6/site-packages/airflow/example_dags/tutorial.py
[2021-10-18 17:40:38,999] {processor.py:632} INFO - DAG(s) dict_keys(['tutorial']) retrieved from /home/user/workspace/airflow/airflow_env/lib/python3.6/site-packages/airflow/example_dags/tutorial.py
[2021-10-18 17:40:39,056] {logging_mixin.py:109} INFO - [2021-10-18 17:40:39,056] {dag.py:2389} INFO - Sync 1 DAGs
[2021-10-18 17:40:39,093] {logging_mixin.py:109} INFO - [2021-10-18 17:40:39,093] {dag.py:2914} INFO - Setting next_dagrun for tutorial to 2021-10-17T12:10:39.093038+00:00
[2021-10-18 17:40:39,112] {processor.py:171} INFO - Processing /home/user/workspace/airflow/airflow_env/lib/python3.6/site-packages/airflow/example_dags/tutorial.py took 0.208 seconds
[2021-10-18 17:41:36,541] {processor.py:163} INFO - Started process (PID=27064) to work on /home/user/workspace/airflow/airflow_env/lib/python3.6/site-packages/airflow/example_dags/tutorial.py
[2021-10-18 17:41:36,542] {processor.py:620} INFO - Processing file /home/user/workspace/airflow/airflow_env/lib/python3.6/site-packages/airflow/example_dags/tutorial.py for tasks to queue
[2021-10-18 17:41:36,543] {logging_mixin.py:109} INFO - [2021-10-18 17:41:36,543] {dagbag.py:500} INFO - Filling up the DagBag from /home/user/workspace/airflow/airflow_env/lib/python3.6/site-packages/airflow/example_dags/tutorial.py
[2021-10-18 17:41:36,597] {processor.py:632} INFO - DAG(s) dict_keys(['tutorial']) retrieved from /home/user/workspace/airflow/airflow_env/lib/python3.6/site-packages/airflow/example_dags/tutorial.py
[2021-10-18 17:41:36,613] {logging_mixin.py:109} INFO - [2021-10-18 17:41:36,613] {dag.py:2389} INFO - Sync 1 DAGs
[2021-10-18 17:41:36,648] {logging_mixin.py:109} INFO - [2021-10-18 17:41:36,648] {dag.py:2914} INFO - Setting next_dagrun for tutorial to 2021-10-17T12:11:36.648049+00:00
[2021-10-18 17:41:36,677] {processor.py:171} INFO - Processing /home/user/workspace/airflow/airflow_env/lib/python3.6/site-packages/airflow/example_dags/tutorial.py took 0.138 seconds
[2021-10-18 17:42:17,788] {processor.py:163} INFO - Started process (PID=27136) to work on /home/user/workspace/airflow/airflow_env/lib/python3.6/site-packages/airflow/example_dags/tutorial.py
[2021-10-18 17:42:17,790] {processor.py:620} INFO - Processing file /home/user/workspace/airflow/airflow_env/lib/python3.6/site-packages/airflow/example_dags/tutorial.py for tasks to queue
[2021-10-18 17:42:17,791] {logging_mixin.py:109} INFO - [2021-10-18 17:42:17,791] {dagbag.py:500} INFO - Filling up the DagBag from /home/user/workspace/airflow/airflow_env/lib/python3.6/site-packages/airflow/example_dags/tutorial.py
[2021-10-18 17:42:17,823] {processor.py:632} INFO - DAG(s) dict_keys(['tutorial']) retrieved from /home/user/workspace/airflow/airflow_env/lib/python3.6/site-packages/airflow/example_dags/tutorial.py
[2021-10-18 17:42:17,839] {logging_mixin.py:109} INFO - [2021-10-18 17:42:17,839] {dag.py:2389} INFO - Sync 1 DAGs
[2021-10-18 17:42:17,861] {logging_mixin.py:109} INFO - [2021-10-18 17:42:17,861] {dag.py:2914} INFO - Setting next_dagrun for tutorial to 2021-10-17T12:12:17.860590+00:00
[2021-10-18 17:42:17,875] {processor.py:171} INFO - Processing /home/user/workspace/airflow/airflow_env/lib/python3.6/site-packages/airflow/example_dags/tutorial.py took 0.091 seconds
[2021-10-18 17:43:15,178] {processor.py:163} INFO - Started process (PID=27300) to work on /home/user/workspace/airflow/airflow_env/lib/python3.6/site-packages/airflow/example_dags/tutorial.py
[2021-10-18 17:43:15,180] {processor.py:620} INFO - Processing file /home/user/workspace/airflow/airflow_env/lib/python3.6/site-packages/airflow/example_dags/tutorial.py for tasks to queue
[2021-10-18 17:43:15,181] {logging_mixin.py:109} INFO - [2021-10-18 17:43:15,181] {dagbag.py:500} INFO - Filling up the DagBag from /home/user/workspace/airflow/airflow_env/lib/python3.6/site-packages/airflow/example_dags/tutorial.py
[2021-10-18 17:43:15,232] {processor.py:632} INFO - DAG(s) dict_keys(['tutorial']) retrieved from /home/user/workspace/airflow/airflow_env/lib/python3.6/site-packages/airflow/example_dags/tutorial.py
[2021-10-18 17:43:15,258] {logging_mixin.py:109} INFO - [2021-10-18 17:43:15,257] {dag.py:2389} INFO - Sync 1 DAGs
[2021-10-18 17:43:15,292] {logging_mixin.py:109} INFO - [2021-10-18 17:43:15,292] {dag.py:2914} INFO - Setting next_dagrun for tutorial to 2021-10-17T12:13:15.291603+00:00
[2021-10-18 17:43:15,306] {processor.py:171} INFO - Processing /home/user/workspace/airflow/airflow_env/lib/python3.6/site-packages/airflow/example_dags/tutorial.py took 0.135 seconds
[2021-10-18 17:44:12,146] {processor.py:163} INFO - Started process (PID=27497) to work on /home/user/workspace/airflow/airflow_env/lib/python3.6/site-packages/airflow/example_dags/tutorial.py
[2021-10-18 17:44:12,159] {processor.py:620} INFO - Processing file /home/user/workspace/airflow/airflow_env/lib/python3.6/site-packages/airflow/example_dags/tutorial.py for tasks to queue
[2021-10-18 17:44:12,160] {logging_mixin.py:109} INFO - [2021-10-18 17:44:12,160] {dagbag.py:500} INFO - Filling up the DagBag from /home/user/workspace/airflow/airflow_env/lib/python3.6/site-packages/airflow/example_dags/tutorial.py
[2021-10-18 17:44:12,208] {processor.py:632} INFO - DAG(s) dict_keys(['tutorial']) retrieved from /home/user/workspace/airflow/airflow_env/lib/python3.6/site-packages/airflow/example_dags/tutorial.py
[2021-10-18 17:44:12,230] {logging_mixin.py:109} INFO - [2021-10-18 17:44:12,230] {dag.py:2389} INFO - Sync 1 DAGs
[2021-10-18 17:44:12,260] {logging_mixin.py:109} INFO - [2021-10-18 17:44:12,259] {dag.py:2914} INFO - Setting next_dagrun for tutorial to 2021-10-17T12:14:12.259307+00:00
[2021-10-18 17:44:12,278] {processor.py:171} INFO - Processing /home/user/workspace/airflow/airflow_env/lib/python3.6/site-packages/airflow/example_dags/tutorial.py took 0.138 seconds
[2021-10-18 17:45:08,866] {processor.py:163} INFO - Started process (PID=27660) to work on /home/user/workspace/airflow/airflow_env/lib/python3.6/site-packages/airflow/example_dags/tutorial.py
[2021-10-18 17:45:08,867] {processor.py:620} INFO - Processing file /home/user/workspace/airflow/airflow_env/lib/python3.6/site-packages/airflow/example_dags/tutorial.py for tasks to queue
[2021-10-18 17:45:08,867] {logging_mixin.py:109} INFO - [2021-10-18 17:45:08,867] {dagbag.py:500} INFO - Filling up the DagBag from /home/user/workspace/airflow/airflow_env/lib/python3.6/site-packages/airflow/example_dags/tutorial.py
[2021-10-18 17:45:08,886] {processor.py:632} INFO - DAG(s) dict_keys(['tutorial']) retrieved from /home/user/workspace/airflow/airflow_env/lib/python3.6/site-packages/airflow/example_dags/tutorial.py
[2021-10-18 17:45:08,895] {logging_mixin.py:109} INFO - [2021-10-18 17:45:08,894] {dag.py:2389} INFO - Sync 1 DAGs
[2021-10-18 17:45:08,906] {logging_mixin.py:109} INFO - [2021-10-18 17:45:08,906] {dag.py:2914} INFO - Setting next_dagrun for tutorial to 2021-10-17T12:15:08.906292+00:00
[2021-10-18 17:45:08,914] {processor.py:171} INFO - Processing /home/user/workspace/airflow/airflow_env/lib/python3.6/site-packages/airflow/example_dags/tutorial.py took 0.051 seconds
[2021-10-18 17:46:04,857] {processor.py:163} INFO - Started process (PID=27937) to work on /home/user/workspace/airflow/airflow_env/lib/python3.6/site-packages/airflow/example_dags/tutorial.py
[2021-10-18 17:46:04,867] {processor.py:620} INFO - Processing file /home/user/workspace/airflow/airflow_env/lib/python3.6/site-packages/airflow/example_dags/tutorial.py for tasks to queue
[2021-10-18 17:46:04,868] {logging_mixin.py:109} INFO - [2021-10-18 17:46:04,868] {dagbag.py:500} INFO - Filling up the DagBag from /home/user/workspace/airflow/airflow_env/lib/python3.6/site-packages/airflow/example_dags/tutorial.py
[2021-10-18 17:46:04,888] {processor.py:632} INFO - DAG(s) dict_keys(['tutorial']) retrieved from /home/user/workspace/airflow/airflow_env/lib/python3.6/site-packages/airflow/example_dags/tutorial.py
[2021-10-18 17:46:04,898] {logging_mixin.py:109} INFO - [2021-10-18 17:46:04,898] {dag.py:2389} INFO - Sync 1 DAGs
[2021-10-18 17:46:04,911] {logging_mixin.py:109} INFO - [2021-10-18 17:46:04,911] {dag.py:2914} INFO - Setting next_dagrun for tutorial to 2021-10-17T12:16:04.910887+00:00
[2021-10-18 17:46:04,919] {processor.py:171} INFO - Processing /home/user/workspace/airflow/airflow_env/lib/python3.6/site-packages/airflow/example_dags/tutorial.py took 0.065 seconds
[2021-10-18 17:46:56,707] {processor.py:163} INFO - Started process (PID=28104) to work on /home/user/workspace/airflow/airflow_env/lib/python3.6/site-packages/airflow/example_dags/tutorial.py
[2021-10-18 17:46:56,709] {processor.py:620} INFO - Processing file /home/user/workspace/airflow/airflow_env/lib/python3.6/site-packages/airflow/example_dags/tutorial.py for tasks to queue
[2021-10-18 17:46:56,710] {logging_mixin.py:109} INFO - [2021-10-18 17:46:56,710] {dagbag.py:500} INFO - Filling up the DagBag from /home/user/workspace/airflow/airflow_env/lib/python3.6/site-packages/airflow/example_dags/tutorial.py
[2021-10-18 17:46:56,754] {processor.py:632} INFO - DAG(s) dict_keys(['tutorial']) retrieved from /home/user/workspace/airflow/airflow_env/lib/python3.6/site-packages/airflow/example_dags/tutorial.py
[2021-10-18 17:46:56,775] {logging_mixin.py:109} INFO - [2021-10-18 17:46:56,775] {dag.py:2389} INFO - Sync 1 DAGs
[2021-10-18 17:46:56,801] {logging_mixin.py:109} INFO - [2021-10-18 17:46:56,801] {dag.py:2914} INFO - Setting next_dagrun for tutorial to 2021-10-17T12:16:56.800596+00:00
[2021-10-18 17:46:56,818] {processor.py:171} INFO - Processing /home/user/workspace/airflow/airflow_env/lib/python3.6/site-packages/airflow/example_dags/tutorial.py took 0.117 seconds
[2021-10-18 17:47:55,470] {processor.py:163} INFO - Started process (PID=28237) to work on /home/user/workspace/airflow/airflow_env/lib/python3.6/site-packages/airflow/example_dags/tutorial.py
[2021-10-18 17:47:55,472] {processor.py:620} INFO - Processing file /home/user/workspace/airflow/airflow_env/lib/python3.6/site-packages/airflow/example_dags/tutorial.py for tasks to queue
[2021-10-18 17:47:55,473] {logging_mixin.py:109} INFO - [2021-10-18 17:47:55,473] {dagbag.py:500} INFO - Filling up the DagBag from /home/user/workspace/airflow/airflow_env/lib/python3.6/site-packages/airflow/example_dags/tutorial.py
[2021-10-18 17:47:55,515] {processor.py:632} INFO - DAG(s) dict_keys(['tutorial']) retrieved from /home/user/workspace/airflow/airflow_env/lib/python3.6/site-packages/airflow/example_dags/tutorial.py
[2021-10-18 17:47:55,533] {logging_mixin.py:109} INFO - [2021-10-18 17:47:55,533] {dag.py:2389} INFO - Sync 1 DAGs
[2021-10-18 17:47:55,557] {logging_mixin.py:109} INFO - [2021-10-18 17:47:55,557] {dag.py:2914} INFO - Setting next_dagrun for tutorial to 2021-10-17T12:17:55.557145+00:00
[2021-10-18 17:47:55,573] {processor.py:171} INFO - Processing /home/user/workspace/airflow/airflow_env/lib/python3.6/site-packages/airflow/example_dags/tutorial.py took 0.108 seconds
[2021-10-18 17:48:56,402] {processor.py:163} INFO - Started process (PID=28350) to work on /home/user/workspace/airflow/airflow_env/lib/python3.6/site-packages/airflow/example_dags/tutorial.py
[2021-10-18 17:48:56,415] {processor.py:620} INFO - Processing file /home/user/workspace/airflow/airflow_env/lib/python3.6/site-packages/airflow/example_dags/tutorial.py for tasks to queue
[2021-10-18 17:48:56,417] {logging_mixin.py:109} INFO - [2021-10-18 17:48:56,417] {dagbag.py:500} INFO - Filling up the DagBag from /home/user/workspace/airflow/airflow_env/lib/python3.6/site-packages/airflow/example_dags/tutorial.py
[2021-10-18 17:48:56,471] {processor.py:632} INFO - DAG(s) dict_keys(['tutorial']) retrieved from /home/user/workspace/airflow/airflow_env/lib/python3.6/site-packages/airflow/example_dags/tutorial.py
[2021-10-18 17:48:56,503] {logging_mixin.py:109} INFO - [2021-10-18 17:48:56,503] {dag.py:2389} INFO - Sync 1 DAGs
[2021-10-18 17:48:56,542] {logging_mixin.py:109} INFO - [2021-10-18 17:48:56,541] {dag.py:2914} INFO - Setting next_dagrun for tutorial to 2021-10-17T12:18:56.540893+00:00
[2021-10-18 17:48:56,565] {processor.py:171} INFO - Processing /home/user/workspace/airflow/airflow_env/lib/python3.6/site-packages/airflow/example_dags/tutorial.py took 0.170 seconds
[2021-10-18 17:49:43,938] {processor.py:163} INFO - Started process (PID=28471) to work on /home/user/workspace/airflow/airflow_env/lib/python3.6/site-packages/airflow/example_dags/tutorial.py
[2021-10-18 17:49:43,939] {processor.py:620} INFO - Processing file /home/user/workspace/airflow/airflow_env/lib/python3.6/site-packages/airflow/example_dags/tutorial.py for tasks to queue
[2021-10-18 17:49:43,940] {logging_mixin.py:109} INFO - [2021-10-18 17:49:43,940] {dagbag.py:500} INFO - Filling up the DagBag from /home/user/workspace/airflow/airflow_env/lib/python3.6/site-packages/airflow/example_dags/tutorial.py
[2021-10-18 17:49:43,962] {processor.py:632} INFO - DAG(s) dict_keys(['tutorial']) retrieved from /home/user/workspace/airflow/airflow_env/lib/python3.6/site-packages/airflow/example_dags/tutorial.py
[2021-10-18 17:49:43,975] {logging_mixin.py:109} INFO - [2021-10-18 17:49:43,975] {dag.py:2389} INFO - Sync 1 DAGs
[2021-10-18 17:49:43,992] {logging_mixin.py:109} INFO - [2021-10-18 17:49:43,992] {dag.py:2914} INFO - Setting next_dagrun for tutorial to 2021-10-17T12:19:43.991712+00:00
[2021-10-18 17:49:44,004] {processor.py:171} INFO - Processing /home/user/workspace/airflow/airflow_env/lib/python3.6/site-packages/airflow/example_dags/tutorial.py took 0.068 seconds
[2021-10-18 17:50:30,270] {processor.py:163} INFO - Started process (PID=28682) to work on /home/user/workspace/airflow/airflow_env/lib/python3.6/site-packages/airflow/example_dags/tutorial.py
[2021-10-18 17:50:30,282] {processor.py:620} INFO - Processing file /home/user/workspace/airflow/airflow_env/lib/python3.6/site-packages/airflow/example_dags/tutorial.py for tasks to queue
[2021-10-18 17:50:30,283] {logging_mixin.py:109} INFO - [2021-10-18 17:50:30,283] {dagbag.py:500} INFO - Filling up the DagBag from /home/user/workspace/airflow/airflow_env/lib/python3.6/site-packages/airflow/example_dags/tutorial.py
[2021-10-18 17:50:30,327] {processor.py:632} INFO - DAG(s) dict_keys(['tutorial']) retrieved from /home/user/workspace/airflow/airflow_env/lib/python3.6/site-packages/airflow/example_dags/tutorial.py
[2021-10-18 17:50:30,346] {logging_mixin.py:109} INFO - [2021-10-18 17:50:30,346] {dag.py:2389} INFO - Sync 1 DAGs
[2021-10-18 17:50:30,372] {logging_mixin.py:109} INFO - [2021-10-18 17:50:30,372] {dag.py:2914} INFO - Setting next_dagrun for tutorial to 2021-10-17T12:20:30.371549+00:00
[2021-10-18 17:50:30,388] {processor.py:171} INFO - Processing /home/user/workspace/airflow/airflow_env/lib/python3.6/site-packages/airflow/example_dags/tutorial.py took 0.124 seconds
[2021-10-18 17:51:17,951] {processor.py:163} INFO - Started process (PID=28928) to work on /home/user/workspace/airflow/airflow_env/lib/python3.6/site-packages/airflow/example_dags/tutorial.py
[2021-10-18 17:51:17,955] {processor.py:620} INFO - Processing file /home/user/workspace/airflow/airflow_env/lib/python3.6/site-packages/airflow/example_dags/tutorial.py for tasks to queue
[2021-10-18 17:51:17,958] {logging_mixin.py:109} INFO - [2021-10-18 17:51:17,957] {dagbag.py:500} INFO - Filling up the DagBag from /home/user/workspace/airflow/airflow_env/lib/python3.6/site-packages/airflow/example_dags/tutorial.py
[2021-10-18 17:51:18,036] {processor.py:632} INFO - DAG(s) dict_keys(['tutorial']) retrieved from /home/user/workspace/airflow/airflow_env/lib/python3.6/site-packages/airflow/example_dags/tutorial.py
[2021-10-18 17:51:18,077] {logging_mixin.py:109} INFO - [2021-10-18 17:51:18,077] {dag.py:2389} INFO - Sync 1 DAGs
[2021-10-18 17:51:18,104] {logging_mixin.py:109} INFO - [2021-10-18 17:51:18,104] {dag.py:2914} INFO - Setting next_dagrun for tutorial to 2021-10-17T12:21:18.103942+00:00
[2021-10-18 17:51:18,119] {processor.py:171} INFO - Processing /home/user/workspace/airflow/airflow_env/lib/python3.6/site-packages/airflow/example_dags/tutorial.py took 0.176 seconds
[2021-10-18 17:52:06,772] {processor.py:163} INFO - Started process (PID=29036) to work on /home/user/workspace/airflow/airflow_env/lib/python3.6/site-packages/airflow/example_dags/tutorial.py
[2021-10-18 17:52:06,775] {processor.py:620} INFO - Processing file /home/user/workspace/airflow/airflow_env/lib/python3.6/site-packages/airflow/example_dags/tutorial.py for tasks to queue
[2021-10-18 17:52:06,776] {logging_mixin.py:109} INFO - [2021-10-18 17:52:06,776] {dagbag.py:500} INFO - Filling up the DagBag from /home/user/workspace/airflow/airflow_env/lib/python3.6/site-packages/airflow/example_dags/tutorial.py
[2021-10-18 17:52:06,822] {processor.py:632} INFO - DAG(s) dict_keys(['tutorial']) retrieved from /home/user/workspace/airflow/airflow_env/lib/python3.6/site-packages/airflow/example_dags/tutorial.py
[2021-10-18 17:52:06,844] {logging_mixin.py:109} INFO - [2021-10-18 17:52:06,844] {dag.py:2389} INFO - Sync 1 DAGs
[2021-10-18 17:52:06,873] {logging_mixin.py:109} INFO - [2021-10-18 17:52:06,873] {dag.py:2914} INFO - Setting next_dagrun for tutorial to 2021-10-17T12:22:06.873025+00:00
[2021-10-18 17:52:06,890] {processor.py:171} INFO - Processing /home/user/workspace/airflow/airflow_env/lib/python3.6/site-packages/airflow/example_dags/tutorial.py took 0.123 seconds
[2021-10-18 17:52:52,968] {processor.py:163} INFO - Started process (PID=29171) to work on /home/user/workspace/airflow/airflow_env/lib/python3.6/site-packages/airflow/example_dags/tutorial.py
[2021-10-18 17:52:52,971] {processor.py:620} INFO - Processing file /home/user/workspace/airflow/airflow_env/lib/python3.6/site-packages/airflow/example_dags/tutorial.py for tasks to queue
[2021-10-18 17:52:52,972] {logging_mixin.py:109} INFO - [2021-10-18 17:52:52,972] {dagbag.py:500} INFO - Filling up the DagBag from /home/user/workspace/airflow/airflow_env/lib/python3.6/site-packages/airflow/example_dags/tutorial.py
[2021-10-18 17:52:53,027] {processor.py:632} INFO - DAG(s) dict_keys(['tutorial']) retrieved from /home/user/workspace/airflow/airflow_env/lib/python3.6/site-packages/airflow/example_dags/tutorial.py
[2021-10-18 17:52:53,055] {logging_mixin.py:109} INFO - [2021-10-18 17:52:53,054] {dag.py:2389} INFO - Sync 1 DAGs
[2021-10-18 17:52:53,076] {logging_mixin.py:109} INFO - [2021-10-18 17:52:53,076] {dag.py:2914} INFO - Setting next_dagrun for tutorial to 2021-10-17T12:22:53.076328+00:00
[2021-10-18 17:52:53,087] {processor.py:171} INFO - Processing /home/user/workspace/airflow/airflow_env/lib/python3.6/site-packages/airflow/example_dags/tutorial.py took 0.125 seconds
[2021-10-18 17:53:38,409] {processor.py:163} INFO - Started process (PID=29241) to work on /home/user/workspace/airflow/airflow_env/lib/python3.6/site-packages/airflow/example_dags/tutorial.py
[2021-10-18 17:53:38,413] {processor.py:620} INFO - Processing file /home/user/workspace/airflow/airflow_env/lib/python3.6/site-packages/airflow/example_dags/tutorial.py for tasks to queue
[2021-10-18 17:53:38,417] {logging_mixin.py:109} INFO - [2021-10-18 17:53:38,416] {dagbag.py:500} INFO - Filling up the DagBag from /home/user/workspace/airflow/airflow_env/lib/python3.6/site-packages/airflow/example_dags/tutorial.py
[2021-10-18 17:53:38,502] {processor.py:632} INFO - DAG(s) dict_keys(['tutorial']) retrieved from /home/user/workspace/airflow/airflow_env/lib/python3.6/site-packages/airflow/example_dags/tutorial.py
[2021-10-18 17:53:38,546] {logging_mixin.py:109} INFO - [2021-10-18 17:53:38,545] {dag.py:2389} INFO - Sync 1 DAGs
[2021-10-18 17:53:38,575] {logging_mixin.py:109} INFO - [2021-10-18 17:53:38,575] {dag.py:2914} INFO - Setting next_dagrun for tutorial to 2021-10-17T12:23:38.575146+00:00
[2021-10-18 17:53:38,589] {processor.py:171} INFO - Processing /home/user/workspace/airflow/airflow_env/lib/python3.6/site-packages/airflow/example_dags/tutorial.py took 0.191 seconds
[2021-10-18 17:54:26,372] {processor.py:163} INFO - Started process (PID=29309) to work on /home/user/workspace/airflow/airflow_env/lib/python3.6/site-packages/airflow/example_dags/tutorial.py
[2021-10-18 17:54:26,374] {processor.py:620} INFO - Processing file /home/user/workspace/airflow/airflow_env/lib/python3.6/site-packages/airflow/example_dags/tutorial.py for tasks to queue
[2021-10-18 17:54:26,376] {logging_mixin.py:109} INFO - [2021-10-18 17:54:26,375] {dagbag.py:500} INFO - Filling up the DagBag from /home/user/workspace/airflow/airflow_env/lib/python3.6/site-packages/airflow/example_dags/tutorial.py
[2021-10-18 17:54:26,433] {processor.py:632} INFO - DAG(s) dict_keys(['tutorial']) retrieved from /home/user/workspace/airflow/airflow_env/lib/python3.6/site-packages/airflow/example_dags/tutorial.py
[2021-10-18 17:54:26,460] {logging_mixin.py:109} INFO - [2021-10-18 17:54:26,459] {dag.py:2389} INFO - Sync 1 DAGs
[2021-10-18 17:54:26,488] {logging_mixin.py:109} INFO - [2021-10-18 17:54:26,488] {dag.py:2914} INFO - Setting next_dagrun for tutorial to 2021-10-17T12:24:26.487968+00:00
[2021-10-18 17:54:26,499] {processor.py:171} INFO - Processing /home/user/workspace/airflow/airflow_env/lib/python3.6/site-packages/airflow/example_dags/tutorial.py took 0.133 seconds
[2021-10-18 17:55:14,446] {processor.py:163} INFO - Started process (PID=29395) to work on /home/user/workspace/airflow/airflow_env/lib/python3.6/site-packages/airflow/example_dags/tutorial.py
[2021-10-18 17:55:14,449] {processor.py:620} INFO - Processing file /home/user/workspace/airflow/airflow_env/lib/python3.6/site-packages/airflow/example_dags/tutorial.py for tasks to queue
[2021-10-18 17:55:14,450] {logging_mixin.py:109} INFO - [2021-10-18 17:55:14,450] {dagbag.py:500} INFO - Filling up the DagBag from /home/user/workspace/airflow/airflow_env/lib/python3.6/site-packages/airflow/example_dags/tutorial.py
[2021-10-18 17:55:14,501] {processor.py:632} INFO - DAG(s) dict_keys(['tutorial']) retrieved from /home/user/workspace/airflow/airflow_env/lib/python3.6/site-packages/airflow/example_dags/tutorial.py
[2021-10-18 17:55:14,525] {logging_mixin.py:109} INFO - [2021-10-18 17:55:14,525] {dag.py:2389} INFO - Sync 1 DAGs
[2021-10-18 17:55:14,552] {logging_mixin.py:109} INFO - [2021-10-18 17:55:14,551] {dag.py:2914} INFO - Setting next_dagrun for tutorial to 2021-10-17T12:25:14.551265+00:00
[2021-10-18 17:55:14,566] {processor.py:171} INFO - Processing /home/user/workspace/airflow/airflow_env/lib/python3.6/site-packages/airflow/example_dags/tutorial.py took 0.128 seconds
[2021-10-18 17:55:57,894] {processor.py:163} INFO - Started process (PID=29537) to work on /home/user/workspace/airflow/airflow_env/lib/python3.6/site-packages/airflow/example_dags/tutorial.py
[2021-10-18 17:55:57,896] {processor.py:620} INFO - Processing file /home/user/workspace/airflow/airflow_env/lib/python3.6/site-packages/airflow/example_dags/tutorial.py for tasks to queue
[2021-10-18 17:55:57,897] {logging_mixin.py:109} INFO - [2021-10-18 17:55:57,897] {dagbag.py:500} INFO - Filling up the DagBag from /home/user/workspace/airflow/airflow_env/lib/python3.6/site-packages/airflow/example_dags/tutorial.py
[2021-10-18 17:55:57,943] {processor.py:632} INFO - DAG(s) dict_keys(['tutorial']) retrieved from /home/user/workspace/airflow/airflow_env/lib/python3.6/site-packages/airflow/example_dags/tutorial.py
[2021-10-18 17:55:57,968] {logging_mixin.py:109} INFO - [2021-10-18 17:55:57,967] {dag.py:2389} INFO - Sync 1 DAGs
[2021-10-18 17:55:58,005] {logging_mixin.py:109} INFO - [2021-10-18 17:55:58,005] {dag.py:2914} INFO - Setting next_dagrun for tutorial to 2021-10-17T12:25:58.005029+00:00
[2021-10-18 17:55:58,017] {processor.py:171} INFO - Processing /home/user/workspace/airflow/airflow_env/lib/python3.6/site-packages/airflow/example_dags/tutorial.py took 0.129 seconds
[2021-10-18 17:56:42,889] {processor.py:163} INFO - Started process (PID=29610) to work on /home/user/workspace/airflow/airflow_env/lib/python3.6/site-packages/airflow/example_dags/tutorial.py
[2021-10-18 17:56:42,901] {processor.py:620} INFO - Processing file /home/user/workspace/airflow/airflow_env/lib/python3.6/site-packages/airflow/example_dags/tutorial.py for tasks to queue
[2021-10-18 17:56:42,903] {logging_mixin.py:109} INFO - [2021-10-18 17:56:42,903] {dagbag.py:500} INFO - Filling up the DagBag from /home/user/workspace/airflow/airflow_env/lib/python3.6/site-packages/airflow/example_dags/tutorial.py
[2021-10-18 17:56:42,953] {processor.py:632} INFO - DAG(s) dict_keys(['tutorial']) retrieved from /home/user/workspace/airflow/airflow_env/lib/python3.6/site-packages/airflow/example_dags/tutorial.py
[2021-10-18 17:56:42,978] {logging_mixin.py:109} INFO - [2021-10-18 17:56:42,978] {dag.py:2389} INFO - Sync 1 DAGs
[2021-10-18 17:56:43,010] {logging_mixin.py:109} INFO - [2021-10-18 17:56:43,010] {dag.py:2914} INFO - Setting next_dagrun for tutorial to 2021-10-17T12:26:43.009982+00:00
[2021-10-18 17:56:43,025] {processor.py:171} INFO - Processing /home/user/workspace/airflow/airflow_env/lib/python3.6/site-packages/airflow/example_dags/tutorial.py took 0.142 seconds
[2021-10-18 17:57:26,690] {processor.py:163} INFO - Started process (PID=29706) to work on /home/user/workspace/airflow/airflow_env/lib/python3.6/site-packages/airflow/example_dags/tutorial.py
[2021-10-18 17:57:26,692] {processor.py:620} INFO - Processing file /home/user/workspace/airflow/airflow_env/lib/python3.6/site-packages/airflow/example_dags/tutorial.py for tasks to queue
[2021-10-18 17:57:26,693] {logging_mixin.py:109} INFO - [2021-10-18 17:57:26,693] {dagbag.py:500} INFO - Filling up the DagBag from /home/user/workspace/airflow/airflow_env/lib/python3.6/site-packages/airflow/example_dags/tutorial.py
[2021-10-18 17:57:26,737] {processor.py:632} INFO - DAG(s) dict_keys(['tutorial']) retrieved from /home/user/workspace/airflow/airflow_env/lib/python3.6/site-packages/airflow/example_dags/tutorial.py
[2021-10-18 17:57:26,758] {logging_mixin.py:109} INFO - [2021-10-18 17:57:26,758] {dag.py:2389} INFO - Sync 1 DAGs
[2021-10-18 17:57:26,784] {logging_mixin.py:109} INFO - [2021-10-18 17:57:26,783] {dag.py:2914} INFO - Setting next_dagrun for tutorial to 2021-10-17T12:27:26.783252+00:00
[2021-10-18 17:57:26,800] {processor.py:171} INFO - Processing /home/user/workspace/airflow/airflow_env/lib/python3.6/site-packages/airflow/example_dags/tutorial.py took 0.115 seconds
[2021-10-18 17:58:14,802] {processor.py:163} INFO - Started process (PID=29778) to work on /home/user/workspace/airflow/airflow_env/lib/python3.6/site-packages/airflow/example_dags/tutorial.py
[2021-10-18 17:58:14,815] {processor.py:620} INFO - Processing file /home/user/workspace/airflow/airflow_env/lib/python3.6/site-packages/airflow/example_dags/tutorial.py for tasks to queue
[2021-10-18 17:58:14,816] {logging_mixin.py:109} INFO - [2021-10-18 17:58:14,816] {dagbag.py:500} INFO - Filling up the DagBag from /home/user/workspace/airflow/airflow_env/lib/python3.6/site-packages/airflow/example_dags/tutorial.py
[2021-10-18 17:58:14,865] {processor.py:632} INFO - DAG(s) dict_keys(['tutorial']) retrieved from /home/user/workspace/airflow/airflow_env/lib/python3.6/site-packages/airflow/example_dags/tutorial.py
[2021-10-18 17:58:14,886] {logging_mixin.py:109} INFO - [2021-10-18 17:58:14,886] {dag.py:2389} INFO - Sync 1 DAGs
[2021-10-18 17:58:14,915] {logging_mixin.py:109} INFO - [2021-10-18 17:58:14,915] {dag.py:2914} INFO - Setting next_dagrun for tutorial to 2021-10-17T12:28:14.914387+00:00
[2021-10-18 17:58:14,933] {processor.py:171} INFO - Processing /home/user/workspace/airflow/airflow_env/lib/python3.6/site-packages/airflow/example_dags/tutorial.py took 0.137 seconds
[2021-10-18 17:59:01,074] {processor.py:163} INFO - Started process (PID=29859) to work on /home/user/workspace/airflow/airflow_env/lib/python3.6/site-packages/airflow/example_dags/tutorial.py
[2021-10-18 17:59:01,076] {processor.py:620} INFO - Processing file /home/user/workspace/airflow/airflow_env/lib/python3.6/site-packages/airflow/example_dags/tutorial.py for tasks to queue
[2021-10-18 17:59:01,077] {logging_mixin.py:109} INFO - [2021-10-18 17:59:01,077] {dagbag.py:500} INFO - Filling up the DagBag from /home/user/workspace/airflow/airflow_env/lib/python3.6/site-packages/airflow/example_dags/tutorial.py
[2021-10-18 17:59:01,134] {processor.py:632} INFO - DAG(s) dict_keys(['tutorial']) retrieved from /home/user/workspace/airflow/airflow_env/lib/python3.6/site-packages/airflow/example_dags/tutorial.py
[2021-10-18 17:59:01,168] {logging_mixin.py:109} INFO - [2021-10-18 17:59:01,167] {dag.py:2389} INFO - Sync 1 DAGs
[2021-10-18 17:59:01,210] {logging_mixin.py:109} INFO - [2021-10-18 17:59:01,210] {dag.py:2914} INFO - Setting next_dagrun for tutorial to 2021-10-17T12:29:01.209015+00:00
[2021-10-18 17:59:01,238] {processor.py:171} INFO - Processing /home/user/workspace/airflow/airflow_env/lib/python3.6/site-packages/airflow/example_dags/tutorial.py took 0.170 seconds
[2021-10-18 17:59:44,588] {processor.py:163} INFO - Started process (PID=29931) to work on /home/user/workspace/airflow/airflow_env/lib/python3.6/site-packages/airflow/example_dags/tutorial.py
[2021-10-18 17:59:44,590] {processor.py:620} INFO - Processing file /home/user/workspace/airflow/airflow_env/lib/python3.6/site-packages/airflow/example_dags/tutorial.py for tasks to queue
[2021-10-18 17:59:44,592] {logging_mixin.py:109} INFO - [2021-10-18 17:59:44,591] {dagbag.py:500} INFO - Filling up the DagBag from /home/user/workspace/airflow/airflow_env/lib/python3.6/site-packages/airflow/example_dags/tutorial.py
[2021-10-18 17:59:44,633] {processor.py:632} INFO - DAG(s) dict_keys(['tutorial']) retrieved from /home/user/workspace/airflow/airflow_env/lib/python3.6/site-packages/airflow/example_dags/tutorial.py
[2021-10-18 17:59:44,652] {logging_mixin.py:109} INFO - [2021-10-18 17:59:44,652] {dag.py:2389} INFO - Sync 1 DAGs
[2021-10-18 17:59:44,675] {logging_mixin.py:109} INFO - [2021-10-18 17:59:44,675] {dag.py:2914} INFO - Setting next_dagrun for tutorial to 2021-10-17T12:29:44.674861+00:00
[2021-10-18 17:59:44,690] {processor.py:171} INFO - Processing /home/user/workspace/airflow/airflow_env/lib/python3.6/site-packages/airflow/example_dags/tutorial.py took 0.107 seconds
[2021-10-18 18:00:29,984] {processor.py:163} INFO - Started process (PID=29995) to work on /home/user/workspace/airflow/airflow_env/lib/python3.6/site-packages/airflow/example_dags/tutorial.py
[2021-10-18 18:00:29,987] {processor.py:620} INFO - Processing file /home/user/workspace/airflow/airflow_env/lib/python3.6/site-packages/airflow/example_dags/tutorial.py for tasks to queue
[2021-10-18 18:00:29,988] {logging_mixin.py:109} INFO - [2021-10-18 18:00:29,988] {dagbag.py:500} INFO - Filling up the DagBag from /home/user/workspace/airflow/airflow_env/lib/python3.6/site-packages/airflow/example_dags/tutorial.py
[2021-10-18 18:00:30,036] {processor.py:632} INFO - DAG(s) dict_keys(['tutorial']) retrieved from /home/user/workspace/airflow/airflow_env/lib/python3.6/site-packages/airflow/example_dags/tutorial.py
[2021-10-18 18:00:30,058] {logging_mixin.py:109} INFO - [2021-10-18 18:00:30,058] {dag.py:2389} INFO - Sync 1 DAGs
[2021-10-18 18:00:30,093] {logging_mixin.py:109} INFO - [2021-10-18 18:00:30,092] {dag.py:2914} INFO - Setting next_dagrun for tutorial to 2021-10-17T12:30:30.091958+00:00
[2021-10-18 18:00:30,109] {processor.py:171} INFO - Processing /home/user/workspace/airflow/airflow_env/lib/python3.6/site-packages/airflow/example_dags/tutorial.py took 0.131 seconds
