[2021-10-28 09:47:38,116] {taskinstance.py:1035} INFO - Dependencies all met for <TaskInstance: sharepoint.datatype_sales manual__2021-10-26T11:11:57.876454+00:00 [queued]>
[2021-10-28 09:47:38,124] {taskinstance.py:1035} INFO - Dependencies all met for <TaskInstance: sharepoint.datatype_sales manual__2021-10-26T11:11:57.876454+00:00 [queued]>
[2021-10-28 09:47:38,124] {taskinstance.py:1241} INFO - 
--------------------------------------------------------------------------------
[2021-10-28 09:47:38,124] {taskinstance.py:1242} INFO - Starting attempt 1 of 2
[2021-10-28 09:47:38,124] {taskinstance.py:1243} INFO - 
--------------------------------------------------------------------------------
[2021-10-28 09:47:38,133] {taskinstance.py:1262} INFO - Executing <Task(PythonOperator): datatype_sales> on 2021-10-26 11:11:57.876454+00:00
[2021-10-28 09:47:38,136] {standard_task_runner.py:52} INFO - Started process 7147 to run task
[2021-10-28 09:47:38,138] {standard_task_runner.py:76} INFO - Running: ['airflow', 'tasks', 'run', 'sharepoint', 'datatype_sales', 'manual__2021-10-26T11:11:57.876454+00:00', '--job-id', '92', '--raw', '--subdir', 'DAGS_FOLDER/Sharepoint.py', '--cfg-path', '/tmp/tmpreoocui9', '--error-file', '/tmp/tmpxtq7302y']
[2021-10-28 09:47:38,140] {standard_task_runner.py:77} INFO - Job 92: Subtask datatype_sales
[2021-10-28 09:47:38,163] {logging_mixin.py:109} INFO - Running <TaskInstance: sharepoint.datatype_sales manual__2021-10-26T11:11:57.876454+00:00 [running]> on host user-Latitude-3410
[2021-10-28 09:47:38,191] {taskinstance.py:1414} INFO - Exporting the following env vars:
AIRFLOW_CTX_DAG_EMAIL=shindesushant818@gmail.com
AIRFLOW_CTX_DAG_OWNER=airflow
AIRFLOW_CTX_DAG_ID=sharepoint
AIRFLOW_CTX_TASK_ID=datatype_sales
AIRFLOW_CTX_EXECUTION_DATE=2021-10-26T11:11:57.876454+00:00
AIRFLOW_CTX_DAG_RUN_ID=manual__2021-10-26T11:11:57.876454+00:00
[2021-10-28 09:47:38,707] {logging_mixin.py:109} INFO - kjb  <class 'str'>
[2021-10-28 09:47:38,707] {logging_mixin.py:109} INFO - 0
[2021-10-28 09:49:11,643] {python.py:152} INFO - Done. Returned value was: None
[2021-10-28 09:49:11,658] {taskinstance.py:1280} INFO - Marking task as SUCCESS. dag_id=sharepoint, task_id=datatype_sales, execution_date=20211026T111157, start_date=20211028T041738, end_date=20211028T041911
[2021-10-28 09:49:11,728] {local_task_job.py:154} INFO - Task exited with return code 0
[2021-10-28 09:49:11,763] {local_task_job.py:264} INFO - 0 downstream tasks scheduled from follow-on schedule check
