[2021-11-19 10:40:53,866] {taskinstance.py:1035} INFO - Dependencies all met for <TaskInstance: file_upload.get_file scheduled__2021-11-06T00:00:00+00:00 [queued]>
[2021-11-19 10:40:53,901] {taskinstance.py:1035} INFO - Dependencies all met for <TaskInstance: file_upload.get_file scheduled__2021-11-06T00:00:00+00:00 [queued]>
[2021-11-19 10:40:53,901] {taskinstance.py:1241} INFO - 
--------------------------------------------------------------------------------
[2021-11-19 10:40:53,901] {taskinstance.py:1242} INFO - Starting attempt 1 of 2
[2021-11-19 10:40:53,902] {taskinstance.py:1243} INFO - 
--------------------------------------------------------------------------------
[2021-11-19 10:40:53,930] {taskinstance.py:1262} INFO - Executing <Task(PythonOperator): get_file> on 2021-11-06 00:00:00+00:00
[2021-11-19 10:40:53,943] {standard_task_runner.py:76} INFO - Running: ['airflow', 'tasks', 'run', 'file_upload', 'get_file', 'scheduled__2021-11-06T00:00:00+00:00', '--job-id', '66', '--raw', '--subdir', 'DAGS_FOLDER/file_loadin.py', '--cfg-path', '/tmp/tmptcq6osf_', '--error-file', '/tmp/tmpb08yifey']
[2021-11-19 10:40:53,948] {standard_task_runner.py:77} INFO - Job 66: Subtask get_file
[2021-11-19 10:40:53,938] {standard_task_runner.py:52} INFO - Started process 11422 to run task
[2021-11-19 10:40:54,024] {logging_mixin.py:109} INFO - Running <TaskInstance: file_upload.get_file scheduled__2021-11-06T00:00:00+00:00 [running]> on host user-Latitude-3410
[2021-11-19 10:40:54,115] {taskinstance.py:1414} INFO - Exporting the following env vars:
AIRFLOW_CTX_DAG_EMAIL=airflow@example.com
AIRFLOW_CTX_DAG_OWNER=airflow
AIRFLOW_CTX_DAG_ID=file_upload
AIRFLOW_CTX_TASK_ID=get_file
AIRFLOW_CTX_EXECUTION_DATE=2021-11-06T00:00:00+00:00
AIRFLOW_CTX_DAG_RUN_ID=scheduled__2021-11-06T00:00:00+00:00
[2021-11-19 10:40:54,244] {transport.py:1819} INFO - Connected (version 2.0, client OpenSSH_for_Windows_7.7)
[2021-11-19 10:40:54,462] {transport.py:1819} INFO - Authentication (publickey) failed.
[2021-11-19 10:40:54,583] {transport.py:1819} INFO - Authentication (publickey) failed.
[2021-11-19 10:40:54,645] {transport.py:1819} INFO - Authentication (password) successful!
[2021-11-19 10:40:54,849] {sftp.py:158} INFO - [chan 0] Opened sftp connection (server version 3)
[2021-11-19 10:40:55,822] {logging_mixin.py:109} INFO -     Unnamed: 0 SALESDISCOUNT Sales Line Discount  ...  Unnamed: 10 Unnamed: 12               timestamp
0          0.0           NaN                 NaN  ...          NaN         NaN 2021-11-19 10:39:24.229
1          1.0          Type                Code  ...  Ending Date         NaN 2021-11-19 10:39:24.229
2          2.0          Item       FG-0000000001  ...   30/07/2020         NaN 2021-11-19 10:39:24.229
3          3.0          Item       FG-0000000002  ...   30/07/2020         NaN 2021-11-19 10:39:24.229
4          4.0          Item       FG-0000000003  ...   30/07/2020         NaN 2021-11-19 10:39:24.229
..         ...           ...                 ...  ...          ...         ...                     ...
91        27.0           NaN           MG-111125  ...          NaN         NaN 2021-11-19 10:40:07.751
92        28.0           NaN           MG-111126  ...          NaN         NaN 2021-11-19 10:40:07.751
93        29.0           NaN           MG-111127  ...          NaN         NaN 2021-11-19 10:40:07.751
94         NaN          Item           MG-111130  ...          NaN         NaN 2021-11-19 10:40:07.751
95         NaN          data           MG-111130  ...          NaN         NaN 2021-11-19 10:40:07.751

[96 rows x 14 columns] <class 'pandas.core.frame.DataFrame'>
[2021-11-19 10:40:55,979] {sftp.py:158} INFO - [chan 0] sftp session closed.
[2021-11-19 10:40:55,981] {python.py:152} INFO - Done. Returned value was: None
[2021-11-19 10:40:55,998] {taskinstance.py:1280} INFO - Marking task as SUCCESS. dag_id=file_upload, task_id=get_file, execution_date=20211106T000000, start_date=20211119T051053, end_date=20211119T051055
[2021-11-19 10:40:56,067] {local_task_job.py:154} INFO - Task exited with return code 0
[2021-11-19 10:40:56,145] {local_task_job.py:264} INFO - 1 downstream tasks scheduled from follow-on schedule check
