[2021-10-29 11:35:51,993] {taskinstance.py:1035} INFO - Dependencies all met for <TaskInstance: example_branch_datetime_operator_2.datetime_branch manual__2021-10-29T06:05:48.493567+00:00 [queued]>
[2021-10-29 11:35:52,006] {taskinstance.py:1035} INFO - Dependencies all met for <TaskInstance: example_branch_datetime_operator_2.datetime_branch manual__2021-10-29T06:05:48.493567+00:00 [queued]>
[2021-10-29 11:35:52,006] {taskinstance.py:1241} INFO - 
--------------------------------------------------------------------------------
[2021-10-29 11:35:52,007] {taskinstance.py:1242} INFO - Starting attempt 1 of 1
[2021-10-29 11:35:52,007] {taskinstance.py:1243} INFO - 
--------------------------------------------------------------------------------
[2021-10-29 11:35:52,028] {taskinstance.py:1262} INFO - Executing <Task(BranchDateTimeOperator): datetime_branch> on 2021-10-29 06:05:48.493567+00:00
[2021-10-29 11:35:52,031] {standard_task_runner.py:52} INFO - Started process 29156 to run task
[2021-10-29 11:35:52,035] {standard_task_runner.py:76} INFO - Running: ['airflow', 'tasks', 'run', 'example_branch_datetime_operator_2', 'datetime_branch', 'manual__2021-10-29T06:05:48.493567+00:00', '--job-id', '8', '--raw', '--subdir', '/home/user/workspace/airflow/airflow_env/lib/python3.6/site-packages/airflow/example_dags/example_branch_datetime_operator.py', '--cfg-path', '/tmp/tmp9l483fuh', '--error-file', '/tmp/tmpzwj8mr_s']
[2021-10-29 11:35:52,037] {standard_task_runner.py:77} INFO - Job 8: Subtask datetime_branch
[2021-10-29 11:35:52,070] {logging_mixin.py:109} INFO - Running <TaskInstance: example_branch_datetime_operator_2.datetime_branch manual__2021-10-29T06:05:48.493567+00:00 [running]> on host user-Latitude-3410
[2021-10-29 11:35:52,115] {taskinstance.py:1414} INFO - Exporting the following env vars:
AIRFLOW_CTX_DAG_OWNER=airflow
AIRFLOW_CTX_DAG_ID=example_branch_datetime_operator_2
AIRFLOW_CTX_TASK_ID=datetime_branch
AIRFLOW_CTX_EXECUTION_DATE=2021-10-29T06:05:48.493567+00:00
AIRFLOW_CTX_DAG_RUN_ID=manual__2021-10-29T06:05:48.493567+00:00
[2021-10-29 11:35:52,116] {skipmixin.py:143} INFO - Following branch ['date_outside_range']
[2021-10-29 11:35:52,116] {skipmixin.py:174} INFO - Skipping tasks ['date_in_range']
[2021-10-29 11:35:52,149] {taskinstance.py:1280} INFO - Marking task as SUCCESS. dag_id=example_branch_datetime_operator_2, task_id=datetime_branch, execution_date=20211029T060548, start_date=20211029T060551, end_date=20211029T060552
[2021-10-29 11:35:52,168] {local_task_job.py:154} INFO - Task exited with return code 0
[2021-10-29 11:35:52,209] {local_task_job.py:264} INFO - 1 downstream tasks scheduled from follow-on schedule check
[2021-10-29 11:35:56,512] {taskinstance.py:1035} INFO - Dependencies all met for <TaskInstance: example_branch_datetime_operator_2.datetime_branch scheduled__2021-10-28T00:00:00+00:00 [queued]>
[2021-10-29 11:35:56,546] {taskinstance.py:1035} INFO - Dependencies all met for <TaskInstance: example_branch_datetime_operator_2.datetime_branch scheduled__2021-10-28T00:00:00+00:00 [queued]>
[2021-10-29 11:35:56,546] {taskinstance.py:1241} INFO - 
--------------------------------------------------------------------------------
[2021-10-29 11:35:56,546] {taskinstance.py:1242} INFO - Starting attempt 1 of 1
[2021-10-29 11:35:56,546] {taskinstance.py:1243} INFO - 
--------------------------------------------------------------------------------
[2021-10-29 11:35:56,574] {taskinstance.py:1262} INFO - Executing <Task(BranchDateTimeOperator): datetime_branch> on 2021-10-28 00:00:00+00:00
[2021-10-29 11:35:56,579] {standard_task_runner.py:52} INFO - Started process 29411 to run task
[2021-10-29 11:35:56,596] {standard_task_runner.py:76} INFO - Running: ['airflow', 'tasks', 'run', 'example_branch_datetime_operator_2', 'datetime_branch', 'scheduled__2021-10-28T00:00:00+00:00', '--job-id', '9', '--raw', '--subdir', '/home/user/workspace/airflow/airflow_env/lib/python3.6/site-packages/airflow/example_dags/example_branch_datetime_operator.py', '--cfg-path', '/tmp/tmpmherv_h3', '--error-file', '/tmp/tmpnqb7_q18']
[2021-10-29 11:35:56,604] {standard_task_runner.py:77} INFO - Job 9: Subtask datetime_branch
[2021-10-29 11:35:56,708] {logging_mixin.py:109} INFO - Running <TaskInstance: example_branch_datetime_operator_2.datetime_branch scheduled__2021-10-28T00:00:00+00:00 [running]> on host user-Latitude-3410
[2021-10-29 11:35:56,889] {taskinstance.py:1414} INFO - Exporting the following env vars:
AIRFLOW_CTX_DAG_OWNER=airflow
AIRFLOW_CTX_DAG_ID=example_branch_datetime_operator_2
AIRFLOW_CTX_TASK_ID=datetime_branch
AIRFLOW_CTX_EXECUTION_DATE=2021-10-28T00:00:00+00:00
AIRFLOW_CTX_DAG_RUN_ID=scheduled__2021-10-28T00:00:00+00:00
[2021-10-29 11:35:56,890] {skipmixin.py:143} INFO - Following branch ['date_outside_range']
[2021-10-29 11:35:56,893] {skipmixin.py:174} INFO - Skipping tasks ['date_in_range']
[2021-10-29 11:35:56,973] {taskinstance.py:1280} INFO - Marking task as SUCCESS. dag_id=example_branch_datetime_operator_2, task_id=datetime_branch, execution_date=20211028T000000, start_date=20211029T060556, end_date=20211029T060556
[2021-10-29 11:35:57,046] {local_task_job.py:154} INFO - Task exited with return code 0
[2021-10-29 11:35:57,141] {local_task_job.py:264} INFO - 1 downstream tasks scheduled from follow-on schedule check
