[2021-10-18 17:17:34,137] {taskinstance.py:1035} INFO - Dependencies all met for <TaskInstance: file_upload.data scheduled__2021-10-16T00:00:00+00:00 [queued]>
[2021-10-18 17:17:34,148] {taskinstance.py:1035} INFO - Dependencies all met for <TaskInstance: file_upload.data scheduled__2021-10-16T00:00:00+00:00 [queued]>
[2021-10-18 17:17:34,149] {taskinstance.py:1241} INFO - 
--------------------------------------------------------------------------------
[2021-10-18 17:17:34,149] {taskinstance.py:1242} INFO - Starting attempt 1 of 2
[2021-10-18 17:17:34,149] {taskinstance.py:1243} INFO - 
--------------------------------------------------------------------------------
[2021-10-18 17:17:34,160] {taskinstance.py:1262} INFO - Executing <Task(PythonOperator): data> on 2021-10-16 00:00:00+00:00
[2021-10-18 17:17:34,163] {standard_task_runner.py:52} INFO - Started process 22965 to run task
[2021-10-18 17:17:34,166] {standard_task_runner.py:76} INFO - Running: ['airflow', 'tasks', 'run', 'file_upload', 'data', 'scheduled__2021-10-16T00:00:00+00:00', '--job-id', '76', '--raw', '--subdir', 'DAGS_FOLDER/file_loadin.py', '--cfg-path', '/tmp/tmpgvrr_vp_', '--error-file', '/tmp/tmpfol7ts1z']
[2021-10-18 17:17:34,169] {standard_task_runner.py:77} INFO - Job 76: Subtask data
[2021-10-18 17:17:34,202] {logging_mixin.py:109} INFO - Running <TaskInstance: file_upload.data scheduled__2021-10-16T00:00:00+00:00 [running]> on host user-Latitude-3410
[2021-10-18 17:17:34,237] {taskinstance.py:1414} INFO - Exporting the following env vars:
AIRFLOW_CTX_DAG_EMAIL=airflow@example.com
AIRFLOW_CTX_DAG_OWNER=airflow
AIRFLOW_CTX_DAG_ID=file_upload
AIRFLOW_CTX_TASK_ID=data
AIRFLOW_CTX_EXECUTION_DATE=2021-10-16T00:00:00+00:00
AIRFLOW_CTX_DAG_RUN_ID=scheduled__2021-10-16T00:00:00+00:00
[2021-10-18 17:17:34,241] {logging_mixin.py:109} INFO - {"Name":{"0":"Alex","1":"Bob","2":"Clarke"},"Age":{"0":10,"1":12,"2":13}}
[2021-10-18 17:17:34,242] {python.py:152} INFO - Done. Returned value was: {"Name":{"0":"Alex","1":"Bob","2":"Clarke"},"Age":{"0":10,"1":12,"2":13}}
[2021-10-18 17:17:34,257] {taskinstance.py:1280} INFO - Marking task as SUCCESS. dag_id=file_upload, task_id=data, execution_date=20211016T000000, start_date=20211018T114734, end_date=20211018T114734
[2021-10-18 17:17:34,297] {local_task_job.py:154} INFO - Task exited with return code 0
[2021-10-18 17:17:34,337] {local_task_job.py:264} INFO - 1 downstream tasks scheduled from follow-on schedule check
