[2021-11-02 15:55:19,713] {processor.py:163} INFO - Started process (PID=175262) to work on /home/linuxadmin/.local/lib/python3.6/site-packages/airflow/example_dags/plugins/workday.py
[2021-11-02 15:55:19,714] {processor.py:620} INFO - Processing file /home/linuxadmin/.local/lib/python3.6/site-packages/airflow/example_dags/plugins/workday.py for tasks to queue
[2021-11-02 15:55:19,715] {logging_mixin.py:109} INFO - [2021-11-02 15:55:19,714] {dagbag.py:500} INFO - Filling up the DagBag from /home/linuxadmin/.local/lib/python3.6/site-packages/airflow/example_dags/plugins/workday.py
[2021-11-02 15:55:19,738] {processor.py:634} WARNING - No viable dags retrieved from /home/linuxadmin/.local/lib/python3.6/site-packages/airflow/example_dags/plugins/workday.py
[2021-11-02 15:55:19,742] {processor.py:171} INFO - Processing /home/linuxadmin/.local/lib/python3.6/site-packages/airflow/example_dags/plugins/workday.py took 0.033 seconds
[2021-11-02 15:55:24,306] {processor.py:163} INFO - Started process (PID=175387) to work on /home/linuxadmin/.local/lib/python3.6/site-packages/airflow/example_dags/plugins/workday.py
[2021-11-02 15:55:24,307] {processor.py:620} INFO - Processing file /home/linuxadmin/.local/lib/python3.6/site-packages/airflow/example_dags/plugins/workday.py for tasks to queue
[2021-11-02 15:55:24,308] {logging_mixin.py:109} INFO - [2021-11-02 15:55:24,308] {dagbag.py:500} INFO - Filling up the DagBag from /home/linuxadmin/.local/lib/python3.6/site-packages/airflow/example_dags/plugins/workday.py
[2021-11-02 15:55:24,333] {processor.py:634} WARNING - No viable dags retrieved from /home/linuxadmin/.local/lib/python3.6/site-packages/airflow/example_dags/plugins/workday.py
[2021-11-02 15:55:24,336] {processor.py:171} INFO - Processing /home/linuxadmin/.local/lib/python3.6/site-packages/airflow/example_dags/plugins/workday.py took 0.036 seconds
[2021-11-02 15:55:28,501] {processor.py:163} INFO - Started process (PID=175507) to work on /home/linuxadmin/.local/lib/python3.6/site-packages/airflow/example_dags/plugins/workday.py
[2021-11-02 15:55:28,502] {processor.py:620} INFO - Processing file /home/linuxadmin/.local/lib/python3.6/site-packages/airflow/example_dags/plugins/workday.py for tasks to queue
[2021-11-02 15:55:28,503] {logging_mixin.py:109} INFO - [2021-11-02 15:55:28,503] {dagbag.py:500} INFO - Filling up the DagBag from /home/linuxadmin/.local/lib/python3.6/site-packages/airflow/example_dags/plugins/workday.py
[2021-11-02 15:55:28,534] {processor.py:634} WARNING - No viable dags retrieved from /home/linuxadmin/.local/lib/python3.6/site-packages/airflow/example_dags/plugins/workday.py
[2021-11-02 15:55:28,537] {processor.py:171} INFO - Processing /home/linuxadmin/.local/lib/python3.6/site-packages/airflow/example_dags/plugins/workday.py took 0.041 seconds
[2021-11-02 15:55:33,010] {processor.py:163} INFO - Started process (PID=175628) to work on /home/linuxadmin/.local/lib/python3.6/site-packages/airflow/example_dags/plugins/workday.py
[2021-11-02 15:55:33,012] {processor.py:620} INFO - Processing file /home/linuxadmin/.local/lib/python3.6/site-packages/airflow/example_dags/plugins/workday.py for tasks to queue
[2021-11-02 15:55:33,013] {logging_mixin.py:109} INFO - [2021-11-02 15:55:33,013] {dagbag.py:500} INFO - Filling up the DagBag from /home/linuxadmin/.local/lib/python3.6/site-packages/airflow/example_dags/plugins/workday.py
[2021-11-02 15:55:33,045] {processor.py:634} WARNING - No viable dags retrieved from /home/linuxadmin/.local/lib/python3.6/site-packages/airflow/example_dags/plugins/workday.py
[2021-11-02 15:55:33,050] {processor.py:171} INFO - Processing /home/linuxadmin/.local/lib/python3.6/site-packages/airflow/example_dags/plugins/workday.py took 0.045 seconds
[2021-11-02 15:55:37,667] {processor.py:163} INFO - Started process (PID=175749) to work on /home/linuxadmin/.local/lib/python3.6/site-packages/airflow/example_dags/plugins/workday.py
[2021-11-02 15:55:37,669] {processor.py:620} INFO - Processing file /home/linuxadmin/.local/lib/python3.6/site-packages/airflow/example_dags/plugins/workday.py for tasks to queue
[2021-11-02 15:55:37,670] {logging_mixin.py:109} INFO - [2021-11-02 15:55:37,670] {dagbag.py:500} INFO - Filling up the DagBag from /home/linuxadmin/.local/lib/python3.6/site-packages/airflow/example_dags/plugins/workday.py
[2021-11-02 15:55:37,691] {processor.py:634} WARNING - No viable dags retrieved from /home/linuxadmin/.local/lib/python3.6/site-packages/airflow/example_dags/plugins/workday.py
[2021-11-02 15:55:37,694] {processor.py:171} INFO - Processing /home/linuxadmin/.local/lib/python3.6/site-packages/airflow/example_dags/plugins/workday.py took 0.033 seconds
[2021-11-02 15:55:42,030] {processor.py:163} INFO - Started process (PID=175871) to work on /home/linuxadmin/.local/lib/python3.6/site-packages/airflow/example_dags/plugins/workday.py
[2021-11-02 15:55:42,031] {processor.py:620} INFO - Processing file /home/linuxadmin/.local/lib/python3.6/site-packages/airflow/example_dags/plugins/workday.py for tasks to queue
[2021-11-02 15:55:42,032] {logging_mixin.py:109} INFO - [2021-11-02 15:55:42,032] {dagbag.py:500} INFO - Filling up the DagBag from /home/linuxadmin/.local/lib/python3.6/site-packages/airflow/example_dags/plugins/workday.py
[2021-11-02 15:55:42,058] {processor.py:634} WARNING - No viable dags retrieved from /home/linuxadmin/.local/lib/python3.6/site-packages/airflow/example_dags/plugins/workday.py
[2021-11-02 15:55:42,064] {processor.py:171} INFO - Processing /home/linuxadmin/.local/lib/python3.6/site-packages/airflow/example_dags/plugins/workday.py took 0.040 seconds
[2021-11-02 15:55:45,912] {processor.py:163} INFO - Started process (PID=175990) to work on /home/linuxadmin/.local/lib/python3.6/site-packages/airflow/example_dags/plugins/workday.py
[2021-11-02 15:55:45,914] {processor.py:620} INFO - Processing file /home/linuxadmin/.local/lib/python3.6/site-packages/airflow/example_dags/plugins/workday.py for tasks to queue
[2021-11-02 15:55:45,914] {logging_mixin.py:109} INFO - [2021-11-02 15:55:45,914] {dagbag.py:500} INFO - Filling up the DagBag from /home/linuxadmin/.local/lib/python3.6/site-packages/airflow/example_dags/plugins/workday.py
[2021-11-02 15:55:45,944] {processor.py:634} WARNING - No viable dags retrieved from /home/linuxadmin/.local/lib/python3.6/site-packages/airflow/example_dags/plugins/workday.py
[2021-11-02 15:55:45,948] {processor.py:171} INFO - Processing /home/linuxadmin/.local/lib/python3.6/site-packages/airflow/example_dags/plugins/workday.py took 0.042 seconds
[2021-11-02 15:55:51,144] {processor.py:163} INFO - Started process (PID=176115) to work on /home/linuxadmin/.local/lib/python3.6/site-packages/airflow/example_dags/plugins/workday.py
[2021-11-02 15:55:51,146] {processor.py:620} INFO - Processing file /home/linuxadmin/.local/lib/python3.6/site-packages/airflow/example_dags/plugins/workday.py for tasks to queue
[2021-11-02 15:55:51,146] {logging_mixin.py:109} INFO - [2021-11-02 15:55:51,146] {dagbag.py:500} INFO - Filling up the DagBag from /home/linuxadmin/.local/lib/python3.6/site-packages/airflow/example_dags/plugins/workday.py
[2021-11-02 15:55:51,170] {processor.py:634} WARNING - No viable dags retrieved from /home/linuxadmin/.local/lib/python3.6/site-packages/airflow/example_dags/plugins/workday.py
[2021-11-02 15:55:51,174] {processor.py:171} INFO - Processing /home/linuxadmin/.local/lib/python3.6/site-packages/airflow/example_dags/plugins/workday.py took 0.035 seconds
[2021-11-02 15:55:55,390] {processor.py:163} INFO - Started process (PID=176233) to work on /home/linuxadmin/.local/lib/python3.6/site-packages/airflow/example_dags/plugins/workday.py
[2021-11-02 15:55:55,394] {processor.py:620} INFO - Processing file /home/linuxadmin/.local/lib/python3.6/site-packages/airflow/example_dags/plugins/workday.py for tasks to queue
[2021-11-02 15:55:55,395] {logging_mixin.py:109} INFO - [2021-11-02 15:55:55,395] {dagbag.py:500} INFO - Filling up the DagBag from /home/linuxadmin/.local/lib/python3.6/site-packages/airflow/example_dags/plugins/workday.py
[2021-11-02 15:55:55,422] {processor.py:634} WARNING - No viable dags retrieved from /home/linuxadmin/.local/lib/python3.6/site-packages/airflow/example_dags/plugins/workday.py
[2021-11-02 15:55:55,427] {processor.py:171} INFO - Processing /home/linuxadmin/.local/lib/python3.6/site-packages/airflow/example_dags/plugins/workday.py took 0.042 seconds
[2021-11-02 15:56:00,278] {processor.py:163} INFO - Started process (PID=176356) to work on /home/linuxadmin/.local/lib/python3.6/site-packages/airflow/example_dags/plugins/workday.py
[2021-11-02 15:56:00,280] {processor.py:620} INFO - Processing file /home/linuxadmin/.local/lib/python3.6/site-packages/airflow/example_dags/plugins/workday.py for tasks to queue
[2021-11-02 15:56:00,281] {logging_mixin.py:109} INFO - [2021-11-02 15:56:00,281] {dagbag.py:500} INFO - Filling up the DagBag from /home/linuxadmin/.local/lib/python3.6/site-packages/airflow/example_dags/plugins/workday.py
[2021-11-02 15:56:00,318] {processor.py:634} WARNING - No viable dags retrieved from /home/linuxadmin/.local/lib/python3.6/site-packages/airflow/example_dags/plugins/workday.py
[2021-11-02 15:56:00,322] {processor.py:171} INFO - Processing /home/linuxadmin/.local/lib/python3.6/site-packages/airflow/example_dags/plugins/workday.py took 0.050 seconds
[2021-11-02 15:56:04,522] {processor.py:163} INFO - Started process (PID=176474) to work on /home/linuxadmin/.local/lib/python3.6/site-packages/airflow/example_dags/plugins/workday.py
[2021-11-02 15:56:04,523] {processor.py:620} INFO - Processing file /home/linuxadmin/.local/lib/python3.6/site-packages/airflow/example_dags/plugins/workday.py for tasks to queue
[2021-11-02 15:56:04,525] {logging_mixin.py:109} INFO - [2021-11-02 15:56:04,524] {dagbag.py:500} INFO - Filling up the DagBag from /home/linuxadmin/.local/lib/python3.6/site-packages/airflow/example_dags/plugins/workday.py
[2021-11-02 15:56:04,554] {processor.py:634} WARNING - No viable dags retrieved from /home/linuxadmin/.local/lib/python3.6/site-packages/airflow/example_dags/plugins/workday.py
[2021-11-02 15:56:04,558] {processor.py:171} INFO - Processing /home/linuxadmin/.local/lib/python3.6/site-packages/airflow/example_dags/plugins/workday.py took 0.041 seconds
[2021-11-02 15:56:09,459] {processor.py:163} INFO - Started process (PID=176598) to work on /home/linuxadmin/.local/lib/python3.6/site-packages/airflow/example_dags/plugins/workday.py
[2021-11-02 15:56:09,461] {processor.py:620} INFO - Processing file /home/linuxadmin/.local/lib/python3.6/site-packages/airflow/example_dags/plugins/workday.py for tasks to queue
[2021-11-02 15:56:09,462] {logging_mixin.py:109} INFO - [2021-11-02 15:56:09,462] {dagbag.py:500} INFO - Filling up the DagBag from /home/linuxadmin/.local/lib/python3.6/site-packages/airflow/example_dags/plugins/workday.py
[2021-11-02 15:56:09,493] {processor.py:634} WARNING - No viable dags retrieved from /home/linuxadmin/.local/lib/python3.6/site-packages/airflow/example_dags/plugins/workday.py
[2021-11-02 15:56:09,497] {processor.py:171} INFO - Processing /home/linuxadmin/.local/lib/python3.6/site-packages/airflow/example_dags/plugins/workday.py took 0.044 seconds
[2021-11-02 15:56:14,125] {processor.py:163} INFO - Started process (PID=176721) to work on /home/linuxadmin/.local/lib/python3.6/site-packages/airflow/example_dags/plugins/workday.py
[2021-11-02 15:56:14,126] {processor.py:620} INFO - Processing file /home/linuxadmin/.local/lib/python3.6/site-packages/airflow/example_dags/plugins/workday.py for tasks to queue
[2021-11-02 15:56:14,127] {logging_mixin.py:109} INFO - [2021-11-02 15:56:14,127] {dagbag.py:500} INFO - Filling up the DagBag from /home/linuxadmin/.local/lib/python3.6/site-packages/airflow/example_dags/plugins/workday.py
[2021-11-02 15:56:14,156] {processor.py:634} WARNING - No viable dags retrieved from /home/linuxadmin/.local/lib/python3.6/site-packages/airflow/example_dags/plugins/workday.py
[2021-11-02 15:56:14,160] {processor.py:171} INFO - Processing /home/linuxadmin/.local/lib/python3.6/site-packages/airflow/example_dags/plugins/workday.py took 0.040 seconds
[2021-11-02 15:56:18,333] {processor.py:163} INFO - Started process (PID=176841) to work on /home/linuxadmin/.local/lib/python3.6/site-packages/airflow/example_dags/plugins/workday.py
[2021-11-02 15:56:18,334] {processor.py:620} INFO - Processing file /home/linuxadmin/.local/lib/python3.6/site-packages/airflow/example_dags/plugins/workday.py for tasks to queue
[2021-11-02 15:56:18,335] {logging_mixin.py:109} INFO - [2021-11-02 15:56:18,335] {dagbag.py:500} INFO - Filling up the DagBag from /home/linuxadmin/.local/lib/python3.6/site-packages/airflow/example_dags/plugins/workday.py
[2021-11-02 15:56:18,364] {processor.py:634} WARNING - No viable dags retrieved from /home/linuxadmin/.local/lib/python3.6/site-packages/airflow/example_dags/plugins/workday.py
[2021-11-02 15:56:18,369] {processor.py:171} INFO - Processing /home/linuxadmin/.local/lib/python3.6/site-packages/airflow/example_dags/plugins/workday.py took 0.042 seconds
[2021-11-02 15:56:23,629] {processor.py:163} INFO - Started process (PID=176964) to work on /home/linuxadmin/.local/lib/python3.6/site-packages/airflow/example_dags/plugins/workday.py
[2021-11-02 15:56:23,631] {processor.py:620} INFO - Processing file /home/linuxadmin/.local/lib/python3.6/site-packages/airflow/example_dags/plugins/workday.py for tasks to queue
[2021-11-02 15:56:23,632] {logging_mixin.py:109} INFO - [2021-11-02 15:56:23,631] {dagbag.py:500} INFO - Filling up the DagBag from /home/linuxadmin/.local/lib/python3.6/site-packages/airflow/example_dags/plugins/workday.py
[2021-11-02 15:56:23,655] {processor.py:634} WARNING - No viable dags retrieved from /home/linuxadmin/.local/lib/python3.6/site-packages/airflow/example_dags/plugins/workday.py
[2021-11-02 15:56:23,658] {processor.py:171} INFO - Processing /home/linuxadmin/.local/lib/python3.6/site-packages/airflow/example_dags/plugins/workday.py took 0.033 seconds
[2021-11-02 15:56:27,766] {processor.py:163} INFO - Started process (PID=177080) to work on /home/linuxadmin/.local/lib/python3.6/site-packages/airflow/example_dags/plugins/workday.py
[2021-11-02 15:56:27,768] {processor.py:620} INFO - Processing file /home/linuxadmin/.local/lib/python3.6/site-packages/airflow/example_dags/plugins/workday.py for tasks to queue
[2021-11-02 15:56:27,769] {logging_mixin.py:109} INFO - [2021-11-02 15:56:27,769] {dagbag.py:500} INFO - Filling up the DagBag from /home/linuxadmin/.local/lib/python3.6/site-packages/airflow/example_dags/plugins/workday.py
[2021-11-02 15:56:27,798] {processor.py:634} WARNING - No viable dags retrieved from /home/linuxadmin/.local/lib/python3.6/site-packages/airflow/example_dags/plugins/workday.py
[2021-11-02 15:56:27,803] {processor.py:171} INFO - Processing /home/linuxadmin/.local/lib/python3.6/site-packages/airflow/example_dags/plugins/workday.py took 0.043 seconds
[2021-11-02 15:56:32,304] {processor.py:163} INFO - Started process (PID=177204) to work on /home/linuxadmin/.local/lib/python3.6/site-packages/airflow/example_dags/plugins/workday.py
[2021-11-02 15:56:32,306] {processor.py:620} INFO - Processing file /home/linuxadmin/.local/lib/python3.6/site-packages/airflow/example_dags/plugins/workday.py for tasks to queue
[2021-11-02 15:56:32,307] {logging_mixin.py:109} INFO - [2021-11-02 15:56:32,307] {dagbag.py:500} INFO - Filling up the DagBag from /home/linuxadmin/.local/lib/python3.6/site-packages/airflow/example_dags/plugins/workday.py
[2021-11-02 15:56:32,334] {processor.py:634} WARNING - No viable dags retrieved from /home/linuxadmin/.local/lib/python3.6/site-packages/airflow/example_dags/plugins/workday.py
[2021-11-02 15:56:32,338] {processor.py:171} INFO - Processing /home/linuxadmin/.local/lib/python3.6/site-packages/airflow/example_dags/plugins/workday.py took 0.039 seconds
[2021-11-02 15:56:36,204] {processor.py:163} INFO - Started process (PID=177323) to work on /home/linuxadmin/.local/lib/python3.6/site-packages/airflow/example_dags/plugins/workday.py
[2021-11-02 15:56:36,205] {processor.py:620} INFO - Processing file /home/linuxadmin/.local/lib/python3.6/site-packages/airflow/example_dags/plugins/workday.py for tasks to queue
[2021-11-02 15:56:36,206] {logging_mixin.py:109} INFO - [2021-11-02 15:56:36,206] {dagbag.py:500} INFO - Filling up the DagBag from /home/linuxadmin/.local/lib/python3.6/site-packages/airflow/example_dags/plugins/workday.py
[2021-11-02 15:56:36,232] {processor.py:634} WARNING - No viable dags retrieved from /home/linuxadmin/.local/lib/python3.6/site-packages/airflow/example_dags/plugins/workday.py
[2021-11-02 15:56:36,236] {processor.py:171} INFO - Processing /home/linuxadmin/.local/lib/python3.6/site-packages/airflow/example_dags/plugins/workday.py took 0.037 seconds
[2021-11-02 15:56:40,604] {processor.py:163} INFO - Started process (PID=177446) to work on /home/linuxadmin/.local/lib/python3.6/site-packages/airflow/example_dags/plugins/workday.py
[2021-11-02 15:56:40,605] {processor.py:620} INFO - Processing file /home/linuxadmin/.local/lib/python3.6/site-packages/airflow/example_dags/plugins/workday.py for tasks to queue
[2021-11-02 15:56:40,606] {logging_mixin.py:109} INFO - [2021-11-02 15:56:40,606] {dagbag.py:500} INFO - Filling up the DagBag from /home/linuxadmin/.local/lib/python3.6/site-packages/airflow/example_dags/plugins/workday.py
[2021-11-02 15:56:40,626] {processor.py:634} WARNING - No viable dags retrieved from /home/linuxadmin/.local/lib/python3.6/site-packages/airflow/example_dags/plugins/workday.py
[2021-11-02 15:56:40,629] {processor.py:171} INFO - Processing /home/linuxadmin/.local/lib/python3.6/site-packages/airflow/example_dags/plugins/workday.py took 0.030 seconds
[2021-11-02 15:56:44,536] {processor.py:163} INFO - Started process (PID=177566) to work on /home/linuxadmin/.local/lib/python3.6/site-packages/airflow/example_dags/plugins/workday.py
[2021-11-02 15:56:44,538] {processor.py:620} INFO - Processing file /home/linuxadmin/.local/lib/python3.6/site-packages/airflow/example_dags/plugins/workday.py for tasks to queue
[2021-11-02 15:56:44,539] {logging_mixin.py:109} INFO - [2021-11-02 15:56:44,539] {dagbag.py:500} INFO - Filling up the DagBag from /home/linuxadmin/.local/lib/python3.6/site-packages/airflow/example_dags/plugins/workday.py
[2021-11-02 15:56:44,562] {processor.py:634} WARNING - No viable dags retrieved from /home/linuxadmin/.local/lib/python3.6/site-packages/airflow/example_dags/plugins/workday.py
[2021-11-02 15:56:44,566] {processor.py:171} INFO - Processing /home/linuxadmin/.local/lib/python3.6/site-packages/airflow/example_dags/plugins/workday.py took 0.034 seconds
[2021-11-02 15:56:48,991] {processor.py:163} INFO - Started process (PID=177688) to work on /home/linuxadmin/.local/lib/python3.6/site-packages/airflow/example_dags/plugins/workday.py
[2021-11-02 15:56:48,993] {processor.py:620} INFO - Processing file /home/linuxadmin/.local/lib/python3.6/site-packages/airflow/example_dags/plugins/workday.py for tasks to queue
[2021-11-02 15:56:48,994] {logging_mixin.py:109} INFO - [2021-11-02 15:56:48,993] {dagbag.py:500} INFO - Filling up the DagBag from /home/linuxadmin/.local/lib/python3.6/site-packages/airflow/example_dags/plugins/workday.py
[2021-11-02 15:56:49,014] {processor.py:634} WARNING - No viable dags retrieved from /home/linuxadmin/.local/lib/python3.6/site-packages/airflow/example_dags/plugins/workday.py
[2021-11-02 15:56:49,017] {processor.py:171} INFO - Processing /home/linuxadmin/.local/lib/python3.6/site-packages/airflow/example_dags/plugins/workday.py took 0.031 seconds
[2021-11-02 15:56:53,993] {processor.py:163} INFO - Started process (PID=177809) to work on /home/linuxadmin/.local/lib/python3.6/site-packages/airflow/example_dags/plugins/workday.py
[2021-11-02 15:56:53,994] {processor.py:620} INFO - Processing file /home/linuxadmin/.local/lib/python3.6/site-packages/airflow/example_dags/plugins/workday.py for tasks to queue
[2021-11-02 15:56:53,995] {logging_mixin.py:109} INFO - [2021-11-02 15:56:53,995] {dagbag.py:500} INFO - Filling up the DagBag from /home/linuxadmin/.local/lib/python3.6/site-packages/airflow/example_dags/plugins/workday.py
[2021-11-02 15:56:54,018] {processor.py:634} WARNING - No viable dags retrieved from /home/linuxadmin/.local/lib/python3.6/site-packages/airflow/example_dags/plugins/workday.py
[2021-11-02 15:56:54,021] {processor.py:171} INFO - Processing /home/linuxadmin/.local/lib/python3.6/site-packages/airflow/example_dags/plugins/workday.py took 0.033 seconds
[2021-11-02 15:56:58,699] {processor.py:163} INFO - Started process (PID=177932) to work on /home/linuxadmin/.local/lib/python3.6/site-packages/airflow/example_dags/plugins/workday.py
[2021-11-02 15:56:58,701] {processor.py:620} INFO - Processing file /home/linuxadmin/.local/lib/python3.6/site-packages/airflow/example_dags/plugins/workday.py for tasks to queue
[2021-11-02 15:56:58,702] {logging_mixin.py:109} INFO - [2021-11-02 15:56:58,701] {dagbag.py:500} INFO - Filling up the DagBag from /home/linuxadmin/.local/lib/python3.6/site-packages/airflow/example_dags/plugins/workday.py
[2021-11-02 15:56:58,729] {processor.py:634} WARNING - No viable dags retrieved from /home/linuxadmin/.local/lib/python3.6/site-packages/airflow/example_dags/plugins/workday.py
[2021-11-02 15:56:58,734] {processor.py:171} INFO - Processing /home/linuxadmin/.local/lib/python3.6/site-packages/airflow/example_dags/plugins/workday.py took 0.041 seconds
[2021-11-02 15:57:03,182] {processor.py:163} INFO - Started process (PID=178051) to work on /home/linuxadmin/.local/lib/python3.6/site-packages/airflow/example_dags/plugins/workday.py
[2021-11-02 15:57:03,183] {processor.py:620} INFO - Processing file /home/linuxadmin/.local/lib/python3.6/site-packages/airflow/example_dags/plugins/workday.py for tasks to queue
[2021-11-02 15:57:03,184] {logging_mixin.py:109} INFO - [2021-11-02 15:57:03,184] {dagbag.py:500} INFO - Filling up the DagBag from /home/linuxadmin/.local/lib/python3.6/site-packages/airflow/example_dags/plugins/workday.py
[2021-11-02 15:57:03,212] {processor.py:634} WARNING - No viable dags retrieved from /home/linuxadmin/.local/lib/python3.6/site-packages/airflow/example_dags/plugins/workday.py
[2021-11-02 15:57:03,216] {processor.py:171} INFO - Processing /home/linuxadmin/.local/lib/python3.6/site-packages/airflow/example_dags/plugins/workday.py took 0.040 seconds
[2021-11-02 15:57:07,952] {processor.py:163} INFO - Started process (PID=178176) to work on /home/linuxadmin/.local/lib/python3.6/site-packages/airflow/example_dags/plugins/workday.py
[2021-11-02 15:57:07,954] {processor.py:620} INFO - Processing file /home/linuxadmin/.local/lib/python3.6/site-packages/airflow/example_dags/plugins/workday.py for tasks to queue
[2021-11-02 15:57:07,955] {logging_mixin.py:109} INFO - [2021-11-02 15:57:07,955] {dagbag.py:500} INFO - Filling up the DagBag from /home/linuxadmin/.local/lib/python3.6/site-packages/airflow/example_dags/plugins/workday.py
[2021-11-02 15:57:07,980] {processor.py:634} WARNING - No viable dags retrieved from /home/linuxadmin/.local/lib/python3.6/site-packages/airflow/example_dags/plugins/workday.py
[2021-11-02 15:57:07,984] {processor.py:171} INFO - Processing /home/linuxadmin/.local/lib/python3.6/site-packages/airflow/example_dags/plugins/workday.py took 0.037 seconds
[2021-11-02 15:57:12,284] {processor.py:163} INFO - Started process (PID=178293) to work on /home/linuxadmin/.local/lib/python3.6/site-packages/airflow/example_dags/plugins/workday.py
[2021-11-02 15:57:12,286] {processor.py:620} INFO - Processing file /home/linuxadmin/.local/lib/python3.6/site-packages/airflow/example_dags/plugins/workday.py for tasks to queue
[2021-11-02 15:57:12,287] {logging_mixin.py:109} INFO - [2021-11-02 15:57:12,286] {dagbag.py:500} INFO - Filling up the DagBag from /home/linuxadmin/.local/lib/python3.6/site-packages/airflow/example_dags/plugins/workday.py
[2021-11-02 15:57:12,313] {processor.py:634} WARNING - No viable dags retrieved from /home/linuxadmin/.local/lib/python3.6/site-packages/airflow/example_dags/plugins/workday.py
[2021-11-02 15:57:12,316] {processor.py:171} INFO - Processing /home/linuxadmin/.local/lib/python3.6/site-packages/airflow/example_dags/plugins/workday.py took 0.037 seconds
[2021-11-02 15:57:16,789] {processor.py:163} INFO - Started process (PID=178417) to work on /home/linuxadmin/.local/lib/python3.6/site-packages/airflow/example_dags/plugins/workday.py
[2021-11-02 15:57:16,790] {processor.py:620} INFO - Processing file /home/linuxadmin/.local/lib/python3.6/site-packages/airflow/example_dags/plugins/workday.py for tasks to queue
[2021-11-02 15:57:16,796] {logging_mixin.py:109} INFO - [2021-11-02 15:57:16,791] {dagbag.py:500} INFO - Filling up the DagBag from /home/linuxadmin/.local/lib/python3.6/site-packages/airflow/example_dags/plugins/workday.py
[2021-11-02 15:57:16,825] {processor.py:634} WARNING - No viable dags retrieved from /home/linuxadmin/.local/lib/python3.6/site-packages/airflow/example_dags/plugins/workday.py
[2021-11-02 15:57:16,829] {processor.py:171} INFO - Processing /home/linuxadmin/.local/lib/python3.6/site-packages/airflow/example_dags/plugins/workday.py took 0.046 seconds
[2021-11-02 15:57:20,727] {processor.py:163} INFO - Started process (PID=178536) to work on /home/linuxadmin/.local/lib/python3.6/site-packages/airflow/example_dags/plugins/workday.py
[2021-11-02 15:57:20,728] {processor.py:620} INFO - Processing file /home/linuxadmin/.local/lib/python3.6/site-packages/airflow/example_dags/plugins/workday.py for tasks to queue
[2021-11-02 15:57:20,729] {logging_mixin.py:109} INFO - [2021-11-02 15:57:20,729] {dagbag.py:500} INFO - Filling up the DagBag from /home/linuxadmin/.local/lib/python3.6/site-packages/airflow/example_dags/plugins/workday.py
[2021-11-02 15:57:20,750] {processor.py:634} WARNING - No viable dags retrieved from /home/linuxadmin/.local/lib/python3.6/site-packages/airflow/example_dags/plugins/workday.py
[2021-11-02 15:57:20,753] {processor.py:171} INFO - Processing /home/linuxadmin/.local/lib/python3.6/site-packages/airflow/example_dags/plugins/workday.py took 0.032 seconds
[2021-11-02 15:57:25,772] {processor.py:163} INFO - Started process (PID=178658) to work on /home/linuxadmin/.local/lib/python3.6/site-packages/airflow/example_dags/plugins/workday.py
[2021-11-02 15:57:25,775] {processor.py:620} INFO - Processing file /home/linuxadmin/.local/lib/python3.6/site-packages/airflow/example_dags/plugins/workday.py for tasks to queue
[2021-11-02 15:57:25,776] {logging_mixin.py:109} INFO - [2021-11-02 15:57:25,776] {dagbag.py:500} INFO - Filling up the DagBag from /home/linuxadmin/.local/lib/python3.6/site-packages/airflow/example_dags/plugins/workday.py
[2021-11-02 15:57:25,800] {processor.py:634} WARNING - No viable dags retrieved from /home/linuxadmin/.local/lib/python3.6/site-packages/airflow/example_dags/plugins/workday.py
[2021-11-02 15:57:25,805] {processor.py:171} INFO - Processing /home/linuxadmin/.local/lib/python3.6/site-packages/airflow/example_dags/plugins/workday.py took 0.039 seconds
[2021-11-02 15:57:30,233] {processor.py:163} INFO - Started process (PID=178780) to work on /home/linuxadmin/.local/lib/python3.6/site-packages/airflow/example_dags/plugins/workday.py
[2021-11-02 15:57:30,234] {processor.py:620} INFO - Processing file /home/linuxadmin/.local/lib/python3.6/site-packages/airflow/example_dags/plugins/workday.py for tasks to queue
[2021-11-02 15:57:30,235] {logging_mixin.py:109} INFO - [2021-11-02 15:57:30,235] {dagbag.py:500} INFO - Filling up the DagBag from /home/linuxadmin/.local/lib/python3.6/site-packages/airflow/example_dags/plugins/workday.py
[2021-11-02 15:57:30,259] {processor.py:634} WARNING - No viable dags retrieved from /home/linuxadmin/.local/lib/python3.6/site-packages/airflow/example_dags/plugins/workday.py
[2021-11-02 15:57:30,263] {processor.py:171} INFO - Processing /home/linuxadmin/.local/lib/python3.6/site-packages/airflow/example_dags/plugins/workday.py took 0.034 seconds
[2021-11-02 15:57:34,879] {processor.py:163} INFO - Started process (PID=178901) to work on /home/linuxadmin/.local/lib/python3.6/site-packages/airflow/example_dags/plugins/workday.py
[2021-11-02 15:57:34,880] {processor.py:620} INFO - Processing file /home/linuxadmin/.local/lib/python3.6/site-packages/airflow/example_dags/plugins/workday.py for tasks to queue
[2021-11-02 15:57:34,881] {logging_mixin.py:109} INFO - [2021-11-02 15:57:34,881] {dagbag.py:500} INFO - Filling up the DagBag from /home/linuxadmin/.local/lib/python3.6/site-packages/airflow/example_dags/plugins/workday.py
[2021-11-02 15:57:34,907] {processor.py:634} WARNING - No viable dags retrieved from /home/linuxadmin/.local/lib/python3.6/site-packages/airflow/example_dags/plugins/workday.py
[2021-11-02 15:57:34,911] {processor.py:171} INFO - Processing /home/linuxadmin/.local/lib/python3.6/site-packages/airflow/example_dags/plugins/workday.py took 0.036 seconds
[2021-11-02 15:57:38,914] {processor.py:163} INFO - Started process (PID=179021) to work on /home/linuxadmin/.local/lib/python3.6/site-packages/airflow/example_dags/plugins/workday.py
[2021-11-02 15:57:38,915] {processor.py:620} INFO - Processing file /home/linuxadmin/.local/lib/python3.6/site-packages/airflow/example_dags/plugins/workday.py for tasks to queue
[2021-11-02 15:57:38,916] {logging_mixin.py:109} INFO - [2021-11-02 15:57:38,916] {dagbag.py:500} INFO - Filling up the DagBag from /home/linuxadmin/.local/lib/python3.6/site-packages/airflow/example_dags/plugins/workday.py
[2021-11-02 15:57:38,940] {processor.py:634} WARNING - No viable dags retrieved from /home/linuxadmin/.local/lib/python3.6/site-packages/airflow/example_dags/plugins/workday.py
[2021-11-02 15:57:38,944] {processor.py:171} INFO - Processing /home/linuxadmin/.local/lib/python3.6/site-packages/airflow/example_dags/plugins/workday.py took 0.034 seconds
[2021-11-02 15:57:43,535] {processor.py:163} INFO - Started process (PID=179142) to work on /home/linuxadmin/.local/lib/python3.6/site-packages/airflow/example_dags/plugins/workday.py
[2021-11-02 15:57:43,537] {processor.py:620} INFO - Processing file /home/linuxadmin/.local/lib/python3.6/site-packages/airflow/example_dags/plugins/workday.py for tasks to queue
[2021-11-02 15:57:43,538] {logging_mixin.py:109} INFO - [2021-11-02 15:57:43,538] {dagbag.py:500} INFO - Filling up the DagBag from /home/linuxadmin/.local/lib/python3.6/site-packages/airflow/example_dags/plugins/workday.py
[2021-11-02 15:57:43,560] {processor.py:634} WARNING - No viable dags retrieved from /home/linuxadmin/.local/lib/python3.6/site-packages/airflow/example_dags/plugins/workday.py
[2021-11-02 15:57:43,563] {processor.py:171} INFO - Processing /home/linuxadmin/.local/lib/python3.6/site-packages/airflow/example_dags/plugins/workday.py took 0.033 seconds
[2021-11-02 15:57:47,800] {processor.py:163} INFO - Started process (PID=179261) to work on /home/linuxadmin/.local/lib/python3.6/site-packages/airflow/example_dags/plugins/workday.py
[2021-11-02 15:57:47,801] {processor.py:620} INFO - Processing file /home/linuxadmin/.local/lib/python3.6/site-packages/airflow/example_dags/plugins/workday.py for tasks to queue
[2021-11-02 15:57:47,802] {logging_mixin.py:109} INFO - [2021-11-02 15:57:47,802] {dagbag.py:500} INFO - Filling up the DagBag from /home/linuxadmin/.local/lib/python3.6/site-packages/airflow/example_dags/plugins/workday.py
[2021-11-02 15:57:47,824] {processor.py:634} WARNING - No viable dags retrieved from /home/linuxadmin/.local/lib/python3.6/site-packages/airflow/example_dags/plugins/workday.py
[2021-11-02 15:57:47,827] {processor.py:171} INFO - Processing /home/linuxadmin/.local/lib/python3.6/site-packages/airflow/example_dags/plugins/workday.py took 0.032 seconds
[2021-11-02 15:57:52,601] {processor.py:163} INFO - Started process (PID=179386) to work on /home/linuxadmin/.local/lib/python3.6/site-packages/airflow/example_dags/plugins/workday.py
[2021-11-02 15:57:52,602] {processor.py:620} INFO - Processing file /home/linuxadmin/.local/lib/python3.6/site-packages/airflow/example_dags/plugins/workday.py for tasks to queue
[2021-11-02 15:57:52,603] {logging_mixin.py:109} INFO - [2021-11-02 15:57:52,603] {dagbag.py:500} INFO - Filling up the DagBag from /home/linuxadmin/.local/lib/python3.6/site-packages/airflow/example_dags/plugins/workday.py
[2021-11-02 15:57:52,624] {processor.py:634} WARNING - No viable dags retrieved from /home/linuxadmin/.local/lib/python3.6/site-packages/airflow/example_dags/plugins/workday.py
[2021-11-02 15:57:52,630] {processor.py:171} INFO - Processing /home/linuxadmin/.local/lib/python3.6/site-packages/airflow/example_dags/plugins/workday.py took 0.034 seconds
[2021-11-02 15:57:57,879] {processor.py:163} INFO - Started process (PID=179511) to work on /home/linuxadmin/.local/lib/python3.6/site-packages/airflow/example_dags/plugins/workday.py
[2021-11-02 15:57:57,880] {processor.py:620} INFO - Processing file /home/linuxadmin/.local/lib/python3.6/site-packages/airflow/example_dags/plugins/workday.py for tasks to queue
[2021-11-02 15:57:57,881] {logging_mixin.py:109} INFO - [2021-11-02 15:57:57,881] {dagbag.py:500} INFO - Filling up the DagBag from /home/linuxadmin/.local/lib/python3.6/site-packages/airflow/example_dags/plugins/workday.py
[2021-11-02 15:57:57,906] {processor.py:634} WARNING - No viable dags retrieved from /home/linuxadmin/.local/lib/python3.6/site-packages/airflow/example_dags/plugins/workday.py
[2021-11-02 15:57:57,909] {processor.py:171} INFO - Processing /home/linuxadmin/.local/lib/python3.6/site-packages/airflow/example_dags/plugins/workday.py took 0.036 seconds
[2021-11-02 15:58:02,070] {processor.py:163} INFO - Started process (PID=179631) to work on /home/linuxadmin/.local/lib/python3.6/site-packages/airflow/example_dags/plugins/workday.py
[2021-11-02 15:58:02,072] {processor.py:620} INFO - Processing file /home/linuxadmin/.local/lib/python3.6/site-packages/airflow/example_dags/plugins/workday.py for tasks to queue
[2021-11-02 15:58:02,073] {logging_mixin.py:109} INFO - [2021-11-02 15:58:02,073] {dagbag.py:500} INFO - Filling up the DagBag from /home/linuxadmin/.local/lib/python3.6/site-packages/airflow/example_dags/plugins/workday.py
[2021-11-02 15:58:02,107] {processor.py:634} WARNING - No viable dags retrieved from /home/linuxadmin/.local/lib/python3.6/site-packages/airflow/example_dags/plugins/workday.py
[2021-11-02 15:58:02,126] {processor.py:171} INFO - Processing /home/linuxadmin/.local/lib/python3.6/site-packages/airflow/example_dags/plugins/workday.py took 0.063 seconds
[2021-11-02 15:58:06,419] {processor.py:163} INFO - Started process (PID=179752) to work on /home/linuxadmin/.local/lib/python3.6/site-packages/airflow/example_dags/plugins/workday.py
[2021-11-02 15:58:06,421] {processor.py:620} INFO - Processing file /home/linuxadmin/.local/lib/python3.6/site-packages/airflow/example_dags/plugins/workday.py for tasks to queue
[2021-11-02 15:58:06,422] {logging_mixin.py:109} INFO - [2021-11-02 15:58:06,422] {dagbag.py:500} INFO - Filling up the DagBag from /home/linuxadmin/.local/lib/python3.6/site-packages/airflow/example_dags/plugins/workday.py
[2021-11-02 15:58:06,446] {processor.py:634} WARNING - No viable dags retrieved from /home/linuxadmin/.local/lib/python3.6/site-packages/airflow/example_dags/plugins/workday.py
[2021-11-02 15:58:06,450] {processor.py:171} INFO - Processing /home/linuxadmin/.local/lib/python3.6/site-packages/airflow/example_dags/plugins/workday.py took 0.037 seconds
[2021-11-02 15:58:10,994] {processor.py:163} INFO - Started process (PID=179872) to work on /home/linuxadmin/.local/lib/python3.6/site-packages/airflow/example_dags/plugins/workday.py
[2021-11-02 15:58:10,995] {processor.py:620} INFO - Processing file /home/linuxadmin/.local/lib/python3.6/site-packages/airflow/example_dags/plugins/workday.py for tasks to queue
[2021-11-02 15:58:10,996] {logging_mixin.py:109} INFO - [2021-11-02 15:58:10,996] {dagbag.py:500} INFO - Filling up the DagBag from /home/linuxadmin/.local/lib/python3.6/site-packages/airflow/example_dags/plugins/workday.py
[2021-11-02 15:58:11,018] {processor.py:634} WARNING - No viable dags retrieved from /home/linuxadmin/.local/lib/python3.6/site-packages/airflow/example_dags/plugins/workday.py
[2021-11-02 15:58:11,021] {processor.py:171} INFO - Processing /home/linuxadmin/.local/lib/python3.6/site-packages/airflow/example_dags/plugins/workday.py took 0.032 seconds
[2021-11-02 15:58:15,906] {processor.py:163} INFO - Started process (PID=179995) to work on /home/linuxadmin/.local/lib/python3.6/site-packages/airflow/example_dags/plugins/workday.py
[2021-11-02 15:58:15,907] {processor.py:620} INFO - Processing file /home/linuxadmin/.local/lib/python3.6/site-packages/airflow/example_dags/plugins/workday.py for tasks to queue
[2021-11-02 15:58:15,908] {logging_mixin.py:109} INFO - [2021-11-02 15:58:15,908] {dagbag.py:500} INFO - Filling up the DagBag from /home/linuxadmin/.local/lib/python3.6/site-packages/airflow/example_dags/plugins/workday.py
[2021-11-02 15:58:15,930] {processor.py:634} WARNING - No viable dags retrieved from /home/linuxadmin/.local/lib/python3.6/site-packages/airflow/example_dags/plugins/workday.py
[2021-11-02 15:58:15,934] {processor.py:171} INFO - Processing /home/linuxadmin/.local/lib/python3.6/site-packages/airflow/example_dags/plugins/workday.py took 0.033 seconds
[2021-11-02 15:58:20,275] {processor.py:163} INFO - Started process (PID=180120) to work on /home/linuxadmin/.local/lib/python3.6/site-packages/airflow/example_dags/plugins/workday.py
[2021-11-02 15:58:20,277] {processor.py:620} INFO - Processing file /home/linuxadmin/.local/lib/python3.6/site-packages/airflow/example_dags/plugins/workday.py for tasks to queue
[2021-11-02 15:58:20,278] {logging_mixin.py:109} INFO - [2021-11-02 15:58:20,278] {dagbag.py:500} INFO - Filling up the DagBag from /home/linuxadmin/.local/lib/python3.6/site-packages/airflow/example_dags/plugins/workday.py
[2021-11-02 15:58:20,301] {processor.py:634} WARNING - No viable dags retrieved from /home/linuxadmin/.local/lib/python3.6/site-packages/airflow/example_dags/plugins/workday.py
[2021-11-02 15:58:20,304] {processor.py:171} INFO - Processing /home/linuxadmin/.local/lib/python3.6/site-packages/airflow/example_dags/plugins/workday.py took 0.034 seconds
[2021-11-02 15:58:24,297] {processor.py:163} INFO - Started process (PID=180240) to work on /home/linuxadmin/.local/lib/python3.6/site-packages/airflow/example_dags/plugins/workday.py
[2021-11-02 15:58:24,298] {processor.py:620} INFO - Processing file /home/linuxadmin/.local/lib/python3.6/site-packages/airflow/example_dags/plugins/workday.py for tasks to queue
[2021-11-02 15:58:24,299] {logging_mixin.py:109} INFO - [2021-11-02 15:58:24,299] {dagbag.py:500} INFO - Filling up the DagBag from /home/linuxadmin/.local/lib/python3.6/site-packages/airflow/example_dags/plugins/workday.py
[2021-11-02 15:58:24,328] {processor.py:634} WARNING - No viable dags retrieved from /home/linuxadmin/.local/lib/python3.6/site-packages/airflow/example_dags/plugins/workday.py
[2021-11-02 15:58:24,333] {processor.py:171} INFO - Processing /home/linuxadmin/.local/lib/python3.6/site-packages/airflow/example_dags/plugins/workday.py took 0.042 seconds
[2021-11-02 15:58:29,700] {processor.py:163} INFO - Started process (PID=180363) to work on /home/linuxadmin/.local/lib/python3.6/site-packages/airflow/example_dags/plugins/workday.py
[2021-11-02 15:58:29,702] {processor.py:620} INFO - Processing file /home/linuxadmin/.local/lib/python3.6/site-packages/airflow/example_dags/plugins/workday.py for tasks to queue
[2021-11-02 15:58:29,703] {logging_mixin.py:109} INFO - [2021-11-02 15:58:29,702] {dagbag.py:500} INFO - Filling up the DagBag from /home/linuxadmin/.local/lib/python3.6/site-packages/airflow/example_dags/plugins/workday.py
[2021-11-02 15:58:29,729] {processor.py:634} WARNING - No viable dags retrieved from /home/linuxadmin/.local/lib/python3.6/site-packages/airflow/example_dags/plugins/workday.py
[2021-11-02 15:58:29,733] {processor.py:171} INFO - Processing /home/linuxadmin/.local/lib/python3.6/site-packages/airflow/example_dags/plugins/workday.py took 0.039 seconds
[2021-11-02 15:58:34,008] {processor.py:163} INFO - Started process (PID=180482) to work on /home/linuxadmin/.local/lib/python3.6/site-packages/airflow/example_dags/plugins/workday.py
[2021-11-02 15:58:34,009] {processor.py:620} INFO - Processing file /home/linuxadmin/.local/lib/python3.6/site-packages/airflow/example_dags/plugins/workday.py for tasks to queue
[2021-11-02 15:58:34,010] {logging_mixin.py:109} INFO - [2021-11-02 15:58:34,010] {dagbag.py:500} INFO - Filling up the DagBag from /home/linuxadmin/.local/lib/python3.6/site-packages/airflow/example_dags/plugins/workday.py
[2021-11-02 15:58:34,033] {processor.py:634} WARNING - No viable dags retrieved from /home/linuxadmin/.local/lib/python3.6/site-packages/airflow/example_dags/plugins/workday.py
[2021-11-02 15:58:34,038] {processor.py:171} INFO - Processing /home/linuxadmin/.local/lib/python3.6/site-packages/airflow/example_dags/plugins/workday.py took 0.034 seconds
[2021-11-02 15:58:38,737] {processor.py:163} INFO - Started process (PID=180605) to work on /home/linuxadmin/.local/lib/python3.6/site-packages/airflow/example_dags/plugins/workday.py
[2021-11-02 15:58:38,739] {processor.py:620} INFO - Processing file /home/linuxadmin/.local/lib/python3.6/site-packages/airflow/example_dags/plugins/workday.py for tasks to queue
[2021-11-02 15:58:38,740] {logging_mixin.py:109} INFO - [2021-11-02 15:58:38,739] {dagbag.py:500} INFO - Filling up the DagBag from /home/linuxadmin/.local/lib/python3.6/site-packages/airflow/example_dags/plugins/workday.py
[2021-11-02 15:58:38,763] {processor.py:634} WARNING - No viable dags retrieved from /home/linuxadmin/.local/lib/python3.6/site-packages/airflow/example_dags/plugins/workday.py
[2021-11-02 15:58:38,767] {processor.py:171} INFO - Processing /home/linuxadmin/.local/lib/python3.6/site-packages/airflow/example_dags/plugins/workday.py took 0.036 seconds
[2021-11-02 15:58:42,801] {processor.py:163} INFO - Started process (PID=180724) to work on /home/linuxadmin/.local/lib/python3.6/site-packages/airflow/example_dags/plugins/workday.py
[2021-11-02 15:58:42,803] {processor.py:620} INFO - Processing file /home/linuxadmin/.local/lib/python3.6/site-packages/airflow/example_dags/plugins/workday.py for tasks to queue
[2021-11-02 15:58:42,803] {logging_mixin.py:109} INFO - [2021-11-02 15:58:42,803] {dagbag.py:500} INFO - Filling up the DagBag from /home/linuxadmin/.local/lib/python3.6/site-packages/airflow/example_dags/plugins/workday.py
[2021-11-02 15:58:42,833] {processor.py:634} WARNING - No viable dags retrieved from /home/linuxadmin/.local/lib/python3.6/site-packages/airflow/example_dags/plugins/workday.py
[2021-11-02 15:58:42,837] {processor.py:171} INFO - Processing /home/linuxadmin/.local/lib/python3.6/site-packages/airflow/example_dags/plugins/workday.py took 0.041 seconds
[2021-11-02 15:58:47,308] {processor.py:163} INFO - Started process (PID=180848) to work on /home/linuxadmin/.local/lib/python3.6/site-packages/airflow/example_dags/plugins/workday.py
[2021-11-02 15:58:47,309] {processor.py:620} INFO - Processing file /home/linuxadmin/.local/lib/python3.6/site-packages/airflow/example_dags/plugins/workday.py for tasks to queue
[2021-11-02 15:58:47,310] {logging_mixin.py:109} INFO - [2021-11-02 15:58:47,310] {dagbag.py:500} INFO - Filling up the DagBag from /home/linuxadmin/.local/lib/python3.6/site-packages/airflow/example_dags/plugins/workday.py
[2021-11-02 15:58:47,339] {processor.py:634} WARNING - No viable dags retrieved from /home/linuxadmin/.local/lib/python3.6/site-packages/airflow/example_dags/plugins/workday.py
[2021-11-02 15:58:47,342] {processor.py:171} INFO - Processing /home/linuxadmin/.local/lib/python3.6/site-packages/airflow/example_dags/plugins/workday.py took 0.038 seconds
[2021-11-02 15:58:51,210] {processor.py:163} INFO - Started process (PID=180968) to work on /home/linuxadmin/.local/lib/python3.6/site-packages/airflow/example_dags/plugins/workday.py
[2021-11-02 15:58:51,212] {processor.py:620} INFO - Processing file /home/linuxadmin/.local/lib/python3.6/site-packages/airflow/example_dags/plugins/workday.py for tasks to queue
[2021-11-02 15:58:51,213] {logging_mixin.py:109} INFO - [2021-11-02 15:58:51,212] {dagbag.py:500} INFO - Filling up the DagBag from /home/linuxadmin/.local/lib/python3.6/site-packages/airflow/example_dags/plugins/workday.py
[2021-11-02 15:58:51,239] {processor.py:634} WARNING - No viable dags retrieved from /home/linuxadmin/.local/lib/python3.6/site-packages/airflow/example_dags/plugins/workday.py
[2021-11-02 15:58:51,243] {processor.py:171} INFO - Processing /home/linuxadmin/.local/lib/python3.6/site-packages/airflow/example_dags/plugins/workday.py took 0.039 seconds
[2021-11-02 15:58:55,652] {processor.py:163} INFO - Started process (PID=181091) to work on /home/linuxadmin/.local/lib/python3.6/site-packages/airflow/example_dags/plugins/workday.py
[2021-11-02 15:58:55,655] {processor.py:620} INFO - Processing file /home/linuxadmin/.local/lib/python3.6/site-packages/airflow/example_dags/plugins/workday.py for tasks to queue
[2021-11-02 15:58:55,656] {logging_mixin.py:109} INFO - [2021-11-02 15:58:55,656] {dagbag.py:500} INFO - Filling up the DagBag from /home/linuxadmin/.local/lib/python3.6/site-packages/airflow/example_dags/plugins/workday.py
[2021-11-02 15:58:55,686] {processor.py:634} WARNING - No viable dags retrieved from /home/linuxadmin/.local/lib/python3.6/site-packages/airflow/example_dags/plugins/workday.py
[2021-11-02 15:58:55,690] {processor.py:171} INFO - Processing /home/linuxadmin/.local/lib/python3.6/site-packages/airflow/example_dags/plugins/workday.py took 0.043 seconds
[2021-11-02 15:59:00,407] {processor.py:163} INFO - Started process (PID=181210) to work on /home/linuxadmin/.local/lib/python3.6/site-packages/airflow/example_dags/plugins/workday.py
[2021-11-02 15:59:00,408] {processor.py:620} INFO - Processing file /home/linuxadmin/.local/lib/python3.6/site-packages/airflow/example_dags/plugins/workday.py for tasks to queue
[2021-11-02 15:59:00,409] {logging_mixin.py:109} INFO - [2021-11-02 15:59:00,409] {dagbag.py:500} INFO - Filling up the DagBag from /home/linuxadmin/.local/lib/python3.6/site-packages/airflow/example_dags/plugins/workday.py
[2021-11-02 15:59:00,438] {processor.py:634} WARNING - No viable dags retrieved from /home/linuxadmin/.local/lib/python3.6/site-packages/airflow/example_dags/plugins/workday.py
[2021-11-02 15:59:00,445] {processor.py:171} INFO - Processing /home/linuxadmin/.local/lib/python3.6/site-packages/airflow/example_dags/plugins/workday.py took 0.044 seconds
[2021-11-02 15:59:05,738] {processor.py:163} INFO - Started process (PID=181336) to work on /home/linuxadmin/.local/lib/python3.6/site-packages/airflow/example_dags/plugins/workday.py
[2021-11-02 15:59:05,740] {processor.py:620} INFO - Processing file /home/linuxadmin/.local/lib/python3.6/site-packages/airflow/example_dags/plugins/workday.py for tasks to queue
[2021-11-02 15:59:05,740] {logging_mixin.py:109} INFO - [2021-11-02 15:59:05,740] {dagbag.py:500} INFO - Filling up the DagBag from /home/linuxadmin/.local/lib/python3.6/site-packages/airflow/example_dags/plugins/workday.py
[2021-11-02 15:59:05,767] {processor.py:634} WARNING - No viable dags retrieved from /home/linuxadmin/.local/lib/python3.6/site-packages/airflow/example_dags/plugins/workday.py
[2021-11-02 15:59:05,771] {processor.py:171} INFO - Processing /home/linuxadmin/.local/lib/python3.6/site-packages/airflow/example_dags/plugins/workday.py took 0.038 seconds
[2021-11-02 15:59:09,903] {processor.py:163} INFO - Started process (PID=181457) to work on /home/linuxadmin/.local/lib/python3.6/site-packages/airflow/example_dags/plugins/workday.py
[2021-11-02 15:59:09,905] {processor.py:620} INFO - Processing file /home/linuxadmin/.local/lib/python3.6/site-packages/airflow/example_dags/plugins/workday.py for tasks to queue
[2021-11-02 15:59:09,906] {logging_mixin.py:109} INFO - [2021-11-02 15:59:09,906] {dagbag.py:500} INFO - Filling up the DagBag from /home/linuxadmin/.local/lib/python3.6/site-packages/airflow/example_dags/plugins/workday.py
[2021-11-02 15:59:09,936] {processor.py:634} WARNING - No viable dags retrieved from /home/linuxadmin/.local/lib/python3.6/site-packages/airflow/example_dags/plugins/workday.py
[2021-11-02 15:59:09,940] {processor.py:171} INFO - Processing /home/linuxadmin/.local/lib/python3.6/site-packages/airflow/example_dags/plugins/workday.py took 0.042 seconds
