[2021-10-14 14:39:51,915] {taskinstance.py:1035} INFO - Dependencies all met for <TaskInstance: my_dag.training_model_B scheduled__2021-10-13T00:00:00+00:00 [queued]>
[2021-10-14 14:39:51,923] {taskinstance.py:1035} INFO - Dependencies all met for <TaskInstance: my_dag.training_model_B scheduled__2021-10-13T00:00:00+00:00 [queued]>
[2021-10-14 14:39:51,924] {taskinstance.py:1241} INFO - 
--------------------------------------------------------------------------------
[2021-10-14 14:39:51,924] {taskinstance.py:1242} INFO - Starting attempt 1 of 2
[2021-10-14 14:39:51,924] {taskinstance.py:1243} INFO - 
--------------------------------------------------------------------------------
[2021-10-14 14:39:51,935] {taskinstance.py:1262} INFO - Executing <Task(PythonOperator): training_model_B> on 2021-10-13 00:00:00+00:00
[2021-10-14 14:39:51,937] {standard_task_runner.py:52} INFO - Started process 12362 to run task
[2021-10-14 14:39:51,941] {standard_task_runner.py:76} INFO - Running: ['airflow', 'tasks', 'run', 'my_dag', 'training_model_B', 'scheduled__2021-10-13T00:00:00+00:00', '--job-id', '20', '--raw', '--subdir', 'DAGS_FOLDER/my_dag.py', '--cfg-path', '/tmp/tmppt64l4w4', '--error-file', '/tmp/tmpqhb2t7z4']
[2021-10-14 14:39:51,943] {standard_task_runner.py:77} INFO - Job 20: Subtask training_model_B
[2021-10-14 14:39:51,970] {logging_mixin.py:109} INFO - Running <TaskInstance: my_dag.training_model_B scheduled__2021-10-13T00:00:00+00:00 [running]> on host user-Latitude-3410
[2021-10-14 14:39:51,997] {taskinstance.py:1414} INFO - Exporting the following env vars:
AIRFLOW_CTX_DAG_EMAIL=airflow@example.com
AIRFLOW_CTX_DAG_OWNER=airflow
AIRFLOW_CTX_DAG_ID=my_dag
AIRFLOW_CTX_TASK_ID=training_model_B
AIRFLOW_CTX_EXECUTION_DATE=2021-10-13T00:00:00+00:00
AIRFLOW_CTX_DAG_RUN_ID=scheduled__2021-10-13T00:00:00+00:00
[2021-10-14 14:39:51,998] {python.py:152} INFO - Done. Returned value was: 7
[2021-10-14 14:39:52,010] {taskinstance.py:1280} INFO - Marking task as SUCCESS. dag_id=my_dag, task_id=training_model_B, execution_date=20211013T000000, start_date=20211014T090951, end_date=20211014T090952
[2021-10-14 14:39:52,035] {local_task_job.py:154} INFO - Task exited with return code 0
[2021-10-14 14:39:52,106] {local_task_job.py:264} INFO - 0 downstream tasks scheduled from follow-on schedule check
[2021-10-14 14:40:01,309] {taskinstance.py:1035} INFO - Dependencies all met for <TaskInstance: my_dag.training_model_B manual__2021-10-14T09:09:53.722625+00:00 [queued]>
[2021-10-14 14:40:01,318] {taskinstance.py:1035} INFO - Dependencies all met for <TaskInstance: my_dag.training_model_B manual__2021-10-14T09:09:53.722625+00:00 [queued]>
[2021-10-14 14:40:01,318] {taskinstance.py:1241} INFO - 
--------------------------------------------------------------------------------
[2021-10-14 14:40:01,318] {taskinstance.py:1242} INFO - Starting attempt 1 of 2
[2021-10-14 14:40:01,318] {taskinstance.py:1243} INFO - 
--------------------------------------------------------------------------------
[2021-10-14 14:40:01,329] {taskinstance.py:1262} INFO - Executing <Task(PythonOperator): training_model_B> on 2021-10-14 09:09:53.722625+00:00
[2021-10-14 14:40:01,331] {standard_task_runner.py:52} INFO - Started process 12547 to run task
[2021-10-14 14:40:01,335] {standard_task_runner.py:76} INFO - Running: ['airflow', 'tasks', 'run', 'my_dag', 'training_model_B', 'manual__2021-10-14T09:09:53.722625+00:00', '--job-id', '23', '--raw', '--subdir', 'DAGS_FOLDER/my_dag.py', '--cfg-path', '/tmp/tmpvuuryow1', '--error-file', '/tmp/tmpgu52g62_']
[2021-10-14 14:40:01,337] {standard_task_runner.py:77} INFO - Job 23: Subtask training_model_B
[2021-10-14 14:40:01,367] {logging_mixin.py:109} INFO - Running <TaskInstance: my_dag.training_model_B manual__2021-10-14T09:09:53.722625+00:00 [running]> on host user-Latitude-3410
[2021-10-14 14:40:01,402] {taskinstance.py:1414} INFO - Exporting the following env vars:
AIRFLOW_CTX_DAG_EMAIL=airflow@example.com
AIRFLOW_CTX_DAG_OWNER=airflow
AIRFLOW_CTX_DAG_ID=my_dag
AIRFLOW_CTX_TASK_ID=training_model_B
AIRFLOW_CTX_EXECUTION_DATE=2021-10-14T09:09:53.722625+00:00
AIRFLOW_CTX_DAG_RUN_ID=manual__2021-10-14T09:09:53.722625+00:00
[2021-10-14 14:40:01,403] {python.py:152} INFO - Done. Returned value was: 4
[2021-10-14 14:40:01,418] {taskinstance.py:1280} INFO - Marking task as SUCCESS. dag_id=my_dag, task_id=training_model_B, execution_date=20211014T090953, start_date=20211014T091001, end_date=20211014T091001
[2021-10-14 14:40:01,468] {local_task_job.py:154} INFO - Task exited with return code 0
[2021-10-14 14:40:01,533] {local_task_job.py:264} INFO - 0 downstream tasks scheduled from follow-on schedule check
[2021-10-14 14:47:38,623] {taskinstance.py:1035} INFO - Dependencies all met for <TaskInstance: my_dag.training_model_B manual__2021-10-14T09:17:34.915835+00:00 [queued]>
[2021-10-14 14:47:38,644] {taskinstance.py:1035} INFO - Dependencies all met for <TaskInstance: my_dag.training_model_B manual__2021-10-14T09:17:34.915835+00:00 [queued]>
[2021-10-14 14:47:38,644] {taskinstance.py:1241} INFO - 
--------------------------------------------------------------------------------
[2021-10-14 14:47:38,644] {taskinstance.py:1242} INFO - Starting attempt 1 of 2
[2021-10-14 14:47:38,644] {taskinstance.py:1243} INFO - 
--------------------------------------------------------------------------------
[2021-10-14 14:47:38,661] {taskinstance.py:1262} INFO - Executing <Task(PythonOperator): training_model_B> on 2021-10-14 09:17:34.915835+00:00
[2021-10-14 14:47:38,664] {standard_task_runner.py:52} INFO - Started process 15087 to run task
[2021-10-14 14:47:38,676] {standard_task_runner.py:76} INFO - Running: ['airflow', 'tasks', 'run', 'my_dag', 'training_model_B', 'manual__2021-10-14T09:17:34.915835+00:00', '--job-id', '31', '--raw', '--subdir', 'DAGS_FOLDER/my_dag.py', '--cfg-path', '/tmp/tmp7e4npkcd', '--error-file', '/tmp/tmpb531yvdj']
[2021-10-14 14:47:38,678] {standard_task_runner.py:77} INFO - Job 31: Subtask training_model_B
[2021-10-14 14:47:38,732] {logging_mixin.py:109} INFO - Running <TaskInstance: my_dag.training_model_B manual__2021-10-14T09:17:34.915835+00:00 [running]> on host user-Latitude-3410
[2021-10-14 14:47:38,778] {taskinstance.py:1414} INFO - Exporting the following env vars:
AIRFLOW_CTX_DAG_EMAIL=airflow@example.com
AIRFLOW_CTX_DAG_OWNER=airflow
AIRFLOW_CTX_DAG_ID=my_dag
AIRFLOW_CTX_TASK_ID=training_model_B
AIRFLOW_CTX_EXECUTION_DATE=2021-10-14T09:17:34.915835+00:00
AIRFLOW_CTX_DAG_RUN_ID=manual__2021-10-14T09:17:34.915835+00:00
[2021-10-14 14:47:38,780] {logging_mixin.py:109} INFO - 2
[2021-10-14 14:47:38,780] {python.py:152} INFO - Done. Returned value was: 6
[2021-10-14 14:47:38,811] {taskinstance.py:1280} INFO - Marking task as SUCCESS. dag_id=my_dag, task_id=training_model_B, execution_date=20211014T091734, start_date=20211014T091738, end_date=20211014T091738
[2021-10-14 14:47:38,846] {local_task_job.py:154} INFO - Task exited with return code 0
[2021-10-14 14:47:38,890] {local_task_job.py:264} INFO - 0 downstream tasks scheduled from follow-on schedule check
[2021-10-14 14:48:02,821] {taskinstance.py:1035} INFO - Dependencies all met for <TaskInstance: my_dag.training_model_B manual__2021-10-14T09:17:58.165785+00:00 [queued]>
[2021-10-14 14:48:02,827] {taskinstance.py:1035} INFO - Dependencies all met for <TaskInstance: my_dag.training_model_B manual__2021-10-14T09:17:58.165785+00:00 [queued]>
[2021-10-14 14:48:02,827] {taskinstance.py:1241} INFO - 
--------------------------------------------------------------------------------
[2021-10-14 14:48:02,827] {taskinstance.py:1242} INFO - Starting attempt 1 of 2
[2021-10-14 14:48:02,827] {taskinstance.py:1243} INFO - 
--------------------------------------------------------------------------------
[2021-10-14 14:48:02,839] {taskinstance.py:1262} INFO - Executing <Task(PythonOperator): training_model_B> on 2021-10-14 09:17:58.165785+00:00
[2021-10-14 14:48:02,842] {standard_task_runner.py:52} INFO - Started process 15337 to run task
[2021-10-14 14:48:02,845] {standard_task_runner.py:76} INFO - Running: ['airflow', 'tasks', 'run', 'my_dag', 'training_model_B', 'manual__2021-10-14T09:17:58.165785+00:00', '--job-id', '36', '--raw', '--subdir', 'DAGS_FOLDER/my_dag.py', '--cfg-path', '/tmp/tmptm1cptlx', '--error-file', '/tmp/tmpbe4t_y_c']
[2021-10-14 14:48:02,847] {standard_task_runner.py:77} INFO - Job 36: Subtask training_model_B
[2021-10-14 14:48:02,875] {logging_mixin.py:109} INFO - Running <TaskInstance: my_dag.training_model_B manual__2021-10-14T09:17:58.165785+00:00 [running]> on host user-Latitude-3410
[2021-10-14 14:48:02,914] {taskinstance.py:1414} INFO - Exporting the following env vars:
AIRFLOW_CTX_DAG_EMAIL=airflow@example.com
AIRFLOW_CTX_DAG_OWNER=airflow
AIRFLOW_CTX_DAG_ID=my_dag
AIRFLOW_CTX_TASK_ID=training_model_B
AIRFLOW_CTX_EXECUTION_DATE=2021-10-14T09:17:58.165785+00:00
AIRFLOW_CTX_DAG_RUN_ID=manual__2021-10-14T09:17:58.165785+00:00
[2021-10-14 14:48:02,914] {logging_mixin.py:109} INFO - 10
[2021-10-14 14:48:02,914] {python.py:152} INFO - Done. Returned value was: 10
[2021-10-14 14:48:02,926] {taskinstance.py:1280} INFO - Marking task as SUCCESS. dag_id=my_dag, task_id=training_model_B, execution_date=20211014T091758, start_date=20211014T091802, end_date=20211014T091802
[2021-10-14 14:48:02,944] {local_task_job.py:154} INFO - Task exited with return code 0
[2021-10-14 14:48:02,968] {local_task_job.py:264} INFO - 0 downstream tasks scheduled from follow-on schedule check
[2021-10-14 14:53:40,086] {taskinstance.py:1035} INFO - Dependencies all met for <TaskInstance: my_dag.training_model_B manual__2021-10-14T09:23:35.802497+00:00 [queued]>
[2021-10-14 14:53:40,102] {taskinstance.py:1035} INFO - Dependencies all met for <TaskInstance: my_dag.training_model_B manual__2021-10-14T09:23:35.802497+00:00 [queued]>
[2021-10-14 14:53:40,103] {taskinstance.py:1241} INFO - 
--------------------------------------------------------------------------------
[2021-10-14 14:53:40,103] {taskinstance.py:1242} INFO - Starting attempt 1 of 2
[2021-10-14 14:53:40,103] {taskinstance.py:1243} INFO - 
--------------------------------------------------------------------------------
[2021-10-14 14:53:40,123] {taskinstance.py:1262} INFO - Executing <Task(PythonOperator): training_model_B> on 2021-10-14 09:23:35.802497+00:00
[2021-10-14 14:53:40,126] {standard_task_runner.py:52} INFO - Started process 16706 to run task
[2021-10-14 14:53:40,131] {standard_task_runner.py:76} INFO - Running: ['airflow', 'tasks', 'run', 'my_dag', 'training_model_B', 'manual__2021-10-14T09:23:35.802497+00:00', '--job-id', '42', '--raw', '--subdir', 'DAGS_FOLDER/my_dag.py', '--cfg-path', '/tmp/tmpbbogwbgb', '--error-file', '/tmp/tmpepnbtm8v']
[2021-10-14 14:53:40,133] {standard_task_runner.py:77} INFO - Job 42: Subtask training_model_B
[2021-10-14 14:53:40,208] {logging_mixin.py:109} INFO - Running <TaskInstance: my_dag.training_model_B manual__2021-10-14T09:23:35.802497+00:00 [running]> on host user-Latitude-3410
[2021-10-14 14:53:40,278] {taskinstance.py:1414} INFO - Exporting the following env vars:
AIRFLOW_CTX_DAG_EMAIL=airflow@example.com
AIRFLOW_CTX_DAG_OWNER=airflow
AIRFLOW_CTX_DAG_ID=my_dag
AIRFLOW_CTX_TASK_ID=training_model_B
AIRFLOW_CTX_EXECUTION_DATE=2021-10-14T09:23:35.802497+00:00
AIRFLOW_CTX_DAG_RUN_ID=manual__2021-10-14T09:23:35.802497+00:00
[2021-10-14 14:53:40,280] {logging_mixin.py:109} INFO - 1
[2021-10-14 14:53:40,280] {python.py:152} INFO - Done. Returned value was: 1
[2021-10-14 14:53:40,310] {taskinstance.py:1280} INFO - Marking task as SUCCESS. dag_id=my_dag, task_id=training_model_B, execution_date=20211014T092335, start_date=20211014T092340, end_date=20211014T092340
[2021-10-14 14:53:40,395] {local_task_job.py:154} INFO - Task exited with return code 0
[2021-10-14 14:53:40,463] {local_task_job.py:264} INFO - 0 downstream tasks scheduled from follow-on schedule check
