[2021-10-18 17:17:31,401] {processor.py:163} INFO - Started process (PID=22940) to work on /home/user/workspace/airflow/dags/variable.py
[2021-10-18 17:17:31,402] {processor.py:620} INFO - Processing file /home/user/workspace/airflow/dags/variable.py for tasks to queue
[2021-10-18 17:17:31,402] {logging_mixin.py:109} INFO - [2021-10-18 17:17:31,402] {dagbag.py:500} INFO - Filling up the DagBag from /home/user/workspace/airflow/dags/variable.py
[2021-10-18 17:17:31,439] {processor.py:632} INFO - DAG(s) dict_keys(['example_variables']) retrieved from /home/user/workspace/airflow/dags/variable.py
[2021-10-18 17:17:31,456] {logging_mixin.py:109} INFO - [2021-10-18 17:17:31,456] {dag.py:2389} INFO - Sync 1 DAGs
[2021-10-18 17:17:31,482] {logging_mixin.py:109} INFO - [2021-10-18 17:17:31,481] {dag.py:2914} INFO - Setting next_dagrun for example_variables to None
[2021-10-18 17:17:31,495] {processor.py:171} INFO - Processing /home/user/workspace/airflow/dags/variable.py took 0.097 seconds
[2021-10-18 17:18:36,299] {processor.py:163} INFO - Started process (PID=23424) to work on /home/user/workspace/airflow/dags/variable.py
[2021-10-18 17:18:36,301] {processor.py:620} INFO - Processing file /home/user/workspace/airflow/dags/variable.py for tasks to queue
[2021-10-18 17:18:36,303] {logging_mixin.py:109} INFO - [2021-10-18 17:18:36,302] {dagbag.py:500} INFO - Filling up the DagBag from /home/user/workspace/airflow/dags/variable.py
[2021-10-18 17:18:36,391] {processor.py:632} INFO - DAG(s) dict_keys(['example_variables']) retrieved from /home/user/workspace/airflow/dags/variable.py
[2021-10-18 17:18:36,427] {logging_mixin.py:109} INFO - [2021-10-18 17:18:36,426] {dag.py:2389} INFO - Sync 1 DAGs
[2021-10-18 17:18:36,479] {logging_mixin.py:109} INFO - [2021-10-18 17:18:36,479] {dag.py:2914} INFO - Setting next_dagrun for example_variables to None
[2021-10-18 17:18:36,499] {processor.py:171} INFO - Processing /home/user/workspace/airflow/dags/variable.py took 0.209 seconds
[2021-10-18 17:19:28,881] {processor.py:163} INFO - Started process (PID=23594) to work on /home/user/workspace/airflow/dags/variable.py
[2021-10-18 17:19:28,883] {processor.py:620} INFO - Processing file /home/user/workspace/airflow/dags/variable.py for tasks to queue
[2021-10-18 17:19:28,885] {logging_mixin.py:109} INFO - [2021-10-18 17:19:28,885] {dagbag.py:500} INFO - Filling up the DagBag from /home/user/workspace/airflow/dags/variable.py
[2021-10-18 17:19:28,954] {processor.py:632} INFO - DAG(s) dict_keys(['example_variables']) retrieved from /home/user/workspace/airflow/dags/variable.py
[2021-10-18 17:19:28,983] {logging_mixin.py:109} INFO - [2021-10-18 17:19:28,982] {dag.py:2389} INFO - Sync 1 DAGs
[2021-10-18 17:19:29,019] {logging_mixin.py:109} INFO - [2021-10-18 17:19:29,018] {dag.py:2914} INFO - Setting next_dagrun for example_variables to None
[2021-10-18 17:19:29,040] {processor.py:171} INFO - Processing /home/user/workspace/airflow/dags/variable.py took 0.167 seconds
[2021-10-18 17:20:09,424] {processor.py:163} INFO - Started process (PID=23677) to work on /home/user/workspace/airflow/dags/variable.py
[2021-10-18 17:20:09,425] {processor.py:620} INFO - Processing file /home/user/workspace/airflow/dags/variable.py for tasks to queue
[2021-10-18 17:20:09,426] {logging_mixin.py:109} INFO - [2021-10-18 17:20:09,426] {dagbag.py:500} INFO - Filling up the DagBag from /home/user/workspace/airflow/dags/variable.py
[2021-10-18 17:20:09,480] {processor.py:632} INFO - DAG(s) dict_keys(['example_variables']) retrieved from /home/user/workspace/airflow/dags/variable.py
[2021-10-18 17:20:09,500] {logging_mixin.py:109} INFO - [2021-10-18 17:20:09,500] {dag.py:2389} INFO - Sync 1 DAGs
[2021-10-18 17:20:09,519] {logging_mixin.py:109} INFO - [2021-10-18 17:20:09,518] {dag.py:2914} INFO - Setting next_dagrun for example_variables to None
[2021-10-18 17:20:09,527] {processor.py:171} INFO - Processing /home/user/workspace/airflow/dags/variable.py took 0.109 seconds
[2021-10-18 17:20:46,119] {processor.py:163} INFO - Started process (PID=23739) to work on /home/user/workspace/airflow/dags/variable.py
[2021-10-18 17:20:46,121] {processor.py:620} INFO - Processing file /home/user/workspace/airflow/dags/variable.py for tasks to queue
[2021-10-18 17:20:46,122] {logging_mixin.py:109} INFO - [2021-10-18 17:20:46,122] {dagbag.py:500} INFO - Filling up the DagBag from /home/user/workspace/airflow/dags/variable.py
[2021-10-18 17:20:46,188] {processor.py:632} INFO - DAG(s) dict_keys(['example_variables']) retrieved from /home/user/workspace/airflow/dags/variable.py
[2021-10-18 17:20:46,212] {logging_mixin.py:109} INFO - [2021-10-18 17:20:46,211] {dag.py:2389} INFO - Sync 1 DAGs
[2021-10-18 17:20:46,238] {logging_mixin.py:109} INFO - [2021-10-18 17:20:46,238] {dag.py:2914} INFO - Setting next_dagrun for example_variables to None
[2021-10-18 17:20:46,248] {processor.py:171} INFO - Processing /home/user/workspace/airflow/dags/variable.py took 0.135 seconds
[2021-10-18 17:21:25,080] {processor.py:163} INFO - Started process (PID=23836) to work on /home/user/workspace/airflow/dags/variable.py
[2021-10-18 17:21:25,092] {processor.py:620} INFO - Processing file /home/user/workspace/airflow/dags/variable.py for tasks to queue
[2021-10-18 17:21:25,093] {logging_mixin.py:109} INFO - [2021-10-18 17:21:25,093] {dagbag.py:500} INFO - Filling up the DagBag from /home/user/workspace/airflow/dags/variable.py
[2021-10-18 17:21:25,152] {processor.py:632} INFO - DAG(s) dict_keys(['example_variables']) retrieved from /home/user/workspace/airflow/dags/variable.py
[2021-10-18 17:21:25,174] {logging_mixin.py:109} INFO - [2021-10-18 17:21:25,174] {dag.py:2389} INFO - Sync 1 DAGs
[2021-10-18 17:21:25,204] {logging_mixin.py:109} INFO - [2021-10-18 17:21:25,204] {dag.py:2914} INFO - Setting next_dagrun for example_variables to None
[2021-10-18 17:21:25,215] {processor.py:171} INFO - Processing /home/user/workspace/airflow/dags/variable.py took 0.140 seconds
[2021-10-18 17:22:06,503] {processor.py:163} INFO - Started process (PID=24025) to work on /home/user/workspace/airflow/dags/variable.py
[2021-10-18 17:22:06,506] {processor.py:620} INFO - Processing file /home/user/workspace/airflow/dags/variable.py for tasks to queue
[2021-10-18 17:22:06,507] {logging_mixin.py:109} INFO - [2021-10-18 17:22:06,507] {dagbag.py:500} INFO - Filling up the DagBag from /home/user/workspace/airflow/dags/variable.py
[2021-10-18 17:22:06,564] {processor.py:632} INFO - DAG(s) dict_keys(['example_variables']) retrieved from /home/user/workspace/airflow/dags/variable.py
[2021-10-18 17:22:06,585] {logging_mixin.py:109} INFO - [2021-10-18 17:22:06,585] {dag.py:2389} INFO - Sync 1 DAGs
[2021-10-18 17:22:06,613] {logging_mixin.py:109} INFO - [2021-10-18 17:22:06,613] {dag.py:2914} INFO - Setting next_dagrun for example_variables to None
[2021-10-18 17:22:06,627] {processor.py:171} INFO - Processing /home/user/workspace/airflow/dags/variable.py took 0.129 seconds
[2021-10-18 17:22:45,346] {processor.py:163} INFO - Started process (PID=24119) to work on /home/user/workspace/airflow/dags/variable.py
[2021-10-18 17:22:45,348] {processor.py:620} INFO - Processing file /home/user/workspace/airflow/dags/variable.py for tasks to queue
[2021-10-18 17:22:45,349] {logging_mixin.py:109} INFO - [2021-10-18 17:22:45,349] {dagbag.py:500} INFO - Filling up the DagBag from /home/user/workspace/airflow/dags/variable.py
[2021-10-18 17:22:45,399] {processor.py:632} INFO - DAG(s) dict_keys(['example_variables']) retrieved from /home/user/workspace/airflow/dags/variable.py
[2021-10-18 17:22:45,418] {logging_mixin.py:109} INFO - [2021-10-18 17:22:45,417] {dag.py:2389} INFO - Sync 1 DAGs
[2021-10-18 17:22:45,441] {logging_mixin.py:109} INFO - [2021-10-18 17:22:45,441] {dag.py:2914} INFO - Setting next_dagrun for example_variables to None
[2021-10-18 17:22:45,455] {processor.py:171} INFO - Processing /home/user/workspace/airflow/dags/variable.py took 0.114 seconds
[2021-10-18 17:23:22,390] {processor.py:163} INFO - Started process (PID=24187) to work on /home/user/workspace/airflow/dags/variable.py
[2021-10-18 17:23:22,392] {processor.py:620} INFO - Processing file /home/user/workspace/airflow/dags/variable.py for tasks to queue
[2021-10-18 17:23:22,394] {logging_mixin.py:109} INFO - [2021-10-18 17:23:22,393] {dagbag.py:500} INFO - Filling up the DagBag from /home/user/workspace/airflow/dags/variable.py
[2021-10-18 17:23:22,430] {processor.py:632} INFO - DAG(s) dict_keys(['example_variables']) retrieved from /home/user/workspace/airflow/dags/variable.py
[2021-10-18 17:23:22,441] {logging_mixin.py:109} INFO - [2021-10-18 17:23:22,441] {dag.py:2389} INFO - Sync 1 DAGs
[2021-10-18 17:23:22,455] {logging_mixin.py:109} INFO - [2021-10-18 17:23:22,454] {dag.py:2914} INFO - Setting next_dagrun for example_variables to None
[2021-10-18 17:23:22,463] {processor.py:171} INFO - Processing /home/user/workspace/airflow/dags/variable.py took 0.081 seconds
[2021-10-18 17:23:58,390] {processor.py:163} INFO - Started process (PID=24264) to work on /home/user/workspace/airflow/dags/variable.py
[2021-10-18 17:23:58,391] {processor.py:620} INFO - Processing file /home/user/workspace/airflow/dags/variable.py for tasks to queue
[2021-10-18 17:23:58,392] {logging_mixin.py:109} INFO - [2021-10-18 17:23:58,392] {dagbag.py:500} INFO - Filling up the DagBag from /home/user/workspace/airflow/dags/variable.py
[2021-10-18 17:23:58,432] {processor.py:632} INFO - DAG(s) dict_keys(['example_variables']) retrieved from /home/user/workspace/airflow/dags/variable.py
[2021-10-18 17:23:58,447] {logging_mixin.py:109} INFO - [2021-10-18 17:23:58,447] {dag.py:2389} INFO - Sync 1 DAGs
[2021-10-18 17:23:58,467] {logging_mixin.py:109} INFO - [2021-10-18 17:23:58,466] {dag.py:2914} INFO - Setting next_dagrun for example_variables to None
[2021-10-18 17:23:58,478] {processor.py:171} INFO - Processing /home/user/workspace/airflow/dags/variable.py took 0.092 seconds
[2021-10-18 17:24:36,830] {processor.py:163} INFO - Started process (PID=24336) to work on /home/user/workspace/airflow/dags/variable.py
[2021-10-18 17:24:36,832] {processor.py:620} INFO - Processing file /home/user/workspace/airflow/dags/variable.py for tasks to queue
[2021-10-18 17:24:36,832] {logging_mixin.py:109} INFO - [2021-10-18 17:24:36,832] {dagbag.py:500} INFO - Filling up the DagBag from /home/user/workspace/airflow/dags/variable.py
[2021-10-18 17:24:36,865] {processor.py:632} INFO - DAG(s) dict_keys(['example_variables']) retrieved from /home/user/workspace/airflow/dags/variable.py
[2021-10-18 17:24:36,878] {logging_mixin.py:109} INFO - [2021-10-18 17:24:36,878] {dag.py:2389} INFO - Sync 1 DAGs
[2021-10-18 17:24:36,896] {logging_mixin.py:109} INFO - [2021-10-18 17:24:36,895] {dag.py:2914} INFO - Setting next_dagrun for example_variables to None
[2021-10-18 17:24:36,906] {processor.py:171} INFO - Processing /home/user/workspace/airflow/dags/variable.py took 0.079 seconds
[2021-10-18 17:25:20,050] {processor.py:163} INFO - Started process (PID=24419) to work on /home/user/workspace/airflow/dags/variable.py
[2021-10-18 17:25:20,054] {processor.py:620} INFO - Processing file /home/user/workspace/airflow/dags/variable.py for tasks to queue
[2021-10-18 17:25:20,055] {logging_mixin.py:109} INFO - [2021-10-18 17:25:20,055] {dagbag.py:500} INFO - Filling up the DagBag from /home/user/workspace/airflow/dags/variable.py
[2021-10-18 17:25:20,096] {processor.py:632} INFO - DAG(s) dict_keys(['example_variables']) retrieved from /home/user/workspace/airflow/dags/variable.py
[2021-10-18 17:25:20,112] {logging_mixin.py:109} INFO - [2021-10-18 17:25:20,112] {dag.py:2389} INFO - Sync 1 DAGs
[2021-10-18 17:25:20,129] {logging_mixin.py:109} INFO - [2021-10-18 17:25:20,129] {dag.py:2914} INFO - Setting next_dagrun for example_variables to None
[2021-10-18 17:25:20,137] {processor.py:171} INFO - Processing /home/user/workspace/airflow/dags/variable.py took 0.101 seconds
[2021-10-18 17:25:57,360] {processor.py:163} INFO - Started process (PID=24568) to work on /home/user/workspace/airflow/dags/variable.py
[2021-10-18 17:25:57,375] {processor.py:620} INFO - Processing file /home/user/workspace/airflow/dags/variable.py for tasks to queue
[2021-10-18 17:25:57,377] {logging_mixin.py:109} INFO - [2021-10-18 17:25:57,377] {dagbag.py:500} INFO - Filling up the DagBag from /home/user/workspace/airflow/dags/variable.py
[2021-10-18 17:25:57,476] {processor.py:632} INFO - DAG(s) dict_keys(['example_variables']) retrieved from /home/user/workspace/airflow/dags/variable.py
[2021-10-18 17:25:57,510] {logging_mixin.py:109} INFO - [2021-10-18 17:25:57,510] {dag.py:2389} INFO - Sync 1 DAGs
[2021-10-18 17:25:57,545] {logging_mixin.py:109} INFO - [2021-10-18 17:25:57,545] {dag.py:2914} INFO - Setting next_dagrun for example_variables to None
[2021-10-18 17:25:57,564] {processor.py:171} INFO - Processing /home/user/workspace/airflow/dags/variable.py took 0.212 seconds
[2021-10-18 17:26:36,662] {processor.py:163} INFO - Started process (PID=24710) to work on /home/user/workspace/airflow/dags/variable.py
[2021-10-18 17:26:36,664] {processor.py:620} INFO - Processing file /home/user/workspace/airflow/dags/variable.py for tasks to queue
[2021-10-18 17:26:36,665] {logging_mixin.py:109} INFO - [2021-10-18 17:26:36,664] {dagbag.py:500} INFO - Filling up the DagBag from /home/user/workspace/airflow/dags/variable.py
[2021-10-18 17:26:36,709] {processor.py:632} INFO - DAG(s) dict_keys(['example_variables']) retrieved from /home/user/workspace/airflow/dags/variable.py
[2021-10-18 17:26:36,725] {logging_mixin.py:109} INFO - [2021-10-18 17:26:36,725] {dag.py:2389} INFO - Sync 1 DAGs
[2021-10-18 17:26:36,749] {logging_mixin.py:109} INFO - [2021-10-18 17:26:36,749] {dag.py:2914} INFO - Setting next_dagrun for example_variables to None
[2021-10-18 17:26:36,762] {processor.py:171} INFO - Processing /home/user/workspace/airflow/dags/variable.py took 0.105 seconds
[2021-10-18 17:27:14,205] {processor.py:163} INFO - Started process (PID=24773) to work on /home/user/workspace/airflow/dags/variable.py
[2021-10-18 17:27:14,206] {processor.py:620} INFO - Processing file /home/user/workspace/airflow/dags/variable.py for tasks to queue
[2021-10-18 17:27:14,207] {logging_mixin.py:109} INFO - [2021-10-18 17:27:14,207] {dagbag.py:500} INFO - Filling up the DagBag from /home/user/workspace/airflow/dags/variable.py
[2021-10-18 17:27:14,245] {processor.py:632} INFO - DAG(s) dict_keys(['example_variables']) retrieved from /home/user/workspace/airflow/dags/variable.py
[2021-10-18 17:27:14,255] {logging_mixin.py:109} INFO - [2021-10-18 17:27:14,255] {dag.py:2389} INFO - Sync 1 DAGs
[2021-10-18 17:27:14,267] {logging_mixin.py:109} INFO - [2021-10-18 17:27:14,267] {dag.py:2914} INFO - Setting next_dagrun for example_variables to None
[2021-10-18 17:27:14,275] {processor.py:171} INFO - Processing /home/user/workspace/airflow/dags/variable.py took 0.078 seconds
[2021-10-18 17:27:52,731] {processor.py:163} INFO - Started process (PID=24875) to work on /home/user/workspace/airflow/dags/variable.py
[2021-10-18 17:27:52,743] {processor.py:620} INFO - Processing file /home/user/workspace/airflow/dags/variable.py for tasks to queue
[2021-10-18 17:27:52,744] {logging_mixin.py:109} INFO - [2021-10-18 17:27:52,744] {dagbag.py:500} INFO - Filling up the DagBag from /home/user/workspace/airflow/dags/variable.py
[2021-10-18 17:27:52,797] {processor.py:632} INFO - DAG(s) dict_keys(['example_variables']) retrieved from /home/user/workspace/airflow/dags/variable.py
[2021-10-18 17:27:52,815] {logging_mixin.py:109} INFO - [2021-10-18 17:27:52,815] {dag.py:2389} INFO - Sync 1 DAGs
[2021-10-18 17:27:52,840] {logging_mixin.py:109} INFO - [2021-10-18 17:27:52,840] {dag.py:2914} INFO - Setting next_dagrun for example_variables to None
[2021-10-18 17:27:52,855] {processor.py:171} INFO - Processing /home/user/workspace/airflow/dags/variable.py took 0.129 seconds
[2021-10-18 17:28:35,176] {processor.py:163} INFO - Started process (PID=25074) to work on /home/user/workspace/airflow/dags/variable.py
[2021-10-18 17:28:35,178] {processor.py:620} INFO - Processing file /home/user/workspace/airflow/dags/variable.py for tasks to queue
[2021-10-18 17:28:35,179] {logging_mixin.py:109} INFO - [2021-10-18 17:28:35,179] {dagbag.py:500} INFO - Filling up the DagBag from /home/user/workspace/airflow/dags/variable.py
[2021-10-18 17:28:35,235] {processor.py:632} INFO - DAG(s) dict_keys(['example_variables']) retrieved from /home/user/workspace/airflow/dags/variable.py
[2021-10-18 17:28:35,257] {logging_mixin.py:109} INFO - [2021-10-18 17:28:35,256] {dag.py:2389} INFO - Sync 1 DAGs
[2021-10-18 17:28:35,286] {logging_mixin.py:109} INFO - [2021-10-18 17:28:35,286] {dag.py:2914} INFO - Setting next_dagrun for example_variables to None
[2021-10-18 17:28:35,297] {processor.py:171} INFO - Processing /home/user/workspace/airflow/dags/variable.py took 0.127 seconds
[2021-10-18 17:29:16,838] {processor.py:163} INFO - Started process (PID=25177) to work on /home/user/workspace/airflow/dags/variable.py
[2021-10-18 17:29:16,840] {processor.py:620} INFO - Processing file /home/user/workspace/airflow/dags/variable.py for tasks to queue
[2021-10-18 17:29:16,842] {logging_mixin.py:109} INFO - [2021-10-18 17:29:16,841] {dagbag.py:500} INFO - Filling up the DagBag from /home/user/workspace/airflow/dags/variable.py
[2021-10-18 17:29:16,909] {processor.py:632} INFO - DAG(s) dict_keys(['example_variables']) retrieved from /home/user/workspace/airflow/dags/variable.py
[2021-10-18 17:29:16,933] {logging_mixin.py:109} INFO - [2021-10-18 17:29:16,933] {dag.py:2389} INFO - Sync 1 DAGs
[2021-10-18 17:29:16,955] {logging_mixin.py:109} INFO - [2021-10-18 17:29:16,955] {dag.py:2914} INFO - Setting next_dagrun for example_variables to None
[2021-10-18 17:29:16,964] {processor.py:171} INFO - Processing /home/user/workspace/airflow/dags/variable.py took 0.132 seconds
[2021-10-18 17:29:57,990] {processor.py:163} INFO - Started process (PID=25270) to work on /home/user/workspace/airflow/dags/variable.py
[2021-10-18 17:29:58,001] {processor.py:620} INFO - Processing file /home/user/workspace/airflow/dags/variable.py for tasks to queue
[2021-10-18 17:29:58,003] {logging_mixin.py:109} INFO - [2021-10-18 17:29:58,003] {dagbag.py:500} INFO - Filling up the DagBag from /home/user/workspace/airflow/dags/variable.py
[2021-10-18 17:29:58,061] {processor.py:632} INFO - DAG(s) dict_keys(['example_variables']) retrieved from /home/user/workspace/airflow/dags/variable.py
[2021-10-18 17:29:58,083] {logging_mixin.py:109} INFO - [2021-10-18 17:29:58,083] {dag.py:2389} INFO - Sync 1 DAGs
[2021-10-18 17:29:58,114] {logging_mixin.py:109} INFO - [2021-10-18 17:29:58,114] {dag.py:2914} INFO - Setting next_dagrun for example_variables to None
[2021-10-18 17:29:58,127] {processor.py:171} INFO - Processing /home/user/workspace/airflow/dags/variable.py took 0.143 seconds
[2021-10-18 17:30:36,309] {processor.py:163} INFO - Started process (PID=25365) to work on /home/user/workspace/airflow/dags/variable.py
[2021-10-18 17:30:36,311] {processor.py:620} INFO - Processing file /home/user/workspace/airflow/dags/variable.py for tasks to queue
[2021-10-18 17:30:36,313] {logging_mixin.py:109} INFO - [2021-10-18 17:30:36,312] {dagbag.py:500} INFO - Filling up the DagBag from /home/user/workspace/airflow/dags/variable.py
[2021-10-18 17:30:36,367] {processor.py:632} INFO - DAG(s) dict_keys(['example_variables']) retrieved from /home/user/workspace/airflow/dags/variable.py
[2021-10-18 17:30:36,388] {logging_mixin.py:109} INFO - [2021-10-18 17:30:36,387] {dag.py:2389} INFO - Sync 1 DAGs
[2021-10-18 17:30:36,416] {logging_mixin.py:109} INFO - [2021-10-18 17:30:36,416] {dag.py:2914} INFO - Setting next_dagrun for example_variables to None
[2021-10-18 17:30:36,427] {processor.py:171} INFO - Processing /home/user/workspace/airflow/dags/variable.py took 0.124 seconds
[2021-10-18 17:31:18,815] {processor.py:163} INFO - Started process (PID=25537) to work on /home/user/workspace/airflow/dags/variable.py
[2021-10-18 17:31:18,817] {processor.py:620} INFO - Processing file /home/user/workspace/airflow/dags/variable.py for tasks to queue
[2021-10-18 17:31:18,819] {logging_mixin.py:109} INFO - [2021-10-18 17:31:18,818] {dagbag.py:500} INFO - Filling up the DagBag from /home/user/workspace/airflow/dags/variable.py
[2021-10-18 17:31:18,877] {processor.py:632} INFO - DAG(s) dict_keys(['example_variables']) retrieved from /home/user/workspace/airflow/dags/variable.py
[2021-10-18 17:31:18,898] {logging_mixin.py:109} INFO - [2021-10-18 17:31:18,898] {dag.py:2389} INFO - Sync 1 DAGs
[2021-10-18 17:31:18,927] {logging_mixin.py:109} INFO - [2021-10-18 17:31:18,927] {dag.py:2914} INFO - Setting next_dagrun for example_variables to None
[2021-10-18 17:31:18,939] {processor.py:171} INFO - Processing /home/user/workspace/airflow/dags/variable.py took 0.130 seconds
[2021-10-18 17:31:59,213] {processor.py:163} INFO - Started process (PID=25632) to work on /home/user/workspace/airflow/dags/variable.py
[2021-10-18 17:31:59,230] {processor.py:620} INFO - Processing file /home/user/workspace/airflow/dags/variable.py for tasks to queue
[2021-10-18 17:31:59,231] {logging_mixin.py:109} INFO - [2021-10-18 17:31:59,231] {dagbag.py:500} INFO - Filling up the DagBag from /home/user/workspace/airflow/dags/variable.py
[2021-10-18 17:31:59,304] {processor.py:632} INFO - DAG(s) dict_keys(['example_variables']) retrieved from /home/user/workspace/airflow/dags/variable.py
[2021-10-18 17:31:59,336] {logging_mixin.py:109} INFO - [2021-10-18 17:31:59,336] {dag.py:2389} INFO - Sync 1 DAGs
[2021-10-18 17:31:59,364] {logging_mixin.py:109} INFO - [2021-10-18 17:31:59,364] {dag.py:2914} INFO - Setting next_dagrun for example_variables to None
[2021-10-18 17:31:59,374] {processor.py:171} INFO - Processing /home/user/workspace/airflow/dags/variable.py took 0.169 seconds
[2021-10-18 17:32:44,119] {processor.py:163} INFO - Started process (PID=25802) to work on /home/user/workspace/airflow/dags/variable.py
[2021-10-18 17:32:44,121] {processor.py:620} INFO - Processing file /home/user/workspace/airflow/dags/variable.py for tasks to queue
[2021-10-18 17:32:44,123] {logging_mixin.py:109} INFO - [2021-10-18 17:32:44,123] {dagbag.py:500} INFO - Filling up the DagBag from /home/user/workspace/airflow/dags/variable.py
[2021-10-18 17:32:44,180] {processor.py:632} INFO - DAG(s) dict_keys(['example_variables']) retrieved from /home/user/workspace/airflow/dags/variable.py
[2021-10-18 17:32:44,201] {logging_mixin.py:109} INFO - [2021-10-18 17:32:44,201] {dag.py:2389} INFO - Sync 1 DAGs
[2021-10-18 17:32:44,225] {logging_mixin.py:109} INFO - [2021-10-18 17:32:44,225] {dag.py:2914} INFO - Setting next_dagrun for example_variables to None
[2021-10-18 17:32:44,234] {processor.py:171} INFO - Processing /home/user/workspace/airflow/dags/variable.py took 0.122 seconds
[2021-10-18 17:33:24,683] {processor.py:163} INFO - Started process (PID=25880) to work on /home/user/workspace/airflow/dags/variable.py
[2021-10-18 17:33:24,685] {processor.py:620} INFO - Processing file /home/user/workspace/airflow/dags/variable.py for tasks to queue
[2021-10-18 17:33:24,687] {logging_mixin.py:109} INFO - [2021-10-18 17:33:24,686] {dagbag.py:500} INFO - Filling up the DagBag from /home/user/workspace/airflow/dags/variable.py
[2021-10-18 17:33:24,748] {processor.py:632} INFO - DAG(s) dict_keys(['example_variables']) retrieved from /home/user/workspace/airflow/dags/variable.py
[2021-10-18 17:33:24,772] {logging_mixin.py:109} INFO - [2021-10-18 17:33:24,772] {dag.py:2389} INFO - Sync 1 DAGs
[2021-10-18 17:33:24,800] {logging_mixin.py:109} INFO - [2021-10-18 17:33:24,800] {dag.py:2914} INFO - Setting next_dagrun for example_variables to None
[2021-10-18 17:33:24,810] {processor.py:171} INFO - Processing /home/user/workspace/airflow/dags/variable.py took 0.133 seconds
[2021-10-18 17:34:01,861] {processor.py:163} INFO - Started process (PID=25956) to work on /home/user/workspace/airflow/dags/variable.py
[2021-10-18 17:34:01,873] {processor.py:620} INFO - Processing file /home/user/workspace/airflow/dags/variable.py for tasks to queue
[2021-10-18 17:34:01,875] {logging_mixin.py:109} INFO - [2021-10-18 17:34:01,875] {dagbag.py:500} INFO - Filling up the DagBag from /home/user/workspace/airflow/dags/variable.py
[2021-10-18 17:34:01,922] {processor.py:632} INFO - DAG(s) dict_keys(['example_variables']) retrieved from /home/user/workspace/airflow/dags/variable.py
[2021-10-18 17:34:01,939] {logging_mixin.py:109} INFO - [2021-10-18 17:34:01,939] {dag.py:2389} INFO - Sync 1 DAGs
[2021-10-18 17:34:01,962] {logging_mixin.py:109} INFO - [2021-10-18 17:34:01,961] {dag.py:2914} INFO - Setting next_dagrun for example_variables to None
[2021-10-18 17:34:01,975] {processor.py:171} INFO - Processing /home/user/workspace/airflow/dags/variable.py took 0.119 seconds
[2021-10-18 17:34:40,747] {processor.py:163} INFO - Started process (PID=26023) to work on /home/user/workspace/airflow/dags/variable.py
[2021-10-18 17:34:40,749] {processor.py:620} INFO - Processing file /home/user/workspace/airflow/dags/variable.py for tasks to queue
[2021-10-18 17:34:40,751] {logging_mixin.py:109} INFO - [2021-10-18 17:34:40,751] {dagbag.py:500} INFO - Filling up the DagBag from /home/user/workspace/airflow/dags/variable.py
[2021-10-18 17:34:40,813] {processor.py:632} INFO - DAG(s) dict_keys(['example_variables']) retrieved from /home/user/workspace/airflow/dags/variable.py
[2021-10-18 17:34:40,836] {logging_mixin.py:109} INFO - [2021-10-18 17:34:40,836] {dag.py:2389} INFO - Sync 1 DAGs
[2021-10-18 17:34:40,865] {logging_mixin.py:109} INFO - [2021-10-18 17:34:40,865] {dag.py:2914} INFO - Setting next_dagrun for example_variables to None
[2021-10-18 17:34:40,875] {processor.py:171} INFO - Processing /home/user/workspace/airflow/dags/variable.py took 0.134 seconds
[2021-10-18 17:35:19,743] {processor.py:163} INFO - Started process (PID=26110) to work on /home/user/workspace/airflow/dags/variable.py
[2021-10-18 17:35:19,746] {processor.py:620} INFO - Processing file /home/user/workspace/airflow/dags/variable.py for tasks to queue
[2021-10-18 17:35:19,748] {logging_mixin.py:109} INFO - [2021-10-18 17:35:19,747] {dagbag.py:500} INFO - Filling up the DagBag from /home/user/workspace/airflow/dags/variable.py
[2021-10-18 17:35:19,814] {processor.py:632} INFO - DAG(s) dict_keys(['example_variables']) retrieved from /home/user/workspace/airflow/dags/variable.py
[2021-10-18 17:35:19,839] {logging_mixin.py:109} INFO - [2021-10-18 17:35:19,839] {dag.py:2389} INFO - Sync 1 DAGs
[2021-10-18 17:35:19,860] {logging_mixin.py:109} INFO - [2021-10-18 17:35:19,860] {dag.py:2914} INFO - Setting next_dagrun for example_variables to None
[2021-10-18 17:35:19,869] {processor.py:171} INFO - Processing /home/user/workspace/airflow/dags/variable.py took 0.132 seconds
[2021-10-18 17:35:59,534] {processor.py:163} INFO - Started process (PID=26273) to work on /home/user/workspace/airflow/dags/variable.py
[2021-10-18 17:35:59,547] {processor.py:620} INFO - Processing file /home/user/workspace/airflow/dags/variable.py for tasks to queue
[2021-10-18 17:35:59,550] {logging_mixin.py:109} INFO - [2021-10-18 17:35:59,549] {dagbag.py:500} INFO - Filling up the DagBag from /home/user/workspace/airflow/dags/variable.py
[2021-10-18 17:35:59,619] {processor.py:632} INFO - DAG(s) dict_keys(['example_variables']) retrieved from /home/user/workspace/airflow/dags/variable.py
[2021-10-18 17:35:59,635] {logging_mixin.py:109} INFO - [2021-10-18 17:35:59,635] {dag.py:2389} INFO - Sync 1 DAGs
[2021-10-18 17:35:59,650] {logging_mixin.py:109} INFO - [2021-10-18 17:35:59,649] {dag.py:2914} INFO - Setting next_dagrun for example_variables to None
[2021-10-18 17:35:59,659] {processor.py:171} INFO - Processing /home/user/workspace/airflow/dags/variable.py took 0.138 seconds
[2021-10-18 17:36:39,019] {processor.py:163} INFO - Started process (PID=26353) to work on /home/user/workspace/airflow/dags/variable.py
[2021-10-18 17:36:39,021] {processor.py:620} INFO - Processing file /home/user/workspace/airflow/dags/variable.py for tasks to queue
[2021-10-18 17:36:39,023] {logging_mixin.py:109} INFO - [2021-10-18 17:36:39,023] {dagbag.py:500} INFO - Filling up the DagBag from /home/user/workspace/airflow/dags/variable.py
[2021-10-18 17:36:39,087] {processor.py:632} INFO - DAG(s) dict_keys(['example_variables']) retrieved from /home/user/workspace/airflow/dags/variable.py
[2021-10-18 17:36:39,110] {logging_mixin.py:109} INFO - [2021-10-18 17:36:39,110] {dag.py:2389} INFO - Sync 1 DAGs
[2021-10-18 17:36:39,133] {logging_mixin.py:109} INFO - [2021-10-18 17:36:39,133] {dag.py:2914} INFO - Setting next_dagrun for example_variables to None
[2021-10-18 17:36:39,142] {processor.py:171} INFO - Processing /home/user/workspace/airflow/dags/variable.py took 0.130 seconds
[2021-10-18 17:37:20,769] {processor.py:163} INFO - Started process (PID=26441) to work on /home/user/workspace/airflow/dags/variable.py
[2021-10-18 17:37:20,771] {processor.py:620} INFO - Processing file /home/user/workspace/airflow/dags/variable.py for tasks to queue
[2021-10-18 17:37:20,773] {logging_mixin.py:109} INFO - [2021-10-18 17:37:20,773] {dagbag.py:500} INFO - Filling up the DagBag from /home/user/workspace/airflow/dags/variable.py
[2021-10-18 17:37:20,827] {processor.py:632} INFO - DAG(s) dict_keys(['example_variables']) retrieved from /home/user/workspace/airflow/dags/variable.py
[2021-10-18 17:37:20,845] {logging_mixin.py:109} INFO - [2021-10-18 17:37:20,845] {dag.py:2389} INFO - Sync 1 DAGs
[2021-10-18 17:37:20,865] {logging_mixin.py:109} INFO - [2021-10-18 17:37:20,865] {dag.py:2914} INFO - Setting next_dagrun for example_variables to None
[2021-10-18 17:37:20,877] {processor.py:171} INFO - Processing /home/user/workspace/airflow/dags/variable.py took 0.117 seconds
[2021-10-18 17:38:00,075] {processor.py:163} INFO - Started process (PID=26547) to work on /home/user/workspace/airflow/dags/variable.py
[2021-10-18 17:38:00,087] {processor.py:620} INFO - Processing file /home/user/workspace/airflow/dags/variable.py for tasks to queue
[2021-10-18 17:38:00,089] {logging_mixin.py:109} INFO - [2021-10-18 17:38:00,088] {dagbag.py:500} INFO - Filling up the DagBag from /home/user/workspace/airflow/dags/variable.py
[2021-10-18 17:38:00,169] {processor.py:632} INFO - DAG(s) dict_keys(['example_variables']) retrieved from /home/user/workspace/airflow/dags/variable.py
[2021-10-18 17:38:00,194] {logging_mixin.py:109} INFO - [2021-10-18 17:38:00,194] {dag.py:2389} INFO - Sync 1 DAGs
[2021-10-18 17:38:00,212] {logging_mixin.py:109} INFO - [2021-10-18 17:38:00,212] {dag.py:2914} INFO - Setting next_dagrun for example_variables to None
[2021-10-18 17:38:00,228] {processor.py:171} INFO - Processing /home/user/workspace/airflow/dags/variable.py took 0.161 seconds
[2021-10-18 17:38:42,863] {processor.py:163} INFO - Started process (PID=26610) to work on /home/user/workspace/airflow/dags/variable.py
[2021-10-18 17:38:42,865] {processor.py:620} INFO - Processing file /home/user/workspace/airflow/dags/variable.py for tasks to queue
[2021-10-18 17:38:42,866] {logging_mixin.py:109} INFO - [2021-10-18 17:38:42,866] {dagbag.py:500} INFO - Filling up the DagBag from /home/user/workspace/airflow/dags/variable.py
[2021-10-18 17:38:42,926] {processor.py:632} INFO - DAG(s) dict_keys(['example_variables']) retrieved from /home/user/workspace/airflow/dags/variable.py
[2021-10-18 17:38:42,946] {logging_mixin.py:109} INFO - [2021-10-18 17:38:42,946] {dag.py:2389} INFO - Sync 1 DAGs
[2021-10-18 17:38:42,975] {logging_mixin.py:109} INFO - [2021-10-18 17:38:42,975] {dag.py:2914} INFO - Setting next_dagrun for example_variables to None
[2021-10-18 17:38:42,988] {processor.py:171} INFO - Processing /home/user/workspace/airflow/dags/variable.py took 0.132 seconds
[2021-10-18 17:39:25,452] {processor.py:163} INFO - Started process (PID=26702) to work on /home/user/workspace/airflow/dags/variable.py
[2021-10-18 17:39:25,453] {processor.py:620} INFO - Processing file /home/user/workspace/airflow/dags/variable.py for tasks to queue
[2021-10-18 17:39:25,459] {logging_mixin.py:109} INFO - [2021-10-18 17:39:25,459] {dagbag.py:500} INFO - Filling up the DagBag from /home/user/workspace/airflow/dags/variable.py
[2021-10-18 17:39:25,528] {processor.py:632} INFO - DAG(s) dict_keys(['example_variables']) retrieved from /home/user/workspace/airflow/dags/variable.py
[2021-10-18 17:39:25,542] {logging_mixin.py:109} INFO - [2021-10-18 17:39:25,542] {dag.py:2389} INFO - Sync 1 DAGs
[2021-10-18 17:39:25,561] {logging_mixin.py:109} INFO - [2021-10-18 17:39:25,561] {dag.py:2914} INFO - Setting next_dagrun for example_variables to None
[2021-10-18 17:39:25,574] {processor.py:171} INFO - Processing /home/user/workspace/airflow/dags/variable.py took 0.125 seconds
[2021-10-18 17:40:11,043] {processor.py:163} INFO - Started process (PID=26899) to work on /home/user/workspace/airflow/dags/variable.py
[2021-10-18 17:40:11,046] {processor.py:620} INFO - Processing file /home/user/workspace/airflow/dags/variable.py for tasks to queue
[2021-10-18 17:40:11,047] {logging_mixin.py:109} INFO - [2021-10-18 17:40:11,047] {dagbag.py:500} INFO - Filling up the DagBag from /home/user/workspace/airflow/dags/variable.py
[2021-10-18 17:40:11,093] {processor.py:632} INFO - DAG(s) dict_keys(['example_variables']) retrieved from /home/user/workspace/airflow/dags/variable.py
[2021-10-18 17:40:11,104] {logging_mixin.py:109} INFO - [2021-10-18 17:40:11,104] {dag.py:2389} INFO - Sync 1 DAGs
[2021-10-18 17:40:11,121] {logging_mixin.py:109} INFO - [2021-10-18 17:40:11,120] {dag.py:2914} INFO - Setting next_dagrun for example_variables to None
[2021-10-18 17:40:11,139] {processor.py:171} INFO - Processing /home/user/workspace/airflow/dags/variable.py took 0.102 seconds
[2021-10-18 17:40:52,523] {processor.py:163} INFO - Started process (PID=26992) to work on /home/user/workspace/airflow/dags/variable.py
[2021-10-18 17:40:52,524] {processor.py:620} INFO - Processing file /home/user/workspace/airflow/dags/variable.py for tasks to queue
[2021-10-18 17:40:52,525] {logging_mixin.py:109} INFO - [2021-10-18 17:40:52,525] {dagbag.py:500} INFO - Filling up the DagBag from /home/user/workspace/airflow/dags/variable.py
[2021-10-18 17:40:52,565] {processor.py:632} INFO - DAG(s) dict_keys(['example_variables']) retrieved from /home/user/workspace/airflow/dags/variable.py
[2021-10-18 17:40:52,579] {logging_mixin.py:109} INFO - [2021-10-18 17:40:52,579] {dag.py:2389} INFO - Sync 1 DAGs
[2021-10-18 17:40:52,598] {logging_mixin.py:109} INFO - [2021-10-18 17:40:52,598] {dag.py:2914} INFO - Setting next_dagrun for example_variables to None
[2021-10-18 17:40:52,608] {processor.py:171} INFO - Processing /home/user/workspace/airflow/dags/variable.py took 0.089 seconds
[2021-10-18 17:41:29,931] {processor.py:163} INFO - Started process (PID=27047) to work on /home/user/workspace/airflow/dags/variable.py
[2021-10-18 17:41:29,934] {processor.py:620} INFO - Processing file /home/user/workspace/airflow/dags/variable.py for tasks to queue
[2021-10-18 17:41:29,935] {logging_mixin.py:109} INFO - [2021-10-18 17:41:29,935] {dagbag.py:500} INFO - Filling up the DagBag from /home/user/workspace/airflow/dags/variable.py
[2021-10-18 17:41:29,998] {processor.py:632} INFO - DAG(s) dict_keys(['example_variables']) retrieved from /home/user/workspace/airflow/dags/variable.py
[2021-10-18 17:41:30,022] {logging_mixin.py:109} INFO - [2021-10-18 17:41:30,022] {dag.py:2389} INFO - Sync 1 DAGs
[2021-10-18 17:41:30,049] {logging_mixin.py:109} INFO - [2021-10-18 17:41:30,049] {dag.py:2914} INFO - Setting next_dagrun for example_variables to None
[2021-10-18 17:41:30,058] {processor.py:171} INFO - Processing /home/user/workspace/airflow/dags/variable.py took 0.133 seconds
[2021-10-18 17:42:10,108] {processor.py:163} INFO - Started process (PID=27114) to work on /home/user/workspace/airflow/dags/variable.py
[2021-10-18 17:42:10,114] {processor.py:620} INFO - Processing file /home/user/workspace/airflow/dags/variable.py for tasks to queue
[2021-10-18 17:42:10,116] {logging_mixin.py:109} INFO - [2021-10-18 17:42:10,116] {dagbag.py:500} INFO - Filling up the DagBag from /home/user/workspace/airflow/dags/variable.py
[2021-10-18 17:42:10,221] {processor.py:632} INFO - DAG(s) dict_keys(['example_variables']) retrieved from /home/user/workspace/airflow/dags/variable.py
[2021-10-18 17:42:10,268] {logging_mixin.py:109} INFO - [2021-10-18 17:42:10,268] {dag.py:2389} INFO - Sync 1 DAGs
[2021-10-18 17:42:10,332] {logging_mixin.py:109} INFO - [2021-10-18 17:42:10,332] {dag.py:2914} INFO - Setting next_dagrun for example_variables to None
[2021-10-18 17:42:10,363] {processor.py:171} INFO - Processing /home/user/workspace/airflow/dags/variable.py took 0.265 seconds
[2021-10-18 17:42:49,693] {processor.py:163} INFO - Started process (PID=27259) to work on /home/user/workspace/airflow/dags/variable.py
[2021-10-18 17:42:49,695] {processor.py:620} INFO - Processing file /home/user/workspace/airflow/dags/variable.py for tasks to queue
[2021-10-18 17:42:49,696] {logging_mixin.py:109} INFO - [2021-10-18 17:42:49,696] {dagbag.py:500} INFO - Filling up the DagBag from /home/user/workspace/airflow/dags/variable.py
[2021-10-18 17:42:49,743] {processor.py:632} INFO - DAG(s) dict_keys(['example_variables']) retrieved from /home/user/workspace/airflow/dags/variable.py
[2021-10-18 17:42:49,760] {logging_mixin.py:109} INFO - [2021-10-18 17:42:49,760] {dag.py:2389} INFO - Sync 1 DAGs
[2021-10-18 17:42:49,783] {logging_mixin.py:109} INFO - [2021-10-18 17:42:49,783] {dag.py:2914} INFO - Setting next_dagrun for example_variables to None
[2021-10-18 17:42:49,797] {processor.py:171} INFO - Processing /home/user/workspace/airflow/dags/variable.py took 0.109 seconds
[2021-10-18 17:43:29,125] {processor.py:163} INFO - Started process (PID=27331) to work on /home/user/workspace/airflow/dags/variable.py
[2021-10-18 17:43:29,127] {processor.py:620} INFO - Processing file /home/user/workspace/airflow/dags/variable.py for tasks to queue
[2021-10-18 17:43:29,128] {logging_mixin.py:109} INFO - [2021-10-18 17:43:29,128] {dagbag.py:500} INFO - Filling up the DagBag from /home/user/workspace/airflow/dags/variable.py
[2021-10-18 17:43:29,180] {processor.py:632} INFO - DAG(s) dict_keys(['example_variables']) retrieved from /home/user/workspace/airflow/dags/variable.py
[2021-10-18 17:43:29,201] {logging_mixin.py:109} INFO - [2021-10-18 17:43:29,201] {dag.py:2389} INFO - Sync 1 DAGs
[2021-10-18 17:43:29,230] {logging_mixin.py:109} INFO - [2021-10-18 17:43:29,230] {dag.py:2914} INFO - Setting next_dagrun for example_variables to None
[2021-10-18 17:43:29,247] {processor.py:171} INFO - Processing /home/user/workspace/airflow/dags/variable.py took 0.128 seconds
[2021-10-18 17:44:07,262] {processor.py:163} INFO - Started process (PID=27492) to work on /home/user/workspace/airflow/dags/variable.py
[2021-10-18 17:44:07,274] {processor.py:620} INFO - Processing file /home/user/workspace/airflow/dags/variable.py for tasks to queue
[2021-10-18 17:44:07,275] {logging_mixin.py:109} INFO - [2021-10-18 17:44:07,275] {dagbag.py:500} INFO - Filling up the DagBag from /home/user/workspace/airflow/dags/variable.py
[2021-10-18 17:44:07,330] {processor.py:632} INFO - DAG(s) dict_keys(['example_variables']) retrieved from /home/user/workspace/airflow/dags/variable.py
[2021-10-18 17:44:07,351] {logging_mixin.py:109} INFO - [2021-10-18 17:44:07,351] {dag.py:2389} INFO - Sync 1 DAGs
[2021-10-18 17:44:07,380] {logging_mixin.py:109} INFO - [2021-10-18 17:44:07,380] {dag.py:2914} INFO - Setting next_dagrun for example_variables to None
[2021-10-18 17:44:07,395] {processor.py:171} INFO - Processing /home/user/workspace/airflow/dags/variable.py took 0.138 seconds
[2021-10-18 17:44:43,170] {processor.py:163} INFO - Started process (PID=27613) to work on /home/user/workspace/airflow/dags/variable.py
[2021-10-18 17:44:43,172] {processor.py:620} INFO - Processing file /home/user/workspace/airflow/dags/variable.py for tasks to queue
[2021-10-18 17:44:43,174] {logging_mixin.py:109} INFO - [2021-10-18 17:44:43,173] {dagbag.py:500} INFO - Filling up the DagBag from /home/user/workspace/airflow/dags/variable.py
[2021-10-18 17:44:43,230] {processor.py:632} INFO - DAG(s) dict_keys(['example_variables']) retrieved from /home/user/workspace/airflow/dags/variable.py
[2021-10-18 17:44:43,248] {logging_mixin.py:109} INFO - [2021-10-18 17:44:43,248] {dag.py:2389} INFO - Sync 1 DAGs
[2021-10-18 17:44:43,263] {logging_mixin.py:109} INFO - [2021-10-18 17:44:43,263] {dag.py:2914} INFO - Setting next_dagrun for example_variables to None
[2021-10-18 17:44:43,271] {processor.py:171} INFO - Processing /home/user/workspace/airflow/dags/variable.py took 0.106 seconds
[2021-10-18 17:45:21,046] {processor.py:163} INFO - Started process (PID=27723) to work on /home/user/workspace/airflow/dags/variable.py
[2021-10-18 17:45:21,049] {processor.py:620} INFO - Processing file /home/user/workspace/airflow/dags/variable.py for tasks to queue
[2021-10-18 17:45:21,051] {logging_mixin.py:109} INFO - [2021-10-18 17:45:21,051] {dagbag.py:500} INFO - Filling up the DagBag from /home/user/workspace/airflow/dags/variable.py
[2021-10-18 17:45:21,124] {processor.py:632} INFO - DAG(s) dict_keys(['example_variables']) retrieved from /home/user/workspace/airflow/dags/variable.py
[2021-10-18 17:45:21,154] {logging_mixin.py:109} INFO - [2021-10-18 17:45:21,154] {dag.py:2389} INFO - Sync 1 DAGs
[2021-10-18 17:45:21,196] {logging_mixin.py:109} INFO - [2021-10-18 17:45:21,196] {dag.py:2914} INFO - Setting next_dagrun for example_variables to None
[2021-10-18 17:45:21,220] {processor.py:171} INFO - Processing /home/user/workspace/airflow/dags/variable.py took 0.181 seconds
[2021-10-18 17:45:58,336] {processor.py:163} INFO - Started process (PID=27891) to work on /home/user/workspace/airflow/dags/variable.py
[2021-10-18 17:45:58,337] {processor.py:620} INFO - Processing file /home/user/workspace/airflow/dags/variable.py for tasks to queue
[2021-10-18 17:45:58,338] {logging_mixin.py:109} INFO - [2021-10-18 17:45:58,338] {dagbag.py:500} INFO - Filling up the DagBag from /home/user/workspace/airflow/dags/variable.py
[2021-10-18 17:45:58,368] {processor.py:632} INFO - DAG(s) dict_keys(['example_variables']) retrieved from /home/user/workspace/airflow/dags/variable.py
[2021-10-18 17:45:58,381] {logging_mixin.py:109} INFO - [2021-10-18 17:45:58,380] {dag.py:2389} INFO - Sync 1 DAGs
[2021-10-18 17:45:58,398] {logging_mixin.py:109} INFO - [2021-10-18 17:45:58,398] {dag.py:2914} INFO - Setting next_dagrun for example_variables to None
[2021-10-18 17:45:58,408] {processor.py:171} INFO - Processing /home/user/workspace/airflow/dags/variable.py took 0.075 seconds
[2021-10-18 17:46:32,608] {processor.py:163} INFO - Started process (PID=28058) to work on /home/user/workspace/airflow/dags/variable.py
[2021-10-18 17:46:32,610] {processor.py:620} INFO - Processing file /home/user/workspace/airflow/dags/variable.py for tasks to queue
[2021-10-18 17:46:32,611] {logging_mixin.py:109} INFO - [2021-10-18 17:46:32,611] {dagbag.py:500} INFO - Filling up the DagBag from /home/user/workspace/airflow/dags/variable.py
[2021-10-18 17:46:32,657] {processor.py:632} INFO - DAG(s) dict_keys(['example_variables']) retrieved from /home/user/workspace/airflow/dags/variable.py
[2021-10-18 17:46:32,674] {logging_mixin.py:109} INFO - [2021-10-18 17:46:32,674] {dag.py:2389} INFO - Sync 1 DAGs
[2021-10-18 17:46:32,697] {logging_mixin.py:109} INFO - [2021-10-18 17:46:32,697] {dag.py:2914} INFO - Setting next_dagrun for example_variables to None
[2021-10-18 17:46:32,711] {processor.py:171} INFO - Processing /home/user/workspace/airflow/dags/variable.py took 0.108 seconds
[2021-10-18 17:47:09,580] {processor.py:163} INFO - Started process (PID=28124) to work on /home/user/workspace/airflow/dags/variable.py
[2021-10-18 17:47:09,582] {processor.py:620} INFO - Processing file /home/user/workspace/airflow/dags/variable.py for tasks to queue
[2021-10-18 17:47:09,583] {logging_mixin.py:109} INFO - [2021-10-18 17:47:09,583] {dagbag.py:500} INFO - Filling up the DagBag from /home/user/workspace/airflow/dags/variable.py
[2021-10-18 17:47:09,631] {processor.py:632} INFO - DAG(s) dict_keys(['example_variables']) retrieved from /home/user/workspace/airflow/dags/variable.py
[2021-10-18 17:47:09,647] {logging_mixin.py:109} INFO - [2021-10-18 17:47:09,647] {dag.py:2389} INFO - Sync 1 DAGs
[2021-10-18 17:47:09,670] {logging_mixin.py:109} INFO - [2021-10-18 17:47:09,670] {dag.py:2914} INFO - Setting next_dagrun for example_variables to None
[2021-10-18 17:47:09,684] {processor.py:171} INFO - Processing /home/user/workspace/airflow/dags/variable.py took 0.110 seconds
[2021-10-18 17:47:50,657] {processor.py:163} INFO - Started process (PID=28219) to work on /home/user/workspace/airflow/dags/variable.py
[2021-10-18 17:47:50,658] {processor.py:620} INFO - Processing file /home/user/workspace/airflow/dags/variable.py for tasks to queue
[2021-10-18 17:47:50,660] {logging_mixin.py:109} INFO - [2021-10-18 17:47:50,659] {dagbag.py:500} INFO - Filling up the DagBag from /home/user/workspace/airflow/dags/variable.py
[2021-10-18 17:47:50,708] {processor.py:632} INFO - DAG(s) dict_keys(['example_variables']) retrieved from /home/user/workspace/airflow/dags/variable.py
[2021-10-18 17:47:50,724] {logging_mixin.py:109} INFO - [2021-10-18 17:47:50,724] {dag.py:2389} INFO - Sync 1 DAGs
[2021-10-18 17:47:50,748] {logging_mixin.py:109} INFO - [2021-10-18 17:47:50,748] {dag.py:2914} INFO - Setting next_dagrun for example_variables to None
[2021-10-18 17:47:50,762] {processor.py:171} INFO - Processing /home/user/workspace/airflow/dags/variable.py took 0.111 seconds
[2021-10-18 17:48:28,298] {processor.py:163} INFO - Started process (PID=28286) to work on /home/user/workspace/airflow/dags/variable.py
[2021-10-18 17:48:28,310] {processor.py:620} INFO - Processing file /home/user/workspace/airflow/dags/variable.py for tasks to queue
[2021-10-18 17:48:28,311] {logging_mixin.py:109} INFO - [2021-10-18 17:48:28,311] {dagbag.py:500} INFO - Filling up the DagBag from /home/user/workspace/airflow/dags/variable.py
[2021-10-18 17:48:28,365] {processor.py:632} INFO - DAG(s) dict_keys(['example_variables']) retrieved from /home/user/workspace/airflow/dags/variable.py
[2021-10-18 17:48:28,386] {logging_mixin.py:109} INFO - [2021-10-18 17:48:28,385] {dag.py:2389} INFO - Sync 1 DAGs
[2021-10-18 17:48:28,412] {logging_mixin.py:109} INFO - [2021-10-18 17:48:28,412] {dag.py:2914} INFO - Setting next_dagrun for example_variables to None
[2021-10-18 17:48:28,427] {processor.py:171} INFO - Processing /home/user/workspace/airflow/dags/variable.py took 0.135 seconds
[2021-10-18 17:49:12,813] {processor.py:163} INFO - Started process (PID=28392) to work on /home/user/workspace/airflow/dags/variable.py
[2021-10-18 17:49:12,815] {processor.py:620} INFO - Processing file /home/user/workspace/airflow/dags/variable.py for tasks to queue
[2021-10-18 17:49:12,817] {logging_mixin.py:109} INFO - [2021-10-18 17:49:12,817] {dagbag.py:500} INFO - Filling up the DagBag from /home/user/workspace/airflow/dags/variable.py
[2021-10-18 17:49:12,881] {processor.py:632} INFO - DAG(s) dict_keys(['example_variables']) retrieved from /home/user/workspace/airflow/dags/variable.py
[2021-10-18 17:49:12,904] {logging_mixin.py:109} INFO - [2021-10-18 17:49:12,904] {dag.py:2389} INFO - Sync 1 DAGs
[2021-10-18 17:49:12,938] {logging_mixin.py:109} INFO - [2021-10-18 17:49:12,938] {dag.py:2914} INFO - Setting next_dagrun for example_variables to None
[2021-10-18 17:49:12,956] {processor.py:171} INFO - Processing /home/user/workspace/airflow/dags/variable.py took 0.148 seconds
[2021-10-18 17:50:02,284] {processor.py:163} INFO - Started process (PID=28539) to work on /home/user/workspace/airflow/dags/variable.py
[2021-10-18 17:50:02,295] {processor.py:620} INFO - Processing file /home/user/workspace/airflow/dags/variable.py for tasks to queue
[2021-10-18 17:50:02,296] {logging_mixin.py:109} INFO - [2021-10-18 17:50:02,296] {dagbag.py:500} INFO - Filling up the DagBag from /home/user/workspace/airflow/dags/variable.py
[2021-10-18 17:50:02,329] {processor.py:632} INFO - DAG(s) dict_keys(['example_variables']) retrieved from /home/user/workspace/airflow/dags/variable.py
[2021-10-18 17:50:02,349] {logging_mixin.py:109} INFO - [2021-10-18 17:50:02,349] {dag.py:2389} INFO - Sync 1 DAGs
[2021-10-18 17:50:02,375] {logging_mixin.py:109} INFO - [2021-10-18 17:50:02,374] {dag.py:2914} INFO - Setting next_dagrun for example_variables to None
[2021-10-18 17:50:02,395] {processor.py:171} INFO - Processing /home/user/workspace/airflow/dags/variable.py took 0.114 seconds
[2021-10-18 17:50:47,584] {processor.py:163} INFO - Started process (PID=28759) to work on /home/user/workspace/airflow/dags/variable.py
[2021-10-18 17:50:47,586] {processor.py:620} INFO - Processing file /home/user/workspace/airflow/dags/variable.py for tasks to queue
[2021-10-18 17:50:47,587] {logging_mixin.py:109} INFO - [2021-10-18 17:50:47,587] {dagbag.py:500} INFO - Filling up the DagBag from /home/user/workspace/airflow/dags/variable.py
[2021-10-18 17:50:47,649] {processor.py:632} INFO - DAG(s) dict_keys(['example_variables']) retrieved from /home/user/workspace/airflow/dags/variable.py
[2021-10-18 17:50:47,667] {logging_mixin.py:109} INFO - [2021-10-18 17:50:47,667] {dag.py:2389} INFO - Sync 1 DAGs
[2021-10-18 17:50:47,696] {logging_mixin.py:109} INFO - [2021-10-18 17:50:47,692] {dag.py:2914} INFO - Setting next_dagrun for example_variables to None
[2021-10-18 17:50:47,725] {processor.py:171} INFO - Processing /home/user/workspace/airflow/dags/variable.py took 0.149 seconds
[2021-10-18 17:51:36,235] {processor.py:163} INFO - Started process (PID=28992) to work on /home/user/workspace/airflow/dags/variable.py
[2021-10-18 17:51:36,238] {processor.py:620} INFO - Processing file /home/user/workspace/airflow/dags/variable.py for tasks to queue
[2021-10-18 17:51:36,239] {logging_mixin.py:109} INFO - [2021-10-18 17:51:36,239] {dagbag.py:500} INFO - Filling up the DagBag from /home/user/workspace/airflow/dags/variable.py
[2021-10-18 17:51:36,291] {processor.py:632} INFO - DAG(s) dict_keys(['example_variables']) retrieved from /home/user/workspace/airflow/dags/variable.py
[2021-10-18 17:51:36,309] {logging_mixin.py:109} INFO - [2021-10-18 17:51:36,309] {dag.py:2389} INFO - Sync 1 DAGs
[2021-10-18 17:51:36,335] {logging_mixin.py:109} INFO - [2021-10-18 17:51:36,334] {dag.py:2914} INFO - Setting next_dagrun for example_variables to None
[2021-10-18 17:51:36,350] {processor.py:171} INFO - Processing /home/user/workspace/airflow/dags/variable.py took 0.120 seconds
[2021-10-18 17:52:23,073] {processor.py:163} INFO - Started process (PID=29062) to work on /home/user/workspace/airflow/dags/variable.py
[2021-10-18 17:52:23,076] {processor.py:620} INFO - Processing file /home/user/workspace/airflow/dags/variable.py for tasks to queue
[2021-10-18 17:52:23,078] {logging_mixin.py:109} INFO - [2021-10-18 17:52:23,077] {dagbag.py:500} INFO - Filling up the DagBag from /home/user/workspace/airflow/dags/variable.py
[2021-10-18 17:52:23,144] {processor.py:632} INFO - DAG(s) dict_keys(['example_variables']) retrieved from /home/user/workspace/airflow/dags/variable.py
[2021-10-18 17:52:23,164] {logging_mixin.py:109} INFO - [2021-10-18 17:52:23,164] {dag.py:2389} INFO - Sync 1 DAGs
[2021-10-18 17:52:23,191] {logging_mixin.py:109} INFO - [2021-10-18 17:52:23,191] {dag.py:2914} INFO - Setting next_dagrun for example_variables to None
[2021-10-18 17:52:23,201] {processor.py:171} INFO - Processing /home/user/workspace/airflow/dags/variable.py took 0.134 seconds
[2021-10-18 17:53:08,831] {processor.py:163} INFO - Started process (PID=29197) to work on /home/user/workspace/airflow/dags/variable.py
[2021-10-18 17:53:08,834] {processor.py:620} INFO - Processing file /home/user/workspace/airflow/dags/variable.py for tasks to queue
[2021-10-18 17:53:08,835] {logging_mixin.py:109} INFO - [2021-10-18 17:53:08,835] {dagbag.py:500} INFO - Filling up the DagBag from /home/user/workspace/airflow/dags/variable.py
[2021-10-18 17:53:08,892] {processor.py:632} INFO - DAG(s) dict_keys(['example_variables']) retrieved from /home/user/workspace/airflow/dags/variable.py
[2021-10-18 17:53:08,915] {logging_mixin.py:109} INFO - [2021-10-18 17:53:08,914] {dag.py:2389} INFO - Sync 1 DAGs
[2021-10-18 17:53:08,943] {logging_mixin.py:109} INFO - [2021-10-18 17:53:08,943] {dag.py:2914} INFO - Setting next_dagrun for example_variables to None
[2021-10-18 17:53:08,954] {processor.py:171} INFO - Processing /home/user/workspace/airflow/dags/variable.py took 0.129 seconds
[2021-10-18 17:53:55,438] {processor.py:163} INFO - Started process (PID=29269) to work on /home/user/workspace/airflow/dags/variable.py
[2021-10-18 17:53:55,440] {processor.py:620} INFO - Processing file /home/user/workspace/airflow/dags/variable.py for tasks to queue
[2021-10-18 17:53:55,441] {logging_mixin.py:109} INFO - [2021-10-18 17:53:55,441] {dagbag.py:500} INFO - Filling up the DagBag from /home/user/workspace/airflow/dags/variable.py
[2021-10-18 17:53:55,493] {processor.py:632} INFO - DAG(s) dict_keys(['example_variables']) retrieved from /home/user/workspace/airflow/dags/variable.py
[2021-10-18 17:53:55,514] {logging_mixin.py:109} INFO - [2021-10-18 17:53:55,514] {dag.py:2389} INFO - Sync 1 DAGs
[2021-10-18 17:53:55,543] {logging_mixin.py:109} INFO - [2021-10-18 17:53:55,543] {dag.py:2914} INFO - Setting next_dagrun for example_variables to None
[2021-10-18 17:53:55,556] {processor.py:171} INFO - Processing /home/user/workspace/airflow/dags/variable.py took 0.123 seconds
[2021-10-18 17:54:44,669] {processor.py:163} INFO - Started process (PID=29344) to work on /home/user/workspace/airflow/dags/variable.py
[2021-10-18 17:54:44,671] {processor.py:620} INFO - Processing file /home/user/workspace/airflow/dags/variable.py for tasks to queue
[2021-10-18 17:54:44,672] {logging_mixin.py:109} INFO - [2021-10-18 17:54:44,671] {dagbag.py:500} INFO - Filling up the DagBag from /home/user/workspace/airflow/dags/variable.py
[2021-10-18 17:54:44,725] {processor.py:632} INFO - DAG(s) dict_keys(['example_variables']) retrieved from /home/user/workspace/airflow/dags/variable.py
[2021-10-18 17:54:44,745] {logging_mixin.py:109} INFO - [2021-10-18 17:54:44,745] {dag.py:2389} INFO - Sync 1 DAGs
[2021-10-18 17:54:44,774] {logging_mixin.py:109} INFO - [2021-10-18 17:54:44,774] {dag.py:2914} INFO - Setting next_dagrun for example_variables to None
[2021-10-18 17:54:44,786] {processor.py:171} INFO - Processing /home/user/workspace/airflow/dags/variable.py took 0.123 seconds
[2021-10-18 17:55:30,504] {processor.py:163} INFO - Started process (PID=29420) to work on /home/user/workspace/airflow/dags/variable.py
[2021-10-18 17:55:30,516] {processor.py:620} INFO - Processing file /home/user/workspace/airflow/dags/variable.py for tasks to queue
[2021-10-18 17:55:30,517] {logging_mixin.py:109} INFO - [2021-10-18 17:55:30,517] {dagbag.py:500} INFO - Filling up the DagBag from /home/user/workspace/airflow/dags/variable.py
[2021-10-18 17:55:30,583] {processor.py:632} INFO - DAG(s) dict_keys(['example_variables']) retrieved from /home/user/workspace/airflow/dags/variable.py
[2021-10-18 17:55:30,611] {logging_mixin.py:109} INFO - [2021-10-18 17:55:30,611] {dag.py:2389} INFO - Sync 1 DAGs
[2021-10-18 17:55:30,644] {logging_mixin.py:109} INFO - [2021-10-18 17:55:30,644] {dag.py:2914} INFO - Setting next_dagrun for example_variables to None
[2021-10-18 17:55:30,657] {processor.py:171} INFO - Processing /home/user/workspace/airflow/dags/variable.py took 0.158 seconds
[2021-10-18 17:56:13,153] {processor.py:163} INFO - Started process (PID=29559) to work on /home/user/workspace/airflow/dags/variable.py
[2021-10-18 17:56:13,155] {processor.py:620} INFO - Processing file /home/user/workspace/airflow/dags/variable.py for tasks to queue
[2021-10-18 17:56:13,156] {logging_mixin.py:109} INFO - [2021-10-18 17:56:13,156] {dagbag.py:500} INFO - Filling up the DagBag from /home/user/workspace/airflow/dags/variable.py
[2021-10-18 17:56:13,218] {processor.py:632} INFO - DAG(s) dict_keys(['example_variables']) retrieved from /home/user/workspace/airflow/dags/variable.py
[2021-10-18 17:56:13,247] {logging_mixin.py:109} INFO - [2021-10-18 17:56:13,247] {dag.py:2389} INFO - Sync 1 DAGs
[2021-10-18 17:56:13,297] {logging_mixin.py:109} INFO - [2021-10-18 17:56:13,297] {dag.py:2914} INFO - Setting next_dagrun for example_variables to None
[2021-10-18 17:56:13,317] {processor.py:171} INFO - Processing /home/user/workspace/airflow/dags/variable.py took 0.170 seconds
[2021-10-18 17:56:59,128] {processor.py:163} INFO - Started process (PID=29640) to work on /home/user/workspace/airflow/dags/variable.py
[2021-10-18 17:56:59,129] {processor.py:620} INFO - Processing file /home/user/workspace/airflow/dags/variable.py for tasks to queue
[2021-10-18 17:56:59,130] {logging_mixin.py:109} INFO - [2021-10-18 17:56:59,130] {dagbag.py:500} INFO - Filling up the DagBag from /home/user/workspace/airflow/dags/variable.py
[2021-10-18 17:56:59,177] {processor.py:632} INFO - DAG(s) dict_keys(['example_variables']) retrieved from /home/user/workspace/airflow/dags/variable.py
[2021-10-18 17:56:59,198] {logging_mixin.py:109} INFO - [2021-10-18 17:56:59,198] {dag.py:2389} INFO - Sync 1 DAGs
[2021-10-18 17:56:59,221] {logging_mixin.py:109} INFO - [2021-10-18 17:56:59,221] {dag.py:2914} INFO - Setting next_dagrun for example_variables to None
[2021-10-18 17:56:59,239] {processor.py:171} INFO - Processing /home/user/workspace/airflow/dags/variable.py took 0.116 seconds
[2021-10-18 17:57:45,161] {processor.py:163} INFO - Started process (PID=29740) to work on /home/user/workspace/airflow/dags/variable.py
[2021-10-18 17:57:45,173] {processor.py:620} INFO - Processing file /home/user/workspace/airflow/dags/variable.py for tasks to queue
[2021-10-18 17:57:45,174] {logging_mixin.py:109} INFO - [2021-10-18 17:57:45,174] {dagbag.py:500} INFO - Filling up the DagBag from /home/user/workspace/airflow/dags/variable.py
[2021-10-18 17:57:45,235] {processor.py:632} INFO - DAG(s) dict_keys(['example_variables']) retrieved from /home/user/workspace/airflow/dags/variable.py
[2021-10-18 17:57:45,260] {logging_mixin.py:109} INFO - [2021-10-18 17:57:45,259] {dag.py:2389} INFO - Sync 1 DAGs
[2021-10-18 17:57:45,289] {logging_mixin.py:109} INFO - [2021-10-18 17:57:45,289] {dag.py:2914} INFO - Setting next_dagrun for example_variables to None
[2021-10-18 17:57:45,301] {processor.py:171} INFO - Processing /home/user/workspace/airflow/dags/variable.py took 0.146 seconds
[2021-10-18 17:58:32,533] {processor.py:163} INFO - Started process (PID=29802) to work on /home/user/workspace/airflow/dags/variable.py
[2021-10-18 17:58:32,535] {processor.py:620} INFO - Processing file /home/user/workspace/airflow/dags/variable.py for tasks to queue
[2021-10-18 17:58:32,536] {logging_mixin.py:109} INFO - [2021-10-18 17:58:32,536] {dagbag.py:500} INFO - Filling up the DagBag from /home/user/workspace/airflow/dags/variable.py
[2021-10-18 17:58:32,606] {processor.py:632} INFO - DAG(s) dict_keys(['example_variables']) retrieved from /home/user/workspace/airflow/dags/variable.py
[2021-10-18 17:58:32,631] {logging_mixin.py:109} INFO - [2021-10-18 17:58:32,631] {dag.py:2389} INFO - Sync 1 DAGs
[2021-10-18 17:58:32,654] {logging_mixin.py:109} INFO - [2021-10-18 17:58:32,654] {dag.py:2914} INFO - Setting next_dagrun for example_variables to None
[2021-10-18 17:58:32,663] {processor.py:171} INFO - Processing /home/user/workspace/airflow/dags/variable.py took 0.136 seconds
[2021-10-18 17:59:15,959] {processor.py:163} INFO - Started process (PID=29884) to work on /home/user/workspace/airflow/dags/variable.py
[2021-10-18 17:59:15,970] {processor.py:620} INFO - Processing file /home/user/workspace/airflow/dags/variable.py for tasks to queue
[2021-10-18 17:59:15,971] {logging_mixin.py:109} INFO - [2021-10-18 17:59:15,971] {dagbag.py:500} INFO - Filling up the DagBag from /home/user/workspace/airflow/dags/variable.py
[2021-10-18 17:59:16,002] {processor.py:632} INFO - DAG(s) dict_keys(['example_variables']) retrieved from /home/user/workspace/airflow/dags/variable.py
[2021-10-18 17:59:16,013] {logging_mixin.py:109} INFO - [2021-10-18 17:59:16,013] {dag.py:2389} INFO - Sync 1 DAGs
[2021-10-18 17:59:16,027] {logging_mixin.py:109} INFO - [2021-10-18 17:59:16,027] {dag.py:2914} INFO - Setting next_dagrun for example_variables to None
[2021-10-18 17:59:16,035] {processor.py:171} INFO - Processing /home/user/workspace/airflow/dags/variable.py took 0.082 seconds
[2021-10-18 18:00:01,048] {processor.py:163} INFO - Started process (PID=29958) to work on /home/user/workspace/airflow/dags/variable.py
[2021-10-18 18:00:01,050] {processor.py:620} INFO - Processing file /home/user/workspace/airflow/dags/variable.py for tasks to queue
[2021-10-18 18:00:01,052] {logging_mixin.py:109} INFO - [2021-10-18 18:00:01,051] {dagbag.py:500} INFO - Filling up the DagBag from /home/user/workspace/airflow/dags/variable.py
[2021-10-18 18:00:01,107] {processor.py:632} INFO - DAG(s) dict_keys(['example_variables']) retrieved from /home/user/workspace/airflow/dags/variable.py
[2021-10-18 18:00:01,128] {logging_mixin.py:109} INFO - [2021-10-18 18:00:01,127] {dag.py:2389} INFO - Sync 1 DAGs
[2021-10-18 18:00:01,156] {logging_mixin.py:109} INFO - [2021-10-18 18:00:01,156] {dag.py:2914} INFO - Setting next_dagrun for example_variables to None
[2021-10-18 18:00:01,166] {processor.py:171} INFO - Processing /home/user/workspace/airflow/dags/variable.py took 0.124 seconds
[2021-10-18 18:00:46,719] {processor.py:163} INFO - Started process (PID=30075) to work on /home/user/workspace/airflow/dags/variable.py
[2021-10-18 18:00:46,721] {processor.py:620} INFO - Processing file /home/user/workspace/airflow/dags/variable.py for tasks to queue
[2021-10-18 18:00:46,722] {logging_mixin.py:109} INFO - [2021-10-18 18:00:46,722] {dagbag.py:500} INFO - Filling up the DagBag from /home/user/workspace/airflow/dags/variable.py
[2021-10-18 18:00:46,791] {processor.py:632} INFO - DAG(s) dict_keys(['example_variables']) retrieved from /home/user/workspace/airflow/dags/variable.py
[2021-10-18 18:00:46,817] {logging_mixin.py:109} INFO - [2021-10-18 18:00:46,817] {dag.py:2389} INFO - Sync 1 DAGs
[2021-10-18 18:00:46,838] {logging_mixin.py:109} INFO - [2021-10-18 18:00:46,838] {dag.py:2914} INFO - Setting next_dagrun for example_variables to None
[2021-10-18 18:00:46,847] {processor.py:171} INFO - Processing /home/user/workspace/airflow/dags/variable.py took 0.134 seconds
