[2021-10-18 17:17:54,295] {taskinstance.py:1035} INFO - Dependencies all met for <TaskInstance: file_upload.csv_load scheduled__2021-10-16T00:00:00+00:00 [queued]>
[2021-10-18 17:17:54,304] {taskinstance.py:1035} INFO - Dependencies all met for <TaskInstance: file_upload.csv_load scheduled__2021-10-16T00:00:00+00:00 [queued]>
[2021-10-18 17:17:54,304] {taskinstance.py:1241} INFO - 
--------------------------------------------------------------------------------
[2021-10-18 17:17:54,304] {taskinstance.py:1242} INFO - Starting attempt 1 of 2
[2021-10-18 17:17:54,304] {taskinstance.py:1243} INFO - 
--------------------------------------------------------------------------------
[2021-10-18 17:17:54,312] {taskinstance.py:1262} INFO - Executing <Task(PythonOperator): csv_load> on 2021-10-16 00:00:00+00:00
[2021-10-18 17:17:54,315] {standard_task_runner.py:52} INFO - Started process 23200 to run task
[2021-10-18 17:17:54,317] {standard_task_runner.py:76} INFO - Running: ['airflow', 'tasks', 'run', 'file_upload', 'csv_load', 'scheduled__2021-10-16T00:00:00+00:00', '--job-id', '83', '--raw', '--subdir', 'DAGS_FOLDER/file_loadin.py', '--cfg-path', '/tmp/tmptfnod6hr', '--error-file', '/tmp/tmp57nd7692']
[2021-10-18 17:17:54,320] {standard_task_runner.py:77} INFO - Job 83: Subtask csv_load
[2021-10-18 17:17:54,343] {logging_mixin.py:109} INFO - Running <TaskInstance: file_upload.csv_load scheduled__2021-10-16T00:00:00+00:00 [running]> on host user-Latitude-3410
[2021-10-18 17:17:54,369] {taskinstance.py:1414} INFO - Exporting the following env vars:
AIRFLOW_CTX_DAG_EMAIL=airflow@example.com
AIRFLOW_CTX_DAG_OWNER=airflow
AIRFLOW_CTX_DAG_ID=file_upload
AIRFLOW_CTX_TASK_ID=csv_load
AIRFLOW_CTX_EXECUTION_DATE=2021-10-16T00:00:00+00:00
AIRFLOW_CTX_DAG_RUN_ID=scheduled__2021-10-16T00:00:00+00:00
[2021-10-18 17:17:54,382] {python.py:152} INFO - Done. Returned value was: {"Name":{"0":"Sushant Shinde","1":"Sushant Shinde","2":"Zeya ","3":"rahul","4":"gopal","5":"raj ","6":"divesh ","7":"abc","8":"zxc","9":"lkj","10":"sushant shinde","11":"Sushant Shinde","12":"Suvarna Shinde","13":"Sushant Dilip  Shinde","14":"Ridhima","15":"Saloni","16":"shubham shinde","17":"Zeya","18":"Shubham Shinde"},"Name Cowin":{"0":null,"1":null,"2":null,"3":null,"4":null,"5":null,"6":null,"7":null,"8":null,"9":null,"10":null,"11":null,"12":null,"13":"Sushant Dilip Shinde","14":null,"15":null,"16":null,"17":null,"18":null},"Last Checked":{"0":null,"1":null,"2":null,"3":null,"4":null,"5":null,"6":null,"7":null,"8":null,"9":null,"10":null,"11":null,"12":null,"13":"2021-10-11","14":null,"15":null,"16":null,"17":"2021-09-15","18":null},"Branch":{"0":"MumbaI Ho","1":"MumbaI Ho","2":"MumbaI Ho","3":"MumbaI Ho","4":"MumbaI Ho","5":"MumbaI Ho","6":"MumbaI Ho","7":"MumbaI Ho","8":"MumbaI Ho","9":"MumbaI Ho","10":"Mumbai","11":"Mumbai Ho","12":"MumbaI Ho","13":"MumbaI Ho","14":"MumbaI Ho","15":"MumbaI Ho","16":"MumbaI Ho","17":"MumbaI Ho","18":"Bengaluru"},"Department":{"0":"Biz App","1":"Biz App","2":"Biz App","3":"Biz App","4":"Biz App","5":"Biz App","6":"Biz App","7":"Biz App","8":"Biz App","9":"Biz App","10":"Biz App","11":"Biz App","12":"Biz App","13":"Biz App","14":"Biz App","15":"Biz App","16":"Biz App","17":"Biz App","18":"Software Developer"},"Status":{"0":"Not Checked","1":"Not Checked","2":"Not Checked","3":"Not Checked","4":"Not Checked","5":"Not Checked","6":"Not Checked","7":"Not Checked","8":"Not Checked","9":"Not Checked","10":"Not Checked","11":"Not Checked","12":"Not Checked","13":"Fully Vaccinated","14":"Not Checked","15":"Not Checked","16":"Not Checked","17":"Partially Vaccinated","18":"Not Checked"},"Emp Code":{"0":1111,"1":1112,"2":1113,"3":1114,"4":1116,"5":1117,"6":1118,"7":1119,"8":1120,"9":1121,"10":10999,"11":10010,"12":1000,"13":10964,"14":8517,"15":10646,"16":11088,"17":11088,"18":11111},"Gender":{"0":null,"1":null,"2":null,"3":null,"4":null,"5":null,"6":null,"7":null,"8":null,"9":null,"10":null,"11":null,"12":null,"13":"Male","14":null,"15":null,"16":null,"17":"Male","18":"Male"},"Birth Year":{"0":null,"1":null,"2":null,"3":null,"4":null,"5":null,"6":null,"7":null,"8":null,"9":null,"10":null,"11":null,"12":null,"13":1999.0,"14":null,"15":null,"16":null,"17":1999.0,"18":null},"Beneficiary Id":{"0":"60299781175960","1":null,"2":null,"3":null,"4":null,"5":null,"6":null,"7":null,"8":null,"9":null,"10":"None","11":"None","12":"60299781175960","13":"84566954158510","14":null,"15":null,"16":null,"17":"93689592820000","18":"None"},"vaccine":{"0":null,"1":null,"2":null,"3":null,"4":null,"5":null,"6":null,"7":null,"8":null,"9":null,"10":null,"11":null,"12":null,"13":"COVISHIELD","14":null,"15":null,"16":null,"17":"COVISHIELD","18":null},"Dose1 Date":{"0":null,"1":null,"2":null,"3":null,"4":null,"5":null,"6":null,"7":null,"8":null,"9":null,"10":null,"11":null,"12":null,"13":"2021-06-13","14":null,"15":null,"16":null,"17":"2021-07-15","18":null},"Does2 Date":{"0":null,"1":null,"2":null,"3":null,"4":null,"5":null,"6":null,"7":null,"8":null,"9":null,"10":null,"11":null,"12":null,"13":"2021-09-07","14":null,"15":null,"16":null,"17":null,"18":null},"Difference between Dose 1 to today(in Days)":{"0":null,"1":null,"2":null,"3":null,"4":null,"5":null,"6":null,"7":null,"8":null,"9":null,"10":null,"11":null,"12":null,"13":120.0,"14":null,"15":null,"16":null,"17":88.0,"18":null},"Difference between Dose 2 to today(in Days)":{"0":null,"1":null,"2":null,"3":null,"4":null,"5":null,"6":null,"7":null,"8":null,"9":null,"10":null,"11":null,"12":null,"13":34.0,"14":null,"15":null,"16":null,"17":null,"18":null}}
[2021-10-18 17:17:54,395] {taskinstance.py:1280} INFO - Marking task as SUCCESS. dag_id=file_upload, task_id=csv_load, execution_date=20211016T000000, start_date=20211018T114754, end_date=20211018T114754
[2021-10-18 17:17:54,408] {local_task_job.py:154} INFO - Task exited with return code 0
[2021-10-18 17:17:54,424] {local_task_job.py:264} INFO - 0 downstream tasks scheduled from follow-on schedule check
