[2021-10-14 11:49:13,871] {taskinstance.py:1035} INFO - Dependencies all met for <TaskInstance: example_bash_operator.runme_0 scheduled__2021-10-13T00:00:00+00:00 [queued]>
[2021-10-14 11:49:13,878] {taskinstance.py:1035} INFO - Dependencies all met for <TaskInstance: example_bash_operator.runme_0 scheduled__2021-10-13T00:00:00+00:00 [queued]>
[2021-10-14 11:49:13,878] {taskinstance.py:1241} INFO - 
--------------------------------------------------------------------------------
[2021-10-14 11:49:13,878] {taskinstance.py:1242} INFO - Starting attempt 1 of 1
[2021-10-14 11:49:13,878] {taskinstance.py:1243} INFO - 
--------------------------------------------------------------------------------
[2021-10-14 11:49:13,888] {taskinstance.py:1262} INFO - Executing <Task(BashOperator): runme_0> on 2021-10-13 00:00:00+00:00
[2021-10-14 11:49:13,890] {standard_task_runner.py:52} INFO - Started process 20011 to run task
[2021-10-14 11:49:13,894] {standard_task_runner.py:76} INFO - Running: ['airflow', 'tasks', 'run', 'example_bash_operator', 'runme_0', 'scheduled__2021-10-13T00:00:00+00:00', '--job-id', '2', '--raw', '--subdir', '/home/user/workspace/airflow/airflow_env/lib/python3.6/site-packages/airflow/example_dags/example_bash_operator.py', '--cfg-path', '/tmp/tmpchmq0faa', '--error-file', '/tmp/tmpwvpst7wy']
[2021-10-14 11:49:13,895] {standard_task_runner.py:77} INFO - Job 2: Subtask runme_0
[2021-10-14 11:49:13,921] {logging_mixin.py:109} INFO - Running <TaskInstance: example_bash_operator.runme_0 scheduled__2021-10-13T00:00:00+00:00 [running]> on host user-Latitude-3410
[2021-10-14 11:49:13,949] {taskinstance.py:1414} INFO - Exporting the following env vars:
AIRFLOW_CTX_DAG_OWNER=airflow
AIRFLOW_CTX_DAG_ID=example_bash_operator
AIRFLOW_CTX_TASK_ID=runme_0
AIRFLOW_CTX_EXECUTION_DATE=2021-10-13T00:00:00+00:00
AIRFLOW_CTX_DAG_RUN_ID=scheduled__2021-10-13T00:00:00+00:00
[2021-10-14 11:49:13,950] {subprocess.py:62} INFO - Tmp dir root location: 
 /tmp
[2021-10-14 11:49:13,950] {subprocess.py:74} INFO - Running command: ['bash', '-c', 'echo "example_bash_operator__runme_0__20211013" && sleep 1']
[2021-10-14 11:49:13,959] {subprocess.py:85} INFO - Output:
[2021-10-14 11:49:13,960] {subprocess.py:89} INFO - example_bash_operator__runme_0__20211013
[2021-10-14 11:49:14,961] {subprocess.py:93} INFO - Command exited with return code 0
[2021-10-14 11:49:14,998] {taskinstance.py:1280} INFO - Marking task as SUCCESS. dag_id=example_bash_operator, task_id=runme_0, execution_date=20211013T000000, start_date=20211014T061913, end_date=20211014T061914
[2021-10-14 11:49:15,031] {local_task_job.py:154} INFO - Task exited with return code 0
[2021-10-14 11:49:15,050] {local_task_job.py:264} INFO - 0 downstream tasks scheduled from follow-on schedule check
