[[34m2021-11-02 16:07:01,345[0m] {[34mscheduler_job.py:[0m596} INFO[0m - Starting the scheduler[0m
[[34m2021-11-02 16:07:01,346[0m] {[34mscheduler_job.py:[0m601} INFO[0m - Processing each file at most -1 times[0m
[[34m2021-11-02 16:07:01,357[0m] {[34mmanager.py:[0m163} INFO[0m - Launched DagFileProcessorManager with pid: 183052[0m
[[34m2021-11-02 16:07:01,359[0m] {[34mscheduler_job.py:[0m1115} INFO[0m - Resetting orphaned tasks for active dag runs[0m
[[34m2021-11-02 16:07:01,512[0m] {[34mmanager.py:[0m311} WARNING[0m - DagFileProcessorManager (PID=183052) exited with exit code 1 - re-launching[0m
[[34m2021-11-02 16:07:01,518[0m] {[34mmanager.py:[0m163} INFO[0m - Launched DagFileProcessorManager with pid: 183053[0m
[[34m2021-11-02 16:07:03,231[0m] {[34mmanager.py:[0m311} WARNING[0m - DagFileProcessorManager (PID=183053) exited with exit code 1 - re-launching[0m
[[34m2021-11-02 16:07:03,236[0m] {[34mmanager.py:[0m163} INFO[0m - Launched DagFileProcessorManager with pid: 183061[0m
[[34m2021-11-02 16:07:04,943[0m] {[34mmanager.py:[0m311} WARNING[0m - DagFileProcessorManager (PID=183061) exited with exit code 1 - re-launching[0m
[[34m2021-11-02 16:07:04,949[0m] {[34mmanager.py:[0m163} INFO[0m - Launched DagFileProcessorManager with pid: 183067[0m
[[34m2021-11-02 16:07:05,993[0m] {[34mmanager.py:[0m311} WARNING[0m - DagFileProcessorManager (PID=183067) exited with exit code 1 - re-launching[0m
[[34m2021-11-02 16:07:05,997[0m] {[34mmanager.py:[0m163} INFO[0m - Launched DagFileProcessorManager with pid: 183071[0m
[[34m2021-11-02 16:07:06,500[0m] {[34mmanager.py:[0m311} WARNING[0m - DagFileProcessorManager (PID=183071) exited with exit code 1 - re-launching[0m
[[34m2021-11-02 16:07:06,504[0m] {[34mmanager.py:[0m163} INFO[0m - Launched DagFileProcessorManager with pid: 183072[0m
[[34m2021-11-02 16:07:07,585[0m] {[34mmanager.py:[0m311} WARNING[0m - DagFileProcessorManager (PID=183072) exited with exit code 1 - re-launching[0m
[[34m2021-11-02 16:07:07,590[0m] {[34mmanager.py:[0m163} INFO[0m - Launched DagFileProcessorManager with pid: 183076[0m
[[34m2021-11-02 16:07:09,315[0m] {[34mmanager.py:[0m311} WARNING[0m - DagFileProcessorManager (PID=183076) exited with exit code 1 - re-launching[0m
[[34m2021-11-02 16:07:09,321[0m] {[34mmanager.py:[0m163} INFO[0m - Launched DagFileProcessorManager with pid: 183084[0m
[[34m2021-11-02 16:07:10,375[0m] {[34mmanager.py:[0m311} WARNING[0m - DagFileProcessorManager (PID=183084) exited with exit code 1 - re-launching[0m
[[34m2021-11-02 16:07:10,381[0m] {[34mmanager.py:[0m163} INFO[0m - Launched DagFileProcessorManager with pid: 183088[0m
[[34m2021-11-02 16:07:11,416[0m] {[34mmanager.py:[0m311} WARNING[0m - DagFileProcessorManager (PID=183088) exited with exit code 1 - re-launching[0m
[[34m2021-11-02 16:07:11,422[0m] {[34mmanager.py:[0m163} INFO[0m - Launched DagFileProcessorManager with pid: 183094[0m
[[34m2021-11-02 16:07:11,567[0m] {[34mmanager.py:[0m311} WARNING[0m - DagFileProcessorManager (PID=183094) exited with exit code 1 - re-launching[0m
[[34m2021-11-02 16:07:11,571[0m] {[34mmanager.py:[0m163} INFO[0m - Launched DagFileProcessorManager with pid: 183096[0m
[[34m2021-11-02 16:07:12,684[0m] {[34mmanager.py:[0m311} WARNING[0m - DagFileProcessorManager (PID=183096) exited with exit code 1 - re-launching[0m
[[34m2021-11-02 16:07:12,688[0m] {[34mmanager.py:[0m163} INFO[0m - Launched DagFileProcessorManager with pid: 183099[0m
[[34m2021-11-02 16:07:13,744[0m] {[34mmanager.py:[0m311} WARNING[0m - DagFileProcessorManager (PID=183099) exited with exit code 1 - re-launching[0m
[[34m2021-11-02 16:07:13,749[0m] {[34mmanager.py:[0m163} INFO[0m - Launched DagFileProcessorManager with pid: 183108[0m
[[34m2021-11-02 16:07:14,795[0m] {[34mmanager.py:[0m311} WARNING[0m - DagFileProcessorManager (PID=183108) exited with exit code 1 - re-launching[0m
[[34m2021-11-02 16:07:14,801[0m] {[34mmanager.py:[0m163} INFO[0m - Launched DagFileProcessorManager with pid: 183112[0m
[[34m2021-11-02 16:07:16,660[0m] {[34mmanager.py:[0m311} WARNING[0m - DagFileProcessorManager (PID=183112) exited with exit code 1 - re-launching[0m
[[34m2021-11-02 16:07:16,666[0m] {[34mmanager.py:[0m163} INFO[0m - Launched DagFileProcessorManager with pid: 183118[0m
[[34m2021-11-02 16:07:18,557[0m] {[34mmanager.py:[0m311} WARNING[0m - DagFileProcessorManager (PID=183118) exited with exit code 1 - re-launching[0m
[[34m2021-11-02 16:07:18,562[0m] {[34mmanager.py:[0m163} INFO[0m - Launched DagFileProcessorManager with pid: 183128[0m
[[34m2021-11-02 16:07:19,991[0m] {[34mmanager.py:[0m311} WARNING[0m - DagFileProcessorManager (PID=183128) exited with exit code 1 - re-launching[0m
[[34m2021-11-02 16:07:19,996[0m] {[34mmanager.py:[0m163} INFO[0m - Launched DagFileProcessorManager with pid: 183136[0m
[[34m2021-11-02 16:07:21,740[0m] {[34mmanager.py:[0m311} WARNING[0m - DagFileProcessorManager (PID=183136) exited with exit code 1 - re-launching[0m
[[34m2021-11-02 16:07:21,744[0m] {[34mmanager.py:[0m163} INFO[0m - Launched DagFileProcessorManager with pid: 183143[0m
[[34m2021-11-02 16:07:22,812[0m] {[34mmanager.py:[0m311} WARNING[0m - DagFileProcessorManager (PID=183143) exited with exit code 1 - re-launching[0m
[[34m2021-11-02 16:07:22,816[0m] {[34mmanager.py:[0m163} INFO[0m - Launched DagFileProcessorManager with pid: 183146[0m
[[34m2021-11-02 16:07:23,877[0m] {[34mmanager.py:[0m311} WARNING[0m - DagFileProcessorManager (PID=183146) exited with exit code 1 - re-launching[0m
[[34m2021-11-02 16:07:23,885[0m] {[34mmanager.py:[0m163} INFO[0m - Launched DagFileProcessorManager with pid: 183149[0m
[[34m2021-11-02 16:07:24,940[0m] {[34mmanager.py:[0m311} WARNING[0m - DagFileProcessorManager (PID=183149) exited with exit code 1 - re-launching[0m
[[34m2021-11-02 16:07:24,945[0m] {[34mmanager.py:[0m163} INFO[0m - Launched DagFileProcessorManager with pid: 183152[0m
[[34m2021-11-02 16:07:25,994[0m] {[34mmanager.py:[0m311} WARNING[0m - DagFileProcessorManager (PID=183152) exited with exit code 1 - re-launching[0m
[[34m2021-11-02 16:07:25,998[0m] {[34mmanager.py:[0m163} INFO[0m - Launched DagFileProcessorManager with pid: 183156[0m
[[34m2021-11-02 16:07:26,821[0m] {[34mmanager.py:[0m311} WARNING[0m - DagFileProcessorManager (PID=183156) exited with exit code 1 - re-launching[0m
[[34m2021-11-02 16:07:26,827[0m] {[34mmanager.py:[0m163} INFO[0m - Launched DagFileProcessorManager with pid: 183158[0m
[[34m2021-11-02 16:07:28,625[0m] {[34mmanager.py:[0m311} WARNING[0m - DagFileProcessorManager (PID=183158) exited with exit code 1 - re-launching[0m
[[34m2021-11-02 16:07:28,629[0m] {[34mmanager.py:[0m163} INFO[0m - Launched DagFileProcessorManager with pid: 183166[0m
[[34m2021-11-02 16:07:29,686[0m] {[34mmanager.py:[0m311} WARNING[0m - DagFileProcessorManager (PID=183166) exited with exit code 1 - re-launching[0m
[[34m2021-11-02 16:07:29,691[0m] {[34mmanager.py:[0m163} INFO[0m - Launched DagFileProcessorManager with pid: 183170[0m
[[34m2021-11-02 16:07:30,740[0m] {[34mmanager.py:[0m311} WARNING[0m - DagFileProcessorManager (PID=183170) exited with exit code 1 - re-launching[0m
[[34m2021-11-02 16:07:30,748[0m] {[34mmanager.py:[0m163} INFO[0m - Launched DagFileProcessorManager with pid: 183173[0m
[[34m2021-11-02 16:07:32,542[0m] {[34mmanager.py:[0m311} WARNING[0m - DagFileProcessorManager (PID=183173) exited with exit code 1 - re-launching[0m
[[34m2021-11-02 16:07:32,547[0m] {[34mmanager.py:[0m163} INFO[0m - Launched DagFileProcessorManager with pid: 183182[0m
[[34m2021-11-02 16:07:33,620[0m] {[34mmanager.py:[0m311} WARNING[0m - DagFileProcessorManager (PID=183182) exited with exit code 1 - re-launching[0m
[[34m2021-11-02 16:07:33,626[0m] {[34mmanager.py:[0m163} INFO[0m - Launched DagFileProcessorManager with pid: 183185[0m
[[34m2021-11-02 16:07:34,676[0m] {[34mmanager.py:[0m311} WARNING[0m - DagFileProcessorManager (PID=183185) exited with exit code 1 - re-launching[0m
[[34m2021-11-02 16:07:34,682[0m] {[34mmanager.py:[0m163} INFO[0m - Launched DagFileProcessorManager with pid: 183189[0m
[[34m2021-11-02 16:07:35,733[0m] {[34mmanager.py:[0m311} WARNING[0m - DagFileProcessorManager (PID=183189) exited with exit code 1 - re-launching[0m
[[34m2021-11-02 16:07:35,738[0m] {[34mmanager.py:[0m163} INFO[0m - Launched DagFileProcessorManager with pid: 183193[0m
[[34m2021-11-02 16:07:37,466[0m] {[34mmanager.py:[0m311} WARNING[0m - DagFileProcessorManager (PID=183193) exited with exit code 1 - re-launching[0m
[[34m2021-11-02 16:07:37,473[0m] {[34mmanager.py:[0m163} INFO[0m - Launched DagFileProcessorManager with pid: 183201[0m
[[34m2021-11-02 16:07:38,283[0m] {[34mmanager.py:[0m311} WARNING[0m - DagFileProcessorManager (PID=183201) exited with exit code 1 - re-launching[0m
[[34m2021-11-02 16:07:38,288[0m] {[34mmanager.py:[0m163} INFO[0m - Launched DagFileProcessorManager with pid: 183204[0m
[[34m2021-11-02 16:07:39,348[0m] {[34mmanager.py:[0m311} WARNING[0m - DagFileProcessorManager (PID=183204) exited with exit code 1 - re-launching[0m
[[34m2021-11-02 16:07:39,354[0m] {[34mmanager.py:[0m163} INFO[0m - Launched DagFileProcessorManager with pid: 183207[0m
[[34m2021-11-02 16:07:41,037[0m] {[34mmanager.py:[0m311} WARNING[0m - DagFileProcessorManager (PID=183207) exited with exit code 1 - re-launching[0m
[[34m2021-11-02 16:07:41,041[0m] {[34mmanager.py:[0m163} INFO[0m - Launched DagFileProcessorManager with pid: 183214[0m
[[34m2021-11-02 16:07:42,083[0m] {[34mmanager.py:[0m311} WARNING[0m - DagFileProcessorManager (PID=183214) exited with exit code 1 - re-launching[0m
[[34m2021-11-02 16:07:42,087[0m] {[34mmanager.py:[0m163} INFO[0m - Launched DagFileProcessorManager with pid: 183217[0m
[[34m2021-11-02 16:07:43,129[0m] {[34mmanager.py:[0m311} WARNING[0m - DagFileProcessorManager (PID=183217) exited with exit code 1 - re-launching[0m
[[34m2021-11-02 16:07:43,133[0m] {[34mmanager.py:[0m163} INFO[0m - Launched DagFileProcessorManager with pid: 183220[0m
[[34m2021-11-02 16:07:43,360[0m] {[34mmanager.py:[0m311} WARNING[0m - DagFileProcessorManager (PID=183220) exited with exit code 1 - re-launching[0m
[[34m2021-11-02 16:07:43,364[0m] {[34mmanager.py:[0m163} INFO[0m - Launched DagFileProcessorManager with pid: 183221[0m
[[34m2021-11-02 16:07:45,321[0m] {[34mmanager.py:[0m311} WARNING[0m - DagFileProcessorManager (PID=183221) exited with exit code 1 - re-launching[0m
[[34m2021-11-02 16:07:45,325[0m] {[34mmanager.py:[0m163} INFO[0m - Launched DagFileProcessorManager with pid: 183232[0m
[[34m2021-11-02 16:07:47,008[0m] {[34mmanager.py:[0m311} WARNING[0m - DagFileProcessorManager (PID=183232) exited with exit code 1 - re-launching[0m
[[34m2021-11-02 16:07:47,012[0m] {[34mmanager.py:[0m163} INFO[0m - Launched DagFileProcessorManager with pid: 183238[0m
[[34m2021-11-02 16:07:47,618[0m] {[34mmanager.py:[0m311} WARNING[0m - DagFileProcessorManager (PID=183238) exited with exit code 1 - re-launching[0m
[[34m2021-11-02 16:07:47,622[0m] {[34mmanager.py:[0m163} INFO[0m - Launched DagFileProcessorManager with pid: 183239[0m
[[34m2021-11-02 16:07:49,264[0m] {[34mmanager.py:[0m311} WARNING[0m - DagFileProcessorManager (PID=183239) exited with exit code 1 - re-launching[0m
[[34m2021-11-02 16:07:49,270[0m] {[34mmanager.py:[0m163} INFO[0m - Launched DagFileProcessorManager with pid: 183246[0m
[[34m2021-11-02 16:07:50,980[0m] {[34mmanager.py:[0m311} WARNING[0m - DagFileProcessorManager (PID=183246) exited with exit code 1 - re-launching[0m
[[34m2021-11-02 16:07:50,985[0m] {[34mmanager.py:[0m163} INFO[0m - Launched DagFileProcessorManager with pid: 183252[0m
[[34m2021-11-02 16:07:52,031[0m] {[34mmanager.py:[0m311} WARNING[0m - DagFileProcessorManager (PID=183252) exited with exit code 1 - re-launching[0m
[[34m2021-11-02 16:07:52,036[0m] {[34mmanager.py:[0m163} INFO[0m - Launched DagFileProcessorManager with pid: 183260[0m
[[34m2021-11-02 16:07:53,089[0m] {[34mmanager.py:[0m311} WARNING[0m - DagFileProcessorManager (PID=183260) exited with exit code 1 - re-launching[0m
[[34m2021-11-02 16:07:53,094[0m] {[34mmanager.py:[0m163} INFO[0m - Launched DagFileProcessorManager with pid: 183263[0m
[[34m2021-11-02 16:07:54,139[0m] {[34mmanager.py:[0m311} WARNING[0m - DagFileProcessorManager (PID=183263) exited with exit code 1 - re-launching[0m
[[34m2021-11-02 16:07:54,143[0m] {[34mmanager.py:[0m163} INFO[0m - Launched DagFileProcessorManager with pid: 183267[0m
[[34m2021-11-02 16:07:54,346[0m] {[34mmanager.py:[0m311} WARNING[0m - DagFileProcessorManager (PID=183267) exited with exit code 1 - re-launching[0m
[[34m2021-11-02 16:07:54,352[0m] {[34mmanager.py:[0m163} INFO[0m - Launched DagFileProcessorManager with pid: 183268[0m
[[34m2021-11-02 16:07:55,420[0m] {[34mmanager.py:[0m311} WARNING[0m - DagFileProcessorManager (PID=183268) exited with exit code 1 - re-launching[0m
[[34m2021-11-02 16:07:55,425[0m] {[34mmanager.py:[0m163} INFO[0m - Launched DagFileProcessorManager with pid: 183272[0m
[[34m2021-11-02 16:07:56,476[0m] {[34mmanager.py:[0m311} WARNING[0m - DagFileProcessorManager (PID=183272) exited with exit code 1 - re-launching[0m
[[34m2021-11-02 16:07:56,480[0m] {[34mmanager.py:[0m163} INFO[0m - Launched DagFileProcessorManager with pid: 183275[0m
[[34m2021-11-02 16:07:57,530[0m] {[34mmanager.py:[0m311} WARNING[0m - DagFileProcessorManager (PID=183275) exited with exit code 1 - re-launching[0m
[[34m2021-11-02 16:07:57,534[0m] {[34mmanager.py:[0m163} INFO[0m - Launched DagFileProcessorManager with pid: 183278[0m
[[34m2021-11-02 16:07:58,581[0m] {[34mmanager.py:[0m311} WARNING[0m - DagFileProcessorManager (PID=183278) exited with exit code 1 - re-launching[0m
[[34m2021-11-02 16:07:58,585[0m] {[34mmanager.py:[0m163} INFO[0m - Launched DagFileProcessorManager with pid: 183281[0m
[[34m2021-11-02 16:07:59,419[0m] {[34mmanager.py:[0m311} WARNING[0m - DagFileProcessorManager (PID=183281) exited with exit code 1 - re-launching[0m
[[34m2021-11-02 16:07:59,423[0m] {[34mmanager.py:[0m163} INFO[0m - Launched DagFileProcessorManager with pid: 183284[0m
[[34m2021-11-02 16:08:01,135[0m] {[34mmanager.py:[0m311} WARNING[0m - DagFileProcessorManager (PID=183284) exited with exit code 1 - re-launching[0m
[[34m2021-11-02 16:08:01,138[0m] {[34mmanager.py:[0m163} INFO[0m - Launched DagFileProcessorManager with pid: 183290[0m
[[34m2021-11-02 16:08:02,858[0m] {[34mmanager.py:[0m311} WARNING[0m - DagFileProcessorManager (PID=183290) exited with exit code 1 - re-launching[0m
[[34m2021-11-02 16:08:02,863[0m] {[34mmanager.py:[0m163} INFO[0m - Launched DagFileProcessorManager with pid: 183296[0m
[[34m2021-11-02 16:08:04,556[0m] {[34mmanager.py:[0m311} WARNING[0m - DagFileProcessorManager (PID=183296) exited with exit code 1 - re-launching[0m
[[34m2021-11-02 16:08:04,560[0m] {[34mmanager.py:[0m163} INFO[0m - Launched DagFileProcessorManager with pid: 183301[0m
[[34m2021-11-02 16:08:05,631[0m] {[34mmanager.py:[0m311} WARNING[0m - DagFileProcessorManager (PID=183301) exited with exit code 1 - re-launching[0m
[[34m2021-11-02 16:08:05,636[0m] {[34mmanager.py:[0m163} INFO[0m - Launched DagFileProcessorManager with pid: 183307[0m
[[34m2021-11-02 16:08:06,690[0m] {[34mmanager.py:[0m311} WARNING[0m - DagFileProcessorManager (PID=183307) exited with exit code 1 - re-launching[0m
[[34m2021-11-02 16:08:06,695[0m] {[34mmanager.py:[0m163} INFO[0m - Launched DagFileProcessorManager with pid: 183310[0m
[[34m2021-11-02 16:08:07,754[0m] {[34mmanager.py:[0m311} WARNING[0m - DagFileProcessorManager (PID=183310) exited with exit code 1 - re-launching[0m
[[34m2021-11-02 16:08:07,760[0m] {[34mmanager.py:[0m163} INFO[0m - Launched DagFileProcessorManager with pid: 183314[0m
[[34m2021-11-02 16:08:08,809[0m] {[34mmanager.py:[0m311} WARNING[0m - DagFileProcessorManager (PID=183314) exited with exit code 1 - re-launching[0m
[[34m2021-11-02 16:08:08,814[0m] {[34mmanager.py:[0m163} INFO[0m - Launched DagFileProcessorManager with pid: 183317[0m
[[34m2021-11-02 16:08:10,278[0m] {[34mmanager.py:[0m311} WARNING[0m - DagFileProcessorManager (PID=183317) exited with exit code 1 - re-launching[0m
[[34m2021-11-02 16:08:10,284[0m] {[34mmanager.py:[0m163} INFO[0m - Launched DagFileProcessorManager with pid: 183324[0m
[[34m2021-11-02 16:08:12,032[0m] {[34mmanager.py:[0m311} WARNING[0m - DagFileProcessorManager (PID=183324) exited with exit code 1 - re-launching[0m
[[34m2021-11-02 16:08:12,039[0m] {[34mmanager.py:[0m163} INFO[0m - Launched DagFileProcessorManager with pid: 183329[0m
[[34m2021-11-02 16:08:13,811[0m] {[34mmanager.py:[0m311} WARNING[0m - DagFileProcessorManager (PID=183329) exited with exit code 1 - re-launching[0m
[[34m2021-11-02 16:08:13,815[0m] {[34mmanager.py:[0m163} INFO[0m - Launched DagFileProcessorManager with pid: 183335[0m
[[34m2021-11-02 16:08:15,527[0m] {[34mmanager.py:[0m311} WARNING[0m - DagFileProcessorManager (PID=183335) exited with exit code 1 - re-launching[0m
[[34m2021-11-02 16:08:15,531[0m] {[34mmanager.py:[0m163} INFO[0m - Launched DagFileProcessorManager with pid: 183340[0m
[[34m2021-11-02 16:08:16,600[0m] {[34mmanager.py:[0m311} WARNING[0m - DagFileProcessorManager (PID=183340) exited with exit code 1 - re-launching[0m
[[34m2021-11-02 16:08:16,606[0m] {[34mmanager.py:[0m163} INFO[0m - Launched DagFileProcessorManager with pid: 183344[0m
[[34m2021-11-02 16:08:18,287[0m] {[34mmanager.py:[0m311} WARNING[0m - DagFileProcessorManager (PID=183344) exited with exit code 1 - re-launching[0m
[[34m2021-11-02 16:08:18,292[0m] {[34mmanager.py:[0m163} INFO[0m - Launched DagFileProcessorManager with pid: 183350[0m
[[34m2021-11-02 16:08:19,349[0m] {[34mmanager.py:[0m311} WARNING[0m - DagFileProcessorManager (PID=183350) exited with exit code 1 - re-launching[0m
[[34m2021-11-02 16:08:19,354[0m] {[34mmanager.py:[0m163} INFO[0m - Launched DagFileProcessorManager with pid: 183353[0m
[[34m2021-11-02 16:08:20,393[0m] {[34mmanager.py:[0m311} WARNING[0m - DagFileProcessorManager (PID=183353) exited with exit code 1 - re-launching[0m
[[34m2021-11-02 16:08:20,397[0m] {[34mmanager.py:[0m163} INFO[0m - Launched DagFileProcessorManager with pid: 183356[0m
[[34m2021-11-02 16:08:20,591[0m] {[34mmanager.py:[0m311} WARNING[0m - DagFileProcessorManager (PID=183356) exited with exit code 1 - re-launching[0m
[[34m2021-11-02 16:08:20,595[0m] {[34mmanager.py:[0m163} INFO[0m - Launched DagFileProcessorManager with pid: 183358[0m
[[34m2021-11-02 16:08:21,654[0m] {[34mmanager.py:[0m311} WARNING[0m - DagFileProcessorManager (PID=183358) exited with exit code 1 - re-launching[0m
[[34m2021-11-02 16:08:21,658[0m] {[34mmanager.py:[0m163} INFO[0m - Launched DagFileProcessorManager with pid: 183363[0m
[[34m2021-11-02 16:08:22,712[0m] {[34mmanager.py:[0m311} WARNING[0m - DagFileProcessorManager (PID=183363) exited with exit code 1 - re-launching[0m
[[34m2021-11-02 16:08:22,717[0m] {[34mmanager.py:[0m163} INFO[0m - Launched DagFileProcessorManager with pid: 183367[0m
[[34m2021-11-02 16:08:23,773[0m] {[34mmanager.py:[0m311} WARNING[0m - DagFileProcessorManager (PID=183367) exited with exit code 1 - re-launching[0m
[[34m2021-11-02 16:08:23,777[0m] {[34mmanager.py:[0m163} INFO[0m - Launched DagFileProcessorManager with pid: 183373[0m
[[34m2021-11-02 16:08:24,837[0m] {[34mmanager.py:[0m311} WARNING[0m - DagFileProcessorManager (PID=183373) exited with exit code 1 - re-launching[0m
[[34m2021-11-02 16:08:24,853[0m] {[34mmanager.py:[0m163} INFO[0m - Launched DagFileProcessorManager with pid: 183377[0m
[[34m2021-11-02 16:08:26,278[0m] {[34mmanager.py:[0m311} WARNING[0m - DagFileProcessorManager (PID=183377) exited with exit code 1 - re-launching[0m
[[34m2021-11-02 16:08:26,282[0m] {[34mmanager.py:[0m163} INFO[0m - Launched DagFileProcessorManager with pid: 183383[0m
[[34m2021-11-02 16:08:27,347[0m] {[34mmanager.py:[0m311} WARNING[0m - DagFileProcessorManager (PID=183383) exited with exit code 1 - re-launching[0m
[[34m2021-11-02 16:08:27,352[0m] {[34mmanager.py:[0m163} INFO[0m - Launched DagFileProcessorManager with pid: 183387[0m
[[34m2021-11-02 16:08:28,401[0m] {[34mmanager.py:[0m311} WARNING[0m - DagFileProcessorManager (PID=183387) exited with exit code 1 - re-launching[0m
[[34m2021-11-02 16:08:28,406[0m] {[34mmanager.py:[0m163} INFO[0m - Launched DagFileProcessorManager with pid: 183390[0m
[[34m2021-11-02 16:08:29,444[0m] {[34mmanager.py:[0m311} WARNING[0m - DagFileProcessorManager (PID=183390) exited with exit code 1 - re-launching[0m
[[34m2021-11-02 16:08:29,449[0m] {[34mmanager.py:[0m163} INFO[0m - Launched DagFileProcessorManager with pid: 183393[0m
[[34m2021-11-02 16:08:31,183[0m] {[34mmanager.py:[0m311} WARNING[0m - DagFileProcessorManager (PID=183393) exited with exit code 1 - re-launching[0m
[[34m2021-11-02 16:08:31,188[0m] {[34mmanager.py:[0m163} INFO[0m - Launched DagFileProcessorManager with pid: 183400[0m
[[34m2021-11-02 16:08:31,973[0m] {[34mmanager.py:[0m311} WARNING[0m - DagFileProcessorManager (PID=183400) exited with exit code 1 - re-launching[0m
[[34m2021-11-02 16:08:31,978[0m] {[34mmanager.py:[0m163} INFO[0m - Launched DagFileProcessorManager with pid: 183402[0m
[[34m2021-11-02 16:08:33,048[0m] {[34mmanager.py:[0m311} WARNING[0m - DagFileProcessorManager (PID=183402) exited with exit code 1 - re-launching[0m
[[34m2021-11-02 16:08:33,054[0m] {[34mmanager.py:[0m163} INFO[0m - Launched DagFileProcessorManager with pid: 183407[0m
[[34m2021-11-02 16:08:33,350[0m] {[34mmanager.py:[0m311} WARNING[0m - DagFileProcessorManager (PID=183407) exited with exit code 1 - re-launching[0m
[[34m2021-11-02 16:08:33,355[0m] {[34mmanager.py:[0m163} INFO[0m - Launched DagFileProcessorManager with pid: 183408[0m
[[34m2021-11-02 16:08:34,408[0m] {[34mmanager.py:[0m311} WARNING[0m - DagFileProcessorManager (PID=183408) exited with exit code 1 - re-launching[0m
[[34m2021-11-02 16:08:34,413[0m] {[34mmanager.py:[0m163} INFO[0m - Launched DagFileProcessorManager with pid: 183412[0m
[[34m2021-11-02 16:08:36,180[0m] {[34mmanager.py:[0m311} WARNING[0m - DagFileProcessorManager (PID=183412) exited with exit code 1 - re-launching[0m
[[34m2021-11-02 16:08:36,184[0m] {[34mmanager.py:[0m163} INFO[0m - Launched DagFileProcessorManager with pid: 183419[0m
[[34m2021-11-02 16:08:37,047[0m] {[34mmanager.py:[0m311} WARNING[0m - DagFileProcessorManager (PID=183419) exited with exit code 1 - re-launching[0m
[[34m2021-11-02 16:08:37,053[0m] {[34mmanager.py:[0m163} INFO[0m - Launched DagFileProcessorManager with pid: 183422[0m
[[34m2021-11-02 16:08:38,127[0m] {[34mmanager.py:[0m311} WARNING[0m - DagFileProcessorManager (PID=183422) exited with exit code 1 - re-launching[0m
[[34m2021-11-02 16:08:38,132[0m] {[34mmanager.py:[0m163} INFO[0m - Launched DagFileProcessorManager with pid: 183425[0m
[[34m2021-11-02 16:08:39,173[0m] {[34mmanager.py:[0m311} WARNING[0m - DagFileProcessorManager (PID=183425) exited with exit code 1 - re-launching[0m
[[34m2021-11-02 16:08:39,177[0m] {[34mmanager.py:[0m163} INFO[0m - Launched DagFileProcessorManager with pid: 183428[0m
[[34m2021-11-02 16:08:40,988[0m] {[34mmanager.py:[0m311} WARNING[0m - DagFileProcessorManager (PID=183428) exited with exit code 1 - re-launching[0m
[[34m2021-11-02 16:08:40,994[0m] {[34mmanager.py:[0m163} INFO[0m - Launched DagFileProcessorManager with pid: 183434[0m
[[34m2021-11-02 16:08:42,674[0m] {[34mmanager.py:[0m311} WARNING[0m - DagFileProcessorManager (PID=183434) exited with exit code 1 - re-launching[0m
[[34m2021-11-02 16:08:42,678[0m] {[34mmanager.py:[0m163} INFO[0m - Launched DagFileProcessorManager with pid: 183440[0m
[[34m2021-11-02 16:08:43,746[0m] {[34mmanager.py:[0m311} WARNING[0m - DagFileProcessorManager (PID=183440) exited with exit code 1 - re-launching[0m
[[34m2021-11-02 16:08:43,751[0m] {[34mmanager.py:[0m163} INFO[0m - Launched DagFileProcessorManager with pid: 183443[0m
[[34m2021-11-02 16:08:44,800[0m] {[34mmanager.py:[0m311} WARNING[0m - DagFileProcessorManager (PID=183443) exited with exit code 1 - re-launching[0m
[[34m2021-11-02 16:08:44,806[0m] {[34mmanager.py:[0m163} INFO[0m - Launched DagFileProcessorManager with pid: 183447[0m
[[34m2021-11-02 16:08:45,862[0m] {[34mmanager.py:[0m311} WARNING[0m - DagFileProcessorManager (PID=183447) exited with exit code 1 - re-launching[0m
[[34m2021-11-02 16:08:45,867[0m] {[34mmanager.py:[0m163} INFO[0m - Launched DagFileProcessorManager with pid: 183452[0m
[[34m2021-11-02 16:08:46,925[0m] {[34mmanager.py:[0m311} WARNING[0m - DagFileProcessorManager (PID=183452) exited with exit code 1 - re-launching[0m
[[34m2021-11-02 16:08:46,930[0m] {[34mmanager.py:[0m163} INFO[0m - Launched DagFileProcessorManager with pid: 183455[0m
[[34m2021-11-02 16:08:47,750[0m] {[34mmanager.py:[0m311} WARNING[0m - DagFileProcessorManager (PID=183455) exited with exit code 1 - re-launching[0m
[[34m2021-11-02 16:08:47,754[0m] {[34mmanager.py:[0m163} INFO[0m - Launched DagFileProcessorManager with pid: 183458[0m
[[34m2021-11-02 16:08:49,133[0m] {[34mmanager.py:[0m311} WARNING[0m - DagFileProcessorManager (PID=183458) exited with exit code 1 - re-launching[0m
[[34m2021-11-02 16:08:49,137[0m] {[34mmanager.py:[0m163} INFO[0m - Launched DagFileProcessorManager with pid: 183463[0m
[[34m2021-11-02 16:08:50,183[0m] {[34mmanager.py:[0m311} WARNING[0m - DagFileProcessorManager (PID=183463) exited with exit code 1 - re-launching[0m
[[34m2021-11-02 16:08:50,187[0m] {[34mmanager.py:[0m163} INFO[0m - Launched DagFileProcessorManager with pid: 183466[0m
[[34m2021-11-02 16:08:51,227[0m] {[34mmanager.py:[0m311} WARNING[0m - DagFileProcessorManager (PID=183466) exited with exit code 1 - re-launching[0m
[[34m2021-11-02 16:08:51,233[0m] {[34mmanager.py:[0m163} INFO[0m - Launched DagFileProcessorManager with pid: 183471[0m
[[34m2021-11-02 16:08:52,962[0m] {[34mmanager.py:[0m311} WARNING[0m - DagFileProcessorManager (PID=183471) exited with exit code 1 - re-launching[0m
[[34m2021-11-02 16:08:52,966[0m] {[34mmanager.py:[0m163} INFO[0m - Launched DagFileProcessorManager with pid: 183478[0m
[[34m2021-11-02 16:08:54,023[0m] {[34mmanager.py:[0m311} WARNING[0m - DagFileProcessorManager (PID=183478) exited with exit code 1 - re-launching[0m
[[34m2021-11-02 16:08:54,028[0m] {[34mmanager.py:[0m163} INFO[0m - Launched DagFileProcessorManager with pid: 183481[0m
[[34m2021-11-02 16:08:55,081[0m] {[34mmanager.py:[0m311} WARNING[0m - DagFileProcessorManager (PID=183481) exited with exit code 1 - re-launching[0m
[[34m2021-11-02 16:08:55,086[0m] {[34mmanager.py:[0m163} INFO[0m - Launched DagFileProcessorManager with pid: 183484[0m
[[34m2021-11-02 16:08:56,830[0m] {[34mmanager.py:[0m311} WARNING[0m - DagFileProcessorManager (PID=183484) exited with exit code 1 - re-launching[0m
[[34m2021-11-02 16:08:56,834[0m] {[34mmanager.py:[0m163} INFO[0m - Launched DagFileProcessorManager with pid: 183495[0m
[[34m2021-11-02 16:08:57,892[0m] {[34mmanager.py:[0m311} WARNING[0m - DagFileProcessorManager (PID=183495) exited with exit code 1 - re-launching[0m
[[34m2021-11-02 16:08:57,898[0m] {[34mmanager.py:[0m163} INFO[0m - Launched DagFileProcessorManager with pid: 183498[0m
[[34m2021-11-02 16:08:58,035[0m] {[34mmanager.py:[0m311} WARNING[0m - DagFileProcessorManager (PID=183498) exited with exit code 1 - re-launching[0m
[[34m2021-11-02 16:08:58,040[0m] {[34mmanager.py:[0m163} INFO[0m - Launched DagFileProcessorManager with pid: 183499[0m
[[34m2021-11-02 16:08:59,107[0m] {[34mmanager.py:[0m311} WARNING[0m - DagFileProcessorManager (PID=183499) exited with exit code 1 - re-launching[0m
[[34m2021-11-02 16:08:59,111[0m] {[34mmanager.py:[0m163} INFO[0m - Launched DagFileProcessorManager with pid: 183505[0m
[[34m2021-11-02 16:09:00,160[0m] {[34mmanager.py:[0m311} WARNING[0m - DagFileProcessorManager (PID=183505) exited with exit code 1 - re-launching[0m
[[34m2021-11-02 16:09:00,166[0m] {[34mmanager.py:[0m163} INFO[0m - Launched DagFileProcessorManager with pid: 183510[0m
[[34m2021-11-02 16:09:01,218[0m] {[34mmanager.py:[0m311} WARNING[0m - DagFileProcessorManager (PID=183510) exited with exit code 1 - re-launching[0m
[[34m2021-11-02 16:09:01,223[0m] {[34mmanager.py:[0m163} INFO[0m - Launched DagFileProcessorManager with pid: 183517[0m
[[34m2021-11-02 16:09:02,969[0m] {[34mmanager.py:[0m311} WARNING[0m - DagFileProcessorManager (PID=183517) exited with exit code 1 - re-launching[0m
[[34m2021-11-02 16:09:02,975[0m] {[34mmanager.py:[0m163} INFO[0m - Launched DagFileProcessorManager with pid: 183523[0m
[[34m2021-11-02 16:09:03,871[0m] {[34mmanager.py:[0m311} WARNING[0m - DagFileProcessorManager (PID=183523) exited with exit code 1 - re-launching[0m
[[34m2021-11-02 16:09:03,876[0m] {[34mmanager.py:[0m163} INFO[0m - Launched DagFileProcessorManager with pid: 183527[0m
[[34m2021-11-02 16:09:04,886[0m] {[34mmanager.py:[0m311} WARNING[0m - DagFileProcessorManager (PID=183527) exited with exit code 1 - re-launching[0m
[[34m2021-11-02 16:09:04,891[0m] {[34mmanager.py:[0m163} INFO[0m - Launched DagFileProcessorManager with pid: 183531[0m
[[34m2021-11-02 16:09:05,938[0m] {[34mmanager.py:[0m311} WARNING[0m - DagFileProcessorManager (PID=183531) exited with exit code 1 - re-launching[0m
[[34m2021-11-02 16:09:05,943[0m] {[34mmanager.py:[0m163} INFO[0m - Launched DagFileProcessorManager with pid: 183539[0m
[[34m2021-11-02 16:09:08,193[0m] {[34mmanager.py:[0m311} WARNING[0m - DagFileProcessorManager (PID=183539) exited with exit code 1 - re-launching[0m
[[34m2021-11-02 16:09:08,197[0m] {[34mmanager.py:[0m163} INFO[0m - Launched DagFileProcessorManager with pid: 183563[0m
[[34m2021-11-02 16:09:08,954[0m] {[34mmanager.py:[0m311} WARNING[0m - DagFileProcessorManager (PID=183563) exited with exit code 1 - re-launching[0m
[[34m2021-11-02 16:09:08,958[0m] {[34mmanager.py:[0m163} INFO[0m - Launched DagFileProcessorManager with pid: 183569[0m
[[34m2021-11-02 16:09:10,074[0m] {[34mmanager.py:[0m311} WARNING[0m - DagFileProcessorManager (PID=183569) exited with exit code 1 - re-launching[0m
[[34m2021-11-02 16:09:10,078[0m] {[34mmanager.py:[0m163} INFO[0m - Launched DagFileProcessorManager with pid: 183572[0m
[[34m2021-11-02 16:09:11,990[0m] {[34mmanager.py:[0m311} WARNING[0m - DagFileProcessorManager (PID=183572) exited with exit code 1 - re-launching[0m
[[34m2021-11-02 16:09:11,995[0m] {[34mmanager.py:[0m163} INFO[0m - Launched DagFileProcessorManager with pid: 183581[0m
[[34m2021-11-02 16:09:13,736[0m] {[34mmanager.py:[0m311} WARNING[0m - DagFileProcessorManager (PID=183581) exited with exit code 1 - re-launching[0m
[[34m2021-11-02 16:09:13,741[0m] {[34mmanager.py:[0m163} INFO[0m - Launched DagFileProcessorManager with pid: 183586[0m
[[34m2021-11-02 16:09:14,047[0m] {[34mmanager.py:[0m311} WARNING[0m - DagFileProcessorManager (PID=183586) exited with exit code 1 - re-launching[0m
[[34m2021-11-02 16:09:14,052[0m] {[34mmanager.py:[0m163} INFO[0m - Launched DagFileProcessorManager with pid: 183588[0m
[[34m2021-11-02 16:09:15,108[0m] {[34mmanager.py:[0m311} WARNING[0m - DagFileProcessorManager (PID=183588) exited with exit code 1 - re-launching[0m
[[34m2021-11-02 16:09:15,112[0m] {[34mmanager.py:[0m163} INFO[0m - Launched DagFileProcessorManager with pid: 183591[0m
[[34m2021-11-02 16:09:16,149[0m] {[34mmanager.py:[0m311} WARNING[0m - DagFileProcessorManager (PID=183591) exited with exit code 1 - re-launching[0m
[[34m2021-11-02 16:09:16,153[0m] {[34mmanager.py:[0m163} INFO[0m - Launched DagFileProcessorManager with pid: 183594[0m
[[34m2021-11-02 16:09:17,847[0m] {[34mmanager.py:[0m311} WARNING[0m - DagFileProcessorManager (PID=183594) exited with exit code 1 - re-launching[0m
[[34m2021-11-02 16:09:17,851[0m] {[34mmanager.py:[0m163} INFO[0m - Launched DagFileProcessorManager with pid: 183603[0m
[[34m2021-11-02 16:09:18,899[0m] {[34mmanager.py:[0m311} WARNING[0m - DagFileProcessorManager (PID=183603) exited with exit code 1 - re-launching[0m
[[34m2021-11-02 16:09:18,904[0m] {[34mmanager.py:[0m163} INFO[0m - Launched DagFileProcessorManager with pid: 183606[0m
[[34m2021-11-02 16:09:19,121[0m] {[34mmanager.py:[0m311} WARNING[0m - DagFileProcessorManager (PID=183606) exited with exit code 1 - re-launching[0m
[[34m2021-11-02 16:09:19,126[0m] {[34mmanager.py:[0m163} INFO[0m - Launched DagFileProcessorManager with pid: 183607[0m
[[34m2021-11-02 16:09:19,938[0m] {[34mmanager.py:[0m311} WARNING[0m - DagFileProcessorManager (PID=183607) exited with exit code 1 - re-launching[0m
[[34m2021-11-02 16:09:19,942[0m] {[34mmanager.py:[0m163} INFO[0m - Launched DagFileProcessorManager with pid: 183610[0m
[[34m2021-11-02 16:09:20,993[0m] {[34mmanager.py:[0m311} WARNING[0m - DagFileProcessorManager (PID=183610) exited with exit code 1 - re-launching[0m
[[34m2021-11-02 16:09:20,999[0m] {[34mmanager.py:[0m163} INFO[0m - Launched DagFileProcessorManager with pid: 183614[0m
[[34m2021-11-02 16:09:22,050[0m] {[34mmanager.py:[0m311} WARNING[0m - DagFileProcessorManager (PID=183614) exited with exit code 1 - re-launching[0m
[[34m2021-11-02 16:09:22,056[0m] {[34mmanager.py:[0m163} INFO[0m - Launched DagFileProcessorManager with pid: 183618[0m
[[34m2021-11-02 16:09:23,108[0m] {[34mmanager.py:[0m311} WARNING[0m - DagFileProcessorManager (PID=183618) exited with exit code 1 - re-launching[0m
[[34m2021-11-02 16:09:23,113[0m] {[34mmanager.py:[0m163} INFO[0m - Launched DagFileProcessorManager with pid: 183622[0m
[[34m2021-11-02 16:09:24,155[0m] {[34mmanager.py:[0m311} WARNING[0m - DagFileProcessorManager (PID=183622) exited with exit code 1 - re-launching[0m
[[34m2021-11-02 16:09:24,159[0m] {[34mmanager.py:[0m163} INFO[0m - Launched DagFileProcessorManager with pid: 183625[0m
[[34m2021-11-02 16:09:25,228[0m] {[34mmanager.py:[0m311} WARNING[0m - DagFileProcessorManager (PID=183625) exited with exit code 1 - re-launching[0m
[[34m2021-11-02 16:09:25,234[0m] {[34mmanager.py:[0m163} INFO[0m - Launched DagFileProcessorManager with pid: 183628[0m
[[34m2021-11-02 16:09:27,014[0m] {[34mmanager.py:[0m311} WARNING[0m - DagFileProcessorManager (PID=183628) exited with exit code 1 - re-launching[0m
[[34m2021-11-02 16:09:27,021[0m] {[34mmanager.py:[0m163} INFO[0m - Launched DagFileProcessorManager with pid: 183637[0m
[[34m2021-11-02 16:09:28,067[0m] {[34mmanager.py:[0m311} WARNING[0m - DagFileProcessorManager (PID=183637) exited with exit code 1 - re-launching[0m
[[34m2021-11-02 16:09:28,071[0m] {[34mmanager.py:[0m163} INFO[0m - Launched DagFileProcessorManager with pid: 183640[0m
[[34m2021-11-02 16:09:29,111[0m] {[34mmanager.py:[0m311} WARNING[0m - DagFileProcessorManager (PID=183640) exited with exit code 1 - re-launching[0m
[[34m2021-11-02 16:09:29,115[0m] {[34mmanager.py:[0m163} INFO[0m - Launched DagFileProcessorManager with pid: 183646[0m
[[34m2021-11-02 16:09:29,231[0m] {[34mmanager.py:[0m311} WARNING[0m - DagFileProcessorManager (PID=183646) exited with exit code 1 - re-launching[0m
[[34m2021-11-02 16:09:29,237[0m] {[34mmanager.py:[0m163} INFO[0m - Launched DagFileProcessorManager with pid: 183647[0m
[[34m2021-11-02 16:09:30,311[0m] {[34mmanager.py:[0m311} WARNING[0m - DagFileProcessorManager (PID=183647) exited with exit code 1 - re-launching[0m
[[34m2021-11-02 16:09:30,315[0m] {[34mmanager.py:[0m163} INFO[0m - Launched DagFileProcessorManager with pid: 183650[0m
[[34m2021-11-02 16:09:31,363[0m] {[34mmanager.py:[0m311} WARNING[0m - DagFileProcessorManager (PID=183650) exited with exit code 1 - re-launching[0m
[[34m2021-11-02 16:09:31,367[0m] {[34mmanager.py:[0m163} INFO[0m - Launched DagFileProcessorManager with pid: 183654[0m
[[34m2021-11-02 16:09:32,415[0m] {[34mmanager.py:[0m311} WARNING[0m - DagFileProcessorManager (PID=183654) exited with exit code 1 - re-launching[0m
[[34m2021-11-02 16:09:32,420[0m] {[34mmanager.py:[0m163} INFO[0m - Launched DagFileProcessorManager with pid: 183657[0m
[[34m2021-11-02 16:09:33,472[0m] {[34mmanager.py:[0m311} WARNING[0m - DagFileProcessorManager (PID=183657) exited with exit code 1 - re-launching[0m
[[34m2021-11-02 16:09:33,476[0m] {[34mmanager.py:[0m163} INFO[0m - Launched DagFileProcessorManager with pid: 183661[0m
[[34m2021-11-02 16:09:34,903[0m] {[34mmanager.py:[0m311} WARNING[0m - DagFileProcessorManager (PID=183661) exited with exit code 1 - re-launching[0m
[[34m2021-11-02 16:09:34,907[0m] {[34mmanager.py:[0m163} INFO[0m - Launched DagFileProcessorManager with pid: 183668[0m
[[34m2021-11-02 16:09:35,683[0m] {[34mmanager.py:[0m311} WARNING[0m - DagFileProcessorManager (PID=183668) exited with exit code 1 - re-launching[0m
[[34m2021-11-02 16:09:35,687[0m] {[34mmanager.py:[0m163} INFO[0m - Launched DagFileProcessorManager with pid: 183672[0m
[[34m2021-11-02 16:09:37,382[0m] {[34mmanager.py:[0m311} WARNING[0m - DagFileProcessorManager (PID=183672) exited with exit code 1 - re-launching[0m
[[34m2021-11-02 16:09:37,386[0m] {[34mmanager.py:[0m163} INFO[0m - Launched DagFileProcessorManager with pid: 183676[0m
[[34m2021-11-02 16:09:39,200[0m] {[34mmanager.py:[0m311} WARNING[0m - DagFileProcessorManager (PID=183676) exited with exit code 1 - re-launching[0m
[[34m2021-11-02 16:09:39,204[0m] {[34mmanager.py:[0m163} INFO[0m - Launched DagFileProcessorManager with pid: 183682[0m
[[34m2021-11-02 16:09:39,973[0m] {[34mmanager.py:[0m311} WARNING[0m - DagFileProcessorManager (PID=183682) exited with exit code 1 - re-launching[0m
[[34m2021-11-02 16:09:39,979[0m] {[34mmanager.py:[0m163} INFO[0m - Launched DagFileProcessorManager with pid: 183685[0m
[[34m2021-11-02 16:09:41,048[0m] {[34mmanager.py:[0m311} WARNING[0m - DagFileProcessorManager (PID=183685) exited with exit code 1 - re-launching[0m
[[34m2021-11-02 16:09:41,054[0m] {[34mmanager.py:[0m163} INFO[0m - Launched DagFileProcessorManager with pid: 183689[0m
[[34m2021-11-02 16:09:42,109[0m] {[34mmanager.py:[0m311} WARNING[0m - DagFileProcessorManager (PID=183689) exited with exit code 1 - re-launching[0m
[[34m2021-11-02 16:09:42,114[0m] {[34mmanager.py:[0m163} INFO[0m - Launched DagFileProcessorManager with pid: 183692[0m
[[34m2021-11-02 16:09:43,162[0m] {[34mmanager.py:[0m311} WARNING[0m - DagFileProcessorManager (PID=183692) exited with exit code 1 - re-launching[0m
[[34m2021-11-02 16:09:43,167[0m] {[34mmanager.py:[0m163} INFO[0m - Launched DagFileProcessorManager with pid: 183695[0m
[[34m2021-11-02 16:09:45,002[0m] {[34mmanager.py:[0m311} WARNING[0m - DagFileProcessorManager (PID=183695) exited with exit code 1 - re-launching[0m
[[34m2021-11-02 16:09:45,006[0m] {[34mmanager.py:[0m163} INFO[0m - Launched DagFileProcessorManager with pid: 183703[0m
[[34m2021-11-02 16:09:46,069[0m] {[34mmanager.py:[0m311} WARNING[0m - DagFileProcessorManager (PID=183703) exited with exit code 1 - re-launching[0m
[[34m2021-11-02 16:09:46,073[0m] {[34mmanager.py:[0m163} INFO[0m - Launched DagFileProcessorManager with pid: 183706[0m
[[34m2021-11-02 16:09:47,121[0m] {[34mmanager.py:[0m311} WARNING[0m - DagFileProcessorManager (PID=183706) exited with exit code 1 - re-launching[0m
[[34m2021-11-02 16:09:47,126[0m] {[34mmanager.py:[0m163} INFO[0m - Launched DagFileProcessorManager with pid: 183709[0m
[[34m2021-11-02 16:09:48,166[0m] {[34mmanager.py:[0m311} WARNING[0m - DagFileProcessorManager (PID=183709) exited with exit code 1 - re-launching[0m
[[34m2021-11-02 16:09:48,171[0m] {[34mmanager.py:[0m163} INFO[0m - Launched DagFileProcessorManager with pid: 183713[0m
[[34m2021-11-02 16:09:49,935[0m] {[34mmanager.py:[0m311} WARNING[0m - DagFileProcessorManager (PID=183713) exited with exit code 1 - re-launching[0m
[[34m2021-11-02 16:09:49,941[0m] {[34mmanager.py:[0m163} INFO[0m - Launched DagFileProcessorManager with pid: 183719[0m
[[34m2021-11-02 16:09:50,177[0m] {[34mmanager.py:[0m311} WARNING[0m - DagFileProcessorManager (PID=183719) exited with exit code 1 - re-launching[0m
[[34m2021-11-02 16:09:50,183[0m] {[34mmanager.py:[0m163} INFO[0m - Launched DagFileProcessorManager with pid: 183721[0m
[[34m2021-11-02 16:09:50,742[0m] {[34mmanager.py:[0m311} WARNING[0m - DagFileProcessorManager (PID=183721) exited with exit code 1 - re-launching[0m
[[34m2021-11-02 16:09:50,747[0m] {[34mmanager.py:[0m163} INFO[0m - Launched DagFileProcessorManager with pid: 183724[0m
[[34m2021-11-02 16:09:51,817[0m] {[34mmanager.py:[0m311} WARNING[0m - DagFileProcessorManager (PID=183724) exited with exit code 1 - re-launching[0m
[[34m2021-11-02 16:09:51,822[0m] {[34mmanager.py:[0m163} INFO[0m - Launched DagFileProcessorManager with pid: 183727[0m
[[34m2021-11-02 16:09:52,861[0m] {[34mmanager.py:[0m311} WARNING[0m - DagFileProcessorManager (PID=183727) exited with exit code 1 - re-launching[0m
[[34m2021-11-02 16:09:52,866[0m] {[34mmanager.py:[0m163} INFO[0m - Launched DagFileProcessorManager with pid: 183730[0m
[[34m2021-11-02 16:09:54,564[0m] {[34mmanager.py:[0m311} WARNING[0m - DagFileProcessorManager (PID=183730) exited with exit code 1 - re-launching[0m
[[34m2021-11-02 16:09:54,567[0m] {[34mmanager.py:[0m163} INFO[0m - Launched DagFileProcessorManager with pid: 183737[0m
[[34m2021-11-02 16:09:55,256[0m] {[34mmanager.py:[0m311} WARNING[0m - DagFileProcessorManager (PID=183737) exited with exit code 1 - re-launching[0m
[[34m2021-11-02 16:09:55,260[0m] {[34mmanager.py:[0m163} INFO[0m - Launched DagFileProcessorManager with pid: 183739[0m
[[34m2021-11-02 16:09:56,325[0m] {[34mmanager.py:[0m311} WARNING[0m - DagFileProcessorManager (PID=183739) exited with exit code 1 - re-launching[0m
[[34m2021-11-02 16:09:56,331[0m] {[34mmanager.py:[0m163} INFO[0m - Launched DagFileProcessorManager with pid: 183743[0m
[[34m2021-11-02 16:09:57,370[0m] {[34mmanager.py:[0m311} WARNING[0m - DagFileProcessorManager (PID=183743) exited with exit code 1 - re-launching[0m
[[34m2021-11-02 16:09:57,374[0m] {[34mmanager.py:[0m163} INFO[0m - Launched DagFileProcessorManager with pid: 183746[0m
[[34m2021-11-02 16:09:58,414[0m] {[34mmanager.py:[0m311} WARNING[0m - DagFileProcessorManager (PID=183746) exited with exit code 1 - re-launching[0m
[[34m2021-11-02 16:09:58,418[0m] {[34mmanager.py:[0m163} INFO[0m - Launched DagFileProcessorManager with pid: 183750[0m
[[34m2021-11-02 16:09:59,460[0m] {[34mmanager.py:[0m311} WARNING[0m - DagFileProcessorManager (PID=183750) exited with exit code 1 - re-launching[0m
[[34m2021-11-02 16:09:59,465[0m] {[34mmanager.py:[0m163} INFO[0m - Launched DagFileProcessorManager with pid: 183752[0m
[[34m2021-11-02 16:10:00,339[0m] {[34mmanager.py:[0m311} WARNING[0m - DagFileProcessorManager (PID=183752) exited with exit code 1 - re-launching[0m
[[34m2021-11-02 16:10:00,345[0m] {[34mmanager.py:[0m163} INFO[0m - Launched DagFileProcessorManager with pid: 183755[0m
[[34m2021-11-02 16:10:02,137[0m] {[34mmanager.py:[0m311} WARNING[0m - DagFileProcessorManager (PID=183755) exited with exit code 1 - re-launching[0m
[[34m2021-11-02 16:10:02,140[0m] {[34mmanager.py:[0m163} INFO[0m - Launched DagFileProcessorManager with pid: 183763[0m
[[34m2021-11-02 16:10:03,194[0m] {[34mmanager.py:[0m311} WARNING[0m - DagFileProcessorManager (PID=183763) exited with exit code 1 - re-launching[0m
[[34m2021-11-02 16:10:03,199[0m] {[34mmanager.py:[0m163} INFO[0m - Launched DagFileProcessorManager with pid: 183766[0m
[[34m2021-11-02 16:10:04,243[0m] {[34mmanager.py:[0m311} WARNING[0m - DagFileProcessorManager (PID=183766) exited with exit code 1 - re-launching[0m
[[34m2021-11-02 16:10:04,247[0m] {[34mmanager.py:[0m163} INFO[0m - Launched DagFileProcessorManager with pid: 183770[0m
[[34m2021-11-02 16:10:05,290[0m] {[34mmanager.py:[0m311} WARNING[0m - DagFileProcessorManager (PID=183770) exited with exit code 1 - re-launching[0m
[[34m2021-11-02 16:10:05,294[0m] {[34mmanager.py:[0m163} INFO[0m - Launched DagFileProcessorManager with pid: 183773[0m
[[34m2021-11-02 16:10:05,424[0m] {[34mmanager.py:[0m311} WARNING[0m - DagFileProcessorManager (PID=183773) exited with exit code 1 - re-launching[0m
[[34m2021-11-02 16:10:05,430[0m] {[34mmanager.py:[0m163} INFO[0m - Launched DagFileProcessorManager with pid: 183774[0m
[[34m2021-11-02 16:10:05,808[0m] {[34mmanager.py:[0m311} WARNING[0m - DagFileProcessorManager (PID=183774) exited with exit code 1 - re-launching[0m
[[34m2021-11-02 16:10:05,812[0m] {[34mmanager.py:[0m163} INFO[0m - Launched DagFileProcessorManager with pid: 183778[0m
[[34m2021-11-02 16:10:06,879[0m] {[34mmanager.py:[0m311} WARNING[0m - DagFileProcessorManager (PID=183778) exited with exit code 1 - re-launching[0m
[[34m2021-11-02 16:10:06,884[0m] {[34mmanager.py:[0m163} INFO[0m - Launched DagFileProcessorManager with pid: 183781[0m
[[34m2021-11-02 16:10:08,586[0m] {[34mmanager.py:[0m311} WARNING[0m - DagFileProcessorManager (PID=183781) exited with exit code 1 - re-launching[0m
[[34m2021-11-02 16:10:08,591[0m] {[34mmanager.py:[0m163} INFO[0m - Launched DagFileProcessorManager with pid: 183789[0m
[[34m2021-11-02 16:10:10,422[0m] {[34mmanager.py:[0m311} WARNING[0m - DagFileProcessorManager (PID=183789) exited with exit code 1 - re-launching[0m
[[34m2021-11-02 16:10:10,426[0m] {[34mmanager.py:[0m163} INFO[0m - Launched DagFileProcessorManager with pid: 183794[0m
[[34m2021-11-02 16:10:10,882[0m] {[34mmanager.py:[0m311} WARNING[0m - DagFileProcessorManager (PID=183794) exited with exit code 1 - re-launching[0m
[[34m2021-11-02 16:10:10,888[0m] {[34mmanager.py:[0m163} INFO[0m - Launched DagFileProcessorManager with pid: 183796[0m
[[34m2021-11-02 16:10:12,600[0m] {[34mmanager.py:[0m311} WARNING[0m - DagFileProcessorManager (PID=183796) exited with exit code 1 - re-launching[0m
[[34m2021-11-02 16:10:12,604[0m] {[34mmanager.py:[0m163} INFO[0m - Launched DagFileProcessorManager with pid: 183802[0m
[[34m2021-11-02 16:10:13,643[0m] {[34mmanager.py:[0m311} WARNING[0m - DagFileProcessorManager (PID=183802) exited with exit code 1 - re-launching[0m
[[34m2021-11-02 16:10:13,647[0m] {[34mmanager.py:[0m163} INFO[0m - Launched DagFileProcessorManager with pid: 183806[0m
[[34m2021-11-02 16:10:14,702[0m] {[34mmanager.py:[0m311} WARNING[0m - DagFileProcessorManager (PID=183806) exited with exit code 1 - re-launching[0m
[[34m2021-11-02 16:10:14,706[0m] {[34mmanager.py:[0m163} INFO[0m - Launched DagFileProcessorManager with pid: 183809[0m
[[34m2021-11-02 16:10:15,752[0m] {[34mmanager.py:[0m311} WARNING[0m - DagFileProcessorManager (PID=183809) exited with exit code 1 - re-launching[0m
[[34m2021-11-02 16:10:15,756[0m] {[34mmanager.py:[0m163} INFO[0m - Launched DagFileProcessorManager with pid: 183812[0m
[[34m2021-11-02 16:10:16,585[0m] {[34mmanager.py:[0m311} WARNING[0m - DagFileProcessorManager (PID=183812) exited with exit code 1 - re-launching[0m
[[34m2021-11-02 16:10:16,590[0m] {[34mmanager.py:[0m163} INFO[0m - Launched DagFileProcessorManager with pid: 183816[0m
[[34m2021-11-02 16:10:17,647[0m] {[34mmanager.py:[0m311} WARNING[0m - DagFileProcessorManager (PID=183816) exited with exit code 1 - re-launching[0m
[[34m2021-11-02 16:10:17,651[0m] {[34mmanager.py:[0m163} INFO[0m - Launched DagFileProcessorManager with pid: 183819[0m
[[34m2021-11-02 16:10:19,274[0m] {[34mmanager.py:[0m311} WARNING[0m - DagFileProcessorManager (PID=183819) exited with exit code 1 - re-launching[0m
[[34m2021-11-02 16:10:19,281[0m] {[34mmanager.py:[0m163} INFO[0m - Launched DagFileProcessorManager with pid: 183824[0m
[[34m2021-11-02 16:10:20,341[0m] {[34mmanager.py:[0m311} WARNING[0m - DagFileProcessorManager (PID=183824) exited with exit code 1 - re-launching[0m
[[34m2021-11-02 16:10:20,346[0m] {[34mmanager.py:[0m163} INFO[0m - Launched DagFileProcessorManager with pid: 183828[0m
[[34m2021-11-02 16:10:21,553[0m] {[34mmanager.py:[0m311} WARNING[0m - DagFileProcessorManager (PID=183828) exited with exit code 1 - re-launching[0m
[[34m2021-11-02 16:10:21,558[0m] {[34mmanager.py:[0m163} INFO[0m - Launched DagFileProcessorManager with pid: 183833[0m
[[34m2021-11-02 16:10:22,301[0m] {[34mmanager.py:[0m311} WARNING[0m - DagFileProcessorManager (PID=183833) exited with exit code 1 - re-launching[0m
[[34m2021-11-02 16:10:22,305[0m] {[34mmanager.py:[0m163} INFO[0m - Launched DagFileProcessorManager with pid: 183837[0m
[[34m2021-11-02 16:10:24,118[0m] {[34mmanager.py:[0m311} WARNING[0m - DagFileProcessorManager (PID=183837) exited with exit code 1 - re-launching[0m
[[34m2021-11-02 16:10:24,123[0m] {[34mmanager.py:[0m163} INFO[0m - Launched DagFileProcessorManager with pid: 183842[0m
[[34m2021-11-02 16:10:25,171[0m] {[34mmanager.py:[0m311} WARNING[0m - DagFileProcessorManager (PID=183842) exited with exit code 1 - re-launching[0m
[[34m2021-11-02 16:10:25,175[0m] {[34mmanager.py:[0m163} INFO[0m - Launched DagFileProcessorManager with pid: 183846[0m
[[34m2021-11-02 16:10:26,232[0m] {[34mmanager.py:[0m311} WARNING[0m - DagFileProcessorManager (PID=183846) exited with exit code 1 - re-launching[0m
[[34m2021-11-02 16:10:26,236[0m] {[34mmanager.py:[0m163} INFO[0m - Launched DagFileProcessorManager with pid: 183850[0m
[[34m2021-11-02 16:10:27,290[0m] {[34mmanager.py:[0m311} WARNING[0m - DagFileProcessorManager (PID=183850) exited with exit code 1 - re-launching[0m
[[34m2021-11-02 16:10:27,295[0m] {[34mmanager.py:[0m163} INFO[0m - Launched DagFileProcessorManager with pid: 183854[0m
[[34m2021-11-02 16:10:27,381[0m] {[34mmanager.py:[0m311} WARNING[0m - DagFileProcessorManager (PID=183854) exited with exit code 1 - re-launching[0m
[[34m2021-11-02 16:10:27,387[0m] {[34mmanager.py:[0m163} INFO[0m - Launched DagFileProcessorManager with pid: 183855[0m
[[34m2021-11-02 16:10:28,482[0m] {[34mmanager.py:[0m311} WARNING[0m - DagFileProcessorManager (PID=183855) exited with exit code 1 - re-launching[0m
[[34m2021-11-02 16:10:28,488[0m] {[34mmanager.py:[0m163} INFO[0m - Launched DagFileProcessorManager with pid: 183859[0m
[[34m2021-11-02 16:10:29,540[0m] {[34mmanager.py:[0m311} WARNING[0m - DagFileProcessorManager (PID=183859) exited with exit code 1 - re-launching[0m
[[34m2021-11-02 16:10:29,546[0m] {[34mmanager.py:[0m163} INFO[0m - Launched DagFileProcessorManager with pid: 183862[0m
[[34m2021-11-02 16:10:31,401[0m] {[34mmanager.py:[0m311} WARNING[0m - DagFileProcessorManager (PID=183862) exited with exit code 1 - re-launching[0m
[[34m2021-11-02 16:10:31,406[0m] {[34mmanager.py:[0m163} INFO[0m - Launched DagFileProcessorManager with pid: 183870[0m
[[34m2021-11-02 16:10:33,140[0m] {[34mmanager.py:[0m311} WARNING[0m - DagFileProcessorManager (PID=183870) exited with exit code 1 - re-launching[0m
[[34m2021-11-02 16:10:33,145[0m] {[34mmanager.py:[0m163} INFO[0m - Launched DagFileProcessorManager with pid: 183874[0m
[[34m2021-11-02 16:10:34,904[0m] {[34mmanager.py:[0m311} WARNING[0m - DagFileProcessorManager (PID=183874) exited with exit code 1 - re-launching[0m
[[34m2021-11-02 16:10:34,909[0m] {[34mmanager.py:[0m163} INFO[0m - Launched DagFileProcessorManager with pid: 183881[0m
[[34m2021-11-02 16:10:36,589[0m] {[34mmanager.py:[0m311} WARNING[0m - DagFileProcessorManager (PID=183881) exited with exit code 1 - re-launching[0m
[[34m2021-11-02 16:10:36,594[0m] {[34mmanager.py:[0m163} INFO[0m - Launched DagFileProcessorManager with pid: 183888[0m
[[34m2021-11-02 16:10:37,649[0m] {[34mmanager.py:[0m311} WARNING[0m - DagFileProcessorManager (PID=183888) exited with exit code 1 - re-launching[0m
[[34m2021-11-02 16:10:37,652[0m] {[34mmanager.py:[0m163} INFO[0m - Launched DagFileProcessorManager with pid: 183891[0m
[[34m2021-11-02 16:10:38,823[0m] {[34mmanager.py:[0m311} WARNING[0m - DagFileProcessorManager (PID=183891) exited with exit code 1 - re-launching[0m
[[34m2021-11-02 16:10:38,827[0m] {[34mmanager.py:[0m163} INFO[0m - Launched DagFileProcessorManager with pid: 183895[0m
[[34m2021-11-02 16:10:40,676[0m] {[34mmanager.py:[0m311} WARNING[0m - DagFileProcessorManager (PID=183895) exited with exit code 1 - re-launching[0m
[[34m2021-11-02 16:10:40,682[0m] {[34mmanager.py:[0m163} INFO[0m - Launched DagFileProcessorManager with pid: 183901[0m
[[34m2021-11-02 16:10:41,762[0m] {[34mmanager.py:[0m311} WARNING[0m - DagFileProcessorManager (PID=183901) exited with exit code 1 - re-launching[0m
[[34m2021-11-02 16:10:41,767[0m] {[34mmanager.py:[0m163} INFO[0m - Launched DagFileProcessorManager with pid: 183904[0m
[[34m2021-11-02 16:10:42,829[0m] {[34mmanager.py:[0m311} WARNING[0m - DagFileProcessorManager (PID=183904) exited with exit code 1 - re-launching[0m
[[34m2021-11-02 16:10:42,834[0m] {[34mmanager.py:[0m163} INFO[0m - Launched DagFileProcessorManager with pid: 183908[0m
[[34m2021-11-02 16:10:43,880[0m] {[34mmanager.py:[0m311} WARNING[0m - DagFileProcessorManager (PID=183908) exited with exit code 1 - re-launching[0m
[[34m2021-11-02 16:10:43,885[0m] {[34mmanager.py:[0m163} INFO[0m - Launched DagFileProcessorManager with pid: 183912[0m
[[34m2021-11-02 16:10:44,959[0m] {[34mmanager.py:[0m311} WARNING[0m - DagFileProcessorManager (PID=183912) exited with exit code 1 - re-launching[0m
[[34m2021-11-02 16:10:44,965[0m] {[34mmanager.py:[0m163} INFO[0m - Launched DagFileProcessorManager with pid: 183915[0m
[[34m2021-11-02 16:10:46,659[0m] {[34mmanager.py:[0m311} WARNING[0m - DagFileProcessorManager (PID=183915) exited with exit code 1 - re-launching[0m
[[34m2021-11-02 16:10:46,664[0m] {[34mmanager.py:[0m163} INFO[0m - Launched DagFileProcessorManager with pid: 183923[0m
[[34m2021-11-02 16:10:47,691[0m] {[34mmanager.py:[0m311} WARNING[0m - DagFileProcessorManager (PID=183923) exited with exit code 1 - re-launching[0m
[[34m2021-11-02 16:10:47,695[0m] {[34mmanager.py:[0m163} INFO[0m - Launched DagFileProcessorManager with pid: 183925[0m
[[34m2021-11-02 16:10:48,739[0m] {[34mmanager.py:[0m311} WARNING[0m - DagFileProcessorManager (PID=183925) exited with exit code 1 - re-launching[0m
[[34m2021-11-02 16:10:48,744[0m] {[34mmanager.py:[0m163} INFO[0m - Launched DagFileProcessorManager with pid: 183930[0m
[[34m2021-11-02 16:10:49,610[0m] {[34mmanager.py:[0m311} WARNING[0m - DagFileProcessorManager (PID=183930) exited with exit code 1 - re-launching[0m
[[34m2021-11-02 16:10:49,614[0m] {[34mmanager.py:[0m163} INFO[0m - Launched DagFileProcessorManager with pid: 183933[0m
[[34m2021-11-02 16:10:51,417[0m] {[34mmanager.py:[0m311} WARNING[0m - DagFileProcessorManager (PID=183933) exited with exit code 1 - re-launching[0m
[[34m2021-11-02 16:10:51,423[0m] {[34mmanager.py:[0m163} INFO[0m - Launched DagFileProcessorManager with pid: 183941[0m
[[34m2021-11-02 16:10:52,421[0m] {[34mmanager.py:[0m311} WARNING[0m - DagFileProcessorManager (PID=183941) exited with exit code 1 - re-launching[0m
[[34m2021-11-02 16:10:52,425[0m] {[34mmanager.py:[0m163} INFO[0m - Launched DagFileProcessorManager with pid: 183946[0m
[[34m2021-11-02 16:10:54,183[0m] {[34mmanager.py:[0m311} WARNING[0m - DagFileProcessorManager (PID=183946) exited with exit code 1 - re-launching[0m
[[34m2021-11-02 16:10:54,187[0m] {[34mmanager.py:[0m163} INFO[0m - Launched DagFileProcessorManager with pid: 183953[0m
[[34m2021-11-02 16:10:54,674[0m] {[34mmanager.py:[0m311} WARNING[0m - DagFileProcessorManager (PID=183953) exited with exit code 1 - re-launching[0m
[[34m2021-11-02 16:10:54,678[0m] {[34mmanager.py:[0m163} INFO[0m - Launched DagFileProcessorManager with pid: 183954[0m
[[34m2021-11-02 16:10:56,362[0m] {[34mmanager.py:[0m311} WARNING[0m - DagFileProcessorManager (PID=183954) exited with exit code 1 - re-launching[0m
[[34m2021-11-02 16:10:56,367[0m] {[34mmanager.py:[0m163} INFO[0m - Launched DagFileProcessorManager with pid: 183961[0m
[[34m2021-11-02 16:10:58,036[0m] {[34mmanager.py:[0m311} WARNING[0m - DagFileProcessorManager (PID=183961) exited with exit code 1 - re-launching[0m
[[34m2021-11-02 16:10:58,042[0m] {[34mmanager.py:[0m163} INFO[0m - Launched DagFileProcessorManager with pid: 183966[0m
[[34m2021-11-02 16:10:59,084[0m] {[34mmanager.py:[0m311} WARNING[0m - DagFileProcessorManager (PID=183966) exited with exit code 1 - re-launching[0m
[[34m2021-11-02 16:10:59,088[0m] {[34mmanager.py:[0m163} INFO[0m - Launched DagFileProcessorManager with pid: 183970[0m
[[34m2021-11-02 16:11:00,421[0m] {[34mmanager.py:[0m311} WARNING[0m - DagFileProcessorManager (PID=183970) exited with exit code 1 - re-launching[0m
[[34m2021-11-02 16:11:00,425[0m] {[34mmanager.py:[0m163} INFO[0m - Launched DagFileProcessorManager with pid: 183996[0m
[[34m2021-11-02 16:11:02,259[0m] {[34mmanager.py:[0m311} WARNING[0m - DagFileProcessorManager (PID=183996) exited with exit code 1 - re-launching[0m
[[34m2021-11-02 16:11:02,264[0m] {[34mmanager.py:[0m163} INFO[0m - Launched DagFileProcessorManager with pid: 184002[0m
[[34m2021-11-02 16:11:03,315[0m] {[34mmanager.py:[0m311} WARNING[0m - DagFileProcessorManager (PID=184002) exited with exit code 1 - re-launching[0m
[[34m2021-11-02 16:11:03,319[0m] {[34mmanager.py:[0m163} INFO[0m - Launched DagFileProcessorManager with pid: 184006[0m
[[34m2021-11-02 16:11:04,373[0m] {[34mmanager.py:[0m311} WARNING[0m - DagFileProcessorManager (PID=184006) exited with exit code 1 - re-launching[0m
[[34m2021-11-02 16:11:04,378[0m] {[34mmanager.py:[0m163} INFO[0m - Launched DagFileProcessorManager with pid: 184009[0m
[[34m2021-11-02 16:11:06,045[0m] {[34mmanager.py:[0m311} WARNING[0m - DagFileProcessorManager (PID=184009) exited with exit code 1 - re-launching[0m
[[34m2021-11-02 16:11:06,049[0m] {[34mmanager.py:[0m163} INFO[0m - Launched DagFileProcessorManager with pid: 184017[0m
[[34m2021-11-02 16:11:07,125[0m] {[34mmanager.py:[0m311} WARNING[0m - DagFileProcessorManager (PID=184017) exited with exit code 1 - re-launching[0m
[[34m2021-11-02 16:11:07,131[0m] {[34mmanager.py:[0m163} INFO[0m - Launched DagFileProcessorManager with pid: 184020[0m
[[34m2021-11-02 16:11:07,483[0m] {[34mmanager.py:[0m311} WARNING[0m - DagFileProcessorManager (PID=184020) exited with exit code 1 - re-launching[0m
[[34m2021-11-02 16:11:07,489[0m] {[34mmanager.py:[0m163} INFO[0m - Launched DagFileProcessorManager with pid: 184021[0m
[[34m2021-11-02 16:11:09,204[0m] {[34mmanager.py:[0m311} WARNING[0m - DagFileProcessorManager (PID=184021) exited with exit code 1 - re-launching[0m
[[34m2021-11-02 16:11:09,208[0m] {[34mmanager.py:[0m163} INFO[0m - Launched DagFileProcessorManager with pid: 184027[0m
[[34m2021-11-02 16:11:10,255[0m] {[34mmanager.py:[0m311} WARNING[0m - DagFileProcessorManager (PID=184027) exited with exit code 1 - re-launching[0m
[[34m2021-11-02 16:11:10,261[0m] {[34mmanager.py:[0m163} INFO[0m - Launched DagFileProcessorManager with pid: 184031[0m
[[34m2021-11-02 16:11:11,835[0m] {[34mmanager.py:[0m311} WARNING[0m - DagFileProcessorManager (PID=184031) exited with exit code 1 - re-launching[0m
[[34m2021-11-02 16:11:11,840[0m] {[34mmanager.py:[0m163} INFO[0m - Launched DagFileProcessorManager with pid: 184041[0m
[[34m2021-11-02 16:11:12,916[0m] {[34mmanager.py:[0m311} WARNING[0m - DagFileProcessorManager (PID=184041) exited with exit code 1 - re-launching[0m
[[34m2021-11-02 16:11:12,922[0m] {[34mmanager.py:[0m163} INFO[0m - Launched DagFileProcessorManager with pid: 184049[0m
[[34m2021-11-02 16:11:13,979[0m] {[34mmanager.py:[0m311} WARNING[0m - DagFileProcessorManager (PID=184049) exited with exit code 1 - re-launching[0m
[[34m2021-11-02 16:11:13,987[0m] {[34mmanager.py:[0m163} INFO[0m - Launched DagFileProcessorManager with pid: 184055[0m
[[34m2021-11-02 16:11:15,688[0m] {[34mmanager.py:[0m311} WARNING[0m - DagFileProcessorManager (PID=184055) exited with exit code 1 - re-launching[0m
[[34m2021-11-02 16:11:15,697[0m] {[34mmanager.py:[0m163} INFO[0m - Launched DagFileProcessorManager with pid: 184061[0m
[[34m2021-11-02 16:11:16,740[0m] {[34mmanager.py:[0m311} WARNING[0m - DagFileProcessorManager (PID=184061) exited with exit code 1 - re-launching[0m
[[34m2021-11-02 16:11:16,746[0m] {[34mmanager.py:[0m163} INFO[0m - Launched DagFileProcessorManager with pid: 184065[0m
[[34m2021-11-02 16:11:16,908[0m] {[34mmanager.py:[0m311} WARNING[0m - DagFileProcessorManager (PID=184065) exited with exit code 1 - re-launching[0m
[[34m2021-11-02 16:11:16,914[0m] {[34mmanager.py:[0m163} INFO[0m - Launched DagFileProcessorManager with pid: 184066[0m
[[34m2021-11-02 16:11:18,626[0m] {[34mmanager.py:[0m311} WARNING[0m - DagFileProcessorManager (PID=184066) exited with exit code 1 - re-launching[0m
[[34m2021-11-02 16:11:18,631[0m] {[34mmanager.py:[0m163} INFO[0m - Launched DagFileProcessorManager with pid: 184073[0m
[[34m2021-11-02 16:11:20,274[0m] {[34mmanager.py:[0m311} WARNING[0m - DagFileProcessorManager (PID=184073) exited with exit code 1 - re-launching[0m
[[34m2021-11-02 16:11:20,279[0m] {[34mmanager.py:[0m163} INFO[0m - Launched DagFileProcessorManager with pid: 184078[0m
[[34m2021-11-02 16:11:21,957[0m] {[34mmanager.py:[0m311} WARNING[0m - DagFileProcessorManager (PID=184078) exited with exit code 1 - re-launching[0m
[[34m2021-11-02 16:11:21,961[0m] {[34mmanager.py:[0m163} INFO[0m - Launched DagFileProcessorManager with pid: 184085[0m
[[34m2021-11-02 16:11:22,534[0m] {[34mmanager.py:[0m311} WARNING[0m - DagFileProcessorManager (PID=184085) exited with exit code 1 - re-launching[0m
[[34m2021-11-02 16:11:22,540[0m] {[34mmanager.py:[0m163} INFO[0m - Launched DagFileProcessorManager with pid: 184087[0m
[[34m2021-11-02 16:11:23,591[0m] {[34mmanager.py:[0m311} WARNING[0m - DagFileProcessorManager (PID=184087) exited with exit code 1 - re-launching[0m
[[34m2021-11-02 16:11:23,597[0m] {[34mmanager.py:[0m163} INFO[0m - Launched DagFileProcessorManager with pid: 184090[0m
[[34m2021-11-02 16:11:25,422[0m] {[34mmanager.py:[0m311} WARNING[0m - DagFileProcessorManager (PID=184090) exited with exit code 1 - re-launching[0m
[[34m2021-11-02 16:11:25,426[0m] {[34mmanager.py:[0m163} INFO[0m - Launched DagFileProcessorManager with pid: 184099[0m
[[34m2021-11-02 16:11:26,482[0m] {[34mmanager.py:[0m311} WARNING[0m - DagFileProcessorManager (PID=184099) exited with exit code 1 - re-launching[0m
[[34m2021-11-02 16:11:26,486[0m] {[34mmanager.py:[0m163} INFO[0m - Launched DagFileProcessorManager with pid: 184102[0m
[[34m2021-11-02 16:11:27,022[0m] {[34mmanager.py:[0m311} WARNING[0m - DagFileProcessorManager (PID=184102) exited with exit code 1 - re-launching[0m
[[34m2021-11-02 16:11:27,027[0m] {[34mmanager.py:[0m163} INFO[0m - Launched DagFileProcessorManager with pid: 184105[0m
[[34m2021-11-02 16:11:28,091[0m] {[34mmanager.py:[0m311} WARNING[0m - DagFileProcessorManager (PID=184105) exited with exit code 1 - re-launching[0m
[[34m2021-11-02 16:11:28,097[0m] {[34mmanager.py:[0m163} INFO[0m - Launched DagFileProcessorManager with pid: 184108[0m
[[34m2021-11-02 16:11:29,137[0m] {[34mmanager.py:[0m311} WARNING[0m - DagFileProcessorManager (PID=184108) exited with exit code 1 - re-launching[0m
[[34m2021-11-02 16:11:29,141[0m] {[34mmanager.py:[0m163} INFO[0m - Launched DagFileProcessorManager with pid: 184112[0m
[[34m2021-11-02 16:11:30,191[0m] {[34mmanager.py:[0m311} WARNING[0m - DagFileProcessorManager (PID=184112) exited with exit code 1 - re-launching[0m
[[34m2021-11-02 16:11:30,195[0m] {[34mmanager.py:[0m163} INFO[0m - Launched DagFileProcessorManager with pid: 184115[0m
[[34m2021-11-02 16:11:31,906[0m] {[34mmanager.py:[0m311} WARNING[0m - DagFileProcessorManager (PID=184115) exited with exit code 1 - re-launching[0m
[[34m2021-11-02 16:11:31,911[0m] {[34mmanager.py:[0m163} INFO[0m - Launched DagFileProcessorManager with pid: 184123[0m
[[34m2021-11-02 16:11:32,783[0m] {[34mmanager.py:[0m311} WARNING[0m - DagFileProcessorManager (PID=184123) exited with exit code 1 - re-launching[0m
[[34m2021-11-02 16:11:32,788[0m] {[34mmanager.py:[0m163} INFO[0m - Launched DagFileProcessorManager with pid: 184127[0m
[[34m2021-11-02 16:11:33,848[0m] {[34mmanager.py:[0m311} WARNING[0m - DagFileProcessorManager (PID=184127) exited with exit code 1 - re-launching[0m
[[34m2021-11-02 16:11:33,854[0m] {[34mmanager.py:[0m163} INFO[0m - Launched DagFileProcessorManager with pid: 184131[0m
[[34m2021-11-02 16:11:34,901[0m] {[34mmanager.py:[0m311} WARNING[0m - DagFileProcessorManager (PID=184131) exited with exit code 1 - re-launching[0m
[[34m2021-11-02 16:11:34,905[0m] {[34mmanager.py:[0m163} INFO[0m - Launched DagFileProcessorManager with pid: 184134[0m
[[34m2021-11-02 16:11:35,941[0m] {[34mmanager.py:[0m311} WARNING[0m - DagFileProcessorManager (PID=184134) exited with exit code 1 - re-launching[0m
[[34m2021-11-02 16:11:35,947[0m] {[34mmanager.py:[0m163} INFO[0m - Launched DagFileProcessorManager with pid: 184138[0m
[[34m2021-11-02 16:11:36,987[0m] {[34mmanager.py:[0m311} WARNING[0m - DagFileProcessorManager (PID=184138) exited with exit code 1 - re-launching[0m
[[34m2021-11-02 16:11:36,991[0m] {[34mmanager.py:[0m163} INFO[0m - Launched DagFileProcessorManager with pid: 184141[0m
[[34m2021-11-02 16:11:38,169[0m] {[34mmanager.py:[0m311} WARNING[0m - DagFileProcessorManager (PID=184141) exited with exit code 1 - re-launching[0m
[[34m2021-11-02 16:11:38,173[0m] {[34mmanager.py:[0m163} INFO[0m - Launched DagFileProcessorManager with pid: 184146[0m
[[34m2021-11-02 16:11:39,233[0m] {[34mmanager.py:[0m311} WARNING[0m - DagFileProcessorManager (PID=184146) exited with exit code 1 - re-launching[0m
[[34m2021-11-02 16:11:39,238[0m] {[34mmanager.py:[0m163} INFO[0m - Launched DagFileProcessorManager with pid: 184149[0m
[[34m2021-11-02 16:11:40,278[0m] {[34mmanager.py:[0m311} WARNING[0m - DagFileProcessorManager (PID=184149) exited with exit code 1 - re-launching[0m
[[34m2021-11-02 16:11:40,281[0m] {[34mmanager.py:[0m163} INFO[0m - Launched DagFileProcessorManager with pid: 184153[0m
[[34m2021-11-02 16:11:41,331[0m] {[34mmanager.py:[0m311} WARNING[0m - DagFileProcessorManager (PID=184153) exited with exit code 1 - re-launching[0m
[[34m2021-11-02 16:11:41,337[0m] {[34mmanager.py:[0m163} INFO[0m - Launched DagFileProcessorManager with pid: 184156[0m
[[34m2021-11-02 16:11:43,024[0m] {[34mmanager.py:[0m311} WARNING[0m - DagFileProcessorManager (PID=184156) exited with exit code 1 - re-launching[0m
[[34m2021-11-02 16:11:43,028[0m] {[34mmanager.py:[0m163} INFO[0m - Launched DagFileProcessorManager with pid: 184162[0m
[[34m2021-11-02 16:11:43,935[0m] {[34mmanager.py:[0m311} WARNING[0m - DagFileProcessorManager (PID=184162) exited with exit code 1 - re-launching[0m
[[34m2021-11-02 16:11:43,941[0m] {[34mmanager.py:[0m163} INFO[0m - Launched DagFileProcessorManager with pid: 184166[0m
[[34m2021-11-02 16:11:45,719[0m] {[34mmanager.py:[0m311} WARNING[0m - DagFileProcessorManager (PID=184166) exited with exit code 1 - re-launching[0m
[[34m2021-11-02 16:11:45,723[0m] {[34mmanager.py:[0m163} INFO[0m - Launched DagFileProcessorManager with pid: 184173[0m
[[34m2021-11-02 16:11:46,771[0m] {[34mmanager.py:[0m311} WARNING[0m - DagFileProcessorManager (PID=184173) exited with exit code 1 - re-launching[0m
[[34m2021-11-02 16:11:46,776[0m] {[34mmanager.py:[0m163} INFO[0m - Launched DagFileProcessorManager with pid: 184178[0m
[[34m2021-11-02 16:11:47,815[0m] {[34mmanager.py:[0m311} WARNING[0m - DagFileProcessorManager (PID=184178) exited with exit code 1 - re-launching[0m
[[34m2021-11-02 16:11:47,820[0m] {[34mmanager.py:[0m163} INFO[0m - Launched DagFileProcessorManager with pid: 184181[0m
[[34m2021-11-02 16:11:48,865[0m] {[34mmanager.py:[0m311} WARNING[0m - DagFileProcessorManager (PID=184181) exited with exit code 1 - re-launching[0m
[[34m2021-11-02 16:11:48,869[0m] {[34mmanager.py:[0m163} INFO[0m - Launched DagFileProcessorManager with pid: 184184[0m
[[34m2021-11-02 16:11:49,021[0m] {[34mmanager.py:[0m311} WARNING[0m - DagFileProcessorManager (PID=184184) exited with exit code 1 - re-launching[0m
[[34m2021-11-02 16:11:49,026[0m] {[34mmanager.py:[0m163} INFO[0m - Launched DagFileProcessorManager with pid: 184186[0m
[[34m2021-11-02 16:11:50,087[0m] {[34mmanager.py:[0m311} WARNING[0m - DagFileProcessorManager (PID=184186) exited with exit code 1 - re-launching[0m
[[34m2021-11-02 16:11:50,091[0m] {[34mmanager.py:[0m163} INFO[0m - Launched DagFileProcessorManager with pid: 184189[0m
[[34m2021-11-02 16:11:51,820[0m] {[34mmanager.py:[0m311} WARNING[0m - DagFileProcessorManager (PID=184189) exited with exit code 1 - re-launching[0m
[[34m2021-11-02 16:11:51,824[0m] {[34mmanager.py:[0m163} INFO[0m - Launched DagFileProcessorManager with pid: 184198[0m
[[34m2021-11-02 16:11:52,874[0m] {[34mmanager.py:[0m311} WARNING[0m - DagFileProcessorManager (PID=184198) exited with exit code 1 - re-launching[0m
[[34m2021-11-02 16:11:52,879[0m] {[34mmanager.py:[0m163} INFO[0m - Launched DagFileProcessorManager with pid: 184201[0m
[[34m2021-11-02 16:11:53,964[0m] {[34mmanager.py:[0m311} WARNING[0m - DagFileProcessorManager (PID=184201) exited with exit code 1 - re-launching[0m
[[34m2021-11-02 16:11:53,971[0m] {[34mmanager.py:[0m163} INFO[0m - Launched DagFileProcessorManager with pid: 184206[0m
[[34m2021-11-02 16:11:54,775[0m] {[34mmanager.py:[0m311} WARNING[0m - DagFileProcessorManager (PID=184206) exited with exit code 1 - re-launching[0m
[[34m2021-11-02 16:11:54,781[0m] {[34mmanager.py:[0m163} INFO[0m - Launched DagFileProcessorManager with pid: 184209[0m
[[34m2021-11-02 16:11:55,848[0m] {[34mmanager.py:[0m311} WARNING[0m - DagFileProcessorManager (PID=184209) exited with exit code 1 - re-launching[0m
[[34m2021-11-02 16:11:55,852[0m] {[34mmanager.py:[0m163} INFO[0m - Launched DagFileProcessorManager with pid: 184212[0m
[[34m2021-11-02 16:11:56,907[0m] {[34mmanager.py:[0m311} WARNING[0m - DagFileProcessorManager (PID=184212) exited with exit code 1 - re-launching[0m
[[34m2021-11-02 16:11:56,911[0m] {[34mmanager.py:[0m163} INFO[0m - Launched DagFileProcessorManager with pid: 184216[0m
[[34m2021-11-02 16:11:57,959[0m] {[34mmanager.py:[0m311} WARNING[0m - DagFileProcessorManager (PID=184216) exited with exit code 1 - re-launching[0m
[[34m2021-11-02 16:11:57,962[0m] {[34mmanager.py:[0m163} INFO[0m - Launched DagFileProcessorManager with pid: 184219[0m
[[34m2021-11-02 16:11:59,612[0m] {[34mmanager.py:[0m311} WARNING[0m - DagFileProcessorManager (PID=184219) exited with exit code 1 - re-launching[0m
[[34m2021-11-02 16:11:59,616[0m] {[34mmanager.py:[0m163} INFO[0m - Launched DagFileProcessorManager with pid: 184224[0m
[[34m2021-11-02 16:12:00,507[0m] {[34mmanager.py:[0m311} WARNING[0m - DagFileProcessorManager (PID=184224) exited with exit code 1 - re-launching[0m
[[34m2021-11-02 16:12:00,513[0m] {[34mmanager.py:[0m163} INFO[0m - Launched DagFileProcessorManager with pid: 184228[0m
[[34m2021-11-02 16:12:01,510[0m] {[34mmanager.py:[0m311} WARNING[0m - DagFileProcessorManager (PID=184228) exited with exit code 1 - re-launching[0m
[[34m2021-11-02 16:12:01,516[0m] {[34mmanager.py:[0m163} INFO[0m - Launched DagFileProcessorManager with pid: 184232[0m
[[34m2021-11-02 16:12:01,518[0m] {[34mscheduler_job.py:[0m1115} INFO[0m - Resetting orphaned tasks for active dag runs[0m
[[34m2021-11-02 16:12:02,580[0m] {[34mmanager.py:[0m311} WARNING[0m - DagFileProcessorManager (PID=184232) exited with exit code 1 - re-launching[0m
[[34m2021-11-02 16:12:02,584[0m] {[34mmanager.py:[0m163} INFO[0m - Launched DagFileProcessorManager with pid: 184236[0m
[[34m2021-11-02 16:12:03,640[0m] {[34mmanager.py:[0m311} WARNING[0m - DagFileProcessorManager (PID=184236) exited with exit code 1 - re-launching[0m
[[34m2021-11-02 16:12:03,644[0m] {[34mmanager.py:[0m163} INFO[0m - Launched DagFileProcessorManager with pid: 184239[0m
[[34m2021-11-02 16:12:04,697[0m] {[34mmanager.py:[0m311} WARNING[0m - DagFileProcessorManager (PID=184239) exited with exit code 1 - re-launching[0m
[[34m2021-11-02 16:12:04,702[0m] {[34mmanager.py:[0m163} INFO[0m - Launched DagFileProcessorManager with pid: 184242[0m
[[34m2021-11-02 16:12:05,581[0m] {[34mmanager.py:[0m311} WARNING[0m - DagFileProcessorManager (PID=184242) exited with exit code 1 - re-launching[0m
[[34m2021-11-02 16:12:05,585[0m] {[34mmanager.py:[0m163} INFO[0m - Launched DagFileProcessorManager with pid: 184246[0m
[[34m2021-11-02 16:12:06,632[0m] {[34mmanager.py:[0m311} WARNING[0m - DagFileProcessorManager (PID=184246) exited with exit code 1 - re-launching[0m
[[34m2021-11-02 16:12:06,635[0m] {[34mmanager.py:[0m163} INFO[0m - Launched DagFileProcessorManager with pid: 184250[0m
[[34m2021-11-02 16:12:08,328[0m] {[34mmanager.py:[0m311} WARNING[0m - DagFileProcessorManager (PID=184250) exited with exit code 1 - re-launching[0m
[[34m2021-11-02 16:12:08,334[0m] {[34mmanager.py:[0m163} INFO[0m - Launched DagFileProcessorManager with pid: 184256[0m
[[34m2021-11-02 16:12:09,044[0m] {[34mmanager.py:[0m311} WARNING[0m - DagFileProcessorManager (PID=184256) exited with exit code 1 - re-launching[0m
[[34m2021-11-02 16:12:09,048[0m] {[34mmanager.py:[0m163} INFO[0m - Launched DagFileProcessorManager with pid: 184260[0m
[[34m2021-11-02 16:12:10,110[0m] {[34mmanager.py:[0m311} WARNING[0m - DagFileProcessorManager (PID=184260) exited with exit code 1 - re-launching[0m
[[34m2021-11-02 16:12:10,116[0m] {[34mmanager.py:[0m163} INFO[0m - Launched DagFileProcessorManager with pid: 184263[0m
[[34m2021-11-02 16:12:11,300[0m] {[34mmanager.py:[0m311} WARNING[0m - DagFileProcessorManager (PID=184263) exited with exit code 1 - re-launching[0m
[[34m2021-11-02 16:12:11,304[0m] {[34mmanager.py:[0m163} INFO[0m - Launched DagFileProcessorManager with pid: 184267[0m
[[34m2021-11-02 16:12:12,375[0m] {[34mmanager.py:[0m311} WARNING[0m - DagFileProcessorManager (PID=184267) exited with exit code 1 - re-launching[0m
[[34m2021-11-02 16:12:12,381[0m] {[34mmanager.py:[0m163} INFO[0m - Launched DagFileProcessorManager with pid: 184270[0m
[[34m2021-11-02 16:12:14,158[0m] {[34mmanager.py:[0m311} WARNING[0m - DagFileProcessorManager (PID=184270) exited with exit code 1 - re-launching[0m
[[34m2021-11-02 16:12:14,163[0m] {[34mmanager.py:[0m163} INFO[0m - Launched DagFileProcessorManager with pid: 184278[0m
[[34m2021-11-02 16:12:15,235[0m] {[34mmanager.py:[0m311} WARNING[0m - DagFileProcessorManager (PID=184278) exited with exit code 1 - re-launching[0m
[[34m2021-11-02 16:12:15,242[0m] {[34mmanager.py:[0m163} INFO[0m - Launched DagFileProcessorManager with pid: 184281[0m
[[34m2021-11-02 16:12:16,297[0m] {[34mmanager.py:[0m311} WARNING[0m - DagFileProcessorManager (PID=184281) exited with exit code 1 - re-launching[0m
[[34m2021-11-02 16:12:16,303[0m] {[34mmanager.py:[0m163} INFO[0m - Launched DagFileProcessorManager with pid: 184284[0m
[[34m2021-11-02 16:12:16,364[0m] {[34mmanager.py:[0m311} WARNING[0m - DagFileProcessorManager (PID=184284) exited with exit code 1 - re-launching[0m
[[34m2021-11-02 16:12:16,368[0m] {[34mmanager.py:[0m163} INFO[0m - Launched DagFileProcessorManager with pid: 184285[0m
[[34m2021-11-02 16:12:17,433[0m] {[34mmanager.py:[0m311} WARNING[0m - DagFileProcessorManager (PID=184285) exited with exit code 1 - re-launching[0m
[[34m2021-11-02 16:12:17,437[0m] {[34mmanager.py:[0m163} INFO[0m - Launched DagFileProcessorManager with pid: 184289[0m
[[34m2021-11-02 16:12:18,491[0m] {[34mmanager.py:[0m311} WARNING[0m - DagFileProcessorManager (PID=184289) exited with exit code 1 - re-launching[0m
[[34m2021-11-02 16:12:18,497[0m] {[34mmanager.py:[0m163} INFO[0m - Launched DagFileProcessorManager with pid: 184293[0m
[[34m2021-11-02 16:12:19,551[0m] {[34mmanager.py:[0m311} WARNING[0m - DagFileProcessorManager (PID=184293) exited with exit code 1 - re-launching[0m
[[34m2021-11-02 16:12:19,556[0m] {[34mmanager.py:[0m163} INFO[0m - Launched DagFileProcessorManager with pid: 184296[0m
[[34m2021-11-02 16:12:20,609[0m] {[34mmanager.py:[0m311} WARNING[0m - DagFileProcessorManager (PID=184296) exited with exit code 1 - re-launching[0m
[[34m2021-11-02 16:12:20,615[0m] {[34mmanager.py:[0m163} INFO[0m - Launched DagFileProcessorManager with pid: 184300[0m
[[34m2021-11-02 16:12:21,448[0m] {[34mmanager.py:[0m311} WARNING[0m - DagFileProcessorManager (PID=184300) exited with exit code 1 - re-launching[0m
[[34m2021-11-02 16:12:21,454[0m] {[34mmanager.py:[0m163} INFO[0m - Launched DagFileProcessorManager with pid: 184303[0m
[[34m2021-11-02 16:12:23,265[0m] {[34mmanager.py:[0m311} WARNING[0m - DagFileProcessorManager (PID=184303) exited with exit code 1 - re-launching[0m
[[34m2021-11-02 16:12:23,270[0m] {[34mmanager.py:[0m163} INFO[0m - Launched DagFileProcessorManager with pid: 184310[0m
[[34m2021-11-02 16:12:24,888[0m] {[34mmanager.py:[0m311} WARNING[0m - DagFileProcessorManager (PID=184310) exited with exit code 1 - re-launching[0m
[[34m2021-11-02 16:12:24,894[0m] {[34mmanager.py:[0m163} INFO[0m - Launched DagFileProcessorManager with pid: 184315[0m
[[34m2021-11-02 16:12:26,836[0m] {[34mmanager.py:[0m311} WARNING[0m - DagFileProcessorManager (PID=184315) exited with exit code 1 - re-launching[0m
[[34m2021-11-02 16:12:26,840[0m] {[34mmanager.py:[0m163} INFO[0m - Launched DagFileProcessorManager with pid: 184343[0m
[[34m2021-11-02 16:12:28,595[0m] {[34mmanager.py:[0m311} WARNING[0m - DagFileProcessorManager (PID=184343) exited with exit code 1 - re-launching[0m
[[34m2021-11-02 16:12:28,599[0m] {[34mmanager.py:[0m163} INFO[0m - Launched DagFileProcessorManager with pid: 184350[0m
[[34m2021-11-02 16:12:30,346[0m] {[34mmanager.py:[0m311} WARNING[0m - DagFileProcessorManager (PID=184350) exited with exit code 1 - re-launching[0m
[[34m2021-11-02 16:12:30,352[0m] {[34mmanager.py:[0m163} INFO[0m - Launched DagFileProcessorManager with pid: 184355[0m
[[34m2021-11-02 16:12:32,073[0m] {[34mmanager.py:[0m311} WARNING[0m - DagFileProcessorManager (PID=184355) exited with exit code 1 - re-launching[0m
[[34m2021-11-02 16:12:32,076[0m] {[34mmanager.py:[0m163} INFO[0m - Launched DagFileProcessorManager with pid: 184361[0m
[[34m2021-11-02 16:12:33,138[0m] {[34mmanager.py:[0m311} WARNING[0m - DagFileProcessorManager (PID=184361) exited with exit code 1 - re-launching[0m
[[34m2021-11-02 16:12:33,143[0m] {[34mmanager.py:[0m163} INFO[0m - Launched DagFileProcessorManager with pid: 184386[0m
[[34m2021-11-02 16:12:34,183[0m] {[34mmanager.py:[0m311} WARNING[0m - DagFileProcessorManager (PID=184386) exited with exit code 1 - re-launching[0m
[[34m2021-11-02 16:12:34,187[0m] {[34mmanager.py:[0m163} INFO[0m - Launched DagFileProcessorManager with pid: 184389[0m
[[34m2021-11-02 16:12:35,231[0m] {[34mmanager.py:[0m311} WARNING[0m - DagFileProcessorManager (PID=184389) exited with exit code 1 - re-launching[0m
[[34m2021-11-02 16:12:35,235[0m] {[34mmanager.py:[0m163} INFO[0m - Launched DagFileProcessorManager with pid: 184393[0m
[[34m2021-11-02 16:12:36,287[0m] {[34mmanager.py:[0m311} WARNING[0m - DagFileProcessorManager (PID=184393) exited with exit code 1 - re-launching[0m
[[34m2021-11-02 16:12:36,292[0m] {[34mmanager.py:[0m163} INFO[0m - Launched DagFileProcessorManager with pid: 184397[0m
[[34m2021-11-02 16:12:37,702[0m] {[34mmanager.py:[0m311} WARNING[0m - DagFileProcessorManager (PID=184397) exited with exit code 1 - re-launching[0m
[[34m2021-11-02 16:12:37,706[0m] {[34mmanager.py:[0m163} INFO[0m - Launched DagFileProcessorManager with pid: 184405[0m
[[34m2021-11-02 16:12:39,339[0m] {[34mmanager.py:[0m311} WARNING[0m - DagFileProcessorManager (PID=184405) exited with exit code 1 - re-launching[0m
[[34m2021-11-02 16:12:39,343[0m] {[34mmanager.py:[0m163} INFO[0m - Launched DagFileProcessorManager with pid: 184410[0m
[[34m2021-11-02 16:12:39,952[0m] {[34mmanager.py:[0m311} WARNING[0m - DagFileProcessorManager (PID=184410) exited with exit code 1 - re-launching[0m
[[34m2021-11-02 16:12:39,956[0m] {[34mmanager.py:[0m163} INFO[0m - Launched DagFileProcessorManager with pid: 184413[0m
[[34m2021-11-02 16:12:41,017[0m] {[34mmanager.py:[0m311} WARNING[0m - DagFileProcessorManager (PID=184413) exited with exit code 1 - re-launching[0m
[[34m2021-11-02 16:12:41,022[0m] {[34mmanager.py:[0m163} INFO[0m - Launched DagFileProcessorManager with pid: 184416[0m
[[34m2021-11-02 16:12:42,066[0m] {[34mmanager.py:[0m311} WARNING[0m - DagFileProcessorManager (PID=184416) exited with exit code 1 - re-launching[0m
[[34m2021-11-02 16:12:42,071[0m] {[34mmanager.py:[0m163} INFO[0m - Launched DagFileProcessorManager with pid: 184422[0m
[[34m2021-11-02 16:12:42,762[0m] {[34mmanager.py:[0m311} WARNING[0m - DagFileProcessorManager (PID=184422) exited with exit code 1 - re-launching[0m
[[34m2021-11-02 16:12:42,766[0m] {[34mmanager.py:[0m163} INFO[0m - Launched DagFileProcessorManager with pid: 184425[0m
[[34m2021-11-02 16:12:43,825[0m] {[34mmanager.py:[0m311} WARNING[0m - DagFileProcessorManager (PID=184425) exited with exit code 1 - re-launching[0m
[[34m2021-11-02 16:12:43,830[0m] {[34mmanager.py:[0m163} INFO[0m - Launched DagFileProcessorManager with pid: 184429[0m
[[34m2021-11-02 16:12:44,875[0m] {[34mmanager.py:[0m311} WARNING[0m - DagFileProcessorManager (PID=184429) exited with exit code 1 - re-launching[0m
[[34m2021-11-02 16:12:44,879[0m] {[34mmanager.py:[0m163} INFO[0m - Launched DagFileProcessorManager with pid: 184433[0m
[[34m2021-11-02 16:12:46,548[0m] {[34mmanager.py:[0m311} WARNING[0m - DagFileProcessorManager (PID=184433) exited with exit code 1 - re-launching[0m
[[34m2021-11-02 16:12:46,553[0m] {[34mmanager.py:[0m163} INFO[0m - Launched DagFileProcessorManager with pid: 184439[0m
[[34m2021-11-02 16:12:47,593[0m] {[34mmanager.py:[0m311} WARNING[0m - DagFileProcessorManager (PID=184439) exited with exit code 1 - re-launching[0m
[[34m2021-11-02 16:12:47,598[0m] {[34mmanager.py:[0m163} INFO[0m - Launched DagFileProcessorManager with pid: 184442[0m
[[34m2021-11-02 16:12:47,827[0m] {[34mmanager.py:[0m311} WARNING[0m - DagFileProcessorManager (PID=184442) exited with exit code 1 - re-launching[0m
[[34m2021-11-02 16:12:47,831[0m] {[34mmanager.py:[0m163} INFO[0m - Launched DagFileProcessorManager with pid: 184443[0m
[[34m2021-11-02 16:12:48,884[0m] {[34mmanager.py:[0m311} WARNING[0m - DagFileProcessorManager (PID=184443) exited with exit code 1 - re-launching[0m
[[34m2021-11-02 16:12:48,890[0m] {[34mmanager.py:[0m163} INFO[0m - Launched DagFileProcessorManager with pid: 184446[0m
[[34m2021-11-02 16:12:49,927[0m] {[34mmanager.py:[0m311} WARNING[0m - DagFileProcessorManager (PID=184446) exited with exit code 1 - re-launching[0m
[[34m2021-11-02 16:12:49,932[0m] {[34mmanager.py:[0m163} INFO[0m - Launched DagFileProcessorManager with pid: 184449[0m
[[34m2021-11-02 16:12:51,607[0m] {[34mmanager.py:[0m311} WARNING[0m - DagFileProcessorManager (PID=184449) exited with exit code 1 - re-launching[0m
[[34m2021-11-02 16:12:51,611[0m] {[34mmanager.py:[0m163} INFO[0m - Launched DagFileProcessorManager with pid: 184457[0m
[[34m2021-11-02 16:12:52,657[0m] {[34mmanager.py:[0m311} WARNING[0m - DagFileProcessorManager (PID=184457) exited with exit code 1 - re-launching[0m
[[34m2021-11-02 16:12:52,663[0m] {[34mmanager.py:[0m163} INFO[0m - Launched DagFileProcessorManager with pid: 184461[0m
[[34m2021-11-02 16:12:52,893[0m] {[34mmanager.py:[0m311} WARNING[0m - DagFileProcessorManager (PID=184461) exited with exit code 1 - re-launching[0m
[[34m2021-11-02 16:12:52,897[0m] {[34mmanager.py:[0m163} INFO[0m - Launched DagFileProcessorManager with pid: 184462[0m
[[34m2021-11-02 16:12:53,963[0m] {[34mmanager.py:[0m311} WARNING[0m - DagFileProcessorManager (PID=184462) exited with exit code 1 - re-launching[0m
[[34m2021-11-02 16:12:53,969[0m] {[34mmanager.py:[0m163} INFO[0m - Launched DagFileProcessorManager with pid: 184466[0m
