[2021-10-14 14:53:43,868] {taskinstance.py:1035} INFO - Dependencies all met for <TaskInstance: my_dag.print_list manual__2021-10-14T09:23:35.802497+00:00 [queued]>
[2021-10-14 14:53:43,873] {taskinstance.py:1035} INFO - Dependencies all met for <TaskInstance: my_dag.print_list manual__2021-10-14T09:23:35.802497+00:00 [queued]>
[2021-10-14 14:53:43,874] {taskinstance.py:1241} INFO - 
--------------------------------------------------------------------------------
[2021-10-14 14:53:43,874] {taskinstance.py:1242} INFO - Starting attempt 1 of 2
[2021-10-14 14:53:43,874] {taskinstance.py:1243} INFO - 
--------------------------------------------------------------------------------
[2021-10-14 14:53:43,881] {taskinstance.py:1262} INFO - Executing <Task(PythonOperator): print_list> on 2021-10-14 09:23:35.802497+00:00
[2021-10-14 14:53:43,883] {standard_task_runner.py:52} INFO - Started process 16770 to run task
[2021-10-14 14:53:43,885] {standard_task_runner.py:76} INFO - Running: ['airflow', 'tasks', 'run', 'my_dag', 'print_list', 'manual__2021-10-14T09:23:35.802497+00:00', '--job-id', '44', '--raw', '--subdir', 'DAGS_FOLDER/my_dag.py', '--cfg-path', '/tmp/tmphczf2zrf', '--error-file', '/tmp/tmpcw_u92w5']
[2021-10-14 14:53:43,886] {standard_task_runner.py:77} INFO - Job 44: Subtask print_list
[2021-10-14 14:53:43,904] {logging_mixin.py:109} INFO - Running <TaskInstance: my_dag.print_list manual__2021-10-14T09:23:35.802497+00:00 [running]> on host user-Latitude-3410
[2021-10-14 14:53:43,923] {taskinstance.py:1414} INFO - Exporting the following env vars:
AIRFLOW_CTX_DAG_EMAIL=airflow@example.com
AIRFLOW_CTX_DAG_OWNER=airflow
AIRFLOW_CTX_DAG_ID=my_dag
AIRFLOW_CTX_TASK_ID=print_list
AIRFLOW_CTX_EXECUTION_DATE=2021-10-14T09:23:35.802497+00:00
AIRFLOW_CTX_DAG_RUN_ID=manual__2021-10-14T09:23:35.802497+00:00
[2021-10-14 14:53:43,923] {logging_mixin.py:109} INFO - 1
[2021-10-14 14:53:43,923] {logging_mixin.py:109} INFO - 2
[2021-10-14 14:53:43,923] {logging_mixin.py:109} INFO - 3
[2021-10-14 14:53:43,923] {logging_mixin.py:109} INFO - 4
[2021-10-14 14:53:43,923] {logging_mixin.py:109} INFO - 5
[2021-10-14 14:53:43,923] {logging_mixin.py:109} INFO - 6
[2021-10-14 14:53:43,923] {logging_mixin.py:109} INFO - 7
[2021-10-14 14:53:43,923] {logging_mixin.py:109} INFO - 8
[2021-10-14 14:53:43,923] {logging_mixin.py:109} INFO - 9
[2021-10-14 14:53:43,923] {python.py:152} INFO - Done. Returned value was: Hello World
[2021-10-14 14:53:43,931] {taskinstance.py:1280} INFO - Marking task as SUCCESS. dag_id=my_dag, task_id=print_list, execution_date=20211014T092335, start_date=20211014T092343, end_date=20211014T092343
[2021-10-14 14:53:43,978] {local_task_job.py:154} INFO - Task exited with return code 0
[2021-10-14 14:53:43,996] {local_task_job.py:264} INFO - 1 downstream tasks scheduled from follow-on schedule check
