[2021-10-18 17:17:46,562] {taskinstance.py:1035} INFO - Dependencies all met for <TaskInstance: file_upload.file_upload scheduled__2021-10-16T00:00:00+00:00 [queued]>
[2021-10-18 17:17:46,569] {taskinstance.py:1035} INFO - Dependencies all met for <TaskInstance: file_upload.file_upload scheduled__2021-10-16T00:00:00+00:00 [queued]>
[2021-10-18 17:17:46,569] {taskinstance.py:1241} INFO - 
--------------------------------------------------------------------------------
[2021-10-18 17:17:46,569] {taskinstance.py:1242} INFO - Starting attempt 1 of 2
[2021-10-18 17:17:46,569] {taskinstance.py:1243} INFO - 
--------------------------------------------------------------------------------
[2021-10-18 17:17:46,579] {taskinstance.py:1262} INFO - Executing <Task(PythonOperator): file_upload> on 2021-10-16 00:00:00+00:00
[2021-10-18 17:17:46,581] {standard_task_runner.py:52} INFO - Started process 23123 to run task
[2021-10-18 17:17:46,584] {standard_task_runner.py:76} INFO - Running: ['airflow', 'tasks', 'run', 'file_upload', 'file_upload', 'scheduled__2021-10-16T00:00:00+00:00', '--job-id', '80', '--raw', '--subdir', 'DAGS_FOLDER/file_loadin.py', '--cfg-path', '/tmp/tmpduv6r8w_', '--error-file', '/tmp/tmpfl_hqy1_']
[2021-10-18 17:17:46,586] {standard_task_runner.py:77} INFO - Job 80: Subtask file_upload
[2021-10-18 17:17:46,610] {logging_mixin.py:109} INFO - Running <TaskInstance: file_upload.file_upload scheduled__2021-10-16T00:00:00+00:00 [running]> on host user-Latitude-3410
[2021-10-18 17:17:46,636] {taskinstance.py:1414} INFO - Exporting the following env vars:
AIRFLOW_CTX_DAG_EMAIL=airflow@example.com
AIRFLOW_CTX_DAG_OWNER=airflow
AIRFLOW_CTX_DAG_ID=file_upload
AIRFLOW_CTX_TASK_ID=file_upload
AIRFLOW_CTX_EXECUTION_DATE=2021-10-16T00:00:00+00:00
AIRFLOW_CTX_DAG_RUN_ID=scheduled__2021-10-16T00:00:00+00:00
[2021-10-18 17:17:46,656] {logging_mixin.py:109} INFO - {"first_name":{"0":"sushant shinde","1":"sushant ","2":null,"3":null,"4":"sushant "},"startdate":{"0":1636675200000,"1":1636761600000,"2":1636761600000,"3":"Na","4":null},"text":{"0":11,"1":12,"2":13,"3":"Na","4":843}}
[2021-10-18 17:17:46,656] {python.py:152} INFO - Done. Returned value was: {"first_name":{"0":"sushant shinde","1":"sushant ","2":null,"3":null,"4":"sushant "},"startdate":{"0":1636675200000,"1":1636761600000,"2":1636761600000,"3":"Na","4":null},"text":{"0":11,"1":12,"2":13,"3":"Na","4":843}}
[2021-10-18 17:17:46,667] {taskinstance.py:1280} INFO - Marking task as SUCCESS. dag_id=file_upload, task_id=file_upload, execution_date=20211016T000000, start_date=20211018T114746, end_date=20211018T114746
[2021-10-18 17:17:46,715] {local_task_job.py:154} INFO - Task exited with return code 0
[2021-10-18 17:17:46,743] {local_task_job.py:264} INFO - 1 downstream tasks scheduled from follow-on schedule check
