[2021-10-18 17:17:30,826] {taskinstance.py:1035} INFO - Dependencies all met for <TaskInstance: file_upload.file_upload scheduled__2021-10-14T00:00:00+00:00 [queued]>
[2021-10-18 17:17:30,836] {taskinstance.py:1035} INFO - Dependencies all met for <TaskInstance: file_upload.file_upload scheduled__2021-10-14T00:00:00+00:00 [queued]>
[2021-10-18 17:17:30,836] {taskinstance.py:1241} INFO - 
--------------------------------------------------------------------------------
[2021-10-18 17:17:30,836] {taskinstance.py:1242} INFO - Starting attempt 1 of 2
[2021-10-18 17:17:30,836] {taskinstance.py:1243} INFO - 
--------------------------------------------------------------------------------
[2021-10-18 17:17:30,852] {taskinstance.py:1262} INFO - Executing <Task(PythonOperator): file_upload> on 2021-10-14 00:00:00+00:00
[2021-10-18 17:17:30,854] {standard_task_runner.py:52} INFO - Started process 22935 to run task
[2021-10-18 17:17:30,857] {standard_task_runner.py:76} INFO - Running: ['airflow', 'tasks', 'run', 'file_upload', 'file_upload', 'scheduled__2021-10-14T00:00:00+00:00', '--job-id', '75', '--raw', '--subdir', 'DAGS_FOLDER/file_loadin.py', '--cfg-path', '/tmp/tmpyke554en', '--error-file', '/tmp/tmp_ssts2so']
[2021-10-18 17:17:30,860] {standard_task_runner.py:77} INFO - Job 75: Subtask file_upload
[2021-10-18 17:17:30,883] {logging_mixin.py:109} INFO - Running <TaskInstance: file_upload.file_upload scheduled__2021-10-14T00:00:00+00:00 [running]> on host user-Latitude-3410
[2021-10-18 17:17:30,910] {taskinstance.py:1414} INFO - Exporting the following env vars:
AIRFLOW_CTX_DAG_EMAIL=airflow@example.com
AIRFLOW_CTX_DAG_OWNER=airflow
AIRFLOW_CTX_DAG_ID=file_upload
AIRFLOW_CTX_TASK_ID=file_upload
AIRFLOW_CTX_EXECUTION_DATE=2021-10-14T00:00:00+00:00
AIRFLOW_CTX_DAG_RUN_ID=scheduled__2021-10-14T00:00:00+00:00
[2021-10-18 17:17:30,932] {logging_mixin.py:109} INFO - {"first_name":{"0":"sushant shinde","1":"sushant ","2":null,"3":null,"4":"sushant "},"startdate":{"0":1636675200000,"1":1636761600000,"2":1636761600000,"3":"Na","4":null},"text":{"0":11,"1":12,"2":13,"3":"Na","4":843}}
[2021-10-18 17:17:30,932] {python.py:152} INFO - Done. Returned value was: {"first_name":{"0":"sushant shinde","1":"sushant ","2":null,"3":null,"4":"sushant "},"startdate":{"0":1636675200000,"1":1636761600000,"2":1636761600000,"3":"Na","4":null},"text":{"0":11,"1":12,"2":13,"3":"Na","4":843}}
[2021-10-18 17:17:30,943] {taskinstance.py:1280} INFO - Marking task as SUCCESS. dag_id=file_upload, task_id=file_upload, execution_date=20211014T000000, start_date=20211018T114730, end_date=20211018T114730
[2021-10-18 17:17:30,988] {local_task_job.py:154} INFO - Task exited with return code 0
[2021-10-18 17:17:31,015] {local_task_job.py:264} INFO - 1 downstream tasks scheduled from follow-on schedule check
