[2021-10-28 09:46:46,822] {taskinstance.py:1035} INFO - Dependencies all met for <TaskInstance: sharepoint.datatype_collection manual__2021-10-26T11:11:57.876454+00:00 [queued]>
[2021-10-28 09:46:46,829] {taskinstance.py:1035} INFO - Dependencies all met for <TaskInstance: sharepoint.datatype_collection manual__2021-10-26T11:11:57.876454+00:00 [queued]>
[2021-10-28 09:46:46,829] {taskinstance.py:1241} INFO - 
--------------------------------------------------------------------------------
[2021-10-28 09:46:46,829] {taskinstance.py:1242} INFO - Starting attempt 1 of 2
[2021-10-28 09:46:46,829] {taskinstance.py:1243} INFO - 
--------------------------------------------------------------------------------
[2021-10-28 09:46:46,839] {taskinstance.py:1262} INFO - Executing <Task(PythonOperator): datatype_collection> on 2021-10-26 11:11:57.876454+00:00
[2021-10-28 09:46:46,842] {standard_task_runner.py:52} INFO - Started process 6816 to run task
[2021-10-28 09:46:46,845] {standard_task_runner.py:76} INFO - Running: ['airflow', 'tasks', 'run', 'sharepoint', 'datatype_collection', 'manual__2021-10-26T11:11:57.876454+00:00', '--job-id', '88', '--raw', '--subdir', 'DAGS_FOLDER/Sharepoint.py', '--cfg-path', '/tmp/tmp405djgkm', '--error-file', '/tmp/tmpkyt7bioc']
[2021-10-28 09:46:46,847] {standard_task_runner.py:77} INFO - Job 88: Subtask datatype_collection
[2021-10-28 09:46:46,872] {logging_mixin.py:109} INFO - Running <TaskInstance: sharepoint.datatype_collection manual__2021-10-26T11:11:57.876454+00:00 [running]> on host user-Latitude-3410
[2021-10-28 09:46:46,898] {taskinstance.py:1414} INFO - Exporting the following env vars:
AIRFLOW_CTX_DAG_EMAIL=shindesushant818@gmail.com
AIRFLOW_CTX_DAG_OWNER=airflow
AIRFLOW_CTX_DAG_ID=sharepoint
AIRFLOW_CTX_TASK_ID=datatype_collection
AIRFLOW_CTX_EXECUTION_DATE=2021-10-26T11:11:57.876454+00:00
AIRFLOW_CTX_DAG_RUN_ID=manual__2021-10-26T11:11:57.876454+00:00
[2021-10-28 09:46:46,902] {logging_mixin.py:109} INFO - dict_keys(['first_name', 'startdate', 'makrs'])
[2021-10-28 09:46:46,929] {logging_mixin.py:109} INFO - kjb  <class 'str'>
[2021-10-28 09:46:46,929] {logging_mixin.py:109} INFO - 0
[2021-10-28 09:46:50,925] {python.py:152} INFO - Done. Returned value was: None
[2021-10-28 09:46:50,935] {taskinstance.py:1280} INFO - Marking task as SUCCESS. dag_id=sharepoint, task_id=datatype_collection, execution_date=20211026T111157, start_date=20211028T041646, end_date=20211028T041650
[2021-10-28 09:46:50,961] {local_task_job.py:154} INFO - Task exited with return code 0
[2021-10-28 09:46:50,996] {local_task_job.py:264} INFO - 1 downstream tasks scheduled from follow-on schedule check
