[2021-11-19 10:39:20,498] {processor.py:163} INFO - Started process (PID=9261) to work on /home/user/workspace/airflow/dags/my_dag.py
[2021-11-19 10:39:20,499] {processor.py:620} INFO - Processing file /home/user/workspace/airflow/dags/my_dag.py for tasks to queue
[2021-11-19 10:39:20,499] {logging_mixin.py:109} INFO - [2021-11-19 10:39:20,499] {dagbag.py:500} INFO - Filling up the DagBag from /home/user/workspace/airflow/dags/my_dag.py
[2021-11-19 10:39:20,535] {processor.py:632} INFO - DAG(s) dict_keys(['my_dag']) retrieved from /home/user/workspace/airflow/dags/my_dag.py
[2021-11-19 10:39:20,546] {logging_mixin.py:109} INFO - [2021-11-19 10:39:20,545] {dag.py:2389} INFO - Sync 1 DAGs
[2021-11-19 10:39:20,565] {logging_mixin.py:109} INFO - [2021-11-19 10:39:20,565] {dag.py:2914} INFO - Setting next_dagrun for my_dag to 2021-11-18 00:00:00+00:00
[2021-11-19 10:39:20,577] {processor.py:171} INFO - Processing /home/user/workspace/airflow/dags/my_dag.py took 0.082 seconds
[2021-11-19 10:40:00,472] {processor.py:163} INFO - Started process (PID=10440) to work on /home/user/workspace/airflow/dags/my_dag.py
[2021-11-19 10:40:00,476] {processor.py:620} INFO - Processing file /home/user/workspace/airflow/dags/my_dag.py for tasks to queue
[2021-11-19 10:40:00,478] {logging_mixin.py:109} INFO - [2021-11-19 10:40:00,477] {dagbag.py:500} INFO - Filling up the DagBag from /home/user/workspace/airflow/dags/my_dag.py
[2021-11-19 10:40:00,691] {processor.py:632} INFO - DAG(s) dict_keys(['my_dag']) retrieved from /home/user/workspace/airflow/dags/my_dag.py
[2021-11-19 10:40:00,768] {logging_mixin.py:109} INFO - [2021-11-19 10:40:00,767] {dag.py:2389} INFO - Sync 1 DAGs
[2021-11-19 10:40:00,856] {logging_mixin.py:109} INFO - [2021-11-19 10:40:00,856] {dag.py:2914} INFO - Setting next_dagrun for my_dag to 2021-11-18 00:00:00+00:00
[2021-11-19 10:40:00,913] {processor.py:171} INFO - Processing /home/user/workspace/airflow/dags/my_dag.py took 0.457 seconds
[2021-11-19 10:40:39,262] {processor.py:163} INFO - Started process (PID=11104) to work on /home/user/workspace/airflow/dags/my_dag.py
[2021-11-19 10:40:39,286] {processor.py:620} INFO - Processing file /home/user/workspace/airflow/dags/my_dag.py for tasks to queue
[2021-11-19 10:40:39,287] {logging_mixin.py:109} INFO - [2021-11-19 10:40:39,287] {dagbag.py:500} INFO - Filling up the DagBag from /home/user/workspace/airflow/dags/my_dag.py
[2021-11-19 10:40:39,550] {processor.py:632} INFO - DAG(s) dict_keys(['my_dag']) retrieved from /home/user/workspace/airflow/dags/my_dag.py
[2021-11-19 10:40:39,619] {logging_mixin.py:109} INFO - [2021-11-19 10:40:39,617] {dag.py:2389} INFO - Sync 1 DAGs
[2021-11-19 10:40:39,721] {logging_mixin.py:109} INFO - [2021-11-19 10:40:39,719] {dag.py:2914} INFO - Setting next_dagrun for my_dag to 2021-11-18 00:00:00+00:00
[2021-11-19 10:40:39,802] {processor.py:171} INFO - Processing /home/user/workspace/airflow/dags/my_dag.py took 0.556 seconds
[2021-11-19 10:41:10,842] {processor.py:163} INFO - Started process (PID=11861) to work on /home/user/workspace/airflow/dags/my_dag.py
[2021-11-19 10:41:10,853] {processor.py:620} INFO - Processing file /home/user/workspace/airflow/dags/my_dag.py for tasks to queue
[2021-11-19 10:41:10,855] {logging_mixin.py:109} INFO - [2021-11-19 10:41:10,855] {dagbag.py:500} INFO - Filling up the DagBag from /home/user/workspace/airflow/dags/my_dag.py
[2021-11-19 10:41:10,897] {processor.py:632} INFO - DAG(s) dict_keys(['my_dag']) retrieved from /home/user/workspace/airflow/dags/my_dag.py
[2021-11-19 10:41:10,910] {logging_mixin.py:109} INFO - [2021-11-19 10:41:10,910] {dag.py:2389} INFO - Sync 1 DAGs
[2021-11-19 10:41:10,934] {logging_mixin.py:109} INFO - [2021-11-19 10:41:10,934] {dag.py:2914} INFO - Setting next_dagrun for my_dag to 2021-11-18 00:00:00+00:00
[2021-11-19 10:41:10,945] {processor.py:171} INFO - Processing /home/user/workspace/airflow/dags/my_dag.py took 0.107 seconds
[2021-11-19 10:41:43,074] {processor.py:163} INFO - Started process (PID=12800) to work on /home/user/workspace/airflow/dags/my_dag.py
[2021-11-19 10:41:43,076] {processor.py:620} INFO - Processing file /home/user/workspace/airflow/dags/my_dag.py for tasks to queue
[2021-11-19 10:41:43,077] {logging_mixin.py:109} INFO - [2021-11-19 10:41:43,077] {dagbag.py:500} INFO - Filling up the DagBag from /home/user/workspace/airflow/dags/my_dag.py
[2021-11-19 10:41:43,134] {processor.py:632} INFO - DAG(s) dict_keys(['my_dag']) retrieved from /home/user/workspace/airflow/dags/my_dag.py
[2021-11-19 10:41:43,160] {logging_mixin.py:109} INFO - [2021-11-19 10:41:43,160] {dag.py:2389} INFO - Sync 1 DAGs
[2021-11-19 10:41:43,195] {logging_mixin.py:109} INFO - [2021-11-19 10:41:43,195] {dag.py:2914} INFO - Setting next_dagrun for my_dag to 2021-11-18 00:00:00+00:00
[2021-11-19 10:41:43,216] {processor.py:171} INFO - Processing /home/user/workspace/airflow/dags/my_dag.py took 0.150 seconds
[2021-11-19 10:42:22,905] {processor.py:163} INFO - Started process (PID=13740) to work on /home/user/workspace/airflow/dags/my_dag.py
[2021-11-19 10:42:22,907] {processor.py:620} INFO - Processing file /home/user/workspace/airflow/dags/my_dag.py for tasks to queue
[2021-11-19 10:42:22,909] {logging_mixin.py:109} INFO - [2021-11-19 10:42:22,908] {dagbag.py:500} INFO - Filling up the DagBag from /home/user/workspace/airflow/dags/my_dag.py
[2021-11-19 10:42:22,981] {processor.py:632} INFO - DAG(s) dict_keys(['my_dag']) retrieved from /home/user/workspace/airflow/dags/my_dag.py
[2021-11-19 10:42:23,040] {logging_mixin.py:109} INFO - [2021-11-19 10:42:23,039] {dag.py:2389} INFO - Sync 1 DAGs
[2021-11-19 10:42:23,094] {logging_mixin.py:109} INFO - [2021-11-19 10:42:23,093] {dag.py:2914} INFO - Setting next_dagrun for my_dag to 2021-11-18 00:00:00+00:00
[2021-11-19 10:42:23,151] {processor.py:171} INFO - Processing /home/user/workspace/airflow/dags/my_dag.py took 0.250 seconds
[2021-11-19 10:42:54,954] {processor.py:163} INFO - Started process (PID=14557) to work on /home/user/workspace/airflow/dags/my_dag.py
[2021-11-19 10:42:54,956] {processor.py:620} INFO - Processing file /home/user/workspace/airflow/dags/my_dag.py for tasks to queue
[2021-11-19 10:42:54,956] {logging_mixin.py:109} INFO - [2021-11-19 10:42:54,956] {dagbag.py:500} INFO - Filling up the DagBag from /home/user/workspace/airflow/dags/my_dag.py
[2021-11-19 10:42:54,990] {processor.py:632} INFO - DAG(s) dict_keys(['my_dag']) retrieved from /home/user/workspace/airflow/dags/my_dag.py
[2021-11-19 10:42:55,001] {logging_mixin.py:109} INFO - [2021-11-19 10:42:55,001] {dag.py:2389} INFO - Sync 1 DAGs
[2021-11-19 10:42:55,021] {logging_mixin.py:109} INFO - [2021-11-19 10:42:55,021] {dag.py:2914} INFO - Setting next_dagrun for my_dag to 2021-11-18 00:00:00+00:00
[2021-11-19 10:42:55,032] {processor.py:171} INFO - Processing /home/user/workspace/airflow/dags/my_dag.py took 0.081 seconds
[2021-11-19 10:43:27,317] {processor.py:163} INFO - Started process (PID=15161) to work on /home/user/workspace/airflow/dags/my_dag.py
[2021-11-19 10:43:27,321] {processor.py:620} INFO - Processing file /home/user/workspace/airflow/dags/my_dag.py for tasks to queue
[2021-11-19 10:43:27,323] {logging_mixin.py:109} INFO - [2021-11-19 10:43:27,323] {dagbag.py:500} INFO - Filling up the DagBag from /home/user/workspace/airflow/dags/my_dag.py
[2021-11-19 10:43:27,440] {processor.py:632} INFO - DAG(s) dict_keys(['my_dag']) retrieved from /home/user/workspace/airflow/dags/my_dag.py
[2021-11-19 10:43:27,475] {logging_mixin.py:109} INFO - [2021-11-19 10:43:27,474] {dag.py:2389} INFO - Sync 1 DAGs
[2021-11-19 10:43:27,504] {logging_mixin.py:109} INFO - [2021-11-19 10:43:27,503] {dag.py:2914} INFO - Setting next_dagrun for my_dag to 2021-11-18 00:00:00+00:00
[2021-11-19 10:43:27,535] {processor.py:171} INFO - Processing /home/user/workspace/airflow/dags/my_dag.py took 0.223 seconds
[2021-11-19 10:43:57,820] {processor.py:163} INFO - Started process (PID=15728) to work on /home/user/workspace/airflow/dags/my_dag.py
[2021-11-19 10:43:57,822] {processor.py:620} INFO - Processing file /home/user/workspace/airflow/dags/my_dag.py for tasks to queue
[2021-11-19 10:43:57,823] {logging_mixin.py:109} INFO - [2021-11-19 10:43:57,822] {dagbag.py:500} INFO - Filling up the DagBag from /home/user/workspace/airflow/dags/my_dag.py
[2021-11-19 10:43:57,870] {processor.py:632} INFO - DAG(s) dict_keys(['my_dag']) retrieved from /home/user/workspace/airflow/dags/my_dag.py
[2021-11-19 10:43:57,887] {logging_mixin.py:109} INFO - [2021-11-19 10:43:57,887] {dag.py:2389} INFO - Sync 1 DAGs
[2021-11-19 10:43:57,923] {logging_mixin.py:109} INFO - [2021-11-19 10:43:57,922] {dag.py:2914} INFO - Setting next_dagrun for my_dag to 2021-11-18 00:00:00+00:00
[2021-11-19 10:43:57,935] {processor.py:171} INFO - Processing /home/user/workspace/airflow/dags/my_dag.py took 0.119 seconds
[2021-11-19 10:44:29,482] {processor.py:163} INFO - Started process (PID=16323) to work on /home/user/workspace/airflow/dags/my_dag.py
[2021-11-19 10:44:29,483] {processor.py:620} INFO - Processing file /home/user/workspace/airflow/dags/my_dag.py for tasks to queue
[2021-11-19 10:44:29,484] {logging_mixin.py:109} INFO - [2021-11-19 10:44:29,484] {dagbag.py:500} INFO - Filling up the DagBag from /home/user/workspace/airflow/dags/my_dag.py
[2021-11-19 10:44:29,529] {processor.py:632} INFO - DAG(s) dict_keys(['my_dag']) retrieved from /home/user/workspace/airflow/dags/my_dag.py
[2021-11-19 10:44:29,553] {logging_mixin.py:109} INFO - [2021-11-19 10:44:29,553] {dag.py:2389} INFO - Sync 1 DAGs
[2021-11-19 10:44:29,586] {logging_mixin.py:109} INFO - [2021-11-19 10:44:29,586] {dag.py:2914} INFO - Setting next_dagrun for my_dag to 2021-11-18 00:00:00+00:00
[2021-11-19 10:44:29,608] {processor.py:171} INFO - Processing /home/user/workspace/airflow/dags/my_dag.py took 0.131 seconds
[2021-11-19 10:45:00,434] {processor.py:163} INFO - Started process (PID=16979) to work on /home/user/workspace/airflow/dags/my_dag.py
[2021-11-19 10:45:00,435] {processor.py:620} INFO - Processing file /home/user/workspace/airflow/dags/my_dag.py for tasks to queue
[2021-11-19 10:45:00,436] {logging_mixin.py:109} INFO - [2021-11-19 10:45:00,435] {dagbag.py:500} INFO - Filling up the DagBag from /home/user/workspace/airflow/dags/my_dag.py
[2021-11-19 10:45:00,467] {processor.py:632} INFO - DAG(s) dict_keys(['my_dag']) retrieved from /home/user/workspace/airflow/dags/my_dag.py
[2021-11-19 10:45:00,479] {logging_mixin.py:109} INFO - [2021-11-19 10:45:00,479] {dag.py:2389} INFO - Sync 1 DAGs
[2021-11-19 10:45:00,497] {logging_mixin.py:109} INFO - [2021-11-19 10:45:00,497] {dag.py:2914} INFO - Setting next_dagrun for my_dag to 2021-11-18 00:00:00+00:00
[2021-11-19 10:45:00,506] {processor.py:171} INFO - Processing /home/user/workspace/airflow/dags/my_dag.py took 0.075 seconds
[2021-11-19 10:45:31,612] {processor.py:163} INFO - Started process (PID=17522) to work on /home/user/workspace/airflow/dags/my_dag.py
[2021-11-19 10:45:31,613] {processor.py:620} INFO - Processing file /home/user/workspace/airflow/dags/my_dag.py for tasks to queue
[2021-11-19 10:45:31,614] {logging_mixin.py:109} INFO - [2021-11-19 10:45:31,614] {dagbag.py:500} INFO - Filling up the DagBag from /home/user/workspace/airflow/dags/my_dag.py
[2021-11-19 10:45:31,658] {processor.py:632} INFO - DAG(s) dict_keys(['my_dag']) retrieved from /home/user/workspace/airflow/dags/my_dag.py
[2021-11-19 10:45:31,670] {logging_mixin.py:109} INFO - [2021-11-19 10:45:31,670] {dag.py:2389} INFO - Sync 1 DAGs
[2021-11-19 10:45:31,692] {logging_mixin.py:109} INFO - [2021-11-19 10:45:31,692] {dag.py:2914} INFO - Setting next_dagrun for my_dag to 2021-11-18 00:00:00+00:00
[2021-11-19 10:45:31,711] {processor.py:171} INFO - Processing /home/user/workspace/airflow/dags/my_dag.py took 0.103 seconds
[2021-11-19 10:46:02,194] {processor.py:163} INFO - Started process (PID=17999) to work on /home/user/workspace/airflow/dags/my_dag.py
[2021-11-19 10:46:02,195] {processor.py:620} INFO - Processing file /home/user/workspace/airflow/dags/my_dag.py for tasks to queue
[2021-11-19 10:46:02,196] {logging_mixin.py:109} INFO - [2021-11-19 10:46:02,195] {dagbag.py:500} INFO - Filling up the DagBag from /home/user/workspace/airflow/dags/my_dag.py
[2021-11-19 10:46:02,249] {processor.py:632} INFO - DAG(s) dict_keys(['my_dag']) retrieved from /home/user/workspace/airflow/dags/my_dag.py
[2021-11-19 10:46:02,275] {logging_mixin.py:109} INFO - [2021-11-19 10:46:02,275] {dag.py:2389} INFO - Sync 1 DAGs
[2021-11-19 10:46:02,322] {logging_mixin.py:109} INFO - [2021-11-19 10:46:02,321] {dag.py:2914} INFO - Setting next_dagrun for my_dag to 2021-11-18 00:00:00+00:00
[2021-11-19 10:46:02,339] {processor.py:171} INFO - Processing /home/user/workspace/airflow/dags/my_dag.py took 0.149 seconds
[2021-11-19 10:46:33,089] {processor.py:163} INFO - Started process (PID=18482) to work on /home/user/workspace/airflow/dags/my_dag.py
[2021-11-19 10:46:33,094] {processor.py:620} INFO - Processing file /home/user/workspace/airflow/dags/my_dag.py for tasks to queue
[2021-11-19 10:46:33,095] {logging_mixin.py:109} INFO - [2021-11-19 10:46:33,095] {dagbag.py:500} INFO - Filling up the DagBag from /home/user/workspace/airflow/dags/my_dag.py
[2021-11-19 10:46:33,216] {processor.py:632} INFO - DAG(s) dict_keys(['my_dag']) retrieved from /home/user/workspace/airflow/dags/my_dag.py
[2021-11-19 10:46:33,284] {logging_mixin.py:109} INFO - [2021-11-19 10:46:33,284] {dag.py:2389} INFO - Sync 1 DAGs
[2021-11-19 10:46:33,346] {logging_mixin.py:109} INFO - [2021-11-19 10:46:33,346] {dag.py:2914} INFO - Setting next_dagrun for my_dag to 2021-11-18 00:00:00+00:00
[2021-11-19 10:46:33,364] {processor.py:171} INFO - Processing /home/user/workspace/airflow/dags/my_dag.py took 0.283 seconds
[2021-11-19 10:47:04,864] {processor.py:163} INFO - Started process (PID=19428) to work on /home/user/workspace/airflow/dags/my_dag.py
[2021-11-19 10:47:04,865] {processor.py:620} INFO - Processing file /home/user/workspace/airflow/dags/my_dag.py for tasks to queue
[2021-11-19 10:47:04,875] {logging_mixin.py:109} INFO - [2021-11-19 10:47:04,872] {dagbag.py:500} INFO - Filling up the DagBag from /home/user/workspace/airflow/dags/my_dag.py
[2021-11-19 10:47:04,953] {processor.py:632} INFO - DAG(s) dict_keys(['my_dag']) retrieved from /home/user/workspace/airflow/dags/my_dag.py
[2021-11-19 10:47:04,992] {logging_mixin.py:109} INFO - [2021-11-19 10:47:04,992] {dag.py:2389} INFO - Sync 1 DAGs
[2021-11-19 10:47:05,034] {logging_mixin.py:109} INFO - [2021-11-19 10:47:05,034] {dag.py:2914} INFO - Setting next_dagrun for my_dag to 2021-11-18 00:00:00+00:00
[2021-11-19 10:47:05,046] {processor.py:171} INFO - Processing /home/user/workspace/airflow/dags/my_dag.py took 0.195 seconds
[2021-11-19 10:47:36,085] {processor.py:163} INFO - Started process (PID=20164) to work on /home/user/workspace/airflow/dags/my_dag.py
[2021-11-19 10:47:36,086] {processor.py:620} INFO - Processing file /home/user/workspace/airflow/dags/my_dag.py for tasks to queue
[2021-11-19 10:47:36,087] {logging_mixin.py:109} INFO - [2021-11-19 10:47:36,087] {dagbag.py:500} INFO - Filling up the DagBag from /home/user/workspace/airflow/dags/my_dag.py
[2021-11-19 10:47:36,122] {processor.py:632} INFO - DAG(s) dict_keys(['my_dag']) retrieved from /home/user/workspace/airflow/dags/my_dag.py
[2021-11-19 10:47:36,133] {logging_mixin.py:109} INFO - [2021-11-19 10:47:36,133] {dag.py:2389} INFO - Sync 1 DAGs
[2021-11-19 10:47:36,156] {logging_mixin.py:109} INFO - [2021-11-19 10:47:36,156] {dag.py:2914} INFO - Setting next_dagrun for my_dag to 2021-11-18 00:00:00+00:00
[2021-11-19 10:47:36,170] {processor.py:171} INFO - Processing /home/user/workspace/airflow/dags/my_dag.py took 0.088 seconds
[2021-11-19 10:48:06,416] {processor.py:163} INFO - Started process (PID=21136) to work on /home/user/workspace/airflow/dags/my_dag.py
[2021-11-19 10:48:06,417] {processor.py:620} INFO - Processing file /home/user/workspace/airflow/dags/my_dag.py for tasks to queue
[2021-11-19 10:48:06,419] {logging_mixin.py:109} INFO - [2021-11-19 10:48:06,418] {dagbag.py:500} INFO - Filling up the DagBag from /home/user/workspace/airflow/dags/my_dag.py
[2021-11-19 10:48:06,466] {processor.py:632} INFO - DAG(s) dict_keys(['my_dag']) retrieved from /home/user/workspace/airflow/dags/my_dag.py
[2021-11-19 10:48:06,481] {logging_mixin.py:109} INFO - [2021-11-19 10:48:06,481] {dag.py:2389} INFO - Sync 1 DAGs
[2021-11-19 10:48:06,509] {logging_mixin.py:109} INFO - [2021-11-19 10:48:06,509] {dag.py:2914} INFO - Setting next_dagrun for my_dag to 2021-11-18 00:00:00+00:00
[2021-11-19 10:48:06,520] {processor.py:171} INFO - Processing /home/user/workspace/airflow/dags/my_dag.py took 0.109 seconds
[2021-11-19 10:48:37,593] {processor.py:163} INFO - Started process (PID=21771) to work on /home/user/workspace/airflow/dags/my_dag.py
[2021-11-19 10:48:37,594] {processor.py:620} INFO - Processing file /home/user/workspace/airflow/dags/my_dag.py for tasks to queue
[2021-11-19 10:48:37,595] {logging_mixin.py:109} INFO - [2021-11-19 10:48:37,595] {dagbag.py:500} INFO - Filling up the DagBag from /home/user/workspace/airflow/dags/my_dag.py
[2021-11-19 10:48:37,670] {processor.py:632} INFO - DAG(s) dict_keys(['my_dag']) retrieved from /home/user/workspace/airflow/dags/my_dag.py
[2021-11-19 10:48:37,687] {logging_mixin.py:109} INFO - [2021-11-19 10:48:37,687] {dag.py:2389} INFO - Sync 1 DAGs
[2021-11-19 10:48:37,709] {logging_mixin.py:109} INFO - [2021-11-19 10:48:37,708] {dag.py:2914} INFO - Setting next_dagrun for my_dag to 2021-11-18 00:00:00+00:00
[2021-11-19 10:48:37,721] {processor.py:171} INFO - Processing /home/user/workspace/airflow/dags/my_dag.py took 0.132 seconds
[2021-11-19 10:49:08,279] {processor.py:163} INFO - Started process (PID=22278) to work on /home/user/workspace/airflow/dags/my_dag.py
[2021-11-19 10:49:08,280] {processor.py:620} INFO - Processing file /home/user/workspace/airflow/dags/my_dag.py for tasks to queue
[2021-11-19 10:49:08,281] {logging_mixin.py:109} INFO - [2021-11-19 10:49:08,281] {dagbag.py:500} INFO - Filling up the DagBag from /home/user/workspace/airflow/dags/my_dag.py
[2021-11-19 10:49:08,329] {processor.py:632} INFO - DAG(s) dict_keys(['my_dag']) retrieved from /home/user/workspace/airflow/dags/my_dag.py
[2021-11-19 10:49:08,349] {logging_mixin.py:109} INFO - [2021-11-19 10:49:08,349] {dag.py:2389} INFO - Sync 1 DAGs
[2021-11-19 10:49:08,381] {logging_mixin.py:109} INFO - [2021-11-19 10:49:08,381] {dag.py:2914} INFO - Setting next_dagrun for my_dag to 2021-11-18 00:00:00+00:00
[2021-11-19 10:49:08,424] {processor.py:171} INFO - Processing /home/user/workspace/airflow/dags/my_dag.py took 0.149 seconds
[2021-11-19 10:49:40,179] {processor.py:163} INFO - Started process (PID=22841) to work on /home/user/workspace/airflow/dags/my_dag.py
[2021-11-19 10:49:40,180] {processor.py:620} INFO - Processing file /home/user/workspace/airflow/dags/my_dag.py for tasks to queue
[2021-11-19 10:49:40,181] {logging_mixin.py:109} INFO - [2021-11-19 10:49:40,180] {dagbag.py:500} INFO - Filling up the DagBag from /home/user/workspace/airflow/dags/my_dag.py
[2021-11-19 10:49:40,222] {processor.py:632} INFO - DAG(s) dict_keys(['my_dag']) retrieved from /home/user/workspace/airflow/dags/my_dag.py
[2021-11-19 10:49:40,237] {logging_mixin.py:109} INFO - [2021-11-19 10:49:40,237] {dag.py:2389} INFO - Sync 1 DAGs
[2021-11-19 10:49:40,282] {logging_mixin.py:109} INFO - [2021-11-19 10:49:40,282] {dag.py:2914} INFO - Setting next_dagrun for my_dag to 2021-11-18 00:00:00+00:00
[2021-11-19 10:49:40,308] {processor.py:171} INFO - Processing /home/user/workspace/airflow/dags/my_dag.py took 0.133 seconds
[2021-11-19 10:50:11,493] {processor.py:163} INFO - Started process (PID=23339) to work on /home/user/workspace/airflow/dags/my_dag.py
[2021-11-19 10:50:11,495] {processor.py:620} INFO - Processing file /home/user/workspace/airflow/dags/my_dag.py for tasks to queue
[2021-11-19 10:50:11,496] {logging_mixin.py:109} INFO - [2021-11-19 10:50:11,495] {dagbag.py:500} INFO - Filling up the DagBag from /home/user/workspace/airflow/dags/my_dag.py
[2021-11-19 10:50:11,549] {processor.py:632} INFO - DAG(s) dict_keys(['my_dag']) retrieved from /home/user/workspace/airflow/dags/my_dag.py
[2021-11-19 10:50:11,584] {logging_mixin.py:109} INFO - [2021-11-19 10:50:11,583] {dag.py:2389} INFO - Sync 1 DAGs
[2021-11-19 10:50:11,630] {logging_mixin.py:109} INFO - [2021-11-19 10:50:11,630] {dag.py:2914} INFO - Setting next_dagrun for my_dag to 2021-11-18 00:00:00+00:00
[2021-11-19 10:50:11,639] {processor.py:171} INFO - Processing /home/user/workspace/airflow/dags/my_dag.py took 0.150 seconds
[2021-11-19 10:50:42,941] {processor.py:163} INFO - Started process (PID=24047) to work on /home/user/workspace/airflow/dags/my_dag.py
[2021-11-19 10:50:42,942] {processor.py:620} INFO - Processing file /home/user/workspace/airflow/dags/my_dag.py for tasks to queue
[2021-11-19 10:50:42,943] {logging_mixin.py:109} INFO - [2021-11-19 10:50:42,943] {dagbag.py:500} INFO - Filling up the DagBag from /home/user/workspace/airflow/dags/my_dag.py
[2021-11-19 10:50:42,983] {processor.py:632} INFO - DAG(s) dict_keys(['my_dag']) retrieved from /home/user/workspace/airflow/dags/my_dag.py
[2021-11-19 10:50:42,998] {logging_mixin.py:109} INFO - [2021-11-19 10:50:42,997] {dag.py:2389} INFO - Sync 1 DAGs
[2021-11-19 10:50:43,024] {logging_mixin.py:109} INFO - [2021-11-19 10:50:43,024] {dag.py:2914} INFO - Setting next_dagrun for my_dag to 2021-11-18 00:00:00+00:00
[2021-11-19 10:50:43,034] {processor.py:171} INFO - Processing /home/user/workspace/airflow/dags/my_dag.py took 0.096 seconds
[2021-11-19 10:51:14,494] {processor.py:163} INFO - Started process (PID=24581) to work on /home/user/workspace/airflow/dags/my_dag.py
[2021-11-19 10:51:14,495] {processor.py:620} INFO - Processing file /home/user/workspace/airflow/dags/my_dag.py for tasks to queue
[2021-11-19 10:51:14,495] {logging_mixin.py:109} INFO - [2021-11-19 10:51:14,495] {dagbag.py:500} INFO - Filling up the DagBag from /home/user/workspace/airflow/dags/my_dag.py
[2021-11-19 10:51:14,538] {processor.py:632} INFO - DAG(s) dict_keys(['my_dag']) retrieved from /home/user/workspace/airflow/dags/my_dag.py
[2021-11-19 10:51:14,550] {logging_mixin.py:109} INFO - [2021-11-19 10:51:14,550] {dag.py:2389} INFO - Sync 1 DAGs
[2021-11-19 10:51:14,571] {logging_mixin.py:109} INFO - [2021-11-19 10:51:14,571] {dag.py:2914} INFO - Setting next_dagrun for my_dag to 2021-11-18 00:00:00+00:00
[2021-11-19 10:51:14,587] {processor.py:171} INFO - Processing /home/user/workspace/airflow/dags/my_dag.py took 0.096 seconds
[2021-11-19 10:51:46,671] {processor.py:163} INFO - Started process (PID=25235) to work on /home/user/workspace/airflow/dags/my_dag.py
[2021-11-19 10:51:46,672] {processor.py:620} INFO - Processing file /home/user/workspace/airflow/dags/my_dag.py for tasks to queue
[2021-11-19 10:51:46,673] {logging_mixin.py:109} INFO - [2021-11-19 10:51:46,673] {dagbag.py:500} INFO - Filling up the DagBag from /home/user/workspace/airflow/dags/my_dag.py
[2021-11-19 10:51:46,708] {processor.py:632} INFO - DAG(s) dict_keys(['my_dag']) retrieved from /home/user/workspace/airflow/dags/my_dag.py
[2021-11-19 10:51:46,725] {logging_mixin.py:109} INFO - [2021-11-19 10:51:46,725] {dag.py:2389} INFO - Sync 1 DAGs
[2021-11-19 10:51:46,744] {logging_mixin.py:109} INFO - [2021-11-19 10:51:46,743] {dag.py:2914} INFO - Setting next_dagrun for my_dag to 2021-11-18 00:00:00+00:00
[2021-11-19 10:51:46,757] {processor.py:171} INFO - Processing /home/user/workspace/airflow/dags/my_dag.py took 0.092 seconds
[2021-11-19 10:52:19,155] {processor.py:163} INFO - Started process (PID=25894) to work on /home/user/workspace/airflow/dags/my_dag.py
[2021-11-19 10:52:19,156] {processor.py:620} INFO - Processing file /home/user/workspace/airflow/dags/my_dag.py for tasks to queue
[2021-11-19 10:52:19,157] {logging_mixin.py:109} INFO - [2021-11-19 10:52:19,157] {dagbag.py:500} INFO - Filling up the DagBag from /home/user/workspace/airflow/dags/my_dag.py
[2021-11-19 10:52:19,198] {processor.py:632} INFO - DAG(s) dict_keys(['my_dag']) retrieved from /home/user/workspace/airflow/dags/my_dag.py
[2021-11-19 10:52:19,214] {logging_mixin.py:109} INFO - [2021-11-19 10:52:19,214] {dag.py:2389} INFO - Sync 1 DAGs
[2021-11-19 10:52:19,239] {logging_mixin.py:109} INFO - [2021-11-19 10:52:19,239] {dag.py:2914} INFO - Setting next_dagrun for my_dag to 2021-11-18 00:00:00+00:00
[2021-11-19 10:52:19,249] {processor.py:171} INFO - Processing /home/user/workspace/airflow/dags/my_dag.py took 0.099 seconds
[2021-11-19 10:52:50,902] {processor.py:163} INFO - Started process (PID=26528) to work on /home/user/workspace/airflow/dags/my_dag.py
[2021-11-19 10:52:50,904] {processor.py:620} INFO - Processing file /home/user/workspace/airflow/dags/my_dag.py for tasks to queue
[2021-11-19 10:52:50,905] {logging_mixin.py:109} INFO - [2021-11-19 10:52:50,905] {dagbag.py:500} INFO - Filling up the DagBag from /home/user/workspace/airflow/dags/my_dag.py
[2021-11-19 10:52:50,948] {processor.py:632} INFO - DAG(s) dict_keys(['my_dag']) retrieved from /home/user/workspace/airflow/dags/my_dag.py
[2021-11-19 10:52:50,978] {logging_mixin.py:109} INFO - [2021-11-19 10:52:50,977] {dag.py:2389} INFO - Sync 1 DAGs
[2021-11-19 10:52:51,016] {logging_mixin.py:109} INFO - [2021-11-19 10:52:51,016] {dag.py:2914} INFO - Setting next_dagrun for my_dag to 2021-11-18 00:00:00+00:00
[2021-11-19 10:52:51,031] {processor.py:171} INFO - Processing /home/user/workspace/airflow/dags/my_dag.py took 0.136 seconds
[2021-11-19 10:53:22,212] {processor.py:163} INFO - Started process (PID=27136) to work on /home/user/workspace/airflow/dags/my_dag.py
[2021-11-19 10:53:22,213] {processor.py:620} INFO - Processing file /home/user/workspace/airflow/dags/my_dag.py for tasks to queue
[2021-11-19 10:53:22,214] {logging_mixin.py:109} INFO - [2021-11-19 10:53:22,214] {dagbag.py:500} INFO - Filling up the DagBag from /home/user/workspace/airflow/dags/my_dag.py
[2021-11-19 10:53:22,252] {processor.py:632} INFO - DAG(s) dict_keys(['my_dag']) retrieved from /home/user/workspace/airflow/dags/my_dag.py
[2021-11-19 10:53:22,269] {logging_mixin.py:109} INFO - [2021-11-19 10:53:22,268] {dag.py:2389} INFO - Sync 1 DAGs
[2021-11-19 10:53:22,291] {logging_mixin.py:109} INFO - [2021-11-19 10:53:22,291] {dag.py:2914} INFO - Setting next_dagrun for my_dag to 2021-11-18 00:00:00+00:00
[2021-11-19 10:53:22,301] {processor.py:171} INFO - Processing /home/user/workspace/airflow/dags/my_dag.py took 0.094 seconds
[2021-11-19 10:53:53,358] {processor.py:163} INFO - Started process (PID=27732) to work on /home/user/workspace/airflow/dags/my_dag.py
[2021-11-19 10:53:53,359] {processor.py:620} INFO - Processing file /home/user/workspace/airflow/dags/my_dag.py for tasks to queue
[2021-11-19 10:53:53,360] {logging_mixin.py:109} INFO - [2021-11-19 10:53:53,360] {dagbag.py:500} INFO - Filling up the DagBag from /home/user/workspace/airflow/dags/my_dag.py
[2021-11-19 10:53:53,402] {processor.py:632} INFO - DAG(s) dict_keys(['my_dag']) retrieved from /home/user/workspace/airflow/dags/my_dag.py
[2021-11-19 10:53:53,416] {logging_mixin.py:109} INFO - [2021-11-19 10:53:53,416] {dag.py:2389} INFO - Sync 1 DAGs
[2021-11-19 10:53:53,441] {logging_mixin.py:109} INFO - [2021-11-19 10:53:53,441] {dag.py:2914} INFO - Setting next_dagrun for my_dag to 2021-11-18 00:00:00+00:00
[2021-11-19 10:53:53,450] {processor.py:171} INFO - Processing /home/user/workspace/airflow/dags/my_dag.py took 0.096 seconds
[2021-11-19 10:54:25,133] {processor.py:163} INFO - Started process (PID=28402) to work on /home/user/workspace/airflow/dags/my_dag.py
[2021-11-19 10:54:25,134] {processor.py:620} INFO - Processing file /home/user/workspace/airflow/dags/my_dag.py for tasks to queue
[2021-11-19 10:54:25,134] {logging_mixin.py:109} INFO - [2021-11-19 10:54:25,134] {dagbag.py:500} INFO - Filling up the DagBag from /home/user/workspace/airflow/dags/my_dag.py
[2021-11-19 10:54:25,177] {processor.py:632} INFO - DAG(s) dict_keys(['my_dag']) retrieved from /home/user/workspace/airflow/dags/my_dag.py
[2021-11-19 10:54:25,190] {logging_mixin.py:109} INFO - [2021-11-19 10:54:25,190] {dag.py:2389} INFO - Sync 1 DAGs
[2021-11-19 10:54:25,219] {logging_mixin.py:109} INFO - [2021-11-19 10:54:25,218] {dag.py:2914} INFO - Setting next_dagrun for my_dag to 2021-11-18 00:00:00+00:00
[2021-11-19 10:54:25,231] {processor.py:171} INFO - Processing /home/user/workspace/airflow/dags/my_dag.py took 0.102 seconds
[2021-11-19 10:54:56,989] {processor.py:163} INFO - Started process (PID=29035) to work on /home/user/workspace/airflow/dags/my_dag.py
[2021-11-19 10:54:56,990] {processor.py:620} INFO - Processing file /home/user/workspace/airflow/dags/my_dag.py for tasks to queue
[2021-11-19 10:54:56,990] {logging_mixin.py:109} INFO - [2021-11-19 10:54:56,990] {dagbag.py:500} INFO - Filling up the DagBag from /home/user/workspace/airflow/dags/my_dag.py
[2021-11-19 10:54:57,033] {processor.py:632} INFO - DAG(s) dict_keys(['my_dag']) retrieved from /home/user/workspace/airflow/dags/my_dag.py
[2021-11-19 10:54:57,046] {logging_mixin.py:109} INFO - [2021-11-19 10:54:57,046] {dag.py:2389} INFO - Sync 1 DAGs
[2021-11-19 10:54:57,073] {logging_mixin.py:109} INFO - [2021-11-19 10:54:57,073] {dag.py:2914} INFO - Setting next_dagrun for my_dag to 2021-11-18 00:00:00+00:00
[2021-11-19 10:54:57,085] {processor.py:171} INFO - Processing /home/user/workspace/airflow/dags/my_dag.py took 0.100 seconds
[2021-11-19 10:55:28,391] {processor.py:163} INFO - Started process (PID=29650) to work on /home/user/workspace/airflow/dags/my_dag.py
[2021-11-19 10:55:28,392] {processor.py:620} INFO - Processing file /home/user/workspace/airflow/dags/my_dag.py for tasks to queue
[2021-11-19 10:55:28,392] {logging_mixin.py:109} INFO - [2021-11-19 10:55:28,392] {dagbag.py:500} INFO - Filling up the DagBag from /home/user/workspace/airflow/dags/my_dag.py
[2021-11-19 10:55:28,434] {processor.py:632} INFO - DAG(s) dict_keys(['my_dag']) retrieved from /home/user/workspace/airflow/dags/my_dag.py
[2021-11-19 10:55:28,448] {logging_mixin.py:109} INFO - [2021-11-19 10:55:28,448] {dag.py:2389} INFO - Sync 1 DAGs
[2021-11-19 10:55:28,477] {logging_mixin.py:109} INFO - [2021-11-19 10:55:28,476] {dag.py:2914} INFO - Setting next_dagrun for my_dag to 2021-11-18 00:00:00+00:00
[2021-11-19 10:55:28,490] {processor.py:171} INFO - Processing /home/user/workspace/airflow/dags/my_dag.py took 0.102 seconds
[2021-11-19 10:56:00,254] {processor.py:163} INFO - Started process (PID=30304) to work on /home/user/workspace/airflow/dags/my_dag.py
[2021-11-19 10:56:00,255] {processor.py:620} INFO - Processing file /home/user/workspace/airflow/dags/my_dag.py for tasks to queue
[2021-11-19 10:56:00,255] {logging_mixin.py:109} INFO - [2021-11-19 10:56:00,255] {dagbag.py:500} INFO - Filling up the DagBag from /home/user/workspace/airflow/dags/my_dag.py
[2021-11-19 10:56:00,298] {processor.py:632} INFO - DAG(s) dict_keys(['my_dag']) retrieved from /home/user/workspace/airflow/dags/my_dag.py
[2021-11-19 10:56:00,316] {logging_mixin.py:109} INFO - [2021-11-19 10:56:00,316] {dag.py:2389} INFO - Sync 1 DAGs
[2021-11-19 10:56:00,346] {logging_mixin.py:109} INFO - [2021-11-19 10:56:00,345] {dag.py:2914} INFO - Setting next_dagrun for my_dag to 2021-11-18 00:00:00+00:00
[2021-11-19 10:56:00,356] {processor.py:171} INFO - Processing /home/user/workspace/airflow/dags/my_dag.py took 0.105 seconds
[2021-11-19 10:56:32,259] {processor.py:163} INFO - Started process (PID=30942) to work on /home/user/workspace/airflow/dags/my_dag.py
[2021-11-19 10:56:32,260] {processor.py:620} INFO - Processing file /home/user/workspace/airflow/dags/my_dag.py for tasks to queue
[2021-11-19 10:56:32,261] {logging_mixin.py:109} INFO - [2021-11-19 10:56:32,261] {dagbag.py:500} INFO - Filling up the DagBag from /home/user/workspace/airflow/dags/my_dag.py
[2021-11-19 10:56:32,310] {processor.py:632} INFO - DAG(s) dict_keys(['my_dag']) retrieved from /home/user/workspace/airflow/dags/my_dag.py
[2021-11-19 10:56:32,330] {logging_mixin.py:109} INFO - [2021-11-19 10:56:32,330] {dag.py:2389} INFO - Sync 1 DAGs
[2021-11-19 10:56:32,353] {logging_mixin.py:109} INFO - [2021-11-19 10:56:32,352] {dag.py:2914} INFO - Setting next_dagrun for my_dag to 2021-11-18 00:00:00+00:00
[2021-11-19 10:56:32,365] {processor.py:171} INFO - Processing /home/user/workspace/airflow/dags/my_dag.py took 0.109 seconds
[2021-11-19 10:57:06,077] {processor.py:163} INFO - Started process (PID=31683) to work on /home/user/workspace/airflow/dags/my_dag.py
[2021-11-19 10:57:06,086] {processor.py:620} INFO - Processing file /home/user/workspace/airflow/dags/my_dag.py for tasks to queue
[2021-11-19 10:57:06,088] {logging_mixin.py:109} INFO - [2021-11-19 10:57:06,087] {dagbag.py:500} INFO - Filling up the DagBag from /home/user/workspace/airflow/dags/my_dag.py
[2021-11-19 10:57:06,140] {processor.py:632} INFO - DAG(s) dict_keys(['my_dag']) retrieved from /home/user/workspace/airflow/dags/my_dag.py
[2021-11-19 10:57:06,161] {logging_mixin.py:109} INFO - [2021-11-19 10:57:06,161] {dag.py:2389} INFO - Sync 1 DAGs
[2021-11-19 10:57:06,193] {logging_mixin.py:109} INFO - [2021-11-19 10:57:06,193] {dag.py:2914} INFO - Setting next_dagrun for my_dag to 2021-11-18 00:00:00+00:00
[2021-11-19 10:57:06,221] {processor.py:171} INFO - Processing /home/user/workspace/airflow/dags/my_dag.py took 0.162 seconds
[2021-11-19 10:57:38,049] {processor.py:163} INFO - Started process (PID=32551) to work on /home/user/workspace/airflow/dags/my_dag.py
[2021-11-19 10:57:38,049] {processor.py:620} INFO - Processing file /home/user/workspace/airflow/dags/my_dag.py for tasks to queue
[2021-11-19 10:57:38,050] {logging_mixin.py:109} INFO - [2021-11-19 10:57:38,050] {dagbag.py:500} INFO - Filling up the DagBag from /home/user/workspace/airflow/dags/my_dag.py
[2021-11-19 10:57:38,096] {processor.py:632} INFO - DAG(s) dict_keys(['my_dag']) retrieved from /home/user/workspace/airflow/dags/my_dag.py
[2021-11-19 10:57:38,114] {logging_mixin.py:109} INFO - [2021-11-19 10:57:38,114] {dag.py:2389} INFO - Sync 1 DAGs
[2021-11-19 10:57:38,146] {logging_mixin.py:109} INFO - [2021-11-19 10:57:38,145] {dag.py:2914} INFO - Setting next_dagrun for my_dag to 2021-11-18 00:00:00+00:00
[2021-11-19 10:57:38,160] {processor.py:171} INFO - Processing /home/user/workspace/airflow/dags/my_dag.py took 0.115 seconds
[2021-11-19 10:58:09,544] {processor.py:163} INFO - Started process (PID=662) to work on /home/user/workspace/airflow/dags/my_dag.py
[2021-11-19 10:58:09,545] {processor.py:620} INFO - Processing file /home/user/workspace/airflow/dags/my_dag.py for tasks to queue
[2021-11-19 10:58:09,546] {logging_mixin.py:109} INFO - [2021-11-19 10:58:09,546] {dagbag.py:500} INFO - Filling up the DagBag from /home/user/workspace/airflow/dags/my_dag.py
[2021-11-19 10:58:09,594] {processor.py:632} INFO - DAG(s) dict_keys(['my_dag']) retrieved from /home/user/workspace/airflow/dags/my_dag.py
[2021-11-19 10:58:09,610] {logging_mixin.py:109} INFO - [2021-11-19 10:58:09,609] {dag.py:2389} INFO - Sync 1 DAGs
[2021-11-19 10:58:09,633] {logging_mixin.py:109} INFO - [2021-11-19 10:58:09,633] {dag.py:2914} INFO - Setting next_dagrun for my_dag to 2021-11-18 00:00:00+00:00
[2021-11-19 10:58:09,643] {processor.py:171} INFO - Processing /home/user/workspace/airflow/dags/my_dag.py took 0.102 seconds
[2021-11-19 11:00:15,740] {processor.py:163} INFO - Started process (PID=1656) to work on /home/user/workspace/airflow/dags/my_dag.py
[2021-11-19 11:00:15,741] {processor.py:620} INFO - Processing file /home/user/workspace/airflow/dags/my_dag.py for tasks to queue
[2021-11-19 11:00:15,742] {logging_mixin.py:109} INFO - [2021-11-19 11:00:15,741] {dagbag.py:500} INFO - Filling up the DagBag from /home/user/workspace/airflow/dags/my_dag.py
[2021-11-19 11:00:15,784] {processor.py:632} INFO - DAG(s) dict_keys(['my_dag']) retrieved from /home/user/workspace/airflow/dags/my_dag.py
[2021-11-19 11:00:15,797] {logging_mixin.py:109} INFO - [2021-11-19 11:00:15,796] {dag.py:2389} INFO - Sync 1 DAGs
[2021-11-19 11:00:15,819] {logging_mixin.py:109} INFO - [2021-11-19 11:00:15,819] {dag.py:2914} INFO - Setting next_dagrun for my_dag to 2021-11-18 00:00:00+00:00
[2021-11-19 11:00:15,828] {processor.py:171} INFO - Processing /home/user/workspace/airflow/dags/my_dag.py took 0.092 seconds
[2021-11-19 11:00:47,830] {processor.py:163} INFO - Started process (PID=2773) to work on /home/user/workspace/airflow/dags/my_dag.py
[2021-11-19 11:00:47,831] {processor.py:620} INFO - Processing file /home/user/workspace/airflow/dags/my_dag.py for tasks to queue
[2021-11-19 11:00:47,831] {logging_mixin.py:109} INFO - [2021-11-19 11:00:47,831] {dagbag.py:500} INFO - Filling up the DagBag from /home/user/workspace/airflow/dags/my_dag.py
[2021-11-19 11:00:47,866] {processor.py:632} INFO - DAG(s) dict_keys(['my_dag']) retrieved from /home/user/workspace/airflow/dags/my_dag.py
[2021-11-19 11:00:47,880] {logging_mixin.py:109} INFO - [2021-11-19 11:00:47,880] {dag.py:2389} INFO - Sync 1 DAGs
[2021-11-19 11:00:47,904] {logging_mixin.py:109} INFO - [2021-11-19 11:00:47,903] {dag.py:2914} INFO - Setting next_dagrun for my_dag to 2021-11-18 00:00:00+00:00
[2021-11-19 11:00:47,915] {processor.py:171} INFO - Processing /home/user/workspace/airflow/dags/my_dag.py took 0.087 seconds
[2021-11-19 11:01:20,629] {processor.py:163} INFO - Started process (PID=4075) to work on /home/user/workspace/airflow/dags/my_dag.py
[2021-11-19 11:01:20,630] {processor.py:620} INFO - Processing file /home/user/workspace/airflow/dags/my_dag.py for tasks to queue
[2021-11-19 11:01:20,631] {logging_mixin.py:109} INFO - [2021-11-19 11:01:20,631] {dagbag.py:500} INFO - Filling up the DagBag from /home/user/workspace/airflow/dags/my_dag.py
[2021-11-19 11:01:20,678] {processor.py:632} INFO - DAG(s) dict_keys(['my_dag']) retrieved from /home/user/workspace/airflow/dags/my_dag.py
[2021-11-19 11:01:20,691] {logging_mixin.py:109} INFO - [2021-11-19 11:01:20,691] {dag.py:2389} INFO - Sync 1 DAGs
[2021-11-19 11:01:20,729] {logging_mixin.py:109} INFO - [2021-11-19 11:01:20,729] {dag.py:2914} INFO - Setting next_dagrun for my_dag to 2021-11-18 00:00:00+00:00
[2021-11-19 11:01:20,742] {processor.py:171} INFO - Processing /home/user/workspace/airflow/dags/my_dag.py took 0.117 seconds
[2021-11-19 11:01:53,753] {processor.py:163} INFO - Started process (PID=4620) to work on /home/user/workspace/airflow/dags/my_dag.py
[2021-11-19 11:01:53,755] {processor.py:620} INFO - Processing file /home/user/workspace/airflow/dags/my_dag.py for tasks to queue
[2021-11-19 11:01:53,756] {logging_mixin.py:109} INFO - [2021-11-19 11:01:53,756] {dagbag.py:500} INFO - Filling up the DagBag from /home/user/workspace/airflow/dags/my_dag.py
[2021-11-19 11:01:53,798] {processor.py:632} INFO - DAG(s) dict_keys(['my_dag']) retrieved from /home/user/workspace/airflow/dags/my_dag.py
[2021-11-19 11:01:53,835] {logging_mixin.py:109} INFO - [2021-11-19 11:01:53,835] {dag.py:2389} INFO - Sync 1 DAGs
[2021-11-19 11:01:53,873] {logging_mixin.py:109} INFO - [2021-11-19 11:01:53,873] {dag.py:2914} INFO - Setting next_dagrun for my_dag to 2021-11-18 00:00:00+00:00
[2021-11-19 11:01:53,919] {processor.py:171} INFO - Processing /home/user/workspace/airflow/dags/my_dag.py took 0.170 seconds
[2021-11-19 11:02:27,312] {processor.py:163} INFO - Started process (PID=5344) to work on /home/user/workspace/airflow/dags/my_dag.py
[2021-11-19 11:02:27,314] {processor.py:620} INFO - Processing file /home/user/workspace/airflow/dags/my_dag.py for tasks to queue
[2021-11-19 11:02:27,315] {logging_mixin.py:109} INFO - [2021-11-19 11:02:27,315] {dagbag.py:500} INFO - Filling up the DagBag from /home/user/workspace/airflow/dags/my_dag.py
[2021-11-19 11:02:27,370] {processor.py:632} INFO - DAG(s) dict_keys(['my_dag']) retrieved from /home/user/workspace/airflow/dags/my_dag.py
[2021-11-19 11:02:27,398] {logging_mixin.py:109} INFO - [2021-11-19 11:02:27,398] {dag.py:2389} INFO - Sync 1 DAGs
[2021-11-19 11:02:27,439] {logging_mixin.py:109} INFO - [2021-11-19 11:02:27,438] {dag.py:2914} INFO - Setting next_dagrun for my_dag to 2021-11-18 00:00:00+00:00
[2021-11-19 11:02:27,453] {processor.py:171} INFO - Processing /home/user/workspace/airflow/dags/my_dag.py took 0.146 seconds
[2021-11-19 11:02:59,463] {processor.py:163} INFO - Started process (PID=6126) to work on /home/user/workspace/airflow/dags/my_dag.py
[2021-11-19 11:02:59,466] {processor.py:620} INFO - Processing file /home/user/workspace/airflow/dags/my_dag.py for tasks to queue
[2021-11-19 11:02:59,467] {logging_mixin.py:109} INFO - [2021-11-19 11:02:59,467] {dagbag.py:500} INFO - Filling up the DagBag from /home/user/workspace/airflow/dags/my_dag.py
[2021-11-19 11:02:59,531] {processor.py:632} INFO - DAG(s) dict_keys(['my_dag']) retrieved from /home/user/workspace/airflow/dags/my_dag.py
[2021-11-19 11:02:59,549] {logging_mixin.py:109} INFO - [2021-11-19 11:02:59,549] {dag.py:2389} INFO - Sync 1 DAGs
[2021-11-19 11:02:59,587] {logging_mixin.py:109} INFO - [2021-11-19 11:02:59,586] {dag.py:2914} INFO - Setting next_dagrun for my_dag to 2021-11-18 00:00:00+00:00
[2021-11-19 11:02:59,622] {processor.py:171} INFO - Processing /home/user/workspace/airflow/dags/my_dag.py took 0.165 seconds
[2021-11-19 11:03:30,682] {processor.py:163} INFO - Started process (PID=6791) to work on /home/user/workspace/airflow/dags/my_dag.py
[2021-11-19 11:03:30,683] {processor.py:620} INFO - Processing file /home/user/workspace/airflow/dags/my_dag.py for tasks to queue
[2021-11-19 11:03:30,683] {logging_mixin.py:109} INFO - [2021-11-19 11:03:30,683] {dagbag.py:500} INFO - Filling up the DagBag from /home/user/workspace/airflow/dags/my_dag.py
[2021-11-19 11:03:30,717] {processor.py:632} INFO - DAG(s) dict_keys(['my_dag']) retrieved from /home/user/workspace/airflow/dags/my_dag.py
[2021-11-19 11:03:30,727] {logging_mixin.py:109} INFO - [2021-11-19 11:03:30,727] {dag.py:2389} INFO - Sync 1 DAGs
[2021-11-19 11:03:30,745] {logging_mixin.py:109} INFO - [2021-11-19 11:03:30,745] {dag.py:2914} INFO - Setting next_dagrun for my_dag to 2021-11-18 00:00:00+00:00
[2021-11-19 11:03:30,756] {processor.py:171} INFO - Processing /home/user/workspace/airflow/dags/my_dag.py took 0.077 seconds
[2021-11-19 11:04:02,347] {processor.py:163} INFO - Started process (PID=7529) to work on /home/user/workspace/airflow/dags/my_dag.py
[2021-11-19 11:04:02,348] {processor.py:620} INFO - Processing file /home/user/workspace/airflow/dags/my_dag.py for tasks to queue
[2021-11-19 11:04:02,348] {logging_mixin.py:109} INFO - [2021-11-19 11:04:02,348] {dagbag.py:500} INFO - Filling up the DagBag from /home/user/workspace/airflow/dags/my_dag.py
[2021-11-19 11:04:02,384] {processor.py:632} INFO - DAG(s) dict_keys(['my_dag']) retrieved from /home/user/workspace/airflow/dags/my_dag.py
[2021-11-19 11:04:02,397] {logging_mixin.py:109} INFO - [2021-11-19 11:04:02,397] {dag.py:2389} INFO - Sync 1 DAGs
[2021-11-19 11:04:02,417] {logging_mixin.py:109} INFO - [2021-11-19 11:04:02,417] {dag.py:2914} INFO - Setting next_dagrun for my_dag to 2021-11-18 00:00:00+00:00
[2021-11-19 11:04:02,429] {processor.py:171} INFO - Processing /home/user/workspace/airflow/dags/my_dag.py took 0.085 seconds
[2021-11-19 11:04:36,131] {processor.py:163} INFO - Started process (PID=8132) to work on /home/user/workspace/airflow/dags/my_dag.py
[2021-11-19 11:04:36,132] {processor.py:620} INFO - Processing file /home/user/workspace/airflow/dags/my_dag.py for tasks to queue
[2021-11-19 11:04:36,133] {logging_mixin.py:109} INFO - [2021-11-19 11:04:36,133] {dagbag.py:500} INFO - Filling up the DagBag from /home/user/workspace/airflow/dags/my_dag.py
[2021-11-19 11:04:36,179] {processor.py:632} INFO - DAG(s) dict_keys(['my_dag']) retrieved from /home/user/workspace/airflow/dags/my_dag.py
[2021-11-19 11:04:36,195] {logging_mixin.py:109} INFO - [2021-11-19 11:04:36,195] {dag.py:2389} INFO - Sync 1 DAGs
[2021-11-19 11:04:36,226] {logging_mixin.py:109} INFO - [2021-11-19 11:04:36,226] {dag.py:2914} INFO - Setting next_dagrun for my_dag to 2021-11-18 00:00:00+00:00
[2021-11-19 11:04:36,236] {processor.py:171} INFO - Processing /home/user/workspace/airflow/dags/my_dag.py took 0.109 seconds
[2021-11-19 11:05:07,719] {processor.py:163} INFO - Started process (PID=8684) to work on /home/user/workspace/airflow/dags/my_dag.py
[2021-11-19 11:05:07,721] {processor.py:620} INFO - Processing file /home/user/workspace/airflow/dags/my_dag.py for tasks to queue
[2021-11-19 11:05:07,721] {logging_mixin.py:109} INFO - [2021-11-19 11:05:07,721] {dagbag.py:500} INFO - Filling up the DagBag from /home/user/workspace/airflow/dags/my_dag.py
[2021-11-19 11:05:07,763] {processor.py:632} INFO - DAG(s) dict_keys(['my_dag']) retrieved from /home/user/workspace/airflow/dags/my_dag.py
[2021-11-19 11:05:07,782] {logging_mixin.py:109} INFO - [2021-11-19 11:05:07,782] {dag.py:2389} INFO - Sync 1 DAGs
[2021-11-19 11:05:07,808] {logging_mixin.py:109} INFO - [2021-11-19 11:05:07,808] {dag.py:2914} INFO - Setting next_dagrun for my_dag to 2021-11-18 00:00:00+00:00
[2021-11-19 11:05:07,824] {processor.py:171} INFO - Processing /home/user/workspace/airflow/dags/my_dag.py took 0.110 seconds
[2021-11-19 11:05:41,991] {processor.py:163} INFO - Started process (PID=9256) to work on /home/user/workspace/airflow/dags/my_dag.py
[2021-11-19 11:05:41,992] {processor.py:620} INFO - Processing file /home/user/workspace/airflow/dags/my_dag.py for tasks to queue
[2021-11-19 11:05:41,993] {logging_mixin.py:109} INFO - [2021-11-19 11:05:41,993] {dagbag.py:500} INFO - Filling up the DagBag from /home/user/workspace/airflow/dags/my_dag.py
[2021-11-19 11:05:42,031] {processor.py:632} INFO - DAG(s) dict_keys(['my_dag']) retrieved from /home/user/workspace/airflow/dags/my_dag.py
[2021-11-19 11:05:42,044] {logging_mixin.py:109} INFO - [2021-11-19 11:05:42,044] {dag.py:2389} INFO - Sync 1 DAGs
[2021-11-19 11:05:42,067] {logging_mixin.py:109} INFO - [2021-11-19 11:05:42,067] {dag.py:2914} INFO - Setting next_dagrun for my_dag to 2021-11-18 00:00:00+00:00
[2021-11-19 11:05:42,080] {processor.py:171} INFO - Processing /home/user/workspace/airflow/dags/my_dag.py took 0.093 seconds
[2021-11-19 11:06:15,802] {processor.py:163} INFO - Started process (PID=9814) to work on /home/user/workspace/airflow/dags/my_dag.py
[2021-11-19 11:06:15,803] {processor.py:620} INFO - Processing file /home/user/workspace/airflow/dags/my_dag.py for tasks to queue
[2021-11-19 11:06:15,804] {logging_mixin.py:109} INFO - [2021-11-19 11:06:15,804] {dagbag.py:500} INFO - Filling up the DagBag from /home/user/workspace/airflow/dags/my_dag.py
[2021-11-19 11:06:15,844] {processor.py:632} INFO - DAG(s) dict_keys(['my_dag']) retrieved from /home/user/workspace/airflow/dags/my_dag.py
[2021-11-19 11:06:15,864] {logging_mixin.py:109} INFO - [2021-11-19 11:06:15,863] {dag.py:2389} INFO - Sync 1 DAGs
[2021-11-19 11:06:15,885] {logging_mixin.py:109} INFO - [2021-11-19 11:06:15,885] {dag.py:2914} INFO - Setting next_dagrun for my_dag to 2021-11-18 00:00:00+00:00
[2021-11-19 11:06:15,895] {processor.py:171} INFO - Processing /home/user/workspace/airflow/dags/my_dag.py took 0.097 seconds
[2021-11-19 11:06:48,396] {processor.py:163} INFO - Started process (PID=10350) to work on /home/user/workspace/airflow/dags/my_dag.py
[2021-11-19 11:06:48,397] {processor.py:620} INFO - Processing file /home/user/workspace/airflow/dags/my_dag.py for tasks to queue
[2021-11-19 11:06:48,398] {logging_mixin.py:109} INFO - [2021-11-19 11:06:48,398] {dagbag.py:500} INFO - Filling up the DagBag from /home/user/workspace/airflow/dags/my_dag.py
[2021-11-19 11:06:48,439] {processor.py:632} INFO - DAG(s) dict_keys(['my_dag']) retrieved from /home/user/workspace/airflow/dags/my_dag.py
[2021-11-19 11:06:48,451] {logging_mixin.py:109} INFO - [2021-11-19 11:06:48,451] {dag.py:2389} INFO - Sync 1 DAGs
[2021-11-19 11:06:48,479] {logging_mixin.py:109} INFO - [2021-11-19 11:06:48,479] {dag.py:2914} INFO - Setting next_dagrun for my_dag to 2021-11-18 00:00:00+00:00
[2021-11-19 11:06:48,489] {processor.py:171} INFO - Processing /home/user/workspace/airflow/dags/my_dag.py took 0.096 seconds
[2021-11-19 11:07:20,955] {processor.py:163} INFO - Started process (PID=10984) to work on /home/user/workspace/airflow/dags/my_dag.py
[2021-11-19 11:07:20,957] {processor.py:620} INFO - Processing file /home/user/workspace/airflow/dags/my_dag.py for tasks to queue
[2021-11-19 11:07:20,958] {logging_mixin.py:109} INFO - [2021-11-19 11:07:20,958] {dagbag.py:500} INFO - Filling up the DagBag from /home/user/workspace/airflow/dags/my_dag.py
[2021-11-19 11:07:21,006] {processor.py:632} INFO - DAG(s) dict_keys(['my_dag']) retrieved from /home/user/workspace/airflow/dags/my_dag.py
[2021-11-19 11:07:21,027] {logging_mixin.py:109} INFO - [2021-11-19 11:07:21,027] {dag.py:2389} INFO - Sync 1 DAGs
[2021-11-19 11:07:21,051] {logging_mixin.py:109} INFO - [2021-11-19 11:07:21,051] {dag.py:2914} INFO - Setting next_dagrun for my_dag to 2021-11-18 00:00:00+00:00
[2021-11-19 11:07:21,067] {processor.py:171} INFO - Processing /home/user/workspace/airflow/dags/my_dag.py took 0.116 seconds
[2021-11-19 11:07:52,554] {processor.py:163} INFO - Started process (PID=11576) to work on /home/user/workspace/airflow/dags/my_dag.py
[2021-11-19 11:07:52,555] {processor.py:620} INFO - Processing file /home/user/workspace/airflow/dags/my_dag.py for tasks to queue
[2021-11-19 11:07:52,556] {logging_mixin.py:109} INFO - [2021-11-19 11:07:52,555] {dagbag.py:500} INFO - Filling up the DagBag from /home/user/workspace/airflow/dags/my_dag.py
[2021-11-19 11:07:52,596] {processor.py:632} INFO - DAG(s) dict_keys(['my_dag']) retrieved from /home/user/workspace/airflow/dags/my_dag.py
[2021-11-19 11:07:52,609] {logging_mixin.py:109} INFO - [2021-11-19 11:07:52,609] {dag.py:2389} INFO - Sync 1 DAGs
[2021-11-19 11:07:52,631] {logging_mixin.py:109} INFO - [2021-11-19 11:07:52,631] {dag.py:2914} INFO - Setting next_dagrun for my_dag to 2021-11-18 00:00:00+00:00
[2021-11-19 11:07:52,640] {processor.py:171} INFO - Processing /home/user/workspace/airflow/dags/my_dag.py took 0.090 seconds
[2021-11-19 11:08:23,685] {processor.py:163} INFO - Started process (PID=12248) to work on /home/user/workspace/airflow/dags/my_dag.py
[2021-11-19 11:08:23,687] {processor.py:620} INFO - Processing file /home/user/workspace/airflow/dags/my_dag.py for tasks to queue
[2021-11-19 11:08:23,688] {logging_mixin.py:109} INFO - [2021-11-19 11:08:23,687] {dagbag.py:500} INFO - Filling up the DagBag from /home/user/workspace/airflow/dags/my_dag.py
[2021-11-19 11:08:23,734] {processor.py:632} INFO - DAG(s) dict_keys(['my_dag']) retrieved from /home/user/workspace/airflow/dags/my_dag.py
[2021-11-19 11:08:23,755] {logging_mixin.py:109} INFO - [2021-11-19 11:08:23,755] {dag.py:2389} INFO - Sync 1 DAGs
[2021-11-19 11:08:23,785] {logging_mixin.py:109} INFO - [2021-11-19 11:08:23,785] {dag.py:2914} INFO - Setting next_dagrun for my_dag to 2021-11-18 00:00:00+00:00
[2021-11-19 11:08:23,802] {processor.py:171} INFO - Processing /home/user/workspace/airflow/dags/my_dag.py took 0.120 seconds
[2021-11-19 11:08:54,990] {processor.py:163} INFO - Started process (PID=12851) to work on /home/user/workspace/airflow/dags/my_dag.py
[2021-11-19 11:08:54,991] {processor.py:620} INFO - Processing file /home/user/workspace/airflow/dags/my_dag.py for tasks to queue
[2021-11-19 11:08:54,992] {logging_mixin.py:109} INFO - [2021-11-19 11:08:54,991] {dagbag.py:500} INFO - Filling up the DagBag from /home/user/workspace/airflow/dags/my_dag.py
[2021-11-19 11:08:55,032] {processor.py:632} INFO - DAG(s) dict_keys(['my_dag']) retrieved from /home/user/workspace/airflow/dags/my_dag.py
[2021-11-19 11:08:55,048] {logging_mixin.py:109} INFO - [2021-11-19 11:08:55,048] {dag.py:2389} INFO - Sync 1 DAGs
[2021-11-19 11:08:55,077] {logging_mixin.py:109} INFO - [2021-11-19 11:08:55,077] {dag.py:2914} INFO - Setting next_dagrun for my_dag to 2021-11-18 00:00:00+00:00
[2021-11-19 11:08:55,087] {processor.py:171} INFO - Processing /home/user/workspace/airflow/dags/my_dag.py took 0.101 seconds
[2021-11-19 11:09:26,646] {processor.py:163} INFO - Started process (PID=13531) to work on /home/user/workspace/airflow/dags/my_dag.py
[2021-11-19 11:09:26,647] {processor.py:620} INFO - Processing file /home/user/workspace/airflow/dags/my_dag.py for tasks to queue
[2021-11-19 11:09:26,648] {logging_mixin.py:109} INFO - [2021-11-19 11:09:26,648] {dagbag.py:500} INFO - Filling up the DagBag from /home/user/workspace/airflow/dags/my_dag.py
[2021-11-19 11:09:26,690] {processor.py:632} INFO - DAG(s) dict_keys(['my_dag']) retrieved from /home/user/workspace/airflow/dags/my_dag.py
[2021-11-19 11:09:26,701] {logging_mixin.py:109} INFO - [2021-11-19 11:09:26,701] {dag.py:2389} INFO - Sync 1 DAGs
[2021-11-19 11:09:26,723] {logging_mixin.py:109} INFO - [2021-11-19 11:09:26,723] {dag.py:2914} INFO - Setting next_dagrun for my_dag to 2021-11-18 00:00:00+00:00
[2021-11-19 11:09:26,732] {processor.py:171} INFO - Processing /home/user/workspace/airflow/dags/my_dag.py took 0.089 seconds
[2021-11-19 11:09:58,778] {processor.py:163} INFO - Started process (PID=14221) to work on /home/user/workspace/airflow/dags/my_dag.py
[2021-11-19 11:09:58,782] {processor.py:620} INFO - Processing file /home/user/workspace/airflow/dags/my_dag.py for tasks to queue
[2021-11-19 11:09:58,783] {logging_mixin.py:109} INFO - [2021-11-19 11:09:58,783] {dagbag.py:500} INFO - Filling up the DagBag from /home/user/workspace/airflow/dags/my_dag.py
[2021-11-19 11:09:58,848] {processor.py:632} INFO - DAG(s) dict_keys(['my_dag']) retrieved from /home/user/workspace/airflow/dags/my_dag.py
[2021-11-19 11:09:58,868] {logging_mixin.py:109} INFO - [2021-11-19 11:09:58,868] {dag.py:2389} INFO - Sync 1 DAGs
[2021-11-19 11:09:58,901] {logging_mixin.py:109} INFO - [2021-11-19 11:09:58,901] {dag.py:2914} INFO - Setting next_dagrun for my_dag to 2021-11-18 00:00:00+00:00
[2021-11-19 11:09:58,919] {processor.py:171} INFO - Processing /home/user/workspace/airflow/dags/my_dag.py took 0.151 seconds
[2021-11-19 11:10:30,623] {processor.py:163} INFO - Started process (PID=14871) to work on /home/user/workspace/airflow/dags/my_dag.py
[2021-11-19 11:10:30,624] {processor.py:620} INFO - Processing file /home/user/workspace/airflow/dags/my_dag.py for tasks to queue
[2021-11-19 11:10:30,624] {logging_mixin.py:109} INFO - [2021-11-19 11:10:30,624] {dagbag.py:500} INFO - Filling up the DagBag from /home/user/workspace/airflow/dags/my_dag.py
[2021-11-19 11:10:30,656] {processor.py:632} INFO - DAG(s) dict_keys(['my_dag']) retrieved from /home/user/workspace/airflow/dags/my_dag.py
[2021-11-19 11:10:30,669] {logging_mixin.py:109} INFO - [2021-11-19 11:10:30,669] {dag.py:2389} INFO - Sync 1 DAGs
[2021-11-19 11:10:30,686] {logging_mixin.py:109} INFO - [2021-11-19 11:10:30,686] {dag.py:2914} INFO - Setting next_dagrun for my_dag to 2021-11-18 00:00:00+00:00
[2021-11-19 11:10:30,695] {processor.py:171} INFO - Processing /home/user/workspace/airflow/dags/my_dag.py took 0.075 seconds
[2021-11-19 11:11:02,315] {processor.py:163} INFO - Started process (PID=15520) to work on /home/user/workspace/airflow/dags/my_dag.py
[2021-11-19 11:11:02,316] {processor.py:620} INFO - Processing file /home/user/workspace/airflow/dags/my_dag.py for tasks to queue
[2021-11-19 11:11:02,317] {logging_mixin.py:109} INFO - [2021-11-19 11:11:02,317] {dagbag.py:500} INFO - Filling up the DagBag from /home/user/workspace/airflow/dags/my_dag.py
[2021-11-19 11:11:02,350] {processor.py:632} INFO - DAG(s) dict_keys(['my_dag']) retrieved from /home/user/workspace/airflow/dags/my_dag.py
[2021-11-19 11:11:02,365] {logging_mixin.py:109} INFO - [2021-11-19 11:11:02,365] {dag.py:2389} INFO - Sync 1 DAGs
[2021-11-19 11:11:02,384] {logging_mixin.py:109} INFO - [2021-11-19 11:11:02,384] {dag.py:2914} INFO - Setting next_dagrun for my_dag to 2021-11-18 00:00:00+00:00
[2021-11-19 11:11:02,393] {processor.py:171} INFO - Processing /home/user/workspace/airflow/dags/my_dag.py took 0.081 seconds
[2021-11-19 11:11:34,480] {processor.py:163} INFO - Started process (PID=16021) to work on /home/user/workspace/airflow/dags/my_dag.py
[2021-11-19 11:11:34,482] {processor.py:620} INFO - Processing file /home/user/workspace/airflow/dags/my_dag.py for tasks to queue
[2021-11-19 11:11:34,483] {logging_mixin.py:109} INFO - [2021-11-19 11:11:34,482] {dagbag.py:500} INFO - Filling up the DagBag from /home/user/workspace/airflow/dags/my_dag.py
[2021-11-19 11:11:34,542] {processor.py:632} INFO - DAG(s) dict_keys(['my_dag']) retrieved from /home/user/workspace/airflow/dags/my_dag.py
[2021-11-19 11:11:34,559] {logging_mixin.py:109} INFO - [2021-11-19 11:11:34,559] {dag.py:2389} INFO - Sync 1 DAGs
[2021-11-19 11:11:34,591] {logging_mixin.py:109} INFO - [2021-11-19 11:11:34,591] {dag.py:2914} INFO - Setting next_dagrun for my_dag to 2021-11-18 00:00:00+00:00
[2021-11-19 11:11:34,603] {processor.py:171} INFO - Processing /home/user/workspace/airflow/dags/my_dag.py took 0.128 seconds
[2021-11-19 11:12:06,408] {processor.py:163} INFO - Started process (PID=16546) to work on /home/user/workspace/airflow/dags/my_dag.py
[2021-11-19 11:12:06,409] {processor.py:620} INFO - Processing file /home/user/workspace/airflow/dags/my_dag.py for tasks to queue
[2021-11-19 11:12:06,411] {logging_mixin.py:109} INFO - [2021-11-19 11:12:06,411] {dagbag.py:500} INFO - Filling up the DagBag from /home/user/workspace/airflow/dags/my_dag.py
[2021-11-19 11:12:06,453] {processor.py:632} INFO - DAG(s) dict_keys(['my_dag']) retrieved from /home/user/workspace/airflow/dags/my_dag.py
[2021-11-19 11:12:06,475] {logging_mixin.py:109} INFO - [2021-11-19 11:12:06,475] {dag.py:2389} INFO - Sync 1 DAGs
[2021-11-19 11:12:06,499] {logging_mixin.py:109} INFO - [2021-11-19 11:12:06,499] {dag.py:2914} INFO - Setting next_dagrun for my_dag to 2021-11-18 00:00:00+00:00
[2021-11-19 11:12:06,512] {processor.py:171} INFO - Processing /home/user/workspace/airflow/dags/my_dag.py took 0.108 seconds
[2021-11-19 11:12:38,301] {processor.py:163} INFO - Started process (PID=17078) to work on /home/user/workspace/airflow/dags/my_dag.py
[2021-11-19 11:12:38,305] {processor.py:620} INFO - Processing file /home/user/workspace/airflow/dags/my_dag.py for tasks to queue
[2021-11-19 11:12:38,306] {logging_mixin.py:109} INFO - [2021-11-19 11:12:38,306] {dagbag.py:500} INFO - Filling up the DagBag from /home/user/workspace/airflow/dags/my_dag.py
[2021-11-19 11:12:38,394] {processor.py:632} INFO - DAG(s) dict_keys(['my_dag']) retrieved from /home/user/workspace/airflow/dags/my_dag.py
[2021-11-19 11:12:38,418] {logging_mixin.py:109} INFO - [2021-11-19 11:12:38,418] {dag.py:2389} INFO - Sync 1 DAGs
[2021-11-19 11:12:38,456] {logging_mixin.py:109} INFO - [2021-11-19 11:12:38,456] {dag.py:2914} INFO - Setting next_dagrun for my_dag to 2021-11-18 00:00:00+00:00
[2021-11-19 11:12:38,494] {processor.py:171} INFO - Processing /home/user/workspace/airflow/dags/my_dag.py took 0.204 seconds
[2021-11-19 11:13:09,879] {processor.py:163} INFO - Started process (PID=17635) to work on /home/user/workspace/airflow/dags/my_dag.py
[2021-11-19 11:13:09,880] {processor.py:620} INFO - Processing file /home/user/workspace/airflow/dags/my_dag.py for tasks to queue
[2021-11-19 11:13:09,881] {logging_mixin.py:109} INFO - [2021-11-19 11:13:09,881] {dagbag.py:500} INFO - Filling up the DagBag from /home/user/workspace/airflow/dags/my_dag.py
[2021-11-19 11:13:09,920] {processor.py:632} INFO - DAG(s) dict_keys(['my_dag']) retrieved from /home/user/workspace/airflow/dags/my_dag.py
[2021-11-19 11:13:09,936] {logging_mixin.py:109} INFO - [2021-11-19 11:13:09,936] {dag.py:2389} INFO - Sync 1 DAGs
[2021-11-19 11:13:09,964] {logging_mixin.py:109} INFO - [2021-11-19 11:13:09,964] {dag.py:2914} INFO - Setting next_dagrun for my_dag to 2021-11-18 00:00:00+00:00
[2021-11-19 11:13:09,975] {processor.py:171} INFO - Processing /home/user/workspace/airflow/dags/my_dag.py took 0.100 seconds
[2021-11-19 11:13:42,049] {processor.py:163} INFO - Started process (PID=18287) to work on /home/user/workspace/airflow/dags/my_dag.py
[2021-11-19 11:13:42,049] {processor.py:620} INFO - Processing file /home/user/workspace/airflow/dags/my_dag.py for tasks to queue
[2021-11-19 11:13:42,050] {logging_mixin.py:109} INFO - [2021-11-19 11:13:42,050] {dagbag.py:500} INFO - Filling up the DagBag from /home/user/workspace/airflow/dags/my_dag.py
[2021-11-19 11:13:42,086] {processor.py:632} INFO - DAG(s) dict_keys(['my_dag']) retrieved from /home/user/workspace/airflow/dags/my_dag.py
[2021-11-19 11:13:42,096] {logging_mixin.py:109} INFO - [2021-11-19 11:13:42,095] {dag.py:2389} INFO - Sync 1 DAGs
[2021-11-19 11:13:42,118] {logging_mixin.py:109} INFO - [2021-11-19 11:13:42,118] {dag.py:2914} INFO - Setting next_dagrun for my_dag to 2021-11-18 00:00:00+00:00
[2021-11-19 11:13:42,128] {processor.py:171} INFO - Processing /home/user/workspace/airflow/dags/my_dag.py took 0.082 seconds
[2021-11-19 11:14:14,462] {processor.py:163} INFO - Started process (PID=18801) to work on /home/user/workspace/airflow/dags/my_dag.py
[2021-11-19 11:14:14,464] {processor.py:620} INFO - Processing file /home/user/workspace/airflow/dags/my_dag.py for tasks to queue
[2021-11-19 11:14:14,465] {logging_mixin.py:109} INFO - [2021-11-19 11:14:14,465] {dagbag.py:500} INFO - Filling up the DagBag from /home/user/workspace/airflow/dags/my_dag.py
[2021-11-19 11:14:14,502] {processor.py:632} INFO - DAG(s) dict_keys(['my_dag']) retrieved from /home/user/workspace/airflow/dags/my_dag.py
[2021-11-19 11:14:14,519] {logging_mixin.py:109} INFO - [2021-11-19 11:14:14,518] {dag.py:2389} INFO - Sync 1 DAGs
[2021-11-19 11:14:14,541] {logging_mixin.py:109} INFO - [2021-11-19 11:14:14,541] {dag.py:2914} INFO - Setting next_dagrun for my_dag to 2021-11-18 00:00:00+00:00
[2021-11-19 11:14:14,569] {processor.py:171} INFO - Processing /home/user/workspace/airflow/dags/my_dag.py took 0.111 seconds
[2021-11-19 11:14:46,231] {processor.py:163} INFO - Started process (PID=19480) to work on /home/user/workspace/airflow/dags/my_dag.py
[2021-11-19 11:14:46,232] {processor.py:620} INFO - Processing file /home/user/workspace/airflow/dags/my_dag.py for tasks to queue
[2021-11-19 11:14:46,232] {logging_mixin.py:109} INFO - [2021-11-19 11:14:46,232] {dagbag.py:500} INFO - Filling up the DagBag from /home/user/workspace/airflow/dags/my_dag.py
[2021-11-19 11:14:46,269] {processor.py:632} INFO - DAG(s) dict_keys(['my_dag']) retrieved from /home/user/workspace/airflow/dags/my_dag.py
[2021-11-19 11:14:46,283] {logging_mixin.py:109} INFO - [2021-11-19 11:14:46,283] {dag.py:2389} INFO - Sync 1 DAGs
[2021-11-19 11:14:46,299] {logging_mixin.py:109} INFO - [2021-11-19 11:14:46,298] {dag.py:2914} INFO - Setting next_dagrun for my_dag to 2021-11-18 00:00:00+00:00
[2021-11-19 11:14:46,307] {processor.py:171} INFO - Processing /home/user/workspace/airflow/dags/my_dag.py took 0.080 seconds
[2021-11-19 11:15:17,645] {processor.py:163} INFO - Started process (PID=20127) to work on /home/user/workspace/airflow/dags/my_dag.py
[2021-11-19 11:15:17,649] {processor.py:620} INFO - Processing file /home/user/workspace/airflow/dags/my_dag.py for tasks to queue
[2021-11-19 11:15:17,650] {logging_mixin.py:109} INFO - [2021-11-19 11:15:17,650] {dagbag.py:500} INFO - Filling up the DagBag from /home/user/workspace/airflow/dags/my_dag.py
[2021-11-19 11:15:17,701] {processor.py:632} INFO - DAG(s) dict_keys(['my_dag']) retrieved from /home/user/workspace/airflow/dags/my_dag.py
[2021-11-19 11:15:17,721] {logging_mixin.py:109} INFO - [2021-11-19 11:15:17,721] {dag.py:2389} INFO - Sync 1 DAGs
[2021-11-19 11:15:17,753] {logging_mixin.py:109} INFO - [2021-11-19 11:15:17,753] {dag.py:2914} INFO - Setting next_dagrun for my_dag to 2021-11-18 00:00:00+00:00
[2021-11-19 11:15:17,766] {processor.py:171} INFO - Processing /home/user/workspace/airflow/dags/my_dag.py took 0.125 seconds
[2021-11-19 11:15:50,881] {processor.py:163} INFO - Started process (PID=20637) to work on /home/user/workspace/airflow/dags/my_dag.py
[2021-11-19 11:15:50,882] {processor.py:620} INFO - Processing file /home/user/workspace/airflow/dags/my_dag.py for tasks to queue
[2021-11-19 11:15:50,883] {logging_mixin.py:109} INFO - [2021-11-19 11:15:50,883] {dagbag.py:500} INFO - Filling up the DagBag from /home/user/workspace/airflow/dags/my_dag.py
[2021-11-19 11:15:50,920] {processor.py:632} INFO - DAG(s) dict_keys(['my_dag']) retrieved from /home/user/workspace/airflow/dags/my_dag.py
[2021-11-19 11:15:50,933] {logging_mixin.py:109} INFO - [2021-11-19 11:15:50,933] {dag.py:2389} INFO - Sync 1 DAGs
[2021-11-19 11:15:50,956] {logging_mixin.py:109} INFO - [2021-11-19 11:15:50,955] {dag.py:2914} INFO - Setting next_dagrun for my_dag to 2021-11-18 00:00:00+00:00
[2021-11-19 11:15:50,969] {processor.py:171} INFO - Processing /home/user/workspace/airflow/dags/my_dag.py took 0.091 seconds
[2021-11-19 11:16:22,987] {processor.py:163} INFO - Started process (PID=21224) to work on /home/user/workspace/airflow/dags/my_dag.py
[2021-11-19 11:16:22,988] {processor.py:620} INFO - Processing file /home/user/workspace/airflow/dags/my_dag.py for tasks to queue
[2021-11-19 11:16:22,989] {logging_mixin.py:109} INFO - [2021-11-19 11:16:22,988] {dagbag.py:500} INFO - Filling up the DagBag from /home/user/workspace/airflow/dags/my_dag.py
[2021-11-19 11:16:23,022] {processor.py:632} INFO - DAG(s) dict_keys(['my_dag']) retrieved from /home/user/workspace/airflow/dags/my_dag.py
[2021-11-19 11:16:23,033] {logging_mixin.py:109} INFO - [2021-11-19 11:16:23,033] {dag.py:2389} INFO - Sync 1 DAGs
[2021-11-19 11:16:23,049] {logging_mixin.py:109} INFO - [2021-11-19 11:16:23,049] {dag.py:2914} INFO - Setting next_dagrun for my_dag to 2021-11-18 00:00:00+00:00
[2021-11-19 11:16:23,061] {processor.py:171} INFO - Processing /home/user/workspace/airflow/dags/my_dag.py took 0.076 seconds
[2021-11-19 11:16:56,977] {processor.py:163} INFO - Started process (PID=21885) to work on /home/user/workspace/airflow/dags/my_dag.py
[2021-11-19 11:16:56,978] {processor.py:620} INFO - Processing file /home/user/workspace/airflow/dags/my_dag.py for tasks to queue
[2021-11-19 11:16:56,979] {logging_mixin.py:109} INFO - [2021-11-19 11:16:56,979] {dagbag.py:500} INFO - Filling up the DagBag from /home/user/workspace/airflow/dags/my_dag.py
[2021-11-19 11:16:57,022] {processor.py:632} INFO - DAG(s) dict_keys(['my_dag']) retrieved from /home/user/workspace/airflow/dags/my_dag.py
[2021-11-19 11:16:57,047] {logging_mixin.py:109} INFO - [2021-11-19 11:16:57,047] {dag.py:2389} INFO - Sync 1 DAGs
[2021-11-19 11:16:57,091] {logging_mixin.py:109} INFO - [2021-11-19 11:16:57,091] {dag.py:2914} INFO - Setting next_dagrun for my_dag to 2021-11-18 00:00:00+00:00
[2021-11-19 11:16:57,105] {processor.py:171} INFO - Processing /home/user/workspace/airflow/dags/my_dag.py took 0.135 seconds
[2021-11-19 11:17:30,049] {processor.py:163} INFO - Started process (PID=22479) to work on /home/user/workspace/airflow/dags/my_dag.py
[2021-11-19 11:17:30,049] {processor.py:620} INFO - Processing file /home/user/workspace/airflow/dags/my_dag.py for tasks to queue
[2021-11-19 11:17:30,050] {logging_mixin.py:109} INFO - [2021-11-19 11:17:30,050] {dagbag.py:500} INFO - Filling up the DagBag from /home/user/workspace/airflow/dags/my_dag.py
[2021-11-19 11:17:30,084] {processor.py:632} INFO - DAG(s) dict_keys(['my_dag']) retrieved from /home/user/workspace/airflow/dags/my_dag.py
[2021-11-19 11:17:30,095] {logging_mixin.py:109} INFO - [2021-11-19 11:17:30,095] {dag.py:2389} INFO - Sync 1 DAGs
[2021-11-19 11:17:30,114] {logging_mixin.py:109} INFO - [2021-11-19 11:17:30,114] {dag.py:2914} INFO - Setting next_dagrun for my_dag to 2021-11-18 00:00:00+00:00
[2021-11-19 11:17:30,124] {processor.py:171} INFO - Processing /home/user/workspace/airflow/dags/my_dag.py took 0.078 seconds
[2021-11-19 11:18:05,588] {processor.py:163} INFO - Started process (PID=23213) to work on /home/user/workspace/airflow/dags/my_dag.py
[2021-11-19 11:18:05,589] {processor.py:620} INFO - Processing file /home/user/workspace/airflow/dags/my_dag.py for tasks to queue
[2021-11-19 11:18:05,590] {logging_mixin.py:109} INFO - [2021-11-19 11:18:05,590] {dagbag.py:500} INFO - Filling up the DagBag from /home/user/workspace/airflow/dags/my_dag.py
[2021-11-19 11:18:05,629] {processor.py:632} INFO - DAG(s) dict_keys(['my_dag']) retrieved from /home/user/workspace/airflow/dags/my_dag.py
[2021-11-19 11:18:05,639] {logging_mixin.py:109} INFO - [2021-11-19 11:18:05,638] {dag.py:2389} INFO - Sync 1 DAGs
[2021-11-19 11:18:05,658] {logging_mixin.py:109} INFO - [2021-11-19 11:18:05,658] {dag.py:2914} INFO - Setting next_dagrun for my_dag to 2021-11-18 00:00:00+00:00
[2021-11-19 11:18:05,673] {processor.py:171} INFO - Processing /home/user/workspace/airflow/dags/my_dag.py took 0.089 seconds
[2021-11-19 11:18:38,035] {processor.py:163} INFO - Started process (PID=23927) to work on /home/user/workspace/airflow/dags/my_dag.py
[2021-11-19 11:18:38,048] {processor.py:620} INFO - Processing file /home/user/workspace/airflow/dags/my_dag.py for tasks to queue
[2021-11-19 11:18:38,049] {logging_mixin.py:109} INFO - [2021-11-19 11:18:38,048] {dagbag.py:500} INFO - Filling up the DagBag from /home/user/workspace/airflow/dags/my_dag.py
[2021-11-19 11:18:38,131] {processor.py:632} INFO - DAG(s) dict_keys(['my_dag']) retrieved from /home/user/workspace/airflow/dags/my_dag.py
[2021-11-19 11:18:38,164] {logging_mixin.py:109} INFO - [2021-11-19 11:18:38,164] {dag.py:2389} INFO - Sync 1 DAGs
[2021-11-19 11:18:38,213] {logging_mixin.py:109} INFO - [2021-11-19 11:18:38,212] {dag.py:2914} INFO - Setting next_dagrun for my_dag to 2021-11-18 00:00:00+00:00
[2021-11-19 11:18:38,234] {processor.py:171} INFO - Processing /home/user/workspace/airflow/dags/my_dag.py took 0.203 seconds
[2021-11-19 11:19:27,567] {processor.py:163} INFO - Started process (PID=24385) to work on /home/user/workspace/airflow/dags/my_dag.py
[2021-11-19 11:19:27,568] {processor.py:620} INFO - Processing file /home/user/workspace/airflow/dags/my_dag.py for tasks to queue
[2021-11-19 11:19:27,569] {logging_mixin.py:109} INFO - [2021-11-19 11:19:27,569] {dagbag.py:500} INFO - Filling up the DagBag from /home/user/workspace/airflow/dags/my_dag.py
[2021-11-19 11:19:27,624] {processor.py:632} INFO - DAG(s) dict_keys(['my_dag']) retrieved from /home/user/workspace/airflow/dags/my_dag.py
[2021-11-19 11:19:27,641] {logging_mixin.py:109} INFO - [2021-11-19 11:19:27,641] {dag.py:2389} INFO - Sync 1 DAGs
[2021-11-19 11:19:27,672] {logging_mixin.py:109} INFO - [2021-11-19 11:19:27,672] {dag.py:2914} INFO - Setting next_dagrun for my_dag to 2021-11-18 00:00:00+00:00
[2021-11-19 11:19:27,680] {processor.py:171} INFO - Processing /home/user/workspace/airflow/dags/my_dag.py took 0.122 seconds
[2021-11-19 11:20:02,185] {processor.py:163} INFO - Started process (PID=25081) to work on /home/user/workspace/airflow/dags/my_dag.py
[2021-11-19 11:20:02,187] {processor.py:620} INFO - Processing file /home/user/workspace/airflow/dags/my_dag.py for tasks to queue
[2021-11-19 11:20:02,188] {logging_mixin.py:109} INFO - [2021-11-19 11:20:02,188] {dagbag.py:500} INFO - Filling up the DagBag from /home/user/workspace/airflow/dags/my_dag.py
[2021-11-19 11:20:02,247] {processor.py:632} INFO - DAG(s) dict_keys(['my_dag']) retrieved from /home/user/workspace/airflow/dags/my_dag.py
[2021-11-19 11:20:02,275] {logging_mixin.py:109} INFO - [2021-11-19 11:20:02,275] {dag.py:2389} INFO - Sync 1 DAGs
[2021-11-19 11:20:02,306] {logging_mixin.py:109} INFO - [2021-11-19 11:20:02,306] {dag.py:2914} INFO - Setting next_dagrun for my_dag to 2021-11-18 00:00:00+00:00
[2021-11-19 11:20:02,327] {processor.py:171} INFO - Processing /home/user/workspace/airflow/dags/my_dag.py took 0.146 seconds
[2021-11-19 11:20:36,891] {processor.py:163} INFO - Started process (PID=25865) to work on /home/user/workspace/airflow/dags/my_dag.py
[2021-11-19 11:20:36,902] {processor.py:620} INFO - Processing file /home/user/workspace/airflow/dags/my_dag.py for tasks to queue
[2021-11-19 11:20:36,909] {logging_mixin.py:109} INFO - [2021-11-19 11:20:36,908] {dagbag.py:500} INFO - Filling up the DagBag from /home/user/workspace/airflow/dags/my_dag.py
[2021-11-19 11:20:37,069] {processor.py:632} INFO - DAG(s) dict_keys(['my_dag']) retrieved from /home/user/workspace/airflow/dags/my_dag.py
[2021-11-19 11:20:37,107] {logging_mixin.py:109} INFO - [2021-11-19 11:20:37,107] {dag.py:2389} INFO - Sync 1 DAGs
[2021-11-19 11:20:37,167] {logging_mixin.py:109} INFO - [2021-11-19 11:20:37,167] {dag.py:2914} INFO - Setting next_dagrun for my_dag to 2021-11-18 00:00:00+00:00
[2021-11-19 11:20:37,197] {processor.py:171} INFO - Processing /home/user/workspace/airflow/dags/my_dag.py took 0.333 seconds
[2021-11-19 11:21:10,225] {processor.py:163} INFO - Started process (PID=26587) to work on /home/user/workspace/airflow/dags/my_dag.py
[2021-11-19 11:21:10,226] {processor.py:620} INFO - Processing file /home/user/workspace/airflow/dags/my_dag.py for tasks to queue
[2021-11-19 11:21:10,226] {logging_mixin.py:109} INFO - [2021-11-19 11:21:10,226] {dagbag.py:500} INFO - Filling up the DagBag from /home/user/workspace/airflow/dags/my_dag.py
[2021-11-19 11:21:10,265] {processor.py:632} INFO - DAG(s) dict_keys(['my_dag']) retrieved from /home/user/workspace/airflow/dags/my_dag.py
[2021-11-19 11:21:10,279] {logging_mixin.py:109} INFO - [2021-11-19 11:21:10,279] {dag.py:2389} INFO - Sync 1 DAGs
[2021-11-19 11:21:10,302] {logging_mixin.py:109} INFO - [2021-11-19 11:21:10,301] {dag.py:2914} INFO - Setting next_dagrun for my_dag to 2021-11-18 00:00:00+00:00
[2021-11-19 11:21:10,317] {processor.py:171} INFO - Processing /home/user/workspace/airflow/dags/my_dag.py took 0.096 seconds
[2021-11-19 11:21:43,756] {processor.py:163} INFO - Started process (PID=27281) to work on /home/user/workspace/airflow/dags/my_dag.py
[2021-11-19 11:21:43,757] {processor.py:620} INFO - Processing file /home/user/workspace/airflow/dags/my_dag.py for tasks to queue
[2021-11-19 11:21:43,758] {logging_mixin.py:109} INFO - [2021-11-19 11:21:43,758] {dagbag.py:500} INFO - Filling up the DagBag from /home/user/workspace/airflow/dags/my_dag.py
[2021-11-19 11:21:43,807] {processor.py:632} INFO - DAG(s) dict_keys(['my_dag']) retrieved from /home/user/workspace/airflow/dags/my_dag.py
[2021-11-19 11:21:43,827] {logging_mixin.py:109} INFO - [2021-11-19 11:21:43,826] {dag.py:2389} INFO - Sync 1 DAGs
[2021-11-19 11:21:43,851] {logging_mixin.py:109} INFO - [2021-11-19 11:21:43,851] {dag.py:2914} INFO - Setting next_dagrun for my_dag to 2021-11-18 00:00:00+00:00
[2021-11-19 11:21:43,863] {processor.py:171} INFO - Processing /home/user/workspace/airflow/dags/my_dag.py took 0.110 seconds
[2021-11-19 11:22:15,521] {processor.py:163} INFO - Started process (PID=27923) to work on /home/user/workspace/airflow/dags/my_dag.py
[2021-11-19 11:22:15,522] {processor.py:620} INFO - Processing file /home/user/workspace/airflow/dags/my_dag.py for tasks to queue
[2021-11-19 11:22:15,523] {logging_mixin.py:109} INFO - [2021-11-19 11:22:15,523] {dagbag.py:500} INFO - Filling up the DagBag from /home/user/workspace/airflow/dags/my_dag.py
[2021-11-19 11:22:15,556] {processor.py:632} INFO - DAG(s) dict_keys(['my_dag']) retrieved from /home/user/workspace/airflow/dags/my_dag.py
[2021-11-19 11:22:15,569] {logging_mixin.py:109} INFO - [2021-11-19 11:22:15,569] {dag.py:2389} INFO - Sync 1 DAGs
[2021-11-19 11:22:15,587] {logging_mixin.py:109} INFO - [2021-11-19 11:22:15,587] {dag.py:2914} INFO - Setting next_dagrun for my_dag to 2021-11-18 00:00:00+00:00
[2021-11-19 11:22:15,598] {processor.py:171} INFO - Processing /home/user/workspace/airflow/dags/my_dag.py took 0.079 seconds
[2021-11-19 11:22:47,832] {processor.py:163} INFO - Started process (PID=28637) to work on /home/user/workspace/airflow/dags/my_dag.py
[2021-11-19 11:22:47,833] {processor.py:620} INFO - Processing file /home/user/workspace/airflow/dags/my_dag.py for tasks to queue
[2021-11-19 11:22:47,833] {logging_mixin.py:109} INFO - [2021-11-19 11:22:47,833] {dagbag.py:500} INFO - Filling up the DagBag from /home/user/workspace/airflow/dags/my_dag.py
[2021-11-19 11:22:47,864] {processor.py:632} INFO - DAG(s) dict_keys(['my_dag']) retrieved from /home/user/workspace/airflow/dags/my_dag.py
[2021-11-19 11:22:47,880] {logging_mixin.py:109} INFO - [2021-11-19 11:22:47,880] {dag.py:2389} INFO - Sync 1 DAGs
[2021-11-19 11:22:47,905] {logging_mixin.py:109} INFO - [2021-11-19 11:22:47,904] {dag.py:2914} INFO - Setting next_dagrun for my_dag to 2021-11-18 00:00:00+00:00
[2021-11-19 11:22:47,913] {processor.py:171} INFO - Processing /home/user/workspace/airflow/dags/my_dag.py took 0.084 seconds
[2021-11-19 11:23:18,978] {processor.py:163} INFO - Started process (PID=29335) to work on /home/user/workspace/airflow/dags/my_dag.py
[2021-11-19 11:23:18,979] {processor.py:620} INFO - Processing file /home/user/workspace/airflow/dags/my_dag.py for tasks to queue
[2021-11-19 11:23:18,980] {logging_mixin.py:109} INFO - [2021-11-19 11:23:18,980] {dagbag.py:500} INFO - Filling up the DagBag from /home/user/workspace/airflow/dags/my_dag.py
[2021-11-19 11:23:19,012] {processor.py:632} INFO - DAG(s) dict_keys(['my_dag']) retrieved from /home/user/workspace/airflow/dags/my_dag.py
[2021-11-19 11:23:19,024] {logging_mixin.py:109} INFO - [2021-11-19 11:23:19,024] {dag.py:2389} INFO - Sync 1 DAGs
[2021-11-19 11:23:19,041] {logging_mixin.py:109} INFO - [2021-11-19 11:23:19,041] {dag.py:2914} INFO - Setting next_dagrun for my_dag to 2021-11-18 00:00:00+00:00
[2021-11-19 11:23:19,051] {processor.py:171} INFO - Processing /home/user/workspace/airflow/dags/my_dag.py took 0.076 seconds
[2021-11-19 11:23:50,849] {processor.py:163} INFO - Started process (PID=30038) to work on /home/user/workspace/airflow/dags/my_dag.py
[2021-11-19 11:23:50,850] {processor.py:620} INFO - Processing file /home/user/workspace/airflow/dags/my_dag.py for tasks to queue
[2021-11-19 11:23:50,850] {logging_mixin.py:109} INFO - [2021-11-19 11:23:50,850] {dagbag.py:500} INFO - Filling up the DagBag from /home/user/workspace/airflow/dags/my_dag.py
[2021-11-19 11:23:50,885] {processor.py:632} INFO - DAG(s) dict_keys(['my_dag']) retrieved from /home/user/workspace/airflow/dags/my_dag.py
[2021-11-19 11:23:50,896] {logging_mixin.py:109} INFO - [2021-11-19 11:23:50,896] {dag.py:2389} INFO - Sync 1 DAGs
[2021-11-19 11:23:50,915] {logging_mixin.py:109} INFO - [2021-11-19 11:23:50,915] {dag.py:2914} INFO - Setting next_dagrun for my_dag to 2021-11-18 00:00:00+00:00
[2021-11-19 11:23:50,925] {processor.py:171} INFO - Processing /home/user/workspace/airflow/dags/my_dag.py took 0.080 seconds
[2021-11-19 11:24:22,459] {processor.py:163} INFO - Started process (PID=30753) to work on /home/user/workspace/airflow/dags/my_dag.py
[2021-11-19 11:24:22,460] {processor.py:620} INFO - Processing file /home/user/workspace/airflow/dags/my_dag.py for tasks to queue
[2021-11-19 11:24:22,461] {logging_mixin.py:109} INFO - [2021-11-19 11:24:22,460] {dagbag.py:500} INFO - Filling up the DagBag from /home/user/workspace/airflow/dags/my_dag.py
[2021-11-19 11:24:22,496] {processor.py:632} INFO - DAG(s) dict_keys(['my_dag']) retrieved from /home/user/workspace/airflow/dags/my_dag.py
[2021-11-19 11:24:22,513] {logging_mixin.py:109} INFO - [2021-11-19 11:24:22,513] {dag.py:2389} INFO - Sync 1 DAGs
[2021-11-19 11:24:22,532] {logging_mixin.py:109} INFO - [2021-11-19 11:24:22,532] {dag.py:2914} INFO - Setting next_dagrun for my_dag to 2021-11-18 00:00:00+00:00
[2021-11-19 11:24:22,542] {processor.py:171} INFO - Processing /home/user/workspace/airflow/dags/my_dag.py took 0.089 seconds
[2021-11-19 11:24:56,042] {processor.py:163} INFO - Started process (PID=31305) to work on /home/user/workspace/airflow/dags/my_dag.py
[2021-11-19 11:24:56,044] {processor.py:620} INFO - Processing file /home/user/workspace/airflow/dags/my_dag.py for tasks to queue
[2021-11-19 11:24:56,044] {logging_mixin.py:109} INFO - [2021-11-19 11:24:56,044] {dagbag.py:500} INFO - Filling up the DagBag from /home/user/workspace/airflow/dags/my_dag.py
[2021-11-19 11:24:56,100] {processor.py:632} INFO - DAG(s) dict_keys(['my_dag']) retrieved from /home/user/workspace/airflow/dags/my_dag.py
[2021-11-19 11:24:56,157] {logging_mixin.py:109} INFO - [2021-11-19 11:24:56,157] {dag.py:2389} INFO - Sync 1 DAGs
[2021-11-19 11:24:56,190] {logging_mixin.py:109} INFO - [2021-11-19 11:24:56,190] {dag.py:2914} INFO - Setting next_dagrun for my_dag to 2021-11-18 00:00:00+00:00
[2021-11-19 11:24:56,202] {processor.py:171} INFO - Processing /home/user/workspace/airflow/dags/my_dag.py took 0.173 seconds
[2021-11-19 11:25:28,980] {processor.py:163} INFO - Started process (PID=31873) to work on /home/user/workspace/airflow/dags/my_dag.py
[2021-11-19 11:25:28,981] {processor.py:620} INFO - Processing file /home/user/workspace/airflow/dags/my_dag.py for tasks to queue
[2021-11-19 11:25:28,981] {logging_mixin.py:109} INFO - [2021-11-19 11:25:28,981] {dagbag.py:500} INFO - Filling up the DagBag from /home/user/workspace/airflow/dags/my_dag.py
[2021-11-19 11:25:29,019] {processor.py:632} INFO - DAG(s) dict_keys(['my_dag']) retrieved from /home/user/workspace/airflow/dags/my_dag.py
[2021-11-19 11:25:29,031] {logging_mixin.py:109} INFO - [2021-11-19 11:25:29,031] {dag.py:2389} INFO - Sync 1 DAGs
[2021-11-19 11:25:29,048] {logging_mixin.py:109} INFO - [2021-11-19 11:25:29,048] {dag.py:2914} INFO - Setting next_dagrun for my_dag to 2021-11-18 00:00:00+00:00
[2021-11-19 11:25:29,060] {processor.py:171} INFO - Processing /home/user/workspace/airflow/dags/my_dag.py took 0.084 seconds
[2021-11-19 11:26:01,736] {processor.py:163} INFO - Started process (PID=32478) to work on /home/user/workspace/airflow/dags/my_dag.py
[2021-11-19 11:26:01,737] {processor.py:620} INFO - Processing file /home/user/workspace/airflow/dags/my_dag.py for tasks to queue
[2021-11-19 11:26:01,738] {logging_mixin.py:109} INFO - [2021-11-19 11:26:01,738] {dagbag.py:500} INFO - Filling up the DagBag from /home/user/workspace/airflow/dags/my_dag.py
[2021-11-19 11:26:01,780] {processor.py:632} INFO - DAG(s) dict_keys(['my_dag']) retrieved from /home/user/workspace/airflow/dags/my_dag.py
[2021-11-19 11:26:01,796] {logging_mixin.py:109} INFO - [2021-11-19 11:26:01,795] {dag.py:2389} INFO - Sync 1 DAGs
[2021-11-19 11:26:01,825] {logging_mixin.py:109} INFO - [2021-11-19 11:26:01,825] {dag.py:2914} INFO - Setting next_dagrun for my_dag to 2021-11-18 00:00:00+00:00
[2021-11-19 11:26:01,836] {processor.py:171} INFO - Processing /home/user/workspace/airflow/dags/my_dag.py took 0.103 seconds
[2021-11-19 11:26:37,612] {processor.py:163} INFO - Started process (PID=520) to work on /home/user/workspace/airflow/dags/my_dag.py
[2021-11-19 11:26:37,613] {processor.py:620} INFO - Processing file /home/user/workspace/airflow/dags/my_dag.py for tasks to queue
[2021-11-19 11:26:37,614] {logging_mixin.py:109} INFO - [2021-11-19 11:26:37,613] {dagbag.py:500} INFO - Filling up the DagBag from /home/user/workspace/airflow/dags/my_dag.py
[2021-11-19 11:26:37,654] {processor.py:632} INFO - DAG(s) dict_keys(['my_dag']) retrieved from /home/user/workspace/airflow/dags/my_dag.py
[2021-11-19 11:26:37,670] {logging_mixin.py:109} INFO - [2021-11-19 11:26:37,670] {dag.py:2389} INFO - Sync 1 DAGs
[2021-11-19 11:26:37,695] {logging_mixin.py:109} INFO - [2021-11-19 11:26:37,695] {dag.py:2914} INFO - Setting next_dagrun for my_dag to 2021-11-18 00:00:00+00:00
[2021-11-19 11:26:37,705] {processor.py:171} INFO - Processing /home/user/workspace/airflow/dags/my_dag.py took 0.102 seconds
[2021-11-19 11:27:09,745] {processor.py:163} INFO - Started process (PID=1339) to work on /home/user/workspace/airflow/dags/my_dag.py
[2021-11-19 11:27:09,747] {processor.py:620} INFO - Processing file /home/user/workspace/airflow/dags/my_dag.py for tasks to queue
[2021-11-19 11:27:09,749] {logging_mixin.py:109} INFO - [2021-11-19 11:27:09,749] {dagbag.py:500} INFO - Filling up the DagBag from /home/user/workspace/airflow/dags/my_dag.py
[2021-11-19 11:27:09,787] {processor.py:632} INFO - DAG(s) dict_keys(['my_dag']) retrieved from /home/user/workspace/airflow/dags/my_dag.py
[2021-11-19 11:27:09,802] {logging_mixin.py:109} INFO - [2021-11-19 11:27:09,802] {dag.py:2389} INFO - Sync 1 DAGs
[2021-11-19 11:27:09,829] {logging_mixin.py:109} INFO - [2021-11-19 11:27:09,829] {dag.py:2914} INFO - Setting next_dagrun for my_dag to 2021-11-18 00:00:00+00:00
[2021-11-19 11:27:09,841] {processor.py:171} INFO - Processing /home/user/workspace/airflow/dags/my_dag.py took 0.100 seconds
[2021-11-19 11:27:41,688] {processor.py:163} INFO - Started process (PID=2280) to work on /home/user/workspace/airflow/dags/my_dag.py
[2021-11-19 11:27:41,689] {processor.py:620} INFO - Processing file /home/user/workspace/airflow/dags/my_dag.py for tasks to queue
[2021-11-19 11:27:41,690] {logging_mixin.py:109} INFO - [2021-11-19 11:27:41,690] {dagbag.py:500} INFO - Filling up the DagBag from /home/user/workspace/airflow/dags/my_dag.py
[2021-11-19 11:27:41,768] {processor.py:632} INFO - DAG(s) dict_keys(['my_dag']) retrieved from /home/user/workspace/airflow/dags/my_dag.py
[2021-11-19 11:27:41,796] {logging_mixin.py:109} INFO - [2021-11-19 11:27:41,793] {dag.py:2389} INFO - Sync 1 DAGs
[2021-11-19 11:27:41,858] {logging_mixin.py:109} INFO - [2021-11-19 11:27:41,857] {dag.py:2914} INFO - Setting next_dagrun for my_dag to 2021-11-18 00:00:00+00:00
[2021-11-19 11:27:41,882] {processor.py:171} INFO - Processing /home/user/workspace/airflow/dags/my_dag.py took 0.198 seconds
[2021-11-19 11:28:15,226] {processor.py:163} INFO - Started process (PID=3178) to work on /home/user/workspace/airflow/dags/my_dag.py
[2021-11-19 11:28:15,228] {processor.py:620} INFO - Processing file /home/user/workspace/airflow/dags/my_dag.py for tasks to queue
[2021-11-19 11:28:15,229] {logging_mixin.py:109} INFO - [2021-11-19 11:28:15,228] {dagbag.py:500} INFO - Filling up the DagBag from /home/user/workspace/airflow/dags/my_dag.py
[2021-11-19 11:28:15,269] {processor.py:632} INFO - DAG(s) dict_keys(['my_dag']) retrieved from /home/user/workspace/airflow/dags/my_dag.py
[2021-11-19 11:28:15,286] {logging_mixin.py:109} INFO - [2021-11-19 11:28:15,286] {dag.py:2389} INFO - Sync 1 DAGs
[2021-11-19 11:28:15,313] {logging_mixin.py:109} INFO - [2021-11-19 11:28:15,312] {dag.py:2914} INFO - Setting next_dagrun for my_dag to 2021-11-18 00:00:00+00:00
[2021-11-19 11:28:15,322] {processor.py:171} INFO - Processing /home/user/workspace/airflow/dags/my_dag.py took 0.099 seconds
[2021-11-19 11:28:47,560] {processor.py:163} INFO - Started process (PID=3957) to work on /home/user/workspace/airflow/dags/my_dag.py
[2021-11-19 11:28:47,564] {processor.py:620} INFO - Processing file /home/user/workspace/airflow/dags/my_dag.py for tasks to queue
[2021-11-19 11:28:47,566] {logging_mixin.py:109} INFO - [2021-11-19 11:28:47,565] {dagbag.py:500} INFO - Filling up the DagBag from /home/user/workspace/airflow/dags/my_dag.py
[2021-11-19 11:28:47,665] {processor.py:632} INFO - DAG(s) dict_keys(['my_dag']) retrieved from /home/user/workspace/airflow/dags/my_dag.py
[2021-11-19 11:28:47,693] {logging_mixin.py:109} INFO - [2021-11-19 11:28:47,693] {dag.py:2389} INFO - Sync 1 DAGs
[2021-11-19 11:28:47,737] {logging_mixin.py:109} INFO - [2021-11-19 11:28:47,737] {dag.py:2914} INFO - Setting next_dagrun for my_dag to 2021-11-18 00:00:00+00:00
[2021-11-19 11:28:47,769] {processor.py:171} INFO - Processing /home/user/workspace/airflow/dags/my_dag.py took 0.227 seconds
[2021-11-19 11:29:21,410] {processor.py:163} INFO - Started process (PID=4752) to work on /home/user/workspace/airflow/dags/my_dag.py
[2021-11-19 11:29:21,411] {processor.py:620} INFO - Processing file /home/user/workspace/airflow/dags/my_dag.py for tasks to queue
[2021-11-19 11:29:21,412] {logging_mixin.py:109} INFO - [2021-11-19 11:29:21,412] {dagbag.py:500} INFO - Filling up the DagBag from /home/user/workspace/airflow/dags/my_dag.py
[2021-11-19 11:29:21,455] {processor.py:632} INFO - DAG(s) dict_keys(['my_dag']) retrieved from /home/user/workspace/airflow/dags/my_dag.py
[2021-11-19 11:29:21,495] {logging_mixin.py:109} INFO - [2021-11-19 11:29:21,494] {dag.py:2389} INFO - Sync 1 DAGs
[2021-11-19 11:29:21,571] {logging_mixin.py:109} INFO - [2021-11-19 11:29:21,571] {dag.py:2914} INFO - Setting next_dagrun for my_dag to 2021-11-18 00:00:00+00:00
[2021-11-19 11:29:21,613] {processor.py:171} INFO - Processing /home/user/workspace/airflow/dags/my_dag.py took 0.207 seconds
[2021-11-19 11:30:03,184] {processor.py:163} INFO - Started process (PID=5061) to work on /home/user/workspace/airflow/dags/my_dag.py
[2021-11-19 11:30:03,192] {processor.py:620} INFO - Processing file /home/user/workspace/airflow/dags/my_dag.py for tasks to queue
[2021-11-19 11:30:03,195] {logging_mixin.py:109} INFO - [2021-11-19 11:30:03,194] {dagbag.py:500} INFO - Filling up the DagBag from /home/user/workspace/airflow/dags/my_dag.py
[2021-11-19 11:30:03,362] {processor.py:632} INFO - DAG(s) dict_keys(['my_dag']) retrieved from /home/user/workspace/airflow/dags/my_dag.py
[2021-11-19 11:30:03,452] {logging_mixin.py:109} INFO - [2021-11-19 11:30:03,451] {dag.py:2389} INFO - Sync 1 DAGs
[2021-11-19 11:30:03,587] {logging_mixin.py:109} INFO - [2021-11-19 11:30:03,586] {dag.py:2914} INFO - Setting next_dagrun for my_dag to 2021-11-18 00:00:00+00:00
[2021-11-19 11:30:03,647] {processor.py:171} INFO - Processing /home/user/workspace/airflow/dags/my_dag.py took 0.484 seconds
[2021-11-19 11:30:36,692] {processor.py:163} INFO - Started process (PID=5716) to work on /home/user/workspace/airflow/dags/my_dag.py
[2021-11-19 11:30:36,693] {processor.py:620} INFO - Processing file /home/user/workspace/airflow/dags/my_dag.py for tasks to queue
[2021-11-19 11:30:36,694] {logging_mixin.py:109} INFO - [2021-11-19 11:30:36,694] {dagbag.py:500} INFO - Filling up the DagBag from /home/user/workspace/airflow/dags/my_dag.py
[2021-11-19 11:30:36,754] {processor.py:632} INFO - DAG(s) dict_keys(['my_dag']) retrieved from /home/user/workspace/airflow/dags/my_dag.py
[2021-11-19 11:30:36,777] {logging_mixin.py:109} INFO - [2021-11-19 11:30:36,776] {dag.py:2389} INFO - Sync 1 DAGs
[2021-11-19 11:30:36,804] {logging_mixin.py:109} INFO - [2021-11-19 11:30:36,804] {dag.py:2914} INFO - Setting next_dagrun for my_dag to 2021-11-18 00:00:00+00:00
[2021-11-19 11:30:36,826] {processor.py:171} INFO - Processing /home/user/workspace/airflow/dags/my_dag.py took 0.138 seconds
[2021-11-19 11:31:08,732] {processor.py:163} INFO - Started process (PID=6305) to work on /home/user/workspace/airflow/dags/my_dag.py
[2021-11-19 11:31:08,734] {processor.py:620} INFO - Processing file /home/user/workspace/airflow/dags/my_dag.py for tasks to queue
[2021-11-19 11:31:08,734] {logging_mixin.py:109} INFO - [2021-11-19 11:31:08,734] {dagbag.py:500} INFO - Filling up the DagBag from /home/user/workspace/airflow/dags/my_dag.py
[2021-11-19 11:31:08,775] {processor.py:632} INFO - DAG(s) dict_keys(['my_dag']) retrieved from /home/user/workspace/airflow/dags/my_dag.py
[2021-11-19 11:31:08,789] {logging_mixin.py:109} INFO - [2021-11-19 11:31:08,789] {dag.py:2389} INFO - Sync 1 DAGs
[2021-11-19 11:31:08,817] {logging_mixin.py:109} INFO - [2021-11-19 11:31:08,816] {dag.py:2914} INFO - Setting next_dagrun for my_dag to 2021-11-18 00:00:00+00:00
[2021-11-19 11:31:08,832] {processor.py:171} INFO - Processing /home/user/workspace/airflow/dags/my_dag.py took 0.104 seconds
[2021-11-19 11:31:40,232] {processor.py:163} INFO - Started process (PID=6998) to work on /home/user/workspace/airflow/dags/my_dag.py
[2021-11-19 11:31:40,233] {processor.py:620} INFO - Processing file /home/user/workspace/airflow/dags/my_dag.py for tasks to queue
[2021-11-19 11:31:40,233] {logging_mixin.py:109} INFO - [2021-11-19 11:31:40,233] {dagbag.py:500} INFO - Filling up the DagBag from /home/user/workspace/airflow/dags/my_dag.py
[2021-11-19 11:31:40,274] {processor.py:632} INFO - DAG(s) dict_keys(['my_dag']) retrieved from /home/user/workspace/airflow/dags/my_dag.py
[2021-11-19 11:31:40,287] {logging_mixin.py:109} INFO - [2021-11-19 11:31:40,286] {dag.py:2389} INFO - Sync 1 DAGs
[2021-11-19 11:31:40,307] {logging_mixin.py:109} INFO - [2021-11-19 11:31:40,306] {dag.py:2914} INFO - Setting next_dagrun for my_dag to 2021-11-18 00:00:00+00:00
[2021-11-19 11:31:40,321] {processor.py:171} INFO - Processing /home/user/workspace/airflow/dags/my_dag.py took 0.092 seconds
[2021-11-19 11:32:12,810] {processor.py:163} INFO - Started process (PID=7764) to work on /home/user/workspace/airflow/dags/my_dag.py
[2021-11-19 11:32:12,812] {processor.py:620} INFO - Processing file /home/user/workspace/airflow/dags/my_dag.py for tasks to queue
[2021-11-19 11:32:12,812] {logging_mixin.py:109} INFO - [2021-11-19 11:32:12,812] {dagbag.py:500} INFO - Filling up the DagBag from /home/user/workspace/airflow/dags/my_dag.py
[2021-11-19 11:32:12,850] {processor.py:632} INFO - DAG(s) dict_keys(['my_dag']) retrieved from /home/user/workspace/airflow/dags/my_dag.py
[2021-11-19 11:32:12,866] {logging_mixin.py:109} INFO - [2021-11-19 11:32:12,866] {dag.py:2389} INFO - Sync 1 DAGs
[2021-11-19 11:32:12,887] {logging_mixin.py:109} INFO - [2021-11-19 11:32:12,887] {dag.py:2914} INFO - Setting next_dagrun for my_dag to 2021-11-18 00:00:00+00:00
[2021-11-19 11:32:12,898] {processor.py:171} INFO - Processing /home/user/workspace/airflow/dags/my_dag.py took 0.093 seconds
[2021-11-19 11:32:47,138] {processor.py:163} INFO - Started process (PID=8412) to work on /home/user/workspace/airflow/dags/my_dag.py
[2021-11-19 11:32:47,145] {processor.py:620} INFO - Processing file /home/user/workspace/airflow/dags/my_dag.py for tasks to queue
[2021-11-19 11:32:47,148] {logging_mixin.py:109} INFO - [2021-11-19 11:32:47,148] {dagbag.py:500} INFO - Filling up the DagBag from /home/user/workspace/airflow/dags/my_dag.py
[2021-11-19 11:32:47,275] {processor.py:632} INFO - DAG(s) dict_keys(['my_dag']) retrieved from /home/user/workspace/airflow/dags/my_dag.py
[2021-11-19 11:32:47,332] {logging_mixin.py:109} INFO - [2021-11-19 11:32:47,332] {dag.py:2389} INFO - Sync 1 DAGs
[2021-11-19 11:32:47,419] {logging_mixin.py:109} INFO - [2021-11-19 11:32:47,419] {dag.py:2914} INFO - Setting next_dagrun for my_dag to 2021-11-18 00:00:00+00:00
[2021-11-19 11:32:47,462] {processor.py:171} INFO - Processing /home/user/workspace/airflow/dags/my_dag.py took 0.332 seconds
[2021-11-19 11:33:21,549] {processor.py:163} INFO - Started process (PID=9093) to work on /home/user/workspace/airflow/dags/my_dag.py
[2021-11-19 11:33:21,551] {processor.py:620} INFO - Processing file /home/user/workspace/airflow/dags/my_dag.py for tasks to queue
[2021-11-19 11:33:21,552] {logging_mixin.py:109} INFO - [2021-11-19 11:33:21,552] {dagbag.py:500} INFO - Filling up the DagBag from /home/user/workspace/airflow/dags/my_dag.py
[2021-11-19 11:33:21,598] {processor.py:632} INFO - DAG(s) dict_keys(['my_dag']) retrieved from /home/user/workspace/airflow/dags/my_dag.py
[2021-11-19 11:33:21,619] {logging_mixin.py:109} INFO - [2021-11-19 11:33:21,618] {dag.py:2389} INFO - Sync 1 DAGs
[2021-11-19 11:33:21,644] {logging_mixin.py:109} INFO - [2021-11-19 11:33:21,644] {dag.py:2914} INFO - Setting next_dagrun for my_dag to 2021-11-18 00:00:00+00:00
[2021-11-19 11:33:21,662] {processor.py:171} INFO - Processing /home/user/workspace/airflow/dags/my_dag.py took 0.118 seconds
[2021-11-19 11:33:54,240] {processor.py:163} INFO - Started process (PID=9766) to work on /home/user/workspace/airflow/dags/my_dag.py
[2021-11-19 11:33:54,241] {processor.py:620} INFO - Processing file /home/user/workspace/airflow/dags/my_dag.py for tasks to queue
[2021-11-19 11:33:54,242] {logging_mixin.py:109} INFO - [2021-11-19 11:33:54,242] {dagbag.py:500} INFO - Filling up the DagBag from /home/user/workspace/airflow/dags/my_dag.py
[2021-11-19 11:33:54,281] {processor.py:632} INFO - DAG(s) dict_keys(['my_dag']) retrieved from /home/user/workspace/airflow/dags/my_dag.py
[2021-11-19 11:33:54,296] {logging_mixin.py:109} INFO - [2021-11-19 11:33:54,296] {dag.py:2389} INFO - Sync 1 DAGs
[2021-11-19 11:33:54,325] {logging_mixin.py:109} INFO - [2021-11-19 11:33:54,325] {dag.py:2914} INFO - Setting next_dagrun for my_dag to 2021-11-18 00:00:00+00:00
[2021-11-19 11:33:54,336] {processor.py:171} INFO - Processing /home/user/workspace/airflow/dags/my_dag.py took 0.099 seconds
[2021-11-19 11:34:26,300] {processor.py:163} INFO - Started process (PID=10421) to work on /home/user/workspace/airflow/dags/my_dag.py
[2021-11-19 11:34:26,301] {processor.py:620} INFO - Processing file /home/user/workspace/airflow/dags/my_dag.py for tasks to queue
[2021-11-19 11:34:26,302] {logging_mixin.py:109} INFO - [2021-11-19 11:34:26,302] {dagbag.py:500} INFO - Filling up the DagBag from /home/user/workspace/airflow/dags/my_dag.py
[2021-11-19 11:34:26,336] {processor.py:632} INFO - DAG(s) dict_keys(['my_dag']) retrieved from /home/user/workspace/airflow/dags/my_dag.py
[2021-11-19 11:34:26,346] {logging_mixin.py:109} INFO - [2021-11-19 11:34:26,346] {dag.py:2389} INFO - Sync 1 DAGs
[2021-11-19 11:34:26,366] {logging_mixin.py:109} INFO - [2021-11-19 11:34:26,366] {dag.py:2914} INFO - Setting next_dagrun for my_dag to 2021-11-18 00:00:00+00:00
[2021-11-19 11:34:26,379] {processor.py:171} INFO - Processing /home/user/workspace/airflow/dags/my_dag.py took 0.082 seconds
