[2021-10-28 09:49:14,738] {taskinstance.py:1035} INFO - Dependencies all met for <TaskInstance: sharepoint.datatype_sales scheduled__2021-10-27T00:00:00+00:00 [queued]>
[2021-10-28 09:49:14,754] {taskinstance.py:1035} INFO - Dependencies all met for <TaskInstance: sharepoint.datatype_sales scheduled__2021-10-27T00:00:00+00:00 [queued]>
[2021-10-28 09:49:14,755] {taskinstance.py:1241} INFO - 
--------------------------------------------------------------------------------
[2021-10-28 09:49:14,755] {taskinstance.py:1242} INFO - Starting attempt 1 of 2
[2021-10-28 09:49:14,755] {taskinstance.py:1243} INFO - 
--------------------------------------------------------------------------------
[2021-10-28 09:49:14,769] {taskinstance.py:1262} INFO - Executing <Task(PythonOperator): datatype_sales> on 2021-10-27 00:00:00+00:00
[2021-10-28 09:49:14,775] {standard_task_runner.py:52} INFO - Started process 7328 to run task
[2021-10-28 09:49:14,778] {standard_task_runner.py:76} INFO - Running: ['airflow', 'tasks', 'run', 'sharepoint', 'datatype_sales', 'scheduled__2021-10-27T00:00:00+00:00', '--job-id', '93', '--raw', '--subdir', 'DAGS_FOLDER/Sharepoint.py', '--cfg-path', '/tmp/tmpq4vch0cj', '--error-file', '/tmp/tmp5_itn2da']
[2021-10-28 09:49:14,781] {standard_task_runner.py:77} INFO - Job 93: Subtask datatype_sales
[2021-10-28 09:49:14,833] {logging_mixin.py:109} INFO - Running <TaskInstance: sharepoint.datatype_sales scheduled__2021-10-27T00:00:00+00:00 [running]> on host user-Latitude-3410
[2021-10-28 09:49:14,881] {taskinstance.py:1414} INFO - Exporting the following env vars:
AIRFLOW_CTX_DAG_EMAIL=shindesushant818@gmail.com
AIRFLOW_CTX_DAG_OWNER=airflow
AIRFLOW_CTX_DAG_ID=sharepoint
AIRFLOW_CTX_TASK_ID=datatype_sales
AIRFLOW_CTX_EXECUTION_DATE=2021-10-27T00:00:00+00:00
AIRFLOW_CTX_DAG_RUN_ID=scheduled__2021-10-27T00:00:00+00:00
[2021-10-28 09:49:15,531] {logging_mixin.py:109} INFO - kjb  <class 'str'>
[2021-10-28 09:49:15,531] {logging_mixin.py:109} INFO - 0
[2021-10-28 09:50:56,618] {python.py:152} INFO - Done. Returned value was: None
[2021-10-28 09:50:56,630] {taskinstance.py:1280} INFO - Marking task as SUCCESS. dag_id=sharepoint, task_id=datatype_sales, execution_date=20211027T000000, start_date=20211028T041914, end_date=20211028T042056
[2021-10-28 09:50:56,669] {local_task_job.py:154} INFO - Task exited with return code 0
[2021-10-28 09:50:56,697] {local_task_job.py:264} INFO - 0 downstream tasks scheduled from follow-on schedule check
