[2021-11-02 11:46:42,134] {processor.py:163} INFO - Started process (PID=25974) to work on /home/user/workspace/airflow/dags/excel_file/tranformation.xls
[2021-11-02 11:46:42,136] {processor.py:620} INFO - Processing file /home/user/workspace/airflow/dags/excel_file/tranformation.xls for tasks to queue
[2021-11-02 11:46:42,138] {logging_mixin.py:109} INFO - [2021-11-02 11:46:42,137] {dagbag.py:500} INFO - Filling up the DagBag from /home/user/workspace/airflow/dags/excel_file/tranformation.xls
[2021-11-02 11:46:42,187] {processor.py:634} WARNING - No viable dags retrieved from /home/user/workspace/airflow/dags/excel_file/tranformation.xls
[2021-11-02 11:46:42,193] {processor.py:171} INFO - Processing /home/user/workspace/airflow/dags/excel_file/tranformation.xls took 0.072 seconds
[2021-11-02 11:47:13,739] {processor.py:163} INFO - Started process (PID=27078) to work on /home/user/workspace/airflow/dags/excel_file/tranformation.xls
[2021-11-02 11:47:13,740] {processor.py:620} INFO - Processing file /home/user/workspace/airflow/dags/excel_file/tranformation.xls for tasks to queue
[2021-11-02 11:47:13,741] {logging_mixin.py:109} INFO - [2021-11-02 11:47:13,741] {dagbag.py:500} INFO - Filling up the DagBag from /home/user/workspace/airflow/dags/excel_file/tranformation.xls
[2021-11-02 11:47:13,757] {processor.py:634} WARNING - No viable dags retrieved from /home/user/workspace/airflow/dags/excel_file/tranformation.xls
[2021-11-02 11:47:13,760] {processor.py:171} INFO - Processing /home/user/workspace/airflow/dags/excel_file/tranformation.xls took 0.024 seconds
[2021-11-02 11:47:45,094] {processor.py:163} INFO - Started process (PID=28161) to work on /home/user/workspace/airflow/dags/excel_file/tranformation.xls
[2021-11-02 11:47:45,095] {processor.py:620} INFO - Processing file /home/user/workspace/airflow/dags/excel_file/tranformation.xls for tasks to queue
[2021-11-02 11:47:45,095] {logging_mixin.py:109} INFO - [2021-11-02 11:47:45,095] {dagbag.py:500} INFO - Filling up the DagBag from /home/user/workspace/airflow/dags/excel_file/tranformation.xls
[2021-11-02 11:47:45,106] {processor.py:634} WARNING - No viable dags retrieved from /home/user/workspace/airflow/dags/excel_file/tranformation.xls
[2021-11-02 11:47:45,108] {processor.py:171} INFO - Processing /home/user/workspace/airflow/dags/excel_file/tranformation.xls took 0.016 seconds
[2021-11-02 11:48:16,334] {processor.py:163} INFO - Started process (PID=28900) to work on /home/user/workspace/airflow/dags/excel_file/tranformation.xls
[2021-11-02 11:48:16,335] {processor.py:620} INFO - Processing file /home/user/workspace/airflow/dags/excel_file/tranformation.xls for tasks to queue
[2021-11-02 11:48:16,335] {logging_mixin.py:109} INFO - [2021-11-02 11:48:16,335] {dagbag.py:500} INFO - Filling up the DagBag from /home/user/workspace/airflow/dags/excel_file/tranformation.xls
[2021-11-02 11:48:16,347] {processor.py:634} WARNING - No viable dags retrieved from /home/user/workspace/airflow/dags/excel_file/tranformation.xls
[2021-11-02 11:48:16,350] {processor.py:171} INFO - Processing /home/user/workspace/airflow/dags/excel_file/tranformation.xls took 0.018 seconds
[2021-11-02 11:48:47,497] {processor.py:163} INFO - Started process (PID=29595) to work on /home/user/workspace/airflow/dags/excel_file/tranformation.xls
[2021-11-02 11:48:47,498] {processor.py:620} INFO - Processing file /home/user/workspace/airflow/dags/excel_file/tranformation.xls for tasks to queue
[2021-11-02 11:48:47,499] {logging_mixin.py:109} INFO - [2021-11-02 11:48:47,499] {dagbag.py:500} INFO - Filling up the DagBag from /home/user/workspace/airflow/dags/excel_file/tranformation.xls
[2021-11-02 11:48:47,512] {processor.py:634} WARNING - No viable dags retrieved from /home/user/workspace/airflow/dags/excel_file/tranformation.xls
[2021-11-02 11:48:47,515] {processor.py:171} INFO - Processing /home/user/workspace/airflow/dags/excel_file/tranformation.xls took 0.020 seconds
[2021-11-02 11:49:18,908] {processor.py:163} INFO - Started process (PID=30326) to work on /home/user/workspace/airflow/dags/excel_file/tranformation.xls
[2021-11-02 11:49:18,909] {processor.py:620} INFO - Processing file /home/user/workspace/airflow/dags/excel_file/tranformation.xls for tasks to queue
[2021-11-02 11:49:18,910] {logging_mixin.py:109} INFO - [2021-11-02 11:49:18,910] {dagbag.py:500} INFO - Filling up the DagBag from /home/user/workspace/airflow/dags/excel_file/tranformation.xls
[2021-11-02 11:49:18,934] {processor.py:634} WARNING - No viable dags retrieved from /home/user/workspace/airflow/dags/excel_file/tranformation.xls
[2021-11-02 11:49:18,937] {processor.py:171} INFO - Processing /home/user/workspace/airflow/dags/excel_file/tranformation.xls took 0.032 seconds
[2021-11-02 11:49:50,363] {processor.py:163} INFO - Started process (PID=31036) to work on /home/user/workspace/airflow/dags/excel_file/tranformation.xls
[2021-11-02 11:49:50,365] {processor.py:620} INFO - Processing file /home/user/workspace/airflow/dags/excel_file/tranformation.xls for tasks to queue
[2021-11-02 11:49:50,366] {logging_mixin.py:109} INFO - [2021-11-02 11:49:50,366] {dagbag.py:500} INFO - Filling up the DagBag from /home/user/workspace/airflow/dags/excel_file/tranformation.xls
[2021-11-02 11:49:50,389] {processor.py:634} WARNING - No viable dags retrieved from /home/user/workspace/airflow/dags/excel_file/tranformation.xls
[2021-11-02 11:49:50,393] {processor.py:171} INFO - Processing /home/user/workspace/airflow/dags/excel_file/tranformation.xls took 0.032 seconds
[2021-11-02 11:50:22,416] {processor.py:163} INFO - Started process (PID=31712) to work on /home/user/workspace/airflow/dags/excel_file/tranformation.xls
[2021-11-02 11:50:22,417] {processor.py:620} INFO - Processing file /home/user/workspace/airflow/dags/excel_file/tranformation.xls for tasks to queue
[2021-11-02 11:50:22,418] {logging_mixin.py:109} INFO - [2021-11-02 11:50:22,418] {dagbag.py:500} INFO - Filling up the DagBag from /home/user/workspace/airflow/dags/excel_file/tranformation.xls
[2021-11-02 11:50:22,442] {processor.py:634} WARNING - No viable dags retrieved from /home/user/workspace/airflow/dags/excel_file/tranformation.xls
[2021-11-02 11:50:22,447] {processor.py:171} INFO - Processing /home/user/workspace/airflow/dags/excel_file/tranformation.xls took 0.033 seconds
[2021-11-02 11:50:54,336] {processor.py:163} INFO - Started process (PID=32278) to work on /home/user/workspace/airflow/dags/excel_file/tranformation.xls
[2021-11-02 11:50:54,337] {processor.py:620} INFO - Processing file /home/user/workspace/airflow/dags/excel_file/tranformation.xls for tasks to queue
[2021-11-02 11:50:54,338] {logging_mixin.py:109} INFO - [2021-11-02 11:50:54,338] {dagbag.py:500} INFO - Filling up the DagBag from /home/user/workspace/airflow/dags/excel_file/tranformation.xls
[2021-11-02 11:50:54,366] {processor.py:634} WARNING - No viable dags retrieved from /home/user/workspace/airflow/dags/excel_file/tranformation.xls
[2021-11-02 11:50:54,369] {processor.py:171} INFO - Processing /home/user/workspace/airflow/dags/excel_file/tranformation.xls took 0.035 seconds
[2021-11-02 11:51:25,846] {processor.py:163} INFO - Started process (PID=318) to work on /home/user/workspace/airflow/dags/excel_file/tranformation.xls
[2021-11-02 11:51:25,847] {processor.py:620} INFO - Processing file /home/user/workspace/airflow/dags/excel_file/tranformation.xls for tasks to queue
[2021-11-02 11:51:25,847] {logging_mixin.py:109} INFO - [2021-11-02 11:51:25,847] {dagbag.py:500} INFO - Filling up the DagBag from /home/user/workspace/airflow/dags/excel_file/tranformation.xls
[2021-11-02 11:51:25,862] {processor.py:634} WARNING - No viable dags retrieved from /home/user/workspace/airflow/dags/excel_file/tranformation.xls
[2021-11-02 11:51:25,865] {processor.py:171} INFO - Processing /home/user/workspace/airflow/dags/excel_file/tranformation.xls took 0.022 seconds
[2021-11-02 11:51:57,219] {processor.py:163} INFO - Started process (PID=1204) to work on /home/user/workspace/airflow/dags/excel_file/tranformation.xls
[2021-11-02 11:51:57,220] {processor.py:620} INFO - Processing file /home/user/workspace/airflow/dags/excel_file/tranformation.xls for tasks to queue
[2021-11-02 11:51:57,220] {logging_mixin.py:109} INFO - [2021-11-02 11:51:57,220] {dagbag.py:500} INFO - Filling up the DagBag from /home/user/workspace/airflow/dags/excel_file/tranformation.xls
[2021-11-02 11:51:57,238] {processor.py:634} WARNING - No viable dags retrieved from /home/user/workspace/airflow/dags/excel_file/tranformation.xls
[2021-11-02 11:51:57,241] {processor.py:171} INFO - Processing /home/user/workspace/airflow/dags/excel_file/tranformation.xls took 0.026 seconds
[2021-11-02 11:52:28,771] {processor.py:163} INFO - Started process (PID=2250) to work on /home/user/workspace/airflow/dags/excel_file/tranformation.xls
[2021-11-02 11:52:28,772] {processor.py:620} INFO - Processing file /home/user/workspace/airflow/dags/excel_file/tranformation.xls for tasks to queue
[2021-11-02 11:52:28,772] {logging_mixin.py:109} INFO - [2021-11-02 11:52:28,772] {dagbag.py:500} INFO - Filling up the DagBag from /home/user/workspace/airflow/dags/excel_file/tranformation.xls
[2021-11-02 11:52:28,785] {processor.py:634} WARNING - No viable dags retrieved from /home/user/workspace/airflow/dags/excel_file/tranformation.xls
[2021-11-02 11:52:28,788] {processor.py:171} INFO - Processing /home/user/workspace/airflow/dags/excel_file/tranformation.xls took 0.019 seconds
[2021-11-02 11:53:00,055] {processor.py:163} INFO - Started process (PID=3409) to work on /home/user/workspace/airflow/dags/excel_file/tranformation.xls
[2021-11-02 11:53:00,056] {processor.py:620} INFO - Processing file /home/user/workspace/airflow/dags/excel_file/tranformation.xls for tasks to queue
[2021-11-02 11:53:00,056] {logging_mixin.py:109} INFO - [2021-11-02 11:53:00,056] {dagbag.py:500} INFO - Filling up the DagBag from /home/user/workspace/airflow/dags/excel_file/tranformation.xls
[2021-11-02 11:53:00,070] {processor.py:634} WARNING - No viable dags retrieved from /home/user/workspace/airflow/dags/excel_file/tranformation.xls
[2021-11-02 11:53:00,072] {processor.py:171} INFO - Processing /home/user/workspace/airflow/dags/excel_file/tranformation.xls took 0.020 seconds
[2021-11-02 11:53:32,305] {processor.py:163} INFO - Started process (PID=4146) to work on /home/user/workspace/airflow/dags/excel_file/tranformation.xls
[2021-11-02 11:53:32,306] {processor.py:620} INFO - Processing file /home/user/workspace/airflow/dags/excel_file/tranformation.xls for tasks to queue
[2021-11-02 11:53:32,307] {logging_mixin.py:109} INFO - [2021-11-02 11:53:32,307] {dagbag.py:500} INFO - Filling up the DagBag from /home/user/workspace/airflow/dags/excel_file/tranformation.xls
[2021-11-02 11:53:32,330] {processor.py:634} WARNING - No viable dags retrieved from /home/user/workspace/airflow/dags/excel_file/tranformation.xls
[2021-11-02 11:53:32,334] {processor.py:171} INFO - Processing /home/user/workspace/airflow/dags/excel_file/tranformation.xls took 0.035 seconds
[2021-11-02 11:54:06,571] {processor.py:163} INFO - Started process (PID=4857) to work on /home/user/workspace/airflow/dags/excel_file/tranformation.xls
[2021-11-02 11:54:06,572] {processor.py:620} INFO - Processing file /home/user/workspace/airflow/dags/excel_file/tranformation.xls for tasks to queue
[2021-11-02 11:54:06,572] {logging_mixin.py:109} INFO - [2021-11-02 11:54:06,572] {dagbag.py:500} INFO - Filling up the DagBag from /home/user/workspace/airflow/dags/excel_file/tranformation.xls
[2021-11-02 11:54:06,599] {processor.py:634} WARNING - No viable dags retrieved from /home/user/workspace/airflow/dags/excel_file/tranformation.xls
[2021-11-02 11:54:06,606] {processor.py:171} INFO - Processing /home/user/workspace/airflow/dags/excel_file/tranformation.xls took 0.039 seconds
[2021-11-02 11:54:39,460] {processor.py:163} INFO - Started process (PID=5269) to work on /home/user/workspace/airflow/dags/excel_file/tranformation.xls
[2021-11-02 11:54:39,461] {processor.py:620} INFO - Processing file /home/user/workspace/airflow/dags/excel_file/tranformation.xls for tasks to queue
[2021-11-02 11:54:39,462] {logging_mixin.py:109} INFO - [2021-11-02 11:54:39,462] {dagbag.py:500} INFO - Filling up the DagBag from /home/user/workspace/airflow/dags/excel_file/tranformation.xls
[2021-11-02 11:54:39,487] {processor.py:634} WARNING - No viable dags retrieved from /home/user/workspace/airflow/dags/excel_file/tranformation.xls
[2021-11-02 11:54:39,492] {processor.py:171} INFO - Processing /home/user/workspace/airflow/dags/excel_file/tranformation.xls took 0.034 seconds
[2021-11-02 11:55:11,435] {processor.py:163} INFO - Started process (PID=5819) to work on /home/user/workspace/airflow/dags/excel_file/tranformation.xls
[2021-11-02 11:55:11,435] {processor.py:620} INFO - Processing file /home/user/workspace/airflow/dags/excel_file/tranformation.xls for tasks to queue
[2021-11-02 11:55:11,436] {logging_mixin.py:109} INFO - [2021-11-02 11:55:11,436] {dagbag.py:500} INFO - Filling up the DagBag from /home/user/workspace/airflow/dags/excel_file/tranformation.xls
[2021-11-02 11:55:11,464] {processor.py:634} WARNING - No viable dags retrieved from /home/user/workspace/airflow/dags/excel_file/tranformation.xls
[2021-11-02 11:55:11,468] {processor.py:171} INFO - Processing /home/user/workspace/airflow/dags/excel_file/tranformation.xls took 0.036 seconds
[2021-11-02 11:55:43,329] {processor.py:163} INFO - Started process (PID=6169) to work on /home/user/workspace/airflow/dags/excel_file/tranformation.xls
[2021-11-02 11:55:43,330] {processor.py:620} INFO - Processing file /home/user/workspace/airflow/dags/excel_file/tranformation.xls for tasks to queue
[2021-11-02 11:55:43,331] {logging_mixin.py:109} INFO - [2021-11-02 11:55:43,331] {dagbag.py:500} INFO - Filling up the DagBag from /home/user/workspace/airflow/dags/excel_file/tranformation.xls
[2021-11-02 11:55:43,353] {processor.py:634} WARNING - No viable dags retrieved from /home/user/workspace/airflow/dags/excel_file/tranformation.xls
[2021-11-02 11:55:43,358] {processor.py:171} INFO - Processing /home/user/workspace/airflow/dags/excel_file/tranformation.xls took 0.038 seconds
[2021-11-02 11:56:15,369] {processor.py:163} INFO - Started process (PID=6581) to work on /home/user/workspace/airflow/dags/excel_file/tranformation.xls
[2021-11-02 11:56:15,371] {processor.py:620} INFO - Processing file /home/user/workspace/airflow/dags/excel_file/tranformation.xls for tasks to queue
[2021-11-02 11:56:15,372] {logging_mixin.py:109} INFO - [2021-11-02 11:56:15,371] {dagbag.py:500} INFO - Filling up the DagBag from /home/user/workspace/airflow/dags/excel_file/tranformation.xls
[2021-11-02 11:56:15,399] {processor.py:634} WARNING - No viable dags retrieved from /home/user/workspace/airflow/dags/excel_file/tranformation.xls
[2021-11-02 11:56:15,403] {processor.py:171} INFO - Processing /home/user/workspace/airflow/dags/excel_file/tranformation.xls took 0.039 seconds
[2021-11-02 11:56:46,354] {processor.py:163} INFO - Started process (PID=7044) to work on /home/user/workspace/airflow/dags/excel_file/tranformation.xls
[2021-11-02 11:56:46,355] {processor.py:620} INFO - Processing file /home/user/workspace/airflow/dags/excel_file/tranformation.xls for tasks to queue
[2021-11-02 11:56:46,355] {logging_mixin.py:109} INFO - [2021-11-02 11:56:46,355] {dagbag.py:500} INFO - Filling up the DagBag from /home/user/workspace/airflow/dags/excel_file/tranformation.xls
[2021-11-02 11:56:46,371] {processor.py:634} WARNING - No viable dags retrieved from /home/user/workspace/airflow/dags/excel_file/tranformation.xls
[2021-11-02 11:56:46,374] {processor.py:171} INFO - Processing /home/user/workspace/airflow/dags/excel_file/tranformation.xls took 0.023 seconds
[2021-11-02 11:57:19,380] {processor.py:163} INFO - Started process (PID=7564) to work on /home/user/workspace/airflow/dags/excel_file/tranformation.xls
[2021-11-02 11:57:19,381] {processor.py:620} INFO - Processing file /home/user/workspace/airflow/dags/excel_file/tranformation.xls for tasks to queue
[2021-11-02 11:57:19,382] {logging_mixin.py:109} INFO - [2021-11-02 11:57:19,382] {dagbag.py:500} INFO - Filling up the DagBag from /home/user/workspace/airflow/dags/excel_file/tranformation.xls
[2021-11-02 11:57:19,415] {processor.py:634} WARNING - No viable dags retrieved from /home/user/workspace/airflow/dags/excel_file/tranformation.xls
[2021-11-02 11:57:19,421] {processor.py:171} INFO - Processing /home/user/workspace/airflow/dags/excel_file/tranformation.xls took 0.045 seconds
[2021-11-02 11:57:51,121] {processor.py:163} INFO - Started process (PID=7984) to work on /home/user/workspace/airflow/dags/excel_file/tranformation.xls
[2021-11-02 11:57:51,122] {processor.py:620} INFO - Processing file /home/user/workspace/airflow/dags/excel_file/tranformation.xls for tasks to queue
[2021-11-02 11:57:51,122] {logging_mixin.py:109} INFO - [2021-11-02 11:57:51,122] {dagbag.py:500} INFO - Filling up the DagBag from /home/user/workspace/airflow/dags/excel_file/tranformation.xls
[2021-11-02 11:57:51,138] {processor.py:634} WARNING - No viable dags retrieved from /home/user/workspace/airflow/dags/excel_file/tranformation.xls
[2021-11-02 11:57:51,141] {processor.py:171} INFO - Processing /home/user/workspace/airflow/dags/excel_file/tranformation.xls took 0.024 seconds
[2021-11-02 11:58:22,393] {processor.py:163} INFO - Started process (PID=8491) to work on /home/user/workspace/airflow/dags/excel_file/tranformation.xls
[2021-11-02 11:58:22,396] {processor.py:620} INFO - Processing file /home/user/workspace/airflow/dags/excel_file/tranformation.xls for tasks to queue
[2021-11-02 11:58:22,399] {logging_mixin.py:109} INFO - [2021-11-02 11:58:22,398] {dagbag.py:500} INFO - Filling up the DagBag from /home/user/workspace/airflow/dags/excel_file/tranformation.xls
[2021-11-02 11:58:22,426] {processor.py:634} WARNING - No viable dags retrieved from /home/user/workspace/airflow/dags/excel_file/tranformation.xls
[2021-11-02 11:58:22,433] {processor.py:171} INFO - Processing /home/user/workspace/airflow/dags/excel_file/tranformation.xls took 0.046 seconds
[2021-11-02 11:58:54,253] {processor.py:163} INFO - Started process (PID=8965) to work on /home/user/workspace/airflow/dags/excel_file/tranformation.xls
[2021-11-02 11:58:54,254] {processor.py:620} INFO - Processing file /home/user/workspace/airflow/dags/excel_file/tranformation.xls for tasks to queue
[2021-11-02 11:58:54,255] {logging_mixin.py:109} INFO - [2021-11-02 11:58:54,255] {dagbag.py:500} INFO - Filling up the DagBag from /home/user/workspace/airflow/dags/excel_file/tranformation.xls
[2021-11-02 11:58:54,277] {processor.py:634} WARNING - No viable dags retrieved from /home/user/workspace/airflow/dags/excel_file/tranformation.xls
[2021-11-02 11:58:54,281] {processor.py:171} INFO - Processing /home/user/workspace/airflow/dags/excel_file/tranformation.xls took 0.033 seconds
[2021-11-02 11:59:25,710] {processor.py:163} INFO - Started process (PID=9437) to work on /home/user/workspace/airflow/dags/excel_file/tranformation.xls
[2021-11-02 11:59:25,711] {processor.py:620} INFO - Processing file /home/user/workspace/airflow/dags/excel_file/tranformation.xls for tasks to queue
[2021-11-02 11:59:25,711] {logging_mixin.py:109} INFO - [2021-11-02 11:59:25,711] {dagbag.py:500} INFO - Filling up the DagBag from /home/user/workspace/airflow/dags/excel_file/tranformation.xls
[2021-11-02 11:59:25,725] {processor.py:634} WARNING - No viable dags retrieved from /home/user/workspace/airflow/dags/excel_file/tranformation.xls
[2021-11-02 11:59:25,728] {processor.py:171} INFO - Processing /home/user/workspace/airflow/dags/excel_file/tranformation.xls took 0.021 seconds
[2021-11-02 11:59:57,408] {processor.py:163} INFO - Started process (PID=10035) to work on /home/user/workspace/airflow/dags/excel_file/tranformation.xls
[2021-11-02 11:59:57,409] {processor.py:620} INFO - Processing file /home/user/workspace/airflow/dags/excel_file/tranformation.xls for tasks to queue
[2021-11-02 11:59:57,409] {logging_mixin.py:109} INFO - [2021-11-02 11:59:57,409] {dagbag.py:500} INFO - Filling up the DagBag from /home/user/workspace/airflow/dags/excel_file/tranformation.xls
[2021-11-02 11:59:57,422] {processor.py:634} WARNING - No viable dags retrieved from /home/user/workspace/airflow/dags/excel_file/tranformation.xls
[2021-11-02 11:59:57,425] {processor.py:171} INFO - Processing /home/user/workspace/airflow/dags/excel_file/tranformation.xls took 0.019 seconds
[2021-11-02 12:00:29,459] {processor.py:163} INFO - Started process (PID=10573) to work on /home/user/workspace/airflow/dags/excel_file/tranformation.xls
[2021-11-02 12:00:29,459] {processor.py:620} INFO - Processing file /home/user/workspace/airflow/dags/excel_file/tranformation.xls for tasks to queue
[2021-11-02 12:00:29,460] {logging_mixin.py:109} INFO - [2021-11-02 12:00:29,460] {dagbag.py:500} INFO - Filling up the DagBag from /home/user/workspace/airflow/dags/excel_file/tranformation.xls
[2021-11-02 12:00:29,475] {processor.py:634} WARNING - No viable dags retrieved from /home/user/workspace/airflow/dags/excel_file/tranformation.xls
[2021-11-02 12:00:29,479] {processor.py:171} INFO - Processing /home/user/workspace/airflow/dags/excel_file/tranformation.xls took 0.023 seconds
[2021-11-02 12:01:00,846] {processor.py:163} INFO - Started process (PID=11173) to work on /home/user/workspace/airflow/dags/excel_file/tranformation.xls
[2021-11-02 12:01:00,847] {processor.py:620} INFO - Processing file /home/user/workspace/airflow/dags/excel_file/tranformation.xls for tasks to queue
[2021-11-02 12:01:00,848] {logging_mixin.py:109} INFO - [2021-11-02 12:01:00,847] {dagbag.py:500} INFO - Filling up the DagBag from /home/user/workspace/airflow/dags/excel_file/tranformation.xls
[2021-11-02 12:01:00,863] {processor.py:634} WARNING - No viable dags retrieved from /home/user/workspace/airflow/dags/excel_file/tranformation.xls
[2021-11-02 12:01:00,867] {processor.py:171} INFO - Processing /home/user/workspace/airflow/dags/excel_file/tranformation.xls took 0.024 seconds
[2021-11-02 12:01:32,091] {processor.py:163} INFO - Started process (PID=11745) to work on /home/user/workspace/airflow/dags/excel_file/tranformation.xls
[2021-11-02 12:01:32,091] {processor.py:620} INFO - Processing file /home/user/workspace/airflow/dags/excel_file/tranformation.xls for tasks to queue
[2021-11-02 12:01:32,092] {logging_mixin.py:109} INFO - [2021-11-02 12:01:32,092] {dagbag.py:500} INFO - Filling up the DagBag from /home/user/workspace/airflow/dags/excel_file/tranformation.xls
[2021-11-02 12:01:32,106] {processor.py:634} WARNING - No viable dags retrieved from /home/user/workspace/airflow/dags/excel_file/tranformation.xls
[2021-11-02 12:01:32,110] {processor.py:171} INFO - Processing /home/user/workspace/airflow/dags/excel_file/tranformation.xls took 0.022 seconds
[2021-11-02 12:02:03,469] {processor.py:163} INFO - Started process (PID=12515) to work on /home/user/workspace/airflow/dags/excel_file/tranformation.xls
[2021-11-02 12:02:03,469] {processor.py:620} INFO - Processing file /home/user/workspace/airflow/dags/excel_file/tranformation.xls for tasks to queue
[2021-11-02 12:02:03,470] {logging_mixin.py:109} INFO - [2021-11-02 12:02:03,470] {dagbag.py:500} INFO - Filling up the DagBag from /home/user/workspace/airflow/dags/excel_file/tranformation.xls
[2021-11-02 12:02:03,483] {processor.py:634} WARNING - No viable dags retrieved from /home/user/workspace/airflow/dags/excel_file/tranformation.xls
[2021-11-02 12:02:03,486] {processor.py:171} INFO - Processing /home/user/workspace/airflow/dags/excel_file/tranformation.xls took 0.020 seconds
[2021-11-02 12:02:34,767] {processor.py:163} INFO - Started process (PID=13084) to work on /home/user/workspace/airflow/dags/excel_file/tranformation.xls
[2021-11-02 12:02:34,768] {processor.py:620} INFO - Processing file /home/user/workspace/airflow/dags/excel_file/tranformation.xls for tasks to queue
[2021-11-02 12:02:34,769] {logging_mixin.py:109} INFO - [2021-11-02 12:02:34,769] {dagbag.py:500} INFO - Filling up the DagBag from /home/user/workspace/airflow/dags/excel_file/tranformation.xls
[2021-11-02 12:02:34,790] {processor.py:634} WARNING - No viable dags retrieved from /home/user/workspace/airflow/dags/excel_file/tranformation.xls
[2021-11-02 12:02:34,795] {processor.py:171} INFO - Processing /home/user/workspace/airflow/dags/excel_file/tranformation.xls took 0.031 seconds
[2021-11-02 12:03:06,477] {processor.py:163} INFO - Started process (PID=13595) to work on /home/user/workspace/airflow/dags/excel_file/tranformation.xls
[2021-11-02 12:03:06,478] {processor.py:620} INFO - Processing file /home/user/workspace/airflow/dags/excel_file/tranformation.xls for tasks to queue
[2021-11-02 12:03:06,478] {logging_mixin.py:109} INFO - [2021-11-02 12:03:06,478] {dagbag.py:500} INFO - Filling up the DagBag from /home/user/workspace/airflow/dags/excel_file/tranformation.xls
[2021-11-02 12:03:06,493] {processor.py:634} WARNING - No viable dags retrieved from /home/user/workspace/airflow/dags/excel_file/tranformation.xls
[2021-11-02 12:03:06,496] {processor.py:171} INFO - Processing /home/user/workspace/airflow/dags/excel_file/tranformation.xls took 0.022 seconds
[2021-11-02 12:03:38,255] {processor.py:163} INFO - Started process (PID=14106) to work on /home/user/workspace/airflow/dags/excel_file/tranformation.xls
[2021-11-02 12:03:38,256] {processor.py:620} INFO - Processing file /home/user/workspace/airflow/dags/excel_file/tranformation.xls for tasks to queue
[2021-11-02 12:03:38,260] {logging_mixin.py:109} INFO - [2021-11-02 12:03:38,260] {dagbag.py:500} INFO - Filling up the DagBag from /home/user/workspace/airflow/dags/excel_file/tranformation.xls
[2021-11-02 12:03:38,278] {processor.py:634} WARNING - No viable dags retrieved from /home/user/workspace/airflow/dags/excel_file/tranformation.xls
[2021-11-02 12:03:38,282] {processor.py:171} INFO - Processing /home/user/workspace/airflow/dags/excel_file/tranformation.xls took 0.031 seconds
[2021-11-02 12:04:09,762] {processor.py:163} INFO - Started process (PID=14645) to work on /home/user/workspace/airflow/dags/excel_file/tranformation.xls
[2021-11-02 12:04:09,763] {processor.py:620} INFO - Processing file /home/user/workspace/airflow/dags/excel_file/tranformation.xls for tasks to queue
[2021-11-02 12:04:09,764] {logging_mixin.py:109} INFO - [2021-11-02 12:04:09,764] {dagbag.py:500} INFO - Filling up the DagBag from /home/user/workspace/airflow/dags/excel_file/tranformation.xls
[2021-11-02 12:04:09,783] {processor.py:634} WARNING - No viable dags retrieved from /home/user/workspace/airflow/dags/excel_file/tranformation.xls
[2021-11-02 12:04:09,787] {processor.py:171} INFO - Processing /home/user/workspace/airflow/dags/excel_file/tranformation.xls took 0.029 seconds
[2021-11-02 12:04:40,957] {processor.py:163} INFO - Started process (PID=15215) to work on /home/user/workspace/airflow/dags/excel_file/tranformation.xls
[2021-11-02 12:04:40,958] {processor.py:620} INFO - Processing file /home/user/workspace/airflow/dags/excel_file/tranformation.xls for tasks to queue
[2021-11-02 12:04:40,958] {logging_mixin.py:109} INFO - [2021-11-02 12:04:40,958] {dagbag.py:500} INFO - Filling up the DagBag from /home/user/workspace/airflow/dags/excel_file/tranformation.xls
[2021-11-02 12:04:40,971] {processor.py:634} WARNING - No viable dags retrieved from /home/user/workspace/airflow/dags/excel_file/tranformation.xls
[2021-11-02 12:04:40,974] {processor.py:171} INFO - Processing /home/user/workspace/airflow/dags/excel_file/tranformation.xls took 0.019 seconds
[2021-11-02 12:05:12,452] {processor.py:163} INFO - Started process (PID=15812) to work on /home/user/workspace/airflow/dags/excel_file/tranformation.xls
[2021-11-02 12:05:12,453] {processor.py:620} INFO - Processing file /home/user/workspace/airflow/dags/excel_file/tranformation.xls for tasks to queue
[2021-11-02 12:05:12,453] {logging_mixin.py:109} INFO - [2021-11-02 12:05:12,453] {dagbag.py:500} INFO - Filling up the DagBag from /home/user/workspace/airflow/dags/excel_file/tranformation.xls
[2021-11-02 12:05:12,469] {processor.py:634} WARNING - No viable dags retrieved from /home/user/workspace/airflow/dags/excel_file/tranformation.xls
[2021-11-02 12:05:12,471] {processor.py:171} INFO - Processing /home/user/workspace/airflow/dags/excel_file/tranformation.xls took 0.022 seconds
[2021-11-02 12:05:43,918] {processor.py:163} INFO - Started process (PID=16394) to work on /home/user/workspace/airflow/dags/excel_file/tranformation.xls
[2021-11-02 12:05:43,919] {processor.py:620} INFO - Processing file /home/user/workspace/airflow/dags/excel_file/tranformation.xls for tasks to queue
[2021-11-02 12:05:43,919] {logging_mixin.py:109} INFO - [2021-11-02 12:05:43,919] {dagbag.py:500} INFO - Filling up the DagBag from /home/user/workspace/airflow/dags/excel_file/tranformation.xls
[2021-11-02 12:05:43,933] {processor.py:634} WARNING - No viable dags retrieved from /home/user/workspace/airflow/dags/excel_file/tranformation.xls
[2021-11-02 12:05:43,937] {processor.py:171} INFO - Processing /home/user/workspace/airflow/dags/excel_file/tranformation.xls took 0.022 seconds
[2021-11-02 12:06:15,426] {processor.py:163} INFO - Started process (PID=17057) to work on /home/user/workspace/airflow/dags/excel_file/tranformation.xls
[2021-11-02 12:06:15,427] {processor.py:620} INFO - Processing file /home/user/workspace/airflow/dags/excel_file/tranformation.xls for tasks to queue
[2021-11-02 12:06:15,427] {logging_mixin.py:109} INFO - [2021-11-02 12:06:15,427] {dagbag.py:500} INFO - Filling up the DagBag from /home/user/workspace/airflow/dags/excel_file/tranformation.xls
[2021-11-02 12:06:15,444] {processor.py:634} WARNING - No viable dags retrieved from /home/user/workspace/airflow/dags/excel_file/tranformation.xls
[2021-11-02 12:06:15,448] {processor.py:171} INFO - Processing /home/user/workspace/airflow/dags/excel_file/tranformation.xls took 0.025 seconds
[2021-11-02 12:06:46,571] {processor.py:163} INFO - Started process (PID=17673) to work on /home/user/workspace/airflow/dags/excel_file/tranformation.xls
[2021-11-02 12:06:46,572] {processor.py:620} INFO - Processing file /home/user/workspace/airflow/dags/excel_file/tranformation.xls for tasks to queue
[2021-11-02 12:06:46,572] {logging_mixin.py:109} INFO - [2021-11-02 12:06:46,572] {dagbag.py:500} INFO - Filling up the DagBag from /home/user/workspace/airflow/dags/excel_file/tranformation.xls
[2021-11-02 12:06:46,587] {processor.py:634} WARNING - No viable dags retrieved from /home/user/workspace/airflow/dags/excel_file/tranformation.xls
[2021-11-02 12:06:46,590] {processor.py:171} INFO - Processing /home/user/workspace/airflow/dags/excel_file/tranformation.xls took 0.021 seconds
[2021-11-02 12:07:18,269] {processor.py:163} INFO - Started process (PID=18271) to work on /home/user/workspace/airflow/dags/excel_file/tranformation.xls
[2021-11-02 12:07:18,270] {processor.py:620} INFO - Processing file /home/user/workspace/airflow/dags/excel_file/tranformation.xls for tasks to queue
[2021-11-02 12:07:18,271] {logging_mixin.py:109} INFO - [2021-11-02 12:07:18,271] {dagbag.py:500} INFO - Filling up the DagBag from /home/user/workspace/airflow/dags/excel_file/tranformation.xls
[2021-11-02 12:07:18,290] {processor.py:634} WARNING - No viable dags retrieved from /home/user/workspace/airflow/dags/excel_file/tranformation.xls
[2021-11-02 12:07:18,294] {processor.py:171} INFO - Processing /home/user/workspace/airflow/dags/excel_file/tranformation.xls took 0.028 seconds
[2021-11-02 12:07:49,545] {processor.py:163} INFO - Started process (PID=18843) to work on /home/user/workspace/airflow/dags/excel_file/tranformation.xls
[2021-11-02 12:07:49,546] {processor.py:620} INFO - Processing file /home/user/workspace/airflow/dags/excel_file/tranformation.xls for tasks to queue
[2021-11-02 12:07:49,546] {logging_mixin.py:109} INFO - [2021-11-02 12:07:49,546] {dagbag.py:500} INFO - Filling up the DagBag from /home/user/workspace/airflow/dags/excel_file/tranformation.xls
[2021-11-02 12:07:49,559] {processor.py:634} WARNING - No viable dags retrieved from /home/user/workspace/airflow/dags/excel_file/tranformation.xls
[2021-11-02 12:07:49,562] {processor.py:171} INFO - Processing /home/user/workspace/airflow/dags/excel_file/tranformation.xls took 0.019 seconds
[2021-11-02 12:08:20,977] {processor.py:163} INFO - Started process (PID=19452) to work on /home/user/workspace/airflow/dags/excel_file/tranformation.xls
[2021-11-02 12:08:20,978] {processor.py:620} INFO - Processing file /home/user/workspace/airflow/dags/excel_file/tranformation.xls for tasks to queue
[2021-11-02 12:08:20,979] {logging_mixin.py:109} INFO - [2021-11-02 12:08:20,979] {dagbag.py:500} INFO - Filling up the DagBag from /home/user/workspace/airflow/dags/excel_file/tranformation.xls
[2021-11-02 12:08:20,992] {processor.py:634} WARNING - No viable dags retrieved from /home/user/workspace/airflow/dags/excel_file/tranformation.xls
[2021-11-02 12:08:20,995] {processor.py:171} INFO - Processing /home/user/workspace/airflow/dags/excel_file/tranformation.xls took 0.020 seconds
[2021-11-02 12:08:51,940] {processor.py:163} INFO - Started process (PID=20035) to work on /home/user/workspace/airflow/dags/excel_file/tranformation.xls
[2021-11-02 12:08:51,941] {processor.py:620} INFO - Processing file /home/user/workspace/airflow/dags/excel_file/tranformation.xls for tasks to queue
[2021-11-02 12:08:51,941] {logging_mixin.py:109} INFO - [2021-11-02 12:08:51,941] {dagbag.py:500} INFO - Filling up the DagBag from /home/user/workspace/airflow/dags/excel_file/tranformation.xls
[2021-11-02 12:08:51,957] {processor.py:634} WARNING - No viable dags retrieved from /home/user/workspace/airflow/dags/excel_file/tranformation.xls
[2021-11-02 12:08:51,960] {processor.py:171} INFO - Processing /home/user/workspace/airflow/dags/excel_file/tranformation.xls took 0.023 seconds
[2021-11-02 12:09:23,518] {processor.py:163} INFO - Started process (PID=20592) to work on /home/user/workspace/airflow/dags/excel_file/tranformation.xls
[2021-11-02 12:09:23,519] {processor.py:620} INFO - Processing file /home/user/workspace/airflow/dags/excel_file/tranformation.xls for tasks to queue
[2021-11-02 12:09:23,519] {logging_mixin.py:109} INFO - [2021-11-02 12:09:23,519] {dagbag.py:500} INFO - Filling up the DagBag from /home/user/workspace/airflow/dags/excel_file/tranformation.xls
[2021-11-02 12:09:23,534] {processor.py:634} WARNING - No viable dags retrieved from /home/user/workspace/airflow/dags/excel_file/tranformation.xls
[2021-11-02 12:09:23,537] {processor.py:171} INFO - Processing /home/user/workspace/airflow/dags/excel_file/tranformation.xls took 0.022 seconds
[2021-11-02 12:09:55,477] {processor.py:163} INFO - Started process (PID=21142) to work on /home/user/workspace/airflow/dags/excel_file/tranformation.xls
[2021-11-02 12:09:55,478] {processor.py:620} INFO - Processing file /home/user/workspace/airflow/dags/excel_file/tranformation.xls for tasks to queue
[2021-11-02 12:09:55,478] {logging_mixin.py:109} INFO - [2021-11-02 12:09:55,478] {dagbag.py:500} INFO - Filling up the DagBag from /home/user/workspace/airflow/dags/excel_file/tranformation.xls
[2021-11-02 12:09:55,491] {processor.py:634} WARNING - No viable dags retrieved from /home/user/workspace/airflow/dags/excel_file/tranformation.xls
[2021-11-02 12:09:55,494] {processor.py:171} INFO - Processing /home/user/workspace/airflow/dags/excel_file/tranformation.xls took 0.020 seconds
[2021-11-02 12:10:26,747] {processor.py:163} INFO - Started process (PID=21671) to work on /home/user/workspace/airflow/dags/excel_file/tranformation.xls
[2021-11-02 12:10:26,748] {processor.py:620} INFO - Processing file /home/user/workspace/airflow/dags/excel_file/tranformation.xls for tasks to queue
[2021-11-02 12:10:26,749] {logging_mixin.py:109} INFO - [2021-11-02 12:10:26,749] {dagbag.py:500} INFO - Filling up the DagBag from /home/user/workspace/airflow/dags/excel_file/tranformation.xls
[2021-11-02 12:10:26,764] {processor.py:634} WARNING - No viable dags retrieved from /home/user/workspace/airflow/dags/excel_file/tranformation.xls
[2021-11-02 12:10:26,768] {processor.py:171} INFO - Processing /home/user/workspace/airflow/dags/excel_file/tranformation.xls took 0.024 seconds
[2021-11-02 12:10:58,935] {processor.py:163} INFO - Started process (PID=22153) to work on /home/user/workspace/airflow/dags/excel_file/tranformation.xls
[2021-11-02 12:10:58,936] {processor.py:620} INFO - Processing file /home/user/workspace/airflow/dags/excel_file/tranformation.xls for tasks to queue
[2021-11-02 12:10:58,937] {logging_mixin.py:109} INFO - [2021-11-02 12:10:58,937] {dagbag.py:500} INFO - Filling up the DagBag from /home/user/workspace/airflow/dags/excel_file/tranformation.xls
[2021-11-02 12:10:58,954] {processor.py:634} WARNING - No viable dags retrieved from /home/user/workspace/airflow/dags/excel_file/tranformation.xls
[2021-11-02 12:10:58,957] {processor.py:171} INFO - Processing /home/user/workspace/airflow/dags/excel_file/tranformation.xls took 0.025 seconds
[2021-11-02 12:11:33,572] {processor.py:163} INFO - Started process (PID=22684) to work on /home/user/workspace/airflow/dags/excel_file/tranformation.xls
[2021-11-02 12:11:33,573] {processor.py:620} INFO - Processing file /home/user/workspace/airflow/dags/excel_file/tranformation.xls for tasks to queue
[2021-11-02 12:11:33,573] {logging_mixin.py:109} INFO - [2021-11-02 12:11:33,573] {dagbag.py:500} INFO - Filling up the DagBag from /home/user/workspace/airflow/dags/excel_file/tranformation.xls
[2021-11-02 12:11:33,590] {processor.py:634} WARNING - No viable dags retrieved from /home/user/workspace/airflow/dags/excel_file/tranformation.xls
[2021-11-02 12:11:33,594] {processor.py:171} INFO - Processing /home/user/workspace/airflow/dags/excel_file/tranformation.xls took 0.024 seconds
[2021-11-02 12:12:05,210] {processor.py:163} INFO - Started process (PID=23324) to work on /home/user/workspace/airflow/dags/excel_file/tranformation.xls
[2021-11-02 12:12:05,211] {processor.py:620} INFO - Processing file /home/user/workspace/airflow/dags/excel_file/tranformation.xls for tasks to queue
[2021-11-02 12:12:05,211] {logging_mixin.py:109} INFO - [2021-11-02 12:12:05,211] {dagbag.py:500} INFO - Filling up the DagBag from /home/user/workspace/airflow/dags/excel_file/tranformation.xls
[2021-11-02 12:12:05,226] {processor.py:634} WARNING - No viable dags retrieved from /home/user/workspace/airflow/dags/excel_file/tranformation.xls
[2021-11-02 12:12:05,229] {processor.py:171} INFO - Processing /home/user/workspace/airflow/dags/excel_file/tranformation.xls took 0.022 seconds
[2021-11-02 12:12:36,667] {processor.py:163} INFO - Started process (PID=23914) to work on /home/user/workspace/airflow/dags/excel_file/tranformation.xls
[2021-11-02 12:12:36,668] {processor.py:620} INFO - Processing file /home/user/workspace/airflow/dags/excel_file/tranformation.xls for tasks to queue
[2021-11-02 12:12:36,668] {logging_mixin.py:109} INFO - [2021-11-02 12:12:36,668] {dagbag.py:500} INFO - Filling up the DagBag from /home/user/workspace/airflow/dags/excel_file/tranformation.xls
[2021-11-02 12:12:36,681] {processor.py:634} WARNING - No viable dags retrieved from /home/user/workspace/airflow/dags/excel_file/tranformation.xls
[2021-11-02 12:12:36,683] {processor.py:171} INFO - Processing /home/user/workspace/airflow/dags/excel_file/tranformation.xls took 0.019 seconds
[2021-11-02 12:13:07,801] {processor.py:163} INFO - Started process (PID=24442) to work on /home/user/workspace/airflow/dags/excel_file/tranformation.xls
[2021-11-02 12:13:07,802] {processor.py:620} INFO - Processing file /home/user/workspace/airflow/dags/excel_file/tranformation.xls for tasks to queue
[2021-11-02 12:13:07,803] {logging_mixin.py:109} INFO - [2021-11-02 12:13:07,802] {dagbag.py:500} INFO - Filling up the DagBag from /home/user/workspace/airflow/dags/excel_file/tranformation.xls
[2021-11-02 12:13:07,870] {processor.py:634} WARNING - No viable dags retrieved from /home/user/workspace/airflow/dags/excel_file/tranformation.xls
[2021-11-02 12:13:07,873] {processor.py:171} INFO - Processing /home/user/workspace/airflow/dags/excel_file/tranformation.xls took 0.074 seconds
[2021-11-02 12:13:40,321] {processor.py:163} INFO - Started process (PID=25026) to work on /home/user/workspace/airflow/dags/excel_file/tranformation.xls
[2021-11-02 12:13:40,322] {processor.py:620} INFO - Processing file /home/user/workspace/airflow/dags/excel_file/tranformation.xls for tasks to queue
[2021-11-02 12:13:40,322] {logging_mixin.py:109} INFO - [2021-11-02 12:13:40,322] {dagbag.py:500} INFO - Filling up the DagBag from /home/user/workspace/airflow/dags/excel_file/tranformation.xls
[2021-11-02 12:13:40,337] {processor.py:634} WARNING - No viable dags retrieved from /home/user/workspace/airflow/dags/excel_file/tranformation.xls
[2021-11-02 12:13:40,340] {processor.py:171} INFO - Processing /home/user/workspace/airflow/dags/excel_file/tranformation.xls took 0.022 seconds
[2021-11-02 12:14:12,262] {processor.py:163} INFO - Started process (PID=25545) to work on /home/user/workspace/airflow/dags/excel_file/tranformation.xls
[2021-11-02 12:14:12,263] {processor.py:620} INFO - Processing file /home/user/workspace/airflow/dags/excel_file/tranformation.xls for tasks to queue
[2021-11-02 12:14:12,264] {logging_mixin.py:109} INFO - [2021-11-02 12:14:12,263] {dagbag.py:500} INFO - Filling up the DagBag from /home/user/workspace/airflow/dags/excel_file/tranformation.xls
[2021-11-02 12:14:12,281] {processor.py:634} WARNING - No viable dags retrieved from /home/user/workspace/airflow/dags/excel_file/tranformation.xls
[2021-11-02 12:14:12,284] {processor.py:171} INFO - Processing /home/user/workspace/airflow/dags/excel_file/tranformation.xls took 0.025 seconds
[2021-11-02 12:14:43,552] {processor.py:163} INFO - Started process (PID=26060) to work on /home/user/workspace/airflow/dags/excel_file/tranformation.xls
[2021-11-02 12:14:43,553] {processor.py:620} INFO - Processing file /home/user/workspace/airflow/dags/excel_file/tranformation.xls for tasks to queue
[2021-11-02 12:14:43,554] {logging_mixin.py:109} INFO - [2021-11-02 12:14:43,554] {dagbag.py:500} INFO - Filling up the DagBag from /home/user/workspace/airflow/dags/excel_file/tranformation.xls
[2021-11-02 12:14:43,569] {processor.py:634} WARNING - No viable dags retrieved from /home/user/workspace/airflow/dags/excel_file/tranformation.xls
[2021-11-02 12:14:43,573] {processor.py:171} INFO - Processing /home/user/workspace/airflow/dags/excel_file/tranformation.xls took 0.024 seconds
[2021-11-02 12:15:15,813] {processor.py:163} INFO - Started process (PID=26564) to work on /home/user/workspace/airflow/dags/excel_file/tranformation.xls
[2021-11-02 12:15:15,814] {processor.py:620} INFO - Processing file /home/user/workspace/airflow/dags/excel_file/tranformation.xls for tasks to queue
[2021-11-02 12:15:15,815] {logging_mixin.py:109} INFO - [2021-11-02 12:15:15,815] {dagbag.py:500} INFO - Filling up the DagBag from /home/user/workspace/airflow/dags/excel_file/tranformation.xls
[2021-11-02 12:15:15,832] {processor.py:634} WARNING - No viable dags retrieved from /home/user/workspace/airflow/dags/excel_file/tranformation.xls
[2021-11-02 12:15:15,835] {processor.py:171} INFO - Processing /home/user/workspace/airflow/dags/excel_file/tranformation.xls took 0.024 seconds
[2021-11-02 12:15:47,000] {processor.py:163} INFO - Started process (PID=26996) to work on /home/user/workspace/airflow/dags/excel_file/tranformation.xls
[2021-11-02 12:15:47,001] {processor.py:620} INFO - Processing file /home/user/workspace/airflow/dags/excel_file/tranformation.xls for tasks to queue
[2021-11-02 12:15:47,001] {logging_mixin.py:109} INFO - [2021-11-02 12:15:47,001] {dagbag.py:500} INFO - Filling up the DagBag from /home/user/workspace/airflow/dags/excel_file/tranformation.xls
[2021-11-02 12:15:47,015] {processor.py:634} WARNING - No viable dags retrieved from /home/user/workspace/airflow/dags/excel_file/tranformation.xls
[2021-11-02 12:15:47,018] {processor.py:171} INFO - Processing /home/user/workspace/airflow/dags/excel_file/tranformation.xls took 0.021 seconds
[2021-11-02 12:16:20,156] {processor.py:163} INFO - Started process (PID=27457) to work on /home/user/workspace/airflow/dags/excel_file/tranformation.xls
[2021-11-02 12:16:20,158] {processor.py:620} INFO - Processing file /home/user/workspace/airflow/dags/excel_file/tranformation.xls for tasks to queue
[2021-11-02 12:16:20,158] {logging_mixin.py:109} INFO - [2021-11-02 12:16:20,158] {dagbag.py:500} INFO - Filling up the DagBag from /home/user/workspace/airflow/dags/excel_file/tranformation.xls
[2021-11-02 12:16:20,180] {processor.py:634} WARNING - No viable dags retrieved from /home/user/workspace/airflow/dags/excel_file/tranformation.xls
[2021-11-02 12:16:20,185] {processor.py:171} INFO - Processing /home/user/workspace/airflow/dags/excel_file/tranformation.xls took 0.033 seconds
[2021-11-02 12:16:56,032] {processor.py:163} INFO - Started process (PID=28068) to work on /home/user/workspace/airflow/dags/excel_file/tranformation.xls
[2021-11-02 12:16:56,034] {processor.py:620} INFO - Processing file /home/user/workspace/airflow/dags/excel_file/tranformation.xls for tasks to queue
[2021-11-02 12:16:56,035] {logging_mixin.py:109} INFO - [2021-11-02 12:16:56,035] {dagbag.py:500} INFO - Filling up the DagBag from /home/user/workspace/airflow/dags/excel_file/tranformation.xls
[2021-11-02 12:16:56,075] {processor.py:634} WARNING - No viable dags retrieved from /home/user/workspace/airflow/dags/excel_file/tranformation.xls
[2021-11-02 12:16:56,082] {processor.py:171} INFO - Processing /home/user/workspace/airflow/dags/excel_file/tranformation.xls took 0.056 seconds
[2021-11-02 12:17:27,689] {processor.py:163} INFO - Started process (PID=28523) to work on /home/user/workspace/airflow/dags/excel_file/tranformation.xls
[2021-11-02 12:17:27,690] {processor.py:620} INFO - Processing file /home/user/workspace/airflow/dags/excel_file/tranformation.xls for tasks to queue
[2021-11-02 12:17:27,691] {logging_mixin.py:109} INFO - [2021-11-02 12:17:27,691] {dagbag.py:500} INFO - Filling up the DagBag from /home/user/workspace/airflow/dags/excel_file/tranformation.xls
[2021-11-02 12:17:27,716] {processor.py:634} WARNING - No viable dags retrieved from /home/user/workspace/airflow/dags/excel_file/tranformation.xls
[2021-11-02 12:17:27,720] {processor.py:171} INFO - Processing /home/user/workspace/airflow/dags/excel_file/tranformation.xls took 0.039 seconds
[2021-11-02 12:18:00,495] {processor.py:163} INFO - Started process (PID=29079) to work on /home/user/workspace/airflow/dags/excel_file/tranformation.xls
[2021-11-02 12:18:00,496] {processor.py:620} INFO - Processing file /home/user/workspace/airflow/dags/excel_file/tranformation.xls for tasks to queue
[2021-11-02 12:18:00,497] {logging_mixin.py:109} INFO - [2021-11-02 12:18:00,497] {dagbag.py:500} INFO - Filling up the DagBag from /home/user/workspace/airflow/dags/excel_file/tranformation.xls
[2021-11-02 12:18:00,527] {processor.py:634} WARNING - No viable dags retrieved from /home/user/workspace/airflow/dags/excel_file/tranformation.xls
[2021-11-02 12:18:00,534] {processor.py:171} INFO - Processing /home/user/workspace/airflow/dags/excel_file/tranformation.xls took 0.046 seconds
[2021-11-02 12:18:31,734] {processor.py:163} INFO - Started process (PID=29573) to work on /home/user/workspace/airflow/dags/excel_file/tranformation.xls
[2021-11-02 12:18:31,735] {processor.py:620} INFO - Processing file /home/user/workspace/airflow/dags/excel_file/tranformation.xls for tasks to queue
[2021-11-02 12:18:31,735] {logging_mixin.py:109} INFO - [2021-11-02 12:18:31,735] {dagbag.py:500} INFO - Filling up the DagBag from /home/user/workspace/airflow/dags/excel_file/tranformation.xls
[2021-11-02 12:18:31,751] {processor.py:634} WARNING - No viable dags retrieved from /home/user/workspace/airflow/dags/excel_file/tranformation.xls
[2021-11-02 12:18:31,754] {processor.py:171} INFO - Processing /home/user/workspace/airflow/dags/excel_file/tranformation.xls took 0.023 seconds
[2021-11-02 12:19:03,613] {processor.py:163} INFO - Started process (PID=30165) to work on /home/user/workspace/airflow/dags/excel_file/tranformation.xls
[2021-11-02 12:19:03,614] {processor.py:620} INFO - Processing file /home/user/workspace/airflow/dags/excel_file/tranformation.xls for tasks to queue
[2021-11-02 12:19:03,614] {logging_mixin.py:109} INFO - [2021-11-02 12:19:03,614] {dagbag.py:500} INFO - Filling up the DagBag from /home/user/workspace/airflow/dags/excel_file/tranformation.xls
[2021-11-02 12:19:03,630] {processor.py:634} WARNING - No viable dags retrieved from /home/user/workspace/airflow/dags/excel_file/tranformation.xls
[2021-11-02 12:19:03,633] {processor.py:171} INFO - Processing /home/user/workspace/airflow/dags/excel_file/tranformation.xls took 0.024 seconds
[2021-11-02 12:19:34,825] {processor.py:163} INFO - Started process (PID=30757) to work on /home/user/workspace/airflow/dags/excel_file/tranformation.xls
[2021-11-02 12:19:34,826] {processor.py:620} INFO - Processing file /home/user/workspace/airflow/dags/excel_file/tranformation.xls for tasks to queue
[2021-11-02 12:19:34,826] {logging_mixin.py:109} INFO - [2021-11-02 12:19:34,826] {dagbag.py:500} INFO - Filling up the DagBag from /home/user/workspace/airflow/dags/excel_file/tranformation.xls
[2021-11-02 12:19:34,843] {processor.py:634} WARNING - No viable dags retrieved from /home/user/workspace/airflow/dags/excel_file/tranformation.xls
[2021-11-02 12:19:34,846] {processor.py:171} INFO - Processing /home/user/workspace/airflow/dags/excel_file/tranformation.xls took 0.024 seconds
[2021-11-02 12:20:07,375] {processor.py:163} INFO - Started process (PID=31332) to work on /home/user/workspace/airflow/dags/excel_file/tranformation.xls
[2021-11-02 12:20:07,376] {processor.py:620} INFO - Processing file /home/user/workspace/airflow/dags/excel_file/tranformation.xls for tasks to queue
[2021-11-02 12:20:07,377] {logging_mixin.py:109} INFO - [2021-11-02 12:20:07,376] {dagbag.py:500} INFO - Filling up the DagBag from /home/user/workspace/airflow/dags/excel_file/tranformation.xls
[2021-11-02 12:20:07,406] {processor.py:634} WARNING - No viable dags retrieved from /home/user/workspace/airflow/dags/excel_file/tranformation.xls
[2021-11-02 12:20:07,410] {processor.py:171} INFO - Processing /home/user/workspace/airflow/dags/excel_file/tranformation.xls took 0.038 seconds
[2021-11-02 12:20:38,818] {processor.py:163} INFO - Started process (PID=31978) to work on /home/user/workspace/airflow/dags/excel_file/tranformation.xls
[2021-11-02 12:20:38,819] {processor.py:620} INFO - Processing file /home/user/workspace/airflow/dags/excel_file/tranformation.xls for tasks to queue
[2021-11-02 12:20:38,819] {logging_mixin.py:109} INFO - [2021-11-02 12:20:38,819] {dagbag.py:500} INFO - Filling up the DagBag from /home/user/workspace/airflow/dags/excel_file/tranformation.xls
[2021-11-02 12:20:38,829] {processor.py:634} WARNING - No viable dags retrieved from /home/user/workspace/airflow/dags/excel_file/tranformation.xls
[2021-11-02 12:20:38,831] {processor.py:171} INFO - Processing /home/user/workspace/airflow/dags/excel_file/tranformation.xls took 0.015 seconds
[2021-11-02 12:21:10,482] {processor.py:163} INFO - Started process (PID=32728) to work on /home/user/workspace/airflow/dags/excel_file/tranformation.xls
[2021-11-02 12:21:10,483] {processor.py:620} INFO - Processing file /home/user/workspace/airflow/dags/excel_file/tranformation.xls for tasks to queue
[2021-11-02 12:21:10,483] {logging_mixin.py:109} INFO - [2021-11-02 12:21:10,483] {dagbag.py:500} INFO - Filling up the DagBag from /home/user/workspace/airflow/dags/excel_file/tranformation.xls
[2021-11-02 12:21:10,494] {processor.py:634} WARNING - No viable dags retrieved from /home/user/workspace/airflow/dags/excel_file/tranformation.xls
[2021-11-02 12:21:10,496] {processor.py:171} INFO - Processing /home/user/workspace/airflow/dags/excel_file/tranformation.xls took 0.016 seconds
[2021-11-02 12:21:41,827] {processor.py:163} INFO - Started process (PID=1140) to work on /home/user/workspace/airflow/dags/excel_file/tranformation.xls
[2021-11-02 12:21:41,828] {processor.py:620} INFO - Processing file /home/user/workspace/airflow/dags/excel_file/tranformation.xls for tasks to queue
[2021-11-02 12:21:41,829] {logging_mixin.py:109} INFO - [2021-11-02 12:21:41,828] {dagbag.py:500} INFO - Filling up the DagBag from /home/user/workspace/airflow/dags/excel_file/tranformation.xls
[2021-11-02 12:21:41,840] {processor.py:634} WARNING - No viable dags retrieved from /home/user/workspace/airflow/dags/excel_file/tranformation.xls
[2021-11-02 12:21:41,842] {processor.py:171} INFO - Processing /home/user/workspace/airflow/dags/excel_file/tranformation.xls took 0.016 seconds
[2021-11-02 12:22:12,875] {processor.py:163} INFO - Started process (PID=2261) to work on /home/user/workspace/airflow/dags/excel_file/tranformation.xls
[2021-11-02 12:22:12,875] {processor.py:620} INFO - Processing file /home/user/workspace/airflow/dags/excel_file/tranformation.xls for tasks to queue
[2021-11-02 12:22:12,876] {logging_mixin.py:109} INFO - [2021-11-02 12:22:12,876] {dagbag.py:500} INFO - Filling up the DagBag from /home/user/workspace/airflow/dags/excel_file/tranformation.xls
[2021-11-02 12:22:12,888] {processor.py:634} WARNING - No viable dags retrieved from /home/user/workspace/airflow/dags/excel_file/tranformation.xls
[2021-11-02 12:22:12,891] {processor.py:171} INFO - Processing /home/user/workspace/airflow/dags/excel_file/tranformation.xls took 0.018 seconds
[2021-11-02 12:22:44,022] {processor.py:163} INFO - Started process (PID=3436) to work on /home/user/workspace/airflow/dags/excel_file/tranformation.xls
[2021-11-02 12:22:44,023] {processor.py:620} INFO - Processing file /home/user/workspace/airflow/dags/excel_file/tranformation.xls for tasks to queue
[2021-11-02 12:22:44,023] {logging_mixin.py:109} INFO - [2021-11-02 12:22:44,023] {dagbag.py:500} INFO - Filling up the DagBag from /home/user/workspace/airflow/dags/excel_file/tranformation.xls
[2021-11-02 12:22:44,036] {processor.py:634} WARNING - No viable dags retrieved from /home/user/workspace/airflow/dags/excel_file/tranformation.xls
[2021-11-02 12:22:44,039] {processor.py:171} INFO - Processing /home/user/workspace/airflow/dags/excel_file/tranformation.xls took 0.019 seconds
[2021-11-02 12:23:14,746] {processor.py:163} INFO - Started process (PID=4238) to work on /home/user/workspace/airflow/dags/excel_file/tranformation.xls
[2021-11-02 12:23:14,747] {processor.py:620} INFO - Processing file /home/user/workspace/airflow/dags/excel_file/tranformation.xls for tasks to queue
[2021-11-02 12:23:14,747] {logging_mixin.py:109} INFO - [2021-11-02 12:23:14,747] {dagbag.py:500} INFO - Filling up the DagBag from /home/user/workspace/airflow/dags/excel_file/tranformation.xls
[2021-11-02 12:23:14,758] {processor.py:634} WARNING - No viable dags retrieved from /home/user/workspace/airflow/dags/excel_file/tranformation.xls
[2021-11-02 12:23:14,760] {processor.py:171} INFO - Processing /home/user/workspace/airflow/dags/excel_file/tranformation.xls took 0.016 seconds
[2021-11-02 12:23:46,703] {processor.py:163} INFO - Started process (PID=5215) to work on /home/user/workspace/airflow/dags/excel_file/tranformation.xls
[2021-11-02 12:23:46,704] {processor.py:620} INFO - Processing file /home/user/workspace/airflow/dags/excel_file/tranformation.xls for tasks to queue
[2021-11-02 12:23:46,704] {logging_mixin.py:109} INFO - [2021-11-02 12:23:46,704] {dagbag.py:500} INFO - Filling up the DagBag from /home/user/workspace/airflow/dags/excel_file/tranformation.xls
[2021-11-02 12:23:46,722] {processor.py:634} WARNING - No viable dags retrieved from /home/user/workspace/airflow/dags/excel_file/tranformation.xls
[2021-11-02 12:23:46,734] {processor.py:171} INFO - Processing /home/user/workspace/airflow/dags/excel_file/tranformation.xls took 0.034 seconds
[2021-11-02 12:24:17,611] {processor.py:163} INFO - Started process (PID=5833) to work on /home/user/workspace/airflow/dags/excel_file/tranformation.xls
[2021-11-02 12:24:17,612] {processor.py:620} INFO - Processing file /home/user/workspace/airflow/dags/excel_file/tranformation.xls for tasks to queue
[2021-11-02 12:24:17,612] {logging_mixin.py:109} INFO - [2021-11-02 12:24:17,612] {dagbag.py:500} INFO - Filling up the DagBag from /home/user/workspace/airflow/dags/excel_file/tranformation.xls
[2021-11-02 12:24:17,622] {processor.py:634} WARNING - No viable dags retrieved from /home/user/workspace/airflow/dags/excel_file/tranformation.xls
[2021-11-02 12:24:17,624] {processor.py:171} INFO - Processing /home/user/workspace/airflow/dags/excel_file/tranformation.xls took 0.015 seconds
[2021-11-02 12:24:48,269] {processor.py:163} INFO - Started process (PID=6538) to work on /home/user/workspace/airflow/dags/excel_file/tranformation.xls
[2021-11-02 12:24:48,269] {processor.py:620} INFO - Processing file /home/user/workspace/airflow/dags/excel_file/tranformation.xls for tasks to queue
[2021-11-02 12:24:48,270] {logging_mixin.py:109} INFO - [2021-11-02 12:24:48,270] {dagbag.py:500} INFO - Filling up the DagBag from /home/user/workspace/airflow/dags/excel_file/tranformation.xls
[2021-11-02 12:24:48,281] {processor.py:634} WARNING - No viable dags retrieved from /home/user/workspace/airflow/dags/excel_file/tranformation.xls
[2021-11-02 12:24:48,284] {processor.py:171} INFO - Processing /home/user/workspace/airflow/dags/excel_file/tranformation.xls took 0.017 seconds
[2021-11-02 12:25:18,998] {processor.py:163} INFO - Started process (PID=7286) to work on /home/user/workspace/airflow/dags/excel_file/tranformation.xls
[2021-11-02 12:25:18,999] {processor.py:620} INFO - Processing file /home/user/workspace/airflow/dags/excel_file/tranformation.xls for tasks to queue
[2021-11-02 12:25:18,999] {logging_mixin.py:109} INFO - [2021-11-02 12:25:18,999] {dagbag.py:500} INFO - Filling up the DagBag from /home/user/workspace/airflow/dags/excel_file/tranformation.xls
[2021-11-02 12:25:19,009] {processor.py:634} WARNING - No viable dags retrieved from /home/user/workspace/airflow/dags/excel_file/tranformation.xls
[2021-11-02 12:25:19,011] {processor.py:171} INFO - Processing /home/user/workspace/airflow/dags/excel_file/tranformation.xls took 0.015 seconds
[2021-11-02 12:25:49,821] {processor.py:163} INFO - Started process (PID=7964) to work on /home/user/workspace/airflow/dags/excel_file/tranformation.xls
[2021-11-02 12:25:49,822] {processor.py:620} INFO - Processing file /home/user/workspace/airflow/dags/excel_file/tranformation.xls for tasks to queue
[2021-11-02 12:25:49,822] {logging_mixin.py:109} INFO - [2021-11-02 12:25:49,822] {dagbag.py:500} INFO - Filling up the DagBag from /home/user/workspace/airflow/dags/excel_file/tranformation.xls
[2021-11-02 12:25:49,838] {processor.py:634} WARNING - No viable dags retrieved from /home/user/workspace/airflow/dags/excel_file/tranformation.xls
[2021-11-02 12:25:49,841] {processor.py:171} INFO - Processing /home/user/workspace/airflow/dags/excel_file/tranformation.xls took 0.024 seconds
[2021-11-02 12:26:21,612] {processor.py:163} INFO - Started process (PID=8596) to work on /home/user/workspace/airflow/dags/excel_file/tranformation.xls
[2021-11-02 12:26:21,613] {processor.py:620} INFO - Processing file /home/user/workspace/airflow/dags/excel_file/tranformation.xls for tasks to queue
[2021-11-02 12:26:21,614] {logging_mixin.py:109} INFO - [2021-11-02 12:26:21,614] {dagbag.py:500} INFO - Filling up the DagBag from /home/user/workspace/airflow/dags/excel_file/tranformation.xls
[2021-11-02 12:26:21,629] {processor.py:634} WARNING - No viable dags retrieved from /home/user/workspace/airflow/dags/excel_file/tranformation.xls
[2021-11-02 12:26:21,632] {processor.py:171} INFO - Processing /home/user/workspace/airflow/dags/excel_file/tranformation.xls took 0.024 seconds
[2021-11-02 12:26:52,330] {processor.py:163} INFO - Started process (PID=9293) to work on /home/user/workspace/airflow/dags/excel_file/tranformation.xls
[2021-11-02 12:26:52,331] {processor.py:620} INFO - Processing file /home/user/workspace/airflow/dags/excel_file/tranformation.xls for tasks to queue
[2021-11-02 12:26:52,332] {logging_mixin.py:109} INFO - [2021-11-02 12:26:52,331] {dagbag.py:500} INFO - Filling up the DagBag from /home/user/workspace/airflow/dags/excel_file/tranformation.xls
[2021-11-02 12:26:52,344] {processor.py:634} WARNING - No viable dags retrieved from /home/user/workspace/airflow/dags/excel_file/tranformation.xls
[2021-11-02 12:26:52,346] {processor.py:171} INFO - Processing /home/user/workspace/airflow/dags/excel_file/tranformation.xls took 0.019 seconds
[2021-11-02 12:27:23,433] {processor.py:163} INFO - Started process (PID=9901) to work on /home/user/workspace/airflow/dags/excel_file/tranformation.xls
[2021-11-02 12:27:23,434] {processor.py:620} INFO - Processing file /home/user/workspace/airflow/dags/excel_file/tranformation.xls for tasks to queue
[2021-11-02 12:27:23,435] {logging_mixin.py:109} INFO - [2021-11-02 12:27:23,435] {dagbag.py:500} INFO - Filling up the DagBag from /home/user/workspace/airflow/dags/excel_file/tranformation.xls
[2021-11-02 12:27:23,468] {processor.py:634} WARNING - No viable dags retrieved from /home/user/workspace/airflow/dags/excel_file/tranformation.xls
[2021-11-02 12:27:23,473] {processor.py:171} INFO - Processing /home/user/workspace/airflow/dags/excel_file/tranformation.xls took 0.044 seconds
[2021-11-02 12:27:54,573] {processor.py:163} INFO - Started process (PID=10508) to work on /home/user/workspace/airflow/dags/excel_file/tranformation.xls
[2021-11-02 12:27:54,574] {processor.py:620} INFO - Processing file /home/user/workspace/airflow/dags/excel_file/tranformation.xls for tasks to queue
[2021-11-02 12:27:54,574] {logging_mixin.py:109} INFO - [2021-11-02 12:27:54,574] {dagbag.py:500} INFO - Filling up the DagBag from /home/user/workspace/airflow/dags/excel_file/tranformation.xls
[2021-11-02 12:27:54,587] {processor.py:634} WARNING - No viable dags retrieved from /home/user/workspace/airflow/dags/excel_file/tranformation.xls
[2021-11-02 12:27:54,590] {processor.py:171} INFO - Processing /home/user/workspace/airflow/dags/excel_file/tranformation.xls took 0.020 seconds
[2021-11-02 12:28:26,158] {processor.py:163} INFO - Started process (PID=11134) to work on /home/user/workspace/airflow/dags/excel_file/tranformation.xls
[2021-11-02 12:28:26,158] {processor.py:620} INFO - Processing file /home/user/workspace/airflow/dags/excel_file/tranformation.xls for tasks to queue
[2021-11-02 12:28:26,159] {logging_mixin.py:109} INFO - [2021-11-02 12:28:26,159] {dagbag.py:500} INFO - Filling up the DagBag from /home/user/workspace/airflow/dags/excel_file/tranformation.xls
[2021-11-02 12:28:26,173] {processor.py:634} WARNING - No viable dags retrieved from /home/user/workspace/airflow/dags/excel_file/tranformation.xls
[2021-11-02 12:28:26,176] {processor.py:171} INFO - Processing /home/user/workspace/airflow/dags/excel_file/tranformation.xls took 0.020 seconds
[2021-11-02 12:28:57,673] {processor.py:163} INFO - Started process (PID=11781) to work on /home/user/workspace/airflow/dags/excel_file/tranformation.xls
[2021-11-02 12:28:57,674] {processor.py:620} INFO - Processing file /home/user/workspace/airflow/dags/excel_file/tranformation.xls for tasks to queue
[2021-11-02 12:28:57,675] {logging_mixin.py:109} INFO - [2021-11-02 12:28:57,675] {dagbag.py:500} INFO - Filling up the DagBag from /home/user/workspace/airflow/dags/excel_file/tranformation.xls
[2021-11-02 12:28:57,695] {processor.py:634} WARNING - No viable dags retrieved from /home/user/workspace/airflow/dags/excel_file/tranformation.xls
[2021-11-02 12:28:57,700] {processor.py:171} INFO - Processing /home/user/workspace/airflow/dags/excel_file/tranformation.xls took 0.034 seconds
[2021-11-02 12:29:28,733] {processor.py:163} INFO - Started process (PID=12452) to work on /home/user/workspace/airflow/dags/excel_file/tranformation.xls
[2021-11-02 12:29:28,734] {processor.py:620} INFO - Processing file /home/user/workspace/airflow/dags/excel_file/tranformation.xls for tasks to queue
[2021-11-02 12:29:28,734] {logging_mixin.py:109} INFO - [2021-11-02 12:29:28,734] {dagbag.py:500} INFO - Filling up the DagBag from /home/user/workspace/airflow/dags/excel_file/tranformation.xls
[2021-11-02 12:29:28,747] {processor.py:634} WARNING - No viable dags retrieved from /home/user/workspace/airflow/dags/excel_file/tranformation.xls
[2021-11-02 12:29:28,750] {processor.py:171} INFO - Processing /home/user/workspace/airflow/dags/excel_file/tranformation.xls took 0.019 seconds
[2021-11-02 12:29:59,326] {processor.py:163} INFO - Started process (PID=13143) to work on /home/user/workspace/airflow/dags/excel_file/tranformation.xls
[2021-11-02 12:29:59,327] {processor.py:620} INFO - Processing file /home/user/workspace/airflow/dags/excel_file/tranformation.xls for tasks to queue
[2021-11-02 12:29:59,327] {logging_mixin.py:109} INFO - [2021-11-02 12:29:59,327] {dagbag.py:500} INFO - Filling up the DagBag from /home/user/workspace/airflow/dags/excel_file/tranformation.xls
[2021-11-02 12:29:59,341] {processor.py:634} WARNING - No viable dags retrieved from /home/user/workspace/airflow/dags/excel_file/tranformation.xls
[2021-11-02 12:29:59,343] {processor.py:171} INFO - Processing /home/user/workspace/airflow/dags/excel_file/tranformation.xls took 0.021 seconds
[2021-11-02 12:30:30,812] {processor.py:163} INFO - Started process (PID=13832) to work on /home/user/workspace/airflow/dags/excel_file/tranformation.xls
[2021-11-02 12:30:30,813] {processor.py:620} INFO - Processing file /home/user/workspace/airflow/dags/excel_file/tranformation.xls for tasks to queue
[2021-11-02 12:30:30,816] {logging_mixin.py:109} INFO - [2021-11-02 12:30:30,815] {dagbag.py:500} INFO - Filling up the DagBag from /home/user/workspace/airflow/dags/excel_file/tranformation.xls
[2021-11-02 12:30:30,837] {processor.py:634} WARNING - No viable dags retrieved from /home/user/workspace/airflow/dags/excel_file/tranformation.xls
[2021-11-02 12:30:30,841] {processor.py:171} INFO - Processing /home/user/workspace/airflow/dags/excel_file/tranformation.xls took 0.037 seconds
[2021-11-02 12:31:01,422] {processor.py:163} INFO - Started process (PID=14552) to work on /home/user/workspace/airflow/dags/excel_file/tranformation.xls
[2021-11-02 12:31:01,422] {processor.py:620} INFO - Processing file /home/user/workspace/airflow/dags/excel_file/tranformation.xls for tasks to queue
[2021-11-02 12:31:01,423] {logging_mixin.py:109} INFO - [2021-11-02 12:31:01,423] {dagbag.py:500} INFO - Filling up the DagBag from /home/user/workspace/airflow/dags/excel_file/tranformation.xls
[2021-11-02 12:31:01,436] {processor.py:634} WARNING - No viable dags retrieved from /home/user/workspace/airflow/dags/excel_file/tranformation.xls
[2021-11-02 12:31:01,438] {processor.py:171} INFO - Processing /home/user/workspace/airflow/dags/excel_file/tranformation.xls took 0.019 seconds
[2021-11-02 12:31:33,001] {processor.py:163} INFO - Started process (PID=15251) to work on /home/user/workspace/airflow/dags/excel_file/tranformation.xls
[2021-11-02 12:31:33,002] {processor.py:620} INFO - Processing file /home/user/workspace/airflow/dags/excel_file/tranformation.xls for tasks to queue
[2021-11-02 12:31:33,002] {logging_mixin.py:109} INFO - [2021-11-02 12:31:33,002] {dagbag.py:500} INFO - Filling up the DagBag from /home/user/workspace/airflow/dags/excel_file/tranformation.xls
[2021-11-02 12:31:33,015] {processor.py:634} WARNING - No viable dags retrieved from /home/user/workspace/airflow/dags/excel_file/tranformation.xls
[2021-11-02 12:31:33,018] {processor.py:171} INFO - Processing /home/user/workspace/airflow/dags/excel_file/tranformation.xls took 0.021 seconds
[2021-11-02 12:32:03,694] {processor.py:163} INFO - Started process (PID=15964) to work on /home/user/workspace/airflow/dags/excel_file/tranformation.xls
[2021-11-02 12:32:03,695] {processor.py:620} INFO - Processing file /home/user/workspace/airflow/dags/excel_file/tranformation.xls for tasks to queue
[2021-11-02 12:32:03,695] {logging_mixin.py:109} INFO - [2021-11-02 12:32:03,695] {dagbag.py:500} INFO - Filling up the DagBag from /home/user/workspace/airflow/dags/excel_file/tranformation.xls
[2021-11-02 12:32:03,710] {processor.py:634} WARNING - No viable dags retrieved from /home/user/workspace/airflow/dags/excel_file/tranformation.xls
[2021-11-02 12:32:03,713] {processor.py:171} INFO - Processing /home/user/workspace/airflow/dags/excel_file/tranformation.xls took 0.022 seconds
[2021-11-02 12:32:35,097] {processor.py:163} INFO - Started process (PID=16773) to work on /home/user/workspace/airflow/dags/excel_file/tranformation.xls
[2021-11-02 12:32:35,098] {processor.py:620} INFO - Processing file /home/user/workspace/airflow/dags/excel_file/tranformation.xls for tasks to queue
[2021-11-02 12:32:35,099] {logging_mixin.py:109} INFO - [2021-11-02 12:32:35,099] {dagbag.py:500} INFO - Filling up the DagBag from /home/user/workspace/airflow/dags/excel_file/tranformation.xls
[2021-11-02 12:32:35,114] {processor.py:634} WARNING - No viable dags retrieved from /home/user/workspace/airflow/dags/excel_file/tranformation.xls
[2021-11-02 12:32:35,117] {processor.py:171} INFO - Processing /home/user/workspace/airflow/dags/excel_file/tranformation.xls took 0.023 seconds
