[2021-10-14 17:35:23,162] {taskinstance.py:1035} INFO - Dependencies all met for <TaskInstance: example_variables.get_variable_json scheduled__2021-10-14T00:00:00+00:00 [queued]>
[2021-10-14 17:35:23,178] {taskinstance.py:1035} INFO - Dependencies all met for <TaskInstance: example_variables.get_variable_json scheduled__2021-10-14T00:00:00+00:00 [queued]>
[2021-10-14 17:35:23,179] {taskinstance.py:1241} INFO - 
--------------------------------------------------------------------------------
[2021-10-14 17:35:23,179] {taskinstance.py:1242} INFO - Starting attempt 1 of 1
[2021-10-14 17:35:23,179] {taskinstance.py:1243} INFO - 
--------------------------------------------------------------------------------
[2021-10-14 17:35:23,192] {taskinstance.py:1262} INFO - Executing <Task(BashOperator): get_variable_json> on 2021-10-14 00:00:00+00:00
[2021-10-14 17:35:23,194] {standard_task_runner.py:52} INFO - Started process 20566 to run task
[2021-10-14 17:35:23,199] {standard_task_runner.py:76} INFO - Running: ['airflow', 'tasks', 'run', 'example_variables', 'get_variable_json', 'scheduled__2021-10-14T00:00:00+00:00', '--job-id', '68', '--raw', '--subdir', 'DAGS_FOLDER/variable.py', '--cfg-path', '/tmp/tmpc1l2mq35', '--error-file', '/tmp/tmpz1c5oi33']
[2021-10-14 17:35:23,201] {standard_task_runner.py:77} INFO - Job 68: Subtask get_variable_json
[2021-10-14 17:35:23,241] {logging_mixin.py:109} INFO - Running <TaskInstance: example_variables.get_variable_json scheduled__2021-10-14T00:00:00+00:00 [running]> on host user-Latitude-3410
[2021-10-14 17:35:23,289] {taskinstance.py:1414} INFO - Exporting the following env vars:
AIRFLOW_CTX_DAG_OWNER=airflow
AIRFLOW_CTX_DAG_ID=example_variables
AIRFLOW_CTX_TASK_ID=get_variable_json
AIRFLOW_CTX_EXECUTION_DATE=2021-10-14T00:00:00+00:00
AIRFLOW_CTX_DAG_RUN_ID=scheduled__2021-10-14T00:00:00+00:00
[2021-10-14 17:35:23,290] {subprocess.py:62} INFO - Tmp dir root location: 
 /tmp
[2021-10-14 17:35:23,291] {subprocess.py:74} INFO - Running command: ['bash', '-c', "echo {'var1': 'value1', 'var2': [1, 2, 3], 'var3': {'k': 'value3'}}"]
[2021-10-14 17:35:23,299] {subprocess.py:85} INFO - Output:
[2021-10-14 17:35:23,301] {subprocess.py:89} INFO - {var1: value1, var2: [1, 2, 3], var3: {k: value3}}
[2021-10-14 17:35:23,301] {subprocess.py:93} INFO - Command exited with return code 0
[2021-10-14 17:35:23,323] {taskinstance.py:1280} INFO - Marking task as SUCCESS. dag_id=example_variables, task_id=get_variable_json, execution_date=20211014T000000, start_date=20211014T120523, end_date=20211014T120523
[2021-10-14 17:35:23,371] {local_task_job.py:154} INFO - Task exited with return code 0
[2021-10-14 17:35:23,392] {local_task_job.py:264} INFO - 0 downstream tasks scheduled from follow-on schedule check
