[2021-10-14 11:49:19,243] {taskinstance.py:1035} INFO - Dependencies all met for <TaskInstance: example_bash_operator.runme_2 scheduled__2021-10-13T00:00:00+00:00 [queued]>
[2021-10-14 11:49:19,254] {taskinstance.py:1035} INFO - Dependencies all met for <TaskInstance: example_bash_operator.runme_2 scheduled__2021-10-13T00:00:00+00:00 [queued]>
[2021-10-14 11:49:19,254] {taskinstance.py:1241} INFO - 
--------------------------------------------------------------------------------
[2021-10-14 11:49:19,254] {taskinstance.py:1242} INFO - Starting attempt 1 of 1
[2021-10-14 11:49:19,254] {taskinstance.py:1243} INFO - 
--------------------------------------------------------------------------------
[2021-10-14 11:49:19,268] {taskinstance.py:1262} INFO - Executing <Task(BashOperator): runme_2> on 2021-10-13 00:00:00+00:00
[2021-10-14 11:49:19,271] {standard_task_runner.py:52} INFO - Started process 20084 to run task
[2021-10-14 11:49:19,278] {standard_task_runner.py:76} INFO - Running: ['airflow', 'tasks', 'run', 'example_bash_operator', 'runme_2', 'scheduled__2021-10-13T00:00:00+00:00', '--job-id', '4', '--raw', '--subdir', '/home/user/workspace/airflow/airflow_env/lib/python3.6/site-packages/airflow/example_dags/example_bash_operator.py', '--cfg-path', '/tmp/tmpsly2wd6s', '--error-file', '/tmp/tmpd3jz2gy_']
[2021-10-14 11:49:19,279] {standard_task_runner.py:77} INFO - Job 4: Subtask runme_2
[2021-10-14 11:49:19,303] {logging_mixin.py:109} INFO - Running <TaskInstance: example_bash_operator.runme_2 scheduled__2021-10-13T00:00:00+00:00 [running]> on host user-Latitude-3410
[2021-10-14 11:49:19,335] {taskinstance.py:1414} INFO - Exporting the following env vars:
AIRFLOW_CTX_DAG_OWNER=airflow
AIRFLOW_CTX_DAG_ID=example_bash_operator
AIRFLOW_CTX_TASK_ID=runme_2
AIRFLOW_CTX_EXECUTION_DATE=2021-10-13T00:00:00+00:00
AIRFLOW_CTX_DAG_RUN_ID=scheduled__2021-10-13T00:00:00+00:00
[2021-10-14 11:49:19,336] {subprocess.py:62} INFO - Tmp dir root location: 
 /tmp
[2021-10-14 11:49:19,336] {subprocess.py:74} INFO - Running command: ['bash', '-c', 'echo "example_bash_operator__runme_2__20211013" && sleep 1']
[2021-10-14 11:49:19,349] {subprocess.py:85} INFO - Output:
[2021-10-14 11:49:19,350] {subprocess.py:89} INFO - example_bash_operator__runme_2__20211013
[2021-10-14 11:49:20,351] {subprocess.py:93} INFO - Command exited with return code 0
[2021-10-14 11:49:20,393] {taskinstance.py:1280} INFO - Marking task as SUCCESS. dag_id=example_bash_operator, task_id=runme_2, execution_date=20211013T000000, start_date=20211014T061919, end_date=20211014T061920
[2021-10-14 11:49:20,411] {local_task_job.py:154} INFO - Task exited with return code 0
[2021-10-14 11:49:20,433] {local_task_job.py:264} INFO - 1 downstream tasks scheduled from follow-on schedule check
