[2021-10-29 11:34:29,826] {taskinstance.py:1035} INFO - Dependencies all met for <TaskInstance: transformation.add_column manual__2021-10-29T06:02:38.142543+00:00 [queued]>
[2021-10-29 11:34:29,873] {taskinstance.py:1035} INFO - Dependencies all met for <TaskInstance: transformation.add_column manual__2021-10-29T06:02:38.142543+00:00 [queued]>
[2021-10-29 11:34:29,873] {taskinstance.py:1241} INFO - 
--------------------------------------------------------------------------------
[2021-10-29 11:34:29,873] {taskinstance.py:1242} INFO - Starting attempt 1 of 2
[2021-10-29 11:34:29,873] {taskinstance.py:1243} INFO - 
--------------------------------------------------------------------------------
[2021-10-29 11:34:29,922] {taskinstance.py:1262} INFO - Executing <Task(PythonOperator): add_column> on 2021-10-29 06:02:38.142543+00:00
[2021-10-29 11:34:29,933] {standard_task_runner.py:52} INFO - Started process 24939 to run task
[2021-10-29 11:34:29,953] {standard_task_runner.py:76} INFO - Running: ['airflow', 'tasks', 'run', 'transformation', 'add_column', 'manual__2021-10-29T06:02:38.142543+00:00', '--job-id', '5', '--raw', '--subdir', 'DAGS_FOLDER/transformation.py', '--cfg-path', '/tmp/tmpjlst5s5z', '--error-file', '/tmp/tmpsz9_w0s0']
[2021-10-29 11:34:29,968] {standard_task_runner.py:77} INFO - Job 5: Subtask add_column
[2021-10-29 11:34:30,091] {logging_mixin.py:109} INFO - Running <TaskInstance: transformation.add_column manual__2021-10-29T06:02:38.142543+00:00 [running]> on host user-Latitude-3410
[2021-10-29 11:34:30,244] {taskinstance.py:1414} INFO - Exporting the following env vars:
AIRFLOW_CTX_DAG_EMAIL=shindesushant818@gmail.com
AIRFLOW_CTX_DAG_OWNER=airflow
AIRFLOW_CTX_DAG_ID=transformation
AIRFLOW_CTX_TASK_ID=add_column
AIRFLOW_CTX_EXECUTION_DATE=2021-10-29T06:02:38.142543+00:00
AIRFLOW_CTX_DAG_RUN_ID=manual__2021-10-29T06:02:38.142543+00:00
[2021-10-29 11:34:30,344] {logging_mixin.py:109} INFO -    first_name  startdate  makrs  file_name
0     sushant 2021-11-12     12  file1.xls
1      saloni 2021-11-13     12  file1.xls
2          om 2021-11-13     13  file1.xls
3     shubham 2021-11-13     89  file1.xls
4      divesh 2021-11-12    843  file1.xls
5     sushant 2021-11-12     12  file2.xls
6     sushant 2021-11-13     12  file2.xls
7     sushant 2021-11-13     13  file2.xls
8     shubham 2021-11-13     89  file2.xls
9      divesh 2021-11-12    843  file2.xls
10      gopal 2021-11-12     12  file3.xls
11     vishal 2021-11-13     12  file3.xls
12      suraj 2021-11-13     13  file3.xls
13    shubham 2021-11-13     89  file3.xls
14     divesh 2021-11-12    843  file3.xls
[2021-10-29 11:34:30,349] {logging_mixin.py:109} INFO - 144
[2021-10-29 11:34:30,349] {logging_mixin.py:109} INFO - 144
[2021-10-29 11:34:30,350] {logging_mixin.py:109} INFO - 156
[2021-10-29 11:34:30,350] {logging_mixin.py:109} INFO - 1068
[2021-10-29 11:34:30,350] {logging_mixin.py:109} INFO - 10116
[2021-10-29 11:34:30,350] {logging_mixin.py:109} INFO - 144
[2021-10-29 11:34:30,350] {logging_mixin.py:109} INFO - 144
[2021-10-29 11:34:30,350] {logging_mixin.py:109} INFO - 156
[2021-10-29 11:34:30,350] {logging_mixin.py:109} INFO - 1068
[2021-10-29 11:34:30,350] {logging_mixin.py:109} INFO - 10116
[2021-10-29 11:34:30,350] {logging_mixin.py:109} INFO - 144
[2021-10-29 11:34:30,350] {logging_mixin.py:109} INFO - 144
[2021-10-29 11:34:30,350] {logging_mixin.py:109} INFO - 156
[2021-10-29 11:34:30,350] {logging_mixin.py:109} INFO - 1068
[2021-10-29 11:34:30,350] {logging_mixin.py:109} INFO - 10116
[2021-10-29 11:34:30,351] {logging_mixin.py:109} INFO - [144, 144, 156, 1068, 10116, 144, 144, 156, 1068, 10116, 144, 144, 156, 1068, 10116]
[2021-10-29 11:34:30,379] {logging_mixin.py:109} INFO -    first_name  startdate  makrs  file_name  multiplication
0     sushant 2021-11-12     12  file1.xls             144
1      saloni 2021-11-13     12  file1.xls             144
2          om 2021-11-13     13  file1.xls             156
3     shubham 2021-11-13     89  file1.xls            1068
4      divesh 2021-11-12    843  file1.xls           10116
5     sushant 2021-11-12     12  file2.xls             144
6     sushant 2021-11-13     12  file2.xls             144
7     sushant 2021-11-13     13  file2.xls             156
8     shubham 2021-11-13     89  file2.xls            1068
9      divesh 2021-11-12    843  file2.xls           10116
10      gopal 2021-11-12     12  file3.xls             144
11     vishal 2021-11-13     12  file3.xls             144
12      suraj 2021-11-13     13  file3.xls             156
13    shubham 2021-11-13     89  file3.xls            1068
14     divesh 2021-11-12    843  file3.xls           10116
[2021-10-29 11:34:30,379] {python.py:152} INFO - Done. Returned value was: None
[2021-10-29 11:34:30,411] {taskinstance.py:1280} INFO - Marking task as SUCCESS. dag_id=transformation, task_id=add_column, execution_date=20211029T060238, start_date=20211029T060429, end_date=20211029T060430
[2021-10-29 11:34:30,460] {local_task_job.py:154} INFO - Task exited with return code 0
[2021-10-29 11:34:30,504] {local_task_job.py:264} INFO - 0 downstream tasks scheduled from follow-on schedule check
