[2021-11-19 10:39:19,674] {processor.py:163} INFO - Started process (PID=9238) to work on /home/user/workspace/airflow/dags/data/append1.xlsx
[2021-11-19 10:39:19,675] {processor.py:620} INFO - Processing file /home/user/workspace/airflow/dags/data/append1.xlsx for tasks to queue
[2021-11-19 10:39:19,679] {logging_mixin.py:109} INFO - [2021-11-19 10:39:19,679] {dagbag.py:500} INFO - Filling up the DagBag from /home/user/workspace/airflow/dags/data/append1.xlsx
[2021-11-19 10:39:19,702] {processor.py:634} WARNING - No viable dags retrieved from /home/user/workspace/airflow/dags/data/append1.xlsx
[2021-11-19 10:39:19,706] {processor.py:171} INFO - Processing /home/user/workspace/airflow/dags/data/append1.xlsx took 0.040 seconds
[2021-11-19 10:39:56,559] {processor.py:163} INFO - Started process (PID=10335) to work on /home/user/workspace/airflow/dags/data/append1.xlsx
[2021-11-19 10:39:56,564] {processor.py:620} INFO - Processing file /home/user/workspace/airflow/dags/data/append1.xlsx for tasks to queue
[2021-11-19 10:39:56,566] {logging_mixin.py:109} INFO - [2021-11-19 10:39:56,565] {dagbag.py:500} INFO - Filling up the DagBag from /home/user/workspace/airflow/dags/data/append1.xlsx
[2021-11-19 10:39:56,590] {processor.py:634} WARNING - No viable dags retrieved from /home/user/workspace/airflow/dags/data/append1.xlsx
[2021-11-19 10:39:56,594] {processor.py:171} INFO - Processing /home/user/workspace/airflow/dags/data/append1.xlsx took 0.051 seconds
[2021-11-19 10:40:33,319] {processor.py:163} INFO - Started process (PID=10987) to work on /home/user/workspace/airflow/dags/data/append1.xlsx
[2021-11-19 10:40:33,320] {processor.py:620} INFO - Processing file /home/user/workspace/airflow/dags/data/append1.xlsx for tasks to queue
[2021-11-19 10:40:33,321] {logging_mixin.py:109} INFO - [2021-11-19 10:40:33,321] {dagbag.py:500} INFO - Filling up the DagBag from /home/user/workspace/airflow/dags/data/append1.xlsx
[2021-11-19 10:40:33,412] {processor.py:634} WARNING - No viable dags retrieved from /home/user/workspace/airflow/dags/data/append1.xlsx
[2021-11-19 10:40:33,444] {processor.py:171} INFO - Processing /home/user/workspace/airflow/dags/data/append1.xlsx took 0.134 seconds
[2021-11-19 10:41:05,454] {processor.py:163} INFO - Started process (PID=11705) to work on /home/user/workspace/airflow/dags/data/append1.xlsx
[2021-11-19 10:41:05,458] {processor.py:620} INFO - Processing file /home/user/workspace/airflow/dags/data/append1.xlsx for tasks to queue
[2021-11-19 10:41:05,459] {logging_mixin.py:109} INFO - [2021-11-19 10:41:05,459] {dagbag.py:500} INFO - Filling up the DagBag from /home/user/workspace/airflow/dags/data/append1.xlsx
[2021-11-19 10:41:05,487] {processor.py:634} WARNING - No viable dags retrieved from /home/user/workspace/airflow/dags/data/append1.xlsx
[2021-11-19 10:41:05,496] {processor.py:171} INFO - Processing /home/user/workspace/airflow/dags/data/append1.xlsx took 0.053 seconds
[2021-11-19 10:41:36,563] {processor.py:163} INFO - Started process (PID=12625) to work on /home/user/workspace/airflow/dags/data/append1.xlsx
[2021-11-19 10:41:36,564] {processor.py:620} INFO - Processing file /home/user/workspace/airflow/dags/data/append1.xlsx for tasks to queue
[2021-11-19 10:41:36,565] {logging_mixin.py:109} INFO - [2021-11-19 10:41:36,565] {dagbag.py:500} INFO - Filling up the DagBag from /home/user/workspace/airflow/dags/data/append1.xlsx
[2021-11-19 10:41:36,584] {processor.py:634} WARNING - No viable dags retrieved from /home/user/workspace/airflow/dags/data/append1.xlsx
[2021-11-19 10:41:36,587] {processor.py:171} INFO - Processing /home/user/workspace/airflow/dags/data/append1.xlsx took 0.028 seconds
[2021-11-19 10:42:11,112] {processor.py:163} INFO - Started process (PID=13530) to work on /home/user/workspace/airflow/dags/data/append1.xlsx
[2021-11-19 10:42:11,117] {processor.py:620} INFO - Processing file /home/user/workspace/airflow/dags/data/append1.xlsx for tasks to queue
[2021-11-19 10:42:11,125] {logging_mixin.py:109} INFO - [2021-11-19 10:42:11,125] {dagbag.py:500} INFO - Filling up the DagBag from /home/user/workspace/airflow/dags/data/append1.xlsx
[2021-11-19 10:42:11,241] {processor.py:634} WARNING - No viable dags retrieved from /home/user/workspace/airflow/dags/data/append1.xlsx
[2021-11-19 10:42:11,268] {processor.py:171} INFO - Processing /home/user/workspace/airflow/dags/data/append1.xlsx took 0.176 seconds
[2021-11-19 10:42:42,357] {processor.py:163} INFO - Started process (PID=14216) to work on /home/user/workspace/airflow/dags/data/append1.xlsx
[2021-11-19 10:42:42,358] {processor.py:620} INFO - Processing file /home/user/workspace/airflow/dags/data/append1.xlsx for tasks to queue
[2021-11-19 10:42:42,358] {logging_mixin.py:109} INFO - [2021-11-19 10:42:42,358] {dagbag.py:500} INFO - Filling up the DagBag from /home/user/workspace/airflow/dags/data/append1.xlsx
[2021-11-19 10:42:42,375] {processor.py:634} WARNING - No viable dags retrieved from /home/user/workspace/airflow/dags/data/append1.xlsx
[2021-11-19 10:42:42,379] {processor.py:171} INFO - Processing /home/user/workspace/airflow/dags/data/append1.xlsx took 0.026 seconds
[2021-11-19 10:43:14,116] {processor.py:163} INFO - Started process (PID=14943) to work on /home/user/workspace/airflow/dags/data/append1.xlsx
[2021-11-19 10:43:14,117] {processor.py:620} INFO - Processing file /home/user/workspace/airflow/dags/data/append1.xlsx for tasks to queue
[2021-11-19 10:43:14,118] {logging_mixin.py:109} INFO - [2021-11-19 10:43:14,118] {dagbag.py:500} INFO - Filling up the DagBag from /home/user/workspace/airflow/dags/data/append1.xlsx
[2021-11-19 10:43:14,165] {processor.py:634} WARNING - No viable dags retrieved from /home/user/workspace/airflow/dags/data/append1.xlsx
[2021-11-19 10:43:14,173] {processor.py:171} INFO - Processing /home/user/workspace/airflow/dags/data/append1.xlsx took 0.061 seconds
[2021-11-19 10:43:45,750] {processor.py:163} INFO - Started process (PID=15444) to work on /home/user/workspace/airflow/dags/data/append1.xlsx
[2021-11-19 10:43:45,751] {processor.py:620} INFO - Processing file /home/user/workspace/airflow/dags/data/append1.xlsx for tasks to queue
[2021-11-19 10:43:45,752] {logging_mixin.py:109} INFO - [2021-11-19 10:43:45,752] {dagbag.py:500} INFO - Filling up the DagBag from /home/user/workspace/airflow/dags/data/append1.xlsx
[2021-11-19 10:43:45,773] {processor.py:634} WARNING - No viable dags retrieved from /home/user/workspace/airflow/dags/data/append1.xlsx
[2021-11-19 10:43:45,776] {processor.py:171} INFO - Processing /home/user/workspace/airflow/dags/data/append1.xlsx took 0.030 seconds
[2021-11-19 10:44:16,469] {processor.py:163} INFO - Started process (PID=16066) to work on /home/user/workspace/airflow/dags/data/append1.xlsx
[2021-11-19 10:44:16,470] {processor.py:620} INFO - Processing file /home/user/workspace/airflow/dags/data/append1.xlsx for tasks to queue
[2021-11-19 10:44:16,470] {logging_mixin.py:109} INFO - [2021-11-19 10:44:16,470] {dagbag.py:500} INFO - Filling up the DagBag from /home/user/workspace/airflow/dags/data/append1.xlsx
[2021-11-19 10:44:16,486] {processor.py:634} WARNING - No viable dags retrieved from /home/user/workspace/airflow/dags/data/append1.xlsx
[2021-11-19 10:44:16,492] {processor.py:171} INFO - Processing /home/user/workspace/airflow/dags/data/append1.xlsx took 0.029 seconds
[2021-11-19 10:44:48,057] {processor.py:163} INFO - Started process (PID=16642) to work on /home/user/workspace/airflow/dags/data/append1.xlsx
[2021-11-19 10:44:48,058] {processor.py:620} INFO - Processing file /home/user/workspace/airflow/dags/data/append1.xlsx for tasks to queue
[2021-11-19 10:44:48,059] {logging_mixin.py:109} INFO - [2021-11-19 10:44:48,059] {dagbag.py:500} INFO - Filling up the DagBag from /home/user/workspace/airflow/dags/data/append1.xlsx
[2021-11-19 10:44:48,075] {processor.py:634} WARNING - No viable dags retrieved from /home/user/workspace/airflow/dags/data/append1.xlsx
[2021-11-19 10:44:48,078] {processor.py:171} INFO - Processing /home/user/workspace/airflow/dags/data/append1.xlsx took 0.025 seconds
[2021-11-19 10:45:19,718] {processor.py:163} INFO - Started process (PID=17332) to work on /home/user/workspace/airflow/dags/data/append1.xlsx
[2021-11-19 10:45:19,719] {processor.py:620} INFO - Processing file /home/user/workspace/airflow/dags/data/append1.xlsx for tasks to queue
[2021-11-19 10:45:19,730] {logging_mixin.py:109} INFO - [2021-11-19 10:45:19,730] {dagbag.py:500} INFO - Filling up the DagBag from /home/user/workspace/airflow/dags/data/append1.xlsx
[2021-11-19 10:45:19,764] {processor.py:634} WARNING - No viable dags retrieved from /home/user/workspace/airflow/dags/data/append1.xlsx
[2021-11-19 10:45:19,767] {processor.py:171} INFO - Processing /home/user/workspace/airflow/dags/data/append1.xlsx took 0.053 seconds
[2021-11-19 10:45:51,887] {processor.py:163} INFO - Started process (PID=17846) to work on /home/user/workspace/airflow/dags/data/append1.xlsx
[2021-11-19 10:45:51,888] {processor.py:620} INFO - Processing file /home/user/workspace/airflow/dags/data/append1.xlsx for tasks to queue
[2021-11-19 10:45:51,889] {logging_mixin.py:109} INFO - [2021-11-19 10:45:51,889] {dagbag.py:500} INFO - Filling up the DagBag from /home/user/workspace/airflow/dags/data/append1.xlsx
[2021-11-19 10:45:51,923] {processor.py:634} WARNING - No viable dags retrieved from /home/user/workspace/airflow/dags/data/append1.xlsx
[2021-11-19 10:45:51,928] {processor.py:171} INFO - Processing /home/user/workspace/airflow/dags/data/append1.xlsx took 0.046 seconds
[2021-11-19 10:46:23,826] {processor.py:163} INFO - Started process (PID=18326) to work on /home/user/workspace/airflow/dags/data/append1.xlsx
[2021-11-19 10:46:23,827] {processor.py:620} INFO - Processing file /home/user/workspace/airflow/dags/data/append1.xlsx for tasks to queue
[2021-11-19 10:46:23,828] {logging_mixin.py:109} INFO - [2021-11-19 10:46:23,827] {dagbag.py:500} INFO - Filling up the DagBag from /home/user/workspace/airflow/dags/data/append1.xlsx
[2021-11-19 10:46:23,855] {processor.py:634} WARNING - No viable dags retrieved from /home/user/workspace/airflow/dags/data/append1.xlsx
[2021-11-19 10:46:23,874] {processor.py:171} INFO - Processing /home/user/workspace/airflow/dags/data/append1.xlsx took 0.057 seconds
[2021-11-19 10:46:54,473] {processor.py:163} INFO - Started process (PID=19023) to work on /home/user/workspace/airflow/dags/data/append1.xlsx
[2021-11-19 10:46:54,474] {processor.py:620} INFO - Processing file /home/user/workspace/airflow/dags/data/append1.xlsx for tasks to queue
[2021-11-19 10:46:54,475] {logging_mixin.py:109} INFO - [2021-11-19 10:46:54,475] {dagbag.py:500} INFO - Filling up the DagBag from /home/user/workspace/airflow/dags/data/append1.xlsx
[2021-11-19 10:46:54,501] {processor.py:634} WARNING - No viable dags retrieved from /home/user/workspace/airflow/dags/data/append1.xlsx
[2021-11-19 10:46:54,507] {processor.py:171} INFO - Processing /home/user/workspace/airflow/dags/data/append1.xlsx took 0.038 seconds
[2021-11-19 10:47:25,728] {processor.py:163} INFO - Started process (PID=19856) to work on /home/user/workspace/airflow/dags/data/append1.xlsx
[2021-11-19 10:47:25,729] {processor.py:620} INFO - Processing file /home/user/workspace/airflow/dags/data/append1.xlsx for tasks to queue
[2021-11-19 10:47:25,730] {logging_mixin.py:109} INFO - [2021-11-19 10:47:25,730] {dagbag.py:500} INFO - Filling up the DagBag from /home/user/workspace/airflow/dags/data/append1.xlsx
[2021-11-19 10:47:25,754] {processor.py:634} WARNING - No viable dags retrieved from /home/user/workspace/airflow/dags/data/append1.xlsx
[2021-11-19 10:47:25,759] {processor.py:171} INFO - Processing /home/user/workspace/airflow/dags/data/append1.xlsx took 0.038 seconds
[2021-11-19 10:47:56,042] {processor.py:163} INFO - Started process (PID=20749) to work on /home/user/workspace/airflow/dags/data/append1.xlsx
[2021-11-19 10:47:56,044] {processor.py:620} INFO - Processing file /home/user/workspace/airflow/dags/data/append1.xlsx for tasks to queue
[2021-11-19 10:47:56,045] {logging_mixin.py:109} INFO - [2021-11-19 10:47:56,044] {dagbag.py:500} INFO - Filling up the DagBag from /home/user/workspace/airflow/dags/data/append1.xlsx
[2021-11-19 10:47:56,108] {processor.py:634} WARNING - No viable dags retrieved from /home/user/workspace/airflow/dags/data/append1.xlsx
[2021-11-19 10:47:56,121] {processor.py:171} INFO - Processing /home/user/workspace/airflow/dags/data/append1.xlsx took 0.083 seconds
[2021-11-19 10:48:26,544] {processor.py:163} INFO - Started process (PID=21571) to work on /home/user/workspace/airflow/dags/data/append1.xlsx
[2021-11-19 10:48:26,545] {processor.py:620} INFO - Processing file /home/user/workspace/airflow/dags/data/append1.xlsx for tasks to queue
[2021-11-19 10:48:26,546] {logging_mixin.py:109} INFO - [2021-11-19 10:48:26,546] {dagbag.py:500} INFO - Filling up the DagBag from /home/user/workspace/airflow/dags/data/append1.xlsx
[2021-11-19 10:48:26,616] {processor.py:634} WARNING - No viable dags retrieved from /home/user/workspace/airflow/dags/data/append1.xlsx
[2021-11-19 10:48:26,632] {processor.py:171} INFO - Processing /home/user/workspace/airflow/dags/data/append1.xlsx took 0.092 seconds
[2021-11-19 10:48:57,686] {processor.py:163} INFO - Started process (PID=22090) to work on /home/user/workspace/airflow/dags/data/append1.xlsx
[2021-11-19 10:48:57,687] {processor.py:620} INFO - Processing file /home/user/workspace/airflow/dags/data/append1.xlsx for tasks to queue
[2021-11-19 10:48:57,689] {logging_mixin.py:109} INFO - [2021-11-19 10:48:57,688] {dagbag.py:500} INFO - Filling up the DagBag from /home/user/workspace/airflow/dags/data/append1.xlsx
[2021-11-19 10:48:57,710] {processor.py:634} WARNING - No viable dags retrieved from /home/user/workspace/airflow/dags/data/append1.xlsx
[2021-11-19 10:48:57,713] {processor.py:171} INFO - Processing /home/user/workspace/airflow/dags/data/append1.xlsx took 0.029 seconds
[2021-11-19 10:49:29,935] {processor.py:163} INFO - Started process (PID=22668) to work on /home/user/workspace/airflow/dags/data/append1.xlsx
[2021-11-19 10:49:29,936] {processor.py:620} INFO - Processing file /home/user/workspace/airflow/dags/data/append1.xlsx for tasks to queue
[2021-11-19 10:49:29,937] {logging_mixin.py:109} INFO - [2021-11-19 10:49:29,937] {dagbag.py:500} INFO - Filling up the DagBag from /home/user/workspace/airflow/dags/data/append1.xlsx
[2021-11-19 10:49:29,960] {processor.py:634} WARNING - No viable dags retrieved from /home/user/workspace/airflow/dags/data/append1.xlsx
[2021-11-19 10:49:29,965] {processor.py:171} INFO - Processing /home/user/workspace/airflow/dags/data/append1.xlsx took 0.034 seconds
[2021-11-19 10:50:01,199] {processor.py:163} INFO - Started process (PID=23158) to work on /home/user/workspace/airflow/dags/data/append1.xlsx
[2021-11-19 10:50:01,201] {processor.py:620} INFO - Processing file /home/user/workspace/airflow/dags/data/append1.xlsx for tasks to queue
[2021-11-19 10:50:01,201] {logging_mixin.py:109} INFO - [2021-11-19 10:50:01,201] {dagbag.py:500} INFO - Filling up the DagBag from /home/user/workspace/airflow/dags/data/append1.xlsx
[2021-11-19 10:50:01,224] {processor.py:634} WARNING - No viable dags retrieved from /home/user/workspace/airflow/dags/data/append1.xlsx
[2021-11-19 10:50:01,227] {processor.py:171} INFO - Processing /home/user/workspace/airflow/dags/data/append1.xlsx took 0.032 seconds
[2021-11-19 10:50:33,210] {processor.py:163} INFO - Started process (PID=23830) to work on /home/user/workspace/airflow/dags/data/append1.xlsx
[2021-11-19 10:50:33,212] {processor.py:620} INFO - Processing file /home/user/workspace/airflow/dags/data/append1.xlsx for tasks to queue
[2021-11-19 10:50:33,213] {logging_mixin.py:109} INFO - [2021-11-19 10:50:33,213] {dagbag.py:500} INFO - Filling up the DagBag from /home/user/workspace/airflow/dags/data/append1.xlsx
[2021-11-19 10:50:33,237] {processor.py:634} WARNING - No viable dags retrieved from /home/user/workspace/airflow/dags/data/append1.xlsx
[2021-11-19 10:50:33,241] {processor.py:171} INFO - Processing /home/user/workspace/airflow/dags/data/append1.xlsx took 0.035 seconds
[2021-11-19 10:51:11,304] {processor.py:163} INFO - Started process (PID=24496) to work on /home/user/workspace/airflow/dags/data/append1.xlsx
[2021-11-19 10:51:11,305] {processor.py:620} INFO - Processing file /home/user/workspace/airflow/dags/data/append1.xlsx for tasks to queue
[2021-11-19 10:51:11,306] {logging_mixin.py:109} INFO - [2021-11-19 10:51:11,306] {dagbag.py:500} INFO - Filling up the DagBag from /home/user/workspace/airflow/dags/data/append1.xlsx
[2021-11-19 10:51:11,326] {processor.py:634} WARNING - No viable dags retrieved from /home/user/workspace/airflow/dags/data/append1.xlsx
[2021-11-19 10:51:11,333] {processor.py:171} INFO - Processing /home/user/workspace/airflow/dags/data/append1.xlsx took 0.032 seconds
[2021-11-19 10:51:44,137] {processor.py:163} INFO - Started process (PID=25169) to work on /home/user/workspace/airflow/dags/data/append1.xlsx
[2021-11-19 10:51:44,139] {processor.py:620} INFO - Processing file /home/user/workspace/airflow/dags/data/append1.xlsx for tasks to queue
[2021-11-19 10:51:44,140] {logging_mixin.py:109} INFO - [2021-11-19 10:51:44,140] {dagbag.py:500} INFO - Filling up the DagBag from /home/user/workspace/airflow/dags/data/append1.xlsx
[2021-11-19 10:51:44,162] {processor.py:634} WARNING - No viable dags retrieved from /home/user/workspace/airflow/dags/data/append1.xlsx
[2021-11-19 10:51:44,169] {processor.py:171} INFO - Processing /home/user/workspace/airflow/dags/data/append1.xlsx took 0.038 seconds
[2021-11-19 10:52:15,840] {processor.py:163} INFO - Started process (PID=25813) to work on /home/user/workspace/airflow/dags/data/append1.xlsx
[2021-11-19 10:52:15,841] {processor.py:620} INFO - Processing file /home/user/workspace/airflow/dags/data/append1.xlsx for tasks to queue
[2021-11-19 10:52:15,842] {logging_mixin.py:109} INFO - [2021-11-19 10:52:15,841] {dagbag.py:500} INFO - Filling up the DagBag from /home/user/workspace/airflow/dags/data/append1.xlsx
[2021-11-19 10:52:15,861] {processor.py:634} WARNING - No viable dags retrieved from /home/user/workspace/airflow/dags/data/append1.xlsx
[2021-11-19 10:52:15,864] {processor.py:171} INFO - Processing /home/user/workspace/airflow/dags/data/append1.xlsx took 0.027 seconds
[2021-11-19 10:52:47,736] {processor.py:163} INFO - Started process (PID=26455) to work on /home/user/workspace/airflow/dags/data/append1.xlsx
[2021-11-19 10:52:47,737] {processor.py:620} INFO - Processing file /home/user/workspace/airflow/dags/data/append1.xlsx for tasks to queue
[2021-11-19 10:52:47,737] {logging_mixin.py:109} INFO - [2021-11-19 10:52:47,737] {dagbag.py:500} INFO - Filling up the DagBag from /home/user/workspace/airflow/dags/data/append1.xlsx
[2021-11-19 10:52:47,755] {processor.py:634} WARNING - No viable dags retrieved from /home/user/workspace/airflow/dags/data/append1.xlsx
[2021-11-19 10:52:47,761] {processor.py:171} INFO - Processing /home/user/workspace/airflow/dags/data/append1.xlsx took 0.028 seconds
[2021-11-19 10:53:19,404] {processor.py:163} INFO - Started process (PID=27076) to work on /home/user/workspace/airflow/dags/data/append1.xlsx
[2021-11-19 10:53:19,405] {processor.py:620} INFO - Processing file /home/user/workspace/airflow/dags/data/append1.xlsx for tasks to queue
[2021-11-19 10:53:19,406] {logging_mixin.py:109} INFO - [2021-11-19 10:53:19,405] {dagbag.py:500} INFO - Filling up the DagBag from /home/user/workspace/airflow/dags/data/append1.xlsx
[2021-11-19 10:53:19,433] {processor.py:634} WARNING - No viable dags retrieved from /home/user/workspace/airflow/dags/data/append1.xlsx
[2021-11-19 10:53:19,436] {processor.py:171} INFO - Processing /home/user/workspace/airflow/dags/data/append1.xlsx took 0.035 seconds
[2021-11-19 10:53:52,049] {processor.py:163} INFO - Started process (PID=27698) to work on /home/user/workspace/airflow/dags/data/append1.xlsx
[2021-11-19 10:53:52,050] {processor.py:620} INFO - Processing file /home/user/workspace/airflow/dags/data/append1.xlsx for tasks to queue
[2021-11-19 10:53:52,051] {logging_mixin.py:109} INFO - [2021-11-19 10:53:52,051] {dagbag.py:500} INFO - Filling up the DagBag from /home/user/workspace/airflow/dags/data/append1.xlsx
[2021-11-19 10:53:52,074] {processor.py:634} WARNING - No viable dags retrieved from /home/user/workspace/airflow/dags/data/append1.xlsx
[2021-11-19 10:53:52,077] {processor.py:171} INFO - Processing /home/user/workspace/airflow/dags/data/append1.xlsx took 0.033 seconds
[2021-11-19 10:54:23,817] {processor.py:163} INFO - Started process (PID=28367) to work on /home/user/workspace/airflow/dags/data/append1.xlsx
[2021-11-19 10:54:23,819] {processor.py:620} INFO - Processing file /home/user/workspace/airflow/dags/data/append1.xlsx for tasks to queue
[2021-11-19 10:54:23,820] {logging_mixin.py:109} INFO - [2021-11-19 10:54:23,820] {dagbag.py:500} INFO - Filling up the DagBag from /home/user/workspace/airflow/dags/data/append1.xlsx
[2021-11-19 10:54:23,838] {processor.py:634} WARNING - No viable dags retrieved from /home/user/workspace/airflow/dags/data/append1.xlsx
[2021-11-19 10:54:23,842] {processor.py:171} INFO - Processing /home/user/workspace/airflow/dags/data/append1.xlsx took 0.031 seconds
[2021-11-19 10:54:54,808] {processor.py:163} INFO - Started process (PID=28975) to work on /home/user/workspace/airflow/dags/data/append1.xlsx
[2021-11-19 10:54:54,809] {processor.py:620} INFO - Processing file /home/user/workspace/airflow/dags/data/append1.xlsx for tasks to queue
[2021-11-19 10:54:54,810] {logging_mixin.py:109} INFO - [2021-11-19 10:54:54,810] {dagbag.py:500} INFO - Filling up the DagBag from /home/user/workspace/airflow/dags/data/append1.xlsx
[2021-11-19 10:54:54,833] {processor.py:634} WARNING - No viable dags retrieved from /home/user/workspace/airflow/dags/data/append1.xlsx
[2021-11-19 10:54:54,837] {processor.py:171} INFO - Processing /home/user/workspace/airflow/dags/data/append1.xlsx took 0.032 seconds
[2021-11-19 10:55:26,261] {processor.py:163} INFO - Started process (PID=29598) to work on /home/user/workspace/airflow/dags/data/append1.xlsx
[2021-11-19 10:55:26,262] {processor.py:620} INFO - Processing file /home/user/workspace/airflow/dags/data/append1.xlsx for tasks to queue
[2021-11-19 10:55:26,263] {logging_mixin.py:109} INFO - [2021-11-19 10:55:26,263] {dagbag.py:500} INFO - Filling up the DagBag from /home/user/workspace/airflow/dags/data/append1.xlsx
[2021-11-19 10:55:26,286] {processor.py:634} WARNING - No viable dags retrieved from /home/user/workspace/airflow/dags/data/append1.xlsx
[2021-11-19 10:55:26,289] {processor.py:171} INFO - Processing /home/user/workspace/airflow/dags/data/append1.xlsx took 0.033 seconds
[2021-11-19 10:55:57,983] {processor.py:163} INFO - Started process (PID=30251) to work on /home/user/workspace/airflow/dags/data/append1.xlsx
[2021-11-19 10:55:57,985] {processor.py:620} INFO - Processing file /home/user/workspace/airflow/dags/data/append1.xlsx for tasks to queue
[2021-11-19 10:55:57,987] {logging_mixin.py:109} INFO - [2021-11-19 10:55:57,986] {dagbag.py:500} INFO - Filling up the DagBag from /home/user/workspace/airflow/dags/data/append1.xlsx
[2021-11-19 10:55:58,005] {processor.py:634} WARNING - No viable dags retrieved from /home/user/workspace/airflow/dags/data/append1.xlsx
[2021-11-19 10:55:58,008] {processor.py:171} INFO - Processing /home/user/workspace/airflow/dags/data/append1.xlsx took 0.033 seconds
[2021-11-19 10:56:29,559] {processor.py:163} INFO - Started process (PID=30881) to work on /home/user/workspace/airflow/dags/data/append1.xlsx
[2021-11-19 10:56:29,560] {processor.py:620} INFO - Processing file /home/user/workspace/airflow/dags/data/append1.xlsx for tasks to queue
[2021-11-19 10:56:29,560] {logging_mixin.py:109} INFO - [2021-11-19 10:56:29,560] {dagbag.py:500} INFO - Filling up the DagBag from /home/user/workspace/airflow/dags/data/append1.xlsx
[2021-11-19 10:56:29,586] {processor.py:634} WARNING - No viable dags retrieved from /home/user/workspace/airflow/dags/data/append1.xlsx
[2021-11-19 10:56:29,590] {processor.py:171} INFO - Processing /home/user/workspace/airflow/dags/data/append1.xlsx took 0.035 seconds
[2021-11-19 10:57:02,916] {processor.py:163} INFO - Started process (PID=31555) to work on /home/user/workspace/airflow/dags/data/append1.xlsx
[2021-11-19 10:57:02,920] {processor.py:620} INFO - Processing file /home/user/workspace/airflow/dags/data/append1.xlsx for tasks to queue
[2021-11-19 10:57:02,921] {logging_mixin.py:109} INFO - [2021-11-19 10:57:02,921] {dagbag.py:500} INFO - Filling up the DagBag from /home/user/workspace/airflow/dags/data/append1.xlsx
[2021-11-19 10:57:02,947] {processor.py:634} WARNING - No viable dags retrieved from /home/user/workspace/airflow/dags/data/append1.xlsx
[2021-11-19 10:57:02,951] {processor.py:171} INFO - Processing /home/user/workspace/airflow/dags/data/append1.xlsx took 0.039 seconds
[2021-11-19 10:57:35,223] {processor.py:163} INFO - Started process (PID=32487) to work on /home/user/workspace/airflow/dags/data/append1.xlsx
[2021-11-19 10:57:35,226] {processor.py:620} INFO - Processing file /home/user/workspace/airflow/dags/data/append1.xlsx for tasks to queue
[2021-11-19 10:57:35,227] {logging_mixin.py:109} INFO - [2021-11-19 10:57:35,226] {dagbag.py:500} INFO - Filling up the DagBag from /home/user/workspace/airflow/dags/data/append1.xlsx
[2021-11-19 10:57:35,251] {processor.py:634} WARNING - No viable dags retrieved from /home/user/workspace/airflow/dags/data/append1.xlsx
[2021-11-19 10:57:35,255] {processor.py:171} INFO - Processing /home/user/workspace/airflow/dags/data/append1.xlsx took 0.036 seconds
[2021-11-19 10:58:07,122] {processor.py:163} INFO - Started process (PID=593) to work on /home/user/workspace/airflow/dags/data/append1.xlsx
[2021-11-19 10:58:07,123] {processor.py:620} INFO - Processing file /home/user/workspace/airflow/dags/data/append1.xlsx for tasks to queue
[2021-11-19 10:58:07,124] {logging_mixin.py:109} INFO - [2021-11-19 10:58:07,124] {dagbag.py:500} INFO - Filling up the DagBag from /home/user/workspace/airflow/dags/data/append1.xlsx
[2021-11-19 10:58:07,144] {processor.py:634} WARNING - No viable dags retrieved from /home/user/workspace/airflow/dags/data/append1.xlsx
[2021-11-19 10:58:07,148] {processor.py:171} INFO - Processing /home/user/workspace/airflow/dags/data/append1.xlsx took 0.032 seconds
[2021-11-19 11:00:15,149] {processor.py:163} INFO - Started process (PID=1629) to work on /home/user/workspace/airflow/dags/data/append1.xlsx
[2021-11-19 11:00:15,150] {processor.py:620} INFO - Processing file /home/user/workspace/airflow/dags/data/append1.xlsx for tasks to queue
[2021-11-19 11:00:15,150] {logging_mixin.py:109} INFO - [2021-11-19 11:00:15,150] {dagbag.py:500} INFO - Filling up the DagBag from /home/user/workspace/airflow/dags/data/append1.xlsx
[2021-11-19 11:00:15,172] {processor.py:634} WARNING - No viable dags retrieved from /home/user/workspace/airflow/dags/data/append1.xlsx
[2021-11-19 11:00:15,176] {processor.py:171} INFO - Processing /home/user/workspace/airflow/dags/data/append1.xlsx took 0.031 seconds
[2021-11-19 11:00:47,455] {processor.py:163} INFO - Started process (PID=2737) to work on /home/user/workspace/airflow/dags/data/append1.xlsx
[2021-11-19 11:00:47,464] {processor.py:620} INFO - Processing file /home/user/workspace/airflow/dags/data/append1.xlsx for tasks to queue
[2021-11-19 11:00:47,465] {logging_mixin.py:109} INFO - [2021-11-19 11:00:47,465] {dagbag.py:500} INFO - Filling up the DagBag from /home/user/workspace/airflow/dags/data/append1.xlsx
[2021-11-19 11:00:47,488] {processor.py:634} WARNING - No viable dags retrieved from /home/user/workspace/airflow/dags/data/append1.xlsx
[2021-11-19 11:00:47,491] {processor.py:171} INFO - Processing /home/user/workspace/airflow/dags/data/append1.xlsx took 0.040 seconds
[2021-11-19 11:01:20,097] {processor.py:163} INFO - Started process (PID=4057) to work on /home/user/workspace/airflow/dags/data/append1.xlsx
[2021-11-19 11:01:20,099] {processor.py:620} INFO - Processing file /home/user/workspace/airflow/dags/data/append1.xlsx for tasks to queue
[2021-11-19 11:01:20,100] {logging_mixin.py:109} INFO - [2021-11-19 11:01:20,099] {dagbag.py:500} INFO - Filling up the DagBag from /home/user/workspace/airflow/dags/data/append1.xlsx
[2021-11-19 11:01:20,123] {processor.py:634} WARNING - No viable dags retrieved from /home/user/workspace/airflow/dags/data/append1.xlsx
[2021-11-19 11:01:20,126] {processor.py:171} INFO - Processing /home/user/workspace/airflow/dags/data/append1.xlsx took 0.032 seconds
[2021-11-19 11:01:52,821] {processor.py:163} INFO - Started process (PID=4597) to work on /home/user/workspace/airflow/dags/data/append1.xlsx
[2021-11-19 11:01:52,824] {processor.py:620} INFO - Processing file /home/user/workspace/airflow/dags/data/append1.xlsx for tasks to queue
[2021-11-19 11:01:52,826] {logging_mixin.py:109} INFO - [2021-11-19 11:01:52,826] {dagbag.py:500} INFO - Filling up the DagBag from /home/user/workspace/airflow/dags/data/append1.xlsx
[2021-11-19 11:01:52,869] {processor.py:634} WARNING - No viable dags retrieved from /home/user/workspace/airflow/dags/data/append1.xlsx
[2021-11-19 11:01:52,876] {processor.py:171} INFO - Processing /home/user/workspace/airflow/dags/data/append1.xlsx took 0.063 seconds
[2021-11-19 11:02:26,664] {processor.py:163} INFO - Started process (PID=5316) to work on /home/user/workspace/airflow/dags/data/append1.xlsx
[2021-11-19 11:02:26,666] {processor.py:620} INFO - Processing file /home/user/workspace/airflow/dags/data/append1.xlsx for tasks to queue
[2021-11-19 11:02:26,666] {logging_mixin.py:109} INFO - [2021-11-19 11:02:26,666] {dagbag.py:500} INFO - Filling up the DagBag from /home/user/workspace/airflow/dags/data/append1.xlsx
[2021-11-19 11:02:26,696] {processor.py:634} WARNING - No viable dags retrieved from /home/user/workspace/airflow/dags/data/append1.xlsx
[2021-11-19 11:02:26,701] {processor.py:171} INFO - Processing /home/user/workspace/airflow/dags/data/append1.xlsx took 0.043 seconds
[2021-11-19 11:02:58,114] {processor.py:163} INFO - Started process (PID=6077) to work on /home/user/workspace/airflow/dags/data/append1.xlsx
[2021-11-19 11:02:58,115] {processor.py:620} INFO - Processing file /home/user/workspace/airflow/dags/data/append1.xlsx for tasks to queue
[2021-11-19 11:02:58,116] {logging_mixin.py:109} INFO - [2021-11-19 11:02:58,116] {dagbag.py:500} INFO - Filling up the DagBag from /home/user/workspace/airflow/dags/data/append1.xlsx
[2021-11-19 11:02:58,133] {processor.py:634} WARNING - No viable dags retrieved from /home/user/workspace/airflow/dags/data/append1.xlsx
[2021-11-19 11:02:58,136] {processor.py:171} INFO - Processing /home/user/workspace/airflow/dags/data/append1.xlsx took 0.026 seconds
[2021-11-19 11:03:28,895] {processor.py:163} INFO - Started process (PID=6740) to work on /home/user/workspace/airflow/dags/data/append1.xlsx
[2021-11-19 11:03:28,896] {processor.py:620} INFO - Processing file /home/user/workspace/airflow/dags/data/append1.xlsx for tasks to queue
[2021-11-19 11:03:28,897] {logging_mixin.py:109} INFO - [2021-11-19 11:03:28,896] {dagbag.py:500} INFO - Filling up the DagBag from /home/user/workspace/airflow/dags/data/append1.xlsx
[2021-11-19 11:03:28,912] {processor.py:634} WARNING - No viable dags retrieved from /home/user/workspace/airflow/dags/data/append1.xlsx
[2021-11-19 11:03:28,916] {processor.py:171} INFO - Processing /home/user/workspace/airflow/dags/data/append1.xlsx took 0.024 seconds
[2021-11-19 11:04:00,163] {processor.py:163} INFO - Started process (PID=7459) to work on /home/user/workspace/airflow/dags/data/append1.xlsx
[2021-11-19 11:04:00,164] {processor.py:620} INFO - Processing file /home/user/workspace/airflow/dags/data/append1.xlsx for tasks to queue
[2021-11-19 11:04:00,164] {logging_mixin.py:109} INFO - [2021-11-19 11:04:00,164] {dagbag.py:500} INFO - Filling up the DagBag from /home/user/workspace/airflow/dags/data/append1.xlsx
[2021-11-19 11:04:00,184] {processor.py:634} WARNING - No viable dags retrieved from /home/user/workspace/airflow/dags/data/append1.xlsx
[2021-11-19 11:04:00,187] {processor.py:171} INFO - Processing /home/user/workspace/airflow/dags/data/append1.xlsx took 0.030 seconds
[2021-11-19 11:04:31,995] {processor.py:163} INFO - Started process (PID=8057) to work on /home/user/workspace/airflow/dags/data/append1.xlsx
[2021-11-19 11:04:31,996] {processor.py:620} INFO - Processing file /home/user/workspace/airflow/dags/data/append1.xlsx for tasks to queue
[2021-11-19 11:04:31,997] {logging_mixin.py:109} INFO - [2021-11-19 11:04:31,997] {dagbag.py:500} INFO - Filling up the DagBag from /home/user/workspace/airflow/dags/data/append1.xlsx
[2021-11-19 11:04:32,038] {processor.py:634} WARNING - No viable dags retrieved from /home/user/workspace/airflow/dags/data/append1.xlsx
[2021-11-19 11:04:32,046] {processor.py:171} INFO - Processing /home/user/workspace/airflow/dags/data/append1.xlsx took 0.055 seconds
[2021-11-19 11:05:03,994] {processor.py:163} INFO - Started process (PID=8618) to work on /home/user/workspace/airflow/dags/data/append1.xlsx
[2021-11-19 11:05:03,995] {processor.py:620} INFO - Processing file /home/user/workspace/airflow/dags/data/append1.xlsx for tasks to queue
[2021-11-19 11:05:03,995] {logging_mixin.py:109} INFO - [2021-11-19 11:05:03,995] {dagbag.py:500} INFO - Filling up the DagBag from /home/user/workspace/airflow/dags/data/append1.xlsx
[2021-11-19 11:05:04,025] {processor.py:634} WARNING - No viable dags retrieved from /home/user/workspace/airflow/dags/data/append1.xlsx
[2021-11-19 11:05:04,030] {processor.py:171} INFO - Processing /home/user/workspace/airflow/dags/data/append1.xlsx took 0.044 seconds
[2021-11-19 11:05:35,822] {processor.py:163} INFO - Started process (PID=9155) to work on /home/user/workspace/airflow/dags/data/append1.xlsx
[2021-11-19 11:05:35,823] {processor.py:620} INFO - Processing file /home/user/workspace/airflow/dags/data/append1.xlsx for tasks to queue
[2021-11-19 11:05:35,824] {logging_mixin.py:109} INFO - [2021-11-19 11:05:35,824] {dagbag.py:500} INFO - Filling up the DagBag from /home/user/workspace/airflow/dags/data/append1.xlsx
[2021-11-19 11:05:35,867] {processor.py:634} WARNING - No viable dags retrieved from /home/user/workspace/airflow/dags/data/append1.xlsx
[2021-11-19 11:05:35,870] {processor.py:171} INFO - Processing /home/user/workspace/airflow/dags/data/append1.xlsx took 0.053 seconds
[2021-11-19 11:06:07,987] {processor.py:163} INFO - Started process (PID=9725) to work on /home/user/workspace/airflow/dags/data/append1.xlsx
[2021-11-19 11:06:07,988] {processor.py:620} INFO - Processing file /home/user/workspace/airflow/dags/data/append1.xlsx for tasks to queue
[2021-11-19 11:06:07,989] {logging_mixin.py:109} INFO - [2021-11-19 11:06:07,989] {dagbag.py:500} INFO - Filling up the DagBag from /home/user/workspace/airflow/dags/data/append1.xlsx
[2021-11-19 11:06:08,015] {processor.py:634} WARNING - No viable dags retrieved from /home/user/workspace/airflow/dags/data/append1.xlsx
[2021-11-19 11:06:08,025] {processor.py:171} INFO - Processing /home/user/workspace/airflow/dags/data/append1.xlsx took 0.041 seconds
[2021-11-19 11:06:39,635] {processor.py:163} INFO - Started process (PID=10189) to work on /home/user/workspace/airflow/dags/data/append1.xlsx
[2021-11-19 11:06:39,636] {processor.py:620} INFO - Processing file /home/user/workspace/airflow/dags/data/append1.xlsx for tasks to queue
[2021-11-19 11:06:39,637] {logging_mixin.py:109} INFO - [2021-11-19 11:06:39,637] {dagbag.py:500} INFO - Filling up the DagBag from /home/user/workspace/airflow/dags/data/append1.xlsx
[2021-11-19 11:06:39,659] {processor.py:634} WARNING - No viable dags retrieved from /home/user/workspace/airflow/dags/data/append1.xlsx
[2021-11-19 11:06:39,668] {processor.py:171} INFO - Processing /home/user/workspace/airflow/dags/data/append1.xlsx took 0.036 seconds
[2021-11-19 11:07:10,567] {processor.py:163} INFO - Started process (PID=10797) to work on /home/user/workspace/airflow/dags/data/append1.xlsx
[2021-11-19 11:07:10,577] {processor.py:620} INFO - Processing file /home/user/workspace/airflow/dags/data/append1.xlsx for tasks to queue
[2021-11-19 11:07:10,578] {logging_mixin.py:109} INFO - [2021-11-19 11:07:10,578] {dagbag.py:500} INFO - Filling up the DagBag from /home/user/workspace/airflow/dags/data/append1.xlsx
[2021-11-19 11:07:10,605] {processor.py:634} WARNING - No viable dags retrieved from /home/user/workspace/airflow/dags/data/append1.xlsx
[2021-11-19 11:07:10,609] {processor.py:171} INFO - Processing /home/user/workspace/airflow/dags/data/append1.xlsx took 0.046 seconds
[2021-11-19 11:07:41,685] {processor.py:163} INFO - Started process (PID=11354) to work on /home/user/workspace/airflow/dags/data/append1.xlsx
[2021-11-19 11:07:41,686] {processor.py:620} INFO - Processing file /home/user/workspace/airflow/dags/data/append1.xlsx for tasks to queue
[2021-11-19 11:07:41,687] {logging_mixin.py:109} INFO - [2021-11-19 11:07:41,686] {dagbag.py:500} INFO - Filling up the DagBag from /home/user/workspace/airflow/dags/data/append1.xlsx
[2021-11-19 11:07:41,710] {processor.py:634} WARNING - No viable dags retrieved from /home/user/workspace/airflow/dags/data/append1.xlsx
[2021-11-19 11:07:41,719] {processor.py:171} INFO - Processing /home/user/workspace/airflow/dags/data/append1.xlsx took 0.038 seconds
[2021-11-19 11:08:12,760] {processor.py:163} INFO - Started process (PID=12006) to work on /home/user/workspace/airflow/dags/data/append1.xlsx
[2021-11-19 11:08:12,761] {processor.py:620} INFO - Processing file /home/user/workspace/airflow/dags/data/append1.xlsx for tasks to queue
[2021-11-19 11:08:12,762] {logging_mixin.py:109} INFO - [2021-11-19 11:08:12,762] {dagbag.py:500} INFO - Filling up the DagBag from /home/user/workspace/airflow/dags/data/append1.xlsx
[2021-11-19 11:08:12,784] {processor.py:634} WARNING - No viable dags retrieved from /home/user/workspace/airflow/dags/data/append1.xlsx
[2021-11-19 11:08:12,788] {processor.py:171} INFO - Processing /home/user/workspace/airflow/dags/data/append1.xlsx took 0.032 seconds
[2021-11-19 11:08:44,008] {processor.py:163} INFO - Started process (PID=12597) to work on /home/user/workspace/airflow/dags/data/append1.xlsx
[2021-11-19 11:08:44,009] {processor.py:620} INFO - Processing file /home/user/workspace/airflow/dags/data/append1.xlsx for tasks to queue
[2021-11-19 11:08:44,010] {logging_mixin.py:109} INFO - [2021-11-19 11:08:44,010] {dagbag.py:500} INFO - Filling up the DagBag from /home/user/workspace/airflow/dags/data/append1.xlsx
[2021-11-19 11:08:44,027] {processor.py:634} WARNING - No viable dags retrieved from /home/user/workspace/airflow/dags/data/append1.xlsx
[2021-11-19 11:08:44,030] {processor.py:171} INFO - Processing /home/user/workspace/airflow/dags/data/append1.xlsx took 0.027 seconds
[2021-11-19 11:09:15,358] {processor.py:163} INFO - Started process (PID=13280) to work on /home/user/workspace/airflow/dags/data/append1.xlsx
[2021-11-19 11:09:15,360] {processor.py:620} INFO - Processing file /home/user/workspace/airflow/dags/data/append1.xlsx for tasks to queue
[2021-11-19 11:09:15,360] {logging_mixin.py:109} INFO - [2021-11-19 11:09:15,360] {dagbag.py:500} INFO - Filling up the DagBag from /home/user/workspace/airflow/dags/data/append1.xlsx
[2021-11-19 11:09:15,382] {processor.py:634} WARNING - No viable dags retrieved from /home/user/workspace/airflow/dags/data/append1.xlsx
[2021-11-19 11:09:15,386] {processor.py:171} INFO - Processing /home/user/workspace/airflow/dags/data/append1.xlsx took 0.032 seconds
[2021-11-19 11:09:46,584] {processor.py:163} INFO - Started process (PID=13955) to work on /home/user/workspace/airflow/dags/data/append1.xlsx
[2021-11-19 11:09:46,585] {processor.py:620} INFO - Processing file /home/user/workspace/airflow/dags/data/append1.xlsx for tasks to queue
[2021-11-19 11:09:46,585] {logging_mixin.py:109} INFO - [2021-11-19 11:09:46,585] {dagbag.py:500} INFO - Filling up the DagBag from /home/user/workspace/airflow/dags/data/append1.xlsx
[2021-11-19 11:09:46,601] {processor.py:634} WARNING - No viable dags retrieved from /home/user/workspace/airflow/dags/data/append1.xlsx
[2021-11-19 11:09:46,606] {processor.py:171} INFO - Processing /home/user/workspace/airflow/dags/data/append1.xlsx took 0.024 seconds
[2021-11-19 11:10:17,776] {processor.py:163} INFO - Started process (PID=14588) to work on /home/user/workspace/airflow/dags/data/append1.xlsx
[2021-11-19 11:10:17,776] {processor.py:620} INFO - Processing file /home/user/workspace/airflow/dags/data/append1.xlsx for tasks to queue
[2021-11-19 11:10:17,777] {logging_mixin.py:109} INFO - [2021-11-19 11:10:17,777] {dagbag.py:500} INFO - Filling up the DagBag from /home/user/workspace/airflow/dags/data/append1.xlsx
[2021-11-19 11:10:17,791] {processor.py:634} WARNING - No viable dags retrieved from /home/user/workspace/airflow/dags/data/append1.xlsx
[2021-11-19 11:10:17,793] {processor.py:171} INFO - Processing /home/user/workspace/airflow/dags/data/append1.xlsx took 0.021 seconds
[2021-11-19 11:10:49,201] {processor.py:163} INFO - Started process (PID=15257) to work on /home/user/workspace/airflow/dags/data/append1.xlsx
[2021-11-19 11:10:49,204] {processor.py:620} INFO - Processing file /home/user/workspace/airflow/dags/data/append1.xlsx for tasks to queue
[2021-11-19 11:10:49,205] {logging_mixin.py:109} INFO - [2021-11-19 11:10:49,205] {dagbag.py:500} INFO - Filling up the DagBag from /home/user/workspace/airflow/dags/data/append1.xlsx
[2021-11-19 11:10:49,235] {processor.py:634} WARNING - No viable dags retrieved from /home/user/workspace/airflow/dags/data/append1.xlsx
[2021-11-19 11:10:49,238] {processor.py:171} INFO - Processing /home/user/workspace/airflow/dags/data/append1.xlsx took 0.039 seconds
[2021-11-19 11:11:22,127] {processor.py:163} INFO - Started process (PID=15822) to work on /home/user/workspace/airflow/dags/data/append1.xlsx
[2021-11-19 11:11:22,130] {processor.py:620} INFO - Processing file /home/user/workspace/airflow/dags/data/append1.xlsx for tasks to queue
[2021-11-19 11:11:22,131] {logging_mixin.py:109} INFO - [2021-11-19 11:11:22,131] {dagbag.py:500} INFO - Filling up the DagBag from /home/user/workspace/airflow/dags/data/append1.xlsx
[2021-11-19 11:11:22,200] {processor.py:634} WARNING - No viable dags retrieved from /home/user/workspace/airflow/dags/data/append1.xlsx
[2021-11-19 11:11:22,205] {processor.py:171} INFO - Processing /home/user/workspace/airflow/dags/data/append1.xlsx took 0.083 seconds
[2021-11-19 11:11:57,489] {processor.py:163} INFO - Started process (PID=16383) to work on /home/user/workspace/airflow/dags/data/append1.xlsx
[2021-11-19 11:11:57,490] {processor.py:620} INFO - Processing file /home/user/workspace/airflow/dags/data/append1.xlsx for tasks to queue
[2021-11-19 11:11:57,491] {logging_mixin.py:109} INFO - [2021-11-19 11:11:57,491] {dagbag.py:500} INFO - Filling up the DagBag from /home/user/workspace/airflow/dags/data/append1.xlsx
[2021-11-19 11:11:57,517] {processor.py:634} WARNING - No viable dags retrieved from /home/user/workspace/airflow/dags/data/append1.xlsx
[2021-11-19 11:11:57,524] {processor.py:171} INFO - Processing /home/user/workspace/airflow/dags/data/append1.xlsx took 0.043 seconds
[2021-11-19 11:12:28,853] {processor.py:163} INFO - Started process (PID=16926) to work on /home/user/workspace/airflow/dags/data/append1.xlsx
[2021-11-19 11:12:28,867] {processor.py:620} INFO - Processing file /home/user/workspace/airflow/dags/data/append1.xlsx for tasks to queue
[2021-11-19 11:12:28,868] {logging_mixin.py:109} INFO - [2021-11-19 11:12:28,868] {dagbag.py:500} INFO - Filling up the DagBag from /home/user/workspace/airflow/dags/data/append1.xlsx
[2021-11-19 11:12:28,905] {processor.py:634} WARNING - No viable dags retrieved from /home/user/workspace/airflow/dags/data/append1.xlsx
[2021-11-19 11:12:28,915] {processor.py:171} INFO - Processing /home/user/workspace/airflow/dags/data/append1.xlsx took 0.076 seconds
[2021-11-19 11:13:00,113] {processor.py:163} INFO - Started process (PID=17423) to work on /home/user/workspace/airflow/dags/data/append1.xlsx
[2021-11-19 11:13:00,114] {processor.py:620} INFO - Processing file /home/user/workspace/airflow/dags/data/append1.xlsx for tasks to queue
[2021-11-19 11:13:00,115] {logging_mixin.py:109} INFO - [2021-11-19 11:13:00,115] {dagbag.py:500} INFO - Filling up the DagBag from /home/user/workspace/airflow/dags/data/append1.xlsx
[2021-11-19 11:13:00,133] {processor.py:634} WARNING - No viable dags retrieved from /home/user/workspace/airflow/dags/data/append1.xlsx
[2021-11-19 11:13:00,137] {processor.py:171} INFO - Processing /home/user/workspace/airflow/dags/data/append1.xlsx took 0.028 seconds
[2021-11-19 11:13:32,049] {processor.py:163} INFO - Started process (PID=18074) to work on /home/user/workspace/airflow/dags/data/append1.xlsx
[2021-11-19 11:13:32,050] {processor.py:620} INFO - Processing file /home/user/workspace/airflow/dags/data/append1.xlsx for tasks to queue
[2021-11-19 11:13:32,051] {logging_mixin.py:109} INFO - [2021-11-19 11:13:32,051] {dagbag.py:500} INFO - Filling up the DagBag from /home/user/workspace/airflow/dags/data/append1.xlsx
[2021-11-19 11:13:32,068] {processor.py:634} WARNING - No viable dags retrieved from /home/user/workspace/airflow/dags/data/append1.xlsx
[2021-11-19 11:13:32,071] {processor.py:171} INFO - Processing /home/user/workspace/airflow/dags/data/append1.xlsx took 0.024 seconds
[2021-11-19 11:14:04,103] {processor.py:163} INFO - Started process (PID=18608) to work on /home/user/workspace/airflow/dags/data/append1.xlsx
[2021-11-19 11:14:04,104] {processor.py:620} INFO - Processing file /home/user/workspace/airflow/dags/data/append1.xlsx for tasks to queue
[2021-11-19 11:14:04,105] {logging_mixin.py:109} INFO - [2021-11-19 11:14:04,104] {dagbag.py:500} INFO - Filling up the DagBag from /home/user/workspace/airflow/dags/data/append1.xlsx
[2021-11-19 11:14:04,129] {processor.py:634} WARNING - No viable dags retrieved from /home/user/workspace/airflow/dags/data/append1.xlsx
[2021-11-19 11:14:04,133] {processor.py:171} INFO - Processing /home/user/workspace/airflow/dags/data/append1.xlsx took 0.034 seconds
[2021-11-19 11:14:36,933] {processor.py:163} INFO - Started process (PID=19259) to work on /home/user/workspace/airflow/dags/data/append1.xlsx
[2021-11-19 11:14:36,935] {processor.py:620} INFO - Processing file /home/user/workspace/airflow/dags/data/append1.xlsx for tasks to queue
[2021-11-19 11:14:36,936] {logging_mixin.py:109} INFO - [2021-11-19 11:14:36,936] {dagbag.py:500} INFO - Filling up the DagBag from /home/user/workspace/airflow/dags/data/append1.xlsx
[2021-11-19 11:14:36,964] {processor.py:634} WARNING - No viable dags retrieved from /home/user/workspace/airflow/dags/data/append1.xlsx
[2021-11-19 11:14:36,970] {processor.py:171} INFO - Processing /home/user/workspace/airflow/dags/data/append1.xlsx took 0.041 seconds
[2021-11-19 11:15:10,172] {processor.py:163} INFO - Started process (PID=19957) to work on /home/user/workspace/airflow/dags/data/append1.xlsx
[2021-11-19 11:15:10,173] {processor.py:620} INFO - Processing file /home/user/workspace/airflow/dags/data/append1.xlsx for tasks to queue
[2021-11-19 11:15:10,174] {logging_mixin.py:109} INFO - [2021-11-19 11:15:10,174] {dagbag.py:500} INFO - Filling up the DagBag from /home/user/workspace/airflow/dags/data/append1.xlsx
[2021-11-19 11:15:10,208] {processor.py:634} WARNING - No viable dags retrieved from /home/user/workspace/airflow/dags/data/append1.xlsx
[2021-11-19 11:15:10,229] {processor.py:171} INFO - Processing /home/user/workspace/airflow/dags/data/append1.xlsx took 0.061 seconds
[2021-11-19 11:15:44,794] {processor.py:163} INFO - Started process (PID=20516) to work on /home/user/workspace/airflow/dags/data/append1.xlsx
[2021-11-19 11:15:44,795] {processor.py:620} INFO - Processing file /home/user/workspace/airflow/dags/data/append1.xlsx for tasks to queue
[2021-11-19 11:15:44,795] {logging_mixin.py:109} INFO - [2021-11-19 11:15:44,795] {dagbag.py:500} INFO - Filling up the DagBag from /home/user/workspace/airflow/dags/data/append1.xlsx
[2021-11-19 11:15:44,832] {processor.py:634} WARNING - No viable dags retrieved from /home/user/workspace/airflow/dags/data/append1.xlsx
[2021-11-19 11:15:44,835] {processor.py:171} INFO - Processing /home/user/workspace/airflow/dags/data/append1.xlsx took 0.044 seconds
[2021-11-19 11:16:16,115] {processor.py:163} INFO - Started process (PID=21066) to work on /home/user/workspace/airflow/dags/data/append1.xlsx
[2021-11-19 11:16:16,116] {processor.py:620} INFO - Processing file /home/user/workspace/airflow/dags/data/append1.xlsx for tasks to queue
[2021-11-19 11:16:16,117] {logging_mixin.py:109} INFO - [2021-11-19 11:16:16,116] {dagbag.py:500} INFO - Filling up the DagBag from /home/user/workspace/airflow/dags/data/append1.xlsx
[2021-11-19 11:16:16,135] {processor.py:634} WARNING - No viable dags retrieved from /home/user/workspace/airflow/dags/data/append1.xlsx
[2021-11-19 11:16:16,139] {processor.py:171} INFO - Processing /home/user/workspace/airflow/dags/data/append1.xlsx took 0.028 seconds
[2021-11-19 11:16:47,671] {processor.py:163} INFO - Started process (PID=21709) to work on /home/user/workspace/airflow/dags/data/append1.xlsx
[2021-11-19 11:16:47,674] {processor.py:620} INFO - Processing file /home/user/workspace/airflow/dags/data/append1.xlsx for tasks to queue
[2021-11-19 11:16:47,676] {logging_mixin.py:109} INFO - [2021-11-19 11:16:47,675] {dagbag.py:500} INFO - Filling up the DagBag from /home/user/workspace/airflow/dags/data/append1.xlsx
[2021-11-19 11:16:47,715] {processor.py:634} WARNING - No viable dags retrieved from /home/user/workspace/airflow/dags/data/append1.xlsx
[2021-11-19 11:16:47,725] {processor.py:171} INFO - Processing /home/user/workspace/airflow/dags/data/append1.xlsx took 0.063 seconds
[2021-11-19 11:17:20,427] {processor.py:163} INFO - Started process (PID=22301) to work on /home/user/workspace/airflow/dags/data/append1.xlsx
[2021-11-19 11:17:20,428] {processor.py:620} INFO - Processing file /home/user/workspace/airflow/dags/data/append1.xlsx for tasks to queue
[2021-11-19 11:17:20,429] {logging_mixin.py:109} INFO - [2021-11-19 11:17:20,429] {dagbag.py:500} INFO - Filling up the DagBag from /home/user/workspace/airflow/dags/data/append1.xlsx
[2021-11-19 11:17:20,449] {processor.py:634} WARNING - No viable dags retrieved from /home/user/workspace/airflow/dags/data/append1.xlsx
[2021-11-19 11:17:20,454] {processor.py:171} INFO - Processing /home/user/workspace/airflow/dags/data/append1.xlsx took 0.031 seconds
[2021-11-19 11:17:51,849] {processor.py:163} INFO - Started process (PID=22980) to work on /home/user/workspace/airflow/dags/data/append1.xlsx
[2021-11-19 11:17:51,851] {processor.py:620} INFO - Processing file /home/user/workspace/airflow/dags/data/append1.xlsx for tasks to queue
[2021-11-19 11:17:51,856] {logging_mixin.py:109} INFO - [2021-11-19 11:17:51,856] {dagbag.py:500} INFO - Filling up the DagBag from /home/user/workspace/airflow/dags/data/append1.xlsx
[2021-11-19 11:17:51,878] {processor.py:634} WARNING - No viable dags retrieved from /home/user/workspace/airflow/dags/data/append1.xlsx
[2021-11-19 11:17:51,883] {processor.py:171} INFO - Processing /home/user/workspace/airflow/dags/data/append1.xlsx took 0.038 seconds
[2021-11-19 11:18:24,124] {processor.py:163} INFO - Started process (PID=23611) to work on /home/user/workspace/airflow/dags/data/append1.xlsx
[2021-11-19 11:18:24,125] {processor.py:620} INFO - Processing file /home/user/workspace/airflow/dags/data/append1.xlsx for tasks to queue
[2021-11-19 11:18:24,126] {logging_mixin.py:109} INFO - [2021-11-19 11:18:24,126] {dagbag.py:500} INFO - Filling up the DagBag from /home/user/workspace/airflow/dags/data/append1.xlsx
[2021-11-19 11:18:24,151] {processor.py:634} WARNING - No viable dags retrieved from /home/user/workspace/airflow/dags/data/append1.xlsx
[2021-11-19 11:18:24,161] {processor.py:171} INFO - Processing /home/user/workspace/airflow/dags/data/append1.xlsx took 0.051 seconds
[2021-11-19 11:19:14,110] {processor.py:163} INFO - Started process (PID=24224) to work on /home/user/workspace/airflow/dags/data/append1.xlsx
[2021-11-19 11:19:14,119] {processor.py:620} INFO - Processing file /home/user/workspace/airflow/dags/data/append1.xlsx for tasks to queue
[2021-11-19 11:19:14,121] {logging_mixin.py:109} INFO - [2021-11-19 11:19:14,121] {dagbag.py:500} INFO - Filling up the DagBag from /home/user/workspace/airflow/dags/data/append1.xlsx
[2021-11-19 11:19:14,199] {processor.py:634} WARNING - No viable dags retrieved from /home/user/workspace/airflow/dags/data/append1.xlsx
[2021-11-19 11:19:14,212] {processor.py:171} INFO - Processing /home/user/workspace/airflow/dags/data/append1.xlsx took 0.109 seconds
[2021-11-19 11:19:48,531] {processor.py:163} INFO - Started process (PID=24758) to work on /home/user/workspace/airflow/dags/data/append1.xlsx
[2021-11-19 11:19:48,532] {processor.py:620} INFO - Processing file /home/user/workspace/airflow/dags/data/append1.xlsx for tasks to queue
[2021-11-19 11:19:48,533] {logging_mixin.py:109} INFO - [2021-11-19 11:19:48,533] {dagbag.py:500} INFO - Filling up the DagBag from /home/user/workspace/airflow/dags/data/append1.xlsx
[2021-11-19 11:19:48,555] {processor.py:634} WARNING - No viable dags retrieved from /home/user/workspace/airflow/dags/data/append1.xlsx
[2021-11-19 11:19:48,559] {processor.py:171} INFO - Processing /home/user/workspace/airflow/dags/data/append1.xlsx took 0.034 seconds
[2021-11-19 11:20:22,688] {processor.py:163} INFO - Started process (PID=25540) to work on /home/user/workspace/airflow/dags/data/append1.xlsx
[2021-11-19 11:20:22,690] {processor.py:620} INFO - Processing file /home/user/workspace/airflow/dags/data/append1.xlsx for tasks to queue
[2021-11-19 11:20:22,691] {logging_mixin.py:109} INFO - [2021-11-19 11:20:22,690] {dagbag.py:500} INFO - Filling up the DagBag from /home/user/workspace/airflow/dags/data/append1.xlsx
[2021-11-19 11:20:22,705] {processor.py:634} WARNING - No viable dags retrieved from /home/user/workspace/airflow/dags/data/append1.xlsx
[2021-11-19 11:20:22,710] {processor.py:171} INFO - Processing /home/user/workspace/airflow/dags/data/append1.xlsx took 0.025 seconds
[2021-11-19 11:20:54,679] {processor.py:163} INFO - Started process (PID=26285) to work on /home/user/workspace/airflow/dags/data/append1.xlsx
[2021-11-19 11:20:54,681] {processor.py:620} INFO - Processing file /home/user/workspace/airflow/dags/data/append1.xlsx for tasks to queue
[2021-11-19 11:20:54,682] {logging_mixin.py:109} INFO - [2021-11-19 11:20:54,682] {dagbag.py:500} INFO - Filling up the DagBag from /home/user/workspace/airflow/dags/data/append1.xlsx
[2021-11-19 11:20:54,711] {processor.py:634} WARNING - No viable dags retrieved from /home/user/workspace/airflow/dags/data/append1.xlsx
[2021-11-19 11:20:54,716] {processor.py:171} INFO - Processing /home/user/workspace/airflow/dags/data/append1.xlsx took 0.041 seconds
[2021-11-19 11:21:26,244] {processor.py:163} INFO - Started process (PID=26890) to work on /home/user/workspace/airflow/dags/data/append1.xlsx
[2021-11-19 11:21:26,245] {processor.py:620} INFO - Processing file /home/user/workspace/airflow/dags/data/append1.xlsx for tasks to queue
[2021-11-19 11:21:26,246] {logging_mixin.py:109} INFO - [2021-11-19 11:21:26,246] {dagbag.py:500} INFO - Filling up the DagBag from /home/user/workspace/airflow/dags/data/append1.xlsx
[2021-11-19 11:21:26,268] {processor.py:634} WARNING - No viable dags retrieved from /home/user/workspace/airflow/dags/data/append1.xlsx
[2021-11-19 11:21:26,272] {processor.py:171} INFO - Processing /home/user/workspace/airflow/dags/data/append1.xlsx took 0.031 seconds
[2021-11-19 11:21:59,047] {processor.py:163} INFO - Started process (PID=27546) to work on /home/user/workspace/airflow/dags/data/append1.xlsx
[2021-11-19 11:21:59,048] {processor.py:620} INFO - Processing file /home/user/workspace/airflow/dags/data/append1.xlsx for tasks to queue
[2021-11-19 11:21:59,049] {logging_mixin.py:109} INFO - [2021-11-19 11:21:59,049] {dagbag.py:500} INFO - Filling up the DagBag from /home/user/workspace/airflow/dags/data/append1.xlsx
[2021-11-19 11:21:59,089] {processor.py:634} WARNING - No viable dags retrieved from /home/user/workspace/airflow/dags/data/append1.xlsx
[2021-11-19 11:21:59,094] {processor.py:171} INFO - Processing /home/user/workspace/airflow/dags/data/append1.xlsx took 0.051 seconds
[2021-11-19 11:22:30,809] {processor.py:163} INFO - Started process (PID=28251) to work on /home/user/workspace/airflow/dags/data/append1.xlsx
[2021-11-19 11:22:30,810] {processor.py:620} INFO - Processing file /home/user/workspace/airflow/dags/data/append1.xlsx for tasks to queue
[2021-11-19 11:22:30,811] {logging_mixin.py:109} INFO - [2021-11-19 11:22:30,811] {dagbag.py:500} INFO - Filling up the DagBag from /home/user/workspace/airflow/dags/data/append1.xlsx
[2021-11-19 11:22:30,828] {processor.py:634} WARNING - No viable dags retrieved from /home/user/workspace/airflow/dags/data/append1.xlsx
[2021-11-19 11:22:30,831] {processor.py:171} INFO - Processing /home/user/workspace/airflow/dags/data/append1.xlsx took 0.026 seconds
[2021-11-19 11:23:03,162] {processor.py:163} INFO - Started process (PID=28980) to work on /home/user/workspace/airflow/dags/data/append1.xlsx
[2021-11-19 11:23:03,164] {processor.py:620} INFO - Processing file /home/user/workspace/airflow/dags/data/append1.xlsx for tasks to queue
[2021-11-19 11:23:03,165] {logging_mixin.py:109} INFO - [2021-11-19 11:23:03,165] {dagbag.py:500} INFO - Filling up the DagBag from /home/user/workspace/airflow/dags/data/append1.xlsx
[2021-11-19 11:23:03,184] {processor.py:634} WARNING - No viable dags retrieved from /home/user/workspace/airflow/dags/data/append1.xlsx
[2021-11-19 11:23:03,187] {processor.py:171} INFO - Processing /home/user/workspace/airflow/dags/data/append1.xlsx took 0.029 seconds
[2021-11-19 11:23:34,818] {processor.py:163} INFO - Started process (PID=29668) to work on /home/user/workspace/airflow/dags/data/append1.xlsx
[2021-11-19 11:23:34,819] {processor.py:620} INFO - Processing file /home/user/workspace/airflow/dags/data/append1.xlsx for tasks to queue
[2021-11-19 11:23:34,820] {logging_mixin.py:109} INFO - [2021-11-19 11:23:34,820] {dagbag.py:500} INFO - Filling up the DagBag from /home/user/workspace/airflow/dags/data/append1.xlsx
[2021-11-19 11:23:34,838] {processor.py:634} WARNING - No viable dags retrieved from /home/user/workspace/airflow/dags/data/append1.xlsx
[2021-11-19 11:23:34,842] {processor.py:171} INFO - Processing /home/user/workspace/airflow/dags/data/append1.xlsx took 0.027 seconds
[2021-11-19 11:24:06,376] {processor.py:163} INFO - Started process (PID=30377) to work on /home/user/workspace/airflow/dags/data/append1.xlsx
[2021-11-19 11:24:06,377] {processor.py:620} INFO - Processing file /home/user/workspace/airflow/dags/data/append1.xlsx for tasks to queue
[2021-11-19 11:24:06,378] {logging_mixin.py:109} INFO - [2021-11-19 11:24:06,377] {dagbag.py:500} INFO - Filling up the DagBag from /home/user/workspace/airflow/dags/data/append1.xlsx
[2021-11-19 11:24:06,398] {processor.py:634} WARNING - No viable dags retrieved from /home/user/workspace/airflow/dags/data/append1.xlsx
[2021-11-19 11:24:06,402] {processor.py:171} INFO - Processing /home/user/workspace/airflow/dags/data/append1.xlsx took 0.029 seconds
[2021-11-19 11:24:38,618] {processor.py:163} INFO - Started process (PID=31048) to work on /home/user/workspace/airflow/dags/data/append1.xlsx
[2021-11-19 11:24:38,619] {processor.py:620} INFO - Processing file /home/user/workspace/airflow/dags/data/append1.xlsx for tasks to queue
[2021-11-19 11:24:38,619] {logging_mixin.py:109} INFO - [2021-11-19 11:24:38,619] {dagbag.py:500} INFO - Filling up the DagBag from /home/user/workspace/airflow/dags/data/append1.xlsx
[2021-11-19 11:24:38,638] {processor.py:634} WARNING - No viable dags retrieved from /home/user/workspace/airflow/dags/data/append1.xlsx
[2021-11-19 11:24:38,641] {processor.py:171} INFO - Processing /home/user/workspace/airflow/dags/data/append1.xlsx took 0.028 seconds
[2021-11-19 11:25:10,615] {processor.py:163} INFO - Started process (PID=31548) to work on /home/user/workspace/airflow/dags/data/append1.xlsx
[2021-11-19 11:25:10,617] {processor.py:620} INFO - Processing file /home/user/workspace/airflow/dags/data/append1.xlsx for tasks to queue
[2021-11-19 11:25:10,618] {logging_mixin.py:109} INFO - [2021-11-19 11:25:10,617] {dagbag.py:500} INFO - Filling up the DagBag from /home/user/workspace/airflow/dags/data/append1.xlsx
[2021-11-19 11:25:10,639] {processor.py:634} WARNING - No viable dags retrieved from /home/user/workspace/airflow/dags/data/append1.xlsx
[2021-11-19 11:25:10,644] {processor.py:171} INFO - Processing /home/user/workspace/airflow/dags/data/append1.xlsx took 0.035 seconds
[2021-11-19 11:25:43,293] {processor.py:163} INFO - Started process (PID=32117) to work on /home/user/workspace/airflow/dags/data/append1.xlsx
[2021-11-19 11:25:43,294] {processor.py:620} INFO - Processing file /home/user/workspace/airflow/dags/data/append1.xlsx for tasks to queue
[2021-11-19 11:25:43,295] {logging_mixin.py:109} INFO - [2021-11-19 11:25:43,295] {dagbag.py:500} INFO - Filling up the DagBag from /home/user/workspace/airflow/dags/data/append1.xlsx
[2021-11-19 11:25:43,324] {processor.py:634} WARNING - No viable dags retrieved from /home/user/workspace/airflow/dags/data/append1.xlsx
[2021-11-19 11:25:43,328] {processor.py:171} INFO - Processing /home/user/workspace/airflow/dags/data/append1.xlsx took 0.038 seconds
[2021-11-19 11:26:17,106] {processor.py:163} INFO - Started process (PID=32695) to work on /home/user/workspace/airflow/dags/data/append1.xlsx
[2021-11-19 11:26:17,107] {processor.py:620} INFO - Processing file /home/user/workspace/airflow/dags/data/append1.xlsx for tasks to queue
[2021-11-19 11:26:17,108] {logging_mixin.py:109} INFO - [2021-11-19 11:26:17,108] {dagbag.py:500} INFO - Filling up the DagBag from /home/user/workspace/airflow/dags/data/append1.xlsx
[2021-11-19 11:26:17,129] {processor.py:634} WARNING - No viable dags retrieved from /home/user/workspace/airflow/dags/data/append1.xlsx
[2021-11-19 11:26:17,132] {processor.py:171} INFO - Processing /home/user/workspace/airflow/dags/data/append1.xlsx took 0.036 seconds
[2021-11-19 11:26:49,668] {processor.py:163} INFO - Started process (PID=745) to work on /home/user/workspace/airflow/dags/data/append1.xlsx
[2021-11-19 11:26:49,670] {processor.py:620} INFO - Processing file /home/user/workspace/airflow/dags/data/append1.xlsx for tasks to queue
[2021-11-19 11:26:49,672] {logging_mixin.py:109} INFO - [2021-11-19 11:26:49,671] {dagbag.py:500} INFO - Filling up the DagBag from /home/user/workspace/airflow/dags/data/append1.xlsx
[2021-11-19 11:26:49,711] {processor.py:634} WARNING - No viable dags retrieved from /home/user/workspace/airflow/dags/data/append1.xlsx
[2021-11-19 11:26:49,724] {processor.py:171} INFO - Processing /home/user/workspace/airflow/dags/data/append1.xlsx took 0.067 seconds
[2021-11-19 11:27:22,569] {processor.py:163} INFO - Started process (PID=1835) to work on /home/user/workspace/airflow/dags/data/append1.xlsx
[2021-11-19 11:27:22,571] {processor.py:620} INFO - Processing file /home/user/workspace/airflow/dags/data/append1.xlsx for tasks to queue
[2021-11-19 11:27:22,572] {logging_mixin.py:109} INFO - [2021-11-19 11:27:22,572] {dagbag.py:500} INFO - Filling up the DagBag from /home/user/workspace/airflow/dags/data/append1.xlsx
[2021-11-19 11:27:22,594] {processor.py:634} WARNING - No viable dags retrieved from /home/user/workspace/airflow/dags/data/append1.xlsx
[2021-11-19 11:27:22,598] {processor.py:171} INFO - Processing /home/user/workspace/airflow/dags/data/append1.xlsx took 0.033 seconds
[2021-11-19 11:27:55,949] {processor.py:163} INFO - Started process (PID=2571) to work on /home/user/workspace/airflow/dags/data/append1.xlsx
[2021-11-19 11:27:55,951] {processor.py:620} INFO - Processing file /home/user/workspace/airflow/dags/data/append1.xlsx for tasks to queue
[2021-11-19 11:27:55,953] {logging_mixin.py:109} INFO - [2021-11-19 11:27:55,953] {dagbag.py:500} INFO - Filling up the DagBag from /home/user/workspace/airflow/dags/data/append1.xlsx
[2021-11-19 11:27:55,974] {processor.py:634} WARNING - No viable dags retrieved from /home/user/workspace/airflow/dags/data/append1.xlsx
[2021-11-19 11:27:55,977] {processor.py:171} INFO - Processing /home/user/workspace/airflow/dags/data/append1.xlsx took 0.035 seconds
[2021-11-19 11:28:30,359] {processor.py:163} INFO - Started process (PID=3517) to work on /home/user/workspace/airflow/dags/data/append1.xlsx
[2021-11-19 11:28:30,360] {processor.py:620} INFO - Processing file /home/user/workspace/airflow/dags/data/append1.xlsx for tasks to queue
[2021-11-19 11:28:30,361] {logging_mixin.py:109} INFO - [2021-11-19 11:28:30,361] {dagbag.py:500} INFO - Filling up the DagBag from /home/user/workspace/airflow/dags/data/append1.xlsx
[2021-11-19 11:28:30,379] {processor.py:634} WARNING - No viable dags retrieved from /home/user/workspace/airflow/dags/data/append1.xlsx
[2021-11-19 11:28:30,383] {processor.py:171} INFO - Processing /home/user/workspace/airflow/dags/data/append1.xlsx took 0.030 seconds
[2021-11-19 11:29:02,723] {processor.py:163} INFO - Started process (PID=4323) to work on /home/user/workspace/airflow/dags/data/append1.xlsx
[2021-11-19 11:29:02,724] {processor.py:620} INFO - Processing file /home/user/workspace/airflow/dags/data/append1.xlsx for tasks to queue
[2021-11-19 11:29:02,725] {logging_mixin.py:109} INFO - [2021-11-19 11:29:02,725] {dagbag.py:500} INFO - Filling up the DagBag from /home/user/workspace/airflow/dags/data/append1.xlsx
[2021-11-19 11:29:02,751] {processor.py:634} WARNING - No viable dags retrieved from /home/user/workspace/airflow/dags/data/append1.xlsx
[2021-11-19 11:29:02,757] {processor.py:171} INFO - Processing /home/user/workspace/airflow/dags/data/append1.xlsx took 0.042 seconds
[2021-11-19 11:29:48,063] {processor.py:163} INFO - Started process (PID=4942) to work on /home/user/workspace/airflow/dags/data/append1.xlsx
[2021-11-19 11:29:48,070] {processor.py:620} INFO - Processing file /home/user/workspace/airflow/dags/data/append1.xlsx for tasks to queue
[2021-11-19 11:29:48,072] {logging_mixin.py:109} INFO - [2021-11-19 11:29:48,072] {dagbag.py:500} INFO - Filling up the DagBag from /home/user/workspace/airflow/dags/data/append1.xlsx
[2021-11-19 11:29:48,144] {processor.py:634} WARNING - No viable dags retrieved from /home/user/workspace/airflow/dags/data/append1.xlsx
[2021-11-19 11:29:48,160] {processor.py:171} INFO - Processing /home/user/workspace/airflow/dags/data/append1.xlsx took 0.106 seconds
[2021-11-19 11:30:24,507] {processor.py:163} INFO - Started process (PID=5437) to work on /home/user/workspace/airflow/dags/data/append1.xlsx
[2021-11-19 11:30:24,509] {processor.py:620} INFO - Processing file /home/user/workspace/airflow/dags/data/append1.xlsx for tasks to queue
[2021-11-19 11:30:24,510] {logging_mixin.py:109} INFO - [2021-11-19 11:30:24,510] {dagbag.py:500} INFO - Filling up the DagBag from /home/user/workspace/airflow/dags/data/append1.xlsx
[2021-11-19 11:30:24,547] {processor.py:634} WARNING - No viable dags retrieved from /home/user/workspace/airflow/dags/data/append1.xlsx
[2021-11-19 11:30:24,557] {processor.py:171} INFO - Processing /home/user/workspace/airflow/dags/data/append1.xlsx took 0.057 seconds
[2021-11-19 11:30:56,737] {processor.py:163} INFO - Started process (PID=6032) to work on /home/user/workspace/airflow/dags/data/append1.xlsx
[2021-11-19 11:30:56,739] {processor.py:620} INFO - Processing file /home/user/workspace/airflow/dags/data/append1.xlsx for tasks to queue
[2021-11-19 11:30:56,740] {logging_mixin.py:109} INFO - [2021-11-19 11:30:56,740] {dagbag.py:500} INFO - Filling up the DagBag from /home/user/workspace/airflow/dags/data/append1.xlsx
[2021-11-19 11:30:56,768] {processor.py:634} WARNING - No viable dags retrieved from /home/user/workspace/airflow/dags/data/append1.xlsx
[2021-11-19 11:30:56,771] {processor.py:171} INFO - Processing /home/user/workspace/airflow/dags/data/append1.xlsx took 0.039 seconds
[2021-11-19 11:31:28,923] {processor.py:163} INFO - Started process (PID=6731) to work on /home/user/workspace/airflow/dags/data/append1.xlsx
[2021-11-19 11:31:28,924] {processor.py:620} INFO - Processing file /home/user/workspace/airflow/dags/data/append1.xlsx for tasks to queue
[2021-11-19 11:31:28,925] {logging_mixin.py:109} INFO - [2021-11-19 11:31:28,925] {dagbag.py:500} INFO - Filling up the DagBag from /home/user/workspace/airflow/dags/data/append1.xlsx
[2021-11-19 11:31:28,960] {processor.py:634} WARNING - No viable dags retrieved from /home/user/workspace/airflow/dags/data/append1.xlsx
[2021-11-19 11:31:28,972] {processor.py:171} INFO - Processing /home/user/workspace/airflow/dags/data/append1.xlsx took 0.054 seconds
[2021-11-19 11:32:01,011] {processor.py:163} INFO - Started process (PID=7480) to work on /home/user/workspace/airflow/dags/data/append1.xlsx
[2021-11-19 11:32:01,013] {processor.py:620} INFO - Processing file /home/user/workspace/airflow/dags/data/append1.xlsx for tasks to queue
[2021-11-19 11:32:01,014] {logging_mixin.py:109} INFO - [2021-11-19 11:32:01,013] {dagbag.py:500} INFO - Filling up the DagBag from /home/user/workspace/airflow/dags/data/append1.xlsx
[2021-11-19 11:32:01,038] {processor.py:634} WARNING - No viable dags retrieved from /home/user/workspace/airflow/dags/data/append1.xlsx
[2021-11-19 11:32:01,042] {processor.py:171} INFO - Processing /home/user/workspace/airflow/dags/data/append1.xlsx took 0.035 seconds
[2021-11-19 11:32:34,083] {processor.py:163} INFO - Started process (PID=8169) to work on /home/user/workspace/airflow/dags/data/append1.xlsx
[2021-11-19 11:32:34,084] {processor.py:620} INFO - Processing file /home/user/workspace/airflow/dags/data/append1.xlsx for tasks to queue
[2021-11-19 11:32:34,084] {logging_mixin.py:109} INFO - [2021-11-19 11:32:34,084] {dagbag.py:500} INFO - Filling up the DagBag from /home/user/workspace/airflow/dags/data/append1.xlsx
[2021-11-19 11:32:34,104] {processor.py:634} WARNING - No viable dags retrieved from /home/user/workspace/airflow/dags/data/append1.xlsx
[2021-11-19 11:32:34,112] {processor.py:171} INFO - Processing /home/user/workspace/airflow/dags/data/append1.xlsx took 0.032 seconds
[2021-11-19 11:33:07,395] {processor.py:163} INFO - Started process (PID=8809) to work on /home/user/workspace/airflow/dags/data/append1.xlsx
[2021-11-19 11:33:07,396] {processor.py:620} INFO - Processing file /home/user/workspace/airflow/dags/data/append1.xlsx for tasks to queue
[2021-11-19 11:33:07,397] {logging_mixin.py:109} INFO - [2021-11-19 11:33:07,397] {dagbag.py:500} INFO - Filling up the DagBag from /home/user/workspace/airflow/dags/data/append1.xlsx
[2021-11-19 11:33:07,425] {processor.py:634} WARNING - No viable dags retrieved from /home/user/workspace/airflow/dags/data/append1.xlsx
[2021-11-19 11:33:07,428] {processor.py:171} INFO - Processing /home/user/workspace/airflow/dags/data/append1.xlsx took 0.036 seconds
[2021-11-19 11:33:39,596] {processor.py:163} INFO - Started process (PID=9465) to work on /home/user/workspace/airflow/dags/data/append1.xlsx
[2021-11-19 11:33:39,597] {processor.py:620} INFO - Processing file /home/user/workspace/airflow/dags/data/append1.xlsx for tasks to queue
[2021-11-19 11:33:39,598] {logging_mixin.py:109} INFO - [2021-11-19 11:33:39,598] {dagbag.py:500} INFO - Filling up the DagBag from /home/user/workspace/airflow/dags/data/append1.xlsx
[2021-11-19 11:33:39,615] {processor.py:634} WARNING - No viable dags retrieved from /home/user/workspace/airflow/dags/data/append1.xlsx
[2021-11-19 11:33:39,620] {processor.py:171} INFO - Processing /home/user/workspace/airflow/dags/data/append1.xlsx took 0.026 seconds
[2021-11-19 11:34:11,225] {processor.py:163} INFO - Started process (PID=10123) to work on /home/user/workspace/airflow/dags/data/append1.xlsx
[2021-11-19 11:34:11,226] {processor.py:620} INFO - Processing file /home/user/workspace/airflow/dags/data/append1.xlsx for tasks to queue
[2021-11-19 11:34:11,226] {logging_mixin.py:109} INFO - [2021-11-19 11:34:11,226] {dagbag.py:500} INFO - Filling up the DagBag from /home/user/workspace/airflow/dags/data/append1.xlsx
[2021-11-19 11:34:11,242] {processor.py:634} WARNING - No viable dags retrieved from /home/user/workspace/airflow/dags/data/append1.xlsx
[2021-11-19 11:34:11,246] {processor.py:171} INFO - Processing /home/user/workspace/airflow/dags/data/append1.xlsx took 0.026 seconds
