[2021-10-29 11:34:35,467] {taskinstance.py:1035} INFO - Dependencies all met for <TaskInstance: transformation.append_value_sharepoint manual__2021-10-29T06:04:07.054604+00:00 [queued]>
[2021-10-29 11:34:35,517] {taskinstance.py:1035} INFO - Dependencies all met for <TaskInstance: transformation.append_value_sharepoint manual__2021-10-29T06:04:07.054604+00:00 [queued]>
[2021-10-29 11:34:35,517] {taskinstance.py:1241} INFO - 
--------------------------------------------------------------------------------
[2021-10-29 11:34:35,517] {taskinstance.py:1242} INFO - Starting attempt 1 of 2
[2021-10-29 11:34:35,517] {taskinstance.py:1243} INFO - 
--------------------------------------------------------------------------------
[2021-10-29 11:34:35,545] {taskinstance.py:1262} INFO - Executing <Task(PythonOperator): append_value_sharepoint> on 2021-10-29 06:04:07.054604+00:00
[2021-10-29 11:34:35,556] {standard_task_runner.py:52} INFO - Started process 25222 to run task
[2021-10-29 11:34:35,568] {standard_task_runner.py:76} INFO - Running: ['airflow', 'tasks', 'run', 'transformation', 'append_value_sharepoint', 'manual__2021-10-29T06:04:07.054604+00:00', '--job-id', '6', '--raw', '--subdir', 'DAGS_FOLDER/transformation.py', '--cfg-path', '/tmp/tmpff027b4w', '--error-file', '/tmp/tmp4ymhkhen']
[2021-10-29 11:34:35,576] {standard_task_runner.py:77} INFO - Job 6: Subtask append_value_sharepoint
[2021-10-29 11:34:35,665] {logging_mixin.py:109} INFO - Running <TaskInstance: transformation.append_value_sharepoint manual__2021-10-29T06:04:07.054604+00:00 [running]> on host user-Latitude-3410
[2021-10-29 11:34:35,784] {taskinstance.py:1414} INFO - Exporting the following env vars:
AIRFLOW_CTX_DAG_EMAIL=shindesushant818@gmail.com
AIRFLOW_CTX_DAG_OWNER=airflow
AIRFLOW_CTX_DAG_ID=transformation
AIRFLOW_CTX_TASK_ID=append_value_sharepoint
AIRFLOW_CTX_EXECUTION_DATE=2021-10-29T06:04:07.054604+00:00
AIRFLOW_CTX_DAG_RUN_ID=manual__2021-10-29T06:04:07.054604+00:00
[2021-10-29 11:34:41,619] {logging_mixin.py:109} INFO -            company_name         owner
0       Adity Birla Sun   Adity Birla
1           Tata motors          Tata
2            Tata power          Tata
3  Adity Birla capital   Adity Birla 
4              airindia          Tata
5                   xyz       sushant
6                   TCS          Tata
7               airflow           NaN
8                   qwe           NaN
9                   ASD           NaN
[2021-10-29 11:34:42,092] {python.py:152} INFO - Done. Returned value was: None
[2021-10-29 11:34:42,102] {taskinstance.py:1280} INFO - Marking task as SUCCESS. dag_id=transformation, task_id=append_value_sharepoint, execution_date=20211029T060407, start_date=20211029T060435, end_date=20211029T060442
[2021-10-29 11:34:42,148] {local_task_job.py:154} INFO - Task exited with return code 0
[2021-10-29 11:34:42,174] {local_task_job.py:264} INFO - 1 downstream tasks scheduled from follow-on schedule check
