[2021-10-14 11:49:21,977] {taskinstance.py:1035} INFO - Dependencies all met for <TaskInstance: example_bash_operator.also_run_this scheduled__2021-10-13T00:00:00+00:00 [queued]>
[2021-10-14 11:49:21,986] {taskinstance.py:1035} INFO - Dependencies all met for <TaskInstance: example_bash_operator.also_run_this scheduled__2021-10-13T00:00:00+00:00 [queued]>
[2021-10-14 11:49:21,986] {taskinstance.py:1241} INFO - 
--------------------------------------------------------------------------------
[2021-10-14 11:49:21,987] {taskinstance.py:1242} INFO - Starting attempt 1 of 1
[2021-10-14 11:49:21,987] {taskinstance.py:1243} INFO - 
--------------------------------------------------------------------------------
[2021-10-14 11:49:21,995] {taskinstance.py:1262} INFO - Executing <Task(BashOperator): also_run_this> on 2021-10-13 00:00:00+00:00
[2021-10-14 11:49:21,996] {standard_task_runner.py:52} INFO - Started process 20106 to run task
[2021-10-14 11:49:21,998] {standard_task_runner.py:76} INFO - Running: ['airflow', 'tasks', 'run', 'example_bash_operator', 'also_run_this', 'scheduled__2021-10-13T00:00:00+00:00', '--job-id', '5', '--raw', '--subdir', '/home/user/workspace/airflow/airflow_env/lib/python3.6/site-packages/airflow/example_dags/example_bash_operator.py', '--cfg-path', '/tmp/tmpybkk16lq', '--error-file', '/tmp/tmpf7hi_15f']
[2021-10-14 11:49:22,000] {standard_task_runner.py:77} INFO - Job 5: Subtask also_run_this
[2021-10-14 11:49:22,028] {logging_mixin.py:109} INFO - Running <TaskInstance: example_bash_operator.also_run_this scheduled__2021-10-13T00:00:00+00:00 [running]> on host user-Latitude-3410
[2021-10-14 11:49:22,059] {taskinstance.py:1414} INFO - Exporting the following env vars:
AIRFLOW_CTX_DAG_OWNER=airflow
AIRFLOW_CTX_DAG_ID=example_bash_operator
AIRFLOW_CTX_TASK_ID=also_run_this
AIRFLOW_CTX_EXECUTION_DATE=2021-10-13T00:00:00+00:00
AIRFLOW_CTX_DAG_RUN_ID=scheduled__2021-10-13T00:00:00+00:00
[2021-10-14 11:49:22,061] {subprocess.py:62} INFO - Tmp dir root location: 
 /tmp
[2021-10-14 11:49:22,062] {subprocess.py:74} INFO - Running command: ['bash', '-c', 'echo "run_id=scheduled__2021-10-13T00:00:00+00:00 | dag_run=<DagRun example_bash_operator @ 2021-10-13 00:00:00+00:00: scheduled__2021-10-13T00:00:00+00:00, externally triggered: False>"']
[2021-10-14 11:49:22,067] {subprocess.py:85} INFO - Output:
[2021-10-14 11:49:22,068] {subprocess.py:89} INFO - run_id=scheduled__2021-10-13T00:00:00+00:00 | dag_run=<DagRun example_bash_operator @ 2021-10-13 00:00:00+00:00: scheduled__2021-10-13T00:00:00+00:00, externally triggered: False>
[2021-10-14 11:49:22,068] {subprocess.py:93} INFO - Command exited with return code 0
[2021-10-14 11:49:22,082] {taskinstance.py:1280} INFO - Marking task as SUCCESS. dag_id=example_bash_operator, task_id=also_run_this, execution_date=20211013T000000, start_date=20211014T061921, end_date=20211014T061922
[2021-10-14 11:49:22,131] {local_task_job.py:154} INFO - Task exited with return code 0
[2021-10-14 11:49:22,146] {local_task_job.py:264} INFO - 0 downstream tasks scheduled from follow-on schedule check
