[2021-10-28 17:00:33,206] {taskinstance.py:1035} INFO - Dependencies all met for <TaskInstance: transformation.add_column scheduled__2021-10-27T00:00:00+00:00 [queued]>
[2021-10-28 17:00:33,224] {taskinstance.py:1035} INFO - Dependencies all met for <TaskInstance: transformation.add_column scheduled__2021-10-27T00:00:00+00:00 [queued]>
[2021-10-28 17:00:33,224] {taskinstance.py:1241} INFO - 
--------------------------------------------------------------------------------
[2021-10-28 17:00:33,224] {taskinstance.py:1242} INFO - Starting attempt 1 of 2
[2021-10-28 17:00:33,225] {taskinstance.py:1243} INFO - 
--------------------------------------------------------------------------------
[2021-10-28 17:00:33,245] {taskinstance.py:1262} INFO - Executing <Task(PythonOperator): add_column> on 2021-10-27 00:00:00+00:00
[2021-10-28 17:00:33,251] {standard_task_runner.py:52} INFO - Started process 18132 to run task
[2021-10-28 17:00:33,255] {standard_task_runner.py:76} INFO - Running: ['airflow', 'tasks', 'run', 'transformation', 'add_column', 'scheduled__2021-10-27T00:00:00+00:00', '--job-id', '86', '--raw', '--subdir', 'DAGS_FOLDER/transformation.py', '--cfg-path', '/tmp/tmpl2mxxt65', '--error-file', '/tmp/tmpgxq04qw5']
[2021-10-28 17:00:33,259] {standard_task_runner.py:77} INFO - Job 86: Subtask add_column
[2021-10-28 17:00:33,306] {logging_mixin.py:109} INFO - Running <TaskInstance: transformation.add_column scheduled__2021-10-27T00:00:00+00:00 [running]> on host user-Latitude-3410
[2021-10-28 17:00:33,357] {taskinstance.py:1414} INFO - Exporting the following env vars:
AIRFLOW_CTX_DAG_EMAIL=shindesushant818@gmail.com
AIRFLOW_CTX_DAG_OWNER=airflow
AIRFLOW_CTX_DAG_ID=transformation
AIRFLOW_CTX_TASK_ID=add_column
AIRFLOW_CTX_EXECUTION_DATE=2021-10-27T00:00:00+00:00
AIRFLOW_CTX_DAG_RUN_ID=scheduled__2021-10-27T00:00:00+00:00
[2021-10-28 17:00:33,447] {logging_mixin.py:109} INFO -    first_name  startdate  makrs  file_name
0     sushant 2021-11-12     12  file1.xls
1      saloni 2021-11-13     12  file1.xls
2          om 2021-11-13     13  file1.xls
3     shubham 2021-11-13     89  file1.xls
4      divesh 2021-11-12    843  file1.xls
5     sushant 2021-11-12     12  file2.xls
6     sushant 2021-11-13     12  file2.xls
7     sushant 2021-11-13     13  file2.xls
8     shubham 2021-11-13     89  file2.xls
9      divesh 2021-11-12    843  file2.xls
10      gopal 2021-11-12     12  file3.xls
11     vishal 2021-11-13     12  file3.xls
12      suraj 2021-11-13     13  file3.xls
13    shubham 2021-11-13     89  file3.xls
14     divesh 2021-11-12    843  file3.xls
[2021-10-28 17:00:33,448] {logging_mixin.py:109} INFO - 144
[2021-10-28 17:00:33,448] {logging_mixin.py:109} INFO - 144
[2021-10-28 17:00:33,448] {logging_mixin.py:109} INFO - 156
[2021-10-28 17:00:33,448] {logging_mixin.py:109} INFO - 1068
[2021-10-28 17:00:33,448] {logging_mixin.py:109} INFO - 10116
[2021-10-28 17:00:33,448] {logging_mixin.py:109} INFO - 144
[2021-10-28 17:00:33,448] {logging_mixin.py:109} INFO - 144
[2021-10-28 17:00:33,448] {logging_mixin.py:109} INFO - 156
[2021-10-28 17:00:33,448] {logging_mixin.py:109} INFO - 1068
[2021-10-28 17:00:33,449] {logging_mixin.py:109} INFO - 10116
[2021-10-28 17:00:33,449] {logging_mixin.py:109} INFO - 144
[2021-10-28 17:00:33,449] {logging_mixin.py:109} INFO - 144
[2021-10-28 17:00:33,449] {logging_mixin.py:109} INFO - 156
[2021-10-28 17:00:33,449] {logging_mixin.py:109} INFO - 1068
[2021-10-28 17:00:33,449] {logging_mixin.py:109} INFO - 10116
[2021-10-28 17:00:33,449] {logging_mixin.py:109} INFO - [144, 144, 156, 1068, 10116, 144, 144, 156, 1068, 10116, 144, 144, 156, 1068, 10116]
[2021-10-28 17:00:33,463] {logging_mixin.py:109} INFO -    first_name  startdate  makrs  file_name  multiplication
0     sushant 2021-11-12     12  file1.xls             144
1      saloni 2021-11-13     12  file1.xls             144
2          om 2021-11-13     13  file1.xls             156
3     shubham 2021-11-13     89  file1.xls            1068
4      divesh 2021-11-12    843  file1.xls           10116
5     sushant 2021-11-12     12  file2.xls             144
6     sushant 2021-11-13     12  file2.xls             144
7     sushant 2021-11-13     13  file2.xls             156
8     shubham 2021-11-13     89  file2.xls            1068
9      divesh 2021-11-12    843  file2.xls           10116
10      gopal 2021-11-12     12  file3.xls             144
11     vishal 2021-11-13     12  file3.xls             144
12      suraj 2021-11-13     13  file3.xls             156
13    shubham 2021-11-13     89  file3.xls            1068
14     divesh 2021-11-12    843  file3.xls           10116
[2021-10-28 17:00:33,463] {python.py:152} INFO - Done. Returned value was: None
[2021-10-28 17:00:33,469] {taskinstance.py:1280} INFO - Marking task as SUCCESS. dag_id=transformation, task_id=add_column, execution_date=20211027T000000, start_date=20211028T113033, end_date=20211028T113033
[2021-10-28 17:00:33,511] {local_task_job.py:154} INFO - Task exited with return code 0
[2021-10-28 17:00:33,529] {local_task_job.py:264} INFO - 0 downstream tasks scheduled from follow-on schedule check
[2021-10-28 17:00:52,626] {taskinstance.py:1035} INFO - Dependencies all met for <TaskInstance: transformation.add_column manual__2021-10-28T11:30:28.833472+00:00 [queued]>
[2021-10-28 17:00:52,634] {taskinstance.py:1035} INFO - Dependencies all met for <TaskInstance: transformation.add_column manual__2021-10-28T11:30:28.833472+00:00 [queued]>
[2021-10-28 17:00:52,634] {taskinstance.py:1241} INFO - 
--------------------------------------------------------------------------------
[2021-10-28 17:00:52,634] {taskinstance.py:1242} INFO - Starting attempt 1 of 2
[2021-10-28 17:00:52,634] {taskinstance.py:1243} INFO - 
--------------------------------------------------------------------------------
[2021-10-28 17:00:52,644] {taskinstance.py:1262} INFO - Executing <Task(PythonOperator): add_column> on 2021-10-28 11:30:28.833472+00:00
[2021-10-28 17:00:52,647] {standard_task_runner.py:52} INFO - Started process 18414 to run task
[2021-10-28 17:00:52,650] {standard_task_runner.py:76} INFO - Running: ['airflow', 'tasks', 'run', 'transformation', 'add_column', 'manual__2021-10-28T11:30:28.833472+00:00', '--job-id', '89', '--raw', '--subdir', 'DAGS_FOLDER/transformation.py', '--cfg-path', '/tmp/tmpahrbaa97', '--error-file', '/tmp/tmpjiow1xjn']
[2021-10-28 17:00:52,652] {standard_task_runner.py:77} INFO - Job 89: Subtask add_column
[2021-10-28 17:00:52,679] {logging_mixin.py:109} INFO - Running <TaskInstance: transformation.add_column manual__2021-10-28T11:30:28.833472+00:00 [running]> on host user-Latitude-3410
[2021-10-28 17:00:52,708] {taskinstance.py:1414} INFO - Exporting the following env vars:
AIRFLOW_CTX_DAG_EMAIL=shindesushant818@gmail.com
AIRFLOW_CTX_DAG_OWNER=airflow
AIRFLOW_CTX_DAG_ID=transformation
AIRFLOW_CTX_TASK_ID=add_column
AIRFLOW_CTX_EXECUTION_DATE=2021-10-28T11:30:28.833472+00:00
AIRFLOW_CTX_DAG_RUN_ID=manual__2021-10-28T11:30:28.833472+00:00
[2021-10-28 17:00:52,748] {logging_mixin.py:109} INFO -    first_name  startdate  makrs  file_name
0     sushant 2021-11-12     12  file1.xls
1      saloni 2021-11-13     12  file1.xls
2          om 2021-11-13     13  file1.xls
3     shubham 2021-11-13     89  file1.xls
4      divesh 2021-11-12    843  file1.xls
5     sushant 2021-11-12     12  file2.xls
6     sushant 2021-11-13     12  file2.xls
7     sushant 2021-11-13     13  file2.xls
8     shubham 2021-11-13     89  file2.xls
9      divesh 2021-11-12    843  file2.xls
10      gopal 2021-11-12     12  file3.xls
11     vishal 2021-11-13     12  file3.xls
12      suraj 2021-11-13     13  file3.xls
13    shubham 2021-11-13     89  file3.xls
14     divesh 2021-11-12    843  file3.xls
[2021-10-28 17:00:52,748] {logging_mixin.py:109} INFO - 144
[2021-10-28 17:00:52,748] {logging_mixin.py:109} INFO - 144
[2021-10-28 17:00:52,748] {logging_mixin.py:109} INFO - 156
[2021-10-28 17:00:52,748] {logging_mixin.py:109} INFO - 1068
[2021-10-28 17:00:52,748] {logging_mixin.py:109} INFO - 10116
[2021-10-28 17:00:52,748] {logging_mixin.py:109} INFO - 144
[2021-10-28 17:00:52,748] {logging_mixin.py:109} INFO - 144
[2021-10-28 17:00:52,748] {logging_mixin.py:109} INFO - 156
[2021-10-28 17:00:52,748] {logging_mixin.py:109} INFO - 1068
[2021-10-28 17:00:52,749] {logging_mixin.py:109} INFO - 10116
[2021-10-28 17:00:52,749] {logging_mixin.py:109} INFO - 144
[2021-10-28 17:00:52,749] {logging_mixin.py:109} INFO - 144
[2021-10-28 17:00:52,749] {logging_mixin.py:109} INFO - 156
[2021-10-28 17:00:52,749] {logging_mixin.py:109} INFO - 1068
[2021-10-28 17:00:52,749] {logging_mixin.py:109} INFO - 10116
[2021-10-28 17:00:52,749] {logging_mixin.py:109} INFO - [144, 144, 156, 1068, 10116, 144, 144, 156, 1068, 10116, 144, 144, 156, 1068, 10116]
[2021-10-28 17:00:52,761] {logging_mixin.py:109} INFO -    first_name  startdate  makrs  file_name  multiplication
0     sushant 2021-11-12     12  file1.xls             144
1      saloni 2021-11-13     12  file1.xls             144
2          om 2021-11-13     13  file1.xls             156
3     shubham 2021-11-13     89  file1.xls            1068
4      divesh 2021-11-12    843  file1.xls           10116
5     sushant 2021-11-12     12  file2.xls             144
6     sushant 2021-11-13     12  file2.xls             144
7     sushant 2021-11-13     13  file2.xls             156
8     shubham 2021-11-13     89  file2.xls            1068
9      divesh 2021-11-12    843  file2.xls           10116
10      gopal 2021-11-12     12  file3.xls             144
11     vishal 2021-11-13     12  file3.xls             144
12      suraj 2021-11-13     13  file3.xls             156
13    shubham 2021-11-13     89  file3.xls            1068
14     divesh 2021-11-12    843  file3.xls           10116
[2021-10-28 17:00:52,761] {python.py:152} INFO - Done. Returned value was: None
[2021-10-28 17:00:52,767] {taskinstance.py:1280} INFO - Marking task as SUCCESS. dag_id=transformation, task_id=add_column, execution_date=20211028T113028, start_date=20211028T113052, end_date=20211028T113052
[2021-10-28 17:00:52,784] {local_task_job.py:154} INFO - Task exited with return code 0
[2021-10-28 17:00:52,799] {local_task_job.py:264} INFO - 0 downstream tasks scheduled from follow-on schedule check
[2021-10-28 17:08:31,783] {taskinstance.py:1035} INFO - Dependencies all met for <TaskInstance: transformation.add_column manual__2021-10-28T11:38:08.647575+00:00 [queued]>
[2021-10-28 17:08:31,793] {taskinstance.py:1035} INFO - Dependencies all met for <TaskInstance: transformation.add_column manual__2021-10-28T11:38:08.647575+00:00 [queued]>
[2021-10-28 17:08:31,793] {taskinstance.py:1241} INFO - 
--------------------------------------------------------------------------------
[2021-10-28 17:08:31,794] {taskinstance.py:1242} INFO - Starting attempt 1 of 2
[2021-10-28 17:08:31,794] {taskinstance.py:1243} INFO - 
--------------------------------------------------------------------------------
[2021-10-28 17:08:31,806] {taskinstance.py:1262} INFO - Executing <Task(PythonOperator): add_column> on 2021-10-28 11:38:08.647575+00:00
[2021-10-28 17:08:31,810] {standard_task_runner.py:52} INFO - Started process 20597 to run task
[2021-10-28 17:08:31,819] {standard_task_runner.py:76} INFO - Running: ['airflow', 'tasks', 'run', 'transformation', 'add_column', 'manual__2021-10-28T11:38:08.647575+00:00', '--job-id', '94', '--raw', '--subdir', 'DAGS_FOLDER/transformation.py', '--cfg-path', '/tmp/tmpo3t0fxis', '--error-file', '/tmp/tmpb016cfja']
[2021-10-28 17:08:31,822] {standard_task_runner.py:77} INFO - Job 94: Subtask add_column
[2021-10-28 17:08:31,859] {logging_mixin.py:109} INFO - Running <TaskInstance: transformation.add_column manual__2021-10-28T11:38:08.647575+00:00 [running]> on host user-Latitude-3410
[2021-10-28 17:08:31,922] {taskinstance.py:1414} INFO - Exporting the following env vars:
AIRFLOW_CTX_DAG_EMAIL=shindesushant818@gmail.com
AIRFLOW_CTX_DAG_OWNER=airflow
AIRFLOW_CTX_DAG_ID=transformation
AIRFLOW_CTX_TASK_ID=add_column
AIRFLOW_CTX_EXECUTION_DATE=2021-10-28T11:38:08.647575+00:00
AIRFLOW_CTX_DAG_RUN_ID=manual__2021-10-28T11:38:08.647575+00:00
[2021-10-28 17:08:32,010] {logging_mixin.py:109} INFO -    first_name  startdate  makrs  file_name
0     sushant 2021-11-12     12  file1.xls
1      saloni 2021-11-13     12  file1.xls
2          om 2021-11-13     13  file1.xls
3     shubham 2021-11-13     89  file1.xls
4      divesh 2021-11-12    843  file1.xls
5     sushant 2021-11-12     12  file2.xls
6     sushant 2021-11-13     12  file2.xls
7     sushant 2021-11-13     13  file2.xls
8     shubham 2021-11-13     89  file2.xls
9      divesh 2021-11-12    843  file2.xls
10      gopal 2021-11-12     12  file3.xls
11     vishal 2021-11-13     12  file3.xls
12      suraj 2021-11-13     13  file3.xls
13    shubham 2021-11-13     89  file3.xls
14     divesh 2021-11-12    843  file3.xls
[2021-10-28 17:08:32,011] {logging_mixin.py:109} INFO - 144
[2021-10-28 17:08:32,011] {logging_mixin.py:109} INFO - 144
[2021-10-28 17:08:32,011] {logging_mixin.py:109} INFO - 156
[2021-10-28 17:08:32,011] {logging_mixin.py:109} INFO - 1068
[2021-10-28 17:08:32,012] {logging_mixin.py:109} INFO - 10116
[2021-10-28 17:08:32,012] {logging_mixin.py:109} INFO - 144
[2021-10-28 17:08:32,012] {logging_mixin.py:109} INFO - 144
[2021-10-28 17:08:32,012] {logging_mixin.py:109} INFO - 156
[2021-10-28 17:08:32,012] {logging_mixin.py:109} INFO - 1068
[2021-10-28 17:08:32,012] {logging_mixin.py:109} INFO - 10116
[2021-10-28 17:08:32,012] {logging_mixin.py:109} INFO - 144
[2021-10-28 17:08:32,012] {logging_mixin.py:109} INFO - 144
[2021-10-28 17:08:32,012] {logging_mixin.py:109} INFO - 156
[2021-10-28 17:08:32,012] {logging_mixin.py:109} INFO - 1068
[2021-10-28 17:08:32,013] {logging_mixin.py:109} INFO - 10116
[2021-10-28 17:08:32,013] {logging_mixin.py:109} INFO - [144, 144, 156, 1068, 10116, 144, 144, 156, 1068, 10116, 144, 144, 156, 1068, 10116]
[2021-10-28 17:08:32,038] {logging_mixin.py:109} INFO -    first_name  startdate  makrs  file_name  multiplication
0     sushant 2021-11-12     12  file1.xls             144
1      saloni 2021-11-13     12  file1.xls             144
2          om 2021-11-13     13  file1.xls             156
3     shubham 2021-11-13     89  file1.xls            1068
4      divesh 2021-11-12    843  file1.xls           10116
5     sushant 2021-11-12     12  file2.xls             144
6     sushant 2021-11-13     12  file2.xls             144
7     sushant 2021-11-13     13  file2.xls             156
8     shubham 2021-11-13     89  file2.xls            1068
9      divesh 2021-11-12    843  file2.xls           10116
10      gopal 2021-11-12     12  file3.xls             144
11     vishal 2021-11-13     12  file3.xls             144
12      suraj 2021-11-13     13  file3.xls             156
13    shubham 2021-11-13     89  file3.xls            1068
14     divesh 2021-11-12    843  file3.xls           10116
[2021-10-28 17:08:32,038] {python.py:152} INFO - Done. Returned value was: None
[2021-10-28 17:08:32,049] {taskinstance.py:1280} INFO - Marking task as SUCCESS. dag_id=transformation, task_id=add_column, execution_date=20211028T113808, start_date=20211028T113831, end_date=20211028T113832
[2021-10-28 17:08:32,109] {local_task_job.py:154} INFO - Task exited with return code 0
[2021-10-28 17:08:32,161] {local_task_job.py:264} INFO - 0 downstream tasks scheduled from follow-on schedule check
[2021-10-28 17:12:03,371] {taskinstance.py:1035} INFO - Dependencies all met for <TaskInstance: transformation.add_column manual__2021-10-28T11:41:41.337397+00:00 [queued]>
[2021-10-28 17:12:03,379] {taskinstance.py:1035} INFO - Dependencies all met for <TaskInstance: transformation.add_column manual__2021-10-28T11:41:41.337397+00:00 [queued]>
[2021-10-28 17:12:03,379] {taskinstance.py:1241} INFO - 
--------------------------------------------------------------------------------
[2021-10-28 17:12:03,379] {taskinstance.py:1242} INFO - Starting attempt 1 of 2
[2021-10-28 17:12:03,380] {taskinstance.py:1243} INFO - 
--------------------------------------------------------------------------------
[2021-10-28 17:12:03,390] {taskinstance.py:1262} INFO - Executing <Task(PythonOperator): add_column> on 2021-10-28 11:41:41.337397+00:00
[2021-10-28 17:12:03,393] {standard_task_runner.py:52} INFO - Started process 21584 to run task
[2021-10-28 17:12:03,396] {standard_task_runner.py:76} INFO - Running: ['airflow', 'tasks', 'run', 'transformation', 'add_column', 'manual__2021-10-28T11:41:41.337397+00:00', '--job-id', '97', '--raw', '--subdir', 'DAGS_FOLDER/transformation.py', '--cfg-path', '/tmp/tmpcsz5se4m', '--error-file', '/tmp/tmp7uh71oz6']
[2021-10-28 17:12:03,399] {standard_task_runner.py:77} INFO - Job 97: Subtask add_column
[2021-10-28 17:12:03,428] {logging_mixin.py:109} INFO - Running <TaskInstance: transformation.add_column manual__2021-10-28T11:41:41.337397+00:00 [running]> on host user-Latitude-3410
[2021-10-28 17:12:03,464] {taskinstance.py:1414} INFO - Exporting the following env vars:
AIRFLOW_CTX_DAG_EMAIL=shindesushant818@gmail.com
AIRFLOW_CTX_DAG_OWNER=airflow
AIRFLOW_CTX_DAG_ID=transformation
AIRFLOW_CTX_TASK_ID=add_column
AIRFLOW_CTX_EXECUTION_DATE=2021-10-28T11:41:41.337397+00:00
AIRFLOW_CTX_DAG_RUN_ID=manual__2021-10-28T11:41:41.337397+00:00
[2021-10-28 17:12:03,509] {logging_mixin.py:109} INFO -    first_name  startdate  makrs  file_name
0     sushant 2021-11-12     12  file1.xls
1      saloni 2021-11-13     12  file1.xls
2          om 2021-11-13     13  file1.xls
3     shubham 2021-11-13     89  file1.xls
4      divesh 2021-11-12    843  file1.xls
5     sushant 2021-11-12     12  file2.xls
6     sushant 2021-11-13     12  file2.xls
7     sushant 2021-11-13     13  file2.xls
8     shubham 2021-11-13     89  file2.xls
9      divesh 2021-11-12    843  file2.xls
10      gopal 2021-11-12     12  file3.xls
11     vishal 2021-11-13     12  file3.xls
12      suraj 2021-11-13     13  file3.xls
13    shubham 2021-11-13     89  file3.xls
14     divesh 2021-11-12    843  file3.xls
[2021-10-28 17:12:03,510] {logging_mixin.py:109} INFO - 144
[2021-10-28 17:12:03,510] {logging_mixin.py:109} INFO - 144
[2021-10-28 17:12:03,510] {logging_mixin.py:109} INFO - 156
[2021-10-28 17:12:03,510] {logging_mixin.py:109} INFO - 1068
[2021-10-28 17:12:03,510] {logging_mixin.py:109} INFO - 10116
[2021-10-28 17:12:03,510] {logging_mixin.py:109} INFO - 144
[2021-10-28 17:12:03,510] {logging_mixin.py:109} INFO - 144
[2021-10-28 17:12:03,510] {logging_mixin.py:109} INFO - 156
[2021-10-28 17:12:03,510] {logging_mixin.py:109} INFO - 1068
[2021-10-28 17:12:03,510] {logging_mixin.py:109} INFO - 10116
[2021-10-28 17:12:03,510] {logging_mixin.py:109} INFO - 144
[2021-10-28 17:12:03,510] {logging_mixin.py:109} INFO - 144
[2021-10-28 17:12:03,510] {logging_mixin.py:109} INFO - 156
[2021-10-28 17:12:03,510] {logging_mixin.py:109} INFO - 1068
[2021-10-28 17:12:03,510] {logging_mixin.py:109} INFO - 10116
[2021-10-28 17:12:03,510] {logging_mixin.py:109} INFO - [144, 144, 156, 1068, 10116, 144, 144, 156, 1068, 10116, 144, 144, 156, 1068, 10116]
[2021-10-28 17:12:03,521] {logging_mixin.py:109} INFO -    first_name  startdate  makrs  file_name  multiplication
0     sushant 2021-11-12     12  file1.xls             144
1      saloni 2021-11-13     12  file1.xls             144
2          om 2021-11-13     13  file1.xls             156
3     shubham 2021-11-13     89  file1.xls            1068
4      divesh 2021-11-12    843  file1.xls           10116
5     sushant 2021-11-12     12  file2.xls             144
6     sushant 2021-11-13     12  file2.xls             144
7     sushant 2021-11-13     13  file2.xls             156
8     shubham 2021-11-13     89  file2.xls            1068
9      divesh 2021-11-12    843  file2.xls           10116
10      gopal 2021-11-12     12  file3.xls             144
11     vishal 2021-11-13     12  file3.xls             144
12      suraj 2021-11-13     13  file3.xls             156
13    shubham 2021-11-13     89  file3.xls            1068
14     divesh 2021-11-12    843  file3.xls           10116
[2021-10-28 17:12:03,522] {python.py:152} INFO - Done. Returned value was: None
[2021-10-28 17:12:03,527] {taskinstance.py:1280} INFO - Marking task as SUCCESS. dag_id=transformation, task_id=add_column, execution_date=20211028T114141, start_date=20211028T114203, end_date=20211028T114203
[2021-10-28 17:12:03,570] {local_task_job.py:154} INFO - Task exited with return code 0
[2021-10-28 17:12:03,585] {local_task_job.py:264} INFO - 0 downstream tasks scheduled from follow-on schedule check
[2021-10-28 17:13:30,608] {taskinstance.py:1035} INFO - Dependencies all met for <TaskInstance: transformation.add_column manual__2021-10-28T11:43:05.958871+00:00 [queued]>
[2021-10-28 17:13:30,616] {taskinstance.py:1035} INFO - Dependencies all met for <TaskInstance: transformation.add_column manual__2021-10-28T11:43:05.958871+00:00 [queued]>
[2021-10-28 17:13:30,617] {taskinstance.py:1241} INFO - 
--------------------------------------------------------------------------------
[2021-10-28 17:13:30,617] {taskinstance.py:1242} INFO - Starting attempt 1 of 2
[2021-10-28 17:13:30,617] {taskinstance.py:1243} INFO - 
--------------------------------------------------------------------------------
[2021-10-28 17:13:30,626] {taskinstance.py:1262} INFO - Executing <Task(PythonOperator): add_column> on 2021-10-28 11:43:05.958871+00:00
[2021-10-28 17:13:30,629] {standard_task_runner.py:52} INFO - Started process 22350 to run task
[2021-10-28 17:13:30,632] {standard_task_runner.py:76} INFO - Running: ['airflow', 'tasks', 'run', 'transformation', 'add_column', 'manual__2021-10-28T11:43:05.958871+00:00', '--job-id', '100', '--raw', '--subdir', 'DAGS_FOLDER/transformation.py', '--cfg-path', '/tmp/tmph_c32dh9', '--error-file', '/tmp/tmpc6ycx2zr']
[2021-10-28 17:13:30,634] {standard_task_runner.py:77} INFO - Job 100: Subtask add_column
[2021-10-28 17:13:30,660] {logging_mixin.py:109} INFO - Running <TaskInstance: transformation.add_column manual__2021-10-28T11:43:05.958871+00:00 [running]> on host user-Latitude-3410
[2021-10-28 17:13:30,688] {taskinstance.py:1414} INFO - Exporting the following env vars:
AIRFLOW_CTX_DAG_EMAIL=shindesushant818@gmail.com
AIRFLOW_CTX_DAG_OWNER=airflow
AIRFLOW_CTX_DAG_ID=transformation
AIRFLOW_CTX_TASK_ID=add_column
AIRFLOW_CTX_EXECUTION_DATE=2021-10-28T11:43:05.958871+00:00
AIRFLOW_CTX_DAG_RUN_ID=manual__2021-10-28T11:43:05.958871+00:00
[2021-10-28 17:13:30,727] {logging_mixin.py:109} INFO -    first_name  startdate  makrs  file_name
0     sushant 2021-11-12     12  file1.xls
1      saloni 2021-11-13     12  file1.xls
2          om 2021-11-13     13  file1.xls
3     shubham 2021-11-13     89  file1.xls
4      divesh 2021-11-12    843  file1.xls
5     sushant 2021-11-12     12  file2.xls
6     sushant 2021-11-13     12  file2.xls
7     sushant 2021-11-13     13  file2.xls
8     shubham 2021-11-13     89  file2.xls
9      divesh 2021-11-12    843  file2.xls
10      gopal 2021-11-12     12  file3.xls
11     vishal 2021-11-13     12  file3.xls
12      suraj 2021-11-13     13  file3.xls
13    shubham 2021-11-13     89  file3.xls
14     divesh 2021-11-12    843  file3.xls
[2021-10-28 17:13:30,727] {logging_mixin.py:109} INFO - 144
[2021-10-28 17:13:30,727] {logging_mixin.py:109} INFO - 144
[2021-10-28 17:13:30,728] {logging_mixin.py:109} INFO - 156
[2021-10-28 17:13:30,728] {logging_mixin.py:109} INFO - 1068
[2021-10-28 17:13:30,728] {logging_mixin.py:109} INFO - 10116
[2021-10-28 17:13:30,728] {logging_mixin.py:109} INFO - 144
[2021-10-28 17:13:30,728] {logging_mixin.py:109} INFO - 144
[2021-10-28 17:13:30,728] {logging_mixin.py:109} INFO - 156
[2021-10-28 17:13:30,728] {logging_mixin.py:109} INFO - 1068
[2021-10-28 17:13:30,728] {logging_mixin.py:109} INFO - 10116
[2021-10-28 17:13:30,728] {logging_mixin.py:109} INFO - 144
[2021-10-28 17:13:30,728] {logging_mixin.py:109} INFO - 144
[2021-10-28 17:13:30,728] {logging_mixin.py:109} INFO - 156
[2021-10-28 17:13:30,728] {logging_mixin.py:109} INFO - 1068
[2021-10-28 17:13:30,729] {logging_mixin.py:109} INFO - 10116
[2021-10-28 17:13:30,729] {logging_mixin.py:109} INFO - [144, 144, 156, 1068, 10116, 144, 144, 156, 1068, 10116, 144, 144, 156, 1068, 10116]
[2021-10-28 17:13:30,746] {logging_mixin.py:109} INFO -    first_name  startdate  makrs  file_name  multiplication
0     sushant 2021-11-12     12  file1.xls             144
1      saloni 2021-11-13     12  file1.xls             144
2          om 2021-11-13     13  file1.xls             156
3     shubham 2021-11-13     89  file1.xls            1068
4      divesh 2021-11-12    843  file1.xls           10116
5     sushant 2021-11-12     12  file2.xls             144
6     sushant 2021-11-13     12  file2.xls             144
7     sushant 2021-11-13     13  file2.xls             156
8     shubham 2021-11-13     89  file2.xls            1068
9      divesh 2021-11-12    843  file2.xls           10116
10      gopal 2021-11-12     12  file3.xls             144
11     vishal 2021-11-13     12  file3.xls             144
12      suraj 2021-11-13     13  file3.xls             156
13    shubham 2021-11-13     89  file3.xls            1068
14     divesh 2021-11-12    843  file3.xls           10116
[2021-10-28 17:13:30,746] {python.py:152} INFO - Done. Returned value was: None
[2021-10-28 17:13:30,754] {taskinstance.py:1280} INFO - Marking task as SUCCESS. dag_id=transformation, task_id=add_column, execution_date=20211028T114305, start_date=20211028T114330, end_date=20211028T114330
[2021-10-28 17:13:30,806] {local_task_job.py:154} INFO - Task exited with return code 0
[2021-10-28 17:13:30,821] {local_task_job.py:264} INFO - 0 downstream tasks scheduled from follow-on schedule check
[2021-10-28 17:14:45,122] {taskinstance.py:1035} INFO - Dependencies all met for <TaskInstance: transformation.add_column manual__2021-10-28T11:44:23.409147+00:00 [queued]>
[2021-10-28 17:14:45,130] {taskinstance.py:1035} INFO - Dependencies all met for <TaskInstance: transformation.add_column manual__2021-10-28T11:44:23.409147+00:00 [queued]>
[2021-10-28 17:14:45,131] {taskinstance.py:1241} INFO - 
--------------------------------------------------------------------------------
[2021-10-28 17:14:45,131] {taskinstance.py:1242} INFO - Starting attempt 1 of 2
[2021-10-28 17:14:45,131] {taskinstance.py:1243} INFO - 
--------------------------------------------------------------------------------
[2021-10-28 17:14:45,141] {taskinstance.py:1262} INFO - Executing <Task(PythonOperator): add_column> on 2021-10-28 11:44:23.409147+00:00
[2021-10-28 17:14:45,144] {standard_task_runner.py:52} INFO - Started process 22941 to run task
[2021-10-28 17:14:45,147] {standard_task_runner.py:76} INFO - Running: ['airflow', 'tasks', 'run', 'transformation', 'add_column', 'manual__2021-10-28T11:44:23.409147+00:00', '--job-id', '103', '--raw', '--subdir', 'DAGS_FOLDER/transformation.py', '--cfg-path', '/tmp/tmp4dl51o8v', '--error-file', '/tmp/tmp3325_r02']
[2021-10-28 17:14:45,149] {standard_task_runner.py:77} INFO - Job 103: Subtask add_column
[2021-10-28 17:14:45,174] {logging_mixin.py:109} INFO - Running <TaskInstance: transformation.add_column manual__2021-10-28T11:44:23.409147+00:00 [running]> on host user-Latitude-3410
[2021-10-28 17:14:45,202] {taskinstance.py:1414} INFO - Exporting the following env vars:
AIRFLOW_CTX_DAG_EMAIL=shindesushant818@gmail.com
AIRFLOW_CTX_DAG_OWNER=airflow
AIRFLOW_CTX_DAG_ID=transformation
AIRFLOW_CTX_TASK_ID=add_column
AIRFLOW_CTX_EXECUTION_DATE=2021-10-28T11:44:23.409147+00:00
AIRFLOW_CTX_DAG_RUN_ID=manual__2021-10-28T11:44:23.409147+00:00
[2021-10-28 17:14:45,239] {logging_mixin.py:109} INFO -    first_name  startdate  makrs  file_name
0     sushant 2021-11-12     12  file1.xls
1      saloni 2021-11-13     12  file1.xls
2          om 2021-11-13     13  file1.xls
3     shubham 2021-11-13     89  file1.xls
4      divesh 2021-11-12    843  file1.xls
5     sushant 2021-11-12     12  file2.xls
6     sushant 2021-11-13     12  file2.xls
7     sushant 2021-11-13     13  file2.xls
8     shubham 2021-11-13     89  file2.xls
9      divesh 2021-11-12    843  file2.xls
10      gopal 2021-11-12     12  file3.xls
11     vishal 2021-11-13     12  file3.xls
12      suraj 2021-11-13     13  file3.xls
13    shubham 2021-11-13     89  file3.xls
14     divesh 2021-11-12    843  file3.xls
[2021-10-28 17:14:45,239] {logging_mixin.py:109} INFO - 144
[2021-10-28 17:14:45,240] {logging_mixin.py:109} INFO - 144
[2021-10-28 17:14:45,240] {logging_mixin.py:109} INFO - 156
[2021-10-28 17:14:45,240] {logging_mixin.py:109} INFO - 1068
[2021-10-28 17:14:45,240] {logging_mixin.py:109} INFO - 10116
[2021-10-28 17:14:45,240] {logging_mixin.py:109} INFO - 144
[2021-10-28 17:14:45,240] {logging_mixin.py:109} INFO - 144
[2021-10-28 17:14:45,240] {logging_mixin.py:109} INFO - 156
[2021-10-28 17:14:45,240] {logging_mixin.py:109} INFO - 1068
[2021-10-28 17:14:45,240] {logging_mixin.py:109} INFO - 10116
[2021-10-28 17:14:45,240] {logging_mixin.py:109} INFO - 144
[2021-10-28 17:14:45,240] {logging_mixin.py:109} INFO - 144
[2021-10-28 17:14:45,240] {logging_mixin.py:109} INFO - 156
[2021-10-28 17:14:45,240] {logging_mixin.py:109} INFO - 1068
[2021-10-28 17:14:45,240] {logging_mixin.py:109} INFO - 10116
[2021-10-28 17:14:45,240] {logging_mixin.py:109} INFO - [144, 144, 156, 1068, 10116, 144, 144, 156, 1068, 10116, 144, 144, 156, 1068, 10116]
[2021-10-28 17:14:45,251] {logging_mixin.py:109} INFO -    first_name  startdate  makrs  file_name  multiplication
0     sushant 2021-11-12     12  file1.xls             144
1      saloni 2021-11-13     12  file1.xls             144
2          om 2021-11-13     13  file1.xls             156
3     shubham 2021-11-13     89  file1.xls            1068
4      divesh 2021-11-12    843  file1.xls           10116
5     sushant 2021-11-12     12  file2.xls             144
6     sushant 2021-11-13     12  file2.xls             144
7     sushant 2021-11-13     13  file2.xls             156
8     shubham 2021-11-13     89  file2.xls            1068
9      divesh 2021-11-12    843  file2.xls           10116
10      gopal 2021-11-12     12  file3.xls             144
11     vishal 2021-11-13     12  file3.xls             144
12      suraj 2021-11-13     13  file3.xls             156
13    shubham 2021-11-13     89  file3.xls            1068
14     divesh 2021-11-12    843  file3.xls           10116
[2021-10-28 17:14:45,251] {python.py:152} INFO - Done. Returned value was: None
[2021-10-28 17:14:45,257] {taskinstance.py:1280} INFO - Marking task as SUCCESS. dag_id=transformation, task_id=add_column, execution_date=20211028T114423, start_date=20211028T114445, end_date=20211028T114445
[2021-10-28 17:14:45,280] {local_task_job.py:154} INFO - Task exited with return code 0
[2021-10-28 17:14:45,296] {local_task_job.py:264} INFO - 0 downstream tasks scheduled from follow-on schedule check
[2021-10-28 17:16:06,062] {taskinstance.py:1035} INFO - Dependencies all met for <TaskInstance: transformation.add_column manual__2021-10-28T11:45:47.427177+00:00 [queued]>
[2021-10-28 17:16:06,071] {taskinstance.py:1035} INFO - Dependencies all met for <TaskInstance: transformation.add_column manual__2021-10-28T11:45:47.427177+00:00 [queued]>
[2021-10-28 17:16:06,071] {taskinstance.py:1241} INFO - 
--------------------------------------------------------------------------------
[2021-10-28 17:16:06,071] {taskinstance.py:1242} INFO - Starting attempt 1 of 2
[2021-10-28 17:16:06,071] {taskinstance.py:1243} INFO - 
--------------------------------------------------------------------------------
[2021-10-28 17:16:06,081] {taskinstance.py:1262} INFO - Executing <Task(PythonOperator): add_column> on 2021-10-28 11:45:47.427177+00:00
[2021-10-28 17:16:06,084] {standard_task_runner.py:52} INFO - Started process 23574 to run task
[2021-10-28 17:16:06,087] {standard_task_runner.py:76} INFO - Running: ['airflow', 'tasks', 'run', 'transformation', 'add_column', 'manual__2021-10-28T11:45:47.427177+00:00', '--job-id', '106', '--raw', '--subdir', 'DAGS_FOLDER/transformation.py', '--cfg-path', '/tmp/tmpzotb7w5g', '--error-file', '/tmp/tmphqng9nkz']
[2021-10-28 17:16:06,089] {standard_task_runner.py:77} INFO - Job 106: Subtask add_column
[2021-10-28 17:16:06,114] {logging_mixin.py:109} INFO - Running <TaskInstance: transformation.add_column manual__2021-10-28T11:45:47.427177+00:00 [running]> on host user-Latitude-3410
[2021-10-28 17:16:06,141] {taskinstance.py:1414} INFO - Exporting the following env vars:
AIRFLOW_CTX_DAG_EMAIL=shindesushant818@gmail.com
AIRFLOW_CTX_DAG_OWNER=airflow
AIRFLOW_CTX_DAG_ID=transformation
AIRFLOW_CTX_TASK_ID=add_column
AIRFLOW_CTX_EXECUTION_DATE=2021-10-28T11:45:47.427177+00:00
AIRFLOW_CTX_DAG_RUN_ID=manual__2021-10-28T11:45:47.427177+00:00
[2021-10-28 17:16:06,178] {logging_mixin.py:109} INFO -    first_name  startdate  makrs  file_name
0     sushant 2021-11-12     12  file1.xls
1      saloni 2021-11-13     12  file1.xls
2          om 2021-11-13     13  file1.xls
3     shubham 2021-11-13     89  file1.xls
4      divesh 2021-11-12    843  file1.xls
5     sushant 2021-11-12     12  file2.xls
6     sushant 2021-11-13     12  file2.xls
7     sushant 2021-11-13     13  file2.xls
8     shubham 2021-11-13     89  file2.xls
9      divesh 2021-11-12    843  file2.xls
10      gopal 2021-11-12     12  file3.xls
11     vishal 2021-11-13     12  file3.xls
12      suraj 2021-11-13     13  file3.xls
13    shubham 2021-11-13     89  file3.xls
14     divesh 2021-11-12    843  file3.xls
[2021-10-28 17:16:06,179] {logging_mixin.py:109} INFO - 144
[2021-10-28 17:16:06,179] {logging_mixin.py:109} INFO - 144
[2021-10-28 17:16:06,179] {logging_mixin.py:109} INFO - 156
[2021-10-28 17:16:06,179] {logging_mixin.py:109} INFO - 1068
[2021-10-28 17:16:06,179] {logging_mixin.py:109} INFO - 10116
[2021-10-28 17:16:06,179] {logging_mixin.py:109} INFO - 144
[2021-10-28 17:16:06,179] {logging_mixin.py:109} INFO - 144
[2021-10-28 17:16:06,179] {logging_mixin.py:109} INFO - 156
[2021-10-28 17:16:06,179] {logging_mixin.py:109} INFO - 1068
[2021-10-28 17:16:06,179] {logging_mixin.py:109} INFO - 10116
[2021-10-28 17:16:06,179] {logging_mixin.py:109} INFO - 144
[2021-10-28 17:16:06,179] {logging_mixin.py:109} INFO - 144
[2021-10-28 17:16:06,179] {logging_mixin.py:109} INFO - 156
[2021-10-28 17:16:06,179] {logging_mixin.py:109} INFO - 1068
[2021-10-28 17:16:06,179] {logging_mixin.py:109} INFO - 10116
[2021-10-28 17:16:06,179] {logging_mixin.py:109} INFO - [144, 144, 156, 1068, 10116, 144, 144, 156, 1068, 10116, 144, 144, 156, 1068, 10116]
[2021-10-28 17:16:06,191] {logging_mixin.py:109} INFO -    first_name  startdate  makrs  file_name  multiplication
0     sushant 2021-11-12     12  file1.xls             144
1      saloni 2021-11-13     12  file1.xls             144
2          om 2021-11-13     13  file1.xls             156
3     shubham 2021-11-13     89  file1.xls            1068
4      divesh 2021-11-12    843  file1.xls           10116
5     sushant 2021-11-12     12  file2.xls             144
6     sushant 2021-11-13     12  file2.xls             144
7     sushant 2021-11-13     13  file2.xls             156
8     shubham 2021-11-13     89  file2.xls            1068
9      divesh 2021-11-12    843  file2.xls           10116
10      gopal 2021-11-12     12  file3.xls             144
11     vishal 2021-11-13     12  file3.xls             144
12      suraj 2021-11-13     13  file3.xls             156
13    shubham 2021-11-13     89  file3.xls            1068
14     divesh 2021-11-12    843  file3.xls           10116
[2021-10-28 17:16:06,191] {python.py:152} INFO - Done. Returned value was: None
[2021-10-28 17:16:06,199] {taskinstance.py:1280} INFO - Marking task as SUCCESS. dag_id=transformation, task_id=add_column, execution_date=20211028T114547, start_date=20211028T114606, end_date=20211028T114606
[2021-10-28 17:16:06,221] {local_task_job.py:154} INFO - Task exited with return code 0
[2021-10-28 17:16:06,236] {local_task_job.py:264} INFO - 0 downstream tasks scheduled from follow-on schedule check
[2021-10-28 17:17:33,948] {taskinstance.py:1035} INFO - Dependencies all met for <TaskInstance: transformation.add_column manual__2021-10-28T11:47:15.470955+00:00 [queued]>
[2021-10-28 17:17:33,957] {taskinstance.py:1035} INFO - Dependencies all met for <TaskInstance: transformation.add_column manual__2021-10-28T11:47:15.470955+00:00 [queued]>
[2021-10-28 17:17:33,957] {taskinstance.py:1241} INFO - 
--------------------------------------------------------------------------------
[2021-10-28 17:17:33,957] {taskinstance.py:1242} INFO - Starting attempt 1 of 2
[2021-10-28 17:17:33,957] {taskinstance.py:1243} INFO - 
--------------------------------------------------------------------------------
[2021-10-28 17:17:33,966] {taskinstance.py:1262} INFO - Executing <Task(PythonOperator): add_column> on 2021-10-28 11:47:15.470955+00:00
[2021-10-28 17:17:33,969] {standard_task_runner.py:52} INFO - Started process 24212 to run task
[2021-10-28 17:17:33,972] {standard_task_runner.py:76} INFO - Running: ['airflow', 'tasks', 'run', 'transformation', 'add_column', 'manual__2021-10-28T11:47:15.470955+00:00', '--job-id', '109', '--raw', '--subdir', 'DAGS_FOLDER/transformation.py', '--cfg-path', '/tmp/tmpn64a6z8r', '--error-file', '/tmp/tmpbbs0dbms']
[2021-10-28 17:17:33,974] {standard_task_runner.py:77} INFO - Job 109: Subtask add_column
[2021-10-28 17:17:33,998] {logging_mixin.py:109} INFO - Running <TaskInstance: transformation.add_column manual__2021-10-28T11:47:15.470955+00:00 [running]> on host user-Latitude-3410
[2021-10-28 17:17:34,026] {taskinstance.py:1414} INFO - Exporting the following env vars:
AIRFLOW_CTX_DAG_EMAIL=shindesushant818@gmail.com
AIRFLOW_CTX_DAG_OWNER=airflow
AIRFLOW_CTX_DAG_ID=transformation
AIRFLOW_CTX_TASK_ID=add_column
AIRFLOW_CTX_EXECUTION_DATE=2021-10-28T11:47:15.470955+00:00
AIRFLOW_CTX_DAG_RUN_ID=manual__2021-10-28T11:47:15.470955+00:00
[2021-10-28 17:17:34,068] {logging_mixin.py:109} INFO -    first_name  startdate  makrs  file_name
0     sushant 2021-11-12     12  file1.xls
1      saloni 2021-11-13     12  file1.xls
2          om 2021-11-13     13  file1.xls
3     shubham 2021-11-13     89  file1.xls
4      divesh 2021-11-12    843  file1.xls
5     sushant 2021-11-12     12  file2.xls
6     sushant 2021-11-13     12  file2.xls
7     sushant 2021-11-13     13  file2.xls
8     shubham 2021-11-13     89  file2.xls
9      divesh 2021-11-12    843  file2.xls
10      gopal 2021-11-12     12  file3.xls
11     vishal 2021-11-13     12  file3.xls
12      suraj 2021-11-13     13  file3.xls
13    shubham 2021-11-13     89  file3.xls
14     divesh 2021-11-12    843  file3.xls
[2021-10-28 17:17:34,068] {logging_mixin.py:109} INFO - 144
[2021-10-28 17:17:34,068] {logging_mixin.py:109} INFO - 144
[2021-10-28 17:17:34,068] {logging_mixin.py:109} INFO - 156
[2021-10-28 17:17:34,068] {logging_mixin.py:109} INFO - 1068
[2021-10-28 17:17:34,068] {logging_mixin.py:109} INFO - 10116
[2021-10-28 17:17:34,068] {logging_mixin.py:109} INFO - 144
[2021-10-28 17:17:34,068] {logging_mixin.py:109} INFO - 144
[2021-10-28 17:17:34,068] {logging_mixin.py:109} INFO - 156
[2021-10-28 17:17:34,069] {logging_mixin.py:109} INFO - 1068
[2021-10-28 17:17:34,069] {logging_mixin.py:109} INFO - 10116
[2021-10-28 17:17:34,069] {logging_mixin.py:109} INFO - 144
[2021-10-28 17:17:34,069] {logging_mixin.py:109} INFO - 144
[2021-10-28 17:17:34,069] {logging_mixin.py:109} INFO - 156
[2021-10-28 17:17:34,069] {logging_mixin.py:109} INFO - 1068
[2021-10-28 17:17:34,069] {logging_mixin.py:109} INFO - 10116
[2021-10-28 17:17:34,069] {logging_mixin.py:109} INFO - [144, 144, 156, 1068, 10116, 144, 144, 156, 1068, 10116, 144, 144, 156, 1068, 10116]
[2021-10-28 17:17:34,082] {logging_mixin.py:109} INFO -    first_name  startdate  makrs  file_name  multiplication
0     sushant 2021-11-12     12  file1.xls             144
1      saloni 2021-11-13     12  file1.xls             144
2          om 2021-11-13     13  file1.xls             156
3     shubham 2021-11-13     89  file1.xls            1068
4      divesh 2021-11-12    843  file1.xls           10116
5     sushant 2021-11-12     12  file2.xls             144
6     sushant 2021-11-13     12  file2.xls             144
7     sushant 2021-11-13     13  file2.xls             156
8     shubham 2021-11-13     89  file2.xls            1068
9      divesh 2021-11-12    843  file2.xls           10116
10      gopal 2021-11-12     12  file3.xls             144
11     vishal 2021-11-13     12  file3.xls             144
12      suraj 2021-11-13     13  file3.xls             156
13    shubham 2021-11-13     89  file3.xls            1068
14     divesh 2021-11-12    843  file3.xls           10116
[2021-10-28 17:17:34,083] {python.py:152} INFO - Done. Returned value was: None
[2021-10-28 17:17:34,089] {taskinstance.py:1280} INFO - Marking task as SUCCESS. dag_id=transformation, task_id=add_column, execution_date=20211028T114715, start_date=20211028T114733, end_date=20211028T114734
[2021-10-28 17:17:34,105] {local_task_job.py:154} INFO - Task exited with return code 0
[2021-10-28 17:17:34,135] {local_task_job.py:264} INFO - 0 downstream tasks scheduled from follow-on schedule check
[2021-10-28 17:20:48,062] {taskinstance.py:1035} INFO - Dependencies all met for <TaskInstance: transformation.add_column manual__2021-10-28T11:50:24.318410+00:00 [queued]>
[2021-10-28 17:20:48,072] {taskinstance.py:1035} INFO - Dependencies all met for <TaskInstance: transformation.add_column manual__2021-10-28T11:50:24.318410+00:00 [queued]>
[2021-10-28 17:20:48,072] {taskinstance.py:1241} INFO - 
--------------------------------------------------------------------------------
[2021-10-28 17:20:48,072] {taskinstance.py:1242} INFO - Starting attempt 1 of 2
[2021-10-28 17:20:48,072] {taskinstance.py:1243} INFO - 
--------------------------------------------------------------------------------
[2021-10-28 17:20:48,082] {taskinstance.py:1262} INFO - Executing <Task(PythonOperator): add_column> on 2021-10-28 11:50:24.318410+00:00
[2021-10-28 17:20:48,085] {standard_task_runner.py:52} INFO - Started process 25399 to run task
[2021-10-28 17:20:48,088] {standard_task_runner.py:76} INFO - Running: ['airflow', 'tasks', 'run', 'transformation', 'add_column', 'manual__2021-10-28T11:50:24.318410+00:00', '--job-id', '112', '--raw', '--subdir', 'DAGS_FOLDER/transformation.py', '--cfg-path', '/tmp/tmp41udox7m', '--error-file', '/tmp/tmpedv5hx19']
[2021-10-28 17:20:48,090] {standard_task_runner.py:77} INFO - Job 112: Subtask add_column
[2021-10-28 17:20:48,117] {logging_mixin.py:109} INFO - Running <TaskInstance: transformation.add_column manual__2021-10-28T11:50:24.318410+00:00 [running]> on host user-Latitude-3410
[2021-10-28 17:20:48,149] {taskinstance.py:1414} INFO - Exporting the following env vars:
AIRFLOW_CTX_DAG_EMAIL=shindesushant818@gmail.com
AIRFLOW_CTX_DAG_OWNER=airflow
AIRFLOW_CTX_DAG_ID=transformation
AIRFLOW_CTX_TASK_ID=add_column
AIRFLOW_CTX_EXECUTION_DATE=2021-10-28T11:50:24.318410+00:00
AIRFLOW_CTX_DAG_RUN_ID=manual__2021-10-28T11:50:24.318410+00:00
[2021-10-28 17:20:48,191] {logging_mixin.py:109} INFO -    first_name  startdate  makrs  file_name
0     sushant 2021-11-12     12  file1.xls
1      saloni 2021-11-13     12  file1.xls
2          om 2021-11-13     13  file1.xls
3     shubham 2021-11-13     89  file1.xls
4      divesh 2021-11-12    843  file1.xls
5     sushant 2021-11-12     12  file2.xls
6     sushant 2021-11-13     12  file2.xls
7     sushant 2021-11-13     13  file2.xls
8     shubham 2021-11-13     89  file2.xls
9      divesh 2021-11-12    843  file2.xls
10      gopal 2021-11-12     12  file3.xls
11     vishal 2021-11-13     12  file3.xls
12      suraj 2021-11-13     13  file3.xls
13    shubham 2021-11-13     89  file3.xls
14     divesh 2021-11-12    843  file3.xls
[2021-10-28 17:20:48,191] {logging_mixin.py:109} INFO - 144
[2021-10-28 17:20:48,191] {logging_mixin.py:109} INFO - 144
[2021-10-28 17:20:48,191] {logging_mixin.py:109} INFO - 156
[2021-10-28 17:20:48,191] {logging_mixin.py:109} INFO - 1068
[2021-10-28 17:20:48,191] {logging_mixin.py:109} INFO - 10116
[2021-10-28 17:20:48,192] {logging_mixin.py:109} INFO - 144
[2021-10-28 17:20:48,192] {logging_mixin.py:109} INFO - 144
[2021-10-28 17:20:48,192] {logging_mixin.py:109} INFO - 156
[2021-10-28 17:20:48,192] {logging_mixin.py:109} INFO - 1068
[2021-10-28 17:20:48,192] {logging_mixin.py:109} INFO - 10116
[2021-10-28 17:20:48,192] {logging_mixin.py:109} INFO - 144
[2021-10-28 17:20:48,192] {logging_mixin.py:109} INFO - 144
[2021-10-28 17:20:48,192] {logging_mixin.py:109} INFO - 156
[2021-10-28 17:20:48,192] {logging_mixin.py:109} INFO - 1068
[2021-10-28 17:20:48,192] {logging_mixin.py:109} INFO - 10116
[2021-10-28 17:20:48,192] {logging_mixin.py:109} INFO - [144, 144, 156, 1068, 10116, 144, 144, 156, 1068, 10116, 144, 144, 156, 1068, 10116]
[2021-10-28 17:20:48,206] {logging_mixin.py:109} INFO -    first_name  startdate  makrs  file_name  multiplication
0     sushant 2021-11-12     12  file1.xls             144
1      saloni 2021-11-13     12  file1.xls             144
2          om 2021-11-13     13  file1.xls             156
3     shubham 2021-11-13     89  file1.xls            1068
4      divesh 2021-11-12    843  file1.xls           10116
5     sushant 2021-11-12     12  file2.xls             144
6     sushant 2021-11-13     12  file2.xls             144
7     sushant 2021-11-13     13  file2.xls             156
8     shubham 2021-11-13     89  file2.xls            1068
9      divesh 2021-11-12    843  file2.xls           10116
10      gopal 2021-11-12     12  file3.xls             144
11     vishal 2021-11-13     12  file3.xls             144
12      suraj 2021-11-13     13  file3.xls             156
13    shubham 2021-11-13     89  file3.xls            1068
14     divesh 2021-11-12    843  file3.xls           10116
[2021-10-28 17:20:48,206] {python.py:152} INFO - Done. Returned value was: None
[2021-10-28 17:20:48,212] {taskinstance.py:1280} INFO - Marking task as SUCCESS. dag_id=transformation, task_id=add_column, execution_date=20211028T115024, start_date=20211028T115048, end_date=20211028T115048
[2021-10-28 17:20:48,262] {local_task_job.py:154} INFO - Task exited with return code 0
[2021-10-28 17:20:48,283] {local_task_job.py:264} INFO - 0 downstream tasks scheduled from follow-on schedule check
[2021-10-28 17:22:23,972] {taskinstance.py:1035} INFO - Dependencies all met for <TaskInstance: transformation.add_column manual__2021-10-28T11:52:03.822348+00:00 [queued]>
[2021-10-28 17:22:23,979] {taskinstance.py:1035} INFO - Dependencies all met for <TaskInstance: transformation.add_column manual__2021-10-28T11:52:03.822348+00:00 [queued]>
[2021-10-28 17:22:23,979] {taskinstance.py:1241} INFO - 
--------------------------------------------------------------------------------
[2021-10-28 17:22:23,979] {taskinstance.py:1242} INFO - Starting attempt 1 of 2
[2021-10-28 17:22:23,979] {taskinstance.py:1243} INFO - 
--------------------------------------------------------------------------------
[2021-10-28 17:22:23,989] {taskinstance.py:1262} INFO - Executing <Task(PythonOperator): add_column> on 2021-10-28 11:52:03.822348+00:00
[2021-10-28 17:22:23,992] {standard_task_runner.py:52} INFO - Started process 26075 to run task
[2021-10-28 17:22:23,995] {standard_task_runner.py:76} INFO - Running: ['airflow', 'tasks', 'run', 'transformation', 'add_column', 'manual__2021-10-28T11:52:03.822348+00:00', '--job-id', '115', '--raw', '--subdir', 'DAGS_FOLDER/transformation.py', '--cfg-path', '/tmp/tmpqou7y59w', '--error-file', '/tmp/tmp_j2zeo9_']
[2021-10-28 17:22:23,997] {standard_task_runner.py:77} INFO - Job 115: Subtask add_column
[2021-10-28 17:22:24,023] {logging_mixin.py:109} INFO - Running <TaskInstance: transformation.add_column manual__2021-10-28T11:52:03.822348+00:00 [running]> on host user-Latitude-3410
[2021-10-28 17:22:24,050] {taskinstance.py:1414} INFO - Exporting the following env vars:
AIRFLOW_CTX_DAG_EMAIL=shindesushant818@gmail.com
AIRFLOW_CTX_DAG_OWNER=airflow
AIRFLOW_CTX_DAG_ID=transformation
AIRFLOW_CTX_TASK_ID=add_column
AIRFLOW_CTX_EXECUTION_DATE=2021-10-28T11:52:03.822348+00:00
AIRFLOW_CTX_DAG_RUN_ID=manual__2021-10-28T11:52:03.822348+00:00
[2021-10-28 17:22:24,089] {logging_mixin.py:109} INFO -    first_name  startdate  makrs  file_name
0     sushant 2021-11-12     12  file1.xls
1      saloni 2021-11-13     12  file1.xls
2          om 2021-11-13     13  file1.xls
3     shubham 2021-11-13     89  file1.xls
4      divesh 2021-11-12    843  file1.xls
5     sushant 2021-11-12     12  file2.xls
6     sushant 2021-11-13     12  file2.xls
7     sushant 2021-11-13     13  file2.xls
8     shubham 2021-11-13     89  file2.xls
9      divesh 2021-11-12    843  file2.xls
10      gopal 2021-11-12     12  file3.xls
11     vishal 2021-11-13     12  file3.xls
12      suraj 2021-11-13     13  file3.xls
13    shubham 2021-11-13     89  file3.xls
14     divesh 2021-11-12    843  file3.xls
[2021-10-28 17:22:24,089] {logging_mixin.py:109} INFO - 144
[2021-10-28 17:22:24,089] {logging_mixin.py:109} INFO - 144
[2021-10-28 17:22:24,089] {logging_mixin.py:109} INFO - 156
[2021-10-28 17:22:24,089] {logging_mixin.py:109} INFO - 1068
[2021-10-28 17:22:24,089] {logging_mixin.py:109} INFO - 10116
[2021-10-28 17:22:24,089] {logging_mixin.py:109} INFO - 144
[2021-10-28 17:22:24,089] {logging_mixin.py:109} INFO - 144
[2021-10-28 17:22:24,090] {logging_mixin.py:109} INFO - 156
[2021-10-28 17:22:24,090] {logging_mixin.py:109} INFO - 1068
[2021-10-28 17:22:24,090] {logging_mixin.py:109} INFO - 10116
[2021-10-28 17:22:24,090] {logging_mixin.py:109} INFO - 144
[2021-10-28 17:22:24,090] {logging_mixin.py:109} INFO - 144
[2021-10-28 17:22:24,090] {logging_mixin.py:109} INFO - 156
[2021-10-28 17:22:24,090] {logging_mixin.py:109} INFO - 1068
[2021-10-28 17:22:24,090] {logging_mixin.py:109} INFO - 10116
[2021-10-28 17:22:24,090] {logging_mixin.py:109} INFO - [144, 144, 156, 1068, 10116, 144, 144, 156, 1068, 10116, 144, 144, 156, 1068, 10116]
[2021-10-28 17:22:24,101] {logging_mixin.py:109} INFO -    first_name  startdate  makrs  file_name  multiplication
0     sushant 2021-11-12     12  file1.xls             144
1      saloni 2021-11-13     12  file1.xls             144
2          om 2021-11-13     13  file1.xls             156
3     shubham 2021-11-13     89  file1.xls            1068
4      divesh 2021-11-12    843  file1.xls           10116
5     sushant 2021-11-12     12  file2.xls             144
6     sushant 2021-11-13     12  file2.xls             144
7     sushant 2021-11-13     13  file2.xls             156
8     shubham 2021-11-13     89  file2.xls            1068
9      divesh 2021-11-12    843  file2.xls           10116
10      gopal 2021-11-12     12  file3.xls             144
11     vishal 2021-11-13     12  file3.xls             144
12      suraj 2021-11-13     13  file3.xls             156
13    shubham 2021-11-13     89  file3.xls            1068
14     divesh 2021-11-12    843  file3.xls           10116
[2021-10-28 17:22:24,101] {python.py:152} INFO - Done. Returned value was: None
[2021-10-28 17:22:24,107] {taskinstance.py:1280} INFO - Marking task as SUCCESS. dag_id=transformation, task_id=add_column, execution_date=20211028T115203, start_date=20211028T115223, end_date=20211028T115224
[2021-10-28 17:22:24,129] {local_task_job.py:154} INFO - Task exited with return code 0
[2021-10-28 17:22:24,145] {local_task_job.py:264} INFO - 0 downstream tasks scheduled from follow-on schedule check
[2021-10-28 17:24:08,212] {taskinstance.py:1035} INFO - Dependencies all met for <TaskInstance: transformation.add_column manual__2021-10-28T11:53:43.495112+00:00 [queued]>
[2021-10-28 17:24:08,222] {taskinstance.py:1035} INFO - Dependencies all met for <TaskInstance: transformation.add_column manual__2021-10-28T11:53:43.495112+00:00 [queued]>
[2021-10-28 17:24:08,222] {taskinstance.py:1241} INFO - 
--------------------------------------------------------------------------------
[2021-10-28 17:24:08,222] {taskinstance.py:1242} INFO - Starting attempt 1 of 2
[2021-10-28 17:24:08,222] {taskinstance.py:1243} INFO - 
--------------------------------------------------------------------------------
[2021-10-28 17:24:08,233] {taskinstance.py:1262} INFO - Executing <Task(PythonOperator): add_column> on 2021-10-28 11:53:43.495112+00:00
[2021-10-28 17:24:08,241] {standard_task_runner.py:52} INFO - Started process 26882 to run task
[2021-10-28 17:24:08,245] {standard_task_runner.py:76} INFO - Running: ['airflow', 'tasks', 'run', 'transformation', 'add_column', 'manual__2021-10-28T11:53:43.495112+00:00', '--job-id', '118', '--raw', '--subdir', 'DAGS_FOLDER/transformation.py', '--cfg-path', '/tmp/tmpn6h2n8o4', '--error-file', '/tmp/tmpipeht6vo']
[2021-10-28 17:24:08,249] {standard_task_runner.py:77} INFO - Job 118: Subtask add_column
[2021-10-28 17:24:08,290] {logging_mixin.py:109} INFO - Running <TaskInstance: transformation.add_column manual__2021-10-28T11:53:43.495112+00:00 [running]> on host user-Latitude-3410
[2021-10-28 17:24:08,328] {taskinstance.py:1414} INFO - Exporting the following env vars:
AIRFLOW_CTX_DAG_EMAIL=shindesushant818@gmail.com
AIRFLOW_CTX_DAG_OWNER=airflow
AIRFLOW_CTX_DAG_ID=transformation
AIRFLOW_CTX_TASK_ID=add_column
AIRFLOW_CTX_EXECUTION_DATE=2021-10-28T11:53:43.495112+00:00
AIRFLOW_CTX_DAG_RUN_ID=manual__2021-10-28T11:53:43.495112+00:00
[2021-10-28 17:24:08,400] {logging_mixin.py:109} INFO -    first_name  startdate  makrs  file_name
0     sushant 2021-11-12     12  file1.xls
1      saloni 2021-11-13     12  file1.xls
2          om 2021-11-13     13  file1.xls
3     shubham 2021-11-13     89  file1.xls
4      divesh 2021-11-12    843  file1.xls
5     sushant 2021-11-12     12  file2.xls
6     sushant 2021-11-13     12  file2.xls
7     sushant 2021-11-13     13  file2.xls
8     shubham 2021-11-13     89  file2.xls
9      divesh 2021-11-12    843  file2.xls
10      gopal 2021-11-12     12  file3.xls
11     vishal 2021-11-13     12  file3.xls
12      suraj 2021-11-13     13  file3.xls
13    shubham 2021-11-13     89  file3.xls
14     divesh 2021-11-12    843  file3.xls
[2021-10-28 17:24:08,401] {logging_mixin.py:109} INFO - 144
[2021-10-28 17:24:08,401] {logging_mixin.py:109} INFO - 144
[2021-10-28 17:24:08,401] {logging_mixin.py:109} INFO - 156
[2021-10-28 17:24:08,401] {logging_mixin.py:109} INFO - 1068
[2021-10-28 17:24:08,401] {logging_mixin.py:109} INFO - 10116
[2021-10-28 17:24:08,401] {logging_mixin.py:109} INFO - 144
[2021-10-28 17:24:08,401] {logging_mixin.py:109} INFO - 144
[2021-10-28 17:24:08,401] {logging_mixin.py:109} INFO - 156
[2021-10-28 17:24:08,401] {logging_mixin.py:109} INFO - 1068
[2021-10-28 17:24:08,402] {logging_mixin.py:109} INFO - 10116
[2021-10-28 17:24:08,402] {logging_mixin.py:109} INFO - 144
[2021-10-28 17:24:08,402] {logging_mixin.py:109} INFO - 144
[2021-10-28 17:24:08,402] {logging_mixin.py:109} INFO - 156
[2021-10-28 17:24:08,402] {logging_mixin.py:109} INFO - 1068
[2021-10-28 17:24:08,402] {logging_mixin.py:109} INFO - 10116
[2021-10-28 17:24:08,402] {logging_mixin.py:109} INFO - [144, 144, 156, 1068, 10116, 144, 144, 156, 1068, 10116, 144, 144, 156, 1068, 10116]
[2021-10-28 17:24:08,430] {logging_mixin.py:109} INFO -    first_name  startdate  makrs  file_name  multiplication
0     sushant 2021-11-12     12  file1.xls             144
1      saloni 2021-11-13     12  file1.xls             144
2          om 2021-11-13     13  file1.xls             156
3     shubham 2021-11-13     89  file1.xls            1068
4      divesh 2021-11-12    843  file1.xls           10116
5     sushant 2021-11-12     12  file2.xls             144
6     sushant 2021-11-13     12  file2.xls             144
7     sushant 2021-11-13     13  file2.xls             156
8     shubham 2021-11-13     89  file2.xls            1068
9      divesh 2021-11-12    843  file2.xls           10116
10      gopal 2021-11-12     12  file3.xls             144
11     vishal 2021-11-13     12  file3.xls             144
12      suraj 2021-11-13     13  file3.xls             156
13    shubham 2021-11-13     89  file3.xls            1068
14     divesh 2021-11-12    843  file3.xls           10116
[2021-10-28 17:24:08,430] {python.py:152} INFO - Done. Returned value was: None
[2021-10-28 17:24:08,450] {taskinstance.py:1280} INFO - Marking task as SUCCESS. dag_id=transformation, task_id=add_column, execution_date=20211028T115343, start_date=20211028T115408, end_date=20211028T115408
[2021-10-28 17:24:08,501] {local_task_job.py:154} INFO - Task exited with return code 0
[2021-10-28 17:24:08,545] {local_task_job.py:264} INFO - 0 downstream tasks scheduled from follow-on schedule check
[2021-10-28 17:26:14,263] {taskinstance.py:1035} INFO - Dependencies all met for <TaskInstance: transformation.add_column manual__2021-10-28T11:55:49.356826+00:00 [queued]>
[2021-10-28 17:26:14,287] {taskinstance.py:1035} INFO - Dependencies all met for <TaskInstance: transformation.add_column manual__2021-10-28T11:55:49.356826+00:00 [queued]>
[2021-10-28 17:26:14,288] {taskinstance.py:1241} INFO - 
--------------------------------------------------------------------------------
[2021-10-28 17:26:14,288] {taskinstance.py:1242} INFO - Starting attempt 1 of 2
[2021-10-28 17:26:14,288] {taskinstance.py:1243} INFO - 
--------------------------------------------------------------------------------
[2021-10-28 17:26:14,303] {taskinstance.py:1262} INFO - Executing <Task(PythonOperator): add_column> on 2021-10-28 11:55:49.356826+00:00
[2021-10-28 17:26:14,308] {standard_task_runner.py:52} INFO - Started process 27769 to run task
[2021-10-28 17:26:14,316] {standard_task_runner.py:76} INFO - Running: ['airflow', 'tasks', 'run', 'transformation', 'add_column', 'manual__2021-10-28T11:55:49.356826+00:00', '--job-id', '121', '--raw', '--subdir', 'DAGS_FOLDER/transformation.py', '--cfg-path', '/tmp/tmp9gdz9xs5', '--error-file', '/tmp/tmpwn_uj3if']
[2021-10-28 17:26:14,324] {standard_task_runner.py:77} INFO - Job 121: Subtask add_column
[2021-10-28 17:26:14,373] {logging_mixin.py:109} INFO - Running <TaskInstance: transformation.add_column manual__2021-10-28T11:55:49.356826+00:00 [running]> on host user-Latitude-3410
[2021-10-28 17:26:14,425] {taskinstance.py:1414} INFO - Exporting the following env vars:
AIRFLOW_CTX_DAG_EMAIL=shindesushant818@gmail.com
AIRFLOW_CTX_DAG_OWNER=airflow
AIRFLOW_CTX_DAG_ID=transformation
AIRFLOW_CTX_TASK_ID=add_column
AIRFLOW_CTX_EXECUTION_DATE=2021-10-28T11:55:49.356826+00:00
AIRFLOW_CTX_DAG_RUN_ID=manual__2021-10-28T11:55:49.356826+00:00
[2021-10-28 17:26:14,508] {logging_mixin.py:109} INFO -    first_name  startdate  makrs  file_name
0     sushant 2021-11-12     12  file1.xls
1      saloni 2021-11-13     12  file1.xls
2          om 2021-11-13     13  file1.xls
3     shubham 2021-11-13     89  file1.xls
4      divesh 2021-11-12    843  file1.xls
5     sushant 2021-11-12     12  file2.xls
6     sushant 2021-11-13     12  file2.xls
7     sushant 2021-11-13     13  file2.xls
8     shubham 2021-11-13     89  file2.xls
9      divesh 2021-11-12    843  file2.xls
10      gopal 2021-11-12     12  file3.xls
11     vishal 2021-11-13     12  file3.xls
12      suraj 2021-11-13     13  file3.xls
13    shubham 2021-11-13     89  file3.xls
14     divesh 2021-11-12    843  file3.xls
[2021-10-28 17:26:14,509] {logging_mixin.py:109} INFO - 144
[2021-10-28 17:26:14,509] {logging_mixin.py:109} INFO - 144
[2021-10-28 17:26:14,509] {logging_mixin.py:109} INFO - 156
[2021-10-28 17:26:14,509] {logging_mixin.py:109} INFO - 1068
[2021-10-28 17:26:14,509] {logging_mixin.py:109} INFO - 10116
[2021-10-28 17:26:14,509] {logging_mixin.py:109} INFO - 144
[2021-10-28 17:26:14,509] {logging_mixin.py:109} INFO - 144
[2021-10-28 17:26:14,509] {logging_mixin.py:109} INFO - 156
[2021-10-28 17:26:14,509] {logging_mixin.py:109} INFO - 1068
[2021-10-28 17:26:14,510] {logging_mixin.py:109} INFO - 10116
[2021-10-28 17:26:14,510] {logging_mixin.py:109} INFO - 144
[2021-10-28 17:26:14,510] {logging_mixin.py:109} INFO - 144
[2021-10-28 17:26:14,510] {logging_mixin.py:109} INFO - 156
[2021-10-28 17:26:14,510] {logging_mixin.py:109} INFO - 1068
[2021-10-28 17:26:14,510] {logging_mixin.py:109} INFO - 10116
[2021-10-28 17:26:14,510] {logging_mixin.py:109} INFO - [144, 144, 156, 1068, 10116, 144, 144, 156, 1068, 10116, 144, 144, 156, 1068, 10116]
[2021-10-28 17:26:14,534] {logging_mixin.py:109} INFO -    first_name  startdate  makrs  file_name  multiplication
0     sushant 2021-11-12     12  file1.xls             144
1      saloni 2021-11-13     12  file1.xls             144
2          om 2021-11-13     13  file1.xls             156
3     shubham 2021-11-13     89  file1.xls            1068
4      divesh 2021-11-12    843  file1.xls           10116
5     sushant 2021-11-12     12  file2.xls             144
6     sushant 2021-11-13     12  file2.xls             144
7     sushant 2021-11-13     13  file2.xls             156
8     shubham 2021-11-13     89  file2.xls            1068
9      divesh 2021-11-12    843  file2.xls           10116
10      gopal 2021-11-12     12  file3.xls             144
11     vishal 2021-11-13     12  file3.xls             144
12      suraj 2021-11-13     13  file3.xls             156
13    shubham 2021-11-13     89  file3.xls            1068
14     divesh 2021-11-12    843  file3.xls           10116
[2021-10-28 17:26:14,535] {python.py:152} INFO - Done. Returned value was: None
[2021-10-28 17:26:14,551] {taskinstance.py:1280} INFO - Marking task as SUCCESS. dag_id=transformation, task_id=add_column, execution_date=20211028T115549, start_date=20211028T115614, end_date=20211028T115614
[2021-10-28 17:26:14,615] {local_task_job.py:154} INFO - Task exited with return code 0
[2021-10-28 17:26:14,655] {local_task_job.py:264} INFO - 0 downstream tasks scheduled from follow-on schedule check
[2021-10-28 17:29:01,439] {taskinstance.py:1035} INFO - Dependencies all met for <TaskInstance: transformation.add_column manual__2021-10-28T11:58:41.567308+00:00 [queued]>
[2021-10-28 17:29:01,448] {taskinstance.py:1035} INFO - Dependencies all met for <TaskInstance: transformation.add_column manual__2021-10-28T11:58:41.567308+00:00 [queued]>
[2021-10-28 17:29:01,448] {taskinstance.py:1241} INFO - 
--------------------------------------------------------------------------------
[2021-10-28 17:29:01,448] {taskinstance.py:1242} INFO - Starting attempt 1 of 2
[2021-10-28 17:29:01,448] {taskinstance.py:1243} INFO - 
--------------------------------------------------------------------------------
[2021-10-28 17:29:01,457] {taskinstance.py:1262} INFO - Executing <Task(PythonOperator): add_column> on 2021-10-28 11:58:41.567308+00:00
[2021-10-28 17:29:01,460] {standard_task_runner.py:52} INFO - Started process 28858 to run task
[2021-10-28 17:29:01,463] {standard_task_runner.py:76} INFO - Running: ['airflow', 'tasks', 'run', 'transformation', 'add_column', 'manual__2021-10-28T11:58:41.567308+00:00', '--job-id', '124', '--raw', '--subdir', 'DAGS_FOLDER/transformation.py', '--cfg-path', '/tmp/tmpb3xyjg5l', '--error-file', '/tmp/tmptb7lfait']
[2021-10-28 17:29:01,466] {standard_task_runner.py:77} INFO - Job 124: Subtask add_column
[2021-10-28 17:29:01,508] {logging_mixin.py:109} INFO - Running <TaskInstance: transformation.add_column manual__2021-10-28T11:58:41.567308+00:00 [running]> on host user-Latitude-3410
[2021-10-28 17:29:01,561] {taskinstance.py:1414} INFO - Exporting the following env vars:
AIRFLOW_CTX_DAG_EMAIL=shindesushant818@gmail.com
AIRFLOW_CTX_DAG_OWNER=airflow
AIRFLOW_CTX_DAG_ID=transformation
AIRFLOW_CTX_TASK_ID=add_column
AIRFLOW_CTX_EXECUTION_DATE=2021-10-28T11:58:41.567308+00:00
AIRFLOW_CTX_DAG_RUN_ID=manual__2021-10-28T11:58:41.567308+00:00
[2021-10-28 17:29:01,608] {logging_mixin.py:109} INFO -    first_name  startdate  makrs  file_name
0     sushant 2021-11-12     12  file1.xls
1      saloni 2021-11-13     12  file1.xls
2          om 2021-11-13     13  file1.xls
3     shubham 2021-11-13     89  file1.xls
4      divesh 2021-11-12    843  file1.xls
5     sushant 2021-11-12     12  file2.xls
6     sushant 2021-11-13     12  file2.xls
7     sushant 2021-11-13     13  file2.xls
8     shubham 2021-11-13     89  file2.xls
9      divesh 2021-11-12    843  file2.xls
10      gopal 2021-11-12     12  file3.xls
11     vishal 2021-11-13     12  file3.xls
12      suraj 2021-11-13     13  file3.xls
13    shubham 2021-11-13     89  file3.xls
14     divesh 2021-11-12    843  file3.xls
[2021-10-28 17:29:01,609] {logging_mixin.py:109} INFO - 144
[2021-10-28 17:29:01,609] {logging_mixin.py:109} INFO - 144
[2021-10-28 17:29:01,609] {logging_mixin.py:109} INFO - 156
[2021-10-28 17:29:01,609] {logging_mixin.py:109} INFO - 1068
[2021-10-28 17:29:01,609] {logging_mixin.py:109} INFO - 10116
[2021-10-28 17:29:01,609] {logging_mixin.py:109} INFO - 144
[2021-10-28 17:29:01,609] {logging_mixin.py:109} INFO - 144
[2021-10-28 17:29:01,609] {logging_mixin.py:109} INFO - 156
[2021-10-28 17:29:01,609] {logging_mixin.py:109} INFO - 1068
[2021-10-28 17:29:01,610] {logging_mixin.py:109} INFO - 10116
[2021-10-28 17:29:01,610] {logging_mixin.py:109} INFO - 144
[2021-10-28 17:29:01,610] {logging_mixin.py:109} INFO - 144
[2021-10-28 17:29:01,610] {logging_mixin.py:109} INFO - 156
[2021-10-28 17:29:01,610] {logging_mixin.py:109} INFO - 1068
[2021-10-28 17:29:01,610] {logging_mixin.py:109} INFO - 10116
[2021-10-28 17:29:01,610] {logging_mixin.py:109} INFO - [144, 144, 156, 1068, 10116, 144, 144, 156, 1068, 10116, 144, 144, 156, 1068, 10116]
[2021-10-28 17:29:01,631] {logging_mixin.py:109} INFO -    first_name  startdate  makrs  file_name  multiplication
0     sushant 2021-11-12     12  file1.xls             144
1      saloni 2021-11-13     12  file1.xls             144
2          om 2021-11-13     13  file1.xls             156
3     shubham 2021-11-13     89  file1.xls            1068
4      divesh 2021-11-12    843  file1.xls           10116
5     sushant 2021-11-12     12  file2.xls             144
6     sushant 2021-11-13     12  file2.xls             144
7     sushant 2021-11-13     13  file2.xls             156
8     shubham 2021-11-13     89  file2.xls            1068
9      divesh 2021-11-12    843  file2.xls           10116
10      gopal 2021-11-12     12  file3.xls             144
11     vishal 2021-11-13     12  file3.xls             144
12      suraj 2021-11-13     13  file3.xls             156
13    shubham 2021-11-13     89  file3.xls            1068
14     divesh 2021-11-12    843  file3.xls           10116
[2021-10-28 17:29:01,632] {python.py:152} INFO - Done. Returned value was: None
[2021-10-28 17:29:01,643] {taskinstance.py:1280} INFO - Marking task as SUCCESS. dag_id=transformation, task_id=add_column, execution_date=20211028T115841, start_date=20211028T115901, end_date=20211028T115901
[2021-10-28 17:29:01,678] {local_task_job.py:154} INFO - Task exited with return code 0
[2021-10-28 17:29:01,697] {local_task_job.py:264} INFO - 0 downstream tasks scheduled from follow-on schedule check
