[2021-11-19 10:39:19,737] {processor.py:163} INFO - Started process (PID=9240) to work on /home/user/workspace/airflow/dags/excel_file/tranformation.xlsx
[2021-11-19 10:39:19,738] {processor.py:620} INFO - Processing file /home/user/workspace/airflow/dags/excel_file/tranformation.xlsx for tasks to queue
[2021-11-19 10:39:19,739] {logging_mixin.py:109} INFO - [2021-11-19 10:39:19,738] {dagbag.py:500} INFO - Filling up the DagBag from /home/user/workspace/airflow/dags/excel_file/tranformation.xlsx
[2021-11-19 10:39:19,761] {processor.py:634} WARNING - No viable dags retrieved from /home/user/workspace/airflow/dags/excel_file/tranformation.xlsx
[2021-11-19 10:39:19,766] {processor.py:171} INFO - Processing /home/user/workspace/airflow/dags/excel_file/tranformation.xlsx took 0.032 seconds
[2021-11-19 10:39:56,618] {processor.py:163} INFO - Started process (PID=10341) to work on /home/user/workspace/airflow/dags/excel_file/tranformation.xlsx
[2021-11-19 10:39:56,620] {processor.py:620} INFO - Processing file /home/user/workspace/airflow/dags/excel_file/tranformation.xlsx for tasks to queue
[2021-11-19 10:39:56,622] {logging_mixin.py:109} INFO - [2021-11-19 10:39:56,621] {dagbag.py:500} INFO - Filling up the DagBag from /home/user/workspace/airflow/dags/excel_file/tranformation.xlsx
[2021-11-19 10:39:56,656] {processor.py:634} WARNING - No viable dags retrieved from /home/user/workspace/airflow/dags/excel_file/tranformation.xlsx
[2021-11-19 10:39:56,668] {processor.py:171} INFO - Processing /home/user/workspace/airflow/dags/excel_file/tranformation.xlsx took 0.054 seconds
[2021-11-19 10:40:33,542] {processor.py:163} INFO - Started process (PID=10991) to work on /home/user/workspace/airflow/dags/excel_file/tranformation.xlsx
[2021-11-19 10:40:33,551] {processor.py:620} INFO - Processing file /home/user/workspace/airflow/dags/excel_file/tranformation.xlsx for tasks to queue
[2021-11-19 10:40:33,566] {logging_mixin.py:109} INFO - [2021-11-19 10:40:33,566] {dagbag.py:500} INFO - Filling up the DagBag from /home/user/workspace/airflow/dags/excel_file/tranformation.xlsx
[2021-11-19 10:40:33,701] {processor.py:634} WARNING - No viable dags retrieved from /home/user/workspace/airflow/dags/excel_file/tranformation.xlsx
[2021-11-19 10:40:33,712] {processor.py:171} INFO - Processing /home/user/workspace/airflow/dags/excel_file/tranformation.xlsx took 0.175 seconds
[2021-11-19 10:41:05,533] {processor.py:163} INFO - Started process (PID=11707) to work on /home/user/workspace/airflow/dags/excel_file/tranformation.xlsx
[2021-11-19 10:41:05,535] {processor.py:620} INFO - Processing file /home/user/workspace/airflow/dags/excel_file/tranformation.xlsx for tasks to queue
[2021-11-19 10:41:05,536] {logging_mixin.py:109} INFO - [2021-11-19 10:41:05,536] {dagbag.py:500} INFO - Filling up the DagBag from /home/user/workspace/airflow/dags/excel_file/tranformation.xlsx
[2021-11-19 10:41:05,557] {processor.py:634} WARNING - No viable dags retrieved from /home/user/workspace/airflow/dags/excel_file/tranformation.xlsx
[2021-11-19 10:41:05,563] {processor.py:171} INFO - Processing /home/user/workspace/airflow/dags/excel_file/tranformation.xlsx took 0.036 seconds
[2021-11-19 10:41:37,915] {processor.py:163} INFO - Started process (PID=12642) to work on /home/user/workspace/airflow/dags/excel_file/tranformation.xlsx
[2021-11-19 10:41:37,916] {processor.py:620} INFO - Processing file /home/user/workspace/airflow/dags/excel_file/tranformation.xlsx for tasks to queue
[2021-11-19 10:41:37,917] {logging_mixin.py:109} INFO - [2021-11-19 10:41:37,917] {dagbag.py:500} INFO - Filling up the DagBag from /home/user/workspace/airflow/dags/excel_file/tranformation.xlsx
[2021-11-19 10:41:37,936] {processor.py:634} WARNING - No viable dags retrieved from /home/user/workspace/airflow/dags/excel_file/tranformation.xlsx
[2021-11-19 10:41:37,940] {processor.py:171} INFO - Processing /home/user/workspace/airflow/dags/excel_file/tranformation.xlsx took 0.028 seconds
[2021-11-19 10:42:15,487] {processor.py:163} INFO - Started process (PID=13602) to work on /home/user/workspace/airflow/dags/excel_file/tranformation.xlsx
[2021-11-19 10:42:15,498] {processor.py:620} INFO - Processing file /home/user/workspace/airflow/dags/excel_file/tranformation.xlsx for tasks to queue
[2021-11-19 10:42:15,509] {logging_mixin.py:109} INFO - [2021-11-19 10:42:15,505] {dagbag.py:500} INFO - Filling up the DagBag from /home/user/workspace/airflow/dags/excel_file/tranformation.xlsx
[2021-11-19 10:42:15,607] {processor.py:634} WARNING - No viable dags retrieved from /home/user/workspace/airflow/dags/excel_file/tranformation.xlsx
[2021-11-19 10:42:15,631] {processor.py:171} INFO - Processing /home/user/workspace/airflow/dags/excel_file/tranformation.xlsx took 0.171 seconds
[2021-11-19 10:42:46,446] {processor.py:163} INFO - Started process (PID=14337) to work on /home/user/workspace/airflow/dags/excel_file/tranformation.xlsx
[2021-11-19 10:42:46,448] {processor.py:620} INFO - Processing file /home/user/workspace/airflow/dags/excel_file/tranformation.xlsx for tasks to queue
[2021-11-19 10:42:46,449] {logging_mixin.py:109} INFO - [2021-11-19 10:42:46,449] {dagbag.py:500} INFO - Filling up the DagBag from /home/user/workspace/airflow/dags/excel_file/tranformation.xlsx
[2021-11-19 10:42:46,468] {processor.py:634} WARNING - No viable dags retrieved from /home/user/workspace/airflow/dags/excel_file/tranformation.xlsx
[2021-11-19 10:42:46,471] {processor.py:171} INFO - Processing /home/user/workspace/airflow/dags/excel_file/tranformation.xlsx took 0.029 seconds
[2021-11-19 10:43:17,345] {processor.py:163} INFO - Started process (PID=14986) to work on /home/user/workspace/airflow/dags/excel_file/tranformation.xlsx
[2021-11-19 10:43:17,346] {processor.py:620} INFO - Processing file /home/user/workspace/airflow/dags/excel_file/tranformation.xlsx for tasks to queue
[2021-11-19 10:43:17,347] {logging_mixin.py:109} INFO - [2021-11-19 10:43:17,347] {dagbag.py:500} INFO - Filling up the DagBag from /home/user/workspace/airflow/dags/excel_file/tranformation.xlsx
[2021-11-19 10:43:17,388] {processor.py:634} WARNING - No viable dags retrieved from /home/user/workspace/airflow/dags/excel_file/tranformation.xlsx
[2021-11-19 10:43:17,396] {processor.py:171} INFO - Processing /home/user/workspace/airflow/dags/excel_file/tranformation.xlsx took 0.069 seconds
[2021-11-19 10:43:47,809] {processor.py:163} INFO - Started process (PID=15495) to work on /home/user/workspace/airflow/dags/excel_file/tranformation.xlsx
[2021-11-19 10:43:47,810] {processor.py:620} INFO - Processing file /home/user/workspace/airflow/dags/excel_file/tranformation.xlsx for tasks to queue
[2021-11-19 10:43:47,811] {logging_mixin.py:109} INFO - [2021-11-19 10:43:47,810] {dagbag.py:500} INFO - Filling up the DagBag from /home/user/workspace/airflow/dags/excel_file/tranformation.xlsx
[2021-11-19 10:43:47,829] {processor.py:634} WARNING - No viable dags retrieved from /home/user/workspace/airflow/dags/excel_file/tranformation.xlsx
[2021-11-19 10:43:47,833] {processor.py:171} INFO - Processing /home/user/workspace/airflow/dags/excel_file/tranformation.xlsx took 0.029 seconds
[2021-11-19 10:44:18,954] {processor.py:163} INFO - Started process (PID=16122) to work on /home/user/workspace/airflow/dags/excel_file/tranformation.xlsx
[2021-11-19 10:44:18,955] {processor.py:620} INFO - Processing file /home/user/workspace/airflow/dags/excel_file/tranformation.xlsx for tasks to queue
[2021-11-19 10:44:18,956] {logging_mixin.py:109} INFO - [2021-11-19 10:44:18,956] {dagbag.py:500} INFO - Filling up the DagBag from /home/user/workspace/airflow/dags/excel_file/tranformation.xlsx
[2021-11-19 10:44:19,002] {processor.py:634} WARNING - No viable dags retrieved from /home/user/workspace/airflow/dags/excel_file/tranformation.xlsx
[2021-11-19 10:44:19,009] {processor.py:171} INFO - Processing /home/user/workspace/airflow/dags/excel_file/tranformation.xlsx took 0.062 seconds
[2021-11-19 10:44:49,801] {processor.py:163} INFO - Started process (PID=16689) to work on /home/user/workspace/airflow/dags/excel_file/tranformation.xlsx
[2021-11-19 10:44:49,803] {processor.py:620} INFO - Processing file /home/user/workspace/airflow/dags/excel_file/tranformation.xlsx for tasks to queue
[2021-11-19 10:44:49,804] {logging_mixin.py:109} INFO - [2021-11-19 10:44:49,804] {dagbag.py:500} INFO - Filling up the DagBag from /home/user/workspace/airflow/dags/excel_file/tranformation.xlsx
[2021-11-19 10:44:49,824] {processor.py:634} WARNING - No viable dags retrieved from /home/user/workspace/airflow/dags/excel_file/tranformation.xlsx
[2021-11-19 10:44:49,828] {processor.py:171} INFO - Processing /home/user/workspace/airflow/dags/excel_file/tranformation.xlsx took 0.032 seconds
[2021-11-19 10:45:21,788] {processor.py:163} INFO - Started process (PID=17357) to work on /home/user/workspace/airflow/dags/excel_file/tranformation.xlsx
[2021-11-19 10:45:21,789] {processor.py:620} INFO - Processing file /home/user/workspace/airflow/dags/excel_file/tranformation.xlsx for tasks to queue
[2021-11-19 10:45:21,790] {logging_mixin.py:109} INFO - [2021-11-19 10:45:21,790] {dagbag.py:500} INFO - Filling up the DagBag from /home/user/workspace/airflow/dags/excel_file/tranformation.xlsx
[2021-11-19 10:45:21,824] {processor.py:634} WARNING - No viable dags retrieved from /home/user/workspace/airflow/dags/excel_file/tranformation.xlsx
[2021-11-19 10:45:21,828] {processor.py:171} INFO - Processing /home/user/workspace/airflow/dags/excel_file/tranformation.xlsx took 0.045 seconds
[2021-11-19 10:45:53,260] {processor.py:163} INFO - Started process (PID=17868) to work on /home/user/workspace/airflow/dags/excel_file/tranformation.xlsx
[2021-11-19 10:45:53,263] {processor.py:620} INFO - Processing file /home/user/workspace/airflow/dags/excel_file/tranformation.xlsx for tasks to queue
[2021-11-19 10:45:53,266] {logging_mixin.py:109} INFO - [2021-11-19 10:45:53,265] {dagbag.py:500} INFO - Filling up the DagBag from /home/user/workspace/airflow/dags/excel_file/tranformation.xlsx
[2021-11-19 10:45:53,303] {processor.py:634} WARNING - No viable dags retrieved from /home/user/workspace/airflow/dags/excel_file/tranformation.xlsx
[2021-11-19 10:45:53,308] {processor.py:171} INFO - Processing /home/user/workspace/airflow/dags/excel_file/tranformation.xlsx took 0.056 seconds
[2021-11-19 10:46:24,001] {processor.py:163} INFO - Started process (PID=18336) to work on /home/user/workspace/airflow/dags/excel_file/tranformation.xlsx
[2021-11-19 10:46:24,003] {processor.py:620} INFO - Processing file /home/user/workspace/airflow/dags/excel_file/tranformation.xlsx for tasks to queue
[2021-11-19 10:46:24,004] {logging_mixin.py:109} INFO - [2021-11-19 10:46:24,003] {dagbag.py:500} INFO - Filling up the DagBag from /home/user/workspace/airflow/dags/excel_file/tranformation.xlsx
[2021-11-19 10:46:24,029] {processor.py:634} WARNING - No viable dags retrieved from /home/user/workspace/airflow/dags/excel_file/tranformation.xlsx
[2021-11-19 10:46:24,033] {processor.py:171} INFO - Processing /home/user/workspace/airflow/dags/excel_file/tranformation.xlsx took 0.035 seconds
[2021-11-19 10:46:54,523] {processor.py:163} INFO - Started process (PID=19026) to work on /home/user/workspace/airflow/dags/excel_file/tranformation.xlsx
[2021-11-19 10:46:54,524] {processor.py:620} INFO - Processing file /home/user/workspace/airflow/dags/excel_file/tranformation.xlsx for tasks to queue
[2021-11-19 10:46:54,525] {logging_mixin.py:109} INFO - [2021-11-19 10:46:54,524] {dagbag.py:500} INFO - Filling up the DagBag from /home/user/workspace/airflow/dags/excel_file/tranformation.xlsx
[2021-11-19 10:46:54,548] {processor.py:634} WARNING - No viable dags retrieved from /home/user/workspace/airflow/dags/excel_file/tranformation.xlsx
[2021-11-19 10:46:54,555] {processor.py:171} INFO - Processing /home/user/workspace/airflow/dags/excel_file/tranformation.xlsx took 0.036 seconds
[2021-11-19 10:47:25,780] {processor.py:163} INFO - Started process (PID=19858) to work on /home/user/workspace/airflow/dags/excel_file/tranformation.xlsx
[2021-11-19 10:47:25,781] {processor.py:620} INFO - Processing file /home/user/workspace/airflow/dags/excel_file/tranformation.xlsx for tasks to queue
[2021-11-19 10:47:25,782] {logging_mixin.py:109} INFO - [2021-11-19 10:47:25,782] {dagbag.py:500} INFO - Filling up the DagBag from /home/user/workspace/airflow/dags/excel_file/tranformation.xlsx
[2021-11-19 10:47:25,800] {processor.py:634} WARNING - No viable dags retrieved from /home/user/workspace/airflow/dags/excel_file/tranformation.xlsx
[2021-11-19 10:47:25,806] {processor.py:171} INFO - Processing /home/user/workspace/airflow/dags/excel_file/tranformation.xlsx took 0.029 seconds
[2021-11-19 10:47:56,134] {processor.py:163} INFO - Started process (PID=20751) to work on /home/user/workspace/airflow/dags/excel_file/tranformation.xlsx
[2021-11-19 10:47:56,135] {processor.py:620} INFO - Processing file /home/user/workspace/airflow/dags/excel_file/tranformation.xlsx for tasks to queue
[2021-11-19 10:47:56,136] {logging_mixin.py:109} INFO - [2021-11-19 10:47:56,135] {dagbag.py:500} INFO - Filling up the DagBag from /home/user/workspace/airflow/dags/excel_file/tranformation.xlsx
[2021-11-19 10:47:56,186] {processor.py:634} WARNING - No viable dags retrieved from /home/user/workspace/airflow/dags/excel_file/tranformation.xlsx
[2021-11-19 10:47:56,190] {processor.py:171} INFO - Processing /home/user/workspace/airflow/dags/excel_file/tranformation.xlsx took 0.061 seconds
[2021-11-19 10:48:26,676] {processor.py:163} INFO - Started process (PID=21576) to work on /home/user/workspace/airflow/dags/excel_file/tranformation.xlsx
[2021-11-19 10:48:26,678] {processor.py:620} INFO - Processing file /home/user/workspace/airflow/dags/excel_file/tranformation.xlsx for tasks to queue
[2021-11-19 10:48:26,679] {logging_mixin.py:109} INFO - [2021-11-19 10:48:26,679] {dagbag.py:500} INFO - Filling up the DagBag from /home/user/workspace/airflow/dags/excel_file/tranformation.xlsx
[2021-11-19 10:48:26,729] {processor.py:634} WARNING - No viable dags retrieved from /home/user/workspace/airflow/dags/excel_file/tranformation.xlsx
[2021-11-19 10:48:26,748] {processor.py:171} INFO - Processing /home/user/workspace/airflow/dags/excel_file/tranformation.xlsx took 0.092 seconds
[2021-11-19 10:48:59,366] {processor.py:163} INFO - Started process (PID=22117) to work on /home/user/workspace/airflow/dags/excel_file/tranformation.xlsx
[2021-11-19 10:48:59,367] {processor.py:620} INFO - Processing file /home/user/workspace/airflow/dags/excel_file/tranformation.xlsx for tasks to queue
[2021-11-19 10:48:59,368] {logging_mixin.py:109} INFO - [2021-11-19 10:48:59,368] {dagbag.py:500} INFO - Filling up the DagBag from /home/user/workspace/airflow/dags/excel_file/tranformation.xlsx
[2021-11-19 10:48:59,415] {processor.py:634} WARNING - No viable dags retrieved from /home/user/workspace/airflow/dags/excel_file/tranformation.xlsx
[2021-11-19 10:48:59,424] {processor.py:171} INFO - Processing /home/user/workspace/airflow/dags/excel_file/tranformation.xlsx took 0.078 seconds
[2021-11-19 10:49:29,983] {processor.py:163} INFO - Started process (PID=22670) to work on /home/user/workspace/airflow/dags/excel_file/tranformation.xlsx
[2021-11-19 10:49:29,984] {processor.py:620} INFO - Processing file /home/user/workspace/airflow/dags/excel_file/tranformation.xlsx for tasks to queue
[2021-11-19 10:49:29,985] {logging_mixin.py:109} INFO - [2021-11-19 10:49:29,984] {dagbag.py:500} INFO - Filling up the DagBag from /home/user/workspace/airflow/dags/excel_file/tranformation.xlsx
[2021-11-19 10:49:30,003] {processor.py:634} WARNING - No viable dags retrieved from /home/user/workspace/airflow/dags/excel_file/tranformation.xlsx
[2021-11-19 10:49:30,011] {processor.py:171} INFO - Processing /home/user/workspace/airflow/dags/excel_file/tranformation.xlsx took 0.032 seconds
[2021-11-19 10:50:01,250] {processor.py:163} INFO - Started process (PID=23160) to work on /home/user/workspace/airflow/dags/excel_file/tranformation.xlsx
[2021-11-19 10:50:01,251] {processor.py:620} INFO - Processing file /home/user/workspace/airflow/dags/excel_file/tranformation.xlsx for tasks to queue
[2021-11-19 10:50:01,257] {logging_mixin.py:109} INFO - [2021-11-19 10:50:01,256] {dagbag.py:500} INFO - Filling up the DagBag from /home/user/workspace/airflow/dags/excel_file/tranformation.xlsx
[2021-11-19 10:50:01,278] {processor.py:634} WARNING - No viable dags retrieved from /home/user/workspace/airflow/dags/excel_file/tranformation.xlsx
[2021-11-19 10:50:01,282] {processor.py:171} INFO - Processing /home/user/workspace/airflow/dags/excel_file/tranformation.xlsx took 0.036 seconds
[2021-11-19 10:50:33,267] {processor.py:163} INFO - Started process (PID=23837) to work on /home/user/workspace/airflow/dags/excel_file/tranformation.xlsx
[2021-11-19 10:50:33,268] {processor.py:620} INFO - Processing file /home/user/workspace/airflow/dags/excel_file/tranformation.xlsx for tasks to queue
[2021-11-19 10:50:33,272] {logging_mixin.py:109} INFO - [2021-11-19 10:50:33,272] {dagbag.py:500} INFO - Filling up the DagBag from /home/user/workspace/airflow/dags/excel_file/tranformation.xlsx
[2021-11-19 10:50:33,293] {processor.py:634} WARNING - No viable dags retrieved from /home/user/workspace/airflow/dags/excel_file/tranformation.xlsx
[2021-11-19 10:50:33,297] {processor.py:171} INFO - Processing /home/user/workspace/airflow/dags/excel_file/tranformation.xlsx took 0.034 seconds
[2021-11-19 10:51:11,350] {processor.py:163} INFO - Started process (PID=24498) to work on /home/user/workspace/airflow/dags/excel_file/tranformation.xlsx
[2021-11-19 10:51:11,351] {processor.py:620} INFO - Processing file /home/user/workspace/airflow/dags/excel_file/tranformation.xlsx for tasks to queue
[2021-11-19 10:51:11,351] {logging_mixin.py:109} INFO - [2021-11-19 10:51:11,351] {dagbag.py:500} INFO - Filling up the DagBag from /home/user/workspace/airflow/dags/excel_file/tranformation.xlsx
[2021-11-19 10:51:11,371] {processor.py:634} WARNING - No viable dags retrieved from /home/user/workspace/airflow/dags/excel_file/tranformation.xlsx
[2021-11-19 10:51:11,376] {processor.py:171} INFO - Processing /home/user/workspace/airflow/dags/excel_file/tranformation.xlsx took 0.030 seconds
[2021-11-19 10:51:44,189] {processor.py:163} INFO - Started process (PID=25171) to work on /home/user/workspace/airflow/dags/excel_file/tranformation.xlsx
[2021-11-19 10:51:44,190] {processor.py:620} INFO - Processing file /home/user/workspace/airflow/dags/excel_file/tranformation.xlsx for tasks to queue
[2021-11-19 10:51:44,191] {logging_mixin.py:109} INFO - [2021-11-19 10:51:44,191] {dagbag.py:500} INFO - Filling up the DagBag from /home/user/workspace/airflow/dags/excel_file/tranformation.xlsx
[2021-11-19 10:51:44,221] {processor.py:634} WARNING - No viable dags retrieved from /home/user/workspace/airflow/dags/excel_file/tranformation.xlsx
[2021-11-19 10:51:44,227] {processor.py:171} INFO - Processing /home/user/workspace/airflow/dags/excel_file/tranformation.xlsx took 0.041 seconds
[2021-11-19 10:52:15,888] {processor.py:163} INFO - Started process (PID=25815) to work on /home/user/workspace/airflow/dags/excel_file/tranformation.xlsx
[2021-11-19 10:52:15,889] {processor.py:620} INFO - Processing file /home/user/workspace/airflow/dags/excel_file/tranformation.xlsx for tasks to queue
[2021-11-19 10:52:15,890] {logging_mixin.py:109} INFO - [2021-11-19 10:52:15,890] {dagbag.py:500} INFO - Filling up the DagBag from /home/user/workspace/airflow/dags/excel_file/tranformation.xlsx
[2021-11-19 10:52:15,916] {processor.py:634} WARNING - No viable dags retrieved from /home/user/workspace/airflow/dags/excel_file/tranformation.xlsx
[2021-11-19 10:52:15,920] {processor.py:171} INFO - Processing /home/user/workspace/airflow/dags/excel_file/tranformation.xlsx took 0.037 seconds
[2021-11-19 10:52:47,783] {processor.py:163} INFO - Started process (PID=26457) to work on /home/user/workspace/airflow/dags/excel_file/tranformation.xlsx
[2021-11-19 10:52:47,784] {processor.py:620} INFO - Processing file /home/user/workspace/airflow/dags/excel_file/tranformation.xlsx for tasks to queue
[2021-11-19 10:52:47,785] {logging_mixin.py:109} INFO - [2021-11-19 10:52:47,785] {dagbag.py:500} INFO - Filling up the DagBag from /home/user/workspace/airflow/dags/excel_file/tranformation.xlsx
[2021-11-19 10:52:47,803] {processor.py:634} WARNING - No viable dags retrieved from /home/user/workspace/airflow/dags/excel_file/tranformation.xlsx
[2021-11-19 10:52:47,809] {processor.py:171} INFO - Processing /home/user/workspace/airflow/dags/excel_file/tranformation.xlsx took 0.029 seconds
[2021-11-19 10:53:19,451] {processor.py:163} INFO - Started process (PID=27078) to work on /home/user/workspace/airflow/dags/excel_file/tranformation.xlsx
[2021-11-19 10:53:19,452] {processor.py:620} INFO - Processing file /home/user/workspace/airflow/dags/excel_file/tranformation.xlsx for tasks to queue
[2021-11-19 10:53:19,453] {logging_mixin.py:109} INFO - [2021-11-19 10:53:19,452] {dagbag.py:500} INFO - Filling up the DagBag from /home/user/workspace/airflow/dags/excel_file/tranformation.xlsx
[2021-11-19 10:53:19,480] {processor.py:634} WARNING - No viable dags retrieved from /home/user/workspace/airflow/dags/excel_file/tranformation.xlsx
[2021-11-19 10:53:19,483] {processor.py:171} INFO - Processing /home/user/workspace/airflow/dags/excel_file/tranformation.xlsx took 0.035 seconds
[2021-11-19 10:53:52,093] {processor.py:163} INFO - Started process (PID=27700) to work on /home/user/workspace/airflow/dags/excel_file/tranformation.xlsx
[2021-11-19 10:53:52,094] {processor.py:620} INFO - Processing file /home/user/workspace/airflow/dags/excel_file/tranformation.xlsx for tasks to queue
[2021-11-19 10:53:52,095] {logging_mixin.py:109} INFO - [2021-11-19 10:53:52,095] {dagbag.py:500} INFO - Filling up the DagBag from /home/user/workspace/airflow/dags/excel_file/tranformation.xlsx
[2021-11-19 10:53:52,121] {processor.py:634} WARNING - No viable dags retrieved from /home/user/workspace/airflow/dags/excel_file/tranformation.xlsx
[2021-11-19 10:53:52,125] {processor.py:171} INFO - Processing /home/user/workspace/airflow/dags/excel_file/tranformation.xlsx took 0.035 seconds
[2021-11-19 10:54:23,864] {processor.py:163} INFO - Started process (PID=28369) to work on /home/user/workspace/airflow/dags/excel_file/tranformation.xlsx
[2021-11-19 10:54:23,866] {processor.py:620} INFO - Processing file /home/user/workspace/airflow/dags/excel_file/tranformation.xlsx for tasks to queue
[2021-11-19 10:54:23,867] {logging_mixin.py:109} INFO - [2021-11-19 10:54:23,867] {dagbag.py:500} INFO - Filling up the DagBag from /home/user/workspace/airflow/dags/excel_file/tranformation.xlsx
[2021-11-19 10:54:23,888] {processor.py:634} WARNING - No viable dags retrieved from /home/user/workspace/airflow/dags/excel_file/tranformation.xlsx
[2021-11-19 10:54:23,893] {processor.py:171} INFO - Processing /home/user/workspace/airflow/dags/excel_file/tranformation.xlsx took 0.035 seconds
[2021-11-19 10:54:55,789] {processor.py:163} INFO - Started process (PID=29002) to work on /home/user/workspace/airflow/dags/excel_file/tranformation.xlsx
[2021-11-19 10:54:55,791] {processor.py:620} INFO - Processing file /home/user/workspace/airflow/dags/excel_file/tranformation.xlsx for tasks to queue
[2021-11-19 10:54:55,791] {logging_mixin.py:109} INFO - [2021-11-19 10:54:55,791] {dagbag.py:500} INFO - Filling up the DagBag from /home/user/workspace/airflow/dags/excel_file/tranformation.xlsx
[2021-11-19 10:54:55,812] {processor.py:634} WARNING - No viable dags retrieved from /home/user/workspace/airflow/dags/excel_file/tranformation.xlsx
[2021-11-19 10:54:55,816] {processor.py:171} INFO - Processing /home/user/workspace/airflow/dags/excel_file/tranformation.xlsx took 0.031 seconds
[2021-11-19 10:55:27,206] {processor.py:163} INFO - Started process (PID=29618) to work on /home/user/workspace/airflow/dags/excel_file/tranformation.xlsx
[2021-11-19 10:55:27,207] {processor.py:620} INFO - Processing file /home/user/workspace/airflow/dags/excel_file/tranformation.xlsx for tasks to queue
[2021-11-19 10:55:27,208] {logging_mixin.py:109} INFO - [2021-11-19 10:55:27,208] {dagbag.py:500} INFO - Filling up the DagBag from /home/user/workspace/airflow/dags/excel_file/tranformation.xlsx
[2021-11-19 10:55:27,234] {processor.py:634} WARNING - No viable dags retrieved from /home/user/workspace/airflow/dags/excel_file/tranformation.xlsx
[2021-11-19 10:55:27,237] {processor.py:171} INFO - Processing /home/user/workspace/airflow/dags/excel_file/tranformation.xlsx took 0.035 seconds
[2021-11-19 10:55:58,944] {processor.py:163} INFO - Started process (PID=30271) to work on /home/user/workspace/airflow/dags/excel_file/tranformation.xlsx
[2021-11-19 10:55:58,945] {processor.py:620} INFO - Processing file /home/user/workspace/airflow/dags/excel_file/tranformation.xlsx for tasks to queue
[2021-11-19 10:55:58,946] {logging_mixin.py:109} INFO - [2021-11-19 10:55:58,946] {dagbag.py:500} INFO - Filling up the DagBag from /home/user/workspace/airflow/dags/excel_file/tranformation.xlsx
[2021-11-19 10:55:58,970] {processor.py:634} WARNING - No viable dags retrieved from /home/user/workspace/airflow/dags/excel_file/tranformation.xlsx
[2021-11-19 10:55:58,978] {processor.py:171} INFO - Processing /home/user/workspace/airflow/dags/excel_file/tranformation.xlsx took 0.037 seconds
[2021-11-19 10:56:31,034] {processor.py:163} INFO - Started process (PID=30909) to work on /home/user/workspace/airflow/dags/excel_file/tranformation.xlsx
[2021-11-19 10:56:31,035] {processor.py:620} INFO - Processing file /home/user/workspace/airflow/dags/excel_file/tranformation.xlsx for tasks to queue
[2021-11-19 10:56:31,036] {logging_mixin.py:109} INFO - [2021-11-19 10:56:31,035] {dagbag.py:500} INFO - Filling up the DagBag from /home/user/workspace/airflow/dags/excel_file/tranformation.xlsx
[2021-11-19 10:56:31,057] {processor.py:634} WARNING - No viable dags retrieved from /home/user/workspace/airflow/dags/excel_file/tranformation.xlsx
[2021-11-19 10:56:31,061] {processor.py:171} INFO - Processing /home/user/workspace/airflow/dags/excel_file/tranformation.xlsx took 0.031 seconds
[2021-11-19 10:57:02,981] {processor.py:163} INFO - Started process (PID=31557) to work on /home/user/workspace/airflow/dags/excel_file/tranformation.xlsx
[2021-11-19 10:57:02,982] {processor.py:620} INFO - Processing file /home/user/workspace/airflow/dags/excel_file/tranformation.xlsx for tasks to queue
[2021-11-19 10:57:02,983] {logging_mixin.py:109} INFO - [2021-11-19 10:57:02,983] {dagbag.py:500} INFO - Filling up the DagBag from /home/user/workspace/airflow/dags/excel_file/tranformation.xlsx
[2021-11-19 10:57:03,005] {processor.py:634} WARNING - No viable dags retrieved from /home/user/workspace/airflow/dags/excel_file/tranformation.xlsx
[2021-11-19 10:57:03,010] {processor.py:171} INFO - Processing /home/user/workspace/airflow/dags/excel_file/tranformation.xlsx took 0.037 seconds
[2021-11-19 10:57:35,280] {processor.py:163} INFO - Started process (PID=32490) to work on /home/user/workspace/airflow/dags/excel_file/tranformation.xlsx
[2021-11-19 10:57:35,281] {processor.py:620} INFO - Processing file /home/user/workspace/airflow/dags/excel_file/tranformation.xlsx for tasks to queue
[2021-11-19 10:57:35,282] {logging_mixin.py:109} INFO - [2021-11-19 10:57:35,282] {dagbag.py:500} INFO - Filling up the DagBag from /home/user/workspace/airflow/dags/excel_file/tranformation.xlsx
[2021-11-19 10:57:35,307] {processor.py:634} WARNING - No viable dags retrieved from /home/user/workspace/airflow/dags/excel_file/tranformation.xlsx
[2021-11-19 10:57:35,313] {processor.py:171} INFO - Processing /home/user/workspace/airflow/dags/excel_file/tranformation.xlsx took 0.040 seconds
[2021-11-19 10:58:07,167] {processor.py:163} INFO - Started process (PID=595) to work on /home/user/workspace/airflow/dags/excel_file/tranformation.xlsx
[2021-11-19 10:58:07,170] {processor.py:620} INFO - Processing file /home/user/workspace/airflow/dags/excel_file/tranformation.xlsx for tasks to queue
[2021-11-19 10:58:07,171] {logging_mixin.py:109} INFO - [2021-11-19 10:58:07,171] {dagbag.py:500} INFO - Filling up the DagBag from /home/user/workspace/airflow/dags/excel_file/tranformation.xlsx
[2021-11-19 10:58:07,188] {processor.py:634} WARNING - No viable dags retrieved from /home/user/workspace/airflow/dags/excel_file/tranformation.xlsx
[2021-11-19 10:58:07,192] {processor.py:171} INFO - Processing /home/user/workspace/airflow/dags/excel_file/tranformation.xlsx took 0.030 seconds
[2021-11-19 11:00:15,193] {processor.py:163} INFO - Started process (PID=1631) to work on /home/user/workspace/airflow/dags/excel_file/tranformation.xlsx
[2021-11-19 11:00:15,194] {processor.py:620} INFO - Processing file /home/user/workspace/airflow/dags/excel_file/tranformation.xlsx for tasks to queue
[2021-11-19 11:00:15,195] {logging_mixin.py:109} INFO - [2021-11-19 11:00:15,195] {dagbag.py:500} INFO - Filling up the DagBag from /home/user/workspace/airflow/dags/excel_file/tranformation.xlsx
[2021-11-19 11:00:15,217] {processor.py:634} WARNING - No viable dags retrieved from /home/user/workspace/airflow/dags/excel_file/tranformation.xlsx
[2021-11-19 11:00:15,223] {processor.py:171} INFO - Processing /home/user/workspace/airflow/dags/excel_file/tranformation.xlsx took 0.033 seconds
[2021-11-19 11:00:47,510] {processor.py:163} INFO - Started process (PID=2742) to work on /home/user/workspace/airflow/dags/excel_file/tranformation.xlsx
[2021-11-19 11:00:47,511] {processor.py:620} INFO - Processing file /home/user/workspace/airflow/dags/excel_file/tranformation.xlsx for tasks to queue
[2021-11-19 11:00:47,511] {logging_mixin.py:109} INFO - [2021-11-19 11:00:47,511] {dagbag.py:500} INFO - Filling up the DagBag from /home/user/workspace/airflow/dags/excel_file/tranformation.xlsx
[2021-11-19 11:00:47,527] {processor.py:634} WARNING - No viable dags retrieved from /home/user/workspace/airflow/dags/excel_file/tranformation.xlsx
[2021-11-19 11:00:47,530] {processor.py:171} INFO - Processing /home/user/workspace/airflow/dags/excel_file/tranformation.xlsx took 0.023 seconds
[2021-11-19 11:01:20,143] {processor.py:163} INFO - Started process (PID=4059) to work on /home/user/workspace/airflow/dags/excel_file/tranformation.xlsx
[2021-11-19 11:01:20,144] {processor.py:620} INFO - Processing file /home/user/workspace/airflow/dags/excel_file/tranformation.xlsx for tasks to queue
[2021-11-19 11:01:20,144] {logging_mixin.py:109} INFO - [2021-11-19 11:01:20,144] {dagbag.py:500} INFO - Filling up the DagBag from /home/user/workspace/airflow/dags/excel_file/tranformation.xlsx
[2021-11-19 11:01:20,165] {processor.py:634} WARNING - No viable dags retrieved from /home/user/workspace/airflow/dags/excel_file/tranformation.xlsx
[2021-11-19 11:01:20,169] {processor.py:171} INFO - Processing /home/user/workspace/airflow/dags/excel_file/tranformation.xlsx took 0.029 seconds
[2021-11-19 11:01:52,916] {processor.py:163} INFO - Started process (PID=4600) to work on /home/user/workspace/airflow/dags/excel_file/tranformation.xlsx
[2021-11-19 11:01:52,919] {processor.py:620} INFO - Processing file /home/user/workspace/airflow/dags/excel_file/tranformation.xlsx for tasks to queue
[2021-11-19 11:01:52,921] {logging_mixin.py:109} INFO - [2021-11-19 11:01:52,921] {dagbag.py:500} INFO - Filling up the DagBag from /home/user/workspace/airflow/dags/excel_file/tranformation.xlsx
[2021-11-19 11:01:52,962] {processor.py:634} WARNING - No viable dags retrieved from /home/user/workspace/airflow/dags/excel_file/tranformation.xlsx
[2021-11-19 11:01:52,973] {processor.py:171} INFO - Processing /home/user/workspace/airflow/dags/excel_file/tranformation.xlsx took 0.063 seconds
[2021-11-19 11:02:26,740] {processor.py:163} INFO - Started process (PID=5318) to work on /home/user/workspace/airflow/dags/excel_file/tranformation.xlsx
[2021-11-19 11:02:26,742] {processor.py:620} INFO - Processing file /home/user/workspace/airflow/dags/excel_file/tranformation.xlsx for tasks to queue
[2021-11-19 11:02:26,743] {logging_mixin.py:109} INFO - [2021-11-19 11:02:26,743] {dagbag.py:500} INFO - Filling up the DagBag from /home/user/workspace/airflow/dags/excel_file/tranformation.xlsx
[2021-11-19 11:02:26,781] {processor.py:634} WARNING - No viable dags retrieved from /home/user/workspace/airflow/dags/excel_file/tranformation.xlsx
[2021-11-19 11:02:26,788] {processor.py:171} INFO - Processing /home/user/workspace/airflow/dags/excel_file/tranformation.xlsx took 0.054 seconds
[2021-11-19 11:02:58,151] {processor.py:163} INFO - Started process (PID=6079) to work on /home/user/workspace/airflow/dags/excel_file/tranformation.xlsx
[2021-11-19 11:02:58,152] {processor.py:620} INFO - Processing file /home/user/workspace/airflow/dags/excel_file/tranformation.xlsx for tasks to queue
[2021-11-19 11:02:58,152] {logging_mixin.py:109} INFO - [2021-11-19 11:02:58,152] {dagbag.py:500} INFO - Filling up the DagBag from /home/user/workspace/airflow/dags/excel_file/tranformation.xlsx
[2021-11-19 11:02:58,170] {processor.py:634} WARNING - No viable dags retrieved from /home/user/workspace/airflow/dags/excel_file/tranformation.xlsx
[2021-11-19 11:02:58,173] {processor.py:171} INFO - Processing /home/user/workspace/airflow/dags/excel_file/tranformation.xlsx took 0.025 seconds
[2021-11-19 11:03:29,722] {processor.py:163} INFO - Started process (PID=6759) to work on /home/user/workspace/airflow/dags/excel_file/tranformation.xlsx
[2021-11-19 11:03:29,723] {processor.py:620} INFO - Processing file /home/user/workspace/airflow/dags/excel_file/tranformation.xlsx for tasks to queue
[2021-11-19 11:03:29,724] {logging_mixin.py:109} INFO - [2021-11-19 11:03:29,724] {dagbag.py:500} INFO - Filling up the DagBag from /home/user/workspace/airflow/dags/excel_file/tranformation.xlsx
[2021-11-19 11:03:29,737] {processor.py:634} WARNING - No viable dags retrieved from /home/user/workspace/airflow/dags/excel_file/tranformation.xlsx
[2021-11-19 11:03:29,740] {processor.py:171} INFO - Processing /home/user/workspace/airflow/dags/excel_file/tranformation.xlsx took 0.020 seconds
[2021-11-19 11:04:01,288] {processor.py:163} INFO - Started process (PID=7486) to work on /home/user/workspace/airflow/dags/excel_file/tranformation.xlsx
[2021-11-19 11:04:01,288] {processor.py:620} INFO - Processing file /home/user/workspace/airflow/dags/excel_file/tranformation.xlsx for tasks to queue
[2021-11-19 11:04:01,289] {logging_mixin.py:109} INFO - [2021-11-19 11:04:01,289] {dagbag.py:500} INFO - Filling up the DagBag from /home/user/workspace/airflow/dags/excel_file/tranformation.xlsx
[2021-11-19 11:04:01,306] {processor.py:634} WARNING - No viable dags retrieved from /home/user/workspace/airflow/dags/excel_file/tranformation.xlsx
[2021-11-19 11:04:01,312] {processor.py:171} INFO - Processing /home/user/workspace/airflow/dags/excel_file/tranformation.xlsx took 0.027 seconds
[2021-11-19 11:04:33,627] {processor.py:163} INFO - Started process (PID=8078) to work on /home/user/workspace/airflow/dags/excel_file/tranformation.xlsx
[2021-11-19 11:04:33,629] {processor.py:620} INFO - Processing file /home/user/workspace/airflow/dags/excel_file/tranformation.xlsx for tasks to queue
[2021-11-19 11:04:33,630] {logging_mixin.py:109} INFO - [2021-11-19 11:04:33,630] {dagbag.py:500} INFO - Filling up the DagBag from /home/user/workspace/airflow/dags/excel_file/tranformation.xlsx
[2021-11-19 11:04:33,685] {processor.py:634} WARNING - No viable dags retrieved from /home/user/workspace/airflow/dags/excel_file/tranformation.xlsx
[2021-11-19 11:04:33,695] {processor.py:171} INFO - Processing /home/user/workspace/airflow/dags/excel_file/tranformation.xlsx took 0.097 seconds
[2021-11-19 11:05:06,289] {processor.py:163} INFO - Started process (PID=8651) to work on /home/user/workspace/airflow/dags/excel_file/tranformation.xlsx
[2021-11-19 11:05:06,290] {processor.py:620} INFO - Processing file /home/user/workspace/airflow/dags/excel_file/tranformation.xlsx for tasks to queue
[2021-11-19 11:05:06,291] {logging_mixin.py:109} INFO - [2021-11-19 11:05:06,291] {dagbag.py:500} INFO - Filling up the DagBag from /home/user/workspace/airflow/dags/excel_file/tranformation.xlsx
[2021-11-19 11:05:06,337] {processor.py:634} WARNING - No viable dags retrieved from /home/user/workspace/airflow/dags/excel_file/tranformation.xlsx
[2021-11-19 11:05:06,348] {processor.py:171} INFO - Processing /home/user/workspace/airflow/dags/excel_file/tranformation.xlsx took 0.062 seconds
[2021-11-19 11:05:39,941] {processor.py:163} INFO - Started process (PID=9213) to work on /home/user/workspace/airflow/dags/excel_file/tranformation.xlsx
[2021-11-19 11:05:39,942] {processor.py:620} INFO - Processing file /home/user/workspace/airflow/dags/excel_file/tranformation.xlsx for tasks to queue
[2021-11-19 11:05:39,943] {logging_mixin.py:109} INFO - [2021-11-19 11:05:39,942] {dagbag.py:500} INFO - Filling up the DagBag from /home/user/workspace/airflow/dags/excel_file/tranformation.xlsx
[2021-11-19 11:05:39,964] {processor.py:634} WARNING - No viable dags retrieved from /home/user/workspace/airflow/dags/excel_file/tranformation.xlsx
[2021-11-19 11:05:39,970] {processor.py:171} INFO - Processing /home/user/workspace/airflow/dags/excel_file/tranformation.xlsx took 0.032 seconds
[2021-11-19 11:06:12,122] {processor.py:163} INFO - Started process (PID=9771) to work on /home/user/workspace/airflow/dags/excel_file/tranformation.xlsx
[2021-11-19 11:06:12,124] {processor.py:620} INFO - Processing file /home/user/workspace/airflow/dags/excel_file/tranformation.xlsx for tasks to queue
[2021-11-19 11:06:12,126] {logging_mixin.py:109} INFO - [2021-11-19 11:06:12,125] {dagbag.py:500} INFO - Filling up the DagBag from /home/user/workspace/airflow/dags/excel_file/tranformation.xlsx
[2021-11-19 11:06:12,147] {processor.py:634} WARNING - No viable dags retrieved from /home/user/workspace/airflow/dags/excel_file/tranformation.xlsx
[2021-11-19 11:06:12,154] {processor.py:171} INFO - Processing /home/user/workspace/airflow/dags/excel_file/tranformation.xlsx took 0.037 seconds
[2021-11-19 11:06:43,208] {processor.py:163} INFO - Started process (PID=10252) to work on /home/user/workspace/airflow/dags/excel_file/tranformation.xlsx
[2021-11-19 11:06:43,209] {processor.py:620} INFO - Processing file /home/user/workspace/airflow/dags/excel_file/tranformation.xlsx for tasks to queue
[2021-11-19 11:06:43,210] {logging_mixin.py:109} INFO - [2021-11-19 11:06:43,210] {dagbag.py:500} INFO - Filling up the DagBag from /home/user/workspace/airflow/dags/excel_file/tranformation.xlsx
[2021-11-19 11:06:43,235] {processor.py:634} WARNING - No viable dags retrieved from /home/user/workspace/airflow/dags/excel_file/tranformation.xlsx
[2021-11-19 11:06:43,239] {processor.py:171} INFO - Processing /home/user/workspace/airflow/dags/excel_file/tranformation.xlsx took 0.037 seconds
[2021-11-19 11:07:15,605] {processor.py:163} INFO - Started process (PID=10885) to work on /home/user/workspace/airflow/dags/excel_file/tranformation.xlsx
[2021-11-19 11:07:15,607] {processor.py:620} INFO - Processing file /home/user/workspace/airflow/dags/excel_file/tranformation.xlsx for tasks to queue
[2021-11-19 11:07:15,608] {logging_mixin.py:109} INFO - [2021-11-19 11:07:15,608] {dagbag.py:500} INFO - Filling up the DagBag from /home/user/workspace/airflow/dags/excel_file/tranformation.xlsx
[2021-11-19 11:07:15,634] {processor.py:634} WARNING - No viable dags retrieved from /home/user/workspace/airflow/dags/excel_file/tranformation.xlsx
[2021-11-19 11:07:15,638] {processor.py:171} INFO - Processing /home/user/workspace/airflow/dags/excel_file/tranformation.xlsx took 0.036 seconds
[2021-11-19 11:07:47,400] {processor.py:163} INFO - Started process (PID=11460) to work on /home/user/workspace/airflow/dags/excel_file/tranformation.xlsx
[2021-11-19 11:07:47,401] {processor.py:620} INFO - Processing file /home/user/workspace/airflow/dags/excel_file/tranformation.xlsx for tasks to queue
[2021-11-19 11:07:47,402] {logging_mixin.py:109} INFO - [2021-11-19 11:07:47,402] {dagbag.py:500} INFO - Filling up the DagBag from /home/user/workspace/airflow/dags/excel_file/tranformation.xlsx
[2021-11-19 11:07:47,426] {processor.py:634} WARNING - No viable dags retrieved from /home/user/workspace/airflow/dags/excel_file/tranformation.xlsx
[2021-11-19 11:07:47,434] {processor.py:171} INFO - Processing /home/user/workspace/airflow/dags/excel_file/tranformation.xlsx took 0.036 seconds
[2021-11-19 11:08:19,127] {processor.py:163} INFO - Started process (PID=12140) to work on /home/user/workspace/airflow/dags/excel_file/tranformation.xlsx
[2021-11-19 11:08:19,128] {processor.py:620} INFO - Processing file /home/user/workspace/airflow/dags/excel_file/tranformation.xlsx for tasks to queue
[2021-11-19 11:08:19,128] {logging_mixin.py:109} INFO - [2021-11-19 11:08:19,128] {dagbag.py:500} INFO - Filling up the DagBag from /home/user/workspace/airflow/dags/excel_file/tranformation.xlsx
[2021-11-19 11:08:19,144] {processor.py:634} WARNING - No viable dags retrieved from /home/user/workspace/airflow/dags/excel_file/tranformation.xlsx
[2021-11-19 11:08:19,148] {processor.py:171} INFO - Processing /home/user/workspace/airflow/dags/excel_file/tranformation.xlsx took 0.024 seconds
[2021-11-19 11:08:51,203] {processor.py:163} INFO - Started process (PID=12759) to work on /home/user/workspace/airflow/dags/excel_file/tranformation.xlsx
[2021-11-19 11:08:51,205] {processor.py:620} INFO - Processing file /home/user/workspace/airflow/dags/excel_file/tranformation.xlsx for tasks to queue
[2021-11-19 11:08:51,206] {logging_mixin.py:109} INFO - [2021-11-19 11:08:51,206] {dagbag.py:500} INFO - Filling up the DagBag from /home/user/workspace/airflow/dags/excel_file/tranformation.xlsx
[2021-11-19 11:08:51,226] {processor.py:634} WARNING - No viable dags retrieved from /home/user/workspace/airflow/dags/excel_file/tranformation.xlsx
[2021-11-19 11:08:51,229] {processor.py:171} INFO - Processing /home/user/workspace/airflow/dags/excel_file/tranformation.xlsx took 0.030 seconds
[2021-11-19 11:09:22,554] {processor.py:163} INFO - Started process (PID=13433) to work on /home/user/workspace/airflow/dags/excel_file/tranformation.xlsx
[2021-11-19 11:09:22,555] {processor.py:620} INFO - Processing file /home/user/workspace/airflow/dags/excel_file/tranformation.xlsx for tasks to queue
[2021-11-19 11:09:22,556] {logging_mixin.py:109} INFO - [2021-11-19 11:09:22,555] {dagbag.py:500} INFO - Filling up the DagBag from /home/user/workspace/airflow/dags/excel_file/tranformation.xlsx
[2021-11-19 11:09:22,573] {processor.py:634} WARNING - No viable dags retrieved from /home/user/workspace/airflow/dags/excel_file/tranformation.xlsx
[2021-11-19 11:09:22,576] {processor.py:171} INFO - Processing /home/user/workspace/airflow/dags/excel_file/tranformation.xlsx took 0.025 seconds
[2021-11-19 11:09:54,280] {processor.py:163} INFO - Started process (PID=14130) to work on /home/user/workspace/airflow/dags/excel_file/tranformation.xlsx
[2021-11-19 11:09:54,281] {processor.py:620} INFO - Processing file /home/user/workspace/airflow/dags/excel_file/tranformation.xlsx for tasks to queue
[2021-11-19 11:09:54,282] {logging_mixin.py:109} INFO - [2021-11-19 11:09:54,281] {dagbag.py:500} INFO - Filling up the DagBag from /home/user/workspace/airflow/dags/excel_file/tranformation.xlsx
[2021-11-19 11:09:54,300] {processor.py:634} WARNING - No viable dags retrieved from /home/user/workspace/airflow/dags/excel_file/tranformation.xlsx
[2021-11-19 11:09:54,303] {processor.py:171} INFO - Processing /home/user/workspace/airflow/dags/excel_file/tranformation.xlsx took 0.028 seconds
[2021-11-19 11:10:26,059] {processor.py:163} INFO - Started process (PID=14776) to work on /home/user/workspace/airflow/dags/excel_file/tranformation.xlsx
[2021-11-19 11:10:26,060] {processor.py:620} INFO - Processing file /home/user/workspace/airflow/dags/excel_file/tranformation.xlsx for tasks to queue
[2021-11-19 11:10:26,060] {logging_mixin.py:109} INFO - [2021-11-19 11:10:26,060] {dagbag.py:500} INFO - Filling up the DagBag from /home/user/workspace/airflow/dags/excel_file/tranformation.xlsx
[2021-11-19 11:10:26,080] {processor.py:634} WARNING - No viable dags retrieved from /home/user/workspace/airflow/dags/excel_file/tranformation.xlsx
[2021-11-19 11:10:26,084] {processor.py:171} INFO - Processing /home/user/workspace/airflow/dags/excel_file/tranformation.xlsx took 0.029 seconds
[2021-11-19 11:10:58,376] {processor.py:163} INFO - Started process (PID=15437) to work on /home/user/workspace/airflow/dags/excel_file/tranformation.xlsx
[2021-11-19 11:10:58,377] {processor.py:620} INFO - Processing file /home/user/workspace/airflow/dags/excel_file/tranformation.xlsx for tasks to queue
[2021-11-19 11:10:58,377] {logging_mixin.py:109} INFO - [2021-11-19 11:10:58,377] {dagbag.py:500} INFO - Filling up the DagBag from /home/user/workspace/airflow/dags/excel_file/tranformation.xlsx
[2021-11-19 11:10:58,395] {processor.py:634} WARNING - No viable dags retrieved from /home/user/workspace/airflow/dags/excel_file/tranformation.xlsx
[2021-11-19 11:10:58,398] {processor.py:171} INFO - Processing /home/user/workspace/airflow/dags/excel_file/tranformation.xlsx took 0.027 seconds
[2021-11-19 11:11:30,720] {processor.py:163} INFO - Started process (PID=15961) to work on /home/user/workspace/airflow/dags/excel_file/tranformation.xlsx
[2021-11-19 11:11:30,721] {processor.py:620} INFO - Processing file /home/user/workspace/airflow/dags/excel_file/tranformation.xlsx for tasks to queue
[2021-11-19 11:11:30,722] {logging_mixin.py:109} INFO - [2021-11-19 11:11:30,722] {dagbag.py:500} INFO - Filling up the DagBag from /home/user/workspace/airflow/dags/excel_file/tranformation.xlsx
[2021-11-19 11:11:30,740] {processor.py:634} WARNING - No viable dags retrieved from /home/user/workspace/airflow/dags/excel_file/tranformation.xlsx
[2021-11-19 11:11:30,744] {processor.py:171} INFO - Processing /home/user/workspace/airflow/dags/excel_file/tranformation.xlsx took 0.028 seconds
[2021-11-19 11:12:02,652] {processor.py:163} INFO - Started process (PID=16468) to work on /home/user/workspace/airflow/dags/excel_file/tranformation.xlsx
[2021-11-19 11:12:02,654] {processor.py:620} INFO - Processing file /home/user/workspace/airflow/dags/excel_file/tranformation.xlsx for tasks to queue
[2021-11-19 11:12:02,654] {logging_mixin.py:109} INFO - [2021-11-19 11:12:02,654] {dagbag.py:500} INFO - Filling up the DagBag from /home/user/workspace/airflow/dags/excel_file/tranformation.xlsx
[2021-11-19 11:12:02,678] {processor.py:634} WARNING - No viable dags retrieved from /home/user/workspace/airflow/dags/excel_file/tranformation.xlsx
[2021-11-19 11:12:02,682] {processor.py:171} INFO - Processing /home/user/workspace/airflow/dags/excel_file/tranformation.xlsx took 0.034 seconds
[2021-11-19 11:12:35,918] {processor.py:163} INFO - Started process (PID=17021) to work on /home/user/workspace/airflow/dags/excel_file/tranformation.xlsx
[2021-11-19 11:12:35,919] {processor.py:620} INFO - Processing file /home/user/workspace/airflow/dags/excel_file/tranformation.xlsx for tasks to queue
[2021-11-19 11:12:35,920] {logging_mixin.py:109} INFO - [2021-11-19 11:12:35,920] {dagbag.py:500} INFO - Filling up the DagBag from /home/user/workspace/airflow/dags/excel_file/tranformation.xlsx
[2021-11-19 11:12:35,936] {processor.py:634} WARNING - No viable dags retrieved from /home/user/workspace/airflow/dags/excel_file/tranformation.xlsx
[2021-11-19 11:12:35,940] {processor.py:171} INFO - Processing /home/user/workspace/airflow/dags/excel_file/tranformation.xlsx took 0.025 seconds
[2021-11-19 11:13:07,699] {processor.py:163} INFO - Started process (PID=17580) to work on /home/user/workspace/airflow/dags/excel_file/tranformation.xlsx
[2021-11-19 11:13:07,700] {processor.py:620} INFO - Processing file /home/user/workspace/airflow/dags/excel_file/tranformation.xlsx for tasks to queue
[2021-11-19 11:13:07,701] {logging_mixin.py:109} INFO - [2021-11-19 11:13:07,700] {dagbag.py:500} INFO - Filling up the DagBag from /home/user/workspace/airflow/dags/excel_file/tranformation.xlsx
[2021-11-19 11:13:07,719] {processor.py:634} WARNING - No viable dags retrieved from /home/user/workspace/airflow/dags/excel_file/tranformation.xlsx
[2021-11-19 11:13:07,722] {processor.py:171} INFO - Processing /home/user/workspace/airflow/dags/excel_file/tranformation.xlsx took 0.026 seconds
[2021-11-19 11:13:39,743] {processor.py:163} INFO - Started process (PID=18231) to work on /home/user/workspace/airflow/dags/excel_file/tranformation.xlsx
[2021-11-19 11:13:39,744] {processor.py:620} INFO - Processing file /home/user/workspace/airflow/dags/excel_file/tranformation.xlsx for tasks to queue
[2021-11-19 11:13:39,745] {logging_mixin.py:109} INFO - [2021-11-19 11:13:39,745] {dagbag.py:500} INFO - Filling up the DagBag from /home/user/workspace/airflow/dags/excel_file/tranformation.xlsx
[2021-11-19 11:13:39,765] {processor.py:634} WARNING - No viable dags retrieved from /home/user/workspace/airflow/dags/excel_file/tranformation.xlsx
[2021-11-19 11:13:39,769] {processor.py:171} INFO - Processing /home/user/workspace/airflow/dags/excel_file/tranformation.xlsx took 0.029 seconds
[2021-11-19 11:14:11,215] {processor.py:163} INFO - Started process (PID=18737) to work on /home/user/workspace/airflow/dags/excel_file/tranformation.xlsx
[2021-11-19 11:14:11,216] {processor.py:620} INFO - Processing file /home/user/workspace/airflow/dags/excel_file/tranformation.xlsx for tasks to queue
[2021-11-19 11:14:11,218] {logging_mixin.py:109} INFO - [2021-11-19 11:14:11,218] {dagbag.py:500} INFO - Filling up the DagBag from /home/user/workspace/airflow/dags/excel_file/tranformation.xlsx
[2021-11-19 11:14:11,241] {processor.py:634} WARNING - No viable dags retrieved from /home/user/workspace/airflow/dags/excel_file/tranformation.xlsx
[2021-11-19 11:14:11,245] {processor.py:171} INFO - Processing /home/user/workspace/airflow/dags/excel_file/tranformation.xlsx took 0.034 seconds
[2021-11-19 11:14:42,139] {processor.py:163} INFO - Started process (PID=19367) to work on /home/user/workspace/airflow/dags/excel_file/tranformation.xlsx
[2021-11-19 11:14:42,140] {processor.py:620} INFO - Processing file /home/user/workspace/airflow/dags/excel_file/tranformation.xlsx for tasks to queue
[2021-11-19 11:14:42,141] {logging_mixin.py:109} INFO - [2021-11-19 11:14:42,141] {dagbag.py:500} INFO - Filling up the DagBag from /home/user/workspace/airflow/dags/excel_file/tranformation.xlsx
[2021-11-19 11:14:42,165] {processor.py:634} WARNING - No viable dags retrieved from /home/user/workspace/airflow/dags/excel_file/tranformation.xlsx
[2021-11-19 11:14:42,170] {processor.py:171} INFO - Processing /home/user/workspace/airflow/dags/excel_file/tranformation.xlsx took 0.033 seconds
[2021-11-19 11:15:13,243] {processor.py:163} INFO - Started process (PID=20011) to work on /home/user/workspace/airflow/dags/excel_file/tranformation.xlsx
[2021-11-19 11:15:13,244] {processor.py:620} INFO - Processing file /home/user/workspace/airflow/dags/excel_file/tranformation.xlsx for tasks to queue
[2021-11-19 11:15:13,244] {logging_mixin.py:109} INFO - [2021-11-19 11:15:13,244] {dagbag.py:500} INFO - Filling up the DagBag from /home/user/workspace/airflow/dags/excel_file/tranformation.xlsx
[2021-11-19 11:15:13,264] {processor.py:634} WARNING - No viable dags retrieved from /home/user/workspace/airflow/dags/excel_file/tranformation.xlsx
[2021-11-19 11:15:13,268] {processor.py:171} INFO - Processing /home/user/workspace/airflow/dags/excel_file/tranformation.xlsx took 0.028 seconds
[2021-11-19 11:15:44,850] {processor.py:163} INFO - Started process (PID=20518) to work on /home/user/workspace/airflow/dags/excel_file/tranformation.xlsx
[2021-11-19 11:15:44,851] {processor.py:620} INFO - Processing file /home/user/workspace/airflow/dags/excel_file/tranformation.xlsx for tasks to queue
[2021-11-19 11:15:44,852] {logging_mixin.py:109} INFO - [2021-11-19 11:15:44,852] {dagbag.py:500} INFO - Filling up the DagBag from /home/user/workspace/airflow/dags/excel_file/tranformation.xlsx
[2021-11-19 11:15:44,873] {processor.py:634} WARNING - No viable dags retrieved from /home/user/workspace/airflow/dags/excel_file/tranformation.xlsx
[2021-11-19 11:15:44,877] {processor.py:171} INFO - Processing /home/user/workspace/airflow/dags/excel_file/tranformation.xlsx took 0.030 seconds
[2021-11-19 11:16:16,168] {processor.py:163} INFO - Started process (PID=21071) to work on /home/user/workspace/airflow/dags/excel_file/tranformation.xlsx
[2021-11-19 11:16:16,170] {processor.py:620} INFO - Processing file /home/user/workspace/airflow/dags/excel_file/tranformation.xlsx for tasks to queue
[2021-11-19 11:16:16,170] {logging_mixin.py:109} INFO - [2021-11-19 11:16:16,170] {dagbag.py:500} INFO - Filling up the DagBag from /home/user/workspace/airflow/dags/excel_file/tranformation.xlsx
[2021-11-19 11:16:16,189] {processor.py:634} WARNING - No viable dags retrieved from /home/user/workspace/airflow/dags/excel_file/tranformation.xlsx
[2021-11-19 11:16:16,192] {processor.py:171} INFO - Processing /home/user/workspace/airflow/dags/excel_file/tranformation.xlsx took 0.028 seconds
[2021-11-19 11:16:47,763] {processor.py:163} INFO - Started process (PID=21711) to work on /home/user/workspace/airflow/dags/excel_file/tranformation.xlsx
[2021-11-19 11:16:47,766] {processor.py:620} INFO - Processing file /home/user/workspace/airflow/dags/excel_file/tranformation.xlsx for tasks to queue
[2021-11-19 11:16:47,767] {logging_mixin.py:109} INFO - [2021-11-19 11:16:47,767] {dagbag.py:500} INFO - Filling up the DagBag from /home/user/workspace/airflow/dags/excel_file/tranformation.xlsx
[2021-11-19 11:16:47,786] {processor.py:634} WARNING - No viable dags retrieved from /home/user/workspace/airflow/dags/excel_file/tranformation.xlsx
[2021-11-19 11:16:47,790] {processor.py:171} INFO - Processing /home/user/workspace/airflow/dags/excel_file/tranformation.xlsx took 0.030 seconds
[2021-11-19 11:17:20,487] {processor.py:163} INFO - Started process (PID=22303) to work on /home/user/workspace/airflow/dags/excel_file/tranformation.xlsx
[2021-11-19 11:17:20,489] {processor.py:620} INFO - Processing file /home/user/workspace/airflow/dags/excel_file/tranformation.xlsx for tasks to queue
[2021-11-19 11:17:20,490] {logging_mixin.py:109} INFO - [2021-11-19 11:17:20,490] {dagbag.py:500} INFO - Filling up the DagBag from /home/user/workspace/airflow/dags/excel_file/tranformation.xlsx
[2021-11-19 11:17:20,528] {processor.py:634} WARNING - No viable dags retrieved from /home/user/workspace/airflow/dags/excel_file/tranformation.xlsx
[2021-11-19 11:17:20,532] {processor.py:171} INFO - Processing /home/user/workspace/airflow/dags/excel_file/tranformation.xlsx took 0.053 seconds
[2021-11-19 11:17:51,913] {processor.py:163} INFO - Started process (PID=22982) to work on /home/user/workspace/airflow/dags/excel_file/tranformation.xlsx
[2021-11-19 11:17:51,915] {processor.py:620} INFO - Processing file /home/user/workspace/airflow/dags/excel_file/tranformation.xlsx for tasks to queue
[2021-11-19 11:17:51,916] {logging_mixin.py:109} INFO - [2021-11-19 11:17:51,915] {dagbag.py:500} INFO - Filling up the DagBag from /home/user/workspace/airflow/dags/excel_file/tranformation.xlsx
[2021-11-19 11:17:51,936] {processor.py:634} WARNING - No viable dags retrieved from /home/user/workspace/airflow/dags/excel_file/tranformation.xlsx
[2021-11-19 11:17:51,940] {processor.py:171} INFO - Processing /home/user/workspace/airflow/dags/excel_file/tranformation.xlsx took 0.031 seconds
[2021-11-19 11:18:24,198] {processor.py:163} INFO - Started process (PID=23614) to work on /home/user/workspace/airflow/dags/excel_file/tranformation.xlsx
[2021-11-19 11:18:24,199] {processor.py:620} INFO - Processing file /home/user/workspace/airflow/dags/excel_file/tranformation.xlsx for tasks to queue
[2021-11-19 11:18:24,199] {logging_mixin.py:109} INFO - [2021-11-19 11:18:24,199] {dagbag.py:500} INFO - Filling up the DagBag from /home/user/workspace/airflow/dags/excel_file/tranformation.xlsx
[2021-11-19 11:18:24,221] {processor.py:634} WARNING - No viable dags retrieved from /home/user/workspace/airflow/dags/excel_file/tranformation.xlsx
[2021-11-19 11:18:24,224] {processor.py:171} INFO - Processing /home/user/workspace/airflow/dags/excel_file/tranformation.xlsx took 0.030 seconds
[2021-11-19 11:19:14,306] {processor.py:163} INFO - Started process (PID=24226) to work on /home/user/workspace/airflow/dags/excel_file/tranformation.xlsx
[2021-11-19 11:19:14,315] {processor.py:620} INFO - Processing file /home/user/workspace/airflow/dags/excel_file/tranformation.xlsx for tasks to queue
[2021-11-19 11:19:14,321] {logging_mixin.py:109} INFO - [2021-11-19 11:19:14,317] {dagbag.py:500} INFO - Filling up the DagBag from /home/user/workspace/airflow/dags/excel_file/tranformation.xlsx
[2021-11-19 11:19:14,450] {processor.py:634} WARNING - No viable dags retrieved from /home/user/workspace/airflow/dags/excel_file/tranformation.xlsx
[2021-11-19 11:19:14,490] {processor.py:171} INFO - Processing /home/user/workspace/airflow/dags/excel_file/tranformation.xlsx took 0.204 seconds
[2021-11-19 11:19:48,587] {processor.py:163} INFO - Started process (PID=24760) to work on /home/user/workspace/airflow/dags/excel_file/tranformation.xlsx
[2021-11-19 11:19:48,589] {processor.py:620} INFO - Processing file /home/user/workspace/airflow/dags/excel_file/tranformation.xlsx for tasks to queue
[2021-11-19 11:19:48,591] {logging_mixin.py:109} INFO - [2021-11-19 11:19:48,591] {dagbag.py:500} INFO - Filling up the DagBag from /home/user/workspace/airflow/dags/excel_file/tranformation.xlsx
[2021-11-19 11:19:48,618] {processor.py:634} WARNING - No viable dags retrieved from /home/user/workspace/airflow/dags/excel_file/tranformation.xlsx
[2021-11-19 11:19:48,631] {processor.py:171} INFO - Processing /home/user/workspace/airflow/dags/excel_file/tranformation.xlsx took 0.051 seconds
[2021-11-19 11:20:22,736] {processor.py:163} INFO - Started process (PID=25542) to work on /home/user/workspace/airflow/dags/excel_file/tranformation.xlsx
[2021-11-19 11:20:22,737] {processor.py:620} INFO - Processing file /home/user/workspace/airflow/dags/excel_file/tranformation.xlsx for tasks to queue
[2021-11-19 11:20:22,737] {logging_mixin.py:109} INFO - [2021-11-19 11:20:22,737] {dagbag.py:500} INFO - Filling up the DagBag from /home/user/workspace/airflow/dags/excel_file/tranformation.xlsx
[2021-11-19 11:20:22,754] {processor.py:634} WARNING - No viable dags retrieved from /home/user/workspace/airflow/dags/excel_file/tranformation.xlsx
[2021-11-19 11:20:22,758] {processor.py:171} INFO - Processing /home/user/workspace/airflow/dags/excel_file/tranformation.xlsx took 0.026 seconds
[2021-11-19 11:20:54,718] {processor.py:163} INFO - Started process (PID=26287) to work on /home/user/workspace/airflow/dags/excel_file/tranformation.xlsx
[2021-11-19 11:20:54,721] {processor.py:620} INFO - Processing file /home/user/workspace/airflow/dags/excel_file/tranformation.xlsx for tasks to queue
[2021-11-19 11:20:54,722] {logging_mixin.py:109} INFO - [2021-11-19 11:20:54,722] {dagbag.py:500} INFO - Filling up the DagBag from /home/user/workspace/airflow/dags/excel_file/tranformation.xlsx
[2021-11-19 11:20:54,741] {processor.py:634} WARNING - No viable dags retrieved from /home/user/workspace/airflow/dags/excel_file/tranformation.xlsx
[2021-11-19 11:20:54,744] {processor.py:171} INFO - Processing /home/user/workspace/airflow/dags/excel_file/tranformation.xlsx took 0.031 seconds
[2021-11-19 11:21:26,303] {processor.py:163} INFO - Started process (PID=26895) to work on /home/user/workspace/airflow/dags/excel_file/tranformation.xlsx
[2021-11-19 11:21:26,305] {processor.py:620} INFO - Processing file /home/user/workspace/airflow/dags/excel_file/tranformation.xlsx for tasks to queue
[2021-11-19 11:21:26,306] {logging_mixin.py:109} INFO - [2021-11-19 11:21:26,306] {dagbag.py:500} INFO - Filling up the DagBag from /home/user/workspace/airflow/dags/excel_file/tranformation.xlsx
[2021-11-19 11:21:26,344] {processor.py:634} WARNING - No viable dags retrieved from /home/user/workspace/airflow/dags/excel_file/tranformation.xlsx
[2021-11-19 11:21:26,352] {processor.py:171} INFO - Processing /home/user/workspace/airflow/dags/excel_file/tranformation.xlsx took 0.061 seconds
[2021-11-19 11:21:59,134] {processor.py:163} INFO - Started process (PID=27548) to work on /home/user/workspace/airflow/dags/excel_file/tranformation.xlsx
[2021-11-19 11:21:59,135] {processor.py:620} INFO - Processing file /home/user/workspace/airflow/dags/excel_file/tranformation.xlsx for tasks to queue
[2021-11-19 11:21:59,135] {logging_mixin.py:109} INFO - [2021-11-19 11:21:59,135] {dagbag.py:500} INFO - Filling up the DagBag from /home/user/workspace/airflow/dags/excel_file/tranformation.xlsx
[2021-11-19 11:21:59,149] {processor.py:634} WARNING - No viable dags retrieved from /home/user/workspace/airflow/dags/excel_file/tranformation.xlsx
[2021-11-19 11:21:59,153] {processor.py:171} INFO - Processing /home/user/workspace/airflow/dags/excel_file/tranformation.xlsx took 0.022 seconds
[2021-11-19 11:22:30,845] {processor.py:163} INFO - Started process (PID=28253) to work on /home/user/workspace/airflow/dags/excel_file/tranformation.xlsx
[2021-11-19 11:22:30,846] {processor.py:620} INFO - Processing file /home/user/workspace/airflow/dags/excel_file/tranformation.xlsx for tasks to queue
[2021-11-19 11:22:30,846] {logging_mixin.py:109} INFO - [2021-11-19 11:22:30,846] {dagbag.py:500} INFO - Filling up the DagBag from /home/user/workspace/airflow/dags/excel_file/tranformation.xlsx
[2021-11-19 11:22:30,862] {processor.py:634} WARNING - No viable dags retrieved from /home/user/workspace/airflow/dags/excel_file/tranformation.xlsx
[2021-11-19 11:22:30,866] {processor.py:171} INFO - Processing /home/user/workspace/airflow/dags/excel_file/tranformation.xlsx took 0.024 seconds
[2021-11-19 11:23:03,205] {processor.py:163} INFO - Started process (PID=28982) to work on /home/user/workspace/airflow/dags/excel_file/tranformation.xlsx
[2021-11-19 11:23:03,206] {processor.py:620} INFO - Processing file /home/user/workspace/airflow/dags/excel_file/tranformation.xlsx for tasks to queue
[2021-11-19 11:23:03,206] {logging_mixin.py:109} INFO - [2021-11-19 11:23:03,206] {dagbag.py:500} INFO - Filling up the DagBag from /home/user/workspace/airflow/dags/excel_file/tranformation.xlsx
[2021-11-19 11:23:03,226] {processor.py:634} WARNING - No viable dags retrieved from /home/user/workspace/airflow/dags/excel_file/tranformation.xlsx
[2021-11-19 11:23:03,231] {processor.py:171} INFO - Processing /home/user/workspace/airflow/dags/excel_file/tranformation.xlsx took 0.029 seconds
[2021-11-19 11:23:34,862] {processor.py:163} INFO - Started process (PID=29670) to work on /home/user/workspace/airflow/dags/excel_file/tranformation.xlsx
[2021-11-19 11:23:34,863] {processor.py:620} INFO - Processing file /home/user/workspace/airflow/dags/excel_file/tranformation.xlsx for tasks to queue
[2021-11-19 11:23:34,864] {logging_mixin.py:109} INFO - [2021-11-19 11:23:34,864] {dagbag.py:500} INFO - Filling up the DagBag from /home/user/workspace/airflow/dags/excel_file/tranformation.xlsx
[2021-11-19 11:23:34,879] {processor.py:634} WARNING - No viable dags retrieved from /home/user/workspace/airflow/dags/excel_file/tranformation.xlsx
[2021-11-19 11:23:34,883] {processor.py:171} INFO - Processing /home/user/workspace/airflow/dags/excel_file/tranformation.xlsx took 0.024 seconds
[2021-11-19 11:24:06,421] {processor.py:163} INFO - Started process (PID=30379) to work on /home/user/workspace/airflow/dags/excel_file/tranformation.xlsx
[2021-11-19 11:24:06,422] {processor.py:620} INFO - Processing file /home/user/workspace/airflow/dags/excel_file/tranformation.xlsx for tasks to queue
[2021-11-19 11:24:06,423] {logging_mixin.py:109} INFO - [2021-11-19 11:24:06,423] {dagbag.py:500} INFO - Filling up the DagBag from /home/user/workspace/airflow/dags/excel_file/tranformation.xlsx
[2021-11-19 11:24:06,438] {processor.py:634} WARNING - No viable dags retrieved from /home/user/workspace/airflow/dags/excel_file/tranformation.xlsx
[2021-11-19 11:24:06,442] {processor.py:171} INFO - Processing /home/user/workspace/airflow/dags/excel_file/tranformation.xlsx took 0.024 seconds
[2021-11-19 11:24:38,689] {processor.py:163} INFO - Started process (PID=31053) to work on /home/user/workspace/airflow/dags/excel_file/tranformation.xlsx
[2021-11-19 11:24:38,690] {processor.py:620} INFO - Processing file /home/user/workspace/airflow/dags/excel_file/tranformation.xlsx for tasks to queue
[2021-11-19 11:24:38,691] {logging_mixin.py:109} INFO - [2021-11-19 11:24:38,691] {dagbag.py:500} INFO - Filling up the DagBag from /home/user/workspace/airflow/dags/excel_file/tranformation.xlsx
[2021-11-19 11:24:38,726] {processor.py:634} WARNING - No viable dags retrieved from /home/user/workspace/airflow/dags/excel_file/tranformation.xlsx
[2021-11-19 11:24:38,730] {processor.py:171} INFO - Processing /home/user/workspace/airflow/dags/excel_file/tranformation.xlsx took 0.044 seconds
[2021-11-19 11:25:10,668] {processor.py:163} INFO - Started process (PID=31550) to work on /home/user/workspace/airflow/dags/excel_file/tranformation.xlsx
[2021-11-19 11:25:10,671] {processor.py:620} INFO - Processing file /home/user/workspace/airflow/dags/excel_file/tranformation.xlsx for tasks to queue
[2021-11-19 11:25:10,674] {logging_mixin.py:109} INFO - [2021-11-19 11:25:10,674] {dagbag.py:500} INFO - Filling up the DagBag from /home/user/workspace/airflow/dags/excel_file/tranformation.xlsx
[2021-11-19 11:25:10,696] {processor.py:634} WARNING - No viable dags retrieved from /home/user/workspace/airflow/dags/excel_file/tranformation.xlsx
[2021-11-19 11:25:10,700] {processor.py:171} INFO - Processing /home/user/workspace/airflow/dags/excel_file/tranformation.xlsx took 0.039 seconds
[2021-11-19 11:25:43,363] {processor.py:163} INFO - Started process (PID=32122) to work on /home/user/workspace/airflow/dags/excel_file/tranformation.xlsx
[2021-11-19 11:25:43,364] {processor.py:620} INFO - Processing file /home/user/workspace/airflow/dags/excel_file/tranformation.xlsx for tasks to queue
[2021-11-19 11:25:43,365] {logging_mixin.py:109} INFO - [2021-11-19 11:25:43,365] {dagbag.py:500} INFO - Filling up the DagBag from /home/user/workspace/airflow/dags/excel_file/tranformation.xlsx
[2021-11-19 11:25:43,395] {processor.py:634} WARNING - No viable dags retrieved from /home/user/workspace/airflow/dags/excel_file/tranformation.xlsx
[2021-11-19 11:25:43,403] {processor.py:171} INFO - Processing /home/user/workspace/airflow/dags/excel_file/tranformation.xlsx took 0.045 seconds
[2021-11-19 11:26:17,160] {processor.py:163} INFO - Started process (PID=32697) to work on /home/user/workspace/airflow/dags/excel_file/tranformation.xlsx
[2021-11-19 11:26:17,161] {processor.py:620} INFO - Processing file /home/user/workspace/airflow/dags/excel_file/tranformation.xlsx for tasks to queue
[2021-11-19 11:26:17,162] {logging_mixin.py:109} INFO - [2021-11-19 11:26:17,162] {dagbag.py:500} INFO - Filling up the DagBag from /home/user/workspace/airflow/dags/excel_file/tranformation.xlsx
[2021-11-19 11:26:17,184] {processor.py:634} WARNING - No viable dags retrieved from /home/user/workspace/airflow/dags/excel_file/tranformation.xlsx
[2021-11-19 11:26:17,188] {processor.py:171} INFO - Processing /home/user/workspace/airflow/dags/excel_file/tranformation.xlsx took 0.032 seconds
[2021-11-19 11:26:49,730] {processor.py:163} INFO - Started process (PID=748) to work on /home/user/workspace/airflow/dags/excel_file/tranformation.xlsx
[2021-11-19 11:26:49,736] {processor.py:620} INFO - Processing file /home/user/workspace/airflow/dags/excel_file/tranformation.xlsx for tasks to queue
[2021-11-19 11:26:49,737] {logging_mixin.py:109} INFO - [2021-11-19 11:26:49,737] {dagbag.py:500} INFO - Filling up the DagBag from /home/user/workspace/airflow/dags/excel_file/tranformation.xlsx
[2021-11-19 11:26:49,784] {processor.py:634} WARNING - No viable dags retrieved from /home/user/workspace/airflow/dags/excel_file/tranformation.xlsx
[2021-11-19 11:26:49,798] {processor.py:171} INFO - Processing /home/user/workspace/airflow/dags/excel_file/tranformation.xlsx took 0.072 seconds
[2021-11-19 11:27:22,640] {processor.py:163} INFO - Started process (PID=1837) to work on /home/user/workspace/airflow/dags/excel_file/tranformation.xlsx
[2021-11-19 11:27:22,642] {processor.py:620} INFO - Processing file /home/user/workspace/airflow/dags/excel_file/tranformation.xlsx for tasks to queue
[2021-11-19 11:27:22,642] {logging_mixin.py:109} INFO - [2021-11-19 11:27:22,642] {dagbag.py:500} INFO - Filling up the DagBag from /home/user/workspace/airflow/dags/excel_file/tranformation.xlsx
[2021-11-19 11:27:22,666] {processor.py:634} WARNING - No viable dags retrieved from /home/user/workspace/airflow/dags/excel_file/tranformation.xlsx
[2021-11-19 11:27:22,672] {processor.py:171} INFO - Processing /home/user/workspace/airflow/dags/excel_file/tranformation.xlsx took 0.036 seconds
[2021-11-19 11:27:56,000] {processor.py:163} INFO - Started process (PID=2573) to work on /home/user/workspace/airflow/dags/excel_file/tranformation.xlsx
[2021-11-19 11:27:56,001] {processor.py:620} INFO - Processing file /home/user/workspace/airflow/dags/excel_file/tranformation.xlsx for tasks to queue
[2021-11-19 11:27:56,002] {logging_mixin.py:109} INFO - [2021-11-19 11:27:56,002] {dagbag.py:500} INFO - Filling up the DagBag from /home/user/workspace/airflow/dags/excel_file/tranformation.xlsx
[2021-11-19 11:27:56,025] {processor.py:634} WARNING - No viable dags retrieved from /home/user/workspace/airflow/dags/excel_file/tranformation.xlsx
[2021-11-19 11:27:56,032] {processor.py:171} INFO - Processing /home/user/workspace/airflow/dags/excel_file/tranformation.xlsx took 0.035 seconds
[2021-11-19 11:28:30,413] {processor.py:163} INFO - Started process (PID=3523) to work on /home/user/workspace/airflow/dags/excel_file/tranformation.xlsx
[2021-11-19 11:28:30,414] {processor.py:620} INFO - Processing file /home/user/workspace/airflow/dags/excel_file/tranformation.xlsx for tasks to queue
[2021-11-19 11:28:30,422] {logging_mixin.py:109} INFO - [2021-11-19 11:28:30,422] {dagbag.py:500} INFO - Filling up the DagBag from /home/user/workspace/airflow/dags/excel_file/tranformation.xlsx
[2021-11-19 11:28:30,446] {processor.py:634} WARNING - No viable dags retrieved from /home/user/workspace/airflow/dags/excel_file/tranformation.xlsx
[2021-11-19 11:28:30,453] {processor.py:171} INFO - Processing /home/user/workspace/airflow/dags/excel_file/tranformation.xlsx took 0.043 seconds
[2021-11-19 11:29:02,782] {processor.py:163} INFO - Started process (PID=4325) to work on /home/user/workspace/airflow/dags/excel_file/tranformation.xlsx
[2021-11-19 11:29:02,784] {processor.py:620} INFO - Processing file /home/user/workspace/airflow/dags/excel_file/tranformation.xlsx for tasks to queue
[2021-11-19 11:29:02,785] {logging_mixin.py:109} INFO - [2021-11-19 11:29:02,784] {dagbag.py:500} INFO - Filling up the DagBag from /home/user/workspace/airflow/dags/excel_file/tranformation.xlsx
[2021-11-19 11:29:02,806] {processor.py:634} WARNING - No viable dags retrieved from /home/user/workspace/airflow/dags/excel_file/tranformation.xlsx
[2021-11-19 11:29:02,812] {processor.py:171} INFO - Processing /home/user/workspace/airflow/dags/excel_file/tranformation.xlsx took 0.034 seconds
[2021-11-19 11:29:48,277] {processor.py:163} INFO - Started process (PID=4944) to work on /home/user/workspace/airflow/dags/excel_file/tranformation.xlsx
[2021-11-19 11:29:48,290] {processor.py:620} INFO - Processing file /home/user/workspace/airflow/dags/excel_file/tranformation.xlsx for tasks to queue
[2021-11-19 11:29:48,292] {logging_mixin.py:109} INFO - [2021-11-19 11:29:48,292] {dagbag.py:500} INFO - Filling up the DagBag from /home/user/workspace/airflow/dags/excel_file/tranformation.xlsx
[2021-11-19 11:29:48,365] {processor.py:634} WARNING - No viable dags retrieved from /home/user/workspace/airflow/dags/excel_file/tranformation.xlsx
[2021-11-19 11:29:48,376] {processor.py:171} INFO - Processing /home/user/workspace/airflow/dags/excel_file/tranformation.xlsx took 0.130 seconds
[2021-11-19 11:30:24,592] {processor.py:163} INFO - Started process (PID=5445) to work on /home/user/workspace/airflow/dags/excel_file/tranformation.xlsx
[2021-11-19 11:30:24,594] {processor.py:620} INFO - Processing file /home/user/workspace/airflow/dags/excel_file/tranformation.xlsx for tasks to queue
[2021-11-19 11:30:24,595] {logging_mixin.py:109} INFO - [2021-11-19 11:30:24,595] {dagbag.py:500} INFO - Filling up the DagBag from /home/user/workspace/airflow/dags/excel_file/tranformation.xlsx
[2021-11-19 11:30:24,631] {processor.py:634} WARNING - No viable dags retrieved from /home/user/workspace/airflow/dags/excel_file/tranformation.xlsx
[2021-11-19 11:30:24,636] {processor.py:171} INFO - Processing /home/user/workspace/airflow/dags/excel_file/tranformation.xlsx took 0.049 seconds
[2021-11-19 11:30:58,698] {processor.py:163} INFO - Started process (PID=6073) to work on /home/user/workspace/airflow/dags/excel_file/tranformation.xlsx
[2021-11-19 11:30:58,699] {processor.py:620} INFO - Processing file /home/user/workspace/airflow/dags/excel_file/tranformation.xlsx for tasks to queue
[2021-11-19 11:30:58,700] {logging_mixin.py:109} INFO - [2021-11-19 11:30:58,700] {dagbag.py:500} INFO - Filling up the DagBag from /home/user/workspace/airflow/dags/excel_file/tranformation.xlsx
[2021-11-19 11:30:58,725] {processor.py:634} WARNING - No viable dags retrieved from /home/user/workspace/airflow/dags/excel_file/tranformation.xlsx
[2021-11-19 11:30:58,729] {processor.py:171} INFO - Processing /home/user/workspace/airflow/dags/excel_file/tranformation.xlsx took 0.035 seconds
[2021-11-19 11:31:31,102] {processor.py:163} INFO - Started process (PID=6777) to work on /home/user/workspace/airflow/dags/excel_file/tranformation.xlsx
[2021-11-19 11:31:31,103] {processor.py:620} INFO - Processing file /home/user/workspace/airflow/dags/excel_file/tranformation.xlsx for tasks to queue
[2021-11-19 11:31:31,104] {logging_mixin.py:109} INFO - [2021-11-19 11:31:31,103] {dagbag.py:500} INFO - Filling up the DagBag from /home/user/workspace/airflow/dags/excel_file/tranformation.xlsx
[2021-11-19 11:31:31,130] {processor.py:634} WARNING - No viable dags retrieved from /home/user/workspace/airflow/dags/excel_file/tranformation.xlsx
[2021-11-19 11:31:31,134] {processor.py:171} INFO - Processing /home/user/workspace/airflow/dags/excel_file/tranformation.xlsx took 0.037 seconds
[2021-11-19 11:32:03,693] {processor.py:163} INFO - Started process (PID=7555) to work on /home/user/workspace/airflow/dags/excel_file/tranformation.xlsx
[2021-11-19 11:32:03,695] {processor.py:620} INFO - Processing file /home/user/workspace/airflow/dags/excel_file/tranformation.xlsx for tasks to queue
[2021-11-19 11:32:03,696] {logging_mixin.py:109} INFO - [2021-11-19 11:32:03,696] {dagbag.py:500} INFO - Filling up the DagBag from /home/user/workspace/airflow/dags/excel_file/tranformation.xlsx
[2021-11-19 11:32:03,719] {processor.py:634} WARNING - No viable dags retrieved from /home/user/workspace/airflow/dags/excel_file/tranformation.xlsx
[2021-11-19 11:32:03,724] {processor.py:171} INFO - Processing /home/user/workspace/airflow/dags/excel_file/tranformation.xlsx took 0.034 seconds
[2021-11-19 11:32:36,017] {processor.py:163} INFO - Started process (PID=8216) to work on /home/user/workspace/airflow/dags/excel_file/tranformation.xlsx
[2021-11-19 11:32:36,019] {processor.py:620} INFO - Processing file /home/user/workspace/airflow/dags/excel_file/tranformation.xlsx for tasks to queue
[2021-11-19 11:32:36,020] {logging_mixin.py:109} INFO - [2021-11-19 11:32:36,020] {dagbag.py:500} INFO - Filling up the DagBag from /home/user/workspace/airflow/dags/excel_file/tranformation.xlsx
[2021-11-19 11:32:36,039] {processor.py:634} WARNING - No viable dags retrieved from /home/user/workspace/airflow/dags/excel_file/tranformation.xlsx
[2021-11-19 11:32:36,043] {processor.py:171} INFO - Processing /home/user/workspace/airflow/dags/excel_file/tranformation.xlsx took 0.036 seconds
[2021-11-19 11:33:09,992] {processor.py:163} INFO - Started process (PID=8867) to work on /home/user/workspace/airflow/dags/excel_file/tranformation.xlsx
[2021-11-19 11:33:09,993] {processor.py:620} INFO - Processing file /home/user/workspace/airflow/dags/excel_file/tranformation.xlsx for tasks to queue
[2021-11-19 11:33:09,994] {logging_mixin.py:109} INFO - [2021-11-19 11:33:09,994] {dagbag.py:500} INFO - Filling up the DagBag from /home/user/workspace/airflow/dags/excel_file/tranformation.xlsx
[2021-11-19 11:33:10,025] {processor.py:634} WARNING - No viable dags retrieved from /home/user/workspace/airflow/dags/excel_file/tranformation.xlsx
[2021-11-19 11:33:10,030] {processor.py:171} INFO - Processing /home/user/workspace/airflow/dags/excel_file/tranformation.xlsx took 0.042 seconds
[2021-11-19 11:33:42,521] {processor.py:163} INFO - Started process (PID=9522) to work on /home/user/workspace/airflow/dags/excel_file/tranformation.xlsx
[2021-11-19 11:33:42,522] {processor.py:620} INFO - Processing file /home/user/workspace/airflow/dags/excel_file/tranformation.xlsx for tasks to queue
[2021-11-19 11:33:42,523] {logging_mixin.py:109} INFO - [2021-11-19 11:33:42,523] {dagbag.py:500} INFO - Filling up the DagBag from /home/user/workspace/airflow/dags/excel_file/tranformation.xlsx
[2021-11-19 11:33:42,539] {processor.py:634} WARNING - No viable dags retrieved from /home/user/workspace/airflow/dags/excel_file/tranformation.xlsx
[2021-11-19 11:33:42,543] {processor.py:171} INFO - Processing /home/user/workspace/airflow/dags/excel_file/tranformation.xlsx took 0.024 seconds
[2021-11-19 11:34:14,343] {processor.py:163} INFO - Started process (PID=10178) to work on /home/user/workspace/airflow/dags/excel_file/tranformation.xlsx
[2021-11-19 11:34:14,344] {processor.py:620} INFO - Processing file /home/user/workspace/airflow/dags/excel_file/tranformation.xlsx for tasks to queue
[2021-11-19 11:34:14,345] {logging_mixin.py:109} INFO - [2021-11-19 11:34:14,345] {dagbag.py:500} INFO - Filling up the DagBag from /home/user/workspace/airflow/dags/excel_file/tranformation.xlsx
[2021-11-19 11:34:14,368] {processor.py:634} WARNING - No viable dags retrieved from /home/user/workspace/airflow/dags/excel_file/tranformation.xlsx
[2021-11-19 11:34:14,374] {processor.py:171} INFO - Processing /home/user/workspace/airflow/dags/excel_file/tranformation.xlsx took 0.035 seconds
