[2021-10-14 17:23:51,968] {taskinstance.py:1035} INFO - Dependencies all met for <TaskInstance: file_upload.data manual__2021-10-14T11:48:45.369809+00:00 [queued]>
[2021-10-14 17:23:51,978] {taskinstance.py:1035} INFO - Dependencies all met for <TaskInstance: file_upload.data manual__2021-10-14T11:48:45.369809+00:00 [queued]>
[2021-10-14 17:23:51,978] {taskinstance.py:1241} INFO - 
--------------------------------------------------------------------------------
[2021-10-14 17:23:51,978] {taskinstance.py:1242} INFO - Starting attempt 2 of 2
[2021-10-14 17:23:51,978] {taskinstance.py:1243} INFO - 
--------------------------------------------------------------------------------
[2021-10-14 17:23:51,989] {taskinstance.py:1262} INFO - Executing <Task(PythonOperator): data> on 2021-10-14 11:48:45.369809+00:00
[2021-10-14 17:23:51,994] {standard_task_runner.py:52} INFO - Started process 17307 to run task
[2021-10-14 17:23:51,997] {standard_task_runner.py:76} INFO - Running: ['airflow', 'tasks', 'run', 'file_upload', 'data', 'manual__2021-10-14T11:48:45.369809+00:00', '--job-id', '62', '--raw', '--subdir', 'DAGS_FOLDER/file_loadin.py', '--cfg-path', '/tmp/tmpwow6jcg2', '--error-file', '/tmp/tmpk9qkzb66']
[2021-10-14 17:23:52,000] {standard_task_runner.py:77} INFO - Job 62: Subtask data
[2021-10-14 17:23:52,031] {logging_mixin.py:109} INFO - Running <TaskInstance: file_upload.data manual__2021-10-14T11:48:45.369809+00:00 [running]> on host user-Latitude-3410
[2021-10-14 17:23:52,057] {taskinstance.py:1414} INFO - Exporting the following env vars:
AIRFLOW_CTX_DAG_EMAIL=airflow@example.com
AIRFLOW_CTX_DAG_OWNER=airflow
AIRFLOW_CTX_DAG_ID=file_upload
AIRFLOW_CTX_TASK_ID=data
AIRFLOW_CTX_EXECUTION_DATE=2021-10-14T11:48:45.369809+00:00
AIRFLOW_CTX_DAG_RUN_ID=manual__2021-10-14T11:48:45.369809+00:00
[2021-10-14 17:23:52,061] {logging_mixin.py:109} INFO - {"Name":{"0":"Alex","1":"Bob","2":"Clarke"},"Age":{"0":10,"1":12,"2":13}}
[2021-10-14 17:23:52,061] {python.py:152} INFO - Done. Returned value was: {"Name":{"0":"Alex","1":"Bob","2":"Clarke"},"Age":{"0":10,"1":12,"2":13}}
[2021-10-14 17:23:52,075] {taskinstance.py:1280} INFO - Marking task as SUCCESS. dag_id=file_upload, task_id=data, execution_date=20211014T114845, start_date=20211014T115351, end_date=20211014T115352
[2021-10-14 17:23:52,088] {local_task_job.py:154} INFO - Task exited with return code 0
[2021-10-14 17:23:52,116] {local_task_job.py:264} INFO - 1 downstream tasks scheduled from follow-on schedule check
