[2021-10-28 09:47:22,465] {taskinstance.py:1035} INFO - Dependencies all met for <TaskInstance: sharepoint.sharepoint_sales scheduled__2021-10-27T00:00:00+00:00 [queued]>
[2021-10-28 09:47:22,474] {taskinstance.py:1035} INFO - Dependencies all met for <TaskInstance: sharepoint.sharepoint_sales scheduled__2021-10-27T00:00:00+00:00 [queued]>
[2021-10-28 09:47:22,474] {taskinstance.py:1241} INFO - 
--------------------------------------------------------------------------------
[2021-10-28 09:47:22,474] {taskinstance.py:1242} INFO - Starting attempt 1 of 2
[2021-10-28 09:47:22,474] {taskinstance.py:1243} INFO - 
--------------------------------------------------------------------------------
[2021-10-28 09:47:22,483] {taskinstance.py:1262} INFO - Executing <Task(PythonOperator): sharepoint_sales> on 2021-10-27 00:00:00+00:00
[2021-10-28 09:47:22,486] {standard_task_runner.py:52} INFO - Started process 7050 to run task
[2021-10-28 09:47:22,489] {standard_task_runner.py:76} INFO - Running: ['airflow', 'tasks', 'run', 'sharepoint', 'sharepoint_sales', 'scheduled__2021-10-27T00:00:00+00:00', '--job-id', '91', '--raw', '--subdir', 'DAGS_FOLDER/Sharepoint.py', '--cfg-path', '/tmp/tmpvvvbxe_5', '--error-file', '/tmp/tmpgrzn2sk5']
[2021-10-28 09:47:22,491] {standard_task_runner.py:77} INFO - Job 91: Subtask sharepoint_sales
[2021-10-28 09:47:22,514] {logging_mixin.py:109} INFO - Running <TaskInstance: sharepoint.sharepoint_sales scheduled__2021-10-27T00:00:00+00:00 [running]> on host user-Latitude-3410
[2021-10-28 09:47:22,540] {taskinstance.py:1414} INFO - Exporting the following env vars:
AIRFLOW_CTX_DAG_EMAIL=shindesushant818@gmail.com
AIRFLOW_CTX_DAG_OWNER=airflow
AIRFLOW_CTX_DAG_ID=sharepoint
AIRFLOW_CTX_TASK_ID=sharepoint_sales
AIRFLOW_CTX_EXECUTION_DATE=2021-10-27T00:00:00+00:00
AIRFLOW_CTX_DAG_RUN_ID=scheduled__2021-10-27T00:00:00+00:00
[2021-10-28 09:47:30,423] {logging_mixin.py:109} INFO -       Type           Code Sales Type  Sales Code  ... Minimum Quantity  Line Discount %  Ending Date   file_name
0     Item  FG-0000000001   Customer       30248  ...                1                0    30/7/2020  sales.xlsx
1     Item  FG-0000000002   Customer       30248  ...                1                0    30/7/2020  sales.xlsx
2     Item  FG-0000000003   Customer       30248  ...                1                0    30/7/2020  sales.xlsx
3     Item  FG-0000000004   Customer       30248  ...                1                0    30/7/2020  sales.xlsx
4     Item  FG-0000000005   Customer       30248  ...                1                0    30/7/2020  sales.xlsx
...    ...            ...        ...         ...  ...              ...              ...          ...         ...
9976  Item  RX-0000004078   Customer       30264  ...                1                8    30/7/2020  sales.xlsx
9977  Item  RX-0000004079   Customer       30264  ...                1                8    30/7/2020  sales.xlsx
9978  Item  RX-0000004080   Customer       30264  ...                1                8    30/7/2020  sales.xlsx
9979  Item  RX-0000004081   Customer       30264  ...                1                8    30/7/2020  sales.xlsx
9980  Item  RX-0000004082   Customer       30264  ...                1                8    30/7/2020  sales.xlsx

[9981 rows x 12 columns]
[2021-10-28 09:47:30,424] {logging_mixin.py:109} INFO - Type                     object
Code                     object
Sales Type               object
Sales Code                int64
Starting Date            object
Currency Code           float64
Variant Code            float64
Unit of Measure Code     object
Minimum Quantity          int64
Line Discount %           int64
Ending Date              object
file_name                object
dtype: object
[2021-10-28 09:47:33,320] {logging_mixin.py:109} INFO - ./dags/excel_file/file1.xlsx
[2021-10-28 09:47:34,839] {python.py:152} INFO - Done. Returned value was: None
[2021-10-28 09:47:34,844] {taskinstance.py:1280} INFO - Marking task as SUCCESS. dag_id=sharepoint, task_id=sharepoint_sales, execution_date=20211027T000000, start_date=20211028T041722, end_date=20211028T041734
[2021-10-28 09:47:34,861] {local_task_job.py:154} INFO - Task exited with return code 0
[2021-10-28 09:47:34,877] {local_task_job.py:264} INFO - 1 downstream tasks scheduled from follow-on schedule check
