[2021-10-29 12:46:34,890] {taskinstance.py:1035} INFO - Dependencies all met for <TaskInstance: transformation.tranformation_to_sharepoint manual__2021-10-29T07:16:28.860727+00:00 [queued]>
[2021-10-29 12:46:34,908] {taskinstance.py:1035} INFO - Dependencies all met for <TaskInstance: transformation.tranformation_to_sharepoint manual__2021-10-29T07:16:28.860727+00:00 [queued]>
[2021-10-29 12:46:34,909] {taskinstance.py:1241} INFO - 
--------------------------------------------------------------------------------
[2021-10-29 12:46:34,909] {taskinstance.py:1242} INFO - Starting attempt 1 of 2
[2021-10-29 12:46:34,909] {taskinstance.py:1243} INFO - 
--------------------------------------------------------------------------------
[2021-10-29 12:46:34,934] {taskinstance.py:1262} INFO - Executing <Task(PythonOperator): tranformation_to_sharepoint> on 2021-10-29 07:16:28.860727+00:00
[2021-10-29 12:46:34,940] {standard_task_runner.py:52} INFO - Started process 7462 to run task
[2021-10-29 12:46:34,944] {standard_task_runner.py:76} INFO - Running: ['airflow', 'tasks', 'run', 'transformation', 'tranformation_to_sharepoint', 'manual__2021-10-29T07:16:28.860727+00:00', '--job-id', '40', '--raw', '--subdir', 'DAGS_FOLDER/transformation.py', '--cfg-path', '/tmp/tmpav7wf2by', '--error-file', '/tmp/tmpg2ehzw4h']
[2021-10-29 12:46:34,947] {standard_task_runner.py:77} INFO - Job 40: Subtask tranformation_to_sharepoint
[2021-10-29 12:46:35,002] {logging_mixin.py:109} INFO - Running <TaskInstance: transformation.tranformation_to_sharepoint manual__2021-10-29T07:16:28.860727+00:00 [running]> on host user-Latitude-3410
[2021-10-29 12:46:35,054] {taskinstance.py:1414} INFO - Exporting the following env vars:
AIRFLOW_CTX_DAG_EMAIL=shindesushant818@gmail.com
AIRFLOW_CTX_DAG_OWNER=airflow
AIRFLOW_CTX_DAG_ID=transformation
AIRFLOW_CTX_TASK_ID=tranformation_to_sharepoint
AIRFLOW_CTX_EXECUTION_DATE=2021-10-29T07:16:28.860727+00:00
AIRFLOW_CTX_DAG_RUN_ID=manual__2021-10-29T07:16:28.860727+00:00
[2021-10-29 12:46:39,077] {python.py:152} INFO - Done. Returned value was: None
[2021-10-29 12:46:39,093] {taskinstance.py:1280} INFO - Marking task as SUCCESS. dag_id=transformation, task_id=tranformation_to_sharepoint, execution_date=20211029T071628, start_date=20211029T071634, end_date=20211029T071639
[2021-10-29 12:46:39,136] {local_task_job.py:154} INFO - Task exited with return code 0
[2021-10-29 12:46:39,203] {local_task_job.py:264} INFO - 1 downstream tasks scheduled from follow-on schedule check
