[2021-10-29 12:46:44,935] {taskinstance.py:1035} INFO - Dependencies all met for <TaskInstance: transformation.append_value_sharepoint manual__2021-10-29T07:16:28.860727+00:00 [queued]>
[2021-10-29 12:46:44,963] {taskinstance.py:1035} INFO - Dependencies all met for <TaskInstance: transformation.append_value_sharepoint manual__2021-10-29T07:16:28.860727+00:00 [queued]>
[2021-10-29 12:46:44,963] {taskinstance.py:1241} INFO - 
--------------------------------------------------------------------------------
[2021-10-29 12:46:44,963] {taskinstance.py:1242} INFO - Starting attempt 1 of 2
[2021-10-29 12:46:44,963] {taskinstance.py:1243} INFO - 
--------------------------------------------------------------------------------
[2021-10-29 12:46:44,999] {taskinstance.py:1262} INFO - Executing <Task(PythonOperator): append_value_sharepoint> on 2021-10-29 07:16:28.860727+00:00
[2021-10-29 12:46:45,004] {standard_task_runner.py:52} INFO - Started process 7789 to run task
[2021-10-29 12:46:45,011] {standard_task_runner.py:76} INFO - Running: ['airflow', 'tasks', 'run', 'transformation', 'append_value_sharepoint', 'manual__2021-10-29T07:16:28.860727+00:00', '--job-id', '41', '--raw', '--subdir', 'DAGS_FOLDER/transformation.py', '--cfg-path', '/tmp/tmpzq0thx7z', '--error-file', '/tmp/tmpaqf0gm34']
[2021-10-29 12:46:45,014] {standard_task_runner.py:77} INFO - Job 41: Subtask append_value_sharepoint
[2021-10-29 12:46:45,065] {logging_mixin.py:109} INFO - Running <TaskInstance: transformation.append_value_sharepoint manual__2021-10-29T07:16:28.860727+00:00 [running]> on host user-Latitude-3410
[2021-10-29 12:46:45,123] {taskinstance.py:1414} INFO - Exporting the following env vars:
AIRFLOW_CTX_DAG_EMAIL=shindesushant818@gmail.com
AIRFLOW_CTX_DAG_OWNER=airflow
AIRFLOW_CTX_DAG_ID=transformation
AIRFLOW_CTX_TASK_ID=append_value_sharepoint
AIRFLOW_CTX_EXECUTION_DATE=2021-10-29T07:16:28.860727+00:00
AIRFLOW_CTX_DAG_RUN_ID=manual__2021-10-29T07:16:28.860727+00:00
[2021-10-29 12:46:49,031] {logging_mixin.py:109} INFO -             company_name         owner
0        Adity Birla Sun   Adity Birla
1            Tata motors          Tata
2             Tata power          Tata
3   Adity Birla capital   Adity Birla 
4               airindia          Tata
5                    xyz       sushant
6                    TCS          Tata
7                airflow           NaN
8                    qwe           NaN
9                    ASD           NaN
10                   Run           NaN
11             Webserver           NaN
12              Database            Om
13                Swapna          Zeya
14                    kg           NaN
[2021-10-29 12:47:49,821] {python.py:152} INFO - Done. Returned value was: None
[2021-10-29 12:47:49,841] {taskinstance.py:1280} INFO - Marking task as SUCCESS. dag_id=transformation, task_id=append_value_sharepoint, execution_date=20211029T071628, start_date=20211029T071644, end_date=20211029T071749
[2021-10-29 12:47:49,881] {local_task_job.py:154} INFO - Task exited with return code 0
[2021-10-29 12:47:49,934] {local_task_job.py:264} INFO - 1 downstream tasks scheduled from follow-on schedule check
