[2021-11-02 11:46:41,245] {processor.py:163} INFO - Started process (PID=25958) to work on /home/user/workspace/airflow/dags/data/sales.xlsx
[2021-11-02 11:46:41,245] {processor.py:620} INFO - Processing file /home/user/workspace/airflow/dags/data/sales.xlsx for tasks to queue
[2021-11-02 11:46:41,246] {logging_mixin.py:109} INFO - [2021-11-02 11:46:41,246] {dagbag.py:500} INFO - Filling up the DagBag from /home/user/workspace/airflow/dags/data/sales.xlsx
[2021-11-02 11:46:41,261] {processor.py:634} WARNING - No viable dags retrieved from /home/user/workspace/airflow/dags/data/sales.xlsx
[2021-11-02 11:46:41,264] {processor.py:171} INFO - Processing /home/user/workspace/airflow/dags/data/sales.xlsx took 0.024 seconds
[2021-11-02 11:47:12,287] {processor.py:163} INFO - Started process (PID=27006) to work on /home/user/workspace/airflow/dags/data/sales.xlsx
[2021-11-02 11:47:12,287] {processor.py:620} INFO - Processing file /home/user/workspace/airflow/dags/data/sales.xlsx for tasks to queue
[2021-11-02 11:47:12,288] {logging_mixin.py:109} INFO - [2021-11-02 11:47:12,288] {dagbag.py:500} INFO - Filling up the DagBag from /home/user/workspace/airflow/dags/data/sales.xlsx
[2021-11-02 11:47:12,300] {processor.py:634} WARNING - No viable dags retrieved from /home/user/workspace/airflow/dags/data/sales.xlsx
[2021-11-02 11:47:12,303] {processor.py:171} INFO - Processing /home/user/workspace/airflow/dags/data/sales.xlsx took 0.018 seconds
[2021-11-02 11:47:43,192] {processor.py:163} INFO - Started process (PID=28100) to work on /home/user/workspace/airflow/dags/data/sales.xlsx
[2021-11-02 11:47:43,193] {processor.py:620} INFO - Processing file /home/user/workspace/airflow/dags/data/sales.xlsx for tasks to queue
[2021-11-02 11:47:43,193] {logging_mixin.py:109} INFO - [2021-11-02 11:47:43,193] {dagbag.py:500} INFO - Filling up the DagBag from /home/user/workspace/airflow/dags/data/sales.xlsx
[2021-11-02 11:47:43,206] {processor.py:634} WARNING - No viable dags retrieved from /home/user/workspace/airflow/dags/data/sales.xlsx
[2021-11-02 11:47:43,208] {processor.py:171} INFO - Processing /home/user/workspace/airflow/dags/data/sales.xlsx took 0.019 seconds
[2021-11-02 11:48:14,260] {processor.py:163} INFO - Started process (PID=28854) to work on /home/user/workspace/airflow/dags/data/sales.xlsx
[2021-11-02 11:48:14,261] {processor.py:620} INFO - Processing file /home/user/workspace/airflow/dags/data/sales.xlsx for tasks to queue
[2021-11-02 11:48:14,261] {logging_mixin.py:109} INFO - [2021-11-02 11:48:14,261] {dagbag.py:500} INFO - Filling up the DagBag from /home/user/workspace/airflow/dags/data/sales.xlsx
[2021-11-02 11:48:14,271] {processor.py:634} WARNING - No viable dags retrieved from /home/user/workspace/airflow/dags/data/sales.xlsx
[2021-11-02 11:48:14,273] {processor.py:171} INFO - Processing /home/user/workspace/airflow/dags/data/sales.xlsx took 0.015 seconds
[2021-11-02 11:48:45,310] {processor.py:163} INFO - Started process (PID=29542) to work on /home/user/workspace/airflow/dags/data/sales.xlsx
[2021-11-02 11:48:45,311] {processor.py:620} INFO - Processing file /home/user/workspace/airflow/dags/data/sales.xlsx for tasks to queue
[2021-11-02 11:48:45,311] {logging_mixin.py:109} INFO - [2021-11-02 11:48:45,311] {dagbag.py:500} INFO - Filling up the DagBag from /home/user/workspace/airflow/dags/data/sales.xlsx
[2021-11-02 11:48:45,323] {processor.py:634} WARNING - No viable dags retrieved from /home/user/workspace/airflow/dags/data/sales.xlsx
[2021-11-02 11:48:45,325] {processor.py:171} INFO - Processing /home/user/workspace/airflow/dags/data/sales.xlsx took 0.018 seconds
[2021-11-02 11:49:16,217] {processor.py:163} INFO - Started process (PID=30263) to work on /home/user/workspace/airflow/dags/data/sales.xlsx
[2021-11-02 11:49:16,218] {processor.py:620} INFO - Processing file /home/user/workspace/airflow/dags/data/sales.xlsx for tasks to queue
[2021-11-02 11:49:16,219] {logging_mixin.py:109} INFO - [2021-11-02 11:49:16,219] {dagbag.py:500} INFO - Filling up the DagBag from /home/user/workspace/airflow/dags/data/sales.xlsx
[2021-11-02 11:49:16,231] {processor.py:634} WARNING - No viable dags retrieved from /home/user/workspace/airflow/dags/data/sales.xlsx
[2021-11-02 11:49:16,233] {processor.py:171} INFO - Processing /home/user/workspace/airflow/dags/data/sales.xlsx took 0.018 seconds
[2021-11-02 11:49:47,133] {processor.py:163} INFO - Started process (PID=30959) to work on /home/user/workspace/airflow/dags/data/sales.xlsx
[2021-11-02 11:49:47,133] {processor.py:620} INFO - Processing file /home/user/workspace/airflow/dags/data/sales.xlsx for tasks to queue
[2021-11-02 11:49:47,134] {logging_mixin.py:109} INFO - [2021-11-02 11:49:47,133] {dagbag.py:500} INFO - Filling up the DagBag from /home/user/workspace/airflow/dags/data/sales.xlsx
[2021-11-02 11:49:47,143] {processor.py:634} WARNING - No viable dags retrieved from /home/user/workspace/airflow/dags/data/sales.xlsx
[2021-11-02 11:49:47,145] {processor.py:171} INFO - Processing /home/user/workspace/airflow/dags/data/sales.xlsx took 0.014 seconds
[2021-11-02 11:50:19,034] {processor.py:163} INFO - Started process (PID=31664) to work on /home/user/workspace/airflow/dags/data/sales.xlsx
[2021-11-02 11:50:19,035] {processor.py:620} INFO - Processing file /home/user/workspace/airflow/dags/data/sales.xlsx for tasks to queue
[2021-11-02 11:50:19,037] {logging_mixin.py:109} INFO - [2021-11-02 11:50:19,036] {dagbag.py:500} INFO - Filling up the DagBag from /home/user/workspace/airflow/dags/data/sales.xlsx
[2021-11-02 11:50:19,081] {processor.py:634} WARNING - No viable dags retrieved from /home/user/workspace/airflow/dags/data/sales.xlsx
[2021-11-02 11:50:19,091] {processor.py:171} INFO - Processing /home/user/workspace/airflow/dags/data/sales.xlsx took 0.062 seconds
[2021-11-02 11:50:50,698] {processor.py:163} INFO - Started process (PID=32219) to work on /home/user/workspace/airflow/dags/data/sales.xlsx
[2021-11-02 11:50:50,698] {processor.py:620} INFO - Processing file /home/user/workspace/airflow/dags/data/sales.xlsx for tasks to queue
[2021-11-02 11:50:50,699] {logging_mixin.py:109} INFO - [2021-11-02 11:50:50,699] {dagbag.py:500} INFO - Filling up the DagBag from /home/user/workspace/airflow/dags/data/sales.xlsx
[2021-11-02 11:50:50,715] {processor.py:634} WARNING - No viable dags retrieved from /home/user/workspace/airflow/dags/data/sales.xlsx
[2021-11-02 11:50:50,718] {processor.py:171} INFO - Processing /home/user/workspace/airflow/dags/data/sales.xlsx took 0.023 seconds
[2021-11-02 11:51:21,735] {processor.py:163} INFO - Started process (PID=32697) to work on /home/user/workspace/airflow/dags/data/sales.xlsx
[2021-11-02 11:51:21,736] {processor.py:620} INFO - Processing file /home/user/workspace/airflow/dags/data/sales.xlsx for tasks to queue
[2021-11-02 11:51:21,737] {logging_mixin.py:109} INFO - [2021-11-02 11:51:21,736] {dagbag.py:500} INFO - Filling up the DagBag from /home/user/workspace/airflow/dags/data/sales.xlsx
[2021-11-02 11:51:21,747] {processor.py:634} WARNING - No viable dags retrieved from /home/user/workspace/airflow/dags/data/sales.xlsx
[2021-11-02 11:51:21,749] {processor.py:171} INFO - Processing /home/user/workspace/airflow/dags/data/sales.xlsx took 0.016 seconds
[2021-11-02 11:51:52,734] {processor.py:163} INFO - Started process (PID=1070) to work on /home/user/workspace/airflow/dags/data/sales.xlsx
[2021-11-02 11:51:52,735] {processor.py:620} INFO - Processing file /home/user/workspace/airflow/dags/data/sales.xlsx for tasks to queue
[2021-11-02 11:51:52,736] {logging_mixin.py:109} INFO - [2021-11-02 11:51:52,735] {dagbag.py:500} INFO - Filling up the DagBag from /home/user/workspace/airflow/dags/data/sales.xlsx
[2021-11-02 11:51:52,747] {processor.py:634} WARNING - No viable dags retrieved from /home/user/workspace/airflow/dags/data/sales.xlsx
[2021-11-02 11:51:52,750] {processor.py:171} INFO - Processing /home/user/workspace/airflow/dags/data/sales.xlsx took 0.018 seconds
[2021-11-02 11:52:23,675] {processor.py:163} INFO - Started process (PID=2053) to work on /home/user/workspace/airflow/dags/data/sales.xlsx
[2021-11-02 11:52:23,676] {processor.py:620} INFO - Processing file /home/user/workspace/airflow/dags/data/sales.xlsx for tasks to queue
[2021-11-02 11:52:23,677] {logging_mixin.py:109} INFO - [2021-11-02 11:52:23,677] {dagbag.py:500} INFO - Filling up the DagBag from /home/user/workspace/airflow/dags/data/sales.xlsx
[2021-11-02 11:52:23,703] {processor.py:634} WARNING - No viable dags retrieved from /home/user/workspace/airflow/dags/data/sales.xlsx
[2021-11-02 11:52:23,707] {processor.py:171} INFO - Processing /home/user/workspace/airflow/dags/data/sales.xlsx took 0.034 seconds
[2021-11-02 11:52:54,717] {processor.py:163} INFO - Started process (PID=3233) to work on /home/user/workspace/airflow/dags/data/sales.xlsx
[2021-11-02 11:52:54,718] {processor.py:620} INFO - Processing file /home/user/workspace/airflow/dags/data/sales.xlsx for tasks to queue
[2021-11-02 11:52:54,718] {logging_mixin.py:109} INFO - [2021-11-02 11:52:54,718] {dagbag.py:500} INFO - Filling up the DagBag from /home/user/workspace/airflow/dags/data/sales.xlsx
[2021-11-02 11:52:54,730] {processor.py:634} WARNING - No viable dags retrieved from /home/user/workspace/airflow/dags/data/sales.xlsx
[2021-11-02 11:52:54,732] {processor.py:171} INFO - Processing /home/user/workspace/airflow/dags/data/sales.xlsx took 0.018 seconds
[2021-11-02 11:53:26,126] {processor.py:163} INFO - Started process (PID=4049) to work on /home/user/workspace/airflow/dags/data/sales.xlsx
[2021-11-02 11:53:26,127] {processor.py:620} INFO - Processing file /home/user/workspace/airflow/dags/data/sales.xlsx for tasks to queue
[2021-11-02 11:53:26,129] {logging_mixin.py:109} INFO - [2021-11-02 11:53:26,129] {dagbag.py:500} INFO - Filling up the DagBag from /home/user/workspace/airflow/dags/data/sales.xlsx
[2021-11-02 11:53:26,144] {processor.py:634} WARNING - No viable dags retrieved from /home/user/workspace/airflow/dags/data/sales.xlsx
[2021-11-02 11:53:26,147] {processor.py:171} INFO - Processing /home/user/workspace/airflow/dags/data/sales.xlsx took 0.026 seconds
[2021-11-02 11:53:57,209] {processor.py:163} INFO - Started process (PID=4724) to work on /home/user/workspace/airflow/dags/data/sales.xlsx
[2021-11-02 11:53:57,210] {processor.py:620} INFO - Processing file /home/user/workspace/airflow/dags/data/sales.xlsx for tasks to queue
[2021-11-02 11:53:57,210] {logging_mixin.py:109} INFO - [2021-11-02 11:53:57,210] {dagbag.py:500} INFO - Filling up the DagBag from /home/user/workspace/airflow/dags/data/sales.xlsx
[2021-11-02 11:53:57,239] {processor.py:634} WARNING - No viable dags retrieved from /home/user/workspace/airflow/dags/data/sales.xlsx
[2021-11-02 11:53:57,253] {processor.py:171} INFO - Processing /home/user/workspace/airflow/dags/data/sales.xlsx took 0.047 seconds
[2021-11-02 11:54:28,674] {processor.py:163} INFO - Started process (PID=5122) to work on /home/user/workspace/airflow/dags/data/sales.xlsx
[2021-11-02 11:54:28,675] {processor.py:620} INFO - Processing file /home/user/workspace/airflow/dags/data/sales.xlsx for tasks to queue
[2021-11-02 11:54:28,676] {logging_mixin.py:109} INFO - [2021-11-02 11:54:28,676] {dagbag.py:500} INFO - Filling up the DagBag from /home/user/workspace/airflow/dags/data/sales.xlsx
[2021-11-02 11:54:28,700] {processor.py:634} WARNING - No viable dags retrieved from /home/user/workspace/airflow/dags/data/sales.xlsx
[2021-11-02 11:54:28,703] {processor.py:171} INFO - Processing /home/user/workspace/airflow/dags/data/sales.xlsx took 0.036 seconds
[2021-11-02 11:55:01,292] {processor.py:163} INFO - Started process (PID=5693) to work on /home/user/workspace/airflow/dags/data/sales.xlsx
[2021-11-02 11:55:01,294] {processor.py:620} INFO - Processing file /home/user/workspace/airflow/dags/data/sales.xlsx for tasks to queue
[2021-11-02 11:55:01,295] {logging_mixin.py:109} INFO - [2021-11-02 11:55:01,294] {dagbag.py:500} INFO - Filling up the DagBag from /home/user/workspace/airflow/dags/data/sales.xlsx
[2021-11-02 11:55:01,321] {processor.py:634} WARNING - No viable dags retrieved from /home/user/workspace/airflow/dags/data/sales.xlsx
[2021-11-02 11:55:01,325] {processor.py:171} INFO - Processing /home/user/workspace/airflow/dags/data/sales.xlsx took 0.044 seconds
[2021-11-02 11:55:35,068] {processor.py:163} INFO - Started process (PID=6089) to work on /home/user/workspace/airflow/dags/data/sales.xlsx
[2021-11-02 11:55:35,069] {processor.py:620} INFO - Processing file /home/user/workspace/airflow/dags/data/sales.xlsx for tasks to queue
[2021-11-02 11:55:35,070] {logging_mixin.py:109} INFO - [2021-11-02 11:55:35,070] {dagbag.py:500} INFO - Filling up the DagBag from /home/user/workspace/airflow/dags/data/sales.xlsx
[2021-11-02 11:55:35,116] {processor.py:634} WARNING - No viable dags retrieved from /home/user/workspace/airflow/dags/data/sales.xlsx
[2021-11-02 11:55:35,121] {processor.py:171} INFO - Processing /home/user/workspace/airflow/dags/data/sales.xlsx took 0.063 seconds
[2021-11-02 11:56:07,230] {processor.py:163} INFO - Started process (PID=6494) to work on /home/user/workspace/airflow/dags/data/sales.xlsx
[2021-11-02 11:56:07,234] {processor.py:620} INFO - Processing file /home/user/workspace/airflow/dags/data/sales.xlsx for tasks to queue
[2021-11-02 11:56:07,235] {logging_mixin.py:109} INFO - [2021-11-02 11:56:07,235] {dagbag.py:500} INFO - Filling up the DagBag from /home/user/workspace/airflow/dags/data/sales.xlsx
[2021-11-02 11:56:07,262] {processor.py:634} WARNING - No viable dags retrieved from /home/user/workspace/airflow/dags/data/sales.xlsx
[2021-11-02 11:56:07,267] {processor.py:171} INFO - Processing /home/user/workspace/airflow/dags/data/sales.xlsx took 0.043 seconds
[2021-11-02 11:56:41,726] {processor.py:163} INFO - Started process (PID=6963) to work on /home/user/workspace/airflow/dags/data/sales.xlsx
[2021-11-02 11:56:41,727] {processor.py:620} INFO - Processing file /home/user/workspace/airflow/dags/data/sales.xlsx for tasks to queue
[2021-11-02 11:56:41,727] {logging_mixin.py:109} INFO - [2021-11-02 11:56:41,727] {dagbag.py:500} INFO - Filling up the DagBag from /home/user/workspace/airflow/dags/data/sales.xlsx
[2021-11-02 11:56:41,750] {processor.py:634} WARNING - No viable dags retrieved from /home/user/workspace/airflow/dags/data/sales.xlsx
[2021-11-02 11:56:41,755] {processor.py:171} INFO - Processing /home/user/workspace/airflow/dags/data/sales.xlsx took 0.033 seconds
[2021-11-02 11:57:13,402] {processor.py:163} INFO - Started process (PID=7491) to work on /home/user/workspace/airflow/dags/data/sales.xlsx
[2021-11-02 11:57:13,403] {processor.py:620} INFO - Processing file /home/user/workspace/airflow/dags/data/sales.xlsx for tasks to queue
[2021-11-02 11:57:13,404] {logging_mixin.py:109} INFO - [2021-11-02 11:57:13,404] {dagbag.py:500} INFO - Filling up the DagBag from /home/user/workspace/airflow/dags/data/sales.xlsx
[2021-11-02 11:57:13,434] {processor.py:634} WARNING - No viable dags retrieved from /home/user/workspace/airflow/dags/data/sales.xlsx
[2021-11-02 11:57:13,439] {processor.py:171} INFO - Processing /home/user/workspace/airflow/dags/data/sales.xlsx took 0.043 seconds
[2021-11-02 11:57:46,114] {processor.py:163} INFO - Started process (PID=7903) to work on /home/user/workspace/airflow/dags/data/sales.xlsx
[2021-11-02 11:57:46,116] {processor.py:620} INFO - Processing file /home/user/workspace/airflow/dags/data/sales.xlsx for tasks to queue
[2021-11-02 11:57:46,117] {logging_mixin.py:109} INFO - [2021-11-02 11:57:46,116] {dagbag.py:500} INFO - Filling up the DagBag from /home/user/workspace/airflow/dags/data/sales.xlsx
[2021-11-02 11:57:46,159] {processor.py:634} WARNING - No viable dags retrieved from /home/user/workspace/airflow/dags/data/sales.xlsx
[2021-11-02 11:57:46,164] {processor.py:171} INFO - Processing /home/user/workspace/airflow/dags/data/sales.xlsx took 0.056 seconds
[2021-11-02 11:58:16,998] {processor.py:163} INFO - Started process (PID=8417) to work on /home/user/workspace/airflow/dags/data/sales.xlsx
[2021-11-02 11:58:16,999] {processor.py:620} INFO - Processing file /home/user/workspace/airflow/dags/data/sales.xlsx for tasks to queue
[2021-11-02 11:58:17,000] {logging_mixin.py:109} INFO - [2021-11-02 11:58:16,999] {dagbag.py:500} INFO - Filling up the DagBag from /home/user/workspace/airflow/dags/data/sales.xlsx
[2021-11-02 11:58:17,016] {processor.py:634} WARNING - No viable dags retrieved from /home/user/workspace/airflow/dags/data/sales.xlsx
[2021-11-02 11:58:17,019] {processor.py:171} INFO - Processing /home/user/workspace/airflow/dags/data/sales.xlsx took 0.024 seconds
[2021-11-02 11:58:49,907] {processor.py:163} INFO - Started process (PID=8899) to work on /home/user/workspace/airflow/dags/data/sales.xlsx
[2021-11-02 11:58:49,908] {processor.py:620} INFO - Processing file /home/user/workspace/airflow/dags/data/sales.xlsx for tasks to queue
[2021-11-02 11:58:49,908] {logging_mixin.py:109} INFO - [2021-11-02 11:58:49,908] {dagbag.py:500} INFO - Filling up the DagBag from /home/user/workspace/airflow/dags/data/sales.xlsx
[2021-11-02 11:58:49,925] {processor.py:634} WARNING - No viable dags retrieved from /home/user/workspace/airflow/dags/data/sales.xlsx
[2021-11-02 11:58:49,929] {processor.py:171} INFO - Processing /home/user/workspace/airflow/dags/data/sales.xlsx took 0.025 seconds
[2021-11-02 11:59:22,842] {processor.py:163} INFO - Started process (PID=9389) to work on /home/user/workspace/airflow/dags/data/sales.xlsx
[2021-11-02 11:59:22,848] {processor.py:620} INFO - Processing file /home/user/workspace/airflow/dags/data/sales.xlsx for tasks to queue
[2021-11-02 11:59:22,850] {logging_mixin.py:109} INFO - [2021-11-02 11:59:22,850] {dagbag.py:500} INFO - Filling up the DagBag from /home/user/workspace/airflow/dags/data/sales.xlsx
[2021-11-02 11:59:22,875] {processor.py:634} WARNING - No viable dags retrieved from /home/user/workspace/airflow/dags/data/sales.xlsx
[2021-11-02 11:59:22,882] {processor.py:171} INFO - Processing /home/user/workspace/airflow/dags/data/sales.xlsx took 0.066 seconds
[2021-11-02 11:59:54,518] {processor.py:163} INFO - Started process (PID=9969) to work on /home/user/workspace/airflow/dags/data/sales.xlsx
[2021-11-02 11:59:54,519] {processor.py:620} INFO - Processing file /home/user/workspace/airflow/dags/data/sales.xlsx for tasks to queue
[2021-11-02 11:59:54,519] {logging_mixin.py:109} INFO - [2021-11-02 11:59:54,519] {dagbag.py:500} INFO - Filling up the DagBag from /home/user/workspace/airflow/dags/data/sales.xlsx
[2021-11-02 11:59:54,534] {processor.py:634} WARNING - No viable dags retrieved from /home/user/workspace/airflow/dags/data/sales.xlsx
[2021-11-02 11:59:54,538] {processor.py:171} INFO - Processing /home/user/workspace/airflow/dags/data/sales.xlsx took 0.022 seconds
[2021-11-02 12:00:25,611] {processor.py:163} INFO - Started process (PID=10504) to work on /home/user/workspace/airflow/dags/data/sales.xlsx
[2021-11-02 12:00:25,612] {processor.py:620} INFO - Processing file /home/user/workspace/airflow/dags/data/sales.xlsx for tasks to queue
[2021-11-02 12:00:25,612] {logging_mixin.py:109} INFO - [2021-11-02 12:00:25,612] {dagbag.py:500} INFO - Filling up the DagBag from /home/user/workspace/airflow/dags/data/sales.xlsx
[2021-11-02 12:00:25,628] {processor.py:634} WARNING - No viable dags retrieved from /home/user/workspace/airflow/dags/data/sales.xlsx
[2021-11-02 12:00:25,631] {processor.py:171} INFO - Processing /home/user/workspace/airflow/dags/data/sales.xlsx took 0.023 seconds
[2021-11-02 12:00:56,635] {processor.py:163} INFO - Started process (PID=11093) to work on /home/user/workspace/airflow/dags/data/sales.xlsx
[2021-11-02 12:00:56,636] {processor.py:620} INFO - Processing file /home/user/workspace/airflow/dags/data/sales.xlsx for tasks to queue
[2021-11-02 12:00:56,636] {logging_mixin.py:109} INFO - [2021-11-02 12:00:56,636] {dagbag.py:500} INFO - Filling up the DagBag from /home/user/workspace/airflow/dags/data/sales.xlsx
[2021-11-02 12:00:56,649] {processor.py:634} WARNING - No viable dags retrieved from /home/user/workspace/airflow/dags/data/sales.xlsx
[2021-11-02 12:00:56,652] {processor.py:171} INFO - Processing /home/user/workspace/airflow/dags/data/sales.xlsx took 0.019 seconds
[2021-11-02 12:01:27,942] {processor.py:163} INFO - Started process (PID=11664) to work on /home/user/workspace/airflow/dags/data/sales.xlsx
[2021-11-02 12:01:27,943] {processor.py:620} INFO - Processing file /home/user/workspace/airflow/dags/data/sales.xlsx for tasks to queue
[2021-11-02 12:01:27,944] {logging_mixin.py:109} INFO - [2021-11-02 12:01:27,943] {dagbag.py:500} INFO - Filling up the DagBag from /home/user/workspace/airflow/dags/data/sales.xlsx
[2021-11-02 12:01:27,974] {processor.py:634} WARNING - No viable dags retrieved from /home/user/workspace/airflow/dags/data/sales.xlsx
[2021-11-02 12:01:27,977] {processor.py:171} INFO - Processing /home/user/workspace/airflow/dags/data/sales.xlsx took 0.038 seconds
[2021-11-02 12:01:58,697] {processor.py:163} INFO - Started process (PID=12302) to work on /home/user/workspace/airflow/dags/data/sales.xlsx
[2021-11-02 12:01:58,698] {processor.py:620} INFO - Processing file /home/user/workspace/airflow/dags/data/sales.xlsx for tasks to queue
[2021-11-02 12:01:58,698] {logging_mixin.py:109} INFO - [2021-11-02 12:01:58,698] {dagbag.py:500} INFO - Filling up the DagBag from /home/user/workspace/airflow/dags/data/sales.xlsx
[2021-11-02 12:01:58,711] {processor.py:634} WARNING - No viable dags retrieved from /home/user/workspace/airflow/dags/data/sales.xlsx
[2021-11-02 12:01:58,714] {processor.py:171} INFO - Processing /home/user/workspace/airflow/dags/data/sales.xlsx took 0.020 seconds
[2021-11-02 12:02:30,290] {processor.py:163} INFO - Started process (PID=12986) to work on /home/user/workspace/airflow/dags/data/sales.xlsx
[2021-11-02 12:02:30,291] {processor.py:620} INFO - Processing file /home/user/workspace/airflow/dags/data/sales.xlsx for tasks to queue
[2021-11-02 12:02:30,291] {logging_mixin.py:109} INFO - [2021-11-02 12:02:30,291] {dagbag.py:500} INFO - Filling up the DagBag from /home/user/workspace/airflow/dags/data/sales.xlsx
[2021-11-02 12:02:30,309] {processor.py:634} WARNING - No viable dags retrieved from /home/user/workspace/airflow/dags/data/sales.xlsx
[2021-11-02 12:02:30,313] {processor.py:171} INFO - Processing /home/user/workspace/airflow/dags/data/sales.xlsx took 0.027 seconds
[2021-11-02 12:03:01,403] {processor.py:163} INFO - Started process (PID=13517) to work on /home/user/workspace/airflow/dags/data/sales.xlsx
[2021-11-02 12:03:01,406] {processor.py:620} INFO - Processing file /home/user/workspace/airflow/dags/data/sales.xlsx for tasks to queue
[2021-11-02 12:03:01,408] {logging_mixin.py:109} INFO - [2021-11-02 12:03:01,407] {dagbag.py:500} INFO - Filling up the DagBag from /home/user/workspace/airflow/dags/data/sales.xlsx
[2021-11-02 12:03:01,452] {processor.py:634} WARNING - No viable dags retrieved from /home/user/workspace/airflow/dags/data/sales.xlsx
[2021-11-02 12:03:01,462] {processor.py:171} INFO - Processing /home/user/workspace/airflow/dags/data/sales.xlsx took 0.065 seconds
[2021-11-02 12:03:32,953] {processor.py:163} INFO - Started process (PID=14027) to work on /home/user/workspace/airflow/dags/data/sales.xlsx
[2021-11-02 12:03:32,954] {processor.py:620} INFO - Processing file /home/user/workspace/airflow/dags/data/sales.xlsx for tasks to queue
[2021-11-02 12:03:32,955] {logging_mixin.py:109} INFO - [2021-11-02 12:03:32,955] {dagbag.py:500} INFO - Filling up the DagBag from /home/user/workspace/airflow/dags/data/sales.xlsx
[2021-11-02 12:03:32,972] {processor.py:634} WARNING - No viable dags retrieved from /home/user/workspace/airflow/dags/data/sales.xlsx
[2021-11-02 12:03:32,976] {processor.py:171} INFO - Processing /home/user/workspace/airflow/dags/data/sales.xlsx took 0.026 seconds
[2021-11-02 12:04:04,251] {processor.py:163} INFO - Started process (PID=14538) to work on /home/user/workspace/airflow/dags/data/sales.xlsx
[2021-11-02 12:04:04,252] {processor.py:620} INFO - Processing file /home/user/workspace/airflow/dags/data/sales.xlsx for tasks to queue
[2021-11-02 12:04:04,253] {logging_mixin.py:109} INFO - [2021-11-02 12:04:04,253] {dagbag.py:500} INFO - Filling up the DagBag from /home/user/workspace/airflow/dags/data/sales.xlsx
[2021-11-02 12:04:04,270] {processor.py:634} WARNING - No viable dags retrieved from /home/user/workspace/airflow/dags/data/sales.xlsx
[2021-11-02 12:04:04,273] {processor.py:171} INFO - Processing /home/user/workspace/airflow/dags/data/sales.xlsx took 0.026 seconds
[2021-11-02 12:04:35,748] {processor.py:163} INFO - Started process (PID=15108) to work on /home/user/workspace/airflow/dags/data/sales.xlsx
[2021-11-02 12:04:35,749] {processor.py:620} INFO - Processing file /home/user/workspace/airflow/dags/data/sales.xlsx for tasks to queue
[2021-11-02 12:04:35,750] {logging_mixin.py:109} INFO - [2021-11-02 12:04:35,749] {dagbag.py:500} INFO - Filling up the DagBag from /home/user/workspace/airflow/dags/data/sales.xlsx
[2021-11-02 12:04:35,764] {processor.py:634} WARNING - No viable dags retrieved from /home/user/workspace/airflow/dags/data/sales.xlsx
[2021-11-02 12:04:35,767] {processor.py:171} INFO - Processing /home/user/workspace/airflow/dags/data/sales.xlsx took 0.022 seconds
[2021-11-02 12:05:07,496] {processor.py:163} INFO - Started process (PID=15712) to work on /home/user/workspace/airflow/dags/data/sales.xlsx
[2021-11-02 12:05:07,497] {processor.py:620} INFO - Processing file /home/user/workspace/airflow/dags/data/sales.xlsx for tasks to queue
[2021-11-02 12:05:07,497] {logging_mixin.py:109} INFO - [2021-11-02 12:05:07,497] {dagbag.py:500} INFO - Filling up the DagBag from /home/user/workspace/airflow/dags/data/sales.xlsx
[2021-11-02 12:05:07,511] {processor.py:634} WARNING - No viable dags retrieved from /home/user/workspace/airflow/dags/data/sales.xlsx
[2021-11-02 12:05:07,514] {processor.py:171} INFO - Processing /home/user/workspace/airflow/dags/data/sales.xlsx took 0.020 seconds
[2021-11-02 12:05:39,769] {processor.py:163} INFO - Started process (PID=16307) to work on /home/user/workspace/airflow/dags/data/sales.xlsx
[2021-11-02 12:05:39,770] {processor.py:620} INFO - Processing file /home/user/workspace/airflow/dags/data/sales.xlsx for tasks to queue
[2021-11-02 12:05:39,770] {logging_mixin.py:109} INFO - [2021-11-02 12:05:39,770] {dagbag.py:500} INFO - Filling up the DagBag from /home/user/workspace/airflow/dags/data/sales.xlsx
[2021-11-02 12:05:39,787] {processor.py:634} WARNING - No viable dags retrieved from /home/user/workspace/airflow/dags/data/sales.xlsx
[2021-11-02 12:05:39,791] {processor.py:171} INFO - Processing /home/user/workspace/airflow/dags/data/sales.xlsx took 0.025 seconds
[2021-11-02 12:06:11,187] {processor.py:163} INFO - Started process (PID=16969) to work on /home/user/workspace/airflow/dags/data/sales.xlsx
[2021-11-02 12:06:11,187] {processor.py:620} INFO - Processing file /home/user/workspace/airflow/dags/data/sales.xlsx for tasks to queue
[2021-11-02 12:06:11,188] {logging_mixin.py:109} INFO - [2021-11-02 12:06:11,188] {dagbag.py:500} INFO - Filling up the DagBag from /home/user/workspace/airflow/dags/data/sales.xlsx
[2021-11-02 12:06:11,201] {processor.py:634} WARNING - No viable dags retrieved from /home/user/workspace/airflow/dags/data/sales.xlsx
[2021-11-02 12:06:11,204] {processor.py:171} INFO - Processing /home/user/workspace/airflow/dags/data/sales.xlsx took 0.020 seconds
[2021-11-02 12:06:42,938] {processor.py:163} INFO - Started process (PID=17600) to work on /home/user/workspace/airflow/dags/data/sales.xlsx
[2021-11-02 12:06:42,939] {processor.py:620} INFO - Processing file /home/user/workspace/airflow/dags/data/sales.xlsx for tasks to queue
[2021-11-02 12:06:42,939] {logging_mixin.py:109} INFO - [2021-11-02 12:06:42,939] {dagbag.py:500} INFO - Filling up the DagBag from /home/user/workspace/airflow/dags/data/sales.xlsx
[2021-11-02 12:06:42,954] {processor.py:634} WARNING - No viable dags retrieved from /home/user/workspace/airflow/dags/data/sales.xlsx
[2021-11-02 12:06:42,957] {processor.py:171} INFO - Processing /home/user/workspace/airflow/dags/data/sales.xlsx took 0.022 seconds
[2021-11-02 12:07:14,185] {processor.py:163} INFO - Started process (PID=18188) to work on /home/user/workspace/airflow/dags/data/sales.xlsx
[2021-11-02 12:07:14,186] {processor.py:620} INFO - Processing file /home/user/workspace/airflow/dags/data/sales.xlsx for tasks to queue
[2021-11-02 12:07:14,187] {logging_mixin.py:109} INFO - [2021-11-02 12:07:14,187] {dagbag.py:500} INFO - Filling up the DagBag from /home/user/workspace/airflow/dags/data/sales.xlsx
[2021-11-02 12:07:14,201] {processor.py:634} WARNING - No viable dags retrieved from /home/user/workspace/airflow/dags/data/sales.xlsx
[2021-11-02 12:07:14,203] {processor.py:171} INFO - Processing /home/user/workspace/airflow/dags/data/sales.xlsx took 0.021 seconds
[2021-11-02 12:07:45,432] {processor.py:163} INFO - Started process (PID=18758) to work on /home/user/workspace/airflow/dags/data/sales.xlsx
[2021-11-02 12:07:45,433] {processor.py:620} INFO - Processing file /home/user/workspace/airflow/dags/data/sales.xlsx for tasks to queue
[2021-11-02 12:07:45,434] {logging_mixin.py:109} INFO - [2021-11-02 12:07:45,434] {dagbag.py:500} INFO - Filling up the DagBag from /home/user/workspace/airflow/dags/data/sales.xlsx
[2021-11-02 12:07:45,448] {processor.py:634} WARNING - No viable dags retrieved from /home/user/workspace/airflow/dags/data/sales.xlsx
[2021-11-02 12:07:45,451] {processor.py:171} INFO - Processing /home/user/workspace/airflow/dags/data/sales.xlsx took 0.021 seconds
[2021-11-02 12:08:17,402] {processor.py:163} INFO - Started process (PID=19378) to work on /home/user/workspace/airflow/dags/data/sales.xlsx
[2021-11-02 12:08:17,403] {processor.py:620} INFO - Processing file /home/user/workspace/airflow/dags/data/sales.xlsx for tasks to queue
[2021-11-02 12:08:17,404] {logging_mixin.py:109} INFO - [2021-11-02 12:08:17,404] {dagbag.py:500} INFO - Filling up the DagBag from /home/user/workspace/airflow/dags/data/sales.xlsx
[2021-11-02 12:08:17,420] {processor.py:634} WARNING - No viable dags retrieved from /home/user/workspace/airflow/dags/data/sales.xlsx
[2021-11-02 12:08:17,424] {processor.py:171} INFO - Processing /home/user/workspace/airflow/dags/data/sales.xlsx took 0.025 seconds
[2021-11-02 12:08:48,716] {processor.py:163} INFO - Started process (PID=19958) to work on /home/user/workspace/airflow/dags/data/sales.xlsx
[2021-11-02 12:08:48,717] {processor.py:620} INFO - Processing file /home/user/workspace/airflow/dags/data/sales.xlsx for tasks to queue
[2021-11-02 12:08:48,717] {logging_mixin.py:109} INFO - [2021-11-02 12:08:48,717] {dagbag.py:500} INFO - Filling up the DagBag from /home/user/workspace/airflow/dags/data/sales.xlsx
[2021-11-02 12:08:48,736] {processor.py:634} WARNING - No viable dags retrieved from /home/user/workspace/airflow/dags/data/sales.xlsx
[2021-11-02 12:08:48,739] {processor.py:171} INFO - Processing /home/user/workspace/airflow/dags/data/sales.xlsx took 0.027 seconds
[2021-11-02 12:09:20,497] {processor.py:163} INFO - Started process (PID=20528) to work on /home/user/workspace/airflow/dags/data/sales.xlsx
[2021-11-02 12:09:20,498] {processor.py:620} INFO - Processing file /home/user/workspace/airflow/dags/data/sales.xlsx for tasks to queue
[2021-11-02 12:09:20,498] {logging_mixin.py:109} INFO - [2021-11-02 12:09:20,498] {dagbag.py:500} INFO - Filling up the DagBag from /home/user/workspace/airflow/dags/data/sales.xlsx
[2021-11-02 12:09:20,515] {processor.py:634} WARNING - No viable dags retrieved from /home/user/workspace/airflow/dags/data/sales.xlsx
[2021-11-02 12:09:20,519] {processor.py:171} INFO - Processing /home/user/workspace/airflow/dags/data/sales.xlsx took 0.025 seconds
[2021-11-02 12:09:52,223] {processor.py:163} INFO - Started process (PID=21074) to work on /home/user/workspace/airflow/dags/data/sales.xlsx
[2021-11-02 12:09:52,224] {processor.py:620} INFO - Processing file /home/user/workspace/airflow/dags/data/sales.xlsx for tasks to queue
[2021-11-02 12:09:52,224] {logging_mixin.py:109} INFO - [2021-11-02 12:09:52,224] {dagbag.py:500} INFO - Filling up the DagBag from /home/user/workspace/airflow/dags/data/sales.xlsx
[2021-11-02 12:09:52,239] {processor.py:634} WARNING - No viable dags retrieved from /home/user/workspace/airflow/dags/data/sales.xlsx
[2021-11-02 12:09:52,241] {processor.py:171} INFO - Processing /home/user/workspace/airflow/dags/data/sales.xlsx took 0.021 seconds
[2021-11-02 12:10:25,024] {processor.py:163} INFO - Started process (PID=21638) to work on /home/user/workspace/airflow/dags/data/sales.xlsx
[2021-11-02 12:10:25,025] {processor.py:620} INFO - Processing file /home/user/workspace/airflow/dags/data/sales.xlsx for tasks to queue
[2021-11-02 12:10:25,025] {logging_mixin.py:109} INFO - [2021-11-02 12:10:25,025] {dagbag.py:500} INFO - Filling up the DagBag from /home/user/workspace/airflow/dags/data/sales.xlsx
[2021-11-02 12:10:25,040] {processor.py:634} WARNING - No viable dags retrieved from /home/user/workspace/airflow/dags/data/sales.xlsx
[2021-11-02 12:10:25,043] {processor.py:171} INFO - Processing /home/user/workspace/airflow/dags/data/sales.xlsx took 0.022 seconds
[2021-11-02 12:10:56,112] {processor.py:163} INFO - Started process (PID=22099) to work on /home/user/workspace/airflow/dags/data/sales.xlsx
[2021-11-02 12:10:56,113] {processor.py:620} INFO - Processing file /home/user/workspace/airflow/dags/data/sales.xlsx for tasks to queue
[2021-11-02 12:10:56,114] {logging_mixin.py:109} INFO - [2021-11-02 12:10:56,113] {dagbag.py:500} INFO - Filling up the DagBag from /home/user/workspace/airflow/dags/data/sales.xlsx
[2021-11-02 12:10:56,137] {processor.py:634} WARNING - No viable dags retrieved from /home/user/workspace/airflow/dags/data/sales.xlsx
[2021-11-02 12:10:56,140] {processor.py:171} INFO - Processing /home/user/workspace/airflow/dags/data/sales.xlsx took 0.033 seconds
[2021-11-02 12:11:27,758] {processor.py:163} INFO - Started process (PID=22597) to work on /home/user/workspace/airflow/dags/data/sales.xlsx
[2021-11-02 12:11:27,759] {processor.py:620} INFO - Processing file /home/user/workspace/airflow/dags/data/sales.xlsx for tasks to queue
[2021-11-02 12:11:27,760] {logging_mixin.py:109} INFO - [2021-11-02 12:11:27,759] {dagbag.py:500} INFO - Filling up the DagBag from /home/user/workspace/airflow/dags/data/sales.xlsx
[2021-11-02 12:11:27,786] {processor.py:634} WARNING - No viable dags retrieved from /home/user/workspace/airflow/dags/data/sales.xlsx
[2021-11-02 12:11:27,790] {processor.py:171} INFO - Processing /home/user/workspace/airflow/dags/data/sales.xlsx took 0.035 seconds
[2021-11-02 12:11:59,312] {processor.py:163} INFO - Started process (PID=23219) to work on /home/user/workspace/airflow/dags/data/sales.xlsx
[2021-11-02 12:11:59,313] {processor.py:620} INFO - Processing file /home/user/workspace/airflow/dags/data/sales.xlsx for tasks to queue
[2021-11-02 12:11:59,313] {logging_mixin.py:109} INFO - [2021-11-02 12:11:59,313] {dagbag.py:500} INFO - Filling up the DagBag from /home/user/workspace/airflow/dags/data/sales.xlsx
[2021-11-02 12:11:59,329] {processor.py:634} WARNING - No viable dags retrieved from /home/user/workspace/airflow/dags/data/sales.xlsx
[2021-11-02 12:11:59,332] {processor.py:171} INFO - Processing /home/user/workspace/airflow/dags/data/sales.xlsx took 0.023 seconds
[2021-11-02 12:12:30,722] {processor.py:163} INFO - Started process (PID=23798) to work on /home/user/workspace/airflow/dags/data/sales.xlsx
[2021-11-02 12:12:30,723] {processor.py:620} INFO - Processing file /home/user/workspace/airflow/dags/data/sales.xlsx for tasks to queue
[2021-11-02 12:12:30,724] {logging_mixin.py:109} INFO - [2021-11-02 12:12:30,724] {dagbag.py:500} INFO - Filling up the DagBag from /home/user/workspace/airflow/dags/data/sales.xlsx
[2021-11-02 12:12:30,739] {processor.py:634} WARNING - No viable dags retrieved from /home/user/workspace/airflow/dags/data/sales.xlsx
[2021-11-02 12:12:30,742] {processor.py:171} INFO - Processing /home/user/workspace/airflow/dags/data/sales.xlsx took 0.023 seconds
[2021-11-02 12:13:02,649] {processor.py:163} INFO - Started process (PID=24349) to work on /home/user/workspace/airflow/dags/data/sales.xlsx
[2021-11-02 12:13:02,649] {processor.py:620} INFO - Processing file /home/user/workspace/airflow/dags/data/sales.xlsx for tasks to queue
[2021-11-02 12:13:02,650] {logging_mixin.py:109} INFO - [2021-11-02 12:13:02,650] {dagbag.py:500} INFO - Filling up the DagBag from /home/user/workspace/airflow/dags/data/sales.xlsx
[2021-11-02 12:13:02,723] {processor.py:634} WARNING - No viable dags retrieved from /home/user/workspace/airflow/dags/data/sales.xlsx
[2021-11-02 12:13:02,726] {processor.py:171} INFO - Processing /home/user/workspace/airflow/dags/data/sales.xlsx took 0.081 seconds
[2021-11-02 12:13:34,003] {processor.py:163} INFO - Started process (PID=24885) to work on /home/user/workspace/airflow/dags/data/sales.xlsx
[2021-11-02 12:13:34,004] {processor.py:620} INFO - Processing file /home/user/workspace/airflow/dags/data/sales.xlsx for tasks to queue
[2021-11-02 12:13:34,005] {logging_mixin.py:109} INFO - [2021-11-02 12:13:34,004] {dagbag.py:500} INFO - Filling up the DagBag from /home/user/workspace/airflow/dags/data/sales.xlsx
[2021-11-02 12:13:34,019] {processor.py:634} WARNING - No viable dags retrieved from /home/user/workspace/airflow/dags/data/sales.xlsx
[2021-11-02 12:13:34,022] {processor.py:171} INFO - Processing /home/user/workspace/airflow/dags/data/sales.xlsx took 0.021 seconds
[2021-11-02 12:14:07,589] {processor.py:163} INFO - Started process (PID=25472) to work on /home/user/workspace/airflow/dags/data/sales.xlsx
[2021-11-02 12:14:07,591] {processor.py:620} INFO - Processing file /home/user/workspace/airflow/dags/data/sales.xlsx for tasks to queue
[2021-11-02 12:14:07,591] {logging_mixin.py:109} INFO - [2021-11-02 12:14:07,591] {dagbag.py:500} INFO - Filling up the DagBag from /home/user/workspace/airflow/dags/data/sales.xlsx
[2021-11-02 12:14:07,614] {processor.py:634} WARNING - No viable dags retrieved from /home/user/workspace/airflow/dags/data/sales.xlsx
[2021-11-02 12:14:07,619] {processor.py:171} INFO - Processing /home/user/workspace/airflow/dags/data/sales.xlsx took 0.043 seconds
[2021-11-02 12:14:39,976] {processor.py:163} INFO - Started process (PID=25987) to work on /home/user/workspace/airflow/dags/data/sales.xlsx
[2021-11-02 12:14:39,977] {processor.py:620} INFO - Processing file /home/user/workspace/airflow/dags/data/sales.xlsx for tasks to queue
[2021-11-02 12:14:39,978] {logging_mixin.py:109} INFO - [2021-11-02 12:14:39,977] {dagbag.py:500} INFO - Filling up the DagBag from /home/user/workspace/airflow/dags/data/sales.xlsx
[2021-11-02 12:14:39,995] {processor.py:634} WARNING - No viable dags retrieved from /home/user/workspace/airflow/dags/data/sales.xlsx
[2021-11-02 12:14:39,998] {processor.py:171} INFO - Processing /home/user/workspace/airflow/dags/data/sales.xlsx took 0.025 seconds
[2021-11-02 12:15:13,410] {processor.py:163} INFO - Started process (PID=26526) to work on /home/user/workspace/airflow/dags/data/sales.xlsx
[2021-11-02 12:15:13,411] {processor.py:620} INFO - Processing file /home/user/workspace/airflow/dags/data/sales.xlsx for tasks to queue
[2021-11-02 12:15:13,412] {logging_mixin.py:109} INFO - [2021-11-02 12:15:13,412] {dagbag.py:500} INFO - Filling up the DagBag from /home/user/workspace/airflow/dags/data/sales.xlsx
[2021-11-02 12:15:13,429] {processor.py:634} WARNING - No viable dags retrieved from /home/user/workspace/airflow/dags/data/sales.xlsx
[2021-11-02 12:15:13,432] {processor.py:171} INFO - Processing /home/user/workspace/airflow/dags/data/sales.xlsx took 0.025 seconds
[2021-11-02 12:15:45,624] {processor.py:163} INFO - Started process (PID=26962) to work on /home/user/workspace/airflow/dags/data/sales.xlsx
[2021-11-02 12:15:45,625] {processor.py:620} INFO - Processing file /home/user/workspace/airflow/dags/data/sales.xlsx for tasks to queue
[2021-11-02 12:15:45,626] {logging_mixin.py:109} INFO - [2021-11-02 12:15:45,626] {dagbag.py:500} INFO - Filling up the DagBag from /home/user/workspace/airflow/dags/data/sales.xlsx
[2021-11-02 12:15:45,641] {processor.py:634} WARNING - No viable dags retrieved from /home/user/workspace/airflow/dags/data/sales.xlsx
[2021-11-02 12:15:45,646] {processor.py:171} INFO - Processing /home/user/workspace/airflow/dags/data/sales.xlsx took 0.024 seconds
[2021-11-02 12:16:17,948] {processor.py:163} INFO - Started process (PID=27419) to work on /home/user/workspace/airflow/dags/data/sales.xlsx
[2021-11-02 12:16:17,949] {processor.py:620} INFO - Processing file /home/user/workspace/airflow/dags/data/sales.xlsx for tasks to queue
[2021-11-02 12:16:17,950] {logging_mixin.py:109} INFO - [2021-11-02 12:16:17,949] {dagbag.py:500} INFO - Filling up the DagBag from /home/user/workspace/airflow/dags/data/sales.xlsx
[2021-11-02 12:16:17,969] {processor.py:634} WARNING - No viable dags retrieved from /home/user/workspace/airflow/dags/data/sales.xlsx
[2021-11-02 12:16:17,974] {processor.py:171} INFO - Processing /home/user/workspace/airflow/dags/data/sales.xlsx took 0.031 seconds
[2021-11-02 12:16:53,442] {processor.py:163} INFO - Started process (PID=28019) to work on /home/user/workspace/airflow/dags/data/sales.xlsx
[2021-11-02 12:16:53,443] {processor.py:620} INFO - Processing file /home/user/workspace/airflow/dags/data/sales.xlsx for tasks to queue
[2021-11-02 12:16:53,444] {logging_mixin.py:109} INFO - [2021-11-02 12:16:53,444] {dagbag.py:500} INFO - Filling up the DagBag from /home/user/workspace/airflow/dags/data/sales.xlsx
[2021-11-02 12:16:53,471] {processor.py:634} WARNING - No viable dags retrieved from /home/user/workspace/airflow/dags/data/sales.xlsx
[2021-11-02 12:16:53,475] {processor.py:171} INFO - Processing /home/user/workspace/airflow/dags/data/sales.xlsx took 0.038 seconds
[2021-11-02 12:17:24,801] {processor.py:163} INFO - Started process (PID=28471) to work on /home/user/workspace/airflow/dags/data/sales.xlsx
[2021-11-02 12:17:24,804] {processor.py:620} INFO - Processing file /home/user/workspace/airflow/dags/data/sales.xlsx for tasks to queue
[2021-11-02 12:17:24,805] {logging_mixin.py:109} INFO - [2021-11-02 12:17:24,805] {dagbag.py:500} INFO - Filling up the DagBag from /home/user/workspace/airflow/dags/data/sales.xlsx
[2021-11-02 12:17:24,823] {processor.py:634} WARNING - No viable dags retrieved from /home/user/workspace/airflow/dags/data/sales.xlsx
[2021-11-02 12:17:24,827] {processor.py:171} INFO - Processing /home/user/workspace/airflow/dags/data/sales.xlsx took 0.032 seconds
[2021-11-02 12:17:56,086] {processor.py:163} INFO - Started process (PID=29011) to work on /home/user/workspace/airflow/dags/data/sales.xlsx
[2021-11-02 12:17:56,087] {processor.py:620} INFO - Processing file /home/user/workspace/airflow/dags/data/sales.xlsx for tasks to queue
[2021-11-02 12:17:56,087] {logging_mixin.py:109} INFO - [2021-11-02 12:17:56,087] {dagbag.py:500} INFO - Filling up the DagBag from /home/user/workspace/airflow/dags/data/sales.xlsx
[2021-11-02 12:17:56,102] {processor.py:634} WARNING - No viable dags retrieved from /home/user/workspace/airflow/dags/data/sales.xlsx
[2021-11-02 12:17:56,105] {processor.py:171} INFO - Processing /home/user/workspace/airflow/dags/data/sales.xlsx took 0.022 seconds
[2021-11-02 12:18:27,120] {processor.py:163} INFO - Started process (PID=29483) to work on /home/user/workspace/airflow/dags/data/sales.xlsx
[2021-11-02 12:18:27,121] {processor.py:620} INFO - Processing file /home/user/workspace/airflow/dags/data/sales.xlsx for tasks to queue
[2021-11-02 12:18:27,121] {logging_mixin.py:109} INFO - [2021-11-02 12:18:27,121] {dagbag.py:500} INFO - Filling up the DagBag from /home/user/workspace/airflow/dags/data/sales.xlsx
[2021-11-02 12:18:27,135] {processor.py:634} WARNING - No viable dags retrieved from /home/user/workspace/airflow/dags/data/sales.xlsx
[2021-11-02 12:18:27,138] {processor.py:171} INFO - Processing /home/user/workspace/airflow/dags/data/sales.xlsx took 0.020 seconds
[2021-11-02 12:18:58,525] {processor.py:163} INFO - Started process (PID=30078) to work on /home/user/workspace/airflow/dags/data/sales.xlsx
[2021-11-02 12:18:58,526] {processor.py:620} INFO - Processing file /home/user/workspace/airflow/dags/data/sales.xlsx for tasks to queue
[2021-11-02 12:18:58,527] {logging_mixin.py:109} INFO - [2021-11-02 12:18:58,527] {dagbag.py:500} INFO - Filling up the DagBag from /home/user/workspace/airflow/dags/data/sales.xlsx
[2021-11-02 12:18:58,540] {processor.py:634} WARNING - No viable dags retrieved from /home/user/workspace/airflow/dags/data/sales.xlsx
[2021-11-02 12:18:58,542] {processor.py:171} INFO - Processing /home/user/workspace/airflow/dags/data/sales.xlsx took 0.019 seconds
[2021-11-02 12:19:29,642] {processor.py:163} INFO - Started process (PID=30648) to work on /home/user/workspace/airflow/dags/data/sales.xlsx
[2021-11-02 12:19:29,644] {processor.py:620} INFO - Processing file /home/user/workspace/airflow/dags/data/sales.xlsx for tasks to queue
[2021-11-02 12:19:29,644] {logging_mixin.py:109} INFO - [2021-11-02 12:19:29,644] {dagbag.py:500} INFO - Filling up the DagBag from /home/user/workspace/airflow/dags/data/sales.xlsx
[2021-11-02 12:19:29,662] {processor.py:634} WARNING - No viable dags retrieved from /home/user/workspace/airflow/dags/data/sales.xlsx
[2021-11-02 12:19:29,666] {processor.py:171} INFO - Processing /home/user/workspace/airflow/dags/data/sales.xlsx took 0.027 seconds
[2021-11-02 12:20:03,041] {processor.py:163} INFO - Started process (PID=31264) to work on /home/user/workspace/airflow/dags/data/sales.xlsx
[2021-11-02 12:20:03,043] {processor.py:620} INFO - Processing file /home/user/workspace/airflow/dags/data/sales.xlsx for tasks to queue
[2021-11-02 12:20:03,044] {logging_mixin.py:109} INFO - [2021-11-02 12:20:03,044] {dagbag.py:500} INFO - Filling up the DagBag from /home/user/workspace/airflow/dags/data/sales.xlsx
[2021-11-02 12:20:03,064] {processor.py:634} WARNING - No viable dags retrieved from /home/user/workspace/airflow/dags/data/sales.xlsx
[2021-11-02 12:20:03,070] {processor.py:171} INFO - Processing /home/user/workspace/airflow/dags/data/sales.xlsx took 0.034 seconds
[2021-11-02 12:20:34,086] {processor.py:163} INFO - Started process (PID=31896) to work on /home/user/workspace/airflow/dags/data/sales.xlsx
[2021-11-02 12:20:34,087] {processor.py:620} INFO - Processing file /home/user/workspace/airflow/dags/data/sales.xlsx for tasks to queue
[2021-11-02 12:20:34,088] {logging_mixin.py:109} INFO - [2021-11-02 12:20:34,088] {dagbag.py:500} INFO - Filling up the DagBag from /home/user/workspace/airflow/dags/data/sales.xlsx
[2021-11-02 12:20:34,108] {processor.py:634} WARNING - No viable dags retrieved from /home/user/workspace/airflow/dags/data/sales.xlsx
[2021-11-02 12:20:34,114] {processor.py:171} INFO - Processing /home/user/workspace/airflow/dags/data/sales.xlsx took 0.032 seconds
[2021-11-02 12:21:04,884] {processor.py:163} INFO - Started process (PID=32601) to work on /home/user/workspace/airflow/dags/data/sales.xlsx
[2021-11-02 12:21:04,885] {processor.py:620} INFO - Processing file /home/user/workspace/airflow/dags/data/sales.xlsx for tasks to queue
[2021-11-02 12:21:04,886] {logging_mixin.py:109} INFO - [2021-11-02 12:21:04,886] {dagbag.py:500} INFO - Filling up the DagBag from /home/user/workspace/airflow/dags/data/sales.xlsx
[2021-11-02 12:21:04,899] {processor.py:634} WARNING - No viable dags retrieved from /home/user/workspace/airflow/dags/data/sales.xlsx
[2021-11-02 12:21:04,901] {processor.py:171} INFO - Processing /home/user/workspace/airflow/dags/data/sales.xlsx took 0.019 seconds
[2021-11-02 12:21:36,126] {processor.py:163} INFO - Started process (PID=916) to work on /home/user/workspace/airflow/dags/data/sales.xlsx
[2021-11-02 12:21:36,126] {processor.py:620} INFO - Processing file /home/user/workspace/airflow/dags/data/sales.xlsx for tasks to queue
[2021-11-02 12:21:36,127] {logging_mixin.py:109} INFO - [2021-11-02 12:21:36,127] {dagbag.py:500} INFO - Filling up the DagBag from /home/user/workspace/airflow/dags/data/sales.xlsx
[2021-11-02 12:21:36,139] {processor.py:634} WARNING - No viable dags retrieved from /home/user/workspace/airflow/dags/data/sales.xlsx
[2021-11-02 12:21:36,141] {processor.py:171} INFO - Processing /home/user/workspace/airflow/dags/data/sales.xlsx took 0.018 seconds
[2021-11-02 12:22:07,003] {processor.py:163} INFO - Started process (PID=2021) to work on /home/user/workspace/airflow/dags/data/sales.xlsx
[2021-11-02 12:22:07,004] {processor.py:620} INFO - Processing file /home/user/workspace/airflow/dags/data/sales.xlsx for tasks to queue
[2021-11-02 12:22:07,004] {logging_mixin.py:109} INFO - [2021-11-02 12:22:07,004] {dagbag.py:500} INFO - Filling up the DagBag from /home/user/workspace/airflow/dags/data/sales.xlsx
[2021-11-02 12:22:07,016] {processor.py:634} WARNING - No viable dags retrieved from /home/user/workspace/airflow/dags/data/sales.xlsx
[2021-11-02 12:22:07,018] {processor.py:171} INFO - Processing /home/user/workspace/airflow/dags/data/sales.xlsx took 0.018 seconds
[2021-11-02 12:22:37,653] {processor.py:163} INFO - Started process (PID=3216) to work on /home/user/workspace/airflow/dags/data/sales.xlsx
[2021-11-02 12:22:37,653] {processor.py:620} INFO - Processing file /home/user/workspace/airflow/dags/data/sales.xlsx for tasks to queue
[2021-11-02 12:22:37,654] {logging_mixin.py:109} INFO - [2021-11-02 12:22:37,654] {dagbag.py:500} INFO - Filling up the DagBag from /home/user/workspace/airflow/dags/data/sales.xlsx
[2021-11-02 12:22:37,663] {processor.py:634} WARNING - No viable dags retrieved from /home/user/workspace/airflow/dags/data/sales.xlsx
[2021-11-02 12:22:37,665] {processor.py:171} INFO - Processing /home/user/workspace/airflow/dags/data/sales.xlsx took 0.015 seconds
[2021-11-02 12:23:09,405] {processor.py:163} INFO - Started process (PID=4123) to work on /home/user/workspace/airflow/dags/data/sales.xlsx
[2021-11-02 12:23:09,405] {processor.py:620} INFO - Processing file /home/user/workspace/airflow/dags/data/sales.xlsx for tasks to queue
[2021-11-02 12:23:09,406] {logging_mixin.py:109} INFO - [2021-11-02 12:23:09,406] {dagbag.py:500} INFO - Filling up the DagBag from /home/user/workspace/airflow/dags/data/sales.xlsx
[2021-11-02 12:23:09,431] {processor.py:634} WARNING - No viable dags retrieved from /home/user/workspace/airflow/dags/data/sales.xlsx
[2021-11-02 12:23:09,437] {processor.py:171} INFO - Processing /home/user/workspace/airflow/dags/data/sales.xlsx took 0.034 seconds
[2021-11-02 12:23:40,206] {processor.py:163} INFO - Started process (PID=5069) to work on /home/user/workspace/airflow/dags/data/sales.xlsx
[2021-11-02 12:23:40,207] {processor.py:620} INFO - Processing file /home/user/workspace/airflow/dags/data/sales.xlsx for tasks to queue
[2021-11-02 12:23:40,207] {logging_mixin.py:109} INFO - [2021-11-02 12:23:40,207] {dagbag.py:500} INFO - Filling up the DagBag from /home/user/workspace/airflow/dags/data/sales.xlsx
[2021-11-02 12:23:40,218] {processor.py:634} WARNING - No viable dags retrieved from /home/user/workspace/airflow/dags/data/sales.xlsx
[2021-11-02 12:23:40,221] {processor.py:171} INFO - Processing /home/user/workspace/airflow/dags/data/sales.xlsx took 0.017 seconds
[2021-11-02 12:24:11,181] {processor.py:163} INFO - Started process (PID=5689) to work on /home/user/workspace/airflow/dags/data/sales.xlsx
[2021-11-02 12:24:11,182] {processor.py:620} INFO - Processing file /home/user/workspace/airflow/dags/data/sales.xlsx for tasks to queue
[2021-11-02 12:24:11,183] {logging_mixin.py:109} INFO - [2021-11-02 12:24:11,182] {dagbag.py:500} INFO - Filling up the DagBag from /home/user/workspace/airflow/dags/data/sales.xlsx
[2021-11-02 12:24:11,204] {processor.py:634} WARNING - No viable dags retrieved from /home/user/workspace/airflow/dags/data/sales.xlsx
[2021-11-02 12:24:11,208] {processor.py:171} INFO - Processing /home/user/workspace/airflow/dags/data/sales.xlsx took 0.030 seconds
[2021-11-02 12:24:42,000] {processor.py:163} INFO - Started process (PID=6388) to work on /home/user/workspace/airflow/dags/data/sales.xlsx
[2021-11-02 12:24:42,001] {processor.py:620} INFO - Processing file /home/user/workspace/airflow/dags/data/sales.xlsx for tasks to queue
[2021-11-02 12:24:42,001] {logging_mixin.py:109} INFO - [2021-11-02 12:24:42,001] {dagbag.py:500} INFO - Filling up the DagBag from /home/user/workspace/airflow/dags/data/sales.xlsx
[2021-11-02 12:24:42,014] {processor.py:634} WARNING - No viable dags retrieved from /home/user/workspace/airflow/dags/data/sales.xlsx
[2021-11-02 12:24:42,016] {processor.py:171} INFO - Processing /home/user/workspace/airflow/dags/data/sales.xlsx took 0.019 seconds
[2021-11-02 12:25:13,031] {processor.py:163} INFO - Started process (PID=7144) to work on /home/user/workspace/airflow/dags/data/sales.xlsx
[2021-11-02 12:25:13,032] {processor.py:620} INFO - Processing file /home/user/workspace/airflow/dags/data/sales.xlsx for tasks to queue
[2021-11-02 12:25:13,032] {logging_mixin.py:109} INFO - [2021-11-02 12:25:13,032] {dagbag.py:500} INFO - Filling up the DagBag from /home/user/workspace/airflow/dags/data/sales.xlsx
[2021-11-02 12:25:13,043] {processor.py:634} WARNING - No viable dags retrieved from /home/user/workspace/airflow/dags/data/sales.xlsx
[2021-11-02 12:25:13,045] {processor.py:171} INFO - Processing /home/user/workspace/airflow/dags/data/sales.xlsx took 0.016 seconds
[2021-11-02 12:25:43,783] {processor.py:163} INFO - Started process (PID=7833) to work on /home/user/workspace/airflow/dags/data/sales.xlsx
[2021-11-02 12:25:43,783] {processor.py:620} INFO - Processing file /home/user/workspace/airflow/dags/data/sales.xlsx for tasks to queue
[2021-11-02 12:25:43,784] {logging_mixin.py:109} INFO - [2021-11-02 12:25:43,784] {dagbag.py:500} INFO - Filling up the DagBag from /home/user/workspace/airflow/dags/data/sales.xlsx
[2021-11-02 12:25:43,796] {processor.py:634} WARNING - No viable dags retrieved from /home/user/workspace/airflow/dags/data/sales.xlsx
[2021-11-02 12:25:43,799] {processor.py:171} INFO - Processing /home/user/workspace/airflow/dags/data/sales.xlsx took 0.018 seconds
[2021-11-02 12:26:14,669] {processor.py:163} INFO - Started process (PID=8463) to work on /home/user/workspace/airflow/dags/data/sales.xlsx
[2021-11-02 12:26:14,670] {processor.py:620} INFO - Processing file /home/user/workspace/airflow/dags/data/sales.xlsx for tasks to queue
[2021-11-02 12:26:14,670] {logging_mixin.py:109} INFO - [2021-11-02 12:26:14,670] {dagbag.py:500} INFO - Filling up the DagBag from /home/user/workspace/airflow/dags/data/sales.xlsx
[2021-11-02 12:26:14,683] {processor.py:634} WARNING - No viable dags retrieved from /home/user/workspace/airflow/dags/data/sales.xlsx
[2021-11-02 12:26:14,686] {processor.py:171} INFO - Processing /home/user/workspace/airflow/dags/data/sales.xlsx took 0.019 seconds
[2021-11-02 12:26:46,487] {processor.py:163} INFO - Started process (PID=9138) to work on /home/user/workspace/airflow/dags/data/sales.xlsx
[2021-11-02 12:26:46,487] {processor.py:620} INFO - Processing file /home/user/workspace/airflow/dags/data/sales.xlsx for tasks to queue
[2021-11-02 12:26:46,488] {logging_mixin.py:109} INFO - [2021-11-02 12:26:46,488] {dagbag.py:500} INFO - Filling up the DagBag from /home/user/workspace/airflow/dags/data/sales.xlsx
[2021-11-02 12:26:46,499] {processor.py:634} WARNING - No viable dags retrieved from /home/user/workspace/airflow/dags/data/sales.xlsx
[2021-11-02 12:26:46,501] {processor.py:171} INFO - Processing /home/user/workspace/airflow/dags/data/sales.xlsx took 0.017 seconds
[2021-11-02 12:27:20,135] {processor.py:163} INFO - Started process (PID=9831) to work on /home/user/workspace/airflow/dags/data/sales.xlsx
[2021-11-02 12:27:20,135] {processor.py:620} INFO - Processing file /home/user/workspace/airflow/dags/data/sales.xlsx for tasks to queue
[2021-11-02 12:27:20,136] {logging_mixin.py:109} INFO - [2021-11-02 12:27:20,136] {dagbag.py:500} INFO - Filling up the DagBag from /home/user/workspace/airflow/dags/data/sales.xlsx
[2021-11-02 12:27:20,146] {processor.py:634} WARNING - No viable dags retrieved from /home/user/workspace/airflow/dags/data/sales.xlsx
[2021-11-02 12:27:20,148] {processor.py:171} INFO - Processing /home/user/workspace/airflow/dags/data/sales.xlsx took 0.016 seconds
[2021-11-02 12:27:51,590] {processor.py:163} INFO - Started process (PID=10437) to work on /home/user/workspace/airflow/dags/data/sales.xlsx
[2021-11-02 12:27:51,591] {processor.py:620} INFO - Processing file /home/user/workspace/airflow/dags/data/sales.xlsx for tasks to queue
[2021-11-02 12:27:51,591] {logging_mixin.py:109} INFO - [2021-11-02 12:27:51,591] {dagbag.py:500} INFO - Filling up the DagBag from /home/user/workspace/airflow/dags/data/sales.xlsx
[2021-11-02 12:27:51,604] {processor.py:634} WARNING - No viable dags retrieved from /home/user/workspace/airflow/dags/data/sales.xlsx
[2021-11-02 12:27:51,606] {processor.py:171} INFO - Processing /home/user/workspace/airflow/dags/data/sales.xlsx took 0.018 seconds
[2021-11-02 12:28:23,146] {processor.py:163} INFO - Started process (PID=11076) to work on /home/user/workspace/airflow/dags/data/sales.xlsx
[2021-11-02 12:28:23,146] {processor.py:620} INFO - Processing file /home/user/workspace/airflow/dags/data/sales.xlsx for tasks to queue
[2021-11-02 12:28:23,147] {logging_mixin.py:109} INFO - [2021-11-02 12:28:23,147] {dagbag.py:500} INFO - Filling up the DagBag from /home/user/workspace/airflow/dags/data/sales.xlsx
[2021-11-02 12:28:23,157] {processor.py:634} WARNING - No viable dags retrieved from /home/user/workspace/airflow/dags/data/sales.xlsx
[2021-11-02 12:28:23,159] {processor.py:171} INFO - Processing /home/user/workspace/airflow/dags/data/sales.xlsx took 0.016 seconds
[2021-11-02 12:28:54,158] {processor.py:163} INFO - Started process (PID=11710) to work on /home/user/workspace/airflow/dags/data/sales.xlsx
[2021-11-02 12:28:54,158] {processor.py:620} INFO - Processing file /home/user/workspace/airflow/dags/data/sales.xlsx for tasks to queue
[2021-11-02 12:28:54,159] {logging_mixin.py:109} INFO - [2021-11-02 12:28:54,159] {dagbag.py:500} INFO - Filling up the DagBag from /home/user/workspace/airflow/dags/data/sales.xlsx
[2021-11-02 12:28:54,171] {processor.py:634} WARNING - No viable dags retrieved from /home/user/workspace/airflow/dags/data/sales.xlsx
[2021-11-02 12:28:54,174] {processor.py:171} INFO - Processing /home/user/workspace/airflow/dags/data/sales.xlsx took 0.018 seconds
[2021-11-02 12:29:25,002] {processor.py:163} INFO - Started process (PID=12281) to work on /home/user/workspace/airflow/dags/data/sales.xlsx
[2021-11-02 12:29:25,003] {processor.py:620} INFO - Processing file /home/user/workspace/airflow/dags/data/sales.xlsx for tasks to queue
[2021-11-02 12:29:25,003] {logging_mixin.py:109} INFO - [2021-11-02 12:29:25,003] {dagbag.py:500} INFO - Filling up the DagBag from /home/user/workspace/airflow/dags/data/sales.xlsx
[2021-11-02 12:29:25,018] {processor.py:634} WARNING - No viable dags retrieved from /home/user/workspace/airflow/dags/data/sales.xlsx
[2021-11-02 12:29:25,021] {processor.py:171} INFO - Processing /home/user/workspace/airflow/dags/data/sales.xlsx took 0.022 seconds
[2021-11-02 12:29:56,638] {processor.py:163} INFO - Started process (PID=13084) to work on /home/user/workspace/airflow/dags/data/sales.xlsx
[2021-11-02 12:29:56,638] {processor.py:620} INFO - Processing file /home/user/workspace/airflow/dags/data/sales.xlsx for tasks to queue
[2021-11-02 12:29:56,639] {logging_mixin.py:109} INFO - [2021-11-02 12:29:56,639] {dagbag.py:500} INFO - Filling up the DagBag from /home/user/workspace/airflow/dags/data/sales.xlsx
[2021-11-02 12:29:56,649] {processor.py:634} WARNING - No viable dags retrieved from /home/user/workspace/airflow/dags/data/sales.xlsx
[2021-11-02 12:29:56,652] {processor.py:171} INFO - Processing /home/user/workspace/airflow/dags/data/sales.xlsx took 0.016 seconds
[2021-11-02 12:30:28,354] {processor.py:163} INFO - Started process (PID=13782) to work on /home/user/workspace/airflow/dags/data/sales.xlsx
[2021-11-02 12:30:28,355] {processor.py:620} INFO - Processing file /home/user/workspace/airflow/dags/data/sales.xlsx for tasks to queue
[2021-11-02 12:30:28,357] {logging_mixin.py:109} INFO - [2021-11-02 12:30:28,356] {dagbag.py:500} INFO - Filling up the DagBag from /home/user/workspace/airflow/dags/data/sales.xlsx
[2021-11-02 12:30:28,370] {processor.py:634} WARNING - No viable dags retrieved from /home/user/workspace/airflow/dags/data/sales.xlsx
[2021-11-02 12:30:28,372] {processor.py:171} INFO - Processing /home/user/workspace/airflow/dags/data/sales.xlsx took 0.020 seconds
[2021-11-02 12:30:59,606] {processor.py:163} INFO - Started process (PID=14511) to work on /home/user/workspace/airflow/dags/data/sales.xlsx
[2021-11-02 12:30:59,607] {processor.py:620} INFO - Processing file /home/user/workspace/airflow/dags/data/sales.xlsx for tasks to queue
[2021-11-02 12:30:59,607] {logging_mixin.py:109} INFO - [2021-11-02 12:30:59,607] {dagbag.py:500} INFO - Filling up the DagBag from /home/user/workspace/airflow/dags/data/sales.xlsx
[2021-11-02 12:30:59,618] {processor.py:634} WARNING - No viable dags retrieved from /home/user/workspace/airflow/dags/data/sales.xlsx
[2021-11-02 12:30:59,621] {processor.py:171} INFO - Processing /home/user/workspace/airflow/dags/data/sales.xlsx took 0.017 seconds
[2021-11-02 12:31:30,886] {processor.py:163} INFO - Started process (PID=15202) to work on /home/user/workspace/airflow/dags/data/sales.xlsx
[2021-11-02 12:31:30,886] {processor.py:620} INFO - Processing file /home/user/workspace/airflow/dags/data/sales.xlsx for tasks to queue
[2021-11-02 12:31:30,887] {logging_mixin.py:109} INFO - [2021-11-02 12:31:30,887] {dagbag.py:500} INFO - Filling up the DagBag from /home/user/workspace/airflow/dags/data/sales.xlsx
[2021-11-02 12:31:30,900] {processor.py:634} WARNING - No viable dags retrieved from /home/user/workspace/airflow/dags/data/sales.xlsx
[2021-11-02 12:31:30,903] {processor.py:171} INFO - Processing /home/user/workspace/airflow/dags/data/sales.xlsx took 0.020 seconds
[2021-11-02 12:32:02,050] {processor.py:163} INFO - Started process (PID=15930) to work on /home/user/workspace/airflow/dags/data/sales.xlsx
[2021-11-02 12:32:02,051] {processor.py:620} INFO - Processing file /home/user/workspace/airflow/dags/data/sales.xlsx for tasks to queue
[2021-11-02 12:32:02,051] {logging_mixin.py:109} INFO - [2021-11-02 12:32:02,051] {dagbag.py:500} INFO - Filling up the DagBag from /home/user/workspace/airflow/dags/data/sales.xlsx
[2021-11-02 12:32:02,066] {processor.py:634} WARNING - No viable dags retrieved from /home/user/workspace/airflow/dags/data/sales.xlsx
[2021-11-02 12:32:02,070] {processor.py:171} INFO - Processing /home/user/workspace/airflow/dags/data/sales.xlsx took 0.023 seconds
[2021-11-02 12:32:33,414] {processor.py:163} INFO - Started process (PID=16731) to work on /home/user/workspace/airflow/dags/data/sales.xlsx
[2021-11-02 12:32:33,415] {processor.py:620} INFO - Processing file /home/user/workspace/airflow/dags/data/sales.xlsx for tasks to queue
[2021-11-02 12:32:33,416] {logging_mixin.py:109} INFO - [2021-11-02 12:32:33,416] {dagbag.py:500} INFO - Filling up the DagBag from /home/user/workspace/airflow/dags/data/sales.xlsx
[2021-11-02 12:32:33,432] {processor.py:634} WARNING - No viable dags retrieved from /home/user/workspace/airflow/dags/data/sales.xlsx
[2021-11-02 12:32:33,435] {processor.py:171} INFO - Processing /home/user/workspace/airflow/dags/data/sales.xlsx took 0.024 seconds
