[2021-10-28 17:00:36,691] {taskinstance.py:1035} INFO - Dependencies all met for <TaskInstance: transformation.tranformation_to_sharepoint scheduled__2021-10-27T00:00:00+00:00 [queued]>
[2021-10-28 17:00:36,700] {taskinstance.py:1035} INFO - Dependencies all met for <TaskInstance: transformation.tranformation_to_sharepoint scheduled__2021-10-27T00:00:00+00:00 [queued]>
[2021-10-28 17:00:36,700] {taskinstance.py:1241} INFO - 
--------------------------------------------------------------------------------
[2021-10-28 17:00:36,700] {taskinstance.py:1242} INFO - Starting attempt 1 of 2
[2021-10-28 17:00:36,700] {taskinstance.py:1243} INFO - 
--------------------------------------------------------------------------------
[2021-10-28 17:00:36,711] {taskinstance.py:1262} INFO - Executing <Task(PythonOperator): tranformation_to_sharepoint> on 2021-10-27 00:00:00+00:00
[2021-10-28 17:00:36,714] {standard_task_runner.py:52} INFO - Started process 18172 to run task
[2021-10-28 17:00:36,717] {standard_task_runner.py:76} INFO - Running: ['airflow', 'tasks', 'run', 'transformation', 'tranformation_to_sharepoint', 'scheduled__2021-10-27T00:00:00+00:00', '--job-id', '87', '--raw', '--subdir', 'DAGS_FOLDER/transformation.py', '--cfg-path', '/tmp/tmp477gq2gm', '--error-file', '/tmp/tmp6jp4g64m']
[2021-10-28 17:00:36,719] {standard_task_runner.py:77} INFO - Job 87: Subtask tranformation_to_sharepoint
[2021-10-28 17:00:36,753] {logging_mixin.py:109} INFO - Running <TaskInstance: transformation.tranformation_to_sharepoint scheduled__2021-10-27T00:00:00+00:00 [running]> on host user-Latitude-3410
[2021-10-28 17:00:36,785] {taskinstance.py:1414} INFO - Exporting the following env vars:
AIRFLOW_CTX_DAG_EMAIL=shindesushant818@gmail.com
AIRFLOW_CTX_DAG_OWNER=airflow
AIRFLOW_CTX_DAG_ID=transformation
AIRFLOW_CTX_TASK_ID=tranformation_to_sharepoint
AIRFLOW_CTX_EXECUTION_DATE=2021-10-27T00:00:00+00:00
AIRFLOW_CTX_DAG_RUN_ID=scheduled__2021-10-27T00:00:00+00:00
[2021-10-28 17:00:40,927] {python.py:152} INFO - Done. Returned value was: None
[2021-10-28 17:00:40,944] {taskinstance.py:1280} INFO - Marking task as SUCCESS. dag_id=transformation, task_id=tranformation_to_sharepoint, execution_date=20211027T000000, start_date=20211028T113036, end_date=20211028T113040
[2021-10-28 17:00:40,989] {local_task_job.py:154} INFO - Task exited with return code 0
[2021-10-28 17:00:41,016] {local_task_job.py:264} INFO - 0 downstream tasks scheduled from follow-on schedule check
[2021-10-28 17:00:55,810] {taskinstance.py:1035} INFO - Dependencies all met for <TaskInstance: transformation.tranformation_to_sharepoint manual__2021-10-28T11:30:28.833472+00:00 [queued]>
[2021-10-28 17:00:55,819] {taskinstance.py:1035} INFO - Dependencies all met for <TaskInstance: transformation.tranformation_to_sharepoint manual__2021-10-28T11:30:28.833472+00:00 [queued]>
[2021-10-28 17:00:55,819] {taskinstance.py:1241} INFO - 
--------------------------------------------------------------------------------
[2021-10-28 17:00:55,819] {taskinstance.py:1242} INFO - Starting attempt 1 of 2
[2021-10-28 17:00:55,819] {taskinstance.py:1243} INFO - 
--------------------------------------------------------------------------------
[2021-10-28 17:00:55,829] {taskinstance.py:1262} INFO - Executing <Task(PythonOperator): tranformation_to_sharepoint> on 2021-10-28 11:30:28.833472+00:00
[2021-10-28 17:00:55,832] {standard_task_runner.py:52} INFO - Started process 18423 to run task
[2021-10-28 17:00:55,835] {standard_task_runner.py:76} INFO - Running: ['airflow', 'tasks', 'run', 'transformation', 'tranformation_to_sharepoint', 'manual__2021-10-28T11:30:28.833472+00:00', '--job-id', '90', '--raw', '--subdir', 'DAGS_FOLDER/transformation.py', '--cfg-path', '/tmp/tmpjlslaa1g', '--error-file', '/tmp/tmp9k7z3sp0']
[2021-10-28 17:00:55,837] {standard_task_runner.py:77} INFO - Job 90: Subtask tranformation_to_sharepoint
[2021-10-28 17:00:55,868] {logging_mixin.py:109} INFO - Running <TaskInstance: transformation.tranformation_to_sharepoint manual__2021-10-28T11:30:28.833472+00:00 [running]> on host user-Latitude-3410
[2021-10-28 17:00:55,900] {taskinstance.py:1414} INFO - Exporting the following env vars:
AIRFLOW_CTX_DAG_EMAIL=shindesushant818@gmail.com
AIRFLOW_CTX_DAG_OWNER=airflow
AIRFLOW_CTX_DAG_ID=transformation
AIRFLOW_CTX_TASK_ID=tranformation_to_sharepoint
AIRFLOW_CTX_EXECUTION_DATE=2021-10-28T11:30:28.833472+00:00
AIRFLOW_CTX_DAG_RUN_ID=manual__2021-10-28T11:30:28.833472+00:00
[2021-10-28 17:01:01,619] {python.py:152} INFO - Done. Returned value was: None
[2021-10-28 17:01:01,625] {taskinstance.py:1280} INFO - Marking task as SUCCESS. dag_id=transformation, task_id=tranformation_to_sharepoint, execution_date=20211028T113028, start_date=20211028T113055, end_date=20211028T113101
[2021-10-28 17:01:01,641] {local_task_job.py:154} INFO - Task exited with return code 0
[2021-10-28 17:01:01,655] {local_task_job.py:264} INFO - 0 downstream tasks scheduled from follow-on schedule check
[2021-10-28 17:08:12,906] {taskinstance.py:1035} INFO - Dependencies all met for <TaskInstance: transformation.tranformation_to_sharepoint manual__2021-10-28T11:38:08.647575+00:00 [queued]>
[2021-10-28 17:08:12,913] {taskinstance.py:1035} INFO - Dependencies all met for <TaskInstance: transformation.tranformation_to_sharepoint manual__2021-10-28T11:38:08.647575+00:00 [queued]>
[2021-10-28 17:08:12,914] {taskinstance.py:1241} INFO - 
--------------------------------------------------------------------------------
[2021-10-28 17:08:12,914] {taskinstance.py:1242} INFO - Starting attempt 1 of 2
[2021-10-28 17:08:12,914] {taskinstance.py:1243} INFO - 
--------------------------------------------------------------------------------
[2021-10-28 17:08:12,924] {taskinstance.py:1262} INFO - Executing <Task(PythonOperator): tranformation_to_sharepoint> on 2021-10-28 11:38:08.647575+00:00
[2021-10-28 17:08:12,927] {standard_task_runner.py:52} INFO - Started process 20335 to run task
[2021-10-28 17:08:12,929] {standard_task_runner.py:76} INFO - Running: ['airflow', 'tasks', 'run', 'transformation', 'tranformation_to_sharepoint', 'manual__2021-10-28T11:38:08.647575+00:00', '--job-id', '92', '--raw', '--subdir', 'DAGS_FOLDER/transformation.py', '--cfg-path', '/tmp/tmpj4h56xa5', '--error-file', '/tmp/tmpyd1aaesj']
[2021-10-28 17:08:12,932] {standard_task_runner.py:77} INFO - Job 92: Subtask tranformation_to_sharepoint
[2021-10-28 17:08:12,956] {logging_mixin.py:109} INFO - Running <TaskInstance: transformation.tranformation_to_sharepoint manual__2021-10-28T11:38:08.647575+00:00 [running]> on host user-Latitude-3410
[2021-10-28 17:08:12,984] {taskinstance.py:1414} INFO - Exporting the following env vars:
AIRFLOW_CTX_DAG_EMAIL=shindesushant818@gmail.com
AIRFLOW_CTX_DAG_OWNER=airflow
AIRFLOW_CTX_DAG_ID=transformation
AIRFLOW_CTX_TASK_ID=tranformation_to_sharepoint
AIRFLOW_CTX_EXECUTION_DATE=2021-10-28T11:38:08.647575+00:00
AIRFLOW_CTX_DAG_RUN_ID=manual__2021-10-28T11:38:08.647575+00:00
[2021-10-28 17:08:16,755] {python.py:152} INFO - Done. Returned value was: None
[2021-10-28 17:08:16,765] {taskinstance.py:1280} INFO - Marking task as SUCCESS. dag_id=transformation, task_id=tranformation_to_sharepoint, execution_date=20211028T113808, start_date=20211028T113812, end_date=20211028T113816
[2021-10-28 17:08:16,804] {local_task_job.py:154} INFO - Task exited with return code 0
[2021-10-28 17:08:16,833] {local_task_job.py:264} INFO - 1 downstream tasks scheduled from follow-on schedule check
[2021-10-28 17:11:46,697] {taskinstance.py:1035} INFO - Dependencies all met for <TaskInstance: transformation.tranformation_to_sharepoint manual__2021-10-28T11:41:41.337397+00:00 [queued]>
[2021-10-28 17:11:46,707] {taskinstance.py:1035} INFO - Dependencies all met for <TaskInstance: transformation.tranformation_to_sharepoint manual__2021-10-28T11:41:41.337397+00:00 [queued]>
[2021-10-28 17:11:46,707] {taskinstance.py:1241} INFO - 
--------------------------------------------------------------------------------
[2021-10-28 17:11:46,707] {taskinstance.py:1242} INFO - Starting attempt 1 of 2
[2021-10-28 17:11:46,707] {taskinstance.py:1243} INFO - 
--------------------------------------------------------------------------------
[2021-10-28 17:11:46,720] {taskinstance.py:1262} INFO - Executing <Task(PythonOperator): tranformation_to_sharepoint> on 2021-10-28 11:41:41.337397+00:00
[2021-10-28 17:11:46,724] {standard_task_runner.py:52} INFO - Started process 21359 to run task
[2021-10-28 17:11:46,727] {standard_task_runner.py:76} INFO - Running: ['airflow', 'tasks', 'run', 'transformation', 'tranformation_to_sharepoint', 'manual__2021-10-28T11:41:41.337397+00:00', '--job-id', '95', '--raw', '--subdir', 'DAGS_FOLDER/transformation.py', '--cfg-path', '/tmp/tmpfnq5iol4', '--error-file', '/tmp/tmpdkgkw402']
[2021-10-28 17:11:46,729] {standard_task_runner.py:77} INFO - Job 95: Subtask tranformation_to_sharepoint
[2021-10-28 17:11:46,758] {logging_mixin.py:109} INFO - Running <TaskInstance: transformation.tranformation_to_sharepoint manual__2021-10-28T11:41:41.337397+00:00 [running]> on host user-Latitude-3410
[2021-10-28 17:11:46,790] {taskinstance.py:1414} INFO - Exporting the following env vars:
AIRFLOW_CTX_DAG_EMAIL=shindesushant818@gmail.com
AIRFLOW_CTX_DAG_OWNER=airflow
AIRFLOW_CTX_DAG_ID=transformation
AIRFLOW_CTX_TASK_ID=tranformation_to_sharepoint
AIRFLOW_CTX_EXECUTION_DATE=2021-10-28T11:41:41.337397+00:00
AIRFLOW_CTX_DAG_RUN_ID=manual__2021-10-28T11:41:41.337397+00:00
[2021-10-28 17:11:52,589] {python.py:152} INFO - Done. Returned value was: None
[2021-10-28 17:11:52,595] {taskinstance.py:1280} INFO - Marking task as SUCCESS. dag_id=transformation, task_id=tranformation_to_sharepoint, execution_date=20211028T114141, start_date=20211028T114146, end_date=20211028T114152
[2021-10-28 17:11:52,637] {local_task_job.py:154} INFO - Task exited with return code 0
[2021-10-28 17:11:52,664] {local_task_job.py:264} INFO - 1 downstream tasks scheduled from follow-on schedule check
[2021-10-28 17:13:10,936] {taskinstance.py:1035} INFO - Dependencies all met for <TaskInstance: transformation.tranformation_to_sharepoint manual__2021-10-28T11:43:05.958871+00:00 [queued]>
[2021-10-28 17:13:10,944] {taskinstance.py:1035} INFO - Dependencies all met for <TaskInstance: transformation.tranformation_to_sharepoint manual__2021-10-28T11:43:05.958871+00:00 [queued]>
[2021-10-28 17:13:10,945] {taskinstance.py:1241} INFO - 
--------------------------------------------------------------------------------
[2021-10-28 17:13:10,945] {taskinstance.py:1242} INFO - Starting attempt 1 of 2
[2021-10-28 17:13:10,945] {taskinstance.py:1243} INFO - 
--------------------------------------------------------------------------------
[2021-10-28 17:13:10,953] {taskinstance.py:1262} INFO - Executing <Task(PythonOperator): tranformation_to_sharepoint> on 2021-10-28 11:43:05.958871+00:00
[2021-10-28 17:13:10,957] {standard_task_runner.py:52} INFO - Started process 22066 to run task
[2021-10-28 17:13:10,959] {standard_task_runner.py:76} INFO - Running: ['airflow', 'tasks', 'run', 'transformation', 'tranformation_to_sharepoint', 'manual__2021-10-28T11:43:05.958871+00:00', '--job-id', '98', '--raw', '--subdir', 'DAGS_FOLDER/transformation.py', '--cfg-path', '/tmp/tmphmmcpgea', '--error-file', '/tmp/tmpk5a2ic30']
[2021-10-28 17:13:10,961] {standard_task_runner.py:77} INFO - Job 98: Subtask tranformation_to_sharepoint
[2021-10-28 17:13:10,986] {logging_mixin.py:109} INFO - Running <TaskInstance: transformation.tranformation_to_sharepoint manual__2021-10-28T11:43:05.958871+00:00 [running]> on host user-Latitude-3410
[2021-10-28 17:13:11,019] {taskinstance.py:1414} INFO - Exporting the following env vars:
AIRFLOW_CTX_DAG_EMAIL=shindesushant818@gmail.com
AIRFLOW_CTX_DAG_OWNER=airflow
AIRFLOW_CTX_DAG_ID=transformation
AIRFLOW_CTX_TASK_ID=tranformation_to_sharepoint
AIRFLOW_CTX_EXECUTION_DATE=2021-10-28T11:43:05.958871+00:00
AIRFLOW_CTX_DAG_RUN_ID=manual__2021-10-28T11:43:05.958871+00:00
[2021-10-28 17:13:15,116] {python.py:152} INFO - Done. Returned value was: None
[2021-10-28 17:13:15,133] {taskinstance.py:1280} INFO - Marking task as SUCCESS. dag_id=transformation, task_id=tranformation_to_sharepoint, execution_date=20211028T114305, start_date=20211028T114310, end_date=20211028T114315
[2021-10-28 17:13:15,163] {local_task_job.py:154} INFO - Task exited with return code 0
[2021-10-28 17:13:15,233] {local_task_job.py:264} INFO - 1 downstream tasks scheduled from follow-on schedule check
[2021-10-28 17:14:28,566] {taskinstance.py:1035} INFO - Dependencies all met for <TaskInstance: transformation.tranformation_to_sharepoint manual__2021-10-28T11:44:23.409147+00:00 [queued]>
[2021-10-28 17:14:28,573] {taskinstance.py:1035} INFO - Dependencies all met for <TaskInstance: transformation.tranformation_to_sharepoint manual__2021-10-28T11:44:23.409147+00:00 [queued]>
[2021-10-28 17:14:28,573] {taskinstance.py:1241} INFO - 
--------------------------------------------------------------------------------
[2021-10-28 17:14:28,574] {taskinstance.py:1242} INFO - Starting attempt 1 of 2
[2021-10-28 17:14:28,574] {taskinstance.py:1243} INFO - 
--------------------------------------------------------------------------------
[2021-10-28 17:14:28,583] {taskinstance.py:1262} INFO - Executing <Task(PythonOperator): tranformation_to_sharepoint> on 2021-10-28 11:44:23.409147+00:00
[2021-10-28 17:14:28,586] {standard_task_runner.py:52} INFO - Started process 22660 to run task
[2021-10-28 17:14:28,589] {standard_task_runner.py:76} INFO - Running: ['airflow', 'tasks', 'run', 'transformation', 'tranformation_to_sharepoint', 'manual__2021-10-28T11:44:23.409147+00:00', '--job-id', '101', '--raw', '--subdir', 'DAGS_FOLDER/transformation.py', '--cfg-path', '/tmp/tmpmzmods14', '--error-file', '/tmp/tmpra0_v15w']
[2021-10-28 17:14:28,591] {standard_task_runner.py:77} INFO - Job 101: Subtask tranformation_to_sharepoint
[2021-10-28 17:14:28,616] {logging_mixin.py:109} INFO - Running <TaskInstance: transformation.tranformation_to_sharepoint manual__2021-10-28T11:44:23.409147+00:00 [running]> on host user-Latitude-3410
[2021-10-28 17:14:28,643] {taskinstance.py:1414} INFO - Exporting the following env vars:
AIRFLOW_CTX_DAG_EMAIL=shindesushant818@gmail.com
AIRFLOW_CTX_DAG_OWNER=airflow
AIRFLOW_CTX_DAG_ID=transformation
AIRFLOW_CTX_TASK_ID=tranformation_to_sharepoint
AIRFLOW_CTX_EXECUTION_DATE=2021-10-28T11:44:23.409147+00:00
AIRFLOW_CTX_DAG_RUN_ID=manual__2021-10-28T11:44:23.409147+00:00
[2021-10-28 17:14:34,197] {python.py:152} INFO - Done. Returned value was: None
[2021-10-28 17:14:34,207] {taskinstance.py:1280} INFO - Marking task as SUCCESS. dag_id=transformation, task_id=tranformation_to_sharepoint, execution_date=20211028T114423, start_date=20211028T114428, end_date=20211028T114434
[2021-10-28 17:14:34,250] {local_task_job.py:154} INFO - Task exited with return code 0
[2021-10-28 17:14:34,281] {local_task_job.py:264} INFO - 1 downstream tasks scheduled from follow-on schedule check
[2021-10-28 17:15:51,194] {taskinstance.py:1035} INFO - Dependencies all met for <TaskInstance: transformation.tranformation_to_sharepoint manual__2021-10-28T11:45:47.427177+00:00 [queued]>
[2021-10-28 17:15:51,202] {taskinstance.py:1035} INFO - Dependencies all met for <TaskInstance: transformation.tranformation_to_sharepoint manual__2021-10-28T11:45:47.427177+00:00 [queued]>
[2021-10-28 17:15:51,203] {taskinstance.py:1241} INFO - 
--------------------------------------------------------------------------------
[2021-10-28 17:15:51,203] {taskinstance.py:1242} INFO - Starting attempt 1 of 2
[2021-10-28 17:15:51,203] {taskinstance.py:1243} INFO - 
--------------------------------------------------------------------------------
[2021-10-28 17:15:51,212] {taskinstance.py:1262} INFO - Executing <Task(PythonOperator): tranformation_to_sharepoint> on 2021-10-28 11:45:47.427177+00:00
[2021-10-28 17:15:51,215] {standard_task_runner.py:52} INFO - Started process 23318 to run task
[2021-10-28 17:15:51,218] {standard_task_runner.py:76} INFO - Running: ['airflow', 'tasks', 'run', 'transformation', 'tranformation_to_sharepoint', 'manual__2021-10-28T11:45:47.427177+00:00', '--job-id', '104', '--raw', '--subdir', 'DAGS_FOLDER/transformation.py', '--cfg-path', '/tmp/tmpw15pthd7', '--error-file', '/tmp/tmpugizt9sb']
[2021-10-28 17:15:51,220] {standard_task_runner.py:77} INFO - Job 104: Subtask tranformation_to_sharepoint
[2021-10-28 17:15:51,245] {logging_mixin.py:109} INFO - Running <TaskInstance: transformation.tranformation_to_sharepoint manual__2021-10-28T11:45:47.427177+00:00 [running]> on host user-Latitude-3410
[2021-10-28 17:15:51,272] {taskinstance.py:1414} INFO - Exporting the following env vars:
AIRFLOW_CTX_DAG_EMAIL=shindesushant818@gmail.com
AIRFLOW_CTX_DAG_OWNER=airflow
AIRFLOW_CTX_DAG_ID=transformation
AIRFLOW_CTX_TASK_ID=tranformation_to_sharepoint
AIRFLOW_CTX_EXECUTION_DATE=2021-10-28T11:45:47.427177+00:00
AIRFLOW_CTX_DAG_RUN_ID=manual__2021-10-28T11:45:47.427177+00:00
[2021-10-28 17:15:55,980] {python.py:152} INFO - Done. Returned value was: None
[2021-10-28 17:15:55,986] {taskinstance.py:1280} INFO - Marking task as SUCCESS. dag_id=transformation, task_id=tranformation_to_sharepoint, execution_date=20211028T114547, start_date=20211028T114551, end_date=20211028T114555
[2021-10-28 17:15:56,013] {local_task_job.py:154} INFO - Task exited with return code 0
[2021-10-28 17:15:56,041] {local_task_job.py:264} INFO - 1 downstream tasks scheduled from follow-on schedule check
[2021-10-28 17:17:19,158] {taskinstance.py:1035} INFO - Dependencies all met for <TaskInstance: transformation.tranformation_to_sharepoint manual__2021-10-28T11:47:15.470955+00:00 [queued]>
[2021-10-28 17:17:19,172] {taskinstance.py:1035} INFO - Dependencies all met for <TaskInstance: transformation.tranformation_to_sharepoint manual__2021-10-28T11:47:15.470955+00:00 [queued]>
[2021-10-28 17:17:19,172] {taskinstance.py:1241} INFO - 
--------------------------------------------------------------------------------
[2021-10-28 17:17:19,172] {taskinstance.py:1242} INFO - Starting attempt 1 of 2
[2021-10-28 17:17:19,173] {taskinstance.py:1243} INFO - 
--------------------------------------------------------------------------------
[2021-10-28 17:17:19,208] {taskinstance.py:1262} INFO - Executing <Task(PythonOperator): tranformation_to_sharepoint> on 2021-10-28 11:47:15.470955+00:00
[2021-10-28 17:17:19,219] {standard_task_runner.py:52} INFO - Started process 24002 to run task
[2021-10-28 17:17:19,233] {standard_task_runner.py:76} INFO - Running: ['airflow', 'tasks', 'run', 'transformation', 'tranformation_to_sharepoint', 'manual__2021-10-28T11:47:15.470955+00:00', '--job-id', '107', '--raw', '--subdir', 'DAGS_FOLDER/transformation.py', '--cfg-path', '/tmp/tmpq_qtc2eb', '--error-file', '/tmp/tmphoi1bsik']
[2021-10-28 17:17:19,238] {standard_task_runner.py:77} INFO - Job 107: Subtask tranformation_to_sharepoint
[2021-10-28 17:17:19,296] {logging_mixin.py:109} INFO - Running <TaskInstance: transformation.tranformation_to_sharepoint manual__2021-10-28T11:47:15.470955+00:00 [running]> on host user-Latitude-3410
[2021-10-28 17:17:19,346] {taskinstance.py:1414} INFO - Exporting the following env vars:
AIRFLOW_CTX_DAG_EMAIL=shindesushant818@gmail.com
AIRFLOW_CTX_DAG_OWNER=airflow
AIRFLOW_CTX_DAG_ID=transformation
AIRFLOW_CTX_TASK_ID=tranformation_to_sharepoint
AIRFLOW_CTX_EXECUTION_DATE=2021-10-28T11:47:15.470955+00:00
AIRFLOW_CTX_DAG_RUN_ID=manual__2021-10-28T11:47:15.470955+00:00
[2021-10-28 17:17:22,968] {python.py:152} INFO - Done. Returned value was: None
[2021-10-28 17:17:22,975] {taskinstance.py:1280} INFO - Marking task as SUCCESS. dag_id=transformation, task_id=tranformation_to_sharepoint, execution_date=20211028T114715, start_date=20211028T114719, end_date=20211028T114722
[2021-10-28 17:17:23,023] {local_task_job.py:154} INFO - Task exited with return code 0
[2021-10-28 17:17:23,054] {local_task_job.py:264} INFO - 1 downstream tasks scheduled from follow-on schedule check
[2021-10-28 17:20:28,826] {taskinstance.py:1035} INFO - Dependencies all met for <TaskInstance: transformation.tranformation_to_sharepoint manual__2021-10-28T11:50:24.318410+00:00 [queued]>
[2021-10-28 17:20:28,834] {taskinstance.py:1035} INFO - Dependencies all met for <TaskInstance: transformation.tranformation_to_sharepoint manual__2021-10-28T11:50:24.318410+00:00 [queued]>
[2021-10-28 17:20:28,834] {taskinstance.py:1241} INFO - 
--------------------------------------------------------------------------------
[2021-10-28 17:20:28,834] {taskinstance.py:1242} INFO - Starting attempt 1 of 2
[2021-10-28 17:20:28,834] {taskinstance.py:1243} INFO - 
--------------------------------------------------------------------------------
[2021-10-28 17:20:28,843] {taskinstance.py:1262} INFO - Executing <Task(PythonOperator): tranformation_to_sharepoint> on 2021-10-28 11:50:24.318410+00:00
[2021-10-28 17:20:28,846] {standard_task_runner.py:52} INFO - Started process 25115 to run task
[2021-10-28 17:20:28,849] {standard_task_runner.py:76} INFO - Running: ['airflow', 'tasks', 'run', 'transformation', 'tranformation_to_sharepoint', 'manual__2021-10-28T11:50:24.318410+00:00', '--job-id', '110', '--raw', '--subdir', 'DAGS_FOLDER/transformation.py', '--cfg-path', '/tmp/tmp4t8cetcm', '--error-file', '/tmp/tmpj9zt48eh']
[2021-10-28 17:20:28,851] {standard_task_runner.py:77} INFO - Job 110: Subtask tranformation_to_sharepoint
[2021-10-28 17:20:28,875] {logging_mixin.py:109} INFO - Running <TaskInstance: transformation.tranformation_to_sharepoint manual__2021-10-28T11:50:24.318410+00:00 [running]> on host user-Latitude-3410
[2021-10-28 17:20:28,901] {taskinstance.py:1414} INFO - Exporting the following env vars:
AIRFLOW_CTX_DAG_EMAIL=shindesushant818@gmail.com
AIRFLOW_CTX_DAG_OWNER=airflow
AIRFLOW_CTX_DAG_ID=transformation
AIRFLOW_CTX_TASK_ID=tranformation_to_sharepoint
AIRFLOW_CTX_EXECUTION_DATE=2021-10-28T11:50:24.318410+00:00
AIRFLOW_CTX_DAG_RUN_ID=manual__2021-10-28T11:50:24.318410+00:00
[2021-10-28 17:20:34,851] {python.py:152} INFO - Done. Returned value was: None
[2021-10-28 17:20:34,857] {taskinstance.py:1280} INFO - Marking task as SUCCESS. dag_id=transformation, task_id=tranformation_to_sharepoint, execution_date=20211028T115024, start_date=20211028T115028, end_date=20211028T115034
[2021-10-28 17:20:34,906] {local_task_job.py:154} INFO - Task exited with return code 0
[2021-10-28 17:20:34,934] {local_task_job.py:264} INFO - 1 downstream tasks scheduled from follow-on schedule check
[2021-10-28 17:22:07,421] {taskinstance.py:1035} INFO - Dependencies all met for <TaskInstance: transformation.tranformation_to_sharepoint manual__2021-10-28T11:52:03.822348+00:00 [queued]>
[2021-10-28 17:22:07,431] {taskinstance.py:1035} INFO - Dependencies all met for <TaskInstance: transformation.tranformation_to_sharepoint manual__2021-10-28T11:52:03.822348+00:00 [queued]>
[2021-10-28 17:22:07,431] {taskinstance.py:1241} INFO - 
--------------------------------------------------------------------------------
[2021-10-28 17:22:07,431] {taskinstance.py:1242} INFO - Starting attempt 1 of 2
[2021-10-28 17:22:07,431] {taskinstance.py:1243} INFO - 
--------------------------------------------------------------------------------
[2021-10-28 17:22:07,442] {taskinstance.py:1262} INFO - Executing <Task(PythonOperator): tranformation_to_sharepoint> on 2021-10-28 11:52:03.822348+00:00
[2021-10-28 17:22:07,445] {standard_task_runner.py:52} INFO - Started process 25850 to run task
[2021-10-28 17:22:07,448] {standard_task_runner.py:76} INFO - Running: ['airflow', 'tasks', 'run', 'transformation', 'tranformation_to_sharepoint', 'manual__2021-10-28T11:52:03.822348+00:00', '--job-id', '113', '--raw', '--subdir', 'DAGS_FOLDER/transformation.py', '--cfg-path', '/tmp/tmpha42s7md', '--error-file', '/tmp/tmp9yps89t_']
[2021-10-28 17:22:07,451] {standard_task_runner.py:77} INFO - Job 113: Subtask tranformation_to_sharepoint
[2021-10-28 17:22:07,477] {logging_mixin.py:109} INFO - Running <TaskInstance: transformation.tranformation_to_sharepoint manual__2021-10-28T11:52:03.822348+00:00 [running]> on host user-Latitude-3410
[2021-10-28 17:22:07,507] {taskinstance.py:1414} INFO - Exporting the following env vars:
AIRFLOW_CTX_DAG_EMAIL=shindesushant818@gmail.com
AIRFLOW_CTX_DAG_OWNER=airflow
AIRFLOW_CTX_DAG_ID=transformation
AIRFLOW_CTX_TASK_ID=tranformation_to_sharepoint
AIRFLOW_CTX_EXECUTION_DATE=2021-10-28T11:52:03.822348+00:00
AIRFLOW_CTX_DAG_RUN_ID=manual__2021-10-28T11:52:03.822348+00:00
[2021-10-28 17:22:10,849] {python.py:152} INFO - Done. Returned value was: None
[2021-10-28 17:22:10,854] {taskinstance.py:1280} INFO - Marking task as SUCCESS. dag_id=transformation, task_id=tranformation_to_sharepoint, execution_date=20211028T115203, start_date=20211028T115207, end_date=20211028T115210
[2021-10-28 17:22:10,880] {local_task_job.py:154} INFO - Task exited with return code 0
[2021-10-28 17:22:10,905] {local_task_job.py:264} INFO - 1 downstream tasks scheduled from follow-on schedule check
[2021-10-28 17:23:47,824] {taskinstance.py:1035} INFO - Dependencies all met for <TaskInstance: transformation.tranformation_to_sharepoint manual__2021-10-28T11:53:43.495112+00:00 [queued]>
[2021-10-28 17:23:47,843] {taskinstance.py:1035} INFO - Dependencies all met for <TaskInstance: transformation.tranformation_to_sharepoint manual__2021-10-28T11:53:43.495112+00:00 [queued]>
[2021-10-28 17:23:47,843] {taskinstance.py:1241} INFO - 
--------------------------------------------------------------------------------
[2021-10-28 17:23:47,843] {taskinstance.py:1242} INFO - Starting attempt 1 of 2
[2021-10-28 17:23:47,843] {taskinstance.py:1243} INFO - 
--------------------------------------------------------------------------------
[2021-10-28 17:23:47,865] {taskinstance.py:1262} INFO - Executing <Task(PythonOperator): tranformation_to_sharepoint> on 2021-10-28 11:53:43.495112+00:00
[2021-10-28 17:23:47,870] {standard_task_runner.py:52} INFO - Started process 26575 to run task
[2021-10-28 17:23:47,875] {standard_task_runner.py:76} INFO - Running: ['airflow', 'tasks', 'run', 'transformation', 'tranformation_to_sharepoint', 'manual__2021-10-28T11:53:43.495112+00:00', '--job-id', '116', '--raw', '--subdir', 'DAGS_FOLDER/transformation.py', '--cfg-path', '/tmp/tmphbjj4qvu', '--error-file', '/tmp/tmpiq8t8dlz']
[2021-10-28 17:23:47,881] {standard_task_runner.py:77} INFO - Job 116: Subtask tranformation_to_sharepoint
[2021-10-28 17:23:47,936] {logging_mixin.py:109} INFO - Running <TaskInstance: transformation.tranformation_to_sharepoint manual__2021-10-28T11:53:43.495112+00:00 [running]> on host user-Latitude-3410
[2021-10-28 17:23:47,998] {taskinstance.py:1414} INFO - Exporting the following env vars:
AIRFLOW_CTX_DAG_EMAIL=shindesushant818@gmail.com
AIRFLOW_CTX_DAG_OWNER=airflow
AIRFLOW_CTX_DAG_ID=transformation
AIRFLOW_CTX_TASK_ID=tranformation_to_sharepoint
AIRFLOW_CTX_EXECUTION_DATE=2021-10-28T11:53:43.495112+00:00
AIRFLOW_CTX_DAG_RUN_ID=manual__2021-10-28T11:53:43.495112+00:00
[2021-10-28 17:23:52,151] {python.py:152} INFO - Done. Returned value was: None
[2021-10-28 17:23:52,162] {taskinstance.py:1280} INFO - Marking task as SUCCESS. dag_id=transformation, task_id=tranformation_to_sharepoint, execution_date=20211028T115343, start_date=20211028T115347, end_date=20211028T115352
[2021-10-28 17:23:52,239] {local_task_job.py:154} INFO - Task exited with return code 0
[2021-10-28 17:23:52,290] {local_task_job.py:264} INFO - 1 downstream tasks scheduled from follow-on schedule check
[2021-10-28 17:25:53,827] {taskinstance.py:1035} INFO - Dependencies all met for <TaskInstance: transformation.tranformation_to_sharepoint manual__2021-10-28T11:55:49.356826+00:00 [queued]>
[2021-10-28 17:25:53,854] {taskinstance.py:1035} INFO - Dependencies all met for <TaskInstance: transformation.tranformation_to_sharepoint manual__2021-10-28T11:55:49.356826+00:00 [queued]>
[2021-10-28 17:25:53,854] {taskinstance.py:1241} INFO - 
--------------------------------------------------------------------------------
[2021-10-28 17:25:53,855] {taskinstance.py:1242} INFO - Starting attempt 1 of 2
[2021-10-28 17:25:53,855] {taskinstance.py:1243} INFO - 
--------------------------------------------------------------------------------
[2021-10-28 17:25:53,891] {taskinstance.py:1262} INFO - Executing <Task(PythonOperator): tranformation_to_sharepoint> on 2021-10-28 11:55:49.356826+00:00
[2021-10-28 17:25:53,949] {standard_task_runner.py:76} INFO - Running: ['airflow', 'tasks', 'run', 'transformation', 'tranformation_to_sharepoint', 'manual__2021-10-28T11:55:49.356826+00:00', '--job-id', '119', '--raw', '--subdir', 'DAGS_FOLDER/transformation.py', '--cfg-path', '/tmp/tmp72baj656', '--error-file', '/tmp/tmprd40hd76']
[2021-10-28 17:25:53,954] {standard_task_runner.py:77} INFO - Job 119: Subtask tranformation_to_sharepoint
[2021-10-28 17:25:53,937] {standard_task_runner.py:52} INFO - Started process 27478 to run task
[2021-10-28 17:25:54,023] {logging_mixin.py:109} INFO - Running <TaskInstance: transformation.tranformation_to_sharepoint manual__2021-10-28T11:55:49.356826+00:00 [running]> on host user-Latitude-3410
[2021-10-28 17:25:54,109] {taskinstance.py:1414} INFO - Exporting the following env vars:
AIRFLOW_CTX_DAG_EMAIL=shindesushant818@gmail.com
AIRFLOW_CTX_DAG_OWNER=airflow
AIRFLOW_CTX_DAG_ID=transformation
AIRFLOW_CTX_TASK_ID=tranformation_to_sharepoint
AIRFLOW_CTX_EXECUTION_DATE=2021-10-28T11:55:49.356826+00:00
AIRFLOW_CTX_DAG_RUN_ID=manual__2021-10-28T11:55:49.356826+00:00
[2021-10-28 17:25:59,682] {python.py:152} INFO - Done. Returned value was: None
[2021-10-28 17:25:59,689] {taskinstance.py:1280} INFO - Marking task as SUCCESS. dag_id=transformation, task_id=tranformation_to_sharepoint, execution_date=20211028T115549, start_date=20211028T115553, end_date=20211028T115559
[2021-10-28 17:25:59,723] {local_task_job.py:154} INFO - Task exited with return code 0
[2021-10-28 17:25:59,747] {local_task_job.py:264} INFO - 1 downstream tasks scheduled from follow-on schedule check
[2021-10-28 17:28:45,221] {taskinstance.py:1035} INFO - Dependencies all met for <TaskInstance: transformation.tranformation_to_sharepoint manual__2021-10-28T11:58:41.567308+00:00 [queued]>
[2021-10-28 17:28:45,230] {taskinstance.py:1035} INFO - Dependencies all met for <TaskInstance: transformation.tranformation_to_sharepoint manual__2021-10-28T11:58:41.567308+00:00 [queued]>
[2021-10-28 17:28:45,230] {taskinstance.py:1241} INFO - 
--------------------------------------------------------------------------------
[2021-10-28 17:28:45,230] {taskinstance.py:1242} INFO - Starting attempt 1 of 2
[2021-10-28 17:28:45,230] {taskinstance.py:1243} INFO - 
--------------------------------------------------------------------------------
[2021-10-28 17:28:45,239] {taskinstance.py:1262} INFO - Executing <Task(PythonOperator): tranformation_to_sharepoint> on 2021-10-28 11:58:41.567308+00:00
[2021-10-28 17:28:45,242] {standard_task_runner.py:52} INFO - Started process 28649 to run task
[2021-10-28 17:28:45,245] {standard_task_runner.py:76} INFO - Running: ['airflow', 'tasks', 'run', 'transformation', 'tranformation_to_sharepoint', 'manual__2021-10-28T11:58:41.567308+00:00', '--job-id', '122', '--raw', '--subdir', 'DAGS_FOLDER/transformation.py', '--cfg-path', '/tmp/tmpbowo2x66', '--error-file', '/tmp/tmpw3oj9j8d']
[2021-10-28 17:28:45,249] {standard_task_runner.py:77} INFO - Job 122: Subtask tranformation_to_sharepoint
[2021-10-28 17:28:45,337] {logging_mixin.py:109} INFO - Running <TaskInstance: transformation.tranformation_to_sharepoint manual__2021-10-28T11:58:41.567308+00:00 [running]> on host user-Latitude-3410
[2021-10-28 17:28:45,439] {taskinstance.py:1414} INFO - Exporting the following env vars:
AIRFLOW_CTX_DAG_EMAIL=shindesushant818@gmail.com
AIRFLOW_CTX_DAG_OWNER=airflow
AIRFLOW_CTX_DAG_ID=transformation
AIRFLOW_CTX_TASK_ID=tranformation_to_sharepoint
AIRFLOW_CTX_EXECUTION_DATE=2021-10-28T11:58:41.567308+00:00
AIRFLOW_CTX_DAG_RUN_ID=manual__2021-10-28T11:58:41.567308+00:00
[2021-10-28 17:28:48,973] {python.py:152} INFO - Done. Returned value was: None
[2021-10-28 17:28:48,979] {taskinstance.py:1280} INFO - Marking task as SUCCESS. dag_id=transformation, task_id=tranformation_to_sharepoint, execution_date=20211028T115841, start_date=20211028T115845, end_date=20211028T115848
[2021-10-28 17:28:49,006] {local_task_job.py:154} INFO - Task exited with return code 0
[2021-10-28 17:28:49,035] {local_task_job.py:264} INFO - 1 downstream tasks scheduled from follow-on schedule check
