[2021-10-28 09:46:54,094] {taskinstance.py:1035} INFO - Dependencies all met for <TaskInstance: sharepoint.datatype_collection scheduled__2021-10-27T00:00:00+00:00 [queued]>
[2021-10-28 09:46:54,105] {taskinstance.py:1035} INFO - Dependencies all met for <TaskInstance: sharepoint.datatype_collection scheduled__2021-10-27T00:00:00+00:00 [queued]>
[2021-10-28 09:46:54,106] {taskinstance.py:1241} INFO - 
--------------------------------------------------------------------------------
[2021-10-28 09:46:54,106] {taskinstance.py:1242} INFO - Starting attempt 1 of 2
[2021-10-28 09:46:54,106] {taskinstance.py:1243} INFO - 
--------------------------------------------------------------------------------
[2021-10-28 09:46:54,119] {taskinstance.py:1262} INFO - Executing <Task(PythonOperator): datatype_collection> on 2021-10-27 00:00:00+00:00
[2021-10-28 09:46:54,124] {standard_task_runner.py:52} INFO - Started process 6873 to run task
[2021-10-28 09:46:54,127] {standard_task_runner.py:76} INFO - Running: ['airflow', 'tasks', 'run', 'sharepoint', 'datatype_collection', 'scheduled__2021-10-27T00:00:00+00:00', '--job-id', '89', '--raw', '--subdir', 'DAGS_FOLDER/Sharepoint.py', '--cfg-path', '/tmp/tmp4mwez6dv', '--error-file', '/tmp/tmpgupvhnwu']
[2021-10-28 09:46:54,129] {standard_task_runner.py:77} INFO - Job 89: Subtask datatype_collection
[2021-10-28 09:46:54,153] {logging_mixin.py:109} INFO - Running <TaskInstance: sharepoint.datatype_collection scheduled__2021-10-27T00:00:00+00:00 [running]> on host user-Latitude-3410
[2021-10-28 09:46:54,179] {taskinstance.py:1414} INFO - Exporting the following env vars:
AIRFLOW_CTX_DAG_EMAIL=shindesushant818@gmail.com
AIRFLOW_CTX_DAG_OWNER=airflow
AIRFLOW_CTX_DAG_ID=sharepoint
AIRFLOW_CTX_TASK_ID=datatype_collection
AIRFLOW_CTX_EXECUTION_DATE=2021-10-27T00:00:00+00:00
AIRFLOW_CTX_DAG_RUN_ID=scheduled__2021-10-27T00:00:00+00:00
[2021-10-28 09:46:54,183] {logging_mixin.py:109} INFO - dict_keys(['first_name', 'startdate', 'makrs'])
[2021-10-28 09:46:54,209] {logging_mixin.py:109} INFO - kjb  <class 'str'>
[2021-10-28 09:46:54,209] {logging_mixin.py:109} INFO - 0
[2021-10-28 09:46:58,416] {python.py:152} INFO - Done. Returned value was: None
[2021-10-28 09:46:58,420] {taskinstance.py:1280} INFO - Marking task as SUCCESS. dag_id=sharepoint, task_id=datatype_collection, execution_date=20211027T000000, start_date=20211028T041654, end_date=20211028T041658
[2021-10-28 09:46:58,475] {local_task_job.py:154} INFO - Task exited with return code 0
[2021-10-28 09:46:58,495] {local_task_job.py:264} INFO - 1 downstream tasks scheduled from follow-on schedule check
