[2021-10-14 14:48:08,377] {taskinstance.py:1035} INFO - Dependencies all met for <TaskInstance: my_dag.accurate manual__2021-10-14T09:17:58.165785+00:00 [queued]>
[2021-10-14 14:48:08,386] {taskinstance.py:1035} INFO - Dependencies all met for <TaskInstance: my_dag.accurate manual__2021-10-14T09:17:58.165785+00:00 [queued]>
[2021-10-14 14:48:08,386] {taskinstance.py:1241} INFO - 
--------------------------------------------------------------------------------
[2021-10-14 14:48:08,386] {taskinstance.py:1242} INFO - Starting attempt 1 of 2
[2021-10-14 14:48:08,386] {taskinstance.py:1243} INFO - 
--------------------------------------------------------------------------------
[2021-10-14 14:48:08,397] {taskinstance.py:1262} INFO - Executing <Task(BashOperator): accurate> on 2021-10-14 09:17:58.165785+00:00
[2021-10-14 14:48:08,398] {standard_task_runner.py:52} INFO - Started process 15405 to run task
[2021-10-14 14:48:08,403] {standard_task_runner.py:76} INFO - Running: ['airflow', 'tasks', 'run', 'my_dag', 'accurate', 'manual__2021-10-14T09:17:58.165785+00:00', '--job-id', '39', '--raw', '--subdir', 'DAGS_FOLDER/my_dag.py', '--cfg-path', '/tmp/tmpj3sw9e9f', '--error-file', '/tmp/tmp_h_vsx5n']
[2021-10-14 14:48:08,404] {standard_task_runner.py:77} INFO - Job 39: Subtask accurate
[2021-10-14 14:48:08,423] {logging_mixin.py:109} INFO - Running <TaskInstance: my_dag.accurate manual__2021-10-14T09:17:58.165785+00:00 [running]> on host user-Latitude-3410
[2021-10-14 14:48:08,442] {taskinstance.py:1414} INFO - Exporting the following env vars:
AIRFLOW_CTX_DAG_EMAIL=airflow@example.com
AIRFLOW_CTX_DAG_OWNER=airflow
AIRFLOW_CTX_DAG_ID=my_dag
AIRFLOW_CTX_TASK_ID=accurate
AIRFLOW_CTX_EXECUTION_DATE=2021-10-14T09:17:58.165785+00:00
AIRFLOW_CTX_DAG_RUN_ID=manual__2021-10-14T09:17:58.165785+00:00
[2021-10-14 14:48:08,442] {subprocess.py:62} INFO - Tmp dir root location: 
 /tmp
[2021-10-14 14:48:08,443] {subprocess.py:74} INFO - Running command: ['bash', '-c', "echo 'accurate'"]
[2021-10-14 14:48:08,448] {subprocess.py:85} INFO - Output:
[2021-10-14 14:48:08,448] {subprocess.py:89} INFO - accurate
[2021-10-14 14:48:08,449] {subprocess.py:93} INFO - Command exited with return code 0
[2021-10-14 14:48:08,460] {taskinstance.py:1280} INFO - Marking task as SUCCESS. dag_id=my_dag, task_id=accurate, execution_date=20211014T091758, start_date=20211014T091808, end_date=20211014T091808
[2021-10-14 14:48:08,495] {local_task_job.py:154} INFO - Task exited with return code 0
[2021-10-14 14:48:08,510] {local_task_job.py:264} INFO - 0 downstream tasks scheduled from follow-on schedule check
[2021-10-14 14:53:47,534] {taskinstance.py:1035} INFO - Dependencies all met for <TaskInstance: my_dag.accurate manual__2021-10-14T09:23:35.802497+00:00 [queued]>
[2021-10-14 14:53:47,541] {taskinstance.py:1035} INFO - Dependencies all met for <TaskInstance: my_dag.accurate manual__2021-10-14T09:23:35.802497+00:00 [queued]>
[2021-10-14 14:53:47,541] {taskinstance.py:1241} INFO - 
--------------------------------------------------------------------------------
[2021-10-14 14:53:47,541] {taskinstance.py:1242} INFO - Starting attempt 1 of 2
[2021-10-14 14:53:47,541] {taskinstance.py:1243} INFO - 
--------------------------------------------------------------------------------
[2021-10-14 14:53:47,548] {taskinstance.py:1262} INFO - Executing <Task(BashOperator): accurate> on 2021-10-14 09:23:35.802497+00:00
[2021-10-14 14:53:47,550] {standard_task_runner.py:52} INFO - Started process 16824 to run task
[2021-10-14 14:53:47,552] {standard_task_runner.py:76} INFO - Running: ['airflow', 'tasks', 'run', 'my_dag', 'accurate', 'manual__2021-10-14T09:23:35.802497+00:00', '--job-id', '46', '--raw', '--subdir', 'DAGS_FOLDER/my_dag.py', '--cfg-path', '/tmp/tmpwb2609ad', '--error-file', '/tmp/tmpp1nca4sn']
[2021-10-14 14:53:47,554] {standard_task_runner.py:77} INFO - Job 46: Subtask accurate
[2021-10-14 14:53:47,572] {logging_mixin.py:109} INFO - Running <TaskInstance: my_dag.accurate manual__2021-10-14T09:23:35.802497+00:00 [running]> on host user-Latitude-3410
[2021-10-14 14:53:47,591] {taskinstance.py:1414} INFO - Exporting the following env vars:
AIRFLOW_CTX_DAG_EMAIL=airflow@example.com
AIRFLOW_CTX_DAG_OWNER=airflow
AIRFLOW_CTX_DAG_ID=my_dag
AIRFLOW_CTX_TASK_ID=accurate
AIRFLOW_CTX_EXECUTION_DATE=2021-10-14T09:23:35.802497+00:00
AIRFLOW_CTX_DAG_RUN_ID=manual__2021-10-14T09:23:35.802497+00:00
[2021-10-14 14:53:47,591] {subprocess.py:62} INFO - Tmp dir root location: 
 /tmp
[2021-10-14 14:53:47,591] {subprocess.py:74} INFO - Running command: ['bash', '-c', "echo 'accurate'"]
[2021-10-14 14:53:47,595] {subprocess.py:85} INFO - Output:
[2021-10-14 14:53:47,596] {subprocess.py:89} INFO - accurate
[2021-10-14 14:53:47,596] {subprocess.py:93} INFO - Command exited with return code 0
[2021-10-14 14:53:47,606] {taskinstance.py:1280} INFO - Marking task as SUCCESS. dag_id=my_dag, task_id=accurate, execution_date=20211014T092335, start_date=20211014T092347, end_date=20211014T092347
[2021-10-14 14:53:47,645] {local_task_job.py:154} INFO - Task exited with return code 0
[2021-10-14 14:53:47,657] {local_task_job.py:264} INFO - 0 downstream tasks scheduled from follow-on schedule check
