[2021-11-02 15:55:15,391] {processor.py:163} INFO - Started process (PID=175165) to work on /home/linuxadmin/airflow/airflow_etl-/dags/conectserver.py
[2021-11-02 15:55:15,392] {processor.py:620} INFO - Processing file /home/linuxadmin/airflow/airflow_etl-/dags/conectserver.py for tasks to queue
[2021-11-02 15:55:15,393] {logging_mixin.py:109} INFO - [2021-11-02 15:55:15,393] {dagbag.py:500} INFO - Filling up the DagBag from /home/linuxadmin/airflow/airflow_etl-/dags/conectserver.py
[2021-11-02 15:55:16,270] {processor.py:632} INFO - DAG(s) dict_keys(['connectserver']) retrieved from /home/linuxadmin/airflow/airflow_etl-/dags/conectserver.py
[2021-11-02 15:55:16,287] {logging_mixin.py:109} INFO - [2021-11-02 15:55:16,287] {dag.py:2389} INFO - Sync 1 DAGs
[2021-11-02 15:55:16,308] {logging_mixin.py:109} INFO - [2021-11-02 15:55:16,308] {dag.py:2921} INFO - Setting next_dagrun for connectserver to 2021-11-01 00:00:00+00:00
[2021-11-02 15:55:16,319] {processor.py:171} INFO - Processing /home/linuxadmin/airflow/airflow_etl-/dags/conectserver.py took 0.931 seconds
[2021-11-02 15:55:21,465] {processor.py:163} INFO - Started process (PID=175300) to work on /home/linuxadmin/airflow/airflow_etl-/dags/conectserver.py
[2021-11-02 15:55:21,467] {processor.py:620} INFO - Processing file /home/linuxadmin/airflow/airflow_etl-/dags/conectserver.py for tasks to queue
[2021-11-02 15:55:21,468] {logging_mixin.py:109} INFO - [2021-11-02 15:55:21,467] {dagbag.py:500} INFO - Filling up the DagBag from /home/linuxadmin/airflow/airflow_etl-/dags/conectserver.py
[2021-11-02 15:55:22,298] {processor.py:632} INFO - DAG(s) dict_keys(['connectserver']) retrieved from /home/linuxadmin/airflow/airflow_etl-/dags/conectserver.py
[2021-11-02 15:55:22,309] {logging_mixin.py:109} INFO - [2021-11-02 15:55:22,309] {dag.py:2389} INFO - Sync 1 DAGs
[2021-11-02 15:55:22,328] {logging_mixin.py:109} INFO - [2021-11-02 15:55:22,328] {dag.py:2921} INFO - Setting next_dagrun for connectserver to 2021-11-01 00:00:00+00:00
[2021-11-02 15:55:22,339] {processor.py:171} INFO - Processing /home/linuxadmin/airflow/airflow_etl-/dags/conectserver.py took 0.879 seconds
[2021-11-02 15:55:24,973] {processor.py:163} INFO - Started process (PID=175412) to work on /home/linuxadmin/airflow/airflow_etl-/dags/conectserver.py
[2021-11-02 15:55:24,975] {processor.py:620} INFO - Processing file /home/linuxadmin/airflow/airflow_etl-/dags/conectserver.py for tasks to queue
[2021-11-02 15:55:24,976] {logging_mixin.py:109} INFO - [2021-11-02 15:55:24,975] {dagbag.py:500} INFO - Filling up the DagBag from /home/linuxadmin/airflow/airflow_etl-/dags/conectserver.py
[2021-11-02 15:55:25,817] {processor.py:632} INFO - DAG(s) dict_keys(['connectserver']) retrieved from /home/linuxadmin/airflow/airflow_etl-/dags/conectserver.py
[2021-11-02 15:55:25,828] {logging_mixin.py:109} INFO - [2021-11-02 15:55:25,828] {dag.py:2389} INFO - Sync 1 DAGs
[2021-11-02 15:55:25,848] {logging_mixin.py:109} INFO - [2021-11-02 15:55:25,848] {dag.py:2921} INFO - Setting next_dagrun for connectserver to 2021-11-01 00:00:00+00:00
[2021-11-02 15:55:25,859] {processor.py:171} INFO - Processing /home/linuxadmin/airflow/airflow_etl-/dags/conectserver.py took 0.890 seconds
[2021-11-02 15:55:29,976] {processor.py:163} INFO - Started process (PID=175539) to work on /home/linuxadmin/airflow/airflow_etl-/dags/conectserver.py
[2021-11-02 15:55:29,977] {processor.py:620} INFO - Processing file /home/linuxadmin/airflow/airflow_etl-/dags/conectserver.py for tasks to queue
[2021-11-02 15:55:29,978] {logging_mixin.py:109} INFO - [2021-11-02 15:55:29,978] {dagbag.py:500} INFO - Filling up the DagBag from /home/linuxadmin/airflow/airflow_etl-/dags/conectserver.py
[2021-11-02 15:55:30,727] {processor.py:632} INFO - DAG(s) dict_keys(['connectserver']) retrieved from /home/linuxadmin/airflow/airflow_etl-/dags/conectserver.py
[2021-11-02 15:55:30,742] {logging_mixin.py:109} INFO - [2021-11-02 15:55:30,742] {dag.py:2389} INFO - Sync 1 DAGs
[2021-11-02 15:55:30,763] {logging_mixin.py:109} INFO - [2021-11-02 15:55:30,763] {dag.py:2921} INFO - Setting next_dagrun for connectserver to 2021-11-01 00:00:00+00:00
[2021-11-02 15:55:30,779] {processor.py:171} INFO - Processing /home/linuxadmin/airflow/airflow_etl-/dags/conectserver.py took 0.807 seconds
[2021-11-02 15:55:33,850] {processor.py:163} INFO - Started process (PID=175657) to work on /home/linuxadmin/airflow/airflow_etl-/dags/conectserver.py
[2021-11-02 15:55:33,851] {processor.py:620} INFO - Processing file /home/linuxadmin/airflow/airflow_etl-/dags/conectserver.py for tasks to queue
[2021-11-02 15:55:33,852] {logging_mixin.py:109} INFO - [2021-11-02 15:55:33,852] {dagbag.py:500} INFO - Filling up the DagBag from /home/linuxadmin/airflow/airflow_etl-/dags/conectserver.py
[2021-11-02 15:55:34,640] {processor.py:632} INFO - DAG(s) dict_keys(['connectserver']) retrieved from /home/linuxadmin/airflow/airflow_etl-/dags/conectserver.py
[2021-11-02 15:55:34,656] {logging_mixin.py:109} INFO - [2021-11-02 15:55:34,656] {dag.py:2389} INFO - Sync 1 DAGs
[2021-11-02 15:55:34,685] {logging_mixin.py:109} INFO - [2021-11-02 15:55:34,685] {dag.py:2921} INFO - Setting next_dagrun for connectserver to 2021-11-01 00:00:00+00:00
[2021-11-02 15:55:34,702] {processor.py:171} INFO - Processing /home/linuxadmin/airflow/airflow_etl-/dags/conectserver.py took 0.865 seconds
[2021-11-02 15:55:39,127] {processor.py:163} INFO - Started process (PID=175782) to work on /home/linuxadmin/airflow/airflow_etl-/dags/conectserver.py
[2021-11-02 15:55:39,129] {processor.py:620} INFO - Processing file /home/linuxadmin/airflow/airflow_etl-/dags/conectserver.py for tasks to queue
[2021-11-02 15:55:39,130] {logging_mixin.py:109} INFO - [2021-11-02 15:55:39,129] {dagbag.py:500} INFO - Filling up the DagBag from /home/linuxadmin/airflow/airflow_etl-/dags/conectserver.py
[2021-11-02 15:55:40,009] {processor.py:632} INFO - DAG(s) dict_keys(['connectserver']) retrieved from /home/linuxadmin/airflow/airflow_etl-/dags/conectserver.py
[2021-11-02 15:55:40,025] {logging_mixin.py:109} INFO - [2021-11-02 15:55:40,025] {dag.py:2389} INFO - Sync 1 DAGs
[2021-11-02 15:55:40,051] {logging_mixin.py:109} INFO - [2021-11-02 15:55:40,051] {dag.py:2921} INFO - Setting next_dagrun for connectserver to 2021-11-01 00:00:00+00:00
[2021-11-02 15:55:40,063] {processor.py:171} INFO - Processing /home/linuxadmin/airflow/airflow_etl-/dags/conectserver.py took 0.941 seconds
[2021-11-02 15:55:42,703] {processor.py:163} INFO - Started process (PID=175896) to work on /home/linuxadmin/airflow/airflow_etl-/dags/conectserver.py
[2021-11-02 15:55:42,705] {processor.py:620} INFO - Processing file /home/linuxadmin/airflow/airflow_etl-/dags/conectserver.py for tasks to queue
[2021-11-02 15:55:42,706] {logging_mixin.py:109} INFO - [2021-11-02 15:55:42,706] {dagbag.py:500} INFO - Filling up the DagBag from /home/linuxadmin/airflow/airflow_etl-/dags/conectserver.py
[2021-11-02 15:55:43,440] {processor.py:632} INFO - DAG(s) dict_keys(['connectserver']) retrieved from /home/linuxadmin/airflow/airflow_etl-/dags/conectserver.py
[2021-11-02 15:55:43,450] {logging_mixin.py:109} INFO - [2021-11-02 15:55:43,450] {dag.py:2389} INFO - Sync 1 DAGs
[2021-11-02 15:55:43,470] {logging_mixin.py:109} INFO - [2021-11-02 15:55:43,470] {dag.py:2921} INFO - Setting next_dagrun for connectserver to 2021-11-01 00:00:00+00:00
[2021-11-02 15:55:43,481] {processor.py:171} INFO - Processing /home/linuxadmin/airflow/airflow_etl-/dags/conectserver.py took 0.783 seconds
[2021-11-02 15:55:47,289] {processor.py:163} INFO - Started process (PID=176021) to work on /home/linuxadmin/airflow/airflow_etl-/dags/conectserver.py
[2021-11-02 15:55:47,291] {processor.py:620} INFO - Processing file /home/linuxadmin/airflow/airflow_etl-/dags/conectserver.py for tasks to queue
[2021-11-02 15:55:47,291] {logging_mixin.py:109} INFO - [2021-11-02 15:55:47,291] {dagbag.py:500} INFO - Filling up the DagBag from /home/linuxadmin/airflow/airflow_etl-/dags/conectserver.py
[2021-11-02 15:55:48,143] {processor.py:632} INFO - DAG(s) dict_keys(['connectserver']) retrieved from /home/linuxadmin/airflow/airflow_etl-/dags/conectserver.py
[2021-11-02 15:55:48,159] {logging_mixin.py:109} INFO - [2021-11-02 15:55:48,159] {dag.py:2389} INFO - Sync 1 DAGs
[2021-11-02 15:55:48,187] {logging_mixin.py:109} INFO - [2021-11-02 15:55:48,187] {dag.py:2921} INFO - Setting next_dagrun for connectserver to 2021-11-01 00:00:00+00:00
[2021-11-02 15:55:48,206] {processor.py:171} INFO - Processing /home/linuxadmin/airflow/airflow_etl-/dags/conectserver.py took 0.923 seconds
[2021-11-02 15:55:52,017] {processor.py:163} INFO - Started process (PID=176140) to work on /home/linuxadmin/airflow/airflow_etl-/dags/conectserver.py
[2021-11-02 15:55:52,018] {processor.py:620} INFO - Processing file /home/linuxadmin/airflow/airflow_etl-/dags/conectserver.py for tasks to queue
[2021-11-02 15:55:52,019] {logging_mixin.py:109} INFO - [2021-11-02 15:55:52,019] {dagbag.py:500} INFO - Filling up the DagBag from /home/linuxadmin/airflow/airflow_etl-/dags/conectserver.py
[2021-11-02 15:55:52,818] {processor.py:632} INFO - DAG(s) dict_keys(['connectserver']) retrieved from /home/linuxadmin/airflow/airflow_etl-/dags/conectserver.py
[2021-11-02 15:55:52,832] {logging_mixin.py:109} INFO - [2021-11-02 15:55:52,832] {dag.py:2389} INFO - Sync 1 DAGs
[2021-11-02 15:55:52,851] {logging_mixin.py:109} INFO - [2021-11-02 15:55:52,851] {dag.py:2921} INFO - Setting next_dagrun for connectserver to 2021-11-01 00:00:00+00:00
[2021-11-02 15:55:52,861] {processor.py:171} INFO - Processing /home/linuxadmin/airflow/airflow_etl-/dags/conectserver.py took 0.850 seconds
[2021-11-02 15:55:57,003] {processor.py:163} INFO - Started process (PID=176267) to work on /home/linuxadmin/airflow/airflow_etl-/dags/conectserver.py
[2021-11-02 15:55:57,005] {processor.py:620} INFO - Processing file /home/linuxadmin/airflow/airflow_etl-/dags/conectserver.py for tasks to queue
[2021-11-02 15:55:57,006] {logging_mixin.py:109} INFO - [2021-11-02 15:55:57,006] {dagbag.py:500} INFO - Filling up the DagBag from /home/linuxadmin/airflow/airflow_etl-/dags/conectserver.py
[2021-11-02 15:55:57,923] {processor.py:632} INFO - DAG(s) dict_keys(['connectserver']) retrieved from /home/linuxadmin/airflow/airflow_etl-/dags/conectserver.py
[2021-11-02 15:55:57,943] {logging_mixin.py:109} INFO - [2021-11-02 15:55:57,943] {dag.py:2389} INFO - Sync 1 DAGs
[2021-11-02 15:55:57,977] {logging_mixin.py:109} INFO - [2021-11-02 15:55:57,976] {dag.py:2921} INFO - Setting next_dagrun for connectserver to 2021-11-01 00:00:00+00:00
[2021-11-02 15:55:57,994] {processor.py:171} INFO - Processing /home/linuxadmin/airflow/airflow_etl-/dags/conectserver.py took 0.997 seconds
[2021-11-02 15:56:01,091] {processor.py:163} INFO - Started process (PID=176383) to work on /home/linuxadmin/airflow/airflow_etl-/dags/conectserver.py
[2021-11-02 15:56:01,093] {processor.py:620} INFO - Processing file /home/linuxadmin/airflow/airflow_etl-/dags/conectserver.py for tasks to queue
[2021-11-02 15:56:01,094] {logging_mixin.py:109} INFO - [2021-11-02 15:56:01,094] {dagbag.py:500} INFO - Filling up the DagBag from /home/linuxadmin/airflow/airflow_etl-/dags/conectserver.py
[2021-11-02 15:56:01,953] {processor.py:632} INFO - DAG(s) dict_keys(['connectserver']) retrieved from /home/linuxadmin/airflow/airflow_etl-/dags/conectserver.py
[2021-11-02 15:56:01,969] {logging_mixin.py:109} INFO - [2021-11-02 15:56:01,969] {dag.py:2389} INFO - Sync 1 DAGs
[2021-11-02 15:56:01,994] {logging_mixin.py:109} INFO - [2021-11-02 15:56:01,994] {dag.py:2921} INFO - Setting next_dagrun for connectserver to 2021-11-01 00:00:00+00:00
[2021-11-02 15:56:02,006] {processor.py:171} INFO - Processing /home/linuxadmin/airflow/airflow_etl-/dags/conectserver.py took 0.931 seconds
[2021-11-02 15:56:05,873] {processor.py:163} INFO - Started process (PID=176504) to work on /home/linuxadmin/airflow/airflow_etl-/dags/conectserver.py
[2021-11-02 15:56:05,875] {processor.py:620} INFO - Processing file /home/linuxadmin/airflow/airflow_etl-/dags/conectserver.py for tasks to queue
[2021-11-02 15:56:05,876] {logging_mixin.py:109} INFO - [2021-11-02 15:56:05,876] {dagbag.py:500} INFO - Filling up the DagBag from /home/linuxadmin/airflow/airflow_etl-/dags/conectserver.py
[2021-11-02 15:56:06,671] {processor.py:632} INFO - DAG(s) dict_keys(['connectserver']) retrieved from /home/linuxadmin/airflow/airflow_etl-/dags/conectserver.py
[2021-11-02 15:56:06,683] {logging_mixin.py:109} INFO - [2021-11-02 15:56:06,682] {dag.py:2389} INFO - Sync 1 DAGs
[2021-11-02 15:56:06,703] {logging_mixin.py:109} INFO - [2021-11-02 15:56:06,703] {dag.py:2921} INFO - Setting next_dagrun for connectserver to 2021-11-01 00:00:00+00:00
[2021-11-02 15:56:06,714] {processor.py:171} INFO - Processing /home/linuxadmin/airflow/airflow_etl-/dags/conectserver.py took 0.845 seconds
[2021-11-02 15:56:11,098] {processor.py:163} INFO - Started process (PID=176633) to work on /home/linuxadmin/airflow/airflow_etl-/dags/conectserver.py
[2021-11-02 15:56:11,100] {processor.py:620} INFO - Processing file /home/linuxadmin/airflow/airflow_etl-/dags/conectserver.py for tasks to queue
[2021-11-02 15:56:11,101] {logging_mixin.py:109} INFO - [2021-11-02 15:56:11,101] {dagbag.py:500} INFO - Filling up the DagBag from /home/linuxadmin/airflow/airflow_etl-/dags/conectserver.py
[2021-11-02 15:56:12,033] {processor.py:632} INFO - DAG(s) dict_keys(['connectserver']) retrieved from /home/linuxadmin/airflow/airflow_etl-/dags/conectserver.py
[2021-11-02 15:56:12,047] {logging_mixin.py:109} INFO - [2021-11-02 15:56:12,047] {dag.py:2389} INFO - Sync 1 DAGs
[2021-11-02 15:56:12,067] {logging_mixin.py:109} INFO - [2021-11-02 15:56:12,067] {dag.py:2921} INFO - Setting next_dagrun for connectserver to 2021-11-01 00:00:00+00:00
[2021-11-02 15:56:12,077] {processor.py:171} INFO - Processing /home/linuxadmin/airflow/airflow_etl-/dags/conectserver.py took 0.985 seconds
[2021-11-02 15:56:14,791] {processor.py:163} INFO - Started process (PID=176746) to work on /home/linuxadmin/airflow/airflow_etl-/dags/conectserver.py
[2021-11-02 15:56:14,793] {processor.py:620} INFO - Processing file /home/linuxadmin/airflow/airflow_etl-/dags/conectserver.py for tasks to queue
[2021-11-02 15:56:14,794] {logging_mixin.py:109} INFO - [2021-11-02 15:56:14,794] {dagbag.py:500} INFO - Filling up the DagBag from /home/linuxadmin/airflow/airflow_etl-/dags/conectserver.py
[2021-11-02 15:56:15,663] {processor.py:632} INFO - DAG(s) dict_keys(['connectserver']) retrieved from /home/linuxadmin/airflow/airflow_etl-/dags/conectserver.py
[2021-11-02 15:56:15,680] {logging_mixin.py:109} INFO - [2021-11-02 15:56:15,680] {dag.py:2389} INFO - Sync 1 DAGs
[2021-11-02 15:56:15,706] {logging_mixin.py:109} INFO - [2021-11-02 15:56:15,706] {dag.py:2921} INFO - Setting next_dagrun for connectserver to 2021-11-01 00:00:00+00:00
[2021-11-02 15:56:15,718] {processor.py:171} INFO - Processing /home/linuxadmin/airflow/airflow_etl-/dags/conectserver.py took 0.932 seconds
[2021-11-02 15:56:19,862] {processor.py:163} INFO - Started process (PID=176874) to work on /home/linuxadmin/airflow/airflow_etl-/dags/conectserver.py
[2021-11-02 15:56:19,865] {processor.py:620} INFO - Processing file /home/linuxadmin/airflow/airflow_etl-/dags/conectserver.py for tasks to queue
[2021-11-02 15:56:19,865] {logging_mixin.py:109} INFO - [2021-11-02 15:56:19,865] {dagbag.py:500} INFO - Filling up the DagBag from /home/linuxadmin/airflow/airflow_etl-/dags/conectserver.py
[2021-11-02 15:56:20,741] {processor.py:632} INFO - DAG(s) dict_keys(['connectserver']) retrieved from /home/linuxadmin/airflow/airflow_etl-/dags/conectserver.py
[2021-11-02 15:56:20,757] {logging_mixin.py:109} INFO - [2021-11-02 15:56:20,756] {dag.py:2389} INFO - Sync 1 DAGs
[2021-11-02 15:56:20,791] {logging_mixin.py:109} INFO - [2021-11-02 15:56:20,791] {dag.py:2921} INFO - Setting next_dagrun for connectserver to 2021-11-01 00:00:00+00:00
[2021-11-02 15:56:20,805] {processor.py:171} INFO - Processing /home/linuxadmin/airflow/airflow_etl-/dags/conectserver.py took 0.949 seconds
[2021-11-02 15:56:24,471] {processor.py:163} INFO - Started process (PID=176992) to work on /home/linuxadmin/airflow/airflow_etl-/dags/conectserver.py
[2021-11-02 15:56:24,472] {processor.py:620} INFO - Processing file /home/linuxadmin/airflow/airflow_etl-/dags/conectserver.py for tasks to queue
[2021-11-02 15:56:24,473] {logging_mixin.py:109} INFO - [2021-11-02 15:56:24,473] {dagbag.py:500} INFO - Filling up the DagBag from /home/linuxadmin/airflow/airflow_etl-/dags/conectserver.py
[2021-11-02 15:56:25,171] {processor.py:632} INFO - DAG(s) dict_keys(['connectserver']) retrieved from /home/linuxadmin/airflow/airflow_etl-/dags/conectserver.py
[2021-11-02 15:56:25,181] {logging_mixin.py:109} INFO - [2021-11-02 15:56:25,181] {dag.py:2389} INFO - Sync 1 DAGs
[2021-11-02 15:56:25,204] {logging_mixin.py:109} INFO - [2021-11-02 15:56:25,203] {dag.py:2921} INFO - Setting next_dagrun for connectserver to 2021-11-01 00:00:00+00:00
[2021-11-02 15:56:25,217] {processor.py:171} INFO - Processing /home/linuxadmin/airflow/airflow_etl-/dags/conectserver.py took 0.751 seconds
[2021-11-02 15:56:29,172] {processor.py:163} INFO - Started process (PID=177113) to work on /home/linuxadmin/airflow/airflow_etl-/dags/conectserver.py
[2021-11-02 15:56:29,174] {processor.py:620} INFO - Processing file /home/linuxadmin/airflow/airflow_etl-/dags/conectserver.py for tasks to queue
[2021-11-02 15:56:29,175] {logging_mixin.py:109} INFO - [2021-11-02 15:56:29,174] {dagbag.py:500} INFO - Filling up the DagBag from /home/linuxadmin/airflow/airflow_etl-/dags/conectserver.py
[2021-11-02 15:56:30,133] {processor.py:632} INFO - DAG(s) dict_keys(['connectserver']) retrieved from /home/linuxadmin/airflow/airflow_etl-/dags/conectserver.py
[2021-11-02 15:56:30,163] {logging_mixin.py:109} INFO - [2021-11-02 15:56:30,163] {dag.py:2389} INFO - Sync 1 DAGs
[2021-11-02 15:56:30,199] {logging_mixin.py:109} INFO - [2021-11-02 15:56:30,199] {dag.py:2921} INFO - Setting next_dagrun for connectserver to 2021-11-01 00:00:00+00:00
[2021-11-02 15:56:30,213] {processor.py:171} INFO - Processing /home/linuxadmin/airflow/airflow_etl-/dags/conectserver.py took 1.048 seconds
[2021-11-02 15:56:32,951] {processor.py:163} INFO - Started process (PID=177229) to work on /home/linuxadmin/airflow/airflow_etl-/dags/conectserver.py
[2021-11-02 15:56:32,952] {processor.py:620} INFO - Processing file /home/linuxadmin/airflow/airflow_etl-/dags/conectserver.py for tasks to queue
[2021-11-02 15:56:32,953] {logging_mixin.py:109} INFO - [2021-11-02 15:56:32,953] {dagbag.py:500} INFO - Filling up the DagBag from /home/linuxadmin/airflow/airflow_etl-/dags/conectserver.py
[2021-11-02 15:56:33,761] {processor.py:632} INFO - DAG(s) dict_keys(['connectserver']) retrieved from /home/linuxadmin/airflow/airflow_etl-/dags/conectserver.py
[2021-11-02 15:56:33,772] {logging_mixin.py:109} INFO - [2021-11-02 15:56:33,772] {dag.py:2389} INFO - Sync 1 DAGs
[2021-11-02 15:56:33,790] {logging_mixin.py:109} INFO - [2021-11-02 15:56:33,790] {dag.py:2921} INFO - Setting next_dagrun for connectserver to 2021-11-01 00:00:00+00:00
[2021-11-02 15:56:33,799] {processor.py:171} INFO - Processing /home/linuxadmin/airflow/airflow_etl-/dags/conectserver.py took 0.853 seconds
[2021-11-02 15:56:37,618] {processor.py:163} INFO - Started process (PID=177357) to work on /home/linuxadmin/airflow/airflow_etl-/dags/conectserver.py
[2021-11-02 15:56:37,619] {processor.py:620} INFO - Processing file /home/linuxadmin/airflow/airflow_etl-/dags/conectserver.py for tasks to queue
[2021-11-02 15:56:37,620] {logging_mixin.py:109} INFO - [2021-11-02 15:56:37,619] {dagbag.py:500} INFO - Filling up the DagBag from /home/linuxadmin/airflow/airflow_etl-/dags/conectserver.py
[2021-11-02 15:56:38,571] {processor.py:632} INFO - DAG(s) dict_keys(['connectserver']) retrieved from /home/linuxadmin/airflow/airflow_etl-/dags/conectserver.py
[2021-11-02 15:56:38,582] {logging_mixin.py:109} INFO - [2021-11-02 15:56:38,582] {dag.py:2389} INFO - Sync 1 DAGs
[2021-11-02 15:56:38,604] {logging_mixin.py:109} INFO - [2021-11-02 15:56:38,603] {dag.py:2921} INFO - Setting next_dagrun for connectserver to 2021-11-01 00:00:00+00:00
[2021-11-02 15:56:38,615] {processor.py:171} INFO - Processing /home/linuxadmin/airflow/airflow_etl-/dags/conectserver.py took 1.004 seconds
[2021-11-02 15:56:41,274] {processor.py:163} INFO - Started process (PID=177473) to work on /home/linuxadmin/airflow/airflow_etl-/dags/conectserver.py
[2021-11-02 15:56:41,276] {processor.py:620} INFO - Processing file /home/linuxadmin/airflow/airflow_etl-/dags/conectserver.py for tasks to queue
[2021-11-02 15:56:41,276] {logging_mixin.py:109} INFO - [2021-11-02 15:56:41,276] {dagbag.py:500} INFO - Filling up the DagBag from /home/linuxadmin/airflow/airflow_etl-/dags/conectserver.py
[2021-11-02 15:56:42,135] {processor.py:632} INFO - DAG(s) dict_keys(['connectserver']) retrieved from /home/linuxadmin/airflow/airflow_etl-/dags/conectserver.py
[2021-11-02 15:56:42,146] {logging_mixin.py:109} INFO - [2021-11-02 15:56:42,146] {dag.py:2389} INFO - Sync 1 DAGs
[2021-11-02 15:56:42,173] {logging_mixin.py:109} INFO - [2021-11-02 15:56:42,173] {dag.py:2921} INFO - Setting next_dagrun for connectserver to 2021-11-01 00:00:00+00:00
[2021-11-02 15:56:42,184] {processor.py:171} INFO - Processing /home/linuxadmin/airflow/airflow_etl-/dags/conectserver.py took 0.923 seconds
[2021-11-02 15:56:45,963] {processor.py:163} INFO - Started process (PID=177600) to work on /home/linuxadmin/airflow/airflow_etl-/dags/conectserver.py
[2021-11-02 15:56:45,964] {processor.py:620} INFO - Processing file /home/linuxadmin/airflow/airflow_etl-/dags/conectserver.py for tasks to queue
[2021-11-02 15:56:45,965] {logging_mixin.py:109} INFO - [2021-11-02 15:56:45,965] {dagbag.py:500} INFO - Filling up the DagBag from /home/linuxadmin/airflow/airflow_etl-/dags/conectserver.py
[2021-11-02 15:56:46,718] {processor.py:632} INFO - DAG(s) dict_keys(['connectserver']) retrieved from /home/linuxadmin/airflow/airflow_etl-/dags/conectserver.py
[2021-11-02 15:56:46,734] {logging_mixin.py:109} INFO - [2021-11-02 15:56:46,734] {dag.py:2389} INFO - Sync 1 DAGs
[2021-11-02 15:56:46,757] {logging_mixin.py:109} INFO - [2021-11-02 15:56:46,757] {dag.py:2921} INFO - Setting next_dagrun for connectserver to 2021-11-01 00:00:00+00:00
[2021-11-02 15:56:46,769] {processor.py:171} INFO - Processing /home/linuxadmin/airflow/airflow_etl-/dags/conectserver.py took 0.812 seconds
[2021-11-02 15:56:49,688] {processor.py:163} INFO - Started process (PID=177715) to work on /home/linuxadmin/airflow/airflow_etl-/dags/conectserver.py
[2021-11-02 15:56:49,689] {processor.py:620} INFO - Processing file /home/linuxadmin/airflow/airflow_etl-/dags/conectserver.py for tasks to queue
[2021-11-02 15:56:49,690] {logging_mixin.py:109} INFO - [2021-11-02 15:56:49,690] {dagbag.py:500} INFO - Filling up the DagBag from /home/linuxadmin/airflow/airflow_etl-/dags/conectserver.py
[2021-11-02 15:56:50,522] {processor.py:632} INFO - DAG(s) dict_keys(['connectserver']) retrieved from /home/linuxadmin/airflow/airflow_etl-/dags/conectserver.py
[2021-11-02 15:56:50,533] {logging_mixin.py:109} INFO - [2021-11-02 15:56:50,533] {dag.py:2389} INFO - Sync 1 DAGs
[2021-11-02 15:56:50,559] {logging_mixin.py:109} INFO - [2021-11-02 15:56:50,558] {dag.py:2921} INFO - Setting next_dagrun for connectserver to 2021-11-01 00:00:00+00:00
[2021-11-02 15:56:50,574] {processor.py:171} INFO - Processing /home/linuxadmin/airflow/airflow_etl-/dags/conectserver.py took 0.892 seconds
[2021-11-02 15:56:55,577] {processor.py:163} INFO - Started process (PID=177842) to work on /home/linuxadmin/airflow/airflow_etl-/dags/conectserver.py
[2021-11-02 15:56:55,580] {processor.py:620} INFO - Processing file /home/linuxadmin/airflow/airflow_etl-/dags/conectserver.py for tasks to queue
[2021-11-02 15:56:55,581] {logging_mixin.py:109} INFO - [2021-11-02 15:56:55,581] {dagbag.py:500} INFO - Filling up the DagBag from /home/linuxadmin/airflow/airflow_etl-/dags/conectserver.py
[2021-11-02 15:56:56,443] {processor.py:632} INFO - DAG(s) dict_keys(['connectserver']) retrieved from /home/linuxadmin/airflow/airflow_etl-/dags/conectserver.py
[2021-11-02 15:56:56,456] {logging_mixin.py:109} INFO - [2021-11-02 15:56:56,456] {dag.py:2389} INFO - Sync 1 DAGs
[2021-11-02 15:56:56,490] {logging_mixin.py:109} INFO - [2021-11-02 15:56:56,490] {dag.py:2921} INFO - Setting next_dagrun for connectserver to 2021-11-01 00:00:00+00:00
[2021-11-02 15:56:56,507] {processor.py:171} INFO - Processing /home/linuxadmin/airflow/airflow_etl-/dags/conectserver.py took 0.936 seconds
[2021-11-02 15:56:59,496] {processor.py:163} INFO - Started process (PID=177957) to work on /home/linuxadmin/airflow/airflow_etl-/dags/conectserver.py
[2021-11-02 15:56:59,497] {processor.py:620} INFO - Processing file /home/linuxadmin/airflow/airflow_etl-/dags/conectserver.py for tasks to queue
[2021-11-02 15:56:59,498] {logging_mixin.py:109} INFO - [2021-11-02 15:56:59,498] {dagbag.py:500} INFO - Filling up the DagBag from /home/linuxadmin/airflow/airflow_etl-/dags/conectserver.py
[2021-11-02 15:57:00,421] {processor.py:632} INFO - DAG(s) dict_keys(['connectserver']) retrieved from /home/linuxadmin/airflow/airflow_etl-/dags/conectserver.py
[2021-11-02 15:57:00,438] {logging_mixin.py:109} INFO - [2021-11-02 15:57:00,437] {dag.py:2389} INFO - Sync 1 DAGs
[2021-11-02 15:57:00,463] {logging_mixin.py:109} INFO - [2021-11-02 15:57:00,462] {dag.py:2921} INFO - Setting next_dagrun for connectserver to 2021-11-01 00:00:00+00:00
[2021-11-02 15:57:00,473] {processor.py:171} INFO - Processing /home/linuxadmin/airflow/airflow_etl-/dags/conectserver.py took 0.982 seconds
[2021-11-02 15:57:04,767] {processor.py:163} INFO - Started process (PID=178085) to work on /home/linuxadmin/airflow/airflow_etl-/dags/conectserver.py
[2021-11-02 15:57:04,769] {processor.py:620} INFO - Processing file /home/linuxadmin/airflow/airflow_etl-/dags/conectserver.py for tasks to queue
[2021-11-02 15:57:04,769] {logging_mixin.py:109} INFO - [2021-11-02 15:57:04,769] {dagbag.py:500} INFO - Filling up the DagBag from /home/linuxadmin/airflow/airflow_etl-/dags/conectserver.py
[2021-11-02 15:57:05,669] {processor.py:632} INFO - DAG(s) dict_keys(['connectserver']) retrieved from /home/linuxadmin/airflow/airflow_etl-/dags/conectserver.py
[2021-11-02 15:57:05,683] {logging_mixin.py:109} INFO - [2021-11-02 15:57:05,682] {dag.py:2389} INFO - Sync 1 DAGs
[2021-11-02 15:57:05,706] {logging_mixin.py:109} INFO - [2021-11-02 15:57:05,706] {dag.py:2921} INFO - Setting next_dagrun for connectserver to 2021-11-01 00:00:00+00:00
[2021-11-02 15:57:05,720] {processor.py:171} INFO - Processing /home/linuxadmin/airflow/airflow_etl-/dags/conectserver.py took 0.957 seconds
[2021-11-02 15:57:08,735] {processor.py:163} INFO - Started process (PID=178201) to work on /home/linuxadmin/airflow/airflow_etl-/dags/conectserver.py
[2021-11-02 15:57:08,736] {processor.py:620} INFO - Processing file /home/linuxadmin/airflow/airflow_etl-/dags/conectserver.py for tasks to queue
[2021-11-02 15:57:08,737] {logging_mixin.py:109} INFO - [2021-11-02 15:57:08,737] {dagbag.py:500} INFO - Filling up the DagBag from /home/linuxadmin/airflow/airflow_etl-/dags/conectserver.py
[2021-11-02 15:57:09,523] {processor.py:632} INFO - DAG(s) dict_keys(['connectserver']) retrieved from /home/linuxadmin/airflow/airflow_etl-/dags/conectserver.py
[2021-11-02 15:57:09,535] {logging_mixin.py:109} INFO - [2021-11-02 15:57:09,535] {dag.py:2389} INFO - Sync 1 DAGs
[2021-11-02 15:57:09,559] {logging_mixin.py:109} INFO - [2021-11-02 15:57:09,559] {dag.py:2921} INFO - Setting next_dagrun for connectserver to 2021-11-01 00:00:00+00:00
[2021-11-02 15:57:09,573] {processor.py:171} INFO - Processing /home/linuxadmin/airflow/airflow_etl-/dags/conectserver.py took 0.843 seconds
[2021-11-02 15:57:13,783] {processor.py:163} INFO - Started process (PID=178326) to work on /home/linuxadmin/airflow/airflow_etl-/dags/conectserver.py
[2021-11-02 15:57:13,784] {processor.py:620} INFO - Processing file /home/linuxadmin/airflow/airflow_etl-/dags/conectserver.py for tasks to queue
[2021-11-02 15:57:13,785] {logging_mixin.py:109} INFO - [2021-11-02 15:57:13,785] {dagbag.py:500} INFO - Filling up the DagBag from /home/linuxadmin/airflow/airflow_etl-/dags/conectserver.py
[2021-11-02 15:57:14,647] {processor.py:632} INFO - DAG(s) dict_keys(['connectserver']) retrieved from /home/linuxadmin/airflow/airflow_etl-/dags/conectserver.py
[2021-11-02 15:57:14,659] {logging_mixin.py:109} INFO - [2021-11-02 15:57:14,659] {dag.py:2389} INFO - Sync 1 DAGs
[2021-11-02 15:57:14,682] {logging_mixin.py:109} INFO - [2021-11-02 15:57:14,682] {dag.py:2921} INFO - Setting next_dagrun for connectserver to 2021-11-01 00:00:00+00:00
[2021-11-02 15:57:14,694] {processor.py:171} INFO - Processing /home/linuxadmin/airflow/airflow_etl-/dags/conectserver.py took 0.916 seconds
[2021-11-02 15:57:17,448] {processor.py:163} INFO - Started process (PID=178441) to work on /home/linuxadmin/airflow/airflow_etl-/dags/conectserver.py
[2021-11-02 15:57:17,450] {processor.py:620} INFO - Processing file /home/linuxadmin/airflow/airflow_etl-/dags/conectserver.py for tasks to queue
[2021-11-02 15:57:17,450] {logging_mixin.py:109} INFO - [2021-11-02 15:57:17,450] {dagbag.py:500} INFO - Filling up the DagBag from /home/linuxadmin/airflow/airflow_etl-/dags/conectserver.py
[2021-11-02 15:57:18,216] {processor.py:632} INFO - DAG(s) dict_keys(['connectserver']) retrieved from /home/linuxadmin/airflow/airflow_etl-/dags/conectserver.py
[2021-11-02 15:57:18,231] {logging_mixin.py:109} INFO - [2021-11-02 15:57:18,231] {dag.py:2389} INFO - Sync 1 DAGs
[2021-11-02 15:57:18,258] {logging_mixin.py:109} INFO - [2021-11-02 15:57:18,258] {dag.py:2921} INFO - Setting next_dagrun for connectserver to 2021-11-01 00:00:00+00:00
[2021-11-02 15:57:18,270] {processor.py:171} INFO - Processing /home/linuxadmin/airflow/airflow_etl-/dags/conectserver.py took 0.827 seconds
[2021-11-02 15:57:22,066] {processor.py:163} INFO - Started process (PID=178568) to work on /home/linuxadmin/airflow/airflow_etl-/dags/conectserver.py
[2021-11-02 15:57:22,068] {processor.py:620} INFO - Processing file /home/linuxadmin/airflow/airflow_etl-/dags/conectserver.py for tasks to queue
[2021-11-02 15:57:22,069] {logging_mixin.py:109} INFO - [2021-11-02 15:57:22,069] {dagbag.py:500} INFO - Filling up the DagBag from /home/linuxadmin/airflow/airflow_etl-/dags/conectserver.py
[2021-11-02 15:57:22,907] {processor.py:632} INFO - DAG(s) dict_keys(['connectserver']) retrieved from /home/linuxadmin/airflow/airflow_etl-/dags/conectserver.py
[2021-11-02 15:57:22,922] {logging_mixin.py:109} INFO - [2021-11-02 15:57:22,922] {dag.py:2389} INFO - Sync 1 DAGs
[2021-11-02 15:57:22,951] {logging_mixin.py:109} INFO - [2021-11-02 15:57:22,951] {dag.py:2921} INFO - Setting next_dagrun for connectserver to 2021-11-01 00:00:00+00:00
[2021-11-02 15:57:22,964] {processor.py:171} INFO - Processing /home/linuxadmin/airflow/airflow_etl-/dags/conectserver.py took 0.903 seconds
[2021-11-02 15:57:26,643] {processor.py:163} INFO - Started process (PID=178687) to work on /home/linuxadmin/airflow/airflow_etl-/dags/conectserver.py
[2021-11-02 15:57:26,651] {processor.py:620} INFO - Processing file /home/linuxadmin/airflow/airflow_etl-/dags/conectserver.py for tasks to queue
[2021-11-02 15:57:26,659] {logging_mixin.py:109} INFO - [2021-11-02 15:57:26,659] {dagbag.py:500} INFO - Filling up the DagBag from /home/linuxadmin/airflow/airflow_etl-/dags/conectserver.py
[2021-11-02 15:57:27,697] {processor.py:632} INFO - DAG(s) dict_keys(['connectserver']) retrieved from /home/linuxadmin/airflow/airflow_etl-/dags/conectserver.py
[2021-11-02 15:57:27,713] {logging_mixin.py:109} INFO - [2021-11-02 15:57:27,713] {dag.py:2389} INFO - Sync 1 DAGs
[2021-11-02 15:57:27,739] {logging_mixin.py:109} INFO - [2021-11-02 15:57:27,739] {dag.py:2921} INFO - Setting next_dagrun for connectserver to 2021-11-01 00:00:00+00:00
[2021-11-02 15:57:27,752] {processor.py:171} INFO - Processing /home/linuxadmin/airflow/airflow_etl-/dags/conectserver.py took 1.114 seconds
[2021-11-02 15:57:31,738] {processor.py:163} INFO - Started process (PID=178812) to work on /home/linuxadmin/airflow/airflow_etl-/dags/conectserver.py
[2021-11-02 15:57:31,741] {processor.py:620} INFO - Processing file /home/linuxadmin/airflow/airflow_etl-/dags/conectserver.py for tasks to queue
[2021-11-02 15:57:31,742] {logging_mixin.py:109} INFO - [2021-11-02 15:57:31,742] {dagbag.py:500} INFO - Filling up the DagBag from /home/linuxadmin/airflow/airflow_etl-/dags/conectserver.py
[2021-11-02 15:57:32,696] {processor.py:632} INFO - DAG(s) dict_keys(['connectserver']) retrieved from /home/linuxadmin/airflow/airflow_etl-/dags/conectserver.py
[2021-11-02 15:57:32,714] {logging_mixin.py:109} INFO - [2021-11-02 15:57:32,714] {dag.py:2389} INFO - Sync 1 DAGs
[2021-11-02 15:57:32,741] {logging_mixin.py:109} INFO - [2021-11-02 15:57:32,741] {dag.py:2921} INFO - Setting next_dagrun for connectserver to 2021-11-01 00:00:00+00:00
[2021-11-02 15:57:32,751] {processor.py:171} INFO - Processing /home/linuxadmin/airflow/airflow_etl-/dags/conectserver.py took 1.019 seconds
[2021-11-02 15:57:35,579] {processor.py:163} INFO - Started process (PID=178927) to work on /home/linuxadmin/airflow/airflow_etl-/dags/conectserver.py
[2021-11-02 15:57:35,581] {processor.py:620} INFO - Processing file /home/linuxadmin/airflow/airflow_etl-/dags/conectserver.py for tasks to queue
[2021-11-02 15:57:35,582] {logging_mixin.py:109} INFO - [2021-11-02 15:57:35,582] {dagbag.py:500} INFO - Filling up the DagBag from /home/linuxadmin/airflow/airflow_etl-/dags/conectserver.py
[2021-11-02 15:57:36,337] {processor.py:632} INFO - DAG(s) dict_keys(['connectserver']) retrieved from /home/linuxadmin/airflow/airflow_etl-/dags/conectserver.py
[2021-11-02 15:57:36,349] {logging_mixin.py:109} INFO - [2021-11-02 15:57:36,349] {dag.py:2389} INFO - Sync 1 DAGs
[2021-11-02 15:57:36,368] {logging_mixin.py:109} INFO - [2021-11-02 15:57:36,368] {dag.py:2921} INFO - Setting next_dagrun for connectserver to 2021-11-01 00:00:00+00:00
[2021-11-02 15:57:36,378] {processor.py:171} INFO - Processing /home/linuxadmin/airflow/airflow_etl-/dags/conectserver.py took 0.805 seconds
[2021-11-02 15:57:40,495] {processor.py:163} INFO - Started process (PID=179054) to work on /home/linuxadmin/airflow/airflow_etl-/dags/conectserver.py
[2021-11-02 15:57:40,497] {processor.py:620} INFO - Processing file /home/linuxadmin/airflow/airflow_etl-/dags/conectserver.py for tasks to queue
[2021-11-02 15:57:40,498] {logging_mixin.py:109} INFO - [2021-11-02 15:57:40,498] {dagbag.py:500} INFO - Filling up the DagBag from /home/linuxadmin/airflow/airflow_etl-/dags/conectserver.py
[2021-11-02 15:57:41,355] {processor.py:632} INFO - DAG(s) dict_keys(['connectserver']) retrieved from /home/linuxadmin/airflow/airflow_etl-/dags/conectserver.py
[2021-11-02 15:57:41,367] {logging_mixin.py:109} INFO - [2021-11-02 15:57:41,367] {dag.py:2389} INFO - Sync 1 DAGs
[2021-11-02 15:57:41,393] {logging_mixin.py:109} INFO - [2021-11-02 15:57:41,393] {dag.py:2921} INFO - Setting next_dagrun for connectserver to 2021-11-01 00:00:00+00:00
[2021-11-02 15:57:41,406] {processor.py:171} INFO - Processing /home/linuxadmin/airflow/airflow_etl-/dags/conectserver.py took 0.915 seconds
[2021-11-02 15:57:44,313] {processor.py:163} INFO - Started process (PID=179167) to work on /home/linuxadmin/airflow/airflow_etl-/dags/conectserver.py
[2021-11-02 15:57:44,315] {processor.py:620} INFO - Processing file /home/linuxadmin/airflow/airflow_etl-/dags/conectserver.py for tasks to queue
[2021-11-02 15:57:44,316] {logging_mixin.py:109} INFO - [2021-11-02 15:57:44,316] {dagbag.py:500} INFO - Filling up the DagBag from /home/linuxadmin/airflow/airflow_etl-/dags/conectserver.py
[2021-11-02 15:57:45,140] {processor.py:632} INFO - DAG(s) dict_keys(['connectserver']) retrieved from /home/linuxadmin/airflow/airflow_etl-/dags/conectserver.py
[2021-11-02 15:57:45,157] {logging_mixin.py:109} INFO - [2021-11-02 15:57:45,157] {dag.py:2389} INFO - Sync 1 DAGs
[2021-11-02 15:57:45,183] {logging_mixin.py:109} INFO - [2021-11-02 15:57:45,182] {dag.py:2921} INFO - Setting next_dagrun for connectserver to 2021-11-01 00:00:00+00:00
[2021-11-02 15:57:45,194] {processor.py:171} INFO - Processing /home/linuxadmin/airflow/airflow_etl-/dags/conectserver.py took 0.887 seconds
[2021-11-02 15:57:49,336] {processor.py:163} INFO - Started process (PID=179294) to work on /home/linuxadmin/airflow/airflow_etl-/dags/conectserver.py
[2021-11-02 15:57:49,337] {processor.py:620} INFO - Processing file /home/linuxadmin/airflow/airflow_etl-/dags/conectserver.py for tasks to queue
[2021-11-02 15:57:49,338] {logging_mixin.py:109} INFO - [2021-11-02 15:57:49,338] {dagbag.py:500} INFO - Filling up the DagBag from /home/linuxadmin/airflow/airflow_etl-/dags/conectserver.py
[2021-11-02 15:57:50,107] {processor.py:632} INFO - DAG(s) dict_keys(['connectserver']) retrieved from /home/linuxadmin/airflow/airflow_etl-/dags/conectserver.py
[2021-11-02 15:57:50,124] {logging_mixin.py:109} INFO - [2021-11-02 15:57:50,124] {dag.py:2389} INFO - Sync 1 DAGs
[2021-11-02 15:57:50,153] {logging_mixin.py:109} INFO - [2021-11-02 15:57:50,153] {dag.py:2921} INFO - Setting next_dagrun for connectserver to 2021-11-01 00:00:00+00:00
[2021-11-02 15:57:50,166] {processor.py:171} INFO - Processing /home/linuxadmin/airflow/airflow_etl-/dags/conectserver.py took 0.836 seconds
[2021-11-02 15:57:54,181] {processor.py:163} INFO - Started process (PID=179421) to work on /home/linuxadmin/airflow/airflow_etl-/dags/conectserver.py
[2021-11-02 15:57:54,182] {processor.py:620} INFO - Processing file /home/linuxadmin/airflow/airflow_etl-/dags/conectserver.py for tasks to queue
[2021-11-02 15:57:54,183] {logging_mixin.py:109} INFO - [2021-11-02 15:57:54,183] {dagbag.py:500} INFO - Filling up the DagBag from /home/linuxadmin/airflow/airflow_etl-/dags/conectserver.py
[2021-11-02 15:57:55,025] {processor.py:632} INFO - DAG(s) dict_keys(['connectserver']) retrieved from /home/linuxadmin/airflow/airflow_etl-/dags/conectserver.py
[2021-11-02 15:57:55,039] {logging_mixin.py:109} INFO - [2021-11-02 15:57:55,038] {dag.py:2389} INFO - Sync 1 DAGs
[2021-11-02 15:57:55,060] {logging_mixin.py:109} INFO - [2021-11-02 15:57:55,060] {dag.py:2921} INFO - Setting next_dagrun for connectserver to 2021-11-01 00:00:00+00:00
[2021-11-02 15:57:55,071] {processor.py:171} INFO - Processing /home/linuxadmin/airflow/airflow_etl-/dags/conectserver.py took 0.896 seconds
[2021-11-02 15:57:58,802] {processor.py:163} INFO - Started process (PID=179540) to work on /home/linuxadmin/airflow/airflow_etl-/dags/conectserver.py
[2021-11-02 15:57:58,803] {processor.py:620} INFO - Processing file /home/linuxadmin/airflow/airflow_etl-/dags/conectserver.py for tasks to queue
[2021-11-02 15:57:58,808] {logging_mixin.py:109} INFO - [2021-11-02 15:57:58,808] {dagbag.py:500} INFO - Filling up the DagBag from /home/linuxadmin/airflow/airflow_etl-/dags/conectserver.py
[2021-11-02 15:57:59,704] {processor.py:632} INFO - DAG(s) dict_keys(['connectserver']) retrieved from /home/linuxadmin/airflow/airflow_etl-/dags/conectserver.py
[2021-11-02 15:57:59,724] {logging_mixin.py:109} INFO - [2021-11-02 15:57:59,724] {dag.py:2389} INFO - Sync 1 DAGs
[2021-11-02 15:57:59,763] {logging_mixin.py:109} INFO - [2021-11-02 15:57:59,763] {dag.py:2921} INFO - Setting next_dagrun for connectserver to 2021-11-01 00:00:00+00:00
[2021-11-02 15:57:59,780] {processor.py:171} INFO - Processing /home/linuxadmin/airflow/airflow_etl-/dags/conectserver.py took 0.991 seconds
[2021-11-02 15:58:03,429] {processor.py:163} INFO - Started process (PID=179663) to work on /home/linuxadmin/airflow/airflow_etl-/dags/conectserver.py
[2021-11-02 15:58:03,432] {processor.py:620} INFO - Processing file /home/linuxadmin/airflow/airflow_etl-/dags/conectserver.py for tasks to queue
[2021-11-02 15:58:03,433] {logging_mixin.py:109} INFO - [2021-11-02 15:58:03,433] {dagbag.py:500} INFO - Filling up the DagBag from /home/linuxadmin/airflow/airflow_etl-/dags/conectserver.py
[2021-11-02 15:58:04,300] {processor.py:632} INFO - DAG(s) dict_keys(['connectserver']) retrieved from /home/linuxadmin/airflow/airflow_etl-/dags/conectserver.py
[2021-11-02 15:58:04,312] {logging_mixin.py:109} INFO - [2021-11-02 15:58:04,312] {dag.py:2389} INFO - Sync 1 DAGs
[2021-11-02 15:58:04,331] {logging_mixin.py:109} INFO - [2021-11-02 15:58:04,331] {dag.py:2921} INFO - Setting next_dagrun for connectserver to 2021-11-01 00:00:00+00:00
[2021-11-02 15:58:04,341] {processor.py:171} INFO - Processing /home/linuxadmin/airflow/airflow_etl-/dags/conectserver.py took 0.918 seconds
[2021-11-02 15:58:07,255] {processor.py:163} INFO - Started process (PID=179781) to work on /home/linuxadmin/airflow/airflow_etl-/dags/conectserver.py
[2021-11-02 15:58:07,270] {processor.py:620} INFO - Processing file /home/linuxadmin/airflow/airflow_etl-/dags/conectserver.py for tasks to queue
[2021-11-02 15:58:07,271] {logging_mixin.py:109} INFO - [2021-11-02 15:58:07,271] {dagbag.py:500} INFO - Filling up the DagBag from /home/linuxadmin/airflow/airflow_etl-/dags/conectserver.py
[2021-11-02 15:58:08,162] {processor.py:632} INFO - DAG(s) dict_keys(['connectserver']) retrieved from /home/linuxadmin/airflow/airflow_etl-/dags/conectserver.py
[2021-11-02 15:58:08,179] {logging_mixin.py:109} INFO - [2021-11-02 15:58:08,179] {dag.py:2389} INFO - Sync 1 DAGs
[2021-11-02 15:58:08,207] {logging_mixin.py:109} INFO - [2021-11-02 15:58:08,207] {dag.py:2921} INFO - Setting next_dagrun for connectserver to 2021-11-01 00:00:00+00:00
[2021-11-02 15:58:08,231] {processor.py:171} INFO - Processing /home/linuxadmin/airflow/airflow_etl-/dags/conectserver.py took 0.996 seconds
[2021-11-02 15:58:12,365] {processor.py:163} INFO - Started process (PID=179901) to work on /home/linuxadmin/airflow/airflow_etl-/dags/conectserver.py
[2021-11-02 15:58:12,367] {processor.py:620} INFO - Processing file /home/linuxadmin/airflow/airflow_etl-/dags/conectserver.py for tasks to queue
[2021-11-02 15:58:12,367] {logging_mixin.py:109} INFO - [2021-11-02 15:58:12,367] {dagbag.py:500} INFO - Filling up the DagBag from /home/linuxadmin/airflow/airflow_etl-/dags/conectserver.py
[2021-11-02 15:58:13,182] {processor.py:632} INFO - DAG(s) dict_keys(['connectserver']) retrieved from /home/linuxadmin/airflow/airflow_etl-/dags/conectserver.py
[2021-11-02 15:58:13,196] {logging_mixin.py:109} INFO - [2021-11-02 15:58:13,195] {dag.py:2389} INFO - Sync 1 DAGs
[2021-11-02 15:58:13,219] {logging_mixin.py:109} INFO - [2021-11-02 15:58:13,219] {dag.py:2921} INFO - Setting next_dagrun for connectserver to 2021-11-01 00:00:00+00:00
[2021-11-02 15:58:13,229] {processor.py:171} INFO - Processing /home/linuxadmin/airflow/airflow_etl-/dags/conectserver.py took 0.869 seconds
[2021-11-02 15:58:17,358] {processor.py:163} INFO - Started process (PID=180030) to work on /home/linuxadmin/airflow/airflow_etl-/dags/conectserver.py
[2021-11-02 15:58:17,359] {processor.py:620} INFO - Processing file /home/linuxadmin/airflow/airflow_etl-/dags/conectserver.py for tasks to queue
[2021-11-02 15:58:17,359] {logging_mixin.py:109} INFO - [2021-11-02 15:58:17,359] {dagbag.py:500} INFO - Filling up the DagBag from /home/linuxadmin/airflow/airflow_etl-/dags/conectserver.py
[2021-11-02 15:58:18,135] {processor.py:632} INFO - DAG(s) dict_keys(['connectserver']) retrieved from /home/linuxadmin/airflow/airflow_etl-/dags/conectserver.py
[2021-11-02 15:58:18,147] {logging_mixin.py:109} INFO - [2021-11-02 15:58:18,147] {dag.py:2389} INFO - Sync 1 DAGs
[2021-11-02 15:58:18,166] {logging_mixin.py:109} INFO - [2021-11-02 15:58:18,166] {dag.py:2921} INFO - Setting next_dagrun for connectserver to 2021-11-01 00:00:00+00:00
[2021-11-02 15:58:18,176] {processor.py:171} INFO - Processing /home/linuxadmin/airflow/airflow_etl-/dags/conectserver.py took 0.823 seconds
[2021-11-02 15:58:20,991] {processor.py:163} INFO - Started process (PID=180149) to work on /home/linuxadmin/airflow/airflow_etl-/dags/conectserver.py
[2021-11-02 15:58:21,004] {processor.py:620} INFO - Processing file /home/linuxadmin/airflow/airflow_etl-/dags/conectserver.py for tasks to queue
[2021-11-02 15:58:21,005] {logging_mixin.py:109} INFO - [2021-11-02 15:58:21,005] {dagbag.py:500} INFO - Filling up the DagBag from /home/linuxadmin/airflow/airflow_etl-/dags/conectserver.py
[2021-11-02 15:58:21,826] {processor.py:632} INFO - DAG(s) dict_keys(['connectserver']) retrieved from /home/linuxadmin/airflow/airflow_etl-/dags/conectserver.py
[2021-11-02 15:58:21,849] {logging_mixin.py:109} INFO - [2021-11-02 15:58:21,849] {dag.py:2389} INFO - Sync 1 DAGs
[2021-11-02 15:58:21,894] {logging_mixin.py:109} INFO - [2021-11-02 15:58:21,894] {dag.py:2921} INFO - Setting next_dagrun for connectserver to 2021-11-01 00:00:00+00:00
[2021-11-02 15:58:21,914] {processor.py:171} INFO - Processing /home/linuxadmin/airflow/airflow_etl-/dags/conectserver.py took 0.928 seconds
[2021-11-02 15:58:25,735] {processor.py:163} INFO - Started process (PID=180271) to work on /home/linuxadmin/airflow/airflow_etl-/dags/conectserver.py
[2021-11-02 15:58:25,736] {processor.py:620} INFO - Processing file /home/linuxadmin/airflow/airflow_etl-/dags/conectserver.py for tasks to queue
[2021-11-02 15:58:25,737] {logging_mixin.py:109} INFO - [2021-11-02 15:58:25,737] {dagbag.py:500} INFO - Filling up the DagBag from /home/linuxadmin/airflow/airflow_etl-/dags/conectserver.py
[2021-11-02 15:58:26,610] {processor.py:632} INFO - DAG(s) dict_keys(['connectserver']) retrieved from /home/linuxadmin/airflow/airflow_etl-/dags/conectserver.py
[2021-11-02 15:58:26,628] {logging_mixin.py:109} INFO - [2021-11-02 15:58:26,628] {dag.py:2389} INFO - Sync 1 DAGs
[2021-11-02 15:58:26,648] {logging_mixin.py:109} INFO - [2021-11-02 15:58:26,647] {dag.py:2921} INFO - Setting next_dagrun for connectserver to 2021-11-01 00:00:00+00:00
[2021-11-02 15:58:26,658] {processor.py:171} INFO - Processing /home/linuxadmin/airflow/airflow_etl-/dags/conectserver.py took 0.928 seconds
[2021-11-02 15:58:30,529] {processor.py:163} INFO - Started process (PID=180388) to work on /home/linuxadmin/airflow/airflow_etl-/dags/conectserver.py
[2021-11-02 15:58:30,530] {processor.py:620} INFO - Processing file /home/linuxadmin/airflow/airflow_etl-/dags/conectserver.py for tasks to queue
[2021-11-02 15:58:30,531] {logging_mixin.py:109} INFO - [2021-11-02 15:58:30,531] {dagbag.py:500} INFO - Filling up the DagBag from /home/linuxadmin/airflow/airflow_etl-/dags/conectserver.py
[2021-11-02 15:58:31,411] {processor.py:632} INFO - DAG(s) dict_keys(['connectserver']) retrieved from /home/linuxadmin/airflow/airflow_etl-/dags/conectserver.py
[2021-11-02 15:58:31,425] {logging_mixin.py:109} INFO - [2021-11-02 15:58:31,425] {dag.py:2389} INFO - Sync 1 DAGs
[2021-11-02 15:58:31,450] {logging_mixin.py:109} INFO - [2021-11-02 15:58:31,450] {dag.py:2921} INFO - Setting next_dagrun for connectserver to 2021-11-01 00:00:00+00:00
[2021-11-02 15:58:31,463] {processor.py:171} INFO - Processing /home/linuxadmin/airflow/airflow_etl-/dags/conectserver.py took 0.939 seconds
[2021-11-02 15:58:35,580] {processor.py:163} INFO - Started process (PID=180515) to work on /home/linuxadmin/airflow/airflow_etl-/dags/conectserver.py
[2021-11-02 15:58:35,581] {processor.py:620} INFO - Processing file /home/linuxadmin/airflow/airflow_etl-/dags/conectserver.py for tasks to queue
[2021-11-02 15:58:35,582] {logging_mixin.py:109} INFO - [2021-11-02 15:58:35,582] {dagbag.py:500} INFO - Filling up the DagBag from /home/linuxadmin/airflow/airflow_etl-/dags/conectserver.py
[2021-11-02 15:58:36,432] {processor.py:632} INFO - DAG(s) dict_keys(['connectserver']) retrieved from /home/linuxadmin/airflow/airflow_etl-/dags/conectserver.py
[2021-11-02 15:58:36,450] {logging_mixin.py:109} INFO - [2021-11-02 15:58:36,450] {dag.py:2389} INFO - Sync 1 DAGs
[2021-11-02 15:58:36,473] {logging_mixin.py:109} INFO - [2021-11-02 15:58:36,473] {dag.py:2921} INFO - Setting next_dagrun for connectserver to 2021-11-01 00:00:00+00:00
[2021-11-02 15:58:36,484] {processor.py:171} INFO - Processing /home/linuxadmin/airflow/airflow_etl-/dags/conectserver.py took 0.909 seconds
[2021-11-02 15:58:39,415] {processor.py:163} INFO - Started process (PID=180632) to work on /home/linuxadmin/airflow/airflow_etl-/dags/conectserver.py
[2021-11-02 15:58:39,416] {processor.py:620} INFO - Processing file /home/linuxadmin/airflow/airflow_etl-/dags/conectserver.py for tasks to queue
[2021-11-02 15:58:39,417] {logging_mixin.py:109} INFO - [2021-11-02 15:58:39,417] {dagbag.py:500} INFO - Filling up the DagBag from /home/linuxadmin/airflow/airflow_etl-/dags/conectserver.py
[2021-11-02 15:58:40,231] {processor.py:632} INFO - DAG(s) dict_keys(['connectserver']) retrieved from /home/linuxadmin/airflow/airflow_etl-/dags/conectserver.py
[2021-11-02 15:58:40,247] {logging_mixin.py:109} INFO - [2021-11-02 15:58:40,247] {dag.py:2389} INFO - Sync 1 DAGs
[2021-11-02 15:58:40,274] {logging_mixin.py:109} INFO - [2021-11-02 15:58:40,273] {dag.py:2921} INFO - Setting next_dagrun for connectserver to 2021-11-01 00:00:00+00:00
[2021-11-02 15:58:40,298] {processor.py:171} INFO - Processing /home/linuxadmin/airflow/airflow_etl-/dags/conectserver.py took 0.889 seconds
[2021-11-02 15:58:44,226] {processor.py:163} INFO - Started process (PID=180758) to work on /home/linuxadmin/airflow/airflow_etl-/dags/conectserver.py
[2021-11-02 15:58:44,228] {processor.py:620} INFO - Processing file /home/linuxadmin/airflow/airflow_etl-/dags/conectserver.py for tasks to queue
[2021-11-02 15:58:44,229] {logging_mixin.py:109} INFO - [2021-11-02 15:58:44,229] {dagbag.py:500} INFO - Filling up the DagBag from /home/linuxadmin/airflow/airflow_etl-/dags/conectserver.py
[2021-11-02 15:58:45,072] {processor.py:632} INFO - DAG(s) dict_keys(['connectserver']) retrieved from /home/linuxadmin/airflow/airflow_etl-/dags/conectserver.py
[2021-11-02 15:58:45,085] {logging_mixin.py:109} INFO - [2021-11-02 15:58:45,085] {dag.py:2389} INFO - Sync 1 DAGs
[2021-11-02 15:58:45,107] {logging_mixin.py:109} INFO - [2021-11-02 15:58:45,107] {dag.py:2921} INFO - Setting next_dagrun for connectserver to 2021-11-01 00:00:00+00:00
[2021-11-02 15:58:45,119] {processor.py:171} INFO - Processing /home/linuxadmin/airflow/airflow_etl-/dags/conectserver.py took 0.898 seconds
[2021-11-02 15:58:47,903] {processor.py:163} INFO - Started process (PID=180875) to work on /home/linuxadmin/airflow/airflow_etl-/dags/conectserver.py
[2021-11-02 15:58:47,905] {processor.py:620} INFO - Processing file /home/linuxadmin/airflow/airflow_etl-/dags/conectserver.py for tasks to queue
[2021-11-02 15:58:47,906] {logging_mixin.py:109} INFO - [2021-11-02 15:58:47,906] {dagbag.py:500} INFO - Filling up the DagBag from /home/linuxadmin/airflow/airflow_etl-/dags/conectserver.py
[2021-11-02 15:58:48,698] {processor.py:632} INFO - DAG(s) dict_keys(['connectserver']) retrieved from /home/linuxadmin/airflow/airflow_etl-/dags/conectserver.py
[2021-11-02 15:58:48,716] {logging_mixin.py:109} INFO - [2021-11-02 15:58:48,715] {dag.py:2389} INFO - Sync 1 DAGs
[2021-11-02 15:58:48,744] {logging_mixin.py:109} INFO - [2021-11-02 15:58:48,744] {dag.py:2921} INFO - Setting next_dagrun for connectserver to 2021-11-01 00:00:00+00:00
[2021-11-02 15:58:48,757] {processor.py:171} INFO - Processing /home/linuxadmin/airflow/airflow_etl-/dags/conectserver.py took 0.860 seconds
[2021-11-02 15:58:52,638] {processor.py:163} INFO - Started process (PID=181001) to work on /home/linuxadmin/airflow/airflow_etl-/dags/conectserver.py
[2021-11-02 15:58:52,639] {processor.py:620} INFO - Processing file /home/linuxadmin/airflow/airflow_etl-/dags/conectserver.py for tasks to queue
[2021-11-02 15:58:52,640] {logging_mixin.py:109} INFO - [2021-11-02 15:58:52,640] {dagbag.py:500} INFO - Filling up the DagBag from /home/linuxadmin/airflow/airflow_etl-/dags/conectserver.py
[2021-11-02 15:58:53,419] {processor.py:632} INFO - DAG(s) dict_keys(['connectserver']) retrieved from /home/linuxadmin/airflow/airflow_etl-/dags/conectserver.py
[2021-11-02 15:58:53,434] {logging_mixin.py:109} INFO - [2021-11-02 15:58:53,433] {dag.py:2389} INFO - Sync 1 DAGs
[2021-11-02 15:58:53,456] {logging_mixin.py:109} INFO - [2021-11-02 15:58:53,456] {dag.py:2921} INFO - Setting next_dagrun for connectserver to 2021-11-01 00:00:00+00:00
[2021-11-02 15:58:53,469] {processor.py:171} INFO - Processing /home/linuxadmin/airflow/airflow_etl-/dags/conectserver.py took 0.836 seconds
[2021-11-02 15:58:57,243] {processor.py:163} INFO - Started process (PID=181121) to work on /home/linuxadmin/airflow/airflow_etl-/dags/conectserver.py
[2021-11-02 15:58:57,244] {processor.py:620} INFO - Processing file /home/linuxadmin/airflow/airflow_etl-/dags/conectserver.py for tasks to queue
[2021-11-02 15:58:57,245] {logging_mixin.py:109} INFO - [2021-11-02 15:58:57,245] {dagbag.py:500} INFO - Filling up the DagBag from /home/linuxadmin/airflow/airflow_etl-/dags/conectserver.py
[2021-11-02 15:58:58,129] {processor.py:632} INFO - DAG(s) dict_keys(['connectserver']) retrieved from /home/linuxadmin/airflow/airflow_etl-/dags/conectserver.py
[2021-11-02 15:58:58,146] {logging_mixin.py:109} INFO - [2021-11-02 15:58:58,146] {dag.py:2389} INFO - Sync 1 DAGs
[2021-11-02 15:58:58,174] {logging_mixin.py:109} INFO - [2021-11-02 15:58:58,174] {dag.py:2921} INFO - Setting next_dagrun for connectserver to 2021-11-01 00:00:00+00:00
[2021-11-02 15:58:58,188] {processor.py:171} INFO - Processing /home/linuxadmin/airflow/airflow_etl-/dags/conectserver.py took 0.950 seconds
[2021-11-02 15:59:02,105] {processor.py:163} INFO - Started process (PID=181242) to work on /home/linuxadmin/airflow/airflow_etl-/dags/conectserver.py
[2021-11-02 15:59:02,106] {processor.py:620} INFO - Processing file /home/linuxadmin/airflow/airflow_etl-/dags/conectserver.py for tasks to queue
[2021-11-02 15:59:02,107] {logging_mixin.py:109} INFO - [2021-11-02 15:59:02,107] {dagbag.py:500} INFO - Filling up the DagBag from /home/linuxadmin/airflow/airflow_etl-/dags/conectserver.py
[2021-11-02 15:59:02,959] {processor.py:632} INFO - DAG(s) dict_keys(['connectserver']) retrieved from /home/linuxadmin/airflow/airflow_etl-/dags/conectserver.py
[2021-11-02 15:59:02,971] {logging_mixin.py:109} INFO - [2021-11-02 15:59:02,971] {dag.py:2389} INFO - Sync 1 DAGs
[2021-11-02 15:59:02,993] {logging_mixin.py:109} INFO - [2021-11-02 15:59:02,993] {dag.py:2921} INFO - Setting next_dagrun for connectserver to 2021-11-01 00:00:00+00:00
[2021-11-02 15:59:03,006] {processor.py:171} INFO - Processing /home/linuxadmin/airflow/airflow_etl-/dags/conectserver.py took 0.906 seconds
[2021-11-02 15:59:06,523] {processor.py:163} INFO - Started process (PID=181362) to work on /home/linuxadmin/airflow/airflow_etl-/dags/conectserver.py
[2021-11-02 15:59:06,527] {processor.py:620} INFO - Processing file /home/linuxadmin/airflow/airflow_etl-/dags/conectserver.py for tasks to queue
[2021-11-02 15:59:06,528] {logging_mixin.py:109} INFO - [2021-11-02 15:59:06,528] {dagbag.py:500} INFO - Filling up the DagBag from /home/linuxadmin/airflow/airflow_etl-/dags/conectserver.py
[2021-11-02 15:59:07,476] {processor.py:632} INFO - DAG(s) dict_keys(['connectserver']) retrieved from /home/linuxadmin/airflow/airflow_etl-/dags/conectserver.py
[2021-11-02 15:59:07,492] {logging_mixin.py:109} INFO - [2021-11-02 15:59:07,492] {dag.py:2389} INFO - Sync 1 DAGs
[2021-11-02 15:59:07,518] {logging_mixin.py:109} INFO - [2021-11-02 15:59:07,518] {dag.py:2921} INFO - Setting next_dagrun for connectserver to 2021-11-01 00:00:00+00:00
[2021-11-02 15:59:07,532] {processor.py:171} INFO - Processing /home/linuxadmin/airflow/airflow_etl-/dags/conectserver.py took 1.015 seconds
[2021-11-02 15:59:11,470] {processor.py:163} INFO - Started process (PID=181491) to work on /home/linuxadmin/airflow/airflow_etl-/dags/conectserver.py
[2021-11-02 15:59:11,471] {processor.py:620} INFO - Processing file /home/linuxadmin/airflow/airflow_etl-/dags/conectserver.py for tasks to queue
[2021-11-02 15:59:11,472] {logging_mixin.py:109} INFO - [2021-11-02 15:59:11,472] {dagbag.py:500} INFO - Filling up the DagBag from /home/linuxadmin/airflow/airflow_etl-/dags/conectserver.py
[2021-11-02 15:59:12,212] {processor.py:632} INFO - DAG(s) dict_keys(['connectserver']) retrieved from /home/linuxadmin/airflow/airflow_etl-/dags/conectserver.py
[2021-11-02 15:59:12,236] {logging_mixin.py:109} INFO - [2021-11-02 15:59:12,236] {dag.py:2389} INFO - Sync 1 DAGs
[2021-11-02 15:59:12,267] {logging_mixin.py:109} INFO - [2021-11-02 15:59:12,267] {dag.py:2921} INFO - Setting next_dagrun for connectserver to 2021-11-01 00:00:00+00:00
[2021-11-02 15:59:12,283] {processor.py:171} INFO - Processing /home/linuxadmin/airflow/airflow_etl-/dags/conectserver.py took 0.818 seconds
