[2021-11-02 15:55:16,339] {processor.py:163} INFO - Started process (PID=175180) to work on /home/linuxadmin/airflow/airflow_etl-/dags/file_loadin.py
[2021-11-02 15:55:16,340] {processor.py:620} INFO - Processing file /home/linuxadmin/airflow/airflow_etl-/dags/file_loadin.py for tasks to queue
[2021-11-02 15:55:16,341] {logging_mixin.py:109} INFO - [2021-11-02 15:55:16,341] {dagbag.py:500} INFO - Filling up the DagBag from /home/linuxadmin/airflow/airflow_etl-/dags/file_loadin.py
[2021-11-02 15:55:17,011] {processor.py:632} INFO - DAG(s) dict_keys(['file_upload']) retrieved from /home/linuxadmin/airflow/airflow_etl-/dags/file_loadin.py
[2021-11-02 15:55:17,026] {logging_mixin.py:109} INFO - [2021-11-02 15:55:17,026] {dag.py:2389} INFO - Sync 1 DAGs
[2021-11-02 15:55:17,056] {logging_mixin.py:109} INFO - [2021-11-02 15:55:17,056] {dag.py:2921} INFO - Setting next_dagrun for file_upload to 2021-11-02T00:00:00+00:00
[2021-11-02 15:55:17,075] {processor.py:171} INFO - Processing /home/linuxadmin/airflow/airflow_etl-/dags/file_loadin.py took 0.741 seconds
[2021-11-02 15:55:21,632] {processor.py:163} INFO - Started process (PID=175306) to work on /home/linuxadmin/airflow/airflow_etl-/dags/file_loadin.py
[2021-11-02 15:55:21,634] {processor.py:620} INFO - Processing file /home/linuxadmin/airflow/airflow_etl-/dags/file_loadin.py for tasks to queue
[2021-11-02 15:55:21,634] {logging_mixin.py:109} INFO - [2021-11-02 15:55:21,634] {dagbag.py:500} INFO - Filling up the DagBag from /home/linuxadmin/airflow/airflow_etl-/dags/file_loadin.py
[2021-11-02 15:55:22,211] {processor.py:632} INFO - DAG(s) dict_keys(['file_upload']) retrieved from /home/linuxadmin/airflow/airflow_etl-/dags/file_loadin.py
[2021-11-02 15:55:22,224] {logging_mixin.py:109} INFO - [2021-11-02 15:55:22,223] {dag.py:2389} INFO - Sync 1 DAGs
[2021-11-02 15:55:22,251] {logging_mixin.py:109} INFO - [2021-11-02 15:55:22,251] {dag.py:2921} INFO - Setting next_dagrun for file_upload to 2021-11-02T00:00:00+00:00
[2021-11-02 15:55:22,267] {processor.py:171} INFO - Processing /home/linuxadmin/airflow/airflow_etl-/dags/file_loadin.py took 0.640 seconds
[2021-11-02 15:55:25,919] {processor.py:163} INFO - Started process (PID=175424) to work on /home/linuxadmin/airflow/airflow_etl-/dags/file_loadin.py
[2021-11-02 15:55:25,921] {processor.py:620} INFO - Processing file /home/linuxadmin/airflow/airflow_etl-/dags/file_loadin.py for tasks to queue
[2021-11-02 15:55:25,922] {logging_mixin.py:109} INFO - [2021-11-02 15:55:25,922] {dagbag.py:500} INFO - Filling up the DagBag from /home/linuxadmin/airflow/airflow_etl-/dags/file_loadin.py
[2021-11-02 15:55:26,531] {processor.py:632} INFO - DAG(s) dict_keys(['file_upload']) retrieved from /home/linuxadmin/airflow/airflow_etl-/dags/file_loadin.py
[2021-11-02 15:55:26,542] {logging_mixin.py:109} INFO - [2021-11-02 15:55:26,542] {dag.py:2389} INFO - Sync 1 DAGs
[2021-11-02 15:55:26,565] {logging_mixin.py:109} INFO - [2021-11-02 15:55:26,564] {dag.py:2921} INFO - Setting next_dagrun for file_upload to 2021-11-02T00:00:00+00:00
[2021-11-02 15:55:26,581] {processor.py:171} INFO - Processing /home/linuxadmin/airflow/airflow_etl-/dags/file_loadin.py took 0.668 seconds
[2021-11-02 15:55:30,147] {processor.py:163} INFO - Started process (PID=175547) to work on /home/linuxadmin/airflow/airflow_etl-/dags/file_loadin.py
[2021-11-02 15:55:30,148] {processor.py:620} INFO - Processing file /home/linuxadmin/airflow/airflow_etl-/dags/file_loadin.py for tasks to queue
[2021-11-02 15:55:30,149] {logging_mixin.py:109} INFO - [2021-11-02 15:55:30,149] {dagbag.py:500} INFO - Filling up the DagBag from /home/linuxadmin/airflow/airflow_etl-/dags/file_loadin.py
[2021-11-02 15:55:30,677] {processor.py:632} INFO - DAG(s) dict_keys(['file_upload']) retrieved from /home/linuxadmin/airflow/airflow_etl-/dags/file_loadin.py
[2021-11-02 15:55:30,692] {logging_mixin.py:109} INFO - [2021-11-02 15:55:30,691] {dag.py:2389} INFO - Sync 1 DAGs
[2021-11-02 15:55:30,721] {logging_mixin.py:109} INFO - [2021-11-02 15:55:30,721] {dag.py:2921} INFO - Setting next_dagrun for file_upload to 2021-11-02T00:00:00+00:00
[2021-11-02 15:55:30,734] {processor.py:171} INFO - Processing /home/linuxadmin/airflow/airflow_etl-/dags/file_loadin.py took 0.592 seconds
[2021-11-02 15:55:34,728] {processor.py:163} INFO - Started process (PID=175667) to work on /home/linuxadmin/airflow/airflow_etl-/dags/file_loadin.py
[2021-11-02 15:55:34,730] {processor.py:620} INFO - Processing file /home/linuxadmin/airflow/airflow_etl-/dags/file_loadin.py for tasks to queue
[2021-11-02 15:55:34,730] {logging_mixin.py:109} INFO - [2021-11-02 15:55:34,730] {dagbag.py:500} INFO - Filling up the DagBag from /home/linuxadmin/airflow/airflow_etl-/dags/file_loadin.py
[2021-11-02 15:55:35,332] {processor.py:632} INFO - DAG(s) dict_keys(['file_upload']) retrieved from /home/linuxadmin/airflow/airflow_etl-/dags/file_loadin.py
[2021-11-02 15:55:35,346] {logging_mixin.py:109} INFO - [2021-11-02 15:55:35,346] {dag.py:2389} INFO - Sync 1 DAGs
[2021-11-02 15:55:35,375] {logging_mixin.py:109} INFO - [2021-11-02 15:55:35,375] {dag.py:2921} INFO - Setting next_dagrun for file_upload to 2021-11-02T00:00:00+00:00
[2021-11-02 15:55:35,388] {processor.py:171} INFO - Processing /home/linuxadmin/airflow/airflow_etl-/dags/file_loadin.py took 0.664 seconds
[2021-11-02 15:55:39,364] {processor.py:163} INFO - Started process (PID=175789) to work on /home/linuxadmin/airflow/airflow_etl-/dags/file_loadin.py
[2021-11-02 15:55:39,366] {processor.py:620} INFO - Processing file /home/linuxadmin/airflow/airflow_etl-/dags/file_loadin.py for tasks to queue
[2021-11-02 15:55:39,367] {logging_mixin.py:109} INFO - [2021-11-02 15:55:39,367] {dagbag.py:500} INFO - Filling up the DagBag from /home/linuxadmin/airflow/airflow_etl-/dags/file_loadin.py
[2021-11-02 15:55:39,956] {processor.py:632} INFO - DAG(s) dict_keys(['file_upload']) retrieved from /home/linuxadmin/airflow/airflow_etl-/dags/file_loadin.py
[2021-11-02 15:55:39,966] {logging_mixin.py:109} INFO - [2021-11-02 15:55:39,966] {dag.py:2389} INFO - Sync 1 DAGs
[2021-11-02 15:55:39,988] {logging_mixin.py:109} INFO - [2021-11-02 15:55:39,988] {dag.py:2921} INFO - Setting next_dagrun for file_upload to 2021-11-02T00:00:00+00:00
[2021-11-02 15:55:39,999] {processor.py:171} INFO - Processing /home/linuxadmin/airflow/airflow_etl-/dags/file_loadin.py took 0.641 seconds
[2021-11-02 15:55:43,546] {processor.py:163} INFO - Started process (PID=175908) to work on /home/linuxadmin/airflow/airflow_etl-/dags/file_loadin.py
[2021-11-02 15:55:43,547] {processor.py:620} INFO - Processing file /home/linuxadmin/airflow/airflow_etl-/dags/file_loadin.py for tasks to queue
[2021-11-02 15:55:43,548] {logging_mixin.py:109} INFO - [2021-11-02 15:55:43,547] {dagbag.py:500} INFO - Filling up the DagBag from /home/linuxadmin/airflow/airflow_etl-/dags/file_loadin.py
[2021-11-02 15:55:44,190] {processor.py:632} INFO - DAG(s) dict_keys(['file_upload']) retrieved from /home/linuxadmin/airflow/airflow_etl-/dags/file_loadin.py
[2021-11-02 15:55:44,202] {logging_mixin.py:109} INFO - [2021-11-02 15:55:44,202] {dag.py:2389} INFO - Sync 1 DAGs
[2021-11-02 15:55:44,225] {logging_mixin.py:109} INFO - [2021-11-02 15:55:44,225] {dag.py:2921} INFO - Setting next_dagrun for file_upload to 2021-11-02T00:00:00+00:00
[2021-11-02 15:55:44,238] {processor.py:171} INFO - Processing /home/linuxadmin/airflow/airflow_etl-/dags/file_loadin.py took 0.697 seconds
[2021-11-02 15:55:47,568] {processor.py:163} INFO - Started process (PID=176028) to work on /home/linuxadmin/airflow/airflow_etl-/dags/file_loadin.py
[2021-11-02 15:55:47,570] {processor.py:620} INFO - Processing file /home/linuxadmin/airflow/airflow_etl-/dags/file_loadin.py for tasks to queue
[2021-11-02 15:55:47,570] {logging_mixin.py:109} INFO - [2021-11-02 15:55:47,570] {dagbag.py:500} INFO - Filling up the DagBag from /home/linuxadmin/airflow/airflow_etl-/dags/file_loadin.py
[2021-11-02 15:55:48,148] {processor.py:632} INFO - DAG(s) dict_keys(['file_upload']) retrieved from /home/linuxadmin/airflow/airflow_etl-/dags/file_loadin.py
[2021-11-02 15:55:48,166] {logging_mixin.py:109} INFO - [2021-11-02 15:55:48,166] {dag.py:2389} INFO - Sync 1 DAGs
[2021-11-02 15:55:48,202] {logging_mixin.py:109} INFO - [2021-11-02 15:55:48,201] {dag.py:2921} INFO - Setting next_dagrun for file_upload to 2021-11-02T00:00:00+00:00
[2021-11-02 15:55:48,221] {processor.py:171} INFO - Processing /home/linuxadmin/airflow/airflow_etl-/dags/file_loadin.py took 0.658 seconds
[2021-11-02 15:55:52,942] {processor.py:163} INFO - Started process (PID=176154) to work on /home/linuxadmin/airflow/airflow_etl-/dags/file_loadin.py
[2021-11-02 15:55:52,943] {processor.py:620} INFO - Processing file /home/linuxadmin/airflow/airflow_etl-/dags/file_loadin.py for tasks to queue
[2021-11-02 15:55:52,944] {logging_mixin.py:109} INFO - [2021-11-02 15:55:52,944] {dagbag.py:500} INFO - Filling up the DagBag from /home/linuxadmin/airflow/airflow_etl-/dags/file_loadin.py
[2021-11-02 15:55:53,496] {processor.py:632} INFO - DAG(s) dict_keys(['file_upload']) retrieved from /home/linuxadmin/airflow/airflow_etl-/dags/file_loadin.py
[2021-11-02 15:55:53,506] {logging_mixin.py:109} INFO - [2021-11-02 15:55:53,506] {dag.py:2389} INFO - Sync 1 DAGs
[2021-11-02 15:55:53,531] {logging_mixin.py:109} INFO - [2021-11-02 15:55:53,531] {dag.py:2921} INFO - Setting next_dagrun for file_upload to 2021-11-02T00:00:00+00:00
[2021-11-02 15:55:53,544] {processor.py:171} INFO - Processing /home/linuxadmin/airflow/airflow_etl-/dags/file_loadin.py took 0.607 seconds
[2021-11-02 15:55:57,175] {processor.py:163} INFO - Started process (PID=176273) to work on /home/linuxadmin/airflow/airflow_etl-/dags/file_loadin.py
[2021-11-02 15:55:57,177] {processor.py:620} INFO - Processing file /home/linuxadmin/airflow/airflow_etl-/dags/file_loadin.py for tasks to queue
[2021-11-02 15:55:57,178] {logging_mixin.py:109} INFO - [2021-11-02 15:55:57,177] {dagbag.py:500} INFO - Filling up the DagBag from /home/linuxadmin/airflow/airflow_etl-/dags/file_loadin.py
[2021-11-02 15:55:57,777] {processor.py:632} INFO - DAG(s) dict_keys(['file_upload']) retrieved from /home/linuxadmin/airflow/airflow_etl-/dags/file_loadin.py
[2021-11-02 15:55:57,790] {logging_mixin.py:109} INFO - [2021-11-02 15:55:57,789] {dag.py:2389} INFO - Sync 1 DAGs
[2021-11-02 15:55:57,813] {logging_mixin.py:109} INFO - [2021-11-02 15:55:57,813] {dag.py:2921} INFO - Setting next_dagrun for file_upload to 2021-11-02T00:00:00+00:00
[2021-11-02 15:55:57,824] {processor.py:171} INFO - Processing /home/linuxadmin/airflow/airflow_etl-/dags/file_loadin.py took 0.654 seconds
[2021-11-02 15:56:02,039] {processor.py:163} INFO - Started process (PID=176392) to work on /home/linuxadmin/airflow/airflow_etl-/dags/file_loadin.py
[2021-11-02 15:56:02,040] {processor.py:620} INFO - Processing file /home/linuxadmin/airflow/airflow_etl-/dags/file_loadin.py for tasks to queue
[2021-11-02 15:56:02,041] {logging_mixin.py:109} INFO - [2021-11-02 15:56:02,041] {dagbag.py:500} INFO - Filling up the DagBag from /home/linuxadmin/airflow/airflow_etl-/dags/file_loadin.py
[2021-11-02 15:56:02,691] {processor.py:632} INFO - DAG(s) dict_keys(['file_upload']) retrieved from /home/linuxadmin/airflow/airflow_etl-/dags/file_loadin.py
[2021-11-02 15:56:02,703] {logging_mixin.py:109} INFO - [2021-11-02 15:56:02,703] {dag.py:2389} INFO - Sync 1 DAGs
[2021-11-02 15:56:02,740] {logging_mixin.py:109} INFO - [2021-11-02 15:56:02,740] {dag.py:2921} INFO - Setting next_dagrun for file_upload to 2021-11-02T00:00:00+00:00
[2021-11-02 15:56:02,761] {processor.py:171} INFO - Processing /home/linuxadmin/airflow/airflow_etl-/dags/file_loadin.py took 0.728 seconds
[2021-11-02 15:56:06,795] {processor.py:163} INFO - Started process (PID=176516) to work on /home/linuxadmin/airflow/airflow_etl-/dags/file_loadin.py
[2021-11-02 15:56:06,796] {processor.py:620} INFO - Processing file /home/linuxadmin/airflow/airflow_etl-/dags/file_loadin.py for tasks to queue
[2021-11-02 15:56:06,797] {logging_mixin.py:109} INFO - [2021-11-02 15:56:06,797] {dagbag.py:500} INFO - Filling up the DagBag from /home/linuxadmin/airflow/airflow_etl-/dags/file_loadin.py
[2021-11-02 15:56:07,410] {processor.py:632} INFO - DAG(s) dict_keys(['file_upload']) retrieved from /home/linuxadmin/airflow/airflow_etl-/dags/file_loadin.py
[2021-11-02 15:56:07,424] {logging_mixin.py:109} INFO - [2021-11-02 15:56:07,424] {dag.py:2389} INFO - Sync 1 DAGs
[2021-11-02 15:56:07,453] {logging_mixin.py:109} INFO - [2021-11-02 15:56:07,453] {dag.py:2921} INFO - Setting next_dagrun for file_upload to 2021-11-02T00:00:00+00:00
[2021-11-02 15:56:07,467] {processor.py:171} INFO - Processing /home/linuxadmin/airflow/airflow_etl-/dags/file_loadin.py took 0.676 seconds
[2021-11-02 15:56:11,198] {processor.py:163} INFO - Started process (PID=176639) to work on /home/linuxadmin/airflow/airflow_etl-/dags/file_loadin.py
[2021-11-02 15:56:11,200] {processor.py:620} INFO - Processing file /home/linuxadmin/airflow/airflow_etl-/dags/file_loadin.py for tasks to queue
[2021-11-02 15:56:11,201] {logging_mixin.py:109} INFO - [2021-11-02 15:56:11,201] {dagbag.py:500} INFO - Filling up the DagBag from /home/linuxadmin/airflow/airflow_etl-/dags/file_loadin.py
[2021-11-02 15:56:11,818] {processor.py:632} INFO - DAG(s) dict_keys(['file_upload']) retrieved from /home/linuxadmin/airflow/airflow_etl-/dags/file_loadin.py
[2021-11-02 15:56:11,829] {logging_mixin.py:109} INFO - [2021-11-02 15:56:11,829] {dag.py:2389} INFO - Sync 1 DAGs
[2021-11-02 15:56:11,850] {logging_mixin.py:109} INFO - [2021-11-02 15:56:11,850] {dag.py:2921} INFO - Setting next_dagrun for file_upload to 2021-11-02T00:00:00+00:00
[2021-11-02 15:56:11,861] {processor.py:171} INFO - Processing /home/linuxadmin/airflow/airflow_etl-/dags/file_loadin.py took 0.682 seconds
[2021-11-02 15:56:15,794] {processor.py:163} INFO - Started process (PID=176760) to work on /home/linuxadmin/airflow/airflow_etl-/dags/file_loadin.py
[2021-11-02 15:56:15,796] {processor.py:620} INFO - Processing file /home/linuxadmin/airflow/airflow_etl-/dags/file_loadin.py for tasks to queue
[2021-11-02 15:56:15,797] {logging_mixin.py:109} INFO - [2021-11-02 15:56:15,797] {dagbag.py:500} INFO - Filling up the DagBag from /home/linuxadmin/airflow/airflow_etl-/dags/file_loadin.py
[2021-11-02 15:56:16,402] {processor.py:632} INFO - DAG(s) dict_keys(['file_upload']) retrieved from /home/linuxadmin/airflow/airflow_etl-/dags/file_loadin.py
[2021-11-02 15:56:16,412] {logging_mixin.py:109} INFO - [2021-11-02 15:56:16,412] {dag.py:2389} INFO - Sync 1 DAGs
[2021-11-02 15:56:16,432] {logging_mixin.py:109} INFO - [2021-11-02 15:56:16,431] {dag.py:2921} INFO - Setting next_dagrun for file_upload to 2021-11-02T00:00:00+00:00
[2021-11-02 15:56:16,443] {processor.py:171} INFO - Processing /home/linuxadmin/airflow/airflow_etl-/dags/file_loadin.py took 0.655 seconds
[2021-11-02 15:56:20,025] {processor.py:163} INFO - Started process (PID=176880) to work on /home/linuxadmin/airflow/airflow_etl-/dags/file_loadin.py
[2021-11-02 15:56:20,028] {processor.py:620} INFO - Processing file /home/linuxadmin/airflow/airflow_etl-/dags/file_loadin.py for tasks to queue
[2021-11-02 15:56:20,029] {logging_mixin.py:109} INFO - [2021-11-02 15:56:20,029] {dagbag.py:500} INFO - Filling up the DagBag from /home/linuxadmin/airflow/airflow_etl-/dags/file_loadin.py
[2021-11-02 15:56:20,551] {processor.py:632} INFO - DAG(s) dict_keys(['file_upload']) retrieved from /home/linuxadmin/airflow/airflow_etl-/dags/file_loadin.py
[2021-11-02 15:56:20,562] {logging_mixin.py:109} INFO - [2021-11-02 15:56:20,562] {dag.py:2389} INFO - Sync 1 DAGs
[2021-11-02 15:56:20,584] {logging_mixin.py:109} INFO - [2021-11-02 15:56:20,584] {dag.py:2921} INFO - Setting next_dagrun for file_upload to 2021-11-02T00:00:00+00:00
[2021-11-02 15:56:20,597] {processor.py:171} INFO - Processing /home/linuxadmin/airflow/airflow_etl-/dags/file_loadin.py took 0.577 seconds
[2021-11-02 15:56:25,254] {processor.py:163} INFO - Started process (PID=177000) to work on /home/linuxadmin/airflow/airflow_etl-/dags/file_loadin.py
[2021-11-02 15:56:25,256] {processor.py:620} INFO - Processing file /home/linuxadmin/airflow/airflow_etl-/dags/file_loadin.py for tasks to queue
[2021-11-02 15:56:25,257] {logging_mixin.py:109} INFO - [2021-11-02 15:56:25,256] {dagbag.py:500} INFO - Filling up the DagBag from /home/linuxadmin/airflow/airflow_etl-/dags/file_loadin.py
[2021-11-02 15:56:25,884] {processor.py:632} INFO - DAG(s) dict_keys(['file_upload']) retrieved from /home/linuxadmin/airflow/airflow_etl-/dags/file_loadin.py
[2021-11-02 15:56:25,896] {logging_mixin.py:109} INFO - [2021-11-02 15:56:25,896] {dag.py:2389} INFO - Sync 1 DAGs
[2021-11-02 15:56:25,924] {logging_mixin.py:109} INFO - [2021-11-02 15:56:25,923] {dag.py:2921} INFO - Setting next_dagrun for file_upload to 2021-11-02T00:00:00+00:00
[2021-11-02 15:56:25,940] {processor.py:171} INFO - Processing /home/linuxadmin/airflow/airflow_etl-/dags/file_loadin.py took 0.692 seconds
[2021-11-02 15:56:29,365] {processor.py:163} INFO - Started process (PID=177121) to work on /home/linuxadmin/airflow/airflow_etl-/dags/file_loadin.py
[2021-11-02 15:56:29,366] {processor.py:620} INFO - Processing file /home/linuxadmin/airflow/airflow_etl-/dags/file_loadin.py for tasks to queue
[2021-11-02 15:56:29,367] {logging_mixin.py:109} INFO - [2021-11-02 15:56:29,367] {dagbag.py:500} INFO - Filling up the DagBag from /home/linuxadmin/airflow/airflow_etl-/dags/file_loadin.py
[2021-11-02 15:56:29,930] {processor.py:632} INFO - DAG(s) dict_keys(['file_upload']) retrieved from /home/linuxadmin/airflow/airflow_etl-/dags/file_loadin.py
[2021-11-02 15:56:29,946] {logging_mixin.py:109} INFO - [2021-11-02 15:56:29,946] {dag.py:2389} INFO - Sync 1 DAGs
[2021-11-02 15:56:29,978] {logging_mixin.py:109} INFO - [2021-11-02 15:56:29,977] {dag.py:2921} INFO - Setting next_dagrun for file_upload to 2021-11-02T00:00:00+00:00
[2021-11-02 15:56:29,995] {processor.py:171} INFO - Processing /home/linuxadmin/airflow/airflow_etl-/dags/file_loadin.py took 0.635 seconds
[2021-11-02 15:56:33,825] {processor.py:163} INFO - Started process (PID=177242) to work on /home/linuxadmin/airflow/airflow_etl-/dags/file_loadin.py
[2021-11-02 15:56:33,826] {processor.py:620} INFO - Processing file /home/linuxadmin/airflow/airflow_etl-/dags/file_loadin.py for tasks to queue
[2021-11-02 15:56:33,827] {logging_mixin.py:109} INFO - [2021-11-02 15:56:33,827] {dagbag.py:500} INFO - Filling up the DagBag from /home/linuxadmin/airflow/airflow_etl-/dags/file_loadin.py
[2021-11-02 15:56:34,391] {processor.py:632} INFO - DAG(s) dict_keys(['file_upload']) retrieved from /home/linuxadmin/airflow/airflow_etl-/dags/file_loadin.py
[2021-11-02 15:56:34,402] {logging_mixin.py:109} INFO - [2021-11-02 15:56:34,402] {dag.py:2389} INFO - Sync 1 DAGs
[2021-11-02 15:56:34,424] {logging_mixin.py:109} INFO - [2021-11-02 15:56:34,424] {dag.py:2921} INFO - Setting next_dagrun for file_upload to 2021-11-02T00:00:00+00:00
[2021-11-02 15:56:34,437] {processor.py:171} INFO - Processing /home/linuxadmin/airflow/airflow_etl-/dags/file_loadin.py took 0.616 seconds
[2021-11-02 15:56:37,728] {processor.py:163} INFO - Started process (PID=177363) to work on /home/linuxadmin/airflow/airflow_etl-/dags/file_loadin.py
[2021-11-02 15:56:37,730] {processor.py:620} INFO - Processing file /home/linuxadmin/airflow/airflow_etl-/dags/file_loadin.py for tasks to queue
[2021-11-02 15:56:37,731] {logging_mixin.py:109} INFO - [2021-11-02 15:56:37,731] {dagbag.py:500} INFO - Filling up the DagBag from /home/linuxadmin/airflow/airflow_etl-/dags/file_loadin.py
[2021-11-02 15:56:38,294] {processor.py:632} INFO - DAG(s) dict_keys(['file_upload']) retrieved from /home/linuxadmin/airflow/airflow_etl-/dags/file_loadin.py
[2021-11-02 15:56:38,311] {logging_mixin.py:109} INFO - [2021-11-02 15:56:38,311] {dag.py:2389} INFO - Sync 1 DAGs
[2021-11-02 15:56:38,341] {logging_mixin.py:109} INFO - [2021-11-02 15:56:38,341] {dag.py:2921} INFO - Setting next_dagrun for file_upload to 2021-11-02T00:00:00+00:00
[2021-11-02 15:56:38,354] {processor.py:171} INFO - Processing /home/linuxadmin/airflow/airflow_etl-/dags/file_loadin.py took 0.633 seconds
[2021-11-02 15:56:42,212] {processor.py:163} INFO - Started process (PID=177484) to work on /home/linuxadmin/airflow/airflow_etl-/dags/file_loadin.py
[2021-11-02 15:56:42,213] {processor.py:620} INFO - Processing file /home/linuxadmin/airflow/airflow_etl-/dags/file_loadin.py for tasks to queue
[2021-11-02 15:56:42,214] {logging_mixin.py:109} INFO - [2021-11-02 15:56:42,214] {dagbag.py:500} INFO - Filling up the DagBag from /home/linuxadmin/airflow/airflow_etl-/dags/file_loadin.py
[2021-11-02 15:56:42,811] {processor.py:632} INFO - DAG(s) dict_keys(['file_upload']) retrieved from /home/linuxadmin/airflow/airflow_etl-/dags/file_loadin.py
[2021-11-02 15:56:42,823] {logging_mixin.py:109} INFO - [2021-11-02 15:56:42,823] {dag.py:2389} INFO - Sync 1 DAGs
[2021-11-02 15:56:42,844] {logging_mixin.py:109} INFO - [2021-11-02 15:56:42,844] {dag.py:2921} INFO - Setting next_dagrun for file_upload to 2021-11-02T00:00:00+00:00
[2021-11-02 15:56:42,855] {processor.py:171} INFO - Processing /home/linuxadmin/airflow/airflow_etl-/dags/file_loadin.py took 0.649 seconds
[2021-11-02 15:56:46,166] {processor.py:163} INFO - Started process (PID=177606) to work on /home/linuxadmin/airflow/airflow_etl-/dags/file_loadin.py
[2021-11-02 15:56:46,167] {processor.py:620} INFO - Processing file /home/linuxadmin/airflow/airflow_etl-/dags/file_loadin.py for tasks to queue
[2021-11-02 15:56:46,168] {logging_mixin.py:109} INFO - [2021-11-02 15:56:46,168] {dagbag.py:500} INFO - Filling up the DagBag from /home/linuxadmin/airflow/airflow_etl-/dags/file_loadin.py
[2021-11-02 15:56:46,732] {processor.py:632} INFO - DAG(s) dict_keys(['file_upload']) retrieved from /home/linuxadmin/airflow/airflow_etl-/dags/file_loadin.py
[2021-11-02 15:56:46,743] {logging_mixin.py:109} INFO - [2021-11-02 15:56:46,743] {dag.py:2389} INFO - Sync 1 DAGs
[2021-11-02 15:56:46,764] {logging_mixin.py:109} INFO - [2021-11-02 15:56:46,764] {dag.py:2921} INFO - Setting next_dagrun for file_upload to 2021-11-02T00:00:00+00:00
[2021-11-02 15:56:46,775] {processor.py:171} INFO - Processing /home/linuxadmin/airflow/airflow_etl-/dags/file_loadin.py took 0.613 seconds
[2021-11-02 15:56:50,527] {processor.py:163} INFO - Started process (PID=177729) to work on /home/linuxadmin/airflow/airflow_etl-/dags/file_loadin.py
[2021-11-02 15:56:50,529] {processor.py:620} INFO - Processing file /home/linuxadmin/airflow/airflow_etl-/dags/file_loadin.py for tasks to queue
[2021-11-02 15:56:50,530] {logging_mixin.py:109} INFO - [2021-11-02 15:56:50,530] {dagbag.py:500} INFO - Filling up the DagBag from /home/linuxadmin/airflow/airflow_etl-/dags/file_loadin.py
[2021-11-02 15:56:51,210] {processor.py:632} INFO - DAG(s) dict_keys(['file_upload']) retrieved from /home/linuxadmin/airflow/airflow_etl-/dags/file_loadin.py
[2021-11-02 15:56:51,222] {logging_mixin.py:109} INFO - [2021-11-02 15:56:51,222] {dag.py:2389} INFO - Sync 1 DAGs
[2021-11-02 15:56:51,250] {logging_mixin.py:109} INFO - [2021-11-02 15:56:51,250] {dag.py:2921} INFO - Setting next_dagrun for file_upload to 2021-11-02T00:00:00+00:00
[2021-11-02 15:56:51,262] {processor.py:171} INFO - Processing /home/linuxadmin/airflow/airflow_etl-/dags/file_loadin.py took 0.743 seconds
[2021-11-02 15:56:55,832] {processor.py:163} INFO - Started process (PID=177849) to work on /home/linuxadmin/airflow/airflow_etl-/dags/file_loadin.py
[2021-11-02 15:56:55,835] {processor.py:620} INFO - Processing file /home/linuxadmin/airflow/airflow_etl-/dags/file_loadin.py for tasks to queue
[2021-11-02 15:56:55,836] {logging_mixin.py:109} INFO - [2021-11-02 15:56:55,836] {dagbag.py:500} INFO - Filling up the DagBag from /home/linuxadmin/airflow/airflow_etl-/dags/file_loadin.py
[2021-11-02 15:56:56,414] {processor.py:632} INFO - DAG(s) dict_keys(['file_upload']) retrieved from /home/linuxadmin/airflow/airflow_etl-/dags/file_loadin.py
[2021-11-02 15:56:56,427] {logging_mixin.py:109} INFO - [2021-11-02 15:56:56,427] {dag.py:2389} INFO - Sync 1 DAGs
[2021-11-02 15:56:56,459] {logging_mixin.py:109} INFO - [2021-11-02 15:56:56,459] {dag.py:2921} INFO - Setting next_dagrun for file_upload to 2021-11-02T00:00:00+00:00
[2021-11-02 15:56:56,477] {processor.py:171} INFO - Processing /home/linuxadmin/airflow/airflow_etl-/dags/file_loadin.py took 0.651 seconds
[2021-11-02 15:57:00,544] {processor.py:163} INFO - Started process (PID=177971) to work on /home/linuxadmin/airflow/airflow_etl-/dags/file_loadin.py
[2021-11-02 15:57:00,546] {processor.py:620} INFO - Processing file /home/linuxadmin/airflow/airflow_etl-/dags/file_loadin.py for tasks to queue
[2021-11-02 15:57:00,546] {logging_mixin.py:109} INFO - [2021-11-02 15:57:00,546] {dagbag.py:500} INFO - Filling up the DagBag from /home/linuxadmin/airflow/airflow_etl-/dags/file_loadin.py
[2021-11-02 15:57:01,217] {processor.py:632} INFO - DAG(s) dict_keys(['file_upload']) retrieved from /home/linuxadmin/airflow/airflow_etl-/dags/file_loadin.py
[2021-11-02 15:57:01,228] {logging_mixin.py:109} INFO - [2021-11-02 15:57:01,228] {dag.py:2389} INFO - Sync 1 DAGs
[2021-11-02 15:57:01,252] {logging_mixin.py:109} INFO - [2021-11-02 15:57:01,252] {dag.py:2921} INFO - Setting next_dagrun for file_upload to 2021-11-02T00:00:00+00:00
[2021-11-02 15:57:01,269] {processor.py:171} INFO - Processing /home/linuxadmin/airflow/airflow_etl-/dags/file_loadin.py took 0.730 seconds
[2021-11-02 15:57:04,955] {processor.py:163} INFO - Started process (PID=178093) to work on /home/linuxadmin/airflow/airflow_etl-/dags/file_loadin.py
[2021-11-02 15:57:04,956] {processor.py:620} INFO - Processing file /home/linuxadmin/airflow/airflow_etl-/dags/file_loadin.py for tasks to queue
[2021-11-02 15:57:04,957] {logging_mixin.py:109} INFO - [2021-11-02 15:57:04,957] {dagbag.py:500} INFO - Filling up the DagBag from /home/linuxadmin/airflow/airflow_etl-/dags/file_loadin.py
[2021-11-02 15:57:05,642] {processor.py:632} INFO - DAG(s) dict_keys(['file_upload']) retrieved from /home/linuxadmin/airflow/airflow_etl-/dags/file_loadin.py
[2021-11-02 15:57:05,656] {logging_mixin.py:109} INFO - [2021-11-02 15:57:05,656] {dag.py:2389} INFO - Sync 1 DAGs
[2021-11-02 15:57:05,686] {logging_mixin.py:109} INFO - [2021-11-02 15:57:05,686] {dag.py:2921} INFO - Setting next_dagrun for file_upload to 2021-11-02T00:00:00+00:00
[2021-11-02 15:57:05,699] {processor.py:171} INFO - Processing /home/linuxadmin/airflow/airflow_etl-/dags/file_loadin.py took 0.750 seconds
[2021-11-02 15:57:09,675] {processor.py:163} INFO - Started process (PID=178214) to work on /home/linuxadmin/airflow/airflow_etl-/dags/file_loadin.py
[2021-11-02 15:57:09,677] {processor.py:620} INFO - Processing file /home/linuxadmin/airflow/airflow_etl-/dags/file_loadin.py for tasks to queue
[2021-11-02 15:57:09,678] {logging_mixin.py:109} INFO - [2021-11-02 15:57:09,678] {dagbag.py:500} INFO - Filling up the DagBag from /home/linuxadmin/airflow/airflow_etl-/dags/file_loadin.py
[2021-11-02 15:57:10,270] {processor.py:632} INFO - DAG(s) dict_keys(['file_upload']) retrieved from /home/linuxadmin/airflow/airflow_etl-/dags/file_loadin.py
[2021-11-02 15:57:10,282] {logging_mixin.py:109} INFO - [2021-11-02 15:57:10,282] {dag.py:2389} INFO - Sync 1 DAGs
[2021-11-02 15:57:10,303] {logging_mixin.py:109} INFO - [2021-11-02 15:57:10,303] {dag.py:2921} INFO - Setting next_dagrun for file_upload to 2021-11-02T00:00:00+00:00
[2021-11-02 15:57:10,314] {processor.py:171} INFO - Processing /home/linuxadmin/airflow/airflow_etl-/dags/file_loadin.py took 0.644 seconds
[2021-11-02 15:57:14,097] {processor.py:163} INFO - Started process (PID=178334) to work on /home/linuxadmin/airflow/airflow_etl-/dags/file_loadin.py
[2021-11-02 15:57:14,098] {processor.py:620} INFO - Processing file /home/linuxadmin/airflow/airflow_etl-/dags/file_loadin.py for tasks to queue
[2021-11-02 15:57:14,100] {logging_mixin.py:109} INFO - [2021-11-02 15:57:14,099] {dagbag.py:500} INFO - Filling up the DagBag from /home/linuxadmin/airflow/airflow_etl-/dags/file_loadin.py
[2021-11-02 15:57:14,675] {processor.py:632} INFO - DAG(s) dict_keys(['file_upload']) retrieved from /home/linuxadmin/airflow/airflow_etl-/dags/file_loadin.py
[2021-11-02 15:57:14,686] {logging_mixin.py:109} INFO - [2021-11-02 15:57:14,686] {dag.py:2389} INFO - Sync 1 DAGs
[2021-11-02 15:57:14,707] {logging_mixin.py:109} INFO - [2021-11-02 15:57:14,707] {dag.py:2921} INFO - Setting next_dagrun for file_upload to 2021-11-02T00:00:00+00:00
[2021-11-02 15:57:14,718] {processor.py:171} INFO - Processing /home/linuxadmin/airflow/airflow_etl-/dags/file_loadin.py took 0.628 seconds
[2021-11-02 15:57:18,334] {processor.py:163} INFO - Started process (PID=178454) to work on /home/linuxadmin/airflow/airflow_etl-/dags/file_loadin.py
[2021-11-02 15:57:18,335] {processor.py:620} INFO - Processing file /home/linuxadmin/airflow/airflow_etl-/dags/file_loadin.py for tasks to queue
[2021-11-02 15:57:18,337] {logging_mixin.py:109} INFO - [2021-11-02 15:57:18,336] {dagbag.py:500} INFO - Filling up the DagBag from /home/linuxadmin/airflow/airflow_etl-/dags/file_loadin.py
[2021-11-02 15:57:18,982] {processor.py:632} INFO - DAG(s) dict_keys(['file_upload']) retrieved from /home/linuxadmin/airflow/airflow_etl-/dags/file_loadin.py
[2021-11-02 15:57:18,994] {logging_mixin.py:109} INFO - [2021-11-02 15:57:18,994] {dag.py:2389} INFO - Sync 1 DAGs
[2021-11-02 15:57:19,021] {logging_mixin.py:109} INFO - [2021-11-02 15:57:19,020] {dag.py:2921} INFO - Setting next_dagrun for file_upload to 2021-11-02T00:00:00+00:00
[2021-11-02 15:57:19,034] {processor.py:171} INFO - Processing /home/linuxadmin/airflow/airflow_etl-/dags/file_loadin.py took 0.706 seconds
[2021-11-02 15:57:22,226] {processor.py:163} INFO - Started process (PID=178575) to work on /home/linuxadmin/airflow/airflow_etl-/dags/file_loadin.py
[2021-11-02 15:57:22,227] {processor.py:620} INFO - Processing file /home/linuxadmin/airflow/airflow_etl-/dags/file_loadin.py for tasks to queue
[2021-11-02 15:57:22,228] {logging_mixin.py:109} INFO - [2021-11-02 15:57:22,228] {dagbag.py:500} INFO - Filling up the DagBag from /home/linuxadmin/airflow/airflow_etl-/dags/file_loadin.py
[2021-11-02 15:57:22,853] {processor.py:632} INFO - DAG(s) dict_keys(['file_upload']) retrieved from /home/linuxadmin/airflow/airflow_etl-/dags/file_loadin.py
[2021-11-02 15:57:22,868] {logging_mixin.py:109} INFO - [2021-11-02 15:57:22,867] {dag.py:2389} INFO - Sync 1 DAGs
[2021-11-02 15:57:22,895] {logging_mixin.py:109} INFO - [2021-11-02 15:57:22,895] {dag.py:2921} INFO - Setting next_dagrun for file_upload to 2021-11-02T00:00:00+00:00
[2021-11-02 15:57:22,907] {processor.py:171} INFO - Processing /home/linuxadmin/airflow/airflow_etl-/dags/file_loadin.py took 0.686 seconds
[2021-11-02 15:57:27,659] {processor.py:163} INFO - Started process (PID=178696) to work on /home/linuxadmin/airflow/airflow_etl-/dags/file_loadin.py
[2021-11-02 15:57:27,660] {processor.py:620} INFO - Processing file /home/linuxadmin/airflow/airflow_etl-/dags/file_loadin.py for tasks to queue
[2021-11-02 15:57:27,661] {logging_mixin.py:109} INFO - [2021-11-02 15:57:27,661] {dagbag.py:500} INFO - Filling up the DagBag from /home/linuxadmin/airflow/airflow_etl-/dags/file_loadin.py
[2021-11-02 15:57:28,359] {processor.py:632} INFO - DAG(s) dict_keys(['file_upload']) retrieved from /home/linuxadmin/airflow/airflow_etl-/dags/file_loadin.py
[2021-11-02 15:57:28,373] {logging_mixin.py:109} INFO - [2021-11-02 15:57:28,373] {dag.py:2389} INFO - Sync 1 DAGs
[2021-11-02 15:57:28,400] {logging_mixin.py:109} INFO - [2021-11-02 15:57:28,399] {dag.py:2921} INFO - Setting next_dagrun for file_upload to 2021-11-02T00:00:00+00:00
[2021-11-02 15:57:28,413] {processor.py:171} INFO - Processing /home/linuxadmin/airflow/airflow_etl-/dags/file_loadin.py took 0.760 seconds
[2021-11-02 15:57:32,086] {processor.py:163} INFO - Started process (PID=178821) to work on /home/linuxadmin/airflow/airflow_etl-/dags/file_loadin.py
[2021-11-02 15:57:32,089] {processor.py:620} INFO - Processing file /home/linuxadmin/airflow/airflow_etl-/dags/file_loadin.py for tasks to queue
[2021-11-02 15:57:32,090] {logging_mixin.py:109} INFO - [2021-11-02 15:57:32,090] {dagbag.py:500} INFO - Filling up the DagBag from /home/linuxadmin/airflow/airflow_etl-/dags/file_loadin.py
[2021-11-02 15:57:32,691] {processor.py:632} INFO - DAG(s) dict_keys(['file_upload']) retrieved from /home/linuxadmin/airflow/airflow_etl-/dags/file_loadin.py
[2021-11-02 15:57:32,702] {logging_mixin.py:109} INFO - [2021-11-02 15:57:32,702] {dag.py:2389} INFO - Sync 1 DAGs
[2021-11-02 15:57:32,723] {logging_mixin.py:109} INFO - [2021-11-02 15:57:32,723] {dag.py:2921} INFO - Setting next_dagrun for file_upload to 2021-11-02T00:00:00+00:00
[2021-11-02 15:57:32,734] {processor.py:171} INFO - Processing /home/linuxadmin/airflow/airflow_etl-/dags/file_loadin.py took 0.654 seconds
[2021-11-02 15:57:36,458] {processor.py:163} INFO - Started process (PID=178940) to work on /home/linuxadmin/airflow/airflow_etl-/dags/file_loadin.py
[2021-11-02 15:57:36,460] {processor.py:620} INFO - Processing file /home/linuxadmin/airflow/airflow_etl-/dags/file_loadin.py for tasks to queue
[2021-11-02 15:57:36,461] {logging_mixin.py:109} INFO - [2021-11-02 15:57:36,460] {dagbag.py:500} INFO - Filling up the DagBag from /home/linuxadmin/airflow/airflow_etl-/dags/file_loadin.py
[2021-11-02 15:57:37,155] {processor.py:632} INFO - DAG(s) dict_keys(['file_upload']) retrieved from /home/linuxadmin/airflow/airflow_etl-/dags/file_loadin.py
[2021-11-02 15:57:37,170] {logging_mixin.py:109} INFO - [2021-11-02 15:57:37,170] {dag.py:2389} INFO - Sync 1 DAGs
[2021-11-02 15:57:37,200] {logging_mixin.py:109} INFO - [2021-11-02 15:57:37,199] {dag.py:2921} INFO - Setting next_dagrun for file_upload to 2021-11-02T00:00:00+00:00
[2021-11-02 15:57:37,213] {processor.py:171} INFO - Processing /home/linuxadmin/airflow/airflow_etl-/dags/file_loadin.py took 0.760 seconds
[2021-11-02 15:57:40,632] {processor.py:163} INFO - Started process (PID=179060) to work on /home/linuxadmin/airflow/airflow_etl-/dags/file_loadin.py
[2021-11-02 15:57:40,634] {processor.py:620} INFO - Processing file /home/linuxadmin/airflow/airflow_etl-/dags/file_loadin.py for tasks to queue
[2021-11-02 15:57:40,635] {logging_mixin.py:109} INFO - [2021-11-02 15:57:40,635] {dagbag.py:500} INFO - Filling up the DagBag from /home/linuxadmin/airflow/airflow_etl-/dags/file_loadin.py
[2021-11-02 15:57:41,302] {processor.py:632} INFO - DAG(s) dict_keys(['file_upload']) retrieved from /home/linuxadmin/airflow/airflow_etl-/dags/file_loadin.py
[2021-11-02 15:57:41,315] {logging_mixin.py:109} INFO - [2021-11-02 15:57:41,315] {dag.py:2389} INFO - Sync 1 DAGs
[2021-11-02 15:57:41,342] {logging_mixin.py:109} INFO - [2021-11-02 15:57:41,342] {dag.py:2921} INFO - Setting next_dagrun for file_upload to 2021-11-02T00:00:00+00:00
[2021-11-02 15:57:41,357] {processor.py:171} INFO - Processing /home/linuxadmin/airflow/airflow_etl-/dags/file_loadin.py took 0.736 seconds
[2021-11-02 15:57:45,270] {processor.py:163} INFO - Started process (PID=179180) to work on /home/linuxadmin/airflow/airflow_etl-/dags/file_loadin.py
[2021-11-02 15:57:45,272] {processor.py:620} INFO - Processing file /home/linuxadmin/airflow/airflow_etl-/dags/file_loadin.py for tasks to queue
[2021-11-02 15:57:45,273] {logging_mixin.py:109} INFO - [2021-11-02 15:57:45,273] {dagbag.py:500} INFO - Filling up the DagBag from /home/linuxadmin/airflow/airflow_etl-/dags/file_loadin.py
[2021-11-02 15:57:45,919] {processor.py:632} INFO - DAG(s) dict_keys(['file_upload']) retrieved from /home/linuxadmin/airflow/airflow_etl-/dags/file_loadin.py
[2021-11-02 15:57:45,929] {logging_mixin.py:109} INFO - [2021-11-02 15:57:45,929] {dag.py:2389} INFO - Sync 1 DAGs
[2021-11-02 15:57:45,953] {logging_mixin.py:109} INFO - [2021-11-02 15:57:45,953] {dag.py:2921} INFO - Setting next_dagrun for file_upload to 2021-11-02T00:00:00+00:00
[2021-11-02 15:57:45,963] {processor.py:171} INFO - Processing /home/linuxadmin/airflow/airflow_etl-/dags/file_loadin.py took 0.699 seconds
[2021-11-02 15:57:50,231] {processor.py:163} INFO - Started process (PID=179307) to work on /home/linuxadmin/airflow/airflow_etl-/dags/file_loadin.py
[2021-11-02 15:57:50,233] {processor.py:620} INFO - Processing file /home/linuxadmin/airflow/airflow_etl-/dags/file_loadin.py for tasks to queue
[2021-11-02 15:57:50,234] {logging_mixin.py:109} INFO - [2021-11-02 15:57:50,234] {dagbag.py:500} INFO - Filling up the DagBag from /home/linuxadmin/airflow/airflow_etl-/dags/file_loadin.py
[2021-11-02 15:57:50,803] {processor.py:632} INFO - DAG(s) dict_keys(['file_upload']) retrieved from /home/linuxadmin/airflow/airflow_etl-/dags/file_loadin.py
[2021-11-02 15:57:50,817] {logging_mixin.py:109} INFO - [2021-11-02 15:57:50,817] {dag.py:2389} INFO - Sync 1 DAGs
[2021-11-02 15:57:50,842] {logging_mixin.py:109} INFO - [2021-11-02 15:57:50,842] {dag.py:2921} INFO - Setting next_dagrun for file_upload to 2021-11-02T00:00:00+00:00
[2021-11-02 15:57:50,853] {processor.py:171} INFO - Processing /home/linuxadmin/airflow/airflow_etl-/dags/file_loadin.py took 0.627 seconds
[2021-11-02 15:57:54,384] {processor.py:163} INFO - Started process (PID=179428) to work on /home/linuxadmin/airflow/airflow_etl-/dags/file_loadin.py
[2021-11-02 15:57:54,386] {processor.py:620} INFO - Processing file /home/linuxadmin/airflow/airflow_etl-/dags/file_loadin.py for tasks to queue
[2021-11-02 15:57:54,386] {logging_mixin.py:109} INFO - [2021-11-02 15:57:54,386] {dagbag.py:500} INFO - Filling up the DagBag from /home/linuxadmin/airflow/airflow_etl-/dags/file_loadin.py
[2021-11-02 15:57:55,126] {processor.py:632} INFO - DAG(s) dict_keys(['file_upload']) retrieved from /home/linuxadmin/airflow/airflow_etl-/dags/file_loadin.py
[2021-11-02 15:57:55,142] {logging_mixin.py:109} INFO - [2021-11-02 15:57:55,141] {dag.py:2389} INFO - Sync 1 DAGs
[2021-11-02 15:57:55,180] {logging_mixin.py:109} INFO - [2021-11-02 15:57:55,180] {dag.py:2921} INFO - Setting next_dagrun for file_upload to 2021-11-02T00:00:00+00:00
[2021-11-02 15:57:55,204] {processor.py:171} INFO - Processing /home/linuxadmin/airflow/airflow_etl-/dags/file_loadin.py took 0.825 seconds
[2021-11-02 15:57:59,597] {processor.py:163} INFO - Started process (PID=179547) to work on /home/linuxadmin/airflow/airflow_etl-/dags/file_loadin.py
[2021-11-02 15:57:59,598] {processor.py:620} INFO - Processing file /home/linuxadmin/airflow/airflow_etl-/dags/file_loadin.py for tasks to queue
[2021-11-02 15:57:59,599] {logging_mixin.py:109} INFO - [2021-11-02 15:57:59,599] {dagbag.py:500} INFO - Filling up the DagBag from /home/linuxadmin/airflow/airflow_etl-/dags/file_loadin.py
[2021-11-02 15:58:00,129] {processor.py:632} INFO - DAG(s) dict_keys(['file_upload']) retrieved from /home/linuxadmin/airflow/airflow_etl-/dags/file_loadin.py
[2021-11-02 15:58:00,139] {logging_mixin.py:109} INFO - [2021-11-02 15:58:00,139] {dag.py:2389} INFO - Sync 1 DAGs
[2021-11-02 15:58:00,159] {logging_mixin.py:109} INFO - [2021-11-02 15:58:00,159] {dag.py:2921} INFO - Setting next_dagrun for file_upload to 2021-11-02T00:00:00+00:00
[2021-11-02 15:58:00,170] {processor.py:171} INFO - Processing /home/linuxadmin/airflow/airflow_etl-/dags/file_loadin.py took 0.578 seconds
[2021-11-02 15:58:03,611] {processor.py:163} INFO - Started process (PID=179670) to work on /home/linuxadmin/airflow/airflow_etl-/dags/file_loadin.py
[2021-11-02 15:58:03,613] {processor.py:620} INFO - Processing file /home/linuxadmin/airflow/airflow_etl-/dags/file_loadin.py for tasks to queue
[2021-11-02 15:58:03,613] {logging_mixin.py:109} INFO - [2021-11-02 15:58:03,613] {dagbag.py:500} INFO - Filling up the DagBag from /home/linuxadmin/airflow/airflow_etl-/dags/file_loadin.py
[2021-11-02 15:58:04,228] {processor.py:632} INFO - DAG(s) dict_keys(['file_upload']) retrieved from /home/linuxadmin/airflow/airflow_etl-/dags/file_loadin.py
[2021-11-02 15:58:04,242] {logging_mixin.py:109} INFO - [2021-11-02 15:58:04,242] {dag.py:2389} INFO - Sync 1 DAGs
[2021-11-02 15:58:04,270] {logging_mixin.py:109} INFO - [2021-11-02 15:58:04,270] {dag.py:2921} INFO - Setting next_dagrun for file_upload to 2021-11-02T00:00:00+00:00
[2021-11-02 15:58:04,284] {processor.py:171} INFO - Processing /home/linuxadmin/airflow/airflow_etl-/dags/file_loadin.py took 0.677 seconds
[2021-11-02 15:58:08,189] {processor.py:163} INFO - Started process (PID=179792) to work on /home/linuxadmin/airflow/airflow_etl-/dags/file_loadin.py
[2021-11-02 15:58:08,193] {processor.py:620} INFO - Processing file /home/linuxadmin/airflow/airflow_etl-/dags/file_loadin.py for tasks to queue
[2021-11-02 15:58:08,195] {logging_mixin.py:109} INFO - [2021-11-02 15:58:08,195] {dagbag.py:500} INFO - Filling up the DagBag from /home/linuxadmin/airflow/airflow_etl-/dags/file_loadin.py
[2021-11-02 15:58:08,828] {processor.py:632} INFO - DAG(s) dict_keys(['file_upload']) retrieved from /home/linuxadmin/airflow/airflow_etl-/dags/file_loadin.py
[2021-11-02 15:58:08,843] {logging_mixin.py:109} INFO - [2021-11-02 15:58:08,842] {dag.py:2389} INFO - Sync 1 DAGs
[2021-11-02 15:58:08,867] {logging_mixin.py:109} INFO - [2021-11-02 15:58:08,867] {dag.py:2921} INFO - Setting next_dagrun for file_upload to 2021-11-02T00:00:00+00:00
[2021-11-02 15:58:08,880] {processor.py:171} INFO - Processing /home/linuxadmin/airflow/airflow_etl-/dags/file_loadin.py took 0.696 seconds
[2021-11-02 15:58:13,228] {processor.py:163} INFO - Started process (PID=179915) to work on /home/linuxadmin/airflow/airflow_etl-/dags/file_loadin.py
[2021-11-02 15:58:13,229] {processor.py:620} INFO - Processing file /home/linuxadmin/airflow/airflow_etl-/dags/file_loadin.py for tasks to queue
[2021-11-02 15:58:13,230] {logging_mixin.py:109} INFO - [2021-11-02 15:58:13,230] {dagbag.py:500} INFO - Filling up the DagBag from /home/linuxadmin/airflow/airflow_etl-/dags/file_loadin.py
[2021-11-02 15:58:13,905] {processor.py:632} INFO - DAG(s) dict_keys(['file_upload']) retrieved from /home/linuxadmin/airflow/airflow_etl-/dags/file_loadin.py
[2021-11-02 15:58:13,922] {logging_mixin.py:109} INFO - [2021-11-02 15:58:13,921] {dag.py:2389} INFO - Sync 1 DAGs
[2021-11-02 15:58:13,951] {logging_mixin.py:109} INFO - [2021-11-02 15:58:13,951] {dag.py:2921} INFO - Setting next_dagrun for file_upload to 2021-11-02T00:00:00+00:00
[2021-11-02 15:58:13,962] {processor.py:171} INFO - Processing /home/linuxadmin/airflow/airflow_etl-/dags/file_loadin.py took 0.739 seconds
[2021-11-02 15:58:17,596] {processor.py:163} INFO - Started process (PID=180037) to work on /home/linuxadmin/airflow/airflow_etl-/dags/file_loadin.py
[2021-11-02 15:58:17,598] {processor.py:620} INFO - Processing file /home/linuxadmin/airflow/airflow_etl-/dags/file_loadin.py for tasks to queue
[2021-11-02 15:58:17,598] {logging_mixin.py:109} INFO - [2021-11-02 15:58:17,598] {dagbag.py:500} INFO - Filling up the DagBag from /home/linuxadmin/airflow/airflow_etl-/dags/file_loadin.py
[2021-11-02 15:58:18,232] {processor.py:632} INFO - DAG(s) dict_keys(['file_upload']) retrieved from /home/linuxadmin/airflow/airflow_etl-/dags/file_loadin.py
[2021-11-02 15:58:18,251] {logging_mixin.py:109} INFO - [2021-11-02 15:58:18,251] {dag.py:2389} INFO - Sync 1 DAGs
[2021-11-02 15:58:18,285] {logging_mixin.py:109} INFO - [2021-11-02 15:58:18,285] {dag.py:2921} INFO - Setting next_dagrun for file_upload to 2021-11-02T00:00:00+00:00
[2021-11-02 15:58:18,306] {processor.py:171} INFO - Processing /home/linuxadmin/airflow/airflow_etl-/dags/file_loadin.py took 0.715 seconds
[2021-11-02 15:58:21,793] {processor.py:163} INFO - Started process (PID=180157) to work on /home/linuxadmin/airflow/airflow_etl-/dags/file_loadin.py
[2021-11-02 15:58:21,795] {processor.py:620} INFO - Processing file /home/linuxadmin/airflow/airflow_etl-/dags/file_loadin.py for tasks to queue
[2021-11-02 15:58:21,796] {logging_mixin.py:109} INFO - [2021-11-02 15:58:21,796] {dagbag.py:500} INFO - Filling up the DagBag from /home/linuxadmin/airflow/airflow_etl-/dags/file_loadin.py
[2021-11-02 15:58:22,414] {processor.py:632} INFO - DAG(s) dict_keys(['file_upload']) retrieved from /home/linuxadmin/airflow/airflow_etl-/dags/file_loadin.py
[2021-11-02 15:58:22,426] {logging_mixin.py:109} INFO - [2021-11-02 15:58:22,426] {dag.py:2389} INFO - Sync 1 DAGs
[2021-11-02 15:58:22,447] {logging_mixin.py:109} INFO - [2021-11-02 15:58:22,446] {dag.py:2921} INFO - Setting next_dagrun for file_upload to 2021-11-02T00:00:00+00:00
[2021-11-02 15:58:22,458] {processor.py:171} INFO - Processing /home/linuxadmin/airflow/airflow_etl-/dags/file_loadin.py took 0.671 seconds
[2021-11-02 15:58:25,964] {processor.py:163} INFO - Started process (PID=180279) to work on /home/linuxadmin/airflow/airflow_etl-/dags/file_loadin.py
[2021-11-02 15:58:25,966] {processor.py:620} INFO - Processing file /home/linuxadmin/airflow/airflow_etl-/dags/file_loadin.py for tasks to queue
[2021-11-02 15:58:25,967] {logging_mixin.py:109} INFO - [2021-11-02 15:58:25,967] {dagbag.py:500} INFO - Filling up the DagBag from /home/linuxadmin/airflow/airflow_etl-/dags/file_loadin.py
[2021-11-02 15:58:26,545] {processor.py:632} INFO - DAG(s) dict_keys(['file_upload']) retrieved from /home/linuxadmin/airflow/airflow_etl-/dags/file_loadin.py
[2021-11-02 15:58:26,558] {logging_mixin.py:109} INFO - [2021-11-02 15:58:26,557] {dag.py:2389} INFO - Sync 1 DAGs
[2021-11-02 15:58:26,583] {logging_mixin.py:109} INFO - [2021-11-02 15:58:26,583] {dag.py:2921} INFO - Setting next_dagrun for file_upload to 2021-11-02T00:00:00+00:00
[2021-11-02 15:58:26,595] {processor.py:171} INFO - Processing /home/linuxadmin/airflow/airflow_etl-/dags/file_loadin.py took 0.638 seconds
[2021-11-02 15:58:31,489] {processor.py:163} INFO - Started process (PID=180401) to work on /home/linuxadmin/airflow/airflow_etl-/dags/file_loadin.py
[2021-11-02 15:58:31,490] {processor.py:620} INFO - Processing file /home/linuxadmin/airflow/airflow_etl-/dags/file_loadin.py for tasks to queue
[2021-11-02 15:58:31,491] {logging_mixin.py:109} INFO - [2021-11-02 15:58:31,491] {dagbag.py:500} INFO - Filling up the DagBag from /home/linuxadmin/airflow/airflow_etl-/dags/file_loadin.py
[2021-11-02 15:58:32,115] {processor.py:632} INFO - DAG(s) dict_keys(['file_upload']) retrieved from /home/linuxadmin/airflow/airflow_etl-/dags/file_loadin.py
[2021-11-02 15:58:32,128] {logging_mixin.py:109} INFO - [2021-11-02 15:58:32,128] {dag.py:2389} INFO - Sync 1 DAGs
[2021-11-02 15:58:32,157] {logging_mixin.py:109} INFO - [2021-11-02 15:58:32,157] {dag.py:2921} INFO - Setting next_dagrun for file_upload to 2021-11-02T00:00:00+00:00
[2021-11-02 15:58:32,171] {processor.py:171} INFO - Processing /home/linuxadmin/airflow/airflow_etl-/dags/file_loadin.py took 0.687 seconds
[2021-11-02 15:58:35,840] {processor.py:163} INFO - Started process (PID=180524) to work on /home/linuxadmin/airflow/airflow_etl-/dags/file_loadin.py
[2021-11-02 15:58:35,841] {processor.py:620} INFO - Processing file /home/linuxadmin/airflow/airflow_etl-/dags/file_loadin.py for tasks to queue
[2021-11-02 15:58:35,842] {logging_mixin.py:109} INFO - [2021-11-02 15:58:35,842] {dagbag.py:500} INFO - Filling up the DagBag from /home/linuxadmin/airflow/airflow_etl-/dags/file_loadin.py
[2021-11-02 15:58:36,450] {processor.py:632} INFO - DAG(s) dict_keys(['file_upload']) retrieved from /home/linuxadmin/airflow/airflow_etl-/dags/file_loadin.py
[2021-11-02 15:58:36,461] {logging_mixin.py:109} INFO - [2021-11-02 15:58:36,461] {dag.py:2389} INFO - Sync 1 DAGs
[2021-11-02 15:58:36,484] {logging_mixin.py:109} INFO - [2021-11-02 15:58:36,483] {dag.py:2921} INFO - Setting next_dagrun for file_upload to 2021-11-02T00:00:00+00:00
[2021-11-02 15:58:36,498] {processor.py:171} INFO - Processing /home/linuxadmin/airflow/airflow_etl-/dags/file_loadin.py took 0.663 seconds
[2021-11-02 15:58:40,252] {processor.py:163} INFO - Started process (PID=180644) to work on /home/linuxadmin/airflow/airflow_etl-/dags/file_loadin.py
[2021-11-02 15:58:40,253] {processor.py:620} INFO - Processing file /home/linuxadmin/airflow/airflow_etl-/dags/file_loadin.py for tasks to queue
[2021-11-02 15:58:40,254] {logging_mixin.py:109} INFO - [2021-11-02 15:58:40,254] {dagbag.py:500} INFO - Filling up the DagBag from /home/linuxadmin/airflow/airflow_etl-/dags/file_loadin.py
[2021-11-02 15:58:40,880] {processor.py:632} INFO - DAG(s) dict_keys(['file_upload']) retrieved from /home/linuxadmin/airflow/airflow_etl-/dags/file_loadin.py
[2021-11-02 15:58:40,891] {logging_mixin.py:109} INFO - [2021-11-02 15:58:40,890] {dag.py:2389} INFO - Sync 1 DAGs
[2021-11-02 15:58:40,912] {logging_mixin.py:109} INFO - [2021-11-02 15:58:40,912] {dag.py:2921} INFO - Setting next_dagrun for file_upload to 2021-11-02T00:00:00+00:00
[2021-11-02 15:58:40,924] {processor.py:171} INFO - Processing /home/linuxadmin/airflow/airflow_etl-/dags/file_loadin.py took 0.677 seconds
[2021-11-02 15:58:44,471] {processor.py:163} INFO - Started process (PID=180765) to work on /home/linuxadmin/airflow/airflow_etl-/dags/file_loadin.py
[2021-11-02 15:58:44,477] {processor.py:620} INFO - Processing file /home/linuxadmin/airflow/airflow_etl-/dags/file_loadin.py for tasks to queue
[2021-11-02 15:58:44,478] {logging_mixin.py:109} INFO - [2021-11-02 15:58:44,477] {dagbag.py:500} INFO - Filling up the DagBag from /home/linuxadmin/airflow/airflow_etl-/dags/file_loadin.py
[2021-11-02 15:58:45,105] {processor.py:632} INFO - DAG(s) dict_keys(['file_upload']) retrieved from /home/linuxadmin/airflow/airflow_etl-/dags/file_loadin.py
[2021-11-02 15:58:45,115] {logging_mixin.py:109} INFO - [2021-11-02 15:58:45,115] {dag.py:2389} INFO - Sync 1 DAGs
[2021-11-02 15:58:45,135] {logging_mixin.py:109} INFO - [2021-11-02 15:58:45,135] {dag.py:2921} INFO - Setting next_dagrun for file_upload to 2021-11-02T00:00:00+00:00
[2021-11-02 15:58:45,146] {processor.py:171} INFO - Processing /home/linuxadmin/airflow/airflow_etl-/dags/file_loadin.py took 0.680 seconds
[2021-11-02 15:58:48,835] {processor.py:163} INFO - Started process (PID=180886) to work on /home/linuxadmin/airflow/airflow_etl-/dags/file_loadin.py
[2021-11-02 15:58:48,837] {processor.py:620} INFO - Processing file /home/linuxadmin/airflow/airflow_etl-/dags/file_loadin.py for tasks to queue
[2021-11-02 15:58:48,838] {logging_mixin.py:109} INFO - [2021-11-02 15:58:48,837] {dagbag.py:500} INFO - Filling up the DagBag from /home/linuxadmin/airflow/airflow_etl-/dags/file_loadin.py
[2021-11-02 15:58:49,484] {processor.py:632} INFO - DAG(s) dict_keys(['file_upload']) retrieved from /home/linuxadmin/airflow/airflow_etl-/dags/file_loadin.py
[2021-11-02 15:58:49,498] {logging_mixin.py:109} INFO - [2021-11-02 15:58:49,498] {dag.py:2389} INFO - Sync 1 DAGs
[2021-11-02 15:58:49,523] {logging_mixin.py:109} INFO - [2021-11-02 15:58:49,523] {dag.py:2921} INFO - Setting next_dagrun for file_upload to 2021-11-02T00:00:00+00:00
[2021-11-02 15:58:49,536] {processor.py:171} INFO - Processing /home/linuxadmin/airflow/airflow_etl-/dags/file_loadin.py took 0.706 seconds
[2021-11-02 15:58:52,802] {processor.py:163} INFO - Started process (PID=181008) to work on /home/linuxadmin/airflow/airflow_etl-/dags/file_loadin.py
[2021-11-02 15:58:52,803] {processor.py:620} INFO - Processing file /home/linuxadmin/airflow/airflow_etl-/dags/file_loadin.py for tasks to queue
[2021-11-02 15:58:52,804] {logging_mixin.py:109} INFO - [2021-11-02 15:58:52,803] {dagbag.py:500} INFO - Filling up the DagBag from /home/linuxadmin/airflow/airflow_etl-/dags/file_loadin.py
[2021-11-02 15:58:53,375] {processor.py:632} INFO - DAG(s) dict_keys(['file_upload']) retrieved from /home/linuxadmin/airflow/airflow_etl-/dags/file_loadin.py
[2021-11-02 15:58:53,385] {logging_mixin.py:109} INFO - [2021-11-02 15:58:53,385] {dag.py:2389} INFO - Sync 1 DAGs
[2021-11-02 15:58:53,407] {logging_mixin.py:109} INFO - [2021-11-02 15:58:53,407] {dag.py:2921} INFO - Setting next_dagrun for file_upload to 2021-11-02T00:00:00+00:00
[2021-11-02 15:58:53,419] {processor.py:171} INFO - Processing /home/linuxadmin/airflow/airflow_etl-/dags/file_loadin.py took 0.629 seconds
[2021-11-02 15:58:57,312] {processor.py:163} INFO - Started process (PID=181128) to work on /home/linuxadmin/airflow/airflow_etl-/dags/file_loadin.py
[2021-11-02 15:58:57,313] {processor.py:620} INFO - Processing file /home/linuxadmin/airflow/airflow_etl-/dags/file_loadin.py for tasks to queue
[2021-11-02 15:58:57,314] {logging_mixin.py:109} INFO - [2021-11-02 15:58:57,314] {dagbag.py:500} INFO - Filling up the DagBag from /home/linuxadmin/airflow/airflow_etl-/dags/file_loadin.py
[2021-11-02 15:58:57,913] {processor.py:632} INFO - DAG(s) dict_keys(['file_upload']) retrieved from /home/linuxadmin/airflow/airflow_etl-/dags/file_loadin.py
[2021-11-02 15:58:57,926] {logging_mixin.py:109} INFO - [2021-11-02 15:58:57,926] {dag.py:2389} INFO - Sync 1 DAGs
[2021-11-02 15:58:57,952] {logging_mixin.py:109} INFO - [2021-11-02 15:58:57,951] {dag.py:2921} INFO - Setting next_dagrun for file_upload to 2021-11-02T00:00:00+00:00
[2021-11-02 15:58:57,964] {processor.py:171} INFO - Processing /home/linuxadmin/airflow/airflow_etl-/dags/file_loadin.py took 0.657 seconds
[2021-11-02 15:59:02,463] {processor.py:163} INFO - Started process (PID=181251) to work on /home/linuxadmin/airflow/airflow_etl-/dags/file_loadin.py
[2021-11-02 15:59:02,464] {processor.py:620} INFO - Processing file /home/linuxadmin/airflow/airflow_etl-/dags/file_loadin.py for tasks to queue
[2021-11-02 15:59:02,465] {logging_mixin.py:109} INFO - [2021-11-02 15:59:02,465] {dagbag.py:500} INFO - Filling up the DagBag from /home/linuxadmin/airflow/airflow_etl-/dags/file_loadin.py
[2021-11-02 15:59:02,987] {processor.py:632} INFO - DAG(s) dict_keys(['file_upload']) retrieved from /home/linuxadmin/airflow/airflow_etl-/dags/file_loadin.py
[2021-11-02 15:59:02,998] {logging_mixin.py:109} INFO - [2021-11-02 15:59:02,998] {dag.py:2389} INFO - Sync 1 DAGs
[2021-11-02 15:59:03,024] {logging_mixin.py:109} INFO - [2021-11-02 15:59:03,024] {dag.py:2921} INFO - Setting next_dagrun for file_upload to 2021-11-02T00:00:00+00:00
[2021-11-02 15:59:03,035] {processor.py:171} INFO - Processing /home/linuxadmin/airflow/airflow_etl-/dags/file_loadin.py took 0.576 seconds
[2021-11-02 15:59:07,436] {processor.py:163} INFO - Started process (PID=181375) to work on /home/linuxadmin/airflow/airflow_etl-/dags/file_loadin.py
[2021-11-02 15:59:07,437] {processor.py:620} INFO - Processing file /home/linuxadmin/airflow/airflow_etl-/dags/file_loadin.py for tasks to queue
[2021-11-02 15:59:07,438] {logging_mixin.py:109} INFO - [2021-11-02 15:59:07,438] {dagbag.py:500} INFO - Filling up the DagBag from /home/linuxadmin/airflow/airflow_etl-/dags/file_loadin.py
[2021-11-02 15:59:08,144] {processor.py:632} INFO - DAG(s) dict_keys(['file_upload']) retrieved from /home/linuxadmin/airflow/airflow_etl-/dags/file_loadin.py
[2021-11-02 15:59:08,156] {logging_mixin.py:109} INFO - [2021-11-02 15:59:08,156] {dag.py:2389} INFO - Sync 1 DAGs
[2021-11-02 15:59:08,182] {logging_mixin.py:109} INFO - [2021-11-02 15:59:08,182] {dag.py:2921} INFO - Setting next_dagrun for file_upload to 2021-11-02T00:00:00+00:00
[2021-11-02 15:59:08,197] {processor.py:171} INFO - Processing /home/linuxadmin/airflow/airflow_etl-/dags/file_loadin.py took 0.765 seconds
[2021-11-02 15:59:11,624] {processor.py:163} INFO - Started process (PID=181497) to work on /home/linuxadmin/airflow/airflow_etl-/dags/file_loadin.py
[2021-11-02 15:59:11,625] {processor.py:620} INFO - Processing file /home/linuxadmin/airflow/airflow_etl-/dags/file_loadin.py for tasks to queue
[2021-11-02 15:59:11,626] {logging_mixin.py:109} INFO - [2021-11-02 15:59:11,626] {dagbag.py:500} INFO - Filling up the DagBag from /home/linuxadmin/airflow/airflow_etl-/dags/file_loadin.py
[2021-11-02 15:59:12,248] {processor.py:632} INFO - DAG(s) dict_keys(['file_upload']) retrieved from /home/linuxadmin/airflow/airflow_etl-/dags/file_loadin.py
[2021-11-02 15:59:12,263] {logging_mixin.py:109} INFO - [2021-11-02 15:59:12,263] {dag.py:2389} INFO - Sync 1 DAGs
[2021-11-02 15:59:12,294] {logging_mixin.py:109} INFO - [2021-11-02 15:59:12,294] {dag.py:2921} INFO - Setting next_dagrun for file_upload to 2021-11-02T00:00:00+00:00
[2021-11-02 15:59:12,306] {processor.py:171} INFO - Processing /home/linuxadmin/airflow/airflow_etl-/dags/file_loadin.py took 0.687 seconds
