[2021-11-02 15:55:15,370] {processor.py:163} INFO - Started process (PID=175164) to work on /home/linuxadmin/airflow/airflow_etl-/dags/sqlconnection.py
[2021-11-02 15:55:15,371] {processor.py:620} INFO - Processing file /home/linuxadmin/airflow/airflow_etl-/dags/sqlconnection.py for tasks to queue
[2021-11-02 15:55:15,373] {logging_mixin.py:109} INFO - [2021-11-02 15:55:15,372] {dagbag.py:500} INFO - Filling up the DagBag from /home/linuxadmin/airflow/airflow_etl-/dags/sqlconnection.py
[2021-11-02 15:55:16,226] {processor.py:632} INFO - DAG(s) dict_keys(['sqlconnection']) retrieved from /home/linuxadmin/airflow/airflow_etl-/dags/sqlconnection.py
[2021-11-02 15:55:16,237] {logging_mixin.py:109} INFO - [2021-11-02 15:55:16,237] {dag.py:2389} INFO - Sync 1 DAGs
[2021-11-02 15:55:16,257] {logging_mixin.py:109} INFO - [2021-11-02 15:55:16,256] {dag.py:2921} INFO - Setting next_dagrun for sqlconnection to 2021-11-01 00:00:00+00:00
[2021-11-02 15:55:16,269] {processor.py:171} INFO - Processing /home/linuxadmin/airflow/airflow_etl-/dags/sqlconnection.py took 0.904 seconds
[2021-11-02 15:55:20,635] {processor.py:163} INFO - Started process (PID=175292) to work on /home/linuxadmin/airflow/airflow_etl-/dags/sqlconnection.py
[2021-11-02 15:55:20,636] {processor.py:620} INFO - Processing file /home/linuxadmin/airflow/airflow_etl-/dags/sqlconnection.py for tasks to queue
[2021-11-02 15:55:20,637] {logging_mixin.py:109} INFO - [2021-11-02 15:55:20,637] {dagbag.py:500} INFO - Filling up the DagBag from /home/linuxadmin/airflow/airflow_etl-/dags/sqlconnection.py
[2021-11-02 15:55:21,452] {processor.py:632} INFO - DAG(s) dict_keys(['sqlconnection']) retrieved from /home/linuxadmin/airflow/airflow_etl-/dags/sqlconnection.py
[2021-11-02 15:55:21,466] {logging_mixin.py:109} INFO - [2021-11-02 15:55:21,466] {dag.py:2389} INFO - Sync 1 DAGs
[2021-11-02 15:55:21,490] {logging_mixin.py:109} INFO - [2021-11-02 15:55:21,490] {dag.py:2921} INFO - Setting next_dagrun for sqlconnection to 2021-11-01 00:00:00+00:00
[2021-11-02 15:55:21,513] {processor.py:171} INFO - Processing /home/linuxadmin/airflow/airflow_etl-/dags/sqlconnection.py took 0.890 seconds
[2021-11-02 15:55:24,953] {processor.py:163} INFO - Started process (PID=175410) to work on /home/linuxadmin/airflow/airflow_etl-/dags/sqlconnection.py
[2021-11-02 15:55:24,955] {processor.py:620} INFO - Processing file /home/linuxadmin/airflow/airflow_etl-/dags/sqlconnection.py for tasks to queue
[2021-11-02 15:55:24,956] {logging_mixin.py:109} INFO - [2021-11-02 15:55:24,956] {dagbag.py:500} INFO - Filling up the DagBag from /home/linuxadmin/airflow/airflow_etl-/dags/sqlconnection.py
[2021-11-02 15:55:25,832] {processor.py:632} INFO - DAG(s) dict_keys(['sqlconnection']) retrieved from /home/linuxadmin/airflow/airflow_etl-/dags/sqlconnection.py
[2021-11-02 15:55:25,848] {logging_mixin.py:109} INFO - [2021-11-02 15:55:25,848] {dag.py:2389} INFO - Sync 1 DAGs
[2021-11-02 15:55:25,873] {logging_mixin.py:109} INFO - [2021-11-02 15:55:25,873] {dag.py:2921} INFO - Setting next_dagrun for sqlconnection to 2021-11-01 00:00:00+00:00
[2021-11-02 15:55:25,884] {processor.py:171} INFO - Processing /home/linuxadmin/airflow/airflow_etl-/dags/sqlconnection.py took 0.936 seconds
[2021-11-02 15:55:29,223] {processor.py:163} INFO - Started process (PID=175532) to work on /home/linuxadmin/airflow/airflow_etl-/dags/sqlconnection.py
[2021-11-02 15:55:29,236] {processor.py:620} INFO - Processing file /home/linuxadmin/airflow/airflow_etl-/dags/sqlconnection.py for tasks to queue
[2021-11-02 15:55:29,237] {logging_mixin.py:109} INFO - [2021-11-02 15:55:29,237] {dagbag.py:500} INFO - Filling up the DagBag from /home/linuxadmin/airflow/airflow_etl-/dags/sqlconnection.py
[2021-11-02 15:55:30,029] {processor.py:632} INFO - DAG(s) dict_keys(['sqlconnection']) retrieved from /home/linuxadmin/airflow/airflow_etl-/dags/sqlconnection.py
[2021-11-02 15:55:30,040] {logging_mixin.py:109} INFO - [2021-11-02 15:55:30,040] {dag.py:2389} INFO - Sync 1 DAGs
[2021-11-02 15:55:30,058] {logging_mixin.py:109} INFO - [2021-11-02 15:55:30,058] {dag.py:2921} INFO - Setting next_dagrun for sqlconnection to 2021-11-01 00:00:00+00:00
[2021-11-02 15:55:30,069] {processor.py:171} INFO - Processing /home/linuxadmin/airflow/airflow_etl-/dags/sqlconnection.py took 0.851 seconds
[2021-11-02 15:55:33,778] {processor.py:163} INFO - Started process (PID=175653) to work on /home/linuxadmin/airflow/airflow_etl-/dags/sqlconnection.py
[2021-11-02 15:55:33,780] {processor.py:620} INFO - Processing file /home/linuxadmin/airflow/airflow_etl-/dags/sqlconnection.py for tasks to queue
[2021-11-02 15:55:33,781] {logging_mixin.py:109} INFO - [2021-11-02 15:55:33,781] {dagbag.py:500} INFO - Filling up the DagBag from /home/linuxadmin/airflow/airflow_etl-/dags/sqlconnection.py
[2021-11-02 15:55:34,602] {processor.py:632} INFO - DAG(s) dict_keys(['sqlconnection']) retrieved from /home/linuxadmin/airflow/airflow_etl-/dags/sqlconnection.py
[2021-11-02 15:55:34,617] {logging_mixin.py:109} INFO - [2021-11-02 15:55:34,617] {dag.py:2389} INFO - Sync 1 DAGs
[2021-11-02 15:55:34,641] {logging_mixin.py:109} INFO - [2021-11-02 15:55:34,641] {dag.py:2921} INFO - Setting next_dagrun for sqlconnection to 2021-11-01 00:00:00+00:00
[2021-11-02 15:55:34,653] {processor.py:171} INFO - Processing /home/linuxadmin/airflow/airflow_etl-/dags/sqlconnection.py took 0.881 seconds
[2021-11-02 15:55:38,370] {processor.py:163} INFO - Started process (PID=175772) to work on /home/linuxadmin/airflow/airflow_etl-/dags/sqlconnection.py
[2021-11-02 15:55:38,371] {processor.py:620} INFO - Processing file /home/linuxadmin/airflow/airflow_etl-/dags/sqlconnection.py for tasks to queue
[2021-11-02 15:55:38,372] {logging_mixin.py:109} INFO - [2021-11-02 15:55:38,372] {dagbag.py:500} INFO - Filling up the DagBag from /home/linuxadmin/airflow/airflow_etl-/dags/sqlconnection.py
[2021-11-02 15:55:39,205] {processor.py:632} INFO - DAG(s) dict_keys(['sqlconnection']) retrieved from /home/linuxadmin/airflow/airflow_etl-/dags/sqlconnection.py
[2021-11-02 15:55:39,224] {logging_mixin.py:109} INFO - [2021-11-02 15:55:39,223] {dag.py:2389} INFO - Sync 1 DAGs
[2021-11-02 15:55:39,259] {logging_mixin.py:109} INFO - [2021-11-02 15:55:39,259] {dag.py:2921} INFO - Setting next_dagrun for sqlconnection to 2021-11-01 00:00:00+00:00
[2021-11-02 15:55:39,276] {processor.py:171} INFO - Processing /home/linuxadmin/airflow/airflow_etl-/dags/sqlconnection.py took 0.910 seconds
[2021-11-02 15:55:42,683] {processor.py:163} INFO - Started process (PID=175895) to work on /home/linuxadmin/airflow/airflow_etl-/dags/sqlconnection.py
[2021-11-02 15:55:42,685] {processor.py:620} INFO - Processing file /home/linuxadmin/airflow/airflow_etl-/dags/sqlconnection.py for tasks to queue
[2021-11-02 15:55:42,685] {logging_mixin.py:109} INFO - [2021-11-02 15:55:42,685] {dagbag.py:500} INFO - Filling up the DagBag from /home/linuxadmin/airflow/airflow_etl-/dags/sqlconnection.py
[2021-11-02 15:55:43,438] {processor.py:632} INFO - DAG(s) dict_keys(['sqlconnection']) retrieved from /home/linuxadmin/airflow/airflow_etl-/dags/sqlconnection.py
[2021-11-02 15:55:43,449] {logging_mixin.py:109} INFO - [2021-11-02 15:55:43,448] {dag.py:2389} INFO - Sync 1 DAGs
[2021-11-02 15:55:43,469] {logging_mixin.py:109} INFO - [2021-11-02 15:55:43,469] {dag.py:2921} INFO - Setting next_dagrun for sqlconnection to 2021-11-01 00:00:00+00:00
[2021-11-02 15:55:43,480] {processor.py:171} INFO - Processing /home/linuxadmin/airflow/airflow_etl-/dags/sqlconnection.py took 0.801 seconds
[2021-11-02 15:55:46,478] {processor.py:163} INFO - Started process (PID=176011) to work on /home/linuxadmin/airflow/airflow_etl-/dags/sqlconnection.py
[2021-11-02 15:55:46,480] {processor.py:620} INFO - Processing file /home/linuxadmin/airflow/airflow_etl-/dags/sqlconnection.py for tasks to queue
[2021-11-02 15:55:46,481] {logging_mixin.py:109} INFO - [2021-11-02 15:55:46,481] {dagbag.py:500} INFO - Filling up the DagBag from /home/linuxadmin/airflow/airflow_etl-/dags/sqlconnection.py
[2021-11-02 15:55:47,466] {processor.py:632} INFO - DAG(s) dict_keys(['sqlconnection']) retrieved from /home/linuxadmin/airflow/airflow_etl-/dags/sqlconnection.py
[2021-11-02 15:55:47,475] {logging_mixin.py:109} INFO - [2021-11-02 15:55:47,475] {dag.py:2389} INFO - Sync 1 DAGs
[2021-11-02 15:55:47,492] {logging_mixin.py:109} INFO - [2021-11-02 15:55:47,492] {dag.py:2921} INFO - Setting next_dagrun for sqlconnection to 2021-11-01 00:00:00+00:00
[2021-11-02 15:55:47,501] {processor.py:171} INFO - Processing /home/linuxadmin/airflow/airflow_etl-/dags/sqlconnection.py took 1.028 seconds
[2021-11-02 15:55:51,985] {processor.py:163} INFO - Started process (PID=176139) to work on /home/linuxadmin/airflow/airflow_etl-/dags/sqlconnection.py
[2021-11-02 15:55:51,989] {processor.py:620} INFO - Processing file /home/linuxadmin/airflow/airflow_etl-/dags/sqlconnection.py for tasks to queue
[2021-11-02 15:55:51,990] {logging_mixin.py:109} INFO - [2021-11-02 15:55:51,990] {dagbag.py:500} INFO - Filling up the DagBag from /home/linuxadmin/airflow/airflow_etl-/dags/sqlconnection.py
[2021-11-02 15:55:52,874] {processor.py:632} INFO - DAG(s) dict_keys(['sqlconnection']) retrieved from /home/linuxadmin/airflow/airflow_etl-/dags/sqlconnection.py
[2021-11-02 15:55:52,891] {logging_mixin.py:109} INFO - [2021-11-02 15:55:52,891] {dag.py:2389} INFO - Sync 1 DAGs
[2021-11-02 15:55:52,919] {logging_mixin.py:109} INFO - [2021-11-02 15:55:52,919] {dag.py:2921} INFO - Setting next_dagrun for sqlconnection to 2021-11-01 00:00:00+00:00
[2021-11-02 15:55:52,930] {processor.py:171} INFO - Processing /home/linuxadmin/airflow/airflow_etl-/dags/sqlconnection.py took 0.952 seconds
[2021-11-02 15:55:56,112] {processor.py:163} INFO - Started process (PID=176259) to work on /home/linuxadmin/airflow/airflow_etl-/dags/sqlconnection.py
[2021-11-02 15:55:56,114] {processor.py:620} INFO - Processing file /home/linuxadmin/airflow/airflow_etl-/dags/sqlconnection.py for tasks to queue
[2021-11-02 15:55:56,115] {logging_mixin.py:109} INFO - [2021-11-02 15:55:56,115] {dagbag.py:500} INFO - Filling up the DagBag from /home/linuxadmin/airflow/airflow_etl-/dags/sqlconnection.py
[2021-11-02 15:55:56,996] {processor.py:632} INFO - DAG(s) dict_keys(['sqlconnection']) retrieved from /home/linuxadmin/airflow/airflow_etl-/dags/sqlconnection.py
[2021-11-02 15:55:57,011] {logging_mixin.py:109} INFO - [2021-11-02 15:55:57,011] {dag.py:2389} INFO - Sync 1 DAGs
[2021-11-02 15:55:57,038] {logging_mixin.py:109} INFO - [2021-11-02 15:55:57,038] {dag.py:2921} INFO - Setting next_dagrun for sqlconnection to 2021-11-01 00:00:00+00:00
[2021-11-02 15:55:57,050] {processor.py:171} INFO - Processing /home/linuxadmin/airflow/airflow_etl-/dags/sqlconnection.py took 0.957 seconds
[2021-11-02 15:56:00,993] {processor.py:163} INFO - Started process (PID=176379) to work on /home/linuxadmin/airflow/airflow_etl-/dags/sqlconnection.py
[2021-11-02 15:56:00,994] {processor.py:620} INFO - Processing file /home/linuxadmin/airflow/airflow_etl-/dags/sqlconnection.py for tasks to queue
[2021-11-02 15:56:00,995] {logging_mixin.py:109} INFO - [2021-11-02 15:56:00,995] {dagbag.py:500} INFO - Filling up the DagBag from /home/linuxadmin/airflow/airflow_etl-/dags/sqlconnection.py
[2021-11-02 15:56:01,946] {processor.py:632} INFO - DAG(s) dict_keys(['sqlconnection']) retrieved from /home/linuxadmin/airflow/airflow_etl-/dags/sqlconnection.py
[2021-11-02 15:56:01,961] {logging_mixin.py:109} INFO - [2021-11-02 15:56:01,961] {dag.py:2389} INFO - Sync 1 DAGs
[2021-11-02 15:56:01,988] {logging_mixin.py:109} INFO - [2021-11-02 15:56:01,988] {dag.py:2921} INFO - Setting next_dagrun for sqlconnection to 2021-11-01 00:00:00+00:00
[2021-11-02 15:56:02,001] {processor.py:171} INFO - Processing /home/linuxadmin/airflow/airflow_etl-/dags/sqlconnection.py took 1.013 seconds
[2021-11-02 15:56:05,865] {processor.py:163} INFO - Started process (PID=176503) to work on /home/linuxadmin/airflow/airflow_etl-/dags/sqlconnection.py
[2021-11-02 15:56:05,867] {processor.py:620} INFO - Processing file /home/linuxadmin/airflow/airflow_etl-/dags/sqlconnection.py for tasks to queue
[2021-11-02 15:56:05,867] {logging_mixin.py:109} INFO - [2021-11-02 15:56:05,867] {dagbag.py:500} INFO - Filling up the DagBag from /home/linuxadmin/airflow/airflow_etl-/dags/sqlconnection.py
[2021-11-02 15:56:06,660] {processor.py:632} INFO - DAG(s) dict_keys(['sqlconnection']) retrieved from /home/linuxadmin/airflow/airflow_etl-/dags/sqlconnection.py
[2021-11-02 15:56:06,673] {logging_mixin.py:109} INFO - [2021-11-02 15:56:06,672] {dag.py:2389} INFO - Sync 1 DAGs
[2021-11-02 15:56:06,697] {logging_mixin.py:109} INFO - [2021-11-02 15:56:06,697] {dag.py:2921} INFO - Setting next_dagrun for sqlconnection to 2021-11-01 00:00:00+00:00
[2021-11-02 15:56:06,710] {processor.py:171} INFO - Processing /home/linuxadmin/airflow/airflow_etl-/dags/sqlconnection.py took 0.849 seconds
[2021-11-02 15:56:10,216] {processor.py:163} INFO - Started process (PID=176622) to work on /home/linuxadmin/airflow/airflow_etl-/dags/sqlconnection.py
[2021-11-02 15:56:10,218] {processor.py:620} INFO - Processing file /home/linuxadmin/airflow/airflow_etl-/dags/sqlconnection.py for tasks to queue
[2021-11-02 15:56:10,219] {logging_mixin.py:109} INFO - [2021-11-02 15:56:10,219] {dagbag.py:500} INFO - Filling up the DagBag from /home/linuxadmin/airflow/airflow_etl-/dags/sqlconnection.py
[2021-11-02 15:56:11,047] {processor.py:632} INFO - DAG(s) dict_keys(['sqlconnection']) retrieved from /home/linuxadmin/airflow/airflow_etl-/dags/sqlconnection.py
[2021-11-02 15:56:11,060] {logging_mixin.py:109} INFO - [2021-11-02 15:56:11,059] {dag.py:2389} INFO - Sync 1 DAGs
[2021-11-02 15:56:11,085] {logging_mixin.py:109} INFO - [2021-11-02 15:56:11,085] {dag.py:2921} INFO - Setting next_dagrun for sqlconnection to 2021-11-01 00:00:00+00:00
[2021-11-02 15:56:11,098] {processor.py:171} INFO - Processing /home/linuxadmin/airflow/airflow_etl-/dags/sqlconnection.py took 0.888 seconds
[2021-11-02 15:56:14,770] {processor.py:163} INFO - Started process (PID=176745) to work on /home/linuxadmin/airflow/airflow_etl-/dags/sqlconnection.py
[2021-11-02 15:56:14,771] {processor.py:620} INFO - Processing file /home/linuxadmin/airflow/airflow_etl-/dags/sqlconnection.py for tasks to queue
[2021-11-02 15:56:14,772] {logging_mixin.py:109} INFO - [2021-11-02 15:56:14,772] {dagbag.py:500} INFO - Filling up the DagBag from /home/linuxadmin/airflow/airflow_etl-/dags/sqlconnection.py
[2021-11-02 15:56:15,722] {processor.py:632} INFO - DAG(s) dict_keys(['sqlconnection']) retrieved from /home/linuxadmin/airflow/airflow_etl-/dags/sqlconnection.py
[2021-11-02 15:56:15,733] {logging_mixin.py:109} INFO - [2021-11-02 15:56:15,733] {dag.py:2389} INFO - Sync 1 DAGs
[2021-11-02 15:56:15,754] {logging_mixin.py:109} INFO - [2021-11-02 15:56:15,754] {dag.py:2921} INFO - Setting next_dagrun for sqlconnection to 2021-11-01 00:00:00+00:00
[2021-11-02 15:56:15,766] {processor.py:171} INFO - Processing /home/linuxadmin/airflow/airflow_etl-/dags/sqlconnection.py took 1.001 seconds
[2021-11-02 15:56:18,984] {processor.py:163} INFO - Started process (PID=176866) to work on /home/linuxadmin/airflow/airflow_etl-/dags/sqlconnection.py
[2021-11-02 15:56:18,997] {processor.py:620} INFO - Processing file /home/linuxadmin/airflow/airflow_etl-/dags/sqlconnection.py for tasks to queue
[2021-11-02 15:56:18,999] {logging_mixin.py:109} INFO - [2021-11-02 15:56:18,998] {dagbag.py:500} INFO - Filling up the DagBag from /home/linuxadmin/airflow/airflow_etl-/dags/sqlconnection.py
[2021-11-02 15:56:19,845] {processor.py:632} INFO - DAG(s) dict_keys(['sqlconnection']) retrieved from /home/linuxadmin/airflow/airflow_etl-/dags/sqlconnection.py
[2021-11-02 15:56:19,860] {logging_mixin.py:109} INFO - [2021-11-02 15:56:19,859] {dag.py:2389} INFO - Sync 1 DAGs
[2021-11-02 15:56:19,886] {logging_mixin.py:109} INFO - [2021-11-02 15:56:19,885] {dag.py:2921} INFO - Setting next_dagrun for sqlconnection to 2021-11-01 00:00:00+00:00
[2021-11-02 15:56:19,897] {processor.py:171} INFO - Processing /home/linuxadmin/airflow/airflow_etl-/dags/sqlconnection.py took 0.919 seconds
[2021-11-02 15:56:24,432] {processor.py:163} INFO - Started process (PID=176987) to work on /home/linuxadmin/airflow/airflow_etl-/dags/sqlconnection.py
[2021-11-02 15:56:24,434] {processor.py:620} INFO - Processing file /home/linuxadmin/airflow/airflow_etl-/dags/sqlconnection.py for tasks to queue
[2021-11-02 15:56:24,434] {logging_mixin.py:109} INFO - [2021-11-02 15:56:24,434] {dagbag.py:500} INFO - Filling up the DagBag from /home/linuxadmin/airflow/airflow_etl-/dags/sqlconnection.py
[2021-11-02 15:56:25,168] {processor.py:632} INFO - DAG(s) dict_keys(['sqlconnection']) retrieved from /home/linuxadmin/airflow/airflow_etl-/dags/sqlconnection.py
[2021-11-02 15:56:25,178] {logging_mixin.py:109} INFO - [2021-11-02 15:56:25,178] {dag.py:2389} INFO - Sync 1 DAGs
[2021-11-02 15:56:25,196] {logging_mixin.py:109} INFO - [2021-11-02 15:56:25,196] {dag.py:2921} INFO - Setting next_dagrun for sqlconnection to 2021-11-01 00:00:00+00:00
[2021-11-02 15:56:25,206] {processor.py:171} INFO - Processing /home/linuxadmin/airflow/airflow_etl-/dags/sqlconnection.py took 0.778 seconds
[2021-11-02 15:56:28,445] {processor.py:163} INFO - Started process (PID=177106) to work on /home/linuxadmin/airflow/airflow_etl-/dags/sqlconnection.py
[2021-11-02 15:56:28,446] {processor.py:620} INFO - Processing file /home/linuxadmin/airflow/airflow_etl-/dags/sqlconnection.py for tasks to queue
[2021-11-02 15:56:28,447] {logging_mixin.py:109} INFO - [2021-11-02 15:56:28,447] {dagbag.py:500} INFO - Filling up the DagBag from /home/linuxadmin/airflow/airflow_etl-/dags/sqlconnection.py
[2021-11-02 15:56:29,255] {processor.py:632} INFO - DAG(s) dict_keys(['sqlconnection']) retrieved from /home/linuxadmin/airflow/airflow_etl-/dags/sqlconnection.py
[2021-11-02 15:56:29,266] {logging_mixin.py:109} INFO - [2021-11-02 15:56:29,265] {dag.py:2389} INFO - Sync 1 DAGs
[2021-11-02 15:56:29,284] {logging_mixin.py:109} INFO - [2021-11-02 15:56:29,283] {dag.py:2921} INFO - Setting next_dagrun for sqlconnection to 2021-11-01 00:00:00+00:00
[2021-11-02 15:56:29,294] {processor.py:171} INFO - Processing /home/linuxadmin/airflow/airflow_etl-/dags/sqlconnection.py took 0.853 seconds
[2021-11-02 15:56:32,936] {processor.py:163} INFO - Started process (PID=177228) to work on /home/linuxadmin/airflow/airflow_etl-/dags/sqlconnection.py
[2021-11-02 15:56:32,937] {processor.py:620} INFO - Processing file /home/linuxadmin/airflow/airflow_etl-/dags/sqlconnection.py for tasks to queue
[2021-11-02 15:56:32,938] {logging_mixin.py:109} INFO - [2021-11-02 15:56:32,938] {dagbag.py:500} INFO - Filling up the DagBag from /home/linuxadmin/airflow/airflow_etl-/dags/sqlconnection.py
[2021-11-02 15:56:33,705] {processor.py:632} INFO - DAG(s) dict_keys(['sqlconnection']) retrieved from /home/linuxadmin/airflow/airflow_etl-/dags/sqlconnection.py
[2021-11-02 15:56:33,719] {logging_mixin.py:109} INFO - [2021-11-02 15:56:33,719] {dag.py:2389} INFO - Sync 1 DAGs
[2021-11-02 15:56:33,744] {logging_mixin.py:109} INFO - [2021-11-02 15:56:33,744] {dag.py:2921} INFO - Setting next_dagrun for sqlconnection to 2021-11-01 00:00:00+00:00
[2021-11-02 15:56:33,757] {processor.py:171} INFO - Processing /home/linuxadmin/airflow/airflow_etl-/dags/sqlconnection.py took 0.825 seconds
[2021-11-02 15:56:36,756] {processor.py:163} INFO - Started process (PID=177346) to work on /home/linuxadmin/airflow/airflow_etl-/dags/sqlconnection.py
[2021-11-02 15:56:36,757] {processor.py:620} INFO - Processing file /home/linuxadmin/airflow/airflow_etl-/dags/sqlconnection.py for tasks to queue
[2021-11-02 15:56:36,758] {logging_mixin.py:109} INFO - [2021-11-02 15:56:36,758] {dagbag.py:500} INFO - Filling up the DagBag from /home/linuxadmin/airflow/airflow_etl-/dags/sqlconnection.py
[2021-11-02 15:56:37,584] {processor.py:632} INFO - DAG(s) dict_keys(['sqlconnection']) retrieved from /home/linuxadmin/airflow/airflow_etl-/dags/sqlconnection.py
[2021-11-02 15:56:37,600] {logging_mixin.py:109} INFO - [2021-11-02 15:56:37,599] {dag.py:2389} INFO - Sync 1 DAGs
[2021-11-02 15:56:37,624] {logging_mixin.py:109} INFO - [2021-11-02 15:56:37,624] {dag.py:2921} INFO - Setting next_dagrun for sqlconnection to 2021-11-01 00:00:00+00:00
[2021-11-02 15:56:37,637] {processor.py:171} INFO - Processing /home/linuxadmin/airflow/airflow_etl-/dags/sqlconnection.py took 0.886 seconds
[2021-11-02 15:56:41,218] {processor.py:163} INFO - Started process (PID=177469) to work on /home/linuxadmin/airflow/airflow_etl-/dags/sqlconnection.py
[2021-11-02 15:56:41,220] {processor.py:620} INFO - Processing file /home/linuxadmin/airflow/airflow_etl-/dags/sqlconnection.py for tasks to queue
[2021-11-02 15:56:41,221] {logging_mixin.py:109} INFO - [2021-11-02 15:56:41,220] {dagbag.py:500} INFO - Filling up the DagBag from /home/linuxadmin/airflow/airflow_etl-/dags/sqlconnection.py
[2021-11-02 15:56:42,115] {processor.py:632} INFO - DAG(s) dict_keys(['sqlconnection']) retrieved from /home/linuxadmin/airflow/airflow_etl-/dags/sqlconnection.py
[2021-11-02 15:56:42,126] {logging_mixin.py:109} INFO - [2021-11-02 15:56:42,125] {dag.py:2389} INFO - Sync 1 DAGs
[2021-11-02 15:56:42,146] {logging_mixin.py:109} INFO - [2021-11-02 15:56:42,146] {dag.py:2921} INFO - Setting next_dagrun for sqlconnection to 2021-11-01 00:00:00+00:00
[2021-11-02 15:56:42,157] {processor.py:171} INFO - Processing /home/linuxadmin/airflow/airflow_etl-/dags/sqlconnection.py took 0.944 seconds
[2021-11-02 15:56:45,164] {processor.py:163} INFO - Started process (PID=177587) to work on /home/linuxadmin/airflow/airflow_etl-/dags/sqlconnection.py
[2021-11-02 15:56:45,165] {processor.py:620} INFO - Processing file /home/linuxadmin/airflow/airflow_etl-/dags/sqlconnection.py for tasks to queue
[2021-11-02 15:56:45,166] {logging_mixin.py:109} INFO - [2021-11-02 15:56:45,166] {dagbag.py:500} INFO - Filling up the DagBag from /home/linuxadmin/airflow/airflow_etl-/dags/sqlconnection.py
[2021-11-02 15:56:45,954] {processor.py:632} INFO - DAG(s) dict_keys(['sqlconnection']) retrieved from /home/linuxadmin/airflow/airflow_etl-/dags/sqlconnection.py
[2021-11-02 15:56:45,969] {logging_mixin.py:109} INFO - [2021-11-02 15:56:45,969] {dag.py:2389} INFO - Sync 1 DAGs
[2021-11-02 15:56:45,997] {logging_mixin.py:109} INFO - [2021-11-02 15:56:45,997] {dag.py:2921} INFO - Setting next_dagrun for sqlconnection to 2021-11-01 00:00:00+00:00
[2021-11-02 15:56:46,010] {processor.py:171} INFO - Processing /home/linuxadmin/airflow/airflow_etl-/dags/sqlconnection.py took 0.851 seconds
[2021-11-02 15:56:49,660] {processor.py:163} INFO - Started process (PID=177714) to work on /home/linuxadmin/airflow/airflow_etl-/dags/sqlconnection.py
[2021-11-02 15:56:49,661] {processor.py:620} INFO - Processing file /home/linuxadmin/airflow/airflow_etl-/dags/sqlconnection.py for tasks to queue
[2021-11-02 15:56:49,662] {logging_mixin.py:109} INFO - [2021-11-02 15:56:49,662] {dagbag.py:500} INFO - Filling up the DagBag from /home/linuxadmin/airflow/airflow_etl-/dags/sqlconnection.py
[2021-11-02 15:56:50,414] {processor.py:632} INFO - DAG(s) dict_keys(['sqlconnection']) retrieved from /home/linuxadmin/airflow/airflow_etl-/dags/sqlconnection.py
[2021-11-02 15:56:50,425] {logging_mixin.py:109} INFO - [2021-11-02 15:56:50,425] {dag.py:2389} INFO - Sync 1 DAGs
[2021-11-02 15:56:50,445] {logging_mixin.py:109} INFO - [2021-11-02 15:56:50,445] {dag.py:2921} INFO - Setting next_dagrun for sqlconnection to 2021-11-01 00:00:00+00:00
[2021-11-02 15:56:50,456] {processor.py:171} INFO - Processing /home/linuxadmin/airflow/airflow_etl-/dags/sqlconnection.py took 0.802 seconds
[2021-11-02 15:56:54,907] {processor.py:163} INFO - Started process (PID=177835) to work on /home/linuxadmin/airflow/airflow_etl-/dags/sqlconnection.py
[2021-11-02 15:56:54,910] {processor.py:620} INFO - Processing file /home/linuxadmin/airflow/airflow_etl-/dags/sqlconnection.py for tasks to queue
[2021-11-02 15:56:54,911] {logging_mixin.py:109} INFO - [2021-11-02 15:56:54,911] {dagbag.py:500} INFO - Filling up the DagBag from /home/linuxadmin/airflow/airflow_etl-/dags/sqlconnection.py
[2021-11-02 15:56:55,634] {processor.py:632} INFO - DAG(s) dict_keys(['sqlconnection']) retrieved from /home/linuxadmin/airflow/airflow_etl-/dags/sqlconnection.py
[2021-11-02 15:56:55,678] {logging_mixin.py:109} INFO - [2021-11-02 15:56:55,678] {dag.py:2389} INFO - Sync 1 DAGs
[2021-11-02 15:56:55,736] {logging_mixin.py:109} INFO - [2021-11-02 15:56:55,736] {dag.py:2921} INFO - Setting next_dagrun for sqlconnection to 2021-11-01 00:00:00+00:00
[2021-11-02 15:56:55,754] {processor.py:171} INFO - Processing /home/linuxadmin/airflow/airflow_etl-/dags/sqlconnection.py took 0.862 seconds
[2021-11-02 15:56:59,480] {processor.py:163} INFO - Started process (PID=177956) to work on /home/linuxadmin/airflow/airflow_etl-/dags/sqlconnection.py
[2021-11-02 15:56:59,482] {processor.py:620} INFO - Processing file /home/linuxadmin/airflow/airflow_etl-/dags/sqlconnection.py for tasks to queue
[2021-11-02 15:56:59,483] {logging_mixin.py:109} INFO - [2021-11-02 15:56:59,483] {dagbag.py:500} INFO - Filling up the DagBag from /home/linuxadmin/airflow/airflow_etl-/dags/sqlconnection.py
[2021-11-02 15:57:00,459] {processor.py:632} INFO - DAG(s) dict_keys(['sqlconnection']) retrieved from /home/linuxadmin/airflow/airflow_etl-/dags/sqlconnection.py
[2021-11-02 15:57:00,473] {logging_mixin.py:109} INFO - [2021-11-02 15:57:00,473] {dag.py:2389} INFO - Sync 1 DAGs
[2021-11-02 15:57:00,499] {logging_mixin.py:109} INFO - [2021-11-02 15:57:00,499] {dag.py:2921} INFO - Setting next_dagrun for sqlconnection to 2021-11-01 00:00:00+00:00
[2021-11-02 15:57:00,513] {processor.py:171} INFO - Processing /home/linuxadmin/airflow/airflow_etl-/dags/sqlconnection.py took 1.041 seconds
[2021-11-02 15:57:03,947] {processor.py:163} INFO - Started process (PID=178078) to work on /home/linuxadmin/airflow/airflow_etl-/dags/sqlconnection.py
[2021-11-02 15:57:03,948] {processor.py:620} INFO - Processing file /home/linuxadmin/airflow/airflow_etl-/dags/sqlconnection.py for tasks to queue
[2021-11-02 15:57:03,949] {logging_mixin.py:109} INFO - [2021-11-02 15:57:03,949] {dagbag.py:500} INFO - Filling up the DagBag from /home/linuxadmin/airflow/airflow_etl-/dags/sqlconnection.py
[2021-11-02 15:57:04,790] {processor.py:632} INFO - DAG(s) dict_keys(['sqlconnection']) retrieved from /home/linuxadmin/airflow/airflow_etl-/dags/sqlconnection.py
[2021-11-02 15:57:04,801] {logging_mixin.py:109} INFO - [2021-11-02 15:57:04,801] {dag.py:2389} INFO - Sync 1 DAGs
[2021-11-02 15:57:04,830] {logging_mixin.py:109} INFO - [2021-11-02 15:57:04,830] {dag.py:2921} INFO - Setting next_dagrun for sqlconnection to 2021-11-01 00:00:00+00:00
[2021-11-02 15:57:04,845] {processor.py:171} INFO - Processing /home/linuxadmin/airflow/airflow_etl-/dags/sqlconnection.py took 0.914 seconds
[2021-11-02 15:57:08,715] {processor.py:163} INFO - Started process (PID=178200) to work on /home/linuxadmin/airflow/airflow_etl-/dags/sqlconnection.py
[2021-11-02 15:57:08,717] {processor.py:620} INFO - Processing file /home/linuxadmin/airflow/airflow_etl-/dags/sqlconnection.py for tasks to queue
[2021-11-02 15:57:08,718] {logging_mixin.py:109} INFO - [2021-11-02 15:57:08,718] {dagbag.py:500} INFO - Filling up the DagBag from /home/linuxadmin/airflow/airflow_etl-/dags/sqlconnection.py
[2021-11-02 15:57:09,533] {processor.py:632} INFO - DAG(s) dict_keys(['sqlconnection']) retrieved from /home/linuxadmin/airflow/airflow_etl-/dags/sqlconnection.py
[2021-11-02 15:57:09,548] {logging_mixin.py:109} INFO - [2021-11-02 15:57:09,548] {dag.py:2389} INFO - Sync 1 DAGs
[2021-11-02 15:57:09,569] {logging_mixin.py:109} INFO - [2021-11-02 15:57:09,569] {dag.py:2921} INFO - Setting next_dagrun for sqlconnection to 2021-11-01 00:00:00+00:00
[2021-11-02 15:57:09,584] {processor.py:171} INFO - Processing /home/linuxadmin/airflow/airflow_etl-/dags/sqlconnection.py took 0.874 seconds
[2021-11-02 15:57:13,056] {processor.py:163} INFO - Started process (PID=178320) to work on /home/linuxadmin/airflow/airflow_etl-/dags/sqlconnection.py
[2021-11-02 15:57:13,069] {processor.py:620} INFO - Processing file /home/linuxadmin/airflow/airflow_etl-/dags/sqlconnection.py for tasks to queue
[2021-11-02 15:57:13,070] {logging_mixin.py:109} INFO - [2021-11-02 15:57:13,070] {dagbag.py:500} INFO - Filling up the DagBag from /home/linuxadmin/airflow/airflow_etl-/dags/sqlconnection.py
[2021-11-02 15:57:13,923] {processor.py:632} INFO - DAG(s) dict_keys(['sqlconnection']) retrieved from /home/linuxadmin/airflow/airflow_etl-/dags/sqlconnection.py
[2021-11-02 15:57:13,943] {logging_mixin.py:109} INFO - [2021-11-02 15:57:13,942] {dag.py:2389} INFO - Sync 1 DAGs
[2021-11-02 15:57:13,984] {logging_mixin.py:109} INFO - [2021-11-02 15:57:13,984] {dag.py:2921} INFO - Setting next_dagrun for sqlconnection to 2021-11-01 00:00:00+00:00
[2021-11-02 15:57:14,012] {processor.py:171} INFO - Processing /home/linuxadmin/airflow/airflow_etl-/dags/sqlconnection.py took 0.962 seconds
[2021-11-02 15:57:17,432] {processor.py:163} INFO - Started process (PID=178440) to work on /home/linuxadmin/airflow/airflow_etl-/dags/sqlconnection.py
[2021-11-02 15:57:17,433] {processor.py:620} INFO - Processing file /home/linuxadmin/airflow/airflow_etl-/dags/sqlconnection.py for tasks to queue
[2021-11-02 15:57:17,434] {logging_mixin.py:109} INFO - [2021-11-02 15:57:17,433] {dagbag.py:500} INFO - Filling up the DagBag from /home/linuxadmin/airflow/airflow_etl-/dags/sqlconnection.py
[2021-11-02 15:57:18,241] {processor.py:632} INFO - DAG(s) dict_keys(['sqlconnection']) retrieved from /home/linuxadmin/airflow/airflow_etl-/dags/sqlconnection.py
[2021-11-02 15:57:18,258] {logging_mixin.py:109} INFO - [2021-11-02 15:57:18,257] {dag.py:2389} INFO - Sync 1 DAGs
[2021-11-02 15:57:18,281] {logging_mixin.py:109} INFO - [2021-11-02 15:57:18,281] {dag.py:2921} INFO - Setting next_dagrun for sqlconnection to 2021-11-01 00:00:00+00:00
[2021-11-02 15:57:18,297] {processor.py:171} INFO - Processing /home/linuxadmin/airflow/airflow_etl-/dags/sqlconnection.py took 0.869 seconds
[2021-11-02 15:57:21,255] {processor.py:163} INFO - Started process (PID=178558) to work on /home/linuxadmin/airflow/airflow_etl-/dags/sqlconnection.py
[2021-11-02 15:57:21,257] {processor.py:620} INFO - Processing file /home/linuxadmin/airflow/airflow_etl-/dags/sqlconnection.py for tasks to queue
[2021-11-02 15:57:21,257] {logging_mixin.py:109} INFO - [2021-11-02 15:57:21,257] {dagbag.py:500} INFO - Filling up the DagBag from /home/linuxadmin/airflow/airflow_etl-/dags/sqlconnection.py
[2021-11-02 15:57:22,094] {processor.py:632} INFO - DAG(s) dict_keys(['sqlconnection']) retrieved from /home/linuxadmin/airflow/airflow_etl-/dags/sqlconnection.py
[2021-11-02 15:57:22,104] {logging_mixin.py:109} INFO - [2021-11-02 15:57:22,104] {dag.py:2389} INFO - Sync 1 DAGs
[2021-11-02 15:57:22,129] {logging_mixin.py:109} INFO - [2021-11-02 15:57:22,129] {dag.py:2921} INFO - Setting next_dagrun for sqlconnection to 2021-11-01 00:00:00+00:00
[2021-11-02 15:57:22,143] {processor.py:171} INFO - Processing /home/linuxadmin/airflow/airflow_etl-/dags/sqlconnection.py took 0.893 seconds
[2021-11-02 15:57:26,601] {processor.py:163} INFO - Started process (PID=178683) to work on /home/linuxadmin/airflow/airflow_etl-/dags/sqlconnection.py
[2021-11-02 15:57:26,604] {processor.py:620} INFO - Processing file /home/linuxadmin/airflow/airflow_etl-/dags/sqlconnection.py for tasks to queue
[2021-11-02 15:57:26,605] {logging_mixin.py:109} INFO - [2021-11-02 15:57:26,605] {dagbag.py:500} INFO - Filling up the DagBag from /home/linuxadmin/airflow/airflow_etl-/dags/sqlconnection.py
[2021-11-02 15:57:27,522] {processor.py:632} INFO - DAG(s) dict_keys(['sqlconnection']) retrieved from /home/linuxadmin/airflow/airflow_etl-/dags/sqlconnection.py
[2021-11-02 15:57:27,536] {logging_mixin.py:109} INFO - [2021-11-02 15:57:27,536] {dag.py:2389} INFO - Sync 1 DAGs
[2021-11-02 15:57:27,559] {logging_mixin.py:109} INFO - [2021-11-02 15:57:27,559] {dag.py:2921} INFO - Setting next_dagrun for sqlconnection to 2021-11-01 00:00:00+00:00
[2021-11-02 15:57:27,572] {processor.py:171} INFO - Processing /home/linuxadmin/airflow/airflow_etl-/dags/sqlconnection.py took 0.976 seconds
[2021-11-02 15:57:31,017] {processor.py:163} INFO - Started process (PID=178806) to work on /home/linuxadmin/airflow/airflow_etl-/dags/sqlconnection.py
[2021-11-02 15:57:31,018] {processor.py:620} INFO - Processing file /home/linuxadmin/airflow/airflow_etl-/dags/sqlconnection.py for tasks to queue
[2021-11-02 15:57:31,019] {logging_mixin.py:109} INFO - [2021-11-02 15:57:31,019] {dagbag.py:500} INFO - Filling up the DagBag from /home/linuxadmin/airflow/airflow_etl-/dags/sqlconnection.py
[2021-11-02 15:57:31,953] {processor.py:632} INFO - DAG(s) dict_keys(['sqlconnection']) retrieved from /home/linuxadmin/airflow/airflow_etl-/dags/sqlconnection.py
[2021-11-02 15:57:31,968] {logging_mixin.py:109} INFO - [2021-11-02 15:57:31,968] {dag.py:2389} INFO - Sync 1 DAGs
[2021-11-02 15:57:31,993] {logging_mixin.py:109} INFO - [2021-11-02 15:57:31,993] {dag.py:2921} INFO - Setting next_dagrun for sqlconnection to 2021-11-01 00:00:00+00:00
[2021-11-02 15:57:32,005] {processor.py:171} INFO - Processing /home/linuxadmin/airflow/airflow_etl-/dags/sqlconnection.py took 1.012 seconds
[2021-11-02 15:57:35,565] {processor.py:163} INFO - Started process (PID=178926) to work on /home/linuxadmin/airflow/airflow_etl-/dags/sqlconnection.py
[2021-11-02 15:57:35,566] {processor.py:620} INFO - Processing file /home/linuxadmin/airflow/airflow_etl-/dags/sqlconnection.py for tasks to queue
[2021-11-02 15:57:35,567] {logging_mixin.py:109} INFO - [2021-11-02 15:57:35,566] {dagbag.py:500} INFO - Filling up the DagBag from /home/linuxadmin/airflow/airflow_etl-/dags/sqlconnection.py
[2021-11-02 15:57:36,390] {processor.py:632} INFO - DAG(s) dict_keys(['sqlconnection']) retrieved from /home/linuxadmin/airflow/airflow_etl-/dags/sqlconnection.py
[2021-11-02 15:57:36,401] {logging_mixin.py:109} INFO - [2021-11-02 15:57:36,401] {dag.py:2389} INFO - Sync 1 DAGs
[2021-11-02 15:57:36,422] {logging_mixin.py:109} INFO - [2021-11-02 15:57:36,422] {dag.py:2921} INFO - Setting next_dagrun for sqlconnection to 2021-11-01 00:00:00+00:00
[2021-11-02 15:57:36,434] {processor.py:171} INFO - Processing /home/linuxadmin/airflow/airflow_etl-/dags/sqlconnection.py took 0.875 seconds
[2021-11-02 15:57:39,687] {processor.py:163} INFO - Started process (PID=179043) to work on /home/linuxadmin/airflow/airflow_etl-/dags/sqlconnection.py
[2021-11-02 15:57:39,688] {processor.py:620} INFO - Processing file /home/linuxadmin/airflow/airflow_etl-/dags/sqlconnection.py for tasks to queue
[2021-11-02 15:57:39,689] {logging_mixin.py:109} INFO - [2021-11-02 15:57:39,689] {dagbag.py:500} INFO - Filling up the DagBag from /home/linuxadmin/airflow/airflow_etl-/dags/sqlconnection.py
[2021-11-02 15:57:40,453] {processor.py:632} INFO - DAG(s) dict_keys(['sqlconnection']) retrieved from /home/linuxadmin/airflow/airflow_etl-/dags/sqlconnection.py
[2021-11-02 15:57:40,469] {logging_mixin.py:109} INFO - [2021-11-02 15:57:40,468] {dag.py:2389} INFO - Sync 1 DAGs
[2021-11-02 15:57:40,496] {logging_mixin.py:109} INFO - [2021-11-02 15:57:40,496] {dag.py:2921} INFO - Setting next_dagrun for sqlconnection to 2021-11-01 00:00:00+00:00
[2021-11-02 15:57:40,507] {processor.py:171} INFO - Processing /home/linuxadmin/airflow/airflow_etl-/dags/sqlconnection.py took 0.825 seconds
[2021-11-02 15:57:44,305] {processor.py:163} INFO - Started process (PID=179166) to work on /home/linuxadmin/airflow/airflow_etl-/dags/sqlconnection.py
[2021-11-02 15:57:44,306] {processor.py:620} INFO - Processing file /home/linuxadmin/airflow/airflow_etl-/dags/sqlconnection.py for tasks to queue
[2021-11-02 15:57:44,307] {logging_mixin.py:109} INFO - [2021-11-02 15:57:44,307] {dagbag.py:500} INFO - Filling up the DagBag from /home/linuxadmin/airflow/airflow_etl-/dags/sqlconnection.py
[2021-11-02 15:57:45,248] {processor.py:632} INFO - DAG(s) dict_keys(['sqlconnection']) retrieved from /home/linuxadmin/airflow/airflow_etl-/dags/sqlconnection.py
[2021-11-02 15:57:45,266] {logging_mixin.py:109} INFO - [2021-11-02 15:57:45,266] {dag.py:2389} INFO - Sync 1 DAGs
[2021-11-02 15:57:45,288] {logging_mixin.py:109} INFO - [2021-11-02 15:57:45,287] {dag.py:2921} INFO - Setting next_dagrun for sqlconnection to 2021-11-01 00:00:00+00:00
[2021-11-02 15:57:45,299] {processor.py:171} INFO - Processing /home/linuxadmin/airflow/airflow_etl-/dags/sqlconnection.py took 0.999 seconds
[2021-11-02 15:57:49,318] {processor.py:163} INFO - Started process (PID=179293) to work on /home/linuxadmin/airflow/airflow_etl-/dags/sqlconnection.py
[2021-11-02 15:57:49,319] {processor.py:620} INFO - Processing file /home/linuxadmin/airflow/airflow_etl-/dags/sqlconnection.py for tasks to queue
[2021-11-02 15:57:49,320] {logging_mixin.py:109} INFO - [2021-11-02 15:57:49,320] {dagbag.py:500} INFO - Filling up the DagBag from /home/linuxadmin/airflow/airflow_etl-/dags/sqlconnection.py
[2021-11-02 15:57:50,135] {processor.py:632} INFO - DAG(s) dict_keys(['sqlconnection']) retrieved from /home/linuxadmin/airflow/airflow_etl-/dags/sqlconnection.py
[2021-11-02 15:57:50,145] {logging_mixin.py:109} INFO - [2021-11-02 15:57:50,145] {dag.py:2389} INFO - Sync 1 DAGs
[2021-11-02 15:57:50,163] {logging_mixin.py:109} INFO - [2021-11-02 15:57:50,163] {dag.py:2921} INFO - Setting next_dagrun for sqlconnection to 2021-11-01 00:00:00+00:00
[2021-11-02 15:57:50,172] {processor.py:171} INFO - Processing /home/linuxadmin/airflow/airflow_etl-/dags/sqlconnection.py took 0.858 seconds
[2021-11-02 15:57:53,336] {processor.py:163} INFO - Started process (PID=179411) to work on /home/linuxadmin/airflow/airflow_etl-/dags/sqlconnection.py
[2021-11-02 15:57:53,337] {processor.py:620} INFO - Processing file /home/linuxadmin/airflow/airflow_etl-/dags/sqlconnection.py for tasks to queue
[2021-11-02 15:57:53,338] {logging_mixin.py:109} INFO - [2021-11-02 15:57:53,338] {dagbag.py:500} INFO - Filling up the DagBag from /home/linuxadmin/airflow/airflow_etl-/dags/sqlconnection.py
[2021-11-02 15:57:54,221] {processor.py:632} INFO - DAG(s) dict_keys(['sqlconnection']) retrieved from /home/linuxadmin/airflow/airflow_etl-/dags/sqlconnection.py
[2021-11-02 15:57:54,236] {logging_mixin.py:109} INFO - [2021-11-02 15:57:54,236] {dag.py:2389} INFO - Sync 1 DAGs
[2021-11-02 15:57:54,283] {logging_mixin.py:109} INFO - [2021-11-02 15:57:54,283] {dag.py:2921} INFO - Setting next_dagrun for sqlconnection to 2021-11-01 00:00:00+00:00
[2021-11-02 15:57:54,300] {processor.py:171} INFO - Processing /home/linuxadmin/airflow/airflow_etl-/dags/sqlconnection.py took 0.969 seconds
[2021-11-02 15:57:58,732] {processor.py:163} INFO - Started process (PID=179536) to work on /home/linuxadmin/airflow/airflow_etl-/dags/sqlconnection.py
[2021-11-02 15:57:58,733] {processor.py:620} INFO - Processing file /home/linuxadmin/airflow/airflow_etl-/dags/sqlconnection.py for tasks to queue
[2021-11-02 15:57:58,734] {logging_mixin.py:109} INFO - [2021-11-02 15:57:58,734] {dagbag.py:500} INFO - Filling up the DagBag from /home/linuxadmin/airflow/airflow_etl-/dags/sqlconnection.py
[2021-11-02 15:57:59,467] {processor.py:632} INFO - DAG(s) dict_keys(['sqlconnection']) retrieved from /home/linuxadmin/airflow/airflow_etl-/dags/sqlconnection.py
[2021-11-02 15:57:59,482] {logging_mixin.py:109} INFO - [2021-11-02 15:57:59,482] {dag.py:2389} INFO - Sync 1 DAGs
[2021-11-02 15:57:59,510] {logging_mixin.py:109} INFO - [2021-11-02 15:57:59,510] {dag.py:2921} INFO - Setting next_dagrun for sqlconnection to 2021-11-01 00:00:00+00:00
[2021-11-02 15:57:59,522] {processor.py:171} INFO - Processing /home/linuxadmin/airflow/airflow_etl-/dags/sqlconnection.py took 0.795 seconds
[2021-11-02 15:58:02,658] {processor.py:163} INFO - Started process (PID=179654) to work on /home/linuxadmin/airflow/airflow_etl-/dags/sqlconnection.py
[2021-11-02 15:58:02,660] {processor.py:620} INFO - Processing file /home/linuxadmin/airflow/airflow_etl-/dags/sqlconnection.py for tasks to queue
[2021-11-02 15:58:02,661] {logging_mixin.py:109} INFO - [2021-11-02 15:58:02,661] {dagbag.py:500} INFO - Filling up the DagBag from /home/linuxadmin/airflow/airflow_etl-/dags/sqlconnection.py
[2021-11-02 15:58:03,458] {processor.py:632} INFO - DAG(s) dict_keys(['sqlconnection']) retrieved from /home/linuxadmin/airflow/airflow_etl-/dags/sqlconnection.py
[2021-11-02 15:58:03,467] {logging_mixin.py:109} INFO - [2021-11-02 15:58:03,467] {dag.py:2389} INFO - Sync 1 DAGs
[2021-11-02 15:58:03,491] {logging_mixin.py:109} INFO - [2021-11-02 15:58:03,491] {dag.py:2921} INFO - Setting next_dagrun for sqlconnection to 2021-11-01 00:00:00+00:00
[2021-11-02 15:58:03,506] {processor.py:171} INFO - Processing /home/linuxadmin/airflow/airflow_etl-/dags/sqlconnection.py took 0.852 seconds
[2021-11-02 15:58:07,165] {processor.py:163} INFO - Started process (PID=179777) to work on /home/linuxadmin/airflow/airflow_etl-/dags/sqlconnection.py
[2021-11-02 15:58:07,166] {processor.py:620} INFO - Processing file /home/linuxadmin/airflow/airflow_etl-/dags/sqlconnection.py for tasks to queue
[2021-11-02 15:58:07,167] {logging_mixin.py:109} INFO - [2021-11-02 15:58:07,167] {dagbag.py:500} INFO - Filling up the DagBag from /home/linuxadmin/airflow/airflow_etl-/dags/sqlconnection.py
[2021-11-02 15:58:08,045] {processor.py:632} INFO - DAG(s) dict_keys(['sqlconnection']) retrieved from /home/linuxadmin/airflow/airflow_etl-/dags/sqlconnection.py
[2021-11-02 15:58:08,058] {logging_mixin.py:109} INFO - [2021-11-02 15:58:08,058] {dag.py:2389} INFO - Sync 1 DAGs
[2021-11-02 15:58:08,084] {logging_mixin.py:109} INFO - [2021-11-02 15:58:08,084] {dag.py:2921} INFO - Setting next_dagrun for sqlconnection to 2021-11-01 00:00:00+00:00
[2021-11-02 15:58:08,096] {processor.py:171} INFO - Processing /home/linuxadmin/airflow/airflow_etl-/dags/sqlconnection.py took 0.937 seconds
[2021-11-02 15:58:12,360] {processor.py:163} INFO - Started process (PID=179900) to work on /home/linuxadmin/airflow/airflow_etl-/dags/sqlconnection.py
[2021-11-02 15:58:12,362] {processor.py:620} INFO - Processing file /home/linuxadmin/airflow/airflow_etl-/dags/sqlconnection.py for tasks to queue
[2021-11-02 15:58:12,363] {logging_mixin.py:109} INFO - [2021-11-02 15:58:12,363] {dagbag.py:500} INFO - Filling up the DagBag from /home/linuxadmin/airflow/airflow_etl-/dags/sqlconnection.py
[2021-11-02 15:58:13,094] {processor.py:632} INFO - DAG(s) dict_keys(['sqlconnection']) retrieved from /home/linuxadmin/airflow/airflow_etl-/dags/sqlconnection.py
[2021-11-02 15:58:13,105] {logging_mixin.py:109} INFO - [2021-11-02 15:58:13,105] {dag.py:2389} INFO - Sync 1 DAGs
[2021-11-02 15:58:13,130] {logging_mixin.py:109} INFO - [2021-11-02 15:58:13,130] {dag.py:2921} INFO - Setting next_dagrun for sqlconnection to 2021-11-01 00:00:00+00:00
[2021-11-02 15:58:13,145] {processor.py:171} INFO - Processing /home/linuxadmin/airflow/airflow_etl-/dags/sqlconnection.py took 0.791 seconds
[2021-11-02 15:58:16,581] {processor.py:163} INFO - Started process (PID=180019) to work on /home/linuxadmin/airflow/airflow_etl-/dags/sqlconnection.py
[2021-11-02 15:58:16,583] {processor.py:620} INFO - Processing file /home/linuxadmin/airflow/airflow_etl-/dags/sqlconnection.py for tasks to queue
[2021-11-02 15:58:16,584] {logging_mixin.py:109} INFO - [2021-11-02 15:58:16,584] {dagbag.py:500} INFO - Filling up the DagBag from /home/linuxadmin/airflow/airflow_etl-/dags/sqlconnection.py
[2021-11-02 15:58:17,443] {processor.py:632} INFO - DAG(s) dict_keys(['sqlconnection']) retrieved from /home/linuxadmin/airflow/airflow_etl-/dags/sqlconnection.py
[2021-11-02 15:58:17,461] {logging_mixin.py:109} INFO - [2021-11-02 15:58:17,461] {dag.py:2389} INFO - Sync 1 DAGs
[2021-11-02 15:58:17,493] {logging_mixin.py:109} INFO - [2021-11-02 15:58:17,493] {dag.py:2921} INFO - Setting next_dagrun for sqlconnection to 2021-11-01 00:00:00+00:00
[2021-11-02 15:58:17,509] {processor.py:171} INFO - Processing /home/linuxadmin/airflow/airflow_etl-/dags/sqlconnection.py took 0.933 seconds
[2021-11-02 15:58:20,888] {processor.py:163} INFO - Started process (PID=180144) to work on /home/linuxadmin/airflow/airflow_etl-/dags/sqlconnection.py
[2021-11-02 15:58:20,889] {processor.py:620} INFO - Processing file /home/linuxadmin/airflow/airflow_etl-/dags/sqlconnection.py for tasks to queue
[2021-11-02 15:58:20,890] {logging_mixin.py:109} INFO - [2021-11-02 15:58:20,890] {dagbag.py:500} INFO - Filling up the DagBag from /home/linuxadmin/airflow/airflow_etl-/dags/sqlconnection.py
[2021-11-02 15:58:21,674] {processor.py:632} INFO - DAG(s) dict_keys(['sqlconnection']) retrieved from /home/linuxadmin/airflow/airflow_etl-/dags/sqlconnection.py
[2021-11-02 15:58:21,686] {logging_mixin.py:109} INFO - [2021-11-02 15:58:21,686] {dag.py:2389} INFO - Sync 1 DAGs
[2021-11-02 15:58:21,709] {logging_mixin.py:109} INFO - [2021-11-02 15:58:21,709] {dag.py:2921} INFO - Setting next_dagrun for sqlconnection to 2021-11-01 00:00:00+00:00
[2021-11-02 15:58:21,721] {processor.py:171} INFO - Processing /home/linuxadmin/airflow/airflow_etl-/dags/sqlconnection.py took 0.838 seconds
[2021-11-02 15:58:24,908] {processor.py:163} INFO - Started process (PID=180265) to work on /home/linuxadmin/airflow/airflow_etl-/dags/sqlconnection.py
[2021-11-02 15:58:24,910] {processor.py:620} INFO - Processing file /home/linuxadmin/airflow/airflow_etl-/dags/sqlconnection.py for tasks to queue
[2021-11-02 15:58:24,911] {logging_mixin.py:109} INFO - [2021-11-02 15:58:24,911] {dagbag.py:500} INFO - Filling up the DagBag from /home/linuxadmin/airflow/airflow_etl-/dags/sqlconnection.py
[2021-11-02 15:58:25,832] {processor.py:632} INFO - DAG(s) dict_keys(['sqlconnection']) retrieved from /home/linuxadmin/airflow/airflow_etl-/dags/sqlconnection.py
[2021-11-02 15:58:25,843] {logging_mixin.py:109} INFO - [2021-11-02 15:58:25,842] {dag.py:2389} INFO - Sync 1 DAGs
[2021-11-02 15:58:25,864] {logging_mixin.py:109} INFO - [2021-11-02 15:58:25,864] {dag.py:2921} INFO - Setting next_dagrun for sqlconnection to 2021-11-01 00:00:00+00:00
[2021-11-02 15:58:25,873] {processor.py:171} INFO - Processing /home/linuxadmin/airflow/airflow_etl-/dags/sqlconnection.py took 0.975 seconds
[2021-11-02 15:58:30,510] {processor.py:163} INFO - Started process (PID=180387) to work on /home/linuxadmin/airflow/airflow_etl-/dags/sqlconnection.py
[2021-11-02 15:58:30,512] {processor.py:620} INFO - Processing file /home/linuxadmin/airflow/airflow_etl-/dags/sqlconnection.py for tasks to queue
[2021-11-02 15:58:30,516] {logging_mixin.py:109} INFO - [2021-11-02 15:58:30,515] {dagbag.py:500} INFO - Filling up the DagBag from /home/linuxadmin/airflow/airflow_etl-/dags/sqlconnection.py
[2021-11-02 15:58:31,370] {processor.py:632} INFO - DAG(s) dict_keys(['sqlconnection']) retrieved from /home/linuxadmin/airflow/airflow_etl-/dags/sqlconnection.py
[2021-11-02 15:58:31,385] {logging_mixin.py:109} INFO - [2021-11-02 15:58:31,385] {dag.py:2389} INFO - Sync 1 DAGs
[2021-11-02 15:58:31,415] {logging_mixin.py:109} INFO - [2021-11-02 15:58:31,415] {dag.py:2921} INFO - Setting next_dagrun for sqlconnection to 2021-11-01 00:00:00+00:00
[2021-11-02 15:58:31,431] {processor.py:171} INFO - Processing /home/linuxadmin/airflow/airflow_etl-/dags/sqlconnection.py took 0.928 seconds
[2021-11-02 15:58:34,775] {processor.py:163} INFO - Started process (PID=180508) to work on /home/linuxadmin/airflow/airflow_etl-/dags/sqlconnection.py
[2021-11-02 15:58:34,776] {processor.py:620} INFO - Processing file /home/linuxadmin/airflow/airflow_etl-/dags/sqlconnection.py for tasks to queue
[2021-11-02 15:58:34,789] {logging_mixin.py:109} INFO - [2021-11-02 15:58:34,789] {dagbag.py:500} INFO - Filling up the DagBag from /home/linuxadmin/airflow/airflow_etl-/dags/sqlconnection.py
[2021-11-02 15:58:35,699] {processor.py:632} INFO - DAG(s) dict_keys(['sqlconnection']) retrieved from /home/linuxadmin/airflow/airflow_etl-/dags/sqlconnection.py
[2021-11-02 15:58:35,713] {logging_mixin.py:109} INFO - [2021-11-02 15:58:35,713] {dag.py:2389} INFO - Sync 1 DAGs
[2021-11-02 15:58:35,742] {logging_mixin.py:109} INFO - [2021-11-02 15:58:35,742] {dag.py:2921} INFO - Setting next_dagrun for sqlconnection to 2021-11-01 00:00:00+00:00
[2021-11-02 15:58:35,756] {processor.py:171} INFO - Processing /home/linuxadmin/airflow/airflow_etl-/dags/sqlconnection.py took 0.986 seconds
[2021-11-02 15:58:39,390] {processor.py:163} INFO - Started process (PID=180631) to work on /home/linuxadmin/airflow/airflow_etl-/dags/sqlconnection.py
[2021-11-02 15:58:39,392] {processor.py:620} INFO - Processing file /home/linuxadmin/airflow/airflow_etl-/dags/sqlconnection.py for tasks to queue
[2021-11-02 15:58:39,393] {logging_mixin.py:109} INFO - [2021-11-02 15:58:39,393] {dagbag.py:500} INFO - Filling up the DagBag from /home/linuxadmin/airflow/airflow_etl-/dags/sqlconnection.py
[2021-11-02 15:58:40,123] {processor.py:632} INFO - DAG(s) dict_keys(['sqlconnection']) retrieved from /home/linuxadmin/airflow/airflow_etl-/dags/sqlconnection.py
[2021-11-02 15:58:40,136] {logging_mixin.py:109} INFO - [2021-11-02 15:58:40,136] {dag.py:2389} INFO - Sync 1 DAGs
[2021-11-02 15:58:40,168] {logging_mixin.py:109} INFO - [2021-11-02 15:58:40,168] {dag.py:2921} INFO - Setting next_dagrun for sqlconnection to 2021-11-01 00:00:00+00:00
[2021-11-02 15:58:40,180] {processor.py:171} INFO - Processing /home/linuxadmin/airflow/airflow_etl-/dags/sqlconnection.py took 0.795 seconds
[2021-11-02 15:58:43,506] {processor.py:163} INFO - Started process (PID=180751) to work on /home/linuxadmin/airflow/airflow_etl-/dags/sqlconnection.py
[2021-11-02 15:58:43,508] {processor.py:620} INFO - Processing file /home/linuxadmin/airflow/airflow_etl-/dags/sqlconnection.py for tasks to queue
[2021-11-02 15:58:43,509] {logging_mixin.py:109} INFO - [2021-11-02 15:58:43,509] {dagbag.py:500} INFO - Filling up the DagBag from /home/linuxadmin/airflow/airflow_etl-/dags/sqlconnection.py
[2021-11-02 15:58:44,334] {processor.py:632} INFO - DAG(s) dict_keys(['sqlconnection']) retrieved from /home/linuxadmin/airflow/airflow_etl-/dags/sqlconnection.py
[2021-11-02 15:58:44,348] {logging_mixin.py:109} INFO - [2021-11-02 15:58:44,347] {dag.py:2389} INFO - Sync 1 DAGs
[2021-11-02 15:58:44,377] {logging_mixin.py:109} INFO - [2021-11-02 15:58:44,377] {dag.py:2921} INFO - Setting next_dagrun for sqlconnection to 2021-11-01 00:00:00+00:00
[2021-11-02 15:58:44,388] {processor.py:171} INFO - Processing /home/linuxadmin/airflow/airflow_etl-/dags/sqlconnection.py took 0.893 seconds
[2021-11-02 15:58:47,868] {processor.py:163} INFO - Started process (PID=180871) to work on /home/linuxadmin/airflow/airflow_etl-/dags/sqlconnection.py
[2021-11-02 15:58:47,869] {processor.py:620} INFO - Processing file /home/linuxadmin/airflow/airflow_etl-/dags/sqlconnection.py for tasks to queue
[2021-11-02 15:58:47,870] {logging_mixin.py:109} INFO - [2021-11-02 15:58:47,870] {dagbag.py:500} INFO - Filling up the DagBag from /home/linuxadmin/airflow/airflow_etl-/dags/sqlconnection.py
[2021-11-02 15:58:48,701] {processor.py:632} INFO - DAG(s) dict_keys(['sqlconnection']) retrieved from /home/linuxadmin/airflow/airflow_etl-/dags/sqlconnection.py
[2021-11-02 15:58:48,715] {logging_mixin.py:109} INFO - [2021-11-02 15:58:48,714] {dag.py:2389} INFO - Sync 1 DAGs
[2021-11-02 15:58:48,743] {logging_mixin.py:109} INFO - [2021-11-02 15:58:48,743] {dag.py:2921} INFO - Setting next_dagrun for sqlconnection to 2021-11-01 00:00:00+00:00
[2021-11-02 15:58:48,755] {processor.py:171} INFO - Processing /home/linuxadmin/airflow/airflow_etl-/dags/sqlconnection.py took 0.891 seconds
[2021-11-02 15:58:51,876] {processor.py:163} INFO - Started process (PID=180991) to work on /home/linuxadmin/airflow/airflow_etl-/dags/sqlconnection.py
[2021-11-02 15:58:51,877] {processor.py:620} INFO - Processing file /home/linuxadmin/airflow/airflow_etl-/dags/sqlconnection.py for tasks to queue
[2021-11-02 15:58:51,878] {logging_mixin.py:109} INFO - [2021-11-02 15:58:51,878] {dagbag.py:500} INFO - Filling up the DagBag from /home/linuxadmin/airflow/airflow_etl-/dags/sqlconnection.py
[2021-11-02 15:58:52,658] {processor.py:632} INFO - DAG(s) dict_keys(['sqlconnection']) retrieved from /home/linuxadmin/airflow/airflow_etl-/dags/sqlconnection.py
[2021-11-02 15:58:52,669] {logging_mixin.py:109} INFO - [2021-11-02 15:58:52,669] {dag.py:2389} INFO - Sync 1 DAGs
[2021-11-02 15:58:52,687] {logging_mixin.py:109} INFO - [2021-11-02 15:58:52,687] {dag.py:2921} INFO - Setting next_dagrun for sqlconnection to 2021-11-01 00:00:00+00:00
[2021-11-02 15:58:52,696] {processor.py:171} INFO - Processing /home/linuxadmin/airflow/airflow_etl-/dags/sqlconnection.py took 0.826 seconds
[2021-11-02 15:58:56,334] {processor.py:163} INFO - Started process (PID=181115) to work on /home/linuxadmin/airflow/airflow_etl-/dags/sqlconnection.py
[2021-11-02 15:58:56,335] {processor.py:620} INFO - Processing file /home/linuxadmin/airflow/airflow_etl-/dags/sqlconnection.py for tasks to queue
[2021-11-02 15:58:56,336] {logging_mixin.py:109} INFO - [2021-11-02 15:58:56,336] {dagbag.py:500} INFO - Filling up the DagBag from /home/linuxadmin/airflow/airflow_etl-/dags/sqlconnection.py
[2021-11-02 15:58:57,161] {processor.py:632} INFO - DAG(s) dict_keys(['sqlconnection']) retrieved from /home/linuxadmin/airflow/airflow_etl-/dags/sqlconnection.py
[2021-11-02 15:58:57,175] {logging_mixin.py:109} INFO - [2021-11-02 15:58:57,175] {dag.py:2389} INFO - Sync 1 DAGs
[2021-11-02 15:58:57,202] {logging_mixin.py:109} INFO - [2021-11-02 15:58:57,202] {dag.py:2921} INFO - Setting next_dagrun for sqlconnection to 2021-11-01 00:00:00+00:00
[2021-11-02 15:58:57,214] {processor.py:171} INFO - Processing /home/linuxadmin/airflow/airflow_etl-/dags/sqlconnection.py took 0.885 seconds
[2021-11-02 15:59:01,315] {processor.py:163} INFO - Started process (PID=181237) to work on /home/linuxadmin/airflow/airflow_etl-/dags/sqlconnection.py
[2021-11-02 15:59:01,317] {processor.py:620} INFO - Processing file /home/linuxadmin/airflow/airflow_etl-/dags/sqlconnection.py for tasks to queue
[2021-11-02 15:59:01,318] {logging_mixin.py:109} INFO - [2021-11-02 15:59:01,318] {dagbag.py:500} INFO - Filling up the DagBag from /home/linuxadmin/airflow/airflow_etl-/dags/sqlconnection.py
[2021-11-02 15:59:02,338] {processor.py:632} INFO - DAG(s) dict_keys(['sqlconnection']) retrieved from /home/linuxadmin/airflow/airflow_etl-/dags/sqlconnection.py
[2021-11-02 15:59:02,349] {logging_mixin.py:109} INFO - [2021-11-02 15:59:02,349] {dag.py:2389} INFO - Sync 1 DAGs
[2021-11-02 15:59:02,372] {logging_mixin.py:109} INFO - [2021-11-02 15:59:02,372] {dag.py:2921} INFO - Setting next_dagrun for sqlconnection to 2021-11-01 00:00:00+00:00
[2021-11-02 15:59:02,386] {processor.py:171} INFO - Processing /home/linuxadmin/airflow/airflow_etl-/dags/sqlconnection.py took 1.084 seconds
[2021-11-02 15:59:06,488] {processor.py:163} INFO - Started process (PID=181360) to work on /home/linuxadmin/airflow/airflow_etl-/dags/sqlconnection.py
[2021-11-02 15:59:06,489] {processor.py:620} INFO - Processing file /home/linuxadmin/airflow/airflow_etl-/dags/sqlconnection.py for tasks to queue
[2021-11-02 15:59:06,490] {logging_mixin.py:109} INFO - [2021-11-02 15:59:06,490] {dagbag.py:500} INFO - Filling up the DagBag from /home/linuxadmin/airflow/airflow_etl-/dags/sqlconnection.py
[2021-11-02 15:59:07,314] {processor.py:632} INFO - DAG(s) dict_keys(['sqlconnection']) retrieved from /home/linuxadmin/airflow/airflow_etl-/dags/sqlconnection.py
[2021-11-02 15:59:07,323] {logging_mixin.py:109} INFO - [2021-11-02 15:59:07,323] {dag.py:2389} INFO - Sync 1 DAGs
[2021-11-02 15:59:07,347] {logging_mixin.py:109} INFO - [2021-11-02 15:59:07,347] {dag.py:2921} INFO - Setting next_dagrun for sqlconnection to 2021-11-01 00:00:00+00:00
[2021-11-02 15:59:07,360] {processor.py:171} INFO - Processing /home/linuxadmin/airflow/airflow_etl-/dags/sqlconnection.py took 0.878 seconds
[2021-11-02 15:59:10,644] {processor.py:163} INFO - Started process (PID=181483) to work on /home/linuxadmin/airflow/airflow_etl-/dags/sqlconnection.py
[2021-11-02 15:59:10,645] {processor.py:620} INFO - Processing file /home/linuxadmin/airflow/airflow_etl-/dags/sqlconnection.py for tasks to queue
[2021-11-02 15:59:10,645] {logging_mixin.py:109} INFO - [2021-11-02 15:59:10,645] {dagbag.py:500} INFO - Filling up the DagBag from /home/linuxadmin/airflow/airflow_etl-/dags/sqlconnection.py
[2021-11-02 15:59:11,473] {processor.py:632} INFO - DAG(s) dict_keys(['sqlconnection']) retrieved from /home/linuxadmin/airflow/airflow_etl-/dags/sqlconnection.py
[2021-11-02 15:59:11,485] {logging_mixin.py:109} INFO - [2021-11-02 15:59:11,485] {dag.py:2389} INFO - Sync 1 DAGs
[2021-11-02 15:59:11,506] {logging_mixin.py:109} INFO - [2021-11-02 15:59:11,506] {dag.py:2921} INFO - Setting next_dagrun for sqlconnection to 2021-11-01 00:00:00+00:00
[2021-11-02 15:59:11,518] {processor.py:171} INFO - Processing /home/linuxadmin/airflow/airflow_etl-/dags/sqlconnection.py took 0.878 seconds
