[2021-10-29 11:42:59,364] {taskinstance.py:1035} INFO - Dependencies all met for <TaskInstance: transformation.tranformation_to_sharepoint manual__2021-10-29T06:12:53.941520+00:00 [queued]>
[2021-10-29 11:42:59,387] {taskinstance.py:1035} INFO - Dependencies all met for <TaskInstance: transformation.tranformation_to_sharepoint manual__2021-10-29T06:12:53.941520+00:00 [queued]>
[2021-10-29 11:42:59,387] {taskinstance.py:1241} INFO - 
--------------------------------------------------------------------------------
[2021-10-29 11:42:59,387] {taskinstance.py:1242} INFO - Starting attempt 1 of 2
[2021-10-29 11:42:59,387] {taskinstance.py:1243} INFO - 
--------------------------------------------------------------------------------
[2021-10-29 11:42:59,404] {taskinstance.py:1262} INFO - Executing <Task(PythonOperator): tranformation_to_sharepoint> on 2021-10-29 06:12:53.941520+00:00
[2021-10-29 11:42:59,412] {standard_task_runner.py:52} INFO - Started process 17017 to run task
[2021-10-29 11:42:59,428] {standard_task_runner.py:76} INFO - Running: ['airflow', 'tasks', 'run', 'transformation', 'tranformation_to_sharepoint', 'manual__2021-10-29T06:12:53.941520+00:00', '--job-id', '22', '--raw', '--subdir', 'DAGS_FOLDER/transformation.py', '--cfg-path', '/tmp/tmp0blf9kyh', '--error-file', '/tmp/tmpp6bzoac0']
[2021-10-29 11:42:59,432] {standard_task_runner.py:77} INFO - Job 22: Subtask tranformation_to_sharepoint
[2021-10-29 11:42:59,487] {logging_mixin.py:109} INFO - Running <TaskInstance: transformation.tranformation_to_sharepoint manual__2021-10-29T06:12:53.941520+00:00 [running]> on host user-Latitude-3410
[2021-10-29 11:42:59,550] {taskinstance.py:1414} INFO - Exporting the following env vars:
AIRFLOW_CTX_DAG_EMAIL=shindesushant818@gmail.com
AIRFLOW_CTX_DAG_OWNER=airflow
AIRFLOW_CTX_DAG_ID=transformation
AIRFLOW_CTX_TASK_ID=tranformation_to_sharepoint
AIRFLOW_CTX_EXECUTION_DATE=2021-10-29T06:12:53.941520+00:00
AIRFLOW_CTX_DAG_RUN_ID=manual__2021-10-29T06:12:53.941520+00:00
[2021-10-29 11:43:07,098] {python.py:152} INFO - Done. Returned value was: None
[2021-10-29 11:43:07,139] {taskinstance.py:1280} INFO - Marking task as SUCCESS. dag_id=transformation, task_id=tranformation_to_sharepoint, execution_date=20211029T061253, start_date=20211029T061259, end_date=20211029T061307
[2021-10-29 11:43:07,220] {local_task_job.py:154} INFO - Task exited with return code 0
[2021-10-29 11:43:07,371] {local_task_job.py:264} INFO - 1 downstream tasks scheduled from follow-on schedule check
