[2021-10-14 14:39:55,127] {taskinstance.py:1035} INFO - Dependencies all met for <TaskInstance: my_dag.training_model_C scheduled__2021-10-13T00:00:00+00:00 [queued]>
[2021-10-14 14:39:55,139] {taskinstance.py:1035} INFO - Dependencies all met for <TaskInstance: my_dag.training_model_C scheduled__2021-10-13T00:00:00+00:00 [queued]>
[2021-10-14 14:39:55,139] {taskinstance.py:1241} INFO - 
--------------------------------------------------------------------------------
[2021-10-14 14:39:55,139] {taskinstance.py:1242} INFO - Starting attempt 1 of 2
[2021-10-14 14:39:55,139] {taskinstance.py:1243} INFO - 
--------------------------------------------------------------------------------
[2021-10-14 14:39:55,151] {taskinstance.py:1262} INFO - Executing <Task(PythonOperator): training_model_C> on 2021-10-13 00:00:00+00:00
[2021-10-14 14:39:55,154] {standard_task_runner.py:52} INFO - Started process 12421 to run task
[2021-10-14 14:39:55,162] {standard_task_runner.py:76} INFO - Running: ['airflow', 'tasks', 'run', 'my_dag', 'training_model_C', 'scheduled__2021-10-13T00:00:00+00:00', '--job-id', '21', '--raw', '--subdir', 'DAGS_FOLDER/my_dag.py', '--cfg-path', '/tmp/tmpj1mm1ji8', '--error-file', '/tmp/tmpmxba73ht']
[2021-10-14 14:39:55,164] {standard_task_runner.py:77} INFO - Job 21: Subtask training_model_C
[2021-10-14 14:39:55,196] {logging_mixin.py:109} INFO - Running <TaskInstance: my_dag.training_model_C scheduled__2021-10-13T00:00:00+00:00 [running]> on host user-Latitude-3410
[2021-10-14 14:39:55,236] {taskinstance.py:1414} INFO - Exporting the following env vars:
AIRFLOW_CTX_DAG_EMAIL=airflow@example.com
AIRFLOW_CTX_DAG_OWNER=airflow
AIRFLOW_CTX_DAG_ID=my_dag
AIRFLOW_CTX_TASK_ID=training_model_C
AIRFLOW_CTX_EXECUTION_DATE=2021-10-13T00:00:00+00:00
AIRFLOW_CTX_DAG_RUN_ID=scheduled__2021-10-13T00:00:00+00:00
[2021-10-14 14:39:55,237] {python.py:152} INFO - Done. Returned value was: 1
[2021-10-14 14:39:55,252] {taskinstance.py:1280} INFO - Marking task as SUCCESS. dag_id=my_dag, task_id=training_model_C, execution_date=20211013T000000, start_date=20211014T090955, end_date=20211014T090955
[2021-10-14 14:39:55,291] {local_task_job.py:154} INFO - Task exited with return code 0
[2021-10-14 14:39:55,328] {local_task_job.py:264} INFO - 1 downstream tasks scheduled from follow-on schedule check
[2021-10-14 14:40:03,894] {taskinstance.py:1035} INFO - Dependencies all met for <TaskInstance: my_dag.training_model_C manual__2021-10-14T09:09:53.722625+00:00 [queued]>
[2021-10-14 14:40:03,910] {taskinstance.py:1035} INFO - Dependencies all met for <TaskInstance: my_dag.training_model_C manual__2021-10-14T09:09:53.722625+00:00 [queued]>
[2021-10-14 14:40:03,910] {taskinstance.py:1241} INFO - 
--------------------------------------------------------------------------------
[2021-10-14 14:40:03,910] {taskinstance.py:1242} INFO - Starting attempt 1 of 2
[2021-10-14 14:40:03,910] {taskinstance.py:1243} INFO - 
--------------------------------------------------------------------------------
[2021-10-14 14:40:03,925] {taskinstance.py:1262} INFO - Executing <Task(PythonOperator): training_model_C> on 2021-10-14 09:09:53.722625+00:00
[2021-10-14 14:40:03,930] {standard_task_runner.py:52} INFO - Started process 12592 to run task
[2021-10-14 14:40:03,937] {standard_task_runner.py:76} INFO - Running: ['airflow', 'tasks', 'run', 'my_dag', 'training_model_C', 'manual__2021-10-14T09:09:53.722625+00:00', '--job-id', '24', '--raw', '--subdir', 'DAGS_FOLDER/my_dag.py', '--cfg-path', '/tmp/tmpqvqoobuk', '--error-file', '/tmp/tmpaqjx_jrw']
[2021-10-14 14:40:03,940] {standard_task_runner.py:77} INFO - Job 24: Subtask training_model_C
[2021-10-14 14:40:03,974] {logging_mixin.py:109} INFO - Running <TaskInstance: my_dag.training_model_C manual__2021-10-14T09:09:53.722625+00:00 [running]> on host user-Latitude-3410
[2021-10-14 14:40:04,006] {taskinstance.py:1414} INFO - Exporting the following env vars:
AIRFLOW_CTX_DAG_EMAIL=airflow@example.com
AIRFLOW_CTX_DAG_OWNER=airflow
AIRFLOW_CTX_DAG_ID=my_dag
AIRFLOW_CTX_TASK_ID=training_model_C
AIRFLOW_CTX_EXECUTION_DATE=2021-10-14T09:09:53.722625+00:00
AIRFLOW_CTX_DAG_RUN_ID=manual__2021-10-14T09:09:53.722625+00:00
[2021-10-14 14:40:04,007] {python.py:152} INFO - Done. Returned value was: 7
[2021-10-14 14:40:04,022] {taskinstance.py:1280} INFO - Marking task as SUCCESS. dag_id=my_dag, task_id=training_model_C, execution_date=20211014T090953, start_date=20211014T091003, end_date=20211014T091004
[2021-10-14 14:40:04,070] {local_task_job.py:154} INFO - Task exited with return code 0
[2021-10-14 14:40:04,142] {local_task_job.py:264} INFO - 1 downstream tasks scheduled from follow-on schedule check
[2021-10-14 14:47:40,786] {taskinstance.py:1035} INFO - Dependencies all met for <TaskInstance: my_dag.training_model_C manual__2021-10-14T09:17:34.915835+00:00 [queued]>
[2021-10-14 14:47:40,805] {taskinstance.py:1035} INFO - Dependencies all met for <TaskInstance: my_dag.training_model_C manual__2021-10-14T09:17:34.915835+00:00 [queued]>
[2021-10-14 14:47:40,806] {taskinstance.py:1241} INFO - 
--------------------------------------------------------------------------------
[2021-10-14 14:47:40,806] {taskinstance.py:1242} INFO - Starting attempt 1 of 2
[2021-10-14 14:47:40,806] {taskinstance.py:1243} INFO - 
--------------------------------------------------------------------------------
[2021-10-14 14:47:40,820] {taskinstance.py:1262} INFO - Executing <Task(PythonOperator): training_model_C> on 2021-10-14 09:17:34.915835+00:00
[2021-10-14 14:47:40,828] {standard_task_runner.py:52} INFO - Started process 15126 to run task
[2021-10-14 14:47:40,836] {standard_task_runner.py:76} INFO - Running: ['airflow', 'tasks', 'run', 'my_dag', 'training_model_C', 'manual__2021-10-14T09:17:34.915835+00:00', '--job-id', '32', '--raw', '--subdir', 'DAGS_FOLDER/my_dag.py', '--cfg-path', '/tmp/tmp9h8sxmjv', '--error-file', '/tmp/tmp0yjqq0l2']
[2021-10-14 14:47:40,838] {standard_task_runner.py:77} INFO - Job 32: Subtask training_model_C
[2021-10-14 14:47:40,880] {logging_mixin.py:109} INFO - Running <TaskInstance: my_dag.training_model_C manual__2021-10-14T09:17:34.915835+00:00 [running]> on host user-Latitude-3410
[2021-10-14 14:47:40,909] {taskinstance.py:1414} INFO - Exporting the following env vars:
AIRFLOW_CTX_DAG_EMAIL=airflow@example.com
AIRFLOW_CTX_DAG_OWNER=airflow
AIRFLOW_CTX_DAG_ID=my_dag
AIRFLOW_CTX_TASK_ID=training_model_C
AIRFLOW_CTX_EXECUTION_DATE=2021-10-14T09:17:34.915835+00:00
AIRFLOW_CTX_DAG_RUN_ID=manual__2021-10-14T09:17:34.915835+00:00
[2021-10-14 14:47:40,911] {logging_mixin.py:109} INFO - 2
[2021-10-14 14:47:40,911] {python.py:152} INFO - Done. Returned value was: 6
[2021-10-14 14:47:40,946] {taskinstance.py:1280} INFO - Marking task as SUCCESS. dag_id=my_dag, task_id=training_model_C, execution_date=20211014T091734, start_date=20211014T091740, end_date=20211014T091740
[2021-10-14 14:47:40,969] {local_task_job.py:154} INFO - Task exited with return code 0
[2021-10-14 14:47:41,002] {local_task_job.py:264} INFO - 1 downstream tasks scheduled from follow-on schedule check
[2021-10-14 14:48:04,457] {taskinstance.py:1035} INFO - Dependencies all met for <TaskInstance: my_dag.training_model_C manual__2021-10-14T09:17:58.165785+00:00 [queued]>
[2021-10-14 14:48:04,465] {taskinstance.py:1035} INFO - Dependencies all met for <TaskInstance: my_dag.training_model_C manual__2021-10-14T09:17:58.165785+00:00 [queued]>
[2021-10-14 14:48:04,466] {taskinstance.py:1241} INFO - 
--------------------------------------------------------------------------------
[2021-10-14 14:48:04,466] {taskinstance.py:1242} INFO - Starting attempt 1 of 2
[2021-10-14 14:48:04,466] {taskinstance.py:1243} INFO - 
--------------------------------------------------------------------------------
[2021-10-14 14:48:04,476] {taskinstance.py:1262} INFO - Executing <Task(PythonOperator): training_model_C> on 2021-10-14 09:17:58.165785+00:00
[2021-10-14 14:48:04,478] {standard_task_runner.py:52} INFO - Started process 15360 to run task
[2021-10-14 14:48:04,481] {standard_task_runner.py:76} INFO - Running: ['airflow', 'tasks', 'run', 'my_dag', 'training_model_C', 'manual__2021-10-14T09:17:58.165785+00:00', '--job-id', '37', '--raw', '--subdir', 'DAGS_FOLDER/my_dag.py', '--cfg-path', '/tmp/tmp4l9vq8ou', '--error-file', '/tmp/tmpunujesn9']
[2021-10-14 14:48:04,483] {standard_task_runner.py:77} INFO - Job 37: Subtask training_model_C
[2021-10-14 14:48:04,520] {logging_mixin.py:109} INFO - Running <TaskInstance: my_dag.training_model_C manual__2021-10-14T09:17:58.165785+00:00 [running]> on host user-Latitude-3410
[2021-10-14 14:48:04,548] {taskinstance.py:1414} INFO - Exporting the following env vars:
AIRFLOW_CTX_DAG_EMAIL=airflow@example.com
AIRFLOW_CTX_DAG_OWNER=airflow
AIRFLOW_CTX_DAG_ID=my_dag
AIRFLOW_CTX_TASK_ID=training_model_C
AIRFLOW_CTX_EXECUTION_DATE=2021-10-14T09:17:58.165785+00:00
AIRFLOW_CTX_DAG_RUN_ID=manual__2021-10-14T09:17:58.165785+00:00
[2021-10-14 14:48:04,549] {logging_mixin.py:109} INFO - 7
[2021-10-14 14:48:04,549] {python.py:152} INFO - Done. Returned value was: 1
[2021-10-14 14:48:04,561] {taskinstance.py:1280} INFO - Marking task as SUCCESS. dag_id=my_dag, task_id=training_model_C, execution_date=20211014T091758, start_date=20211014T091804, end_date=20211014T091804
[2021-10-14 14:48:04,575] {local_task_job.py:154} INFO - Task exited with return code 0
[2021-10-14 14:48:04,603] {local_task_job.py:264} INFO - 1 downstream tasks scheduled from follow-on schedule check
[2021-10-14 14:53:41,919] {taskinstance.py:1035} INFO - Dependencies all met for <TaskInstance: my_dag.training_model_C manual__2021-10-14T09:23:35.802497+00:00 [queued]>
[2021-10-14 14:53:41,925] {taskinstance.py:1035} INFO - Dependencies all met for <TaskInstance: my_dag.training_model_C manual__2021-10-14T09:23:35.802497+00:00 [queued]>
[2021-10-14 14:53:41,925] {taskinstance.py:1241} INFO - 
--------------------------------------------------------------------------------
[2021-10-14 14:53:41,925] {taskinstance.py:1242} INFO - Starting attempt 1 of 2
[2021-10-14 14:53:41,925] {taskinstance.py:1243} INFO - 
--------------------------------------------------------------------------------
[2021-10-14 14:53:41,932] {taskinstance.py:1262} INFO - Executing <Task(PythonOperator): training_model_C> on 2021-10-14 09:23:35.802497+00:00
[2021-10-14 14:53:41,934] {standard_task_runner.py:52} INFO - Started process 16743 to run task
[2021-10-14 14:53:41,936] {standard_task_runner.py:76} INFO - Running: ['airflow', 'tasks', 'run', 'my_dag', 'training_model_C', 'manual__2021-10-14T09:23:35.802497+00:00', '--job-id', '43', '--raw', '--subdir', 'DAGS_FOLDER/my_dag.py', '--cfg-path', '/tmp/tmpj1tbi1sg', '--error-file', '/tmp/tmpr4xgo072']
[2021-10-14 14:53:41,937] {standard_task_runner.py:77} INFO - Job 43: Subtask training_model_C
[2021-10-14 14:53:41,955] {logging_mixin.py:109} INFO - Running <TaskInstance: my_dag.training_model_C manual__2021-10-14T09:23:35.802497+00:00 [running]> on host user-Latitude-3410
[2021-10-14 14:53:41,974] {taskinstance.py:1414} INFO - Exporting the following env vars:
AIRFLOW_CTX_DAG_EMAIL=airflow@example.com
AIRFLOW_CTX_DAG_OWNER=airflow
AIRFLOW_CTX_DAG_ID=my_dag
AIRFLOW_CTX_TASK_ID=training_model_C
AIRFLOW_CTX_EXECUTION_DATE=2021-10-14T09:23:35.802497+00:00
AIRFLOW_CTX_DAG_RUN_ID=manual__2021-10-14T09:23:35.802497+00:00
[2021-10-14 14:53:41,974] {logging_mixin.py:109} INFO - 10
[2021-10-14 14:53:41,974] {python.py:152} INFO - Done. Returned value was: 7
[2021-10-14 14:53:41,982] {taskinstance.py:1280} INFO - Marking task as SUCCESS. dag_id=my_dag, task_id=training_model_C, execution_date=20211014T092335, start_date=20211014T092341, end_date=20211014T092341
[2021-10-14 14:53:42,028] {local_task_job.py:154} INFO - Task exited with return code 0
[2021-10-14 14:53:42,049] {local_task_job.py:264} INFO - 1 downstream tasks scheduled from follow-on schedule check
