[2021-11-19 10:39:21,444] {processor.py:163} INFO - Started process (PID=9289) to work on /home/user/workspace/airflow/airflow_env/lib/python3.6/site-packages/airflow/example_dags/subdags/subdag.py
[2021-11-19 10:39:21,445] {processor.py:620} INFO - Processing file /home/user/workspace/airflow/airflow_env/lib/python3.6/site-packages/airflow/example_dags/subdags/subdag.py for tasks to queue
[2021-11-19 10:39:21,446] {logging_mixin.py:109} INFO - [2021-11-19 10:39:21,446] {dagbag.py:500} INFO - Filling up the DagBag from /home/user/workspace/airflow/airflow_env/lib/python3.6/site-packages/airflow/example_dags/subdags/subdag.py
[2021-11-19 10:39:21,469] {processor.py:634} WARNING - No viable dags retrieved from /home/user/workspace/airflow/airflow_env/lib/python3.6/site-packages/airflow/example_dags/subdags/subdag.py
[2021-11-19 10:39:21,474] {processor.py:171} INFO - Processing /home/user/workspace/airflow/airflow_env/lib/python3.6/site-packages/airflow/example_dags/subdags/subdag.py took 0.034 seconds
[2021-11-19 10:40:09,229] {processor.py:163} INFO - Started process (PID=10608) to work on /home/user/workspace/airflow/airflow_env/lib/python3.6/site-packages/airflow/example_dags/subdags/subdag.py
[2021-11-19 10:40:09,245] {processor.py:620} INFO - Processing file /home/user/workspace/airflow/airflow_env/lib/python3.6/site-packages/airflow/example_dags/subdags/subdag.py for tasks to queue
[2021-11-19 10:40:09,246] {logging_mixin.py:109} INFO - [2021-11-19 10:40:09,246] {dagbag.py:500} INFO - Filling up the DagBag from /home/user/workspace/airflow/airflow_env/lib/python3.6/site-packages/airflow/example_dags/subdags/subdag.py
[2021-11-19 10:40:09,294] {processor.py:634} WARNING - No viable dags retrieved from /home/user/workspace/airflow/airflow_env/lib/python3.6/site-packages/airflow/example_dags/subdags/subdag.py
[2021-11-19 10:40:09,313] {processor.py:171} INFO - Processing /home/user/workspace/airflow/airflow_env/lib/python3.6/site-packages/airflow/example_dags/subdags/subdag.py took 0.097 seconds
[2021-11-19 10:40:50,534] {processor.py:163} INFO - Started process (PID=11331) to work on /home/user/workspace/airflow/airflow_env/lib/python3.6/site-packages/airflow/example_dags/subdags/subdag.py
[2021-11-19 10:40:50,535] {processor.py:620} INFO - Processing file /home/user/workspace/airflow/airflow_env/lib/python3.6/site-packages/airflow/example_dags/subdags/subdag.py for tasks to queue
[2021-11-19 10:40:50,536] {logging_mixin.py:109} INFO - [2021-11-19 10:40:50,536] {dagbag.py:500} INFO - Filling up the DagBag from /home/user/workspace/airflow/airflow_env/lib/python3.6/site-packages/airflow/example_dags/subdags/subdag.py
[2021-11-19 10:40:50,560] {processor.py:634} WARNING - No viable dags retrieved from /home/user/workspace/airflow/airflow_env/lib/python3.6/site-packages/airflow/example_dags/subdags/subdag.py
[2021-11-19 10:40:50,566] {processor.py:171} INFO - Processing /home/user/workspace/airflow/airflow_env/lib/python3.6/site-packages/airflow/example_dags/subdags/subdag.py took 0.040 seconds
[2021-11-19 10:41:23,987] {processor.py:163} INFO - Started process (PID=12174) to work on /home/user/workspace/airflow/airflow_env/lib/python3.6/site-packages/airflow/example_dags/subdags/subdag.py
[2021-11-19 10:41:23,989] {processor.py:620} INFO - Processing file /home/user/workspace/airflow/airflow_env/lib/python3.6/site-packages/airflow/example_dags/subdags/subdag.py for tasks to queue
[2021-11-19 10:41:23,993] {logging_mixin.py:109} INFO - [2021-11-19 10:41:23,992] {dagbag.py:500} INFO - Filling up the DagBag from /home/user/workspace/airflow/airflow_env/lib/python3.6/site-packages/airflow/example_dags/subdags/subdag.py
[2021-11-19 10:41:24,040] {processor.py:634} WARNING - No viable dags retrieved from /home/user/workspace/airflow/airflow_env/lib/python3.6/site-packages/airflow/example_dags/subdags/subdag.py
[2021-11-19 10:41:24,049] {processor.py:171} INFO - Processing /home/user/workspace/airflow/airflow_env/lib/python3.6/site-packages/airflow/example_dags/subdags/subdag.py took 0.072 seconds
[2021-11-19 10:41:57,009] {processor.py:163} INFO - Started process (PID=13202) to work on /home/user/workspace/airflow/airflow_env/lib/python3.6/site-packages/airflow/example_dags/subdags/subdag.py
[2021-11-19 10:41:57,021] {processor.py:620} INFO - Processing file /home/user/workspace/airflow/airflow_env/lib/python3.6/site-packages/airflow/example_dags/subdags/subdag.py for tasks to queue
[2021-11-19 10:41:57,024] {logging_mixin.py:109} INFO - [2021-11-19 10:41:57,023] {dagbag.py:500} INFO - Filling up the DagBag from /home/user/workspace/airflow/airflow_env/lib/python3.6/site-packages/airflow/example_dags/subdags/subdag.py
[2021-11-19 10:41:57,091] {processor.py:634} WARNING - No viable dags retrieved from /home/user/workspace/airflow/airflow_env/lib/python3.6/site-packages/airflow/example_dags/subdags/subdag.py
[2021-11-19 10:41:57,105] {processor.py:171} INFO - Processing /home/user/workspace/airflow/airflow_env/lib/python3.6/site-packages/airflow/example_dags/subdags/subdag.py took 0.113 seconds
[2021-11-19 10:42:33,050] {processor.py:163} INFO - Started process (PID=13969) to work on /home/user/workspace/airflow/airflow_env/lib/python3.6/site-packages/airflow/example_dags/subdags/subdag.py
[2021-11-19 10:42:33,052] {processor.py:620} INFO - Processing file /home/user/workspace/airflow/airflow_env/lib/python3.6/site-packages/airflow/example_dags/subdags/subdag.py for tasks to queue
[2021-11-19 10:42:33,054] {logging_mixin.py:109} INFO - [2021-11-19 10:42:33,053] {dagbag.py:500} INFO - Filling up the DagBag from /home/user/workspace/airflow/airflow_env/lib/python3.6/site-packages/airflow/example_dags/subdags/subdag.py
[2021-11-19 10:42:33,091] {processor.py:634} WARNING - No viable dags retrieved from /home/user/workspace/airflow/airflow_env/lib/python3.6/site-packages/airflow/example_dags/subdags/subdag.py
[2021-11-19 10:42:33,097] {processor.py:171} INFO - Processing /home/user/workspace/airflow/airflow_env/lib/python3.6/site-packages/airflow/example_dags/subdags/subdag.py took 0.051 seconds
[2021-11-19 10:43:04,379] {processor.py:163} INFO - Started process (PID=14778) to work on /home/user/workspace/airflow/airflow_env/lib/python3.6/site-packages/airflow/example_dags/subdags/subdag.py
[2021-11-19 10:43:04,380] {processor.py:620} INFO - Processing file /home/user/workspace/airflow/airflow_env/lib/python3.6/site-packages/airflow/example_dags/subdags/subdag.py for tasks to queue
[2021-11-19 10:43:04,381] {logging_mixin.py:109} INFO - [2021-11-19 10:43:04,381] {dagbag.py:500} INFO - Filling up the DagBag from /home/user/workspace/airflow/airflow_env/lib/python3.6/site-packages/airflow/example_dags/subdags/subdag.py
[2021-11-19 10:43:04,399] {processor.py:634} WARNING - No viable dags retrieved from /home/user/workspace/airflow/airflow_env/lib/python3.6/site-packages/airflow/example_dags/subdags/subdag.py
[2021-11-19 10:43:04,402] {processor.py:171} INFO - Processing /home/user/workspace/airflow/airflow_env/lib/python3.6/site-packages/airflow/example_dags/subdags/subdag.py took 0.026 seconds
[2021-11-19 10:43:37,023] {processor.py:163} INFO - Started process (PID=15293) to work on /home/user/workspace/airflow/airflow_env/lib/python3.6/site-packages/airflow/example_dags/subdags/subdag.py
[2021-11-19 10:43:37,026] {processor.py:620} INFO - Processing file /home/user/workspace/airflow/airflow_env/lib/python3.6/site-packages/airflow/example_dags/subdags/subdag.py for tasks to queue
[2021-11-19 10:43:37,028] {logging_mixin.py:109} INFO - [2021-11-19 10:43:37,028] {dagbag.py:500} INFO - Filling up the DagBag from /home/user/workspace/airflow/airflow_env/lib/python3.6/site-packages/airflow/example_dags/subdags/subdag.py
[2021-11-19 10:43:37,097] {processor.py:634} WARNING - No viable dags retrieved from /home/user/workspace/airflow/airflow_env/lib/python3.6/site-packages/airflow/example_dags/subdags/subdag.py
[2021-11-19 10:43:37,102] {processor.py:171} INFO - Processing /home/user/workspace/airflow/airflow_env/lib/python3.6/site-packages/airflow/example_dags/subdags/subdag.py took 0.090 seconds
[2021-11-19 10:44:07,641] {processor.py:163} INFO - Started process (PID=15914) to work on /home/user/workspace/airflow/airflow_env/lib/python3.6/site-packages/airflow/example_dags/subdags/subdag.py
[2021-11-19 10:44:07,642] {processor.py:620} INFO - Processing file /home/user/workspace/airflow/airflow_env/lib/python3.6/site-packages/airflow/example_dags/subdags/subdag.py for tasks to queue
[2021-11-19 10:44:07,643] {logging_mixin.py:109} INFO - [2021-11-19 10:44:07,642] {dagbag.py:500} INFO - Filling up the DagBag from /home/user/workspace/airflow/airflow_env/lib/python3.6/site-packages/airflow/example_dags/subdags/subdag.py
[2021-11-19 10:44:07,664] {processor.py:634} WARNING - No viable dags retrieved from /home/user/workspace/airflow/airflow_env/lib/python3.6/site-packages/airflow/example_dags/subdags/subdag.py
[2021-11-19 10:44:07,668] {processor.py:171} INFO - Processing /home/user/workspace/airflow/airflow_env/lib/python3.6/site-packages/airflow/example_dags/subdags/subdag.py took 0.030 seconds
[2021-11-19 10:44:38,578] {processor.py:163} INFO - Started process (PID=16471) to work on /home/user/workspace/airflow/airflow_env/lib/python3.6/site-packages/airflow/example_dags/subdags/subdag.py
[2021-11-19 10:44:38,579] {processor.py:620} INFO - Processing file /home/user/workspace/airflow/airflow_env/lib/python3.6/site-packages/airflow/example_dags/subdags/subdag.py for tasks to queue
[2021-11-19 10:44:38,580] {logging_mixin.py:109} INFO - [2021-11-19 10:44:38,580] {dagbag.py:500} INFO - Filling up the DagBag from /home/user/workspace/airflow/airflow_env/lib/python3.6/site-packages/airflow/example_dags/subdags/subdag.py
[2021-11-19 10:44:38,623] {processor.py:634} WARNING - No viable dags retrieved from /home/user/workspace/airflow/airflow_env/lib/python3.6/site-packages/airflow/example_dags/subdags/subdag.py
[2021-11-19 10:44:38,628] {processor.py:171} INFO - Processing /home/user/workspace/airflow/airflow_env/lib/python3.6/site-packages/airflow/example_dags/subdags/subdag.py took 0.066 seconds
[2021-11-19 10:45:10,388] {processor.py:163} INFO - Started process (PID=17187) to work on /home/user/workspace/airflow/airflow_env/lib/python3.6/site-packages/airflow/example_dags/subdags/subdag.py
[2021-11-19 10:45:10,390] {processor.py:620} INFO - Processing file /home/user/workspace/airflow/airflow_env/lib/python3.6/site-packages/airflow/example_dags/subdags/subdag.py for tasks to queue
[2021-11-19 10:45:10,391] {logging_mixin.py:109} INFO - [2021-11-19 10:45:10,391] {dagbag.py:500} INFO - Filling up the DagBag from /home/user/workspace/airflow/airflow_env/lib/python3.6/site-packages/airflow/example_dags/subdags/subdag.py
[2021-11-19 10:45:10,427] {processor.py:634} WARNING - No viable dags retrieved from /home/user/workspace/airflow/airflow_env/lib/python3.6/site-packages/airflow/example_dags/subdags/subdag.py
[2021-11-19 10:45:10,439] {processor.py:171} INFO - Processing /home/user/workspace/airflow/airflow_env/lib/python3.6/site-packages/airflow/example_dags/subdags/subdag.py took 0.056 seconds
[2021-11-19 10:45:41,472] {processor.py:163} INFO - Started process (PID=17675) to work on /home/user/workspace/airflow/airflow_env/lib/python3.6/site-packages/airflow/example_dags/subdags/subdag.py
[2021-11-19 10:45:41,474] {processor.py:620} INFO - Processing file /home/user/workspace/airflow/airflow_env/lib/python3.6/site-packages/airflow/example_dags/subdags/subdag.py for tasks to queue
[2021-11-19 10:45:41,475] {logging_mixin.py:109} INFO - [2021-11-19 10:45:41,475] {dagbag.py:500} INFO - Filling up the DagBag from /home/user/workspace/airflow/airflow_env/lib/python3.6/site-packages/airflow/example_dags/subdags/subdag.py
[2021-11-19 10:45:41,494] {processor.py:634} WARNING - No viable dags retrieved from /home/user/workspace/airflow/airflow_env/lib/python3.6/site-packages/airflow/example_dags/subdags/subdag.py
[2021-11-19 10:45:41,497] {processor.py:171} INFO - Processing /home/user/workspace/airflow/airflow_env/lib/python3.6/site-packages/airflow/example_dags/subdags/subdag.py took 0.030 seconds
[2021-11-19 10:46:13,231] {processor.py:163} INFO - Started process (PID=18153) to work on /home/user/workspace/airflow/airflow_env/lib/python3.6/site-packages/airflow/example_dags/subdags/subdag.py
[2021-11-19 10:46:13,232] {processor.py:620} INFO - Processing file /home/user/workspace/airflow/airflow_env/lib/python3.6/site-packages/airflow/example_dags/subdags/subdag.py for tasks to queue
[2021-11-19 10:46:13,233] {logging_mixin.py:109} INFO - [2021-11-19 10:46:13,233] {dagbag.py:500} INFO - Filling up the DagBag from /home/user/workspace/airflow/airflow_env/lib/python3.6/site-packages/airflow/example_dags/subdags/subdag.py
[2021-11-19 10:46:13,254] {processor.py:634} WARNING - No viable dags retrieved from /home/user/workspace/airflow/airflow_env/lib/python3.6/site-packages/airflow/example_dags/subdags/subdag.py
[2021-11-19 10:46:13,259] {processor.py:171} INFO - Processing /home/user/workspace/airflow/airflow_env/lib/python3.6/site-packages/airflow/example_dags/subdags/subdag.py took 0.031 seconds
[2021-11-19 10:46:44,421] {processor.py:163} INFO - Started process (PID=18716) to work on /home/user/workspace/airflow/airflow_env/lib/python3.6/site-packages/airflow/example_dags/subdags/subdag.py
[2021-11-19 10:46:44,422] {processor.py:620} INFO - Processing file /home/user/workspace/airflow/airflow_env/lib/python3.6/site-packages/airflow/example_dags/subdags/subdag.py for tasks to queue
[2021-11-19 10:46:44,423] {logging_mixin.py:109} INFO - [2021-11-19 10:46:44,423] {dagbag.py:500} INFO - Filling up the DagBag from /home/user/workspace/airflow/airflow_env/lib/python3.6/site-packages/airflow/example_dags/subdags/subdag.py
[2021-11-19 10:46:44,446] {processor.py:634} WARNING - No viable dags retrieved from /home/user/workspace/airflow/airflow_env/lib/python3.6/site-packages/airflow/example_dags/subdags/subdag.py
[2021-11-19 10:46:44,451] {processor.py:171} INFO - Processing /home/user/workspace/airflow/airflow_env/lib/python3.6/site-packages/airflow/example_dags/subdags/subdag.py took 0.034 seconds
[2021-11-19 10:47:16,590] {processor.py:163} INFO - Started process (PID=19660) to work on /home/user/workspace/airflow/airflow_env/lib/python3.6/site-packages/airflow/example_dags/subdags/subdag.py
[2021-11-19 10:47:16,592] {processor.py:620} INFO - Processing file /home/user/workspace/airflow/airflow_env/lib/python3.6/site-packages/airflow/example_dags/subdags/subdag.py for tasks to queue
[2021-11-19 10:47:16,592] {logging_mixin.py:109} INFO - [2021-11-19 10:47:16,592] {dagbag.py:500} INFO - Filling up the DagBag from /home/user/workspace/airflow/airflow_env/lib/python3.6/site-packages/airflow/example_dags/subdags/subdag.py
[2021-11-19 10:47:16,615] {processor.py:634} WARNING - No viable dags retrieved from /home/user/workspace/airflow/airflow_env/lib/python3.6/site-packages/airflow/example_dags/subdags/subdag.py
[2021-11-19 10:47:16,620] {processor.py:171} INFO - Processing /home/user/workspace/airflow/airflow_env/lib/python3.6/site-packages/airflow/example_dags/subdags/subdag.py took 0.033 seconds
[2021-11-19 10:47:47,884] {processor.py:163} INFO - Started process (PID=20447) to work on /home/user/workspace/airflow/airflow_env/lib/python3.6/site-packages/airflow/example_dags/subdags/subdag.py
[2021-11-19 10:47:47,886] {processor.py:620} INFO - Processing file /home/user/workspace/airflow/airflow_env/lib/python3.6/site-packages/airflow/example_dags/subdags/subdag.py for tasks to queue
[2021-11-19 10:47:47,887] {logging_mixin.py:109} INFO - [2021-11-19 10:47:47,887] {dagbag.py:500} INFO - Filling up the DagBag from /home/user/workspace/airflow/airflow_env/lib/python3.6/site-packages/airflow/example_dags/subdags/subdag.py
[2021-11-19 10:47:47,917] {processor.py:634} WARNING - No viable dags retrieved from /home/user/workspace/airflow/airflow_env/lib/python3.6/site-packages/airflow/example_dags/subdags/subdag.py
[2021-11-19 10:47:47,921] {processor.py:171} INFO - Processing /home/user/workspace/airflow/airflow_env/lib/python3.6/site-packages/airflow/example_dags/subdags/subdag.py took 0.041 seconds
[2021-11-19 10:48:20,697] {processor.py:163} INFO - Started process (PID=21476) to work on /home/user/workspace/airflow/airflow_env/lib/python3.6/site-packages/airflow/example_dags/subdags/subdag.py
[2021-11-19 10:48:20,698] {processor.py:620} INFO - Processing file /home/user/workspace/airflow/airflow_env/lib/python3.6/site-packages/airflow/example_dags/subdags/subdag.py for tasks to queue
[2021-11-19 10:48:20,699] {logging_mixin.py:109} INFO - [2021-11-19 10:48:20,698] {dagbag.py:500} INFO - Filling up the DagBag from /home/user/workspace/airflow/airflow_env/lib/python3.6/site-packages/airflow/example_dags/subdags/subdag.py
[2021-11-19 10:48:20,729] {processor.py:634} WARNING - No viable dags retrieved from /home/user/workspace/airflow/airflow_env/lib/python3.6/site-packages/airflow/example_dags/subdags/subdag.py
[2021-11-19 10:48:20,733] {processor.py:171} INFO - Processing /home/user/workspace/airflow/airflow_env/lib/python3.6/site-packages/airflow/example_dags/subdags/subdag.py took 0.040 seconds
[2021-11-19 10:48:53,148] {processor.py:163} INFO - Started process (PID=21995) to work on /home/user/workspace/airflow/airflow_env/lib/python3.6/site-packages/airflow/example_dags/subdags/subdag.py
[2021-11-19 10:48:53,149] {processor.py:620} INFO - Processing file /home/user/workspace/airflow/airflow_env/lib/python3.6/site-packages/airflow/example_dags/subdags/subdag.py for tasks to queue
[2021-11-19 10:48:53,150] {logging_mixin.py:109} INFO - [2021-11-19 10:48:53,150] {dagbag.py:500} INFO - Filling up the DagBag from /home/user/workspace/airflow/airflow_env/lib/python3.6/site-packages/airflow/example_dags/subdags/subdag.py
[2021-11-19 10:48:53,172] {processor.py:634} WARNING - No viable dags retrieved from /home/user/workspace/airflow/airflow_env/lib/python3.6/site-packages/airflow/example_dags/subdags/subdag.py
[2021-11-19 10:48:53,175] {processor.py:171} INFO - Processing /home/user/workspace/airflow/airflow_env/lib/python3.6/site-packages/airflow/example_dags/subdags/subdag.py took 0.031 seconds
[2021-11-19 10:49:25,465] {processor.py:163} INFO - Started process (PID=22592) to work on /home/user/workspace/airflow/airflow_env/lib/python3.6/site-packages/airflow/example_dags/subdags/subdag.py
[2021-11-19 10:49:25,467] {processor.py:620} INFO - Processing file /home/user/workspace/airflow/airflow_env/lib/python3.6/site-packages/airflow/example_dags/subdags/subdag.py for tasks to queue
[2021-11-19 10:49:25,468] {logging_mixin.py:109} INFO - [2021-11-19 10:49:25,468] {dagbag.py:500} INFO - Filling up the DagBag from /home/user/workspace/airflow/airflow_env/lib/python3.6/site-packages/airflow/example_dags/subdags/subdag.py
[2021-11-19 10:49:25,494] {processor.py:634} WARNING - No viable dags retrieved from /home/user/workspace/airflow/airflow_env/lib/python3.6/site-packages/airflow/example_dags/subdags/subdag.py
[2021-11-19 10:49:25,499] {processor.py:171} INFO - Processing /home/user/workspace/airflow/airflow_env/lib/python3.6/site-packages/airflow/example_dags/subdags/subdag.py took 0.039 seconds
[2021-11-19 10:49:58,297] {processor.py:163} INFO - Started process (PID=23106) to work on /home/user/workspace/airflow/airflow_env/lib/python3.6/site-packages/airflow/example_dags/subdags/subdag.py
[2021-11-19 10:49:58,299] {processor.py:620} INFO - Processing file /home/user/workspace/airflow/airflow_env/lib/python3.6/site-packages/airflow/example_dags/subdags/subdag.py for tasks to queue
[2021-11-19 10:49:58,300] {logging_mixin.py:109} INFO - [2021-11-19 10:49:58,300] {dagbag.py:500} INFO - Filling up the DagBag from /home/user/workspace/airflow/airflow_env/lib/python3.6/site-packages/airflow/example_dags/subdags/subdag.py
[2021-11-19 10:49:58,335] {processor.py:634} WARNING - No viable dags retrieved from /home/user/workspace/airflow/airflow_env/lib/python3.6/site-packages/airflow/example_dags/subdags/subdag.py
[2021-11-19 10:49:58,342] {processor.py:171} INFO - Processing /home/user/workspace/airflow/airflow_env/lib/python3.6/site-packages/airflow/example_dags/subdags/subdag.py took 0.050 seconds
[2021-11-19 10:50:29,238] {processor.py:163} INFO - Started process (PID=23732) to work on /home/user/workspace/airflow/airflow_env/lib/python3.6/site-packages/airflow/example_dags/subdags/subdag.py
[2021-11-19 10:50:29,239] {processor.py:620} INFO - Processing file /home/user/workspace/airflow/airflow_env/lib/python3.6/site-packages/airflow/example_dags/subdags/subdag.py for tasks to queue
[2021-11-19 10:50:29,240] {logging_mixin.py:109} INFO - [2021-11-19 10:50:29,240] {dagbag.py:500} INFO - Filling up the DagBag from /home/user/workspace/airflow/airflow_env/lib/python3.6/site-packages/airflow/example_dags/subdags/subdag.py
[2021-11-19 10:50:29,261] {processor.py:634} WARNING - No viable dags retrieved from /home/user/workspace/airflow/airflow_env/lib/python3.6/site-packages/airflow/example_dags/subdags/subdag.py
[2021-11-19 10:50:29,267] {processor.py:171} INFO - Processing /home/user/workspace/airflow/airflow_env/lib/python3.6/site-packages/airflow/example_dags/subdags/subdag.py took 0.036 seconds
[2021-11-19 10:51:09,768] {processor.py:163} INFO - Started process (PID=24453) to work on /home/user/workspace/airflow/airflow_env/lib/python3.6/site-packages/airflow/example_dags/subdags/subdag.py
[2021-11-19 10:51:09,769] {processor.py:620} INFO - Processing file /home/user/workspace/airflow/airflow_env/lib/python3.6/site-packages/airflow/example_dags/subdags/subdag.py for tasks to queue
[2021-11-19 10:51:09,770] {logging_mixin.py:109} INFO - [2021-11-19 10:51:09,770] {dagbag.py:500} INFO - Filling up the DagBag from /home/user/workspace/airflow/airflow_env/lib/python3.6/site-packages/airflow/example_dags/subdags/subdag.py
[2021-11-19 10:51:09,795] {processor.py:634} WARNING - No viable dags retrieved from /home/user/workspace/airflow/airflow_env/lib/python3.6/site-packages/airflow/example_dags/subdags/subdag.py
[2021-11-19 10:51:09,798] {processor.py:171} INFO - Processing /home/user/workspace/airflow/airflow_env/lib/python3.6/site-packages/airflow/example_dags/subdags/subdag.py took 0.034 seconds
[2021-11-19 10:51:42,836] {processor.py:163} INFO - Started process (PID=25140) to work on /home/user/workspace/airflow/airflow_env/lib/python3.6/site-packages/airflow/example_dags/subdags/subdag.py
[2021-11-19 10:51:42,837] {processor.py:620} INFO - Processing file /home/user/workspace/airflow/airflow_env/lib/python3.6/site-packages/airflow/example_dags/subdags/subdag.py for tasks to queue
[2021-11-19 10:51:42,837] {logging_mixin.py:109} INFO - [2021-11-19 10:51:42,837] {dagbag.py:500} INFO - Filling up the DagBag from /home/user/workspace/airflow/airflow_env/lib/python3.6/site-packages/airflow/example_dags/subdags/subdag.py
[2021-11-19 10:51:42,860] {processor.py:634} WARNING - No viable dags retrieved from /home/user/workspace/airflow/airflow_env/lib/python3.6/site-packages/airflow/example_dags/subdags/subdag.py
[2021-11-19 10:51:42,865] {processor.py:171} INFO - Processing /home/user/workspace/airflow/airflow_env/lib/python3.6/site-packages/airflow/example_dags/subdags/subdag.py took 0.032 seconds
[2021-11-19 10:52:14,490] {processor.py:163} INFO - Started process (PID=25785) to work on /home/user/workspace/airflow/airflow_env/lib/python3.6/site-packages/airflow/example_dags/subdags/subdag.py
[2021-11-19 10:52:14,492] {processor.py:620} INFO - Processing file /home/user/workspace/airflow/airflow_env/lib/python3.6/site-packages/airflow/example_dags/subdags/subdag.py for tasks to queue
[2021-11-19 10:52:14,492] {logging_mixin.py:109} INFO - [2021-11-19 10:52:14,492] {dagbag.py:500} INFO - Filling up the DagBag from /home/user/workspace/airflow/airflow_env/lib/python3.6/site-packages/airflow/example_dags/subdags/subdag.py
[2021-11-19 10:52:14,514] {processor.py:634} WARNING - No viable dags retrieved from /home/user/workspace/airflow/airflow_env/lib/python3.6/site-packages/airflow/example_dags/subdags/subdag.py
[2021-11-19 10:52:14,519] {processor.py:171} INFO - Processing /home/user/workspace/airflow/airflow_env/lib/python3.6/site-packages/airflow/example_dags/subdags/subdag.py took 0.033 seconds
[2021-11-19 10:52:45,592] {processor.py:163} INFO - Started process (PID=26410) to work on /home/user/workspace/airflow/airflow_env/lib/python3.6/site-packages/airflow/example_dags/subdags/subdag.py
[2021-11-19 10:52:45,593] {processor.py:620} INFO - Processing file /home/user/workspace/airflow/airflow_env/lib/python3.6/site-packages/airflow/example_dags/subdags/subdag.py for tasks to queue
[2021-11-19 10:52:45,594] {logging_mixin.py:109} INFO - [2021-11-19 10:52:45,594] {dagbag.py:500} INFO - Filling up the DagBag from /home/user/workspace/airflow/airflow_env/lib/python3.6/site-packages/airflow/example_dags/subdags/subdag.py
[2021-11-19 10:52:45,617] {processor.py:634} WARNING - No viable dags retrieved from /home/user/workspace/airflow/airflow_env/lib/python3.6/site-packages/airflow/example_dags/subdags/subdag.py
[2021-11-19 10:52:45,624] {processor.py:171} INFO - Processing /home/user/workspace/airflow/airflow_env/lib/python3.6/site-packages/airflow/example_dags/subdags/subdag.py took 0.035 seconds
[2021-11-19 10:53:18,089] {processor.py:163} INFO - Started process (PID=27047) to work on /home/user/workspace/airflow/airflow_env/lib/python3.6/site-packages/airflow/example_dags/subdags/subdag.py
[2021-11-19 10:53:18,090] {processor.py:620} INFO - Processing file /home/user/workspace/airflow/airflow_env/lib/python3.6/site-packages/airflow/example_dags/subdags/subdag.py for tasks to queue
[2021-11-19 10:53:18,090] {logging_mixin.py:109} INFO - [2021-11-19 10:53:18,090] {dagbag.py:500} INFO - Filling up the DagBag from /home/user/workspace/airflow/airflow_env/lib/python3.6/site-packages/airflow/example_dags/subdags/subdag.py
[2021-11-19 10:53:18,108] {processor.py:634} WARNING - No viable dags retrieved from /home/user/workspace/airflow/airflow_env/lib/python3.6/site-packages/airflow/example_dags/subdags/subdag.py
[2021-11-19 10:53:18,114] {processor.py:171} INFO - Processing /home/user/workspace/airflow/airflow_env/lib/python3.6/site-packages/airflow/example_dags/subdags/subdag.py took 0.028 seconds
[2021-11-19 10:53:50,677] {processor.py:163} INFO - Started process (PID=27669) to work on /home/user/workspace/airflow/airflow_env/lib/python3.6/site-packages/airflow/example_dags/subdags/subdag.py
[2021-11-19 10:53:50,678] {processor.py:620} INFO - Processing file /home/user/workspace/airflow/airflow_env/lib/python3.6/site-packages/airflow/example_dags/subdags/subdag.py for tasks to queue
[2021-11-19 10:53:50,679] {logging_mixin.py:109} INFO - [2021-11-19 10:53:50,679] {dagbag.py:500} INFO - Filling up the DagBag from /home/user/workspace/airflow/airflow_env/lib/python3.6/site-packages/airflow/example_dags/subdags/subdag.py
[2021-11-19 10:53:50,701] {processor.py:634} WARNING - No viable dags retrieved from /home/user/workspace/airflow/airflow_env/lib/python3.6/site-packages/airflow/example_dags/subdags/subdag.py
[2021-11-19 10:53:50,707] {processor.py:171} INFO - Processing /home/user/workspace/airflow/airflow_env/lib/python3.6/site-packages/airflow/example_dags/subdags/subdag.py took 0.034 seconds
[2021-11-19 10:54:22,659] {processor.py:163} INFO - Started process (PID=28342) to work on /home/user/workspace/airflow/airflow_env/lib/python3.6/site-packages/airflow/example_dags/subdags/subdag.py
[2021-11-19 10:54:22,661] {processor.py:620} INFO - Processing file /home/user/workspace/airflow/airflow_env/lib/python3.6/site-packages/airflow/example_dags/subdags/subdag.py for tasks to queue
[2021-11-19 10:54:22,662] {logging_mixin.py:109} INFO - [2021-11-19 10:54:22,662] {dagbag.py:500} INFO - Filling up the DagBag from /home/user/workspace/airflow/airflow_env/lib/python3.6/site-packages/airflow/example_dags/subdags/subdag.py
[2021-11-19 10:54:22,683] {processor.py:634} WARNING - No viable dags retrieved from /home/user/workspace/airflow/airflow_env/lib/python3.6/site-packages/airflow/example_dags/subdags/subdag.py
[2021-11-19 10:54:22,686] {processor.py:171} INFO - Processing /home/user/workspace/airflow/airflow_env/lib/python3.6/site-packages/airflow/example_dags/subdags/subdag.py took 0.032 seconds
[2021-11-19 10:54:53,779] {processor.py:163} INFO - Started process (PID=28952) to work on /home/user/workspace/airflow/airflow_env/lib/python3.6/site-packages/airflow/example_dags/subdags/subdag.py
[2021-11-19 10:54:53,780] {processor.py:620} INFO - Processing file /home/user/workspace/airflow/airflow_env/lib/python3.6/site-packages/airflow/example_dags/subdags/subdag.py for tasks to queue
[2021-11-19 10:54:53,781] {logging_mixin.py:109} INFO - [2021-11-19 10:54:53,780] {dagbag.py:500} INFO - Filling up the DagBag from /home/user/workspace/airflow/airflow_env/lib/python3.6/site-packages/airflow/example_dags/subdags/subdag.py
[2021-11-19 10:54:53,800] {processor.py:634} WARNING - No viable dags retrieved from /home/user/workspace/airflow/airflow_env/lib/python3.6/site-packages/airflow/example_dags/subdags/subdag.py
[2021-11-19 10:54:53,805] {processor.py:171} INFO - Processing /home/user/workspace/airflow/airflow_env/lib/python3.6/site-packages/airflow/example_dags/subdags/subdag.py took 0.030 seconds
[2021-11-19 10:55:25,373] {processor.py:163} INFO - Started process (PID=29576) to work on /home/user/workspace/airflow/airflow_env/lib/python3.6/site-packages/airflow/example_dags/subdags/subdag.py
[2021-11-19 10:55:25,375] {processor.py:620} INFO - Processing file /home/user/workspace/airflow/airflow_env/lib/python3.6/site-packages/airflow/example_dags/subdags/subdag.py for tasks to queue
[2021-11-19 10:55:25,376] {logging_mixin.py:109} INFO - [2021-11-19 10:55:25,376] {dagbag.py:500} INFO - Filling up the DagBag from /home/user/workspace/airflow/airflow_env/lib/python3.6/site-packages/airflow/example_dags/subdags/subdag.py
[2021-11-19 10:55:25,397] {processor.py:634} WARNING - No viable dags retrieved from /home/user/workspace/airflow/airflow_env/lib/python3.6/site-packages/airflow/example_dags/subdags/subdag.py
[2021-11-19 10:55:25,401] {processor.py:171} INFO - Processing /home/user/workspace/airflow/airflow_env/lib/python3.6/site-packages/airflow/example_dags/subdags/subdag.py took 0.033 seconds
[2021-11-19 10:55:57,054] {processor.py:163} INFO - Started process (PID=30230) to work on /home/user/workspace/airflow/airflow_env/lib/python3.6/site-packages/airflow/example_dags/subdags/subdag.py
[2021-11-19 10:55:57,055] {processor.py:620} INFO - Processing file /home/user/workspace/airflow/airflow_env/lib/python3.6/site-packages/airflow/example_dags/subdags/subdag.py for tasks to queue
[2021-11-19 10:55:57,056] {logging_mixin.py:109} INFO - [2021-11-19 10:55:57,056] {dagbag.py:500} INFO - Filling up the DagBag from /home/user/workspace/airflow/airflow_env/lib/python3.6/site-packages/airflow/example_dags/subdags/subdag.py
[2021-11-19 10:55:57,080] {processor.py:634} WARNING - No viable dags retrieved from /home/user/workspace/airflow/airflow_env/lib/python3.6/site-packages/airflow/example_dags/subdags/subdag.py
[2021-11-19 10:55:57,084] {processor.py:171} INFO - Processing /home/user/workspace/airflow/airflow_env/lib/python3.6/site-packages/airflow/example_dags/subdags/subdag.py took 0.033 seconds
[2021-11-19 10:56:29,766] {processor.py:163} INFO - Started process (PID=30885) to work on /home/user/workspace/airflow/airflow_env/lib/python3.6/site-packages/airflow/example_dags/subdags/subdag.py
[2021-11-19 10:56:29,768] {processor.py:620} INFO - Processing file /home/user/workspace/airflow/airflow_env/lib/python3.6/site-packages/airflow/example_dags/subdags/subdag.py for tasks to queue
[2021-11-19 10:56:29,769] {logging_mixin.py:109} INFO - [2021-11-19 10:56:29,769] {dagbag.py:500} INFO - Filling up the DagBag from /home/user/workspace/airflow/airflow_env/lib/python3.6/site-packages/airflow/example_dags/subdags/subdag.py
[2021-11-19 10:56:29,793] {processor.py:634} WARNING - No viable dags retrieved from /home/user/workspace/airflow/airflow_env/lib/python3.6/site-packages/airflow/example_dags/subdags/subdag.py
[2021-11-19 10:56:29,797] {processor.py:171} INFO - Processing /home/user/workspace/airflow/airflow_env/lib/python3.6/site-packages/airflow/example_dags/subdags/subdag.py took 0.035 seconds
[2021-11-19 10:57:03,355] {processor.py:163} INFO - Started process (PID=31582) to work on /home/user/workspace/airflow/airflow_env/lib/python3.6/site-packages/airflow/example_dags/subdags/subdag.py
[2021-11-19 10:57:03,357] {processor.py:620} INFO - Processing file /home/user/workspace/airflow/airflow_env/lib/python3.6/site-packages/airflow/example_dags/subdags/subdag.py for tasks to queue
[2021-11-19 10:57:03,359] {logging_mixin.py:109} INFO - [2021-11-19 10:57:03,358] {dagbag.py:500} INFO - Filling up the DagBag from /home/user/workspace/airflow/airflow_env/lib/python3.6/site-packages/airflow/example_dags/subdags/subdag.py
[2021-11-19 10:57:03,389] {processor.py:634} WARNING - No viable dags retrieved from /home/user/workspace/airflow/airflow_env/lib/python3.6/site-packages/airflow/example_dags/subdags/subdag.py
[2021-11-19 10:57:03,395] {processor.py:171} INFO - Processing /home/user/workspace/airflow/airflow_env/lib/python3.6/site-packages/airflow/example_dags/subdags/subdag.py took 0.045 seconds
[2021-11-19 10:57:35,541] {processor.py:163} INFO - Started process (PID=32498) to work on /home/user/workspace/airflow/airflow_env/lib/python3.6/site-packages/airflow/example_dags/subdags/subdag.py
[2021-11-19 10:57:35,542] {processor.py:620} INFO - Processing file /home/user/workspace/airflow/airflow_env/lib/python3.6/site-packages/airflow/example_dags/subdags/subdag.py for tasks to queue
[2021-11-19 10:57:35,543] {logging_mixin.py:109} INFO - [2021-11-19 10:57:35,543] {dagbag.py:500} INFO - Filling up the DagBag from /home/user/workspace/airflow/airflow_env/lib/python3.6/site-packages/airflow/example_dags/subdags/subdag.py
[2021-11-19 10:57:35,565] {processor.py:634} WARNING - No viable dags retrieved from /home/user/workspace/airflow/airflow_env/lib/python3.6/site-packages/airflow/example_dags/subdags/subdag.py
[2021-11-19 10:57:35,568] {processor.py:171} INFO - Processing /home/user/workspace/airflow/airflow_env/lib/python3.6/site-packages/airflow/example_dags/subdags/subdag.py took 0.030 seconds
[2021-11-19 10:58:07,603] {processor.py:163} INFO - Started process (PID=605) to work on /home/user/workspace/airflow/airflow_env/lib/python3.6/site-packages/airflow/example_dags/subdags/subdag.py
[2021-11-19 10:58:07,604] {processor.py:620} INFO - Processing file /home/user/workspace/airflow/airflow_env/lib/python3.6/site-packages/airflow/example_dags/subdags/subdag.py for tasks to queue
[2021-11-19 10:58:07,605] {logging_mixin.py:109} INFO - [2021-11-19 10:58:07,605] {dagbag.py:500} INFO - Filling up the DagBag from /home/user/workspace/airflow/airflow_env/lib/python3.6/site-packages/airflow/example_dags/subdags/subdag.py
[2021-11-19 10:58:07,627] {processor.py:634} WARNING - No viable dags retrieved from /home/user/workspace/airflow/airflow_env/lib/python3.6/site-packages/airflow/example_dags/subdags/subdag.py
[2021-11-19 10:58:07,630] {processor.py:171} INFO - Processing /home/user/workspace/airflow/airflow_env/lib/python3.6/site-packages/airflow/example_dags/subdags/subdag.py took 0.031 seconds
[2021-11-19 11:00:17,684] {processor.py:163} INFO - Started process (PID=1706) to work on /home/user/workspace/airflow/airflow_env/lib/python3.6/site-packages/airflow/example_dags/subdags/subdag.py
[2021-11-19 11:00:17,685] {processor.py:620} INFO - Processing file /home/user/workspace/airflow/airflow_env/lib/python3.6/site-packages/airflow/example_dags/subdags/subdag.py for tasks to queue
[2021-11-19 11:00:17,685] {logging_mixin.py:109} INFO - [2021-11-19 11:00:17,685] {dagbag.py:500} INFO - Filling up the DagBag from /home/user/workspace/airflow/airflow_env/lib/python3.6/site-packages/airflow/example_dags/subdags/subdag.py
[2021-11-19 11:00:17,705] {processor.py:634} WARNING - No viable dags retrieved from /home/user/workspace/airflow/airflow_env/lib/python3.6/site-packages/airflow/example_dags/subdags/subdag.py
[2021-11-19 11:00:17,709] {processor.py:171} INFO - Processing /home/user/workspace/airflow/airflow_env/lib/python3.6/site-packages/airflow/example_dags/subdags/subdag.py took 0.028 seconds
[2021-11-19 11:00:50,403] {processor.py:163} INFO - Started process (PID=2914) to work on /home/user/workspace/airflow/airflow_env/lib/python3.6/site-packages/airflow/example_dags/subdags/subdag.py
[2021-11-19 11:00:50,404] {processor.py:620} INFO - Processing file /home/user/workspace/airflow/airflow_env/lib/python3.6/site-packages/airflow/example_dags/subdags/subdag.py for tasks to queue
[2021-11-19 11:00:50,404] {logging_mixin.py:109} INFO - [2021-11-19 11:00:50,404] {dagbag.py:500} INFO - Filling up the DagBag from /home/user/workspace/airflow/airflow_env/lib/python3.6/site-packages/airflow/example_dags/subdags/subdag.py
[2021-11-19 11:00:50,426] {processor.py:634} WARNING - No viable dags retrieved from /home/user/workspace/airflow/airflow_env/lib/python3.6/site-packages/airflow/example_dags/subdags/subdag.py
[2021-11-19 11:00:50,429] {processor.py:171} INFO - Processing /home/user/workspace/airflow/airflow_env/lib/python3.6/site-packages/airflow/example_dags/subdags/subdag.py took 0.030 seconds
[2021-11-19 11:01:26,489] {processor.py:163} INFO - Started process (PID=4168) to work on /home/user/workspace/airflow/airflow_env/lib/python3.6/site-packages/airflow/example_dags/subdags/subdag.py
[2021-11-19 11:01:26,492] {processor.py:620} INFO - Processing file /home/user/workspace/airflow/airflow_env/lib/python3.6/site-packages/airflow/example_dags/subdags/subdag.py for tasks to queue
[2021-11-19 11:01:26,497] {logging_mixin.py:109} INFO - [2021-11-19 11:01:26,496] {dagbag.py:500} INFO - Filling up the DagBag from /home/user/workspace/airflow/airflow_env/lib/python3.6/site-packages/airflow/example_dags/subdags/subdag.py
[2021-11-19 11:01:26,539] {processor.py:634} WARNING - No viable dags retrieved from /home/user/workspace/airflow/airflow_env/lib/python3.6/site-packages/airflow/example_dags/subdags/subdag.py
[2021-11-19 11:01:26,544] {processor.py:171} INFO - Processing /home/user/workspace/airflow/airflow_env/lib/python3.6/site-packages/airflow/example_dags/subdags/subdag.py took 0.062 seconds
[2021-11-19 11:01:59,092] {processor.py:163} INFO - Started process (PID=4721) to work on /home/user/workspace/airflow/airflow_env/lib/python3.6/site-packages/airflow/example_dags/subdags/subdag.py
[2021-11-19 11:01:59,093] {processor.py:620} INFO - Processing file /home/user/workspace/airflow/airflow_env/lib/python3.6/site-packages/airflow/example_dags/subdags/subdag.py for tasks to queue
[2021-11-19 11:01:59,094] {logging_mixin.py:109} INFO - [2021-11-19 11:01:59,094] {dagbag.py:500} INFO - Filling up the DagBag from /home/user/workspace/airflow/airflow_env/lib/python3.6/site-packages/airflow/example_dags/subdags/subdag.py
[2021-11-19 11:01:59,130] {processor.py:634} WARNING - No viable dags retrieved from /home/user/workspace/airflow/airflow_env/lib/python3.6/site-packages/airflow/example_dags/subdags/subdag.py
[2021-11-19 11:01:59,134] {processor.py:171} INFO - Processing /home/user/workspace/airflow/airflow_env/lib/python3.6/site-packages/airflow/example_dags/subdags/subdag.py took 0.046 seconds
[2021-11-19 11:02:34,012] {processor.py:163} INFO - Started process (PID=5512) to work on /home/user/workspace/airflow/airflow_env/lib/python3.6/site-packages/airflow/example_dags/subdags/subdag.py
[2021-11-19 11:02:34,020] {processor.py:620} INFO - Processing file /home/user/workspace/airflow/airflow_env/lib/python3.6/site-packages/airflow/example_dags/subdags/subdag.py for tasks to queue
[2021-11-19 11:02:34,021] {logging_mixin.py:109} INFO - [2021-11-19 11:02:34,021] {dagbag.py:500} INFO - Filling up the DagBag from /home/user/workspace/airflow/airflow_env/lib/python3.6/site-packages/airflow/example_dags/subdags/subdag.py
[2021-11-19 11:02:34,128] {processor.py:634} WARNING - No viable dags retrieved from /home/user/workspace/airflow/airflow_env/lib/python3.6/site-packages/airflow/example_dags/subdags/subdag.py
[2021-11-19 11:02:34,140] {processor.py:171} INFO - Processing /home/user/workspace/airflow/airflow_env/lib/python3.6/site-packages/airflow/example_dags/subdags/subdag.py took 0.134 seconds
[2021-11-19 11:03:06,144] {processor.py:163} INFO - Started process (PID=6242) to work on /home/user/workspace/airflow/airflow_env/lib/python3.6/site-packages/airflow/example_dags/subdags/subdag.py
[2021-11-19 11:03:06,145] {processor.py:620} INFO - Processing file /home/user/workspace/airflow/airflow_env/lib/python3.6/site-packages/airflow/example_dags/subdags/subdag.py for tasks to queue
[2021-11-19 11:03:06,146] {logging_mixin.py:109} INFO - [2021-11-19 11:03:06,146] {dagbag.py:500} INFO - Filling up the DagBag from /home/user/workspace/airflow/airflow_env/lib/python3.6/site-packages/airflow/example_dags/subdags/subdag.py
[2021-11-19 11:03:06,166] {processor.py:634} WARNING - No viable dags retrieved from /home/user/workspace/airflow/airflow_env/lib/python3.6/site-packages/airflow/example_dags/subdags/subdag.py
[2021-11-19 11:03:06,170] {processor.py:171} INFO - Processing /home/user/workspace/airflow/airflow_env/lib/python3.6/site-packages/airflow/example_dags/subdags/subdag.py took 0.028 seconds
[2021-11-19 11:03:37,575] {processor.py:163} INFO - Started process (PID=6940) to work on /home/user/workspace/airflow/airflow_env/lib/python3.6/site-packages/airflow/example_dags/subdags/subdag.py
[2021-11-19 11:03:37,576] {processor.py:620} INFO - Processing file /home/user/workspace/airflow/airflow_env/lib/python3.6/site-packages/airflow/example_dags/subdags/subdag.py for tasks to queue
[2021-11-19 11:03:37,577] {logging_mixin.py:109} INFO - [2021-11-19 11:03:37,577] {dagbag.py:500} INFO - Filling up the DagBag from /home/user/workspace/airflow/airflow_env/lib/python3.6/site-packages/airflow/example_dags/subdags/subdag.py
[2021-11-19 11:03:37,595] {processor.py:634} WARNING - No viable dags retrieved from /home/user/workspace/airflow/airflow_env/lib/python3.6/site-packages/airflow/example_dags/subdags/subdag.py
[2021-11-19 11:03:37,598] {processor.py:171} INFO - Processing /home/user/workspace/airflow/airflow_env/lib/python3.6/site-packages/airflow/example_dags/subdags/subdag.py took 0.026 seconds
[2021-11-19 11:04:09,526] {processor.py:163} INFO - Started process (PID=7669) to work on /home/user/workspace/airflow/airflow_env/lib/python3.6/site-packages/airflow/example_dags/subdags/subdag.py
[2021-11-19 11:04:09,527] {processor.py:620} INFO - Processing file /home/user/workspace/airflow/airflow_env/lib/python3.6/site-packages/airflow/example_dags/subdags/subdag.py for tasks to queue
[2021-11-19 11:04:09,528] {logging_mixin.py:109} INFO - [2021-11-19 11:04:09,528] {dagbag.py:500} INFO - Filling up the DagBag from /home/user/workspace/airflow/airflow_env/lib/python3.6/site-packages/airflow/example_dags/subdags/subdag.py
[2021-11-19 11:04:09,561] {processor.py:634} WARNING - No viable dags retrieved from /home/user/workspace/airflow/airflow_env/lib/python3.6/site-packages/airflow/example_dags/subdags/subdag.py
[2021-11-19 11:04:09,569] {processor.py:171} INFO - Processing /home/user/workspace/airflow/airflow_env/lib/python3.6/site-packages/airflow/example_dags/subdags/subdag.py took 0.050 seconds
[2021-11-19 11:04:42,579] {processor.py:163} INFO - Started process (PID=8233) to work on /home/user/workspace/airflow/airflow_env/lib/python3.6/site-packages/airflow/example_dags/subdags/subdag.py
[2021-11-19 11:04:42,580] {processor.py:620} INFO - Processing file /home/user/workspace/airflow/airflow_env/lib/python3.6/site-packages/airflow/example_dags/subdags/subdag.py for tasks to queue
[2021-11-19 11:04:42,583] {logging_mixin.py:109} INFO - [2021-11-19 11:04:42,581] {dagbag.py:500} INFO - Filling up the DagBag from /home/user/workspace/airflow/airflow_env/lib/python3.6/site-packages/airflow/example_dags/subdags/subdag.py
[2021-11-19 11:04:42,612] {processor.py:634} WARNING - No viable dags retrieved from /home/user/workspace/airflow/airflow_env/lib/python3.6/site-packages/airflow/example_dags/subdags/subdag.py
[2021-11-19 11:04:42,624] {processor.py:171} INFO - Processing /home/user/workspace/airflow/airflow_env/lib/python3.6/site-packages/airflow/example_dags/subdags/subdag.py took 0.050 seconds
[2021-11-19 11:05:15,160] {processor.py:163} INFO - Started process (PID=8801) to work on /home/user/workspace/airflow/airflow_env/lib/python3.6/site-packages/airflow/example_dags/subdags/subdag.py
[2021-11-19 11:05:15,161] {processor.py:620} INFO - Processing file /home/user/workspace/airflow/airflow_env/lib/python3.6/site-packages/airflow/example_dags/subdags/subdag.py for tasks to queue
[2021-11-19 11:05:15,162] {logging_mixin.py:109} INFO - [2021-11-19 11:05:15,162] {dagbag.py:500} INFO - Filling up the DagBag from /home/user/workspace/airflow/airflow_env/lib/python3.6/site-packages/airflow/example_dags/subdags/subdag.py
[2021-11-19 11:05:15,186] {processor.py:634} WARNING - No viable dags retrieved from /home/user/workspace/airflow/airflow_env/lib/python3.6/site-packages/airflow/example_dags/subdags/subdag.py
[2021-11-19 11:05:15,190] {processor.py:171} INFO - Processing /home/user/workspace/airflow/airflow_env/lib/python3.6/site-packages/airflow/example_dags/subdags/subdag.py took 0.036 seconds
[2021-11-19 11:05:46,970] {processor.py:163} INFO - Started process (PID=9353) to work on /home/user/workspace/airflow/airflow_env/lib/python3.6/site-packages/airflow/example_dags/subdags/subdag.py
[2021-11-19 11:05:46,972] {processor.py:620} INFO - Processing file /home/user/workspace/airflow/airflow_env/lib/python3.6/site-packages/airflow/example_dags/subdags/subdag.py for tasks to queue
[2021-11-19 11:05:46,973] {logging_mixin.py:109} INFO - [2021-11-19 11:05:46,973] {dagbag.py:500} INFO - Filling up the DagBag from /home/user/workspace/airflow/airflow_env/lib/python3.6/site-packages/airflow/example_dags/subdags/subdag.py
[2021-11-19 11:05:46,990] {processor.py:634} WARNING - No viable dags retrieved from /home/user/workspace/airflow/airflow_env/lib/python3.6/site-packages/airflow/example_dags/subdags/subdag.py
[2021-11-19 11:05:46,993] {processor.py:171} INFO - Processing /home/user/workspace/airflow/airflow_env/lib/python3.6/site-packages/airflow/example_dags/subdags/subdag.py took 0.027 seconds
[2021-11-19 11:06:21,830] {processor.py:163} INFO - Started process (PID=9887) to work on /home/user/workspace/airflow/airflow_env/lib/python3.6/site-packages/airflow/example_dags/subdags/subdag.py
[2021-11-19 11:06:21,832] {processor.py:620} INFO - Processing file /home/user/workspace/airflow/airflow_env/lib/python3.6/site-packages/airflow/example_dags/subdags/subdag.py for tasks to queue
[2021-11-19 11:06:21,833] {logging_mixin.py:109} INFO - [2021-11-19 11:06:21,832] {dagbag.py:500} INFO - Filling up the DagBag from /home/user/workspace/airflow/airflow_env/lib/python3.6/site-packages/airflow/example_dags/subdags/subdag.py
[2021-11-19 11:06:21,877] {processor.py:634} WARNING - No viable dags retrieved from /home/user/workspace/airflow/airflow_env/lib/python3.6/site-packages/airflow/example_dags/subdags/subdag.py
[2021-11-19 11:06:21,887] {processor.py:171} INFO - Processing /home/user/workspace/airflow/airflow_env/lib/python3.6/site-packages/airflow/example_dags/subdags/subdag.py took 0.064 seconds
[2021-11-19 11:06:54,794] {processor.py:163} INFO - Started process (PID=10449) to work on /home/user/workspace/airflow/airflow_env/lib/python3.6/site-packages/airflow/example_dags/subdags/subdag.py
[2021-11-19 11:06:54,795] {processor.py:620} INFO - Processing file /home/user/workspace/airflow/airflow_env/lib/python3.6/site-packages/airflow/example_dags/subdags/subdag.py for tasks to queue
[2021-11-19 11:06:54,796] {logging_mixin.py:109} INFO - [2021-11-19 11:06:54,796] {dagbag.py:500} INFO - Filling up the DagBag from /home/user/workspace/airflow/airflow_env/lib/python3.6/site-packages/airflow/example_dags/subdags/subdag.py
[2021-11-19 11:06:54,829] {processor.py:634} WARNING - No viable dags retrieved from /home/user/workspace/airflow/airflow_env/lib/python3.6/site-packages/airflow/example_dags/subdags/subdag.py
[2021-11-19 11:06:54,833] {processor.py:171} INFO - Processing /home/user/workspace/airflow/airflow_env/lib/python3.6/site-packages/airflow/example_dags/subdags/subdag.py took 0.042 seconds
[2021-11-19 11:07:26,976] {processor.py:163} INFO - Started process (PID=11084) to work on /home/user/workspace/airflow/airflow_env/lib/python3.6/site-packages/airflow/example_dags/subdags/subdag.py
[2021-11-19 11:07:26,977] {processor.py:620} INFO - Processing file /home/user/workspace/airflow/airflow_env/lib/python3.6/site-packages/airflow/example_dags/subdags/subdag.py for tasks to queue
[2021-11-19 11:07:26,978] {logging_mixin.py:109} INFO - [2021-11-19 11:07:26,978] {dagbag.py:500} INFO - Filling up the DagBag from /home/user/workspace/airflow/airflow_env/lib/python3.6/site-packages/airflow/example_dags/subdags/subdag.py
[2021-11-19 11:07:26,999] {processor.py:634} WARNING - No viable dags retrieved from /home/user/workspace/airflow/airflow_env/lib/python3.6/site-packages/airflow/example_dags/subdags/subdag.py
[2021-11-19 11:07:27,004] {processor.py:171} INFO - Processing /home/user/workspace/airflow/airflow_env/lib/python3.6/site-packages/airflow/example_dags/subdags/subdag.py took 0.033 seconds
[2021-11-19 11:07:58,708] {processor.py:163} INFO - Started process (PID=11699) to work on /home/user/workspace/airflow/airflow_env/lib/python3.6/site-packages/airflow/example_dags/subdags/subdag.py
[2021-11-19 11:07:58,711] {processor.py:620} INFO - Processing file /home/user/workspace/airflow/airflow_env/lib/python3.6/site-packages/airflow/example_dags/subdags/subdag.py for tasks to queue
[2021-11-19 11:07:58,712] {logging_mixin.py:109} INFO - [2021-11-19 11:07:58,712] {dagbag.py:500} INFO - Filling up the DagBag from /home/user/workspace/airflow/airflow_env/lib/python3.6/site-packages/airflow/example_dags/subdags/subdag.py
[2021-11-19 11:07:58,734] {processor.py:634} WARNING - No viable dags retrieved from /home/user/workspace/airflow/airflow_env/lib/python3.6/site-packages/airflow/example_dags/subdags/subdag.py
[2021-11-19 11:07:58,738] {processor.py:171} INFO - Processing /home/user/workspace/airflow/airflow_env/lib/python3.6/site-packages/airflow/example_dags/subdags/subdag.py took 0.034 seconds
[2021-11-19 11:08:31,689] {processor.py:163} INFO - Started process (PID=12383) to work on /home/user/workspace/airflow/airflow_env/lib/python3.6/site-packages/airflow/example_dags/subdags/subdag.py
[2021-11-19 11:08:31,690] {processor.py:620} INFO - Processing file /home/user/workspace/airflow/airflow_env/lib/python3.6/site-packages/airflow/example_dags/subdags/subdag.py for tasks to queue
[2021-11-19 11:08:31,691] {logging_mixin.py:109} INFO - [2021-11-19 11:08:31,691] {dagbag.py:500} INFO - Filling up the DagBag from /home/user/workspace/airflow/airflow_env/lib/python3.6/site-packages/airflow/example_dags/subdags/subdag.py
[2021-11-19 11:08:31,713] {processor.py:634} WARNING - No viable dags retrieved from /home/user/workspace/airflow/airflow_env/lib/python3.6/site-packages/airflow/example_dags/subdags/subdag.py
[2021-11-19 11:08:31,717] {processor.py:171} INFO - Processing /home/user/workspace/airflow/airflow_env/lib/python3.6/site-packages/airflow/example_dags/subdags/subdag.py took 0.031 seconds
[2021-11-19 11:09:04,235] {processor.py:163} INFO - Started process (PID=13050) to work on /home/user/workspace/airflow/airflow_env/lib/python3.6/site-packages/airflow/example_dags/subdags/subdag.py
[2021-11-19 11:09:04,236] {processor.py:620} INFO - Processing file /home/user/workspace/airflow/airflow_env/lib/python3.6/site-packages/airflow/example_dags/subdags/subdag.py for tasks to queue
[2021-11-19 11:09:04,237] {logging_mixin.py:109} INFO - [2021-11-19 11:09:04,237] {dagbag.py:500} INFO - Filling up the DagBag from /home/user/workspace/airflow/airflow_env/lib/python3.6/site-packages/airflow/example_dags/subdags/subdag.py
[2021-11-19 11:09:04,256] {processor.py:634} WARNING - No viable dags retrieved from /home/user/workspace/airflow/airflow_env/lib/python3.6/site-packages/airflow/example_dags/subdags/subdag.py
[2021-11-19 11:09:04,259] {processor.py:171} INFO - Processing /home/user/workspace/airflow/airflow_env/lib/python3.6/site-packages/airflow/example_dags/subdags/subdag.py took 0.027 seconds
[2021-11-19 11:09:36,238] {processor.py:163} INFO - Started process (PID=13718) to work on /home/user/workspace/airflow/airflow_env/lib/python3.6/site-packages/airflow/example_dags/subdags/subdag.py
[2021-11-19 11:09:36,238] {processor.py:620} INFO - Processing file /home/user/workspace/airflow/airflow_env/lib/python3.6/site-packages/airflow/example_dags/subdags/subdag.py for tasks to queue
[2021-11-19 11:09:36,239] {logging_mixin.py:109} INFO - [2021-11-19 11:09:36,239] {dagbag.py:500} INFO - Filling up the DagBag from /home/user/workspace/airflow/airflow_env/lib/python3.6/site-packages/airflow/example_dags/subdags/subdag.py
[2021-11-19 11:09:36,258] {processor.py:634} WARNING - No viable dags retrieved from /home/user/workspace/airflow/airflow_env/lib/python3.6/site-packages/airflow/example_dags/subdags/subdag.py
[2021-11-19 11:09:36,262] {processor.py:171} INFO - Processing /home/user/workspace/airflow/airflow_env/lib/python3.6/site-packages/airflow/example_dags/subdags/subdag.py took 0.027 seconds
[2021-11-19 11:10:09,067] {processor.py:163} INFO - Started process (PID=14392) to work on /home/user/workspace/airflow/airflow_env/lib/python3.6/site-packages/airflow/example_dags/subdags/subdag.py
[2021-11-19 11:10:09,068] {processor.py:620} INFO - Processing file /home/user/workspace/airflow/airflow_env/lib/python3.6/site-packages/airflow/example_dags/subdags/subdag.py for tasks to queue
[2021-11-19 11:10:09,070] {logging_mixin.py:109} INFO - [2021-11-19 11:10:09,069] {dagbag.py:500} INFO - Filling up the DagBag from /home/user/workspace/airflow/airflow_env/lib/python3.6/site-packages/airflow/example_dags/subdags/subdag.py
[2021-11-19 11:10:09,098] {processor.py:634} WARNING - No viable dags retrieved from /home/user/workspace/airflow/airflow_env/lib/python3.6/site-packages/airflow/example_dags/subdags/subdag.py
[2021-11-19 11:10:09,102] {processor.py:171} INFO - Processing /home/user/workspace/airflow/airflow_env/lib/python3.6/site-packages/airflow/example_dags/subdags/subdag.py took 0.041 seconds
[2021-11-19 11:10:40,542] {processor.py:163} INFO - Started process (PID=15063) to work on /home/user/workspace/airflow/airflow_env/lib/python3.6/site-packages/airflow/example_dags/subdags/subdag.py
[2021-11-19 11:10:40,543] {processor.py:620} INFO - Processing file /home/user/workspace/airflow/airflow_env/lib/python3.6/site-packages/airflow/example_dags/subdags/subdag.py for tasks to queue
[2021-11-19 11:10:40,543] {logging_mixin.py:109} INFO - [2021-11-19 11:10:40,543] {dagbag.py:500} INFO - Filling up the DagBag from /home/user/workspace/airflow/airflow_env/lib/python3.6/site-packages/airflow/example_dags/subdags/subdag.py
[2021-11-19 11:10:40,560] {processor.py:634} WARNING - No viable dags retrieved from /home/user/workspace/airflow/airflow_env/lib/python3.6/site-packages/airflow/example_dags/subdags/subdag.py
[2021-11-19 11:10:40,565] {processor.py:171} INFO - Processing /home/user/workspace/airflow/airflow_env/lib/python3.6/site-packages/airflow/example_dags/subdags/subdag.py took 0.026 seconds
[2021-11-19 11:11:13,408] {processor.py:163} INFO - Started process (PID=15708) to work on /home/user/workspace/airflow/airflow_env/lib/python3.6/site-packages/airflow/example_dags/subdags/subdag.py
[2021-11-19 11:11:13,410] {processor.py:620} INFO - Processing file /home/user/workspace/airflow/airflow_env/lib/python3.6/site-packages/airflow/example_dags/subdags/subdag.py for tasks to queue
[2021-11-19 11:11:13,411] {logging_mixin.py:109} INFO - [2021-11-19 11:11:13,410] {dagbag.py:500} INFO - Filling up the DagBag from /home/user/workspace/airflow/airflow_env/lib/python3.6/site-packages/airflow/example_dags/subdags/subdag.py
[2021-11-19 11:11:13,431] {processor.py:634} WARNING - No viable dags retrieved from /home/user/workspace/airflow/airflow_env/lib/python3.6/site-packages/airflow/example_dags/subdags/subdag.py
[2021-11-19 11:11:13,436] {processor.py:171} INFO - Processing /home/user/workspace/airflow/airflow_env/lib/python3.6/site-packages/airflow/example_dags/subdags/subdag.py took 0.033 seconds
[2021-11-19 11:11:45,783] {processor.py:163} INFO - Started process (PID=16199) to work on /home/user/workspace/airflow/airflow_env/lib/python3.6/site-packages/airflow/example_dags/subdags/subdag.py
[2021-11-19 11:11:45,784] {processor.py:620} INFO - Processing file /home/user/workspace/airflow/airflow_env/lib/python3.6/site-packages/airflow/example_dags/subdags/subdag.py for tasks to queue
[2021-11-19 11:11:45,785] {logging_mixin.py:109} INFO - [2021-11-19 11:11:45,784] {dagbag.py:500} INFO - Filling up the DagBag from /home/user/workspace/airflow/airflow_env/lib/python3.6/site-packages/airflow/example_dags/subdags/subdag.py
[2021-11-19 11:11:45,806] {processor.py:634} WARNING - No viable dags retrieved from /home/user/workspace/airflow/airflow_env/lib/python3.6/site-packages/airflow/example_dags/subdags/subdag.py
[2021-11-19 11:11:45,811] {processor.py:171} INFO - Processing /home/user/workspace/airflow/airflow_env/lib/python3.6/site-packages/airflow/example_dags/subdags/subdag.py took 0.032 seconds
[2021-11-19 11:12:18,645] {processor.py:163} INFO - Started process (PID=16744) to work on /home/user/workspace/airflow/airflow_env/lib/python3.6/site-packages/airflow/example_dags/subdags/subdag.py
[2021-11-19 11:12:18,646] {processor.py:620} INFO - Processing file /home/user/workspace/airflow/airflow_env/lib/python3.6/site-packages/airflow/example_dags/subdags/subdag.py for tasks to queue
[2021-11-19 11:12:18,646] {logging_mixin.py:109} INFO - [2021-11-19 11:12:18,646] {dagbag.py:500} INFO - Filling up the DagBag from /home/user/workspace/airflow/airflow_env/lib/python3.6/site-packages/airflow/example_dags/subdags/subdag.py
[2021-11-19 11:12:18,671] {processor.py:634} WARNING - No viable dags retrieved from /home/user/workspace/airflow/airflow_env/lib/python3.6/site-packages/airflow/example_dags/subdags/subdag.py
[2021-11-19 11:12:18,675] {processor.py:171} INFO - Processing /home/user/workspace/airflow/airflow_env/lib/python3.6/site-packages/airflow/example_dags/subdags/subdag.py took 0.034 seconds
[2021-11-19 11:12:51,059] {processor.py:163} INFO - Started process (PID=17253) to work on /home/user/workspace/airflow/airflow_env/lib/python3.6/site-packages/airflow/example_dags/subdags/subdag.py
[2021-11-19 11:12:51,060] {processor.py:620} INFO - Processing file /home/user/workspace/airflow/airflow_env/lib/python3.6/site-packages/airflow/example_dags/subdags/subdag.py for tasks to queue
[2021-11-19 11:12:51,061] {logging_mixin.py:109} INFO - [2021-11-19 11:12:51,061] {dagbag.py:500} INFO - Filling up the DagBag from /home/user/workspace/airflow/airflow_env/lib/python3.6/site-packages/airflow/example_dags/subdags/subdag.py
[2021-11-19 11:12:51,082] {processor.py:634} WARNING - No viable dags retrieved from /home/user/workspace/airflow/airflow_env/lib/python3.6/site-packages/airflow/example_dags/subdags/subdag.py
[2021-11-19 11:12:51,086] {processor.py:171} INFO - Processing /home/user/workspace/airflow/airflow_env/lib/python3.6/site-packages/airflow/example_dags/subdags/subdag.py took 0.032 seconds
[2021-11-19 11:13:23,473] {processor.py:163} INFO - Started process (PID=17895) to work on /home/user/workspace/airflow/airflow_env/lib/python3.6/site-packages/airflow/example_dags/subdags/subdag.py
[2021-11-19 11:13:23,474] {processor.py:620} INFO - Processing file /home/user/workspace/airflow/airflow_env/lib/python3.6/site-packages/airflow/example_dags/subdags/subdag.py for tasks to queue
[2021-11-19 11:13:23,474] {logging_mixin.py:109} INFO - [2021-11-19 11:13:23,474] {dagbag.py:500} INFO - Filling up the DagBag from /home/user/workspace/airflow/airflow_env/lib/python3.6/site-packages/airflow/example_dags/subdags/subdag.py
[2021-11-19 11:13:23,494] {processor.py:634} WARNING - No viable dags retrieved from /home/user/workspace/airflow/airflow_env/lib/python3.6/site-packages/airflow/example_dags/subdags/subdag.py
[2021-11-19 11:13:23,497] {processor.py:171} INFO - Processing /home/user/workspace/airflow/airflow_env/lib/python3.6/site-packages/airflow/example_dags/subdags/subdag.py took 0.029 seconds
[2021-11-19 11:14:00,018] {processor.py:163} INFO - Started process (PID=18521) to work on /home/user/workspace/airflow/airflow_env/lib/python3.6/site-packages/airflow/example_dags/subdags/subdag.py
[2021-11-19 11:14:00,022] {processor.py:620} INFO - Processing file /home/user/workspace/airflow/airflow_env/lib/python3.6/site-packages/airflow/example_dags/subdags/subdag.py for tasks to queue
[2021-11-19 11:14:00,023] {logging_mixin.py:109} INFO - [2021-11-19 11:14:00,023] {dagbag.py:500} INFO - Filling up the DagBag from /home/user/workspace/airflow/airflow_env/lib/python3.6/site-packages/airflow/example_dags/subdags/subdag.py
[2021-11-19 11:14:00,079] {processor.py:634} WARNING - No viable dags retrieved from /home/user/workspace/airflow/airflow_env/lib/python3.6/site-packages/airflow/example_dags/subdags/subdag.py
[2021-11-19 11:14:00,084] {processor.py:171} INFO - Processing /home/user/workspace/airflow/airflow_env/lib/python3.6/site-packages/airflow/example_dags/subdags/subdag.py took 0.075 seconds
[2021-11-19 11:14:31,726] {processor.py:163} INFO - Started process (PID=19137) to work on /home/user/workspace/airflow/airflow_env/lib/python3.6/site-packages/airflow/example_dags/subdags/subdag.py
[2021-11-19 11:14:31,727] {processor.py:620} INFO - Processing file /home/user/workspace/airflow/airflow_env/lib/python3.6/site-packages/airflow/example_dags/subdags/subdag.py for tasks to queue
[2021-11-19 11:14:31,728] {logging_mixin.py:109} INFO - [2021-11-19 11:14:31,728] {dagbag.py:500} INFO - Filling up the DagBag from /home/user/workspace/airflow/airflow_env/lib/python3.6/site-packages/airflow/example_dags/subdags/subdag.py
[2021-11-19 11:14:31,757] {processor.py:634} WARNING - No viable dags retrieved from /home/user/workspace/airflow/airflow_env/lib/python3.6/site-packages/airflow/example_dags/subdags/subdag.py
[2021-11-19 11:14:31,764] {processor.py:171} INFO - Processing /home/user/workspace/airflow/airflow_env/lib/python3.6/site-packages/airflow/example_dags/subdags/subdag.py took 0.042 seconds
[2021-11-19 11:15:07,608] {processor.py:163} INFO - Started process (PID=19901) to work on /home/user/workspace/airflow/airflow_env/lib/python3.6/site-packages/airflow/example_dags/subdags/subdag.py
[2021-11-19 11:15:07,609] {processor.py:620} INFO - Processing file /home/user/workspace/airflow/airflow_env/lib/python3.6/site-packages/airflow/example_dags/subdags/subdag.py for tasks to queue
[2021-11-19 11:15:07,610] {logging_mixin.py:109} INFO - [2021-11-19 11:15:07,610] {dagbag.py:500} INFO - Filling up the DagBag from /home/user/workspace/airflow/airflow_env/lib/python3.6/site-packages/airflow/example_dags/subdags/subdag.py
[2021-11-19 11:15:07,651] {processor.py:634} WARNING - No viable dags retrieved from /home/user/workspace/airflow/airflow_env/lib/python3.6/site-packages/airflow/example_dags/subdags/subdag.py
[2021-11-19 11:15:07,657] {processor.py:171} INFO - Processing /home/user/workspace/airflow/airflow_env/lib/python3.6/site-packages/airflow/example_dags/subdags/subdag.py took 0.054 seconds
[2021-11-19 11:15:43,841] {processor.py:163} INFO - Started process (PID=20489) to work on /home/user/workspace/airflow/airflow_env/lib/python3.6/site-packages/airflow/example_dags/subdags/subdag.py
[2021-11-19 11:15:43,842] {processor.py:620} INFO - Processing file /home/user/workspace/airflow/airflow_env/lib/python3.6/site-packages/airflow/example_dags/subdags/subdag.py for tasks to queue
[2021-11-19 11:15:43,843] {logging_mixin.py:109} INFO - [2021-11-19 11:15:43,843] {dagbag.py:500} INFO - Filling up the DagBag from /home/user/workspace/airflow/airflow_env/lib/python3.6/site-packages/airflow/example_dags/subdags/subdag.py
[2021-11-19 11:15:43,867] {processor.py:634} WARNING - No viable dags retrieved from /home/user/workspace/airflow/airflow_env/lib/python3.6/site-packages/airflow/example_dags/subdags/subdag.py
[2021-11-19 11:15:43,872] {processor.py:171} INFO - Processing /home/user/workspace/airflow/airflow_env/lib/python3.6/site-packages/airflow/example_dags/subdags/subdag.py took 0.034 seconds
[2021-11-19 11:16:16,864] {processor.py:163} INFO - Started process (PID=21081) to work on /home/user/workspace/airflow/airflow_env/lib/python3.6/site-packages/airflow/example_dags/subdags/subdag.py
[2021-11-19 11:16:16,865] {processor.py:620} INFO - Processing file /home/user/workspace/airflow/airflow_env/lib/python3.6/site-packages/airflow/example_dags/subdags/subdag.py for tasks to queue
[2021-11-19 11:16:16,866] {logging_mixin.py:109} INFO - [2021-11-19 11:16:16,866] {dagbag.py:500} INFO - Filling up the DagBag from /home/user/workspace/airflow/airflow_env/lib/python3.6/site-packages/airflow/example_dags/subdags/subdag.py
[2021-11-19 11:16:16,888] {processor.py:634} WARNING - No viable dags retrieved from /home/user/workspace/airflow/airflow_env/lib/python3.6/site-packages/airflow/example_dags/subdags/subdag.py
[2021-11-19 11:16:16,891] {processor.py:171} INFO - Processing /home/user/workspace/airflow/airflow_env/lib/python3.6/site-packages/airflow/example_dags/subdags/subdag.py took 0.031 seconds
[2021-11-19 11:16:49,634] {processor.py:163} INFO - Started process (PID=21740) to work on /home/user/workspace/airflow/airflow_env/lib/python3.6/site-packages/airflow/example_dags/subdags/subdag.py
[2021-11-19 11:16:49,635] {processor.py:620} INFO - Processing file /home/user/workspace/airflow/airflow_env/lib/python3.6/site-packages/airflow/example_dags/subdags/subdag.py for tasks to queue
[2021-11-19 11:16:49,636] {logging_mixin.py:109} INFO - [2021-11-19 11:16:49,636] {dagbag.py:500} INFO - Filling up the DagBag from /home/user/workspace/airflow/airflow_env/lib/python3.6/site-packages/airflow/example_dags/subdags/subdag.py
[2021-11-19 11:16:49,656] {processor.py:634} WARNING - No viable dags retrieved from /home/user/workspace/airflow/airflow_env/lib/python3.6/site-packages/airflow/example_dags/subdags/subdag.py
[2021-11-19 11:16:49,663] {processor.py:171} INFO - Processing /home/user/workspace/airflow/airflow_env/lib/python3.6/site-packages/airflow/example_dags/subdags/subdag.py took 0.033 seconds
[2021-11-19 11:17:22,330] {processor.py:163} INFO - Started process (PID=22336) to work on /home/user/workspace/airflow/airflow_env/lib/python3.6/site-packages/airflow/example_dags/subdags/subdag.py
[2021-11-19 11:17:22,332] {processor.py:620} INFO - Processing file /home/user/workspace/airflow/airflow_env/lib/python3.6/site-packages/airflow/example_dags/subdags/subdag.py for tasks to queue
[2021-11-19 11:17:22,333] {logging_mixin.py:109} INFO - [2021-11-19 11:17:22,332] {dagbag.py:500} INFO - Filling up the DagBag from /home/user/workspace/airflow/airflow_env/lib/python3.6/site-packages/airflow/example_dags/subdags/subdag.py
[2021-11-19 11:17:22,354] {processor.py:634} WARNING - No viable dags retrieved from /home/user/workspace/airflow/airflow_env/lib/python3.6/site-packages/airflow/example_dags/subdags/subdag.py
[2021-11-19 11:17:22,360] {processor.py:171} INFO - Processing /home/user/workspace/airflow/airflow_env/lib/python3.6/site-packages/airflow/example_dags/subdags/subdag.py took 0.037 seconds
[2021-11-19 11:17:54,202] {processor.py:163} INFO - Started process (PID=23026) to work on /home/user/workspace/airflow/airflow_env/lib/python3.6/site-packages/airflow/example_dags/subdags/subdag.py
[2021-11-19 11:17:54,204] {processor.py:620} INFO - Processing file /home/user/workspace/airflow/airflow_env/lib/python3.6/site-packages/airflow/example_dags/subdags/subdag.py for tasks to queue
[2021-11-19 11:17:54,205] {logging_mixin.py:109} INFO - [2021-11-19 11:17:54,205] {dagbag.py:500} INFO - Filling up the DagBag from /home/user/workspace/airflow/airflow_env/lib/python3.6/site-packages/airflow/example_dags/subdags/subdag.py
[2021-11-19 11:17:54,238] {processor.py:634} WARNING - No viable dags retrieved from /home/user/workspace/airflow/airflow_env/lib/python3.6/site-packages/airflow/example_dags/subdags/subdag.py
[2021-11-19 11:17:54,246] {processor.py:171} INFO - Processing /home/user/workspace/airflow/airflow_env/lib/python3.6/site-packages/airflow/example_dags/subdags/subdag.py took 0.049 seconds
[2021-11-19 11:18:26,700] {processor.py:163} INFO - Started process (PID=23679) to work on /home/user/workspace/airflow/airflow_env/lib/python3.6/site-packages/airflow/example_dags/subdags/subdag.py
[2021-11-19 11:18:26,701] {processor.py:620} INFO - Processing file /home/user/workspace/airflow/airflow_env/lib/python3.6/site-packages/airflow/example_dags/subdags/subdag.py for tasks to queue
[2021-11-19 11:18:26,702] {logging_mixin.py:109} INFO - [2021-11-19 11:18:26,702] {dagbag.py:500} INFO - Filling up the DagBag from /home/user/workspace/airflow/airflow_env/lib/python3.6/site-packages/airflow/example_dags/subdags/subdag.py
[2021-11-19 11:18:26,730] {processor.py:634} WARNING - No viable dags retrieved from /home/user/workspace/airflow/airflow_env/lib/python3.6/site-packages/airflow/example_dags/subdags/subdag.py
[2021-11-19 11:18:26,734] {processor.py:171} INFO - Processing /home/user/workspace/airflow/airflow_env/lib/python3.6/site-packages/airflow/example_dags/subdags/subdag.py took 0.039 seconds
[2021-11-19 11:19:19,711] {processor.py:163} INFO - Started process (PID=24303) to work on /home/user/workspace/airflow/airflow_env/lib/python3.6/site-packages/airflow/example_dags/subdags/subdag.py
[2021-11-19 11:19:19,728] {processor.py:620} INFO - Processing file /home/user/workspace/airflow/airflow_env/lib/python3.6/site-packages/airflow/example_dags/subdags/subdag.py for tasks to queue
[2021-11-19 11:19:19,730] {logging_mixin.py:109} INFO - [2021-11-19 11:19:19,729] {dagbag.py:500} INFO - Filling up the DagBag from /home/user/workspace/airflow/airflow_env/lib/python3.6/site-packages/airflow/example_dags/subdags/subdag.py
[2021-11-19 11:19:19,817] {processor.py:634} WARNING - No viable dags retrieved from /home/user/workspace/airflow/airflow_env/lib/python3.6/site-packages/airflow/example_dags/subdags/subdag.py
[2021-11-19 11:19:19,845] {processor.py:171} INFO - Processing /home/user/workspace/airflow/airflow_env/lib/python3.6/site-packages/airflow/example_dags/subdags/subdag.py took 0.157 seconds
[2021-11-19 11:19:55,150] {processor.py:163} INFO - Started process (PID=24907) to work on /home/user/workspace/airflow/airflow_env/lib/python3.6/site-packages/airflow/example_dags/subdags/subdag.py
[2021-11-19 11:19:55,153] {processor.py:620} INFO - Processing file /home/user/workspace/airflow/airflow_env/lib/python3.6/site-packages/airflow/example_dags/subdags/subdag.py for tasks to queue
[2021-11-19 11:19:55,156] {logging_mixin.py:109} INFO - [2021-11-19 11:19:55,155] {dagbag.py:500} INFO - Filling up the DagBag from /home/user/workspace/airflow/airflow_env/lib/python3.6/site-packages/airflow/example_dags/subdags/subdag.py
[2021-11-19 11:19:55,208] {processor.py:634} WARNING - No viable dags retrieved from /home/user/workspace/airflow/airflow_env/lib/python3.6/site-packages/airflow/example_dags/subdags/subdag.py
[2021-11-19 11:19:55,221] {processor.py:171} INFO - Processing /home/user/workspace/airflow/airflow_env/lib/python3.6/site-packages/airflow/example_dags/subdags/subdag.py took 0.079 seconds
[2021-11-19 11:20:28,563] {processor.py:163} INFO - Started process (PID=25682) to work on /home/user/workspace/airflow/airflow_env/lib/python3.6/site-packages/airflow/example_dags/subdags/subdag.py
[2021-11-19 11:20:28,565] {processor.py:620} INFO - Processing file /home/user/workspace/airflow/airflow_env/lib/python3.6/site-packages/airflow/example_dags/subdags/subdag.py for tasks to queue
[2021-11-19 11:20:28,566] {logging_mixin.py:109} INFO - [2021-11-19 11:20:28,565] {dagbag.py:500} INFO - Filling up the DagBag from /home/user/workspace/airflow/airflow_env/lib/python3.6/site-packages/airflow/example_dags/subdags/subdag.py
[2021-11-19 11:20:28,597] {processor.py:634} WARNING - No viable dags retrieved from /home/user/workspace/airflow/airflow_env/lib/python3.6/site-packages/airflow/example_dags/subdags/subdag.py
[2021-11-19 11:20:28,601] {processor.py:171} INFO - Processing /home/user/workspace/airflow/airflow_env/lib/python3.6/site-packages/airflow/example_dags/subdags/subdag.py took 0.044 seconds
[2021-11-19 11:21:01,094] {processor.py:163} INFO - Started process (PID=26410) to work on /home/user/workspace/airflow/airflow_env/lib/python3.6/site-packages/airflow/example_dags/subdags/subdag.py
[2021-11-19 11:21:01,095] {processor.py:620} INFO - Processing file /home/user/workspace/airflow/airflow_env/lib/python3.6/site-packages/airflow/example_dags/subdags/subdag.py for tasks to queue
[2021-11-19 11:21:01,095] {logging_mixin.py:109} INFO - [2021-11-19 11:21:01,095] {dagbag.py:500} INFO - Filling up the DagBag from /home/user/workspace/airflow/airflow_env/lib/python3.6/site-packages/airflow/example_dags/subdags/subdag.py
[2021-11-19 11:21:01,114] {processor.py:634} WARNING - No viable dags retrieved from /home/user/workspace/airflow/airflow_env/lib/python3.6/site-packages/airflow/example_dags/subdags/subdag.py
[2021-11-19 11:21:01,119] {processor.py:171} INFO - Processing /home/user/workspace/airflow/airflow_env/lib/python3.6/site-packages/airflow/example_dags/subdags/subdag.py took 0.028 seconds
[2021-11-19 11:21:32,838] {processor.py:163} INFO - Started process (PID=27039) to work on /home/user/workspace/airflow/airflow_env/lib/python3.6/site-packages/airflow/example_dags/subdags/subdag.py
[2021-11-19 11:21:32,839] {processor.py:620} INFO - Processing file /home/user/workspace/airflow/airflow_env/lib/python3.6/site-packages/airflow/example_dags/subdags/subdag.py for tasks to queue
[2021-11-19 11:21:32,840] {logging_mixin.py:109} INFO - [2021-11-19 11:21:32,839] {dagbag.py:500} INFO - Filling up the DagBag from /home/user/workspace/airflow/airflow_env/lib/python3.6/site-packages/airflow/example_dags/subdags/subdag.py
[2021-11-19 11:21:32,863] {processor.py:634} WARNING - No viable dags retrieved from /home/user/workspace/airflow/airflow_env/lib/python3.6/site-packages/airflow/example_dags/subdags/subdag.py
[2021-11-19 11:21:32,866] {processor.py:171} INFO - Processing /home/user/workspace/airflow/airflow_env/lib/python3.6/site-packages/airflow/example_dags/subdags/subdag.py took 0.031 seconds
[2021-11-19 11:22:04,368] {processor.py:163} INFO - Started process (PID=27670) to work on /home/user/workspace/airflow/airflow_env/lib/python3.6/site-packages/airflow/example_dags/subdags/subdag.py
[2021-11-19 11:22:04,369] {processor.py:620} INFO - Processing file /home/user/workspace/airflow/airflow_env/lib/python3.6/site-packages/airflow/example_dags/subdags/subdag.py for tasks to queue
[2021-11-19 11:22:04,370] {logging_mixin.py:109} INFO - [2021-11-19 11:22:04,370] {dagbag.py:500} INFO - Filling up the DagBag from /home/user/workspace/airflow/airflow_env/lib/python3.6/site-packages/airflow/example_dags/subdags/subdag.py
[2021-11-19 11:22:04,389] {processor.py:634} WARNING - No viable dags retrieved from /home/user/workspace/airflow/airflow_env/lib/python3.6/site-packages/airflow/example_dags/subdags/subdag.py
[2021-11-19 11:22:04,395] {processor.py:171} INFO - Processing /home/user/workspace/airflow/airflow_env/lib/python3.6/site-packages/airflow/example_dags/subdags/subdag.py took 0.031 seconds
[2021-11-19 11:22:35,777] {processor.py:163} INFO - Started process (PID=28367) to work on /home/user/workspace/airflow/airflow_env/lib/python3.6/site-packages/airflow/example_dags/subdags/subdag.py
[2021-11-19 11:22:35,778] {processor.py:620} INFO - Processing file /home/user/workspace/airflow/airflow_env/lib/python3.6/site-packages/airflow/example_dags/subdags/subdag.py for tasks to queue
[2021-11-19 11:22:35,779] {logging_mixin.py:109} INFO - [2021-11-19 11:22:35,779] {dagbag.py:500} INFO - Filling up the DagBag from /home/user/workspace/airflow/airflow_env/lib/python3.6/site-packages/airflow/example_dags/subdags/subdag.py
[2021-11-19 11:22:35,796] {processor.py:634} WARNING - No viable dags retrieved from /home/user/workspace/airflow/airflow_env/lib/python3.6/site-packages/airflow/example_dags/subdags/subdag.py
[2021-11-19 11:22:35,799] {processor.py:171} INFO - Processing /home/user/workspace/airflow/airflow_env/lib/python3.6/site-packages/airflow/example_dags/subdags/subdag.py took 0.026 seconds
[2021-11-19 11:23:06,988] {processor.py:163} INFO - Started process (PID=29070) to work on /home/user/workspace/airflow/airflow_env/lib/python3.6/site-packages/airflow/example_dags/subdags/subdag.py
[2021-11-19 11:23:06,989] {processor.py:620} INFO - Processing file /home/user/workspace/airflow/airflow_env/lib/python3.6/site-packages/airflow/example_dags/subdags/subdag.py for tasks to queue
[2021-11-19 11:23:06,990] {logging_mixin.py:109} INFO - [2021-11-19 11:23:06,990] {dagbag.py:500} INFO - Filling up the DagBag from /home/user/workspace/airflow/airflow_env/lib/python3.6/site-packages/airflow/example_dags/subdags/subdag.py
[2021-11-19 11:23:07,007] {processor.py:634} WARNING - No viable dags retrieved from /home/user/workspace/airflow/airflow_env/lib/python3.6/site-packages/airflow/example_dags/subdags/subdag.py
[2021-11-19 11:23:07,011] {processor.py:171} INFO - Processing /home/user/workspace/airflow/airflow_env/lib/python3.6/site-packages/airflow/example_dags/subdags/subdag.py took 0.027 seconds
[2021-11-19 11:23:38,569] {processor.py:163} INFO - Started process (PID=29760) to work on /home/user/workspace/airflow/airflow_env/lib/python3.6/site-packages/airflow/example_dags/subdags/subdag.py
[2021-11-19 11:23:38,570] {processor.py:620} INFO - Processing file /home/user/workspace/airflow/airflow_env/lib/python3.6/site-packages/airflow/example_dags/subdags/subdag.py for tasks to queue
[2021-11-19 11:23:38,570] {logging_mixin.py:109} INFO - [2021-11-19 11:23:38,570] {dagbag.py:500} INFO - Filling up the DagBag from /home/user/workspace/airflow/airflow_env/lib/python3.6/site-packages/airflow/example_dags/subdags/subdag.py
[2021-11-19 11:23:38,589] {processor.py:634} WARNING - No viable dags retrieved from /home/user/workspace/airflow/airflow_env/lib/python3.6/site-packages/airflow/example_dags/subdags/subdag.py
[2021-11-19 11:23:38,593] {processor.py:171} INFO - Processing /home/user/workspace/airflow/airflow_env/lib/python3.6/site-packages/airflow/example_dags/subdags/subdag.py took 0.028 seconds
[2021-11-19 11:24:09,777] {processor.py:163} INFO - Started process (PID=30463) to work on /home/user/workspace/airflow/airflow_env/lib/python3.6/site-packages/airflow/example_dags/subdags/subdag.py
[2021-11-19 11:24:09,778] {processor.py:620} INFO - Processing file /home/user/workspace/airflow/airflow_env/lib/python3.6/site-packages/airflow/example_dags/subdags/subdag.py for tasks to queue
[2021-11-19 11:24:09,778] {logging_mixin.py:109} INFO - [2021-11-19 11:24:09,778] {dagbag.py:500} INFO - Filling up the DagBag from /home/user/workspace/airflow/airflow_env/lib/python3.6/site-packages/airflow/example_dags/subdags/subdag.py
[2021-11-19 11:24:09,794] {processor.py:634} WARNING - No viable dags retrieved from /home/user/workspace/airflow/airflow_env/lib/python3.6/site-packages/airflow/example_dags/subdags/subdag.py
[2021-11-19 11:24:09,798] {processor.py:171} INFO - Processing /home/user/workspace/airflow/airflow_env/lib/python3.6/site-packages/airflow/example_dags/subdags/subdag.py took 0.023 seconds
[2021-11-19 11:24:43,508] {processor.py:163} INFO - Started process (PID=31125) to work on /home/user/workspace/airflow/airflow_env/lib/python3.6/site-packages/airflow/example_dags/subdags/subdag.py
[2021-11-19 11:24:43,510] {processor.py:620} INFO - Processing file /home/user/workspace/airflow/airflow_env/lib/python3.6/site-packages/airflow/example_dags/subdags/subdag.py for tasks to queue
[2021-11-19 11:24:43,510] {logging_mixin.py:109} INFO - [2021-11-19 11:24:43,510] {dagbag.py:500} INFO - Filling up the DagBag from /home/user/workspace/airflow/airflow_env/lib/python3.6/site-packages/airflow/example_dags/subdags/subdag.py
[2021-11-19 11:24:43,537] {processor.py:634} WARNING - No viable dags retrieved from /home/user/workspace/airflow/airflow_env/lib/python3.6/site-packages/airflow/example_dags/subdags/subdag.py
[2021-11-19 11:24:43,540] {processor.py:171} INFO - Processing /home/user/workspace/airflow/airflow_env/lib/python3.6/site-packages/airflow/example_dags/subdags/subdag.py took 0.038 seconds
[2021-11-19 11:25:17,897] {processor.py:163} INFO - Started process (PID=31661) to work on /home/user/workspace/airflow/airflow_env/lib/python3.6/site-packages/airflow/example_dags/subdags/subdag.py
[2021-11-19 11:25:17,898] {processor.py:620} INFO - Processing file /home/user/workspace/airflow/airflow_env/lib/python3.6/site-packages/airflow/example_dags/subdags/subdag.py for tasks to queue
[2021-11-19 11:25:17,898] {logging_mixin.py:109} INFO - [2021-11-19 11:25:17,898] {dagbag.py:500} INFO - Filling up the DagBag from /home/user/workspace/airflow/airflow_env/lib/python3.6/site-packages/airflow/example_dags/subdags/subdag.py
[2021-11-19 11:25:17,949] {processor.py:634} WARNING - No viable dags retrieved from /home/user/workspace/airflow/airflow_env/lib/python3.6/site-packages/airflow/example_dags/subdags/subdag.py
[2021-11-19 11:25:17,962] {processor.py:171} INFO - Processing /home/user/workspace/airflow/airflow_env/lib/python3.6/site-packages/airflow/example_dags/subdags/subdag.py took 0.069 seconds
[2021-11-19 11:25:50,363] {processor.py:163} INFO - Started process (PID=32262) to work on /home/user/workspace/airflow/airflow_env/lib/python3.6/site-packages/airflow/example_dags/subdags/subdag.py
[2021-11-19 11:25:50,365] {processor.py:620} INFO - Processing file /home/user/workspace/airflow/airflow_env/lib/python3.6/site-packages/airflow/example_dags/subdags/subdag.py for tasks to queue
[2021-11-19 11:25:50,367] {logging_mixin.py:109} INFO - [2021-11-19 11:25:50,367] {dagbag.py:500} INFO - Filling up the DagBag from /home/user/workspace/airflow/airflow_env/lib/python3.6/site-packages/airflow/example_dags/subdags/subdag.py
[2021-11-19 11:25:50,388] {processor.py:634} WARNING - No viable dags retrieved from /home/user/workspace/airflow/airflow_env/lib/python3.6/site-packages/airflow/example_dags/subdags/subdag.py
[2021-11-19 11:25:50,392] {processor.py:171} INFO - Processing /home/user/workspace/airflow/airflow_env/lib/python3.6/site-packages/airflow/example_dags/subdags/subdag.py took 0.033 seconds
[2021-11-19 11:26:23,570] {processor.py:163} INFO - Started process (PID=336) to work on /home/user/workspace/airflow/airflow_env/lib/python3.6/site-packages/airflow/example_dags/subdags/subdag.py
[2021-11-19 11:26:23,571] {processor.py:620} INFO - Processing file /home/user/workspace/airflow/airflow_env/lib/python3.6/site-packages/airflow/example_dags/subdags/subdag.py for tasks to queue
[2021-11-19 11:26:23,572] {logging_mixin.py:109} INFO - [2021-11-19 11:26:23,572] {dagbag.py:500} INFO - Filling up the DagBag from /home/user/workspace/airflow/airflow_env/lib/python3.6/site-packages/airflow/example_dags/subdags/subdag.py
[2021-11-19 11:26:23,593] {processor.py:634} WARNING - No viable dags retrieved from /home/user/workspace/airflow/airflow_env/lib/python3.6/site-packages/airflow/example_dags/subdags/subdag.py
[2021-11-19 11:26:23,600] {processor.py:171} INFO - Processing /home/user/workspace/airflow/airflow_env/lib/python3.6/site-packages/airflow/example_dags/subdags/subdag.py took 0.033 seconds
[2021-11-19 11:26:55,693] {processor.py:163} INFO - Started process (PID=865) to work on /home/user/workspace/airflow/airflow_env/lib/python3.6/site-packages/airflow/example_dags/subdags/subdag.py
[2021-11-19 11:26:55,694] {processor.py:620} INFO - Processing file /home/user/workspace/airflow/airflow_env/lib/python3.6/site-packages/airflow/example_dags/subdags/subdag.py for tasks to queue
[2021-11-19 11:26:55,694] {logging_mixin.py:109} INFO - [2021-11-19 11:26:55,694] {dagbag.py:500} INFO - Filling up the DagBag from /home/user/workspace/airflow/airflow_env/lib/python3.6/site-packages/airflow/example_dags/subdags/subdag.py
[2021-11-19 11:26:55,717] {processor.py:634} WARNING - No viable dags retrieved from /home/user/workspace/airflow/airflow_env/lib/python3.6/site-packages/airflow/example_dags/subdags/subdag.py
[2021-11-19 11:26:55,720] {processor.py:171} INFO - Processing /home/user/workspace/airflow/airflow_env/lib/python3.6/site-packages/airflow/example_dags/subdags/subdag.py took 0.031 seconds
[2021-11-19 11:27:27,186] {processor.py:163} INFO - Started process (PID=1942) to work on /home/user/workspace/airflow/airflow_env/lib/python3.6/site-packages/airflow/example_dags/subdags/subdag.py
[2021-11-19 11:27:27,187] {processor.py:620} INFO - Processing file /home/user/workspace/airflow/airflow_env/lib/python3.6/site-packages/airflow/example_dags/subdags/subdag.py for tasks to queue
[2021-11-19 11:27:27,188] {logging_mixin.py:109} INFO - [2021-11-19 11:27:27,188] {dagbag.py:500} INFO - Filling up the DagBag from /home/user/workspace/airflow/airflow_env/lib/python3.6/site-packages/airflow/example_dags/subdags/subdag.py
[2021-11-19 11:27:27,212] {processor.py:634} WARNING - No viable dags retrieved from /home/user/workspace/airflow/airflow_env/lib/python3.6/site-packages/airflow/example_dags/subdags/subdag.py
[2021-11-19 11:27:27,218] {processor.py:171} INFO - Processing /home/user/workspace/airflow/airflow_env/lib/python3.6/site-packages/airflow/example_dags/subdags/subdag.py took 0.036 seconds
[2021-11-19 11:28:01,548] {processor.py:163} INFO - Started process (PID=2724) to work on /home/user/workspace/airflow/airflow_env/lib/python3.6/site-packages/airflow/example_dags/subdags/subdag.py
[2021-11-19 11:28:01,550] {processor.py:620} INFO - Processing file /home/user/workspace/airflow/airflow_env/lib/python3.6/site-packages/airflow/example_dags/subdags/subdag.py for tasks to queue
[2021-11-19 11:28:01,551] {logging_mixin.py:109} INFO - [2021-11-19 11:28:01,551] {dagbag.py:500} INFO - Filling up the DagBag from /home/user/workspace/airflow/airflow_env/lib/python3.6/site-packages/airflow/example_dags/subdags/subdag.py
[2021-11-19 11:28:01,587] {processor.py:634} WARNING - No viable dags retrieved from /home/user/workspace/airflow/airflow_env/lib/python3.6/site-packages/airflow/example_dags/subdags/subdag.py
[2021-11-19 11:28:01,592] {processor.py:171} INFO - Processing /home/user/workspace/airflow/airflow_env/lib/python3.6/site-packages/airflow/example_dags/subdags/subdag.py took 0.052 seconds
[2021-11-19 11:28:34,537] {processor.py:163} INFO - Started process (PID=3670) to work on /home/user/workspace/airflow/airflow_env/lib/python3.6/site-packages/airflow/example_dags/subdags/subdag.py
[2021-11-19 11:28:34,538] {processor.py:620} INFO - Processing file /home/user/workspace/airflow/airflow_env/lib/python3.6/site-packages/airflow/example_dags/subdags/subdag.py for tasks to queue
[2021-11-19 11:28:34,539] {logging_mixin.py:109} INFO - [2021-11-19 11:28:34,539] {dagbag.py:500} INFO - Filling up the DagBag from /home/user/workspace/airflow/airflow_env/lib/python3.6/site-packages/airflow/example_dags/subdags/subdag.py
[2021-11-19 11:28:34,558] {processor.py:634} WARNING - No viable dags retrieved from /home/user/workspace/airflow/airflow_env/lib/python3.6/site-packages/airflow/example_dags/subdags/subdag.py
[2021-11-19 11:28:34,561] {processor.py:171} INFO - Processing /home/user/workspace/airflow/airflow_env/lib/python3.6/site-packages/airflow/example_dags/subdags/subdag.py took 0.026 seconds
[2021-11-19 11:29:06,756] {processor.py:163} INFO - Started process (PID=4428) to work on /home/user/workspace/airflow/airflow_env/lib/python3.6/site-packages/airflow/example_dags/subdags/subdag.py
[2021-11-19 11:29:06,757] {processor.py:620} INFO - Processing file /home/user/workspace/airflow/airflow_env/lib/python3.6/site-packages/airflow/example_dags/subdags/subdag.py for tasks to queue
[2021-11-19 11:29:06,757] {logging_mixin.py:109} INFO - [2021-11-19 11:29:06,757] {dagbag.py:500} INFO - Filling up the DagBag from /home/user/workspace/airflow/airflow_env/lib/python3.6/site-packages/airflow/example_dags/subdags/subdag.py
[2021-11-19 11:29:06,776] {processor.py:634} WARNING - No viable dags retrieved from /home/user/workspace/airflow/airflow_env/lib/python3.6/site-packages/airflow/example_dags/subdags/subdag.py
[2021-11-19 11:29:06,779] {processor.py:171} INFO - Processing /home/user/workspace/airflow/airflow_env/lib/python3.6/site-packages/airflow/example_dags/subdags/subdag.py took 0.026 seconds
[2021-11-19 11:29:54,071] {processor.py:163} INFO - Started process (PID=4993) to work on /home/user/workspace/airflow/airflow_env/lib/python3.6/site-packages/airflow/example_dags/subdags/subdag.py
[2021-11-19 11:29:54,074] {processor.py:620} INFO - Processing file /home/user/workspace/airflow/airflow_env/lib/python3.6/site-packages/airflow/example_dags/subdags/subdag.py for tasks to queue
[2021-11-19 11:29:54,077] {logging_mixin.py:109} INFO - [2021-11-19 11:29:54,077] {dagbag.py:500} INFO - Filling up the DagBag from /home/user/workspace/airflow/airflow_env/lib/python3.6/site-packages/airflow/example_dags/subdags/subdag.py
[2021-11-19 11:29:54,153] {processor.py:634} WARNING - No viable dags retrieved from /home/user/workspace/airflow/airflow_env/lib/python3.6/site-packages/airflow/example_dags/subdags/subdag.py
[2021-11-19 11:29:54,162] {processor.py:171} INFO - Processing /home/user/workspace/airflow/airflow_env/lib/python3.6/site-packages/airflow/example_dags/subdags/subdag.py took 0.101 seconds
[2021-11-19 11:30:29,251] {processor.py:163} INFO - Started process (PID=5563) to work on /home/user/workspace/airflow/airflow_env/lib/python3.6/site-packages/airflow/example_dags/subdags/subdag.py
[2021-11-19 11:30:29,256] {processor.py:620} INFO - Processing file /home/user/workspace/airflow/airflow_env/lib/python3.6/site-packages/airflow/example_dags/subdags/subdag.py for tasks to queue
[2021-11-19 11:30:29,257] {logging_mixin.py:109} INFO - [2021-11-19 11:30:29,257] {dagbag.py:500} INFO - Filling up the DagBag from /home/user/workspace/airflow/airflow_env/lib/python3.6/site-packages/airflow/example_dags/subdags/subdag.py
[2021-11-19 11:30:29,311] {processor.py:634} WARNING - No viable dags retrieved from /home/user/workspace/airflow/airflow_env/lib/python3.6/site-packages/airflow/example_dags/subdags/subdag.py
[2021-11-19 11:30:29,321] {processor.py:171} INFO - Processing /home/user/workspace/airflow/airflow_env/lib/python3.6/site-packages/airflow/example_dags/subdags/subdag.py took 0.081 seconds
[2021-11-19 11:31:03,733] {processor.py:163} INFO - Started process (PID=6180) to work on /home/user/workspace/airflow/airflow_env/lib/python3.6/site-packages/airflow/example_dags/subdags/subdag.py
[2021-11-19 11:31:03,734] {processor.py:620} INFO - Processing file /home/user/workspace/airflow/airflow_env/lib/python3.6/site-packages/airflow/example_dags/subdags/subdag.py for tasks to queue
[2021-11-19 11:31:03,734] {logging_mixin.py:109} INFO - [2021-11-19 11:31:03,734] {dagbag.py:500} INFO - Filling up the DagBag from /home/user/workspace/airflow/airflow_env/lib/python3.6/site-packages/airflow/example_dags/subdags/subdag.py
[2021-11-19 11:31:03,752] {processor.py:634} WARNING - No viable dags retrieved from /home/user/workspace/airflow/airflow_env/lib/python3.6/site-packages/airflow/example_dags/subdags/subdag.py
[2021-11-19 11:31:03,757] {processor.py:171} INFO - Processing /home/user/workspace/airflow/airflow_env/lib/python3.6/site-packages/airflow/example_dags/subdags/subdag.py took 0.027 seconds
[2021-11-19 11:31:39,103] {processor.py:163} INFO - Started process (PID=6961) to work on /home/user/workspace/airflow/airflow_env/lib/python3.6/site-packages/airflow/example_dags/subdags/subdag.py
[2021-11-19 11:31:39,105] {processor.py:620} INFO - Processing file /home/user/workspace/airflow/airflow_env/lib/python3.6/site-packages/airflow/example_dags/subdags/subdag.py for tasks to queue
[2021-11-19 11:31:39,106] {logging_mixin.py:109} INFO - [2021-11-19 11:31:39,106] {dagbag.py:500} INFO - Filling up the DagBag from /home/user/workspace/airflow/airflow_env/lib/python3.6/site-packages/airflow/example_dags/subdags/subdag.py
[2021-11-19 11:31:39,128] {processor.py:634} WARNING - No viable dags retrieved from /home/user/workspace/airflow/airflow_env/lib/python3.6/site-packages/airflow/example_dags/subdags/subdag.py
[2021-11-19 11:31:39,132] {processor.py:171} INFO - Processing /home/user/workspace/airflow/airflow_env/lib/python3.6/site-packages/airflow/example_dags/subdags/subdag.py took 0.031 seconds
[2021-11-19 11:32:11,751] {processor.py:163} INFO - Started process (PID=7733) to work on /home/user/workspace/airflow/airflow_env/lib/python3.6/site-packages/airflow/example_dags/subdags/subdag.py
[2021-11-19 11:32:11,752] {processor.py:620} INFO - Processing file /home/user/workspace/airflow/airflow_env/lib/python3.6/site-packages/airflow/example_dags/subdags/subdag.py for tasks to queue
[2021-11-19 11:32:11,753] {logging_mixin.py:109} INFO - [2021-11-19 11:32:11,753] {dagbag.py:500} INFO - Filling up the DagBag from /home/user/workspace/airflow/airflow_env/lib/python3.6/site-packages/airflow/example_dags/subdags/subdag.py
[2021-11-19 11:32:11,775] {processor.py:634} WARNING - No viable dags retrieved from /home/user/workspace/airflow/airflow_env/lib/python3.6/site-packages/airflow/example_dags/subdags/subdag.py
[2021-11-19 11:32:11,778] {processor.py:171} INFO - Processing /home/user/workspace/airflow/airflow_env/lib/python3.6/site-packages/airflow/example_dags/subdags/subdag.py took 0.030 seconds
[2021-11-19 11:32:47,911] {processor.py:163} INFO - Started process (PID=8419) to work on /home/user/workspace/airflow/airflow_env/lib/python3.6/site-packages/airflow/example_dags/subdags/subdag.py
[2021-11-19 11:32:47,912] {processor.py:620} INFO - Processing file /home/user/workspace/airflow/airflow_env/lib/python3.6/site-packages/airflow/example_dags/subdags/subdag.py for tasks to queue
[2021-11-19 11:32:47,914] {logging_mixin.py:109} INFO - [2021-11-19 11:32:47,913] {dagbag.py:500} INFO - Filling up the DagBag from /home/user/workspace/airflow/airflow_env/lib/python3.6/site-packages/airflow/example_dags/subdags/subdag.py
[2021-11-19 11:32:47,945] {processor.py:634} WARNING - No viable dags retrieved from /home/user/workspace/airflow/airflow_env/lib/python3.6/site-packages/airflow/example_dags/subdags/subdag.py
[2021-11-19 11:32:47,949] {processor.py:171} INFO - Processing /home/user/workspace/airflow/airflow_env/lib/python3.6/site-packages/airflow/example_dags/subdags/subdag.py took 0.042 seconds
[2021-11-19 11:33:21,734] {processor.py:163} INFO - Started process (PID=9099) to work on /home/user/workspace/airflow/airflow_env/lib/python3.6/site-packages/airflow/example_dags/subdags/subdag.py
[2021-11-19 11:33:21,736] {processor.py:620} INFO - Processing file /home/user/workspace/airflow/airflow_env/lib/python3.6/site-packages/airflow/example_dags/subdags/subdag.py for tasks to queue
[2021-11-19 11:33:21,737] {logging_mixin.py:109} INFO - [2021-11-19 11:33:21,737] {dagbag.py:500} INFO - Filling up the DagBag from /home/user/workspace/airflow/airflow_env/lib/python3.6/site-packages/airflow/example_dags/subdags/subdag.py
[2021-11-19 11:33:21,769] {processor.py:634} WARNING - No viable dags retrieved from /home/user/workspace/airflow/airflow_env/lib/python3.6/site-packages/airflow/example_dags/subdags/subdag.py
[2021-11-19 11:33:21,776] {processor.py:171} INFO - Processing /home/user/workspace/airflow/airflow_env/lib/python3.6/site-packages/airflow/example_dags/subdags/subdag.py took 0.048 seconds
[2021-11-19 11:33:54,539] {processor.py:163} INFO - Started process (PID=9772) to work on /home/user/workspace/airflow/airflow_env/lib/python3.6/site-packages/airflow/example_dags/subdags/subdag.py
[2021-11-19 11:33:54,540] {processor.py:620} INFO - Processing file /home/user/workspace/airflow/airflow_env/lib/python3.6/site-packages/airflow/example_dags/subdags/subdag.py for tasks to queue
[2021-11-19 11:33:54,540] {logging_mixin.py:109} INFO - [2021-11-19 11:33:54,540] {dagbag.py:500} INFO - Filling up the DagBag from /home/user/workspace/airflow/airflow_env/lib/python3.6/site-packages/airflow/example_dags/subdags/subdag.py
[2021-11-19 11:33:54,560] {processor.py:634} WARNING - No viable dags retrieved from /home/user/workspace/airflow/airflow_env/lib/python3.6/site-packages/airflow/example_dags/subdags/subdag.py
[2021-11-19 11:33:54,565] {processor.py:171} INFO - Processing /home/user/workspace/airflow/airflow_env/lib/python3.6/site-packages/airflow/example_dags/subdags/subdag.py took 0.029 seconds
[2021-11-19 11:34:26,585] {processor.py:163} INFO - Started process (PID=10428) to work on /home/user/workspace/airflow/airflow_env/lib/python3.6/site-packages/airflow/example_dags/subdags/subdag.py
[2021-11-19 11:34:26,586] {processor.py:620} INFO - Processing file /home/user/workspace/airflow/airflow_env/lib/python3.6/site-packages/airflow/example_dags/subdags/subdag.py for tasks to queue
[2021-11-19 11:34:26,587] {logging_mixin.py:109} INFO - [2021-11-19 11:34:26,587] {dagbag.py:500} INFO - Filling up the DagBag from /home/user/workspace/airflow/airflow_env/lib/python3.6/site-packages/airflow/example_dags/subdags/subdag.py
[2021-11-19 11:34:26,609] {processor.py:634} WARNING - No viable dags retrieved from /home/user/workspace/airflow/airflow_env/lib/python3.6/site-packages/airflow/example_dags/subdags/subdag.py
[2021-11-19 11:34:26,613] {processor.py:171} INFO - Processing /home/user/workspace/airflow/airflow_env/lib/python3.6/site-packages/airflow/example_dags/subdags/subdag.py took 0.032 seconds
