[2021-10-14 17:35:32,498] {taskinstance.py:1035} INFO - Dependencies all met for <TaskInstance: example_variables.get_variable_json manual__2021-10-14T12:05:14.047910+00:00 [queued]>
[2021-10-14 17:35:32,549] {taskinstance.py:1035} INFO - Dependencies all met for <TaskInstance: example_variables.get_variable_json manual__2021-10-14T12:05:14.047910+00:00 [queued]>
[2021-10-14 17:35:32,550] {taskinstance.py:1241} INFO - 
--------------------------------------------------------------------------------
[2021-10-14 17:35:32,551] {taskinstance.py:1242} INFO - Starting attempt 1 of 1
[2021-10-14 17:35:32,555] {taskinstance.py:1243} INFO - 
--------------------------------------------------------------------------------
[2021-10-14 17:35:32,609] {taskinstance.py:1262} INFO - Executing <Task(BashOperator): get_variable_json> on 2021-10-14 12:05:14.047910+00:00
[2021-10-14 17:35:32,617] {standard_task_runner.py:52} INFO - Started process 20661 to run task
[2021-10-14 17:35:32,624] {standard_task_runner.py:76} INFO - Running: ['airflow', 'tasks', 'run', 'example_variables', 'get_variable_json', 'manual__2021-10-14T12:05:14.047910+00:00', '--job-id', '71', '--raw', '--subdir', 'DAGS_FOLDER/variable.py', '--cfg-path', '/tmp/tmpwu6t7868', '--error-file', '/tmp/tmph7fhf5cr']
[2021-10-14 17:35:32,627] {standard_task_runner.py:77} INFO - Job 71: Subtask get_variable_json
[2021-10-14 17:35:32,667] {logging_mixin.py:109} INFO - Running <TaskInstance: example_variables.get_variable_json manual__2021-10-14T12:05:14.047910+00:00 [running]> on host user-Latitude-3410
[2021-10-14 17:35:32,702] {taskinstance.py:1414} INFO - Exporting the following env vars:
AIRFLOW_CTX_DAG_OWNER=airflow
AIRFLOW_CTX_DAG_ID=example_variables
AIRFLOW_CTX_TASK_ID=get_variable_json
AIRFLOW_CTX_EXECUTION_DATE=2021-10-14T12:05:14.047910+00:00
AIRFLOW_CTX_DAG_RUN_ID=manual__2021-10-14T12:05:14.047910+00:00
[2021-10-14 17:35:32,703] {subprocess.py:62} INFO - Tmp dir root location: 
 /tmp
[2021-10-14 17:35:32,703] {subprocess.py:74} INFO - Running command: ['bash', '-c', "echo {'var1': 'value1', 'var2': [1, 2, 3], 'var3': {'k': 'value3'}}"]
[2021-10-14 17:35:32,711] {subprocess.py:85} INFO - Output:
[2021-10-14 17:35:32,712] {subprocess.py:89} INFO - {var1: value1, var2: [1, 2, 3], var3: {k: value3}}
[2021-10-14 17:35:32,712] {subprocess.py:93} INFO - Command exited with return code 0
[2021-10-14 17:35:32,731] {taskinstance.py:1280} INFO - Marking task as SUCCESS. dag_id=example_variables, task_id=get_variable_json, execution_date=20211014T120514, start_date=20211014T120532, end_date=20211014T120532
[2021-10-14 17:35:32,759] {local_task_job.py:154} INFO - Task exited with return code 0
[2021-10-14 17:35:32,788] {local_task_job.py:264} INFO - 0 downstream tasks scheduled from follow-on schedule check
