[2021-11-02 15:55:17,511] {processor.py:163} INFO - Started process (PID=175216) to work on /home/linuxadmin/.local/lib/python3.6/site-packages/airflow/example_dags/example_skip_dag.py
[2021-11-02 15:55:17,512] {processor.py:620} INFO - Processing file /home/linuxadmin/.local/lib/python3.6/site-packages/airflow/example_dags/example_skip_dag.py for tasks to queue
[2021-11-02 15:55:17,513] {logging_mixin.py:109} INFO - [2021-11-02 15:55:17,513] {dagbag.py:500} INFO - Filling up the DagBag from /home/linuxadmin/.local/lib/python3.6/site-packages/airflow/example_dags/example_skip_dag.py
[2021-11-02 15:55:17,545] {processor.py:632} INFO - DAG(s) dict_keys(['example_skip_dag']) retrieved from /home/linuxadmin/.local/lib/python3.6/site-packages/airflow/example_dags/example_skip_dag.py
[2021-11-02 15:55:17,558] {logging_mixin.py:109} INFO - [2021-11-02 15:55:17,558] {dag.py:2389} INFO - Sync 1 DAGs
[2021-11-02 15:55:17,581] {logging_mixin.py:109} INFO - [2021-11-02 15:55:17,580] {dag.py:2921} INFO - Setting next_dagrun for example_skip_dag to 2021-11-01T10:25:17.580550+00:00
[2021-11-02 15:55:17,592] {processor.py:171} INFO - Processing /home/linuxadmin/.local/lib/python3.6/site-packages/airflow/example_dags/example_skip_dag.py took 0.085 seconds
[2021-11-02 15:55:23,018] {processor.py:163} INFO - Started process (PID=175341) to work on /home/linuxadmin/.local/lib/python3.6/site-packages/airflow/example_dags/example_skip_dag.py
[2021-11-02 15:55:23,019] {processor.py:620} INFO - Processing file /home/linuxadmin/.local/lib/python3.6/site-packages/airflow/example_dags/example_skip_dag.py for tasks to queue
[2021-11-02 15:55:23,020] {logging_mixin.py:109} INFO - [2021-11-02 15:55:23,020] {dagbag.py:500} INFO - Filling up the DagBag from /home/linuxadmin/.local/lib/python3.6/site-packages/airflow/example_dags/example_skip_dag.py
[2021-11-02 15:55:23,059] {processor.py:632} INFO - DAG(s) dict_keys(['example_skip_dag']) retrieved from /home/linuxadmin/.local/lib/python3.6/site-packages/airflow/example_dags/example_skip_dag.py
[2021-11-02 15:55:23,072] {logging_mixin.py:109} INFO - [2021-11-02 15:55:23,072] {dag.py:2389} INFO - Sync 1 DAGs
[2021-11-02 15:55:23,093] {logging_mixin.py:109} INFO - [2021-11-02 15:55:23,093] {dag.py:2921} INFO - Setting next_dagrun for example_skip_dag to 2021-11-01T10:25:23.092891+00:00
[2021-11-02 15:55:23,105] {processor.py:171} INFO - Processing /home/linuxadmin/.local/lib/python3.6/site-packages/airflow/example_dags/example_skip_dag.py took 0.093 seconds
[2021-11-02 15:55:27,106] {processor.py:163} INFO - Started process (PID=175459) to work on /home/linuxadmin/.local/lib/python3.6/site-packages/airflow/example_dags/example_skip_dag.py
[2021-11-02 15:55:27,108] {processor.py:620} INFO - Processing file /home/linuxadmin/.local/lib/python3.6/site-packages/airflow/example_dags/example_skip_dag.py for tasks to queue
[2021-11-02 15:55:27,109] {logging_mixin.py:109} INFO - [2021-11-02 15:55:27,108] {dagbag.py:500} INFO - Filling up the DagBag from /home/linuxadmin/.local/lib/python3.6/site-packages/airflow/example_dags/example_skip_dag.py
[2021-11-02 15:55:27,147] {processor.py:632} INFO - DAG(s) dict_keys(['example_skip_dag']) retrieved from /home/linuxadmin/.local/lib/python3.6/site-packages/airflow/example_dags/example_skip_dag.py
[2021-11-02 15:55:27,164] {logging_mixin.py:109} INFO - [2021-11-02 15:55:27,164] {dag.py:2389} INFO - Sync 1 DAGs
[2021-11-02 15:55:27,192] {logging_mixin.py:109} INFO - [2021-11-02 15:55:27,192] {dag.py:2921} INFO - Setting next_dagrun for example_skip_dag to 2021-11-01T10:25:27.191594+00:00
[2021-11-02 15:55:27,208] {processor.py:171} INFO - Processing /home/linuxadmin/.local/lib/python3.6/site-packages/airflow/example_dags/example_skip_dag.py took 0.107 seconds
[2021-11-02 15:55:31,655] {processor.py:163} INFO - Started process (PID=175584) to work on /home/linuxadmin/.local/lib/python3.6/site-packages/airflow/example_dags/example_skip_dag.py
[2021-11-02 15:55:31,656] {processor.py:620} INFO - Processing file /home/linuxadmin/.local/lib/python3.6/site-packages/airflow/example_dags/example_skip_dag.py for tasks to queue
[2021-11-02 15:55:31,657] {logging_mixin.py:109} INFO - [2021-11-02 15:55:31,657] {dagbag.py:500} INFO - Filling up the DagBag from /home/linuxadmin/.local/lib/python3.6/site-packages/airflow/example_dags/example_skip_dag.py
[2021-11-02 15:55:31,705] {processor.py:632} INFO - DAG(s) dict_keys(['example_skip_dag']) retrieved from /home/linuxadmin/.local/lib/python3.6/site-packages/airflow/example_dags/example_skip_dag.py
[2021-11-02 15:55:31,723] {logging_mixin.py:109} INFO - [2021-11-02 15:55:31,723] {dag.py:2389} INFO - Sync 1 DAGs
[2021-11-02 15:55:31,755] {logging_mixin.py:109} INFO - [2021-11-02 15:55:31,755] {dag.py:2921} INFO - Setting next_dagrun for example_skip_dag to 2021-11-01T10:25:31.755238+00:00
[2021-11-02 15:55:31,771] {processor.py:171} INFO - Processing /home/linuxadmin/.local/lib/python3.6/site-packages/airflow/example_dags/example_skip_dag.py took 0.123 seconds
[2021-11-02 15:55:36,271] {processor.py:163} INFO - Started process (PID=175704) to work on /home/linuxadmin/.local/lib/python3.6/site-packages/airflow/example_dags/example_skip_dag.py
[2021-11-02 15:55:36,273] {processor.py:620} INFO - Processing file /home/linuxadmin/.local/lib/python3.6/site-packages/airflow/example_dags/example_skip_dag.py for tasks to queue
[2021-11-02 15:55:36,274] {logging_mixin.py:109} INFO - [2021-11-02 15:55:36,274] {dagbag.py:500} INFO - Filling up the DagBag from /home/linuxadmin/.local/lib/python3.6/site-packages/airflow/example_dags/example_skip_dag.py
[2021-11-02 15:55:36,320] {processor.py:632} INFO - DAG(s) dict_keys(['example_skip_dag']) retrieved from /home/linuxadmin/.local/lib/python3.6/site-packages/airflow/example_dags/example_skip_dag.py
[2021-11-02 15:55:36,335] {logging_mixin.py:109} INFO - [2021-11-02 15:55:36,334] {dag.py:2389} INFO - Sync 1 DAGs
[2021-11-02 15:55:36,360] {logging_mixin.py:109} INFO - [2021-11-02 15:55:36,359] {dag.py:2921} INFO - Setting next_dagrun for example_skip_dag to 2021-11-01T10:25:36.359416+00:00
[2021-11-02 15:55:36,375] {processor.py:171} INFO - Processing /home/linuxadmin/.local/lib/python3.6/site-packages/airflow/example_dags/example_skip_dag.py took 0.109 seconds
[2021-11-02 15:55:40,793] {processor.py:163} INFO - Started process (PID=175825) to work on /home/linuxadmin/.local/lib/python3.6/site-packages/airflow/example_dags/example_skip_dag.py
[2021-11-02 15:55:40,794] {processor.py:620} INFO - Processing file /home/linuxadmin/.local/lib/python3.6/site-packages/airflow/example_dags/example_skip_dag.py for tasks to queue
[2021-11-02 15:55:40,795] {logging_mixin.py:109} INFO - [2021-11-02 15:55:40,795] {dagbag.py:500} INFO - Filling up the DagBag from /home/linuxadmin/.local/lib/python3.6/site-packages/airflow/example_dags/example_skip_dag.py
[2021-11-02 15:55:40,835] {processor.py:632} INFO - DAG(s) dict_keys(['example_skip_dag']) retrieved from /home/linuxadmin/.local/lib/python3.6/site-packages/airflow/example_dags/example_skip_dag.py
[2021-11-02 15:55:40,852] {logging_mixin.py:109} INFO - [2021-11-02 15:55:40,852] {dag.py:2389} INFO - Sync 1 DAGs
[2021-11-02 15:55:40,882] {logging_mixin.py:109} INFO - [2021-11-02 15:55:40,882] {dag.py:2921} INFO - Setting next_dagrun for example_skip_dag to 2021-11-01T10:25:40.882019+00:00
[2021-11-02 15:55:40,894] {processor.py:171} INFO - Processing /home/linuxadmin/.local/lib/python3.6/site-packages/airflow/example_dags/example_skip_dag.py took 0.107 seconds
[2021-11-02 15:55:44,675] {processor.py:163} INFO - Started process (PID=175942) to work on /home/linuxadmin/.local/lib/python3.6/site-packages/airflow/example_dags/example_skip_dag.py
[2021-11-02 15:55:44,677] {processor.py:620} INFO - Processing file /home/linuxadmin/.local/lib/python3.6/site-packages/airflow/example_dags/example_skip_dag.py for tasks to queue
[2021-11-02 15:55:44,677] {logging_mixin.py:109} INFO - [2021-11-02 15:55:44,677] {dagbag.py:500} INFO - Filling up the DagBag from /home/linuxadmin/.local/lib/python3.6/site-packages/airflow/example_dags/example_skip_dag.py
[2021-11-02 15:55:44,713] {processor.py:632} INFO - DAG(s) dict_keys(['example_skip_dag']) retrieved from /home/linuxadmin/.local/lib/python3.6/site-packages/airflow/example_dags/example_skip_dag.py
[2021-11-02 15:55:44,726] {logging_mixin.py:109} INFO - [2021-11-02 15:55:44,726] {dag.py:2389} INFO - Sync 1 DAGs
[2021-11-02 15:55:44,750] {logging_mixin.py:109} INFO - [2021-11-02 15:55:44,750] {dag.py:2921} INFO - Setting next_dagrun for example_skip_dag to 2021-11-01T10:25:44.750135+00:00
[2021-11-02 15:55:44,764] {processor.py:171} INFO - Processing /home/linuxadmin/.local/lib/python3.6/site-packages/airflow/example_dags/example_skip_dag.py took 0.095 seconds
[2021-11-02 15:55:49,112] {processor.py:163} INFO - Started process (PID=176067) to work on /home/linuxadmin/.local/lib/python3.6/site-packages/airflow/example_dags/example_skip_dag.py
[2021-11-02 15:55:49,115] {processor.py:620} INFO - Processing file /home/linuxadmin/.local/lib/python3.6/site-packages/airflow/example_dags/example_skip_dag.py for tasks to queue
[2021-11-02 15:55:49,116] {logging_mixin.py:109} INFO - [2021-11-02 15:55:49,116] {dagbag.py:500} INFO - Filling up the DagBag from /home/linuxadmin/.local/lib/python3.6/site-packages/airflow/example_dags/example_skip_dag.py
[2021-11-02 15:55:49,155] {processor.py:632} INFO - DAG(s) dict_keys(['example_skip_dag']) retrieved from /home/linuxadmin/.local/lib/python3.6/site-packages/airflow/example_dags/example_skip_dag.py
[2021-11-02 15:55:49,171] {logging_mixin.py:109} INFO - [2021-11-02 15:55:49,171] {dag.py:2389} INFO - Sync 1 DAGs
[2021-11-02 15:55:49,197] {logging_mixin.py:109} INFO - [2021-11-02 15:55:49,197] {dag.py:2921} INFO - Setting next_dagrun for example_skip_dag to 2021-11-01T10:25:49.196769+00:00
[2021-11-02 15:55:49,211] {processor.py:171} INFO - Processing /home/linuxadmin/.local/lib/python3.6/site-packages/airflow/example_dags/example_skip_dag.py took 0.104 seconds
[2021-11-02 15:55:54,088] {processor.py:163} INFO - Started process (PID=176188) to work on /home/linuxadmin/.local/lib/python3.6/site-packages/airflow/example_dags/example_skip_dag.py
[2021-11-02 15:55:54,089] {processor.py:620} INFO - Processing file /home/linuxadmin/.local/lib/python3.6/site-packages/airflow/example_dags/example_skip_dag.py for tasks to queue
[2021-11-02 15:55:54,090] {logging_mixin.py:109} INFO - [2021-11-02 15:55:54,090] {dagbag.py:500} INFO - Filling up the DagBag from /home/linuxadmin/.local/lib/python3.6/site-packages/airflow/example_dags/example_skip_dag.py
[2021-11-02 15:55:54,127] {processor.py:632} INFO - DAG(s) dict_keys(['example_skip_dag']) retrieved from /home/linuxadmin/.local/lib/python3.6/site-packages/airflow/example_dags/example_skip_dag.py
[2021-11-02 15:55:54,143] {logging_mixin.py:109} INFO - [2021-11-02 15:55:54,143] {dag.py:2389} INFO - Sync 1 DAGs
[2021-11-02 15:55:54,166] {logging_mixin.py:109} INFO - [2021-11-02 15:55:54,166] {dag.py:2921} INFO - Setting next_dagrun for example_skip_dag to 2021-11-01T10:25:54.166115+00:00
[2021-11-02 15:55:54,178] {processor.py:171} INFO - Processing /home/linuxadmin/.local/lib/python3.6/site-packages/airflow/example_dags/example_skip_dag.py took 0.095 seconds
[2021-11-02 15:55:58,724] {processor.py:163} INFO - Started process (PID=176308) to work on /home/linuxadmin/.local/lib/python3.6/site-packages/airflow/example_dags/example_skip_dag.py
[2021-11-02 15:55:58,726] {processor.py:620} INFO - Processing file /home/linuxadmin/.local/lib/python3.6/site-packages/airflow/example_dags/example_skip_dag.py for tasks to queue
[2021-11-02 15:55:58,727] {logging_mixin.py:109} INFO - [2021-11-02 15:55:58,726] {dagbag.py:500} INFO - Filling up the DagBag from /home/linuxadmin/.local/lib/python3.6/site-packages/airflow/example_dags/example_skip_dag.py
[2021-11-02 15:55:58,766] {processor.py:632} INFO - DAG(s) dict_keys(['example_skip_dag']) retrieved from /home/linuxadmin/.local/lib/python3.6/site-packages/airflow/example_dags/example_skip_dag.py
[2021-11-02 15:55:58,783] {logging_mixin.py:109} INFO - [2021-11-02 15:55:58,783] {dag.py:2389} INFO - Sync 1 DAGs
[2021-11-02 15:55:58,814] {logging_mixin.py:109} INFO - [2021-11-02 15:55:58,814] {dag.py:2921} INFO - Setting next_dagrun for example_skip_dag to 2021-11-01T10:25:58.814268+00:00
[2021-11-02 15:55:58,831] {processor.py:171} INFO - Processing /home/linuxadmin/.local/lib/python3.6/site-packages/airflow/example_dags/example_skip_dag.py took 0.113 seconds
[2021-11-02 15:56:03,265] {processor.py:163} INFO - Started process (PID=176429) to work on /home/linuxadmin/.local/lib/python3.6/site-packages/airflow/example_dags/example_skip_dag.py
[2021-11-02 15:56:03,266] {processor.py:620} INFO - Processing file /home/linuxadmin/.local/lib/python3.6/site-packages/airflow/example_dags/example_skip_dag.py for tasks to queue
[2021-11-02 15:56:03,267] {logging_mixin.py:109} INFO - [2021-11-02 15:56:03,267] {dagbag.py:500} INFO - Filling up the DagBag from /home/linuxadmin/.local/lib/python3.6/site-packages/airflow/example_dags/example_skip_dag.py
[2021-11-02 15:56:03,301] {processor.py:632} INFO - DAG(s) dict_keys(['example_skip_dag']) retrieved from /home/linuxadmin/.local/lib/python3.6/site-packages/airflow/example_dags/example_skip_dag.py
[2021-11-02 15:56:03,314] {logging_mixin.py:109} INFO - [2021-11-02 15:56:03,313] {dag.py:2389} INFO - Sync 1 DAGs
[2021-11-02 15:56:03,343] {logging_mixin.py:109} INFO - [2021-11-02 15:56:03,343] {dag.py:2921} INFO - Setting next_dagrun for example_skip_dag to 2021-11-01T10:26:03.343234+00:00
[2021-11-02 15:56:03,355] {processor.py:171} INFO - Processing /home/linuxadmin/.local/lib/python3.6/site-packages/airflow/example_dags/example_skip_dag.py took 0.096 seconds
[2021-11-02 15:56:08,125] {processor.py:163} INFO - Started process (PID=176553) to work on /home/linuxadmin/.local/lib/python3.6/site-packages/airflow/example_dags/example_skip_dag.py
[2021-11-02 15:56:08,127] {processor.py:620} INFO - Processing file /home/linuxadmin/.local/lib/python3.6/site-packages/airflow/example_dags/example_skip_dag.py for tasks to queue
[2021-11-02 15:56:08,128] {logging_mixin.py:109} INFO - [2021-11-02 15:56:08,128] {dagbag.py:500} INFO - Filling up the DagBag from /home/linuxadmin/.local/lib/python3.6/site-packages/airflow/example_dags/example_skip_dag.py
[2021-11-02 15:56:08,168] {processor.py:632} INFO - DAG(s) dict_keys(['example_skip_dag']) retrieved from /home/linuxadmin/.local/lib/python3.6/site-packages/airflow/example_dags/example_skip_dag.py
[2021-11-02 15:56:08,192] {logging_mixin.py:109} INFO - [2021-11-02 15:56:08,192] {dag.py:2389} INFO - Sync 1 DAGs
[2021-11-02 15:56:08,220] {logging_mixin.py:109} INFO - [2021-11-02 15:56:08,220] {dag.py:2921} INFO - Setting next_dagrun for example_skip_dag to 2021-11-01T10:26:08.219665+00:00
[2021-11-02 15:56:08,234] {processor.py:171} INFO - Processing /home/linuxadmin/.local/lib/python3.6/site-packages/airflow/example_dags/example_skip_dag.py took 0.114 seconds
[2021-11-02 15:56:12,824] {processor.py:163} INFO - Started process (PID=176675) to work on /home/linuxadmin/.local/lib/python3.6/site-packages/airflow/example_dags/example_skip_dag.py
[2021-11-02 15:56:12,825] {processor.py:620} INFO - Processing file /home/linuxadmin/.local/lib/python3.6/site-packages/airflow/example_dags/example_skip_dag.py for tasks to queue
[2021-11-02 15:56:12,826] {logging_mixin.py:109} INFO - [2021-11-02 15:56:12,826] {dagbag.py:500} INFO - Filling up the DagBag from /home/linuxadmin/.local/lib/python3.6/site-packages/airflow/example_dags/example_skip_dag.py
[2021-11-02 15:56:12,866] {processor.py:632} INFO - DAG(s) dict_keys(['example_skip_dag']) retrieved from /home/linuxadmin/.local/lib/python3.6/site-packages/airflow/example_dags/example_skip_dag.py
[2021-11-02 15:56:12,881] {logging_mixin.py:109} INFO - [2021-11-02 15:56:12,881] {dag.py:2389} INFO - Sync 1 DAGs
[2021-11-02 15:56:12,915] {logging_mixin.py:109} INFO - [2021-11-02 15:56:12,915] {dag.py:2921} INFO - Setting next_dagrun for example_skip_dag to 2021-11-01T10:26:12.914653+00:00
[2021-11-02 15:56:12,931] {processor.py:171} INFO - Processing /home/linuxadmin/.local/lib/python3.6/site-packages/airflow/example_dags/example_skip_dag.py took 0.112 seconds
[2021-11-02 15:56:16,995] {processor.py:163} INFO - Started process (PID=176795) to work on /home/linuxadmin/.local/lib/python3.6/site-packages/airflow/example_dags/example_skip_dag.py
[2021-11-02 15:56:16,996] {processor.py:620} INFO - Processing file /home/linuxadmin/.local/lib/python3.6/site-packages/airflow/example_dags/example_skip_dag.py for tasks to queue
[2021-11-02 15:56:16,997] {logging_mixin.py:109} INFO - [2021-11-02 15:56:16,997] {dagbag.py:500} INFO - Filling up the DagBag from /home/linuxadmin/.local/lib/python3.6/site-packages/airflow/example_dags/example_skip_dag.py
[2021-11-02 15:56:17,030] {processor.py:632} INFO - DAG(s) dict_keys(['example_skip_dag']) retrieved from /home/linuxadmin/.local/lib/python3.6/site-packages/airflow/example_dags/example_skip_dag.py
[2021-11-02 15:56:17,044] {logging_mixin.py:109} INFO - [2021-11-02 15:56:17,044] {dag.py:2389} INFO - Sync 1 DAGs
[2021-11-02 15:56:17,067] {logging_mixin.py:109} INFO - [2021-11-02 15:56:17,067] {dag.py:2921} INFO - Setting next_dagrun for example_skip_dag to 2021-11-01T10:26:17.066795+00:00
[2021-11-02 15:56:17,079] {processor.py:171} INFO - Processing /home/linuxadmin/.local/lib/python3.6/site-packages/airflow/example_dags/example_skip_dag.py took 0.088 seconds
[2021-11-02 15:56:21,536] {processor.py:163} INFO - Started process (PID=176918) to work on /home/linuxadmin/.local/lib/python3.6/site-packages/airflow/example_dags/example_skip_dag.py
[2021-11-02 15:56:21,538] {processor.py:620} INFO - Processing file /home/linuxadmin/.local/lib/python3.6/site-packages/airflow/example_dags/example_skip_dag.py for tasks to queue
[2021-11-02 15:56:21,539] {logging_mixin.py:109} INFO - [2021-11-02 15:56:21,538] {dagbag.py:500} INFO - Filling up the DagBag from /home/linuxadmin/.local/lib/python3.6/site-packages/airflow/example_dags/example_skip_dag.py
[2021-11-02 15:56:21,578] {processor.py:632} INFO - DAG(s) dict_keys(['example_skip_dag']) retrieved from /home/linuxadmin/.local/lib/python3.6/site-packages/airflow/example_dags/example_skip_dag.py
[2021-11-02 15:56:21,595] {logging_mixin.py:109} INFO - [2021-11-02 15:56:21,595] {dag.py:2389} INFO - Sync 1 DAGs
[2021-11-02 15:56:21,622] {logging_mixin.py:109} INFO - [2021-11-02 15:56:21,621] {dag.py:2921} INFO - Setting next_dagrun for example_skip_dag to 2021-11-01T10:26:21.621266+00:00
[2021-11-02 15:56:21,634] {processor.py:171} INFO - Processing /home/linuxadmin/.local/lib/python3.6/site-packages/airflow/example_dags/example_skip_dag.py took 0.103 seconds
[2021-11-02 15:56:26,426] {processor.py:163} INFO - Started process (PID=177035) to work on /home/linuxadmin/.local/lib/python3.6/site-packages/airflow/example_dags/example_skip_dag.py
[2021-11-02 15:56:26,429] {processor.py:620} INFO - Processing file /home/linuxadmin/.local/lib/python3.6/site-packages/airflow/example_dags/example_skip_dag.py for tasks to queue
[2021-11-02 15:56:26,430] {logging_mixin.py:109} INFO - [2021-11-02 15:56:26,430] {dagbag.py:500} INFO - Filling up the DagBag from /home/linuxadmin/.local/lib/python3.6/site-packages/airflow/example_dags/example_skip_dag.py
[2021-11-02 15:56:26,472] {processor.py:632} INFO - DAG(s) dict_keys(['example_skip_dag']) retrieved from /home/linuxadmin/.local/lib/python3.6/site-packages/airflow/example_dags/example_skip_dag.py
[2021-11-02 15:56:26,488] {logging_mixin.py:109} INFO - [2021-11-02 15:56:26,488] {dag.py:2389} INFO - Sync 1 DAGs
[2021-11-02 15:56:26,517] {logging_mixin.py:109} INFO - [2021-11-02 15:56:26,517] {dag.py:2921} INFO - Setting next_dagrun for example_skip_dag to 2021-11-01T10:26:26.516953+00:00
[2021-11-02 15:56:26,530] {processor.py:171} INFO - Processing /home/linuxadmin/.local/lib/python3.6/site-packages/airflow/example_dags/example_skip_dag.py took 0.110 seconds
[2021-11-02 15:56:30,971] {processor.py:163} INFO - Started process (PID=177158) to work on /home/linuxadmin/.local/lib/python3.6/site-packages/airflow/example_dags/example_skip_dag.py
[2021-11-02 15:56:30,973] {processor.py:620} INFO - Processing file /home/linuxadmin/.local/lib/python3.6/site-packages/airflow/example_dags/example_skip_dag.py for tasks to queue
[2021-11-02 15:56:30,974] {logging_mixin.py:109} INFO - [2021-11-02 15:56:30,973] {dagbag.py:500} INFO - Filling up the DagBag from /home/linuxadmin/.local/lib/python3.6/site-packages/airflow/example_dags/example_skip_dag.py
[2021-11-02 15:56:31,021] {processor.py:632} INFO - DAG(s) dict_keys(['example_skip_dag']) retrieved from /home/linuxadmin/.local/lib/python3.6/site-packages/airflow/example_dags/example_skip_dag.py
[2021-11-02 15:56:31,037] {logging_mixin.py:109} INFO - [2021-11-02 15:56:31,036] {dag.py:2389} INFO - Sync 1 DAGs
[2021-11-02 15:56:31,062] {logging_mixin.py:109} INFO - [2021-11-02 15:56:31,062] {dag.py:2921} INFO - Setting next_dagrun for example_skip_dag to 2021-11-01T10:26:31.062079+00:00
[2021-11-02 15:56:31,077] {processor.py:171} INFO - Processing /home/linuxadmin/.local/lib/python3.6/site-packages/airflow/example_dags/example_skip_dag.py took 0.111 seconds
[2021-11-02 15:56:34,917] {processor.py:163} INFO - Started process (PID=177277) to work on /home/linuxadmin/.local/lib/python3.6/site-packages/airflow/example_dags/example_skip_dag.py
[2021-11-02 15:56:34,918] {processor.py:620} INFO - Processing file /home/linuxadmin/.local/lib/python3.6/site-packages/airflow/example_dags/example_skip_dag.py for tasks to queue
[2021-11-02 15:56:34,919] {logging_mixin.py:109} INFO - [2021-11-02 15:56:34,919] {dagbag.py:500} INFO - Filling up the DagBag from /home/linuxadmin/.local/lib/python3.6/site-packages/airflow/example_dags/example_skip_dag.py
[2021-11-02 15:56:34,967] {processor.py:632} INFO - DAG(s) dict_keys(['example_skip_dag']) retrieved from /home/linuxadmin/.local/lib/python3.6/site-packages/airflow/example_dags/example_skip_dag.py
[2021-11-02 15:56:34,981] {logging_mixin.py:109} INFO - [2021-11-02 15:56:34,981] {dag.py:2389} INFO - Sync 1 DAGs
[2021-11-02 15:56:35,008] {logging_mixin.py:109} INFO - [2021-11-02 15:56:35,007] {dag.py:2921} INFO - Setting next_dagrun for example_skip_dag to 2021-11-01T10:26:35.007328+00:00
[2021-11-02 15:56:35,021] {processor.py:171} INFO - Processing /home/linuxadmin/.local/lib/python3.6/site-packages/airflow/example_dags/example_skip_dag.py took 0.110 seconds
[2021-11-02 15:56:39,341] {processor.py:163} INFO - Started process (PID=177400) to work on /home/linuxadmin/.local/lib/python3.6/site-packages/airflow/example_dags/example_skip_dag.py
[2021-11-02 15:56:39,343] {processor.py:620} INFO - Processing file /home/linuxadmin/.local/lib/python3.6/site-packages/airflow/example_dags/example_skip_dag.py for tasks to queue
[2021-11-02 15:56:39,344] {logging_mixin.py:109} INFO - [2021-11-02 15:56:39,344] {dagbag.py:500} INFO - Filling up the DagBag from /home/linuxadmin/.local/lib/python3.6/site-packages/airflow/example_dags/example_skip_dag.py
[2021-11-02 15:56:39,386] {processor.py:632} INFO - DAG(s) dict_keys(['example_skip_dag']) retrieved from /home/linuxadmin/.local/lib/python3.6/site-packages/airflow/example_dags/example_skip_dag.py
[2021-11-02 15:56:39,398] {logging_mixin.py:109} INFO - [2021-11-02 15:56:39,398] {dag.py:2389} INFO - Sync 1 DAGs
[2021-11-02 15:56:39,420] {logging_mixin.py:109} INFO - [2021-11-02 15:56:39,420] {dag.py:2921} INFO - Setting next_dagrun for example_skip_dag to 2021-11-01T10:26:39.420095+00:00
[2021-11-02 15:56:39,433] {processor.py:171} INFO - Processing /home/linuxadmin/.local/lib/python3.6/site-packages/airflow/example_dags/example_skip_dag.py took 0.097 seconds
[2021-11-02 15:56:43,319] {processor.py:163} INFO - Started process (PID=177519) to work on /home/linuxadmin/.local/lib/python3.6/site-packages/airflow/example_dags/example_skip_dag.py
[2021-11-02 15:56:43,321] {processor.py:620} INFO - Processing file /home/linuxadmin/.local/lib/python3.6/site-packages/airflow/example_dags/example_skip_dag.py for tasks to queue
[2021-11-02 15:56:43,321] {logging_mixin.py:109} INFO - [2021-11-02 15:56:43,321] {dagbag.py:500} INFO - Filling up the DagBag from /home/linuxadmin/.local/lib/python3.6/site-packages/airflow/example_dags/example_skip_dag.py
[2021-11-02 15:56:43,358] {processor.py:632} INFO - DAG(s) dict_keys(['example_skip_dag']) retrieved from /home/linuxadmin/.local/lib/python3.6/site-packages/airflow/example_dags/example_skip_dag.py
[2021-11-02 15:56:43,376] {logging_mixin.py:109} INFO - [2021-11-02 15:56:43,376] {dag.py:2389} INFO - Sync 1 DAGs
[2021-11-02 15:56:43,402] {logging_mixin.py:109} INFO - [2021-11-02 15:56:43,402] {dag.py:2921} INFO - Setting next_dagrun for example_skip_dag to 2021-11-01T10:26:43.401956+00:00
[2021-11-02 15:56:43,415] {processor.py:171} INFO - Processing /home/linuxadmin/.local/lib/python3.6/site-packages/airflow/example_dags/example_skip_dag.py took 0.100 seconds
[2021-11-02 15:56:47,699] {processor.py:163} INFO - Started process (PID=177643) to work on /home/linuxadmin/.local/lib/python3.6/site-packages/airflow/example_dags/example_skip_dag.py
[2021-11-02 15:56:47,700] {processor.py:620} INFO - Processing file /home/linuxadmin/.local/lib/python3.6/site-packages/airflow/example_dags/example_skip_dag.py for tasks to queue
[2021-11-02 15:56:47,701] {logging_mixin.py:109} INFO - [2021-11-02 15:56:47,701] {dagbag.py:500} INFO - Filling up the DagBag from /home/linuxadmin/.local/lib/python3.6/site-packages/airflow/example_dags/example_skip_dag.py
[2021-11-02 15:56:47,745] {processor.py:632} INFO - DAG(s) dict_keys(['example_skip_dag']) retrieved from /home/linuxadmin/.local/lib/python3.6/site-packages/airflow/example_dags/example_skip_dag.py
[2021-11-02 15:56:47,757] {logging_mixin.py:109} INFO - [2021-11-02 15:56:47,757] {dag.py:2389} INFO - Sync 1 DAGs
[2021-11-02 15:56:47,781] {logging_mixin.py:109} INFO - [2021-11-02 15:56:47,781] {dag.py:2921} INFO - Setting next_dagrun for example_skip_dag to 2021-11-01T10:26:47.780952+00:00
[2021-11-02 15:56:47,795] {processor.py:171} INFO - Processing /home/linuxadmin/.local/lib/python3.6/site-packages/airflow/example_dags/example_skip_dag.py took 0.101 seconds
[2021-11-02 15:56:51,827] {processor.py:163} INFO - Started process (PID=177763) to work on /home/linuxadmin/.local/lib/python3.6/site-packages/airflow/example_dags/example_skip_dag.py
[2021-11-02 15:56:51,828] {processor.py:620} INFO - Processing file /home/linuxadmin/.local/lib/python3.6/site-packages/airflow/example_dags/example_skip_dag.py for tasks to queue
[2021-11-02 15:56:51,829] {logging_mixin.py:109} INFO - [2021-11-02 15:56:51,829] {dagbag.py:500} INFO - Filling up the DagBag from /home/linuxadmin/.local/lib/python3.6/site-packages/airflow/example_dags/example_skip_dag.py
[2021-11-02 15:56:51,875] {processor.py:632} INFO - DAG(s) dict_keys(['example_skip_dag']) retrieved from /home/linuxadmin/.local/lib/python3.6/site-packages/airflow/example_dags/example_skip_dag.py
[2021-11-02 15:56:51,903] {logging_mixin.py:109} INFO - [2021-11-02 15:56:51,903] {dag.py:2389} INFO - Sync 1 DAGs
[2021-11-02 15:56:51,932] {logging_mixin.py:109} INFO - [2021-11-02 15:56:51,932] {dag.py:2921} INFO - Setting next_dagrun for example_skip_dag to 2021-11-01T10:26:51.932241+00:00
[2021-11-02 15:56:51,947] {processor.py:171} INFO - Processing /home/linuxadmin/.local/lib/python3.6/site-packages/airflow/example_dags/example_skip_dag.py took 0.126 seconds
[2021-11-02 15:56:57,351] {processor.py:163} INFO - Started process (PID=177887) to work on /home/linuxadmin/.local/lib/python3.6/site-packages/airflow/example_dags/example_skip_dag.py
[2021-11-02 15:56:57,352] {processor.py:620} INFO - Processing file /home/linuxadmin/.local/lib/python3.6/site-packages/airflow/example_dags/example_skip_dag.py for tasks to queue
[2021-11-02 15:56:57,353] {logging_mixin.py:109} INFO - [2021-11-02 15:56:57,353] {dagbag.py:500} INFO - Filling up the DagBag from /home/linuxadmin/.local/lib/python3.6/site-packages/airflow/example_dags/example_skip_dag.py
[2021-11-02 15:56:57,388] {processor.py:632} INFO - DAG(s) dict_keys(['example_skip_dag']) retrieved from /home/linuxadmin/.local/lib/python3.6/site-packages/airflow/example_dags/example_skip_dag.py
[2021-11-02 15:56:57,408] {logging_mixin.py:109} INFO - [2021-11-02 15:56:57,408] {dag.py:2389} INFO - Sync 1 DAGs
[2021-11-02 15:56:57,432] {logging_mixin.py:109} INFO - [2021-11-02 15:56:57,431] {dag.py:2921} INFO - Setting next_dagrun for example_skip_dag to 2021-11-01T10:26:57.431589+00:00
[2021-11-02 15:56:57,443] {processor.py:171} INFO - Processing /home/linuxadmin/.local/lib/python3.6/site-packages/airflow/example_dags/example_skip_dag.py took 0.097 seconds
[2021-11-02 15:57:01,787] {processor.py:163} INFO - Started process (PID=178007) to work on /home/linuxadmin/.local/lib/python3.6/site-packages/airflow/example_dags/example_skip_dag.py
[2021-11-02 15:57:01,789] {processor.py:620} INFO - Processing file /home/linuxadmin/.local/lib/python3.6/site-packages/airflow/example_dags/example_skip_dag.py for tasks to queue
[2021-11-02 15:57:01,790] {logging_mixin.py:109} INFO - [2021-11-02 15:57:01,790] {dagbag.py:500} INFO - Filling up the DagBag from /home/linuxadmin/.local/lib/python3.6/site-packages/airflow/example_dags/example_skip_dag.py
[2021-11-02 15:57:01,831] {processor.py:632} INFO - DAG(s) dict_keys(['example_skip_dag']) retrieved from /home/linuxadmin/.local/lib/python3.6/site-packages/airflow/example_dags/example_skip_dag.py
[2021-11-02 15:57:01,844] {logging_mixin.py:109} INFO - [2021-11-02 15:57:01,843] {dag.py:2389} INFO - Sync 1 DAGs
[2021-11-02 15:57:01,867] {logging_mixin.py:109} INFO - [2021-11-02 15:57:01,867] {dag.py:2921} INFO - Setting next_dagrun for example_skip_dag to 2021-11-01T10:27:01.867307+00:00
[2021-11-02 15:57:01,880] {processor.py:171} INFO - Processing /home/linuxadmin/.local/lib/python3.6/site-packages/airflow/example_dags/example_skip_dag.py took 0.098 seconds
[2021-11-02 15:57:06,584] {processor.py:163} INFO - Started process (PID=178130) to work on /home/linuxadmin/.local/lib/python3.6/site-packages/airflow/example_dags/example_skip_dag.py
[2021-11-02 15:57:06,585] {processor.py:620} INFO - Processing file /home/linuxadmin/.local/lib/python3.6/site-packages/airflow/example_dags/example_skip_dag.py for tasks to queue
[2021-11-02 15:57:06,586] {logging_mixin.py:109} INFO - [2021-11-02 15:57:06,586] {dagbag.py:500} INFO - Filling up the DagBag from /home/linuxadmin/.local/lib/python3.6/site-packages/airflow/example_dags/example_skip_dag.py
[2021-11-02 15:57:06,618] {processor.py:632} INFO - DAG(s) dict_keys(['example_skip_dag']) retrieved from /home/linuxadmin/.local/lib/python3.6/site-packages/airflow/example_dags/example_skip_dag.py
[2021-11-02 15:57:06,635] {logging_mixin.py:109} INFO - [2021-11-02 15:57:06,635] {dag.py:2389} INFO - Sync 1 DAGs
[2021-11-02 15:57:06,661] {logging_mixin.py:109} INFO - [2021-11-02 15:57:06,661] {dag.py:2921} INFO - Setting next_dagrun for example_skip_dag to 2021-11-01T10:27:06.661181+00:00
[2021-11-02 15:57:06,673] {processor.py:171} INFO - Processing /home/linuxadmin/.local/lib/python3.6/site-packages/airflow/example_dags/example_skip_dag.py took 0.095 seconds
[2021-11-02 15:57:10,788] {processor.py:163} INFO - Started process (PID=178248) to work on /home/linuxadmin/.local/lib/python3.6/site-packages/airflow/example_dags/example_skip_dag.py
[2021-11-02 15:57:10,790] {processor.py:620} INFO - Processing file /home/linuxadmin/.local/lib/python3.6/site-packages/airflow/example_dags/example_skip_dag.py for tasks to queue
[2021-11-02 15:57:10,791] {logging_mixin.py:109} INFO - [2021-11-02 15:57:10,790] {dagbag.py:500} INFO - Filling up the DagBag from /home/linuxadmin/.local/lib/python3.6/site-packages/airflow/example_dags/example_skip_dag.py
[2021-11-02 15:57:10,824] {processor.py:632} INFO - DAG(s) dict_keys(['example_skip_dag']) retrieved from /home/linuxadmin/.local/lib/python3.6/site-packages/airflow/example_dags/example_skip_dag.py
[2021-11-02 15:57:10,837] {logging_mixin.py:109} INFO - [2021-11-02 15:57:10,837] {dag.py:2389} INFO - Sync 1 DAGs
[2021-11-02 15:57:10,859] {logging_mixin.py:109} INFO - [2021-11-02 15:57:10,859] {dag.py:2921} INFO - Setting next_dagrun for example_skip_dag to 2021-11-01T10:27:10.858863+00:00
[2021-11-02 15:57:10,870] {processor.py:171} INFO - Processing /home/linuxadmin/.local/lib/python3.6/site-packages/airflow/example_dags/example_skip_dag.py took 0.088 seconds
[2021-11-02 15:57:15,501] {processor.py:163} INFO - Started process (PID=178369) to work on /home/linuxadmin/.local/lib/python3.6/site-packages/airflow/example_dags/example_skip_dag.py
[2021-11-02 15:57:15,503] {processor.py:620} INFO - Processing file /home/linuxadmin/.local/lib/python3.6/site-packages/airflow/example_dags/example_skip_dag.py for tasks to queue
[2021-11-02 15:57:15,504] {logging_mixin.py:109} INFO - [2021-11-02 15:57:15,503] {dagbag.py:500} INFO - Filling up the DagBag from /home/linuxadmin/.local/lib/python3.6/site-packages/airflow/example_dags/example_skip_dag.py
[2021-11-02 15:57:15,546] {processor.py:632} INFO - DAG(s) dict_keys(['example_skip_dag']) retrieved from /home/linuxadmin/.local/lib/python3.6/site-packages/airflow/example_dags/example_skip_dag.py
[2021-11-02 15:57:15,560] {logging_mixin.py:109} INFO - [2021-11-02 15:57:15,559] {dag.py:2389} INFO - Sync 1 DAGs
[2021-11-02 15:57:15,587] {logging_mixin.py:109} INFO - [2021-11-02 15:57:15,586] {dag.py:2921} INFO - Setting next_dagrun for example_skip_dag to 2021-11-01T10:27:15.586616+00:00
[2021-11-02 15:57:15,597] {processor.py:171} INFO - Processing /home/linuxadmin/.local/lib/python3.6/site-packages/airflow/example_dags/example_skip_dag.py took 0.101 seconds
[2021-11-02 15:57:19,500] {processor.py:163} INFO - Started process (PID=178490) to work on /home/linuxadmin/.local/lib/python3.6/site-packages/airflow/example_dags/example_skip_dag.py
[2021-11-02 15:57:19,502] {processor.py:620} INFO - Processing file /home/linuxadmin/.local/lib/python3.6/site-packages/airflow/example_dags/example_skip_dag.py for tasks to queue
[2021-11-02 15:57:19,503] {logging_mixin.py:109} INFO - [2021-11-02 15:57:19,502] {dagbag.py:500} INFO - Filling up the DagBag from /home/linuxadmin/.local/lib/python3.6/site-packages/airflow/example_dags/example_skip_dag.py
[2021-11-02 15:57:19,541] {processor.py:632} INFO - DAG(s) dict_keys(['example_skip_dag']) retrieved from /home/linuxadmin/.local/lib/python3.6/site-packages/airflow/example_dags/example_skip_dag.py
[2021-11-02 15:57:19,558] {logging_mixin.py:109} INFO - [2021-11-02 15:57:19,557] {dag.py:2389} INFO - Sync 1 DAGs
[2021-11-02 15:57:19,585] {logging_mixin.py:109} INFO - [2021-11-02 15:57:19,585] {dag.py:2921} INFO - Setting next_dagrun for example_skip_dag to 2021-11-01T10:27:19.584802+00:00
[2021-11-02 15:57:19,598] {processor.py:171} INFO - Processing /home/linuxadmin/.local/lib/python3.6/site-packages/airflow/example_dags/example_skip_dag.py took 0.103 seconds
[2021-11-02 15:57:23,796] {processor.py:163} INFO - Started process (PID=178612) to work on /home/linuxadmin/.local/lib/python3.6/site-packages/airflow/example_dags/example_skip_dag.py
[2021-11-02 15:57:23,798] {processor.py:620} INFO - Processing file /home/linuxadmin/.local/lib/python3.6/site-packages/airflow/example_dags/example_skip_dag.py for tasks to queue
[2021-11-02 15:57:23,798] {logging_mixin.py:109} INFO - [2021-11-02 15:57:23,798] {dagbag.py:500} INFO - Filling up the DagBag from /home/linuxadmin/.local/lib/python3.6/site-packages/airflow/example_dags/example_skip_dag.py
[2021-11-02 15:57:23,835] {processor.py:632} INFO - DAG(s) dict_keys(['example_skip_dag']) retrieved from /home/linuxadmin/.local/lib/python3.6/site-packages/airflow/example_dags/example_skip_dag.py
[2021-11-02 15:57:23,849] {logging_mixin.py:109} INFO - [2021-11-02 15:57:23,849] {dag.py:2389} INFO - Sync 1 DAGs
[2021-11-02 15:57:23,879] {logging_mixin.py:109} INFO - [2021-11-02 15:57:23,879] {dag.py:2921} INFO - Setting next_dagrun for example_skip_dag to 2021-11-01T10:27:23.878811+00:00
[2021-11-02 15:57:23,890] {processor.py:171} INFO - Processing /home/linuxadmin/.local/lib/python3.6/site-packages/airflow/example_dags/example_skip_dag.py took 0.098 seconds
[2021-11-02 15:57:28,872] {processor.py:163} INFO - Started process (PID=178732) to work on /home/linuxadmin/.local/lib/python3.6/site-packages/airflow/example_dags/example_skip_dag.py
[2021-11-02 15:57:28,873] {processor.py:620} INFO - Processing file /home/linuxadmin/.local/lib/python3.6/site-packages/airflow/example_dags/example_skip_dag.py for tasks to queue
[2021-11-02 15:57:28,874] {logging_mixin.py:109} INFO - [2021-11-02 15:57:28,874] {dagbag.py:500} INFO - Filling up the DagBag from /home/linuxadmin/.local/lib/python3.6/site-packages/airflow/example_dags/example_skip_dag.py
[2021-11-02 15:57:28,915] {processor.py:632} INFO - DAG(s) dict_keys(['example_skip_dag']) retrieved from /home/linuxadmin/.local/lib/python3.6/site-packages/airflow/example_dags/example_skip_dag.py
[2021-11-02 15:57:28,927] {logging_mixin.py:109} INFO - [2021-11-02 15:57:28,926] {dag.py:2389} INFO - Sync 1 DAGs
[2021-11-02 15:57:28,949] {logging_mixin.py:109} INFO - [2021-11-02 15:57:28,949] {dag.py:2921} INFO - Setting next_dagrun for example_skip_dag to 2021-11-01T10:27:28.948891+00:00
[2021-11-02 15:57:28,962] {processor.py:171} INFO - Processing /home/linuxadmin/.local/lib/python3.6/site-packages/airflow/example_dags/example_skip_dag.py took 0.095 seconds
[2021-11-02 15:57:33,571] {processor.py:163} INFO - Started process (PID=178855) to work on /home/linuxadmin/.local/lib/python3.6/site-packages/airflow/example_dags/example_skip_dag.py
[2021-11-02 15:57:33,573] {processor.py:620} INFO - Processing file /home/linuxadmin/.local/lib/python3.6/site-packages/airflow/example_dags/example_skip_dag.py for tasks to queue
[2021-11-02 15:57:33,574] {logging_mixin.py:109} INFO - [2021-11-02 15:57:33,573] {dagbag.py:500} INFO - Filling up the DagBag from /home/linuxadmin/.local/lib/python3.6/site-packages/airflow/example_dags/example_skip_dag.py
[2021-11-02 15:57:33,616] {processor.py:632} INFO - DAG(s) dict_keys(['example_skip_dag']) retrieved from /home/linuxadmin/.local/lib/python3.6/site-packages/airflow/example_dags/example_skip_dag.py
[2021-11-02 15:57:33,636] {logging_mixin.py:109} INFO - [2021-11-02 15:57:33,636] {dag.py:2389} INFO - Sync 1 DAGs
[2021-11-02 15:57:33,664] {logging_mixin.py:109} INFO - [2021-11-02 15:57:33,664] {dag.py:2921} INFO - Setting next_dagrun for example_skip_dag to 2021-11-01T10:27:33.664284+00:00
[2021-11-02 15:57:33,678] {processor.py:171} INFO - Processing /home/linuxadmin/.local/lib/python3.6/site-packages/airflow/example_dags/example_skip_dag.py took 0.112 seconds
[2021-11-02 15:57:37,628] {processor.py:163} INFO - Started process (PID=178973) to work on /home/linuxadmin/.local/lib/python3.6/site-packages/airflow/example_dags/example_skip_dag.py
[2021-11-02 15:57:37,631] {processor.py:620} INFO - Processing file /home/linuxadmin/.local/lib/python3.6/site-packages/airflow/example_dags/example_skip_dag.py for tasks to queue
[2021-11-02 15:57:37,632] {logging_mixin.py:109} INFO - [2021-11-02 15:57:37,632] {dagbag.py:500} INFO - Filling up the DagBag from /home/linuxadmin/.local/lib/python3.6/site-packages/airflow/example_dags/example_skip_dag.py
[2021-11-02 15:57:37,687] {processor.py:632} INFO - DAG(s) dict_keys(['example_skip_dag']) retrieved from /home/linuxadmin/.local/lib/python3.6/site-packages/airflow/example_dags/example_skip_dag.py
[2021-11-02 15:57:37,703] {logging_mixin.py:109} INFO - [2021-11-02 15:57:37,702] {dag.py:2389} INFO - Sync 1 DAGs
[2021-11-02 15:57:37,728] {logging_mixin.py:109} INFO - [2021-11-02 15:57:37,728] {dag.py:2921} INFO - Setting next_dagrun for example_skip_dag to 2021-11-01T10:27:37.727697+00:00
[2021-11-02 15:57:37,745] {processor.py:171} INFO - Processing /home/linuxadmin/.local/lib/python3.6/site-packages/airflow/example_dags/example_skip_dag.py took 0.123 seconds
[2021-11-02 15:57:42,213] {processor.py:163} INFO - Started process (PID=179097) to work on /home/linuxadmin/.local/lib/python3.6/site-packages/airflow/example_dags/example_skip_dag.py
[2021-11-02 15:57:42,214] {processor.py:620} INFO - Processing file /home/linuxadmin/.local/lib/python3.6/site-packages/airflow/example_dags/example_skip_dag.py for tasks to queue
[2021-11-02 15:57:42,215] {logging_mixin.py:109} INFO - [2021-11-02 15:57:42,214] {dagbag.py:500} INFO - Filling up the DagBag from /home/linuxadmin/.local/lib/python3.6/site-packages/airflow/example_dags/example_skip_dag.py
[2021-11-02 15:57:42,260] {processor.py:632} INFO - DAG(s) dict_keys(['example_skip_dag']) retrieved from /home/linuxadmin/.local/lib/python3.6/site-packages/airflow/example_dags/example_skip_dag.py
[2021-11-02 15:57:42,273] {logging_mixin.py:109} INFO - [2021-11-02 15:57:42,273] {dag.py:2389} INFO - Sync 1 DAGs
[2021-11-02 15:57:42,302] {logging_mixin.py:109} INFO - [2021-11-02 15:57:42,301] {dag.py:2921} INFO - Setting next_dagrun for example_skip_dag to 2021-11-01T10:27:42.301421+00:00
[2021-11-02 15:57:42,316] {processor.py:171} INFO - Processing /home/linuxadmin/.local/lib/python3.6/site-packages/airflow/example_dags/example_skip_dag.py took 0.109 seconds
[2021-11-02 15:57:46,498] {processor.py:163} INFO - Started process (PID=179215) to work on /home/linuxadmin/.local/lib/python3.6/site-packages/airflow/example_dags/example_skip_dag.py
[2021-11-02 15:57:46,500] {processor.py:620} INFO - Processing file /home/linuxadmin/.local/lib/python3.6/site-packages/airflow/example_dags/example_skip_dag.py for tasks to queue
[2021-11-02 15:57:46,501] {logging_mixin.py:109} INFO - [2021-11-02 15:57:46,500] {dagbag.py:500} INFO - Filling up the DagBag from /home/linuxadmin/.local/lib/python3.6/site-packages/airflow/example_dags/example_skip_dag.py
[2021-11-02 15:57:46,539] {processor.py:632} INFO - DAG(s) dict_keys(['example_skip_dag']) retrieved from /home/linuxadmin/.local/lib/python3.6/site-packages/airflow/example_dags/example_skip_dag.py
[2021-11-02 15:57:46,554] {logging_mixin.py:109} INFO - [2021-11-02 15:57:46,554] {dag.py:2389} INFO - Sync 1 DAGs
[2021-11-02 15:57:46,581] {logging_mixin.py:109} INFO - [2021-11-02 15:57:46,581] {dag.py:2921} INFO - Setting next_dagrun for example_skip_dag to 2021-11-01T10:27:46.580714+00:00
[2021-11-02 15:57:46,594] {processor.py:171} INFO - Processing /home/linuxadmin/.local/lib/python3.6/site-packages/airflow/example_dags/example_skip_dag.py took 0.100 seconds
[2021-11-02 15:57:51,302] {processor.py:163} INFO - Started process (PID=179342) to work on /home/linuxadmin/.local/lib/python3.6/site-packages/airflow/example_dags/example_skip_dag.py
[2021-11-02 15:57:51,303] {processor.py:620} INFO - Processing file /home/linuxadmin/.local/lib/python3.6/site-packages/airflow/example_dags/example_skip_dag.py for tasks to queue
[2021-11-02 15:57:51,304] {logging_mixin.py:109} INFO - [2021-11-02 15:57:51,304] {dagbag.py:500} INFO - Filling up the DagBag from /home/linuxadmin/.local/lib/python3.6/site-packages/airflow/example_dags/example_skip_dag.py
[2021-11-02 15:57:51,343] {processor.py:632} INFO - DAG(s) dict_keys(['example_skip_dag']) retrieved from /home/linuxadmin/.local/lib/python3.6/site-packages/airflow/example_dags/example_skip_dag.py
[2021-11-02 15:57:51,357] {logging_mixin.py:109} INFO - [2021-11-02 15:57:51,357] {dag.py:2389} INFO - Sync 1 DAGs
[2021-11-02 15:57:51,387] {logging_mixin.py:109} INFO - [2021-11-02 15:57:51,387] {dag.py:2921} INFO - Setting next_dagrun for example_skip_dag to 2021-11-01T10:27:51.386560+00:00
[2021-11-02 15:57:51,399] {processor.py:171} INFO - Processing /home/linuxadmin/.local/lib/python3.6/site-packages/airflow/example_dags/example_skip_dag.py took 0.103 seconds
[2021-11-02 15:57:55,904] {processor.py:163} INFO - Started process (PID=179465) to work on /home/linuxadmin/.local/lib/python3.6/site-packages/airflow/example_dags/example_skip_dag.py
[2021-11-02 15:57:55,905] {processor.py:620} INFO - Processing file /home/linuxadmin/.local/lib/python3.6/site-packages/airflow/example_dags/example_skip_dag.py for tasks to queue
[2021-11-02 15:57:55,906] {logging_mixin.py:109} INFO - [2021-11-02 15:57:55,906] {dagbag.py:500} INFO - Filling up the DagBag from /home/linuxadmin/.local/lib/python3.6/site-packages/airflow/example_dags/example_skip_dag.py
[2021-11-02 15:57:55,943] {processor.py:632} INFO - DAG(s) dict_keys(['example_skip_dag']) retrieved from /home/linuxadmin/.local/lib/python3.6/site-packages/airflow/example_dags/example_skip_dag.py
[2021-11-02 15:57:55,957] {logging_mixin.py:109} INFO - [2021-11-02 15:57:55,957] {dag.py:2389} INFO - Sync 1 DAGs
[2021-11-02 15:57:55,982] {logging_mixin.py:109} INFO - [2021-11-02 15:57:55,982] {dag.py:2921} INFO - Setting next_dagrun for example_skip_dag to 2021-11-01T10:27:55.981593+00:00
[2021-11-02 15:57:55,996] {processor.py:171} INFO - Processing /home/linuxadmin/.local/lib/python3.6/site-packages/airflow/example_dags/example_skip_dag.py took 0.098 seconds
[2021-11-02 15:58:00,706] {processor.py:163} INFO - Started process (PID=179582) to work on /home/linuxadmin/.local/lib/python3.6/site-packages/airflow/example_dags/example_skip_dag.py
[2021-11-02 15:58:00,707] {processor.py:620} INFO - Processing file /home/linuxadmin/.local/lib/python3.6/site-packages/airflow/example_dags/example_skip_dag.py for tasks to queue
[2021-11-02 15:58:00,708] {logging_mixin.py:109} INFO - [2021-11-02 15:58:00,708] {dagbag.py:500} INFO - Filling up the DagBag from /home/linuxadmin/.local/lib/python3.6/site-packages/airflow/example_dags/example_skip_dag.py
[2021-11-02 15:58:00,758] {processor.py:632} INFO - DAG(s) dict_keys(['example_skip_dag']) retrieved from /home/linuxadmin/.local/lib/python3.6/site-packages/airflow/example_dags/example_skip_dag.py
[2021-11-02 15:58:00,773] {logging_mixin.py:109} INFO - [2021-11-02 15:58:00,773] {dag.py:2389} INFO - Sync 1 DAGs
[2021-11-02 15:58:00,799] {logging_mixin.py:109} INFO - [2021-11-02 15:58:00,799] {dag.py:2921} INFO - Setting next_dagrun for example_skip_dag to 2021-11-01T10:28:00.798909+00:00
[2021-11-02 15:58:00,810] {processor.py:171} INFO - Processing /home/linuxadmin/.local/lib/python3.6/site-packages/airflow/example_dags/example_skip_dag.py took 0.111 seconds
[2021-11-02 15:58:05,178] {processor.py:163} INFO - Started process (PID=179706) to work on /home/linuxadmin/.local/lib/python3.6/site-packages/airflow/example_dags/example_skip_dag.py
[2021-11-02 15:58:05,179] {processor.py:620} INFO - Processing file /home/linuxadmin/.local/lib/python3.6/site-packages/airflow/example_dags/example_skip_dag.py for tasks to queue
[2021-11-02 15:58:05,180] {logging_mixin.py:109} INFO - [2021-11-02 15:58:05,180] {dagbag.py:500} INFO - Filling up the DagBag from /home/linuxadmin/.local/lib/python3.6/site-packages/airflow/example_dags/example_skip_dag.py
[2021-11-02 15:58:05,213] {processor.py:632} INFO - DAG(s) dict_keys(['example_skip_dag']) retrieved from /home/linuxadmin/.local/lib/python3.6/site-packages/airflow/example_dags/example_skip_dag.py
[2021-11-02 15:58:05,225] {logging_mixin.py:109} INFO - [2021-11-02 15:58:05,225] {dag.py:2389} INFO - Sync 1 DAGs
[2021-11-02 15:58:05,246] {logging_mixin.py:109} INFO - [2021-11-02 15:58:05,246] {dag.py:2921} INFO - Setting next_dagrun for example_skip_dag to 2021-11-01T10:28:05.246349+00:00
[2021-11-02 15:58:05,258] {processor.py:171} INFO - Processing /home/linuxadmin/.local/lib/python3.6/site-packages/airflow/example_dags/example_skip_dag.py took 0.085 seconds
[2021-11-02 15:58:09,486] {processor.py:163} INFO - Started process (PID=179827) to work on /home/linuxadmin/.local/lib/python3.6/site-packages/airflow/example_dags/example_skip_dag.py
[2021-11-02 15:58:09,487] {processor.py:620} INFO - Processing file /home/linuxadmin/.local/lib/python3.6/site-packages/airflow/example_dags/example_skip_dag.py for tasks to queue
[2021-11-02 15:58:09,487] {logging_mixin.py:109} INFO - [2021-11-02 15:58:09,487] {dagbag.py:500} INFO - Filling up the DagBag from /home/linuxadmin/.local/lib/python3.6/site-packages/airflow/example_dags/example_skip_dag.py
[2021-11-02 15:58:09,524] {processor.py:632} INFO - DAG(s) dict_keys(['example_skip_dag']) retrieved from /home/linuxadmin/.local/lib/python3.6/site-packages/airflow/example_dags/example_skip_dag.py
[2021-11-02 15:58:09,538] {logging_mixin.py:109} INFO - [2021-11-02 15:58:09,538] {dag.py:2389} INFO - Sync 1 DAGs
[2021-11-02 15:58:09,562] {logging_mixin.py:109} INFO - [2021-11-02 15:58:09,561] {dag.py:2921} INFO - Setting next_dagrun for example_skip_dag to 2021-11-01T10:28:09.561544+00:00
[2021-11-02 15:58:09,575] {processor.py:171} INFO - Processing /home/linuxadmin/.local/lib/python3.6/site-packages/airflow/example_dags/example_skip_dag.py took 0.094 seconds
[2021-11-02 15:58:14,478] {processor.py:163} INFO - Started process (PID=179949) to work on /home/linuxadmin/.local/lib/python3.6/site-packages/airflow/example_dags/example_skip_dag.py
[2021-11-02 15:58:14,480] {processor.py:620} INFO - Processing file /home/linuxadmin/.local/lib/python3.6/site-packages/airflow/example_dags/example_skip_dag.py for tasks to queue
[2021-11-02 15:58:14,481] {logging_mixin.py:109} INFO - [2021-11-02 15:58:14,481] {dagbag.py:500} INFO - Filling up the DagBag from /home/linuxadmin/.local/lib/python3.6/site-packages/airflow/example_dags/example_skip_dag.py
[2021-11-02 15:58:14,516] {processor.py:632} INFO - DAG(s) dict_keys(['example_skip_dag']) retrieved from /home/linuxadmin/.local/lib/python3.6/site-packages/airflow/example_dags/example_skip_dag.py
[2021-11-02 15:58:14,531] {logging_mixin.py:109} INFO - [2021-11-02 15:58:14,531] {dag.py:2389} INFO - Sync 1 DAGs
[2021-11-02 15:58:14,554] {logging_mixin.py:109} INFO - [2021-11-02 15:58:14,553] {dag.py:2921} INFO - Setting next_dagrun for example_skip_dag to 2021-11-01T10:28:14.553549+00:00
[2021-11-02 15:58:14,567] {processor.py:171} INFO - Processing /home/linuxadmin/.local/lib/python3.6/site-packages/airflow/example_dags/example_skip_dag.py took 0.094 seconds
[2021-11-02 15:58:19,030] {processor.py:163} INFO - Started process (PID=180074) to work on /home/linuxadmin/.local/lib/python3.6/site-packages/airflow/example_dags/example_skip_dag.py
[2021-11-02 15:58:19,031] {processor.py:620} INFO - Processing file /home/linuxadmin/.local/lib/python3.6/site-packages/airflow/example_dags/example_skip_dag.py for tasks to queue
[2021-11-02 15:58:19,032] {logging_mixin.py:109} INFO - [2021-11-02 15:58:19,031] {dagbag.py:500} INFO - Filling up the DagBag from /home/linuxadmin/.local/lib/python3.6/site-packages/airflow/example_dags/example_skip_dag.py
[2021-11-02 15:58:19,067] {processor.py:632} INFO - DAG(s) dict_keys(['example_skip_dag']) retrieved from /home/linuxadmin/.local/lib/python3.6/site-packages/airflow/example_dags/example_skip_dag.py
[2021-11-02 15:58:19,083] {logging_mixin.py:109} INFO - [2021-11-02 15:58:19,082] {dag.py:2389} INFO - Sync 1 DAGs
[2021-11-02 15:58:19,105] {logging_mixin.py:109} INFO - [2021-11-02 15:58:19,105] {dag.py:2921} INFO - Setting next_dagrun for example_skip_dag to 2021-11-01T10:28:19.105303+00:00
[2021-11-02 15:58:19,117] {processor.py:171} INFO - Processing /home/linuxadmin/.local/lib/python3.6/site-packages/airflow/example_dags/example_skip_dag.py took 0.092 seconds
[2021-11-02 15:58:22,997] {processor.py:163} INFO - Started process (PID=180192) to work on /home/linuxadmin/.local/lib/python3.6/site-packages/airflow/example_dags/example_skip_dag.py
[2021-11-02 15:58:22,998] {processor.py:620} INFO - Processing file /home/linuxadmin/.local/lib/python3.6/site-packages/airflow/example_dags/example_skip_dag.py for tasks to queue
[2021-11-02 15:58:22,999] {logging_mixin.py:109} INFO - [2021-11-02 15:58:22,998] {dagbag.py:500} INFO - Filling up the DagBag from /home/linuxadmin/.local/lib/python3.6/site-packages/airflow/example_dags/example_skip_dag.py
[2021-11-02 15:58:23,033] {processor.py:632} INFO - DAG(s) dict_keys(['example_skip_dag']) retrieved from /home/linuxadmin/.local/lib/python3.6/site-packages/airflow/example_dags/example_skip_dag.py
[2021-11-02 15:58:23,050] {logging_mixin.py:109} INFO - [2021-11-02 15:58:23,050] {dag.py:2389} INFO - Sync 1 DAGs
[2021-11-02 15:58:23,087] {logging_mixin.py:109} INFO - [2021-11-02 15:58:23,087] {dag.py:2921} INFO - Setting next_dagrun for example_skip_dag to 2021-11-01T10:28:23.087082+00:00
[2021-11-02 15:58:23,099] {processor.py:171} INFO - Processing /home/linuxadmin/.local/lib/python3.6/site-packages/airflow/example_dags/example_skip_dag.py took 0.107 seconds
[2021-11-02 15:58:27,480] {processor.py:163} INFO - Started process (PID=180316) to work on /home/linuxadmin/.local/lib/python3.6/site-packages/airflow/example_dags/example_skip_dag.py
[2021-11-02 15:58:27,481] {processor.py:620} INFO - Processing file /home/linuxadmin/.local/lib/python3.6/site-packages/airflow/example_dags/example_skip_dag.py for tasks to queue
[2021-11-02 15:58:27,482] {logging_mixin.py:109} INFO - [2021-11-02 15:58:27,482] {dagbag.py:500} INFO - Filling up the DagBag from /home/linuxadmin/.local/lib/python3.6/site-packages/airflow/example_dags/example_skip_dag.py
[2021-11-02 15:58:27,525] {processor.py:632} INFO - DAG(s) dict_keys(['example_skip_dag']) retrieved from /home/linuxadmin/.local/lib/python3.6/site-packages/airflow/example_dags/example_skip_dag.py
[2021-11-02 15:58:27,542] {logging_mixin.py:109} INFO - [2021-11-02 15:58:27,542] {dag.py:2389} INFO - Sync 1 DAGs
[2021-11-02 15:58:27,567] {logging_mixin.py:109} INFO - [2021-11-02 15:58:27,567] {dag.py:2921} INFO - Setting next_dagrun for example_skip_dag to 2021-11-01T10:28:27.566905+00:00
[2021-11-02 15:58:27,581] {processor.py:171} INFO - Processing /home/linuxadmin/.local/lib/python3.6/site-packages/airflow/example_dags/example_skip_dag.py took 0.107 seconds
[2021-11-02 15:58:32,680] {processor.py:163} INFO - Started process (PID=180436) to work on /home/linuxadmin/.local/lib/python3.6/site-packages/airflow/example_dags/example_skip_dag.py
[2021-11-02 15:58:32,681] {processor.py:620} INFO - Processing file /home/linuxadmin/.local/lib/python3.6/site-packages/airflow/example_dags/example_skip_dag.py for tasks to queue
[2021-11-02 15:58:32,682] {logging_mixin.py:109} INFO - [2021-11-02 15:58:32,682] {dagbag.py:500} INFO - Filling up the DagBag from /home/linuxadmin/.local/lib/python3.6/site-packages/airflow/example_dags/example_skip_dag.py
[2021-11-02 15:58:32,726] {processor.py:632} INFO - DAG(s) dict_keys(['example_skip_dag']) retrieved from /home/linuxadmin/.local/lib/python3.6/site-packages/airflow/example_dags/example_skip_dag.py
[2021-11-02 15:58:32,743] {logging_mixin.py:109} INFO - [2021-11-02 15:58:32,742] {dag.py:2389} INFO - Sync 1 DAGs
[2021-11-02 15:58:32,771] {logging_mixin.py:109} INFO - [2021-11-02 15:58:32,771] {dag.py:2921} INFO - Setting next_dagrun for example_skip_dag to 2021-11-01T10:28:32.770608+00:00
[2021-11-02 15:58:32,786] {processor.py:171} INFO - Processing /home/linuxadmin/.local/lib/python3.6/site-packages/airflow/example_dags/example_skip_dag.py took 0.112 seconds
[2021-11-02 15:58:37,453] {processor.py:163} INFO - Started process (PID=180561) to work on /home/linuxadmin/.local/lib/python3.6/site-packages/airflow/example_dags/example_skip_dag.py
[2021-11-02 15:58:37,455] {processor.py:620} INFO - Processing file /home/linuxadmin/.local/lib/python3.6/site-packages/airflow/example_dags/example_skip_dag.py for tasks to queue
[2021-11-02 15:58:37,456] {logging_mixin.py:109} INFO - [2021-11-02 15:58:37,456] {dagbag.py:500} INFO - Filling up the DagBag from /home/linuxadmin/.local/lib/python3.6/site-packages/airflow/example_dags/example_skip_dag.py
[2021-11-02 15:58:37,502] {processor.py:632} INFO - DAG(s) dict_keys(['example_skip_dag']) retrieved from /home/linuxadmin/.local/lib/python3.6/site-packages/airflow/example_dags/example_skip_dag.py
[2021-11-02 15:58:37,520] {logging_mixin.py:109} INFO - [2021-11-02 15:58:37,519] {dag.py:2389} INFO - Sync 1 DAGs
[2021-11-02 15:58:37,550] {logging_mixin.py:109} INFO - [2021-11-02 15:58:37,549] {dag.py:2921} INFO - Setting next_dagrun for example_skip_dag to 2021-11-01T10:28:37.549335+00:00
[2021-11-02 15:58:37,568] {processor.py:171} INFO - Processing /home/linuxadmin/.local/lib/python3.6/site-packages/airflow/example_dags/example_skip_dag.py took 0.122 seconds
[2021-11-02 15:58:41,398] {processor.py:163} INFO - Started process (PID=180678) to work on /home/linuxadmin/.local/lib/python3.6/site-packages/airflow/example_dags/example_skip_dag.py
[2021-11-02 15:58:41,399] {processor.py:620} INFO - Processing file /home/linuxadmin/.local/lib/python3.6/site-packages/airflow/example_dags/example_skip_dag.py for tasks to queue
[2021-11-02 15:58:41,400] {logging_mixin.py:109} INFO - [2021-11-02 15:58:41,400] {dagbag.py:500} INFO - Filling up the DagBag from /home/linuxadmin/.local/lib/python3.6/site-packages/airflow/example_dags/example_skip_dag.py
[2021-11-02 15:58:41,438] {processor.py:632} INFO - DAG(s) dict_keys(['example_skip_dag']) retrieved from /home/linuxadmin/.local/lib/python3.6/site-packages/airflow/example_dags/example_skip_dag.py
[2021-11-02 15:58:41,455] {logging_mixin.py:109} INFO - [2021-11-02 15:58:41,455] {dag.py:2389} INFO - Sync 1 DAGs
[2021-11-02 15:58:41,483] {logging_mixin.py:109} INFO - [2021-11-02 15:58:41,483] {dag.py:2921} INFO - Setting next_dagrun for example_skip_dag to 2021-11-01T10:28:41.483054+00:00
[2021-11-02 15:58:41,497] {processor.py:171} INFO - Processing /home/linuxadmin/.local/lib/python3.6/site-packages/airflow/example_dags/example_skip_dag.py took 0.104 seconds
[2021-11-02 15:58:45,990] {processor.py:163} INFO - Started process (PID=180802) to work on /home/linuxadmin/.local/lib/python3.6/site-packages/airflow/example_dags/example_skip_dag.py
[2021-11-02 15:58:45,992] {processor.py:620} INFO - Processing file /home/linuxadmin/.local/lib/python3.6/site-packages/airflow/example_dags/example_skip_dag.py for tasks to queue
[2021-11-02 15:58:45,993] {logging_mixin.py:109} INFO - [2021-11-02 15:58:45,993] {dagbag.py:500} INFO - Filling up the DagBag from /home/linuxadmin/.local/lib/python3.6/site-packages/airflow/example_dags/example_skip_dag.py
[2021-11-02 15:58:46,035] {processor.py:632} INFO - DAG(s) dict_keys(['example_skip_dag']) retrieved from /home/linuxadmin/.local/lib/python3.6/site-packages/airflow/example_dags/example_skip_dag.py
[2021-11-02 15:58:46,051] {logging_mixin.py:109} INFO - [2021-11-02 15:58:46,051] {dag.py:2389} INFO - Sync 1 DAGs
[2021-11-02 15:58:46,075] {logging_mixin.py:109} INFO - [2021-11-02 15:58:46,074] {dag.py:2921} INFO - Setting next_dagrun for example_skip_dag to 2021-11-01T10:28:46.074467+00:00
[2021-11-02 15:58:46,087] {processor.py:171} INFO - Processing /home/linuxadmin/.local/lib/python3.6/site-packages/airflow/example_dags/example_skip_dag.py took 0.102 seconds
[2021-11-02 15:58:49,982] {processor.py:163} INFO - Started process (PID=180921) to work on /home/linuxadmin/.local/lib/python3.6/site-packages/airflow/example_dags/example_skip_dag.py
[2021-11-02 15:58:49,985] {processor.py:620} INFO - Processing file /home/linuxadmin/.local/lib/python3.6/site-packages/airflow/example_dags/example_skip_dag.py for tasks to queue
[2021-11-02 15:58:49,986] {logging_mixin.py:109} INFO - [2021-11-02 15:58:49,986] {dagbag.py:500} INFO - Filling up the DagBag from /home/linuxadmin/.local/lib/python3.6/site-packages/airflow/example_dags/example_skip_dag.py
[2021-11-02 15:58:50,024] {processor.py:632} INFO - DAG(s) dict_keys(['example_skip_dag']) retrieved from /home/linuxadmin/.local/lib/python3.6/site-packages/airflow/example_dags/example_skip_dag.py
[2021-11-02 15:58:50,038] {logging_mixin.py:109} INFO - [2021-11-02 15:58:50,038] {dag.py:2389} INFO - Sync 1 DAGs
[2021-11-02 15:58:50,062] {logging_mixin.py:109} INFO - [2021-11-02 15:58:50,062] {dag.py:2921} INFO - Setting next_dagrun for example_skip_dag to 2021-11-01T10:28:50.061775+00:00
[2021-11-02 15:58:50,077] {processor.py:171} INFO - Processing /home/linuxadmin/.local/lib/python3.6/site-packages/airflow/example_dags/example_skip_dag.py took 0.100 seconds
[2021-11-02 15:58:54,228] {processor.py:163} INFO - Started process (PID=181045) to work on /home/linuxadmin/.local/lib/python3.6/site-packages/airflow/example_dags/example_skip_dag.py
[2021-11-02 15:58:54,230] {processor.py:620} INFO - Processing file /home/linuxadmin/.local/lib/python3.6/site-packages/airflow/example_dags/example_skip_dag.py for tasks to queue
[2021-11-02 15:58:54,231] {logging_mixin.py:109} INFO - [2021-11-02 15:58:54,230] {dagbag.py:500} INFO - Filling up the DagBag from /home/linuxadmin/.local/lib/python3.6/site-packages/airflow/example_dags/example_skip_dag.py
[2021-11-02 15:58:54,270] {processor.py:632} INFO - DAG(s) dict_keys(['example_skip_dag']) retrieved from /home/linuxadmin/.local/lib/python3.6/site-packages/airflow/example_dags/example_skip_dag.py
[2021-11-02 15:58:54,283] {logging_mixin.py:109} INFO - [2021-11-02 15:58:54,283] {dag.py:2389} INFO - Sync 1 DAGs
[2021-11-02 15:58:54,306] {logging_mixin.py:109} INFO - [2021-11-02 15:58:54,306] {dag.py:2921} INFO - Setting next_dagrun for example_skip_dag to 2021-11-01T10:28:54.306021+00:00
[2021-11-02 15:58:54,319] {processor.py:171} INFO - Processing /home/linuxadmin/.local/lib/python3.6/site-packages/airflow/example_dags/example_skip_dag.py took 0.096 seconds
[2021-11-02 15:58:58,851] {processor.py:163} INFO - Started process (PID=181164) to work on /home/linuxadmin/.local/lib/python3.6/site-packages/airflow/example_dags/example_skip_dag.py
[2021-11-02 15:58:58,851] {processor.py:620} INFO - Processing file /home/linuxadmin/.local/lib/python3.6/site-packages/airflow/example_dags/example_skip_dag.py for tasks to queue
[2021-11-02 15:58:58,852] {logging_mixin.py:109} INFO - [2021-11-02 15:58:58,852] {dagbag.py:500} INFO - Filling up the DagBag from /home/linuxadmin/.local/lib/python3.6/site-packages/airflow/example_dags/example_skip_dag.py
[2021-11-02 15:58:58,886] {processor.py:632} INFO - DAG(s) dict_keys(['example_skip_dag']) retrieved from /home/linuxadmin/.local/lib/python3.6/site-packages/airflow/example_dags/example_skip_dag.py
[2021-11-02 15:58:58,898] {logging_mixin.py:109} INFO - [2021-11-02 15:58:58,898] {dag.py:2389} INFO - Sync 1 DAGs
[2021-11-02 15:58:58,920] {logging_mixin.py:109} INFO - [2021-11-02 15:58:58,919] {dag.py:2921} INFO - Setting next_dagrun for example_skip_dag to 2021-11-01T10:28:58.919593+00:00
[2021-11-02 15:58:58,933] {processor.py:171} INFO - Processing /home/linuxadmin/.local/lib/python3.6/site-packages/airflow/example_dags/example_skip_dag.py took 0.086 seconds
[2021-11-02 15:59:03,973] {processor.py:163} INFO - Started process (PID=181288) to work on /home/linuxadmin/.local/lib/python3.6/site-packages/airflow/example_dags/example_skip_dag.py
[2021-11-02 15:59:03,975] {processor.py:620} INFO - Processing file /home/linuxadmin/.local/lib/python3.6/site-packages/airflow/example_dags/example_skip_dag.py for tasks to queue
[2021-11-02 15:59:03,976] {logging_mixin.py:109} INFO - [2021-11-02 15:59:03,976] {dagbag.py:500} INFO - Filling up the DagBag from /home/linuxadmin/.local/lib/python3.6/site-packages/airflow/example_dags/example_skip_dag.py
[2021-11-02 15:59:04,020] {processor.py:632} INFO - DAG(s) dict_keys(['example_skip_dag']) retrieved from /home/linuxadmin/.local/lib/python3.6/site-packages/airflow/example_dags/example_skip_dag.py
[2021-11-02 15:59:04,039] {logging_mixin.py:109} INFO - [2021-11-02 15:59:04,039] {dag.py:2389} INFO - Sync 1 DAGs
[2021-11-02 15:59:04,069] {logging_mixin.py:109} INFO - [2021-11-02 15:59:04,069] {dag.py:2921} INFO - Setting next_dagrun for example_skip_dag to 2021-11-01T10:29:04.068629+00:00
[2021-11-02 15:59:04,085] {processor.py:171} INFO - Processing /home/linuxadmin/.local/lib/python3.6/site-packages/airflow/example_dags/example_skip_dag.py took 0.118 seconds
[2021-11-02 15:59:08,660] {processor.py:163} INFO - Started process (PID=181411) to work on /home/linuxadmin/.local/lib/python3.6/site-packages/airflow/example_dags/example_skip_dag.py
[2021-11-02 15:59:08,661] {processor.py:620} INFO - Processing file /home/linuxadmin/.local/lib/python3.6/site-packages/airflow/example_dags/example_skip_dag.py for tasks to queue
[2021-11-02 15:59:08,662] {logging_mixin.py:109} INFO - [2021-11-02 15:59:08,662] {dagbag.py:500} INFO - Filling up the DagBag from /home/linuxadmin/.local/lib/python3.6/site-packages/airflow/example_dags/example_skip_dag.py
[2021-11-02 15:59:08,702] {processor.py:632} INFO - DAG(s) dict_keys(['example_skip_dag']) retrieved from /home/linuxadmin/.local/lib/python3.6/site-packages/airflow/example_dags/example_skip_dag.py
[2021-11-02 15:59:08,720] {logging_mixin.py:109} INFO - [2021-11-02 15:59:08,720] {dag.py:2389} INFO - Sync 1 DAGs
[2021-11-02 15:59:08,743] {logging_mixin.py:109} INFO - [2021-11-02 15:59:08,743] {dag.py:2921} INFO - Setting next_dagrun for example_skip_dag to 2021-11-01T10:29:08.743183+00:00
[2021-11-02 15:59:08,756] {processor.py:171} INFO - Processing /home/linuxadmin/.local/lib/python3.6/site-packages/airflow/example_dags/example_skip_dag.py took 0.100 seconds
[2021-11-02 15:59:13,214] {processor.py:163} INFO - Started process (PID=181533) to work on /home/linuxadmin/.local/lib/python3.6/site-packages/airflow/example_dags/example_skip_dag.py
[2021-11-02 15:59:13,216] {processor.py:620} INFO - Processing file /home/linuxadmin/.local/lib/python3.6/site-packages/airflow/example_dags/example_skip_dag.py for tasks to queue
[2021-11-02 15:59:13,217] {logging_mixin.py:109} INFO - [2021-11-02 15:59:13,217] {dagbag.py:500} INFO - Filling up the DagBag from /home/linuxadmin/.local/lib/python3.6/site-packages/airflow/example_dags/example_skip_dag.py
[2021-11-02 15:59:13,255] {processor.py:632} INFO - DAG(s) dict_keys(['example_skip_dag']) retrieved from /home/linuxadmin/.local/lib/python3.6/site-packages/airflow/example_dags/example_skip_dag.py
[2021-11-02 15:59:13,271] {logging_mixin.py:109} INFO - [2021-11-02 15:59:13,271] {dag.py:2389} INFO - Sync 1 DAGs
[2021-11-02 15:59:13,295] {logging_mixin.py:109} INFO - [2021-11-02 15:59:13,295] {dag.py:2921} INFO - Setting next_dagrun for example_skip_dag to 2021-11-01T10:29:13.295098+00:00
[2021-11-02 15:59:13,308] {processor.py:171} INFO - Processing /home/linuxadmin/.local/lib/python3.6/site-packages/airflow/example_dags/example_skip_dag.py took 0.100 seconds
