[2021-11-02 15:55:19,312] {processor.py:163} INFO - Started process (PID=175247) to work on /home/linuxadmin/.local/lib/python3.6/site-packages/airflow/example_dags/example_task_group.py
[2021-11-02 15:55:19,313] {processor.py:620} INFO - Processing file /home/linuxadmin/.local/lib/python3.6/site-packages/airflow/example_dags/example_task_group.py for tasks to queue
[2021-11-02 15:55:19,314] {logging_mixin.py:109} INFO - [2021-11-02 15:55:19,314] {dagbag.py:500} INFO - Filling up the DagBag from /home/linuxadmin/.local/lib/python3.6/site-packages/airflow/example_dags/example_task_group.py
[2021-11-02 15:55:19,358] {processor.py:632} INFO - DAG(s) dict_keys(['example_task_group']) retrieved from /home/linuxadmin/.local/lib/python3.6/site-packages/airflow/example_dags/example_task_group.py
[2021-11-02 15:55:19,376] {logging_mixin.py:109} INFO - [2021-11-02 15:55:19,376] {dag.py:2389} INFO - Sync 1 DAGs
[2021-11-02 15:55:19,407] {logging_mixin.py:109} INFO - [2021-11-02 15:55:19,406] {dag.py:2921} INFO - Setting next_dagrun for example_task_group to 2021-11-01T10:25:19.406396+00:00
[2021-11-02 15:55:19,429] {processor.py:171} INFO - Processing /home/linuxadmin/.local/lib/python3.6/site-packages/airflow/example_dags/example_task_group.py took 0.122 seconds
[2021-11-02 15:55:23,886] {processor.py:163} INFO - Started process (PID=175372) to work on /home/linuxadmin/.local/lib/python3.6/site-packages/airflow/example_dags/example_task_group.py
[2021-11-02 15:55:23,887] {processor.py:620} INFO - Processing file /home/linuxadmin/.local/lib/python3.6/site-packages/airflow/example_dags/example_task_group.py for tasks to queue
[2021-11-02 15:55:23,888] {logging_mixin.py:109} INFO - [2021-11-02 15:55:23,888] {dagbag.py:500} INFO - Filling up the DagBag from /home/linuxadmin/.local/lib/python3.6/site-packages/airflow/example_dags/example_task_group.py
[2021-11-02 15:55:23,930] {processor.py:632} INFO - DAG(s) dict_keys(['example_task_group']) retrieved from /home/linuxadmin/.local/lib/python3.6/site-packages/airflow/example_dags/example_task_group.py
[2021-11-02 15:55:23,946] {logging_mixin.py:109} INFO - [2021-11-02 15:55:23,945] {dag.py:2389} INFO - Sync 1 DAGs
[2021-11-02 15:55:23,972] {logging_mixin.py:109} INFO - [2021-11-02 15:55:23,971] {dag.py:2921} INFO - Setting next_dagrun for example_task_group to 2021-11-01T10:25:23.971498+00:00
[2021-11-02 15:55:23,983] {processor.py:171} INFO - Processing /home/linuxadmin/.local/lib/python3.6/site-packages/airflow/example_dags/example_task_group.py took 0.103 seconds
[2021-11-02 15:55:28,102] {processor.py:163} INFO - Started process (PID=175491) to work on /home/linuxadmin/.local/lib/python3.6/site-packages/airflow/example_dags/example_task_group.py
[2021-11-02 15:55:28,103] {processor.py:620} INFO - Processing file /home/linuxadmin/.local/lib/python3.6/site-packages/airflow/example_dags/example_task_group.py for tasks to queue
[2021-11-02 15:55:28,104] {logging_mixin.py:109} INFO - [2021-11-02 15:55:28,104] {dagbag.py:500} INFO - Filling up the DagBag from /home/linuxadmin/.local/lib/python3.6/site-packages/airflow/example_dags/example_task_group.py
[2021-11-02 15:55:28,142] {processor.py:632} INFO - DAG(s) dict_keys(['example_task_group']) retrieved from /home/linuxadmin/.local/lib/python3.6/site-packages/airflow/example_dags/example_task_group.py
[2021-11-02 15:55:28,159] {logging_mixin.py:109} INFO - [2021-11-02 15:55:28,159] {dag.py:2389} INFO - Sync 1 DAGs
[2021-11-02 15:55:28,181] {logging_mixin.py:109} INFO - [2021-11-02 15:55:28,181] {dag.py:2921} INFO - Setting next_dagrun for example_task_group to 2021-11-01T10:25:28.181119+00:00
[2021-11-02 15:55:28,195] {processor.py:171} INFO - Processing /home/linuxadmin/.local/lib/python3.6/site-packages/airflow/example_dags/example_task_group.py took 0.097 seconds
[2021-11-02 15:55:32,621] {processor.py:163} INFO - Started process (PID=175615) to work on /home/linuxadmin/.local/lib/python3.6/site-packages/airflow/example_dags/example_task_group.py
[2021-11-02 15:55:32,623] {processor.py:620} INFO - Processing file /home/linuxadmin/.local/lib/python3.6/site-packages/airflow/example_dags/example_task_group.py for tasks to queue
[2021-11-02 15:55:32,624] {logging_mixin.py:109} INFO - [2021-11-02 15:55:32,624] {dagbag.py:500} INFO - Filling up the DagBag from /home/linuxadmin/.local/lib/python3.6/site-packages/airflow/example_dags/example_task_group.py
[2021-11-02 15:55:32,671] {processor.py:632} INFO - DAG(s) dict_keys(['example_task_group']) retrieved from /home/linuxadmin/.local/lib/python3.6/site-packages/airflow/example_dags/example_task_group.py
[2021-11-02 15:55:32,684] {logging_mixin.py:109} INFO - [2021-11-02 15:55:32,684] {dag.py:2389} INFO - Sync 1 DAGs
[2021-11-02 15:55:32,706] {logging_mixin.py:109} INFO - [2021-11-02 15:55:32,706] {dag.py:2921} INFO - Setting next_dagrun for example_task_group to 2021-11-01T10:25:32.706167+00:00
[2021-11-02 15:55:32,723] {processor.py:171} INFO - Processing /home/linuxadmin/.local/lib/python3.6/site-packages/airflow/example_dags/example_task_group.py took 0.107 seconds
[2021-11-02 15:55:37,223] {processor.py:163} INFO - Started process (PID=175734) to work on /home/linuxadmin/.local/lib/python3.6/site-packages/airflow/example_dags/example_task_group.py
[2021-11-02 15:55:37,225] {processor.py:620} INFO - Processing file /home/linuxadmin/.local/lib/python3.6/site-packages/airflow/example_dags/example_task_group.py for tasks to queue
[2021-11-02 15:55:37,226] {logging_mixin.py:109} INFO - [2021-11-02 15:55:37,226] {dagbag.py:500} INFO - Filling up the DagBag from /home/linuxadmin/.local/lib/python3.6/site-packages/airflow/example_dags/example_task_group.py
[2021-11-02 15:55:37,264] {processor.py:632} INFO - DAG(s) dict_keys(['example_task_group']) retrieved from /home/linuxadmin/.local/lib/python3.6/site-packages/airflow/example_dags/example_task_group.py
[2021-11-02 15:55:37,277] {logging_mixin.py:109} INFO - [2021-11-02 15:55:37,277] {dag.py:2389} INFO - Sync 1 DAGs
[2021-11-02 15:55:37,301] {logging_mixin.py:109} INFO - [2021-11-02 15:55:37,300] {dag.py:2921} INFO - Setting next_dagrun for example_task_group to 2021-11-01T10:25:37.300539+00:00
[2021-11-02 15:55:37,311] {processor.py:171} INFO - Processing /home/linuxadmin/.local/lib/python3.6/site-packages/airflow/example_dags/example_task_group.py took 0.093 seconds
[2021-11-02 15:55:41,579] {processor.py:163} INFO - Started process (PID=175855) to work on /home/linuxadmin/.local/lib/python3.6/site-packages/airflow/example_dags/example_task_group.py
[2021-11-02 15:55:41,580] {processor.py:620} INFO - Processing file /home/linuxadmin/.local/lib/python3.6/site-packages/airflow/example_dags/example_task_group.py for tasks to queue
[2021-11-02 15:55:41,581] {logging_mixin.py:109} INFO - [2021-11-02 15:55:41,581] {dagbag.py:500} INFO - Filling up the DagBag from /home/linuxadmin/.local/lib/python3.6/site-packages/airflow/example_dags/example_task_group.py
[2021-11-02 15:55:41,627] {processor.py:632} INFO - DAG(s) dict_keys(['example_task_group']) retrieved from /home/linuxadmin/.local/lib/python3.6/site-packages/airflow/example_dags/example_task_group.py
[2021-11-02 15:55:41,645] {logging_mixin.py:109} INFO - [2021-11-02 15:55:41,645] {dag.py:2389} INFO - Sync 1 DAGs
[2021-11-02 15:55:41,679] {logging_mixin.py:109} INFO - [2021-11-02 15:55:41,679] {dag.py:2921} INFO - Setting next_dagrun for example_task_group to 2021-11-01T10:25:41.679049+00:00
[2021-11-02 15:55:41,696] {processor.py:171} INFO - Processing /home/linuxadmin/.local/lib/python3.6/site-packages/airflow/example_dags/example_task_group.py took 0.122 seconds
[2021-11-02 15:55:45,517] {processor.py:163} INFO - Started process (PID=175974) to work on /home/linuxadmin/.local/lib/python3.6/site-packages/airflow/example_dags/example_task_group.py
[2021-11-02 15:55:45,519] {processor.py:620} INFO - Processing file /home/linuxadmin/.local/lib/python3.6/site-packages/airflow/example_dags/example_task_group.py for tasks to queue
[2021-11-02 15:55:45,519] {logging_mixin.py:109} INFO - [2021-11-02 15:55:45,519] {dagbag.py:500} INFO - Filling up the DagBag from /home/linuxadmin/.local/lib/python3.6/site-packages/airflow/example_dags/example_task_group.py
[2021-11-02 15:55:45,564] {processor.py:632} INFO - DAG(s) dict_keys(['example_task_group']) retrieved from /home/linuxadmin/.local/lib/python3.6/site-packages/airflow/example_dags/example_task_group.py
[2021-11-02 15:55:45,581] {logging_mixin.py:109} INFO - [2021-11-02 15:55:45,581] {dag.py:2389} INFO - Sync 1 DAGs
[2021-11-02 15:55:45,609] {logging_mixin.py:109} INFO - [2021-11-02 15:55:45,608] {dag.py:2921} INFO - Setting next_dagrun for example_task_group to 2021-11-01T10:25:45.608463+00:00
[2021-11-02 15:55:45,621] {processor.py:171} INFO - Processing /home/linuxadmin/.local/lib/python3.6/site-packages/airflow/example_dags/example_task_group.py took 0.110 seconds
[2021-11-02 15:55:50,696] {processor.py:163} INFO - Started process (PID=176098) to work on /home/linuxadmin/.local/lib/python3.6/site-packages/airflow/example_dags/example_task_group.py
[2021-11-02 15:55:50,697] {processor.py:620} INFO - Processing file /home/linuxadmin/.local/lib/python3.6/site-packages/airflow/example_dags/example_task_group.py for tasks to queue
[2021-11-02 15:55:50,698] {logging_mixin.py:109} INFO - [2021-11-02 15:55:50,698] {dagbag.py:500} INFO - Filling up the DagBag from /home/linuxadmin/.local/lib/python3.6/site-packages/airflow/example_dags/example_task_group.py
[2021-11-02 15:55:50,746] {processor.py:632} INFO - DAG(s) dict_keys(['example_task_group']) retrieved from /home/linuxadmin/.local/lib/python3.6/site-packages/airflow/example_dags/example_task_group.py
[2021-11-02 15:55:50,762] {logging_mixin.py:109} INFO - [2021-11-02 15:55:50,762] {dag.py:2389} INFO - Sync 1 DAGs
[2021-11-02 15:55:50,787] {logging_mixin.py:109} INFO - [2021-11-02 15:55:50,787] {dag.py:2921} INFO - Setting next_dagrun for example_task_group to 2021-11-01T10:25:50.786906+00:00
[2021-11-02 15:55:50,802] {processor.py:171} INFO - Processing /home/linuxadmin/.local/lib/python3.6/site-packages/airflow/example_dags/example_task_group.py took 0.111 seconds
[2021-11-02 15:55:54,960] {processor.py:163} INFO - Started process (PID=176218) to work on /home/linuxadmin/.local/lib/python3.6/site-packages/airflow/example_dags/example_task_group.py
[2021-11-02 15:55:54,962] {processor.py:620} INFO - Processing file /home/linuxadmin/.local/lib/python3.6/site-packages/airflow/example_dags/example_task_group.py for tasks to queue
[2021-11-02 15:55:54,963] {logging_mixin.py:109} INFO - [2021-11-02 15:55:54,963] {dagbag.py:500} INFO - Filling up the DagBag from /home/linuxadmin/.local/lib/python3.6/site-packages/airflow/example_dags/example_task_group.py
[2021-11-02 15:55:55,008] {processor.py:632} INFO - DAG(s) dict_keys(['example_task_group']) retrieved from /home/linuxadmin/.local/lib/python3.6/site-packages/airflow/example_dags/example_task_group.py
[2021-11-02 15:55:55,026] {logging_mixin.py:109} INFO - [2021-11-02 15:55:55,026] {dag.py:2389} INFO - Sync 1 DAGs
[2021-11-02 15:55:55,055] {logging_mixin.py:109} INFO - [2021-11-02 15:55:55,055] {dag.py:2921} INFO - Setting next_dagrun for example_task_group to 2021-11-01T10:25:55.054598+00:00
[2021-11-02 15:55:55,067] {processor.py:171} INFO - Processing /home/linuxadmin/.local/lib/python3.6/site-packages/airflow/example_dags/example_task_group.py took 0.113 seconds
[2021-11-02 15:55:59,787] {processor.py:163} INFO - Started process (PID=176339) to work on /home/linuxadmin/.local/lib/python3.6/site-packages/airflow/example_dags/example_task_group.py
[2021-11-02 15:55:59,789] {processor.py:620} INFO - Processing file /home/linuxadmin/.local/lib/python3.6/site-packages/airflow/example_dags/example_task_group.py for tasks to queue
[2021-11-02 15:55:59,791] {logging_mixin.py:109} INFO - [2021-11-02 15:55:59,790] {dagbag.py:500} INFO - Filling up the DagBag from /home/linuxadmin/.local/lib/python3.6/site-packages/airflow/example_dags/example_task_group.py
[2021-11-02 15:55:59,847] {processor.py:632} INFO - DAG(s) dict_keys(['example_task_group']) retrieved from /home/linuxadmin/.local/lib/python3.6/site-packages/airflow/example_dags/example_task_group.py
[2021-11-02 15:55:59,867] {logging_mixin.py:109} INFO - [2021-11-02 15:55:59,867] {dag.py:2389} INFO - Sync 1 DAGs
[2021-11-02 15:55:59,896] {logging_mixin.py:109} INFO - [2021-11-02 15:55:59,894] {dag.py:2921} INFO - Setting next_dagrun for example_task_group to 2021-11-01T10:25:59.893997+00:00
[2021-11-02 15:55:59,911] {processor.py:171} INFO - Processing /home/linuxadmin/.local/lib/python3.6/site-packages/airflow/example_dags/example_task_group.py took 0.130 seconds
[2021-11-02 15:56:04,108] {processor.py:163} INFO - Started process (PID=176459) to work on /home/linuxadmin/.local/lib/python3.6/site-packages/airflow/example_dags/example_task_group.py
[2021-11-02 15:56:04,109] {processor.py:620} INFO - Processing file /home/linuxadmin/.local/lib/python3.6/site-packages/airflow/example_dags/example_task_group.py for tasks to queue
[2021-11-02 15:56:04,110] {logging_mixin.py:109} INFO - [2021-11-02 15:56:04,110] {dagbag.py:500} INFO - Filling up the DagBag from /home/linuxadmin/.local/lib/python3.6/site-packages/airflow/example_dags/example_task_group.py
[2021-11-02 15:56:04,146] {processor.py:632} INFO - DAG(s) dict_keys(['example_task_group']) retrieved from /home/linuxadmin/.local/lib/python3.6/site-packages/airflow/example_dags/example_task_group.py
[2021-11-02 15:56:04,158] {logging_mixin.py:109} INFO - [2021-11-02 15:56:04,158] {dag.py:2389} INFO - Sync 1 DAGs
[2021-11-02 15:56:04,180] {logging_mixin.py:109} INFO - [2021-11-02 15:56:04,179] {dag.py:2921} INFO - Setting next_dagrun for example_task_group to 2021-11-01T10:26:04.179631+00:00
[2021-11-02 15:56:04,190] {processor.py:171} INFO - Processing /home/linuxadmin/.local/lib/python3.6/site-packages/airflow/example_dags/example_task_group.py took 0.087 seconds
[2021-11-02 15:56:08,972] {processor.py:163} INFO - Started process (PID=176582) to work on /home/linuxadmin/.local/lib/python3.6/site-packages/airflow/example_dags/example_task_group.py
[2021-11-02 15:56:08,974] {processor.py:620} INFO - Processing file /home/linuxadmin/.local/lib/python3.6/site-packages/airflow/example_dags/example_task_group.py for tasks to queue
[2021-11-02 15:56:08,974] {logging_mixin.py:109} INFO - [2021-11-02 15:56:08,974] {dagbag.py:500} INFO - Filling up the DagBag from /home/linuxadmin/.local/lib/python3.6/site-packages/airflow/example_dags/example_task_group.py
[2021-11-02 15:56:09,020] {processor.py:632} INFO - DAG(s) dict_keys(['example_task_group']) retrieved from /home/linuxadmin/.local/lib/python3.6/site-packages/airflow/example_dags/example_task_group.py
[2021-11-02 15:56:09,037] {logging_mixin.py:109} INFO - [2021-11-02 15:56:09,037] {dag.py:2389} INFO - Sync 1 DAGs
[2021-11-02 15:56:09,065] {logging_mixin.py:109} INFO - [2021-11-02 15:56:09,065] {dag.py:2921} INFO - Setting next_dagrun for example_task_group to 2021-11-01T10:26:09.064974+00:00
[2021-11-02 15:56:09,081] {processor.py:171} INFO - Processing /home/linuxadmin/.local/lib/python3.6/site-packages/airflow/example_dags/example_task_group.py took 0.114 seconds
[2021-11-02 15:56:13,715] {processor.py:163} INFO - Started process (PID=176706) to work on /home/linuxadmin/.local/lib/python3.6/site-packages/airflow/example_dags/example_task_group.py
[2021-11-02 15:56:13,717] {processor.py:620} INFO - Processing file /home/linuxadmin/.local/lib/python3.6/site-packages/airflow/example_dags/example_task_group.py for tasks to queue
[2021-11-02 15:56:13,718] {logging_mixin.py:109} INFO - [2021-11-02 15:56:13,718] {dagbag.py:500} INFO - Filling up the DagBag from /home/linuxadmin/.local/lib/python3.6/site-packages/airflow/example_dags/example_task_group.py
[2021-11-02 15:56:13,761] {processor.py:632} INFO - DAG(s) dict_keys(['example_task_group']) retrieved from /home/linuxadmin/.local/lib/python3.6/site-packages/airflow/example_dags/example_task_group.py
[2021-11-02 15:56:13,782] {logging_mixin.py:109} INFO - [2021-11-02 15:56:13,782] {dag.py:2389} INFO - Sync 1 DAGs
[2021-11-02 15:56:13,808] {logging_mixin.py:109} INFO - [2021-11-02 15:56:13,808] {dag.py:2921} INFO - Setting next_dagrun for example_task_group to 2021-11-01T10:26:13.808133+00:00
[2021-11-02 15:56:13,823] {processor.py:171} INFO - Processing /home/linuxadmin/.local/lib/python3.6/site-packages/airflow/example_dags/example_task_group.py took 0.112 seconds
[2021-11-02 15:56:17,923] {processor.py:163} INFO - Started process (PID=176825) to work on /home/linuxadmin/.local/lib/python3.6/site-packages/airflow/example_dags/example_task_group.py
[2021-11-02 15:56:17,925] {processor.py:620} INFO - Processing file /home/linuxadmin/.local/lib/python3.6/site-packages/airflow/example_dags/example_task_group.py for tasks to queue
[2021-11-02 15:56:17,926] {logging_mixin.py:109} INFO - [2021-11-02 15:56:17,926] {dagbag.py:500} INFO - Filling up the DagBag from /home/linuxadmin/.local/lib/python3.6/site-packages/airflow/example_dags/example_task_group.py
[2021-11-02 15:56:17,973] {processor.py:632} INFO - DAG(s) dict_keys(['example_task_group']) retrieved from /home/linuxadmin/.local/lib/python3.6/site-packages/airflow/example_dags/example_task_group.py
[2021-11-02 15:56:17,989] {logging_mixin.py:109} INFO - [2021-11-02 15:56:17,989] {dag.py:2389} INFO - Sync 1 DAGs
[2021-11-02 15:56:18,022] {logging_mixin.py:109} INFO - [2021-11-02 15:56:18,021] {dag.py:2921} INFO - Setting next_dagrun for example_task_group to 2021-11-01T10:26:18.021294+00:00
[2021-11-02 15:56:18,036] {processor.py:171} INFO - Processing /home/linuxadmin/.local/lib/python3.6/site-packages/airflow/example_dags/example_task_group.py took 0.121 seconds
[2021-11-02 15:56:23,215] {processor.py:163} INFO - Started process (PID=176949) to work on /home/linuxadmin/.local/lib/python3.6/site-packages/airflow/example_dags/example_task_group.py
[2021-11-02 15:56:23,217] {processor.py:620} INFO - Processing file /home/linuxadmin/.local/lib/python3.6/site-packages/airflow/example_dags/example_task_group.py for tasks to queue
[2021-11-02 15:56:23,218] {logging_mixin.py:109} INFO - [2021-11-02 15:56:23,218] {dagbag.py:500} INFO - Filling up the DagBag from /home/linuxadmin/.local/lib/python3.6/site-packages/airflow/example_dags/example_task_group.py
[2021-11-02 15:56:23,257] {processor.py:632} INFO - DAG(s) dict_keys(['example_task_group']) retrieved from /home/linuxadmin/.local/lib/python3.6/site-packages/airflow/example_dags/example_task_group.py
[2021-11-02 15:56:23,271] {logging_mixin.py:109} INFO - [2021-11-02 15:56:23,271] {dag.py:2389} INFO - Sync 1 DAGs
[2021-11-02 15:56:23,294] {logging_mixin.py:109} INFO - [2021-11-02 15:56:23,294] {dag.py:2921} INFO - Setting next_dagrun for example_task_group to 2021-11-01T10:26:23.293847+00:00
[2021-11-02 15:56:23,305] {processor.py:171} INFO - Processing /home/linuxadmin/.local/lib/python3.6/site-packages/airflow/example_dags/example_task_group.py took 0.096 seconds
[2021-11-02 15:56:27,310] {processor.py:163} INFO - Started process (PID=177064) to work on /home/linuxadmin/.local/lib/python3.6/site-packages/airflow/example_dags/example_task_group.py
[2021-11-02 15:56:27,312] {processor.py:620} INFO - Processing file /home/linuxadmin/.local/lib/python3.6/site-packages/airflow/example_dags/example_task_group.py for tasks to queue
[2021-11-02 15:56:27,313] {logging_mixin.py:109} INFO - [2021-11-02 15:56:27,313] {dagbag.py:500} INFO - Filling up the DagBag from /home/linuxadmin/.local/lib/python3.6/site-packages/airflow/example_dags/example_task_group.py
[2021-11-02 15:56:27,359] {processor.py:632} INFO - DAG(s) dict_keys(['example_task_group']) retrieved from /home/linuxadmin/.local/lib/python3.6/site-packages/airflow/example_dags/example_task_group.py
[2021-11-02 15:56:27,377] {logging_mixin.py:109} INFO - [2021-11-02 15:56:27,377] {dag.py:2389} INFO - Sync 1 DAGs
[2021-11-02 15:56:27,407] {logging_mixin.py:109} INFO - [2021-11-02 15:56:27,406] {dag.py:2921} INFO - Setting next_dagrun for example_task_group to 2021-11-01T10:26:27.406247+00:00
[2021-11-02 15:56:27,426] {processor.py:171} INFO - Processing /home/linuxadmin/.local/lib/python3.6/site-packages/airflow/example_dags/example_task_group.py took 0.121 seconds
[2021-11-02 15:56:31,866] {processor.py:163} INFO - Started process (PID=177189) to work on /home/linuxadmin/.local/lib/python3.6/site-packages/airflow/example_dags/example_task_group.py
[2021-11-02 15:56:31,868] {processor.py:620} INFO - Processing file /home/linuxadmin/.local/lib/python3.6/site-packages/airflow/example_dags/example_task_group.py for tasks to queue
[2021-11-02 15:56:31,869] {logging_mixin.py:109} INFO - [2021-11-02 15:56:31,869] {dagbag.py:500} INFO - Filling up the DagBag from /home/linuxadmin/.local/lib/python3.6/site-packages/airflow/example_dags/example_task_group.py
[2021-11-02 15:56:31,913] {processor.py:632} INFO - DAG(s) dict_keys(['example_task_group']) retrieved from /home/linuxadmin/.local/lib/python3.6/site-packages/airflow/example_dags/example_task_group.py
[2021-11-02 15:56:31,927] {logging_mixin.py:109} INFO - [2021-11-02 15:56:31,927] {dag.py:2389} INFO - Sync 1 DAGs
[2021-11-02 15:56:31,952] {logging_mixin.py:109} INFO - [2021-11-02 15:56:31,951] {dag.py:2921} INFO - Setting next_dagrun for example_task_group to 2021-11-01T10:26:31.951418+00:00
[2021-11-02 15:56:31,970] {processor.py:171} INFO - Processing /home/linuxadmin/.local/lib/python3.6/site-packages/airflow/example_dags/example_task_group.py took 0.109 seconds
[2021-11-02 15:56:35,784] {processor.py:163} INFO - Started process (PID=177309) to work on /home/linuxadmin/.local/lib/python3.6/site-packages/airflow/example_dags/example_task_group.py
[2021-11-02 15:56:35,786] {processor.py:620} INFO - Processing file /home/linuxadmin/.local/lib/python3.6/site-packages/airflow/example_dags/example_task_group.py for tasks to queue
[2021-11-02 15:56:35,787] {logging_mixin.py:109} INFO - [2021-11-02 15:56:35,786] {dagbag.py:500} INFO - Filling up the DagBag from /home/linuxadmin/.local/lib/python3.6/site-packages/airflow/example_dags/example_task_group.py
[2021-11-02 15:56:35,828] {processor.py:632} INFO - DAG(s) dict_keys(['example_task_group']) retrieved from /home/linuxadmin/.local/lib/python3.6/site-packages/airflow/example_dags/example_task_group.py
[2021-11-02 15:56:35,841] {logging_mixin.py:109} INFO - [2021-11-02 15:56:35,841] {dag.py:2389} INFO - Sync 1 DAGs
[2021-11-02 15:56:35,863] {logging_mixin.py:109} INFO - [2021-11-02 15:56:35,862] {dag.py:2921} INFO - Setting next_dagrun for example_task_group to 2021-11-01T10:26:35.862527+00:00
[2021-11-02 15:56:35,876] {processor.py:171} INFO - Processing /home/linuxadmin/.local/lib/python3.6/site-packages/airflow/example_dags/example_task_group.py took 0.098 seconds
[2021-11-02 15:56:40,142] {processor.py:163} INFO - Started process (PID=177429) to work on /home/linuxadmin/.local/lib/python3.6/site-packages/airflow/example_dags/example_task_group.py
[2021-11-02 15:56:40,144] {processor.py:620} INFO - Processing file /home/linuxadmin/.local/lib/python3.6/site-packages/airflow/example_dags/example_task_group.py for tasks to queue
[2021-11-02 15:56:40,145] {logging_mixin.py:109} INFO - [2021-11-02 15:56:40,145] {dagbag.py:500} INFO - Filling up the DagBag from /home/linuxadmin/.local/lib/python3.6/site-packages/airflow/example_dags/example_task_group.py
[2021-11-02 15:56:40,200] {processor.py:632} INFO - DAG(s) dict_keys(['example_task_group']) retrieved from /home/linuxadmin/.local/lib/python3.6/site-packages/airflow/example_dags/example_task_group.py
[2021-11-02 15:56:40,220] {logging_mixin.py:109} INFO - [2021-11-02 15:56:40,220] {dag.py:2389} INFO - Sync 1 DAGs
[2021-11-02 15:56:40,250] {logging_mixin.py:109} INFO - [2021-11-02 15:56:40,250] {dag.py:2921} INFO - Setting next_dagrun for example_task_group to 2021-11-01T10:26:40.249740+00:00
[2021-11-02 15:56:40,264] {processor.py:171} INFO - Processing /home/linuxadmin/.local/lib/python3.6/site-packages/airflow/example_dags/example_task_group.py took 0.130 seconds
[2021-11-02 15:56:44,106] {processor.py:163} INFO - Started process (PID=177547) to work on /home/linuxadmin/.local/lib/python3.6/site-packages/airflow/example_dags/example_task_group.py
[2021-11-02 15:56:44,108] {processor.py:620} INFO - Processing file /home/linuxadmin/.local/lib/python3.6/site-packages/airflow/example_dags/example_task_group.py for tasks to queue
[2021-11-02 15:56:44,109] {logging_mixin.py:109} INFO - [2021-11-02 15:56:44,109] {dagbag.py:500} INFO - Filling up the DagBag from /home/linuxadmin/.local/lib/python3.6/site-packages/airflow/example_dags/example_task_group.py
[2021-11-02 15:56:44,163] {processor.py:632} INFO - DAG(s) dict_keys(['example_task_group']) retrieved from /home/linuxadmin/.local/lib/python3.6/site-packages/airflow/example_dags/example_task_group.py
[2021-11-02 15:56:44,180] {logging_mixin.py:109} INFO - [2021-11-02 15:56:44,180] {dag.py:2389} INFO - Sync 1 DAGs
[2021-11-02 15:56:44,203] {logging_mixin.py:109} INFO - [2021-11-02 15:56:44,203] {dag.py:2921} INFO - Setting next_dagrun for example_task_group to 2021-11-01T10:26:44.202748+00:00
[2021-11-02 15:56:44,218] {processor.py:171} INFO - Processing /home/linuxadmin/.local/lib/python3.6/site-packages/airflow/example_dags/example_task_group.py took 0.117 seconds
[2021-11-02 15:56:48,523] {processor.py:163} INFO - Started process (PID=177673) to work on /home/linuxadmin/.local/lib/python3.6/site-packages/airflow/example_dags/example_task_group.py
[2021-11-02 15:56:48,524] {processor.py:620} INFO - Processing file /home/linuxadmin/.local/lib/python3.6/site-packages/airflow/example_dags/example_task_group.py for tasks to queue
[2021-11-02 15:56:48,525] {logging_mixin.py:109} INFO - [2021-11-02 15:56:48,525] {dagbag.py:500} INFO - Filling up the DagBag from /home/linuxadmin/.local/lib/python3.6/site-packages/airflow/example_dags/example_task_group.py
[2021-11-02 15:56:48,565] {processor.py:632} INFO - DAG(s) dict_keys(['example_task_group']) retrieved from /home/linuxadmin/.local/lib/python3.6/site-packages/airflow/example_dags/example_task_group.py
[2021-11-02 15:56:48,579] {logging_mixin.py:109} INFO - [2021-11-02 15:56:48,579] {dag.py:2389} INFO - Sync 1 DAGs
[2021-11-02 15:56:48,610] {logging_mixin.py:109} INFO - [2021-11-02 15:56:48,610] {dag.py:2921} INFO - Setting next_dagrun for example_task_group to 2021-11-01T10:26:48.610460+00:00
[2021-11-02 15:56:48,622] {processor.py:171} INFO - Processing /home/linuxadmin/.local/lib/python3.6/site-packages/airflow/example_dags/example_task_group.py took 0.105 seconds
[2021-11-02 15:56:53,604] {processor.py:163} INFO - Started process (PID=177795) to work on /home/linuxadmin/.local/lib/python3.6/site-packages/airflow/example_dags/example_task_group.py
[2021-11-02 15:56:53,606] {processor.py:620} INFO - Processing file /home/linuxadmin/.local/lib/python3.6/site-packages/airflow/example_dags/example_task_group.py for tasks to queue
[2021-11-02 15:56:53,607] {logging_mixin.py:109} INFO - [2021-11-02 15:56:53,607] {dagbag.py:500} INFO - Filling up the DagBag from /home/linuxadmin/.local/lib/python3.6/site-packages/airflow/example_dags/example_task_group.py
[2021-11-02 15:56:53,652] {processor.py:632} INFO - DAG(s) dict_keys(['example_task_group']) retrieved from /home/linuxadmin/.local/lib/python3.6/site-packages/airflow/example_dags/example_task_group.py
[2021-11-02 15:56:53,667] {logging_mixin.py:109} INFO - [2021-11-02 15:56:53,667] {dag.py:2389} INFO - Sync 1 DAGs
[2021-11-02 15:56:53,690] {logging_mixin.py:109} INFO - [2021-11-02 15:56:53,690] {dag.py:2921} INFO - Setting next_dagrun for example_task_group to 2021-11-01T10:26:53.690324+00:00
[2021-11-02 15:56:53,704] {processor.py:171} INFO - Processing /home/linuxadmin/.local/lib/python3.6/site-packages/airflow/example_dags/example_task_group.py took 0.106 seconds
[2021-11-02 15:56:58,233] {processor.py:163} INFO - Started process (PID=177917) to work on /home/linuxadmin/.local/lib/python3.6/site-packages/airflow/example_dags/example_task_group.py
[2021-11-02 15:56:58,234] {processor.py:620} INFO - Processing file /home/linuxadmin/.local/lib/python3.6/site-packages/airflow/example_dags/example_task_group.py for tasks to queue
[2021-11-02 15:56:58,235] {logging_mixin.py:109} INFO - [2021-11-02 15:56:58,235] {dagbag.py:500} INFO - Filling up the DagBag from /home/linuxadmin/.local/lib/python3.6/site-packages/airflow/example_dags/example_task_group.py
[2021-11-02 15:56:58,289] {processor.py:632} INFO - DAG(s) dict_keys(['example_task_group']) retrieved from /home/linuxadmin/.local/lib/python3.6/site-packages/airflow/example_dags/example_task_group.py
[2021-11-02 15:56:58,309] {logging_mixin.py:109} INFO - [2021-11-02 15:56:58,309] {dag.py:2389} INFO - Sync 1 DAGs
[2021-11-02 15:56:58,345] {logging_mixin.py:109} INFO - [2021-11-02 15:56:58,345] {dag.py:2921} INFO - Setting next_dagrun for example_task_group to 2021-11-01T10:26:58.344627+00:00
[2021-11-02 15:56:58,361] {processor.py:171} INFO - Processing /home/linuxadmin/.local/lib/python3.6/site-packages/airflow/example_dags/example_task_group.py took 0.135 seconds
[2021-11-02 15:57:02,674] {processor.py:163} INFO - Started process (PID=178037) to work on /home/linuxadmin/.local/lib/python3.6/site-packages/airflow/example_dags/example_task_group.py
[2021-11-02 15:57:02,675] {processor.py:620} INFO - Processing file /home/linuxadmin/.local/lib/python3.6/site-packages/airflow/example_dags/example_task_group.py for tasks to queue
[2021-11-02 15:57:02,676] {logging_mixin.py:109} INFO - [2021-11-02 15:57:02,676] {dagbag.py:500} INFO - Filling up the DagBag from /home/linuxadmin/.local/lib/python3.6/site-packages/airflow/example_dags/example_task_group.py
[2021-11-02 15:57:02,720] {processor.py:632} INFO - DAG(s) dict_keys(['example_task_group']) retrieved from /home/linuxadmin/.local/lib/python3.6/site-packages/airflow/example_dags/example_task_group.py
[2021-11-02 15:57:02,737] {logging_mixin.py:109} INFO - [2021-11-02 15:57:02,737] {dag.py:2389} INFO - Sync 1 DAGs
[2021-11-02 15:57:02,768] {logging_mixin.py:109} INFO - [2021-11-02 15:57:02,768] {dag.py:2921} INFO - Setting next_dagrun for example_task_group to 2021-11-01T10:27:02.768085+00:00
[2021-11-02 15:57:02,783] {processor.py:171} INFO - Processing /home/linuxadmin/.local/lib/python3.6/site-packages/airflow/example_dags/example_task_group.py took 0.115 seconds
[2021-11-02 15:57:07,522] {processor.py:163} INFO - Started process (PID=178161) to work on /home/linuxadmin/.local/lib/python3.6/site-packages/airflow/example_dags/example_task_group.py
[2021-11-02 15:57:07,524] {processor.py:620} INFO - Processing file /home/linuxadmin/.local/lib/python3.6/site-packages/airflow/example_dags/example_task_group.py for tasks to queue
[2021-11-02 15:57:07,525] {logging_mixin.py:109} INFO - [2021-11-02 15:57:07,525] {dagbag.py:500} INFO - Filling up the DagBag from /home/linuxadmin/.local/lib/python3.6/site-packages/airflow/example_dags/example_task_group.py
[2021-11-02 15:57:07,572] {processor.py:632} INFO - DAG(s) dict_keys(['example_task_group']) retrieved from /home/linuxadmin/.local/lib/python3.6/site-packages/airflow/example_dags/example_task_group.py
[2021-11-02 15:57:07,586] {logging_mixin.py:109} INFO - [2021-11-02 15:57:07,586] {dag.py:2389} INFO - Sync 1 DAGs
[2021-11-02 15:57:07,610] {logging_mixin.py:109} INFO - [2021-11-02 15:57:07,610] {dag.py:2921} INFO - Setting next_dagrun for example_task_group to 2021-11-01T10:27:07.610019+00:00
[2021-11-02 15:57:07,623] {processor.py:171} INFO - Processing /home/linuxadmin/.local/lib/python3.6/site-packages/airflow/example_dags/example_task_group.py took 0.107 seconds
[2021-11-02 15:57:11,807] {processor.py:163} INFO - Started process (PID=178279) to work on /home/linuxadmin/.local/lib/python3.6/site-packages/airflow/example_dags/example_task_group.py
[2021-11-02 15:57:11,808] {processor.py:620} INFO - Processing file /home/linuxadmin/.local/lib/python3.6/site-packages/airflow/example_dags/example_task_group.py for tasks to queue
[2021-11-02 15:57:11,809] {logging_mixin.py:109} INFO - [2021-11-02 15:57:11,809] {dagbag.py:500} INFO - Filling up the DagBag from /home/linuxadmin/.local/lib/python3.6/site-packages/airflow/example_dags/example_task_group.py
[2021-11-02 15:57:11,852] {processor.py:632} INFO - DAG(s) dict_keys(['example_task_group']) retrieved from /home/linuxadmin/.local/lib/python3.6/site-packages/airflow/example_dags/example_task_group.py
[2021-11-02 15:57:11,870] {logging_mixin.py:109} INFO - [2021-11-02 15:57:11,870] {dag.py:2389} INFO - Sync 1 DAGs
[2021-11-02 15:57:11,893] {logging_mixin.py:109} INFO - [2021-11-02 15:57:11,892] {dag.py:2921} INFO - Setting next_dagrun for example_task_group to 2021-11-01T10:27:11.892537+00:00
[2021-11-02 15:57:11,903] {processor.py:171} INFO - Processing /home/linuxadmin/.local/lib/python3.6/site-packages/airflow/example_dags/example_task_group.py took 0.102 seconds
[2021-11-02 15:57:16,329] {processor.py:163} INFO - Started process (PID=178399) to work on /home/linuxadmin/.local/lib/python3.6/site-packages/airflow/example_dags/example_task_group.py
[2021-11-02 15:57:16,330] {processor.py:620} INFO - Processing file /home/linuxadmin/.local/lib/python3.6/site-packages/airflow/example_dags/example_task_group.py for tasks to queue
[2021-11-02 15:57:16,331] {logging_mixin.py:109} INFO - [2021-11-02 15:57:16,331] {dagbag.py:500} INFO - Filling up the DagBag from /home/linuxadmin/.local/lib/python3.6/site-packages/airflow/example_dags/example_task_group.py
[2021-11-02 15:57:16,373] {processor.py:632} INFO - DAG(s) dict_keys(['example_task_group']) retrieved from /home/linuxadmin/.local/lib/python3.6/site-packages/airflow/example_dags/example_task_group.py
[2021-11-02 15:57:16,390] {logging_mixin.py:109} INFO - [2021-11-02 15:57:16,390] {dag.py:2389} INFO - Sync 1 DAGs
[2021-11-02 15:57:16,418] {logging_mixin.py:109} INFO - [2021-11-02 15:57:16,418] {dag.py:2921} INFO - Setting next_dagrun for example_task_group to 2021-11-01T10:27:16.418208+00:00
[2021-11-02 15:57:16,431] {processor.py:171} INFO - Processing /home/linuxadmin/.local/lib/python3.6/site-packages/airflow/example_dags/example_task_group.py took 0.108 seconds
[2021-11-02 15:57:20,318] {processor.py:163} INFO - Started process (PID=178519) to work on /home/linuxadmin/.local/lib/python3.6/site-packages/airflow/example_dags/example_task_group.py
[2021-11-02 15:57:20,320] {processor.py:620} INFO - Processing file /home/linuxadmin/.local/lib/python3.6/site-packages/airflow/example_dags/example_task_group.py for tasks to queue
[2021-11-02 15:57:20,321] {logging_mixin.py:109} INFO - [2021-11-02 15:57:20,321] {dagbag.py:500} INFO - Filling up the DagBag from /home/linuxadmin/.local/lib/python3.6/site-packages/airflow/example_dags/example_task_group.py
[2021-11-02 15:57:20,362] {processor.py:632} INFO - DAG(s) dict_keys(['example_task_group']) retrieved from /home/linuxadmin/.local/lib/python3.6/site-packages/airflow/example_dags/example_task_group.py
[2021-11-02 15:57:20,380] {logging_mixin.py:109} INFO - [2021-11-02 15:57:20,379] {dag.py:2389} INFO - Sync 1 DAGs
[2021-11-02 15:57:20,407] {logging_mixin.py:109} INFO - [2021-11-02 15:57:20,407] {dag.py:2921} INFO - Setting next_dagrun for example_task_group to 2021-11-01T10:27:20.406727+00:00
[2021-11-02 15:57:20,420] {processor.py:171} INFO - Processing /home/linuxadmin/.local/lib/python3.6/site-packages/airflow/example_dags/example_task_group.py took 0.107 seconds
[2021-11-02 15:57:25,373] {processor.py:163} INFO - Started process (PID=178643) to work on /home/linuxadmin/.local/lib/python3.6/site-packages/airflow/example_dags/example_task_group.py
[2021-11-02 15:57:25,374] {processor.py:620} INFO - Processing file /home/linuxadmin/.local/lib/python3.6/site-packages/airflow/example_dags/example_task_group.py for tasks to queue
[2021-11-02 15:57:25,375] {logging_mixin.py:109} INFO - [2021-11-02 15:57:25,375] {dagbag.py:500} INFO - Filling up the DagBag from /home/linuxadmin/.local/lib/python3.6/site-packages/airflow/example_dags/example_task_group.py
[2021-11-02 15:57:25,418] {processor.py:632} INFO - DAG(s) dict_keys(['example_task_group']) retrieved from /home/linuxadmin/.local/lib/python3.6/site-packages/airflow/example_dags/example_task_group.py
[2021-11-02 15:57:25,434] {logging_mixin.py:109} INFO - [2021-11-02 15:57:25,434] {dag.py:2389} INFO - Sync 1 DAGs
[2021-11-02 15:57:25,458] {logging_mixin.py:109} INFO - [2021-11-02 15:57:25,457] {dag.py:2921} INFO - Setting next_dagrun for example_task_group to 2021-11-01T10:27:25.457538+00:00
[2021-11-02 15:57:25,471] {processor.py:171} INFO - Processing /home/linuxadmin/.local/lib/python3.6/site-packages/airflow/example_dags/example_task_group.py took 0.103 seconds
[2021-11-02 15:57:29,741] {processor.py:163} INFO - Started process (PID=178763) to work on /home/linuxadmin/.local/lib/python3.6/site-packages/airflow/example_dags/example_task_group.py
[2021-11-02 15:57:29,743] {processor.py:620} INFO - Processing file /home/linuxadmin/.local/lib/python3.6/site-packages/airflow/example_dags/example_task_group.py for tasks to queue
[2021-11-02 15:57:29,744] {logging_mixin.py:109} INFO - [2021-11-02 15:57:29,743] {dagbag.py:500} INFO - Filling up the DagBag from /home/linuxadmin/.local/lib/python3.6/site-packages/airflow/example_dags/example_task_group.py
[2021-11-02 15:57:29,789] {processor.py:632} INFO - DAG(s) dict_keys(['example_task_group']) retrieved from /home/linuxadmin/.local/lib/python3.6/site-packages/airflow/example_dags/example_task_group.py
[2021-11-02 15:57:29,806] {logging_mixin.py:109} INFO - [2021-11-02 15:57:29,805] {dag.py:2389} INFO - Sync 1 DAGs
[2021-11-02 15:57:29,835] {logging_mixin.py:109} INFO - [2021-11-02 15:57:29,835] {dag.py:2921} INFO - Setting next_dagrun for example_task_group to 2021-11-01T10:27:29.834708+00:00
[2021-11-02 15:57:29,854] {processor.py:171} INFO - Processing /home/linuxadmin/.local/lib/python3.6/site-packages/airflow/example_dags/example_task_group.py took 0.118 seconds
[2021-11-02 15:57:34,499] {processor.py:163} INFO - Started process (PID=178887) to work on /home/linuxadmin/.local/lib/python3.6/site-packages/airflow/example_dags/example_task_group.py
[2021-11-02 15:57:34,501] {processor.py:620} INFO - Processing file /home/linuxadmin/.local/lib/python3.6/site-packages/airflow/example_dags/example_task_group.py for tasks to queue
[2021-11-02 15:57:34,502] {logging_mixin.py:109} INFO - [2021-11-02 15:57:34,502] {dagbag.py:500} INFO - Filling up the DagBag from /home/linuxadmin/.local/lib/python3.6/site-packages/airflow/example_dags/example_task_group.py
[2021-11-02 15:57:34,547] {processor.py:632} INFO - DAG(s) dict_keys(['example_task_group']) retrieved from /home/linuxadmin/.local/lib/python3.6/site-packages/airflow/example_dags/example_task_group.py
[2021-11-02 15:57:34,564] {logging_mixin.py:109} INFO - [2021-11-02 15:57:34,564] {dag.py:2389} INFO - Sync 1 DAGs
[2021-11-02 15:57:34,593] {logging_mixin.py:109} INFO - [2021-11-02 15:57:34,593] {dag.py:2921} INFO - Setting next_dagrun for example_task_group to 2021-11-01T10:27:34.593004+00:00
[2021-11-02 15:57:34,607] {processor.py:171} INFO - Processing /home/linuxadmin/.local/lib/python3.6/site-packages/airflow/example_dags/example_task_group.py took 0.113 seconds
[2021-11-02 15:57:38,482] {processor.py:163} INFO - Started process (PID=179005) to work on /home/linuxadmin/.local/lib/python3.6/site-packages/airflow/example_dags/example_task_group.py
[2021-11-02 15:57:38,484] {processor.py:620} INFO - Processing file /home/linuxadmin/.local/lib/python3.6/site-packages/airflow/example_dags/example_task_group.py for tasks to queue
[2021-11-02 15:57:38,485] {logging_mixin.py:109} INFO - [2021-11-02 15:57:38,485] {dagbag.py:500} INFO - Filling up the DagBag from /home/linuxadmin/.local/lib/python3.6/site-packages/airflow/example_dags/example_task_group.py
[2021-11-02 15:57:38,531] {processor.py:632} INFO - DAG(s) dict_keys(['example_task_group']) retrieved from /home/linuxadmin/.local/lib/python3.6/site-packages/airflow/example_dags/example_task_group.py
[2021-11-02 15:57:38,545] {logging_mixin.py:109} INFO - [2021-11-02 15:57:38,545] {dag.py:2389} INFO - Sync 1 DAGs
[2021-11-02 15:57:38,570] {logging_mixin.py:109} INFO - [2021-11-02 15:57:38,569] {dag.py:2921} INFO - Setting next_dagrun for example_task_group to 2021-11-01T10:27:38.569538+00:00
[2021-11-02 15:57:38,582] {processor.py:171} INFO - Processing /home/linuxadmin/.local/lib/python3.6/site-packages/airflow/example_dags/example_task_group.py took 0.105 seconds
[2021-11-02 15:57:43,117] {processor.py:163} INFO - Started process (PID=179126) to work on /home/linuxadmin/.local/lib/python3.6/site-packages/airflow/example_dags/example_task_group.py
[2021-11-02 15:57:43,119] {processor.py:620} INFO - Processing file /home/linuxadmin/.local/lib/python3.6/site-packages/airflow/example_dags/example_task_group.py for tasks to queue
[2021-11-02 15:57:43,120] {logging_mixin.py:109} INFO - [2021-11-02 15:57:43,120] {dagbag.py:500} INFO - Filling up the DagBag from /home/linuxadmin/.local/lib/python3.6/site-packages/airflow/example_dags/example_task_group.py
[2021-11-02 15:57:43,169] {processor.py:632} INFO - DAG(s) dict_keys(['example_task_group']) retrieved from /home/linuxadmin/.local/lib/python3.6/site-packages/airflow/example_dags/example_task_group.py
[2021-11-02 15:57:43,182] {logging_mixin.py:109} INFO - [2021-11-02 15:57:43,182] {dag.py:2389} INFO - Sync 1 DAGs
[2021-11-02 15:57:43,207] {logging_mixin.py:109} INFO - [2021-11-02 15:57:43,207] {dag.py:2921} INFO - Setting next_dagrun for example_task_group to 2021-11-01T10:27:43.207100+00:00
[2021-11-02 15:57:43,219] {processor.py:171} INFO - Processing /home/linuxadmin/.local/lib/python3.6/site-packages/airflow/example_dags/example_task_group.py took 0.106 seconds
[2021-11-02 15:57:47,357] {processor.py:163} INFO - Started process (PID=179247) to work on /home/linuxadmin/.local/lib/python3.6/site-packages/airflow/example_dags/example_task_group.py
[2021-11-02 15:57:47,358] {processor.py:620} INFO - Processing file /home/linuxadmin/.local/lib/python3.6/site-packages/airflow/example_dags/example_task_group.py for tasks to queue
[2021-11-02 15:57:47,359] {logging_mixin.py:109} INFO - [2021-11-02 15:57:47,359] {dagbag.py:500} INFO - Filling up the DagBag from /home/linuxadmin/.local/lib/python3.6/site-packages/airflow/example_dags/example_task_group.py
[2021-11-02 15:57:47,399] {processor.py:632} INFO - DAG(s) dict_keys(['example_task_group']) retrieved from /home/linuxadmin/.local/lib/python3.6/site-packages/airflow/example_dags/example_task_group.py
[2021-11-02 15:57:47,419] {logging_mixin.py:109} INFO - [2021-11-02 15:57:47,419] {dag.py:2389} INFO - Sync 1 DAGs
[2021-11-02 15:57:47,448] {logging_mixin.py:109} INFO - [2021-11-02 15:57:47,448] {dag.py:2921} INFO - Setting next_dagrun for example_task_group to 2021-11-01T10:27:47.447826+00:00
[2021-11-02 15:57:47,463] {processor.py:171} INFO - Processing /home/linuxadmin/.local/lib/python3.6/site-packages/airflow/example_dags/example_task_group.py took 0.112 seconds
[2021-11-02 15:57:52,171] {processor.py:163} INFO - Started process (PID=179372) to work on /home/linuxadmin/.local/lib/python3.6/site-packages/airflow/example_dags/example_task_group.py
[2021-11-02 15:57:52,172] {processor.py:620} INFO - Processing file /home/linuxadmin/.local/lib/python3.6/site-packages/airflow/example_dags/example_task_group.py for tasks to queue
[2021-11-02 15:57:52,173] {logging_mixin.py:109} INFO - [2021-11-02 15:57:52,173] {dagbag.py:500} INFO - Filling up the DagBag from /home/linuxadmin/.local/lib/python3.6/site-packages/airflow/example_dags/example_task_group.py
[2021-11-02 15:57:52,216] {processor.py:632} INFO - DAG(s) dict_keys(['example_task_group']) retrieved from /home/linuxadmin/.local/lib/python3.6/site-packages/airflow/example_dags/example_task_group.py
[2021-11-02 15:57:52,230] {logging_mixin.py:109} INFO - [2021-11-02 15:57:52,230] {dag.py:2389} INFO - Sync 1 DAGs
[2021-11-02 15:57:52,254] {logging_mixin.py:109} INFO - [2021-11-02 15:57:52,254] {dag.py:2921} INFO - Setting next_dagrun for example_task_group to 2021-11-01T10:27:52.254269+00:00
[2021-11-02 15:57:52,267] {processor.py:171} INFO - Processing /home/linuxadmin/.local/lib/python3.6/site-packages/airflow/example_dags/example_task_group.py took 0.100 seconds
[2021-11-02 15:57:57,504] {processor.py:163} INFO - Started process (PID=179496) to work on /home/linuxadmin/.local/lib/python3.6/site-packages/airflow/example_dags/example_task_group.py
[2021-11-02 15:57:57,505] {processor.py:620} INFO - Processing file /home/linuxadmin/.local/lib/python3.6/site-packages/airflow/example_dags/example_task_group.py for tasks to queue
[2021-11-02 15:57:57,507] {logging_mixin.py:109} INFO - [2021-11-02 15:57:57,506] {dagbag.py:500} INFO - Filling up the DagBag from /home/linuxadmin/.local/lib/python3.6/site-packages/airflow/example_dags/example_task_group.py
[2021-11-02 15:57:57,555] {processor.py:632} INFO - DAG(s) dict_keys(['example_task_group']) retrieved from /home/linuxadmin/.local/lib/python3.6/site-packages/airflow/example_dags/example_task_group.py
[2021-11-02 15:57:57,568] {logging_mixin.py:109} INFO - [2021-11-02 15:57:57,568] {dag.py:2389} INFO - Sync 1 DAGs
[2021-11-02 15:57:57,590] {logging_mixin.py:109} INFO - [2021-11-02 15:57:57,590] {dag.py:2921} INFO - Setting next_dagrun for example_task_group to 2021-11-01T10:27:57.590244+00:00
[2021-11-02 15:57:57,601] {processor.py:171} INFO - Processing /home/linuxadmin/.local/lib/python3.6/site-packages/airflow/example_dags/example_task_group.py took 0.104 seconds
[2021-11-02 15:58:01,631] {processor.py:163} INFO - Started process (PID=179614) to work on /home/linuxadmin/.local/lib/python3.6/site-packages/airflow/example_dags/example_task_group.py
[2021-11-02 15:58:01,632] {processor.py:620} INFO - Processing file /home/linuxadmin/.local/lib/python3.6/site-packages/airflow/example_dags/example_task_group.py for tasks to queue
[2021-11-02 15:58:01,633] {logging_mixin.py:109} INFO - [2021-11-02 15:58:01,633] {dagbag.py:500} INFO - Filling up the DagBag from /home/linuxadmin/.local/lib/python3.6/site-packages/airflow/example_dags/example_task_group.py
[2021-11-02 15:58:01,673] {processor.py:632} INFO - DAG(s) dict_keys(['example_task_group']) retrieved from /home/linuxadmin/.local/lib/python3.6/site-packages/airflow/example_dags/example_task_group.py
[2021-11-02 15:58:01,687] {logging_mixin.py:109} INFO - [2021-11-02 15:58:01,687] {dag.py:2389} INFO - Sync 1 DAGs
[2021-11-02 15:58:01,709] {logging_mixin.py:109} INFO - [2021-11-02 15:58:01,709] {dag.py:2921} INFO - Setting next_dagrun for example_task_group to 2021-11-01T10:28:01.709081+00:00
[2021-11-02 15:58:01,719] {processor.py:171} INFO - Processing /home/linuxadmin/.local/lib/python3.6/site-packages/airflow/example_dags/example_task_group.py took 0.094 seconds
[2021-11-02 15:58:06,021] {processor.py:163} INFO - Started process (PID=179739) to work on /home/linuxadmin/.local/lib/python3.6/site-packages/airflow/example_dags/example_task_group.py
[2021-11-02 15:58:06,022] {processor.py:620} INFO - Processing file /home/linuxadmin/.local/lib/python3.6/site-packages/airflow/example_dags/example_task_group.py for tasks to queue
[2021-11-02 15:58:06,023] {logging_mixin.py:109} INFO - [2021-11-02 15:58:06,023] {dagbag.py:500} INFO - Filling up the DagBag from /home/linuxadmin/.local/lib/python3.6/site-packages/airflow/example_dags/example_task_group.py
[2021-11-02 15:58:06,070] {processor.py:632} INFO - DAG(s) dict_keys(['example_task_group']) retrieved from /home/linuxadmin/.local/lib/python3.6/site-packages/airflow/example_dags/example_task_group.py
[2021-11-02 15:58:06,086] {logging_mixin.py:109} INFO - [2021-11-02 15:58:06,085] {dag.py:2389} INFO - Sync 1 DAGs
[2021-11-02 15:58:06,122] {logging_mixin.py:109} INFO - [2021-11-02 15:58:06,121] {dag.py:2921} INFO - Setting next_dagrun for example_task_group to 2021-11-01T10:28:06.121292+00:00
[2021-11-02 15:58:06,136] {processor.py:171} INFO - Processing /home/linuxadmin/.local/lib/python3.6/site-packages/airflow/example_dags/example_task_group.py took 0.120 seconds
[2021-11-02 15:58:10,495] {processor.py:163} INFO - Started process (PID=179856) to work on /home/linuxadmin/.local/lib/python3.6/site-packages/airflow/example_dags/example_task_group.py
[2021-11-02 15:58:10,497] {processor.py:620} INFO - Processing file /home/linuxadmin/.local/lib/python3.6/site-packages/airflow/example_dags/example_task_group.py for tasks to queue
[2021-11-02 15:58:10,498] {logging_mixin.py:109} INFO - [2021-11-02 15:58:10,497] {dagbag.py:500} INFO - Filling up the DagBag from /home/linuxadmin/.local/lib/python3.6/site-packages/airflow/example_dags/example_task_group.py
[2021-11-02 15:58:10,534] {processor.py:632} INFO - DAG(s) dict_keys(['example_task_group']) retrieved from /home/linuxadmin/.local/lib/python3.6/site-packages/airflow/example_dags/example_task_group.py
[2021-11-02 15:58:10,548] {logging_mixin.py:109} INFO - [2021-11-02 15:58:10,548] {dag.py:2389} INFO - Sync 1 DAGs
[2021-11-02 15:58:10,576] {logging_mixin.py:109} INFO - [2021-11-02 15:58:10,576] {dag.py:2921} INFO - Setting next_dagrun for example_task_group to 2021-11-01T10:28:10.576233+00:00
[2021-11-02 15:58:10,593] {processor.py:171} INFO - Processing /home/linuxadmin/.local/lib/python3.6/site-packages/airflow/example_dags/example_task_group.py took 0.103 seconds
[2021-11-02 15:58:15,398] {processor.py:163} INFO - Started process (PID=179978) to work on /home/linuxadmin/.local/lib/python3.6/site-packages/airflow/example_dags/example_task_group.py
[2021-11-02 15:58:15,400] {processor.py:620} INFO - Processing file /home/linuxadmin/.local/lib/python3.6/site-packages/airflow/example_dags/example_task_group.py for tasks to queue
[2021-11-02 15:58:15,401] {logging_mixin.py:109} INFO - [2021-11-02 15:58:15,401] {dagbag.py:500} INFO - Filling up the DagBag from /home/linuxadmin/.local/lib/python3.6/site-packages/airflow/example_dags/example_task_group.py
[2021-11-02 15:58:15,445] {processor.py:632} INFO - DAG(s) dict_keys(['example_task_group']) retrieved from /home/linuxadmin/.local/lib/python3.6/site-packages/airflow/example_dags/example_task_group.py
[2021-11-02 15:58:15,460] {logging_mixin.py:109} INFO - [2021-11-02 15:58:15,459] {dag.py:2389} INFO - Sync 1 DAGs
[2021-11-02 15:58:15,486] {logging_mixin.py:109} INFO - [2021-11-02 15:58:15,486] {dag.py:2921} INFO - Setting next_dagrun for example_task_group to 2021-11-01T10:28:15.485815+00:00
[2021-11-02 15:58:15,499] {processor.py:171} INFO - Processing /home/linuxadmin/.local/lib/python3.6/site-packages/airflow/example_dags/example_task_group.py took 0.106 seconds
[2021-11-02 15:58:19,884] {processor.py:163} INFO - Started process (PID=180106) to work on /home/linuxadmin/.local/lib/python3.6/site-packages/airflow/example_dags/example_task_group.py
[2021-11-02 15:58:19,887] {processor.py:620} INFO - Processing file /home/linuxadmin/.local/lib/python3.6/site-packages/airflow/example_dags/example_task_group.py for tasks to queue
[2021-11-02 15:58:19,888] {logging_mixin.py:109} INFO - [2021-11-02 15:58:19,888] {dagbag.py:500} INFO - Filling up the DagBag from /home/linuxadmin/.local/lib/python3.6/site-packages/airflow/example_dags/example_task_group.py
[2021-11-02 15:58:19,924] {processor.py:632} INFO - DAG(s) dict_keys(['example_task_group']) retrieved from /home/linuxadmin/.local/lib/python3.6/site-packages/airflow/example_dags/example_task_group.py
[2021-11-02 15:58:19,937] {logging_mixin.py:109} INFO - [2021-11-02 15:58:19,936] {dag.py:2389} INFO - Sync 1 DAGs
[2021-11-02 15:58:19,960] {logging_mixin.py:109} INFO - [2021-11-02 15:58:19,960] {dag.py:2921} INFO - Setting next_dagrun for example_task_group to 2021-11-01T10:28:19.959852+00:00
[2021-11-02 15:58:19,971] {processor.py:171} INFO - Processing /home/linuxadmin/.local/lib/python3.6/site-packages/airflow/example_dags/example_task_group.py took 0.092 seconds
[2021-11-02 15:58:23,847] {processor.py:163} INFO - Started process (PID=180224) to work on /home/linuxadmin/.local/lib/python3.6/site-packages/airflow/example_dags/example_task_group.py
[2021-11-02 15:58:23,848] {processor.py:620} INFO - Processing file /home/linuxadmin/.local/lib/python3.6/site-packages/airflow/example_dags/example_task_group.py for tasks to queue
[2021-11-02 15:58:23,849] {logging_mixin.py:109} INFO - [2021-11-02 15:58:23,849] {dagbag.py:500} INFO - Filling up the DagBag from /home/linuxadmin/.local/lib/python3.6/site-packages/airflow/example_dags/example_task_group.py
[2021-11-02 15:58:23,891] {processor.py:632} INFO - DAG(s) dict_keys(['example_task_group']) retrieved from /home/linuxadmin/.local/lib/python3.6/site-packages/airflow/example_dags/example_task_group.py
[2021-11-02 15:58:23,908] {logging_mixin.py:109} INFO - [2021-11-02 15:58:23,908] {dag.py:2389} INFO - Sync 1 DAGs
[2021-11-02 15:58:23,934] {logging_mixin.py:109} INFO - [2021-11-02 15:58:23,934] {dag.py:2921} INFO - Setting next_dagrun for example_task_group to 2021-11-01T10:28:23.934304+00:00
[2021-11-02 15:58:23,945] {processor.py:171} INFO - Processing /home/linuxadmin/.local/lib/python3.6/site-packages/airflow/example_dags/example_task_group.py took 0.104 seconds
[2021-11-02 15:58:29,305] {processor.py:163} INFO - Started process (PID=180348) to work on /home/linuxadmin/.local/lib/python3.6/site-packages/airflow/example_dags/example_task_group.py
[2021-11-02 15:58:29,306] {processor.py:620} INFO - Processing file /home/linuxadmin/.local/lib/python3.6/site-packages/airflow/example_dags/example_task_group.py for tasks to queue
[2021-11-02 15:58:29,307] {logging_mixin.py:109} INFO - [2021-11-02 15:58:29,307] {dagbag.py:500} INFO - Filling up the DagBag from /home/linuxadmin/.local/lib/python3.6/site-packages/airflow/example_dags/example_task_group.py
[2021-11-02 15:58:29,353] {processor.py:632} INFO - DAG(s) dict_keys(['example_task_group']) retrieved from /home/linuxadmin/.local/lib/python3.6/site-packages/airflow/example_dags/example_task_group.py
[2021-11-02 15:58:29,369] {logging_mixin.py:109} INFO - [2021-11-02 15:58:29,369] {dag.py:2389} INFO - Sync 1 DAGs
[2021-11-02 15:58:29,397] {logging_mixin.py:109} INFO - [2021-11-02 15:58:29,397] {dag.py:2921} INFO - Setting next_dagrun for example_task_group to 2021-11-01T10:28:29.397188+00:00
[2021-11-02 15:58:29,410] {processor.py:171} INFO - Processing /home/linuxadmin/.local/lib/python3.6/site-packages/airflow/example_dags/example_task_group.py took 0.111 seconds
[2021-11-02 15:58:33,562] {processor.py:163} INFO - Started process (PID=180466) to work on /home/linuxadmin/.local/lib/python3.6/site-packages/airflow/example_dags/example_task_group.py
[2021-11-02 15:58:33,564] {processor.py:620} INFO - Processing file /home/linuxadmin/.local/lib/python3.6/site-packages/airflow/example_dags/example_task_group.py for tasks to queue
[2021-11-02 15:58:33,565] {logging_mixin.py:109} INFO - [2021-11-02 15:58:33,565] {dagbag.py:500} INFO - Filling up the DagBag from /home/linuxadmin/.local/lib/python3.6/site-packages/airflow/example_dags/example_task_group.py
[2021-11-02 15:58:33,614] {processor.py:632} INFO - DAG(s) dict_keys(['example_task_group']) retrieved from /home/linuxadmin/.local/lib/python3.6/site-packages/airflow/example_dags/example_task_group.py
[2021-11-02 15:58:33,637] {logging_mixin.py:109} INFO - [2021-11-02 15:58:33,637] {dag.py:2389} INFO - Sync 1 DAGs
[2021-11-02 15:58:33,665] {logging_mixin.py:109} INFO - [2021-11-02 15:58:33,665] {dag.py:2921} INFO - Setting next_dagrun for example_task_group to 2021-11-01T10:28:33.664903+00:00
[2021-11-02 15:58:33,680] {processor.py:171} INFO - Processing /home/linuxadmin/.local/lib/python3.6/site-packages/airflow/example_dags/example_task_group.py took 0.123 seconds
[2021-11-02 15:58:38,350] {processor.py:163} INFO - Started process (PID=180591) to work on /home/linuxadmin/.local/lib/python3.6/site-packages/airflow/example_dags/example_task_group.py
[2021-11-02 15:58:38,351] {processor.py:620} INFO - Processing file /home/linuxadmin/.local/lib/python3.6/site-packages/airflow/example_dags/example_task_group.py for tasks to queue
[2021-11-02 15:58:38,352] {logging_mixin.py:109} INFO - [2021-11-02 15:58:38,352] {dagbag.py:500} INFO - Filling up the DagBag from /home/linuxadmin/.local/lib/python3.6/site-packages/airflow/example_dags/example_task_group.py
[2021-11-02 15:58:38,400] {processor.py:632} INFO - DAG(s) dict_keys(['example_task_group']) retrieved from /home/linuxadmin/.local/lib/python3.6/site-packages/airflow/example_dags/example_task_group.py
[2021-11-02 15:58:38,417] {logging_mixin.py:109} INFO - [2021-11-02 15:58:38,417] {dag.py:2389} INFO - Sync 1 DAGs
[2021-11-02 15:58:38,448] {logging_mixin.py:109} INFO - [2021-11-02 15:58:38,448] {dag.py:2921} INFO - Setting next_dagrun for example_task_group to 2021-11-01T10:28:38.447642+00:00
[2021-11-02 15:58:38,464] {processor.py:171} INFO - Processing /home/linuxadmin/.local/lib/python3.6/site-packages/airflow/example_dags/example_task_group.py took 0.119 seconds
[2021-11-02 15:58:42,269] {processor.py:163} INFO - Started process (PID=180708) to work on /home/linuxadmin/.local/lib/python3.6/site-packages/airflow/example_dags/example_task_group.py
[2021-11-02 15:58:42,270] {processor.py:620} INFO - Processing file /home/linuxadmin/.local/lib/python3.6/site-packages/airflow/example_dags/example_task_group.py for tasks to queue
[2021-11-02 15:58:42,271] {logging_mixin.py:109} INFO - [2021-11-02 15:58:42,271] {dagbag.py:500} INFO - Filling up the DagBag from /home/linuxadmin/.local/lib/python3.6/site-packages/airflow/example_dags/example_task_group.py
[2021-11-02 15:58:42,316] {processor.py:632} INFO - DAG(s) dict_keys(['example_task_group']) retrieved from /home/linuxadmin/.local/lib/python3.6/site-packages/airflow/example_dags/example_task_group.py
[2021-11-02 15:58:42,328] {logging_mixin.py:109} INFO - [2021-11-02 15:58:42,328] {dag.py:2389} INFO - Sync 1 DAGs
[2021-11-02 15:58:42,356] {logging_mixin.py:109} INFO - [2021-11-02 15:58:42,356] {dag.py:2921} INFO - Setting next_dagrun for example_task_group to 2021-11-01T10:28:42.356165+00:00
[2021-11-02 15:58:42,373] {processor.py:171} INFO - Processing /home/linuxadmin/.local/lib/python3.6/site-packages/airflow/example_dags/example_task_group.py took 0.110 seconds
[2021-11-02 15:58:46,910] {processor.py:163} INFO - Started process (PID=180832) to work on /home/linuxadmin/.local/lib/python3.6/site-packages/airflow/example_dags/example_task_group.py
[2021-11-02 15:58:46,912] {processor.py:620} INFO - Processing file /home/linuxadmin/.local/lib/python3.6/site-packages/airflow/example_dags/example_task_group.py for tasks to queue
[2021-11-02 15:58:46,913] {logging_mixin.py:109} INFO - [2021-11-02 15:58:46,912] {dagbag.py:500} INFO - Filling up the DagBag from /home/linuxadmin/.local/lib/python3.6/site-packages/airflow/example_dags/example_task_group.py
[2021-11-02 15:58:46,955] {processor.py:632} INFO - DAG(s) dict_keys(['example_task_group']) retrieved from /home/linuxadmin/.local/lib/python3.6/site-packages/airflow/example_dags/example_task_group.py
[2021-11-02 15:58:46,969] {logging_mixin.py:109} INFO - [2021-11-02 15:58:46,969] {dag.py:2389} INFO - Sync 1 DAGs
[2021-11-02 15:58:46,997] {logging_mixin.py:109} INFO - [2021-11-02 15:58:46,997] {dag.py:2921} INFO - Setting next_dagrun for example_task_group to 2021-11-01T10:28:46.997126+00:00
[2021-11-02 15:58:47,008] {processor.py:171} INFO - Processing /home/linuxadmin/.local/lib/python3.6/site-packages/airflow/example_dags/example_task_group.py took 0.103 seconds
[2021-11-02 15:58:50,809] {processor.py:163} INFO - Started process (PID=180954) to work on /home/linuxadmin/.local/lib/python3.6/site-packages/airflow/example_dags/example_task_group.py
[2021-11-02 15:58:50,810] {processor.py:620} INFO - Processing file /home/linuxadmin/.local/lib/python3.6/site-packages/airflow/example_dags/example_task_group.py for tasks to queue
[2021-11-02 15:58:50,811] {logging_mixin.py:109} INFO - [2021-11-02 15:58:50,811] {dagbag.py:500} INFO - Filling up the DagBag from /home/linuxadmin/.local/lib/python3.6/site-packages/airflow/example_dags/example_task_group.py
[2021-11-02 15:58:50,852] {processor.py:632} INFO - DAG(s) dict_keys(['example_task_group']) retrieved from /home/linuxadmin/.local/lib/python3.6/site-packages/airflow/example_dags/example_task_group.py
[2021-11-02 15:58:50,866] {logging_mixin.py:109} INFO - [2021-11-02 15:58:50,866] {dag.py:2389} INFO - Sync 1 DAGs
[2021-11-02 15:58:50,888] {logging_mixin.py:109} INFO - [2021-11-02 15:58:50,888] {dag.py:2921} INFO - Setting next_dagrun for example_task_group to 2021-11-01T10:28:50.888382+00:00
[2021-11-02 15:58:50,901] {processor.py:171} INFO - Processing /home/linuxadmin/.local/lib/python3.6/site-packages/airflow/example_dags/example_task_group.py took 0.096 seconds
[2021-11-02 15:58:55,101] {processor.py:163} INFO - Started process (PID=181074) to work on /home/linuxadmin/.local/lib/python3.6/site-packages/airflow/example_dags/example_task_group.py
[2021-11-02 15:58:55,103] {processor.py:620} INFO - Processing file /home/linuxadmin/.local/lib/python3.6/site-packages/airflow/example_dags/example_task_group.py for tasks to queue
[2021-11-02 15:58:55,104] {logging_mixin.py:109} INFO - [2021-11-02 15:58:55,104] {dagbag.py:500} INFO - Filling up the DagBag from /home/linuxadmin/.local/lib/python3.6/site-packages/airflow/example_dags/example_task_group.py
[2021-11-02 15:58:55,165] {processor.py:632} INFO - DAG(s) dict_keys(['example_task_group']) retrieved from /home/linuxadmin/.local/lib/python3.6/site-packages/airflow/example_dags/example_task_group.py
[2021-11-02 15:58:55,188] {logging_mixin.py:109} INFO - [2021-11-02 15:58:55,187] {dag.py:2389} INFO - Sync 1 DAGs
[2021-11-02 15:58:55,218] {logging_mixin.py:109} INFO - [2021-11-02 15:58:55,218] {dag.py:2921} INFO - Setting next_dagrun for example_task_group to 2021-11-01T10:28:55.217676+00:00
[2021-11-02 15:58:55,234] {processor.py:171} INFO - Processing /home/linuxadmin/.local/lib/python3.6/site-packages/airflow/example_dags/example_task_group.py took 0.138 seconds
[2021-11-02 15:58:59,972] {processor.py:163} INFO - Started process (PID=181195) to work on /home/linuxadmin/.local/lib/python3.6/site-packages/airflow/example_dags/example_task_group.py
[2021-11-02 15:58:59,974] {processor.py:620} INFO - Processing file /home/linuxadmin/.local/lib/python3.6/site-packages/airflow/example_dags/example_task_group.py for tasks to queue
[2021-11-02 15:58:59,974] {logging_mixin.py:109} INFO - [2021-11-02 15:58:59,974] {dagbag.py:500} INFO - Filling up the DagBag from /home/linuxadmin/.local/lib/python3.6/site-packages/airflow/example_dags/example_task_group.py
[2021-11-02 15:59:00,021] {processor.py:632} INFO - DAG(s) dict_keys(['example_task_group']) retrieved from /home/linuxadmin/.local/lib/python3.6/site-packages/airflow/example_dags/example_task_group.py
[2021-11-02 15:59:00,039] {logging_mixin.py:109} INFO - [2021-11-02 15:59:00,039] {dag.py:2389} INFO - Sync 1 DAGs
[2021-11-02 15:59:00,071] {logging_mixin.py:109} INFO - [2021-11-02 15:59:00,071] {dag.py:2921} INFO - Setting next_dagrun for example_task_group to 2021-11-01T10:29:00.070928+00:00
[2021-11-02 15:59:00,086] {processor.py:171} INFO - Processing /home/linuxadmin/.local/lib/python3.6/site-packages/airflow/example_dags/example_task_group.py took 0.119 seconds
[2021-11-02 15:59:05,246] {processor.py:163} INFO - Started process (PID=181320) to work on /home/linuxadmin/.local/lib/python3.6/site-packages/airflow/example_dags/example_task_group.py
[2021-11-02 15:59:05,247] {processor.py:620} INFO - Processing file /home/linuxadmin/.local/lib/python3.6/site-packages/airflow/example_dags/example_task_group.py for tasks to queue
[2021-11-02 15:59:05,248] {logging_mixin.py:109} INFO - [2021-11-02 15:59:05,248] {dagbag.py:500} INFO - Filling up the DagBag from /home/linuxadmin/.local/lib/python3.6/site-packages/airflow/example_dags/example_task_group.py
[2021-11-02 15:59:05,290] {processor.py:632} INFO - DAG(s) dict_keys(['example_task_group']) retrieved from /home/linuxadmin/.local/lib/python3.6/site-packages/airflow/example_dags/example_task_group.py
[2021-11-02 15:59:05,307] {logging_mixin.py:109} INFO - [2021-11-02 15:59:05,307] {dag.py:2389} INFO - Sync 1 DAGs
[2021-11-02 15:59:05,335] {logging_mixin.py:109} INFO - [2021-11-02 15:59:05,335] {dag.py:2921} INFO - Setting next_dagrun for example_task_group to 2021-11-01T10:29:05.335169+00:00
[2021-11-02 15:59:05,356] {processor.py:171} INFO - Processing /home/linuxadmin/.local/lib/python3.6/site-packages/airflow/example_dags/example_task_group.py took 0.115 seconds
[2021-11-02 15:59:09,491] {processor.py:163} INFO - Started process (PID=181442) to work on /home/linuxadmin/.local/lib/python3.6/site-packages/airflow/example_dags/example_task_group.py
[2021-11-02 15:59:09,492] {processor.py:620} INFO - Processing file /home/linuxadmin/.local/lib/python3.6/site-packages/airflow/example_dags/example_task_group.py for tasks to queue
[2021-11-02 15:59:09,493] {logging_mixin.py:109} INFO - [2021-11-02 15:59:09,493] {dagbag.py:500} INFO - Filling up the DagBag from /home/linuxadmin/.local/lib/python3.6/site-packages/airflow/example_dags/example_task_group.py
[2021-11-02 15:59:09,537] {processor.py:632} INFO - DAG(s) dict_keys(['example_task_group']) retrieved from /home/linuxadmin/.local/lib/python3.6/site-packages/airflow/example_dags/example_task_group.py
[2021-11-02 15:59:09,552] {logging_mixin.py:109} INFO - [2021-11-02 15:59:09,552] {dag.py:2389} INFO - Sync 1 DAGs
[2021-11-02 15:59:09,575] {logging_mixin.py:109} INFO - [2021-11-02 15:59:09,575] {dag.py:2921} INFO - Setting next_dagrun for example_task_group to 2021-11-01T10:29:09.574858+00:00
[2021-11-02 15:59:09,586] {processor.py:171} INFO - Processing /home/linuxadmin/.local/lib/python3.6/site-packages/airflow/example_dags/example_task_group.py took 0.099 seconds
[2021-11-02 15:59:14,114] {processor.py:163} INFO - Started process (PID=181563) to work on /home/linuxadmin/.local/lib/python3.6/site-packages/airflow/example_dags/example_task_group.py
[2021-11-02 15:59:14,115] {processor.py:620} INFO - Processing file /home/linuxadmin/.local/lib/python3.6/site-packages/airflow/example_dags/example_task_group.py for tasks to queue
[2021-11-02 15:59:14,116] {logging_mixin.py:109} INFO - [2021-11-02 15:59:14,116] {dagbag.py:500} INFO - Filling up the DagBag from /home/linuxadmin/.local/lib/python3.6/site-packages/airflow/example_dags/example_task_group.py
[2021-11-02 15:59:14,156] {processor.py:632} INFO - DAG(s) dict_keys(['example_task_group']) retrieved from /home/linuxadmin/.local/lib/python3.6/site-packages/airflow/example_dags/example_task_group.py
[2021-11-02 15:59:14,172] {logging_mixin.py:109} INFO - [2021-11-02 15:59:14,171] {dag.py:2389} INFO - Sync 1 DAGs
[2021-11-02 15:59:14,204] {logging_mixin.py:109} INFO - [2021-11-02 15:59:14,204] {dag.py:2921} INFO - Setting next_dagrun for example_task_group to 2021-11-01T10:29:14.204050+00:00
[2021-11-02 15:59:14,219] {processor.py:171} INFO - Processing /home/linuxadmin/.local/lib/python3.6/site-packages/airflow/example_dags/example_task_group.py took 0.109 seconds
