[2021-11-02 15:55:20,359] {processor.py:163} INFO - Started process (PID=175281) to work on /home/linuxadmin/.local/lib/python3.6/site-packages/airflow/example_dags/example_complex.py
[2021-11-02 15:55:20,361] {processor.py:620} INFO - Processing file /home/linuxadmin/.local/lib/python3.6/site-packages/airflow/example_dags/example_complex.py for tasks to queue
[2021-11-02 15:55:20,362] {logging_mixin.py:109} INFO - [2021-11-02 15:55:20,361] {dagbag.py:500} INFO - Filling up the DagBag from /home/linuxadmin/.local/lib/python3.6/site-packages/airflow/example_dags/example_complex.py
[2021-11-02 15:55:20,419] {processor.py:632} INFO - DAG(s) dict_keys(['example_complex']) retrieved from /home/linuxadmin/.local/lib/python3.6/site-packages/airflow/example_dags/example_complex.py
[2021-11-02 15:55:20,441] {logging_mixin.py:109} INFO - [2021-11-02 15:55:20,441] {dag.py:2389} INFO - Sync 1 DAGs
[2021-11-02 15:55:20,462] {logging_mixin.py:109} INFO - [2021-11-02 15:55:20,462] {dag.py:2921} INFO - Setting next_dagrun for example_complex to None
[2021-11-02 15:55:20,472] {processor.py:171} INFO - Processing /home/linuxadmin/.local/lib/python3.6/site-packages/airflow/example_dags/example_complex.py took 0.118 seconds
[2021-11-02 15:55:24,752] {processor.py:163} INFO - Started process (PID=175403) to work on /home/linuxadmin/.local/lib/python3.6/site-packages/airflow/example_dags/example_complex.py
[2021-11-02 15:55:24,754] {processor.py:620} INFO - Processing file /home/linuxadmin/.local/lib/python3.6/site-packages/airflow/example_dags/example_complex.py for tasks to queue
[2021-11-02 15:55:24,755] {logging_mixin.py:109} INFO - [2021-11-02 15:55:24,754] {dagbag.py:500} INFO - Filling up the DagBag from /home/linuxadmin/.local/lib/python3.6/site-packages/airflow/example_dags/example_complex.py
[2021-11-02 15:55:24,813] {processor.py:632} INFO - DAG(s) dict_keys(['example_complex']) retrieved from /home/linuxadmin/.local/lib/python3.6/site-packages/airflow/example_dags/example_complex.py
[2021-11-02 15:55:24,836] {logging_mixin.py:109} INFO - [2021-11-02 15:55:24,836] {dag.py:2389} INFO - Sync 1 DAGs
[2021-11-02 15:55:24,864] {logging_mixin.py:109} INFO - [2021-11-02 15:55:24,864] {dag.py:2921} INFO - Setting next_dagrun for example_complex to None
[2021-11-02 15:55:24,878] {processor.py:171} INFO - Processing /home/linuxadmin/.local/lib/python3.6/site-packages/airflow/example_dags/example_complex.py took 0.131 seconds
[2021-11-02 15:55:29,081] {processor.py:163} INFO - Started process (PID=175524) to work on /home/linuxadmin/.local/lib/python3.6/site-packages/airflow/example_dags/example_complex.py
[2021-11-02 15:55:29,082] {processor.py:620} INFO - Processing file /home/linuxadmin/.local/lib/python3.6/site-packages/airflow/example_dags/example_complex.py for tasks to queue
[2021-11-02 15:55:29,083] {logging_mixin.py:109} INFO - [2021-11-02 15:55:29,083] {dagbag.py:500} INFO - Filling up the DagBag from /home/linuxadmin/.local/lib/python3.6/site-packages/airflow/example_dags/example_complex.py
[2021-11-02 15:55:29,127] {processor.py:632} INFO - DAG(s) dict_keys(['example_complex']) retrieved from /home/linuxadmin/.local/lib/python3.6/site-packages/airflow/example_dags/example_complex.py
[2021-11-02 15:55:29,145] {logging_mixin.py:109} INFO - [2021-11-02 15:55:29,145] {dag.py:2389} INFO - Sync 1 DAGs
[2021-11-02 15:55:29,167] {logging_mixin.py:109} INFO - [2021-11-02 15:55:29,166] {dag.py:2921} INFO - Setting next_dagrun for example_complex to None
[2021-11-02 15:55:29,177] {processor.py:171} INFO - Processing /home/linuxadmin/.local/lib/python3.6/site-packages/airflow/example_dags/example_complex.py took 0.102 seconds
[2021-11-02 15:55:33,583] {processor.py:163} INFO - Started process (PID=175646) to work on /home/linuxadmin/.local/lib/python3.6/site-packages/airflow/example_dags/example_complex.py
[2021-11-02 15:55:33,585] {processor.py:620} INFO - Processing file /home/linuxadmin/.local/lib/python3.6/site-packages/airflow/example_dags/example_complex.py for tasks to queue
[2021-11-02 15:55:33,586] {logging_mixin.py:109} INFO - [2021-11-02 15:55:33,585] {dagbag.py:500} INFO - Filling up the DagBag from /home/linuxadmin/.local/lib/python3.6/site-packages/airflow/example_dags/example_complex.py
[2021-11-02 15:55:33,640] {processor.py:632} INFO - DAG(s) dict_keys(['example_complex']) retrieved from /home/linuxadmin/.local/lib/python3.6/site-packages/airflow/example_dags/example_complex.py
[2021-11-02 15:55:33,657] {logging_mixin.py:109} INFO - [2021-11-02 15:55:33,657] {dag.py:2389} INFO - Sync 1 DAGs
[2021-11-02 15:55:33,679] {logging_mixin.py:109} INFO - [2021-11-02 15:55:33,679] {dag.py:2921} INFO - Setting next_dagrun for example_complex to None
[2021-11-02 15:55:33,692] {processor.py:171} INFO - Processing /home/linuxadmin/.local/lib/python3.6/site-packages/airflow/example_dags/example_complex.py took 0.114 seconds
[2021-11-02 15:55:38,245] {processor.py:163} INFO - Started process (PID=175767) to work on /home/linuxadmin/.local/lib/python3.6/site-packages/airflow/example_dags/example_complex.py
[2021-11-02 15:55:38,246] {processor.py:620} INFO - Processing file /home/linuxadmin/.local/lib/python3.6/site-packages/airflow/example_dags/example_complex.py for tasks to queue
[2021-11-02 15:55:38,247] {logging_mixin.py:109} INFO - [2021-11-02 15:55:38,247] {dagbag.py:500} INFO - Filling up the DagBag from /home/linuxadmin/.local/lib/python3.6/site-packages/airflow/example_dags/example_complex.py
[2021-11-02 15:55:38,292] {processor.py:632} INFO - DAG(s) dict_keys(['example_complex']) retrieved from /home/linuxadmin/.local/lib/python3.6/site-packages/airflow/example_dags/example_complex.py
[2021-11-02 15:55:38,309] {logging_mixin.py:109} INFO - [2021-11-02 15:55:38,309] {dag.py:2389} INFO - Sync 1 DAGs
[2021-11-02 15:55:38,331] {logging_mixin.py:109} INFO - [2021-11-02 15:55:38,331] {dag.py:2921} INFO - Setting next_dagrun for example_complex to None
[2021-11-02 15:55:38,345] {processor.py:171} INFO - Processing /home/linuxadmin/.local/lib/python3.6/site-packages/airflow/example_dags/example_complex.py took 0.105 seconds
[2021-11-02 15:55:42,484] {processor.py:163} INFO - Started process (PID=175887) to work on /home/linuxadmin/.local/lib/python3.6/site-packages/airflow/example_dags/example_complex.py
[2021-11-02 15:55:42,486] {processor.py:620} INFO - Processing file /home/linuxadmin/.local/lib/python3.6/site-packages/airflow/example_dags/example_complex.py for tasks to queue
[2021-11-02 15:55:42,487] {logging_mixin.py:109} INFO - [2021-11-02 15:55:42,486] {dagbag.py:500} INFO - Filling up the DagBag from /home/linuxadmin/.local/lib/python3.6/site-packages/airflow/example_dags/example_complex.py
[2021-11-02 15:55:42,553] {processor.py:632} INFO - DAG(s) dict_keys(['example_complex']) retrieved from /home/linuxadmin/.local/lib/python3.6/site-packages/airflow/example_dags/example_complex.py
[2021-11-02 15:55:42,575] {logging_mixin.py:109} INFO - [2021-11-02 15:55:42,575] {dag.py:2389} INFO - Sync 1 DAGs
[2021-11-02 15:55:42,598] {logging_mixin.py:109} INFO - [2021-11-02 15:55:42,598] {dag.py:2921} INFO - Setting next_dagrun for example_complex to None
[2021-11-02 15:55:42,613] {processor.py:171} INFO - Processing /home/linuxadmin/.local/lib/python3.6/site-packages/airflow/example_dags/example_complex.py took 0.135 seconds
[2021-11-02 15:55:46,313] {processor.py:163} INFO - Started process (PID=176005) to work on /home/linuxadmin/.local/lib/python3.6/site-packages/airflow/example_dags/example_complex.py
[2021-11-02 15:55:46,314] {processor.py:620} INFO - Processing file /home/linuxadmin/.local/lib/python3.6/site-packages/airflow/example_dags/example_complex.py for tasks to queue
[2021-11-02 15:55:46,315] {logging_mixin.py:109} INFO - [2021-11-02 15:55:46,315] {dagbag.py:500} INFO - Filling up the DagBag from /home/linuxadmin/.local/lib/python3.6/site-packages/airflow/example_dags/example_complex.py
[2021-11-02 15:55:46,361] {processor.py:632} INFO - DAG(s) dict_keys(['example_complex']) retrieved from /home/linuxadmin/.local/lib/python3.6/site-packages/airflow/example_dags/example_complex.py
[2021-11-02 15:55:46,381] {logging_mixin.py:109} INFO - [2021-11-02 15:55:46,381] {dag.py:2389} INFO - Sync 1 DAGs
[2021-11-02 15:55:46,404] {logging_mixin.py:109} INFO - [2021-11-02 15:55:46,403] {dag.py:2921} INFO - Setting next_dagrun for example_complex to None
[2021-11-02 15:55:46,426] {processor.py:171} INFO - Processing /home/linuxadmin/.local/lib/python3.6/site-packages/airflow/example_dags/example_complex.py took 0.119 seconds
[2021-11-02 15:55:51,820] {processor.py:163} INFO - Started process (PID=176132) to work on /home/linuxadmin/.local/lib/python3.6/site-packages/airflow/example_dags/example_complex.py
[2021-11-02 15:55:51,821] {processor.py:620} INFO - Processing file /home/linuxadmin/.local/lib/python3.6/site-packages/airflow/example_dags/example_complex.py for tasks to queue
[2021-11-02 15:55:51,822] {logging_mixin.py:109} INFO - [2021-11-02 15:55:51,822] {dagbag.py:500} INFO - Filling up the DagBag from /home/linuxadmin/.local/lib/python3.6/site-packages/airflow/example_dags/example_complex.py
[2021-11-02 15:55:51,883] {processor.py:632} INFO - DAG(s) dict_keys(['example_complex']) retrieved from /home/linuxadmin/.local/lib/python3.6/site-packages/airflow/example_dags/example_complex.py
[2021-11-02 15:55:51,905] {logging_mixin.py:109} INFO - [2021-11-02 15:55:51,904] {dag.py:2389} INFO - Sync 1 DAGs
[2021-11-02 15:55:51,925] {logging_mixin.py:109} INFO - [2021-11-02 15:55:51,925] {dag.py:2921} INFO - Setting next_dagrun for example_complex to None
[2021-11-02 15:55:51,937] {processor.py:171} INFO - Processing /home/linuxadmin/.local/lib/python3.6/site-packages/airflow/example_dags/example_complex.py took 0.122 seconds
[2021-11-02 15:55:55,906] {processor.py:163} INFO - Started process (PID=176250) to work on /home/linuxadmin/.local/lib/python3.6/site-packages/airflow/example_dags/example_complex.py
[2021-11-02 15:55:55,914] {processor.py:620} INFO - Processing file /home/linuxadmin/.local/lib/python3.6/site-packages/airflow/example_dags/example_complex.py for tasks to queue
[2021-11-02 15:55:55,915] {logging_mixin.py:109} INFO - [2021-11-02 15:55:55,915] {dagbag.py:500} INFO - Filling up the DagBag from /home/linuxadmin/.local/lib/python3.6/site-packages/airflow/example_dags/example_complex.py
[2021-11-02 15:55:55,971] {processor.py:632} INFO - DAG(s) dict_keys(['example_complex']) retrieved from /home/linuxadmin/.local/lib/python3.6/site-packages/airflow/example_dags/example_complex.py
[2021-11-02 15:55:56,000] {logging_mixin.py:109} INFO - [2021-11-02 15:55:55,999] {dag.py:2389} INFO - Sync 1 DAGs
[2021-11-02 15:55:56,026] {logging_mixin.py:109} INFO - [2021-11-02 15:55:56,026] {dag.py:2921} INFO - Setting next_dagrun for example_complex to None
[2021-11-02 15:55:56,044] {processor.py:171} INFO - Processing /home/linuxadmin/.local/lib/python3.6/site-packages/airflow/example_dags/example_complex.py took 0.143 seconds
[2021-11-02 15:56:00,798] {processor.py:163} INFO - Started process (PID=176373) to work on /home/linuxadmin/.local/lib/python3.6/site-packages/airflow/example_dags/example_complex.py
[2021-11-02 15:56:00,800] {processor.py:620} INFO - Processing file /home/linuxadmin/.local/lib/python3.6/site-packages/airflow/example_dags/example_complex.py for tasks to queue
[2021-11-02 15:56:00,801] {logging_mixin.py:109} INFO - [2021-11-02 15:56:00,801] {dagbag.py:500} INFO - Filling up the DagBag from /home/linuxadmin/.local/lib/python3.6/site-packages/airflow/example_dags/example_complex.py
[2021-11-02 15:56:00,858] {processor.py:632} INFO - DAG(s) dict_keys(['example_complex']) retrieved from /home/linuxadmin/.local/lib/python3.6/site-packages/airflow/example_dags/example_complex.py
[2021-11-02 15:56:00,881] {logging_mixin.py:109} INFO - [2021-11-02 15:56:00,881] {dag.py:2389} INFO - Sync 1 DAGs
[2021-11-02 15:56:00,901] {logging_mixin.py:109} INFO - [2021-11-02 15:56:00,901] {dag.py:2921} INFO - Setting next_dagrun for example_complex to None
[2021-11-02 15:56:00,914] {processor.py:171} INFO - Processing /home/linuxadmin/.local/lib/python3.6/site-packages/airflow/example_dags/example_complex.py took 0.122 seconds
[2021-11-02 15:56:04,928] {processor.py:163} INFO - Started process (PID=176490) to work on /home/linuxadmin/.local/lib/python3.6/site-packages/airflow/example_dags/example_complex.py
[2021-11-02 15:56:04,930] {processor.py:620} INFO - Processing file /home/linuxadmin/.local/lib/python3.6/site-packages/airflow/example_dags/example_complex.py for tasks to queue
[2021-11-02 15:56:04,931] {logging_mixin.py:109} INFO - [2021-11-02 15:56:04,931] {dagbag.py:500} INFO - Filling up the DagBag from /home/linuxadmin/.local/lib/python3.6/site-packages/airflow/example_dags/example_complex.py
[2021-11-02 15:56:04,978] {processor.py:632} INFO - DAG(s) dict_keys(['example_complex']) retrieved from /home/linuxadmin/.local/lib/python3.6/site-packages/airflow/example_dags/example_complex.py
[2021-11-02 15:56:04,995] {logging_mixin.py:109} INFO - [2021-11-02 15:56:04,995] {dag.py:2389} INFO - Sync 1 DAGs
[2021-11-02 15:56:05,016] {logging_mixin.py:109} INFO - [2021-11-02 15:56:05,016] {dag.py:2921} INFO - Setting next_dagrun for example_complex to None
[2021-11-02 15:56:05,028] {processor.py:171} INFO - Processing /home/linuxadmin/.local/lib/python3.6/site-packages/airflow/example_dags/example_complex.py took 0.105 seconds
[2021-11-02 15:56:10,007] {processor.py:163} INFO - Started process (PID=176615) to work on /home/linuxadmin/.local/lib/python3.6/site-packages/airflow/example_dags/example_complex.py
[2021-11-02 15:56:10,008] {processor.py:620} INFO - Processing file /home/linuxadmin/.local/lib/python3.6/site-packages/airflow/example_dags/example_complex.py for tasks to queue
[2021-11-02 15:56:10,008] {logging_mixin.py:109} INFO - [2021-11-02 15:56:10,008] {dagbag.py:500} INFO - Filling up the DagBag from /home/linuxadmin/.local/lib/python3.6/site-packages/airflow/example_dags/example_complex.py
[2021-11-02 15:56:10,061] {processor.py:632} INFO - DAG(s) dict_keys(['example_complex']) retrieved from /home/linuxadmin/.local/lib/python3.6/site-packages/airflow/example_dags/example_complex.py
[2021-11-02 15:56:10,082] {logging_mixin.py:109} INFO - [2021-11-02 15:56:10,081] {dag.py:2389} INFO - Sync 1 DAGs
[2021-11-02 15:56:10,105] {logging_mixin.py:109} INFO - [2021-11-02 15:56:10,105] {dag.py:2921} INFO - Setting next_dagrun for example_complex to None
[2021-11-02 15:56:10,120] {processor.py:171} INFO - Processing /home/linuxadmin/.local/lib/python3.6/site-packages/airflow/example_dags/example_complex.py took 0.118 seconds
[2021-11-02 15:56:14,585] {processor.py:163} INFO - Started process (PID=176739) to work on /home/linuxadmin/.local/lib/python3.6/site-packages/airflow/example_dags/example_complex.py
[2021-11-02 15:56:14,586] {processor.py:620} INFO - Processing file /home/linuxadmin/.local/lib/python3.6/site-packages/airflow/example_dags/example_complex.py for tasks to queue
[2021-11-02 15:56:14,587] {logging_mixin.py:109} INFO - [2021-11-02 15:56:14,587] {dagbag.py:500} INFO - Filling up the DagBag from /home/linuxadmin/.local/lib/python3.6/site-packages/airflow/example_dags/example_complex.py
[2021-11-02 15:56:14,636] {processor.py:632} INFO - DAG(s) dict_keys(['example_complex']) retrieved from /home/linuxadmin/.local/lib/python3.6/site-packages/airflow/example_dags/example_complex.py
[2021-11-02 15:56:14,655] {logging_mixin.py:109} INFO - [2021-11-02 15:56:14,655] {dag.py:2389} INFO - Sync 1 DAGs
[2021-11-02 15:56:14,679] {logging_mixin.py:109} INFO - [2021-11-02 15:56:14,679] {dag.py:2921} INFO - Setting next_dagrun for example_complex to None
[2021-11-02 15:56:14,691] {processor.py:171} INFO - Processing /home/linuxadmin/.local/lib/python3.6/site-packages/airflow/example_dags/example_complex.py took 0.111 seconds
[2021-11-02 15:56:18,803] {processor.py:163} INFO - Started process (PID=176858) to work on /home/linuxadmin/.local/lib/python3.6/site-packages/airflow/example_dags/example_complex.py
[2021-11-02 15:56:18,804] {processor.py:620} INFO - Processing file /home/linuxadmin/.local/lib/python3.6/site-packages/airflow/example_dags/example_complex.py for tasks to queue
[2021-11-02 15:56:18,806] {logging_mixin.py:109} INFO - [2021-11-02 15:56:18,805] {dagbag.py:500} INFO - Filling up the DagBag from /home/linuxadmin/.local/lib/python3.6/site-packages/airflow/example_dags/example_complex.py
[2021-11-02 15:56:18,878] {processor.py:632} INFO - DAG(s) dict_keys(['example_complex']) retrieved from /home/linuxadmin/.local/lib/python3.6/site-packages/airflow/example_dags/example_complex.py
[2021-11-02 15:56:18,902] {logging_mixin.py:109} INFO - [2021-11-02 15:56:18,902] {dag.py:2389} INFO - Sync 1 DAGs
[2021-11-02 15:56:18,930] {logging_mixin.py:109} INFO - [2021-11-02 15:56:18,930] {dag.py:2921} INFO - Setting next_dagrun for example_complex to None
[2021-11-02 15:56:18,945] {processor.py:171} INFO - Processing /home/linuxadmin/.local/lib/python3.6/site-packages/airflow/example_dags/example_complex.py took 0.149 seconds
[2021-11-02 15:56:24,271] {processor.py:163} INFO - Started process (PID=176981) to work on /home/linuxadmin/.local/lib/python3.6/site-packages/airflow/example_dags/example_complex.py
[2021-11-02 15:56:24,273] {processor.py:620} INFO - Processing file /home/linuxadmin/.local/lib/python3.6/site-packages/airflow/example_dags/example_complex.py for tasks to queue
[2021-11-02 15:56:24,274] {logging_mixin.py:109} INFO - [2021-11-02 15:56:24,274] {dagbag.py:500} INFO - Filling up the DagBag from /home/linuxadmin/.local/lib/python3.6/site-packages/airflow/example_dags/example_complex.py
[2021-11-02 15:56:24,339] {processor.py:632} INFO - DAG(s) dict_keys(['example_complex']) retrieved from /home/linuxadmin/.local/lib/python3.6/site-packages/airflow/example_dags/example_complex.py
[2021-11-02 15:56:24,357] {logging_mixin.py:109} INFO - [2021-11-02 15:56:24,357] {dag.py:2389} INFO - Sync 1 DAGs
[2021-11-02 15:56:24,379] {logging_mixin.py:109} INFO - [2021-11-02 15:56:24,379] {dag.py:2921} INFO - Setting next_dagrun for example_complex to None
[2021-11-02 15:56:24,392] {processor.py:171} INFO - Processing /home/linuxadmin/.local/lib/python3.6/site-packages/airflow/example_dags/example_complex.py took 0.127 seconds
[2021-11-02 15:56:28,218] {processor.py:163} INFO - Started process (PID=177096) to work on /home/linuxadmin/.local/lib/python3.6/site-packages/airflow/example_dags/example_complex.py
[2021-11-02 15:56:28,221] {processor.py:620} INFO - Processing file /home/linuxadmin/.local/lib/python3.6/site-packages/airflow/example_dags/example_complex.py for tasks to queue
[2021-11-02 15:56:28,222] {logging_mixin.py:109} INFO - [2021-11-02 15:56:28,222] {dagbag.py:500} INFO - Filling up the DagBag from /home/linuxadmin/.local/lib/python3.6/site-packages/airflow/example_dags/example_complex.py
[2021-11-02 15:56:28,272] {processor.py:632} INFO - DAG(s) dict_keys(['example_complex']) retrieved from /home/linuxadmin/.local/lib/python3.6/site-packages/airflow/example_dags/example_complex.py
[2021-11-02 15:56:28,290] {logging_mixin.py:109} INFO - [2021-11-02 15:56:28,289] {dag.py:2389} INFO - Sync 1 DAGs
[2021-11-02 15:56:28,313] {logging_mixin.py:109} INFO - [2021-11-02 15:56:28,312] {dag.py:2921} INFO - Setting next_dagrun for example_complex to None
[2021-11-02 15:56:28,326] {processor.py:171} INFO - Processing /home/linuxadmin/.local/lib/python3.6/site-packages/airflow/example_dags/example_complex.py took 0.112 seconds
[2021-11-02 15:56:32,727] {processor.py:163} INFO - Started process (PID=177220) to work on /home/linuxadmin/.local/lib/python3.6/site-packages/airflow/example_dags/example_complex.py
[2021-11-02 15:56:32,730] {processor.py:620} INFO - Processing file /home/linuxadmin/.local/lib/python3.6/site-packages/airflow/example_dags/example_complex.py for tasks to queue
[2021-11-02 15:56:32,730] {logging_mixin.py:109} INFO - [2021-11-02 15:56:32,730] {dagbag.py:500} INFO - Filling up the DagBag from /home/linuxadmin/.local/lib/python3.6/site-packages/airflow/example_dags/example_complex.py
[2021-11-02 15:56:32,786] {processor.py:632} INFO - DAG(s) dict_keys(['example_complex']) retrieved from /home/linuxadmin/.local/lib/python3.6/site-packages/airflow/example_dags/example_complex.py
[2021-11-02 15:56:32,813] {logging_mixin.py:109} INFO - [2021-11-02 15:56:32,812] {dag.py:2389} INFO - Sync 1 DAGs
[2021-11-02 15:56:32,838] {logging_mixin.py:109} INFO - [2021-11-02 15:56:32,838] {dag.py:2921} INFO - Setting next_dagrun for example_complex to None
[2021-11-02 15:56:32,852] {processor.py:171} INFO - Processing /home/linuxadmin/.local/lib/python3.6/site-packages/airflow/example_dags/example_complex.py took 0.129 seconds
[2021-11-02 15:56:36,620] {processor.py:163} INFO - Started process (PID=177341) to work on /home/linuxadmin/.local/lib/python3.6/site-packages/airflow/example_dags/example_complex.py
[2021-11-02 15:56:36,622] {processor.py:620} INFO - Processing file /home/linuxadmin/.local/lib/python3.6/site-packages/airflow/example_dags/example_complex.py for tasks to queue
[2021-11-02 15:56:36,622] {logging_mixin.py:109} INFO - [2021-11-02 15:56:36,622] {dagbag.py:500} INFO - Filling up the DagBag from /home/linuxadmin/.local/lib/python3.6/site-packages/airflow/example_dags/example_complex.py
[2021-11-02 15:56:36,667] {processor.py:632} INFO - DAG(s) dict_keys(['example_complex']) retrieved from /home/linuxadmin/.local/lib/python3.6/site-packages/airflow/example_dags/example_complex.py
[2021-11-02 15:56:36,690] {logging_mixin.py:109} INFO - [2021-11-02 15:56:36,690] {dag.py:2389} INFO - Sync 1 DAGs
[2021-11-02 15:56:36,718] {logging_mixin.py:109} INFO - [2021-11-02 15:56:36,718] {dag.py:2921} INFO - Setting next_dagrun for example_complex to None
[2021-11-02 15:56:36,731] {processor.py:171} INFO - Processing /home/linuxadmin/.local/lib/python3.6/site-packages/airflow/example_dags/example_complex.py took 0.116 seconds
[2021-11-02 15:56:41,042] {processor.py:163} INFO - Started process (PID=177462) to work on /home/linuxadmin/.local/lib/python3.6/site-packages/airflow/example_dags/example_complex.py
[2021-11-02 15:56:41,043] {processor.py:620} INFO - Processing file /home/linuxadmin/.local/lib/python3.6/site-packages/airflow/example_dags/example_complex.py for tasks to queue
[2021-11-02 15:56:41,044] {logging_mixin.py:109} INFO - [2021-11-02 15:56:41,044] {dagbag.py:500} INFO - Filling up the DagBag from /home/linuxadmin/.local/lib/python3.6/site-packages/airflow/example_dags/example_complex.py
[2021-11-02 15:56:41,097] {processor.py:632} INFO - DAG(s) dict_keys(['example_complex']) retrieved from /home/linuxadmin/.local/lib/python3.6/site-packages/airflow/example_dags/example_complex.py
[2021-11-02 15:56:41,114] {logging_mixin.py:109} INFO - [2021-11-02 15:56:41,114] {dag.py:2389} INFO - Sync 1 DAGs
[2021-11-02 15:56:41,139] {logging_mixin.py:109} INFO - [2021-11-02 15:56:41,139] {dag.py:2921} INFO - Setting next_dagrun for example_complex to None
[2021-11-02 15:56:41,151] {processor.py:171} INFO - Processing /home/linuxadmin/.local/lib/python3.6/site-packages/airflow/example_dags/example_complex.py took 0.115 seconds
[2021-11-02 15:56:44,982] {processor.py:163} INFO - Started process (PID=177581) to work on /home/linuxadmin/.local/lib/python3.6/site-packages/airflow/example_dags/example_complex.py
[2021-11-02 15:56:44,983] {processor.py:620} INFO - Processing file /home/linuxadmin/.local/lib/python3.6/site-packages/airflow/example_dags/example_complex.py for tasks to queue
[2021-11-02 15:56:44,984] {logging_mixin.py:109} INFO - [2021-11-02 15:56:44,984] {dagbag.py:500} INFO - Filling up the DagBag from /home/linuxadmin/.local/lib/python3.6/site-packages/airflow/example_dags/example_complex.py
[2021-11-02 15:56:45,037] {processor.py:632} INFO - DAG(s) dict_keys(['example_complex']) retrieved from /home/linuxadmin/.local/lib/python3.6/site-packages/airflow/example_dags/example_complex.py
[2021-11-02 15:56:45,064] {logging_mixin.py:109} INFO - [2021-11-02 15:56:45,063] {dag.py:2389} INFO - Sync 1 DAGs
[2021-11-02 15:56:45,097] {logging_mixin.py:109} INFO - [2021-11-02 15:56:45,097] {dag.py:2921} INFO - Setting next_dagrun for example_complex to None
[2021-11-02 15:56:45,109] {processor.py:171} INFO - Processing /home/linuxadmin/.local/lib/python3.6/site-packages/airflow/example_dags/example_complex.py took 0.131 seconds
[2021-11-02 15:56:49,508] {processor.py:163} INFO - Started process (PID=177707) to work on /home/linuxadmin/.local/lib/python3.6/site-packages/airflow/example_dags/example_complex.py
[2021-11-02 15:56:49,509] {processor.py:620} INFO - Processing file /home/linuxadmin/.local/lib/python3.6/site-packages/airflow/example_dags/example_complex.py for tasks to queue
[2021-11-02 15:56:49,510] {logging_mixin.py:109} INFO - [2021-11-02 15:56:49,510] {dagbag.py:500} INFO - Filling up the DagBag from /home/linuxadmin/.local/lib/python3.6/site-packages/airflow/example_dags/example_complex.py
[2021-11-02 15:56:49,561] {processor.py:632} INFO - DAG(s) dict_keys(['example_complex']) retrieved from /home/linuxadmin/.local/lib/python3.6/site-packages/airflow/example_dags/example_complex.py
[2021-11-02 15:56:49,589] {logging_mixin.py:109} INFO - [2021-11-02 15:56:49,589] {dag.py:2389} INFO - Sync 1 DAGs
[2021-11-02 15:56:49,619] {logging_mixin.py:109} INFO - [2021-11-02 15:56:49,619] {dag.py:2921} INFO - Setting next_dagrun for example_complex to None
[2021-11-02 15:56:49,636] {processor.py:171} INFO - Processing /home/linuxadmin/.local/lib/python3.6/site-packages/airflow/example_dags/example_complex.py took 0.131 seconds
[2021-11-02 15:56:54,665] {processor.py:163} INFO - Started process (PID=177827) to work on /home/linuxadmin/.local/lib/python3.6/site-packages/airflow/example_dags/example_complex.py
[2021-11-02 15:56:54,666] {processor.py:620} INFO - Processing file /home/linuxadmin/.local/lib/python3.6/site-packages/airflow/example_dags/example_complex.py for tasks to queue
[2021-11-02 15:56:54,667] {logging_mixin.py:109} INFO - [2021-11-02 15:56:54,667] {dagbag.py:500} INFO - Filling up the DagBag from /home/linuxadmin/.local/lib/python3.6/site-packages/airflow/example_dags/example_complex.py
[2021-11-02 15:56:54,724] {processor.py:632} INFO - DAG(s) dict_keys(['example_complex']) retrieved from /home/linuxadmin/.local/lib/python3.6/site-packages/airflow/example_dags/example_complex.py
[2021-11-02 15:56:54,750] {logging_mixin.py:109} INFO - [2021-11-02 15:56:54,750] {dag.py:2389} INFO - Sync 1 DAGs
[2021-11-02 15:56:54,776] {logging_mixin.py:109} INFO - [2021-11-02 15:56:54,776] {dag.py:2921} INFO - Setting next_dagrun for example_complex to None
[2021-11-02 15:56:54,793] {processor.py:171} INFO - Processing /home/linuxadmin/.local/lib/python3.6/site-packages/airflow/example_dags/example_complex.py took 0.133 seconds
[2021-11-02 15:56:59,256] {processor.py:163} INFO - Started process (PID=177949) to work on /home/linuxadmin/.local/lib/python3.6/site-packages/airflow/example_dags/example_complex.py
[2021-11-02 15:56:59,257] {processor.py:620} INFO - Processing file /home/linuxadmin/.local/lib/python3.6/site-packages/airflow/example_dags/example_complex.py for tasks to queue
[2021-11-02 15:56:59,258] {logging_mixin.py:109} INFO - [2021-11-02 15:56:59,258] {dagbag.py:500} INFO - Filling up the DagBag from /home/linuxadmin/.local/lib/python3.6/site-packages/airflow/example_dags/example_complex.py
[2021-11-02 15:56:59,320] {processor.py:632} INFO - DAG(s) dict_keys(['example_complex']) retrieved from /home/linuxadmin/.local/lib/python3.6/site-packages/airflow/example_dags/example_complex.py
[2021-11-02 15:56:59,346] {logging_mixin.py:109} INFO - [2021-11-02 15:56:59,346] {dag.py:2389} INFO - Sync 1 DAGs
[2021-11-02 15:56:59,379] {logging_mixin.py:109} INFO - [2021-11-02 15:56:59,379] {dag.py:2921} INFO - Setting next_dagrun for example_complex to None
[2021-11-02 15:56:59,393] {processor.py:171} INFO - Processing /home/linuxadmin/.local/lib/python3.6/site-packages/airflow/example_dags/example_complex.py took 0.144 seconds
[2021-11-02 15:57:03,749] {processor.py:163} INFO - Started process (PID=178070) to work on /home/linuxadmin/.local/lib/python3.6/site-packages/airflow/example_dags/example_complex.py
[2021-11-02 15:57:03,750] {processor.py:620} INFO - Processing file /home/linuxadmin/.local/lib/python3.6/site-packages/airflow/example_dags/example_complex.py for tasks to queue
[2021-11-02 15:57:03,751] {logging_mixin.py:109} INFO - [2021-11-02 15:57:03,751] {dagbag.py:500} INFO - Filling up the DagBag from /home/linuxadmin/.local/lib/python3.6/site-packages/airflow/example_dags/example_complex.py
[2021-11-02 15:57:03,808] {processor.py:632} INFO - DAG(s) dict_keys(['example_complex']) retrieved from /home/linuxadmin/.local/lib/python3.6/site-packages/airflow/example_dags/example_complex.py
[2021-11-02 15:57:03,827] {logging_mixin.py:109} INFO - [2021-11-02 15:57:03,826] {dag.py:2389} INFO - Sync 1 DAGs
[2021-11-02 15:57:03,850] {logging_mixin.py:109} INFO - [2021-11-02 15:57:03,850] {dag.py:2921} INFO - Setting next_dagrun for example_complex to None
[2021-11-02 15:57:03,862] {processor.py:171} INFO - Processing /home/linuxadmin/.local/lib/python3.6/site-packages/airflow/example_dags/example_complex.py took 0.119 seconds
[2021-11-02 15:57:08,548] {processor.py:163} INFO - Started process (PID=178193) to work on /home/linuxadmin/.local/lib/python3.6/site-packages/airflow/example_dags/example_complex.py
[2021-11-02 15:57:08,551] {processor.py:620} INFO - Processing file /home/linuxadmin/.local/lib/python3.6/site-packages/airflow/example_dags/example_complex.py for tasks to queue
[2021-11-02 15:57:08,552] {logging_mixin.py:109} INFO - [2021-11-02 15:57:08,552] {dagbag.py:500} INFO - Filling up the DagBag from /home/linuxadmin/.local/lib/python3.6/site-packages/airflow/example_dags/example_complex.py
[2021-11-02 15:57:08,618] {processor.py:632} INFO - DAG(s) dict_keys(['example_complex']) retrieved from /home/linuxadmin/.local/lib/python3.6/site-packages/airflow/example_dags/example_complex.py
[2021-11-02 15:57:08,646] {logging_mixin.py:109} INFO - [2021-11-02 15:57:08,646] {dag.py:2389} INFO - Sync 1 DAGs
[2021-11-02 15:57:08,677] {logging_mixin.py:109} INFO - [2021-11-02 15:57:08,676] {dag.py:2921} INFO - Setting next_dagrun for example_complex to None
[2021-11-02 15:57:08,689] {processor.py:171} INFO - Processing /home/linuxadmin/.local/lib/python3.6/site-packages/airflow/example_dags/example_complex.py took 0.148 seconds
[2021-11-02 15:57:12,762] {processor.py:163} INFO - Started process (PID=178310) to work on /home/linuxadmin/.local/lib/python3.6/site-packages/airflow/example_dags/example_complex.py
[2021-11-02 15:57:12,764] {processor.py:620} INFO - Processing file /home/linuxadmin/.local/lib/python3.6/site-packages/airflow/example_dags/example_complex.py for tasks to queue
[2021-11-02 15:57:12,765] {logging_mixin.py:109} INFO - [2021-11-02 15:57:12,765] {dagbag.py:500} INFO - Filling up the DagBag from /home/linuxadmin/.local/lib/python3.6/site-packages/airflow/example_dags/example_complex.py
[2021-11-02 15:57:12,823] {processor.py:632} INFO - DAG(s) dict_keys(['example_complex']) retrieved from /home/linuxadmin/.local/lib/python3.6/site-packages/airflow/example_dags/example_complex.py
[2021-11-02 15:57:12,849] {logging_mixin.py:109} INFO - [2021-11-02 15:57:12,848] {dag.py:2389} INFO - Sync 1 DAGs
[2021-11-02 15:57:12,880] {logging_mixin.py:109} INFO - [2021-11-02 15:57:12,880] {dag.py:2921} INFO - Setting next_dagrun for example_complex to None
[2021-11-02 15:57:12,914] {processor.py:171} INFO - Processing /home/linuxadmin/.local/lib/python3.6/site-packages/airflow/example_dags/example_complex.py took 0.157 seconds
[2021-11-02 15:57:17,217] {processor.py:163} INFO - Started process (PID=178434) to work on /home/linuxadmin/.local/lib/python3.6/site-packages/airflow/example_dags/example_complex.py
[2021-11-02 15:57:17,218] {processor.py:620} INFO - Processing file /home/linuxadmin/.local/lib/python3.6/site-packages/airflow/example_dags/example_complex.py for tasks to queue
[2021-11-02 15:57:17,219] {logging_mixin.py:109} INFO - [2021-11-02 15:57:17,219] {dagbag.py:500} INFO - Filling up the DagBag from /home/linuxadmin/.local/lib/python3.6/site-packages/airflow/example_dags/example_complex.py
[2021-11-02 15:57:17,278] {processor.py:632} INFO - DAG(s) dict_keys(['example_complex']) retrieved from /home/linuxadmin/.local/lib/python3.6/site-packages/airflow/example_dags/example_complex.py
[2021-11-02 15:57:17,305] {logging_mixin.py:109} INFO - [2021-11-02 15:57:17,304] {dag.py:2389} INFO - Sync 1 DAGs
[2021-11-02 15:57:17,338] {logging_mixin.py:109} INFO - [2021-11-02 15:57:17,338] {dag.py:2921} INFO - Setting next_dagrun for example_complex to None
[2021-11-02 15:57:17,352] {processor.py:171} INFO - Processing /home/linuxadmin/.local/lib/python3.6/site-packages/airflow/example_dags/example_complex.py took 0.141 seconds
[2021-11-02 15:57:21,103] {processor.py:163} INFO - Started process (PID=178552) to work on /home/linuxadmin/.local/lib/python3.6/site-packages/airflow/example_dags/example_complex.py
[2021-11-02 15:57:21,105] {processor.py:620} INFO - Processing file /home/linuxadmin/.local/lib/python3.6/site-packages/airflow/example_dags/example_complex.py for tasks to queue
[2021-11-02 15:57:21,106] {logging_mixin.py:109} INFO - [2021-11-02 15:57:21,106] {dagbag.py:500} INFO - Filling up the DagBag from /home/linuxadmin/.local/lib/python3.6/site-packages/airflow/example_dags/example_complex.py
[2021-11-02 15:57:21,152] {processor.py:632} INFO - DAG(s) dict_keys(['example_complex']) retrieved from /home/linuxadmin/.local/lib/python3.6/site-packages/airflow/example_dags/example_complex.py
[2021-11-02 15:57:21,174] {logging_mixin.py:109} INFO - [2021-11-02 15:57:21,174] {dag.py:2389} INFO - Sync 1 DAGs
[2021-11-02 15:57:21,198] {logging_mixin.py:109} INFO - [2021-11-02 15:57:21,198] {dag.py:2921} INFO - Setting next_dagrun for example_complex to None
[2021-11-02 15:57:21,211] {processor.py:171} INFO - Processing /home/linuxadmin/.local/lib/python3.6/site-packages/airflow/example_dags/example_complex.py took 0.113 seconds
[2021-11-02 15:57:26,432] {processor.py:163} INFO - Started process (PID=178677) to work on /home/linuxadmin/.local/lib/python3.6/site-packages/airflow/example_dags/example_complex.py
[2021-11-02 15:57:26,433] {processor.py:620} INFO - Processing file /home/linuxadmin/.local/lib/python3.6/site-packages/airflow/example_dags/example_complex.py for tasks to queue
[2021-11-02 15:57:26,434] {logging_mixin.py:109} INFO - [2021-11-02 15:57:26,434] {dagbag.py:500} INFO - Filling up the DagBag from /home/linuxadmin/.local/lib/python3.6/site-packages/airflow/example_dags/example_complex.py
[2021-11-02 15:57:26,476] {processor.py:632} INFO - DAG(s) dict_keys(['example_complex']) retrieved from /home/linuxadmin/.local/lib/python3.6/site-packages/airflow/example_dags/example_complex.py
[2021-11-02 15:57:26,493] {logging_mixin.py:109} INFO - [2021-11-02 15:57:26,493] {dag.py:2389} INFO - Sync 1 DAGs
[2021-11-02 15:57:26,516] {logging_mixin.py:109} INFO - [2021-11-02 15:57:26,515] {dag.py:2921} INFO - Setting next_dagrun for example_complex to None
[2021-11-02 15:57:26,526] {processor.py:171} INFO - Processing /home/linuxadmin/.local/lib/python3.6/site-packages/airflow/example_dags/example_complex.py took 0.098 seconds
[2021-11-02 15:57:30,803] {processor.py:163} INFO - Started process (PID=178797) to work on /home/linuxadmin/.local/lib/python3.6/site-packages/airflow/example_dags/example_complex.py
[2021-11-02 15:57:30,806] {processor.py:620} INFO - Processing file /home/linuxadmin/.local/lib/python3.6/site-packages/airflow/example_dags/example_complex.py for tasks to queue
[2021-11-02 15:57:30,811] {logging_mixin.py:109} INFO - [2021-11-02 15:57:30,811] {dagbag.py:500} INFO - Filling up the DagBag from /home/linuxadmin/.local/lib/python3.6/site-packages/airflow/example_dags/example_complex.py
[2021-11-02 15:57:30,872] {processor.py:632} INFO - DAG(s) dict_keys(['example_complex']) retrieved from /home/linuxadmin/.local/lib/python3.6/site-packages/airflow/example_dags/example_complex.py
[2021-11-02 15:57:30,899] {logging_mixin.py:109} INFO - [2021-11-02 15:57:30,899] {dag.py:2389} INFO - Sync 1 DAGs
[2021-11-02 15:57:30,929] {logging_mixin.py:109} INFO - [2021-11-02 15:57:30,929] {dag.py:2921} INFO - Setting next_dagrun for example_complex to None
[2021-11-02 15:57:30,942] {processor.py:171} INFO - Processing /home/linuxadmin/.local/lib/python3.6/site-packages/airflow/example_dags/example_complex.py took 0.144 seconds
[2021-11-02 15:57:35,396] {processor.py:163} INFO - Started process (PID=178920) to work on /home/linuxadmin/.local/lib/python3.6/site-packages/airflow/example_dags/example_complex.py
[2021-11-02 15:57:35,397] {processor.py:620} INFO - Processing file /home/linuxadmin/.local/lib/python3.6/site-packages/airflow/example_dags/example_complex.py for tasks to queue
[2021-11-02 15:57:35,398] {logging_mixin.py:109} INFO - [2021-11-02 15:57:35,398] {dagbag.py:500} INFO - Filling up the DagBag from /home/linuxadmin/.local/lib/python3.6/site-packages/airflow/example_dags/example_complex.py
[2021-11-02 15:57:35,460] {processor.py:632} INFO - DAG(s) dict_keys(['example_complex']) retrieved from /home/linuxadmin/.local/lib/python3.6/site-packages/airflow/example_dags/example_complex.py
[2021-11-02 15:57:35,488] {logging_mixin.py:109} INFO - [2021-11-02 15:57:35,488] {dag.py:2389} INFO - Sync 1 DAGs
[2021-11-02 15:57:35,523] {logging_mixin.py:109} INFO - [2021-11-02 15:57:35,523] {dag.py:2921} INFO - Setting next_dagrun for example_complex to None
[2021-11-02 15:57:35,537] {processor.py:171} INFO - Processing /home/linuxadmin/.local/lib/python3.6/site-packages/airflow/example_dags/example_complex.py took 0.147 seconds
[2021-11-02 15:57:39,539] {processor.py:163} INFO - Started process (PID=179038) to work on /home/linuxadmin/.local/lib/python3.6/site-packages/airflow/example_dags/example_complex.py
[2021-11-02 15:57:39,541] {processor.py:620} INFO - Processing file /home/linuxadmin/.local/lib/python3.6/site-packages/airflow/example_dags/example_complex.py for tasks to queue
[2021-11-02 15:57:39,542] {logging_mixin.py:109} INFO - [2021-11-02 15:57:39,542] {dagbag.py:500} INFO - Filling up the DagBag from /home/linuxadmin/.local/lib/python3.6/site-packages/airflow/example_dags/example_complex.py
[2021-11-02 15:57:39,604] {processor.py:632} INFO - DAG(s) dict_keys(['example_complex']) retrieved from /home/linuxadmin/.local/lib/python3.6/site-packages/airflow/example_dags/example_complex.py
[2021-11-02 15:57:39,631] {logging_mixin.py:109} INFO - [2021-11-02 15:57:39,631] {dag.py:2389} INFO - Sync 1 DAGs
[2021-11-02 15:57:39,655] {logging_mixin.py:109} INFO - [2021-11-02 15:57:39,655] {dag.py:2921} INFO - Setting next_dagrun for example_complex to None
[2021-11-02 15:57:39,667] {processor.py:171} INFO - Processing /home/linuxadmin/.local/lib/python3.6/site-packages/airflow/example_dags/example_complex.py took 0.134 seconds
[2021-11-02 15:57:43,976] {processor.py:163} INFO - Started process (PID=179158) to work on /home/linuxadmin/.local/lib/python3.6/site-packages/airflow/example_dags/example_complex.py
[2021-11-02 15:57:43,981] {processor.py:620} INFO - Processing file /home/linuxadmin/.local/lib/python3.6/site-packages/airflow/example_dags/example_complex.py for tasks to queue
[2021-11-02 15:57:43,982] {logging_mixin.py:109} INFO - [2021-11-02 15:57:43,982] {dagbag.py:500} INFO - Filling up the DagBag from /home/linuxadmin/.local/lib/python3.6/site-packages/airflow/example_dags/example_complex.py
[2021-11-02 15:57:44,030] {processor.py:632} INFO - DAG(s) dict_keys(['example_complex']) retrieved from /home/linuxadmin/.local/lib/python3.6/site-packages/airflow/example_dags/example_complex.py
[2021-11-02 15:57:44,049] {logging_mixin.py:109} INFO - [2021-11-02 15:57:44,048] {dag.py:2389} INFO - Sync 1 DAGs
[2021-11-02 15:57:44,080] {logging_mixin.py:109} INFO - [2021-11-02 15:57:44,080] {dag.py:2921} INFO - Setting next_dagrun for example_complex to None
[2021-11-02 15:57:44,098] {processor.py:171} INFO - Processing /home/linuxadmin/.local/lib/python3.6/site-packages/airflow/example_dags/example_complex.py took 0.127 seconds
[2021-11-02 15:57:48,344] {processor.py:163} INFO - Started process (PID=179279) to work on /home/linuxadmin/.local/lib/python3.6/site-packages/airflow/example_dags/example_complex.py
[2021-11-02 15:57:48,345] {processor.py:620} INFO - Processing file /home/linuxadmin/.local/lib/python3.6/site-packages/airflow/example_dags/example_complex.py for tasks to queue
[2021-11-02 15:57:48,346] {logging_mixin.py:109} INFO - [2021-11-02 15:57:48,346] {dagbag.py:500} INFO - Filling up the DagBag from /home/linuxadmin/.local/lib/python3.6/site-packages/airflow/example_dags/example_complex.py
[2021-11-02 15:57:48,401] {processor.py:632} INFO - DAG(s) dict_keys(['example_complex']) retrieved from /home/linuxadmin/.local/lib/python3.6/site-packages/airflow/example_dags/example_complex.py
[2021-11-02 15:57:48,418] {logging_mixin.py:109} INFO - [2021-11-02 15:57:48,418] {dag.py:2389} INFO - Sync 1 DAGs
[2021-11-02 15:57:48,440] {logging_mixin.py:109} INFO - [2021-11-02 15:57:48,440] {dag.py:2921} INFO - Setting next_dagrun for example_complex to None
[2021-11-02 15:57:48,451] {processor.py:171} INFO - Processing /home/linuxadmin/.local/lib/python3.6/site-packages/airflow/example_dags/example_complex.py took 0.112 seconds
[2021-11-02 15:57:53,146] {processor.py:163} INFO - Started process (PID=179404) to work on /home/linuxadmin/.local/lib/python3.6/site-packages/airflow/example_dags/example_complex.py
[2021-11-02 15:57:53,147] {processor.py:620} INFO - Processing file /home/linuxadmin/.local/lib/python3.6/site-packages/airflow/example_dags/example_complex.py for tasks to queue
[2021-11-02 15:57:53,148] {logging_mixin.py:109} INFO - [2021-11-02 15:57:53,148] {dagbag.py:500} INFO - Filling up the DagBag from /home/linuxadmin/.local/lib/python3.6/site-packages/airflow/example_dags/example_complex.py
[2021-11-02 15:57:53,193] {processor.py:632} INFO - DAG(s) dict_keys(['example_complex']) retrieved from /home/linuxadmin/.local/lib/python3.6/site-packages/airflow/example_dags/example_complex.py
[2021-11-02 15:57:53,211] {logging_mixin.py:109} INFO - [2021-11-02 15:57:53,211] {dag.py:2389} INFO - Sync 1 DAGs
[2021-11-02 15:57:53,243] {logging_mixin.py:109} INFO - [2021-11-02 15:57:53,243] {dag.py:2921} INFO - Setting next_dagrun for example_complex to None
[2021-11-02 15:57:53,261] {processor.py:171} INFO - Processing /home/linuxadmin/.local/lib/python3.6/site-packages/airflow/example_dags/example_complex.py took 0.120 seconds
[2021-11-02 15:57:58,523] {processor.py:163} INFO - Started process (PID=179528) to work on /home/linuxadmin/.local/lib/python3.6/site-packages/airflow/example_dags/example_complex.py
[2021-11-02 15:57:58,524] {processor.py:620} INFO - Processing file /home/linuxadmin/.local/lib/python3.6/site-packages/airflow/example_dags/example_complex.py for tasks to queue
[2021-11-02 15:57:58,525] {logging_mixin.py:109} INFO - [2021-11-02 15:57:58,525] {dagbag.py:500} INFO - Filling up the DagBag from /home/linuxadmin/.local/lib/python3.6/site-packages/airflow/example_dags/example_complex.py
[2021-11-02 15:57:58,574] {processor.py:632} INFO - DAG(s) dict_keys(['example_complex']) retrieved from /home/linuxadmin/.local/lib/python3.6/site-packages/airflow/example_dags/example_complex.py
[2021-11-02 15:57:58,599] {logging_mixin.py:109} INFO - [2021-11-02 15:57:58,598] {dag.py:2389} INFO - Sync 1 DAGs
[2021-11-02 15:57:58,629] {logging_mixin.py:109} INFO - [2021-11-02 15:57:58,629] {dag.py:2921} INFO - Setting next_dagrun for example_complex to None
[2021-11-02 15:57:58,641] {processor.py:171} INFO - Processing /home/linuxadmin/.local/lib/python3.6/site-packages/airflow/example_dags/example_complex.py took 0.124 seconds
[2021-11-02 15:58:02,524] {processor.py:163} INFO - Started process (PID=179648) to work on /home/linuxadmin/.local/lib/python3.6/site-packages/airflow/example_dags/example_complex.py
[2021-11-02 15:58:02,526] {processor.py:620} INFO - Processing file /home/linuxadmin/.local/lib/python3.6/site-packages/airflow/example_dags/example_complex.py for tasks to queue
[2021-11-02 15:58:02,527] {logging_mixin.py:109} INFO - [2021-11-02 15:58:02,527] {dagbag.py:500} INFO - Filling up the DagBag from /home/linuxadmin/.local/lib/python3.6/site-packages/airflow/example_dags/example_complex.py
[2021-11-02 15:58:02,578] {processor.py:632} INFO - DAG(s) dict_keys(['example_complex']) retrieved from /home/linuxadmin/.local/lib/python3.6/site-packages/airflow/example_dags/example_complex.py
[2021-11-02 15:58:02,599] {logging_mixin.py:109} INFO - [2021-11-02 15:58:02,599] {dag.py:2389} INFO - Sync 1 DAGs
[2021-11-02 15:58:02,626] {logging_mixin.py:109} INFO - [2021-11-02 15:58:02,626] {dag.py:2921} INFO - Setting next_dagrun for example_complex to None
[2021-11-02 15:58:02,636] {processor.py:171} INFO - Processing /home/linuxadmin/.local/lib/python3.6/site-packages/airflow/example_dags/example_complex.py took 0.117 seconds
[2021-11-02 15:58:06,955] {processor.py:163} INFO - Started process (PID=179770) to work on /home/linuxadmin/.local/lib/python3.6/site-packages/airflow/example_dags/example_complex.py
[2021-11-02 15:58:06,956] {processor.py:620} INFO - Processing file /home/linuxadmin/.local/lib/python3.6/site-packages/airflow/example_dags/example_complex.py for tasks to queue
[2021-11-02 15:58:06,957] {logging_mixin.py:109} INFO - [2021-11-02 15:58:06,957] {dagbag.py:500} INFO - Filling up the DagBag from /home/linuxadmin/.local/lib/python3.6/site-packages/airflow/example_dags/example_complex.py
[2021-11-02 15:58:07,017] {processor.py:632} INFO - DAG(s) dict_keys(['example_complex']) retrieved from /home/linuxadmin/.local/lib/python3.6/site-packages/airflow/example_dags/example_complex.py
[2021-11-02 15:58:07,042] {logging_mixin.py:109} INFO - [2021-11-02 15:58:07,041] {dag.py:2389} INFO - Sync 1 DAGs
[2021-11-02 15:58:07,064] {logging_mixin.py:109} INFO - [2021-11-02 15:58:07,064] {dag.py:2921} INFO - Setting next_dagrun for example_complex to None
[2021-11-02 15:58:07,077] {processor.py:171} INFO - Processing /home/linuxadmin/.local/lib/python3.6/site-packages/airflow/example_dags/example_complex.py took 0.127 seconds
[2021-11-02 15:58:11,413] {processor.py:163} INFO - Started process (PID=179889) to work on /home/linuxadmin/.local/lib/python3.6/site-packages/airflow/example_dags/example_complex.py
[2021-11-02 15:58:11,415] {processor.py:620} INFO - Processing file /home/linuxadmin/.local/lib/python3.6/site-packages/airflow/example_dags/example_complex.py for tasks to queue
[2021-11-02 15:58:11,416] {logging_mixin.py:109} INFO - [2021-11-02 15:58:11,415] {dagbag.py:500} INFO - Filling up the DagBag from /home/linuxadmin/.local/lib/python3.6/site-packages/airflow/example_dags/example_complex.py
[2021-11-02 15:58:11,471] {processor.py:632} INFO - DAG(s) dict_keys(['example_complex']) retrieved from /home/linuxadmin/.local/lib/python3.6/site-packages/airflow/example_dags/example_complex.py
[2021-11-02 15:58:11,491] {logging_mixin.py:109} INFO - [2021-11-02 15:58:11,491] {dag.py:2389} INFO - Sync 1 DAGs
[2021-11-02 15:58:11,521] {logging_mixin.py:109} INFO - [2021-11-02 15:58:11,521] {dag.py:2921} INFO - Setting next_dagrun for example_complex to None
[2021-11-02 15:58:11,535] {processor.py:171} INFO - Processing /home/linuxadmin/.local/lib/python3.6/site-packages/airflow/example_dags/example_complex.py took 0.128 seconds
[2021-11-02 15:58:16,358] {processor.py:163} INFO - Started process (PID=180011) to work on /home/linuxadmin/.local/lib/python3.6/site-packages/airflow/example_dags/example_complex.py
[2021-11-02 15:58:16,360] {processor.py:620} INFO - Processing file /home/linuxadmin/.local/lib/python3.6/site-packages/airflow/example_dags/example_complex.py for tasks to queue
[2021-11-02 15:58:16,361] {logging_mixin.py:109} INFO - [2021-11-02 15:58:16,361] {dagbag.py:500} INFO - Filling up the DagBag from /home/linuxadmin/.local/lib/python3.6/site-packages/airflow/example_dags/example_complex.py
[2021-11-02 15:58:16,417] {processor.py:632} INFO - DAG(s) dict_keys(['example_complex']) retrieved from /home/linuxadmin/.local/lib/python3.6/site-packages/airflow/example_dags/example_complex.py
[2021-11-02 15:58:16,439] {logging_mixin.py:109} INFO - [2021-11-02 15:58:16,438] {dag.py:2389} INFO - Sync 1 DAGs
[2021-11-02 15:58:16,461] {logging_mixin.py:109} INFO - [2021-11-02 15:58:16,461] {dag.py:2921} INFO - Setting next_dagrun for example_complex to None
[2021-11-02 15:58:16,472] {processor.py:171} INFO - Processing /home/linuxadmin/.local/lib/python3.6/site-packages/airflow/example_dags/example_complex.py took 0.121 seconds
[2021-11-02 15:58:20,689] {processor.py:163} INFO - Started process (PID=180136) to work on /home/linuxadmin/.local/lib/python3.6/site-packages/airflow/example_dags/example_complex.py
[2021-11-02 15:58:20,692] {processor.py:620} INFO - Processing file /home/linuxadmin/.local/lib/python3.6/site-packages/airflow/example_dags/example_complex.py for tasks to queue
[2021-11-02 15:58:20,692] {logging_mixin.py:109} INFO - [2021-11-02 15:58:20,692] {dagbag.py:500} INFO - Filling up the DagBag from /home/linuxadmin/.local/lib/python3.6/site-packages/airflow/example_dags/example_complex.py
[2021-11-02 15:58:20,740] {processor.py:632} INFO - DAG(s) dict_keys(['example_complex']) retrieved from /home/linuxadmin/.local/lib/python3.6/site-packages/airflow/example_dags/example_complex.py
[2021-11-02 15:58:20,765] {logging_mixin.py:109} INFO - [2021-11-02 15:58:20,765] {dag.py:2389} INFO - Sync 1 DAGs
[2021-11-02 15:58:20,790] {logging_mixin.py:109} INFO - [2021-11-02 15:58:20,790] {dag.py:2921} INFO - Setting next_dagrun for example_complex to None
[2021-11-02 15:58:20,802] {processor.py:171} INFO - Processing /home/linuxadmin/.local/lib/python3.6/site-packages/airflow/example_dags/example_complex.py took 0.117 seconds
[2021-11-02 15:58:24,724] {processor.py:163} INFO - Started process (PID=180255) to work on /home/linuxadmin/.local/lib/python3.6/site-packages/airflow/example_dags/example_complex.py
[2021-11-02 15:58:24,726] {processor.py:620} INFO - Processing file /home/linuxadmin/.local/lib/python3.6/site-packages/airflow/example_dags/example_complex.py for tasks to queue
[2021-11-02 15:58:24,726] {logging_mixin.py:109} INFO - [2021-11-02 15:58:24,726] {dagbag.py:500} INFO - Filling up the DagBag from /home/linuxadmin/.local/lib/python3.6/site-packages/airflow/example_dags/example_complex.py
[2021-11-02 15:58:24,776] {processor.py:632} INFO - DAG(s) dict_keys(['example_complex']) retrieved from /home/linuxadmin/.local/lib/python3.6/site-packages/airflow/example_dags/example_complex.py
[2021-11-02 15:58:24,797] {logging_mixin.py:109} INFO - [2021-11-02 15:58:24,797] {dag.py:2389} INFO - Sync 1 DAGs
[2021-11-02 15:58:24,818] {logging_mixin.py:109} INFO - [2021-11-02 15:58:24,818] {dag.py:2921} INFO - Setting next_dagrun for example_complex to None
[2021-11-02 15:58:24,830] {processor.py:171} INFO - Processing /home/linuxadmin/.local/lib/python3.6/site-packages/airflow/example_dags/example_complex.py took 0.112 seconds
[2021-11-02 15:58:30,316] {processor.py:163} INFO - Started process (PID=180379) to work on /home/linuxadmin/.local/lib/python3.6/site-packages/airflow/example_dags/example_complex.py
[2021-11-02 15:58:30,317] {processor.py:620} INFO - Processing file /home/linuxadmin/.local/lib/python3.6/site-packages/airflow/example_dags/example_complex.py for tasks to queue
[2021-11-02 15:58:30,318] {logging_mixin.py:109} INFO - [2021-11-02 15:58:30,318] {dagbag.py:500} INFO - Filling up the DagBag from /home/linuxadmin/.local/lib/python3.6/site-packages/airflow/example_dags/example_complex.py
[2021-11-02 15:58:30,361] {processor.py:632} INFO - DAG(s) dict_keys(['example_complex']) retrieved from /home/linuxadmin/.local/lib/python3.6/site-packages/airflow/example_dags/example_complex.py
[2021-11-02 15:58:30,383] {logging_mixin.py:109} INFO - [2021-11-02 15:58:30,383] {dag.py:2389} INFO - Sync 1 DAGs
[2021-11-02 15:58:30,413] {logging_mixin.py:109} INFO - [2021-11-02 15:58:30,412] {dag.py:2921} INFO - Setting next_dagrun for example_complex to None
[2021-11-02 15:58:30,425] {processor.py:171} INFO - Processing /home/linuxadmin/.local/lib/python3.6/site-packages/airflow/example_dags/example_complex.py took 0.114 seconds
[2021-11-02 15:58:34,636] {processor.py:163} INFO - Started process (PID=180500) to work on /home/linuxadmin/.local/lib/python3.6/site-packages/airflow/example_dags/example_complex.py
[2021-11-02 15:58:34,637] {processor.py:620} INFO - Processing file /home/linuxadmin/.local/lib/python3.6/site-packages/airflow/example_dags/example_complex.py for tasks to queue
[2021-11-02 15:58:34,638] {logging_mixin.py:109} INFO - [2021-11-02 15:58:34,638] {dagbag.py:500} INFO - Filling up the DagBag from /home/linuxadmin/.local/lib/python3.6/site-packages/airflow/example_dags/example_complex.py
[2021-11-02 15:58:34,688] {processor.py:632} INFO - DAG(s) dict_keys(['example_complex']) retrieved from /home/linuxadmin/.local/lib/python3.6/site-packages/airflow/example_dags/example_complex.py
[2021-11-02 15:58:34,706] {logging_mixin.py:109} INFO - [2021-11-02 15:58:34,706] {dag.py:2389} INFO - Sync 1 DAGs
[2021-11-02 15:58:34,731] {logging_mixin.py:109} INFO - [2021-11-02 15:58:34,731] {dag.py:2921} INFO - Setting next_dagrun for example_complex to None
[2021-11-02 15:58:34,741] {processor.py:171} INFO - Processing /home/linuxadmin/.local/lib/python3.6/site-packages/airflow/example_dags/example_complex.py took 0.109 seconds
[2021-11-02 15:58:39,212] {processor.py:163} INFO - Started process (PID=180624) to work on /home/linuxadmin/.local/lib/python3.6/site-packages/airflow/example_dags/example_complex.py
[2021-11-02 15:58:39,213] {processor.py:620} INFO - Processing file /home/linuxadmin/.local/lib/python3.6/site-packages/airflow/example_dags/example_complex.py for tasks to queue
[2021-11-02 15:58:39,214] {logging_mixin.py:109} INFO - [2021-11-02 15:58:39,214] {dagbag.py:500} INFO - Filling up the DagBag from /home/linuxadmin/.local/lib/python3.6/site-packages/airflow/example_dags/example_complex.py
[2021-11-02 15:58:39,271] {processor.py:632} INFO - DAG(s) dict_keys(['example_complex']) retrieved from /home/linuxadmin/.local/lib/python3.6/site-packages/airflow/example_dags/example_complex.py
[2021-11-02 15:58:39,290] {logging_mixin.py:109} INFO - [2021-11-02 15:58:39,290] {dag.py:2389} INFO - Sync 1 DAGs
[2021-11-02 15:58:39,311] {logging_mixin.py:109} INFO - [2021-11-02 15:58:39,311] {dag.py:2921} INFO - Setting next_dagrun for example_complex to None
[2021-11-02 15:58:39,323] {processor.py:171} INFO - Processing /home/linuxadmin/.local/lib/python3.6/site-packages/airflow/example_dags/example_complex.py took 0.117 seconds
[2021-11-02 15:58:43,337] {processor.py:163} INFO - Started process (PID=180743) to work on /home/linuxadmin/.local/lib/python3.6/site-packages/airflow/example_dags/example_complex.py
[2021-11-02 15:58:43,338] {processor.py:620} INFO - Processing file /home/linuxadmin/.local/lib/python3.6/site-packages/airflow/example_dags/example_complex.py for tasks to queue
[2021-11-02 15:58:43,338] {logging_mixin.py:109} INFO - [2021-11-02 15:58:43,338] {dagbag.py:500} INFO - Filling up the DagBag from /home/linuxadmin/.local/lib/python3.6/site-packages/airflow/example_dags/example_complex.py
[2021-11-02 15:58:43,392] {processor.py:632} INFO - DAG(s) dict_keys(['example_complex']) retrieved from /home/linuxadmin/.local/lib/python3.6/site-packages/airflow/example_dags/example_complex.py
[2021-11-02 15:58:43,419] {logging_mixin.py:109} INFO - [2021-11-02 15:58:43,419] {dag.py:2389} INFO - Sync 1 DAGs
[2021-11-02 15:58:43,447] {logging_mixin.py:109} INFO - [2021-11-02 15:58:43,447] {dag.py:2921} INFO - Setting next_dagrun for example_complex to None
[2021-11-02 15:58:43,462] {processor.py:171} INFO - Processing /home/linuxadmin/.local/lib/python3.6/site-packages/airflow/example_dags/example_complex.py took 0.129 seconds
[2021-11-02 15:58:47,692] {processor.py:163} INFO - Started process (PID=180864) to work on /home/linuxadmin/.local/lib/python3.6/site-packages/airflow/example_dags/example_complex.py
[2021-11-02 15:58:47,694] {processor.py:620} INFO - Processing file /home/linuxadmin/.local/lib/python3.6/site-packages/airflow/example_dags/example_complex.py for tasks to queue
[2021-11-02 15:58:47,695] {logging_mixin.py:109} INFO - [2021-11-02 15:58:47,694] {dagbag.py:500} INFO - Filling up the DagBag from /home/linuxadmin/.local/lib/python3.6/site-packages/airflow/example_dags/example_complex.py
[2021-11-02 15:58:47,742] {processor.py:632} INFO - DAG(s) dict_keys(['example_complex']) retrieved from /home/linuxadmin/.local/lib/python3.6/site-packages/airflow/example_dags/example_complex.py
[2021-11-02 15:58:47,761] {logging_mixin.py:109} INFO - [2021-11-02 15:58:47,760] {dag.py:2389} INFO - Sync 1 DAGs
[2021-11-02 15:58:47,785] {logging_mixin.py:109} INFO - [2021-11-02 15:58:47,785] {dag.py:2921} INFO - Setting next_dagrun for example_complex to None
[2021-11-02 15:58:47,797] {processor.py:171} INFO - Processing /home/linuxadmin/.local/lib/python3.6/site-packages/airflow/example_dags/example_complex.py took 0.111 seconds
[2021-11-02 15:58:51,709] {processor.py:163} INFO - Started process (PID=180984) to work on /home/linuxadmin/.local/lib/python3.6/site-packages/airflow/example_dags/example_complex.py
[2021-11-02 15:58:51,710] {processor.py:620} INFO - Processing file /home/linuxadmin/.local/lib/python3.6/site-packages/airflow/example_dags/example_complex.py for tasks to queue
[2021-11-02 15:58:51,711] {logging_mixin.py:109} INFO - [2021-11-02 15:58:51,711] {dagbag.py:500} INFO - Filling up the DagBag from /home/linuxadmin/.local/lib/python3.6/site-packages/airflow/example_dags/example_complex.py
[2021-11-02 15:58:51,758] {processor.py:632} INFO - DAG(s) dict_keys(['example_complex']) retrieved from /home/linuxadmin/.local/lib/python3.6/site-packages/airflow/example_dags/example_complex.py
[2021-11-02 15:58:51,777] {logging_mixin.py:109} INFO - [2021-11-02 15:58:51,777] {dag.py:2389} INFO - Sync 1 DAGs
[2021-11-02 15:58:51,808] {logging_mixin.py:109} INFO - [2021-11-02 15:58:51,808] {dag.py:2921} INFO - Setting next_dagrun for example_complex to None
[2021-11-02 15:58:51,818] {processor.py:171} INFO - Processing /home/linuxadmin/.local/lib/python3.6/site-packages/airflow/example_dags/example_complex.py took 0.115 seconds
[2021-11-02 15:58:56,127] {processor.py:163} INFO - Started process (PID=181108) to work on /home/linuxadmin/.local/lib/python3.6/site-packages/airflow/example_dags/example_complex.py
[2021-11-02 15:58:56,130] {processor.py:620} INFO - Processing file /home/linuxadmin/.local/lib/python3.6/site-packages/airflow/example_dags/example_complex.py for tasks to queue
[2021-11-02 15:58:56,131] {logging_mixin.py:109} INFO - [2021-11-02 15:58:56,131] {dagbag.py:500} INFO - Filling up the DagBag from /home/linuxadmin/.local/lib/python3.6/site-packages/airflow/example_dags/example_complex.py
[2021-11-02 15:58:56,185] {processor.py:632} INFO - DAG(s) dict_keys(['example_complex']) retrieved from /home/linuxadmin/.local/lib/python3.6/site-packages/airflow/example_dags/example_complex.py
[2021-11-02 15:58:56,213] {logging_mixin.py:109} INFO - [2021-11-02 15:58:56,213] {dag.py:2389} INFO - Sync 1 DAGs
[2021-11-02 15:58:56,239] {logging_mixin.py:109} INFO - [2021-11-02 15:58:56,239] {dag.py:2921} INFO - Setting next_dagrun for example_complex to None
[2021-11-02 15:58:56,255] {processor.py:171} INFO - Processing /home/linuxadmin/.local/lib/python3.6/site-packages/airflow/example_dags/example_complex.py took 0.133 seconds
[2021-11-02 15:59:01,144] {processor.py:163} INFO - Started process (PID=181229) to work on /home/linuxadmin/.local/lib/python3.6/site-packages/airflow/example_dags/example_complex.py
[2021-11-02 15:59:01,149] {processor.py:620} INFO - Processing file /home/linuxadmin/.local/lib/python3.6/site-packages/airflow/example_dags/example_complex.py for tasks to queue
[2021-11-02 15:59:01,150] {logging_mixin.py:109} INFO - [2021-11-02 15:59:01,149] {dagbag.py:500} INFO - Filling up the DagBag from /home/linuxadmin/.local/lib/python3.6/site-packages/airflow/example_dags/example_complex.py
[2021-11-02 15:59:01,208] {processor.py:632} INFO - DAG(s) dict_keys(['example_complex']) retrieved from /home/linuxadmin/.local/lib/python3.6/site-packages/airflow/example_dags/example_complex.py
[2021-11-02 15:59:01,229] {logging_mixin.py:109} INFO - [2021-11-02 15:59:01,229] {dag.py:2389} INFO - Sync 1 DAGs
[2021-11-02 15:59:01,253] {logging_mixin.py:109} INFO - [2021-11-02 15:59:01,253] {dag.py:2921} INFO - Setting next_dagrun for example_complex to None
[2021-11-02 15:59:01,269] {processor.py:171} INFO - Processing /home/linuxadmin/.local/lib/python3.6/site-packages/airflow/example_dags/example_complex.py took 0.130 seconds
[2021-11-02 15:59:06,314] {processor.py:163} INFO - Started process (PID=181355) to work on /home/linuxadmin/.local/lib/python3.6/site-packages/airflow/example_dags/example_complex.py
[2021-11-02 15:59:06,315] {processor.py:620} INFO - Processing file /home/linuxadmin/.local/lib/python3.6/site-packages/airflow/example_dags/example_complex.py for tasks to queue
[2021-11-02 15:59:06,316] {logging_mixin.py:109} INFO - [2021-11-02 15:59:06,316] {dagbag.py:500} INFO - Filling up the DagBag from /home/linuxadmin/.local/lib/python3.6/site-packages/airflow/example_dags/example_complex.py
[2021-11-02 15:59:06,372] {processor.py:632} INFO - DAG(s) dict_keys(['example_complex']) retrieved from /home/linuxadmin/.local/lib/python3.6/site-packages/airflow/example_dags/example_complex.py
[2021-11-02 15:59:06,397] {logging_mixin.py:109} INFO - [2021-11-02 15:59:06,396] {dag.py:2389} INFO - Sync 1 DAGs
[2021-11-02 15:59:06,424] {logging_mixin.py:109} INFO - [2021-11-02 15:59:06,424] {dag.py:2921} INFO - Setting next_dagrun for example_complex to None
[2021-11-02 15:59:06,437] {processor.py:171} INFO - Processing /home/linuxadmin/.local/lib/python3.6/site-packages/airflow/example_dags/example_complex.py took 0.128 seconds
[2021-11-02 15:59:10,468] {processor.py:163} INFO - Started process (PID=181474) to work on /home/linuxadmin/.local/lib/python3.6/site-packages/airflow/example_dags/example_complex.py
[2021-11-02 15:59:10,469] {processor.py:620} INFO - Processing file /home/linuxadmin/.local/lib/python3.6/site-packages/airflow/example_dags/example_complex.py for tasks to queue
[2021-11-02 15:59:10,470] {logging_mixin.py:109} INFO - [2021-11-02 15:59:10,470] {dagbag.py:500} INFO - Filling up the DagBag from /home/linuxadmin/.local/lib/python3.6/site-packages/airflow/example_dags/example_complex.py
[2021-11-02 15:59:10,537] {processor.py:632} INFO - DAG(s) dict_keys(['example_complex']) retrieved from /home/linuxadmin/.local/lib/python3.6/site-packages/airflow/example_dags/example_complex.py
[2021-11-02 15:59:10,563] {logging_mixin.py:109} INFO - [2021-11-02 15:59:10,563] {dag.py:2389} INFO - Sync 1 DAGs
[2021-11-02 15:59:10,593] {logging_mixin.py:109} INFO - [2021-11-02 15:59:10,593] {dag.py:2921} INFO - Setting next_dagrun for example_complex to None
[2021-11-02 15:59:10,607] {processor.py:171} INFO - Processing /home/linuxadmin/.local/lib/python3.6/site-packages/airflow/example_dags/example_complex.py took 0.144 seconds
