[2021-11-02 15:55:18,869] {processor.py:163} INFO - Started process (PID=175235) to work on /home/linuxadmin/.local/lib/python3.6/site-packages/airflow/example_dags/example_kubernetes_executor.py
[2021-11-02 15:55:18,870] {processor.py:620} INFO - Processing file /home/linuxadmin/.local/lib/python3.6/site-packages/airflow/example_dags/example_kubernetes_executor.py for tasks to queue
[2021-11-02 15:55:18,871] {logging_mixin.py:109} INFO - [2021-11-02 15:55:18,871] {dagbag.py:500} INFO - Filling up the DagBag from /home/linuxadmin/.local/lib/python3.6/site-packages/airflow/example_dags/example_kubernetes_executor.py
[2021-11-02 15:55:18,908] {processor.py:632} INFO - DAG(s) dict_keys(['example_kubernetes_executor']) retrieved from /home/linuxadmin/.local/lib/python3.6/site-packages/airflow/example_dags/example_kubernetes_executor.py
[2021-11-02 15:55:18,925] {logging_mixin.py:109} INFO - [2021-11-02 15:55:18,925] {dag.py:2389} INFO - Sync 1 DAGs
[2021-11-02 15:55:18,944] {logging_mixin.py:109} INFO - [2021-11-02 15:55:18,943] {dag.py:2921} INFO - Setting next_dagrun for example_kubernetes_executor to None
[2021-11-02 15:55:18,956] {processor.py:171} INFO - Processing /home/linuxadmin/.local/lib/python3.6/site-packages/airflow/example_dags/example_kubernetes_executor.py took 0.091 seconds
[2021-11-02 15:55:23,525] {processor.py:163} INFO - Started process (PID=175360) to work on /home/linuxadmin/.local/lib/python3.6/site-packages/airflow/example_dags/example_kubernetes_executor.py
[2021-11-02 15:55:23,527] {processor.py:620} INFO - Processing file /home/linuxadmin/.local/lib/python3.6/site-packages/airflow/example_dags/example_kubernetes_executor.py for tasks to queue
[2021-11-02 15:55:23,527] {logging_mixin.py:109} INFO - [2021-11-02 15:55:23,527] {dagbag.py:500} INFO - Filling up the DagBag from /home/linuxadmin/.local/lib/python3.6/site-packages/airflow/example_dags/example_kubernetes_executor.py
[2021-11-02 15:55:23,565] {processor.py:632} INFO - DAG(s) dict_keys(['example_kubernetes_executor']) retrieved from /home/linuxadmin/.local/lib/python3.6/site-packages/airflow/example_dags/example_kubernetes_executor.py
[2021-11-02 15:55:23,578] {logging_mixin.py:109} INFO - [2021-11-02 15:55:23,578] {dag.py:2389} INFO - Sync 1 DAGs
[2021-11-02 15:55:23,600] {logging_mixin.py:109} INFO - [2021-11-02 15:55:23,600] {dag.py:2921} INFO - Setting next_dagrun for example_kubernetes_executor to None
[2021-11-02 15:55:23,610] {processor.py:171} INFO - Processing /home/linuxadmin/.local/lib/python3.6/site-packages/airflow/example_dags/example_kubernetes_executor.py took 0.090 seconds
[2021-11-02 15:55:27,633] {processor.py:163} INFO - Started process (PID=175477) to work on /home/linuxadmin/.local/lib/python3.6/site-packages/airflow/example_dags/example_kubernetes_executor.py
[2021-11-02 15:55:27,634] {processor.py:620} INFO - Processing file /home/linuxadmin/.local/lib/python3.6/site-packages/airflow/example_dags/example_kubernetes_executor.py for tasks to queue
[2021-11-02 15:55:27,635] {logging_mixin.py:109} INFO - [2021-11-02 15:55:27,635] {dagbag.py:500} INFO - Filling up the DagBag from /home/linuxadmin/.local/lib/python3.6/site-packages/airflow/example_dags/example_kubernetes_executor.py
[2021-11-02 15:55:27,669] {processor.py:632} INFO - DAG(s) dict_keys(['example_kubernetes_executor']) retrieved from /home/linuxadmin/.local/lib/python3.6/site-packages/airflow/example_dags/example_kubernetes_executor.py
[2021-11-02 15:55:27,682] {logging_mixin.py:109} INFO - [2021-11-02 15:55:27,681] {dag.py:2389} INFO - Sync 1 DAGs
[2021-11-02 15:55:27,705] {logging_mixin.py:109} INFO - [2021-11-02 15:55:27,705] {dag.py:2921} INFO - Setting next_dagrun for example_kubernetes_executor to None
[2021-11-02 15:55:27,717] {processor.py:171} INFO - Processing /home/linuxadmin/.local/lib/python3.6/site-packages/airflow/example_dags/example_kubernetes_executor.py took 0.088 seconds
[2021-11-02 15:55:32,233] {processor.py:163} INFO - Started process (PID=175602) to work on /home/linuxadmin/.local/lib/python3.6/site-packages/airflow/example_dags/example_kubernetes_executor.py
[2021-11-02 15:55:32,234] {processor.py:620} INFO - Processing file /home/linuxadmin/.local/lib/python3.6/site-packages/airflow/example_dags/example_kubernetes_executor.py for tasks to queue
[2021-11-02 15:55:32,235] {logging_mixin.py:109} INFO - [2021-11-02 15:55:32,235] {dagbag.py:500} INFO - Filling up the DagBag from /home/linuxadmin/.local/lib/python3.6/site-packages/airflow/example_dags/example_kubernetes_executor.py
[2021-11-02 15:55:32,288] {processor.py:632} INFO - DAG(s) dict_keys(['example_kubernetes_executor']) retrieved from /home/linuxadmin/.local/lib/python3.6/site-packages/airflow/example_dags/example_kubernetes_executor.py
[2021-11-02 15:55:32,305] {logging_mixin.py:109} INFO - [2021-11-02 15:55:32,305] {dag.py:2389} INFO - Sync 1 DAGs
[2021-11-02 15:55:32,336] {logging_mixin.py:109} INFO - [2021-11-02 15:55:32,336] {dag.py:2921} INFO - Setting next_dagrun for example_kubernetes_executor to None
[2021-11-02 15:55:32,351] {processor.py:171} INFO - Processing /home/linuxadmin/.local/lib/python3.6/site-packages/airflow/example_dags/example_kubernetes_executor.py took 0.124 seconds
[2021-11-02 15:55:36,782] {processor.py:163} INFO - Started process (PID=175721) to work on /home/linuxadmin/.local/lib/python3.6/site-packages/airflow/example_dags/example_kubernetes_executor.py
[2021-11-02 15:55:36,784] {processor.py:620} INFO - Processing file /home/linuxadmin/.local/lib/python3.6/site-packages/airflow/example_dags/example_kubernetes_executor.py for tasks to queue
[2021-11-02 15:55:36,785] {logging_mixin.py:109} INFO - [2021-11-02 15:55:36,785] {dagbag.py:500} INFO - Filling up the DagBag from /home/linuxadmin/.local/lib/python3.6/site-packages/airflow/example_dags/example_kubernetes_executor.py
[2021-11-02 15:55:36,822] {processor.py:632} INFO - DAG(s) dict_keys(['example_kubernetes_executor']) retrieved from /home/linuxadmin/.local/lib/python3.6/site-packages/airflow/example_dags/example_kubernetes_executor.py
[2021-11-02 15:55:36,836] {logging_mixin.py:109} INFO - [2021-11-02 15:55:36,836] {dag.py:2389} INFO - Sync 1 DAGs
[2021-11-02 15:55:36,858] {logging_mixin.py:109} INFO - [2021-11-02 15:55:36,858] {dag.py:2921} INFO - Setting next_dagrun for example_kubernetes_executor to None
[2021-11-02 15:55:36,875] {processor.py:171} INFO - Processing /home/linuxadmin/.local/lib/python3.6/site-packages/airflow/example_dags/example_kubernetes_executor.py took 0.098 seconds
[2021-11-02 15:55:41,238] {processor.py:163} INFO - Started process (PID=175843) to work on /home/linuxadmin/.local/lib/python3.6/site-packages/airflow/example_dags/example_kubernetes_executor.py
[2021-11-02 15:55:41,240] {processor.py:620} INFO - Processing file /home/linuxadmin/.local/lib/python3.6/site-packages/airflow/example_dags/example_kubernetes_executor.py for tasks to queue
[2021-11-02 15:55:41,241] {logging_mixin.py:109} INFO - [2021-11-02 15:55:41,241] {dagbag.py:500} INFO - Filling up the DagBag from /home/linuxadmin/.local/lib/python3.6/site-packages/airflow/example_dags/example_kubernetes_executor.py
[2021-11-02 15:55:41,283] {processor.py:632} INFO - DAG(s) dict_keys(['example_kubernetes_executor']) retrieved from /home/linuxadmin/.local/lib/python3.6/site-packages/airflow/example_dags/example_kubernetes_executor.py
[2021-11-02 15:55:41,296] {logging_mixin.py:109} INFO - [2021-11-02 15:55:41,296] {dag.py:2389} INFO - Sync 1 DAGs
[2021-11-02 15:55:41,321] {logging_mixin.py:109} INFO - [2021-11-02 15:55:41,320] {dag.py:2921} INFO - Setting next_dagrun for example_kubernetes_executor to None
[2021-11-02 15:55:41,332] {processor.py:171} INFO - Processing /home/linuxadmin/.local/lib/python3.6/site-packages/airflow/example_dags/example_kubernetes_executor.py took 0.099 seconds
[2021-11-02 15:55:45,155] {processor.py:163} INFO - Started process (PID=175962) to work on /home/linuxadmin/.local/lib/python3.6/site-packages/airflow/example_dags/example_kubernetes_executor.py
[2021-11-02 15:55:45,156] {processor.py:620} INFO - Processing file /home/linuxadmin/.local/lib/python3.6/site-packages/airflow/example_dags/example_kubernetes_executor.py for tasks to queue
[2021-11-02 15:55:45,157] {logging_mixin.py:109} INFO - [2021-11-02 15:55:45,157] {dagbag.py:500} INFO - Filling up the DagBag from /home/linuxadmin/.local/lib/python3.6/site-packages/airflow/example_dags/example_kubernetes_executor.py
[2021-11-02 15:55:45,190] {processor.py:632} INFO - DAG(s) dict_keys(['example_kubernetes_executor']) retrieved from /home/linuxadmin/.local/lib/python3.6/site-packages/airflow/example_dags/example_kubernetes_executor.py
[2021-11-02 15:55:45,211] {logging_mixin.py:109} INFO - [2021-11-02 15:55:45,211] {dag.py:2389} INFO - Sync 1 DAGs
[2021-11-02 15:55:45,232] {logging_mixin.py:109} INFO - [2021-11-02 15:55:45,232] {dag.py:2921} INFO - Setting next_dagrun for example_kubernetes_executor to None
[2021-11-02 15:55:45,247] {processor.py:171} INFO - Processing /home/linuxadmin/.local/lib/python3.6/site-packages/airflow/example_dags/example_kubernetes_executor.py took 0.096 seconds
[2021-11-02 15:55:50,171] {processor.py:163} INFO - Started process (PID=176085) to work on /home/linuxadmin/.local/lib/python3.6/site-packages/airflow/example_dags/example_kubernetes_executor.py
[2021-11-02 15:55:50,172] {processor.py:620} INFO - Processing file /home/linuxadmin/.local/lib/python3.6/site-packages/airflow/example_dags/example_kubernetes_executor.py for tasks to queue
[2021-11-02 15:55:50,173] {logging_mixin.py:109} INFO - [2021-11-02 15:55:50,173] {dagbag.py:500} INFO - Filling up the DagBag from /home/linuxadmin/.local/lib/python3.6/site-packages/airflow/example_dags/example_kubernetes_executor.py
[2021-11-02 15:55:50,210] {processor.py:632} INFO - DAG(s) dict_keys(['example_kubernetes_executor']) retrieved from /home/linuxadmin/.local/lib/python3.6/site-packages/airflow/example_dags/example_kubernetes_executor.py
[2021-11-02 15:55:50,224] {logging_mixin.py:109} INFO - [2021-11-02 15:55:50,224] {dag.py:2389} INFO - Sync 1 DAGs
[2021-11-02 15:55:50,250] {logging_mixin.py:109} INFO - [2021-11-02 15:55:50,250] {dag.py:2921} INFO - Setting next_dagrun for example_kubernetes_executor to None
[2021-11-02 15:55:50,262] {processor.py:171} INFO - Processing /home/linuxadmin/.local/lib/python3.6/site-packages/airflow/example_dags/example_kubernetes_executor.py took 0.097 seconds
[2021-11-02 15:55:54,580] {processor.py:163} INFO - Started process (PID=176205) to work on /home/linuxadmin/.local/lib/python3.6/site-packages/airflow/example_dags/example_kubernetes_executor.py
[2021-11-02 15:55:54,582] {processor.py:620} INFO - Processing file /home/linuxadmin/.local/lib/python3.6/site-packages/airflow/example_dags/example_kubernetes_executor.py for tasks to queue
[2021-11-02 15:55:54,583] {logging_mixin.py:109} INFO - [2021-11-02 15:55:54,583] {dagbag.py:500} INFO - Filling up the DagBag from /home/linuxadmin/.local/lib/python3.6/site-packages/airflow/example_dags/example_kubernetes_executor.py
[2021-11-02 15:55:54,623] {processor.py:632} INFO - DAG(s) dict_keys(['example_kubernetes_executor']) retrieved from /home/linuxadmin/.local/lib/python3.6/site-packages/airflow/example_dags/example_kubernetes_executor.py
[2021-11-02 15:55:54,635] {logging_mixin.py:109} INFO - [2021-11-02 15:55:54,635] {dag.py:2389} INFO - Sync 1 DAGs
[2021-11-02 15:55:54,664] {logging_mixin.py:109} INFO - [2021-11-02 15:55:54,664] {dag.py:2921} INFO - Setting next_dagrun for example_kubernetes_executor to None
[2021-11-02 15:55:54,678] {processor.py:171} INFO - Processing /home/linuxadmin/.local/lib/python3.6/site-packages/airflow/example_dags/example_kubernetes_executor.py took 0.102 seconds
[2021-11-02 15:55:59,306] {processor.py:163} INFO - Started process (PID=176327) to work on /home/linuxadmin/.local/lib/python3.6/site-packages/airflow/example_dags/example_kubernetes_executor.py
[2021-11-02 15:55:59,307] {processor.py:620} INFO - Processing file /home/linuxadmin/.local/lib/python3.6/site-packages/airflow/example_dags/example_kubernetes_executor.py for tasks to queue
[2021-11-02 15:55:59,308] {logging_mixin.py:109} INFO - [2021-11-02 15:55:59,308] {dagbag.py:500} INFO - Filling up the DagBag from /home/linuxadmin/.local/lib/python3.6/site-packages/airflow/example_dags/example_kubernetes_executor.py
[2021-11-02 15:55:59,346] {processor.py:632} INFO - DAG(s) dict_keys(['example_kubernetes_executor']) retrieved from /home/linuxadmin/.local/lib/python3.6/site-packages/airflow/example_dags/example_kubernetes_executor.py
[2021-11-02 15:55:59,362] {logging_mixin.py:109} INFO - [2021-11-02 15:55:59,361] {dag.py:2389} INFO - Sync 1 DAGs
[2021-11-02 15:55:59,392] {logging_mixin.py:109} INFO - [2021-11-02 15:55:59,392] {dag.py:2921} INFO - Setting next_dagrun for example_kubernetes_executor to None
[2021-11-02 15:55:59,406] {processor.py:171} INFO - Processing /home/linuxadmin/.local/lib/python3.6/site-packages/airflow/example_dags/example_kubernetes_executor.py took 0.105 seconds
[2021-11-02 15:56:03,751] {processor.py:163} INFO - Started process (PID=176446) to work on /home/linuxadmin/.local/lib/python3.6/site-packages/airflow/example_dags/example_kubernetes_executor.py
[2021-11-02 15:56:03,752] {processor.py:620} INFO - Processing file /home/linuxadmin/.local/lib/python3.6/site-packages/airflow/example_dags/example_kubernetes_executor.py for tasks to queue
[2021-11-02 15:56:03,753] {logging_mixin.py:109} INFO - [2021-11-02 15:56:03,753] {dagbag.py:500} INFO - Filling up the DagBag from /home/linuxadmin/.local/lib/python3.6/site-packages/airflow/example_dags/example_kubernetes_executor.py
[2021-11-02 15:56:03,794] {processor.py:632} INFO - DAG(s) dict_keys(['example_kubernetes_executor']) retrieved from /home/linuxadmin/.local/lib/python3.6/site-packages/airflow/example_dags/example_kubernetes_executor.py
[2021-11-02 15:56:03,809] {logging_mixin.py:109} INFO - [2021-11-02 15:56:03,809] {dag.py:2389} INFO - Sync 1 DAGs
[2021-11-02 15:56:03,837] {logging_mixin.py:109} INFO - [2021-11-02 15:56:03,837] {dag.py:2921} INFO - Setting next_dagrun for example_kubernetes_executor to None
[2021-11-02 15:56:03,851] {processor.py:171} INFO - Processing /home/linuxadmin/.local/lib/python3.6/site-packages/airflow/example_dags/example_kubernetes_executor.py took 0.105 seconds
[2021-11-02 15:56:08,598] {processor.py:163} INFO - Started process (PID=176570) to work on /home/linuxadmin/.local/lib/python3.6/site-packages/airflow/example_dags/example_kubernetes_executor.py
[2021-11-02 15:56:08,599] {processor.py:620} INFO - Processing file /home/linuxadmin/.local/lib/python3.6/site-packages/airflow/example_dags/example_kubernetes_executor.py for tasks to queue
[2021-11-02 15:56:08,600] {logging_mixin.py:109} INFO - [2021-11-02 15:56:08,600] {dagbag.py:500} INFO - Filling up the DagBag from /home/linuxadmin/.local/lib/python3.6/site-packages/airflow/example_dags/example_kubernetes_executor.py
[2021-11-02 15:56:08,640] {processor.py:632} INFO - DAG(s) dict_keys(['example_kubernetes_executor']) retrieved from /home/linuxadmin/.local/lib/python3.6/site-packages/airflow/example_dags/example_kubernetes_executor.py
[2021-11-02 15:56:08,660] {logging_mixin.py:109} INFO - [2021-11-02 15:56:08,660] {dag.py:2389} INFO - Sync 1 DAGs
[2021-11-02 15:56:08,687] {logging_mixin.py:109} INFO - [2021-11-02 15:56:08,686] {dag.py:2921} INFO - Setting next_dagrun for example_kubernetes_executor to None
[2021-11-02 15:56:08,699] {processor.py:171} INFO - Processing /home/linuxadmin/.local/lib/python3.6/site-packages/airflow/example_dags/example_kubernetes_executor.py took 0.106 seconds
[2021-11-02 15:56:13,332] {processor.py:163} INFO - Started process (PID=176694) to work on /home/linuxadmin/.local/lib/python3.6/site-packages/airflow/example_dags/example_kubernetes_executor.py
[2021-11-02 15:56:13,333] {processor.py:620} INFO - Processing file /home/linuxadmin/.local/lib/python3.6/site-packages/airflow/example_dags/example_kubernetes_executor.py for tasks to queue
[2021-11-02 15:56:13,334] {logging_mixin.py:109} INFO - [2021-11-02 15:56:13,334] {dagbag.py:500} INFO - Filling up the DagBag from /home/linuxadmin/.local/lib/python3.6/site-packages/airflow/example_dags/example_kubernetes_executor.py
[2021-11-02 15:56:13,378] {processor.py:632} INFO - DAG(s) dict_keys(['example_kubernetes_executor']) retrieved from /home/linuxadmin/.local/lib/python3.6/site-packages/airflow/example_dags/example_kubernetes_executor.py
[2021-11-02 15:56:13,391] {logging_mixin.py:109} INFO - [2021-11-02 15:56:13,390] {dag.py:2389} INFO - Sync 1 DAGs
[2021-11-02 15:56:13,413] {logging_mixin.py:109} INFO - [2021-11-02 15:56:13,413] {dag.py:2921} INFO - Setting next_dagrun for example_kubernetes_executor to None
[2021-11-02 15:56:13,426] {processor.py:171} INFO - Processing /home/linuxadmin/.local/lib/python3.6/site-packages/airflow/example_dags/example_kubernetes_executor.py took 0.100 seconds
[2021-11-02 15:56:17,543] {processor.py:163} INFO - Started process (PID=176812) to work on /home/linuxadmin/.local/lib/python3.6/site-packages/airflow/example_dags/example_kubernetes_executor.py
[2021-11-02 15:56:17,544] {processor.py:620} INFO - Processing file /home/linuxadmin/.local/lib/python3.6/site-packages/airflow/example_dags/example_kubernetes_executor.py for tasks to queue
[2021-11-02 15:56:17,545] {logging_mixin.py:109} INFO - [2021-11-02 15:56:17,545] {dagbag.py:500} INFO - Filling up the DagBag from /home/linuxadmin/.local/lib/python3.6/site-packages/airflow/example_dags/example_kubernetes_executor.py
[2021-11-02 15:56:17,592] {processor.py:632} INFO - DAG(s) dict_keys(['example_kubernetes_executor']) retrieved from /home/linuxadmin/.local/lib/python3.6/site-packages/airflow/example_dags/example_kubernetes_executor.py
[2021-11-02 15:56:17,606] {logging_mixin.py:109} INFO - [2021-11-02 15:56:17,606] {dag.py:2389} INFO - Sync 1 DAGs
[2021-11-02 15:56:17,631] {logging_mixin.py:109} INFO - [2021-11-02 15:56:17,631] {dag.py:2921} INFO - Setting next_dagrun for example_kubernetes_executor to None
[2021-11-02 15:56:17,645] {processor.py:171} INFO - Processing /home/linuxadmin/.local/lib/python3.6/site-packages/airflow/example_dags/example_kubernetes_executor.py took 0.111 seconds
[2021-11-02 15:56:22,650] {processor.py:163} INFO - Started process (PID=176935) to work on /home/linuxadmin/.local/lib/python3.6/site-packages/airflow/example_dags/example_kubernetes_executor.py
[2021-11-02 15:56:22,652] {processor.py:620} INFO - Processing file /home/linuxadmin/.local/lib/python3.6/site-packages/airflow/example_dags/example_kubernetes_executor.py for tasks to queue
[2021-11-02 15:56:22,653] {logging_mixin.py:109} INFO - [2021-11-02 15:56:22,653] {dagbag.py:500} INFO - Filling up the DagBag from /home/linuxadmin/.local/lib/python3.6/site-packages/airflow/example_dags/example_kubernetes_executor.py
[2021-11-02 15:56:22,705] {processor.py:632} INFO - DAG(s) dict_keys(['example_kubernetes_executor']) retrieved from /home/linuxadmin/.local/lib/python3.6/site-packages/airflow/example_dags/example_kubernetes_executor.py
[2021-11-02 15:56:22,723] {logging_mixin.py:109} INFO - [2021-11-02 15:56:22,723] {dag.py:2389} INFO - Sync 1 DAGs
[2021-11-02 15:56:22,751] {logging_mixin.py:109} INFO - [2021-11-02 15:56:22,751] {dag.py:2921} INFO - Setting next_dagrun for example_kubernetes_executor to None
[2021-11-02 15:56:22,765] {processor.py:171} INFO - Processing /home/linuxadmin/.local/lib/python3.6/site-packages/airflow/example_dags/example_kubernetes_executor.py took 0.120 seconds
[2021-11-02 15:56:26,936] {processor.py:163} INFO - Started process (PID=177052) to work on /home/linuxadmin/.local/lib/python3.6/site-packages/airflow/example_dags/example_kubernetes_executor.py
[2021-11-02 15:56:26,937] {processor.py:620} INFO - Processing file /home/linuxadmin/.local/lib/python3.6/site-packages/airflow/example_dags/example_kubernetes_executor.py for tasks to queue
[2021-11-02 15:56:26,938] {logging_mixin.py:109} INFO - [2021-11-02 15:56:26,938] {dagbag.py:500} INFO - Filling up the DagBag from /home/linuxadmin/.local/lib/python3.6/site-packages/airflow/example_dags/example_kubernetes_executor.py
[2021-11-02 15:56:26,981] {processor.py:632} INFO - DAG(s) dict_keys(['example_kubernetes_executor']) retrieved from /home/linuxadmin/.local/lib/python3.6/site-packages/airflow/example_dags/example_kubernetes_executor.py
[2021-11-02 15:56:26,995] {logging_mixin.py:109} INFO - [2021-11-02 15:56:26,995] {dag.py:2389} INFO - Sync 1 DAGs
[2021-11-02 15:56:27,019] {logging_mixin.py:109} INFO - [2021-11-02 15:56:27,019] {dag.py:2921} INFO - Setting next_dagrun for example_kubernetes_executor to None
[2021-11-02 15:56:27,034] {processor.py:171} INFO - Processing /home/linuxadmin/.local/lib/python3.6/site-packages/airflow/example_dags/example_kubernetes_executor.py took 0.105 seconds
[2021-11-02 15:56:31,510] {processor.py:163} INFO - Started process (PID=177176) to work on /home/linuxadmin/.local/lib/python3.6/site-packages/airflow/example_dags/example_kubernetes_executor.py
[2021-11-02 15:56:31,513] {processor.py:620} INFO - Processing file /home/linuxadmin/.local/lib/python3.6/site-packages/airflow/example_dags/example_kubernetes_executor.py for tasks to queue
[2021-11-02 15:56:31,514] {logging_mixin.py:109} INFO - [2021-11-02 15:56:31,513] {dagbag.py:500} INFO - Filling up the DagBag from /home/linuxadmin/.local/lib/python3.6/site-packages/airflow/example_dags/example_kubernetes_executor.py
[2021-11-02 15:56:31,554] {processor.py:632} INFO - DAG(s) dict_keys(['example_kubernetes_executor']) retrieved from /home/linuxadmin/.local/lib/python3.6/site-packages/airflow/example_dags/example_kubernetes_executor.py
[2021-11-02 15:56:31,576] {logging_mixin.py:109} INFO - [2021-11-02 15:56:31,576] {dag.py:2389} INFO - Sync 1 DAGs
[2021-11-02 15:56:31,599] {logging_mixin.py:109} INFO - [2021-11-02 15:56:31,599] {dag.py:2921} INFO - Setting next_dagrun for example_kubernetes_executor to None
[2021-11-02 15:56:31,610] {processor.py:171} INFO - Processing /home/linuxadmin/.local/lib/python3.6/site-packages/airflow/example_dags/example_kubernetes_executor.py took 0.105 seconds
[2021-11-02 15:56:35,428] {processor.py:163} INFO - Started process (PID=177296) to work on /home/linuxadmin/.local/lib/python3.6/site-packages/airflow/example_dags/example_kubernetes_executor.py
[2021-11-02 15:56:35,429] {processor.py:620} INFO - Processing file /home/linuxadmin/.local/lib/python3.6/site-packages/airflow/example_dags/example_kubernetes_executor.py for tasks to queue
[2021-11-02 15:56:35,430] {logging_mixin.py:109} INFO - [2021-11-02 15:56:35,430] {dagbag.py:500} INFO - Filling up the DagBag from /home/linuxadmin/.local/lib/python3.6/site-packages/airflow/example_dags/example_kubernetes_executor.py
[2021-11-02 15:56:35,464] {processor.py:632} INFO - DAG(s) dict_keys(['example_kubernetes_executor']) retrieved from /home/linuxadmin/.local/lib/python3.6/site-packages/airflow/example_dags/example_kubernetes_executor.py
[2021-11-02 15:56:35,477] {logging_mixin.py:109} INFO - [2021-11-02 15:56:35,477] {dag.py:2389} INFO - Sync 1 DAGs
[2021-11-02 15:56:35,498] {logging_mixin.py:109} INFO - [2021-11-02 15:56:35,498] {dag.py:2921} INFO - Setting next_dagrun for example_kubernetes_executor to None
[2021-11-02 15:56:35,510] {processor.py:171} INFO - Processing /home/linuxadmin/.local/lib/python3.6/site-packages/airflow/example_dags/example_kubernetes_executor.py took 0.086 seconds
[2021-11-02 15:56:39,791] {processor.py:163} INFO - Started process (PID=177417) to work on /home/linuxadmin/.local/lib/python3.6/site-packages/airflow/example_dags/example_kubernetes_executor.py
[2021-11-02 15:56:39,793] {processor.py:620} INFO - Processing file /home/linuxadmin/.local/lib/python3.6/site-packages/airflow/example_dags/example_kubernetes_executor.py for tasks to queue
[2021-11-02 15:56:39,794] {logging_mixin.py:109} INFO - [2021-11-02 15:56:39,793] {dagbag.py:500} INFO - Filling up the DagBag from /home/linuxadmin/.local/lib/python3.6/site-packages/airflow/example_dags/example_kubernetes_executor.py
[2021-11-02 15:56:39,833] {processor.py:632} INFO - DAG(s) dict_keys(['example_kubernetes_executor']) retrieved from /home/linuxadmin/.local/lib/python3.6/site-packages/airflow/example_dags/example_kubernetes_executor.py
[2021-11-02 15:56:39,846] {logging_mixin.py:109} INFO - [2021-11-02 15:56:39,846] {dag.py:2389} INFO - Sync 1 DAGs
[2021-11-02 15:56:39,871] {logging_mixin.py:109} INFO - [2021-11-02 15:56:39,871] {dag.py:2921} INFO - Setting next_dagrun for example_kubernetes_executor to None
[2021-11-02 15:56:39,886] {processor.py:171} INFO - Processing /home/linuxadmin/.local/lib/python3.6/site-packages/airflow/example_dags/example_kubernetes_executor.py took 0.098 seconds
[2021-11-02 15:56:43,755] {processor.py:163} INFO - Started process (PID=177535) to work on /home/linuxadmin/.local/lib/python3.6/site-packages/airflow/example_dags/example_kubernetes_executor.py
[2021-11-02 15:56:43,757] {processor.py:620} INFO - Processing file /home/linuxadmin/.local/lib/python3.6/site-packages/airflow/example_dags/example_kubernetes_executor.py for tasks to queue
[2021-11-02 15:56:43,757] {logging_mixin.py:109} INFO - [2021-11-02 15:56:43,757] {dagbag.py:500} INFO - Filling up the DagBag from /home/linuxadmin/.local/lib/python3.6/site-packages/airflow/example_dags/example_kubernetes_executor.py
[2021-11-02 15:56:43,799] {processor.py:632} INFO - DAG(s) dict_keys(['example_kubernetes_executor']) retrieved from /home/linuxadmin/.local/lib/python3.6/site-packages/airflow/example_dags/example_kubernetes_executor.py
[2021-11-02 15:56:43,813] {logging_mixin.py:109} INFO - [2021-11-02 15:56:43,813] {dag.py:2389} INFO - Sync 1 DAGs
[2021-11-02 15:56:43,836] {logging_mixin.py:109} INFO - [2021-11-02 15:56:43,836] {dag.py:2921} INFO - Setting next_dagrun for example_kubernetes_executor to None
[2021-11-02 15:56:43,848] {processor.py:171} INFO - Processing /home/linuxadmin/.local/lib/python3.6/site-packages/airflow/example_dags/example_kubernetes_executor.py took 0.098 seconds
[2021-11-02 15:56:48,190] {processor.py:163} INFO - Started process (PID=177662) to work on /home/linuxadmin/.local/lib/python3.6/site-packages/airflow/example_dags/example_kubernetes_executor.py
[2021-11-02 15:56:48,191] {processor.py:620} INFO - Processing file /home/linuxadmin/.local/lib/python3.6/site-packages/airflow/example_dags/example_kubernetes_executor.py for tasks to queue
[2021-11-02 15:56:48,192] {logging_mixin.py:109} INFO - [2021-11-02 15:56:48,192] {dagbag.py:500} INFO - Filling up the DagBag from /home/linuxadmin/.local/lib/python3.6/site-packages/airflow/example_dags/example_kubernetes_executor.py
[2021-11-02 15:56:48,234] {processor.py:632} INFO - DAG(s) dict_keys(['example_kubernetes_executor']) retrieved from /home/linuxadmin/.local/lib/python3.6/site-packages/airflow/example_dags/example_kubernetes_executor.py
[2021-11-02 15:56:48,248] {logging_mixin.py:109} INFO - [2021-11-02 15:56:48,248] {dag.py:2389} INFO - Sync 1 DAGs
[2021-11-02 15:56:48,272] {logging_mixin.py:109} INFO - [2021-11-02 15:56:48,272] {dag.py:2921} INFO - Setting next_dagrun for example_kubernetes_executor to None
[2021-11-02 15:56:48,285] {processor.py:171} INFO - Processing /home/linuxadmin/.local/lib/python3.6/site-packages/airflow/example_dags/example_kubernetes_executor.py took 0.100 seconds
[2021-11-02 15:56:53,014] {processor.py:163} INFO - Started process (PID=177781) to work on /home/linuxadmin/.local/lib/python3.6/site-packages/airflow/example_dags/example_kubernetes_executor.py
[2021-11-02 15:56:53,016] {processor.py:620} INFO - Processing file /home/linuxadmin/.local/lib/python3.6/site-packages/airflow/example_dags/example_kubernetes_executor.py for tasks to queue
[2021-11-02 15:56:53,017] {logging_mixin.py:109} INFO - [2021-11-02 15:56:53,017] {dagbag.py:500} INFO - Filling up the DagBag from /home/linuxadmin/.local/lib/python3.6/site-packages/airflow/example_dags/example_kubernetes_executor.py
[2021-11-02 15:56:53,058] {processor.py:632} INFO - DAG(s) dict_keys(['example_kubernetes_executor']) retrieved from /home/linuxadmin/.local/lib/python3.6/site-packages/airflow/example_dags/example_kubernetes_executor.py
[2021-11-02 15:56:53,071] {logging_mixin.py:109} INFO - [2021-11-02 15:56:53,071] {dag.py:2389} INFO - Sync 1 DAGs
[2021-11-02 15:56:53,094] {logging_mixin.py:109} INFO - [2021-11-02 15:56:53,094] {dag.py:2921} INFO - Setting next_dagrun for example_kubernetes_executor to None
[2021-11-02 15:56:53,106] {processor.py:171} INFO - Processing /home/linuxadmin/.local/lib/python3.6/site-packages/airflow/example_dags/example_kubernetes_executor.py took 0.098 seconds
[2021-11-02 15:56:57,845] {processor.py:163} INFO - Started process (PID=177904) to work on /home/linuxadmin/.local/lib/python3.6/site-packages/airflow/example_dags/example_kubernetes_executor.py
[2021-11-02 15:56:57,847] {processor.py:620} INFO - Processing file /home/linuxadmin/.local/lib/python3.6/site-packages/airflow/example_dags/example_kubernetes_executor.py for tasks to queue
[2021-11-02 15:56:57,848] {logging_mixin.py:109} INFO - [2021-11-02 15:56:57,848] {dagbag.py:500} INFO - Filling up the DagBag from /home/linuxadmin/.local/lib/python3.6/site-packages/airflow/example_dags/example_kubernetes_executor.py
[2021-11-02 15:56:57,890] {processor.py:632} INFO - DAG(s) dict_keys(['example_kubernetes_executor']) retrieved from /home/linuxadmin/.local/lib/python3.6/site-packages/airflow/example_dags/example_kubernetes_executor.py
[2021-11-02 15:56:57,908] {logging_mixin.py:109} INFO - [2021-11-02 15:56:57,908] {dag.py:2389} INFO - Sync 1 DAGs
[2021-11-02 15:56:57,938] {logging_mixin.py:109} INFO - [2021-11-02 15:56:57,938] {dag.py:2921} INFO - Setting next_dagrun for example_kubernetes_executor to None
[2021-11-02 15:56:57,953] {processor.py:171} INFO - Processing /home/linuxadmin/.local/lib/python3.6/site-packages/airflow/example_dags/example_kubernetes_executor.py took 0.113 seconds
[2021-11-02 15:57:02,276] {processor.py:163} INFO - Started process (PID=178022) to work on /home/linuxadmin/.local/lib/python3.6/site-packages/airflow/example_dags/example_kubernetes_executor.py
[2021-11-02 15:57:02,278] {processor.py:620} INFO - Processing file /home/linuxadmin/.local/lib/python3.6/site-packages/airflow/example_dags/example_kubernetes_executor.py for tasks to queue
[2021-11-02 15:57:02,280] {logging_mixin.py:109} INFO - [2021-11-02 15:57:02,278] {dagbag.py:500} INFO - Filling up the DagBag from /home/linuxadmin/.local/lib/python3.6/site-packages/airflow/example_dags/example_kubernetes_executor.py
[2021-11-02 15:57:02,330] {processor.py:632} INFO - DAG(s) dict_keys(['example_kubernetes_executor']) retrieved from /home/linuxadmin/.local/lib/python3.6/site-packages/airflow/example_dags/example_kubernetes_executor.py
[2021-11-02 15:57:02,346] {logging_mixin.py:109} INFO - [2021-11-02 15:57:02,345] {dag.py:2389} INFO - Sync 1 DAGs
[2021-11-02 15:57:02,376] {logging_mixin.py:109} INFO - [2021-11-02 15:57:02,376] {dag.py:2921} INFO - Setting next_dagrun for example_kubernetes_executor to None
[2021-11-02 15:57:02,391] {processor.py:171} INFO - Processing /home/linuxadmin/.local/lib/python3.6/site-packages/airflow/example_dags/example_kubernetes_executor.py took 0.119 seconds
[2021-11-02 15:57:07,137] {processor.py:163} INFO - Started process (PID=178148) to work on /home/linuxadmin/.local/lib/python3.6/site-packages/airflow/example_dags/example_kubernetes_executor.py
[2021-11-02 15:57:07,139] {processor.py:620} INFO - Processing file /home/linuxadmin/.local/lib/python3.6/site-packages/airflow/example_dags/example_kubernetes_executor.py for tasks to queue
[2021-11-02 15:57:07,140] {logging_mixin.py:109} INFO - [2021-11-02 15:57:07,140] {dagbag.py:500} INFO - Filling up the DagBag from /home/linuxadmin/.local/lib/python3.6/site-packages/airflow/example_dags/example_kubernetes_executor.py
[2021-11-02 15:57:07,174] {processor.py:632} INFO - DAG(s) dict_keys(['example_kubernetes_executor']) retrieved from /home/linuxadmin/.local/lib/python3.6/site-packages/airflow/example_dags/example_kubernetes_executor.py
[2021-11-02 15:57:07,187] {logging_mixin.py:109} INFO - [2021-11-02 15:57:07,187] {dag.py:2389} INFO - Sync 1 DAGs
[2021-11-02 15:57:07,211] {logging_mixin.py:109} INFO - [2021-11-02 15:57:07,211] {dag.py:2921} INFO - Setting next_dagrun for example_kubernetes_executor to None
[2021-11-02 15:57:07,225] {processor.py:171} INFO - Processing /home/linuxadmin/.local/lib/python3.6/site-packages/airflow/example_dags/example_kubernetes_executor.py took 0.092 seconds
[2021-11-02 15:57:11,297] {processor.py:163} INFO - Started process (PID=178266) to work on /home/linuxadmin/.local/lib/python3.6/site-packages/airflow/example_dags/example_kubernetes_executor.py
[2021-11-02 15:57:11,298] {processor.py:620} INFO - Processing file /home/linuxadmin/.local/lib/python3.6/site-packages/airflow/example_dags/example_kubernetes_executor.py for tasks to queue
[2021-11-02 15:57:11,299] {logging_mixin.py:109} INFO - [2021-11-02 15:57:11,299] {dagbag.py:500} INFO - Filling up the DagBag from /home/linuxadmin/.local/lib/python3.6/site-packages/airflow/example_dags/example_kubernetes_executor.py
[2021-11-02 15:57:11,344] {processor.py:632} INFO - DAG(s) dict_keys(['example_kubernetes_executor']) retrieved from /home/linuxadmin/.local/lib/python3.6/site-packages/airflow/example_dags/example_kubernetes_executor.py
[2021-11-02 15:57:11,360] {logging_mixin.py:109} INFO - [2021-11-02 15:57:11,360] {dag.py:2389} INFO - Sync 1 DAGs
[2021-11-02 15:57:11,391] {logging_mixin.py:109} INFO - [2021-11-02 15:57:11,391] {dag.py:2921} INFO - Setting next_dagrun for example_kubernetes_executor to None
[2021-11-02 15:57:11,404] {processor.py:171} INFO - Processing /home/linuxadmin/.local/lib/python3.6/site-packages/airflow/example_dags/example_kubernetes_executor.py took 0.114 seconds
[2021-11-02 15:57:15,972] {processor.py:163} INFO - Started process (PID=178388) to work on /home/linuxadmin/.local/lib/python3.6/site-packages/airflow/example_dags/example_kubernetes_executor.py
[2021-11-02 15:57:15,973] {processor.py:620} INFO - Processing file /home/linuxadmin/.local/lib/python3.6/site-packages/airflow/example_dags/example_kubernetes_executor.py for tasks to queue
[2021-11-02 15:57:15,974] {logging_mixin.py:109} INFO - [2021-11-02 15:57:15,974] {dagbag.py:500} INFO - Filling up the DagBag from /home/linuxadmin/.local/lib/python3.6/site-packages/airflow/example_dags/example_kubernetes_executor.py
[2021-11-02 15:57:16,012] {processor.py:632} INFO - DAG(s) dict_keys(['example_kubernetes_executor']) retrieved from /home/linuxadmin/.local/lib/python3.6/site-packages/airflow/example_dags/example_kubernetes_executor.py
[2021-11-02 15:57:16,027] {logging_mixin.py:109} INFO - [2021-11-02 15:57:16,026] {dag.py:2389} INFO - Sync 1 DAGs
[2021-11-02 15:57:16,052] {logging_mixin.py:109} INFO - [2021-11-02 15:57:16,052] {dag.py:2921} INFO - Setting next_dagrun for example_kubernetes_executor to None
[2021-11-02 15:57:16,065] {processor.py:171} INFO - Processing /home/linuxadmin/.local/lib/python3.6/site-packages/airflow/example_dags/example_kubernetes_executor.py took 0.097 seconds
[2021-11-02 15:57:19,962] {processor.py:163} INFO - Started process (PID=178507) to work on /home/linuxadmin/.local/lib/python3.6/site-packages/airflow/example_dags/example_kubernetes_executor.py
[2021-11-02 15:57:19,963] {processor.py:620} INFO - Processing file /home/linuxadmin/.local/lib/python3.6/site-packages/airflow/example_dags/example_kubernetes_executor.py for tasks to queue
[2021-11-02 15:57:19,964] {logging_mixin.py:109} INFO - [2021-11-02 15:57:19,964] {dagbag.py:500} INFO - Filling up the DagBag from /home/linuxadmin/.local/lib/python3.6/site-packages/airflow/example_dags/example_kubernetes_executor.py
[2021-11-02 15:57:20,000] {processor.py:632} INFO - DAG(s) dict_keys(['example_kubernetes_executor']) retrieved from /home/linuxadmin/.local/lib/python3.6/site-packages/airflow/example_dags/example_kubernetes_executor.py
[2021-11-02 15:57:20,016] {logging_mixin.py:109} INFO - [2021-11-02 15:57:20,015] {dag.py:2389} INFO - Sync 1 DAGs
[2021-11-02 15:57:20,043] {logging_mixin.py:109} INFO - [2021-11-02 15:57:20,043] {dag.py:2921} INFO - Setting next_dagrun for example_kubernetes_executor to None
[2021-11-02 15:57:20,056] {processor.py:171} INFO - Processing /home/linuxadmin/.local/lib/python3.6/site-packages/airflow/example_dags/example_kubernetes_executor.py took 0.099 seconds
[2021-11-02 15:57:24,921] {processor.py:163} INFO - Started process (PID=178631) to work on /home/linuxadmin/.local/lib/python3.6/site-packages/airflow/example_dags/example_kubernetes_executor.py
[2021-11-02 15:57:24,922] {processor.py:620} INFO - Processing file /home/linuxadmin/.local/lib/python3.6/site-packages/airflow/example_dags/example_kubernetes_executor.py for tasks to queue
[2021-11-02 15:57:24,923] {logging_mixin.py:109} INFO - [2021-11-02 15:57:24,923] {dagbag.py:500} INFO - Filling up the DagBag from /home/linuxadmin/.local/lib/python3.6/site-packages/airflow/example_dags/example_kubernetes_executor.py
[2021-11-02 15:57:24,956] {processor.py:632} INFO - DAG(s) dict_keys(['example_kubernetes_executor']) retrieved from /home/linuxadmin/.local/lib/python3.6/site-packages/airflow/example_dags/example_kubernetes_executor.py
[2021-11-02 15:57:24,968] {logging_mixin.py:109} INFO - [2021-11-02 15:57:24,968] {dag.py:2389} INFO - Sync 1 DAGs
[2021-11-02 15:57:24,991] {logging_mixin.py:109} INFO - [2021-11-02 15:57:24,990] {dag.py:2921} INFO - Setting next_dagrun for example_kubernetes_executor to None
[2021-11-02 15:57:25,004] {processor.py:171} INFO - Processing /home/linuxadmin/.local/lib/python3.6/site-packages/airflow/example_dags/example_kubernetes_executor.py took 0.087 seconds
[2021-11-02 15:57:29,402] {processor.py:163} INFO - Started process (PID=178752) to work on /home/linuxadmin/.local/lib/python3.6/site-packages/airflow/example_dags/example_kubernetes_executor.py
[2021-11-02 15:57:29,403] {processor.py:620} INFO - Processing file /home/linuxadmin/.local/lib/python3.6/site-packages/airflow/example_dags/example_kubernetes_executor.py for tasks to queue
[2021-11-02 15:57:29,404] {logging_mixin.py:109} INFO - [2021-11-02 15:57:29,404] {dagbag.py:500} INFO - Filling up the DagBag from /home/linuxadmin/.local/lib/python3.6/site-packages/airflow/example_dags/example_kubernetes_executor.py
[2021-11-02 15:57:29,446] {processor.py:632} INFO - DAG(s) dict_keys(['example_kubernetes_executor']) retrieved from /home/linuxadmin/.local/lib/python3.6/site-packages/airflow/example_dags/example_kubernetes_executor.py
[2021-11-02 15:57:29,461] {logging_mixin.py:109} INFO - [2021-11-02 15:57:29,461] {dag.py:2389} INFO - Sync 1 DAGs
[2021-11-02 15:57:29,487] {logging_mixin.py:109} INFO - [2021-11-02 15:57:29,487] {dag.py:2921} INFO - Setting next_dagrun for example_kubernetes_executor to None
[2021-11-02 15:57:29,499] {processor.py:171} INFO - Processing /home/linuxadmin/.local/lib/python3.6/site-packages/airflow/example_dags/example_kubernetes_executor.py took 0.102 seconds
[2021-11-02 15:57:34,114] {processor.py:163} INFO - Started process (PID=178875) to work on /home/linuxadmin/.local/lib/python3.6/site-packages/airflow/example_dags/example_kubernetes_executor.py
[2021-11-02 15:57:34,115] {processor.py:620} INFO - Processing file /home/linuxadmin/.local/lib/python3.6/site-packages/airflow/example_dags/example_kubernetes_executor.py for tasks to queue
[2021-11-02 15:57:34,116] {logging_mixin.py:109} INFO - [2021-11-02 15:57:34,116] {dagbag.py:500} INFO - Filling up the DagBag from /home/linuxadmin/.local/lib/python3.6/site-packages/airflow/example_dags/example_kubernetes_executor.py
[2021-11-02 15:57:34,159] {processor.py:632} INFO - DAG(s) dict_keys(['example_kubernetes_executor']) retrieved from /home/linuxadmin/.local/lib/python3.6/site-packages/airflow/example_dags/example_kubernetes_executor.py
[2021-11-02 15:57:34,175] {logging_mixin.py:109} INFO - [2021-11-02 15:57:34,175] {dag.py:2389} INFO - Sync 1 DAGs
[2021-11-02 15:57:34,205] {logging_mixin.py:109} INFO - [2021-11-02 15:57:34,205] {dag.py:2921} INFO - Setting next_dagrun for example_kubernetes_executor to None
[2021-11-02 15:57:34,219] {processor.py:171} INFO - Processing /home/linuxadmin/.local/lib/python3.6/site-packages/airflow/example_dags/example_kubernetes_executor.py took 0.111 seconds
[2021-11-02 15:57:38,121] {processor.py:163} INFO - Started process (PID=178993) to work on /home/linuxadmin/.local/lib/python3.6/site-packages/airflow/example_dags/example_kubernetes_executor.py
[2021-11-02 15:57:38,123] {processor.py:620} INFO - Processing file /home/linuxadmin/.local/lib/python3.6/site-packages/airflow/example_dags/example_kubernetes_executor.py for tasks to queue
[2021-11-02 15:57:38,123] {logging_mixin.py:109} INFO - [2021-11-02 15:57:38,123] {dagbag.py:500} INFO - Filling up the DagBag from /home/linuxadmin/.local/lib/python3.6/site-packages/airflow/example_dags/example_kubernetes_executor.py
[2021-11-02 15:57:38,166] {processor.py:632} INFO - DAG(s) dict_keys(['example_kubernetes_executor']) retrieved from /home/linuxadmin/.local/lib/python3.6/site-packages/airflow/example_dags/example_kubernetes_executor.py
[2021-11-02 15:57:38,182] {logging_mixin.py:109} INFO - [2021-11-02 15:57:38,181] {dag.py:2389} INFO - Sync 1 DAGs
[2021-11-02 15:57:38,204] {logging_mixin.py:109} INFO - [2021-11-02 15:57:38,204] {dag.py:2921} INFO - Setting next_dagrun for example_kubernetes_executor to None
[2021-11-02 15:57:38,216] {processor.py:171} INFO - Processing /home/linuxadmin/.local/lib/python3.6/site-packages/airflow/example_dags/example_kubernetes_executor.py took 0.100 seconds
[2021-11-02 15:57:42,773] {processor.py:163} INFO - Started process (PID=179114) to work on /home/linuxadmin/.local/lib/python3.6/site-packages/airflow/example_dags/example_kubernetes_executor.py
[2021-11-02 15:57:42,776] {processor.py:620} INFO - Processing file /home/linuxadmin/.local/lib/python3.6/site-packages/airflow/example_dags/example_kubernetes_executor.py for tasks to queue
[2021-11-02 15:57:42,777] {logging_mixin.py:109} INFO - [2021-11-02 15:57:42,777] {dagbag.py:500} INFO - Filling up the DagBag from /home/linuxadmin/.local/lib/python3.6/site-packages/airflow/example_dags/example_kubernetes_executor.py
[2021-11-02 15:57:42,820] {processor.py:632} INFO - DAG(s) dict_keys(['example_kubernetes_executor']) retrieved from /home/linuxadmin/.local/lib/python3.6/site-packages/airflow/example_dags/example_kubernetes_executor.py
[2021-11-02 15:57:42,837] {logging_mixin.py:109} INFO - [2021-11-02 15:57:42,837] {dag.py:2389} INFO - Sync 1 DAGs
[2021-11-02 15:57:42,859] {logging_mixin.py:109} INFO - [2021-11-02 15:57:42,858] {dag.py:2921} INFO - Setting next_dagrun for example_kubernetes_executor to None
[2021-11-02 15:57:42,869] {processor.py:171} INFO - Processing /home/linuxadmin/.local/lib/python3.6/site-packages/airflow/example_dags/example_kubernetes_executor.py took 0.101 seconds
[2021-11-02 15:57:47,016] {processor.py:163} INFO - Started process (PID=179235) to work on /home/linuxadmin/.local/lib/python3.6/site-packages/airflow/example_dags/example_kubernetes_executor.py
[2021-11-02 15:57:47,017] {processor.py:620} INFO - Processing file /home/linuxadmin/.local/lib/python3.6/site-packages/airflow/example_dags/example_kubernetes_executor.py for tasks to queue
[2021-11-02 15:57:47,017] {logging_mixin.py:109} INFO - [2021-11-02 15:57:47,017] {dagbag.py:500} INFO - Filling up the DagBag from /home/linuxadmin/.local/lib/python3.6/site-packages/airflow/example_dags/example_kubernetes_executor.py
[2021-11-02 15:57:47,054] {processor.py:632} INFO - DAG(s) dict_keys(['example_kubernetes_executor']) retrieved from /home/linuxadmin/.local/lib/python3.6/site-packages/airflow/example_dags/example_kubernetes_executor.py
[2021-11-02 15:57:47,065] {logging_mixin.py:109} INFO - [2021-11-02 15:57:47,065] {dag.py:2389} INFO - Sync 1 DAGs
[2021-11-02 15:57:47,090] {logging_mixin.py:109} INFO - [2021-11-02 15:57:47,090] {dag.py:2921} INFO - Setting next_dagrun for example_kubernetes_executor to None
[2021-11-02 15:57:47,102] {processor.py:171} INFO - Processing /home/linuxadmin/.local/lib/python3.6/site-packages/airflow/example_dags/example_kubernetes_executor.py took 0.091 seconds
[2021-11-02 15:57:51,807] {processor.py:163} INFO - Started process (PID=179358) to work on /home/linuxadmin/.local/lib/python3.6/site-packages/airflow/example_dags/example_kubernetes_executor.py
[2021-11-02 15:57:51,808] {processor.py:620} INFO - Processing file /home/linuxadmin/.local/lib/python3.6/site-packages/airflow/example_dags/example_kubernetes_executor.py for tasks to queue
[2021-11-02 15:57:51,809] {logging_mixin.py:109} INFO - [2021-11-02 15:57:51,809] {dagbag.py:500} INFO - Filling up the DagBag from /home/linuxadmin/.local/lib/python3.6/site-packages/airflow/example_dags/example_kubernetes_executor.py
[2021-11-02 15:57:51,854] {processor.py:632} INFO - DAG(s) dict_keys(['example_kubernetes_executor']) retrieved from /home/linuxadmin/.local/lib/python3.6/site-packages/airflow/example_dags/example_kubernetes_executor.py
[2021-11-02 15:57:51,870] {logging_mixin.py:109} INFO - [2021-11-02 15:57:51,869] {dag.py:2389} INFO - Sync 1 DAGs
[2021-11-02 15:57:51,901] {logging_mixin.py:109} INFO - [2021-11-02 15:57:51,900] {dag.py:2921} INFO - Setting next_dagrun for example_kubernetes_executor to None
[2021-11-02 15:57:51,915] {processor.py:171} INFO - Processing /home/linuxadmin/.local/lib/python3.6/site-packages/airflow/example_dags/example_kubernetes_executor.py took 0.114 seconds
[2021-11-02 15:57:56,956] {processor.py:163} INFO - Started process (PID=179482) to work on /home/linuxadmin/.local/lib/python3.6/site-packages/airflow/example_dags/example_kubernetes_executor.py
[2021-11-02 15:57:56,958] {processor.py:620} INFO - Processing file /home/linuxadmin/.local/lib/python3.6/site-packages/airflow/example_dags/example_kubernetes_executor.py for tasks to queue
[2021-11-02 15:57:56,958] {logging_mixin.py:109} INFO - [2021-11-02 15:57:56,958] {dagbag.py:500} INFO - Filling up the DagBag from /home/linuxadmin/.local/lib/python3.6/site-packages/airflow/example_dags/example_kubernetes_executor.py
[2021-11-02 15:57:56,995] {processor.py:632} INFO - DAG(s) dict_keys(['example_kubernetes_executor']) retrieved from /home/linuxadmin/.local/lib/python3.6/site-packages/airflow/example_dags/example_kubernetes_executor.py
[2021-11-02 15:57:57,008] {logging_mixin.py:109} INFO - [2021-11-02 15:57:57,008] {dag.py:2389} INFO - Sync 1 DAGs
[2021-11-02 15:57:57,031] {logging_mixin.py:109} INFO - [2021-11-02 15:57:57,031] {dag.py:2921} INFO - Setting next_dagrun for example_kubernetes_executor to None
[2021-11-02 15:57:57,043] {processor.py:171} INFO - Processing /home/linuxadmin/.local/lib/python3.6/site-packages/airflow/example_dags/example_kubernetes_executor.py took 0.091 seconds
[2021-11-02 15:58:01,253] {processor.py:163} INFO - Started process (PID=179603) to work on /home/linuxadmin/.local/lib/python3.6/site-packages/airflow/example_dags/example_kubernetes_executor.py
[2021-11-02 15:58:01,255] {processor.py:620} INFO - Processing file /home/linuxadmin/.local/lib/python3.6/site-packages/airflow/example_dags/example_kubernetes_executor.py for tasks to queue
[2021-11-02 15:58:01,256] {logging_mixin.py:109} INFO - [2021-11-02 15:58:01,256] {dagbag.py:500} INFO - Filling up the DagBag from /home/linuxadmin/.local/lib/python3.6/site-packages/airflow/example_dags/example_kubernetes_executor.py
[2021-11-02 15:58:01,300] {processor.py:632} INFO - DAG(s) dict_keys(['example_kubernetes_executor']) retrieved from /home/linuxadmin/.local/lib/python3.6/site-packages/airflow/example_dags/example_kubernetes_executor.py
[2021-11-02 15:58:01,314] {logging_mixin.py:109} INFO - [2021-11-02 15:58:01,314] {dag.py:2389} INFO - Sync 1 DAGs
[2021-11-02 15:58:01,340] {logging_mixin.py:109} INFO - [2021-11-02 15:58:01,340] {dag.py:2921} INFO - Setting next_dagrun for example_kubernetes_executor to None
[2021-11-02 15:58:01,352] {processor.py:171} INFO - Processing /home/linuxadmin/.local/lib/python3.6/site-packages/airflow/example_dags/example_kubernetes_executor.py took 0.104 seconds
[2021-11-02 15:58:05,639] {processor.py:163} INFO - Started process (PID=179726) to work on /home/linuxadmin/.local/lib/python3.6/site-packages/airflow/example_dags/example_kubernetes_executor.py
[2021-11-02 15:58:05,640] {processor.py:620} INFO - Processing file /home/linuxadmin/.local/lib/python3.6/site-packages/airflow/example_dags/example_kubernetes_executor.py for tasks to queue
[2021-11-02 15:58:05,641] {logging_mixin.py:109} INFO - [2021-11-02 15:58:05,641] {dagbag.py:500} INFO - Filling up the DagBag from /home/linuxadmin/.local/lib/python3.6/site-packages/airflow/example_dags/example_kubernetes_executor.py
[2021-11-02 15:58:05,685] {processor.py:632} INFO - DAG(s) dict_keys(['example_kubernetes_executor']) retrieved from /home/linuxadmin/.local/lib/python3.6/site-packages/airflow/example_dags/example_kubernetes_executor.py
[2021-11-02 15:58:05,698] {logging_mixin.py:109} INFO - [2021-11-02 15:58:05,698] {dag.py:2389} INFO - Sync 1 DAGs
[2021-11-02 15:58:05,725] {logging_mixin.py:109} INFO - [2021-11-02 15:58:05,725] {dag.py:2921} INFO - Setting next_dagrun for example_kubernetes_executor to None
[2021-11-02 15:58:05,738] {processor.py:171} INFO - Processing /home/linuxadmin/.local/lib/python3.6/site-packages/airflow/example_dags/example_kubernetes_executor.py took 0.104 seconds
[2021-11-02 15:58:10,011] {processor.py:163} INFO - Started process (PID=179843) to work on /home/linuxadmin/.local/lib/python3.6/site-packages/airflow/example_dags/example_kubernetes_executor.py
[2021-11-02 15:58:10,012] {processor.py:620} INFO - Processing file /home/linuxadmin/.local/lib/python3.6/site-packages/airflow/example_dags/example_kubernetes_executor.py for tasks to queue
[2021-11-02 15:58:10,013] {logging_mixin.py:109} INFO - [2021-11-02 15:58:10,013] {dagbag.py:500} INFO - Filling up the DagBag from /home/linuxadmin/.local/lib/python3.6/site-packages/airflow/example_dags/example_kubernetes_executor.py
[2021-11-02 15:58:10,056] {processor.py:632} INFO - DAG(s) dict_keys(['example_kubernetes_executor']) retrieved from /home/linuxadmin/.local/lib/python3.6/site-packages/airflow/example_dags/example_kubernetes_executor.py
[2021-11-02 15:58:10,073] {logging_mixin.py:109} INFO - [2021-11-02 15:58:10,072] {dag.py:2389} INFO - Sync 1 DAGs
[2021-11-02 15:58:10,098] {logging_mixin.py:109} INFO - [2021-11-02 15:58:10,098] {dag.py:2921} INFO - Setting next_dagrun for example_kubernetes_executor to None
[2021-11-02 15:58:10,113] {processor.py:171} INFO - Processing /home/linuxadmin/.local/lib/python3.6/site-packages/airflow/example_dags/example_kubernetes_executor.py took 0.107 seconds
[2021-11-02 15:58:14,987] {processor.py:163} INFO - Started process (PID=179967) to work on /home/linuxadmin/.local/lib/python3.6/site-packages/airflow/example_dags/example_kubernetes_executor.py
[2021-11-02 15:58:14,989] {processor.py:620} INFO - Processing file /home/linuxadmin/.local/lib/python3.6/site-packages/airflow/example_dags/example_kubernetes_executor.py for tasks to queue
[2021-11-02 15:58:14,990] {logging_mixin.py:109} INFO - [2021-11-02 15:58:14,990] {dagbag.py:500} INFO - Filling up the DagBag from /home/linuxadmin/.local/lib/python3.6/site-packages/airflow/example_dags/example_kubernetes_executor.py
[2021-11-02 15:58:15,035] {processor.py:632} INFO - DAG(s) dict_keys(['example_kubernetes_executor']) retrieved from /home/linuxadmin/.local/lib/python3.6/site-packages/airflow/example_dags/example_kubernetes_executor.py
[2021-11-02 15:58:15,053] {logging_mixin.py:109} INFO - [2021-11-02 15:58:15,052] {dag.py:2389} INFO - Sync 1 DAGs
[2021-11-02 15:58:15,081] {logging_mixin.py:109} INFO - [2021-11-02 15:58:15,081] {dag.py:2921} INFO - Setting next_dagrun for example_kubernetes_executor to None
[2021-11-02 15:58:15,096] {processor.py:171} INFO - Processing /home/linuxadmin/.local/lib/python3.6/site-packages/airflow/example_dags/example_kubernetes_executor.py took 0.115 seconds
[2021-11-02 15:58:19,528] {processor.py:163} INFO - Started process (PID=180092) to work on /home/linuxadmin/.local/lib/python3.6/site-packages/airflow/example_dags/example_kubernetes_executor.py
[2021-11-02 15:58:19,530] {processor.py:620} INFO - Processing file /home/linuxadmin/.local/lib/python3.6/site-packages/airflow/example_dags/example_kubernetes_executor.py for tasks to queue
[2021-11-02 15:58:19,531] {logging_mixin.py:109} INFO - [2021-11-02 15:58:19,531] {dagbag.py:500} INFO - Filling up the DagBag from /home/linuxadmin/.local/lib/python3.6/site-packages/airflow/example_dags/example_kubernetes_executor.py
[2021-11-02 15:58:19,572] {processor.py:632} INFO - DAG(s) dict_keys(['example_kubernetes_executor']) retrieved from /home/linuxadmin/.local/lib/python3.6/site-packages/airflow/example_dags/example_kubernetes_executor.py
[2021-11-02 15:58:19,589] {logging_mixin.py:109} INFO - [2021-11-02 15:58:19,589] {dag.py:2389} INFO - Sync 1 DAGs
[2021-11-02 15:58:19,619] {logging_mixin.py:109} INFO - [2021-11-02 15:58:19,619] {dag.py:2921} INFO - Setting next_dagrun for example_kubernetes_executor to None
[2021-11-02 15:58:19,633] {processor.py:171} INFO - Processing /home/linuxadmin/.local/lib/python3.6/site-packages/airflow/example_dags/example_kubernetes_executor.py took 0.110 seconds
[2021-11-02 15:58:23,494] {processor.py:163} INFO - Started process (PID=180211) to work on /home/linuxadmin/.local/lib/python3.6/site-packages/airflow/example_dags/example_kubernetes_executor.py
[2021-11-02 15:58:23,495] {processor.py:620} INFO - Processing file /home/linuxadmin/.local/lib/python3.6/site-packages/airflow/example_dags/example_kubernetes_executor.py for tasks to queue
[2021-11-02 15:58:23,496] {logging_mixin.py:109} INFO - [2021-11-02 15:58:23,496] {dagbag.py:500} INFO - Filling up the DagBag from /home/linuxadmin/.local/lib/python3.6/site-packages/airflow/example_dags/example_kubernetes_executor.py
[2021-11-02 15:58:23,541] {processor.py:632} INFO - DAG(s) dict_keys(['example_kubernetes_executor']) retrieved from /home/linuxadmin/.local/lib/python3.6/site-packages/airflow/example_dags/example_kubernetes_executor.py
[2021-11-02 15:58:23,556] {logging_mixin.py:109} INFO - [2021-11-02 15:58:23,555] {dag.py:2389} INFO - Sync 1 DAGs
[2021-11-02 15:58:23,581] {logging_mixin.py:109} INFO - [2021-11-02 15:58:23,581] {dag.py:2921} INFO - Setting next_dagrun for example_kubernetes_executor to None
[2021-11-02 15:58:23,594] {processor.py:171} INFO - Processing /home/linuxadmin/.local/lib/python3.6/site-packages/airflow/example_dags/example_kubernetes_executor.py took 0.106 seconds
[2021-11-02 15:58:28,643] {processor.py:163} INFO - Started process (PID=180334) to work on /home/linuxadmin/.local/lib/python3.6/site-packages/airflow/example_dags/example_kubernetes_executor.py
[2021-11-02 15:58:28,644] {processor.py:620} INFO - Processing file /home/linuxadmin/.local/lib/python3.6/site-packages/airflow/example_dags/example_kubernetes_executor.py for tasks to queue
[2021-11-02 15:58:28,645] {logging_mixin.py:109} INFO - [2021-11-02 15:58:28,645] {dagbag.py:500} INFO - Filling up the DagBag from /home/linuxadmin/.local/lib/python3.6/site-packages/airflow/example_dags/example_kubernetes_executor.py
[2021-11-02 15:58:28,684] {processor.py:632} INFO - DAG(s) dict_keys(['example_kubernetes_executor']) retrieved from /home/linuxadmin/.local/lib/python3.6/site-packages/airflow/example_dags/example_kubernetes_executor.py
[2021-11-02 15:58:28,699] {logging_mixin.py:109} INFO - [2021-11-02 15:58:28,699] {dag.py:2389} INFO - Sync 1 DAGs
[2021-11-02 15:58:28,726] {logging_mixin.py:109} INFO - [2021-11-02 15:58:28,726] {dag.py:2921} INFO - Setting next_dagrun for example_kubernetes_executor to None
[2021-11-02 15:58:28,742] {processor.py:171} INFO - Processing /home/linuxadmin/.local/lib/python3.6/site-packages/airflow/example_dags/example_kubernetes_executor.py took 0.104 seconds
[2021-11-02 15:58:33,186] {processor.py:163} INFO - Started process (PID=180454) to work on /home/linuxadmin/.local/lib/python3.6/site-packages/airflow/example_dags/example_kubernetes_executor.py
[2021-11-02 15:58:33,188] {processor.py:620} INFO - Processing file /home/linuxadmin/.local/lib/python3.6/site-packages/airflow/example_dags/example_kubernetes_executor.py for tasks to queue
[2021-11-02 15:58:33,189] {logging_mixin.py:109} INFO - [2021-11-02 15:58:33,189] {dagbag.py:500} INFO - Filling up the DagBag from /home/linuxadmin/.local/lib/python3.6/site-packages/airflow/example_dags/example_kubernetes_executor.py
[2021-11-02 15:58:33,227] {processor.py:632} INFO - DAG(s) dict_keys(['example_kubernetes_executor']) retrieved from /home/linuxadmin/.local/lib/python3.6/site-packages/airflow/example_dags/example_kubernetes_executor.py
[2021-11-02 15:58:33,242] {logging_mixin.py:109} INFO - [2021-11-02 15:58:33,242] {dag.py:2389} INFO - Sync 1 DAGs
[2021-11-02 15:58:33,270] {logging_mixin.py:109} INFO - [2021-11-02 15:58:33,270] {dag.py:2921} INFO - Setting next_dagrun for example_kubernetes_executor to None
[2021-11-02 15:58:33,285] {processor.py:171} INFO - Processing /home/linuxadmin/.local/lib/python3.6/site-packages/airflow/example_dags/example_kubernetes_executor.py took 0.103 seconds
[2021-11-02 15:58:38,033] {processor.py:163} INFO - Started process (PID=180579) to work on /home/linuxadmin/.local/lib/python3.6/site-packages/airflow/example_dags/example_kubernetes_executor.py
[2021-11-02 15:58:38,034] {processor.py:620} INFO - Processing file /home/linuxadmin/.local/lib/python3.6/site-packages/airflow/example_dags/example_kubernetes_executor.py for tasks to queue
[2021-11-02 15:58:38,035] {logging_mixin.py:109} INFO - [2021-11-02 15:58:38,035] {dagbag.py:500} INFO - Filling up the DagBag from /home/linuxadmin/.local/lib/python3.6/site-packages/airflow/example_dags/example_kubernetes_executor.py
[2021-11-02 15:58:38,069] {processor.py:632} INFO - DAG(s) dict_keys(['example_kubernetes_executor']) retrieved from /home/linuxadmin/.local/lib/python3.6/site-packages/airflow/example_dags/example_kubernetes_executor.py
[2021-11-02 15:58:38,084] {logging_mixin.py:109} INFO - [2021-11-02 15:58:38,083] {dag.py:2389} INFO - Sync 1 DAGs
[2021-11-02 15:58:38,108] {logging_mixin.py:109} INFO - [2021-11-02 15:58:38,108] {dag.py:2921} INFO - Setting next_dagrun for example_kubernetes_executor to None
[2021-11-02 15:58:38,121] {processor.py:171} INFO - Processing /home/linuxadmin/.local/lib/python3.6/site-packages/airflow/example_dags/example_kubernetes_executor.py took 0.093 seconds
[2021-11-02 15:58:41,938] {processor.py:163} INFO - Started process (PID=180697) to work on /home/linuxadmin/.local/lib/python3.6/site-packages/airflow/example_dags/example_kubernetes_executor.py
[2021-11-02 15:58:41,940] {processor.py:620} INFO - Processing file /home/linuxadmin/.local/lib/python3.6/site-packages/airflow/example_dags/example_kubernetes_executor.py for tasks to queue
[2021-11-02 15:58:41,941] {logging_mixin.py:109} INFO - [2021-11-02 15:58:41,940] {dagbag.py:500} INFO - Filling up the DagBag from /home/linuxadmin/.local/lib/python3.6/site-packages/airflow/example_dags/example_kubernetes_executor.py
[2021-11-02 15:58:41,983] {processor.py:632} INFO - DAG(s) dict_keys(['example_kubernetes_executor']) retrieved from /home/linuxadmin/.local/lib/python3.6/site-packages/airflow/example_dags/example_kubernetes_executor.py
[2021-11-02 15:58:41,999] {logging_mixin.py:109} INFO - [2021-11-02 15:58:41,998] {dag.py:2389} INFO - Sync 1 DAGs
[2021-11-02 15:58:42,025] {logging_mixin.py:109} INFO - [2021-11-02 15:58:42,025] {dag.py:2921} INFO - Setting next_dagrun for example_kubernetes_executor to None
[2021-11-02 15:58:42,037] {processor.py:171} INFO - Processing /home/linuxadmin/.local/lib/python3.6/site-packages/airflow/example_dags/example_kubernetes_executor.py took 0.104 seconds
[2021-11-02 15:58:46,519] {processor.py:163} INFO - Started process (PID=180819) to work on /home/linuxadmin/.local/lib/python3.6/site-packages/airflow/example_dags/example_kubernetes_executor.py
[2021-11-02 15:58:46,521] {processor.py:620} INFO - Processing file /home/linuxadmin/.local/lib/python3.6/site-packages/airflow/example_dags/example_kubernetes_executor.py for tasks to queue
[2021-11-02 15:58:46,522] {logging_mixin.py:109} INFO - [2021-11-02 15:58:46,521] {dagbag.py:500} INFO - Filling up the DagBag from /home/linuxadmin/.local/lib/python3.6/site-packages/airflow/example_dags/example_kubernetes_executor.py
[2021-11-02 15:58:46,570] {processor.py:632} INFO - DAG(s) dict_keys(['example_kubernetes_executor']) retrieved from /home/linuxadmin/.local/lib/python3.6/site-packages/airflow/example_dags/example_kubernetes_executor.py
[2021-11-02 15:58:46,593] {logging_mixin.py:109} INFO - [2021-11-02 15:58:46,593] {dag.py:2389} INFO - Sync 1 DAGs
[2021-11-02 15:58:46,622] {logging_mixin.py:109} INFO - [2021-11-02 15:58:46,622] {dag.py:2921} INFO - Setting next_dagrun for example_kubernetes_executor to None
[2021-11-02 15:58:46,633] {processor.py:171} INFO - Processing /home/linuxadmin/.local/lib/python3.6/site-packages/airflow/example_dags/example_kubernetes_executor.py took 0.120 seconds
[2021-11-02 15:58:50,480] {processor.py:163} INFO - Started process (PID=180940) to work on /home/linuxadmin/.local/lib/python3.6/site-packages/airflow/example_dags/example_kubernetes_executor.py
[2021-11-02 15:58:50,481] {processor.py:620} INFO - Processing file /home/linuxadmin/.local/lib/python3.6/site-packages/airflow/example_dags/example_kubernetes_executor.py for tasks to queue
[2021-11-02 15:58:50,482] {logging_mixin.py:109} INFO - [2021-11-02 15:58:50,482] {dagbag.py:500} INFO - Filling up the DagBag from /home/linuxadmin/.local/lib/python3.6/site-packages/airflow/example_dags/example_kubernetes_executor.py
[2021-11-02 15:58:50,518] {processor.py:632} INFO - DAG(s) dict_keys(['example_kubernetes_executor']) retrieved from /home/linuxadmin/.local/lib/python3.6/site-packages/airflow/example_dags/example_kubernetes_executor.py
[2021-11-02 15:58:50,534] {logging_mixin.py:109} INFO - [2021-11-02 15:58:50,534] {dag.py:2389} INFO - Sync 1 DAGs
[2021-11-02 15:58:50,558] {logging_mixin.py:109} INFO - [2021-11-02 15:58:50,558] {dag.py:2921} INFO - Setting next_dagrun for example_kubernetes_executor to None
[2021-11-02 15:58:50,569] {processor.py:171} INFO - Processing /home/linuxadmin/.local/lib/python3.6/site-packages/airflow/example_dags/example_kubernetes_executor.py took 0.094 seconds
[2021-11-02 15:58:54,708] {processor.py:163} INFO - Started process (PID=181061) to work on /home/linuxadmin/.local/lib/python3.6/site-packages/airflow/example_dags/example_kubernetes_executor.py
[2021-11-02 15:58:54,710] {processor.py:620} INFO - Processing file /home/linuxadmin/.local/lib/python3.6/site-packages/airflow/example_dags/example_kubernetes_executor.py for tasks to queue
[2021-11-02 15:58:54,711] {logging_mixin.py:109} INFO - [2021-11-02 15:58:54,711] {dagbag.py:500} INFO - Filling up the DagBag from /home/linuxadmin/.local/lib/python3.6/site-packages/airflow/example_dags/example_kubernetes_executor.py
[2021-11-02 15:58:54,747] {processor.py:632} INFO - DAG(s) dict_keys(['example_kubernetes_executor']) retrieved from /home/linuxadmin/.local/lib/python3.6/site-packages/airflow/example_dags/example_kubernetes_executor.py
[2021-11-02 15:58:54,765] {logging_mixin.py:109} INFO - [2021-11-02 15:58:54,764] {dag.py:2389} INFO - Sync 1 DAGs
[2021-11-02 15:58:54,787] {logging_mixin.py:109} INFO - [2021-11-02 15:58:54,787] {dag.py:2921} INFO - Setting next_dagrun for example_kubernetes_executor to None
[2021-11-02 15:58:54,797] {processor.py:171} INFO - Processing /home/linuxadmin/.local/lib/python3.6/site-packages/airflow/example_dags/example_kubernetes_executor.py took 0.093 seconds
[2021-11-02 15:58:59,438] {processor.py:163} INFO - Started process (PID=181182) to work on /home/linuxadmin/.local/lib/python3.6/site-packages/airflow/example_dags/example_kubernetes_executor.py
[2021-11-02 15:58:59,439] {processor.py:620} INFO - Processing file /home/linuxadmin/.local/lib/python3.6/site-packages/airflow/example_dags/example_kubernetes_executor.py for tasks to queue
[2021-11-02 15:58:59,440] {logging_mixin.py:109} INFO - [2021-11-02 15:58:59,440] {dagbag.py:500} INFO - Filling up the DagBag from /home/linuxadmin/.local/lib/python3.6/site-packages/airflow/example_dags/example_kubernetes_executor.py
[2021-11-02 15:58:59,476] {processor.py:632} INFO - DAG(s) dict_keys(['example_kubernetes_executor']) retrieved from /home/linuxadmin/.local/lib/python3.6/site-packages/airflow/example_dags/example_kubernetes_executor.py
[2021-11-02 15:58:59,490] {logging_mixin.py:109} INFO - [2021-11-02 15:58:59,489] {dag.py:2389} INFO - Sync 1 DAGs
[2021-11-02 15:58:59,513] {logging_mixin.py:109} INFO - [2021-11-02 15:58:59,513] {dag.py:2921} INFO - Setting next_dagrun for example_kubernetes_executor to None
[2021-11-02 15:58:59,531] {processor.py:171} INFO - Processing /home/linuxadmin/.local/lib/python3.6/site-packages/airflow/example_dags/example_kubernetes_executor.py took 0.098 seconds
[2021-11-02 15:59:04,912] {processor.py:163} INFO - Started process (PID=181308) to work on /home/linuxadmin/.local/lib/python3.6/site-packages/airflow/example_dags/example_kubernetes_executor.py
[2021-11-02 15:59:04,914] {processor.py:620} INFO - Processing file /home/linuxadmin/.local/lib/python3.6/site-packages/airflow/example_dags/example_kubernetes_executor.py for tasks to queue
[2021-11-02 15:59:04,915] {logging_mixin.py:109} INFO - [2021-11-02 15:59:04,915] {dagbag.py:500} INFO - Filling up the DagBag from /home/linuxadmin/.local/lib/python3.6/site-packages/airflow/example_dags/example_kubernetes_executor.py
[2021-11-02 15:59:04,959] {processor.py:632} INFO - DAG(s) dict_keys(['example_kubernetes_executor']) retrieved from /home/linuxadmin/.local/lib/python3.6/site-packages/airflow/example_dags/example_kubernetes_executor.py
[2021-11-02 15:59:04,973] {logging_mixin.py:109} INFO - [2021-11-02 15:59:04,973] {dag.py:2389} INFO - Sync 1 DAGs
[2021-11-02 15:59:04,994] {logging_mixin.py:109} INFO - [2021-11-02 15:59:04,994] {dag.py:2921} INFO - Setting next_dagrun for example_kubernetes_executor to None
[2021-11-02 15:59:05,004] {processor.py:171} INFO - Processing /home/linuxadmin/.local/lib/python3.6/site-packages/airflow/example_dags/example_kubernetes_executor.py took 0.098 seconds
[2021-11-02 15:59:09,142] {processor.py:163} INFO - Started process (PID=181428) to work on /home/linuxadmin/.local/lib/python3.6/site-packages/airflow/example_dags/example_kubernetes_executor.py
[2021-11-02 15:59:09,143] {processor.py:620} INFO - Processing file /home/linuxadmin/.local/lib/python3.6/site-packages/airflow/example_dags/example_kubernetes_executor.py for tasks to queue
[2021-11-02 15:59:09,144] {logging_mixin.py:109} INFO - [2021-11-02 15:59:09,144] {dagbag.py:500} INFO - Filling up the DagBag from /home/linuxadmin/.local/lib/python3.6/site-packages/airflow/example_dags/example_kubernetes_executor.py
[2021-11-02 15:59:09,178] {processor.py:632} INFO - DAG(s) dict_keys(['example_kubernetes_executor']) retrieved from /home/linuxadmin/.local/lib/python3.6/site-packages/airflow/example_dags/example_kubernetes_executor.py
[2021-11-02 15:59:09,196] {logging_mixin.py:109} INFO - [2021-11-02 15:59:09,196] {dag.py:2389} INFO - Sync 1 DAGs
[2021-11-02 15:59:09,218] {logging_mixin.py:109} INFO - [2021-11-02 15:59:09,217] {dag.py:2921} INFO - Setting next_dagrun for example_kubernetes_executor to None
[2021-11-02 15:59:09,228] {processor.py:171} INFO - Processing /home/linuxadmin/.local/lib/python3.6/site-packages/airflow/example_dags/example_kubernetes_executor.py took 0.090 seconds
[2021-11-02 15:59:13,715] {processor.py:163} INFO - Started process (PID=181551) to work on /home/linuxadmin/.local/lib/python3.6/site-packages/airflow/example_dags/example_kubernetes_executor.py
[2021-11-02 15:59:13,717] {processor.py:620} INFO - Processing file /home/linuxadmin/.local/lib/python3.6/site-packages/airflow/example_dags/example_kubernetes_executor.py for tasks to queue
[2021-11-02 15:59:13,717] {logging_mixin.py:109} INFO - [2021-11-02 15:59:13,717] {dagbag.py:500} INFO - Filling up the DagBag from /home/linuxadmin/.local/lib/python3.6/site-packages/airflow/example_dags/example_kubernetes_executor.py
[2021-11-02 15:59:13,765] {processor.py:632} INFO - DAG(s) dict_keys(['example_kubernetes_executor']) retrieved from /home/linuxadmin/.local/lib/python3.6/site-packages/airflow/example_dags/example_kubernetes_executor.py
[2021-11-02 15:59:13,782] {logging_mixin.py:109} INFO - [2021-11-02 15:59:13,782] {dag.py:2389} INFO - Sync 1 DAGs
[2021-11-02 15:59:13,806] {logging_mixin.py:109} INFO - [2021-11-02 15:59:13,806] {dag.py:2921} INFO - Setting next_dagrun for example_kubernetes_executor to None
[2021-11-02 15:59:13,825] {processor.py:171} INFO - Processing /home/linuxadmin/.local/lib/python3.6/site-packages/airflow/example_dags/example_kubernetes_executor.py took 0.114 seconds
