[2021-11-02 15:55:20,005] {processor.py:163} INFO - Started process (PID=175273) to work on /home/linuxadmin/.local/lib/python3.6/site-packages/airflow/example_dags/example_branch_day_of_week_operator.py
[2021-11-02 15:55:20,006] {processor.py:620} INFO - Processing file /home/linuxadmin/.local/lib/python3.6/site-packages/airflow/example_dags/example_branch_day_of_week_operator.py for tasks to queue
[2021-11-02 15:55:20,007] {logging_mixin.py:109} INFO - [2021-11-02 15:55:20,007] {dagbag.py:500} INFO - Filling up the DagBag from /home/linuxadmin/.local/lib/python3.6/site-packages/airflow/example_dags/example_branch_day_of_week_operator.py
[2021-11-02 15:55:20,053] {processor.py:632} INFO - DAG(s) dict_keys(['example_weekday_branch_operator']) retrieved from /home/linuxadmin/.local/lib/python3.6/site-packages/airflow/example_dags/example_branch_day_of_week_operator.py
[2021-11-02 15:55:20,065] {logging_mixin.py:109} INFO - [2021-11-02 15:55:20,065] {dag.py:2389} INFO - Sync 1 DAGs
[2021-11-02 15:55:20,094] {logging_mixin.py:109} INFO - [2021-11-02 15:55:20,093] {dag.py:2921} INFO - Setting next_dagrun for example_weekday_branch_operator to 2021-11-01 00:00:00+00:00
[2021-11-02 15:55:20,105] {processor.py:171} INFO - Processing /home/linuxadmin/.local/lib/python3.6/site-packages/airflow/example_dags/example_branch_day_of_week_operator.py took 0.105 seconds
[2021-11-02 15:55:24,607] {processor.py:163} INFO - Started process (PID=175398) to work on /home/linuxadmin/.local/lib/python3.6/site-packages/airflow/example_dags/example_branch_day_of_week_operator.py
[2021-11-02 15:55:24,609] {processor.py:620} INFO - Processing file /home/linuxadmin/.local/lib/python3.6/site-packages/airflow/example_dags/example_branch_day_of_week_operator.py for tasks to queue
[2021-11-02 15:55:24,609] {logging_mixin.py:109} INFO - [2021-11-02 15:55:24,609] {dagbag.py:500} INFO - Filling up the DagBag from /home/linuxadmin/.local/lib/python3.6/site-packages/airflow/example_dags/example_branch_day_of_week_operator.py
[2021-11-02 15:55:24,647] {processor.py:632} INFO - DAG(s) dict_keys(['example_weekday_branch_operator']) retrieved from /home/linuxadmin/.local/lib/python3.6/site-packages/airflow/example_dags/example_branch_day_of_week_operator.py
[2021-11-02 15:55:24,661] {logging_mixin.py:109} INFO - [2021-11-02 15:55:24,660] {dag.py:2389} INFO - Sync 1 DAGs
[2021-11-02 15:55:24,693] {logging_mixin.py:109} INFO - [2021-11-02 15:55:24,693] {dag.py:2921} INFO - Setting next_dagrun for example_weekday_branch_operator to 2021-11-01 00:00:00+00:00
[2021-11-02 15:55:24,707] {processor.py:171} INFO - Processing /home/linuxadmin/.local/lib/python3.6/site-packages/airflow/example_dags/example_branch_day_of_week_operator.py took 0.104 seconds
[2021-11-02 15:55:28,810] {processor.py:163} INFO - Started process (PID=175517) to work on /home/linuxadmin/.local/lib/python3.6/site-packages/airflow/example_dags/example_branch_day_of_week_operator.py
[2021-11-02 15:55:28,812] {processor.py:620} INFO - Processing file /home/linuxadmin/.local/lib/python3.6/site-packages/airflow/example_dags/example_branch_day_of_week_operator.py for tasks to queue
[2021-11-02 15:55:28,813] {logging_mixin.py:109} INFO - [2021-11-02 15:55:28,813] {dagbag.py:500} INFO - Filling up the DagBag from /home/linuxadmin/.local/lib/python3.6/site-packages/airflow/example_dags/example_branch_day_of_week_operator.py
[2021-11-02 15:55:28,859] {processor.py:632} INFO - DAG(s) dict_keys(['example_weekday_branch_operator']) retrieved from /home/linuxadmin/.local/lib/python3.6/site-packages/airflow/example_dags/example_branch_day_of_week_operator.py
[2021-11-02 15:55:28,877] {logging_mixin.py:109} INFO - [2021-11-02 15:55:28,877] {dag.py:2389} INFO - Sync 1 DAGs
[2021-11-02 15:55:28,912] {logging_mixin.py:109} INFO - [2021-11-02 15:55:28,912] {dag.py:2921} INFO - Setting next_dagrun for example_weekday_branch_operator to 2021-11-01 00:00:00+00:00
[2021-11-02 15:55:28,926] {processor.py:171} INFO - Processing /home/linuxadmin/.local/lib/python3.6/site-packages/airflow/example_dags/example_branch_day_of_week_operator.py took 0.120 seconds
[2021-11-02 15:55:33,350] {processor.py:163} INFO - Started process (PID=175639) to work on /home/linuxadmin/.local/lib/python3.6/site-packages/airflow/example_dags/example_branch_day_of_week_operator.py
[2021-11-02 15:55:33,351] {processor.py:620} INFO - Processing file /home/linuxadmin/.local/lib/python3.6/site-packages/airflow/example_dags/example_branch_day_of_week_operator.py for tasks to queue
[2021-11-02 15:55:33,351] {logging_mixin.py:109} INFO - [2021-11-02 15:55:33,351] {dagbag.py:500} INFO - Filling up the DagBag from /home/linuxadmin/.local/lib/python3.6/site-packages/airflow/example_dags/example_branch_day_of_week_operator.py
[2021-11-02 15:55:33,387] {processor.py:632} INFO - DAG(s) dict_keys(['example_weekday_branch_operator']) retrieved from /home/linuxadmin/.local/lib/python3.6/site-packages/airflow/example_dags/example_branch_day_of_week_operator.py
[2021-11-02 15:55:33,399] {logging_mixin.py:109} INFO - [2021-11-02 15:55:33,399] {dag.py:2389} INFO - Sync 1 DAGs
[2021-11-02 15:55:33,424] {logging_mixin.py:109} INFO - [2021-11-02 15:55:33,424] {dag.py:2921} INFO - Setting next_dagrun for example_weekday_branch_operator to 2021-11-01 00:00:00+00:00
[2021-11-02 15:55:33,434] {processor.py:171} INFO - Processing /home/linuxadmin/.local/lib/python3.6/site-packages/airflow/example_dags/example_branch_day_of_week_operator.py took 0.089 seconds
[2021-11-02 15:55:38,040] {processor.py:163} INFO - Started process (PID=175758) to work on /home/linuxadmin/.local/lib/python3.6/site-packages/airflow/example_dags/example_branch_day_of_week_operator.py
[2021-11-02 15:55:38,042] {processor.py:620} INFO - Processing file /home/linuxadmin/.local/lib/python3.6/site-packages/airflow/example_dags/example_branch_day_of_week_operator.py for tasks to queue
[2021-11-02 15:55:38,043] {logging_mixin.py:109} INFO - [2021-11-02 15:55:38,043] {dagbag.py:500} INFO - Filling up the DagBag from /home/linuxadmin/.local/lib/python3.6/site-packages/airflow/example_dags/example_branch_day_of_week_operator.py
[2021-11-02 15:55:38,092] {processor.py:632} INFO - DAG(s) dict_keys(['example_weekday_branch_operator']) retrieved from /home/linuxadmin/.local/lib/python3.6/site-packages/airflow/example_dags/example_branch_day_of_week_operator.py
[2021-11-02 15:55:38,105] {logging_mixin.py:109} INFO - [2021-11-02 15:55:38,105] {dag.py:2389} INFO - Sync 1 DAGs
[2021-11-02 15:55:38,140] {logging_mixin.py:109} INFO - [2021-11-02 15:55:38,139] {dag.py:2921} INFO - Setting next_dagrun for example_weekday_branch_operator to 2021-11-01 00:00:00+00:00
[2021-11-02 15:55:38,154] {processor.py:171} INFO - Processing /home/linuxadmin/.local/lib/python3.6/site-packages/airflow/example_dags/example_branch_day_of_week_operator.py took 0.120 seconds
[2021-11-02 15:55:42,319] {processor.py:163} INFO - Started process (PID=175882) to work on /home/linuxadmin/.local/lib/python3.6/site-packages/airflow/example_dags/example_branch_day_of_week_operator.py
[2021-11-02 15:55:42,321] {processor.py:620} INFO - Processing file /home/linuxadmin/.local/lib/python3.6/site-packages/airflow/example_dags/example_branch_day_of_week_operator.py for tasks to queue
[2021-11-02 15:55:42,322] {logging_mixin.py:109} INFO - [2021-11-02 15:55:42,321] {dagbag.py:500} INFO - Filling up the DagBag from /home/linuxadmin/.local/lib/python3.6/site-packages/airflow/example_dags/example_branch_day_of_week_operator.py
[2021-11-02 15:55:42,360] {processor.py:632} INFO - DAG(s) dict_keys(['example_weekday_branch_operator']) retrieved from /home/linuxadmin/.local/lib/python3.6/site-packages/airflow/example_dags/example_branch_day_of_week_operator.py
[2021-11-02 15:55:42,373] {logging_mixin.py:109} INFO - [2021-11-02 15:55:42,373] {dag.py:2389} INFO - Sync 1 DAGs
[2021-11-02 15:55:42,400] {logging_mixin.py:109} INFO - [2021-11-02 15:55:42,400] {dag.py:2921} INFO - Setting next_dagrun for example_weekday_branch_operator to 2021-11-01 00:00:00+00:00
[2021-11-02 15:55:42,414] {processor.py:171} INFO - Processing /home/linuxadmin/.local/lib/python3.6/site-packages/airflow/example_dags/example_branch_day_of_week_operator.py took 0.099 seconds
[2021-11-02 15:55:46,185] {processor.py:163} INFO - Started process (PID=176000) to work on /home/linuxadmin/.local/lib/python3.6/site-packages/airflow/example_dags/example_branch_day_of_week_operator.py
[2021-11-02 15:55:46,187] {processor.py:620} INFO - Processing file /home/linuxadmin/.local/lib/python3.6/site-packages/airflow/example_dags/example_branch_day_of_week_operator.py for tasks to queue
[2021-11-02 15:55:46,187] {logging_mixin.py:109} INFO - [2021-11-02 15:55:46,187] {dagbag.py:500} INFO - Filling up the DagBag from /home/linuxadmin/.local/lib/python3.6/site-packages/airflow/example_dags/example_branch_day_of_week_operator.py
[2021-11-02 15:55:46,225] {processor.py:632} INFO - DAG(s) dict_keys(['example_weekday_branch_operator']) retrieved from /home/linuxadmin/.local/lib/python3.6/site-packages/airflow/example_dags/example_branch_day_of_week_operator.py
[2021-11-02 15:55:46,239] {logging_mixin.py:109} INFO - [2021-11-02 15:55:46,239] {dag.py:2389} INFO - Sync 1 DAGs
[2021-11-02 15:55:46,265] {logging_mixin.py:109} INFO - [2021-11-02 15:55:46,265] {dag.py:2921} INFO - Setting next_dagrun for example_weekday_branch_operator to 2021-11-01 00:00:00+00:00
[2021-11-02 15:55:46,276] {processor.py:171} INFO - Processing /home/linuxadmin/.local/lib/python3.6/site-packages/airflow/example_dags/example_branch_day_of_week_operator.py took 0.099 seconds
[2021-11-02 15:55:51,455] {processor.py:163} INFO - Started process (PID=176125) to work on /home/linuxadmin/.local/lib/python3.6/site-packages/airflow/example_dags/example_branch_day_of_week_operator.py
[2021-11-02 15:55:51,457] {processor.py:620} INFO - Processing file /home/linuxadmin/.local/lib/python3.6/site-packages/airflow/example_dags/example_branch_day_of_week_operator.py for tasks to queue
[2021-11-02 15:55:51,457] {logging_mixin.py:109} INFO - [2021-11-02 15:55:51,457] {dagbag.py:500} INFO - Filling up the DagBag from /home/linuxadmin/.local/lib/python3.6/site-packages/airflow/example_dags/example_branch_day_of_week_operator.py
[2021-11-02 15:55:51,491] {processor.py:632} INFO - DAG(s) dict_keys(['example_weekday_branch_operator']) retrieved from /home/linuxadmin/.local/lib/python3.6/site-packages/airflow/example_dags/example_branch_day_of_week_operator.py
[2021-11-02 15:55:51,508] {logging_mixin.py:109} INFO - [2021-11-02 15:55:51,508] {dag.py:2389} INFO - Sync 1 DAGs
[2021-11-02 15:55:51,538] {logging_mixin.py:109} INFO - [2021-11-02 15:55:51,537] {dag.py:2921} INFO - Setting next_dagrun for example_weekday_branch_operator to 2021-11-01 00:00:00+00:00
[2021-11-02 15:55:51,550] {processor.py:171} INFO - Processing /home/linuxadmin/.local/lib/python3.6/site-packages/airflow/example_dags/example_branch_day_of_week_operator.py took 0.099 seconds
[2021-11-02 15:55:55,676] {processor.py:163} INFO - Started process (PID=176243) to work on /home/linuxadmin/.local/lib/python3.6/site-packages/airflow/example_dags/example_branch_day_of_week_operator.py
[2021-11-02 15:55:55,680] {processor.py:620} INFO - Processing file /home/linuxadmin/.local/lib/python3.6/site-packages/airflow/example_dags/example_branch_day_of_week_operator.py for tasks to queue
[2021-11-02 15:55:55,681] {logging_mixin.py:109} INFO - [2021-11-02 15:55:55,681] {dagbag.py:500} INFO - Filling up the DagBag from /home/linuxadmin/.local/lib/python3.6/site-packages/airflow/example_dags/example_branch_day_of_week_operator.py
[2021-11-02 15:55:55,723] {processor.py:632} INFO - DAG(s) dict_keys(['example_weekday_branch_operator']) retrieved from /home/linuxadmin/.local/lib/python3.6/site-packages/airflow/example_dags/example_branch_day_of_week_operator.py
[2021-11-02 15:55:55,738] {logging_mixin.py:109} INFO - [2021-11-02 15:55:55,738] {dag.py:2389} INFO - Sync 1 DAGs
[2021-11-02 15:55:55,769] {logging_mixin.py:109} INFO - [2021-11-02 15:55:55,769] {dag.py:2921} INFO - Setting next_dagrun for example_weekday_branch_operator to 2021-11-01 00:00:00+00:00
[2021-11-02 15:55:55,782] {processor.py:171} INFO - Processing /home/linuxadmin/.local/lib/python3.6/site-packages/airflow/example_dags/example_branch_day_of_week_operator.py took 0.111 seconds
[2021-11-02 15:56:00,574] {processor.py:163} INFO - Started process (PID=176366) to work on /home/linuxadmin/.local/lib/python3.6/site-packages/airflow/example_dags/example_branch_day_of_week_operator.py
[2021-11-02 15:56:00,575] {processor.py:620} INFO - Processing file /home/linuxadmin/.local/lib/python3.6/site-packages/airflow/example_dags/example_branch_day_of_week_operator.py for tasks to queue
[2021-11-02 15:56:00,576] {logging_mixin.py:109} INFO - [2021-11-02 15:56:00,576] {dagbag.py:500} INFO - Filling up the DagBag from /home/linuxadmin/.local/lib/python3.6/site-packages/airflow/example_dags/example_branch_day_of_week_operator.py
[2021-11-02 15:56:00,611] {processor.py:632} INFO - DAG(s) dict_keys(['example_weekday_branch_operator']) retrieved from /home/linuxadmin/.local/lib/python3.6/site-packages/airflow/example_dags/example_branch_day_of_week_operator.py
[2021-11-02 15:56:00,625] {logging_mixin.py:109} INFO - [2021-11-02 15:56:00,625] {dag.py:2389} INFO - Sync 1 DAGs
[2021-11-02 15:56:00,648] {logging_mixin.py:109} INFO - [2021-11-02 15:56:00,648] {dag.py:2921} INFO - Setting next_dagrun for example_weekday_branch_operator to 2021-11-01 00:00:00+00:00
[2021-11-02 15:56:00,660] {processor.py:171} INFO - Processing /home/linuxadmin/.local/lib/python3.6/site-packages/airflow/example_dags/example_branch_day_of_week_operator.py took 0.090 seconds
[2021-11-02 15:56:04,781] {processor.py:163} INFO - Started process (PID=176485) to work on /home/linuxadmin/.local/lib/python3.6/site-packages/airflow/example_dags/example_branch_day_of_week_operator.py
[2021-11-02 15:56:04,783] {processor.py:620} INFO - Processing file /home/linuxadmin/.local/lib/python3.6/site-packages/airflow/example_dags/example_branch_day_of_week_operator.py for tasks to queue
[2021-11-02 15:56:04,784] {logging_mixin.py:109} INFO - [2021-11-02 15:56:04,784] {dagbag.py:500} INFO - Filling up the DagBag from /home/linuxadmin/.local/lib/python3.6/site-packages/airflow/example_dags/example_branch_day_of_week_operator.py
[2021-11-02 15:56:04,824] {processor.py:632} INFO - DAG(s) dict_keys(['example_weekday_branch_operator']) retrieved from /home/linuxadmin/.local/lib/python3.6/site-packages/airflow/example_dags/example_branch_day_of_week_operator.py
[2021-11-02 15:56:04,840] {logging_mixin.py:109} INFO - [2021-11-02 15:56:04,840] {dag.py:2389} INFO - Sync 1 DAGs
[2021-11-02 15:56:04,869] {logging_mixin.py:109} INFO - [2021-11-02 15:56:04,869] {dag.py:2921} INFO - Setting next_dagrun for example_weekday_branch_operator to 2021-11-01 00:00:00+00:00
[2021-11-02 15:56:04,883] {processor.py:171} INFO - Processing /home/linuxadmin/.local/lib/python3.6/site-packages/airflow/example_dags/example_branch_day_of_week_operator.py took 0.106 seconds
[2021-11-02 15:56:09,794] {processor.py:163} INFO - Started process (PID=176607) to work on /home/linuxadmin/.local/lib/python3.6/site-packages/airflow/example_dags/example_branch_day_of_week_operator.py
[2021-11-02 15:56:09,796] {processor.py:620} INFO - Processing file /home/linuxadmin/.local/lib/python3.6/site-packages/airflow/example_dags/example_branch_day_of_week_operator.py for tasks to queue
[2021-11-02 15:56:09,796] {logging_mixin.py:109} INFO - [2021-11-02 15:56:09,796] {dagbag.py:500} INFO - Filling up the DagBag from /home/linuxadmin/.local/lib/python3.6/site-packages/airflow/example_dags/example_branch_day_of_week_operator.py
[2021-11-02 15:56:09,834] {processor.py:632} INFO - DAG(s) dict_keys(['example_weekday_branch_operator']) retrieved from /home/linuxadmin/.local/lib/python3.6/site-packages/airflow/example_dags/example_branch_day_of_week_operator.py
[2021-11-02 15:56:09,849] {logging_mixin.py:109} INFO - [2021-11-02 15:56:09,849] {dag.py:2389} INFO - Sync 1 DAGs
[2021-11-02 15:56:09,879] {logging_mixin.py:109} INFO - [2021-11-02 15:56:09,879] {dag.py:2921} INFO - Setting next_dagrun for example_weekday_branch_operator to 2021-11-01 00:00:00+00:00
[2021-11-02 15:56:09,892] {processor.py:171} INFO - Processing /home/linuxadmin/.local/lib/python3.6/site-packages/airflow/example_dags/example_branch_day_of_week_operator.py took 0.104 seconds
[2021-11-02 15:56:14,411] {processor.py:163} INFO - Started process (PID=176733) to work on /home/linuxadmin/.local/lib/python3.6/site-packages/airflow/example_dags/example_branch_day_of_week_operator.py
[2021-11-02 15:56:14,412] {processor.py:620} INFO - Processing file /home/linuxadmin/.local/lib/python3.6/site-packages/airflow/example_dags/example_branch_day_of_week_operator.py for tasks to queue
[2021-11-02 15:56:14,413] {logging_mixin.py:109} INFO - [2021-11-02 15:56:14,413] {dagbag.py:500} INFO - Filling up the DagBag from /home/linuxadmin/.local/lib/python3.6/site-packages/airflow/example_dags/example_branch_day_of_week_operator.py
[2021-11-02 15:56:14,452] {processor.py:632} INFO - DAG(s) dict_keys(['example_weekday_branch_operator']) retrieved from /home/linuxadmin/.local/lib/python3.6/site-packages/airflow/example_dags/example_branch_day_of_week_operator.py
[2021-11-02 15:56:14,463] {logging_mixin.py:109} INFO - [2021-11-02 15:56:14,463] {dag.py:2389} INFO - Sync 1 DAGs
[2021-11-02 15:56:14,490] {logging_mixin.py:109} INFO - [2021-11-02 15:56:14,490] {dag.py:2921} INFO - Setting next_dagrun for example_weekday_branch_operator to 2021-11-01 00:00:00+00:00
[2021-11-02 15:56:14,506] {processor.py:171} INFO - Processing /home/linuxadmin/.local/lib/python3.6/site-packages/airflow/example_dags/example_branch_day_of_week_operator.py took 0.099 seconds
[2021-11-02 15:56:18,588] {processor.py:163} INFO - Started process (PID=176851) to work on /home/linuxadmin/.local/lib/python3.6/site-packages/airflow/example_dags/example_branch_day_of_week_operator.py
[2021-11-02 15:56:18,589] {processor.py:620} INFO - Processing file /home/linuxadmin/.local/lib/python3.6/site-packages/airflow/example_dags/example_branch_day_of_week_operator.py for tasks to queue
[2021-11-02 15:56:18,590] {logging_mixin.py:109} INFO - [2021-11-02 15:56:18,590] {dagbag.py:500} INFO - Filling up the DagBag from /home/linuxadmin/.local/lib/python3.6/site-packages/airflow/example_dags/example_branch_day_of_week_operator.py
[2021-11-02 15:56:18,634] {processor.py:632} INFO - DAG(s) dict_keys(['example_weekday_branch_operator']) retrieved from /home/linuxadmin/.local/lib/python3.6/site-packages/airflow/example_dags/example_branch_day_of_week_operator.py
[2021-11-02 15:56:18,650] {logging_mixin.py:109} INFO - [2021-11-02 15:56:18,650] {dag.py:2389} INFO - Sync 1 DAGs
[2021-11-02 15:56:18,678] {logging_mixin.py:109} INFO - [2021-11-02 15:56:18,678] {dag.py:2921} INFO - Setting next_dagrun for example_weekday_branch_operator to 2021-11-01 00:00:00+00:00
[2021-11-02 15:56:18,688] {processor.py:171} INFO - Processing /home/linuxadmin/.local/lib/python3.6/site-packages/airflow/example_dags/example_branch_day_of_week_operator.py took 0.106 seconds
[2021-11-02 15:56:23,927] {processor.py:163} INFO - Started process (PID=176975) to work on /home/linuxadmin/.local/lib/python3.6/site-packages/airflow/example_dags/example_branch_day_of_week_operator.py
[2021-11-02 15:56:23,928] {processor.py:620} INFO - Processing file /home/linuxadmin/.local/lib/python3.6/site-packages/airflow/example_dags/example_branch_day_of_week_operator.py for tasks to queue
[2021-11-02 15:56:23,929] {logging_mixin.py:109} INFO - [2021-11-02 15:56:23,929] {dagbag.py:500} INFO - Filling up the DagBag from /home/linuxadmin/.local/lib/python3.6/site-packages/airflow/example_dags/example_branch_day_of_week_operator.py
[2021-11-02 15:56:23,969] {processor.py:632} INFO - DAG(s) dict_keys(['example_weekday_branch_operator']) retrieved from /home/linuxadmin/.local/lib/python3.6/site-packages/airflow/example_dags/example_branch_day_of_week_operator.py
[2021-11-02 15:56:23,982] {logging_mixin.py:109} INFO - [2021-11-02 15:56:23,982] {dag.py:2389} INFO - Sync 1 DAGs
[2021-11-02 15:56:24,007] {logging_mixin.py:109} INFO - [2021-11-02 15:56:24,007] {dag.py:2921} INFO - Setting next_dagrun for example_weekday_branch_operator to 2021-11-01 00:00:00+00:00
[2021-11-02 15:56:24,021] {processor.py:171} INFO - Processing /home/linuxadmin/.local/lib/python3.6/site-packages/airflow/example_dags/example_branch_day_of_week_operator.py took 0.100 seconds
[2021-11-02 15:56:28,072] {processor.py:163} INFO - Started process (PID=177091) to work on /home/linuxadmin/.local/lib/python3.6/site-packages/airflow/example_dags/example_branch_day_of_week_operator.py
[2021-11-02 15:56:28,073] {processor.py:620} INFO - Processing file /home/linuxadmin/.local/lib/python3.6/site-packages/airflow/example_dags/example_branch_day_of_week_operator.py for tasks to queue
[2021-11-02 15:56:28,074] {logging_mixin.py:109} INFO - [2021-11-02 15:56:28,074] {dagbag.py:500} INFO - Filling up the DagBag from /home/linuxadmin/.local/lib/python3.6/site-packages/airflow/example_dags/example_branch_day_of_week_operator.py
[2021-11-02 15:56:28,114] {processor.py:632} INFO - DAG(s) dict_keys(['example_weekday_branch_operator']) retrieved from /home/linuxadmin/.local/lib/python3.6/site-packages/airflow/example_dags/example_branch_day_of_week_operator.py
[2021-11-02 15:56:28,128] {logging_mixin.py:109} INFO - [2021-11-02 15:56:28,128] {dag.py:2389} INFO - Sync 1 DAGs
[2021-11-02 15:56:28,156] {logging_mixin.py:109} INFO - [2021-11-02 15:56:28,155] {dag.py:2921} INFO - Setting next_dagrun for example_weekday_branch_operator to 2021-11-01 00:00:00+00:00
[2021-11-02 15:56:28,170] {processor.py:171} INFO - Processing /home/linuxadmin/.local/lib/python3.6/site-packages/airflow/example_dags/example_branch_day_of_week_operator.py took 0.106 seconds
[2021-11-02 15:56:32,579] {processor.py:163} INFO - Started process (PID=177214) to work on /home/linuxadmin/.local/lib/python3.6/site-packages/airflow/example_dags/example_branch_day_of_week_operator.py
[2021-11-02 15:56:32,584] {processor.py:620} INFO - Processing file /home/linuxadmin/.local/lib/python3.6/site-packages/airflow/example_dags/example_branch_day_of_week_operator.py for tasks to queue
[2021-11-02 15:56:32,585] {logging_mixin.py:109} INFO - [2021-11-02 15:56:32,584] {dagbag.py:500} INFO - Filling up the DagBag from /home/linuxadmin/.local/lib/python3.6/site-packages/airflow/example_dags/example_branch_day_of_week_operator.py
[2021-11-02 15:56:32,625] {processor.py:632} INFO - DAG(s) dict_keys(['example_weekday_branch_operator']) retrieved from /home/linuxadmin/.local/lib/python3.6/site-packages/airflow/example_dags/example_branch_day_of_week_operator.py
[2021-11-02 15:56:32,637] {logging_mixin.py:109} INFO - [2021-11-02 15:56:32,637] {dag.py:2389} INFO - Sync 1 DAGs
[2021-11-02 15:56:32,662] {logging_mixin.py:109} INFO - [2021-11-02 15:56:32,662] {dag.py:2921} INFO - Setting next_dagrun for example_weekday_branch_operator to 2021-11-01 00:00:00+00:00
[2021-11-02 15:56:32,673] {processor.py:171} INFO - Processing /home/linuxadmin/.local/lib/python3.6/site-packages/airflow/example_dags/example_branch_day_of_week_operator.py took 0.101 seconds
[2021-11-02 15:56:36,449] {processor.py:163} INFO - Started process (PID=177335) to work on /home/linuxadmin/.local/lib/python3.6/site-packages/airflow/example_dags/example_branch_day_of_week_operator.py
[2021-11-02 15:56:36,451] {processor.py:620} INFO - Processing file /home/linuxadmin/.local/lib/python3.6/site-packages/airflow/example_dags/example_branch_day_of_week_operator.py for tasks to queue
[2021-11-02 15:56:36,451] {logging_mixin.py:109} INFO - [2021-11-02 15:56:36,451] {dagbag.py:500} INFO - Filling up the DagBag from /home/linuxadmin/.local/lib/python3.6/site-packages/airflow/example_dags/example_branch_day_of_week_operator.py
[2021-11-02 15:56:36,489] {processor.py:632} INFO - DAG(s) dict_keys(['example_weekday_branch_operator']) retrieved from /home/linuxadmin/.local/lib/python3.6/site-packages/airflow/example_dags/example_branch_day_of_week_operator.py
[2021-11-02 15:56:36,508] {logging_mixin.py:109} INFO - [2021-11-02 15:56:36,507] {dag.py:2389} INFO - Sync 1 DAGs
[2021-11-02 15:56:36,540] {logging_mixin.py:109} INFO - [2021-11-02 15:56:36,540] {dag.py:2921} INFO - Setting next_dagrun for example_weekday_branch_operator to 2021-11-01 00:00:00+00:00
[2021-11-02 15:56:36,553] {processor.py:171} INFO - Processing /home/linuxadmin/.local/lib/python3.6/site-packages/airflow/example_dags/example_branch_day_of_week_operator.py took 0.109 seconds
[2021-11-02 15:56:40,874] {processor.py:163} INFO - Started process (PID=177456) to work on /home/linuxadmin/.local/lib/python3.6/site-packages/airflow/example_dags/example_branch_day_of_week_operator.py
[2021-11-02 15:56:40,876] {processor.py:620} INFO - Processing file /home/linuxadmin/.local/lib/python3.6/site-packages/airflow/example_dags/example_branch_day_of_week_operator.py for tasks to queue
[2021-11-02 15:56:40,877] {logging_mixin.py:109} INFO - [2021-11-02 15:56:40,877] {dagbag.py:500} INFO - Filling up the DagBag from /home/linuxadmin/.local/lib/python3.6/site-packages/airflow/example_dags/example_branch_day_of_week_operator.py
[2021-11-02 15:56:40,924] {processor.py:632} INFO - DAG(s) dict_keys(['example_weekday_branch_operator']) retrieved from /home/linuxadmin/.local/lib/python3.6/site-packages/airflow/example_dags/example_branch_day_of_week_operator.py
[2021-11-02 15:56:40,944] {logging_mixin.py:109} INFO - [2021-11-02 15:56:40,944] {dag.py:2389} INFO - Sync 1 DAGs
[2021-11-02 15:56:40,979] {logging_mixin.py:109} INFO - [2021-11-02 15:56:40,978] {dag.py:2921} INFO - Setting next_dagrun for example_weekday_branch_operator to 2021-11-01 00:00:00+00:00
[2021-11-02 15:56:40,994] {processor.py:171} INFO - Processing /home/linuxadmin/.local/lib/python3.6/site-packages/airflow/example_dags/example_branch_day_of_week_operator.py took 0.126 seconds
[2021-11-02 15:56:44,845] {processor.py:163} INFO - Started process (PID=177576) to work on /home/linuxadmin/.local/lib/python3.6/site-packages/airflow/example_dags/example_branch_day_of_week_operator.py
[2021-11-02 15:56:44,846] {processor.py:620} INFO - Processing file /home/linuxadmin/.local/lib/python3.6/site-packages/airflow/example_dags/example_branch_day_of_week_operator.py for tasks to queue
[2021-11-02 15:56:44,847] {logging_mixin.py:109} INFO - [2021-11-02 15:56:44,846] {dagbag.py:500} INFO - Filling up the DagBag from /home/linuxadmin/.local/lib/python3.6/site-packages/airflow/example_dags/example_branch_day_of_week_operator.py
[2021-11-02 15:56:44,884] {processor.py:632} INFO - DAG(s) dict_keys(['example_weekday_branch_operator']) retrieved from /home/linuxadmin/.local/lib/python3.6/site-packages/airflow/example_dags/example_branch_day_of_week_operator.py
[2021-11-02 15:56:44,898] {logging_mixin.py:109} INFO - [2021-11-02 15:56:44,898] {dag.py:2389} INFO - Sync 1 DAGs
[2021-11-02 15:56:44,930] {logging_mixin.py:109} INFO - [2021-11-02 15:56:44,929] {dag.py:2921} INFO - Setting next_dagrun for example_weekday_branch_operator to 2021-11-01 00:00:00+00:00
[2021-11-02 15:56:44,946] {processor.py:171} INFO - Processing /home/linuxadmin/.local/lib/python3.6/site-packages/airflow/example_dags/example_branch_day_of_week_operator.py took 0.106 seconds
[2021-11-02 15:56:49,310] {processor.py:163} INFO - Started process (PID=177699) to work on /home/linuxadmin/.local/lib/python3.6/site-packages/airflow/example_dags/example_branch_day_of_week_operator.py
[2021-11-02 15:56:49,311] {processor.py:620} INFO - Processing file /home/linuxadmin/.local/lib/python3.6/site-packages/airflow/example_dags/example_branch_day_of_week_operator.py for tasks to queue
[2021-11-02 15:56:49,312] {logging_mixin.py:109} INFO - [2021-11-02 15:56:49,312] {dagbag.py:500} INFO - Filling up the DagBag from /home/linuxadmin/.local/lib/python3.6/site-packages/airflow/example_dags/example_branch_day_of_week_operator.py
[2021-11-02 15:56:49,344] {processor.py:632} INFO - DAG(s) dict_keys(['example_weekday_branch_operator']) retrieved from /home/linuxadmin/.local/lib/python3.6/site-packages/airflow/example_dags/example_branch_day_of_week_operator.py
[2021-11-02 15:56:49,355] {logging_mixin.py:109} INFO - [2021-11-02 15:56:49,355] {dag.py:2389} INFO - Sync 1 DAGs
[2021-11-02 15:56:49,380] {logging_mixin.py:109} INFO - [2021-11-02 15:56:49,380] {dag.py:2921} INFO - Setting next_dagrun for example_weekday_branch_operator to 2021-11-01 00:00:00+00:00
[2021-11-02 15:56:49,393] {processor.py:171} INFO - Processing /home/linuxadmin/.local/lib/python3.6/site-packages/airflow/example_dags/example_branch_day_of_week_operator.py took 0.087 seconds
[2021-11-02 15:56:54,300] {processor.py:163} INFO - Started process (PID=177820) to work on /home/linuxadmin/.local/lib/python3.6/site-packages/airflow/example_dags/example_branch_day_of_week_operator.py
[2021-11-02 15:56:54,301] {processor.py:620} INFO - Processing file /home/linuxadmin/.local/lib/python3.6/site-packages/airflow/example_dags/example_branch_day_of_week_operator.py for tasks to queue
[2021-11-02 15:56:54,302] {logging_mixin.py:109} INFO - [2021-11-02 15:56:54,302] {dagbag.py:500} INFO - Filling up the DagBag from /home/linuxadmin/.local/lib/python3.6/site-packages/airflow/example_dags/example_branch_day_of_week_operator.py
[2021-11-02 15:56:54,338] {processor.py:632} INFO - DAG(s) dict_keys(['example_weekday_branch_operator']) retrieved from /home/linuxadmin/.local/lib/python3.6/site-packages/airflow/example_dags/example_branch_day_of_week_operator.py
[2021-11-02 15:56:54,357] {logging_mixin.py:109} INFO - [2021-11-02 15:56:54,356] {dag.py:2389} INFO - Sync 1 DAGs
[2021-11-02 15:56:54,391] {logging_mixin.py:109} INFO - [2021-11-02 15:56:54,390] {dag.py:2921} INFO - Setting next_dagrun for example_weekday_branch_operator to 2021-11-01 00:00:00+00:00
[2021-11-02 15:56:54,406] {processor.py:171} INFO - Processing /home/linuxadmin/.local/lib/python3.6/site-packages/airflow/example_dags/example_branch_day_of_week_operator.py took 0.111 seconds
[2021-11-02 15:56:59,028] {processor.py:163} INFO - Started process (PID=177942) to work on /home/linuxadmin/.local/lib/python3.6/site-packages/airflow/example_dags/example_branch_day_of_week_operator.py
[2021-11-02 15:56:59,030] {processor.py:620} INFO - Processing file /home/linuxadmin/.local/lib/python3.6/site-packages/airflow/example_dags/example_branch_day_of_week_operator.py for tasks to queue
[2021-11-02 15:56:59,031] {logging_mixin.py:109} INFO - [2021-11-02 15:56:59,030] {dagbag.py:500} INFO - Filling up the DagBag from /home/linuxadmin/.local/lib/python3.6/site-packages/airflow/example_dags/example_branch_day_of_week_operator.py
[2021-11-02 15:56:59,071] {processor.py:632} INFO - DAG(s) dict_keys(['example_weekday_branch_operator']) retrieved from /home/linuxadmin/.local/lib/python3.6/site-packages/airflow/example_dags/example_branch_day_of_week_operator.py
[2021-11-02 15:56:59,085] {logging_mixin.py:109} INFO - [2021-11-02 15:56:59,085] {dag.py:2389} INFO - Sync 1 DAGs
[2021-11-02 15:56:59,109] {logging_mixin.py:109} INFO - [2021-11-02 15:56:59,108] {dag.py:2921} INFO - Setting next_dagrun for example_weekday_branch_operator to 2021-11-01 00:00:00+00:00
[2021-11-02 15:56:59,124] {processor.py:171} INFO - Processing /home/linuxadmin/.local/lib/python3.6/site-packages/airflow/example_dags/example_branch_day_of_week_operator.py took 0.101 seconds
[2021-11-02 15:57:03,504] {processor.py:163} INFO - Started process (PID=178062) to work on /home/linuxadmin/.local/lib/python3.6/site-packages/airflow/example_dags/example_branch_day_of_week_operator.py
[2021-11-02 15:57:03,505] {processor.py:620} INFO - Processing file /home/linuxadmin/.local/lib/python3.6/site-packages/airflow/example_dags/example_branch_day_of_week_operator.py for tasks to queue
[2021-11-02 15:57:03,506] {logging_mixin.py:109} INFO - [2021-11-02 15:57:03,506] {dagbag.py:500} INFO - Filling up the DagBag from /home/linuxadmin/.local/lib/python3.6/site-packages/airflow/example_dags/example_branch_day_of_week_operator.py
[2021-11-02 15:57:03,549] {processor.py:632} INFO - DAG(s) dict_keys(['example_weekday_branch_operator']) retrieved from /home/linuxadmin/.local/lib/python3.6/site-packages/airflow/example_dags/example_branch_day_of_week_operator.py
[2021-11-02 15:57:03,563] {logging_mixin.py:109} INFO - [2021-11-02 15:57:03,563] {dag.py:2389} INFO - Sync 1 DAGs
[2021-11-02 15:57:03,587] {logging_mixin.py:109} INFO - [2021-11-02 15:57:03,587] {dag.py:2921} INFO - Setting next_dagrun for example_weekday_branch_operator to 2021-11-01 00:00:00+00:00
[2021-11-02 15:57:03,599] {processor.py:171} INFO - Processing /home/linuxadmin/.local/lib/python3.6/site-packages/airflow/example_dags/example_branch_day_of_week_operator.py took 0.102 seconds
[2021-11-02 15:57:08,284] {processor.py:163} INFO - Started process (PID=178187) to work on /home/linuxadmin/.local/lib/python3.6/site-packages/airflow/example_dags/example_branch_day_of_week_operator.py
[2021-11-02 15:57:08,287] {processor.py:620} INFO - Processing file /home/linuxadmin/.local/lib/python3.6/site-packages/airflow/example_dags/example_branch_day_of_week_operator.py for tasks to queue
[2021-11-02 15:57:08,288] {logging_mixin.py:109} INFO - [2021-11-02 15:57:08,288] {dagbag.py:500} INFO - Filling up the DagBag from /home/linuxadmin/.local/lib/python3.6/site-packages/airflow/example_dags/example_branch_day_of_week_operator.py
[2021-11-02 15:57:08,330] {processor.py:632} INFO - DAG(s) dict_keys(['example_weekday_branch_operator']) retrieved from /home/linuxadmin/.local/lib/python3.6/site-packages/airflow/example_dags/example_branch_day_of_week_operator.py
[2021-11-02 15:57:08,348] {logging_mixin.py:109} INFO - [2021-11-02 15:57:08,348] {dag.py:2389} INFO - Sync 1 DAGs
[2021-11-02 15:57:08,379] {logging_mixin.py:109} INFO - [2021-11-02 15:57:08,379] {dag.py:2921} INFO - Setting next_dagrun for example_weekday_branch_operator to 2021-11-01 00:00:00+00:00
[2021-11-02 15:57:08,393] {processor.py:171} INFO - Processing /home/linuxadmin/.local/lib/python3.6/site-packages/airflow/example_dags/example_branch_day_of_week_operator.py took 0.115 seconds
[2021-11-02 15:57:12,586] {processor.py:163} INFO - Started process (PID=178304) to work on /home/linuxadmin/.local/lib/python3.6/site-packages/airflow/example_dags/example_branch_day_of_week_operator.py
[2021-11-02 15:57:12,588] {processor.py:620} INFO - Processing file /home/linuxadmin/.local/lib/python3.6/site-packages/airflow/example_dags/example_branch_day_of_week_operator.py for tasks to queue
[2021-11-02 15:57:12,593] {logging_mixin.py:109} INFO - [2021-11-02 15:57:12,593] {dagbag.py:500} INFO - Filling up the DagBag from /home/linuxadmin/.local/lib/python3.6/site-packages/airflow/example_dags/example_branch_day_of_week_operator.py
[2021-11-02 15:57:12,652] {processor.py:632} INFO - DAG(s) dict_keys(['example_weekday_branch_operator']) retrieved from /home/linuxadmin/.local/lib/python3.6/site-packages/airflow/example_dags/example_branch_day_of_week_operator.py
[2021-11-02 15:57:12,672] {logging_mixin.py:109} INFO - [2021-11-02 15:57:12,672] {dag.py:2389} INFO - Sync 1 DAGs
[2021-11-02 15:57:12,705] {logging_mixin.py:109} INFO - [2021-11-02 15:57:12,705] {dag.py:2921} INFO - Setting next_dagrun for example_weekday_branch_operator to 2021-11-01 00:00:00+00:00
[2021-11-02 15:57:12,721] {processor.py:171} INFO - Processing /home/linuxadmin/.local/lib/python3.6/site-packages/airflow/example_dags/example_branch_day_of_week_operator.py took 0.142 seconds
[2021-11-02 15:57:17,054] {processor.py:163} INFO - Started process (PID=178428) to work on /home/linuxadmin/.local/lib/python3.6/site-packages/airflow/example_dags/example_branch_day_of_week_operator.py
[2021-11-02 15:57:17,055] {processor.py:620} INFO - Processing file /home/linuxadmin/.local/lib/python3.6/site-packages/airflow/example_dags/example_branch_day_of_week_operator.py for tasks to queue
[2021-11-02 15:57:17,056] {logging_mixin.py:109} INFO - [2021-11-02 15:57:17,056] {dagbag.py:500} INFO - Filling up the DagBag from /home/linuxadmin/.local/lib/python3.6/site-packages/airflow/example_dags/example_branch_day_of_week_operator.py
[2021-11-02 15:57:17,092] {processor.py:632} INFO - DAG(s) dict_keys(['example_weekday_branch_operator']) retrieved from /home/linuxadmin/.local/lib/python3.6/site-packages/airflow/example_dags/example_branch_day_of_week_operator.py
[2021-11-02 15:57:17,106] {logging_mixin.py:109} INFO - [2021-11-02 15:57:17,106] {dag.py:2389} INFO - Sync 1 DAGs
[2021-11-02 15:57:17,131] {logging_mixin.py:109} INFO - [2021-11-02 15:57:17,131] {dag.py:2921} INFO - Setting next_dagrun for example_weekday_branch_operator to 2021-11-01 00:00:00+00:00
[2021-11-02 15:57:17,143] {processor.py:171} INFO - Processing /home/linuxadmin/.local/lib/python3.6/site-packages/airflow/example_dags/example_branch_day_of_week_operator.py took 0.093 seconds
[2021-11-02 15:57:20,988] {processor.py:163} INFO - Started process (PID=178547) to work on /home/linuxadmin/.local/lib/python3.6/site-packages/airflow/example_dags/example_branch_day_of_week_operator.py
[2021-11-02 15:57:20,989] {processor.py:620} INFO - Processing file /home/linuxadmin/.local/lib/python3.6/site-packages/airflow/example_dags/example_branch_day_of_week_operator.py for tasks to queue
[2021-11-02 15:57:20,990] {logging_mixin.py:109} INFO - [2021-11-02 15:57:20,989] {dagbag.py:500} INFO - Filling up the DagBag from /home/linuxadmin/.local/lib/python3.6/site-packages/airflow/example_dags/example_branch_day_of_week_operator.py
[2021-11-02 15:57:21,027] {processor.py:632} INFO - DAG(s) dict_keys(['example_weekday_branch_operator']) retrieved from /home/linuxadmin/.local/lib/python3.6/site-packages/airflow/example_dags/example_branch_day_of_week_operator.py
[2021-11-02 15:57:21,042] {logging_mixin.py:109} INFO - [2021-11-02 15:57:21,042] {dag.py:2389} INFO - Sync 1 DAGs
[2021-11-02 15:57:21,069] {logging_mixin.py:109} INFO - [2021-11-02 15:57:21,068] {dag.py:2921} INFO - Setting next_dagrun for example_weekday_branch_operator to 2021-11-01 00:00:00+00:00
[2021-11-02 15:57:21,081] {processor.py:171} INFO - Processing /home/linuxadmin/.local/lib/python3.6/site-packages/airflow/example_dags/example_branch_day_of_week_operator.py took 0.098 seconds
[2021-11-02 15:57:26,075] {processor.py:163} INFO - Started process (PID=178668) to work on /home/linuxadmin/.local/lib/python3.6/site-packages/airflow/example_dags/example_branch_day_of_week_operator.py
[2021-11-02 15:57:26,076] {processor.py:620} INFO - Processing file /home/linuxadmin/.local/lib/python3.6/site-packages/airflow/example_dags/example_branch_day_of_week_operator.py for tasks to queue
[2021-11-02 15:57:26,077] {logging_mixin.py:109} INFO - [2021-11-02 15:57:26,076] {dagbag.py:500} INFO - Filling up the DagBag from /home/linuxadmin/.local/lib/python3.6/site-packages/airflow/example_dags/example_branch_day_of_week_operator.py
[2021-11-02 15:57:26,112] {processor.py:632} INFO - DAG(s) dict_keys(['example_weekday_branch_operator']) retrieved from /home/linuxadmin/.local/lib/python3.6/site-packages/airflow/example_dags/example_branch_day_of_week_operator.py
[2021-11-02 15:57:26,126] {logging_mixin.py:109} INFO - [2021-11-02 15:57:26,126] {dag.py:2389} INFO - Sync 1 DAGs
[2021-11-02 15:57:26,154] {logging_mixin.py:109} INFO - [2021-11-02 15:57:26,154] {dag.py:2921} INFO - Setting next_dagrun for example_weekday_branch_operator to 2021-11-01 00:00:00+00:00
[2021-11-02 15:57:26,166] {processor.py:171} INFO - Processing /home/linuxadmin/.local/lib/python3.6/site-packages/airflow/example_dags/example_branch_day_of_week_operator.py took 0.096 seconds
[2021-11-02 15:57:30,562] {processor.py:163} INFO - Started process (PID=178789) to work on /home/linuxadmin/.local/lib/python3.6/site-packages/airflow/example_dags/example_branch_day_of_week_operator.py
[2021-11-02 15:57:30,563] {processor.py:620} INFO - Processing file /home/linuxadmin/.local/lib/python3.6/site-packages/airflow/example_dags/example_branch_day_of_week_operator.py for tasks to queue
[2021-11-02 15:57:30,564] {logging_mixin.py:109} INFO - [2021-11-02 15:57:30,564] {dagbag.py:500} INFO - Filling up the DagBag from /home/linuxadmin/.local/lib/python3.6/site-packages/airflow/example_dags/example_branch_day_of_week_operator.py
[2021-11-02 15:57:30,604] {processor.py:632} INFO - DAG(s) dict_keys(['example_weekday_branch_operator']) retrieved from /home/linuxadmin/.local/lib/python3.6/site-packages/airflow/example_dags/example_branch_day_of_week_operator.py
[2021-11-02 15:57:30,620] {logging_mixin.py:109} INFO - [2021-11-02 15:57:30,620] {dag.py:2389} INFO - Sync 1 DAGs
[2021-11-02 15:57:30,647] {logging_mixin.py:109} INFO - [2021-11-02 15:57:30,647] {dag.py:2921} INFO - Setting next_dagrun for example_weekday_branch_operator to 2021-11-01 00:00:00+00:00
[2021-11-02 15:57:30,661] {processor.py:171} INFO - Processing /home/linuxadmin/.local/lib/python3.6/site-packages/airflow/example_dags/example_branch_day_of_week_operator.py took 0.105 seconds
[2021-11-02 15:57:35,162] {processor.py:163} INFO - Started process (PID=178912) to work on /home/linuxadmin/.local/lib/python3.6/site-packages/airflow/example_dags/example_branch_day_of_week_operator.py
[2021-11-02 15:57:35,164] {processor.py:620} INFO - Processing file /home/linuxadmin/.local/lib/python3.6/site-packages/airflow/example_dags/example_branch_day_of_week_operator.py for tasks to queue
[2021-11-02 15:57:35,165] {logging_mixin.py:109} INFO - [2021-11-02 15:57:35,165] {dagbag.py:500} INFO - Filling up the DagBag from /home/linuxadmin/.local/lib/python3.6/site-packages/airflow/example_dags/example_branch_day_of_week_operator.py
[2021-11-02 15:57:35,206] {processor.py:632} INFO - DAG(s) dict_keys(['example_weekday_branch_operator']) retrieved from /home/linuxadmin/.local/lib/python3.6/site-packages/airflow/example_dags/example_branch_day_of_week_operator.py
[2021-11-02 15:57:35,218] {logging_mixin.py:109} INFO - [2021-11-02 15:57:35,218] {dag.py:2389} INFO - Sync 1 DAGs
[2021-11-02 15:57:35,243] {logging_mixin.py:109} INFO - [2021-11-02 15:57:35,243] {dag.py:2921} INFO - Setting next_dagrun for example_weekday_branch_operator to 2021-11-01 00:00:00+00:00
[2021-11-02 15:57:35,255] {processor.py:171} INFO - Processing /home/linuxadmin/.local/lib/python3.6/site-packages/airflow/example_dags/example_branch_day_of_week_operator.py took 0.099 seconds
[2021-11-02 15:57:39,335] {processor.py:163} INFO - Started process (PID=179032) to work on /home/linuxadmin/.local/lib/python3.6/site-packages/airflow/example_dags/example_branch_day_of_week_operator.py
[2021-11-02 15:57:39,336] {processor.py:620} INFO - Processing file /home/linuxadmin/.local/lib/python3.6/site-packages/airflow/example_dags/example_branch_day_of_week_operator.py for tasks to queue
[2021-11-02 15:57:39,337] {logging_mixin.py:109} INFO - [2021-11-02 15:57:39,337] {dagbag.py:500} INFO - Filling up the DagBag from /home/linuxadmin/.local/lib/python3.6/site-packages/airflow/example_dags/example_branch_day_of_week_operator.py
[2021-11-02 15:57:39,375] {processor.py:632} INFO - DAG(s) dict_keys(['example_weekday_branch_operator']) retrieved from /home/linuxadmin/.local/lib/python3.6/site-packages/airflow/example_dags/example_branch_day_of_week_operator.py
[2021-11-02 15:57:39,389] {logging_mixin.py:109} INFO - [2021-11-02 15:57:39,389] {dag.py:2389} INFO - Sync 1 DAGs
[2021-11-02 15:57:39,415] {logging_mixin.py:109} INFO - [2021-11-02 15:57:39,415] {dag.py:2921} INFO - Setting next_dagrun for example_weekday_branch_operator to 2021-11-01 00:00:00+00:00
[2021-11-02 15:57:39,426] {processor.py:171} INFO - Processing /home/linuxadmin/.local/lib/python3.6/site-packages/airflow/example_dags/example_branch_day_of_week_operator.py took 0.096 seconds
[2021-11-02 15:57:43,825] {processor.py:163} INFO - Started process (PID=179152) to work on /home/linuxadmin/.local/lib/python3.6/site-packages/airflow/example_dags/example_branch_day_of_week_operator.py
[2021-11-02 15:57:43,827] {processor.py:620} INFO - Processing file /home/linuxadmin/.local/lib/python3.6/site-packages/airflow/example_dags/example_branch_day_of_week_operator.py for tasks to queue
[2021-11-02 15:57:43,836] {logging_mixin.py:109} INFO - [2021-11-02 15:57:43,828] {dagbag.py:500} INFO - Filling up the DagBag from /home/linuxadmin/.local/lib/python3.6/site-packages/airflow/example_dags/example_branch_day_of_week_operator.py
[2021-11-02 15:57:43,881] {processor.py:632} INFO - DAG(s) dict_keys(['example_weekday_branch_operator']) retrieved from /home/linuxadmin/.local/lib/python3.6/site-packages/airflow/example_dags/example_branch_day_of_week_operator.py
[2021-11-02 15:57:43,900] {logging_mixin.py:109} INFO - [2021-11-02 15:57:43,900] {dag.py:2389} INFO - Sync 1 DAGs
[2021-11-02 15:57:43,932] {logging_mixin.py:109} INFO - [2021-11-02 15:57:43,932] {dag.py:2921} INFO - Setting next_dagrun for example_weekday_branch_operator to 2021-11-01 00:00:00+00:00
[2021-11-02 15:57:43,945] {processor.py:171} INFO - Processing /home/linuxadmin/.local/lib/python3.6/site-packages/airflow/example_dags/example_branch_day_of_week_operator.py took 0.126 seconds
[2021-11-02 15:57:48,106] {processor.py:163} INFO - Started process (PID=179273) to work on /home/linuxadmin/.local/lib/python3.6/site-packages/airflow/example_dags/example_branch_day_of_week_operator.py
[2021-11-02 15:57:48,108] {processor.py:620} INFO - Processing file /home/linuxadmin/.local/lib/python3.6/site-packages/airflow/example_dags/example_branch_day_of_week_operator.py for tasks to queue
[2021-11-02 15:57:48,109] {logging_mixin.py:109} INFO - [2021-11-02 15:57:48,108] {dagbag.py:500} INFO - Filling up the DagBag from /home/linuxadmin/.local/lib/python3.6/site-packages/airflow/example_dags/example_branch_day_of_week_operator.py
[2021-11-02 15:57:48,150] {processor.py:632} INFO - DAG(s) dict_keys(['example_weekday_branch_operator']) retrieved from /home/linuxadmin/.local/lib/python3.6/site-packages/airflow/example_dags/example_branch_day_of_week_operator.py
[2021-11-02 15:57:48,163] {logging_mixin.py:109} INFO - [2021-11-02 15:57:48,163] {dag.py:2389} INFO - Sync 1 DAGs
[2021-11-02 15:57:48,194] {logging_mixin.py:109} INFO - [2021-11-02 15:57:48,193] {dag.py:2921} INFO - Setting next_dagrun for example_weekday_branch_operator to 2021-11-01 00:00:00+00:00
[2021-11-02 15:57:48,211] {processor.py:171} INFO - Processing /home/linuxadmin/.local/lib/python3.6/site-packages/airflow/example_dags/example_branch_day_of_week_operator.py took 0.110 seconds
[2021-11-02 15:57:52,901] {processor.py:163} INFO - Started process (PID=179396) to work on /home/linuxadmin/.local/lib/python3.6/site-packages/airflow/example_dags/example_branch_day_of_week_operator.py
[2021-11-02 15:57:52,902] {processor.py:620} INFO - Processing file /home/linuxadmin/.local/lib/python3.6/site-packages/airflow/example_dags/example_branch_day_of_week_operator.py for tasks to queue
[2021-11-02 15:57:52,904] {logging_mixin.py:109} INFO - [2021-11-02 15:57:52,903] {dagbag.py:500} INFO - Filling up the DagBag from /home/linuxadmin/.local/lib/python3.6/site-packages/airflow/example_dags/example_branch_day_of_week_operator.py
[2021-11-02 15:57:52,949] {processor.py:632} INFO - DAG(s) dict_keys(['example_weekday_branch_operator']) retrieved from /home/linuxadmin/.local/lib/python3.6/site-packages/airflow/example_dags/example_branch_day_of_week_operator.py
[2021-11-02 15:57:52,969] {logging_mixin.py:109} INFO - [2021-11-02 15:57:52,969] {dag.py:2389} INFO - Sync 1 DAGs
[2021-11-02 15:57:52,999] {logging_mixin.py:109} INFO - [2021-11-02 15:57:52,999] {dag.py:2921} INFO - Setting next_dagrun for example_weekday_branch_operator to 2021-11-01 00:00:00+00:00
[2021-11-02 15:57:53,010] {processor.py:171} INFO - Processing /home/linuxadmin/.local/lib/python3.6/site-packages/airflow/example_dags/example_branch_day_of_week_operator.py took 0.115 seconds
[2021-11-02 15:57:58,156] {processor.py:163} INFO - Started process (PID=179520) to work on /home/linuxadmin/.local/lib/python3.6/site-packages/airflow/example_dags/example_branch_day_of_week_operator.py
[2021-11-02 15:57:58,157] {processor.py:620} INFO - Processing file /home/linuxadmin/.local/lib/python3.6/site-packages/airflow/example_dags/example_branch_day_of_week_operator.py for tasks to queue
[2021-11-02 15:57:58,158] {logging_mixin.py:109} INFO - [2021-11-02 15:57:58,158] {dagbag.py:500} INFO - Filling up the DagBag from /home/linuxadmin/.local/lib/python3.6/site-packages/airflow/example_dags/example_branch_day_of_week_operator.py
[2021-11-02 15:57:58,199] {processor.py:632} INFO - DAG(s) dict_keys(['example_weekday_branch_operator']) retrieved from /home/linuxadmin/.local/lib/python3.6/site-packages/airflow/example_dags/example_branch_day_of_week_operator.py
[2021-11-02 15:57:58,215] {logging_mixin.py:109} INFO - [2021-11-02 15:57:58,215] {dag.py:2389} INFO - Sync 1 DAGs
[2021-11-02 15:57:58,241] {logging_mixin.py:109} INFO - [2021-11-02 15:57:58,240] {dag.py:2921} INFO - Setting next_dagrun for example_weekday_branch_operator to 2021-11-01 00:00:00+00:00
[2021-11-02 15:57:58,256] {processor.py:171} INFO - Processing /home/linuxadmin/.local/lib/python3.6/site-packages/airflow/example_dags/example_branch_day_of_week_operator.py took 0.105 seconds
[2021-11-02 15:58:02,371] {processor.py:163} INFO - Started process (PID=179642) to work on /home/linuxadmin/.local/lib/python3.6/site-packages/airflow/example_dags/example_branch_day_of_week_operator.py
[2021-11-02 15:58:02,372] {processor.py:620} INFO - Processing file /home/linuxadmin/.local/lib/python3.6/site-packages/airflow/example_dags/example_branch_day_of_week_operator.py for tasks to queue
[2021-11-02 15:58:02,373] {logging_mixin.py:109} INFO - [2021-11-02 15:58:02,373] {dagbag.py:500} INFO - Filling up the DagBag from /home/linuxadmin/.local/lib/python3.6/site-packages/airflow/example_dags/example_branch_day_of_week_operator.py
[2021-11-02 15:58:02,409] {processor.py:632} INFO - DAG(s) dict_keys(['example_weekday_branch_operator']) retrieved from /home/linuxadmin/.local/lib/python3.6/site-packages/airflow/example_dags/example_branch_day_of_week_operator.py
[2021-11-02 15:58:02,423] {logging_mixin.py:109} INFO - [2021-11-02 15:58:02,423] {dag.py:2389} INFO - Sync 1 DAGs
[2021-11-02 15:58:02,449] {logging_mixin.py:109} INFO - [2021-11-02 15:58:02,448] {dag.py:2921} INFO - Setting next_dagrun for example_weekday_branch_operator to 2021-11-01 00:00:00+00:00
[2021-11-02 15:58:02,459] {processor.py:171} INFO - Processing /home/linuxadmin/.local/lib/python3.6/site-packages/airflow/example_dags/example_branch_day_of_week_operator.py took 0.093 seconds
[2021-11-02 15:58:06,730] {processor.py:163} INFO - Started process (PID=179764) to work on /home/linuxadmin/.local/lib/python3.6/site-packages/airflow/example_dags/example_branch_day_of_week_operator.py
[2021-11-02 15:58:06,731] {processor.py:620} INFO - Processing file /home/linuxadmin/.local/lib/python3.6/site-packages/airflow/example_dags/example_branch_day_of_week_operator.py for tasks to queue
[2021-11-02 15:58:06,732] {logging_mixin.py:109} INFO - [2021-11-02 15:58:06,732] {dagbag.py:500} INFO - Filling up the DagBag from /home/linuxadmin/.local/lib/python3.6/site-packages/airflow/example_dags/example_branch_day_of_week_operator.py
[2021-11-02 15:58:06,769] {processor.py:632} INFO - DAG(s) dict_keys(['example_weekday_branch_operator']) retrieved from /home/linuxadmin/.local/lib/python3.6/site-packages/airflow/example_dags/example_branch_day_of_week_operator.py
[2021-11-02 15:58:06,781] {logging_mixin.py:109} INFO - [2021-11-02 15:58:06,781] {dag.py:2389} INFO - Sync 1 DAGs
[2021-11-02 15:58:06,805] {logging_mixin.py:109} INFO - [2021-11-02 15:58:06,805] {dag.py:2921} INFO - Setting next_dagrun for example_weekday_branch_operator to 2021-11-01 00:00:00+00:00
[2021-11-02 15:58:06,816] {processor.py:171} INFO - Processing /home/linuxadmin/.local/lib/python3.6/site-packages/airflow/example_dags/example_branch_day_of_week_operator.py took 0.090 seconds
[2021-11-02 15:58:11,270] {processor.py:163} INFO - Started process (PID=179883) to work on /home/linuxadmin/.local/lib/python3.6/site-packages/airflow/example_dags/example_branch_day_of_week_operator.py
[2021-11-02 15:58:11,271] {processor.py:620} INFO - Processing file /home/linuxadmin/.local/lib/python3.6/site-packages/airflow/example_dags/example_branch_day_of_week_operator.py for tasks to queue
[2021-11-02 15:58:11,272] {logging_mixin.py:109} INFO - [2021-11-02 15:58:11,272] {dagbag.py:500} INFO - Filling up the DagBag from /home/linuxadmin/.local/lib/python3.6/site-packages/airflow/example_dags/example_branch_day_of_week_operator.py
[2021-11-02 15:58:11,308] {processor.py:632} INFO - DAG(s) dict_keys(['example_weekday_branch_operator']) retrieved from /home/linuxadmin/.local/lib/python3.6/site-packages/airflow/example_dags/example_branch_day_of_week_operator.py
[2021-11-02 15:58:11,322] {logging_mixin.py:109} INFO - [2021-11-02 15:58:11,322] {dag.py:2389} INFO - Sync 1 DAGs
[2021-11-02 15:58:11,348] {logging_mixin.py:109} INFO - [2021-11-02 15:58:11,348] {dag.py:2921} INFO - Setting next_dagrun for example_weekday_branch_operator to 2021-11-01 00:00:00+00:00
[2021-11-02 15:58:11,362] {processor.py:171} INFO - Processing /home/linuxadmin/.local/lib/python3.6/site-packages/airflow/example_dags/example_branch_day_of_week_operator.py took 0.097 seconds
[2021-11-02 15:58:16,212] {processor.py:163} INFO - Started process (PID=180006) to work on /home/linuxadmin/.local/lib/python3.6/site-packages/airflow/example_dags/example_branch_day_of_week_operator.py
[2021-11-02 15:58:16,213] {processor.py:620} INFO - Processing file /home/linuxadmin/.local/lib/python3.6/site-packages/airflow/example_dags/example_branch_day_of_week_operator.py for tasks to queue
[2021-11-02 15:58:16,214] {logging_mixin.py:109} INFO - [2021-11-02 15:58:16,214] {dagbag.py:500} INFO - Filling up the DagBag from /home/linuxadmin/.local/lib/python3.6/site-packages/airflow/example_dags/example_branch_day_of_week_operator.py
[2021-11-02 15:58:16,250] {processor.py:632} INFO - DAG(s) dict_keys(['example_weekday_branch_operator']) retrieved from /home/linuxadmin/.local/lib/python3.6/site-packages/airflow/example_dags/example_branch_day_of_week_operator.py
[2021-11-02 15:58:16,264] {logging_mixin.py:109} INFO - [2021-11-02 15:58:16,264] {dag.py:2389} INFO - Sync 1 DAGs
[2021-11-02 15:58:16,288] {logging_mixin.py:109} INFO - [2021-11-02 15:58:16,288] {dag.py:2921} INFO - Setting next_dagrun for example_weekday_branch_operator to 2021-11-01 00:00:00+00:00
[2021-11-02 15:58:16,300] {processor.py:171} INFO - Processing /home/linuxadmin/.local/lib/python3.6/site-packages/airflow/example_dags/example_branch_day_of_week_operator.py took 0.093 seconds
[2021-11-02 15:58:20,543] {processor.py:163} INFO - Started process (PID=180131) to work on /home/linuxadmin/.local/lib/python3.6/site-packages/airflow/example_dags/example_branch_day_of_week_operator.py
[2021-11-02 15:58:20,546] {processor.py:620} INFO - Processing file /home/linuxadmin/.local/lib/python3.6/site-packages/airflow/example_dags/example_branch_day_of_week_operator.py for tasks to queue
[2021-11-02 15:58:20,548] {logging_mixin.py:109} INFO - [2021-11-02 15:58:20,548] {dagbag.py:500} INFO - Filling up the DagBag from /home/linuxadmin/.local/lib/python3.6/site-packages/airflow/example_dags/example_branch_day_of_week_operator.py
[2021-11-02 15:58:20,589] {processor.py:632} INFO - DAG(s) dict_keys(['example_weekday_branch_operator']) retrieved from /home/linuxadmin/.local/lib/python3.6/site-packages/airflow/example_dags/example_branch_day_of_week_operator.py
[2021-11-02 15:58:20,603] {logging_mixin.py:109} INFO - [2021-11-02 15:58:20,603] {dag.py:2389} INFO - Sync 1 DAGs
[2021-11-02 15:58:20,632] {logging_mixin.py:109} INFO - [2021-11-02 15:58:20,632] {dag.py:2921} INFO - Setting next_dagrun for example_weekday_branch_operator to 2021-11-01 00:00:00+00:00
[2021-11-02 15:58:20,650] {processor.py:171} INFO - Processing /home/linuxadmin/.local/lib/python3.6/site-packages/airflow/example_dags/example_branch_day_of_week_operator.py took 0.112 seconds
[2021-11-02 15:58:24,582] {processor.py:163} INFO - Started process (PID=180250) to work on /home/linuxadmin/.local/lib/python3.6/site-packages/airflow/example_dags/example_branch_day_of_week_operator.py
[2021-11-02 15:58:24,583] {processor.py:620} INFO - Processing file /home/linuxadmin/.local/lib/python3.6/site-packages/airflow/example_dags/example_branch_day_of_week_operator.py for tasks to queue
[2021-11-02 15:58:24,584] {logging_mixin.py:109} INFO - [2021-11-02 15:58:24,584] {dagbag.py:500} INFO - Filling up the DagBag from /home/linuxadmin/.local/lib/python3.6/site-packages/airflow/example_dags/example_branch_day_of_week_operator.py
[2021-11-02 15:58:24,625] {processor.py:632} INFO - DAG(s) dict_keys(['example_weekday_branch_operator']) retrieved from /home/linuxadmin/.local/lib/python3.6/site-packages/airflow/example_dags/example_branch_day_of_week_operator.py
[2021-11-02 15:58:24,641] {logging_mixin.py:109} INFO - [2021-11-02 15:58:24,641] {dag.py:2389} INFO - Sync 1 DAGs
[2021-11-02 15:58:24,674] {logging_mixin.py:109} INFO - [2021-11-02 15:58:24,674] {dag.py:2921} INFO - Setting next_dagrun for example_weekday_branch_operator to 2021-11-01 00:00:00+00:00
[2021-11-02 15:58:24,689] {processor.py:171} INFO - Processing /home/linuxadmin/.local/lib/python3.6/site-packages/airflow/example_dags/example_branch_day_of_week_operator.py took 0.111 seconds
[2021-11-02 15:58:30,009] {processor.py:163} INFO - Started process (PID=180373) to work on /home/linuxadmin/.local/lib/python3.6/site-packages/airflow/example_dags/example_branch_day_of_week_operator.py
[2021-11-02 15:58:30,010] {processor.py:620} INFO - Processing file /home/linuxadmin/.local/lib/python3.6/site-packages/airflow/example_dags/example_branch_day_of_week_operator.py for tasks to queue
[2021-11-02 15:58:30,011] {logging_mixin.py:109} INFO - [2021-11-02 15:58:30,011] {dagbag.py:500} INFO - Filling up the DagBag from /home/linuxadmin/.local/lib/python3.6/site-packages/airflow/example_dags/example_branch_day_of_week_operator.py
[2021-11-02 15:58:30,050] {processor.py:632} INFO - DAG(s) dict_keys(['example_weekday_branch_operator']) retrieved from /home/linuxadmin/.local/lib/python3.6/site-packages/airflow/example_dags/example_branch_day_of_week_operator.py
[2021-11-02 15:58:30,063] {logging_mixin.py:109} INFO - [2021-11-02 15:58:30,063] {dag.py:2389} INFO - Sync 1 DAGs
[2021-11-02 15:58:30,090] {logging_mixin.py:109} INFO - [2021-11-02 15:58:30,090] {dag.py:2921} INFO - Setting next_dagrun for example_weekday_branch_operator to 2021-11-01 00:00:00+00:00
[2021-11-02 15:58:30,101] {processor.py:171} INFO - Processing /home/linuxadmin/.local/lib/python3.6/site-packages/airflow/example_dags/example_branch_day_of_week_operator.py took 0.097 seconds
[2021-11-02 15:58:34,398] {processor.py:163} INFO - Started process (PID=180493) to work on /home/linuxadmin/.local/lib/python3.6/site-packages/airflow/example_dags/example_branch_day_of_week_operator.py
[2021-11-02 15:58:34,399] {processor.py:620} INFO - Processing file /home/linuxadmin/.local/lib/python3.6/site-packages/airflow/example_dags/example_branch_day_of_week_operator.py for tasks to queue
[2021-11-02 15:58:34,400] {logging_mixin.py:109} INFO - [2021-11-02 15:58:34,400] {dagbag.py:500} INFO - Filling up the DagBag from /home/linuxadmin/.local/lib/python3.6/site-packages/airflow/example_dags/example_branch_day_of_week_operator.py
[2021-11-02 15:58:34,437] {processor.py:632} INFO - DAG(s) dict_keys(['example_weekday_branch_operator']) retrieved from /home/linuxadmin/.local/lib/python3.6/site-packages/airflow/example_dags/example_branch_day_of_week_operator.py
[2021-11-02 15:58:34,453] {logging_mixin.py:109} INFO - [2021-11-02 15:58:34,453] {dag.py:2389} INFO - Sync 1 DAGs
[2021-11-02 15:58:34,483] {logging_mixin.py:109} INFO - [2021-11-02 15:58:34,483] {dag.py:2921} INFO - Setting next_dagrun for example_weekday_branch_operator to 2021-11-01 00:00:00+00:00
[2021-11-02 15:58:34,495] {processor.py:171} INFO - Processing /home/linuxadmin/.local/lib/python3.6/site-packages/airflow/example_dags/example_branch_day_of_week_operator.py took 0.101 seconds
[2021-11-02 15:58:39,027] {processor.py:163} INFO - Started process (PID=180617) to work on /home/linuxadmin/.local/lib/python3.6/site-packages/airflow/example_dags/example_branch_day_of_week_operator.py
[2021-11-02 15:58:39,029] {processor.py:620} INFO - Processing file /home/linuxadmin/.local/lib/python3.6/site-packages/airflow/example_dags/example_branch_day_of_week_operator.py for tasks to queue
[2021-11-02 15:58:39,030] {logging_mixin.py:109} INFO - [2021-11-02 15:58:39,029] {dagbag.py:500} INFO - Filling up the DagBag from /home/linuxadmin/.local/lib/python3.6/site-packages/airflow/example_dags/example_branch_day_of_week_operator.py
[2021-11-02 15:58:39,079] {processor.py:632} INFO - DAG(s) dict_keys(['example_weekday_branch_operator']) retrieved from /home/linuxadmin/.local/lib/python3.6/site-packages/airflow/example_dags/example_branch_day_of_week_operator.py
[2021-11-02 15:58:39,093] {logging_mixin.py:109} INFO - [2021-11-02 15:58:39,093] {dag.py:2389} INFO - Sync 1 DAGs
[2021-11-02 15:58:39,123] {logging_mixin.py:109} INFO - [2021-11-02 15:58:39,123] {dag.py:2921} INFO - Setting next_dagrun for example_weekday_branch_operator to 2021-11-01 00:00:00+00:00
[2021-11-02 15:58:39,140] {processor.py:171} INFO - Processing /home/linuxadmin/.local/lib/python3.6/site-packages/airflow/example_dags/example_branch_day_of_week_operator.py took 0.117 seconds
[2021-11-02 15:58:43,111] {processor.py:163} INFO - Started process (PID=180735) to work on /home/linuxadmin/.local/lib/python3.6/site-packages/airflow/example_dags/example_branch_day_of_week_operator.py
[2021-11-02 15:58:43,113] {processor.py:620} INFO - Processing file /home/linuxadmin/.local/lib/python3.6/site-packages/airflow/example_dags/example_branch_day_of_week_operator.py for tasks to queue
[2021-11-02 15:58:43,114] {logging_mixin.py:109} INFO - [2021-11-02 15:58:43,114] {dagbag.py:500} INFO - Filling up the DagBag from /home/linuxadmin/.local/lib/python3.6/site-packages/airflow/example_dags/example_branch_day_of_week_operator.py
[2021-11-02 15:58:43,156] {processor.py:632} INFO - DAG(s) dict_keys(['example_weekday_branch_operator']) retrieved from /home/linuxadmin/.local/lib/python3.6/site-packages/airflow/example_dags/example_branch_day_of_week_operator.py
[2021-11-02 15:58:43,168] {logging_mixin.py:109} INFO - [2021-11-02 15:58:43,168] {dag.py:2389} INFO - Sync 1 DAGs
[2021-11-02 15:58:43,194] {logging_mixin.py:109} INFO - [2021-11-02 15:58:43,194] {dag.py:2921} INFO - Setting next_dagrun for example_weekday_branch_operator to 2021-11-01 00:00:00+00:00
[2021-11-02 15:58:43,210] {processor.py:171} INFO - Processing /home/linuxadmin/.local/lib/python3.6/site-packages/airflow/example_dags/example_branch_day_of_week_operator.py took 0.105 seconds
[2021-11-02 15:58:47,551] {processor.py:163} INFO - Started process (PID=180859) to work on /home/linuxadmin/.local/lib/python3.6/site-packages/airflow/example_dags/example_branch_day_of_week_operator.py
[2021-11-02 15:58:47,552] {processor.py:620} INFO - Processing file /home/linuxadmin/.local/lib/python3.6/site-packages/airflow/example_dags/example_branch_day_of_week_operator.py for tasks to queue
[2021-11-02 15:58:47,553] {logging_mixin.py:109} INFO - [2021-11-02 15:58:47,553] {dagbag.py:500} INFO - Filling up the DagBag from /home/linuxadmin/.local/lib/python3.6/site-packages/airflow/example_dags/example_branch_day_of_week_operator.py
[2021-11-02 15:58:47,593] {processor.py:632} INFO - DAG(s) dict_keys(['example_weekday_branch_operator']) retrieved from /home/linuxadmin/.local/lib/python3.6/site-packages/airflow/example_dags/example_branch_day_of_week_operator.py
[2021-11-02 15:58:47,608] {logging_mixin.py:109} INFO - [2021-11-02 15:58:47,608] {dag.py:2389} INFO - Sync 1 DAGs
[2021-11-02 15:58:47,635] {logging_mixin.py:109} INFO - [2021-11-02 15:58:47,635] {dag.py:2921} INFO - Setting next_dagrun for example_weekday_branch_operator to 2021-11-01 00:00:00+00:00
[2021-11-02 15:58:47,647] {processor.py:171} INFO - Processing /home/linuxadmin/.local/lib/python3.6/site-packages/airflow/example_dags/example_branch_day_of_week_operator.py took 0.101 seconds
[2021-11-02 15:58:51,488] {processor.py:163} INFO - Started process (PID=180978) to work on /home/linuxadmin/.local/lib/python3.6/site-packages/airflow/example_dags/example_branch_day_of_week_operator.py
[2021-11-02 15:58:51,489] {processor.py:620} INFO - Processing file /home/linuxadmin/.local/lib/python3.6/site-packages/airflow/example_dags/example_branch_day_of_week_operator.py for tasks to queue
[2021-11-02 15:58:51,490] {logging_mixin.py:109} INFO - [2021-11-02 15:58:51,490] {dagbag.py:500} INFO - Filling up the DagBag from /home/linuxadmin/.local/lib/python3.6/site-packages/airflow/example_dags/example_branch_day_of_week_operator.py
[2021-11-02 15:58:51,532] {processor.py:632} INFO - DAG(s) dict_keys(['example_weekday_branch_operator']) retrieved from /home/linuxadmin/.local/lib/python3.6/site-packages/airflow/example_dags/example_branch_day_of_week_operator.py
[2021-11-02 15:58:51,547] {logging_mixin.py:109} INFO - [2021-11-02 15:58:51,547] {dag.py:2389} INFO - Sync 1 DAGs
[2021-11-02 15:58:51,575] {logging_mixin.py:109} INFO - [2021-11-02 15:58:51,574] {dag.py:2921} INFO - Setting next_dagrun for example_weekday_branch_operator to 2021-11-01 00:00:00+00:00
[2021-11-02 15:58:51,587] {processor.py:171} INFO - Processing /home/linuxadmin/.local/lib/python3.6/site-packages/airflow/example_dags/example_branch_day_of_week_operator.py took 0.103 seconds
[2021-11-02 15:58:55,925] {processor.py:163} INFO - Started process (PID=181101) to work on /home/linuxadmin/.local/lib/python3.6/site-packages/airflow/example_dags/example_branch_day_of_week_operator.py
[2021-11-02 15:58:55,928] {processor.py:620} INFO - Processing file /home/linuxadmin/.local/lib/python3.6/site-packages/airflow/example_dags/example_branch_day_of_week_operator.py for tasks to queue
[2021-11-02 15:58:55,929] {logging_mixin.py:109} INFO - [2021-11-02 15:58:55,929] {dagbag.py:500} INFO - Filling up the DagBag from /home/linuxadmin/.local/lib/python3.6/site-packages/airflow/example_dags/example_branch_day_of_week_operator.py
[2021-11-02 15:58:55,981] {processor.py:632} INFO - DAG(s) dict_keys(['example_weekday_branch_operator']) retrieved from /home/linuxadmin/.local/lib/python3.6/site-packages/airflow/example_dags/example_branch_day_of_week_operator.py
[2021-11-02 15:58:55,996] {logging_mixin.py:109} INFO - [2021-11-02 15:58:55,996] {dag.py:2389} INFO - Sync 1 DAGs
[2021-11-02 15:58:56,024] {logging_mixin.py:109} INFO - [2021-11-02 15:58:56,024] {dag.py:2921} INFO - Setting next_dagrun for example_weekday_branch_operator to 2021-11-01 00:00:00+00:00
[2021-11-02 15:58:56,038] {processor.py:171} INFO - Processing /home/linuxadmin/.local/lib/python3.6/site-packages/airflow/example_dags/example_branch_day_of_week_operator.py took 0.119 seconds
[2021-11-02 15:59:00,745] {processor.py:163} INFO - Started process (PID=181220) to work on /home/linuxadmin/.local/lib/python3.6/site-packages/airflow/example_dags/example_branch_day_of_week_operator.py
[2021-11-02 15:59:00,747] {processor.py:620} INFO - Processing file /home/linuxadmin/.local/lib/python3.6/site-packages/airflow/example_dags/example_branch_day_of_week_operator.py for tasks to queue
[2021-11-02 15:59:00,748] {logging_mixin.py:109} INFO - [2021-11-02 15:59:00,748] {dagbag.py:500} INFO - Filling up the DagBag from /home/linuxadmin/.local/lib/python3.6/site-packages/airflow/example_dags/example_branch_day_of_week_operator.py
[2021-11-02 15:59:00,789] {processor.py:632} INFO - DAG(s) dict_keys(['example_weekday_branch_operator']) retrieved from /home/linuxadmin/.local/lib/python3.6/site-packages/airflow/example_dags/example_branch_day_of_week_operator.py
[2021-11-02 15:59:00,804] {logging_mixin.py:109} INFO - [2021-11-02 15:59:00,804] {dag.py:2389} INFO - Sync 1 DAGs
[2021-11-02 15:59:00,831] {logging_mixin.py:109} INFO - [2021-11-02 15:59:00,831] {dag.py:2921} INFO - Setting next_dagrun for example_weekday_branch_operator to 2021-11-01 00:00:00+00:00
[2021-11-02 15:59:00,845] {processor.py:171} INFO - Processing /home/linuxadmin/.local/lib/python3.6/site-packages/airflow/example_dags/example_branch_day_of_week_operator.py took 0.105 seconds
[2021-11-02 15:59:06,078] {processor.py:163} INFO - Started process (PID=181346) to work on /home/linuxadmin/.local/lib/python3.6/site-packages/airflow/example_dags/example_branch_day_of_week_operator.py
[2021-11-02 15:59:06,079] {processor.py:620} INFO - Processing file /home/linuxadmin/.local/lib/python3.6/site-packages/airflow/example_dags/example_branch_day_of_week_operator.py for tasks to queue
[2021-11-02 15:59:06,080] {logging_mixin.py:109} INFO - [2021-11-02 15:59:06,080] {dagbag.py:500} INFO - Filling up the DagBag from /home/linuxadmin/.local/lib/python3.6/site-packages/airflow/example_dags/example_branch_day_of_week_operator.py
[2021-11-02 15:59:06,121] {processor.py:632} INFO - DAG(s) dict_keys(['example_weekday_branch_operator']) retrieved from /home/linuxadmin/.local/lib/python3.6/site-packages/airflow/example_dags/example_branch_day_of_week_operator.py
[2021-11-02 15:59:06,136] {logging_mixin.py:109} INFO - [2021-11-02 15:59:06,135] {dag.py:2389} INFO - Sync 1 DAGs
[2021-11-02 15:59:06,167] {logging_mixin.py:109} INFO - [2021-11-02 15:59:06,167] {dag.py:2921} INFO - Setting next_dagrun for example_weekday_branch_operator to 2021-11-01 00:00:00+00:00
[2021-11-02 15:59:06,181] {processor.py:171} INFO - Processing /home/linuxadmin/.local/lib/python3.6/site-packages/airflow/example_dags/example_branch_day_of_week_operator.py took 0.108 seconds
[2021-11-02 15:59:10,207] {processor.py:163} INFO - Started process (PID=181468) to work on /home/linuxadmin/.local/lib/python3.6/site-packages/airflow/example_dags/example_branch_day_of_week_operator.py
[2021-11-02 15:59:10,209] {processor.py:620} INFO - Processing file /home/linuxadmin/.local/lib/python3.6/site-packages/airflow/example_dags/example_branch_day_of_week_operator.py for tasks to queue
[2021-11-02 15:59:10,210] {logging_mixin.py:109} INFO - [2021-11-02 15:59:10,210] {dagbag.py:500} INFO - Filling up the DagBag from /home/linuxadmin/.local/lib/python3.6/site-packages/airflow/example_dags/example_branch_day_of_week_operator.py
[2021-11-02 15:59:10,253] {processor.py:632} INFO - DAG(s) dict_keys(['example_weekday_branch_operator']) retrieved from /home/linuxadmin/.local/lib/python3.6/site-packages/airflow/example_dags/example_branch_day_of_week_operator.py
[2021-11-02 15:59:10,266] {logging_mixin.py:109} INFO - [2021-11-02 15:59:10,266] {dag.py:2389} INFO - Sync 1 DAGs
[2021-11-02 15:59:10,300] {logging_mixin.py:109} INFO - [2021-11-02 15:59:10,300] {dag.py:2921} INFO - Setting next_dagrun for example_weekday_branch_operator to 2021-11-01 00:00:00+00:00
[2021-11-02 15:59:10,315] {processor.py:171} INFO - Processing /home/linuxadmin/.local/lib/python3.6/site-packages/airflow/example_dags/example_branch_day_of_week_operator.py took 0.114 seconds
