[2021-11-02 15:55:19,561] {processor.py:163} INFO - Started process (PID=175256) to work on /home/linuxadmin/.local/lib/python3.6/site-packages/airflow/example_dags/example_time_delta_sensor_async.py
[2021-11-02 15:55:19,562] {processor.py:620} INFO - Processing file /home/linuxadmin/.local/lib/python3.6/site-packages/airflow/example_dags/example_time_delta_sensor_async.py for tasks to queue
[2021-11-02 15:55:19,563] {logging_mixin.py:109} INFO - [2021-11-02 15:55:19,563] {dagbag.py:500} INFO - Filling up the DagBag from /home/linuxadmin/.local/lib/python3.6/site-packages/airflow/example_dags/example_time_delta_sensor_async.py
[2021-11-02 15:55:19,596] {processor.py:632} INFO - DAG(s) dict_keys(['example_time_delta_sensor_async']) retrieved from /home/linuxadmin/.local/lib/python3.6/site-packages/airflow/example_dags/example_time_delta_sensor_async.py
[2021-11-02 15:55:19,608] {logging_mixin.py:109} INFO - [2021-11-02 15:55:19,608] {dag.py:2389} INFO - Sync 1 DAGs
[2021-11-02 15:55:19,633] {logging_mixin.py:109} INFO - [2021-11-02 15:55:19,633] {dag.py:2921} INFO - Setting next_dagrun for example_time_delta_sensor_async to None
[2021-11-02 15:55:19,645] {processor.py:171} INFO - Processing /home/linuxadmin/.local/lib/python3.6/site-packages/airflow/example_dags/example_time_delta_sensor_async.py took 0.089 seconds
[2021-11-02 15:55:24,119] {processor.py:163} INFO - Started process (PID=175381) to work on /home/linuxadmin/.local/lib/python3.6/site-packages/airflow/example_dags/example_time_delta_sensor_async.py
[2021-11-02 15:55:24,121] {processor.py:620} INFO - Processing file /home/linuxadmin/.local/lib/python3.6/site-packages/airflow/example_dags/example_time_delta_sensor_async.py for tasks to queue
[2021-11-02 15:55:24,122] {logging_mixin.py:109} INFO - [2021-11-02 15:55:24,121] {dagbag.py:500} INFO - Filling up the DagBag from /home/linuxadmin/.local/lib/python3.6/site-packages/airflow/example_dags/example_time_delta_sensor_async.py
[2021-11-02 15:55:24,162] {processor.py:632} INFO - DAG(s) dict_keys(['example_time_delta_sensor_async']) retrieved from /home/linuxadmin/.local/lib/python3.6/site-packages/airflow/example_dags/example_time_delta_sensor_async.py
[2021-11-02 15:55:24,177] {logging_mixin.py:109} INFO - [2021-11-02 15:55:24,177] {dag.py:2389} INFO - Sync 1 DAGs
[2021-11-02 15:55:24,206] {logging_mixin.py:109} INFO - [2021-11-02 15:55:24,206] {dag.py:2921} INFO - Setting next_dagrun for example_time_delta_sensor_async to None
[2021-11-02 15:55:24,220] {processor.py:171} INFO - Processing /home/linuxadmin/.local/lib/python3.6/site-packages/airflow/example_dags/example_time_delta_sensor_async.py took 0.106 seconds
[2021-11-02 15:55:28,339] {processor.py:163} INFO - Started process (PID=175499) to work on /home/linuxadmin/.local/lib/python3.6/site-packages/airflow/example_dags/example_time_delta_sensor_async.py
[2021-11-02 15:55:28,340] {processor.py:620} INFO - Processing file /home/linuxadmin/.local/lib/python3.6/site-packages/airflow/example_dags/example_time_delta_sensor_async.py for tasks to queue
[2021-11-02 15:55:28,341] {logging_mixin.py:109} INFO - [2021-11-02 15:55:28,341] {dagbag.py:500} INFO - Filling up the DagBag from /home/linuxadmin/.local/lib/python3.6/site-packages/airflow/example_dags/example_time_delta_sensor_async.py
[2021-11-02 15:55:28,373] {processor.py:632} INFO - DAG(s) dict_keys(['example_time_delta_sensor_async']) retrieved from /home/linuxadmin/.local/lib/python3.6/site-packages/airflow/example_dags/example_time_delta_sensor_async.py
[2021-11-02 15:55:28,386] {logging_mixin.py:109} INFO - [2021-11-02 15:55:28,386] {dag.py:2389} INFO - Sync 1 DAGs
[2021-11-02 15:55:28,411] {logging_mixin.py:109} INFO - [2021-11-02 15:55:28,411] {dag.py:2921} INFO - Setting next_dagrun for example_time_delta_sensor_async to None
[2021-11-02 15:55:28,426] {processor.py:171} INFO - Processing /home/linuxadmin/.local/lib/python3.6/site-packages/airflow/example_dags/example_time_delta_sensor_async.py took 0.091 seconds
[2021-11-02 15:55:32,871] {processor.py:163} INFO - Started process (PID=175623) to work on /home/linuxadmin/.local/lib/python3.6/site-packages/airflow/example_dags/example_time_delta_sensor_async.py
[2021-11-02 15:55:32,872] {processor.py:620} INFO - Processing file /home/linuxadmin/.local/lib/python3.6/site-packages/airflow/example_dags/example_time_delta_sensor_async.py for tasks to queue
[2021-11-02 15:55:32,873] {logging_mixin.py:109} INFO - [2021-11-02 15:55:32,873] {dagbag.py:500} INFO - Filling up the DagBag from /home/linuxadmin/.local/lib/python3.6/site-packages/airflow/example_dags/example_time_delta_sensor_async.py
[2021-11-02 15:55:32,913] {processor.py:632} INFO - DAG(s) dict_keys(['example_time_delta_sensor_async']) retrieved from /home/linuxadmin/.local/lib/python3.6/site-packages/airflow/example_dags/example_time_delta_sensor_async.py
[2021-11-02 15:55:32,928] {logging_mixin.py:109} INFO - [2021-11-02 15:55:32,927] {dag.py:2389} INFO - Sync 1 DAGs
[2021-11-02 15:55:32,949] {logging_mixin.py:109} INFO - [2021-11-02 15:55:32,948] {dag.py:2921} INFO - Setting next_dagrun for example_time_delta_sensor_async to None
[2021-11-02 15:55:32,959] {processor.py:171} INFO - Processing /home/linuxadmin/.local/lib/python3.6/site-packages/airflow/example_dags/example_time_delta_sensor_async.py took 0.093 seconds
[2021-11-02 15:55:37,485] {processor.py:163} INFO - Started process (PID=175742) to work on /home/linuxadmin/.local/lib/python3.6/site-packages/airflow/example_dags/example_time_delta_sensor_async.py
[2021-11-02 15:55:37,486] {processor.py:620} INFO - Processing file /home/linuxadmin/.local/lib/python3.6/site-packages/airflow/example_dags/example_time_delta_sensor_async.py for tasks to queue
[2021-11-02 15:55:37,487] {logging_mixin.py:109} INFO - [2021-11-02 15:55:37,487] {dagbag.py:500} INFO - Filling up the DagBag from /home/linuxadmin/.local/lib/python3.6/site-packages/airflow/example_dags/example_time_delta_sensor_async.py
[2021-11-02 15:55:37,528] {processor.py:632} INFO - DAG(s) dict_keys(['example_time_delta_sensor_async']) retrieved from /home/linuxadmin/.local/lib/python3.6/site-packages/airflow/example_dags/example_time_delta_sensor_async.py
[2021-11-02 15:55:37,542] {logging_mixin.py:109} INFO - [2021-11-02 15:55:37,542] {dag.py:2389} INFO - Sync 1 DAGs
[2021-11-02 15:55:37,568] {logging_mixin.py:109} INFO - [2021-11-02 15:55:37,568] {dag.py:2921} INFO - Setting next_dagrun for example_time_delta_sensor_async to None
[2021-11-02 15:55:37,580] {processor.py:171} INFO - Processing /home/linuxadmin/.local/lib/python3.6/site-packages/airflow/example_dags/example_time_delta_sensor_async.py took 0.101 seconds
[2021-11-02 15:55:41,853] {processor.py:163} INFO - Started process (PID=175864) to work on /home/linuxadmin/.local/lib/python3.6/site-packages/airflow/example_dags/example_time_delta_sensor_async.py
[2021-11-02 15:55:41,854] {processor.py:620} INFO - Processing file /home/linuxadmin/.local/lib/python3.6/site-packages/airflow/example_dags/example_time_delta_sensor_async.py for tasks to queue
[2021-11-02 15:55:41,855] {logging_mixin.py:109} INFO - [2021-11-02 15:55:41,855] {dagbag.py:500} INFO - Filling up the DagBag from /home/linuxadmin/.local/lib/python3.6/site-packages/airflow/example_dags/example_time_delta_sensor_async.py
[2021-11-02 15:55:41,890] {processor.py:632} INFO - DAG(s) dict_keys(['example_time_delta_sensor_async']) retrieved from /home/linuxadmin/.local/lib/python3.6/site-packages/airflow/example_dags/example_time_delta_sensor_async.py
[2021-11-02 15:55:41,906] {logging_mixin.py:109} INFO - [2021-11-02 15:55:41,906] {dag.py:2389} INFO - Sync 1 DAGs
[2021-11-02 15:55:41,929] {logging_mixin.py:109} INFO - [2021-11-02 15:55:41,928] {dag.py:2921} INFO - Setting next_dagrun for example_time_delta_sensor_async to None
[2021-11-02 15:55:41,940] {processor.py:171} INFO - Processing /home/linuxadmin/.local/lib/python3.6/site-packages/airflow/example_dags/example_time_delta_sensor_async.py took 0.092 seconds
[2021-11-02 15:55:45,756] {processor.py:163} INFO - Started process (PID=175982) to work on /home/linuxadmin/.local/lib/python3.6/site-packages/airflow/example_dags/example_time_delta_sensor_async.py
[2021-11-02 15:55:45,758] {processor.py:620} INFO - Processing file /home/linuxadmin/.local/lib/python3.6/site-packages/airflow/example_dags/example_time_delta_sensor_async.py for tasks to queue
[2021-11-02 15:55:45,758] {logging_mixin.py:109} INFO - [2021-11-02 15:55:45,758] {dagbag.py:500} INFO - Filling up the DagBag from /home/linuxadmin/.local/lib/python3.6/site-packages/airflow/example_dags/example_time_delta_sensor_async.py
[2021-11-02 15:55:45,796] {processor.py:632} INFO - DAG(s) dict_keys(['example_time_delta_sensor_async']) retrieved from /home/linuxadmin/.local/lib/python3.6/site-packages/airflow/example_dags/example_time_delta_sensor_async.py
[2021-11-02 15:55:45,808] {logging_mixin.py:109} INFO - [2021-11-02 15:55:45,808] {dag.py:2389} INFO - Sync 1 DAGs
[2021-11-02 15:55:45,832] {logging_mixin.py:109} INFO - [2021-11-02 15:55:45,831] {dag.py:2921} INFO - Setting next_dagrun for example_time_delta_sensor_async to None
[2021-11-02 15:55:45,843] {processor.py:171} INFO - Processing /home/linuxadmin/.local/lib/python3.6/site-packages/airflow/example_dags/example_time_delta_sensor_async.py took 0.090 seconds
[2021-11-02 15:55:50,966] {processor.py:163} INFO - Started process (PID=176108) to work on /home/linuxadmin/.local/lib/python3.6/site-packages/airflow/example_dags/example_time_delta_sensor_async.py
[2021-11-02 15:55:50,968] {processor.py:620} INFO - Processing file /home/linuxadmin/.local/lib/python3.6/site-packages/airflow/example_dags/example_time_delta_sensor_async.py for tasks to queue
[2021-11-02 15:55:50,969] {logging_mixin.py:109} INFO - [2021-11-02 15:55:50,969] {dagbag.py:500} INFO - Filling up the DagBag from /home/linuxadmin/.local/lib/python3.6/site-packages/airflow/example_dags/example_time_delta_sensor_async.py
[2021-11-02 15:55:51,007] {processor.py:632} INFO - DAG(s) dict_keys(['example_time_delta_sensor_async']) retrieved from /home/linuxadmin/.local/lib/python3.6/site-packages/airflow/example_dags/example_time_delta_sensor_async.py
[2021-11-02 15:55:51,023] {logging_mixin.py:109} INFO - [2021-11-02 15:55:51,023] {dag.py:2389} INFO - Sync 1 DAGs
[2021-11-02 15:55:51,050] {logging_mixin.py:109} INFO - [2021-11-02 15:55:51,050] {dag.py:2921} INFO - Setting next_dagrun for example_time_delta_sensor_async to None
[2021-11-02 15:55:51,063] {processor.py:171} INFO - Processing /home/linuxadmin/.local/lib/python3.6/site-packages/airflow/example_dags/example_time_delta_sensor_async.py took 0.101 seconds
[2021-11-02 15:55:55,212] {processor.py:163} INFO - Started process (PID=176227) to work on /home/linuxadmin/.local/lib/python3.6/site-packages/airflow/example_dags/example_time_delta_sensor_async.py
[2021-11-02 15:55:55,215] {processor.py:620} INFO - Processing file /home/linuxadmin/.local/lib/python3.6/site-packages/airflow/example_dags/example_time_delta_sensor_async.py for tasks to queue
[2021-11-02 15:55:55,216] {logging_mixin.py:109} INFO - [2021-11-02 15:55:55,216] {dagbag.py:500} INFO - Filling up the DagBag from /home/linuxadmin/.local/lib/python3.6/site-packages/airflow/example_dags/example_time_delta_sensor_async.py
[2021-11-02 15:55:55,255] {processor.py:632} INFO - DAG(s) dict_keys(['example_time_delta_sensor_async']) retrieved from /home/linuxadmin/.local/lib/python3.6/site-packages/airflow/example_dags/example_time_delta_sensor_async.py
[2021-11-02 15:55:55,269] {logging_mixin.py:109} INFO - [2021-11-02 15:55:55,268] {dag.py:2389} INFO - Sync 1 DAGs
[2021-11-02 15:55:55,292] {logging_mixin.py:109} INFO - [2021-11-02 15:55:55,292] {dag.py:2921} INFO - Setting next_dagrun for example_time_delta_sensor_async to None
[2021-11-02 15:55:55,304] {processor.py:171} INFO - Processing /home/linuxadmin/.local/lib/python3.6/site-packages/airflow/example_dags/example_time_delta_sensor_async.py took 0.096 seconds
[2021-11-02 15:56:00,078] {processor.py:163} INFO - Started process (PID=176348) to work on /home/linuxadmin/.local/lib/python3.6/site-packages/airflow/example_dags/example_time_delta_sensor_async.py
[2021-11-02 15:56:00,080] {processor.py:620} INFO - Processing file /home/linuxadmin/.local/lib/python3.6/site-packages/airflow/example_dags/example_time_delta_sensor_async.py for tasks to queue
[2021-11-02 15:56:00,081] {logging_mixin.py:109} INFO - [2021-11-02 15:56:00,081] {dagbag.py:500} INFO - Filling up the DagBag from /home/linuxadmin/.local/lib/python3.6/site-packages/airflow/example_dags/example_time_delta_sensor_async.py
[2021-11-02 15:56:00,122] {processor.py:632} INFO - DAG(s) dict_keys(['example_time_delta_sensor_async']) retrieved from /home/linuxadmin/.local/lib/python3.6/site-packages/airflow/example_dags/example_time_delta_sensor_async.py
[2021-11-02 15:56:00,138] {logging_mixin.py:109} INFO - [2021-11-02 15:56:00,138] {dag.py:2389} INFO - Sync 1 DAGs
[2021-11-02 15:56:00,169] {logging_mixin.py:109} INFO - [2021-11-02 15:56:00,169] {dag.py:2921} INFO - Setting next_dagrun for example_time_delta_sensor_async to None
[2021-11-02 15:56:00,191] {processor.py:171} INFO - Processing /home/linuxadmin/.local/lib/python3.6/site-packages/airflow/example_dags/example_time_delta_sensor_async.py took 0.118 seconds
[2021-11-02 15:56:04,350] {processor.py:163} INFO - Started process (PID=176468) to work on /home/linuxadmin/.local/lib/python3.6/site-packages/airflow/example_dags/example_time_delta_sensor_async.py
[2021-11-02 15:56:04,352] {processor.py:620} INFO - Processing file /home/linuxadmin/.local/lib/python3.6/site-packages/airflow/example_dags/example_time_delta_sensor_async.py for tasks to queue
[2021-11-02 15:56:04,353] {logging_mixin.py:109} INFO - [2021-11-02 15:56:04,353] {dagbag.py:500} INFO - Filling up the DagBag from /home/linuxadmin/.local/lib/python3.6/site-packages/airflow/example_dags/example_time_delta_sensor_async.py
[2021-11-02 15:56:04,393] {processor.py:632} INFO - DAG(s) dict_keys(['example_time_delta_sensor_async']) retrieved from /home/linuxadmin/.local/lib/python3.6/site-packages/airflow/example_dags/example_time_delta_sensor_async.py
[2021-11-02 15:56:04,408] {logging_mixin.py:109} INFO - [2021-11-02 15:56:04,408] {dag.py:2389} INFO - Sync 1 DAGs
[2021-11-02 15:56:04,434] {logging_mixin.py:109} INFO - [2021-11-02 15:56:04,434] {dag.py:2921} INFO - Setting next_dagrun for example_time_delta_sensor_async to None
[2021-11-02 15:56:04,446] {processor.py:171} INFO - Processing /home/linuxadmin/.local/lib/python3.6/site-packages/airflow/example_dags/example_time_delta_sensor_async.py took 0.103 seconds
[2021-11-02 15:56:09,246] {processor.py:163} INFO - Started process (PID=176591) to work on /home/linuxadmin/.local/lib/python3.6/site-packages/airflow/example_dags/example_time_delta_sensor_async.py
[2021-11-02 15:56:09,247] {processor.py:620} INFO - Processing file /home/linuxadmin/.local/lib/python3.6/site-packages/airflow/example_dags/example_time_delta_sensor_async.py for tasks to queue
[2021-11-02 15:56:09,248] {logging_mixin.py:109} INFO - [2021-11-02 15:56:09,248] {dagbag.py:500} INFO - Filling up the DagBag from /home/linuxadmin/.local/lib/python3.6/site-packages/airflow/example_dags/example_time_delta_sensor_async.py
[2021-11-02 15:56:09,300] {processor.py:632} INFO - DAG(s) dict_keys(['example_time_delta_sensor_async']) retrieved from /home/linuxadmin/.local/lib/python3.6/site-packages/airflow/example_dags/example_time_delta_sensor_async.py
[2021-11-02 15:56:09,328] {logging_mixin.py:109} INFO - [2021-11-02 15:56:09,328] {dag.py:2389} INFO - Sync 1 DAGs
[2021-11-02 15:56:09,361] {logging_mixin.py:109} INFO - [2021-11-02 15:56:09,361] {dag.py:2921} INFO - Setting next_dagrun for example_time_delta_sensor_async to None
[2021-11-02 15:56:09,374] {processor.py:171} INFO - Processing /home/linuxadmin/.local/lib/python3.6/site-packages/airflow/example_dags/example_time_delta_sensor_async.py took 0.133 seconds
[2021-11-02 15:56:13,989] {processor.py:163} INFO - Started process (PID=176714) to work on /home/linuxadmin/.local/lib/python3.6/site-packages/airflow/example_dags/example_time_delta_sensor_async.py
[2021-11-02 15:56:13,990] {processor.py:620} INFO - Processing file /home/linuxadmin/.local/lib/python3.6/site-packages/airflow/example_dags/example_time_delta_sensor_async.py for tasks to queue
[2021-11-02 15:56:13,991] {logging_mixin.py:109} INFO - [2021-11-02 15:56:13,991] {dagbag.py:500} INFO - Filling up the DagBag from /home/linuxadmin/.local/lib/python3.6/site-packages/airflow/example_dags/example_time_delta_sensor_async.py
[2021-11-02 15:56:14,039] {processor.py:632} INFO - DAG(s) dict_keys(['example_time_delta_sensor_async']) retrieved from /home/linuxadmin/.local/lib/python3.6/site-packages/airflow/example_dags/example_time_delta_sensor_async.py
[2021-11-02 15:56:14,052] {logging_mixin.py:109} INFO - [2021-11-02 15:56:14,052] {dag.py:2389} INFO - Sync 1 DAGs
[2021-11-02 15:56:14,078] {logging_mixin.py:109} INFO - [2021-11-02 15:56:14,078] {dag.py:2921} INFO - Setting next_dagrun for example_time_delta_sensor_async to None
[2021-11-02 15:56:14,090] {processor.py:171} INFO - Processing /home/linuxadmin/.local/lib/python3.6/site-packages/airflow/example_dags/example_time_delta_sensor_async.py took 0.105 seconds
[2021-11-02 15:56:18,176] {processor.py:163} INFO - Started process (PID=176835) to work on /home/linuxadmin/.local/lib/python3.6/site-packages/airflow/example_dags/example_time_delta_sensor_async.py
[2021-11-02 15:56:18,177] {processor.py:620} INFO - Processing file /home/linuxadmin/.local/lib/python3.6/site-packages/airflow/example_dags/example_time_delta_sensor_async.py for tasks to queue
[2021-11-02 15:56:18,178] {logging_mixin.py:109} INFO - [2021-11-02 15:56:18,178] {dagbag.py:500} INFO - Filling up the DagBag from /home/linuxadmin/.local/lib/python3.6/site-packages/airflow/example_dags/example_time_delta_sensor_async.py
[2021-11-02 15:56:18,215] {processor.py:632} INFO - DAG(s) dict_keys(['example_time_delta_sensor_async']) retrieved from /home/linuxadmin/.local/lib/python3.6/site-packages/airflow/example_dags/example_time_delta_sensor_async.py
[2021-11-02 15:56:18,227] {logging_mixin.py:109} INFO - [2021-11-02 15:56:18,227] {dag.py:2389} INFO - Sync 1 DAGs
[2021-11-02 15:56:18,252] {logging_mixin.py:109} INFO - [2021-11-02 15:56:18,252] {dag.py:2921} INFO - Setting next_dagrun for example_time_delta_sensor_async to None
[2021-11-02 15:56:18,267] {processor.py:171} INFO - Processing /home/linuxadmin/.local/lib/python3.6/site-packages/airflow/example_dags/example_time_delta_sensor_async.py took 0.096 seconds
[2021-11-02 15:56:23,465] {processor.py:163} INFO - Started process (PID=176957) to work on /home/linuxadmin/.local/lib/python3.6/site-packages/airflow/example_dags/example_time_delta_sensor_async.py
[2021-11-02 15:56:23,467] {processor.py:620} INFO - Processing file /home/linuxadmin/.local/lib/python3.6/site-packages/airflow/example_dags/example_time_delta_sensor_async.py for tasks to queue
[2021-11-02 15:56:23,468] {logging_mixin.py:109} INFO - [2021-11-02 15:56:23,468] {dagbag.py:500} INFO - Filling up the DagBag from /home/linuxadmin/.local/lib/python3.6/site-packages/airflow/example_dags/example_time_delta_sensor_async.py
[2021-11-02 15:56:23,508] {processor.py:632} INFO - DAG(s) dict_keys(['example_time_delta_sensor_async']) retrieved from /home/linuxadmin/.local/lib/python3.6/site-packages/airflow/example_dags/example_time_delta_sensor_async.py
[2021-11-02 15:56:23,518] {logging_mixin.py:109} INFO - [2021-11-02 15:56:23,518] {dag.py:2389} INFO - Sync 1 DAGs
[2021-11-02 15:56:23,539] {logging_mixin.py:109} INFO - [2021-11-02 15:56:23,539] {dag.py:2921} INFO - Setting next_dagrun for example_time_delta_sensor_async to None
[2021-11-02 15:56:23,551] {processor.py:171} INFO - Processing /home/linuxadmin/.local/lib/python3.6/site-packages/airflow/example_dags/example_time_delta_sensor_async.py took 0.091 seconds
[2021-11-02 15:56:27,575] {processor.py:163} INFO - Started process (PID=177073) to work on /home/linuxadmin/.local/lib/python3.6/site-packages/airflow/example_dags/example_time_delta_sensor_async.py
[2021-11-02 15:56:27,576] {processor.py:620} INFO - Processing file /home/linuxadmin/.local/lib/python3.6/site-packages/airflow/example_dags/example_time_delta_sensor_async.py for tasks to queue
[2021-11-02 15:56:27,577] {logging_mixin.py:109} INFO - [2021-11-02 15:56:27,577] {dagbag.py:500} INFO - Filling up the DagBag from /home/linuxadmin/.local/lib/python3.6/site-packages/airflow/example_dags/example_time_delta_sensor_async.py
[2021-11-02 15:56:27,623] {processor.py:632} INFO - DAG(s) dict_keys(['example_time_delta_sensor_async']) retrieved from /home/linuxadmin/.local/lib/python3.6/site-packages/airflow/example_dags/example_time_delta_sensor_async.py
[2021-11-02 15:56:27,641] {logging_mixin.py:109} INFO - [2021-11-02 15:56:27,640] {dag.py:2389} INFO - Sync 1 DAGs
[2021-11-02 15:56:27,669] {logging_mixin.py:109} INFO - [2021-11-02 15:56:27,669] {dag.py:2921} INFO - Setting next_dagrun for example_time_delta_sensor_async to None
[2021-11-02 15:56:27,684] {processor.py:171} INFO - Processing /home/linuxadmin/.local/lib/python3.6/site-packages/airflow/example_dags/example_time_delta_sensor_async.py took 0.115 seconds
[2021-11-02 15:56:32,122] {processor.py:163} INFO - Started process (PID=177198) to work on /home/linuxadmin/.local/lib/python3.6/site-packages/airflow/example_dags/example_time_delta_sensor_async.py
[2021-11-02 15:56:32,125] {processor.py:620} INFO - Processing file /home/linuxadmin/.local/lib/python3.6/site-packages/airflow/example_dags/example_time_delta_sensor_async.py for tasks to queue
[2021-11-02 15:56:32,125] {logging_mixin.py:109} INFO - [2021-11-02 15:56:32,125] {dagbag.py:500} INFO - Filling up the DagBag from /home/linuxadmin/.local/lib/python3.6/site-packages/airflow/example_dags/example_time_delta_sensor_async.py
[2021-11-02 15:56:32,168] {processor.py:632} INFO - DAG(s) dict_keys(['example_time_delta_sensor_async']) retrieved from /home/linuxadmin/.local/lib/python3.6/site-packages/airflow/example_dags/example_time_delta_sensor_async.py
[2021-11-02 15:56:32,185] {logging_mixin.py:109} INFO - [2021-11-02 15:56:32,184] {dag.py:2389} INFO - Sync 1 DAGs
[2021-11-02 15:56:32,210] {logging_mixin.py:109} INFO - [2021-11-02 15:56:32,210] {dag.py:2921} INFO - Setting next_dagrun for example_time_delta_sensor_async to None
[2021-11-02 15:56:32,222] {processor.py:171} INFO - Processing /home/linuxadmin/.local/lib/python3.6/site-packages/airflow/example_dags/example_time_delta_sensor_async.py took 0.106 seconds
[2021-11-02 15:56:36,021] {processor.py:163} INFO - Started process (PID=177317) to work on /home/linuxadmin/.local/lib/python3.6/site-packages/airflow/example_dags/example_time_delta_sensor_async.py
[2021-11-02 15:56:36,023] {processor.py:620} INFO - Processing file /home/linuxadmin/.local/lib/python3.6/site-packages/airflow/example_dags/example_time_delta_sensor_async.py for tasks to queue
[2021-11-02 15:56:36,024] {logging_mixin.py:109} INFO - [2021-11-02 15:56:36,024] {dagbag.py:500} INFO - Filling up the DagBag from /home/linuxadmin/.local/lib/python3.6/site-packages/airflow/example_dags/example_time_delta_sensor_async.py
[2021-11-02 15:56:36,072] {processor.py:632} INFO - DAG(s) dict_keys(['example_time_delta_sensor_async']) retrieved from /home/linuxadmin/.local/lib/python3.6/site-packages/airflow/example_dags/example_time_delta_sensor_async.py
[2021-11-02 15:56:36,089] {logging_mixin.py:109} INFO - [2021-11-02 15:56:36,089] {dag.py:2389} INFO - Sync 1 DAGs
[2021-11-02 15:56:36,111] {logging_mixin.py:109} INFO - [2021-11-02 15:56:36,111] {dag.py:2921} INFO - Setting next_dagrun for example_time_delta_sensor_async to None
[2021-11-02 15:56:36,122] {processor.py:171} INFO - Processing /home/linuxadmin/.local/lib/python3.6/site-packages/airflow/example_dags/example_time_delta_sensor_async.py took 0.107 seconds
[2021-11-02 15:56:40,438] {processor.py:163} INFO - Started process (PID=177440) to work on /home/linuxadmin/.local/lib/python3.6/site-packages/airflow/example_dags/example_time_delta_sensor_async.py
[2021-11-02 15:56:40,440] {processor.py:620} INFO - Processing file /home/linuxadmin/.local/lib/python3.6/site-packages/airflow/example_dags/example_time_delta_sensor_async.py for tasks to queue
[2021-11-02 15:56:40,441] {logging_mixin.py:109} INFO - [2021-11-02 15:56:40,441] {dagbag.py:500} INFO - Filling up the DagBag from /home/linuxadmin/.local/lib/python3.6/site-packages/airflow/example_dags/example_time_delta_sensor_async.py
[2021-11-02 15:56:40,489] {processor.py:632} INFO - DAG(s) dict_keys(['example_time_delta_sensor_async']) retrieved from /home/linuxadmin/.local/lib/python3.6/site-packages/airflow/example_dags/example_time_delta_sensor_async.py
[2021-11-02 15:56:40,505] {logging_mixin.py:109} INFO - [2021-11-02 15:56:40,505] {dag.py:2389} INFO - Sync 1 DAGs
[2021-11-02 15:56:40,534] {logging_mixin.py:109} INFO - [2021-11-02 15:56:40,534] {dag.py:2921} INFO - Setting next_dagrun for example_time_delta_sensor_async to None
[2021-11-02 15:56:40,545] {processor.py:171} INFO - Processing /home/linuxadmin/.local/lib/python3.6/site-packages/airflow/example_dags/example_time_delta_sensor_async.py took 0.114 seconds
[2021-11-02 15:56:44,355] {processor.py:163} INFO - Started process (PID=177559) to work on /home/linuxadmin/.local/lib/python3.6/site-packages/airflow/example_dags/example_time_delta_sensor_async.py
[2021-11-02 15:56:44,356] {processor.py:620} INFO - Processing file /home/linuxadmin/.local/lib/python3.6/site-packages/airflow/example_dags/example_time_delta_sensor_async.py for tasks to queue
[2021-11-02 15:56:44,357] {logging_mixin.py:109} INFO - [2021-11-02 15:56:44,357] {dagbag.py:500} INFO - Filling up the DagBag from /home/linuxadmin/.local/lib/python3.6/site-packages/airflow/example_dags/example_time_delta_sensor_async.py
[2021-11-02 15:56:44,395] {processor.py:632} INFO - DAG(s) dict_keys(['example_time_delta_sensor_async']) retrieved from /home/linuxadmin/.local/lib/python3.6/site-packages/airflow/example_dags/example_time_delta_sensor_async.py
[2021-11-02 15:56:44,412] {logging_mixin.py:109} INFO - [2021-11-02 15:56:44,411] {dag.py:2389} INFO - Sync 1 DAGs
[2021-11-02 15:56:44,441] {logging_mixin.py:109} INFO - [2021-11-02 15:56:44,440] {dag.py:2921} INFO - Setting next_dagrun for example_time_delta_sensor_async to None
[2021-11-02 15:56:44,452] {processor.py:171} INFO - Processing /home/linuxadmin/.local/lib/python3.6/site-packages/airflow/example_dags/example_time_delta_sensor_async.py took 0.102 seconds
[2021-11-02 15:56:48,753] {processor.py:163} INFO - Started process (PID=177682) to work on /home/linuxadmin/.local/lib/python3.6/site-packages/airflow/example_dags/example_time_delta_sensor_async.py
[2021-11-02 15:56:48,754] {processor.py:620} INFO - Processing file /home/linuxadmin/.local/lib/python3.6/site-packages/airflow/example_dags/example_time_delta_sensor_async.py for tasks to queue
[2021-11-02 15:56:48,755] {logging_mixin.py:109} INFO - [2021-11-02 15:56:48,755] {dagbag.py:500} INFO - Filling up the DagBag from /home/linuxadmin/.local/lib/python3.6/site-packages/airflow/example_dags/example_time_delta_sensor_async.py
[2021-11-02 15:56:48,787] {processor.py:632} INFO - DAG(s) dict_keys(['example_time_delta_sensor_async']) retrieved from /home/linuxadmin/.local/lib/python3.6/site-packages/airflow/example_dags/example_time_delta_sensor_async.py
[2021-11-02 15:56:48,799] {logging_mixin.py:109} INFO - [2021-11-02 15:56:48,799] {dag.py:2389} INFO - Sync 1 DAGs
[2021-11-02 15:56:48,822] {logging_mixin.py:109} INFO - [2021-11-02 15:56:48,822] {dag.py:2921} INFO - Setting next_dagrun for example_time_delta_sensor_async to None
[2021-11-02 15:56:48,834] {processor.py:171} INFO - Processing /home/linuxadmin/.local/lib/python3.6/site-packages/airflow/example_dags/example_time_delta_sensor_async.py took 0.085 seconds
[2021-11-02 15:56:53,843] {processor.py:163} INFO - Started process (PID=177803) to work on /home/linuxadmin/.local/lib/python3.6/site-packages/airflow/example_dags/example_time_delta_sensor_async.py
[2021-11-02 15:56:53,845] {processor.py:620} INFO - Processing file /home/linuxadmin/.local/lib/python3.6/site-packages/airflow/example_dags/example_time_delta_sensor_async.py for tasks to queue
[2021-11-02 15:56:53,846] {logging_mixin.py:109} INFO - [2021-11-02 15:56:53,845] {dagbag.py:500} INFO - Filling up the DagBag from /home/linuxadmin/.local/lib/python3.6/site-packages/airflow/example_dags/example_time_delta_sensor_async.py
[2021-11-02 15:56:53,883] {processor.py:632} INFO - DAG(s) dict_keys(['example_time_delta_sensor_async']) retrieved from /home/linuxadmin/.local/lib/python3.6/site-packages/airflow/example_dags/example_time_delta_sensor_async.py
[2021-11-02 15:56:53,895] {logging_mixin.py:109} INFO - [2021-11-02 15:56:53,895] {dag.py:2389} INFO - Sync 1 DAGs
[2021-11-02 15:56:53,922] {logging_mixin.py:109} INFO - [2021-11-02 15:56:53,921] {dag.py:2921} INFO - Setting next_dagrun for example_time_delta_sensor_async to None
[2021-11-02 15:56:53,934] {processor.py:171} INFO - Processing /home/linuxadmin/.local/lib/python3.6/site-packages/airflow/example_dags/example_time_delta_sensor_async.py took 0.096 seconds
[2021-11-02 15:56:58,502] {processor.py:163} INFO - Started process (PID=177924) to work on /home/linuxadmin/.local/lib/python3.6/site-packages/airflow/example_dags/example_time_delta_sensor_async.py
[2021-11-02 15:56:58,505] {processor.py:620} INFO - Processing file /home/linuxadmin/.local/lib/python3.6/site-packages/airflow/example_dags/example_time_delta_sensor_async.py for tasks to queue
[2021-11-02 15:56:58,506] {logging_mixin.py:109} INFO - [2021-11-02 15:56:58,506] {dagbag.py:500} INFO - Filling up the DagBag from /home/linuxadmin/.local/lib/python3.6/site-packages/airflow/example_dags/example_time_delta_sensor_async.py
[2021-11-02 15:56:58,549] {processor.py:632} INFO - DAG(s) dict_keys(['example_time_delta_sensor_async']) retrieved from /home/linuxadmin/.local/lib/python3.6/site-packages/airflow/example_dags/example_time_delta_sensor_async.py
[2021-11-02 15:56:58,566] {logging_mixin.py:109} INFO - [2021-11-02 15:56:58,566] {dag.py:2389} INFO - Sync 1 DAGs
[2021-11-02 15:56:58,597] {logging_mixin.py:109} INFO - [2021-11-02 15:56:58,597] {dag.py:2921} INFO - Setting next_dagrun for example_time_delta_sensor_async to None
[2021-11-02 15:56:58,615] {processor.py:171} INFO - Processing /home/linuxadmin/.local/lib/python3.6/site-packages/airflow/example_dags/example_time_delta_sensor_async.py took 0.120 seconds
[2021-11-02 15:57:02,935] {processor.py:163} INFO - Started process (PID=178044) to work on /home/linuxadmin/.local/lib/python3.6/site-packages/airflow/example_dags/example_time_delta_sensor_async.py
[2021-11-02 15:57:02,936] {processor.py:620} INFO - Processing file /home/linuxadmin/.local/lib/python3.6/site-packages/airflow/example_dags/example_time_delta_sensor_async.py for tasks to queue
[2021-11-02 15:57:02,937] {logging_mixin.py:109} INFO - [2021-11-02 15:57:02,937] {dagbag.py:500} INFO - Filling up the DagBag from /home/linuxadmin/.local/lib/python3.6/site-packages/airflow/example_dags/example_time_delta_sensor_async.py
[2021-11-02 15:57:02,976] {processor.py:632} INFO - DAG(s) dict_keys(['example_time_delta_sensor_async']) retrieved from /home/linuxadmin/.local/lib/python3.6/site-packages/airflow/example_dags/example_time_delta_sensor_async.py
[2021-11-02 15:57:02,989] {logging_mixin.py:109} INFO - [2021-11-02 15:57:02,989] {dag.py:2389} INFO - Sync 1 DAGs
[2021-11-02 15:57:03,010] {logging_mixin.py:109} INFO - [2021-11-02 15:57:03,010] {dag.py:2921} INFO - Setting next_dagrun for example_time_delta_sensor_async to None
[2021-11-02 15:57:03,024] {processor.py:171} INFO - Processing /home/linuxadmin/.local/lib/python3.6/site-packages/airflow/example_dags/example_time_delta_sensor_async.py took 0.093 seconds
[2021-11-02 15:57:07,785] {processor.py:163} INFO - Started process (PID=178170) to work on /home/linuxadmin/.local/lib/python3.6/site-packages/airflow/example_dags/example_time_delta_sensor_async.py
[2021-11-02 15:57:07,787] {processor.py:620} INFO - Processing file /home/linuxadmin/.local/lib/python3.6/site-packages/airflow/example_dags/example_time_delta_sensor_async.py for tasks to queue
[2021-11-02 15:57:07,788] {logging_mixin.py:109} INFO - [2021-11-02 15:57:07,788] {dagbag.py:500} INFO - Filling up the DagBag from /home/linuxadmin/.local/lib/python3.6/site-packages/airflow/example_dags/example_time_delta_sensor_async.py
[2021-11-02 15:57:07,821] {processor.py:632} INFO - DAG(s) dict_keys(['example_time_delta_sensor_async']) retrieved from /home/linuxadmin/.local/lib/python3.6/site-packages/airflow/example_dags/example_time_delta_sensor_async.py
[2021-11-02 15:57:07,832] {logging_mixin.py:109} INFO - [2021-11-02 15:57:07,832] {dag.py:2389} INFO - Sync 1 DAGs
[2021-11-02 15:57:07,856] {logging_mixin.py:109} INFO - [2021-11-02 15:57:07,855] {dag.py:2921} INFO - Setting next_dagrun for example_time_delta_sensor_async to None
[2021-11-02 15:57:07,874] {processor.py:171} INFO - Processing /home/linuxadmin/.local/lib/python3.6/site-packages/airflow/example_dags/example_time_delta_sensor_async.py took 0.094 seconds
[2021-11-02 15:57:12,143] {processor.py:163} INFO - Started process (PID=178288) to work on /home/linuxadmin/.local/lib/python3.6/site-packages/airflow/example_dags/example_time_delta_sensor_async.py
[2021-11-02 15:57:12,145] {processor.py:620} INFO - Processing file /home/linuxadmin/.local/lib/python3.6/site-packages/airflow/example_dags/example_time_delta_sensor_async.py for tasks to queue
[2021-11-02 15:57:12,146] {logging_mixin.py:109} INFO - [2021-11-02 15:57:12,146] {dagbag.py:500} INFO - Filling up the DagBag from /home/linuxadmin/.local/lib/python3.6/site-packages/airflow/example_dags/example_time_delta_sensor_async.py
[2021-11-02 15:57:12,186] {processor.py:632} INFO - DAG(s) dict_keys(['example_time_delta_sensor_async']) retrieved from /home/linuxadmin/.local/lib/python3.6/site-packages/airflow/example_dags/example_time_delta_sensor_async.py
[2021-11-02 15:57:12,201] {logging_mixin.py:109} INFO - [2021-11-02 15:57:12,201] {dag.py:2389} INFO - Sync 1 DAGs
[2021-11-02 15:57:12,230] {logging_mixin.py:109} INFO - [2021-11-02 15:57:12,230] {dag.py:2921} INFO - Setting next_dagrun for example_time_delta_sensor_async to None
[2021-11-02 15:57:12,242] {processor.py:171} INFO - Processing /home/linuxadmin/.local/lib/python3.6/site-packages/airflow/example_dags/example_time_delta_sensor_async.py took 0.104 seconds
[2021-11-02 15:57:16,576] {processor.py:163} INFO - Started process (PID=178409) to work on /home/linuxadmin/.local/lib/python3.6/site-packages/airflow/example_dags/example_time_delta_sensor_async.py
[2021-11-02 15:57:16,578] {processor.py:620} INFO - Processing file /home/linuxadmin/.local/lib/python3.6/site-packages/airflow/example_dags/example_time_delta_sensor_async.py for tasks to queue
[2021-11-02 15:57:16,579] {logging_mixin.py:109} INFO - [2021-11-02 15:57:16,579] {dagbag.py:500} INFO - Filling up the DagBag from /home/linuxadmin/.local/lib/python3.6/site-packages/airflow/example_dags/example_time_delta_sensor_async.py
[2021-11-02 15:57:16,619] {processor.py:632} INFO - DAG(s) dict_keys(['example_time_delta_sensor_async']) retrieved from /home/linuxadmin/.local/lib/python3.6/site-packages/airflow/example_dags/example_time_delta_sensor_async.py
[2021-11-02 15:57:16,638] {logging_mixin.py:109} INFO - [2021-11-02 15:57:16,638] {dag.py:2389} INFO - Sync 1 DAGs
[2021-11-02 15:57:16,671] {logging_mixin.py:109} INFO - [2021-11-02 15:57:16,671] {dag.py:2921} INFO - Setting next_dagrun for example_time_delta_sensor_async to None
[2021-11-02 15:57:16,684] {processor.py:171} INFO - Processing /home/linuxadmin/.local/lib/python3.6/site-packages/airflow/example_dags/example_time_delta_sensor_async.py took 0.115 seconds
[2021-11-02 15:57:20,555] {processor.py:163} INFO - Started process (PID=178530) to work on /home/linuxadmin/.local/lib/python3.6/site-packages/airflow/example_dags/example_time_delta_sensor_async.py
[2021-11-02 15:57:20,556] {processor.py:620} INFO - Processing file /home/linuxadmin/.local/lib/python3.6/site-packages/airflow/example_dags/example_time_delta_sensor_async.py for tasks to queue
[2021-11-02 15:57:20,557] {logging_mixin.py:109} INFO - [2021-11-02 15:57:20,557] {dagbag.py:500} INFO - Filling up the DagBag from /home/linuxadmin/.local/lib/python3.6/site-packages/airflow/example_dags/example_time_delta_sensor_async.py
[2021-11-02 15:57:20,592] {processor.py:632} INFO - DAG(s) dict_keys(['example_time_delta_sensor_async']) retrieved from /home/linuxadmin/.local/lib/python3.6/site-packages/airflow/example_dags/example_time_delta_sensor_async.py
[2021-11-02 15:57:20,603] {logging_mixin.py:109} INFO - [2021-11-02 15:57:20,603] {dag.py:2389} INFO - Sync 1 DAGs
[2021-11-02 15:57:20,626] {logging_mixin.py:109} INFO - [2021-11-02 15:57:20,626] {dag.py:2921} INFO - Setting next_dagrun for example_time_delta_sensor_async to None
[2021-11-02 15:57:20,639] {processor.py:171} INFO - Processing /home/linuxadmin/.local/lib/python3.6/site-packages/airflow/example_dags/example_time_delta_sensor_async.py took 0.088 seconds
[2021-11-02 15:57:25,606] {processor.py:163} INFO - Started process (PID=178651) to work on /home/linuxadmin/.local/lib/python3.6/site-packages/airflow/example_dags/example_time_delta_sensor_async.py
[2021-11-02 15:57:25,608] {processor.py:620} INFO - Processing file /home/linuxadmin/.local/lib/python3.6/site-packages/airflow/example_dags/example_time_delta_sensor_async.py for tasks to queue
[2021-11-02 15:57:25,609] {logging_mixin.py:109} INFO - [2021-11-02 15:57:25,609] {dagbag.py:500} INFO - Filling up the DagBag from /home/linuxadmin/.local/lib/python3.6/site-packages/airflow/example_dags/example_time_delta_sensor_async.py
[2021-11-02 15:57:25,650] {processor.py:632} INFO - DAG(s) dict_keys(['example_time_delta_sensor_async']) retrieved from /home/linuxadmin/.local/lib/python3.6/site-packages/airflow/example_dags/example_time_delta_sensor_async.py
[2021-11-02 15:57:25,666] {logging_mixin.py:109} INFO - [2021-11-02 15:57:25,666] {dag.py:2389} INFO - Sync 1 DAGs
[2021-11-02 15:57:25,690] {logging_mixin.py:109} INFO - [2021-11-02 15:57:25,690] {dag.py:2921} INFO - Setting next_dagrun for example_time_delta_sensor_async to None
[2021-11-02 15:57:25,702] {processor.py:171} INFO - Processing /home/linuxadmin/.local/lib/python3.6/site-packages/airflow/example_dags/example_time_delta_sensor_async.py took 0.101 seconds
[2021-11-02 15:57:30,082] {processor.py:163} INFO - Started process (PID=178774) to work on /home/linuxadmin/.local/lib/python3.6/site-packages/airflow/example_dags/example_time_delta_sensor_async.py
[2021-11-02 15:57:30,083] {processor.py:620} INFO - Processing file /home/linuxadmin/.local/lib/python3.6/site-packages/airflow/example_dags/example_time_delta_sensor_async.py for tasks to queue
[2021-11-02 15:57:30,084] {logging_mixin.py:109} INFO - [2021-11-02 15:57:30,084] {dagbag.py:500} INFO - Filling up the DagBag from /home/linuxadmin/.local/lib/python3.6/site-packages/airflow/example_dags/example_time_delta_sensor_async.py
[2021-11-02 15:57:30,123] {processor.py:632} INFO - DAG(s) dict_keys(['example_time_delta_sensor_async']) retrieved from /home/linuxadmin/.local/lib/python3.6/site-packages/airflow/example_dags/example_time_delta_sensor_async.py
[2021-11-02 15:57:30,138] {logging_mixin.py:109} INFO - [2021-11-02 15:57:30,138] {dag.py:2389} INFO - Sync 1 DAGs
[2021-11-02 15:57:30,160] {logging_mixin.py:109} INFO - [2021-11-02 15:57:30,160] {dag.py:2921} INFO - Setting next_dagrun for example_time_delta_sensor_async to None
[2021-11-02 15:57:30,171] {processor.py:171} INFO - Processing /home/linuxadmin/.local/lib/python3.6/site-packages/airflow/example_dags/example_time_delta_sensor_async.py took 0.094 seconds
[2021-11-02 15:57:34,743] {processor.py:163} INFO - Started process (PID=178895) to work on /home/linuxadmin/.local/lib/python3.6/site-packages/airflow/example_dags/example_time_delta_sensor_async.py
[2021-11-02 15:57:34,745] {processor.py:620} INFO - Processing file /home/linuxadmin/.local/lib/python3.6/site-packages/airflow/example_dags/example_time_delta_sensor_async.py for tasks to queue
[2021-11-02 15:57:34,746] {logging_mixin.py:109} INFO - [2021-11-02 15:57:34,745] {dagbag.py:500} INFO - Filling up the DagBag from /home/linuxadmin/.local/lib/python3.6/site-packages/airflow/example_dags/example_time_delta_sensor_async.py
[2021-11-02 15:57:34,796] {processor.py:632} INFO - DAG(s) dict_keys(['example_time_delta_sensor_async']) retrieved from /home/linuxadmin/.local/lib/python3.6/site-packages/airflow/example_dags/example_time_delta_sensor_async.py
[2021-11-02 15:57:34,810] {logging_mixin.py:109} INFO - [2021-11-02 15:57:34,810] {dag.py:2389} INFO - Sync 1 DAGs
[2021-11-02 15:57:34,839] {logging_mixin.py:109} INFO - [2021-11-02 15:57:34,839] {dag.py:2921} INFO - Setting next_dagrun for example_time_delta_sensor_async to None
[2021-11-02 15:57:34,856] {processor.py:171} INFO - Processing /home/linuxadmin/.local/lib/python3.6/site-packages/airflow/example_dags/example_time_delta_sensor_async.py took 0.118 seconds
[2021-11-02 15:57:38,736] {processor.py:163} INFO - Started process (PID=179013) to work on /home/linuxadmin/.local/lib/python3.6/site-packages/airflow/example_dags/example_time_delta_sensor_async.py
[2021-11-02 15:57:38,737] {processor.py:620} INFO - Processing file /home/linuxadmin/.local/lib/python3.6/site-packages/airflow/example_dags/example_time_delta_sensor_async.py for tasks to queue
[2021-11-02 15:57:38,738] {logging_mixin.py:109} INFO - [2021-11-02 15:57:38,738] {dagbag.py:500} INFO - Filling up the DagBag from /home/linuxadmin/.local/lib/python3.6/site-packages/airflow/example_dags/example_time_delta_sensor_async.py
[2021-11-02 15:57:38,788] {processor.py:632} INFO - DAG(s) dict_keys(['example_time_delta_sensor_async']) retrieved from /home/linuxadmin/.local/lib/python3.6/site-packages/airflow/example_dags/example_time_delta_sensor_async.py
[2021-11-02 15:57:38,802] {logging_mixin.py:109} INFO - [2021-11-02 15:57:38,802] {dag.py:2389} INFO - Sync 1 DAGs
[2021-11-02 15:57:38,826] {logging_mixin.py:109} INFO - [2021-11-02 15:57:38,826] {dag.py:2921} INFO - Setting next_dagrun for example_time_delta_sensor_async to None
[2021-11-02 15:57:38,838] {processor.py:171} INFO - Processing /home/linuxadmin/.local/lib/python3.6/site-packages/airflow/example_dags/example_time_delta_sensor_async.py took 0.106 seconds
[2021-11-02 15:57:43,369] {processor.py:163} INFO - Started process (PID=179135) to work on /home/linuxadmin/.local/lib/python3.6/site-packages/airflow/example_dags/example_time_delta_sensor_async.py
[2021-11-02 15:57:43,371] {processor.py:620} INFO - Processing file /home/linuxadmin/.local/lib/python3.6/site-packages/airflow/example_dags/example_time_delta_sensor_async.py for tasks to queue
[2021-11-02 15:57:43,372] {logging_mixin.py:109} INFO - [2021-11-02 15:57:43,371] {dagbag.py:500} INFO - Filling up the DagBag from /home/linuxadmin/.local/lib/python3.6/site-packages/airflow/example_dags/example_time_delta_sensor_async.py
[2021-11-02 15:57:43,406] {processor.py:632} INFO - DAG(s) dict_keys(['example_time_delta_sensor_async']) retrieved from /home/linuxadmin/.local/lib/python3.6/site-packages/airflow/example_dags/example_time_delta_sensor_async.py
[2021-11-02 15:57:43,420] {logging_mixin.py:109} INFO - [2021-11-02 15:57:43,419] {dag.py:2389} INFO - Sync 1 DAGs
[2021-11-02 15:57:43,440] {logging_mixin.py:109} INFO - [2021-11-02 15:57:43,440] {dag.py:2921} INFO - Setting next_dagrun for example_time_delta_sensor_async to None
[2021-11-02 15:57:43,451] {processor.py:171} INFO - Processing /home/linuxadmin/.local/lib/python3.6/site-packages/airflow/example_dags/example_time_delta_sensor_async.py took 0.087 seconds
[2021-11-02 15:57:47,615] {processor.py:163} INFO - Started process (PID=179255) to work on /home/linuxadmin/.local/lib/python3.6/site-packages/airflow/example_dags/example_time_delta_sensor_async.py
[2021-11-02 15:57:47,617] {processor.py:620} INFO - Processing file /home/linuxadmin/.local/lib/python3.6/site-packages/airflow/example_dags/example_time_delta_sensor_async.py for tasks to queue
[2021-11-02 15:57:47,618] {logging_mixin.py:109} INFO - [2021-11-02 15:57:47,618] {dagbag.py:500} INFO - Filling up the DagBag from /home/linuxadmin/.local/lib/python3.6/site-packages/airflow/example_dags/example_time_delta_sensor_async.py
[2021-11-02 15:57:47,662] {processor.py:632} INFO - DAG(s) dict_keys(['example_time_delta_sensor_async']) retrieved from /home/linuxadmin/.local/lib/python3.6/site-packages/airflow/example_dags/example_time_delta_sensor_async.py
[2021-11-02 15:57:47,678] {logging_mixin.py:109} INFO - [2021-11-02 15:57:47,678] {dag.py:2389} INFO - Sync 1 DAGs
[2021-11-02 15:57:47,709] {logging_mixin.py:109} INFO - [2021-11-02 15:57:47,709] {dag.py:2921} INFO - Setting next_dagrun for example_time_delta_sensor_async to None
[2021-11-02 15:57:47,723] {processor.py:171} INFO - Processing /home/linuxadmin/.local/lib/python3.6/site-packages/airflow/example_dags/example_time_delta_sensor_async.py took 0.114 seconds
[2021-11-02 15:57:52,430] {processor.py:163} INFO - Started process (PID=179380) to work on /home/linuxadmin/.local/lib/python3.6/site-packages/airflow/example_dags/example_time_delta_sensor_async.py
[2021-11-02 15:57:52,432] {processor.py:620} INFO - Processing file /home/linuxadmin/.local/lib/python3.6/site-packages/airflow/example_dags/example_time_delta_sensor_async.py for tasks to queue
[2021-11-02 15:57:52,432] {logging_mixin.py:109} INFO - [2021-11-02 15:57:52,432] {dagbag.py:500} INFO - Filling up the DagBag from /home/linuxadmin/.local/lib/python3.6/site-packages/airflow/example_dags/example_time_delta_sensor_async.py
[2021-11-02 15:57:52,475] {processor.py:632} INFO - DAG(s) dict_keys(['example_time_delta_sensor_async']) retrieved from /home/linuxadmin/.local/lib/python3.6/site-packages/airflow/example_dags/example_time_delta_sensor_async.py
[2021-11-02 15:57:52,488] {logging_mixin.py:109} INFO - [2021-11-02 15:57:52,488] {dag.py:2389} INFO - Sync 1 DAGs
[2021-11-02 15:57:52,509] {logging_mixin.py:109} INFO - [2021-11-02 15:57:52,509] {dag.py:2921} INFO - Setting next_dagrun for example_time_delta_sensor_async to None
[2021-11-02 15:57:52,521] {processor.py:171} INFO - Processing /home/linuxadmin/.local/lib/python3.6/site-packages/airflow/example_dags/example_time_delta_sensor_async.py took 0.096 seconds
[2021-11-02 15:57:57,736] {processor.py:163} INFO - Started process (PID=179505) to work on /home/linuxadmin/.local/lib/python3.6/site-packages/airflow/example_dags/example_time_delta_sensor_async.py
[2021-11-02 15:57:57,737] {processor.py:620} INFO - Processing file /home/linuxadmin/.local/lib/python3.6/site-packages/airflow/example_dags/example_time_delta_sensor_async.py for tasks to queue
[2021-11-02 15:57:57,738] {logging_mixin.py:109} INFO - [2021-11-02 15:57:57,738] {dagbag.py:500} INFO - Filling up the DagBag from /home/linuxadmin/.local/lib/python3.6/site-packages/airflow/example_dags/example_time_delta_sensor_async.py
[2021-11-02 15:57:57,774] {processor.py:632} INFO - DAG(s) dict_keys(['example_time_delta_sensor_async']) retrieved from /home/linuxadmin/.local/lib/python3.6/site-packages/airflow/example_dags/example_time_delta_sensor_async.py
[2021-11-02 15:57:57,786] {logging_mixin.py:109} INFO - [2021-11-02 15:57:57,785] {dag.py:2389} INFO - Sync 1 DAGs
[2021-11-02 15:57:57,808] {logging_mixin.py:109} INFO - [2021-11-02 15:57:57,808] {dag.py:2921} INFO - Setting next_dagrun for example_time_delta_sensor_async to None
[2021-11-02 15:57:57,819] {processor.py:171} INFO - Processing /home/linuxadmin/.local/lib/python3.6/site-packages/airflow/example_dags/example_time_delta_sensor_async.py took 0.089 seconds
[2021-11-02 15:58:01,882] {processor.py:163} INFO - Started process (PID=179623) to work on /home/linuxadmin/.local/lib/python3.6/site-packages/airflow/example_dags/example_time_delta_sensor_async.py
[2021-11-02 15:58:01,884] {processor.py:620} INFO - Processing file /home/linuxadmin/.local/lib/python3.6/site-packages/airflow/example_dags/example_time_delta_sensor_async.py for tasks to queue
[2021-11-02 15:58:01,885] {logging_mixin.py:109} INFO - [2021-11-02 15:58:01,885] {dagbag.py:500} INFO - Filling up the DagBag from /home/linuxadmin/.local/lib/python3.6/site-packages/airflow/example_dags/example_time_delta_sensor_async.py
[2021-11-02 15:58:01,926] {processor.py:632} INFO - DAG(s) dict_keys(['example_time_delta_sensor_async']) retrieved from /home/linuxadmin/.local/lib/python3.6/site-packages/airflow/example_dags/example_time_delta_sensor_async.py
[2021-11-02 15:58:01,938] {logging_mixin.py:109} INFO - [2021-11-02 15:58:01,937] {dag.py:2389} INFO - Sync 1 DAGs
[2021-11-02 15:58:01,963] {logging_mixin.py:109} INFO - [2021-11-02 15:58:01,963] {dag.py:2921} INFO - Setting next_dagrun for example_time_delta_sensor_async to None
[2021-11-02 15:58:01,976] {processor.py:171} INFO - Processing /home/linuxadmin/.local/lib/python3.6/site-packages/airflow/example_dags/example_time_delta_sensor_async.py took 0.099 seconds
[2021-11-02 15:58:06,268] {processor.py:163} INFO - Started process (PID=179747) to work on /home/linuxadmin/.local/lib/python3.6/site-packages/airflow/example_dags/example_time_delta_sensor_async.py
[2021-11-02 15:58:06,269] {processor.py:620} INFO - Processing file /home/linuxadmin/.local/lib/python3.6/site-packages/airflow/example_dags/example_time_delta_sensor_async.py for tasks to queue
[2021-11-02 15:58:06,270] {logging_mixin.py:109} INFO - [2021-11-02 15:58:06,270] {dagbag.py:500} INFO - Filling up the DagBag from /home/linuxadmin/.local/lib/python3.6/site-packages/airflow/example_dags/example_time_delta_sensor_async.py
[2021-11-02 15:58:06,311] {processor.py:632} INFO - DAG(s) dict_keys(['example_time_delta_sensor_async']) retrieved from /home/linuxadmin/.local/lib/python3.6/site-packages/airflow/example_dags/example_time_delta_sensor_async.py
[2021-11-02 15:58:06,325] {logging_mixin.py:109} INFO - [2021-11-02 15:58:06,325] {dag.py:2389} INFO - Sync 1 DAGs
[2021-11-02 15:58:06,352] {logging_mixin.py:109} INFO - [2021-11-02 15:58:06,352] {dag.py:2921} INFO - Setting next_dagrun for example_time_delta_sensor_async to None
[2021-11-02 15:58:06,367] {processor.py:171} INFO - Processing /home/linuxadmin/.local/lib/python3.6/site-packages/airflow/example_dags/example_time_delta_sensor_async.py took 0.104 seconds
[2021-11-02 15:58:10,833] {processor.py:163} INFO - Started process (PID=179865) to work on /home/linuxadmin/.local/lib/python3.6/site-packages/airflow/example_dags/example_time_delta_sensor_async.py
[2021-11-02 15:58:10,834] {processor.py:620} INFO - Processing file /home/linuxadmin/.local/lib/python3.6/site-packages/airflow/example_dags/example_time_delta_sensor_async.py for tasks to queue
[2021-11-02 15:58:10,835] {logging_mixin.py:109} INFO - [2021-11-02 15:58:10,835] {dagbag.py:500} INFO - Filling up the DagBag from /home/linuxadmin/.local/lib/python3.6/site-packages/airflow/example_dags/example_time_delta_sensor_async.py
[2021-11-02 15:58:10,876] {processor.py:632} INFO - DAG(s) dict_keys(['example_time_delta_sensor_async']) retrieved from /home/linuxadmin/.local/lib/python3.6/site-packages/airflow/example_dags/example_time_delta_sensor_async.py
[2021-11-02 15:58:10,889] {logging_mixin.py:109} INFO - [2021-11-02 15:58:10,889] {dag.py:2389} INFO - Sync 1 DAGs
[2021-11-02 15:58:10,913] {logging_mixin.py:109} INFO - [2021-11-02 15:58:10,912] {dag.py:2921} INFO - Setting next_dagrun for example_time_delta_sensor_async to None
[2021-11-02 15:58:10,922] {processor.py:171} INFO - Processing /home/linuxadmin/.local/lib/python3.6/site-packages/airflow/example_dags/example_time_delta_sensor_async.py took 0.095 seconds
[2021-11-02 15:58:15,769] {processor.py:163} INFO - Started process (PID=179989) to work on /home/linuxadmin/.local/lib/python3.6/site-packages/airflow/example_dags/example_time_delta_sensor_async.py
[2021-11-02 15:58:15,770] {processor.py:620} INFO - Processing file /home/linuxadmin/.local/lib/python3.6/site-packages/airflow/example_dags/example_time_delta_sensor_async.py for tasks to queue
[2021-11-02 15:58:15,771] {logging_mixin.py:109} INFO - [2021-11-02 15:58:15,771] {dagbag.py:500} INFO - Filling up the DagBag from /home/linuxadmin/.local/lib/python3.6/site-packages/airflow/example_dags/example_time_delta_sensor_async.py
[2021-11-02 15:58:15,802] {processor.py:632} INFO - DAG(s) dict_keys(['example_time_delta_sensor_async']) retrieved from /home/linuxadmin/.local/lib/python3.6/site-packages/airflow/example_dags/example_time_delta_sensor_async.py
[2021-11-02 15:58:15,812] {logging_mixin.py:109} INFO - [2021-11-02 15:58:15,812] {dag.py:2389} INFO - Sync 1 DAGs
[2021-11-02 15:58:15,832] {logging_mixin.py:109} INFO - [2021-11-02 15:58:15,831] {dag.py:2921} INFO - Setting next_dagrun for example_time_delta_sensor_async to None
[2021-11-02 15:58:15,842] {processor.py:171} INFO - Processing /home/linuxadmin/.local/lib/python3.6/site-packages/airflow/example_dags/example_time_delta_sensor_async.py took 0.078 seconds
[2021-11-02 15:58:20,121] {processor.py:163} INFO - Started process (PID=180114) to work on /home/linuxadmin/.local/lib/python3.6/site-packages/airflow/example_dags/example_time_delta_sensor_async.py
[2021-11-02 15:58:20,123] {processor.py:620} INFO - Processing file /home/linuxadmin/.local/lib/python3.6/site-packages/airflow/example_dags/example_time_delta_sensor_async.py for tasks to queue
[2021-11-02 15:58:20,124] {logging_mixin.py:109} INFO - [2021-11-02 15:58:20,124] {dagbag.py:500} INFO - Filling up the DagBag from /home/linuxadmin/.local/lib/python3.6/site-packages/airflow/example_dags/example_time_delta_sensor_async.py
[2021-11-02 15:58:20,158] {processor.py:632} INFO - DAG(s) dict_keys(['example_time_delta_sensor_async']) retrieved from /home/linuxadmin/.local/lib/python3.6/site-packages/airflow/example_dags/example_time_delta_sensor_async.py
[2021-11-02 15:58:20,171] {logging_mixin.py:109} INFO - [2021-11-02 15:58:20,170] {dag.py:2389} INFO - Sync 1 DAGs
[2021-11-02 15:58:20,194] {logging_mixin.py:109} INFO - [2021-11-02 15:58:20,194] {dag.py:2921} INFO - Setting next_dagrun for example_time_delta_sensor_async to None
[2021-11-02 15:58:20,207] {processor.py:171} INFO - Processing /home/linuxadmin/.local/lib/python3.6/site-packages/airflow/example_dags/example_time_delta_sensor_async.py took 0.090 seconds
[2021-11-02 15:58:24,088] {processor.py:163} INFO - Started process (PID=180232) to work on /home/linuxadmin/.local/lib/python3.6/site-packages/airflow/example_dags/example_time_delta_sensor_async.py
[2021-11-02 15:58:24,089] {processor.py:620} INFO - Processing file /home/linuxadmin/.local/lib/python3.6/site-packages/airflow/example_dags/example_time_delta_sensor_async.py for tasks to queue
[2021-11-02 15:58:24,090] {logging_mixin.py:109} INFO - [2021-11-02 15:58:24,090] {dagbag.py:500} INFO - Filling up the DagBag from /home/linuxadmin/.local/lib/python3.6/site-packages/airflow/example_dags/example_time_delta_sensor_async.py
[2021-11-02 15:58:24,138] {processor.py:632} INFO - DAG(s) dict_keys(['example_time_delta_sensor_async']) retrieved from /home/linuxadmin/.local/lib/python3.6/site-packages/airflow/example_dags/example_time_delta_sensor_async.py
[2021-11-02 15:58:24,157] {logging_mixin.py:109} INFO - [2021-11-02 15:58:24,157] {dag.py:2389} INFO - Sync 1 DAGs
[2021-11-02 15:58:24,186] {logging_mixin.py:109} INFO - [2021-11-02 15:58:24,186] {dag.py:2921} INFO - Setting next_dagrun for example_time_delta_sensor_async to None
[2021-11-02 15:58:24,199] {processor.py:171} INFO - Processing /home/linuxadmin/.local/lib/python3.6/site-packages/airflow/example_dags/example_time_delta_sensor_async.py took 0.116 seconds
[2021-11-02 15:58:29,534] {processor.py:163} INFO - Started process (PID=180357) to work on /home/linuxadmin/.local/lib/python3.6/site-packages/airflow/example_dags/example_time_delta_sensor_async.py
[2021-11-02 15:58:29,536] {processor.py:620} INFO - Processing file /home/linuxadmin/.local/lib/python3.6/site-packages/airflow/example_dags/example_time_delta_sensor_async.py for tasks to queue
[2021-11-02 15:58:29,537] {logging_mixin.py:109} INFO - [2021-11-02 15:58:29,537] {dagbag.py:500} INFO - Filling up the DagBag from /home/linuxadmin/.local/lib/python3.6/site-packages/airflow/example_dags/example_time_delta_sensor_async.py
[2021-11-02 15:58:29,573] {processor.py:632} INFO - DAG(s) dict_keys(['example_time_delta_sensor_async']) retrieved from /home/linuxadmin/.local/lib/python3.6/site-packages/airflow/example_dags/example_time_delta_sensor_async.py
[2021-11-02 15:58:29,585] {logging_mixin.py:109} INFO - [2021-11-02 15:58:29,585] {dag.py:2389} INFO - Sync 1 DAGs
[2021-11-02 15:58:29,606] {logging_mixin.py:109} INFO - [2021-11-02 15:58:29,606] {dag.py:2921} INFO - Setting next_dagrun for example_time_delta_sensor_async to None
[2021-11-02 15:58:29,619] {processor.py:171} INFO - Processing /home/linuxadmin/.local/lib/python3.6/site-packages/airflow/example_dags/example_time_delta_sensor_async.py took 0.090 seconds
[2021-11-02 15:58:33,844] {processor.py:163} INFO - Started process (PID=180476) to work on /home/linuxadmin/.local/lib/python3.6/site-packages/airflow/example_dags/example_time_delta_sensor_async.py
[2021-11-02 15:58:33,846] {processor.py:620} INFO - Processing file /home/linuxadmin/.local/lib/python3.6/site-packages/airflow/example_dags/example_time_delta_sensor_async.py for tasks to queue
[2021-11-02 15:58:33,846] {logging_mixin.py:109} INFO - [2021-11-02 15:58:33,846] {dagbag.py:500} INFO - Filling up the DagBag from /home/linuxadmin/.local/lib/python3.6/site-packages/airflow/example_dags/example_time_delta_sensor_async.py
[2021-11-02 15:58:33,880] {processor.py:632} INFO - DAG(s) dict_keys(['example_time_delta_sensor_async']) retrieved from /home/linuxadmin/.local/lib/python3.6/site-packages/airflow/example_dags/example_time_delta_sensor_async.py
[2021-11-02 15:58:33,893] {logging_mixin.py:109} INFO - [2021-11-02 15:58:33,893] {dag.py:2389} INFO - Sync 1 DAGs
[2021-11-02 15:58:33,914] {logging_mixin.py:109} INFO - [2021-11-02 15:58:33,914] {dag.py:2921} INFO - Setting next_dagrun for example_time_delta_sensor_async to None
[2021-11-02 15:58:33,926] {processor.py:171} INFO - Processing /home/linuxadmin/.local/lib/python3.6/site-packages/airflow/example_dags/example_time_delta_sensor_async.py took 0.087 seconds
[2021-11-02 15:58:38,594] {processor.py:163} INFO - Started process (PID=180599) to work on /home/linuxadmin/.local/lib/python3.6/site-packages/airflow/example_dags/example_time_delta_sensor_async.py
[2021-11-02 15:58:38,596] {processor.py:620} INFO - Processing file /home/linuxadmin/.local/lib/python3.6/site-packages/airflow/example_dags/example_time_delta_sensor_async.py for tasks to queue
[2021-11-02 15:58:38,596] {logging_mixin.py:109} INFO - [2021-11-02 15:58:38,596] {dagbag.py:500} INFO - Filling up the DagBag from /home/linuxadmin/.local/lib/python3.6/site-packages/airflow/example_dags/example_time_delta_sensor_async.py
[2021-11-02 15:58:38,633] {processor.py:632} INFO - DAG(s) dict_keys(['example_time_delta_sensor_async']) retrieved from /home/linuxadmin/.local/lib/python3.6/site-packages/airflow/example_dags/example_time_delta_sensor_async.py
[2021-11-02 15:58:38,646] {logging_mixin.py:109} INFO - [2021-11-02 15:58:38,646] {dag.py:2389} INFO - Sync 1 DAGs
[2021-11-02 15:58:38,668] {logging_mixin.py:109} INFO - [2021-11-02 15:58:38,667] {dag.py:2921} INFO - Setting next_dagrun for example_time_delta_sensor_async to None
[2021-11-02 15:58:38,680] {processor.py:171} INFO - Processing /home/linuxadmin/.local/lib/python3.6/site-packages/airflow/example_dags/example_time_delta_sensor_async.py took 0.092 seconds
[2021-11-02 15:58:42,626] {processor.py:163} INFO - Started process (PID=180718) to work on /home/linuxadmin/.local/lib/python3.6/site-packages/airflow/example_dags/example_time_delta_sensor_async.py
[2021-11-02 15:58:42,627] {processor.py:620} INFO - Processing file /home/linuxadmin/.local/lib/python3.6/site-packages/airflow/example_dags/example_time_delta_sensor_async.py for tasks to queue
[2021-11-02 15:58:42,628] {logging_mixin.py:109} INFO - [2021-11-02 15:58:42,628] {dagbag.py:500} INFO - Filling up the DagBag from /home/linuxadmin/.local/lib/python3.6/site-packages/airflow/example_dags/example_time_delta_sensor_async.py
[2021-11-02 15:58:42,664] {processor.py:632} INFO - DAG(s) dict_keys(['example_time_delta_sensor_async']) retrieved from /home/linuxadmin/.local/lib/python3.6/site-packages/airflow/example_dags/example_time_delta_sensor_async.py
[2021-11-02 15:58:42,680] {logging_mixin.py:109} INFO - [2021-11-02 15:58:42,680] {dag.py:2389} INFO - Sync 1 DAGs
[2021-11-02 15:58:42,704] {logging_mixin.py:109} INFO - [2021-11-02 15:58:42,704] {dag.py:2921} INFO - Setting next_dagrun for example_time_delta_sensor_async to None
[2021-11-02 15:58:42,718] {processor.py:171} INFO - Processing /home/linuxadmin/.local/lib/python3.6/site-packages/airflow/example_dags/example_time_delta_sensor_async.py took 0.096 seconds
[2021-11-02 15:58:47,154] {processor.py:163} INFO - Started process (PID=180841) to work on /home/linuxadmin/.local/lib/python3.6/site-packages/airflow/example_dags/example_time_delta_sensor_async.py
[2021-11-02 15:58:47,155] {processor.py:620} INFO - Processing file /home/linuxadmin/.local/lib/python3.6/site-packages/airflow/example_dags/example_time_delta_sensor_async.py for tasks to queue
[2021-11-02 15:58:47,156] {logging_mixin.py:109} INFO - [2021-11-02 15:58:47,156] {dagbag.py:500} INFO - Filling up the DagBag from /home/linuxadmin/.local/lib/python3.6/site-packages/airflow/example_dags/example_time_delta_sensor_async.py
[2021-11-02 15:58:47,197] {processor.py:632} INFO - DAG(s) dict_keys(['example_time_delta_sensor_async']) retrieved from /home/linuxadmin/.local/lib/python3.6/site-packages/airflow/example_dags/example_time_delta_sensor_async.py
[2021-11-02 15:58:47,209] {logging_mixin.py:109} INFO - [2021-11-02 15:58:47,209] {dag.py:2389} INFO - Sync 1 DAGs
[2021-11-02 15:58:47,230] {logging_mixin.py:109} INFO - [2021-11-02 15:58:47,230] {dag.py:2921} INFO - Setting next_dagrun for example_time_delta_sensor_async to None
[2021-11-02 15:58:47,244] {processor.py:171} INFO - Processing /home/linuxadmin/.local/lib/python3.6/site-packages/airflow/example_dags/example_time_delta_sensor_async.py took 0.095 seconds
[2021-11-02 15:58:51,054] {processor.py:163} INFO - Started process (PID=180962) to work on /home/linuxadmin/.local/lib/python3.6/site-packages/airflow/example_dags/example_time_delta_sensor_async.py
[2021-11-02 15:58:51,055] {processor.py:620} INFO - Processing file /home/linuxadmin/.local/lib/python3.6/site-packages/airflow/example_dags/example_time_delta_sensor_async.py for tasks to queue
[2021-11-02 15:58:51,056] {logging_mixin.py:109} INFO - [2021-11-02 15:58:51,056] {dagbag.py:500} INFO - Filling up the DagBag from /home/linuxadmin/.local/lib/python3.6/site-packages/airflow/example_dags/example_time_delta_sensor_async.py
[2021-11-02 15:58:51,092] {processor.py:632} INFO - DAG(s) dict_keys(['example_time_delta_sensor_async']) retrieved from /home/linuxadmin/.local/lib/python3.6/site-packages/airflow/example_dags/example_time_delta_sensor_async.py
[2021-11-02 15:58:51,107] {logging_mixin.py:109} INFO - [2021-11-02 15:58:51,106] {dag.py:2389} INFO - Sync 1 DAGs
[2021-11-02 15:58:51,128] {logging_mixin.py:109} INFO - [2021-11-02 15:58:51,128] {dag.py:2921} INFO - Setting next_dagrun for example_time_delta_sensor_async to None
[2021-11-02 15:58:51,141] {processor.py:171} INFO - Processing /home/linuxadmin/.local/lib/python3.6/site-packages/airflow/example_dags/example_time_delta_sensor_async.py took 0.093 seconds
[2021-11-02 15:58:55,493] {processor.py:163} INFO - Started process (PID=181085) to work on /home/linuxadmin/.local/lib/python3.6/site-packages/airflow/example_dags/example_time_delta_sensor_async.py
[2021-11-02 15:58:55,495] {processor.py:620} INFO - Processing file /home/linuxadmin/.local/lib/python3.6/site-packages/airflow/example_dags/example_time_delta_sensor_async.py for tasks to queue
[2021-11-02 15:58:55,496] {logging_mixin.py:109} INFO - [2021-11-02 15:58:55,496] {dagbag.py:500} INFO - Filling up the DagBag from /home/linuxadmin/.local/lib/python3.6/site-packages/airflow/example_dags/example_time_delta_sensor_async.py
[2021-11-02 15:58:55,532] {processor.py:632} INFO - DAG(s) dict_keys(['example_time_delta_sensor_async']) retrieved from /home/linuxadmin/.local/lib/python3.6/site-packages/airflow/example_dags/example_time_delta_sensor_async.py
[2021-11-02 15:58:55,548] {logging_mixin.py:109} INFO - [2021-11-02 15:58:55,548] {dag.py:2389} INFO - Sync 1 DAGs
[2021-11-02 15:58:55,577] {logging_mixin.py:109} INFO - [2021-11-02 15:58:55,577] {dag.py:2921} INFO - Setting next_dagrun for example_time_delta_sensor_async to None
[2021-11-02 15:58:55,595] {processor.py:171} INFO - Processing /home/linuxadmin/.local/lib/python3.6/site-packages/airflow/example_dags/example_time_delta_sensor_async.py took 0.106 seconds
[2021-11-02 15:59:00,222] {processor.py:163} INFO - Started process (PID=181203) to work on /home/linuxadmin/.local/lib/python3.6/site-packages/airflow/example_dags/example_time_delta_sensor_async.py
[2021-11-02 15:59:00,223] {processor.py:620} INFO - Processing file /home/linuxadmin/.local/lib/python3.6/site-packages/airflow/example_dags/example_time_delta_sensor_async.py for tasks to queue
[2021-11-02 15:59:00,224] {logging_mixin.py:109} INFO - [2021-11-02 15:59:00,224] {dagbag.py:500} INFO - Filling up the DagBag from /home/linuxadmin/.local/lib/python3.6/site-packages/airflow/example_dags/example_time_delta_sensor_async.py
[2021-11-02 15:59:00,263] {processor.py:632} INFO - DAG(s) dict_keys(['example_time_delta_sensor_async']) retrieved from /home/linuxadmin/.local/lib/python3.6/site-packages/airflow/example_dags/example_time_delta_sensor_async.py
[2021-11-02 15:59:00,279] {logging_mixin.py:109} INFO - [2021-11-02 15:59:00,279] {dag.py:2389} INFO - Sync 1 DAGs
[2021-11-02 15:59:00,310] {logging_mixin.py:109} INFO - [2021-11-02 15:59:00,309] {dag.py:2921} INFO - Setting next_dagrun for example_time_delta_sensor_async to None
[2021-11-02 15:59:00,327] {processor.py:171} INFO - Processing /home/linuxadmin/.local/lib/python3.6/site-packages/airflow/example_dags/example_time_delta_sensor_async.py took 0.110 seconds
[2021-11-02 15:59:05,512] {processor.py:163} INFO - Started process (PID=181330) to work on /home/linuxadmin/.local/lib/python3.6/site-packages/airflow/example_dags/example_time_delta_sensor_async.py
[2021-11-02 15:59:05,513] {processor.py:620} INFO - Processing file /home/linuxadmin/.local/lib/python3.6/site-packages/airflow/example_dags/example_time_delta_sensor_async.py for tasks to queue
[2021-11-02 15:59:05,514] {logging_mixin.py:109} INFO - [2021-11-02 15:59:05,513] {dagbag.py:500} INFO - Filling up the DagBag from /home/linuxadmin/.local/lib/python3.6/site-packages/airflow/example_dags/example_time_delta_sensor_async.py
[2021-11-02 15:59:05,551] {processor.py:632} INFO - DAG(s) dict_keys(['example_time_delta_sensor_async']) retrieved from /home/linuxadmin/.local/lib/python3.6/site-packages/airflow/example_dags/example_time_delta_sensor_async.py
[2021-11-02 15:59:05,563] {logging_mixin.py:109} INFO - [2021-11-02 15:59:05,563] {dag.py:2389} INFO - Sync 1 DAGs
[2021-11-02 15:59:05,585] {logging_mixin.py:109} INFO - [2021-11-02 15:59:05,585] {dag.py:2921} INFO - Setting next_dagrun for example_time_delta_sensor_async to None
[2021-11-02 15:59:05,598] {processor.py:171} INFO - Processing /home/linuxadmin/.local/lib/python3.6/site-packages/airflow/example_dags/example_time_delta_sensor_async.py took 0.090 seconds
[2021-11-02 15:59:09,728] {processor.py:163} INFO - Started process (PID=181451) to work on /home/linuxadmin/.local/lib/python3.6/site-packages/airflow/example_dags/example_time_delta_sensor_async.py
[2021-11-02 15:59:09,729] {processor.py:620} INFO - Processing file /home/linuxadmin/.local/lib/python3.6/site-packages/airflow/example_dags/example_time_delta_sensor_async.py for tasks to queue
[2021-11-02 15:59:09,730] {logging_mixin.py:109} INFO - [2021-11-02 15:59:09,730] {dagbag.py:500} INFO - Filling up the DagBag from /home/linuxadmin/.local/lib/python3.6/site-packages/airflow/example_dags/example_time_delta_sensor_async.py
[2021-11-02 15:59:09,770] {processor.py:632} INFO - DAG(s) dict_keys(['example_time_delta_sensor_async']) retrieved from /home/linuxadmin/.local/lib/python3.6/site-packages/airflow/example_dags/example_time_delta_sensor_async.py
[2021-11-02 15:59:09,790] {logging_mixin.py:109} INFO - [2021-11-02 15:59:09,790] {dag.py:2389} INFO - Sync 1 DAGs
[2021-11-02 15:59:09,810] {logging_mixin.py:109} INFO - [2021-11-02 15:59:09,810] {dag.py:2921} INFO - Setting next_dagrun for example_time_delta_sensor_async to None
[2021-11-02 15:59:09,821] {processor.py:171} INFO - Processing /home/linuxadmin/.local/lib/python3.6/site-packages/airflow/example_dags/example_time_delta_sensor_async.py took 0.098 seconds
