[2021-11-02 15:55:19,761] {processor.py:163} INFO - Started process (PID=175264) to work on /home/linuxadmin/.local/lib/python3.6/site-packages/airflow/example_dags/example_bash_operator.py
[2021-11-02 15:55:19,763] {processor.py:620} INFO - Processing file /home/linuxadmin/.local/lib/python3.6/site-packages/airflow/example_dags/example_bash_operator.py for tasks to queue
[2021-11-02 15:55:19,764] {logging_mixin.py:109} INFO - [2021-11-02 15:55:19,764] {dagbag.py:500} INFO - Filling up the DagBag from /home/linuxadmin/.local/lib/python3.6/site-packages/airflow/example_dags/example_bash_operator.py
[2021-11-02 15:55:19,812] {processor.py:632} INFO - DAG(s) dict_keys(['example_bash_operator']) retrieved from /home/linuxadmin/.local/lib/python3.6/site-packages/airflow/example_dags/example_bash_operator.py
[2021-11-02 15:55:19,823] {logging_mixin.py:109} INFO - [2021-11-02 15:55:19,823] {dag.py:2389} INFO - Sync 1 DAGs
[2021-11-02 15:55:19,848] {logging_mixin.py:109} INFO - [2021-11-02 15:55:19,847] {dag.py:2921} INFO - Setting next_dagrun for example_bash_operator to 2021-11-01 00:00:00+00:00
[2021-11-02 15:55:19,860] {processor.py:171} INFO - Processing /home/linuxadmin/.local/lib/python3.6/site-packages/airflow/example_dags/example_bash_operator.py took 0.104 seconds
[2021-11-02 15:55:24,351] {processor.py:163} INFO - Started process (PID=175389) to work on /home/linuxadmin/.local/lib/python3.6/site-packages/airflow/example_dags/example_bash_operator.py
[2021-11-02 15:55:24,353] {processor.py:620} INFO - Processing file /home/linuxadmin/.local/lib/python3.6/site-packages/airflow/example_dags/example_bash_operator.py for tasks to queue
[2021-11-02 15:55:24,354] {logging_mixin.py:109} INFO - [2021-11-02 15:55:24,353] {dagbag.py:500} INFO - Filling up the DagBag from /home/linuxadmin/.local/lib/python3.6/site-packages/airflow/example_dags/example_bash_operator.py
[2021-11-02 15:55:24,413] {processor.py:632} INFO - DAG(s) dict_keys(['example_bash_operator']) retrieved from /home/linuxadmin/.local/lib/python3.6/site-packages/airflow/example_dags/example_bash_operator.py
[2021-11-02 15:55:24,431] {logging_mixin.py:109} INFO - [2021-11-02 15:55:24,430] {dag.py:2389} INFO - Sync 1 DAGs
[2021-11-02 15:55:24,462] {logging_mixin.py:109} INFO - [2021-11-02 15:55:24,462] {dag.py:2921} INFO - Setting next_dagrun for example_bash_operator to 2021-11-01 00:00:00+00:00
[2021-11-02 15:55:24,473] {processor.py:171} INFO - Processing /home/linuxadmin/.local/lib/python3.6/site-packages/airflow/example_dags/example_bash_operator.py took 0.129 seconds
[2021-11-02 15:55:28,528] {processor.py:163} INFO - Started process (PID=175509) to work on /home/linuxadmin/.local/lib/python3.6/site-packages/airflow/example_dags/example_bash_operator.py
[2021-11-02 15:55:28,530] {processor.py:620} INFO - Processing file /home/linuxadmin/.local/lib/python3.6/site-packages/airflow/example_dags/example_bash_operator.py for tasks to queue
[2021-11-02 15:55:28,531] {logging_mixin.py:109} INFO - [2021-11-02 15:55:28,531] {dagbag.py:500} INFO - Filling up the DagBag from /home/linuxadmin/.local/lib/python3.6/site-packages/airflow/example_dags/example_bash_operator.py
[2021-11-02 15:55:28,575] {processor.py:632} INFO - DAG(s) dict_keys(['example_bash_operator']) retrieved from /home/linuxadmin/.local/lib/python3.6/site-packages/airflow/example_dags/example_bash_operator.py
[2021-11-02 15:55:28,590] {logging_mixin.py:109} INFO - [2021-11-02 15:55:28,590] {dag.py:2389} INFO - Sync 1 DAGs
[2021-11-02 15:55:28,625] {logging_mixin.py:109} INFO - [2021-11-02 15:55:28,625] {dag.py:2921} INFO - Setting next_dagrun for example_bash_operator to 2021-11-01 00:00:00+00:00
[2021-11-02 15:55:28,641] {processor.py:171} INFO - Processing /home/linuxadmin/.local/lib/python3.6/site-packages/airflow/example_dags/example_bash_operator.py took 0.118 seconds
[2021-11-02 15:55:33,049] {processor.py:163} INFO - Started process (PID=175631) to work on /home/linuxadmin/.local/lib/python3.6/site-packages/airflow/example_dags/example_bash_operator.py
[2021-11-02 15:55:33,050] {processor.py:620} INFO - Processing file /home/linuxadmin/.local/lib/python3.6/site-packages/airflow/example_dags/example_bash_operator.py for tasks to queue
[2021-11-02 15:55:33,051] {logging_mixin.py:109} INFO - [2021-11-02 15:55:33,051] {dagbag.py:500} INFO - Filling up the DagBag from /home/linuxadmin/.local/lib/python3.6/site-packages/airflow/example_dags/example_bash_operator.py
[2021-11-02 15:55:33,108] {processor.py:632} INFO - DAG(s) dict_keys(['example_bash_operator']) retrieved from /home/linuxadmin/.local/lib/python3.6/site-packages/airflow/example_dags/example_bash_operator.py
[2021-11-02 15:55:33,122] {logging_mixin.py:109} INFO - [2021-11-02 15:55:33,122] {dag.py:2389} INFO - Sync 1 DAGs
[2021-11-02 15:55:33,151] {logging_mixin.py:109} INFO - [2021-11-02 15:55:33,150] {dag.py:2921} INFO - Setting next_dagrun for example_bash_operator to 2021-11-01 00:00:00+00:00
[2021-11-02 15:55:33,162] {processor.py:171} INFO - Processing /home/linuxadmin/.local/lib/python3.6/site-packages/airflow/example_dags/example_bash_operator.py took 0.119 seconds
[2021-11-02 15:55:37,716] {processor.py:163} INFO - Started process (PID=175751) to work on /home/linuxadmin/.local/lib/python3.6/site-packages/airflow/example_dags/example_bash_operator.py
[2021-11-02 15:55:37,718] {processor.py:620} INFO - Processing file /home/linuxadmin/.local/lib/python3.6/site-packages/airflow/example_dags/example_bash_operator.py for tasks to queue
[2021-11-02 15:55:37,719] {logging_mixin.py:109} INFO - [2021-11-02 15:55:37,719] {dagbag.py:500} INFO - Filling up the DagBag from /home/linuxadmin/.local/lib/python3.6/site-packages/airflow/example_dags/example_bash_operator.py
[2021-11-02 15:55:37,772] {processor.py:632} INFO - DAG(s) dict_keys(['example_bash_operator']) retrieved from /home/linuxadmin/.local/lib/python3.6/site-packages/airflow/example_dags/example_bash_operator.py
[2021-11-02 15:55:37,793] {logging_mixin.py:109} INFO - [2021-11-02 15:55:37,792] {dag.py:2389} INFO - Sync 1 DAGs
[2021-11-02 15:55:37,832] {logging_mixin.py:109} INFO - [2021-11-02 15:55:37,832] {dag.py:2921} INFO - Setting next_dagrun for example_bash_operator to 2021-11-01 00:00:00+00:00
[2021-11-02 15:55:37,851] {processor.py:171} INFO - Processing /home/linuxadmin/.local/lib/python3.6/site-packages/airflow/example_dags/example_bash_operator.py took 0.140 seconds
[2021-11-02 15:55:42,085] {processor.py:163} INFO - Started process (PID=175874) to work on /home/linuxadmin/.local/lib/python3.6/site-packages/airflow/example_dags/example_bash_operator.py
[2021-11-02 15:55:42,086] {processor.py:620} INFO - Processing file /home/linuxadmin/.local/lib/python3.6/site-packages/airflow/example_dags/example_bash_operator.py for tasks to queue
[2021-11-02 15:55:42,087] {logging_mixin.py:109} INFO - [2021-11-02 15:55:42,087] {dagbag.py:500} INFO - Filling up the DagBag from /home/linuxadmin/.local/lib/python3.6/site-packages/airflow/example_dags/example_bash_operator.py
[2021-11-02 15:55:42,129] {processor.py:632} INFO - DAG(s) dict_keys(['example_bash_operator']) retrieved from /home/linuxadmin/.local/lib/python3.6/site-packages/airflow/example_dags/example_bash_operator.py
[2021-11-02 15:55:42,140] {logging_mixin.py:109} INFO - [2021-11-02 15:55:42,140] {dag.py:2389} INFO - Sync 1 DAGs
[2021-11-02 15:55:42,163] {logging_mixin.py:109} INFO - [2021-11-02 15:55:42,162] {dag.py:2921} INFO - Setting next_dagrun for example_bash_operator to 2021-11-01 00:00:00+00:00
[2021-11-02 15:55:42,174] {processor.py:171} INFO - Processing /home/linuxadmin/.local/lib/python3.6/site-packages/airflow/example_dags/example_bash_operator.py took 0.093 seconds
[2021-11-02 15:55:45,927] {processor.py:163} INFO - Started process (PID=175991) to work on /home/linuxadmin/.local/lib/python3.6/site-packages/airflow/example_dags/example_bash_operator.py
[2021-11-02 15:55:45,928] {processor.py:620} INFO - Processing file /home/linuxadmin/.local/lib/python3.6/site-packages/airflow/example_dags/example_bash_operator.py for tasks to queue
[2021-11-02 15:55:45,929] {logging_mixin.py:109} INFO - [2021-11-02 15:55:45,929] {dagbag.py:500} INFO - Filling up the DagBag from /home/linuxadmin/.local/lib/python3.6/site-packages/airflow/example_dags/example_bash_operator.py
[2021-11-02 15:55:45,967] {processor.py:632} INFO - DAG(s) dict_keys(['example_bash_operator']) retrieved from /home/linuxadmin/.local/lib/python3.6/site-packages/airflow/example_dags/example_bash_operator.py
[2021-11-02 15:55:45,980] {logging_mixin.py:109} INFO - [2021-11-02 15:55:45,980] {dag.py:2389} INFO - Sync 1 DAGs
[2021-11-02 15:55:46,011] {logging_mixin.py:109} INFO - [2021-11-02 15:55:46,011] {dag.py:2921} INFO - Setting next_dagrun for example_bash_operator to 2021-11-01 00:00:00+00:00
[2021-11-02 15:55:46,025] {processor.py:171} INFO - Processing /home/linuxadmin/.local/lib/python3.6/site-packages/airflow/example_dags/example_bash_operator.py took 0.102 seconds
[2021-11-02 15:55:51,166] {processor.py:163} INFO - Started process (PID=176116) to work on /home/linuxadmin/.local/lib/python3.6/site-packages/airflow/example_dags/example_bash_operator.py
[2021-11-02 15:55:51,169] {processor.py:620} INFO - Processing file /home/linuxadmin/.local/lib/python3.6/site-packages/airflow/example_dags/example_bash_operator.py for tasks to queue
[2021-11-02 15:55:51,170] {logging_mixin.py:109} INFO - [2021-11-02 15:55:51,170] {dagbag.py:500} INFO - Filling up the DagBag from /home/linuxadmin/.local/lib/python3.6/site-packages/airflow/example_dags/example_bash_operator.py
[2021-11-02 15:55:51,221] {processor.py:632} INFO - DAG(s) dict_keys(['example_bash_operator']) retrieved from /home/linuxadmin/.local/lib/python3.6/site-packages/airflow/example_dags/example_bash_operator.py
[2021-11-02 15:55:51,237] {logging_mixin.py:109} INFO - [2021-11-02 15:55:51,236] {dag.py:2389} INFO - Sync 1 DAGs
[2021-11-02 15:55:51,266] {logging_mixin.py:109} INFO - [2021-11-02 15:55:51,266] {dag.py:2921} INFO - Setting next_dagrun for example_bash_operator to 2021-11-01 00:00:00+00:00
[2021-11-02 15:55:51,281] {processor.py:171} INFO - Processing /home/linuxadmin/.local/lib/python3.6/site-packages/airflow/example_dags/example_bash_operator.py took 0.126 seconds
[2021-11-02 15:55:55,420] {processor.py:163} INFO - Started process (PID=176235) to work on /home/linuxadmin/.local/lib/python3.6/site-packages/airflow/example_dags/example_bash_operator.py
[2021-11-02 15:55:55,423] {processor.py:620} INFO - Processing file /home/linuxadmin/.local/lib/python3.6/site-packages/airflow/example_dags/example_bash_operator.py for tasks to queue
[2021-11-02 15:55:55,424] {logging_mixin.py:109} INFO - [2021-11-02 15:55:55,424] {dagbag.py:500} INFO - Filling up the DagBag from /home/linuxadmin/.local/lib/python3.6/site-packages/airflow/example_dags/example_bash_operator.py
[2021-11-02 15:55:55,472] {processor.py:632} INFO - DAG(s) dict_keys(['example_bash_operator']) retrieved from /home/linuxadmin/.local/lib/python3.6/site-packages/airflow/example_dags/example_bash_operator.py
[2021-11-02 15:55:55,488] {logging_mixin.py:109} INFO - [2021-11-02 15:55:55,487] {dag.py:2389} INFO - Sync 1 DAGs
[2021-11-02 15:55:55,519] {logging_mixin.py:109} INFO - [2021-11-02 15:55:55,517] {dag.py:2921} INFO - Setting next_dagrun for example_bash_operator to 2021-11-01 00:00:00+00:00
[2021-11-02 15:55:55,533] {processor.py:171} INFO - Processing /home/linuxadmin/.local/lib/python3.6/site-packages/airflow/example_dags/example_bash_operator.py took 0.117 seconds
[2021-11-02 15:56:00,324] {processor.py:163} INFO - Started process (PID=176358) to work on /home/linuxadmin/.local/lib/python3.6/site-packages/airflow/example_dags/example_bash_operator.py
[2021-11-02 15:56:00,325] {processor.py:620} INFO - Processing file /home/linuxadmin/.local/lib/python3.6/site-packages/airflow/example_dags/example_bash_operator.py for tasks to queue
[2021-11-02 15:56:00,326] {logging_mixin.py:109} INFO - [2021-11-02 15:56:00,326] {dagbag.py:500} INFO - Filling up the DagBag from /home/linuxadmin/.local/lib/python3.6/site-packages/airflow/example_dags/example_bash_operator.py
[2021-11-02 15:56:00,374] {processor.py:632} INFO - DAG(s) dict_keys(['example_bash_operator']) retrieved from /home/linuxadmin/.local/lib/python3.6/site-packages/airflow/example_dags/example_bash_operator.py
[2021-11-02 15:56:00,386] {logging_mixin.py:109} INFO - [2021-11-02 15:56:00,386] {dag.py:2389} INFO - Sync 1 DAGs
[2021-11-02 15:56:00,413] {logging_mixin.py:109} INFO - [2021-11-02 15:56:00,413] {dag.py:2921} INFO - Setting next_dagrun for example_bash_operator to 2021-11-01 00:00:00+00:00
[2021-11-02 15:56:00,424] {processor.py:171} INFO - Processing /home/linuxadmin/.local/lib/python3.6/site-packages/airflow/example_dags/example_bash_operator.py took 0.104 seconds
[2021-11-02 15:56:04,531] {processor.py:163} INFO - Started process (PID=176475) to work on /home/linuxadmin/.local/lib/python3.6/site-packages/airflow/example_dags/example_bash_operator.py
[2021-11-02 15:56:04,533] {processor.py:620} INFO - Processing file /home/linuxadmin/.local/lib/python3.6/site-packages/airflow/example_dags/example_bash_operator.py for tasks to queue
[2021-11-02 15:56:04,534] {logging_mixin.py:109} INFO - [2021-11-02 15:56:04,534] {dagbag.py:500} INFO - Filling up the DagBag from /home/linuxadmin/.local/lib/python3.6/site-packages/airflow/example_dags/example_bash_operator.py
[2021-11-02 15:56:04,588] {processor.py:632} INFO - DAG(s) dict_keys(['example_bash_operator']) retrieved from /home/linuxadmin/.local/lib/python3.6/site-packages/airflow/example_dags/example_bash_operator.py
[2021-11-02 15:56:04,599] {logging_mixin.py:109} INFO - [2021-11-02 15:56:04,599] {dag.py:2389} INFO - Sync 1 DAGs
[2021-11-02 15:56:04,622] {logging_mixin.py:109} INFO - [2021-11-02 15:56:04,622] {dag.py:2921} INFO - Setting next_dagrun for example_bash_operator to 2021-11-01 00:00:00+00:00
[2021-11-02 15:56:04,632] {processor.py:171} INFO - Processing /home/linuxadmin/.local/lib/python3.6/site-packages/airflow/example_dags/example_bash_operator.py took 0.106 seconds
[2021-11-02 15:56:09,520] {processor.py:163} INFO - Started process (PID=176600) to work on /home/linuxadmin/.local/lib/python3.6/site-packages/airflow/example_dags/example_bash_operator.py
[2021-11-02 15:56:09,521] {processor.py:620} INFO - Processing file /home/linuxadmin/.local/lib/python3.6/site-packages/airflow/example_dags/example_bash_operator.py for tasks to queue
[2021-11-02 15:56:09,522] {logging_mixin.py:109} INFO - [2021-11-02 15:56:09,522] {dagbag.py:500} INFO - Filling up the DagBag from /home/linuxadmin/.local/lib/python3.6/site-packages/airflow/example_dags/example_bash_operator.py
[2021-11-02 15:56:09,578] {processor.py:632} INFO - DAG(s) dict_keys(['example_bash_operator']) retrieved from /home/linuxadmin/.local/lib/python3.6/site-packages/airflow/example_dags/example_bash_operator.py
[2021-11-02 15:56:09,594] {logging_mixin.py:109} INFO - [2021-11-02 15:56:09,593] {dag.py:2389} INFO - Sync 1 DAGs
[2021-11-02 15:56:09,627] {logging_mixin.py:109} INFO - [2021-11-02 15:56:09,627] {dag.py:2921} INFO - Setting next_dagrun for example_bash_operator to 2021-11-01 00:00:00+00:00
[2021-11-02 15:56:09,643] {processor.py:171} INFO - Processing /home/linuxadmin/.local/lib/python3.6/site-packages/airflow/example_dags/example_bash_operator.py took 0.129 seconds
[2021-11-02 15:56:14,177] {processor.py:163} INFO - Started process (PID=176725) to work on /home/linuxadmin/.local/lib/python3.6/site-packages/airflow/example_dags/example_bash_operator.py
[2021-11-02 15:56:14,178] {processor.py:620} INFO - Processing file /home/linuxadmin/.local/lib/python3.6/site-packages/airflow/example_dags/example_bash_operator.py for tasks to queue
[2021-11-02 15:56:14,179] {logging_mixin.py:109} INFO - [2021-11-02 15:56:14,179] {dagbag.py:500} INFO - Filling up the DagBag from /home/linuxadmin/.local/lib/python3.6/site-packages/airflow/example_dags/example_bash_operator.py
[2021-11-02 15:56:14,219] {processor.py:632} INFO - DAG(s) dict_keys(['example_bash_operator']) retrieved from /home/linuxadmin/.local/lib/python3.6/site-packages/airflow/example_dags/example_bash_operator.py
[2021-11-02 15:56:14,235] {logging_mixin.py:109} INFO - [2021-11-02 15:56:14,235] {dag.py:2389} INFO - Sync 1 DAGs
[2021-11-02 15:56:14,263] {logging_mixin.py:109} INFO - [2021-11-02 15:56:14,263] {dag.py:2921} INFO - Setting next_dagrun for example_bash_operator to 2021-11-01 00:00:00+00:00
[2021-11-02 15:56:14,275] {processor.py:171} INFO - Processing /home/linuxadmin/.local/lib/python3.6/site-packages/airflow/example_dags/example_bash_operator.py took 0.103 seconds
[2021-11-02 15:56:18,344] {processor.py:163} INFO - Started process (PID=176842) to work on /home/linuxadmin/.local/lib/python3.6/site-packages/airflow/example_dags/example_bash_operator.py
[2021-11-02 15:56:18,345] {processor.py:620} INFO - Processing file /home/linuxadmin/.local/lib/python3.6/site-packages/airflow/example_dags/example_bash_operator.py for tasks to queue
[2021-11-02 15:56:18,346] {logging_mixin.py:109} INFO - [2021-11-02 15:56:18,346] {dagbag.py:500} INFO - Filling up the DagBag from /home/linuxadmin/.local/lib/python3.6/site-packages/airflow/example_dags/example_bash_operator.py
[2021-11-02 15:56:18,401] {processor.py:632} INFO - DAG(s) dict_keys(['example_bash_operator']) retrieved from /home/linuxadmin/.local/lib/python3.6/site-packages/airflow/example_dags/example_bash_operator.py
[2021-11-02 15:56:18,413] {logging_mixin.py:109} INFO - [2021-11-02 15:56:18,413] {dag.py:2389} INFO - Sync 1 DAGs
[2021-11-02 15:56:18,436] {logging_mixin.py:109} INFO - [2021-11-02 15:56:18,436] {dag.py:2921} INFO - Setting next_dagrun for example_bash_operator to 2021-11-01 00:00:00+00:00
[2021-11-02 15:56:18,447] {processor.py:171} INFO - Processing /home/linuxadmin/.local/lib/python3.6/site-packages/airflow/example_dags/example_bash_operator.py took 0.108 seconds
[2021-11-02 15:56:23,677] {processor.py:163} INFO - Started process (PID=176966) to work on /home/linuxadmin/.local/lib/python3.6/site-packages/airflow/example_dags/example_bash_operator.py
[2021-11-02 15:56:23,679] {processor.py:620} INFO - Processing file /home/linuxadmin/.local/lib/python3.6/site-packages/airflow/example_dags/example_bash_operator.py for tasks to queue
[2021-11-02 15:56:23,680] {logging_mixin.py:109} INFO - [2021-11-02 15:56:23,680] {dagbag.py:500} INFO - Filling up the DagBag from /home/linuxadmin/.local/lib/python3.6/site-packages/airflow/example_dags/example_bash_operator.py
[2021-11-02 15:56:23,733] {processor.py:632} INFO - DAG(s) dict_keys(['example_bash_operator']) retrieved from /home/linuxadmin/.local/lib/python3.6/site-packages/airflow/example_dags/example_bash_operator.py
[2021-11-02 15:56:23,751] {logging_mixin.py:109} INFO - [2021-11-02 15:56:23,751] {dag.py:2389} INFO - Sync 1 DAGs
[2021-11-02 15:56:23,785] {logging_mixin.py:109} INFO - [2021-11-02 15:56:23,784] {dag.py:2921} INFO - Setting next_dagrun for example_bash_operator to 2021-11-01 00:00:00+00:00
[2021-11-02 15:56:23,795] {processor.py:171} INFO - Processing /home/linuxadmin/.local/lib/python3.6/site-packages/airflow/example_dags/example_bash_operator.py took 0.124 seconds
[2021-11-02 15:56:27,806] {processor.py:163} INFO - Started process (PID=177082) to work on /home/linuxadmin/.local/lib/python3.6/site-packages/airflow/example_dags/example_bash_operator.py
[2021-11-02 15:56:27,807] {processor.py:620} INFO - Processing file /home/linuxadmin/.local/lib/python3.6/site-packages/airflow/example_dags/example_bash_operator.py for tasks to queue
[2021-11-02 15:56:27,808] {logging_mixin.py:109} INFO - [2021-11-02 15:56:27,808] {dagbag.py:500} INFO - Filling up the DagBag from /home/linuxadmin/.local/lib/python3.6/site-packages/airflow/example_dags/example_bash_operator.py
[2021-11-02 15:56:27,853] {processor.py:632} INFO - DAG(s) dict_keys(['example_bash_operator']) retrieved from /home/linuxadmin/.local/lib/python3.6/site-packages/airflow/example_dags/example_bash_operator.py
[2021-11-02 15:56:27,866] {logging_mixin.py:109} INFO - [2021-11-02 15:56:27,866] {dag.py:2389} INFO - Sync 1 DAGs
[2021-11-02 15:56:27,897] {logging_mixin.py:109} INFO - [2021-11-02 15:56:27,897] {dag.py:2921} INFO - Setting next_dagrun for example_bash_operator to 2021-11-01 00:00:00+00:00
[2021-11-02 15:56:27,912] {processor.py:171} INFO - Processing /home/linuxadmin/.local/lib/python3.6/site-packages/airflow/example_dags/example_bash_operator.py took 0.111 seconds
[2021-11-02 15:56:32,321] {processor.py:163} INFO - Started process (PID=177205) to work on /home/linuxadmin/.local/lib/python3.6/site-packages/airflow/example_dags/example_bash_operator.py
[2021-11-02 15:56:32,323] {processor.py:620} INFO - Processing file /home/linuxadmin/.local/lib/python3.6/site-packages/airflow/example_dags/example_bash_operator.py for tasks to queue
[2021-11-02 15:56:32,324] {logging_mixin.py:109} INFO - [2021-11-02 15:56:32,324] {dagbag.py:500} INFO - Filling up the DagBag from /home/linuxadmin/.local/lib/python3.6/site-packages/airflow/example_dags/example_bash_operator.py
[2021-11-02 15:56:32,369] {processor.py:632} INFO - DAG(s) dict_keys(['example_bash_operator']) retrieved from /home/linuxadmin/.local/lib/python3.6/site-packages/airflow/example_dags/example_bash_operator.py
[2021-11-02 15:56:32,385] {logging_mixin.py:109} INFO - [2021-11-02 15:56:32,385] {dag.py:2389} INFO - Sync 1 DAGs
[2021-11-02 15:56:32,414] {logging_mixin.py:109} INFO - [2021-11-02 15:56:32,414] {dag.py:2921} INFO - Setting next_dagrun for example_bash_operator to 2021-11-01 00:00:00+00:00
[2021-11-02 15:56:32,429] {processor.py:171} INFO - Processing /home/linuxadmin/.local/lib/python3.6/site-packages/airflow/example_dags/example_bash_operator.py took 0.114 seconds
[2021-11-02 15:56:36,219] {processor.py:163} INFO - Started process (PID=177324) to work on /home/linuxadmin/.local/lib/python3.6/site-packages/airflow/example_dags/example_bash_operator.py
[2021-11-02 15:56:36,221] {processor.py:620} INFO - Processing file /home/linuxadmin/.local/lib/python3.6/site-packages/airflow/example_dags/example_bash_operator.py for tasks to queue
[2021-11-02 15:56:36,222] {logging_mixin.py:109} INFO - [2021-11-02 15:56:36,221] {dagbag.py:500} INFO - Filling up the DagBag from /home/linuxadmin/.local/lib/python3.6/site-packages/airflow/example_dags/example_bash_operator.py
[2021-11-02 15:56:36,268] {processor.py:632} INFO - DAG(s) dict_keys(['example_bash_operator']) retrieved from /home/linuxadmin/.local/lib/python3.6/site-packages/airflow/example_dags/example_bash_operator.py
[2021-11-02 15:56:36,281] {logging_mixin.py:109} INFO - [2021-11-02 15:56:36,281] {dag.py:2389} INFO - Sync 1 DAGs
[2021-11-02 15:56:36,303] {logging_mixin.py:109} INFO - [2021-11-02 15:56:36,303] {dag.py:2921} INFO - Setting next_dagrun for example_bash_operator to 2021-11-01 00:00:00+00:00
[2021-11-02 15:56:36,314] {processor.py:171} INFO - Processing /home/linuxadmin/.local/lib/python3.6/site-packages/airflow/example_dags/example_bash_operator.py took 0.101 seconds
[2021-11-02 15:56:40,637] {processor.py:163} INFO - Started process (PID=177448) to work on /home/linuxadmin/.local/lib/python3.6/site-packages/airflow/example_dags/example_bash_operator.py
[2021-11-02 15:56:40,638] {processor.py:620} INFO - Processing file /home/linuxadmin/.local/lib/python3.6/site-packages/airflow/example_dags/example_bash_operator.py for tasks to queue
[2021-11-02 15:56:40,639] {logging_mixin.py:109} INFO - [2021-11-02 15:56:40,639] {dagbag.py:500} INFO - Filling up the DagBag from /home/linuxadmin/.local/lib/python3.6/site-packages/airflow/example_dags/example_bash_operator.py
[2021-11-02 15:56:40,680] {processor.py:632} INFO - DAG(s) dict_keys(['example_bash_operator']) retrieved from /home/linuxadmin/.local/lib/python3.6/site-packages/airflow/example_dags/example_bash_operator.py
[2021-11-02 15:56:40,692] {logging_mixin.py:109} INFO - [2021-11-02 15:56:40,692] {dag.py:2389} INFO - Sync 1 DAGs
[2021-11-02 15:56:40,721] {logging_mixin.py:109} INFO - [2021-11-02 15:56:40,721] {dag.py:2921} INFO - Setting next_dagrun for example_bash_operator to 2021-11-01 00:00:00+00:00
[2021-11-02 15:56:40,733] {processor.py:171} INFO - Processing /home/linuxadmin/.local/lib/python3.6/site-packages/airflow/example_dags/example_bash_operator.py took 0.100 seconds
[2021-11-02 15:56:44,588] {processor.py:163} INFO - Started process (PID=177568) to work on /home/linuxadmin/.local/lib/python3.6/site-packages/airflow/example_dags/example_bash_operator.py
[2021-11-02 15:56:44,590] {processor.py:620} INFO - Processing file /home/linuxadmin/.local/lib/python3.6/site-packages/airflow/example_dags/example_bash_operator.py for tasks to queue
[2021-11-02 15:56:44,591] {logging_mixin.py:109} INFO - [2021-11-02 15:56:44,591] {dagbag.py:500} INFO - Filling up the DagBag from /home/linuxadmin/.local/lib/python3.6/site-packages/airflow/example_dags/example_bash_operator.py
[2021-11-02 15:56:44,645] {processor.py:632} INFO - DAG(s) dict_keys(['example_bash_operator']) retrieved from /home/linuxadmin/.local/lib/python3.6/site-packages/airflow/example_dags/example_bash_operator.py
[2021-11-02 15:56:44,663] {logging_mixin.py:109} INFO - [2021-11-02 15:56:44,663] {dag.py:2389} INFO - Sync 1 DAGs
[2021-11-02 15:56:44,691] {logging_mixin.py:109} INFO - [2021-11-02 15:56:44,691] {dag.py:2921} INFO - Setting next_dagrun for example_bash_operator to 2021-11-01 00:00:00+00:00
[2021-11-02 15:56:44,705] {processor.py:171} INFO - Processing /home/linuxadmin/.local/lib/python3.6/site-packages/airflow/example_dags/example_bash_operator.py took 0.123 seconds
[2021-11-02 15:56:49,042] {processor.py:163} INFO - Started process (PID=177692) to work on /home/linuxadmin/.local/lib/python3.6/site-packages/airflow/example_dags/example_bash_operator.py
[2021-11-02 15:56:49,044] {processor.py:620} INFO - Processing file /home/linuxadmin/.local/lib/python3.6/site-packages/airflow/example_dags/example_bash_operator.py for tasks to queue
[2021-11-02 15:56:49,045] {logging_mixin.py:109} INFO - [2021-11-02 15:56:49,045] {dagbag.py:500} INFO - Filling up the DagBag from /home/linuxadmin/.local/lib/python3.6/site-packages/airflow/example_dags/example_bash_operator.py
[2021-11-02 15:56:49,095] {processor.py:632} INFO - DAG(s) dict_keys(['example_bash_operator']) retrieved from /home/linuxadmin/.local/lib/python3.6/site-packages/airflow/example_dags/example_bash_operator.py
[2021-11-02 15:56:49,107] {logging_mixin.py:109} INFO - [2021-11-02 15:56:49,107] {dag.py:2389} INFO - Sync 1 DAGs
[2021-11-02 15:56:49,131] {logging_mixin.py:109} INFO - [2021-11-02 15:56:49,131] {dag.py:2921} INFO - Setting next_dagrun for example_bash_operator to 2021-11-01 00:00:00+00:00
[2021-11-02 15:56:49,142] {processor.py:171} INFO - Processing /home/linuxadmin/.local/lib/python3.6/site-packages/airflow/example_dags/example_bash_operator.py took 0.106 seconds
[2021-11-02 15:56:54,015] {processor.py:163} INFO - Started process (PID=177810) to work on /home/linuxadmin/.local/lib/python3.6/site-packages/airflow/example_dags/example_bash_operator.py
[2021-11-02 15:56:54,017] {processor.py:620} INFO - Processing file /home/linuxadmin/.local/lib/python3.6/site-packages/airflow/example_dags/example_bash_operator.py for tasks to queue
[2021-11-02 15:56:54,017] {logging_mixin.py:109} INFO - [2021-11-02 15:56:54,017] {dagbag.py:500} INFO - Filling up the DagBag from /home/linuxadmin/.local/lib/python3.6/site-packages/airflow/example_dags/example_bash_operator.py
[2021-11-02 15:56:54,067] {processor.py:632} INFO - DAG(s) dict_keys(['example_bash_operator']) retrieved from /home/linuxadmin/.local/lib/python3.6/site-packages/airflow/example_dags/example_bash_operator.py
[2021-11-02 15:56:54,083] {logging_mixin.py:109} INFO - [2021-11-02 15:56:54,083] {dag.py:2389} INFO - Sync 1 DAGs
[2021-11-02 15:56:54,118] {logging_mixin.py:109} INFO - [2021-11-02 15:56:54,118] {dag.py:2921} INFO - Setting next_dagrun for example_bash_operator to 2021-11-01 00:00:00+00:00
[2021-11-02 15:56:54,132] {processor.py:171} INFO - Processing /home/linuxadmin/.local/lib/python3.6/site-packages/airflow/example_dags/example_bash_operator.py took 0.124 seconds
[2021-11-02 15:56:58,758] {processor.py:163} INFO - Started process (PID=177934) to work on /home/linuxadmin/.local/lib/python3.6/site-packages/airflow/example_dags/example_bash_operator.py
[2021-11-02 15:56:58,759] {processor.py:620} INFO - Processing file /home/linuxadmin/.local/lib/python3.6/site-packages/airflow/example_dags/example_bash_operator.py for tasks to queue
[2021-11-02 15:56:58,761] {logging_mixin.py:109} INFO - [2021-11-02 15:56:58,761] {dagbag.py:500} INFO - Filling up the DagBag from /home/linuxadmin/.local/lib/python3.6/site-packages/airflow/example_dags/example_bash_operator.py
[2021-11-02 15:56:58,807] {processor.py:632} INFO - DAG(s) dict_keys(['example_bash_operator']) retrieved from /home/linuxadmin/.local/lib/python3.6/site-packages/airflow/example_dags/example_bash_operator.py
[2021-11-02 15:56:58,821] {logging_mixin.py:109} INFO - [2021-11-02 15:56:58,821] {dag.py:2389} INFO - Sync 1 DAGs
[2021-11-02 15:56:58,847] {logging_mixin.py:109} INFO - [2021-11-02 15:56:58,847] {dag.py:2921} INFO - Setting next_dagrun for example_bash_operator to 2021-11-01 00:00:00+00:00
[2021-11-02 15:56:58,860] {processor.py:171} INFO - Processing /home/linuxadmin/.local/lib/python3.6/site-packages/airflow/example_dags/example_bash_operator.py took 0.108 seconds
[2021-11-02 15:57:03,227] {processor.py:163} INFO - Started process (PID=178054) to work on /home/linuxadmin/.local/lib/python3.6/site-packages/airflow/example_dags/example_bash_operator.py
[2021-11-02 15:57:03,229] {processor.py:620} INFO - Processing file /home/linuxadmin/.local/lib/python3.6/site-packages/airflow/example_dags/example_bash_operator.py for tasks to queue
[2021-11-02 15:57:03,230] {logging_mixin.py:109} INFO - [2021-11-02 15:57:03,230] {dagbag.py:500} INFO - Filling up the DagBag from /home/linuxadmin/.local/lib/python3.6/site-packages/airflow/example_dags/example_bash_operator.py
[2021-11-02 15:57:03,276] {processor.py:632} INFO - DAG(s) dict_keys(['example_bash_operator']) retrieved from /home/linuxadmin/.local/lib/python3.6/site-packages/airflow/example_dags/example_bash_operator.py
[2021-11-02 15:57:03,290] {logging_mixin.py:109} INFO - [2021-11-02 15:57:03,289] {dag.py:2389} INFO - Sync 1 DAGs
[2021-11-02 15:57:03,316] {logging_mixin.py:109} INFO - [2021-11-02 15:57:03,316] {dag.py:2921} INFO - Setting next_dagrun for example_bash_operator to 2021-11-01 00:00:00+00:00
[2021-11-02 15:57:03,330] {processor.py:171} INFO - Processing /home/linuxadmin/.local/lib/python3.6/site-packages/airflow/example_dags/example_bash_operator.py took 0.108 seconds
[2021-11-02 15:57:08,004] {processor.py:163} INFO - Started process (PID=178178) to work on /home/linuxadmin/.local/lib/python3.6/site-packages/airflow/example_dags/example_bash_operator.py
[2021-11-02 15:57:08,006] {processor.py:620} INFO - Processing file /home/linuxadmin/.local/lib/python3.6/site-packages/airflow/example_dags/example_bash_operator.py for tasks to queue
[2021-11-02 15:57:08,007] {logging_mixin.py:109} INFO - [2021-11-02 15:57:08,007] {dagbag.py:500} INFO - Filling up the DagBag from /home/linuxadmin/.local/lib/python3.6/site-packages/airflow/example_dags/example_bash_operator.py
[2021-11-02 15:57:08,055] {processor.py:632} INFO - DAG(s) dict_keys(['example_bash_operator']) retrieved from /home/linuxadmin/.local/lib/python3.6/site-packages/airflow/example_dags/example_bash_operator.py
[2021-11-02 15:57:08,070] {logging_mixin.py:109} INFO - [2021-11-02 15:57:08,070] {dag.py:2389} INFO - Sync 1 DAGs
[2021-11-02 15:57:08,102] {logging_mixin.py:109} INFO - [2021-11-02 15:57:08,102] {dag.py:2921} INFO - Setting next_dagrun for example_bash_operator to 2021-11-01 00:00:00+00:00
[2021-11-02 15:57:08,118] {processor.py:171} INFO - Processing /home/linuxadmin/.local/lib/python3.6/site-packages/airflow/example_dags/example_bash_operator.py took 0.120 seconds
[2021-11-02 15:57:12,320] {processor.py:163} INFO - Started process (PID=178296) to work on /home/linuxadmin/.local/lib/python3.6/site-packages/airflow/example_dags/example_bash_operator.py
[2021-11-02 15:57:12,322] {processor.py:620} INFO - Processing file /home/linuxadmin/.local/lib/python3.6/site-packages/airflow/example_dags/example_bash_operator.py for tasks to queue
[2021-11-02 15:57:12,323] {logging_mixin.py:109} INFO - [2021-11-02 15:57:12,323] {dagbag.py:500} INFO - Filling up the DagBag from /home/linuxadmin/.local/lib/python3.6/site-packages/airflow/example_dags/example_bash_operator.py
[2021-11-02 15:57:12,370] {processor.py:632} INFO - DAG(s) dict_keys(['example_bash_operator']) retrieved from /home/linuxadmin/.local/lib/python3.6/site-packages/airflow/example_dags/example_bash_operator.py
[2021-11-02 15:57:12,385] {logging_mixin.py:109} INFO - [2021-11-02 15:57:12,385] {dag.py:2389} INFO - Sync 1 DAGs
[2021-11-02 15:57:12,411] {logging_mixin.py:109} INFO - [2021-11-02 15:57:12,411] {dag.py:2921} INFO - Setting next_dagrun for example_bash_operator to 2021-11-01 00:00:00+00:00
[2021-11-02 15:57:12,423] {processor.py:171} INFO - Processing /home/linuxadmin/.local/lib/python3.6/site-packages/airflow/example_dags/example_bash_operator.py took 0.110 seconds
[2021-11-02 15:57:16,818] {processor.py:163} INFO - Started process (PID=178418) to work on /home/linuxadmin/.local/lib/python3.6/site-packages/airflow/example_dags/example_bash_operator.py
[2021-11-02 15:57:16,819] {processor.py:620} INFO - Processing file /home/linuxadmin/.local/lib/python3.6/site-packages/airflow/example_dags/example_bash_operator.py for tasks to queue
[2021-11-02 15:57:16,820] {logging_mixin.py:109} INFO - [2021-11-02 15:57:16,819] {dagbag.py:500} INFO - Filling up the DagBag from /home/linuxadmin/.local/lib/python3.6/site-packages/airflow/example_dags/example_bash_operator.py
[2021-11-02 15:57:16,867] {processor.py:632} INFO - DAG(s) dict_keys(['example_bash_operator']) retrieved from /home/linuxadmin/.local/lib/python3.6/site-packages/airflow/example_dags/example_bash_operator.py
[2021-11-02 15:57:16,880] {logging_mixin.py:109} INFO - [2021-11-02 15:57:16,880] {dag.py:2389} INFO - Sync 1 DAGs
[2021-11-02 15:57:16,903] {logging_mixin.py:109} INFO - [2021-11-02 15:57:16,903] {dag.py:2921} INFO - Setting next_dagrun for example_bash_operator to 2021-11-01 00:00:00+00:00
[2021-11-02 15:57:16,914] {processor.py:171} INFO - Processing /home/linuxadmin/.local/lib/python3.6/site-packages/airflow/example_dags/example_bash_operator.py took 0.101 seconds
[2021-11-02 15:57:20,770] {processor.py:163} INFO - Started process (PID=178539) to work on /home/linuxadmin/.local/lib/python3.6/site-packages/airflow/example_dags/example_bash_operator.py
[2021-11-02 15:57:20,771] {processor.py:620} INFO - Processing file /home/linuxadmin/.local/lib/python3.6/site-packages/airflow/example_dags/example_bash_operator.py for tasks to queue
[2021-11-02 15:57:20,772] {logging_mixin.py:109} INFO - [2021-11-02 15:57:20,772] {dagbag.py:500} INFO - Filling up the DagBag from /home/linuxadmin/.local/lib/python3.6/site-packages/airflow/example_dags/example_bash_operator.py
[2021-11-02 15:57:20,809] {processor.py:632} INFO - DAG(s) dict_keys(['example_bash_operator']) retrieved from /home/linuxadmin/.local/lib/python3.6/site-packages/airflow/example_dags/example_bash_operator.py
[2021-11-02 15:57:20,821] {logging_mixin.py:109} INFO - [2021-11-02 15:57:20,821] {dag.py:2389} INFO - Sync 1 DAGs
[2021-11-02 15:57:20,842] {logging_mixin.py:109} INFO - [2021-11-02 15:57:20,842] {dag.py:2921} INFO - Setting next_dagrun for example_bash_operator to 2021-11-01 00:00:00+00:00
[2021-11-02 15:57:20,852] {processor.py:171} INFO - Processing /home/linuxadmin/.local/lib/python3.6/site-packages/airflow/example_dags/example_bash_operator.py took 0.087 seconds
[2021-11-02 15:57:25,819] {processor.py:163} INFO - Started process (PID=178660) to work on /home/linuxadmin/.local/lib/python3.6/site-packages/airflow/example_dags/example_bash_operator.py
[2021-11-02 15:57:25,821] {processor.py:620} INFO - Processing file /home/linuxadmin/.local/lib/python3.6/site-packages/airflow/example_dags/example_bash_operator.py for tasks to queue
[2021-11-02 15:57:25,821] {logging_mixin.py:109} INFO - [2021-11-02 15:57:25,821] {dagbag.py:500} INFO - Filling up the DagBag from /home/linuxadmin/.local/lib/python3.6/site-packages/airflow/example_dags/example_bash_operator.py
[2021-11-02 15:57:25,868] {processor.py:632} INFO - DAG(s) dict_keys(['example_bash_operator']) retrieved from /home/linuxadmin/.local/lib/python3.6/site-packages/airflow/example_dags/example_bash_operator.py
[2021-11-02 15:57:25,882] {logging_mixin.py:109} INFO - [2021-11-02 15:57:25,882] {dag.py:2389} INFO - Sync 1 DAGs
[2021-11-02 15:57:25,912] {logging_mixin.py:109} INFO - [2021-11-02 15:57:25,911] {dag.py:2921} INFO - Setting next_dagrun for example_bash_operator to 2021-11-01 00:00:00+00:00
[2021-11-02 15:57:25,924] {processor.py:171} INFO - Processing /home/linuxadmin/.local/lib/python3.6/site-packages/airflow/example_dags/example_bash_operator.py took 0.110 seconds
[2021-11-02 15:57:30,285] {processor.py:163} INFO - Started process (PID=178782) to work on /home/linuxadmin/.local/lib/python3.6/site-packages/airflow/example_dags/example_bash_operator.py
[2021-11-02 15:57:30,286] {processor.py:620} INFO - Processing file /home/linuxadmin/.local/lib/python3.6/site-packages/airflow/example_dags/example_bash_operator.py for tasks to queue
[2021-11-02 15:57:30,287] {logging_mixin.py:109} INFO - [2021-11-02 15:57:30,287] {dagbag.py:500} INFO - Filling up the DagBag from /home/linuxadmin/.local/lib/python3.6/site-packages/airflow/example_dags/example_bash_operator.py
[2021-11-02 15:57:30,339] {processor.py:632} INFO - DAG(s) dict_keys(['example_bash_operator']) retrieved from /home/linuxadmin/.local/lib/python3.6/site-packages/airflow/example_dags/example_bash_operator.py
[2021-11-02 15:57:30,354] {logging_mixin.py:109} INFO - [2021-11-02 15:57:30,354] {dag.py:2389} INFO - Sync 1 DAGs
[2021-11-02 15:57:30,385] {logging_mixin.py:109} INFO - [2021-11-02 15:57:30,385] {dag.py:2921} INFO - Setting next_dagrun for example_bash_operator to 2021-11-01 00:00:00+00:00
[2021-11-02 15:57:30,399] {processor.py:171} INFO - Processing /home/linuxadmin/.local/lib/python3.6/site-packages/airflow/example_dags/example_bash_operator.py took 0.120 seconds
[2021-11-02 15:57:34,925] {processor.py:163} INFO - Started process (PID=178905) to work on /home/linuxadmin/.local/lib/python3.6/site-packages/airflow/example_dags/example_bash_operator.py
[2021-11-02 15:57:34,926] {processor.py:620} INFO - Processing file /home/linuxadmin/.local/lib/python3.6/site-packages/airflow/example_dags/example_bash_operator.py for tasks to queue
[2021-11-02 15:57:34,927] {logging_mixin.py:109} INFO - [2021-11-02 15:57:34,926] {dagbag.py:500} INFO - Filling up the DagBag from /home/linuxadmin/.local/lib/python3.6/site-packages/airflow/example_dags/example_bash_operator.py
[2021-11-02 15:57:34,965] {processor.py:632} INFO - DAG(s) dict_keys(['example_bash_operator']) retrieved from /home/linuxadmin/.local/lib/python3.6/site-packages/airflow/example_dags/example_bash_operator.py
[2021-11-02 15:57:34,976] {logging_mixin.py:109} INFO - [2021-11-02 15:57:34,976] {dag.py:2389} INFO - Sync 1 DAGs
[2021-11-02 15:57:34,997] {logging_mixin.py:109} INFO - [2021-11-02 15:57:34,997] {dag.py:2921} INFO - Setting next_dagrun for example_bash_operator to 2021-11-01 00:00:00+00:00
[2021-11-02 15:57:35,010] {processor.py:171} INFO - Processing /home/linuxadmin/.local/lib/python3.6/site-packages/airflow/example_dags/example_bash_operator.py took 0.090 seconds
[2021-11-02 15:57:38,963] {processor.py:163} INFO - Started process (PID=179023) to work on /home/linuxadmin/.local/lib/python3.6/site-packages/airflow/example_dags/example_bash_operator.py
[2021-11-02 15:57:38,965] {processor.py:620} INFO - Processing file /home/linuxadmin/.local/lib/python3.6/site-packages/airflow/example_dags/example_bash_operator.py for tasks to queue
[2021-11-02 15:57:38,966] {logging_mixin.py:109} INFO - [2021-11-02 15:57:38,965] {dagbag.py:500} INFO - Filling up the DagBag from /home/linuxadmin/.local/lib/python3.6/site-packages/airflow/example_dags/example_bash_operator.py
[2021-11-02 15:57:39,013] {processor.py:632} INFO - DAG(s) dict_keys(['example_bash_operator']) retrieved from /home/linuxadmin/.local/lib/python3.6/site-packages/airflow/example_dags/example_bash_operator.py
[2021-11-02 15:57:39,029] {logging_mixin.py:109} INFO - [2021-11-02 15:57:39,029] {dag.py:2389} INFO - Sync 1 DAGs
[2021-11-02 15:57:39,054] {logging_mixin.py:109} INFO - [2021-11-02 15:57:39,054] {dag.py:2921} INFO - Setting next_dagrun for example_bash_operator to 2021-11-01 00:00:00+00:00
[2021-11-02 15:57:39,065] {processor.py:171} INFO - Processing /home/linuxadmin/.local/lib/python3.6/site-packages/airflow/example_dags/example_bash_operator.py took 0.107 seconds
[2021-11-02 15:57:43,552] {processor.py:163} INFO - Started process (PID=179143) to work on /home/linuxadmin/.local/lib/python3.6/site-packages/airflow/example_dags/example_bash_operator.py
[2021-11-02 15:57:43,555] {processor.py:620} INFO - Processing file /home/linuxadmin/.local/lib/python3.6/site-packages/airflow/example_dags/example_bash_operator.py for tasks to queue
[2021-11-02 15:57:43,555] {logging_mixin.py:109} INFO - [2021-11-02 15:57:43,555] {dagbag.py:500} INFO - Filling up the DagBag from /home/linuxadmin/.local/lib/python3.6/site-packages/airflow/example_dags/example_bash_operator.py
[2021-11-02 15:57:43,599] {processor.py:632} INFO - DAG(s) dict_keys(['example_bash_operator']) retrieved from /home/linuxadmin/.local/lib/python3.6/site-packages/airflow/example_dags/example_bash_operator.py
[2021-11-02 15:57:43,614] {logging_mixin.py:109} INFO - [2021-11-02 15:57:43,614] {dag.py:2389} INFO - Sync 1 DAGs
[2021-11-02 15:57:43,639] {logging_mixin.py:109} INFO - [2021-11-02 15:57:43,639] {dag.py:2921} INFO - Setting next_dagrun for example_bash_operator to 2021-11-01 00:00:00+00:00
[2021-11-02 15:57:43,651] {processor.py:171} INFO - Processing /home/linuxadmin/.local/lib/python3.6/site-packages/airflow/example_dags/example_bash_operator.py took 0.104 seconds
[2021-11-02 15:57:47,845] {processor.py:163} INFO - Started process (PID=179263) to work on /home/linuxadmin/.local/lib/python3.6/site-packages/airflow/example_dags/example_bash_operator.py
[2021-11-02 15:57:47,846] {processor.py:620} INFO - Processing file /home/linuxadmin/.local/lib/python3.6/site-packages/airflow/example_dags/example_bash_operator.py for tasks to queue
[2021-11-02 15:57:47,847] {logging_mixin.py:109} INFO - [2021-11-02 15:57:47,847] {dagbag.py:500} INFO - Filling up the DagBag from /home/linuxadmin/.local/lib/python3.6/site-packages/airflow/example_dags/example_bash_operator.py
[2021-11-02 15:57:47,898] {processor.py:632} INFO - DAG(s) dict_keys(['example_bash_operator']) retrieved from /home/linuxadmin/.local/lib/python3.6/site-packages/airflow/example_dags/example_bash_operator.py
[2021-11-02 15:57:47,915] {logging_mixin.py:109} INFO - [2021-11-02 15:57:47,915] {dag.py:2389} INFO - Sync 1 DAGs
[2021-11-02 15:57:47,946] {logging_mixin.py:109} INFO - [2021-11-02 15:57:47,946] {dag.py:2921} INFO - Setting next_dagrun for example_bash_operator to 2021-11-01 00:00:00+00:00
[2021-11-02 15:57:47,960] {processor.py:171} INFO - Processing /home/linuxadmin/.local/lib/python3.6/site-packages/airflow/example_dags/example_bash_operator.py took 0.120 seconds
[2021-11-02 15:57:52,626] {processor.py:163} INFO - Started process (PID=179388) to work on /home/linuxadmin/.local/lib/python3.6/site-packages/airflow/example_dags/example_bash_operator.py
[2021-11-02 15:57:52,628] {processor.py:620} INFO - Processing file /home/linuxadmin/.local/lib/python3.6/site-packages/airflow/example_dags/example_bash_operator.py for tasks to queue
[2021-11-02 15:57:52,629] {logging_mixin.py:109} INFO - [2021-11-02 15:57:52,629] {dagbag.py:500} INFO - Filling up the DagBag from /home/linuxadmin/.local/lib/python3.6/site-packages/airflow/example_dags/example_bash_operator.py
[2021-11-02 15:57:52,680] {processor.py:632} INFO - DAG(s) dict_keys(['example_bash_operator']) retrieved from /home/linuxadmin/.local/lib/python3.6/site-packages/airflow/example_dags/example_bash_operator.py
[2021-11-02 15:57:52,695] {logging_mixin.py:109} INFO - [2021-11-02 15:57:52,695] {dag.py:2389} INFO - Sync 1 DAGs
[2021-11-02 15:57:52,724] {logging_mixin.py:109} INFO - [2021-11-02 15:57:52,724] {dag.py:2921} INFO - Setting next_dagrun for example_bash_operator to 2021-11-01 00:00:00+00:00
[2021-11-02 15:57:52,737] {processor.py:171} INFO - Processing /home/linuxadmin/.local/lib/python3.6/site-packages/airflow/example_dags/example_bash_operator.py took 0.116 seconds
[2021-11-02 15:57:57,900] {processor.py:163} INFO - Started process (PID=179512) to work on /home/linuxadmin/.local/lib/python3.6/site-packages/airflow/example_dags/example_bash_operator.py
[2021-11-02 15:57:57,901] {processor.py:620} INFO - Processing file /home/linuxadmin/.local/lib/python3.6/site-packages/airflow/example_dags/example_bash_operator.py for tasks to queue
[2021-11-02 15:57:57,902] {logging_mixin.py:109} INFO - [2021-11-02 15:57:57,902] {dagbag.py:500} INFO - Filling up the DagBag from /home/linuxadmin/.local/lib/python3.6/site-packages/airflow/example_dags/example_bash_operator.py
[2021-11-02 15:57:57,956] {processor.py:632} INFO - DAG(s) dict_keys(['example_bash_operator']) retrieved from /home/linuxadmin/.local/lib/python3.6/site-packages/airflow/example_dags/example_bash_operator.py
[2021-11-02 15:57:57,975] {logging_mixin.py:109} INFO - [2021-11-02 15:57:57,974] {dag.py:2389} INFO - Sync 1 DAGs
[2021-11-02 15:57:58,006] {logging_mixin.py:109} INFO - [2021-11-02 15:57:58,006] {dag.py:2921} INFO - Setting next_dagrun for example_bash_operator to 2021-11-01 00:00:00+00:00
[2021-11-02 15:57:58,018] {processor.py:171} INFO - Processing /home/linuxadmin/.local/lib/python3.6/site-packages/airflow/example_dags/example_bash_operator.py took 0.123 seconds
[2021-11-02 15:58:02,125] {processor.py:163} INFO - Started process (PID=179633) to work on /home/linuxadmin/.local/lib/python3.6/site-packages/airflow/example_dags/example_bash_operator.py
[2021-11-02 15:58:02,126] {processor.py:620} INFO - Processing file /home/linuxadmin/.local/lib/python3.6/site-packages/airflow/example_dags/example_bash_operator.py for tasks to queue
[2021-11-02 15:58:02,127] {logging_mixin.py:109} INFO - [2021-11-02 15:58:02,127] {dagbag.py:500} INFO - Filling up the DagBag from /home/linuxadmin/.local/lib/python3.6/site-packages/airflow/example_dags/example_bash_operator.py
[2021-11-02 15:58:02,184] {processor.py:632} INFO - DAG(s) dict_keys(['example_bash_operator']) retrieved from /home/linuxadmin/.local/lib/python3.6/site-packages/airflow/example_dags/example_bash_operator.py
[2021-11-02 15:58:02,196] {logging_mixin.py:109} INFO - [2021-11-02 15:58:02,196] {dag.py:2389} INFO - Sync 1 DAGs
[2021-11-02 15:58:02,223] {logging_mixin.py:109} INFO - [2021-11-02 15:58:02,223] {dag.py:2921} INFO - Setting next_dagrun for example_bash_operator to 2021-11-01 00:00:00+00:00
[2021-11-02 15:58:02,238] {processor.py:171} INFO - Processing /home/linuxadmin/.local/lib/python3.6/site-packages/airflow/example_dags/example_bash_operator.py took 0.119 seconds
[2021-11-02 15:58:06,456] {processor.py:163} INFO - Started process (PID=179755) to work on /home/linuxadmin/.local/lib/python3.6/site-packages/airflow/example_dags/example_bash_operator.py
[2021-11-02 15:58:06,458] {processor.py:620} INFO - Processing file /home/linuxadmin/.local/lib/python3.6/site-packages/airflow/example_dags/example_bash_operator.py for tasks to queue
[2021-11-02 15:58:06,458] {logging_mixin.py:109} INFO - [2021-11-02 15:58:06,458] {dagbag.py:500} INFO - Filling up the DagBag from /home/linuxadmin/.local/lib/python3.6/site-packages/airflow/example_dags/example_bash_operator.py
[2021-11-02 15:58:06,510] {processor.py:632} INFO - DAG(s) dict_keys(['example_bash_operator']) retrieved from /home/linuxadmin/.local/lib/python3.6/site-packages/airflow/example_dags/example_bash_operator.py
[2021-11-02 15:58:06,528] {logging_mixin.py:109} INFO - [2021-11-02 15:58:06,528] {dag.py:2389} INFO - Sync 1 DAGs
[2021-11-02 15:58:06,564] {logging_mixin.py:109} INFO - [2021-11-02 15:58:06,564] {dag.py:2921} INFO - Setting next_dagrun for example_bash_operator to 2021-11-01 00:00:00+00:00
[2021-11-02 15:58:06,576] {processor.py:171} INFO - Processing /home/linuxadmin/.local/lib/python3.6/site-packages/airflow/example_dags/example_bash_operator.py took 0.125 seconds
[2021-11-02 15:58:11,010] {processor.py:163} INFO - Started process (PID=179874) to work on /home/linuxadmin/.local/lib/python3.6/site-packages/airflow/example_dags/example_bash_operator.py
[2021-11-02 15:58:11,011] {processor.py:620} INFO - Processing file /home/linuxadmin/.local/lib/python3.6/site-packages/airflow/example_dags/example_bash_operator.py for tasks to queue
[2021-11-02 15:58:11,012] {logging_mixin.py:109} INFO - [2021-11-02 15:58:11,012] {dagbag.py:500} INFO - Filling up the DagBag from /home/linuxadmin/.local/lib/python3.6/site-packages/airflow/example_dags/example_bash_operator.py
[2021-11-02 15:58:11,064] {processor.py:632} INFO - DAG(s) dict_keys(['example_bash_operator']) retrieved from /home/linuxadmin/.local/lib/python3.6/site-packages/airflow/example_dags/example_bash_operator.py
[2021-11-02 15:58:11,080] {logging_mixin.py:109} INFO - [2021-11-02 15:58:11,080] {dag.py:2389} INFO - Sync 1 DAGs
[2021-11-02 15:58:11,109] {logging_mixin.py:109} INFO - [2021-11-02 15:58:11,109] {dag.py:2921} INFO - Setting next_dagrun for example_bash_operator to 2021-11-01 00:00:00+00:00
[2021-11-02 15:58:11,122] {processor.py:171} INFO - Processing /home/linuxadmin/.local/lib/python3.6/site-packages/airflow/example_dags/example_bash_operator.py took 0.118 seconds
[2021-11-02 15:58:15,919] {processor.py:163} INFO - Started process (PID=179996) to work on /home/linuxadmin/.local/lib/python3.6/site-packages/airflow/example_dags/example_bash_operator.py
[2021-11-02 15:58:15,921] {processor.py:620} INFO - Processing file /home/linuxadmin/.local/lib/python3.6/site-packages/airflow/example_dags/example_bash_operator.py for tasks to queue
[2021-11-02 15:58:15,921] {logging_mixin.py:109} INFO - [2021-11-02 15:58:15,921] {dagbag.py:500} INFO - Filling up the DagBag from /home/linuxadmin/.local/lib/python3.6/site-packages/airflow/example_dags/example_bash_operator.py
[2021-11-02 15:58:15,970] {processor.py:632} INFO - DAG(s) dict_keys(['example_bash_operator']) retrieved from /home/linuxadmin/.local/lib/python3.6/site-packages/airflow/example_dags/example_bash_operator.py
[2021-11-02 15:58:15,986] {logging_mixin.py:109} INFO - [2021-11-02 15:58:15,986] {dag.py:2389} INFO - Sync 1 DAGs
[2021-11-02 15:58:16,050] {logging_mixin.py:109} INFO - [2021-11-02 15:58:16,050] {dag.py:2921} INFO - Setting next_dagrun for example_bash_operator to 2021-11-01 00:00:00+00:00
[2021-11-02 15:58:16,076] {processor.py:171} INFO - Processing /home/linuxadmin/.local/lib/python3.6/site-packages/airflow/example_dags/example_bash_operator.py took 0.164 seconds
[2021-11-02 15:58:20,310] {processor.py:163} INFO - Started process (PID=180122) to work on /home/linuxadmin/.local/lib/python3.6/site-packages/airflow/example_dags/example_bash_operator.py
[2021-11-02 15:58:20,313] {processor.py:620} INFO - Processing file /home/linuxadmin/.local/lib/python3.6/site-packages/airflow/example_dags/example_bash_operator.py for tasks to queue
[2021-11-02 15:58:20,313] {logging_mixin.py:109} INFO - [2021-11-02 15:58:20,313] {dagbag.py:500} INFO - Filling up the DagBag from /home/linuxadmin/.local/lib/python3.6/site-packages/airflow/example_dags/example_bash_operator.py
[2021-11-02 15:58:20,359] {processor.py:632} INFO - DAG(s) dict_keys(['example_bash_operator']) retrieved from /home/linuxadmin/.local/lib/python3.6/site-packages/airflow/example_dags/example_bash_operator.py
[2021-11-02 15:58:20,372] {logging_mixin.py:109} INFO - [2021-11-02 15:58:20,372] {dag.py:2389} INFO - Sync 1 DAGs
[2021-11-02 15:58:20,399] {logging_mixin.py:109} INFO - [2021-11-02 15:58:20,399] {dag.py:2921} INFO - Setting next_dagrun for example_bash_operator to 2021-11-01 00:00:00+00:00
[2021-11-02 15:58:20,410] {processor.py:171} INFO - Processing /home/linuxadmin/.local/lib/python3.6/site-packages/airflow/example_dags/example_bash_operator.py took 0.108 seconds
[2021-11-02 15:58:24,306] {processor.py:163} INFO - Started process (PID=180241) to work on /home/linuxadmin/.local/lib/python3.6/site-packages/airflow/example_dags/example_bash_operator.py
[2021-11-02 15:58:24,308] {processor.py:620} INFO - Processing file /home/linuxadmin/.local/lib/python3.6/site-packages/airflow/example_dags/example_bash_operator.py for tasks to queue
[2021-11-02 15:58:24,309] {logging_mixin.py:109} INFO - [2021-11-02 15:58:24,309] {dagbag.py:500} INFO - Filling up the DagBag from /home/linuxadmin/.local/lib/python3.6/site-packages/airflow/example_dags/example_bash_operator.py
[2021-11-02 15:58:24,364] {processor.py:632} INFO - DAG(s) dict_keys(['example_bash_operator']) retrieved from /home/linuxadmin/.local/lib/python3.6/site-packages/airflow/example_dags/example_bash_operator.py
[2021-11-02 15:58:24,382] {logging_mixin.py:109} INFO - [2021-11-02 15:58:24,382] {dag.py:2389} INFO - Sync 1 DAGs
[2021-11-02 15:58:24,417] {logging_mixin.py:109} INFO - [2021-11-02 15:58:24,417] {dag.py:2921} INFO - Setting next_dagrun for example_bash_operator to 2021-11-01 00:00:00+00:00
[2021-11-02 15:58:24,432] {processor.py:171} INFO - Processing /home/linuxadmin/.local/lib/python3.6/site-packages/airflow/example_dags/example_bash_operator.py took 0.132 seconds
[2021-11-02 15:58:29,756] {processor.py:163} INFO - Started process (PID=180365) to work on /home/linuxadmin/.local/lib/python3.6/site-packages/airflow/example_dags/example_bash_operator.py
[2021-11-02 15:58:29,757] {processor.py:620} INFO - Processing file /home/linuxadmin/.local/lib/python3.6/site-packages/airflow/example_dags/example_bash_operator.py for tasks to queue
[2021-11-02 15:58:29,757] {logging_mixin.py:109} INFO - [2021-11-02 15:58:29,757] {dagbag.py:500} INFO - Filling up the DagBag from /home/linuxadmin/.local/lib/python3.6/site-packages/airflow/example_dags/example_bash_operator.py
[2021-11-02 15:58:29,797] {processor.py:632} INFO - DAG(s) dict_keys(['example_bash_operator']) retrieved from /home/linuxadmin/.local/lib/python3.6/site-packages/airflow/example_dags/example_bash_operator.py
[2021-11-02 15:58:29,810] {logging_mixin.py:109} INFO - [2021-11-02 15:58:29,809] {dag.py:2389} INFO - Sync 1 DAGs
[2021-11-02 15:58:29,835] {logging_mixin.py:109} INFO - [2021-11-02 15:58:29,835] {dag.py:2921} INFO - Setting next_dagrun for example_bash_operator to 2021-11-01 00:00:00+00:00
[2021-11-02 15:58:29,848] {processor.py:171} INFO - Processing /home/linuxadmin/.local/lib/python3.6/site-packages/airflow/example_dags/example_bash_operator.py took 0.098 seconds
[2021-11-02 15:58:34,053] {processor.py:163} INFO - Started process (PID=180485) to work on /home/linuxadmin/.local/lib/python3.6/site-packages/airflow/example_dags/example_bash_operator.py
[2021-11-02 15:58:34,054] {processor.py:620} INFO - Processing file /home/linuxadmin/.local/lib/python3.6/site-packages/airflow/example_dags/example_bash_operator.py for tasks to queue
[2021-11-02 15:58:34,055] {logging_mixin.py:109} INFO - [2021-11-02 15:58:34,055] {dagbag.py:500} INFO - Filling up the DagBag from /home/linuxadmin/.local/lib/python3.6/site-packages/airflow/example_dags/example_bash_operator.py
[2021-11-02 15:58:34,094] {processor.py:632} INFO - DAG(s) dict_keys(['example_bash_operator']) retrieved from /home/linuxadmin/.local/lib/python3.6/site-packages/airflow/example_dags/example_bash_operator.py
[2021-11-02 15:58:34,110] {logging_mixin.py:109} INFO - [2021-11-02 15:58:34,110] {dag.py:2389} INFO - Sync 1 DAGs
[2021-11-02 15:58:34,134] {logging_mixin.py:109} INFO - [2021-11-02 15:58:34,134] {dag.py:2921} INFO - Setting next_dagrun for example_bash_operator to 2021-11-01 00:00:00+00:00
[2021-11-02 15:58:34,144] {processor.py:171} INFO - Processing /home/linuxadmin/.local/lib/python3.6/site-packages/airflow/example_dags/example_bash_operator.py took 0.096 seconds
[2021-11-02 15:58:38,760] {processor.py:163} INFO - Started process (PID=180606) to work on /home/linuxadmin/.local/lib/python3.6/site-packages/airflow/example_dags/example_bash_operator.py
[2021-11-02 15:58:38,762] {processor.py:620} INFO - Processing file /home/linuxadmin/.local/lib/python3.6/site-packages/airflow/example_dags/example_bash_operator.py for tasks to queue
[2021-11-02 15:58:38,763] {logging_mixin.py:109} INFO - [2021-11-02 15:58:38,762] {dagbag.py:500} INFO - Filling up the DagBag from /home/linuxadmin/.local/lib/python3.6/site-packages/airflow/example_dags/example_bash_operator.py
[2021-11-02 15:58:38,824] {processor.py:632} INFO - DAG(s) dict_keys(['example_bash_operator']) retrieved from /home/linuxadmin/.local/lib/python3.6/site-packages/airflow/example_dags/example_bash_operator.py
[2021-11-02 15:58:38,843] {logging_mixin.py:109} INFO - [2021-11-02 15:58:38,843] {dag.py:2389} INFO - Sync 1 DAGs
[2021-11-02 15:58:38,879] {logging_mixin.py:109} INFO - [2021-11-02 15:58:38,878] {dag.py:2921} INFO - Setting next_dagrun for example_bash_operator to 2021-11-01 00:00:00+00:00
[2021-11-02 15:58:38,895] {processor.py:171} INFO - Processing /home/linuxadmin/.local/lib/python3.6/site-packages/airflow/example_dags/example_bash_operator.py took 0.141 seconds
[2021-11-02 15:58:42,863] {processor.py:163} INFO - Started process (PID=180727) to work on /home/linuxadmin/.local/lib/python3.6/site-packages/airflow/example_dags/example_bash_operator.py
[2021-11-02 15:58:42,864] {processor.py:620} INFO - Processing file /home/linuxadmin/.local/lib/python3.6/site-packages/airflow/example_dags/example_bash_operator.py for tasks to queue
[2021-11-02 15:58:42,865] {logging_mixin.py:109} INFO - [2021-11-02 15:58:42,865] {dagbag.py:500} INFO - Filling up the DagBag from /home/linuxadmin/.local/lib/python3.6/site-packages/airflow/example_dags/example_bash_operator.py
[2021-11-02 15:58:42,910] {processor.py:632} INFO - DAG(s) dict_keys(['example_bash_operator']) retrieved from /home/linuxadmin/.local/lib/python3.6/site-packages/airflow/example_dags/example_bash_operator.py
[2021-11-02 15:58:42,924] {logging_mixin.py:109} INFO - [2021-11-02 15:58:42,924] {dag.py:2389} INFO - Sync 1 DAGs
[2021-11-02 15:58:42,947] {logging_mixin.py:109} INFO - [2021-11-02 15:58:42,947] {dag.py:2921} INFO - Setting next_dagrun for example_bash_operator to 2021-11-01 00:00:00+00:00
[2021-11-02 15:58:42,961] {processor.py:171} INFO - Processing /home/linuxadmin/.local/lib/python3.6/site-packages/airflow/example_dags/example_bash_operator.py took 0.103 seconds
[2021-11-02 15:58:47,315] {processor.py:163} INFO - Started process (PID=180849) to work on /home/linuxadmin/.local/lib/python3.6/site-packages/airflow/example_dags/example_bash_operator.py
[2021-11-02 15:58:47,316] {processor.py:620} INFO - Processing file /home/linuxadmin/.local/lib/python3.6/site-packages/airflow/example_dags/example_bash_operator.py for tasks to queue
[2021-11-02 15:58:47,317] {logging_mixin.py:109} INFO - [2021-11-02 15:58:47,317] {dagbag.py:500} INFO - Filling up the DagBag from /home/linuxadmin/.local/lib/python3.6/site-packages/airflow/example_dags/example_bash_operator.py
[2021-11-02 15:58:47,364] {processor.py:632} INFO - DAG(s) dict_keys(['example_bash_operator']) retrieved from /home/linuxadmin/.local/lib/python3.6/site-packages/airflow/example_dags/example_bash_operator.py
[2021-11-02 15:58:47,378] {logging_mixin.py:109} INFO - [2021-11-02 15:58:47,378] {dag.py:2389} INFO - Sync 1 DAGs
[2021-11-02 15:58:47,404] {logging_mixin.py:109} INFO - [2021-11-02 15:58:47,404] {dag.py:2921} INFO - Setting next_dagrun for example_bash_operator to 2021-11-01 00:00:00+00:00
[2021-11-02 15:58:47,417] {processor.py:171} INFO - Processing /home/linuxadmin/.local/lib/python3.6/site-packages/airflow/example_dags/example_bash_operator.py took 0.107 seconds
[2021-11-02 15:58:51,252] {processor.py:163} INFO - Started process (PID=180970) to work on /home/linuxadmin/.local/lib/python3.6/site-packages/airflow/example_dags/example_bash_operator.py
[2021-11-02 15:58:51,253] {processor.py:620} INFO - Processing file /home/linuxadmin/.local/lib/python3.6/site-packages/airflow/example_dags/example_bash_operator.py for tasks to queue
[2021-11-02 15:58:51,254] {logging_mixin.py:109} INFO - [2021-11-02 15:58:51,254] {dagbag.py:500} INFO - Filling up the DagBag from /home/linuxadmin/.local/lib/python3.6/site-packages/airflow/example_dags/example_bash_operator.py
[2021-11-02 15:58:51,305] {processor.py:632} INFO - DAG(s) dict_keys(['example_bash_operator']) retrieved from /home/linuxadmin/.local/lib/python3.6/site-packages/airflow/example_dags/example_bash_operator.py
[2021-11-02 15:58:51,317] {logging_mixin.py:109} INFO - [2021-11-02 15:58:51,317] {dag.py:2389} INFO - Sync 1 DAGs
[2021-11-02 15:58:51,341] {logging_mixin.py:109} INFO - [2021-11-02 15:58:51,341] {dag.py:2921} INFO - Setting next_dagrun for example_bash_operator to 2021-11-01 00:00:00+00:00
[2021-11-02 15:58:51,351] {processor.py:171} INFO - Processing /home/linuxadmin/.local/lib/python3.6/site-packages/airflow/example_dags/example_bash_operator.py took 0.106 seconds
[2021-11-02 15:58:55,675] {processor.py:163} INFO - Started process (PID=181092) to work on /home/linuxadmin/.local/lib/python3.6/site-packages/airflow/example_dags/example_bash_operator.py
[2021-11-02 15:58:55,678] {processor.py:620} INFO - Processing file /home/linuxadmin/.local/lib/python3.6/site-packages/airflow/example_dags/example_bash_operator.py for tasks to queue
[2021-11-02 15:58:55,679] {logging_mixin.py:109} INFO - [2021-11-02 15:58:55,679] {dagbag.py:500} INFO - Filling up the DagBag from /home/linuxadmin/.local/lib/python3.6/site-packages/airflow/example_dags/example_bash_operator.py
[2021-11-02 15:58:55,728] {processor.py:632} INFO - DAG(s) dict_keys(['example_bash_operator']) retrieved from /home/linuxadmin/.local/lib/python3.6/site-packages/airflow/example_dags/example_bash_operator.py
[2021-11-02 15:58:55,742] {logging_mixin.py:109} INFO - [2021-11-02 15:58:55,742] {dag.py:2389} INFO - Sync 1 DAGs
[2021-11-02 15:58:55,769] {logging_mixin.py:109} INFO - [2021-11-02 15:58:55,769] {dag.py:2921} INFO - Setting next_dagrun for example_bash_operator to 2021-11-01 00:00:00+00:00
[2021-11-02 15:58:55,782] {processor.py:171} INFO - Processing /home/linuxadmin/.local/lib/python3.6/site-packages/airflow/example_dags/example_bash_operator.py took 0.112 seconds
[2021-11-02 15:59:00,466] {processor.py:163} INFO - Started process (PID=181212) to work on /home/linuxadmin/.local/lib/python3.6/site-packages/airflow/example_dags/example_bash_operator.py
[2021-11-02 15:59:00,468] {processor.py:620} INFO - Processing file /home/linuxadmin/.local/lib/python3.6/site-packages/airflow/example_dags/example_bash_operator.py for tasks to queue
[2021-11-02 15:59:00,469] {logging_mixin.py:109} INFO - [2021-11-02 15:59:00,469] {dagbag.py:500} INFO - Filling up the DagBag from /home/linuxadmin/.local/lib/python3.6/site-packages/airflow/example_dags/example_bash_operator.py
[2021-11-02 15:59:00,527] {processor.py:632} INFO - DAG(s) dict_keys(['example_bash_operator']) retrieved from /home/linuxadmin/.local/lib/python3.6/site-packages/airflow/example_dags/example_bash_operator.py
[2021-11-02 15:59:00,542] {logging_mixin.py:109} INFO - [2021-11-02 15:59:00,541] {dag.py:2389} INFO - Sync 1 DAGs
[2021-11-02 15:59:00,568] {logging_mixin.py:109} INFO - [2021-11-02 15:59:00,568] {dag.py:2921} INFO - Setting next_dagrun for example_bash_operator to 2021-11-01 00:00:00+00:00
[2021-11-02 15:59:00,581] {processor.py:171} INFO - Processing /home/linuxadmin/.local/lib/python3.6/site-packages/airflow/example_dags/example_bash_operator.py took 0.121 seconds
[2021-11-02 15:59:05,789] {processor.py:163} INFO - Started process (PID=181339) to work on /home/linuxadmin/.local/lib/python3.6/site-packages/airflow/example_dags/example_bash_operator.py
[2021-11-02 15:59:05,790] {processor.py:620} INFO - Processing file /home/linuxadmin/.local/lib/python3.6/site-packages/airflow/example_dags/example_bash_operator.py for tasks to queue
[2021-11-02 15:59:05,791] {logging_mixin.py:109} INFO - [2021-11-02 15:59:05,791] {dagbag.py:500} INFO - Filling up the DagBag from /home/linuxadmin/.local/lib/python3.6/site-packages/airflow/example_dags/example_bash_operator.py
[2021-11-02 15:59:05,840] {processor.py:632} INFO - DAG(s) dict_keys(['example_bash_operator']) retrieved from /home/linuxadmin/.local/lib/python3.6/site-packages/airflow/example_dags/example_bash_operator.py
[2021-11-02 15:59:05,857] {logging_mixin.py:109} INFO - [2021-11-02 15:59:05,857] {dag.py:2389} INFO - Sync 1 DAGs
[2021-11-02 15:59:05,890] {logging_mixin.py:109} INFO - [2021-11-02 15:59:05,890] {dag.py:2921} INFO - Setting next_dagrun for example_bash_operator to 2021-11-01 00:00:00+00:00
[2021-11-02 15:59:05,904] {processor.py:171} INFO - Processing /home/linuxadmin/.local/lib/python3.6/site-packages/airflow/example_dags/example_bash_operator.py took 0.120 seconds
[2021-11-02 15:59:09,929] {processor.py:163} INFO - Started process (PID=181458) to work on /home/linuxadmin/.local/lib/python3.6/site-packages/airflow/example_dags/example_bash_operator.py
[2021-11-02 15:59:09,931] {processor.py:620} INFO - Processing file /home/linuxadmin/.local/lib/python3.6/site-packages/airflow/example_dags/example_bash_operator.py for tasks to queue
[2021-11-02 15:59:09,932] {logging_mixin.py:109} INFO - [2021-11-02 15:59:09,932] {dagbag.py:500} INFO - Filling up the DagBag from /home/linuxadmin/.local/lib/python3.6/site-packages/airflow/example_dags/example_bash_operator.py
[2021-11-02 15:59:09,983] {processor.py:632} INFO - DAG(s) dict_keys(['example_bash_operator']) retrieved from /home/linuxadmin/.local/lib/python3.6/site-packages/airflow/example_dags/example_bash_operator.py
[2021-11-02 15:59:09,997] {logging_mixin.py:109} INFO - [2021-11-02 15:59:09,997] {dag.py:2389} INFO - Sync 1 DAGs
[2021-11-02 15:59:10,024] {logging_mixin.py:109} INFO - [2021-11-02 15:59:10,024] {dag.py:2921} INFO - Setting next_dagrun for example_bash_operator to 2021-11-01 00:00:00+00:00
[2021-11-02 15:59:10,035] {processor.py:171} INFO - Processing /home/linuxadmin/.local/lib/python3.6/site-packages/airflow/example_dags/example_bash_operator.py took 0.111 seconds
