[2021-11-02 15:55:19,101] {processor.py:163} INFO - Started process (PID=175242) to work on /home/linuxadmin/.local/lib/python3.6/site-packages/airflow/example_dags/example_latest_only.py
[2021-11-02 15:55:19,102] {processor.py:620} INFO - Processing file /home/linuxadmin/.local/lib/python3.6/site-packages/airflow/example_dags/example_latest_only.py for tasks to queue
[2021-11-02 15:55:19,103] {logging_mixin.py:109} INFO - [2021-11-02 15:55:19,103] {dagbag.py:500} INFO - Filling up the DagBag from /home/linuxadmin/.local/lib/python3.6/site-packages/airflow/example_dags/example_latest_only.py
[2021-11-02 15:55:19,135] {processor.py:632} INFO - DAG(s) dict_keys(['latest_only']) retrieved from /home/linuxadmin/.local/lib/python3.6/site-packages/airflow/example_dags/example_latest_only.py
[2021-11-02 15:55:19,146] {logging_mixin.py:109} INFO - [2021-11-02 15:55:19,146] {dag.py:2389} INFO - Sync 1 DAGs
[2021-11-02 15:55:19,167] {logging_mixin.py:109} INFO - [2021-11-02 15:55:19,167] {dag.py:2921} INFO - Setting next_dagrun for latest_only to 2021-11-02T06:25:19.166773+00:00
[2021-11-02 15:55:19,180] {processor.py:171} INFO - Processing /home/linuxadmin/.local/lib/python3.6/site-packages/airflow/example_dags/example_latest_only.py took 0.083 seconds
[2021-11-02 15:55:23,760] {processor.py:163} INFO - Started process (PID=175368) to work on /home/linuxadmin/.local/lib/python3.6/site-packages/airflow/example_dags/example_latest_only.py
[2021-11-02 15:55:23,761] {processor.py:620} INFO - Processing file /home/linuxadmin/.local/lib/python3.6/site-packages/airflow/example_dags/example_latest_only.py for tasks to queue
[2021-11-02 15:55:23,762] {logging_mixin.py:109} INFO - [2021-11-02 15:55:23,762] {dagbag.py:500} INFO - Filling up the DagBag from /home/linuxadmin/.local/lib/python3.6/site-packages/airflow/example_dags/example_latest_only.py
[2021-11-02 15:55:23,803] {processor.py:632} INFO - DAG(s) dict_keys(['latest_only']) retrieved from /home/linuxadmin/.local/lib/python3.6/site-packages/airflow/example_dags/example_latest_only.py
[2021-11-02 15:55:23,819] {logging_mixin.py:109} INFO - [2021-11-02 15:55:23,819] {dag.py:2389} INFO - Sync 1 DAGs
[2021-11-02 15:55:23,848] {logging_mixin.py:109} INFO - [2021-11-02 15:55:23,848] {dag.py:2921} INFO - Setting next_dagrun for latest_only to 2021-11-02T06:25:23.847697+00:00
[2021-11-02 15:55:23,860] {processor.py:171} INFO - Processing /home/linuxadmin/.local/lib/python3.6/site-packages/airflow/example_dags/example_latest_only.py took 0.104 seconds
[2021-11-02 15:55:27,884] {processor.py:163} INFO - Started process (PID=175485) to work on /home/linuxadmin/.local/lib/python3.6/site-packages/airflow/example_dags/example_latest_only.py
[2021-11-02 15:55:27,885] {processor.py:620} INFO - Processing file /home/linuxadmin/.local/lib/python3.6/site-packages/airflow/example_dags/example_latest_only.py for tasks to queue
[2021-11-02 15:55:27,886] {logging_mixin.py:109} INFO - [2021-11-02 15:55:27,886] {dagbag.py:500} INFO - Filling up the DagBag from /home/linuxadmin/.local/lib/python3.6/site-packages/airflow/example_dags/example_latest_only.py
[2021-11-02 15:55:27,918] {processor.py:632} INFO - DAG(s) dict_keys(['latest_only']) retrieved from /home/linuxadmin/.local/lib/python3.6/site-packages/airflow/example_dags/example_latest_only.py
[2021-11-02 15:55:27,930] {logging_mixin.py:109} INFO - [2021-11-02 15:55:27,930] {dag.py:2389} INFO - Sync 1 DAGs
[2021-11-02 15:55:27,952] {logging_mixin.py:109} INFO - [2021-11-02 15:55:27,952] {dag.py:2921} INFO - Setting next_dagrun for latest_only to 2021-11-02T06:25:27.952224+00:00
[2021-11-02 15:55:27,963] {processor.py:171} INFO - Processing /home/linuxadmin/.local/lib/python3.6/site-packages/airflow/example_dags/example_latest_only.py took 0.084 seconds
[2021-11-02 15:55:32,494] {processor.py:163} INFO - Started process (PID=175611) to work on /home/linuxadmin/.local/lib/python3.6/site-packages/airflow/example_dags/example_latest_only.py
[2021-11-02 15:55:32,495] {processor.py:620} INFO - Processing file /home/linuxadmin/.local/lib/python3.6/site-packages/airflow/example_dags/example_latest_only.py for tasks to queue
[2021-11-02 15:55:32,497] {logging_mixin.py:109} INFO - [2021-11-02 15:55:32,496] {dagbag.py:500} INFO - Filling up the DagBag from /home/linuxadmin/.local/lib/python3.6/site-packages/airflow/example_dags/example_latest_only.py
[2021-11-02 15:55:32,539] {processor.py:632} INFO - DAG(s) dict_keys(['latest_only']) retrieved from /home/linuxadmin/.local/lib/python3.6/site-packages/airflow/example_dags/example_latest_only.py
[2021-11-02 15:55:32,557] {logging_mixin.py:109} INFO - [2021-11-02 15:55:32,557] {dag.py:2389} INFO - Sync 1 DAGs
[2021-11-02 15:55:32,582] {logging_mixin.py:109} INFO - [2021-11-02 15:55:32,582] {dag.py:2921} INFO - Setting next_dagrun for latest_only to 2021-11-02T06:25:32.581788+00:00
[2021-11-02 15:55:32,596] {processor.py:171} INFO - Processing /home/linuxadmin/.local/lib/python3.6/site-packages/airflow/example_dags/example_latest_only.py took 0.108 seconds
[2021-11-02 15:55:36,997] {processor.py:163} INFO - Started process (PID=175729) to work on /home/linuxadmin/.local/lib/python3.6/site-packages/airflow/example_dags/example_latest_only.py
[2021-11-02 15:55:36,998] {processor.py:620} INFO - Processing file /home/linuxadmin/.local/lib/python3.6/site-packages/airflow/example_dags/example_latest_only.py for tasks to queue
[2021-11-02 15:55:36,999] {logging_mixin.py:109} INFO - [2021-11-02 15:55:36,999] {dagbag.py:500} INFO - Filling up the DagBag from /home/linuxadmin/.local/lib/python3.6/site-packages/airflow/example_dags/example_latest_only.py
[2021-11-02 15:55:37,037] {processor.py:632} INFO - DAG(s) dict_keys(['latest_only']) retrieved from /home/linuxadmin/.local/lib/python3.6/site-packages/airflow/example_dags/example_latest_only.py
[2021-11-02 15:55:37,049] {logging_mixin.py:109} INFO - [2021-11-02 15:55:37,049] {dag.py:2389} INFO - Sync 1 DAGs
[2021-11-02 15:55:37,071] {logging_mixin.py:109} INFO - [2021-11-02 15:55:37,071] {dag.py:2921} INFO - Setting next_dagrun for latest_only to 2021-11-02T06:25:37.071409+00:00
[2021-11-02 15:55:37,083] {processor.py:171} INFO - Processing /home/linuxadmin/.local/lib/python3.6/site-packages/airflow/example_dags/example_latest_only.py took 0.090 seconds
[2021-11-02 15:55:41,472] {processor.py:163} INFO - Started process (PID=175851) to work on /home/linuxadmin/.local/lib/python3.6/site-packages/airflow/example_dags/example_latest_only.py
[2021-11-02 15:55:41,474] {processor.py:620} INFO - Processing file /home/linuxadmin/.local/lib/python3.6/site-packages/airflow/example_dags/example_latest_only.py for tasks to queue
[2021-11-02 15:55:41,475] {logging_mixin.py:109} INFO - [2021-11-02 15:55:41,475] {dagbag.py:500} INFO - Filling up the DagBag from /home/linuxadmin/.local/lib/python3.6/site-packages/airflow/example_dags/example_latest_only.py
[2021-11-02 15:55:41,511] {processor.py:632} INFO - DAG(s) dict_keys(['latest_only']) retrieved from /home/linuxadmin/.local/lib/python3.6/site-packages/airflow/example_dags/example_latest_only.py
[2021-11-02 15:55:41,523] {logging_mixin.py:109} INFO - [2021-11-02 15:55:41,522] {dag.py:2389} INFO - Sync 1 DAGs
[2021-11-02 15:55:41,545] {logging_mixin.py:109} INFO - [2021-11-02 15:55:41,545] {dag.py:2921} INFO - Setting next_dagrun for latest_only to 2021-11-02T06:25:41.545125+00:00
[2021-11-02 15:55:41,558] {processor.py:171} INFO - Processing /home/linuxadmin/.local/lib/python3.6/site-packages/airflow/example_dags/example_latest_only.py took 0.090 seconds
[2021-11-02 15:55:45,387] {processor.py:163} INFO - Started process (PID=175970) to work on /home/linuxadmin/.local/lib/python3.6/site-packages/airflow/example_dags/example_latest_only.py
[2021-11-02 15:55:45,389] {processor.py:620} INFO - Processing file /home/linuxadmin/.local/lib/python3.6/site-packages/airflow/example_dags/example_latest_only.py for tasks to queue
[2021-11-02 15:55:45,390] {logging_mixin.py:109} INFO - [2021-11-02 15:55:45,390] {dagbag.py:500} INFO - Filling up the DagBag from /home/linuxadmin/.local/lib/python3.6/site-packages/airflow/example_dags/example_latest_only.py
[2021-11-02 15:55:45,435] {processor.py:632} INFO - DAG(s) dict_keys(['latest_only']) retrieved from /home/linuxadmin/.local/lib/python3.6/site-packages/airflow/example_dags/example_latest_only.py
[2021-11-02 15:55:45,447] {logging_mixin.py:109} INFO - [2021-11-02 15:55:45,447] {dag.py:2389} INFO - Sync 1 DAGs
[2021-11-02 15:55:45,473] {logging_mixin.py:109} INFO - [2021-11-02 15:55:45,473] {dag.py:2921} INFO - Setting next_dagrun for latest_only to 2021-11-02T06:25:45.472777+00:00
[2021-11-02 15:55:45,491] {processor.py:171} INFO - Processing /home/linuxadmin/.local/lib/python3.6/site-packages/airflow/example_dags/example_latest_only.py took 0.109 seconds
[2021-11-02 15:55:50,573] {processor.py:163} INFO - Started process (PID=176094) to work on /home/linuxadmin/.local/lib/python3.6/site-packages/airflow/example_dags/example_latest_only.py
[2021-11-02 15:55:50,575] {processor.py:620} INFO - Processing file /home/linuxadmin/.local/lib/python3.6/site-packages/airflow/example_dags/example_latest_only.py for tasks to queue
[2021-11-02 15:55:50,576] {logging_mixin.py:109} INFO - [2021-11-02 15:55:50,576] {dagbag.py:500} INFO - Filling up the DagBag from /home/linuxadmin/.local/lib/python3.6/site-packages/airflow/example_dags/example_latest_only.py
[2021-11-02 15:55:50,614] {processor.py:632} INFO - DAG(s) dict_keys(['latest_only']) retrieved from /home/linuxadmin/.local/lib/python3.6/site-packages/airflow/example_dags/example_latest_only.py
[2021-11-02 15:55:50,631] {logging_mixin.py:109} INFO - [2021-11-02 15:55:50,631] {dag.py:2389} INFO - Sync 1 DAGs
[2021-11-02 15:55:50,662] {logging_mixin.py:109} INFO - [2021-11-02 15:55:50,662] {dag.py:2921} INFO - Setting next_dagrun for latest_only to 2021-11-02T06:25:50.661965+00:00
[2021-11-02 15:55:50,675] {processor.py:171} INFO - Processing /home/linuxadmin/.local/lib/python3.6/site-packages/airflow/example_dags/example_latest_only.py took 0.107 seconds
[2021-11-02 15:55:54,827] {processor.py:163} INFO - Started process (PID=176213) to work on /home/linuxadmin/.local/lib/python3.6/site-packages/airflow/example_dags/example_latest_only.py
[2021-11-02 15:55:54,830] {processor.py:620} INFO - Processing file /home/linuxadmin/.local/lib/python3.6/site-packages/airflow/example_dags/example_latest_only.py for tasks to queue
[2021-11-02 15:55:54,831] {logging_mixin.py:109} INFO - [2021-11-02 15:55:54,830] {dagbag.py:500} INFO - Filling up the DagBag from /home/linuxadmin/.local/lib/python3.6/site-packages/airflow/example_dags/example_latest_only.py
[2021-11-02 15:55:54,873] {processor.py:632} INFO - DAG(s) dict_keys(['latest_only']) retrieved from /home/linuxadmin/.local/lib/python3.6/site-packages/airflow/example_dags/example_latest_only.py
[2021-11-02 15:55:54,887] {logging_mixin.py:109} INFO - [2021-11-02 15:55:54,887] {dag.py:2389} INFO - Sync 1 DAGs
[2021-11-02 15:55:54,911] {logging_mixin.py:109} INFO - [2021-11-02 15:55:54,911] {dag.py:2921} INFO - Setting next_dagrun for latest_only to 2021-11-02T06:25:54.910842+00:00
[2021-11-02 15:55:54,930] {processor.py:171} INFO - Processing /home/linuxadmin/.local/lib/python3.6/site-packages/airflow/example_dags/example_latest_only.py took 0.108 seconds
[2021-11-02 15:55:59,644] {processor.py:163} INFO - Started process (PID=176336) to work on /home/linuxadmin/.local/lib/python3.6/site-packages/airflow/example_dags/example_latest_only.py
[2021-11-02 15:55:59,646] {processor.py:620} INFO - Processing file /home/linuxadmin/.local/lib/python3.6/site-packages/airflow/example_dags/example_latest_only.py for tasks to queue
[2021-11-02 15:55:59,647] {logging_mixin.py:109} INFO - [2021-11-02 15:55:59,647] {dagbag.py:500} INFO - Filling up the DagBag from /home/linuxadmin/.local/lib/python3.6/site-packages/airflow/example_dags/example_latest_only.py
[2021-11-02 15:55:59,690] {processor.py:632} INFO - DAG(s) dict_keys(['latest_only']) retrieved from /home/linuxadmin/.local/lib/python3.6/site-packages/airflow/example_dags/example_latest_only.py
[2021-11-02 15:55:59,709] {logging_mixin.py:109} INFO - [2021-11-02 15:55:59,709] {dag.py:2389} INFO - Sync 1 DAGs
[2021-11-02 15:55:59,738] {logging_mixin.py:109} INFO - [2021-11-02 15:55:59,738] {dag.py:2921} INFO - Setting next_dagrun for latest_only to 2021-11-02T06:25:59.738281+00:00
[2021-11-02 15:55:59,755] {processor.py:171} INFO - Processing /home/linuxadmin/.local/lib/python3.6/site-packages/airflow/example_dags/example_latest_only.py took 0.117 seconds
[2021-11-02 15:56:03,992] {processor.py:163} INFO - Started process (PID=176454) to work on /home/linuxadmin/.local/lib/python3.6/site-packages/airflow/example_dags/example_latest_only.py
[2021-11-02 15:56:03,993] {processor.py:620} INFO - Processing file /home/linuxadmin/.local/lib/python3.6/site-packages/airflow/example_dags/example_latest_only.py for tasks to queue
[2021-11-02 15:56:03,994] {logging_mixin.py:109} INFO - [2021-11-02 15:56:03,994] {dagbag.py:500} INFO - Filling up the DagBag from /home/linuxadmin/.local/lib/python3.6/site-packages/airflow/example_dags/example_latest_only.py
[2021-11-02 15:56:04,035] {processor.py:632} INFO - DAG(s) dict_keys(['latest_only']) retrieved from /home/linuxadmin/.local/lib/python3.6/site-packages/airflow/example_dags/example_latest_only.py
[2021-11-02 15:56:04,047] {logging_mixin.py:109} INFO - [2021-11-02 15:56:04,047] {dag.py:2389} INFO - Sync 1 DAGs
[2021-11-02 15:56:04,073] {logging_mixin.py:109} INFO - [2021-11-02 15:56:04,072] {dag.py:2921} INFO - Setting next_dagrun for latest_only to 2021-11-02T06:26:04.072380+00:00
[2021-11-02 15:56:04,087] {processor.py:171} INFO - Processing /home/linuxadmin/.local/lib/python3.6/site-packages/airflow/example_dags/example_latest_only.py took 0.100 seconds
[2021-11-02 15:56:08,850] {processor.py:163} INFO - Started process (PID=176578) to work on /home/linuxadmin/.local/lib/python3.6/site-packages/airflow/example_dags/example_latest_only.py
[2021-11-02 15:56:08,851] {processor.py:620} INFO - Processing file /home/linuxadmin/.local/lib/python3.6/site-packages/airflow/example_dags/example_latest_only.py for tasks to queue
[2021-11-02 15:56:08,852] {logging_mixin.py:109} INFO - [2021-11-02 15:56:08,852] {dagbag.py:500} INFO - Filling up the DagBag from /home/linuxadmin/.local/lib/python3.6/site-packages/airflow/example_dags/example_latest_only.py
[2021-11-02 15:56:08,893] {processor.py:632} INFO - DAG(s) dict_keys(['latest_only']) retrieved from /home/linuxadmin/.local/lib/python3.6/site-packages/airflow/example_dags/example_latest_only.py
[2021-11-02 15:56:08,908] {logging_mixin.py:109} INFO - [2021-11-02 15:56:08,908] {dag.py:2389} INFO - Sync 1 DAGs
[2021-11-02 15:56:08,937] {logging_mixin.py:109} INFO - [2021-11-02 15:56:08,937] {dag.py:2921} INFO - Setting next_dagrun for latest_only to 2021-11-02T06:26:08.936638+00:00
[2021-11-02 15:56:08,951] {processor.py:171} INFO - Processing /home/linuxadmin/.local/lib/python3.6/site-packages/airflow/example_dags/example_latest_only.py took 0.106 seconds
[2021-11-02 15:56:13,583] {processor.py:163} INFO - Started process (PID=176702) to work on /home/linuxadmin/.local/lib/python3.6/site-packages/airflow/example_dags/example_latest_only.py
[2021-11-02 15:56:13,585] {processor.py:620} INFO - Processing file /home/linuxadmin/.local/lib/python3.6/site-packages/airflow/example_dags/example_latest_only.py for tasks to queue
[2021-11-02 15:56:13,586] {logging_mixin.py:109} INFO - [2021-11-02 15:56:13,585] {dagbag.py:500} INFO - Filling up the DagBag from /home/linuxadmin/.local/lib/python3.6/site-packages/airflow/example_dags/example_latest_only.py
[2021-11-02 15:56:13,626] {processor.py:632} INFO - DAG(s) dict_keys(['latest_only']) retrieved from /home/linuxadmin/.local/lib/python3.6/site-packages/airflow/example_dags/example_latest_only.py
[2021-11-02 15:56:13,643] {logging_mixin.py:109} INFO - [2021-11-02 15:56:13,643] {dag.py:2389} INFO - Sync 1 DAGs
[2021-11-02 15:56:13,676] {logging_mixin.py:109} INFO - [2021-11-02 15:56:13,676] {dag.py:2921} INFO - Setting next_dagrun for latest_only to 2021-11-02T06:26:13.676310+00:00
[2021-11-02 15:56:13,692] {processor.py:171} INFO - Processing /home/linuxadmin/.local/lib/python3.6/site-packages/airflow/example_dags/example_latest_only.py took 0.114 seconds
[2021-11-02 15:56:17,789] {processor.py:163} INFO - Started process (PID=176821) to work on /home/linuxadmin/.local/lib/python3.6/site-packages/airflow/example_dags/example_latest_only.py
[2021-11-02 15:56:17,790] {processor.py:620} INFO - Processing file /home/linuxadmin/.local/lib/python3.6/site-packages/airflow/example_dags/example_latest_only.py for tasks to queue
[2021-11-02 15:56:17,791] {logging_mixin.py:109} INFO - [2021-11-02 15:56:17,790] {dagbag.py:500} INFO - Filling up the DagBag from /home/linuxadmin/.local/lib/python3.6/site-packages/airflow/example_dags/example_latest_only.py
[2021-11-02 15:56:17,834] {processor.py:632} INFO - DAG(s) dict_keys(['latest_only']) retrieved from /home/linuxadmin/.local/lib/python3.6/site-packages/airflow/example_dags/example_latest_only.py
[2021-11-02 15:56:17,851] {logging_mixin.py:109} INFO - [2021-11-02 15:56:17,851] {dag.py:2389} INFO - Sync 1 DAGs
[2021-11-02 15:56:17,879] {logging_mixin.py:109} INFO - [2021-11-02 15:56:17,879] {dag.py:2921} INFO - Setting next_dagrun for latest_only to 2021-11-02T06:26:17.879115+00:00
[2021-11-02 15:56:17,894] {processor.py:171} INFO - Processing /home/linuxadmin/.local/lib/python3.6/site-packages/airflow/example_dags/example_latest_only.py took 0.111 seconds
[2021-11-02 15:56:23,091] {processor.py:163} INFO - Started process (PID=176945) to work on /home/linuxadmin/.local/lib/python3.6/site-packages/airflow/example_dags/example_latest_only.py
[2021-11-02 15:56:23,093] {processor.py:620} INFO - Processing file /home/linuxadmin/.local/lib/python3.6/site-packages/airflow/example_dags/example_latest_only.py for tasks to queue
[2021-11-02 15:56:23,094] {logging_mixin.py:109} INFO - [2021-11-02 15:56:23,094] {dagbag.py:500} INFO - Filling up the DagBag from /home/linuxadmin/.local/lib/python3.6/site-packages/airflow/example_dags/example_latest_only.py
[2021-11-02 15:56:23,130] {processor.py:632} INFO - DAG(s) dict_keys(['latest_only']) retrieved from /home/linuxadmin/.local/lib/python3.6/site-packages/airflow/example_dags/example_latest_only.py
[2021-11-02 15:56:23,141] {logging_mixin.py:109} INFO - [2021-11-02 15:56:23,141] {dag.py:2389} INFO - Sync 1 DAGs
[2021-11-02 15:56:23,169] {logging_mixin.py:109} INFO - [2021-11-02 15:56:23,169] {dag.py:2921} INFO - Setting next_dagrun for latest_only to 2021-11-02T06:26:23.169355+00:00
[2021-11-02 15:56:23,182] {processor.py:171} INFO - Processing /home/linuxadmin/.local/lib/python3.6/site-packages/airflow/example_dags/example_latest_only.py took 0.098 seconds
[2021-11-02 15:56:27,180] {processor.py:163} INFO - Started process (PID=177060) to work on /home/linuxadmin/.local/lib/python3.6/site-packages/airflow/example_dags/example_latest_only.py
[2021-11-02 15:56:27,181] {processor.py:620} INFO - Processing file /home/linuxadmin/.local/lib/python3.6/site-packages/airflow/example_dags/example_latest_only.py for tasks to queue
[2021-11-02 15:56:27,182] {logging_mixin.py:109} INFO - [2021-11-02 15:56:27,182] {dagbag.py:500} INFO - Filling up the DagBag from /home/linuxadmin/.local/lib/python3.6/site-packages/airflow/example_dags/example_latest_only.py
[2021-11-02 15:56:27,223] {processor.py:632} INFO - DAG(s) dict_keys(['latest_only']) retrieved from /home/linuxadmin/.local/lib/python3.6/site-packages/airflow/example_dags/example_latest_only.py
[2021-11-02 15:56:27,240] {logging_mixin.py:109} INFO - [2021-11-02 15:56:27,239] {dag.py:2389} INFO - Sync 1 DAGs
[2021-11-02 15:56:27,269] {logging_mixin.py:109} INFO - [2021-11-02 15:56:27,269] {dag.py:2921} INFO - Setting next_dagrun for latest_only to 2021-11-02T06:26:27.268986+00:00
[2021-11-02 15:56:27,284] {processor.py:171} INFO - Processing /home/linuxadmin/.local/lib/python3.6/site-packages/airflow/example_dags/example_latest_only.py took 0.109 seconds
[2021-11-02 15:56:31,752] {processor.py:163} INFO - Started process (PID=177185) to work on /home/linuxadmin/.local/lib/python3.6/site-packages/airflow/example_dags/example_latest_only.py
[2021-11-02 15:56:31,755] {processor.py:620} INFO - Processing file /home/linuxadmin/.local/lib/python3.6/site-packages/airflow/example_dags/example_latest_only.py for tasks to queue
[2021-11-02 15:56:31,755] {logging_mixin.py:109} INFO - [2021-11-02 15:56:31,755] {dagbag.py:500} INFO - Filling up the DagBag from /home/linuxadmin/.local/lib/python3.6/site-packages/airflow/example_dags/example_latest_only.py
[2021-11-02 15:56:31,794] {processor.py:632} INFO - DAG(s) dict_keys(['latest_only']) retrieved from /home/linuxadmin/.local/lib/python3.6/site-packages/airflow/example_dags/example_latest_only.py
[2021-11-02 15:56:31,806] {logging_mixin.py:109} INFO - [2021-11-02 15:56:31,806] {dag.py:2389} INFO - Sync 1 DAGs
[2021-11-02 15:56:31,831] {logging_mixin.py:109} INFO - [2021-11-02 15:56:31,831] {dag.py:2921} INFO - Setting next_dagrun for latest_only to 2021-11-02T06:26:31.831163+00:00
[2021-11-02 15:56:31,844] {processor.py:171} INFO - Processing /home/linuxadmin/.local/lib/python3.6/site-packages/airflow/example_dags/example_latest_only.py took 0.098 seconds
[2021-11-02 15:56:35,675] {processor.py:163} INFO - Started process (PID=177305) to work on /home/linuxadmin/.local/lib/python3.6/site-packages/airflow/example_dags/example_latest_only.py
[2021-11-02 15:56:35,676] {processor.py:620} INFO - Processing file /home/linuxadmin/.local/lib/python3.6/site-packages/airflow/example_dags/example_latest_only.py for tasks to queue
[2021-11-02 15:56:35,677] {logging_mixin.py:109} INFO - [2021-11-02 15:56:35,677] {dagbag.py:500} INFO - Filling up the DagBag from /home/linuxadmin/.local/lib/python3.6/site-packages/airflow/example_dags/example_latest_only.py
[2021-11-02 15:56:35,711] {processor.py:632} INFO - DAG(s) dict_keys(['latest_only']) retrieved from /home/linuxadmin/.local/lib/python3.6/site-packages/airflow/example_dags/example_latest_only.py
[2021-11-02 15:56:35,723] {logging_mixin.py:109} INFO - [2021-11-02 15:56:35,723] {dag.py:2389} INFO - Sync 1 DAGs
[2021-11-02 15:56:35,747] {logging_mixin.py:109} INFO - [2021-11-02 15:56:35,747] {dag.py:2921} INFO - Setting next_dagrun for latest_only to 2021-11-02T06:26:35.746961+00:00
[2021-11-02 15:56:35,760] {processor.py:171} INFO - Processing /home/linuxadmin/.local/lib/python3.6/site-packages/airflow/example_dags/example_latest_only.py took 0.090 seconds
[2021-11-02 15:56:40,019] {processor.py:163} INFO - Started process (PID=177425) to work on /home/linuxadmin/.local/lib/python3.6/site-packages/airflow/example_dags/example_latest_only.py
[2021-11-02 15:56:40,021] {processor.py:620} INFO - Processing file /home/linuxadmin/.local/lib/python3.6/site-packages/airflow/example_dags/example_latest_only.py for tasks to queue
[2021-11-02 15:56:40,022] {logging_mixin.py:109} INFO - [2021-11-02 15:56:40,022] {dagbag.py:500} INFO - Filling up the DagBag from /home/linuxadmin/.local/lib/python3.6/site-packages/airflow/example_dags/example_latest_only.py
[2021-11-02 15:56:40,059] {processor.py:632} INFO - DAG(s) dict_keys(['latest_only']) retrieved from /home/linuxadmin/.local/lib/python3.6/site-packages/airflow/example_dags/example_latest_only.py
[2021-11-02 15:56:40,071] {logging_mixin.py:109} INFO - [2021-11-02 15:56:40,071] {dag.py:2389} INFO - Sync 1 DAGs
[2021-11-02 15:56:40,097] {logging_mixin.py:109} INFO - [2021-11-02 15:56:40,097] {dag.py:2921} INFO - Setting next_dagrun for latest_only to 2021-11-02T06:26:40.097132+00:00
[2021-11-02 15:56:40,112] {processor.py:171} INFO - Processing /home/linuxadmin/.local/lib/python3.6/site-packages/airflow/example_dags/example_latest_only.py took 0.098 seconds
[2021-11-02 15:56:43,988] {processor.py:163} INFO - Started process (PID=177543) to work on /home/linuxadmin/.local/lib/python3.6/site-packages/airflow/example_dags/example_latest_only.py
[2021-11-02 15:56:43,989] {processor.py:620} INFO - Processing file /home/linuxadmin/.local/lib/python3.6/site-packages/airflow/example_dags/example_latest_only.py for tasks to queue
[2021-11-02 15:56:43,990] {logging_mixin.py:109} INFO - [2021-11-02 15:56:43,990] {dagbag.py:500} INFO - Filling up the DagBag from /home/linuxadmin/.local/lib/python3.6/site-packages/airflow/example_dags/example_latest_only.py
[2021-11-02 15:56:44,032] {processor.py:632} INFO - DAG(s) dict_keys(['latest_only']) retrieved from /home/linuxadmin/.local/lib/python3.6/site-packages/airflow/example_dags/example_latest_only.py
[2021-11-02 15:56:44,046] {logging_mixin.py:109} INFO - [2021-11-02 15:56:44,046] {dag.py:2389} INFO - Sync 1 DAGs
[2021-11-02 15:56:44,071] {logging_mixin.py:109} INFO - [2021-11-02 15:56:44,071] {dag.py:2921} INFO - Setting next_dagrun for latest_only to 2021-11-02T06:26:44.071286+00:00
[2021-11-02 15:56:44,085] {processor.py:171} INFO - Processing /home/linuxadmin/.local/lib/python3.6/site-packages/airflow/example_dags/example_latest_only.py took 0.102 seconds
[2021-11-02 15:56:48,408] {processor.py:163} INFO - Started process (PID=177669) to work on /home/linuxadmin/.local/lib/python3.6/site-packages/airflow/example_dags/example_latest_only.py
[2021-11-02 15:56:48,409] {processor.py:620} INFO - Processing file /home/linuxadmin/.local/lib/python3.6/site-packages/airflow/example_dags/example_latest_only.py for tasks to queue
[2021-11-02 15:56:48,410] {logging_mixin.py:109} INFO - [2021-11-02 15:56:48,410] {dagbag.py:500} INFO - Filling up the DagBag from /home/linuxadmin/.local/lib/python3.6/site-packages/airflow/example_dags/example_latest_only.py
[2021-11-02 15:56:48,445] {processor.py:632} INFO - DAG(s) dict_keys(['latest_only']) retrieved from /home/linuxadmin/.local/lib/python3.6/site-packages/airflow/example_dags/example_latest_only.py
[2021-11-02 15:56:48,460] {logging_mixin.py:109} INFO - [2021-11-02 15:56:48,459] {dag.py:2389} INFO - Sync 1 DAGs
[2021-11-02 15:56:48,488] {logging_mixin.py:109} INFO - [2021-11-02 15:56:48,488] {dag.py:2921} INFO - Setting next_dagrun for latest_only to 2021-11-02T06:26:48.487733+00:00
[2021-11-02 15:56:48,500] {processor.py:171} INFO - Processing /home/linuxadmin/.local/lib/python3.6/site-packages/airflow/example_dags/example_latest_only.py took 0.097 seconds
[2021-11-02 15:56:53,482] {processor.py:163} INFO - Started process (PID=177791) to work on /home/linuxadmin/.local/lib/python3.6/site-packages/airflow/example_dags/example_latest_only.py
[2021-11-02 15:56:53,484] {processor.py:620} INFO - Processing file /home/linuxadmin/.local/lib/python3.6/site-packages/airflow/example_dags/example_latest_only.py for tasks to queue
[2021-11-02 15:56:53,485] {logging_mixin.py:109} INFO - [2021-11-02 15:56:53,485] {dagbag.py:500} INFO - Filling up the DagBag from /home/linuxadmin/.local/lib/python3.6/site-packages/airflow/example_dags/example_latest_only.py
[2021-11-02 15:56:53,522] {processor.py:632} INFO - DAG(s) dict_keys(['latest_only']) retrieved from /home/linuxadmin/.local/lib/python3.6/site-packages/airflow/example_dags/example_latest_only.py
[2021-11-02 15:56:53,537] {logging_mixin.py:109} INFO - [2021-11-02 15:56:53,537] {dag.py:2389} INFO - Sync 1 DAGs
[2021-11-02 15:56:53,566] {logging_mixin.py:109} INFO - [2021-11-02 15:56:53,565] {dag.py:2921} INFO - Setting next_dagrun for latest_only to 2021-11-02T06:26:53.565315+00:00
[2021-11-02 15:56:53,580] {processor.py:171} INFO - Processing /home/linuxadmin/.local/lib/python3.6/site-packages/airflow/example_dags/example_latest_only.py took 0.103 seconds
[2021-11-02 15:56:58,104] {processor.py:163} INFO - Started process (PID=177913) to work on /home/linuxadmin/.local/lib/python3.6/site-packages/airflow/example_dags/example_latest_only.py
[2021-11-02 15:56:58,105] {processor.py:620} INFO - Processing file /home/linuxadmin/.local/lib/python3.6/site-packages/airflow/example_dags/example_latest_only.py for tasks to queue
[2021-11-02 15:56:58,106] {logging_mixin.py:109} INFO - [2021-11-02 15:56:58,106] {dagbag.py:500} INFO - Filling up the DagBag from /home/linuxadmin/.local/lib/python3.6/site-packages/airflow/example_dags/example_latest_only.py
[2021-11-02 15:56:58,147] {processor.py:632} INFO - DAG(s) dict_keys(['latest_only']) retrieved from /home/linuxadmin/.local/lib/python3.6/site-packages/airflow/example_dags/example_latest_only.py
[2021-11-02 15:56:58,160] {logging_mixin.py:109} INFO - [2021-11-02 15:56:58,159] {dag.py:2389} INFO - Sync 1 DAGs
[2021-11-02 15:56:58,186] {logging_mixin.py:109} INFO - [2021-11-02 15:56:58,186] {dag.py:2921} INFO - Setting next_dagrun for latest_only to 2021-11-02T06:26:58.185827+00:00
[2021-11-02 15:56:58,201] {processor.py:171} INFO - Processing /home/linuxadmin/.local/lib/python3.6/site-packages/airflow/example_dags/example_latest_only.py took 0.103 seconds
[2021-11-02 15:57:02,537] {processor.py:163} INFO - Started process (PID=178033) to work on /home/linuxadmin/.local/lib/python3.6/site-packages/airflow/example_dags/example_latest_only.py
[2021-11-02 15:57:02,539] {processor.py:620} INFO - Processing file /home/linuxadmin/.local/lib/python3.6/site-packages/airflow/example_dags/example_latest_only.py for tasks to queue
[2021-11-02 15:57:02,540] {logging_mixin.py:109} INFO - [2021-11-02 15:57:02,539] {dagbag.py:500} INFO - Filling up the DagBag from /home/linuxadmin/.local/lib/python3.6/site-packages/airflow/example_dags/example_latest_only.py
[2021-11-02 15:57:02,584] {processor.py:632} INFO - DAG(s) dict_keys(['latest_only']) retrieved from /home/linuxadmin/.local/lib/python3.6/site-packages/airflow/example_dags/example_latest_only.py
[2021-11-02 15:57:02,603] {logging_mixin.py:109} INFO - [2021-11-02 15:57:02,603] {dag.py:2389} INFO - Sync 1 DAGs
[2021-11-02 15:57:02,635] {logging_mixin.py:109} INFO - [2021-11-02 15:57:02,635] {dag.py:2921} INFO - Setting next_dagrun for latest_only to 2021-11-02T06:27:02.634791+00:00
[2021-11-02 15:57:02,651] {processor.py:171} INFO - Processing /home/linuxadmin/.local/lib/python3.6/site-packages/airflow/example_dags/example_latest_only.py took 0.120 seconds
[2021-11-02 15:57:07,391] {processor.py:163} INFO - Started process (PID=178156) to work on /home/linuxadmin/.local/lib/python3.6/site-packages/airflow/example_dags/example_latest_only.py
[2021-11-02 15:57:07,394] {processor.py:620} INFO - Processing file /home/linuxadmin/.local/lib/python3.6/site-packages/airflow/example_dags/example_latest_only.py for tasks to queue
[2021-11-02 15:57:07,395] {logging_mixin.py:109} INFO - [2021-11-02 15:57:07,395] {dagbag.py:500} INFO - Filling up the DagBag from /home/linuxadmin/.local/lib/python3.6/site-packages/airflow/example_dags/example_latest_only.py
[2021-11-02 15:57:07,431] {processor.py:632} INFO - DAG(s) dict_keys(['latest_only']) retrieved from /home/linuxadmin/.local/lib/python3.6/site-packages/airflow/example_dags/example_latest_only.py
[2021-11-02 15:57:07,445] {logging_mixin.py:109} INFO - [2021-11-02 15:57:07,445] {dag.py:2389} INFO - Sync 1 DAGs
[2021-11-02 15:57:07,468] {logging_mixin.py:109} INFO - [2021-11-02 15:57:07,468] {dag.py:2921} INFO - Setting next_dagrun for latest_only to 2021-11-02T06:27:07.468094+00:00
[2021-11-02 15:57:07,490] {processor.py:171} INFO - Processing /home/linuxadmin/.local/lib/python3.6/site-packages/airflow/example_dags/example_latest_only.py took 0.103 seconds
[2021-11-02 15:57:11,682] {processor.py:163} INFO - Started process (PID=178274) to work on /home/linuxadmin/.local/lib/python3.6/site-packages/airflow/example_dags/example_latest_only.py
[2021-11-02 15:57:11,684] {processor.py:620} INFO - Processing file /home/linuxadmin/.local/lib/python3.6/site-packages/airflow/example_dags/example_latest_only.py for tasks to queue
[2021-11-02 15:57:11,685] {logging_mixin.py:109} INFO - [2021-11-02 15:57:11,685] {dagbag.py:500} INFO - Filling up the DagBag from /home/linuxadmin/.local/lib/python3.6/site-packages/airflow/example_dags/example_latest_only.py
[2021-11-02 15:57:11,724] {processor.py:632} INFO - DAG(s) dict_keys(['latest_only']) retrieved from /home/linuxadmin/.local/lib/python3.6/site-packages/airflow/example_dags/example_latest_only.py
[2021-11-02 15:57:11,738] {logging_mixin.py:109} INFO - [2021-11-02 15:57:11,738] {dag.py:2389} INFO - Sync 1 DAGs
[2021-11-02 15:57:11,761] {logging_mixin.py:109} INFO - [2021-11-02 15:57:11,761] {dag.py:2921} INFO - Setting next_dagrun for latest_only to 2021-11-02T06:27:11.760753+00:00
[2021-11-02 15:57:11,773] {processor.py:171} INFO - Processing /home/linuxadmin/.local/lib/python3.6/site-packages/airflow/example_dags/example_latest_only.py took 0.097 seconds
[2021-11-02 15:57:16,216] {processor.py:163} INFO - Started process (PID=178395) to work on /home/linuxadmin/.local/lib/python3.6/site-packages/airflow/example_dags/example_latest_only.py
[2021-11-02 15:57:16,218] {processor.py:620} INFO - Processing file /home/linuxadmin/.local/lib/python3.6/site-packages/airflow/example_dags/example_latest_only.py for tasks to queue
[2021-11-02 15:57:16,219] {logging_mixin.py:109} INFO - [2021-11-02 15:57:16,219] {dagbag.py:500} INFO - Filling up the DagBag from /home/linuxadmin/.local/lib/python3.6/site-packages/airflow/example_dags/example_latest_only.py
[2021-11-02 15:57:16,259] {processor.py:632} INFO - DAG(s) dict_keys(['latest_only']) retrieved from /home/linuxadmin/.local/lib/python3.6/site-packages/airflow/example_dags/example_latest_only.py
[2021-11-02 15:57:16,275] {logging_mixin.py:109} INFO - [2021-11-02 15:57:16,275] {dag.py:2389} INFO - Sync 1 DAGs
[2021-11-02 15:57:16,297] {logging_mixin.py:109} INFO - [2021-11-02 15:57:16,297] {dag.py:2921} INFO - Setting next_dagrun for latest_only to 2021-11-02T06:27:16.297027+00:00
[2021-11-02 15:57:16,308] {processor.py:171} INFO - Processing /home/linuxadmin/.local/lib/python3.6/site-packages/airflow/example_dags/example_latest_only.py took 0.097 seconds
[2021-11-02 15:57:20,205] {processor.py:163} INFO - Started process (PID=178515) to work on /home/linuxadmin/.local/lib/python3.6/site-packages/airflow/example_dags/example_latest_only.py
[2021-11-02 15:57:20,206] {processor.py:620} INFO - Processing file /home/linuxadmin/.local/lib/python3.6/site-packages/airflow/example_dags/example_latest_only.py for tasks to queue
[2021-11-02 15:57:20,206] {logging_mixin.py:109} INFO - [2021-11-02 15:57:20,206] {dagbag.py:500} INFO - Filling up the DagBag from /home/linuxadmin/.local/lib/python3.6/site-packages/airflow/example_dags/example_latest_only.py
[2021-11-02 15:57:20,244] {processor.py:632} INFO - DAG(s) dict_keys(['latest_only']) retrieved from /home/linuxadmin/.local/lib/python3.6/site-packages/airflow/example_dags/example_latest_only.py
[2021-11-02 15:57:20,259] {logging_mixin.py:109} INFO - [2021-11-02 15:57:20,259] {dag.py:2389} INFO - Sync 1 DAGs
[2021-11-02 15:57:20,283] {logging_mixin.py:109} INFO - [2021-11-02 15:57:20,283] {dag.py:2921} INFO - Setting next_dagrun for latest_only to 2021-11-02T06:27:20.283005+00:00
[2021-11-02 15:57:20,295] {processor.py:171} INFO - Processing /home/linuxadmin/.local/lib/python3.6/site-packages/airflow/example_dags/example_latest_only.py took 0.095 seconds
[2021-11-02 15:57:25,267] {processor.py:163} INFO - Started process (PID=178638) to work on /home/linuxadmin/.local/lib/python3.6/site-packages/airflow/example_dags/example_latest_only.py
[2021-11-02 15:57:25,269] {processor.py:620} INFO - Processing file /home/linuxadmin/.local/lib/python3.6/site-packages/airflow/example_dags/example_latest_only.py for tasks to queue
[2021-11-02 15:57:25,270] {logging_mixin.py:109} INFO - [2021-11-02 15:57:25,270] {dagbag.py:500} INFO - Filling up the DagBag from /home/linuxadmin/.local/lib/python3.6/site-packages/airflow/example_dags/example_latest_only.py
[2021-11-02 15:57:25,305] {processor.py:632} INFO - DAG(s) dict_keys(['latest_only']) retrieved from /home/linuxadmin/.local/lib/python3.6/site-packages/airflow/example_dags/example_latest_only.py
[2021-11-02 15:57:25,318] {logging_mixin.py:109} INFO - [2021-11-02 15:57:25,318] {dag.py:2389} INFO - Sync 1 DAGs
[2021-11-02 15:57:25,341] {logging_mixin.py:109} INFO - [2021-11-02 15:57:25,341] {dag.py:2921} INFO - Setting next_dagrun for latest_only to 2021-11-02T06:27:25.340710+00:00
[2021-11-02 15:57:25,353] {processor.py:171} INFO - Processing /home/linuxadmin/.local/lib/python3.6/site-packages/airflow/example_dags/example_latest_only.py took 0.091 seconds
[2021-11-02 15:57:29,622] {processor.py:163} INFO - Started process (PID=178760) to work on /home/linuxadmin/.local/lib/python3.6/site-packages/airflow/example_dags/example_latest_only.py
[2021-11-02 15:57:29,623] {processor.py:620} INFO - Processing file /home/linuxadmin/.local/lib/python3.6/site-packages/airflow/example_dags/example_latest_only.py for tasks to queue
[2021-11-02 15:57:29,623] {logging_mixin.py:109} INFO - [2021-11-02 15:57:29,623] {dagbag.py:500} INFO - Filling up the DagBag from /home/linuxadmin/.local/lib/python3.6/site-packages/airflow/example_dags/example_latest_only.py
[2021-11-02 15:57:29,655] {processor.py:632} INFO - DAG(s) dict_keys(['latest_only']) retrieved from /home/linuxadmin/.local/lib/python3.6/site-packages/airflow/example_dags/example_latest_only.py
[2021-11-02 15:57:29,667] {logging_mixin.py:109} INFO - [2021-11-02 15:57:29,667] {dag.py:2389} INFO - Sync 1 DAGs
[2021-11-02 15:57:29,687] {logging_mixin.py:109} INFO - [2021-11-02 15:57:29,687] {dag.py:2921} INFO - Setting next_dagrun for latest_only to 2021-11-02T06:27:29.686773+00:00
[2021-11-02 15:57:29,714] {processor.py:171} INFO - Processing /home/linuxadmin/.local/lib/python3.6/site-packages/airflow/example_dags/example_latest_only.py took 0.096 seconds
[2021-11-02 15:57:34,376] {processor.py:163} INFO - Started process (PID=178883) to work on /home/linuxadmin/.local/lib/python3.6/site-packages/airflow/example_dags/example_latest_only.py
[2021-11-02 15:57:34,377] {processor.py:620} INFO - Processing file /home/linuxadmin/.local/lib/python3.6/site-packages/airflow/example_dags/example_latest_only.py for tasks to queue
[2021-11-02 15:57:34,378] {logging_mixin.py:109} INFO - [2021-11-02 15:57:34,378] {dagbag.py:500} INFO - Filling up the DagBag from /home/linuxadmin/.local/lib/python3.6/site-packages/airflow/example_dags/example_latest_only.py
[2021-11-02 15:57:34,421] {processor.py:632} INFO - DAG(s) dict_keys(['latest_only']) retrieved from /home/linuxadmin/.local/lib/python3.6/site-packages/airflow/example_dags/example_latest_only.py
[2021-11-02 15:57:34,436] {logging_mixin.py:109} INFO - [2021-11-02 15:57:34,436] {dag.py:2389} INFO - Sync 1 DAGs
[2021-11-02 15:57:34,462] {logging_mixin.py:109} INFO - [2021-11-02 15:57:34,462] {dag.py:2921} INFO - Setting next_dagrun for latest_only to 2021-11-02T06:27:34.461695+00:00
[2021-11-02 15:57:34,476] {processor.py:171} INFO - Processing /home/linuxadmin/.local/lib/python3.6/site-packages/airflow/example_dags/example_latest_only.py took 0.105 seconds
[2021-11-02 15:57:38,351] {processor.py:163} INFO - Started process (PID=179001) to work on /home/linuxadmin/.local/lib/python3.6/site-packages/airflow/example_dags/example_latest_only.py
[2021-11-02 15:57:38,353] {processor.py:620} INFO - Processing file /home/linuxadmin/.local/lib/python3.6/site-packages/airflow/example_dags/example_latest_only.py for tasks to queue
[2021-11-02 15:57:38,354] {logging_mixin.py:109} INFO - [2021-11-02 15:57:38,354] {dagbag.py:500} INFO - Filling up the DagBag from /home/linuxadmin/.local/lib/python3.6/site-packages/airflow/example_dags/example_latest_only.py
[2021-11-02 15:57:38,393] {processor.py:632} INFO - DAG(s) dict_keys(['latest_only']) retrieved from /home/linuxadmin/.local/lib/python3.6/site-packages/airflow/example_dags/example_latest_only.py
[2021-11-02 15:57:38,408] {logging_mixin.py:109} INFO - [2021-11-02 15:57:38,408] {dag.py:2389} INFO - Sync 1 DAGs
[2021-11-02 15:57:38,433] {logging_mixin.py:109} INFO - [2021-11-02 15:57:38,433] {dag.py:2921} INFO - Setting next_dagrun for latest_only to 2021-11-02T06:27:38.433187+00:00
[2021-11-02 15:57:38,446] {processor.py:171} INFO - Processing /home/linuxadmin/.local/lib/python3.6/site-packages/airflow/example_dags/example_latest_only.py took 0.100 seconds
[2021-11-02 15:57:43,018] {processor.py:163} INFO - Started process (PID=179122) to work on /home/linuxadmin/.local/lib/python3.6/site-packages/airflow/example_dags/example_latest_only.py
[2021-11-02 15:57:43,021] {processor.py:620} INFO - Processing file /home/linuxadmin/.local/lib/python3.6/site-packages/airflow/example_dags/example_latest_only.py for tasks to queue
[2021-11-02 15:57:43,022] {logging_mixin.py:109} INFO - [2021-11-02 15:57:43,022] {dagbag.py:500} INFO - Filling up the DagBag from /home/linuxadmin/.local/lib/python3.6/site-packages/airflow/example_dags/example_latest_only.py
[2021-11-02 15:57:43,055] {processor.py:632} INFO - DAG(s) dict_keys(['latest_only']) retrieved from /home/linuxadmin/.local/lib/python3.6/site-packages/airflow/example_dags/example_latest_only.py
[2021-11-02 15:57:43,066] {logging_mixin.py:109} INFO - [2021-11-02 15:57:43,066] {dag.py:2389} INFO - Sync 1 DAGs
[2021-11-02 15:57:43,086] {logging_mixin.py:109} INFO - [2021-11-02 15:57:43,086] {dag.py:2921} INFO - Setting next_dagrun for latest_only to 2021-11-02T06:27:43.085896+00:00
[2021-11-02 15:57:43,096] {processor.py:171} INFO - Processing /home/linuxadmin/.local/lib/python3.6/site-packages/airflow/example_dags/example_latest_only.py took 0.083 seconds
[2021-11-02 15:57:47,225] {processor.py:163} INFO - Started process (PID=179243) to work on /home/linuxadmin/.local/lib/python3.6/site-packages/airflow/example_dags/example_latest_only.py
[2021-11-02 15:57:47,226] {processor.py:620} INFO - Processing file /home/linuxadmin/.local/lib/python3.6/site-packages/airflow/example_dags/example_latest_only.py for tasks to queue
[2021-11-02 15:57:47,227] {logging_mixin.py:109} INFO - [2021-11-02 15:57:47,227] {dagbag.py:500} INFO - Filling up the DagBag from /home/linuxadmin/.local/lib/python3.6/site-packages/airflow/example_dags/example_latest_only.py
[2021-11-02 15:57:47,266] {processor.py:632} INFO - DAG(s) dict_keys(['latest_only']) retrieved from /home/linuxadmin/.local/lib/python3.6/site-packages/airflow/example_dags/example_latest_only.py
[2021-11-02 15:57:47,282] {logging_mixin.py:109} INFO - [2021-11-02 15:57:47,282] {dag.py:2389} INFO - Sync 1 DAGs
[2021-11-02 15:57:47,317] {logging_mixin.py:109} INFO - [2021-11-02 15:57:47,316] {dag.py:2921} INFO - Setting next_dagrun for latest_only to 2021-11-02T06:27:47.316584+00:00
[2021-11-02 15:57:47,334] {processor.py:171} INFO - Processing /home/linuxadmin/.local/lib/python3.6/site-packages/airflow/example_dags/example_latest_only.py took 0.114 seconds
[2021-11-02 15:57:52,056] {processor.py:163} INFO - Started process (PID=179368) to work on /home/linuxadmin/.local/lib/python3.6/site-packages/airflow/example_dags/example_latest_only.py
[2021-11-02 15:57:52,058] {processor.py:620} INFO - Processing file /home/linuxadmin/.local/lib/python3.6/site-packages/airflow/example_dags/example_latest_only.py for tasks to queue
[2021-11-02 15:57:52,058] {logging_mixin.py:109} INFO - [2021-11-02 15:57:52,058] {dagbag.py:500} INFO - Filling up the DagBag from /home/linuxadmin/.local/lib/python3.6/site-packages/airflow/example_dags/example_latest_only.py
[2021-11-02 15:57:52,097] {processor.py:632} INFO - DAG(s) dict_keys(['latest_only']) retrieved from /home/linuxadmin/.local/lib/python3.6/site-packages/airflow/example_dags/example_latest_only.py
[2021-11-02 15:57:52,113] {logging_mixin.py:109} INFO - [2021-11-02 15:57:52,113] {dag.py:2389} INFO - Sync 1 DAGs
[2021-11-02 15:57:52,137] {logging_mixin.py:109} INFO - [2021-11-02 15:57:52,137] {dag.py:2921} INFO - Setting next_dagrun for latest_only to 2021-11-02T06:27:52.136777+00:00
[2021-11-02 15:57:52,150] {processor.py:171} INFO - Processing /home/linuxadmin/.local/lib/python3.6/site-packages/airflow/example_dags/example_latest_only.py took 0.099 seconds
[2021-11-02 15:57:57,371] {processor.py:163} INFO - Started process (PID=179492) to work on /home/linuxadmin/.local/lib/python3.6/site-packages/airflow/example_dags/example_latest_only.py
[2021-11-02 15:57:57,373] {processor.py:620} INFO - Processing file /home/linuxadmin/.local/lib/python3.6/site-packages/airflow/example_dags/example_latest_only.py for tasks to queue
[2021-11-02 15:57:57,374] {logging_mixin.py:109} INFO - [2021-11-02 15:57:57,373] {dagbag.py:500} INFO - Filling up the DagBag from /home/linuxadmin/.local/lib/python3.6/site-packages/airflow/example_dags/example_latest_only.py
[2021-11-02 15:57:57,411] {processor.py:632} INFO - DAG(s) dict_keys(['latest_only']) retrieved from /home/linuxadmin/.local/lib/python3.6/site-packages/airflow/example_dags/example_latest_only.py
[2021-11-02 15:57:57,427] {logging_mixin.py:109} INFO - [2021-11-02 15:57:57,427] {dag.py:2389} INFO - Sync 1 DAGs
[2021-11-02 15:57:57,458] {logging_mixin.py:109} INFO - [2021-11-02 15:57:57,458] {dag.py:2921} INFO - Setting next_dagrun for latest_only to 2021-11-02T06:27:57.458139+00:00
[2021-11-02 15:57:57,473] {processor.py:171} INFO - Processing /home/linuxadmin/.local/lib/python3.6/site-packages/airflow/example_dags/example_latest_only.py took 0.107 seconds
[2021-11-02 15:58:01,515] {processor.py:163} INFO - Started process (PID=179611) to work on /home/linuxadmin/.local/lib/python3.6/site-packages/airflow/example_dags/example_latest_only.py
[2021-11-02 15:58:01,517] {processor.py:620} INFO - Processing file /home/linuxadmin/.local/lib/python3.6/site-packages/airflow/example_dags/example_latest_only.py for tasks to queue
[2021-11-02 15:58:01,518] {logging_mixin.py:109} INFO - [2021-11-02 15:58:01,517] {dagbag.py:500} INFO - Filling up the DagBag from /home/linuxadmin/.local/lib/python3.6/site-packages/airflow/example_dags/example_latest_only.py
[2021-11-02 15:58:01,558] {processor.py:632} INFO - DAG(s) dict_keys(['latest_only']) retrieved from /home/linuxadmin/.local/lib/python3.6/site-packages/airflow/example_dags/example_latest_only.py
[2021-11-02 15:58:01,572] {logging_mixin.py:109} INFO - [2021-11-02 15:58:01,572] {dag.py:2389} INFO - Sync 1 DAGs
[2021-11-02 15:58:01,596] {logging_mixin.py:109} INFO - [2021-11-02 15:58:01,596] {dag.py:2921} INFO - Setting next_dagrun for latest_only to 2021-11-02T06:28:01.596022+00:00
[2021-11-02 15:58:01,608] {processor.py:171} INFO - Processing /home/linuxadmin/.local/lib/python3.6/site-packages/airflow/example_dags/example_latest_only.py took 0.099 seconds
[2021-11-02 15:58:05,888] {processor.py:163} INFO - Started process (PID=179734) to work on /home/linuxadmin/.local/lib/python3.6/site-packages/airflow/example_dags/example_latest_only.py
[2021-11-02 15:58:05,893] {processor.py:620} INFO - Processing file /home/linuxadmin/.local/lib/python3.6/site-packages/airflow/example_dags/example_latest_only.py for tasks to queue
[2021-11-02 15:58:05,894] {logging_mixin.py:109} INFO - [2021-11-02 15:58:05,894] {dagbag.py:500} INFO - Filling up the DagBag from /home/linuxadmin/.local/lib/python3.6/site-packages/airflow/example_dags/example_latest_only.py
[2021-11-02 15:58:05,940] {processor.py:632} INFO - DAG(s) dict_keys(['latest_only']) retrieved from /home/linuxadmin/.local/lib/python3.6/site-packages/airflow/example_dags/example_latest_only.py
[2021-11-02 15:58:05,958] {logging_mixin.py:109} INFO - [2021-11-02 15:58:05,957] {dag.py:2389} INFO - Sync 1 DAGs
[2021-11-02 15:58:05,988] {logging_mixin.py:109} INFO - [2021-11-02 15:58:05,987] {dag.py:2921} INFO - Setting next_dagrun for latest_only to 2021-11-02T06:28:05.986134+00:00
[2021-11-02 15:58:06,000] {processor.py:171} INFO - Processing /home/linuxadmin/.local/lib/python3.6/site-packages/airflow/example_dags/example_latest_only.py took 0.118 seconds
[2021-11-02 15:58:10,384] {processor.py:163} INFO - Started process (PID=179853) to work on /home/linuxadmin/.local/lib/python3.6/site-packages/airflow/example_dags/example_latest_only.py
[2021-11-02 15:58:10,385] {processor.py:620} INFO - Processing file /home/linuxadmin/.local/lib/python3.6/site-packages/airflow/example_dags/example_latest_only.py for tasks to queue
[2021-11-02 15:58:10,386] {logging_mixin.py:109} INFO - [2021-11-02 15:58:10,386] {dagbag.py:500} INFO - Filling up the DagBag from /home/linuxadmin/.local/lib/python3.6/site-packages/airflow/example_dags/example_latest_only.py
[2021-11-02 15:58:10,426] {processor.py:632} INFO - DAG(s) dict_keys(['latest_only']) retrieved from /home/linuxadmin/.local/lib/python3.6/site-packages/airflow/example_dags/example_latest_only.py
[2021-11-02 15:58:10,437] {logging_mixin.py:109} INFO - [2021-11-02 15:58:10,437] {dag.py:2389} INFO - Sync 1 DAGs
[2021-11-02 15:58:10,459] {logging_mixin.py:109} INFO - [2021-11-02 15:58:10,459] {dag.py:2921} INFO - Setting next_dagrun for latest_only to 2021-11-02T06:28:10.458831+00:00
[2021-11-02 15:58:10,471] {processor.py:171} INFO - Processing /home/linuxadmin/.local/lib/python3.6/site-packages/airflow/example_dags/example_latest_only.py took 0.093 seconds
[2021-11-02 15:58:15,267] {processor.py:163} INFO - Started process (PID=179974) to work on /home/linuxadmin/.local/lib/python3.6/site-packages/airflow/example_dags/example_latest_only.py
[2021-11-02 15:58:15,269] {processor.py:620} INFO - Processing file /home/linuxadmin/.local/lib/python3.6/site-packages/airflow/example_dags/example_latest_only.py for tasks to queue
[2021-11-02 15:58:15,270] {logging_mixin.py:109} INFO - [2021-11-02 15:58:15,270] {dagbag.py:500} INFO - Filling up the DagBag from /home/linuxadmin/.local/lib/python3.6/site-packages/airflow/example_dags/example_latest_only.py
[2021-11-02 15:58:15,315] {processor.py:632} INFO - DAG(s) dict_keys(['latest_only']) retrieved from /home/linuxadmin/.local/lib/python3.6/site-packages/airflow/example_dags/example_latest_only.py
[2021-11-02 15:58:15,331] {logging_mixin.py:109} INFO - [2021-11-02 15:58:15,331] {dag.py:2389} INFO - Sync 1 DAGs
[2021-11-02 15:58:15,361] {logging_mixin.py:109} INFO - [2021-11-02 15:58:15,361] {dag.py:2921} INFO - Setting next_dagrun for latest_only to 2021-11-02T06:28:15.361146+00:00
[2021-11-02 15:58:15,376] {processor.py:171} INFO - Processing /home/linuxadmin/.local/lib/python3.6/site-packages/airflow/example_dags/example_latest_only.py took 0.115 seconds
[2021-11-02 15:58:19,767] {processor.py:163} INFO - Started process (PID=180100) to work on /home/linuxadmin/.local/lib/python3.6/site-packages/airflow/example_dags/example_latest_only.py
[2021-11-02 15:58:19,773] {processor.py:620} INFO - Processing file /home/linuxadmin/.local/lib/python3.6/site-packages/airflow/example_dags/example_latest_only.py for tasks to queue
[2021-11-02 15:58:19,774] {logging_mixin.py:109} INFO - [2021-11-02 15:58:19,774] {dagbag.py:500} INFO - Filling up the DagBag from /home/linuxadmin/.local/lib/python3.6/site-packages/airflow/example_dags/example_latest_only.py
[2021-11-02 15:58:19,815] {processor.py:632} INFO - DAG(s) dict_keys(['latest_only']) retrieved from /home/linuxadmin/.local/lib/python3.6/site-packages/airflow/example_dags/example_latest_only.py
[2021-11-02 15:58:19,828] {logging_mixin.py:109} INFO - [2021-11-02 15:58:19,827] {dag.py:2389} INFO - Sync 1 DAGs
[2021-11-02 15:58:19,849] {logging_mixin.py:109} INFO - [2021-11-02 15:58:19,849] {dag.py:2921} INFO - Setting next_dagrun for latest_only to 2021-11-02T06:28:19.848986+00:00
[2021-11-02 15:58:19,863] {processor.py:171} INFO - Processing /home/linuxadmin/.local/lib/python3.6/site-packages/airflow/example_dags/example_latest_only.py took 0.102 seconds
[2021-11-02 15:58:23,736] {processor.py:163} INFO - Started process (PID=180220) to work on /home/linuxadmin/.local/lib/python3.6/site-packages/airflow/example_dags/example_latest_only.py
[2021-11-02 15:58:23,738] {processor.py:620} INFO - Processing file /home/linuxadmin/.local/lib/python3.6/site-packages/airflow/example_dags/example_latest_only.py for tasks to queue
[2021-11-02 15:58:23,738] {logging_mixin.py:109} INFO - [2021-11-02 15:58:23,738] {dagbag.py:500} INFO - Filling up the DagBag from /home/linuxadmin/.local/lib/python3.6/site-packages/airflow/example_dags/example_latest_only.py
[2021-11-02 15:58:23,772] {processor.py:632} INFO - DAG(s) dict_keys(['latest_only']) retrieved from /home/linuxadmin/.local/lib/python3.6/site-packages/airflow/example_dags/example_latest_only.py
[2021-11-02 15:58:23,786] {logging_mixin.py:109} INFO - [2021-11-02 15:58:23,786] {dag.py:2389} INFO - Sync 1 DAGs
[2021-11-02 15:58:23,812] {logging_mixin.py:109} INFO - [2021-11-02 15:58:23,811] {dag.py:2921} INFO - Setting next_dagrun for latest_only to 2021-11-02T06:28:23.811289+00:00
[2021-11-02 15:58:23,826] {processor.py:171} INFO - Processing /home/linuxadmin/.local/lib/python3.6/site-packages/airflow/example_dags/example_latest_only.py took 0.094 seconds
[2021-11-02 15:58:29,162] {processor.py:163} INFO - Started process (PID=180343) to work on /home/linuxadmin/.local/lib/python3.6/site-packages/airflow/example_dags/example_latest_only.py
[2021-11-02 15:58:29,163] {processor.py:620} INFO - Processing file /home/linuxadmin/.local/lib/python3.6/site-packages/airflow/example_dags/example_latest_only.py for tasks to queue
[2021-11-02 15:58:29,164] {logging_mixin.py:109} INFO - [2021-11-02 15:58:29,164] {dagbag.py:500} INFO - Filling up the DagBag from /home/linuxadmin/.local/lib/python3.6/site-packages/airflow/example_dags/example_latest_only.py
[2021-11-02 15:58:29,209] {processor.py:632} INFO - DAG(s) dict_keys(['latest_only']) retrieved from /home/linuxadmin/.local/lib/python3.6/site-packages/airflow/example_dags/example_latest_only.py
[2021-11-02 15:58:29,225] {logging_mixin.py:109} INFO - [2021-11-02 15:58:29,225] {dag.py:2389} INFO - Sync 1 DAGs
[2021-11-02 15:58:29,264] {logging_mixin.py:109} INFO - [2021-11-02 15:58:29,263] {dag.py:2921} INFO - Setting next_dagrun for latest_only to 2021-11-02T06:28:29.263380+00:00
[2021-11-02 15:58:29,291] {processor.py:171} INFO - Processing /home/linuxadmin/.local/lib/python3.6/site-packages/airflow/example_dags/example_latest_only.py took 0.135 seconds
[2021-11-02 15:58:33,438] {processor.py:163} INFO - Started process (PID=180462) to work on /home/linuxadmin/.local/lib/python3.6/site-packages/airflow/example_dags/example_latest_only.py
[2021-11-02 15:58:33,440] {processor.py:620} INFO - Processing file /home/linuxadmin/.local/lib/python3.6/site-packages/airflow/example_dags/example_latest_only.py for tasks to queue
[2021-11-02 15:58:33,441] {logging_mixin.py:109} INFO - [2021-11-02 15:58:33,441] {dagbag.py:500} INFO - Filling up the DagBag from /home/linuxadmin/.local/lib/python3.6/site-packages/airflow/example_dags/example_latest_only.py
[2021-11-02 15:58:33,480] {processor.py:632} INFO - DAG(s) dict_keys(['latest_only']) retrieved from /home/linuxadmin/.local/lib/python3.6/site-packages/airflow/example_dags/example_latest_only.py
[2021-11-02 15:58:33,495] {logging_mixin.py:109} INFO - [2021-11-02 15:58:33,495] {dag.py:2389} INFO - Sync 1 DAGs
[2021-11-02 15:58:33,521] {logging_mixin.py:109} INFO - [2021-11-02 15:58:33,521] {dag.py:2921} INFO - Setting next_dagrun for latest_only to 2021-11-02T06:28:33.521236+00:00
[2021-11-02 15:58:33,534] {processor.py:171} INFO - Processing /home/linuxadmin/.local/lib/python3.6/site-packages/airflow/example_dags/example_latest_only.py took 0.102 seconds
[2021-11-02 15:58:38,245] {processor.py:163} INFO - Started process (PID=180587) to work on /home/linuxadmin/.local/lib/python3.6/site-packages/airflow/example_dags/example_latest_only.py
[2021-11-02 15:58:38,246] {processor.py:620} INFO - Processing file /home/linuxadmin/.local/lib/python3.6/site-packages/airflow/example_dags/example_latest_only.py for tasks to queue
[2021-11-02 15:58:38,247] {logging_mixin.py:109} INFO - [2021-11-02 15:58:38,247] {dagbag.py:500} INFO - Filling up the DagBag from /home/linuxadmin/.local/lib/python3.6/site-packages/airflow/example_dags/example_latest_only.py
[2021-11-02 15:58:38,283] {processor.py:632} INFO - DAG(s) dict_keys(['latest_only']) retrieved from /home/linuxadmin/.local/lib/python3.6/site-packages/airflow/example_dags/example_latest_only.py
[2021-11-02 15:58:38,296] {logging_mixin.py:109} INFO - [2021-11-02 15:58:38,296] {dag.py:2389} INFO - Sync 1 DAGs
[2021-11-02 15:58:38,318] {logging_mixin.py:109} INFO - [2021-11-02 15:58:38,318] {dag.py:2921} INFO - Setting next_dagrun for latest_only to 2021-11-02T06:28:38.318131+00:00
[2021-11-02 15:58:38,331] {processor.py:171} INFO - Processing /home/linuxadmin/.local/lib/python3.6/site-packages/airflow/example_dags/example_latest_only.py took 0.091 seconds
[2021-11-02 15:58:42,164] {processor.py:163} INFO - Started process (PID=180705) to work on /home/linuxadmin/.local/lib/python3.6/site-packages/airflow/example_dags/example_latest_only.py
[2021-11-02 15:58:42,165] {processor.py:620} INFO - Processing file /home/linuxadmin/.local/lib/python3.6/site-packages/airflow/example_dags/example_latest_only.py for tasks to queue
[2021-11-02 15:58:42,166] {logging_mixin.py:109} INFO - [2021-11-02 15:58:42,166] {dagbag.py:500} INFO - Filling up the DagBag from /home/linuxadmin/.local/lib/python3.6/site-packages/airflow/example_dags/example_latest_only.py
[2021-11-02 15:58:42,200] {processor.py:632} INFO - DAG(s) dict_keys(['latest_only']) retrieved from /home/linuxadmin/.local/lib/python3.6/site-packages/airflow/example_dags/example_latest_only.py
[2021-11-02 15:58:42,212] {logging_mixin.py:109} INFO - [2021-11-02 15:58:42,211] {dag.py:2389} INFO - Sync 1 DAGs
[2021-11-02 15:58:42,233] {logging_mixin.py:109} INFO - [2021-11-02 15:58:42,233] {dag.py:2921} INFO - Setting next_dagrun for latest_only to 2021-11-02T06:28:42.233027+00:00
[2021-11-02 15:58:42,246] {processor.py:171} INFO - Processing /home/linuxadmin/.local/lib/python3.6/site-packages/airflow/example_dags/example_latest_only.py took 0.086 seconds
[2021-11-02 15:58:46,777] {processor.py:163} INFO - Started process (PID=180828) to work on /home/linuxadmin/.local/lib/python3.6/site-packages/airflow/example_dags/example_latest_only.py
[2021-11-02 15:58:46,779] {processor.py:620} INFO - Processing file /home/linuxadmin/.local/lib/python3.6/site-packages/airflow/example_dags/example_latest_only.py for tasks to queue
[2021-11-02 15:58:46,779] {logging_mixin.py:109} INFO - [2021-11-02 15:58:46,779] {dagbag.py:500} INFO - Filling up the DagBag from /home/linuxadmin/.local/lib/python3.6/site-packages/airflow/example_dags/example_latest_only.py
[2021-11-02 15:58:46,819] {processor.py:632} INFO - DAG(s) dict_keys(['latest_only']) retrieved from /home/linuxadmin/.local/lib/python3.6/site-packages/airflow/example_dags/example_latest_only.py
[2021-11-02 15:58:46,837] {logging_mixin.py:109} INFO - [2021-11-02 15:58:46,837] {dag.py:2389} INFO - Sync 1 DAGs
[2021-11-02 15:58:46,870] {logging_mixin.py:109} INFO - [2021-11-02 15:58:46,870] {dag.py:2921} INFO - Setting next_dagrun for latest_only to 2021-11-02T06:28:46.869892+00:00
[2021-11-02 15:58:46,883] {processor.py:171} INFO - Processing /home/linuxadmin/.local/lib/python3.6/site-packages/airflow/example_dags/example_latest_only.py took 0.111 seconds
[2021-11-02 15:58:50,705] {processor.py:163} INFO - Started process (PID=180949) to work on /home/linuxadmin/.local/lib/python3.6/site-packages/airflow/example_dags/example_latest_only.py
[2021-11-02 15:58:50,706] {processor.py:620} INFO - Processing file /home/linuxadmin/.local/lib/python3.6/site-packages/airflow/example_dags/example_latest_only.py for tasks to queue
[2021-11-02 15:58:50,706] {logging_mixin.py:109} INFO - [2021-11-02 15:58:50,706] {dagbag.py:500} INFO - Filling up the DagBag from /home/linuxadmin/.local/lib/python3.6/site-packages/airflow/example_dags/example_latest_only.py
[2021-11-02 15:58:50,741] {processor.py:632} INFO - DAG(s) dict_keys(['latest_only']) retrieved from /home/linuxadmin/.local/lib/python3.6/site-packages/airflow/example_dags/example_latest_only.py
[2021-11-02 15:58:50,754] {logging_mixin.py:109} INFO - [2021-11-02 15:58:50,754] {dag.py:2389} INFO - Sync 1 DAGs
[2021-11-02 15:58:50,776] {logging_mixin.py:109} INFO - [2021-11-02 15:58:50,775] {dag.py:2921} INFO - Setting next_dagrun for latest_only to 2021-11-02T06:28:50.775544+00:00
[2021-11-02 15:58:50,788] {processor.py:171} INFO - Processing /home/linuxadmin/.local/lib/python3.6/site-packages/airflow/example_dags/example_latest_only.py took 0.088 seconds
[2021-11-02 15:58:54,966] {processor.py:163} INFO - Started process (PID=181070) to work on /home/linuxadmin/.local/lib/python3.6/site-packages/airflow/example_dags/example_latest_only.py
[2021-11-02 15:58:54,969] {processor.py:620} INFO - Processing file /home/linuxadmin/.local/lib/python3.6/site-packages/airflow/example_dags/example_latest_only.py for tasks to queue
[2021-11-02 15:58:54,970] {logging_mixin.py:109} INFO - [2021-11-02 15:58:54,970] {dagbag.py:500} INFO - Filling up the DagBag from /home/linuxadmin/.local/lib/python3.6/site-packages/airflow/example_dags/example_latest_only.py
[2021-11-02 15:58:55,010] {processor.py:632} INFO - DAG(s) dict_keys(['latest_only']) retrieved from /home/linuxadmin/.local/lib/python3.6/site-packages/airflow/example_dags/example_latest_only.py
[2021-11-02 15:58:55,026] {logging_mixin.py:109} INFO - [2021-11-02 15:58:55,026] {dag.py:2389} INFO - Sync 1 DAGs
[2021-11-02 15:58:55,058] {logging_mixin.py:109} INFO - [2021-11-02 15:58:55,058] {dag.py:2921} INFO - Setting next_dagrun for latest_only to 2021-11-02T06:28:55.058001+00:00
[2021-11-02 15:58:55,078] {processor.py:171} INFO - Processing /home/linuxadmin/.local/lib/python3.6/site-packages/airflow/example_dags/example_latest_only.py took 0.117 seconds
[2021-11-02 15:58:59,857] {processor.py:163} INFO - Started process (PID=181190) to work on /home/linuxadmin/.local/lib/python3.6/site-packages/airflow/example_dags/example_latest_only.py
[2021-11-02 15:58:59,858] {processor.py:620} INFO - Processing file /home/linuxadmin/.local/lib/python3.6/site-packages/airflow/example_dags/example_latest_only.py for tasks to queue
[2021-11-02 15:58:59,859] {logging_mixin.py:109} INFO - [2021-11-02 15:58:59,859] {dagbag.py:500} INFO - Filling up the DagBag from /home/linuxadmin/.local/lib/python3.6/site-packages/airflow/example_dags/example_latest_only.py
[2021-11-02 15:58:59,897] {processor.py:632} INFO - DAG(s) dict_keys(['latest_only']) retrieved from /home/linuxadmin/.local/lib/python3.6/site-packages/airflow/example_dags/example_latest_only.py
[2021-11-02 15:58:59,908] {logging_mixin.py:109} INFO - [2021-11-02 15:58:59,908] {dag.py:2389} INFO - Sync 1 DAGs
[2021-11-02 15:58:59,932] {logging_mixin.py:109} INFO - [2021-11-02 15:58:59,931] {dag.py:2921} INFO - Setting next_dagrun for latest_only to 2021-11-02T06:28:59.931376+00:00
[2021-11-02 15:58:59,946] {processor.py:171} INFO - Processing /home/linuxadmin/.local/lib/python3.6/site-packages/airflow/example_dags/example_latest_only.py took 0.094 seconds
[2021-11-02 15:59:05,125] {processor.py:163} INFO - Started process (PID=181316) to work on /home/linuxadmin/.local/lib/python3.6/site-packages/airflow/example_dags/example_latest_only.py
[2021-11-02 15:59:05,126] {processor.py:620} INFO - Processing file /home/linuxadmin/.local/lib/python3.6/site-packages/airflow/example_dags/example_latest_only.py for tasks to queue
[2021-11-02 15:59:05,127] {logging_mixin.py:109} INFO - [2021-11-02 15:59:05,126] {dagbag.py:500} INFO - Filling up the DagBag from /home/linuxadmin/.local/lib/python3.6/site-packages/airflow/example_dags/example_latest_only.py
[2021-11-02 15:59:05,164] {processor.py:632} INFO - DAG(s) dict_keys(['latest_only']) retrieved from /home/linuxadmin/.local/lib/python3.6/site-packages/airflow/example_dags/example_latest_only.py
[2021-11-02 15:59:05,181] {logging_mixin.py:109} INFO - [2021-11-02 15:59:05,181] {dag.py:2389} INFO - Sync 1 DAGs
[2021-11-02 15:59:05,210] {logging_mixin.py:109} INFO - [2021-11-02 15:59:05,210] {dag.py:2921} INFO - Setting next_dagrun for latest_only to 2021-11-02T06:29:05.210156+00:00
[2021-11-02 15:59:05,225] {processor.py:171} INFO - Processing /home/linuxadmin/.local/lib/python3.6/site-packages/airflow/example_dags/example_latest_only.py took 0.105 seconds
[2021-11-02 15:59:09,376] {processor.py:163} INFO - Started process (PID=181437) to work on /home/linuxadmin/.local/lib/python3.6/site-packages/airflow/example_dags/example_latest_only.py
[2021-11-02 15:59:09,378] {processor.py:620} INFO - Processing file /home/linuxadmin/.local/lib/python3.6/site-packages/airflow/example_dags/example_latest_only.py for tasks to queue
[2021-11-02 15:59:09,378] {logging_mixin.py:109} INFO - [2021-11-02 15:59:09,378] {dagbag.py:500} INFO - Filling up the DagBag from /home/linuxadmin/.local/lib/python3.6/site-packages/airflow/example_dags/example_latest_only.py
[2021-11-02 15:59:09,414] {processor.py:632} INFO - DAG(s) dict_keys(['latest_only']) retrieved from /home/linuxadmin/.local/lib/python3.6/site-packages/airflow/example_dags/example_latest_only.py
[2021-11-02 15:59:09,425] {logging_mixin.py:109} INFO - [2021-11-02 15:59:09,425] {dag.py:2389} INFO - Sync 1 DAGs
[2021-11-02 15:59:09,451] {logging_mixin.py:109} INFO - [2021-11-02 15:59:09,451] {dag.py:2921} INFO - Setting next_dagrun for latest_only to 2021-11-02T06:29:09.451082+00:00
[2021-11-02 15:59:09,466] {processor.py:171} INFO - Processing /home/linuxadmin/.local/lib/python3.6/site-packages/airflow/example_dags/example_latest_only.py took 0.094 seconds
[2021-11-02 15:59:13,990] {processor.py:163} INFO - Started process (PID=181559) to work on /home/linuxadmin/.local/lib/python3.6/site-packages/airflow/example_dags/example_latest_only.py
[2021-11-02 15:59:13,991] {processor.py:620} INFO - Processing file /home/linuxadmin/.local/lib/python3.6/site-packages/airflow/example_dags/example_latest_only.py for tasks to queue
[2021-11-02 15:59:13,992] {logging_mixin.py:109} INFO - [2021-11-02 15:59:13,992] {dagbag.py:500} INFO - Filling up the DagBag from /home/linuxadmin/.local/lib/python3.6/site-packages/airflow/example_dags/example_latest_only.py
[2021-11-02 15:59:14,035] {processor.py:632} INFO - DAG(s) dict_keys(['latest_only']) retrieved from /home/linuxadmin/.local/lib/python3.6/site-packages/airflow/example_dags/example_latest_only.py
[2021-11-02 15:59:14,050] {logging_mixin.py:109} INFO - [2021-11-02 15:59:14,050] {dag.py:2389} INFO - Sync 1 DAGs
[2021-11-02 15:59:14,081] {logging_mixin.py:109} INFO - [2021-11-02 15:59:14,081] {dag.py:2921} INFO - Setting next_dagrun for latest_only to 2021-11-02T06:29:14.080763+00:00
[2021-11-02 15:59:14,092] {processor.py:171} INFO - Processing /home/linuxadmin/.local/lib/python3.6/site-packages/airflow/example_dags/example_latest_only.py took 0.108 seconds
