[2021-11-02 15:55:19,878] {processor.py:163} INFO - Started process (PID=175269) to work on /home/linuxadmin/.local/lib/python3.6/site-packages/airflow/example_dags/example_branch_operator.py
[2021-11-02 15:55:19,880] {processor.py:620} INFO - Processing file /home/linuxadmin/.local/lib/python3.6/site-packages/airflow/example_dags/example_branch_operator.py for tasks to queue
[2021-11-02 15:55:19,881] {logging_mixin.py:109} INFO - [2021-11-02 15:55:19,881] {dagbag.py:500} INFO - Filling up the DagBag from /home/linuxadmin/.local/lib/python3.6/site-packages/airflow/example_dags/example_branch_operator.py
[2021-11-02 15:55:19,922] {processor.py:632} INFO - DAG(s) dict_keys(['example_branch_operator']) retrieved from /home/linuxadmin/.local/lib/python3.6/site-packages/airflow/example_dags/example_branch_operator.py
[2021-11-02 15:55:19,936] {logging_mixin.py:109} INFO - [2021-11-02 15:55:19,936] {dag.py:2389} INFO - Sync 1 DAGs
[2021-11-02 15:55:19,967] {logging_mixin.py:109} INFO - [2021-11-02 15:55:19,967] {dag.py:2921} INFO - Setting next_dagrun for example_branch_operator to 2021-11-01 00:00:00+00:00
[2021-11-02 15:55:19,980] {processor.py:171} INFO - Processing /home/linuxadmin/.local/lib/python3.6/site-packages/airflow/example_dags/example_branch_operator.py took 0.107 seconds
[2021-11-02 15:55:24,481] {processor.py:163} INFO - Started process (PID=175393) to work on /home/linuxadmin/.local/lib/python3.6/site-packages/airflow/example_dags/example_branch_operator.py
[2021-11-02 15:55:24,482] {processor.py:620} INFO - Processing file /home/linuxadmin/.local/lib/python3.6/site-packages/airflow/example_dags/example_branch_operator.py for tasks to queue
[2021-11-02 15:55:24,483] {logging_mixin.py:109} INFO - [2021-11-02 15:55:24,483] {dagbag.py:500} INFO - Filling up the DagBag from /home/linuxadmin/.local/lib/python3.6/site-packages/airflow/example_dags/example_branch_operator.py
[2021-11-02 15:55:24,532] {processor.py:632} INFO - DAG(s) dict_keys(['example_branch_operator']) retrieved from /home/linuxadmin/.local/lib/python3.6/site-packages/airflow/example_dags/example_branch_operator.py
[2021-11-02 15:55:24,545] {logging_mixin.py:109} INFO - [2021-11-02 15:55:24,545] {dag.py:2389} INFO - Sync 1 DAGs
[2021-11-02 15:55:24,571] {logging_mixin.py:109} INFO - [2021-11-02 15:55:24,571] {dag.py:2921} INFO - Setting next_dagrun for example_branch_operator to 2021-11-01 00:00:00+00:00
[2021-11-02 15:55:24,587] {processor.py:171} INFO - Processing /home/linuxadmin/.local/lib/python3.6/site-packages/airflow/example_dags/example_branch_operator.py took 0.112 seconds
[2021-11-02 15:55:28,674] {processor.py:163} INFO - Started process (PID=175513) to work on /home/linuxadmin/.local/lib/python3.6/site-packages/airflow/example_dags/example_branch_operator.py
[2021-11-02 15:55:28,676] {processor.py:620} INFO - Processing file /home/linuxadmin/.local/lib/python3.6/site-packages/airflow/example_dags/example_branch_operator.py for tasks to queue
[2021-11-02 15:55:28,677] {logging_mixin.py:109} INFO - [2021-11-02 15:55:28,677] {dagbag.py:500} INFO - Filling up the DagBag from /home/linuxadmin/.local/lib/python3.6/site-packages/airflow/example_dags/example_branch_operator.py
[2021-11-02 15:55:28,726] {processor.py:632} INFO - DAG(s) dict_keys(['example_branch_operator']) retrieved from /home/linuxadmin/.local/lib/python3.6/site-packages/airflow/example_dags/example_branch_operator.py
[2021-11-02 15:55:28,743] {logging_mixin.py:109} INFO - [2021-11-02 15:55:28,743] {dag.py:2389} INFO - Sync 1 DAGs
[2021-11-02 15:55:28,774] {logging_mixin.py:109} INFO - [2021-11-02 15:55:28,774] {dag.py:2921} INFO - Setting next_dagrun for example_branch_operator to 2021-11-01 00:00:00+00:00
[2021-11-02 15:55:28,787] {processor.py:171} INFO - Processing /home/linuxadmin/.local/lib/python3.6/site-packages/airflow/example_dags/example_branch_operator.py took 0.122 seconds
[2021-11-02 15:55:33,195] {processor.py:163} INFO - Started process (PID=175636) to work on /home/linuxadmin/.local/lib/python3.6/site-packages/airflow/example_dags/example_branch_operator.py
[2021-11-02 15:55:33,196] {processor.py:620} INFO - Processing file /home/linuxadmin/.local/lib/python3.6/site-packages/airflow/example_dags/example_branch_operator.py for tasks to queue
[2021-11-02 15:55:33,197] {logging_mixin.py:109} INFO - [2021-11-02 15:55:33,197] {dagbag.py:500} INFO - Filling up the DagBag from /home/linuxadmin/.local/lib/python3.6/site-packages/airflow/example_dags/example_branch_operator.py
[2021-11-02 15:55:33,253] {processor.py:632} INFO - DAG(s) dict_keys(['example_branch_operator']) retrieved from /home/linuxadmin/.local/lib/python3.6/site-packages/airflow/example_dags/example_branch_operator.py
[2021-11-02 15:55:33,273] {logging_mixin.py:109} INFO - [2021-11-02 15:55:33,273] {dag.py:2389} INFO - Sync 1 DAGs
[2021-11-02 15:55:33,308] {logging_mixin.py:109} INFO - [2021-11-02 15:55:33,308] {dag.py:2921} INFO - Setting next_dagrun for example_branch_operator to 2021-11-01 00:00:00+00:00
[2021-11-02 15:55:33,321] {processor.py:171} INFO - Processing /home/linuxadmin/.local/lib/python3.6/site-packages/airflow/example_dags/example_branch_operator.py took 0.140 seconds
[2021-11-02 15:55:37,873] {processor.py:163} INFO - Started process (PID=175755) to work on /home/linuxadmin/.local/lib/python3.6/site-packages/airflow/example_dags/example_branch_operator.py
[2021-11-02 15:55:37,875] {processor.py:620} INFO - Processing file /home/linuxadmin/.local/lib/python3.6/site-packages/airflow/example_dags/example_branch_operator.py for tasks to queue
[2021-11-02 15:55:37,876] {logging_mixin.py:109} INFO - [2021-11-02 15:55:37,876] {dagbag.py:500} INFO - Filling up the DagBag from /home/linuxadmin/.local/lib/python3.6/site-packages/airflow/example_dags/example_branch_operator.py
[2021-11-02 15:55:37,931] {processor.py:632} INFO - DAG(s) dict_keys(['example_branch_operator']) retrieved from /home/linuxadmin/.local/lib/python3.6/site-packages/airflow/example_dags/example_branch_operator.py
[2021-11-02 15:55:37,951] {logging_mixin.py:109} INFO - [2021-11-02 15:55:37,951] {dag.py:2389} INFO - Sync 1 DAGs
[2021-11-02 15:55:37,987] {logging_mixin.py:109} INFO - [2021-11-02 15:55:37,987] {dag.py:2921} INFO - Setting next_dagrun for example_branch_operator to 2021-11-01 00:00:00+00:00
[2021-11-02 15:55:38,007] {processor.py:171} INFO - Processing /home/linuxadmin/.local/lib/python3.6/site-packages/airflow/example_dags/example_branch_operator.py took 0.139 seconds
[2021-11-02 15:55:42,194] {processor.py:163} INFO - Started process (PID=175878) to work on /home/linuxadmin/.local/lib/python3.6/site-packages/airflow/example_dags/example_branch_operator.py
[2021-11-02 15:55:42,195] {processor.py:620} INFO - Processing file /home/linuxadmin/.local/lib/python3.6/site-packages/airflow/example_dags/example_branch_operator.py for tasks to queue
[2021-11-02 15:55:42,196] {logging_mixin.py:109} INFO - [2021-11-02 15:55:42,196] {dagbag.py:500} INFO - Filling up the DagBag from /home/linuxadmin/.local/lib/python3.6/site-packages/airflow/example_dags/example_branch_operator.py
[2021-11-02 15:55:42,237] {processor.py:632} INFO - DAG(s) dict_keys(['example_branch_operator']) retrieved from /home/linuxadmin/.local/lib/python3.6/site-packages/airflow/example_dags/example_branch_operator.py
[2021-11-02 15:55:42,259] {logging_mixin.py:109} INFO - [2021-11-02 15:55:42,259] {dag.py:2389} INFO - Sync 1 DAGs
[2021-11-02 15:55:42,285] {logging_mixin.py:109} INFO - [2021-11-02 15:55:42,285] {dag.py:2921} INFO - Setting next_dagrun for example_branch_operator to 2021-11-01 00:00:00+00:00
[2021-11-02 15:55:42,297] {processor.py:171} INFO - Processing /home/linuxadmin/.local/lib/python3.6/site-packages/airflow/example_dags/example_branch_operator.py took 0.107 seconds
[2021-11-02 15:55:46,066] {processor.py:163} INFO - Started process (PID=175996) to work on /home/linuxadmin/.local/lib/python3.6/site-packages/airflow/example_dags/example_branch_operator.py
[2021-11-02 15:55:46,068] {processor.py:620} INFO - Processing file /home/linuxadmin/.local/lib/python3.6/site-packages/airflow/example_dags/example_branch_operator.py for tasks to queue
[2021-11-02 15:55:46,069] {logging_mixin.py:109} INFO - [2021-11-02 15:55:46,068] {dagbag.py:500} INFO - Filling up the DagBag from /home/linuxadmin/.local/lib/python3.6/site-packages/airflow/example_dags/example_branch_operator.py
[2021-11-02 15:55:46,113] {processor.py:632} INFO - DAG(s) dict_keys(['example_branch_operator']) retrieved from /home/linuxadmin/.local/lib/python3.6/site-packages/airflow/example_dags/example_branch_operator.py
[2021-11-02 15:55:46,125] {logging_mixin.py:109} INFO - [2021-11-02 15:55:46,124] {dag.py:2389} INFO - Sync 1 DAGs
[2021-11-02 15:55:46,150] {logging_mixin.py:109} INFO - [2021-11-02 15:55:46,150] {dag.py:2921} INFO - Setting next_dagrun for example_branch_operator to 2021-11-01 00:00:00+00:00
[2021-11-02 15:55:46,160] {processor.py:171} INFO - Processing /home/linuxadmin/.local/lib/python3.6/site-packages/airflow/example_dags/example_branch_operator.py took 0.100 seconds
[2021-11-02 15:55:51,305] {processor.py:163} INFO - Started process (PID=176121) to work on /home/linuxadmin/.local/lib/python3.6/site-packages/airflow/example_dags/example_branch_operator.py
[2021-11-02 15:55:51,306] {processor.py:620} INFO - Processing file /home/linuxadmin/.local/lib/python3.6/site-packages/airflow/example_dags/example_branch_operator.py for tasks to queue
[2021-11-02 15:55:51,307] {logging_mixin.py:109} INFO - [2021-11-02 15:55:51,307] {dagbag.py:500} INFO - Filling up the DagBag from /home/linuxadmin/.local/lib/python3.6/site-packages/airflow/example_dags/example_branch_operator.py
[2021-11-02 15:55:51,369] {processor.py:632} INFO - DAG(s) dict_keys(['example_branch_operator']) retrieved from /home/linuxadmin/.local/lib/python3.6/site-packages/airflow/example_dags/example_branch_operator.py
[2021-11-02 15:55:51,390] {logging_mixin.py:109} INFO - [2021-11-02 15:55:51,389] {dag.py:2389} INFO - Sync 1 DAGs
[2021-11-02 15:55:51,420] {logging_mixin.py:109} INFO - [2021-11-02 15:55:51,420] {dag.py:2921} INFO - Setting next_dagrun for example_branch_operator to 2021-11-01 00:00:00+00:00
[2021-11-02 15:55:51,436] {processor.py:171} INFO - Processing /home/linuxadmin/.local/lib/python3.6/site-packages/airflow/example_dags/example_branch_operator.py took 0.136 seconds
[2021-11-02 15:55:55,556] {processor.py:163} INFO - Started process (PID=176239) to work on /home/linuxadmin/.local/lib/python3.6/site-packages/airflow/example_dags/example_branch_operator.py
[2021-11-02 15:55:55,558] {processor.py:620} INFO - Processing file /home/linuxadmin/.local/lib/python3.6/site-packages/airflow/example_dags/example_branch_operator.py for tasks to queue
[2021-11-02 15:55:55,559] {logging_mixin.py:109} INFO - [2021-11-02 15:55:55,559] {dagbag.py:500} INFO - Filling up the DagBag from /home/linuxadmin/.local/lib/python3.6/site-packages/airflow/example_dags/example_branch_operator.py
[2021-11-02 15:55:55,610] {processor.py:632} INFO - DAG(s) dict_keys(['example_branch_operator']) retrieved from /home/linuxadmin/.local/lib/python3.6/site-packages/airflow/example_dags/example_branch_operator.py
[2021-11-02 15:55:55,629] {logging_mixin.py:109} INFO - [2021-11-02 15:55:55,629] {dag.py:2389} INFO - Sync 1 DAGs
[2021-11-02 15:55:55,660] {logging_mixin.py:109} INFO - [2021-11-02 15:55:55,660] {dag.py:2921} INFO - Setting next_dagrun for example_branch_operator to 2021-11-01 00:00:00+00:00
[2021-11-02 15:55:55,674] {processor.py:171} INFO - Processing /home/linuxadmin/.local/lib/python3.6/site-packages/airflow/example_dags/example_branch_operator.py took 0.122 seconds
[2021-11-02 15:56:00,446] {processor.py:163} INFO - Started process (PID=176362) to work on /home/linuxadmin/.local/lib/python3.6/site-packages/airflow/example_dags/example_branch_operator.py
[2021-11-02 15:56:00,447] {processor.py:620} INFO - Processing file /home/linuxadmin/.local/lib/python3.6/site-packages/airflow/example_dags/example_branch_operator.py for tasks to queue
[2021-11-02 15:56:00,448] {logging_mixin.py:109} INFO - [2021-11-02 15:56:00,448] {dagbag.py:500} INFO - Filling up the DagBag from /home/linuxadmin/.local/lib/python3.6/site-packages/airflow/example_dags/example_branch_operator.py
[2021-11-02 15:56:00,502] {processor.py:632} INFO - DAG(s) dict_keys(['example_branch_operator']) retrieved from /home/linuxadmin/.local/lib/python3.6/site-packages/airflow/example_dags/example_branch_operator.py
[2021-11-02 15:56:00,518] {logging_mixin.py:109} INFO - [2021-11-02 15:56:00,517] {dag.py:2389} INFO - Sync 1 DAGs
[2021-11-02 15:56:00,542] {logging_mixin.py:109} INFO - [2021-11-02 15:56:00,541] {dag.py:2921} INFO - Setting next_dagrun for example_branch_operator to 2021-11-01 00:00:00+00:00
[2021-11-02 15:56:00,552] {processor.py:171} INFO - Processing /home/linuxadmin/.local/lib/python3.6/site-packages/airflow/example_dags/example_branch_operator.py took 0.110 seconds
[2021-11-02 15:56:04,655] {processor.py:163} INFO - Started process (PID=176480) to work on /home/linuxadmin/.local/lib/python3.6/site-packages/airflow/example_dags/example_branch_operator.py
[2021-11-02 15:56:04,656] {processor.py:620} INFO - Processing file /home/linuxadmin/.local/lib/python3.6/site-packages/airflow/example_dags/example_branch_operator.py for tasks to queue
[2021-11-02 15:56:04,657] {logging_mixin.py:109} INFO - [2021-11-02 15:56:04,657] {dagbag.py:500} INFO - Filling up the DagBag from /home/linuxadmin/.local/lib/python3.6/site-packages/airflow/example_dags/example_branch_operator.py
[2021-11-02 15:56:04,704] {processor.py:632} INFO - DAG(s) dict_keys(['example_branch_operator']) retrieved from /home/linuxadmin/.local/lib/python3.6/site-packages/airflow/example_dags/example_branch_operator.py
[2021-11-02 15:56:04,721] {logging_mixin.py:109} INFO - [2021-11-02 15:56:04,721] {dag.py:2389} INFO - Sync 1 DAGs
[2021-11-02 15:56:04,749] {logging_mixin.py:109} INFO - [2021-11-02 15:56:04,749] {dag.py:2921} INFO - Setting next_dagrun for example_branch_operator to 2021-11-01 00:00:00+00:00
[2021-11-02 15:56:04,761] {processor.py:171} INFO - Processing /home/linuxadmin/.local/lib/python3.6/site-packages/airflow/example_dags/example_branch_operator.py took 0.110 seconds
[2021-11-02 15:56:09,664] {processor.py:163} INFO - Started process (PID=176604) to work on /home/linuxadmin/.local/lib/python3.6/site-packages/airflow/example_dags/example_branch_operator.py
[2021-11-02 15:56:09,665] {processor.py:620} INFO - Processing file /home/linuxadmin/.local/lib/python3.6/site-packages/airflow/example_dags/example_branch_operator.py for tasks to queue
[2021-11-02 15:56:09,666] {logging_mixin.py:109} INFO - [2021-11-02 15:56:09,666] {dagbag.py:500} INFO - Filling up the DagBag from /home/linuxadmin/.local/lib/python3.6/site-packages/airflow/example_dags/example_branch_operator.py
[2021-11-02 15:56:09,711] {processor.py:632} INFO - DAG(s) dict_keys(['example_branch_operator']) retrieved from /home/linuxadmin/.local/lib/python3.6/site-packages/airflow/example_dags/example_branch_operator.py
[2021-11-02 15:56:09,728] {logging_mixin.py:109} INFO - [2021-11-02 15:56:09,727] {dag.py:2389} INFO - Sync 1 DAGs
[2021-11-02 15:56:09,757] {logging_mixin.py:109} INFO - [2021-11-02 15:56:09,757] {dag.py:2921} INFO - Setting next_dagrun for example_branch_operator to 2021-11-01 00:00:00+00:00
[2021-11-02 15:56:09,769] {processor.py:171} INFO - Processing /home/linuxadmin/.local/lib/python3.6/site-packages/airflow/example_dags/example_branch_operator.py took 0.110 seconds
[2021-11-02 15:56:14,296] {processor.py:163} INFO - Started process (PID=176729) to work on /home/linuxadmin/.local/lib/python3.6/site-packages/airflow/example_dags/example_branch_operator.py
[2021-11-02 15:56:14,298] {processor.py:620} INFO - Processing file /home/linuxadmin/.local/lib/python3.6/site-packages/airflow/example_dags/example_branch_operator.py for tasks to queue
[2021-11-02 15:56:14,298] {logging_mixin.py:109} INFO - [2021-11-02 15:56:14,298] {dagbag.py:500} INFO - Filling up the DagBag from /home/linuxadmin/.local/lib/python3.6/site-packages/airflow/example_dags/example_branch_operator.py
[2021-11-02 15:56:14,341] {processor.py:632} INFO - DAG(s) dict_keys(['example_branch_operator']) retrieved from /home/linuxadmin/.local/lib/python3.6/site-packages/airflow/example_dags/example_branch_operator.py
[2021-11-02 15:56:14,354] {logging_mixin.py:109} INFO - [2021-11-02 15:56:14,354] {dag.py:2389} INFO - Sync 1 DAGs
[2021-11-02 15:56:14,379] {logging_mixin.py:109} INFO - [2021-11-02 15:56:14,379] {dag.py:2921} INFO - Setting next_dagrun for example_branch_operator to 2021-11-01 00:00:00+00:00
[2021-11-02 15:56:14,391] {processor.py:171} INFO - Processing /home/linuxadmin/.local/lib/python3.6/site-packages/airflow/example_dags/example_branch_operator.py took 0.100 seconds
[2021-11-02 15:56:18,467] {processor.py:163} INFO - Started process (PID=176848) to work on /home/linuxadmin/.local/lib/python3.6/site-packages/airflow/example_dags/example_branch_operator.py
[2021-11-02 15:56:18,469] {processor.py:620} INFO - Processing file /home/linuxadmin/.local/lib/python3.6/site-packages/airflow/example_dags/example_branch_operator.py for tasks to queue
[2021-11-02 15:56:18,469] {logging_mixin.py:109} INFO - [2021-11-02 15:56:18,469] {dagbag.py:500} INFO - Filling up the DagBag from /home/linuxadmin/.local/lib/python3.6/site-packages/airflow/example_dags/example_branch_operator.py
[2021-11-02 15:56:18,512] {processor.py:632} INFO - DAG(s) dict_keys(['example_branch_operator']) retrieved from /home/linuxadmin/.local/lib/python3.6/site-packages/airflow/example_dags/example_branch_operator.py
[2021-11-02 15:56:18,528] {logging_mixin.py:109} INFO - [2021-11-02 15:56:18,528] {dag.py:2389} INFO - Sync 1 DAGs
[2021-11-02 15:56:18,556] {logging_mixin.py:109} INFO - [2021-11-02 15:56:18,556] {dag.py:2921} INFO - Setting next_dagrun for example_branch_operator to 2021-11-01 00:00:00+00:00
[2021-11-02 15:56:18,567] {processor.py:171} INFO - Processing /home/linuxadmin/.local/lib/python3.6/site-packages/airflow/example_dags/example_branch_operator.py took 0.104 seconds
[2021-11-02 15:56:23,803] {processor.py:163} INFO - Started process (PID=176971) to work on /home/linuxadmin/.local/lib/python3.6/site-packages/airflow/example_dags/example_branch_operator.py
[2021-11-02 15:56:23,804] {processor.py:620} INFO - Processing file /home/linuxadmin/.local/lib/python3.6/site-packages/airflow/example_dags/example_branch_operator.py for tasks to queue
[2021-11-02 15:56:23,810] {logging_mixin.py:109} INFO - [2021-11-02 15:56:23,810] {dagbag.py:500} INFO - Filling up the DagBag from /home/linuxadmin/.local/lib/python3.6/site-packages/airflow/example_dags/example_branch_operator.py
[2021-11-02 15:56:23,854] {processor.py:632} INFO - DAG(s) dict_keys(['example_branch_operator']) retrieved from /home/linuxadmin/.local/lib/python3.6/site-packages/airflow/example_dags/example_branch_operator.py
[2021-11-02 15:56:23,867] {logging_mixin.py:109} INFO - [2021-11-02 15:56:23,867] {dag.py:2389} INFO - Sync 1 DAGs
[2021-11-02 15:56:23,893] {logging_mixin.py:109} INFO - [2021-11-02 15:56:23,893] {dag.py:2921} INFO - Setting next_dagrun for example_branch_operator to 2021-11-01 00:00:00+00:00
[2021-11-02 15:56:23,905] {processor.py:171} INFO - Processing /home/linuxadmin/.local/lib/python3.6/site-packages/airflow/example_dags/example_branch_operator.py took 0.107 seconds
[2021-11-02 15:56:27,940] {processor.py:163} INFO - Started process (PID=177087) to work on /home/linuxadmin/.local/lib/python3.6/site-packages/airflow/example_dags/example_branch_operator.py
[2021-11-02 15:56:27,942] {processor.py:620} INFO - Processing file /home/linuxadmin/.local/lib/python3.6/site-packages/airflow/example_dags/example_branch_operator.py for tasks to queue
[2021-11-02 15:56:27,942] {logging_mixin.py:109} INFO - [2021-11-02 15:56:27,942] {dagbag.py:500} INFO - Filling up the DagBag from /home/linuxadmin/.local/lib/python3.6/site-packages/airflow/example_dags/example_branch_operator.py
[2021-11-02 15:56:27,992] {processor.py:632} INFO - DAG(s) dict_keys(['example_branch_operator']) retrieved from /home/linuxadmin/.local/lib/python3.6/site-packages/airflow/example_dags/example_branch_operator.py
[2021-11-02 15:56:28,006] {logging_mixin.py:109} INFO - [2021-11-02 15:56:28,006] {dag.py:2389} INFO - Sync 1 DAGs
[2021-11-02 15:56:28,034] {logging_mixin.py:109} INFO - [2021-11-02 15:56:28,033] {dag.py:2921} INFO - Setting next_dagrun for example_branch_operator to 2021-11-01 00:00:00+00:00
[2021-11-02 15:56:28,047] {processor.py:171} INFO - Processing /home/linuxadmin/.local/lib/python3.6/site-packages/airflow/example_dags/example_branch_operator.py took 0.113 seconds
[2021-11-02 15:56:32,449] {processor.py:163} INFO - Started process (PID=177210) to work on /home/linuxadmin/.local/lib/python3.6/site-packages/airflow/example_dags/example_branch_operator.py
[2021-11-02 15:56:32,451] {processor.py:620} INFO - Processing file /home/linuxadmin/.local/lib/python3.6/site-packages/airflow/example_dags/example_branch_operator.py for tasks to queue
[2021-11-02 15:56:32,452] {logging_mixin.py:109} INFO - [2021-11-02 15:56:32,452] {dagbag.py:500} INFO - Filling up the DagBag from /home/linuxadmin/.local/lib/python3.6/site-packages/airflow/example_dags/example_branch_operator.py
[2021-11-02 15:56:32,495] {processor.py:632} INFO - DAG(s) dict_keys(['example_branch_operator']) retrieved from /home/linuxadmin/.local/lib/python3.6/site-packages/airflow/example_dags/example_branch_operator.py
[2021-11-02 15:56:32,515] {logging_mixin.py:109} INFO - [2021-11-02 15:56:32,515] {dag.py:2389} INFO - Sync 1 DAGs
[2021-11-02 15:56:32,540] {logging_mixin.py:109} INFO - [2021-11-02 15:56:32,540] {dag.py:2921} INFO - Setting next_dagrun for example_branch_operator to 2021-11-01 00:00:00+00:00
[2021-11-02 15:56:32,551] {processor.py:171} INFO - Processing /home/linuxadmin/.local/lib/python3.6/site-packages/airflow/example_dags/example_branch_operator.py took 0.107 seconds
[2021-11-02 15:56:36,336] {processor.py:163} INFO - Started process (PID=177330) to work on /home/linuxadmin/.local/lib/python3.6/site-packages/airflow/example_dags/example_branch_operator.py
[2021-11-02 15:56:36,337] {processor.py:620} INFO - Processing file /home/linuxadmin/.local/lib/python3.6/site-packages/airflow/example_dags/example_branch_operator.py for tasks to queue
[2021-11-02 15:56:36,338] {logging_mixin.py:109} INFO - [2021-11-02 15:56:36,338] {dagbag.py:500} INFO - Filling up the DagBag from /home/linuxadmin/.local/lib/python3.6/site-packages/airflow/example_dags/example_branch_operator.py
[2021-11-02 15:56:36,376] {processor.py:632} INFO - DAG(s) dict_keys(['example_branch_operator']) retrieved from /home/linuxadmin/.local/lib/python3.6/site-packages/airflow/example_dags/example_branch_operator.py
[2021-11-02 15:56:36,391] {logging_mixin.py:109} INFO - [2021-11-02 15:56:36,391] {dag.py:2389} INFO - Sync 1 DAGs
[2021-11-02 15:56:36,415] {logging_mixin.py:109} INFO - [2021-11-02 15:56:36,415] {dag.py:2921} INFO - Setting next_dagrun for example_branch_operator to 2021-11-01 00:00:00+00:00
[2021-11-02 15:56:36,430] {processor.py:171} INFO - Processing /home/linuxadmin/.local/lib/python3.6/site-packages/airflow/example_dags/example_branch_operator.py took 0.099 seconds
[2021-11-02 15:56:40,752] {processor.py:163} INFO - Started process (PID=177452) to work on /home/linuxadmin/.local/lib/python3.6/site-packages/airflow/example_dags/example_branch_operator.py
[2021-11-02 15:56:40,754] {processor.py:620} INFO - Processing file /home/linuxadmin/.local/lib/python3.6/site-packages/airflow/example_dags/example_branch_operator.py for tasks to queue
[2021-11-02 15:56:40,754] {logging_mixin.py:109} INFO - [2021-11-02 15:56:40,754] {dagbag.py:500} INFO - Filling up the DagBag from /home/linuxadmin/.local/lib/python3.6/site-packages/airflow/example_dags/example_branch_operator.py
[2021-11-02 15:56:40,797] {processor.py:632} INFO - DAG(s) dict_keys(['example_branch_operator']) retrieved from /home/linuxadmin/.local/lib/python3.6/site-packages/airflow/example_dags/example_branch_operator.py
[2021-11-02 15:56:40,812] {logging_mixin.py:109} INFO - [2021-11-02 15:56:40,812] {dag.py:2389} INFO - Sync 1 DAGs
[2021-11-02 15:56:40,840] {logging_mixin.py:109} INFO - [2021-11-02 15:56:40,840] {dag.py:2921} INFO - Setting next_dagrun for example_branch_operator to 2021-11-01 00:00:00+00:00
[2021-11-02 15:56:40,852] {processor.py:171} INFO - Processing /home/linuxadmin/.local/lib/python3.6/site-packages/airflow/example_dags/example_branch_operator.py took 0.104 seconds
[2021-11-02 15:56:44,728] {processor.py:163} INFO - Started process (PID=177572) to work on /home/linuxadmin/.local/lib/python3.6/site-packages/airflow/example_dags/example_branch_operator.py
[2021-11-02 15:56:44,729] {processor.py:620} INFO - Processing file /home/linuxadmin/.local/lib/python3.6/site-packages/airflow/example_dags/example_branch_operator.py for tasks to queue
[2021-11-02 15:56:44,730] {logging_mixin.py:109} INFO - [2021-11-02 15:56:44,730] {dagbag.py:500} INFO - Filling up the DagBag from /home/linuxadmin/.local/lib/python3.6/site-packages/airflow/example_dags/example_branch_operator.py
[2021-11-02 15:56:44,772] {processor.py:632} INFO - DAG(s) dict_keys(['example_branch_operator']) retrieved from /home/linuxadmin/.local/lib/python3.6/site-packages/airflow/example_dags/example_branch_operator.py
[2021-11-02 15:56:44,785] {logging_mixin.py:109} INFO - [2021-11-02 15:56:44,785] {dag.py:2389} INFO - Sync 1 DAGs
[2021-11-02 15:56:44,810] {logging_mixin.py:109} INFO - [2021-11-02 15:56:44,809] {dag.py:2921} INFO - Setting next_dagrun for example_branch_operator to 2021-11-01 00:00:00+00:00
[2021-11-02 15:56:44,823] {processor.py:171} INFO - Processing /home/linuxadmin/.local/lib/python3.6/site-packages/airflow/example_dags/example_branch_operator.py took 0.100 seconds
[2021-11-02 15:56:49,171] {processor.py:163} INFO - Started process (PID=177695) to work on /home/linuxadmin/.local/lib/python3.6/site-packages/airflow/example_dags/example_branch_operator.py
[2021-11-02 15:56:49,173] {processor.py:620} INFO - Processing file /home/linuxadmin/.local/lib/python3.6/site-packages/airflow/example_dags/example_branch_operator.py for tasks to queue
[2021-11-02 15:56:49,174] {logging_mixin.py:109} INFO - [2021-11-02 15:56:49,174] {dagbag.py:500} INFO - Filling up the DagBag from /home/linuxadmin/.local/lib/python3.6/site-packages/airflow/example_dags/example_branch_operator.py
[2021-11-02 15:56:49,225] {processor.py:632} INFO - DAG(s) dict_keys(['example_branch_operator']) retrieved from /home/linuxadmin/.local/lib/python3.6/site-packages/airflow/example_dags/example_branch_operator.py
[2021-11-02 15:56:49,241] {logging_mixin.py:109} INFO - [2021-11-02 15:56:49,240] {dag.py:2389} INFO - Sync 1 DAGs
[2021-11-02 15:56:49,277] {logging_mixin.py:109} INFO - [2021-11-02 15:56:49,277] {dag.py:2921} INFO - Setting next_dagrun for example_branch_operator to 2021-11-01 00:00:00+00:00
[2021-11-02 15:56:49,289] {processor.py:171} INFO - Processing /home/linuxadmin/.local/lib/python3.6/site-packages/airflow/example_dags/example_branch_operator.py took 0.126 seconds
[2021-11-02 15:56:54,165] {processor.py:163} INFO - Started process (PID=177817) to work on /home/linuxadmin/.local/lib/python3.6/site-packages/airflow/example_dags/example_branch_operator.py
[2021-11-02 15:56:54,166] {processor.py:620} INFO - Processing file /home/linuxadmin/.local/lib/python3.6/site-packages/airflow/example_dags/example_branch_operator.py for tasks to queue
[2021-11-02 15:56:54,167] {logging_mixin.py:109} INFO - [2021-11-02 15:56:54,167] {dagbag.py:500} INFO - Filling up the DagBag from /home/linuxadmin/.local/lib/python3.6/site-packages/airflow/example_dags/example_branch_operator.py
[2021-11-02 15:56:54,211] {processor.py:632} INFO - DAG(s) dict_keys(['example_branch_operator']) retrieved from /home/linuxadmin/.local/lib/python3.6/site-packages/airflow/example_dags/example_branch_operator.py
[2021-11-02 15:56:54,229] {logging_mixin.py:109} INFO - [2021-11-02 15:56:54,228] {dag.py:2389} INFO - Sync 1 DAGs
[2021-11-02 15:56:54,262] {logging_mixin.py:109} INFO - [2021-11-02 15:56:54,262] {dag.py:2921} INFO - Setting next_dagrun for example_branch_operator to 2021-11-01 00:00:00+00:00
[2021-11-02 15:56:54,276] {processor.py:171} INFO - Processing /home/linuxadmin/.local/lib/python3.6/site-packages/airflow/example_dags/example_branch_operator.py took 0.117 seconds
[2021-11-02 15:56:58,882] {processor.py:163} INFO - Started process (PID=177938) to work on /home/linuxadmin/.local/lib/python3.6/site-packages/airflow/example_dags/example_branch_operator.py
[2021-11-02 15:56:58,883] {processor.py:620} INFO - Processing file /home/linuxadmin/.local/lib/python3.6/site-packages/airflow/example_dags/example_branch_operator.py for tasks to queue
[2021-11-02 15:56:58,884] {logging_mixin.py:109} INFO - [2021-11-02 15:56:58,884] {dagbag.py:500} INFO - Filling up the DagBag from /home/linuxadmin/.local/lib/python3.6/site-packages/airflow/example_dags/example_branch_operator.py
[2021-11-02 15:56:58,930] {processor.py:632} INFO - DAG(s) dict_keys(['example_branch_operator']) retrieved from /home/linuxadmin/.local/lib/python3.6/site-packages/airflow/example_dags/example_branch_operator.py
[2021-11-02 15:56:58,949] {logging_mixin.py:109} INFO - [2021-11-02 15:56:58,949] {dag.py:2389} INFO - Sync 1 DAGs
[2021-11-02 15:56:58,983] {logging_mixin.py:109} INFO - [2021-11-02 15:56:58,983] {dag.py:2921} INFO - Setting next_dagrun for example_branch_operator to 2021-11-01 00:00:00+00:00
[2021-11-02 15:56:58,996] {processor.py:171} INFO - Processing /home/linuxadmin/.local/lib/python3.6/site-packages/airflow/example_dags/example_branch_operator.py took 0.120 seconds
[2021-11-02 15:57:03,352] {processor.py:163} INFO - Started process (PID=178058) to work on /home/linuxadmin/.local/lib/python3.6/site-packages/airflow/example_dags/example_branch_operator.py
[2021-11-02 15:57:03,354] {processor.py:620} INFO - Processing file /home/linuxadmin/.local/lib/python3.6/site-packages/airflow/example_dags/example_branch_operator.py for tasks to queue
[2021-11-02 15:57:03,355] {logging_mixin.py:109} INFO - [2021-11-02 15:57:03,354] {dagbag.py:500} INFO - Filling up the DagBag from /home/linuxadmin/.local/lib/python3.6/site-packages/airflow/example_dags/example_branch_operator.py
[2021-11-02 15:57:03,402] {processor.py:632} INFO - DAG(s) dict_keys(['example_branch_operator']) retrieved from /home/linuxadmin/.local/lib/python3.6/site-packages/airflow/example_dags/example_branch_operator.py
[2021-11-02 15:57:03,425] {logging_mixin.py:109} INFO - [2021-11-02 15:57:03,425] {dag.py:2389} INFO - Sync 1 DAGs
[2021-11-02 15:57:03,455] {logging_mixin.py:109} INFO - [2021-11-02 15:57:03,455] {dag.py:2921} INFO - Setting next_dagrun for example_branch_operator to 2021-11-01 00:00:00+00:00
[2021-11-02 15:57:03,470] {processor.py:171} INFO - Processing /home/linuxadmin/.local/lib/python3.6/site-packages/airflow/example_dags/example_branch_operator.py took 0.122 seconds
[2021-11-02 15:57:08,145] {processor.py:163} INFO - Started process (PID=178182) to work on /home/linuxadmin/.local/lib/python3.6/site-packages/airflow/example_dags/example_branch_operator.py
[2021-11-02 15:57:08,147] {processor.py:620} INFO - Processing file /home/linuxadmin/.local/lib/python3.6/site-packages/airflow/example_dags/example_branch_operator.py for tasks to queue
[2021-11-02 15:57:08,147] {logging_mixin.py:109} INFO - [2021-11-02 15:57:08,147] {dagbag.py:500} INFO - Filling up the DagBag from /home/linuxadmin/.local/lib/python3.6/site-packages/airflow/example_dags/example_branch_operator.py
[2021-11-02 15:57:08,192] {processor.py:632} INFO - DAG(s) dict_keys(['example_branch_operator']) retrieved from /home/linuxadmin/.local/lib/python3.6/site-packages/airflow/example_dags/example_branch_operator.py
[2021-11-02 15:57:08,213] {logging_mixin.py:109} INFO - [2021-11-02 15:57:08,213] {dag.py:2389} INFO - Sync 1 DAGs
[2021-11-02 15:57:08,248] {logging_mixin.py:109} INFO - [2021-11-02 15:57:08,248] {dag.py:2921} INFO - Setting next_dagrun for example_branch_operator to 2021-11-01 00:00:00+00:00
[2021-11-02 15:57:08,263] {processor.py:171} INFO - Processing /home/linuxadmin/.local/lib/python3.6/site-packages/airflow/example_dags/example_branch_operator.py took 0.124 seconds
[2021-11-02 15:57:12,445] {processor.py:163} INFO - Started process (PID=178300) to work on /home/linuxadmin/.local/lib/python3.6/site-packages/airflow/example_dags/example_branch_operator.py
[2021-11-02 15:57:12,446] {processor.py:620} INFO - Processing file /home/linuxadmin/.local/lib/python3.6/site-packages/airflow/example_dags/example_branch_operator.py for tasks to queue
[2021-11-02 15:57:12,447] {logging_mixin.py:109} INFO - [2021-11-02 15:57:12,447] {dagbag.py:500} INFO - Filling up the DagBag from /home/linuxadmin/.local/lib/python3.6/site-packages/airflow/example_dags/example_branch_operator.py
[2021-11-02 15:57:12,492] {processor.py:632} INFO - DAG(s) dict_keys(['example_branch_operator']) retrieved from /home/linuxadmin/.local/lib/python3.6/site-packages/airflow/example_dags/example_branch_operator.py
[2021-11-02 15:57:12,510] {logging_mixin.py:109} INFO - [2021-11-02 15:57:12,510] {dag.py:2389} INFO - Sync 1 DAGs
[2021-11-02 15:57:12,543] {logging_mixin.py:109} INFO - [2021-11-02 15:57:12,543] {dag.py:2921} INFO - Setting next_dagrun for example_branch_operator to 2021-11-01 00:00:00+00:00
[2021-11-02 15:57:12,558] {processor.py:171} INFO - Processing /home/linuxadmin/.local/lib/python3.6/site-packages/airflow/example_dags/example_branch_operator.py took 0.118 seconds
[2021-11-02 15:57:16,933] {processor.py:163} INFO - Started process (PID=178424) to work on /home/linuxadmin/.local/lib/python3.6/site-packages/airflow/example_dags/example_branch_operator.py
[2021-11-02 15:57:16,935] {processor.py:620} INFO - Processing file /home/linuxadmin/.local/lib/python3.6/site-packages/airflow/example_dags/example_branch_operator.py for tasks to queue
[2021-11-02 15:57:16,936] {logging_mixin.py:109} INFO - [2021-11-02 15:57:16,936] {dagbag.py:500} INFO - Filling up the DagBag from /home/linuxadmin/.local/lib/python3.6/site-packages/airflow/example_dags/example_branch_operator.py
[2021-11-02 15:57:16,975] {processor.py:632} INFO - DAG(s) dict_keys(['example_branch_operator']) retrieved from /home/linuxadmin/.local/lib/python3.6/site-packages/airflow/example_dags/example_branch_operator.py
[2021-11-02 15:57:16,991] {logging_mixin.py:109} INFO - [2021-11-02 15:57:16,991] {dag.py:2389} INFO - Sync 1 DAGs
[2021-11-02 15:57:17,019] {logging_mixin.py:109} INFO - [2021-11-02 15:57:17,019] {dag.py:2921} INFO - Setting next_dagrun for example_branch_operator to 2021-11-01 00:00:00+00:00
[2021-11-02 15:57:17,033] {processor.py:171} INFO - Processing /home/linuxadmin/.local/lib/python3.6/site-packages/airflow/example_dags/example_branch_operator.py took 0.104 seconds
[2021-11-02 15:57:20,873] {processor.py:163} INFO - Started process (PID=178543) to work on /home/linuxadmin/.local/lib/python3.6/site-packages/airflow/example_dags/example_branch_operator.py
[2021-11-02 15:57:20,874] {processor.py:620} INFO - Processing file /home/linuxadmin/.local/lib/python3.6/site-packages/airflow/example_dags/example_branch_operator.py for tasks to queue
[2021-11-02 15:57:20,875] {logging_mixin.py:109} INFO - [2021-11-02 15:57:20,875] {dagbag.py:500} INFO - Filling up the DagBag from /home/linuxadmin/.local/lib/python3.6/site-packages/airflow/example_dags/example_branch_operator.py
[2021-11-02 15:57:20,922] {processor.py:632} INFO - DAG(s) dict_keys(['example_branch_operator']) retrieved from /home/linuxadmin/.local/lib/python3.6/site-packages/airflow/example_dags/example_branch_operator.py
[2021-11-02 15:57:20,942] {logging_mixin.py:109} INFO - [2021-11-02 15:57:20,941] {dag.py:2389} INFO - Sync 1 DAGs
[2021-11-02 15:57:20,967] {logging_mixin.py:109} INFO - [2021-11-02 15:57:20,967] {dag.py:2921} INFO - Setting next_dagrun for example_branch_operator to 2021-11-01 00:00:00+00:00
[2021-11-02 15:57:20,979] {processor.py:171} INFO - Processing /home/linuxadmin/.local/lib/python3.6/site-packages/airflow/example_dags/example_branch_operator.py took 0.111 seconds
[2021-11-02 15:57:25,949] {processor.py:163} INFO - Started process (PID=178664) to work on /home/linuxadmin/.local/lib/python3.6/site-packages/airflow/example_dags/example_branch_operator.py
[2021-11-02 15:57:25,950] {processor.py:620} INFO - Processing file /home/linuxadmin/.local/lib/python3.6/site-packages/airflow/example_dags/example_branch_operator.py for tasks to queue
[2021-11-02 15:57:25,951] {logging_mixin.py:109} INFO - [2021-11-02 15:57:25,951] {dagbag.py:500} INFO - Filling up the DagBag from /home/linuxadmin/.local/lib/python3.6/site-packages/airflow/example_dags/example_branch_operator.py
[2021-11-02 15:57:25,987] {processor.py:632} INFO - DAG(s) dict_keys(['example_branch_operator']) retrieved from /home/linuxadmin/.local/lib/python3.6/site-packages/airflow/example_dags/example_branch_operator.py
[2021-11-02 15:57:26,008] {logging_mixin.py:109} INFO - [2021-11-02 15:57:26,008] {dag.py:2389} INFO - Sync 1 DAGs
[2021-11-02 15:57:26,041] {logging_mixin.py:109} INFO - [2021-11-02 15:57:26,041] {dag.py:2921} INFO - Setting next_dagrun for example_branch_operator to 2021-11-01 00:00:00+00:00
[2021-11-02 15:57:26,055] {processor.py:171} INFO - Processing /home/linuxadmin/.local/lib/python3.6/site-packages/airflow/example_dags/example_branch_operator.py took 0.111 seconds
[2021-11-02 15:57:30,421] {processor.py:163} INFO - Started process (PID=178786) to work on /home/linuxadmin/.local/lib/python3.6/site-packages/airflow/example_dags/example_branch_operator.py
[2021-11-02 15:57:30,422] {processor.py:620} INFO - Processing file /home/linuxadmin/.local/lib/python3.6/site-packages/airflow/example_dags/example_branch_operator.py for tasks to queue
[2021-11-02 15:57:30,423] {logging_mixin.py:109} INFO - [2021-11-02 15:57:30,423] {dagbag.py:500} INFO - Filling up the DagBag from /home/linuxadmin/.local/lib/python3.6/site-packages/airflow/example_dags/example_branch_operator.py
[2021-11-02 15:57:30,463] {processor.py:632} INFO - DAG(s) dict_keys(['example_branch_operator']) retrieved from /home/linuxadmin/.local/lib/python3.6/site-packages/airflow/example_dags/example_branch_operator.py
[2021-11-02 15:57:30,483] {logging_mixin.py:109} INFO - [2021-11-02 15:57:30,483] {dag.py:2389} INFO - Sync 1 DAGs
[2021-11-02 15:57:30,518] {logging_mixin.py:109} INFO - [2021-11-02 15:57:30,518] {dag.py:2921} INFO - Setting next_dagrun for example_branch_operator to 2021-11-01 00:00:00+00:00
[2021-11-02 15:57:30,532] {processor.py:171} INFO - Processing /home/linuxadmin/.local/lib/python3.6/site-packages/airflow/example_dags/example_branch_operator.py took 0.115 seconds
[2021-11-02 15:57:35,032] {processor.py:163} INFO - Started process (PID=178908) to work on /home/linuxadmin/.local/lib/python3.6/site-packages/airflow/example_dags/example_branch_operator.py
[2021-11-02 15:57:35,033] {processor.py:620} INFO - Processing file /home/linuxadmin/.local/lib/python3.6/site-packages/airflow/example_dags/example_branch_operator.py for tasks to queue
[2021-11-02 15:57:35,034] {logging_mixin.py:109} INFO - [2021-11-02 15:57:35,034] {dagbag.py:500} INFO - Filling up the DagBag from /home/linuxadmin/.local/lib/python3.6/site-packages/airflow/example_dags/example_branch_operator.py
[2021-11-02 15:57:35,078] {processor.py:632} INFO - DAG(s) dict_keys(['example_branch_operator']) retrieved from /home/linuxadmin/.local/lib/python3.6/site-packages/airflow/example_dags/example_branch_operator.py
[2021-11-02 15:57:35,095] {logging_mixin.py:109} INFO - [2021-11-02 15:57:35,094] {dag.py:2389} INFO - Sync 1 DAGs
[2021-11-02 15:57:35,125] {logging_mixin.py:109} INFO - [2021-11-02 15:57:35,124] {dag.py:2921} INFO - Setting next_dagrun for example_branch_operator to 2021-11-01 00:00:00+00:00
[2021-11-02 15:57:35,138] {processor.py:171} INFO - Processing /home/linuxadmin/.local/lib/python3.6/site-packages/airflow/example_dags/example_branch_operator.py took 0.111 seconds
[2021-11-02 15:57:39,095] {processor.py:163} INFO - Started process (PID=179027) to work on /home/linuxadmin/.local/lib/python3.6/site-packages/airflow/example_dags/example_branch_operator.py
[2021-11-02 15:57:39,096] {processor.py:620} INFO - Processing file /home/linuxadmin/.local/lib/python3.6/site-packages/airflow/example_dags/example_branch_operator.py for tasks to queue
[2021-11-02 15:57:39,097] {logging_mixin.py:109} INFO - [2021-11-02 15:57:39,097] {dagbag.py:500} INFO - Filling up the DagBag from /home/linuxadmin/.local/lib/python3.6/site-packages/airflow/example_dags/example_branch_operator.py
[2021-11-02 15:57:39,142] {processor.py:632} INFO - DAG(s) dict_keys(['example_branch_operator']) retrieved from /home/linuxadmin/.local/lib/python3.6/site-packages/airflow/example_dags/example_branch_operator.py
[2021-11-02 15:57:39,156] {logging_mixin.py:109} INFO - [2021-11-02 15:57:39,156] {dag.py:2389} INFO - Sync 1 DAGs
[2021-11-02 15:57:39,183] {logging_mixin.py:109} INFO - [2021-11-02 15:57:39,183] {dag.py:2921} INFO - Setting next_dagrun for example_branch_operator to 2021-11-01 00:00:00+00:00
[2021-11-02 15:57:39,196] {processor.py:171} INFO - Processing /home/linuxadmin/.local/lib/python3.6/site-packages/airflow/example_dags/example_branch_operator.py took 0.106 seconds
[2021-11-02 15:57:43,674] {processor.py:163} INFO - Started process (PID=179148) to work on /home/linuxadmin/.local/lib/python3.6/site-packages/airflow/example_dags/example_branch_operator.py
[2021-11-02 15:57:43,676] {processor.py:620} INFO - Processing file /home/linuxadmin/.local/lib/python3.6/site-packages/airflow/example_dags/example_branch_operator.py for tasks to queue
[2021-11-02 15:57:43,677] {logging_mixin.py:109} INFO - [2021-11-02 15:57:43,677] {dagbag.py:500} INFO - Filling up the DagBag from /home/linuxadmin/.local/lib/python3.6/site-packages/airflow/example_dags/example_branch_operator.py
[2021-11-02 15:57:43,726] {processor.py:632} INFO - DAG(s) dict_keys(['example_branch_operator']) retrieved from /home/linuxadmin/.local/lib/python3.6/site-packages/airflow/example_dags/example_branch_operator.py
[2021-11-02 15:57:43,746] {logging_mixin.py:109} INFO - [2021-11-02 15:57:43,746] {dag.py:2389} INFO - Sync 1 DAGs
[2021-11-02 15:57:43,786] {logging_mixin.py:109} INFO - [2021-11-02 15:57:43,786] {dag.py:2921} INFO - Setting next_dagrun for example_branch_operator to 2021-11-01 00:00:00+00:00
[2021-11-02 15:57:43,799] {processor.py:171} INFO - Processing /home/linuxadmin/.local/lib/python3.6/site-packages/airflow/example_dags/example_branch_operator.py took 0.131 seconds
[2021-11-02 15:57:47,969] {processor.py:163} INFO - Started process (PID=179267) to work on /home/linuxadmin/.local/lib/python3.6/site-packages/airflow/example_dags/example_branch_operator.py
[2021-11-02 15:57:47,970] {processor.py:620} INFO - Processing file /home/linuxadmin/.local/lib/python3.6/site-packages/airflow/example_dags/example_branch_operator.py for tasks to queue
[2021-11-02 15:57:47,971] {logging_mixin.py:109} INFO - [2021-11-02 15:57:47,970] {dagbag.py:500} INFO - Filling up the DagBag from /home/linuxadmin/.local/lib/python3.6/site-packages/airflow/example_dags/example_branch_operator.py
[2021-11-02 15:57:48,040] {processor.py:632} INFO - DAG(s) dict_keys(['example_branch_operator']) retrieved from /home/linuxadmin/.local/lib/python3.6/site-packages/airflow/example_dags/example_branch_operator.py
[2021-11-02 15:57:48,059] {logging_mixin.py:109} INFO - [2021-11-02 15:57:48,059] {dag.py:2389} INFO - Sync 1 DAGs
[2021-11-02 15:57:48,092] {logging_mixin.py:109} INFO - [2021-11-02 15:57:48,092] {dag.py:2921} INFO - Setting next_dagrun for example_branch_operator to 2021-11-01 00:00:00+00:00
[2021-11-02 15:57:48,105] {processor.py:171} INFO - Processing /home/linuxadmin/.local/lib/python3.6/site-packages/airflow/example_dags/example_branch_operator.py took 0.140 seconds
[2021-11-02 15:57:52,761] {processor.py:163} INFO - Started process (PID=179392) to work on /home/linuxadmin/.local/lib/python3.6/site-packages/airflow/example_dags/example_branch_operator.py
[2021-11-02 15:57:52,763] {processor.py:620} INFO - Processing file /home/linuxadmin/.local/lib/python3.6/site-packages/airflow/example_dags/example_branch_operator.py for tasks to queue
[2021-11-02 15:57:52,764] {logging_mixin.py:109} INFO - [2021-11-02 15:57:52,763] {dagbag.py:500} INFO - Filling up the DagBag from /home/linuxadmin/.local/lib/python3.6/site-packages/airflow/example_dags/example_branch_operator.py
[2021-11-02 15:57:52,810] {processor.py:632} INFO - DAG(s) dict_keys(['example_branch_operator']) retrieved from /home/linuxadmin/.local/lib/python3.6/site-packages/airflow/example_dags/example_branch_operator.py
[2021-11-02 15:57:52,827] {logging_mixin.py:109} INFO - [2021-11-02 15:57:52,827] {dag.py:2389} INFO - Sync 1 DAGs
[2021-11-02 15:57:52,859] {logging_mixin.py:109} INFO - [2021-11-02 15:57:52,858] {dag.py:2921} INFO - Setting next_dagrun for example_branch_operator to 2021-11-01 00:00:00+00:00
[2021-11-02 15:57:52,872] {processor.py:171} INFO - Processing /home/linuxadmin/.local/lib/python3.6/site-packages/airflow/example_dags/example_branch_operator.py took 0.116 seconds
[2021-11-02 15:57:58,036] {processor.py:163} INFO - Started process (PID=179517) to work on /home/linuxadmin/.local/lib/python3.6/site-packages/airflow/example_dags/example_branch_operator.py
[2021-11-02 15:57:58,038] {processor.py:620} INFO - Processing file /home/linuxadmin/.local/lib/python3.6/site-packages/airflow/example_dags/example_branch_operator.py for tasks to queue
[2021-11-02 15:57:58,039] {logging_mixin.py:109} INFO - [2021-11-02 15:57:58,038] {dagbag.py:500} INFO - Filling up the DagBag from /home/linuxadmin/.local/lib/python3.6/site-packages/airflow/example_dags/example_branch_operator.py
[2021-11-02 15:57:58,079] {processor.py:632} INFO - DAG(s) dict_keys(['example_branch_operator']) retrieved from /home/linuxadmin/.local/lib/python3.6/site-packages/airflow/example_dags/example_branch_operator.py
[2021-11-02 15:57:58,093] {logging_mixin.py:109} INFO - [2021-11-02 15:57:58,092] {dag.py:2389} INFO - Sync 1 DAGs
[2021-11-02 15:57:58,117] {logging_mixin.py:109} INFO - [2021-11-02 15:57:58,117] {dag.py:2921} INFO - Setting next_dagrun for example_branch_operator to 2021-11-01 00:00:00+00:00
[2021-11-02 15:57:58,129] {processor.py:171} INFO - Processing /home/linuxadmin/.local/lib/python3.6/site-packages/airflow/example_dags/example_branch_operator.py took 0.098 seconds
[2021-11-02 15:58:02,258] {processor.py:163} INFO - Started process (PID=179638) to work on /home/linuxadmin/.local/lib/python3.6/site-packages/airflow/example_dags/example_branch_operator.py
[2021-11-02 15:58:02,259] {processor.py:620} INFO - Processing file /home/linuxadmin/.local/lib/python3.6/site-packages/airflow/example_dags/example_branch_operator.py for tasks to queue
[2021-11-02 15:58:02,260] {logging_mixin.py:109} INFO - [2021-11-02 15:58:02,260] {dagbag.py:500} INFO - Filling up the DagBag from /home/linuxadmin/.local/lib/python3.6/site-packages/airflow/example_dags/example_branch_operator.py
[2021-11-02 15:58:02,299] {processor.py:632} INFO - DAG(s) dict_keys(['example_branch_operator']) retrieved from /home/linuxadmin/.local/lib/python3.6/site-packages/airflow/example_dags/example_branch_operator.py
[2021-11-02 15:58:02,312] {logging_mixin.py:109} INFO - [2021-11-02 15:58:02,312] {dag.py:2389} INFO - Sync 1 DAGs
[2021-11-02 15:58:02,335] {logging_mixin.py:109} INFO - [2021-11-02 15:58:02,335] {dag.py:2921} INFO - Setting next_dagrun for example_branch_operator to 2021-11-01 00:00:00+00:00
[2021-11-02 15:58:02,349] {processor.py:171} INFO - Processing /home/linuxadmin/.local/lib/python3.6/site-packages/airflow/example_dags/example_branch_operator.py took 0.094 seconds
[2021-11-02 15:58:06,596] {processor.py:163} INFO - Started process (PID=179759) to work on /home/linuxadmin/.local/lib/python3.6/site-packages/airflow/example_dags/example_branch_operator.py
[2021-11-02 15:58:06,597] {processor.py:620} INFO - Processing file /home/linuxadmin/.local/lib/python3.6/site-packages/airflow/example_dags/example_branch_operator.py for tasks to queue
[2021-11-02 15:58:06,598] {logging_mixin.py:109} INFO - [2021-11-02 15:58:06,598] {dagbag.py:500} INFO - Filling up the DagBag from /home/linuxadmin/.local/lib/python3.6/site-packages/airflow/example_dags/example_branch_operator.py
[2021-11-02 15:58:06,647] {processor.py:632} INFO - DAG(s) dict_keys(['example_branch_operator']) retrieved from /home/linuxadmin/.local/lib/python3.6/site-packages/airflow/example_dags/example_branch_operator.py
[2021-11-02 15:58:06,661] {logging_mixin.py:109} INFO - [2021-11-02 15:58:06,661] {dag.py:2389} INFO - Sync 1 DAGs
[2021-11-02 15:58:06,694] {logging_mixin.py:109} INFO - [2021-11-02 15:58:06,694] {dag.py:2921} INFO - Setting next_dagrun for example_branch_operator to 2021-11-01 00:00:00+00:00
[2021-11-02 15:58:06,709] {processor.py:171} INFO - Processing /home/linuxadmin/.local/lib/python3.6/site-packages/airflow/example_dags/example_branch_operator.py took 0.118 seconds
[2021-11-02 15:58:11,147] {processor.py:163} INFO - Started process (PID=179879) to work on /home/linuxadmin/.local/lib/python3.6/site-packages/airflow/example_dags/example_branch_operator.py
[2021-11-02 15:58:11,148] {processor.py:620} INFO - Processing file /home/linuxadmin/.local/lib/python3.6/site-packages/airflow/example_dags/example_branch_operator.py for tasks to queue
[2021-11-02 15:58:11,149] {logging_mixin.py:109} INFO - [2021-11-02 15:58:11,149] {dagbag.py:500} INFO - Filling up the DagBag from /home/linuxadmin/.local/lib/python3.6/site-packages/airflow/example_dags/example_branch_operator.py
[2021-11-02 15:58:11,195] {processor.py:632} INFO - DAG(s) dict_keys(['example_branch_operator']) retrieved from /home/linuxadmin/.local/lib/python3.6/site-packages/airflow/example_dags/example_branch_operator.py
[2021-11-02 15:58:11,210] {logging_mixin.py:109} INFO - [2021-11-02 15:58:11,210] {dag.py:2389} INFO - Sync 1 DAGs
[2021-11-02 15:58:11,235] {logging_mixin.py:109} INFO - [2021-11-02 15:58:11,235] {dag.py:2921} INFO - Setting next_dagrun for example_branch_operator to 2021-11-01 00:00:00+00:00
[2021-11-02 15:58:11,248] {processor.py:171} INFO - Processing /home/linuxadmin/.local/lib/python3.6/site-packages/airflow/example_dags/example_branch_operator.py took 0.106 seconds
[2021-11-02 15:58:16,083] {processor.py:163} INFO - Started process (PID=180002) to work on /home/linuxadmin/.local/lib/python3.6/site-packages/airflow/example_dags/example_branch_operator.py
[2021-11-02 15:58:16,084] {processor.py:620} INFO - Processing file /home/linuxadmin/.local/lib/python3.6/site-packages/airflow/example_dags/example_branch_operator.py for tasks to queue
[2021-11-02 15:58:16,086] {logging_mixin.py:109} INFO - [2021-11-02 15:58:16,085] {dagbag.py:500} INFO - Filling up the DagBag from /home/linuxadmin/.local/lib/python3.6/site-packages/airflow/example_dags/example_branch_operator.py
[2021-11-02 15:58:16,138] {processor.py:632} INFO - DAG(s) dict_keys(['example_branch_operator']) retrieved from /home/linuxadmin/.local/lib/python3.6/site-packages/airflow/example_dags/example_branch_operator.py
[2021-11-02 15:58:16,156] {logging_mixin.py:109} INFO - [2021-11-02 15:58:16,156] {dag.py:2389} INFO - Sync 1 DAGs
[2021-11-02 15:58:16,191] {logging_mixin.py:109} INFO - [2021-11-02 15:58:16,191] {dag.py:2921} INFO - Setting next_dagrun for example_branch_operator to 2021-11-01 00:00:00+00:00
[2021-11-02 15:58:16,203] {processor.py:171} INFO - Processing /home/linuxadmin/.local/lib/python3.6/site-packages/airflow/example_dags/example_branch_operator.py took 0.127 seconds
[2021-11-02 15:58:20,432] {processor.py:163} INFO - Started process (PID=180127) to work on /home/linuxadmin/.local/lib/python3.6/site-packages/airflow/example_dags/example_branch_operator.py
[2021-11-02 15:58:20,435] {processor.py:620} INFO - Processing file /home/linuxadmin/.local/lib/python3.6/site-packages/airflow/example_dags/example_branch_operator.py for tasks to queue
[2021-11-02 15:58:20,436] {logging_mixin.py:109} INFO - [2021-11-02 15:58:20,436] {dagbag.py:500} INFO - Filling up the DagBag from /home/linuxadmin/.local/lib/python3.6/site-packages/airflow/example_dags/example_branch_operator.py
[2021-11-02 15:58:20,487] {processor.py:632} INFO - DAG(s) dict_keys(['example_branch_operator']) retrieved from /home/linuxadmin/.local/lib/python3.6/site-packages/airflow/example_dags/example_branch_operator.py
[2021-11-02 15:58:20,505] {logging_mixin.py:109} INFO - [2021-11-02 15:58:20,505] {dag.py:2389} INFO - Sync 1 DAGs
[2021-11-02 15:58:20,538] {logging_mixin.py:109} INFO - [2021-11-02 15:58:20,538] {dag.py:2921} INFO - Setting next_dagrun for example_branch_operator to 2021-11-01 00:00:00+00:00
[2021-11-02 15:58:20,553] {processor.py:171} INFO - Processing /home/linuxadmin/.local/lib/python3.6/site-packages/airflow/example_dags/example_branch_operator.py took 0.127 seconds
[2021-11-02 15:58:24,458] {processor.py:163} INFO - Started process (PID=180246) to work on /home/linuxadmin/.local/lib/python3.6/site-packages/airflow/example_dags/example_branch_operator.py
[2021-11-02 15:58:24,459] {processor.py:620} INFO - Processing file /home/linuxadmin/.local/lib/python3.6/site-packages/airflow/example_dags/example_branch_operator.py for tasks to queue
[2021-11-02 15:58:24,460] {logging_mixin.py:109} INFO - [2021-11-02 15:58:24,460] {dagbag.py:500} INFO - Filling up the DagBag from /home/linuxadmin/.local/lib/python3.6/site-packages/airflow/example_dags/example_branch_operator.py
[2021-11-02 15:58:24,503] {processor.py:632} INFO - DAG(s) dict_keys(['example_branch_operator']) retrieved from /home/linuxadmin/.local/lib/python3.6/site-packages/airflow/example_dags/example_branch_operator.py
[2021-11-02 15:58:24,516] {logging_mixin.py:109} INFO - [2021-11-02 15:58:24,516] {dag.py:2389} INFO - Sync 1 DAGs
[2021-11-02 15:58:24,544] {logging_mixin.py:109} INFO - [2021-11-02 15:58:24,544] {dag.py:2921} INFO - Setting next_dagrun for example_branch_operator to 2021-11-01 00:00:00+00:00
[2021-11-02 15:58:24,557] {processor.py:171} INFO - Processing /home/linuxadmin/.local/lib/python3.6/site-packages/airflow/example_dags/example_branch_operator.py took 0.105 seconds
[2021-11-02 15:58:29,872] {processor.py:163} INFO - Started process (PID=180369) to work on /home/linuxadmin/.local/lib/python3.6/site-packages/airflow/example_dags/example_branch_operator.py
[2021-11-02 15:58:29,874] {processor.py:620} INFO - Processing file /home/linuxadmin/.local/lib/python3.6/site-packages/airflow/example_dags/example_branch_operator.py for tasks to queue
[2021-11-02 15:58:29,874] {logging_mixin.py:109} INFO - [2021-11-02 15:58:29,874] {dagbag.py:500} INFO - Filling up the DagBag from /home/linuxadmin/.local/lib/python3.6/site-packages/airflow/example_dags/example_branch_operator.py
[2021-11-02 15:58:29,922] {processor.py:632} INFO - DAG(s) dict_keys(['example_branch_operator']) retrieved from /home/linuxadmin/.local/lib/python3.6/site-packages/airflow/example_dags/example_branch_operator.py
[2021-11-02 15:58:29,949] {logging_mixin.py:109} INFO - [2021-11-02 15:58:29,948] {dag.py:2389} INFO - Sync 1 DAGs
[2021-11-02 15:58:29,977] {logging_mixin.py:109} INFO - [2021-11-02 15:58:29,977] {dag.py:2921} INFO - Setting next_dagrun for example_branch_operator to 2021-11-01 00:00:00+00:00
[2021-11-02 15:58:29,987] {processor.py:171} INFO - Processing /home/linuxadmin/.local/lib/python3.6/site-packages/airflow/example_dags/example_branch_operator.py took 0.121 seconds
[2021-11-02 15:58:34,168] {processor.py:163} INFO - Started process (PID=180488) to work on /home/linuxadmin/.local/lib/python3.6/site-packages/airflow/example_dags/example_branch_operator.py
[2021-11-02 15:58:34,169] {processor.py:620} INFO - Processing file /home/linuxadmin/.local/lib/python3.6/site-packages/airflow/example_dags/example_branch_operator.py for tasks to queue
[2021-11-02 15:58:34,170] {logging_mixin.py:109} INFO - [2021-11-02 15:58:34,170] {dagbag.py:500} INFO - Filling up the DagBag from /home/linuxadmin/.local/lib/python3.6/site-packages/airflow/example_dags/example_branch_operator.py
[2021-11-02 15:58:34,209] {processor.py:632} INFO - DAG(s) dict_keys(['example_branch_operator']) retrieved from /home/linuxadmin/.local/lib/python3.6/site-packages/airflow/example_dags/example_branch_operator.py
[2021-11-02 15:58:34,223] {logging_mixin.py:109} INFO - [2021-11-02 15:58:34,222] {dag.py:2389} INFO - Sync 1 DAGs
[2021-11-02 15:58:34,250] {logging_mixin.py:109} INFO - [2021-11-02 15:58:34,250] {dag.py:2921} INFO - Setting next_dagrun for example_branch_operator to 2021-11-01 00:00:00+00:00
[2021-11-02 15:58:34,264] {processor.py:171} INFO - Processing /home/linuxadmin/.local/lib/python3.6/site-packages/airflow/example_dags/example_branch_operator.py took 0.099 seconds
[2021-11-02 15:58:38,897] {processor.py:163} INFO - Started process (PID=180612) to work on /home/linuxadmin/.local/lib/python3.6/site-packages/airflow/example_dags/example_branch_operator.py
[2021-11-02 15:58:38,899] {processor.py:620} INFO - Processing file /home/linuxadmin/.local/lib/python3.6/site-packages/airflow/example_dags/example_branch_operator.py for tasks to queue
[2021-11-02 15:58:38,899] {logging_mixin.py:109} INFO - [2021-11-02 15:58:38,899] {dagbag.py:500} INFO - Filling up the DagBag from /home/linuxadmin/.local/lib/python3.6/site-packages/airflow/example_dags/example_branch_operator.py
[2021-11-02 15:58:38,948] {processor.py:632} INFO - DAG(s) dict_keys(['example_branch_operator']) retrieved from /home/linuxadmin/.local/lib/python3.6/site-packages/airflow/example_dags/example_branch_operator.py
[2021-11-02 15:58:38,971] {logging_mixin.py:109} INFO - [2021-11-02 15:58:38,971] {dag.py:2389} INFO - Sync 1 DAGs
[2021-11-02 15:58:39,006] {logging_mixin.py:109} INFO - [2021-11-02 15:58:39,006] {dag.py:2921} INFO - Setting next_dagrun for example_branch_operator to 2021-11-01 00:00:00+00:00
[2021-11-02 15:58:39,024] {processor.py:171} INFO - Processing /home/linuxadmin/.local/lib/python3.6/site-packages/airflow/example_dags/example_branch_operator.py took 0.132 seconds
[2021-11-02 15:58:42,985] {processor.py:163} INFO - Started process (PID=180731) to work on /home/linuxadmin/.local/lib/python3.6/site-packages/airflow/example_dags/example_branch_operator.py
[2021-11-02 15:58:42,986] {processor.py:620} INFO - Processing file /home/linuxadmin/.local/lib/python3.6/site-packages/airflow/example_dags/example_branch_operator.py for tasks to queue
[2021-11-02 15:58:42,987] {logging_mixin.py:109} INFO - [2021-11-02 15:58:42,987] {dagbag.py:500} INFO - Filling up the DagBag from /home/linuxadmin/.local/lib/python3.6/site-packages/airflow/example_dags/example_branch_operator.py
[2021-11-02 15:58:43,035] {processor.py:632} INFO - DAG(s) dict_keys(['example_branch_operator']) retrieved from /home/linuxadmin/.local/lib/python3.6/site-packages/airflow/example_dags/example_branch_operator.py
[2021-11-02 15:58:43,048] {logging_mixin.py:109} INFO - [2021-11-02 15:58:43,048] {dag.py:2389} INFO - Sync 1 DAGs
[2021-11-02 15:58:43,071] {logging_mixin.py:109} INFO - [2021-11-02 15:58:43,071] {dag.py:2921} INFO - Setting next_dagrun for example_branch_operator to 2021-11-01 00:00:00+00:00
[2021-11-02 15:58:43,087] {processor.py:171} INFO - Processing /home/linuxadmin/.local/lib/python3.6/site-packages/airflow/example_dags/example_branch_operator.py took 0.107 seconds
[2021-11-02 15:58:47,435] {processor.py:163} INFO - Started process (PID=180854) to work on /home/linuxadmin/.local/lib/python3.6/site-packages/airflow/example_dags/example_branch_operator.py
[2021-11-02 15:58:47,436] {processor.py:620} INFO - Processing file /home/linuxadmin/.local/lib/python3.6/site-packages/airflow/example_dags/example_branch_operator.py for tasks to queue
[2021-11-02 15:58:47,437] {logging_mixin.py:109} INFO - [2021-11-02 15:58:47,437] {dagbag.py:500} INFO - Filling up the DagBag from /home/linuxadmin/.local/lib/python3.6/site-packages/airflow/example_dags/example_branch_operator.py
[2021-11-02 15:58:47,481] {processor.py:632} INFO - DAG(s) dict_keys(['example_branch_operator']) retrieved from /home/linuxadmin/.local/lib/python3.6/site-packages/airflow/example_dags/example_branch_operator.py
[2021-11-02 15:58:47,495] {logging_mixin.py:109} INFO - [2021-11-02 15:58:47,494] {dag.py:2389} INFO - Sync 1 DAGs
[2021-11-02 15:58:47,520] {logging_mixin.py:109} INFO - [2021-11-02 15:58:47,520] {dag.py:2921} INFO - Setting next_dagrun for example_branch_operator to 2021-11-01 00:00:00+00:00
[2021-11-02 15:58:47,531] {processor.py:171} INFO - Processing /home/linuxadmin/.local/lib/python3.6/site-packages/airflow/example_dags/example_branch_operator.py took 0.101 seconds
[2021-11-02 15:58:51,372] {processor.py:163} INFO - Started process (PID=180975) to work on /home/linuxadmin/.local/lib/python3.6/site-packages/airflow/example_dags/example_branch_operator.py
[2021-11-02 15:58:51,374] {processor.py:620} INFO - Processing file /home/linuxadmin/.local/lib/python3.6/site-packages/airflow/example_dags/example_branch_operator.py for tasks to queue
[2021-11-02 15:58:51,374] {logging_mixin.py:109} INFO - [2021-11-02 15:58:51,374] {dagbag.py:500} INFO - Filling up the DagBag from /home/linuxadmin/.local/lib/python3.6/site-packages/airflow/example_dags/example_branch_operator.py
[2021-11-02 15:58:51,418] {processor.py:632} INFO - DAG(s) dict_keys(['example_branch_operator']) retrieved from /home/linuxadmin/.local/lib/python3.6/site-packages/airflow/example_dags/example_branch_operator.py
[2021-11-02 15:58:51,431] {logging_mixin.py:109} INFO - [2021-11-02 15:58:51,431] {dag.py:2389} INFO - Sync 1 DAGs
[2021-11-02 15:58:51,455] {logging_mixin.py:109} INFO - [2021-11-02 15:58:51,455] {dag.py:2921} INFO - Setting next_dagrun for example_branch_operator to 2021-11-01 00:00:00+00:00
[2021-11-02 15:58:51,466] {processor.py:171} INFO - Processing /home/linuxadmin/.local/lib/python3.6/site-packages/airflow/example_dags/example_branch_operator.py took 0.098 seconds
[2021-11-02 15:58:55,802] {processor.py:163} INFO - Started process (PID=181097) to work on /home/linuxadmin/.local/lib/python3.6/site-packages/airflow/example_dags/example_branch_operator.py
[2021-11-02 15:58:55,804] {processor.py:620} INFO - Processing file /home/linuxadmin/.local/lib/python3.6/site-packages/airflow/example_dags/example_branch_operator.py for tasks to queue
[2021-11-02 15:58:55,805] {logging_mixin.py:109} INFO - [2021-11-02 15:58:55,805] {dagbag.py:500} INFO - Filling up the DagBag from /home/linuxadmin/.local/lib/python3.6/site-packages/airflow/example_dags/example_branch_operator.py
[2021-11-02 15:58:55,843] {processor.py:632} INFO - DAG(s) dict_keys(['example_branch_operator']) retrieved from /home/linuxadmin/.local/lib/python3.6/site-packages/airflow/example_dags/example_branch_operator.py
[2021-11-02 15:58:55,862] {logging_mixin.py:109} INFO - [2021-11-02 15:58:55,862] {dag.py:2389} INFO - Sync 1 DAGs
[2021-11-02 15:58:55,886] {logging_mixin.py:109} INFO - [2021-11-02 15:58:55,886] {dag.py:2921} INFO - Setting next_dagrun for example_branch_operator to 2021-11-01 00:00:00+00:00
[2021-11-02 15:58:55,900] {processor.py:171} INFO - Processing /home/linuxadmin/.local/lib/python3.6/site-packages/airflow/example_dags/example_branch_operator.py took 0.103 seconds
[2021-11-02 15:59:00,609] {processor.py:163} INFO - Started process (PID=181216) to work on /home/linuxadmin/.local/lib/python3.6/site-packages/airflow/example_dags/example_branch_operator.py
[2021-11-02 15:59:00,611] {processor.py:620} INFO - Processing file /home/linuxadmin/.local/lib/python3.6/site-packages/airflow/example_dags/example_branch_operator.py for tasks to queue
[2021-11-02 15:59:00,612] {logging_mixin.py:109} INFO - [2021-11-02 15:59:00,612] {dagbag.py:500} INFO - Filling up the DagBag from /home/linuxadmin/.local/lib/python3.6/site-packages/airflow/example_dags/example_branch_operator.py
[2021-11-02 15:59:00,660] {processor.py:632} INFO - DAG(s) dict_keys(['example_branch_operator']) retrieved from /home/linuxadmin/.local/lib/python3.6/site-packages/airflow/example_dags/example_branch_operator.py
[2021-11-02 15:59:00,678] {logging_mixin.py:109} INFO - [2021-11-02 15:59:00,678] {dag.py:2389} INFO - Sync 1 DAGs
[2021-11-02 15:59:00,709] {logging_mixin.py:109} INFO - [2021-11-02 15:59:00,709] {dag.py:2921} INFO - Setting next_dagrun for example_branch_operator to 2021-11-01 00:00:00+00:00
[2021-11-02 15:59:00,723] {processor.py:171} INFO - Processing /home/linuxadmin/.local/lib/python3.6/site-packages/airflow/example_dags/example_branch_operator.py took 0.119 seconds
[2021-11-02 15:59:05,931] {processor.py:163} INFO - Started process (PID=181342) to work on /home/linuxadmin/.local/lib/python3.6/site-packages/airflow/example_dags/example_branch_operator.py
[2021-11-02 15:59:05,933] {processor.py:620} INFO - Processing file /home/linuxadmin/.local/lib/python3.6/site-packages/airflow/example_dags/example_branch_operator.py for tasks to queue
[2021-11-02 15:59:05,934] {logging_mixin.py:109} INFO - [2021-11-02 15:59:05,933] {dagbag.py:500} INFO - Filling up the DagBag from /home/linuxadmin/.local/lib/python3.6/site-packages/airflow/example_dags/example_branch_operator.py
[2021-11-02 15:59:05,980] {processor.py:632} INFO - DAG(s) dict_keys(['example_branch_operator']) retrieved from /home/linuxadmin/.local/lib/python3.6/site-packages/airflow/example_dags/example_branch_operator.py
[2021-11-02 15:59:05,999] {logging_mixin.py:109} INFO - [2021-11-02 15:59:05,999] {dag.py:2389} INFO - Sync 1 DAGs
[2021-11-02 15:59:06,039] {logging_mixin.py:109} INFO - [2021-11-02 15:59:06,039] {dag.py:2921} INFO - Setting next_dagrun for example_branch_operator to 2021-11-01 00:00:00+00:00
[2021-11-02 15:59:06,054] {processor.py:171} INFO - Processing /home/linuxadmin/.local/lib/python3.6/site-packages/airflow/example_dags/example_branch_operator.py took 0.127 seconds
[2021-11-02 15:59:10,058] {processor.py:163} INFO - Started process (PID=181463) to work on /home/linuxadmin/.local/lib/python3.6/site-packages/airflow/example_dags/example_branch_operator.py
[2021-11-02 15:59:10,060] {processor.py:620} INFO - Processing file /home/linuxadmin/.local/lib/python3.6/site-packages/airflow/example_dags/example_branch_operator.py for tasks to queue
[2021-11-02 15:59:10,061] {logging_mixin.py:109} INFO - [2021-11-02 15:59:10,060] {dagbag.py:500} INFO - Filling up the DagBag from /home/linuxadmin/.local/lib/python3.6/site-packages/airflow/example_dags/example_branch_operator.py
[2021-11-02 15:59:10,117] {processor.py:632} INFO - DAG(s) dict_keys(['example_branch_operator']) retrieved from /home/linuxadmin/.local/lib/python3.6/site-packages/airflow/example_dags/example_branch_operator.py
[2021-11-02 15:59:10,134] {logging_mixin.py:109} INFO - [2021-11-02 15:59:10,134] {dag.py:2389} INFO - Sync 1 DAGs
[2021-11-02 15:59:10,167] {logging_mixin.py:109} INFO - [2021-11-02 15:59:10,167] {dag.py:2921} INFO - Setting next_dagrun for example_branch_operator to 2021-11-01 00:00:00+00:00
[2021-11-02 15:59:10,179] {processor.py:171} INFO - Processing /home/linuxadmin/.local/lib/python3.6/site-packages/airflow/example_dags/example_branch_operator.py took 0.126 seconds
