[2021-11-02 15:55:19,458] {processor.py:163} INFO - Started process (PID=175253) to work on /home/linuxadmin/.local/lib/python3.6/site-packages/airflow/example_dags/example_trigger_controller_dag.py
[2021-11-02 15:55:19,459] {processor.py:620} INFO - Processing file /home/linuxadmin/.local/lib/python3.6/site-packages/airflow/example_dags/example_trigger_controller_dag.py for tasks to queue
[2021-11-02 15:55:19,460] {logging_mixin.py:109} INFO - [2021-11-02 15:55:19,460] {dagbag.py:500} INFO - Filling up the DagBag from /home/linuxadmin/.local/lib/python3.6/site-packages/airflow/example_dags/example_trigger_controller_dag.py
[2021-11-02 15:55:19,501] {processor.py:632} INFO - DAG(s) dict_keys(['example_trigger_controller_dag']) retrieved from /home/linuxadmin/.local/lib/python3.6/site-packages/airflow/example_dags/example_trigger_controller_dag.py
[2021-11-02 15:55:19,514] {logging_mixin.py:109} INFO - [2021-11-02 15:55:19,513] {dag.py:2389} INFO - Sync 1 DAGs
[2021-11-02 15:55:19,547] {logging_mixin.py:109} INFO - [2021-11-02 15:55:19,547] {dag.py:2921} INFO - Setting next_dagrun for example_trigger_controller_dag to 2021-01-01T00:00:00+00:00
[2021-11-02 15:55:19,563] {processor.py:171} INFO - Processing /home/linuxadmin/.local/lib/python3.6/site-packages/airflow/example_dags/example_trigger_controller_dag.py took 0.112 seconds
[2021-11-02 15:55:24,017] {processor.py:163} INFO - Started process (PID=175378) to work on /home/linuxadmin/.local/lib/python3.6/site-packages/airflow/example_dags/example_trigger_controller_dag.py
[2021-11-02 15:55:24,018] {processor.py:620} INFO - Processing file /home/linuxadmin/.local/lib/python3.6/site-packages/airflow/example_dags/example_trigger_controller_dag.py for tasks to queue
[2021-11-02 15:55:24,019] {logging_mixin.py:109} INFO - [2021-11-02 15:55:24,019] {dagbag.py:500} INFO - Filling up the DagBag from /home/linuxadmin/.local/lib/python3.6/site-packages/airflow/example_dags/example_trigger_controller_dag.py
[2021-11-02 15:55:24,054] {processor.py:632} INFO - DAG(s) dict_keys(['example_trigger_controller_dag']) retrieved from /home/linuxadmin/.local/lib/python3.6/site-packages/airflow/example_dags/example_trigger_controller_dag.py
[2021-11-02 15:55:24,067] {logging_mixin.py:109} INFO - [2021-11-02 15:55:24,066] {dag.py:2389} INFO - Sync 1 DAGs
[2021-11-02 15:55:24,090] {logging_mixin.py:109} INFO - [2021-11-02 15:55:24,090] {dag.py:2921} INFO - Setting next_dagrun for example_trigger_controller_dag to 2021-01-01T00:00:00+00:00
[2021-11-02 15:55:24,103] {processor.py:171} INFO - Processing /home/linuxadmin/.local/lib/python3.6/site-packages/airflow/example_dags/example_trigger_controller_dag.py took 0.092 seconds
[2021-11-02 15:55:28,240] {processor.py:163} INFO - Started process (PID=175496) to work on /home/linuxadmin/.local/lib/python3.6/site-packages/airflow/example_dags/example_trigger_controller_dag.py
[2021-11-02 15:55:28,241] {processor.py:620} INFO - Processing file /home/linuxadmin/.local/lib/python3.6/site-packages/airflow/example_dags/example_trigger_controller_dag.py for tasks to queue
[2021-11-02 15:55:28,242] {logging_mixin.py:109} INFO - [2021-11-02 15:55:28,242] {dagbag.py:500} INFO - Filling up the DagBag from /home/linuxadmin/.local/lib/python3.6/site-packages/airflow/example_dags/example_trigger_controller_dag.py
[2021-11-02 15:55:28,276] {processor.py:632} INFO - DAG(s) dict_keys(['example_trigger_controller_dag']) retrieved from /home/linuxadmin/.local/lib/python3.6/site-packages/airflow/example_dags/example_trigger_controller_dag.py
[2021-11-02 15:55:28,290] {logging_mixin.py:109} INFO - [2021-11-02 15:55:28,289] {dag.py:2389} INFO - Sync 1 DAGs
[2021-11-02 15:55:28,318] {logging_mixin.py:109} INFO - [2021-11-02 15:55:28,318] {dag.py:2921} INFO - Setting next_dagrun for example_trigger_controller_dag to 2021-01-01T00:00:00+00:00
[2021-11-02 15:55:28,330] {processor.py:171} INFO - Processing /home/linuxadmin/.local/lib/python3.6/site-packages/airflow/example_dags/example_trigger_controller_dag.py took 0.095 seconds
[2021-11-02 15:55:32,768] {processor.py:163} INFO - Started process (PID=175620) to work on /home/linuxadmin/.local/lib/python3.6/site-packages/airflow/example_dags/example_trigger_controller_dag.py
[2021-11-02 15:55:32,769] {processor.py:620} INFO - Processing file /home/linuxadmin/.local/lib/python3.6/site-packages/airflow/example_dags/example_trigger_controller_dag.py for tasks to queue
[2021-11-02 15:55:32,770] {logging_mixin.py:109} INFO - [2021-11-02 15:55:32,770] {dagbag.py:500} INFO - Filling up the DagBag from /home/linuxadmin/.local/lib/python3.6/site-packages/airflow/example_dags/example_trigger_controller_dag.py
[2021-11-02 15:55:32,806] {processor.py:632} INFO - DAG(s) dict_keys(['example_trigger_controller_dag']) retrieved from /home/linuxadmin/.local/lib/python3.6/site-packages/airflow/example_dags/example_trigger_controller_dag.py
[2021-11-02 15:55:32,821] {logging_mixin.py:109} INFO - [2021-11-02 15:55:32,821] {dag.py:2389} INFO - Sync 1 DAGs
[2021-11-02 15:55:32,848] {logging_mixin.py:109} INFO - [2021-11-02 15:55:32,847] {dag.py:2921} INFO - Setting next_dagrun for example_trigger_controller_dag to 2021-01-01T00:00:00+00:00
[2021-11-02 15:55:32,858] {processor.py:171} INFO - Processing /home/linuxadmin/.local/lib/python3.6/site-packages/airflow/example_dags/example_trigger_controller_dag.py took 0.096 seconds
[2021-11-02 15:55:37,479] {processor.py:163} INFO - Started process (PID=175741) to work on /home/linuxadmin/.local/lib/python3.6/site-packages/airflow/example_dags/example_trigger_controller_dag.py
[2021-11-02 15:55:37,480] {processor.py:620} INFO - Processing file /home/linuxadmin/.local/lib/python3.6/site-packages/airflow/example_dags/example_trigger_controller_dag.py for tasks to queue
[2021-11-02 15:55:37,481] {logging_mixin.py:109} INFO - [2021-11-02 15:55:37,481] {dagbag.py:500} INFO - Filling up the DagBag from /home/linuxadmin/.local/lib/python3.6/site-packages/airflow/example_dags/example_trigger_controller_dag.py
[2021-11-02 15:55:37,515] {processor.py:632} INFO - DAG(s) dict_keys(['example_trigger_controller_dag']) retrieved from /home/linuxadmin/.local/lib/python3.6/site-packages/airflow/example_dags/example_trigger_controller_dag.py
[2021-11-02 15:55:37,527] {logging_mixin.py:109} INFO - [2021-11-02 15:55:37,527] {dag.py:2389} INFO - Sync 1 DAGs
[2021-11-02 15:55:37,551] {logging_mixin.py:109} INFO - [2021-11-02 15:55:37,551] {dag.py:2921} INFO - Setting next_dagrun for example_trigger_controller_dag to 2021-01-01T00:00:00+00:00
[2021-11-02 15:55:37,567] {processor.py:171} INFO - Processing /home/linuxadmin/.local/lib/python3.6/site-packages/airflow/example_dags/example_trigger_controller_dag.py took 0.092 seconds
[2021-11-02 15:55:41,798] {processor.py:163} INFO - Started process (PID=175862) to work on /home/linuxadmin/.local/lib/python3.6/site-packages/airflow/example_dags/example_trigger_controller_dag.py
[2021-11-02 15:55:41,800] {processor.py:620} INFO - Processing file /home/linuxadmin/.local/lib/python3.6/site-packages/airflow/example_dags/example_trigger_controller_dag.py for tasks to queue
[2021-11-02 15:55:41,801] {logging_mixin.py:109} INFO - [2021-11-02 15:55:41,800] {dagbag.py:500} INFO - Filling up the DagBag from /home/linuxadmin/.local/lib/python3.6/site-packages/airflow/example_dags/example_trigger_controller_dag.py
[2021-11-02 15:55:41,838] {processor.py:632} INFO - DAG(s) dict_keys(['example_trigger_controller_dag']) retrieved from /home/linuxadmin/.local/lib/python3.6/site-packages/airflow/example_dags/example_trigger_controller_dag.py
[2021-11-02 15:55:41,853] {logging_mixin.py:109} INFO - [2021-11-02 15:55:41,852] {dag.py:2389} INFO - Sync 1 DAGs
[2021-11-02 15:55:41,875] {logging_mixin.py:109} INFO - [2021-11-02 15:55:41,875] {dag.py:2921} INFO - Setting next_dagrun for example_trigger_controller_dag to 2021-01-01T00:00:00+00:00
[2021-11-02 15:55:41,886] {processor.py:171} INFO - Processing /home/linuxadmin/.local/lib/python3.6/site-packages/airflow/example_dags/example_trigger_controller_dag.py took 0.094 seconds
[2021-11-02 15:55:45,688] {processor.py:163} INFO - Started process (PID=175979) to work on /home/linuxadmin/.local/lib/python3.6/site-packages/airflow/example_dags/example_trigger_controller_dag.py
[2021-11-02 15:55:45,689] {processor.py:620} INFO - Processing file /home/linuxadmin/.local/lib/python3.6/site-packages/airflow/example_dags/example_trigger_controller_dag.py for tasks to queue
[2021-11-02 15:55:45,690] {logging_mixin.py:109} INFO - [2021-11-02 15:55:45,690] {dagbag.py:500} INFO - Filling up the DagBag from /home/linuxadmin/.local/lib/python3.6/site-packages/airflow/example_dags/example_trigger_controller_dag.py
[2021-11-02 15:55:45,724] {processor.py:632} INFO - DAG(s) dict_keys(['example_trigger_controller_dag']) retrieved from /home/linuxadmin/.local/lib/python3.6/site-packages/airflow/example_dags/example_trigger_controller_dag.py
[2021-11-02 15:55:45,737] {logging_mixin.py:109} INFO - [2021-11-02 15:55:45,737] {dag.py:2389} INFO - Sync 1 DAGs
[2021-11-02 15:55:45,764] {logging_mixin.py:109} INFO - [2021-11-02 15:55:45,764] {dag.py:2921} INFO - Setting next_dagrun for example_trigger_controller_dag to 2021-01-01T00:00:00+00:00
[2021-11-02 15:55:45,776] {processor.py:171} INFO - Processing /home/linuxadmin/.local/lib/python3.6/site-packages/airflow/example_dags/example_trigger_controller_dag.py took 0.094 seconds
[2021-11-02 15:55:50,908] {processor.py:163} INFO - Started process (PID=176106) to work on /home/linuxadmin/.local/lib/python3.6/site-packages/airflow/example_dags/example_trigger_controller_dag.py
[2021-11-02 15:55:50,910] {processor.py:620} INFO - Processing file /home/linuxadmin/.local/lib/python3.6/site-packages/airflow/example_dags/example_trigger_controller_dag.py for tasks to queue
[2021-11-02 15:55:50,910] {logging_mixin.py:109} INFO - [2021-11-02 15:55:50,910] {dagbag.py:500} INFO - Filling up the DagBag from /home/linuxadmin/.local/lib/python3.6/site-packages/airflow/example_dags/example_trigger_controller_dag.py
[2021-11-02 15:55:50,951] {processor.py:632} INFO - DAG(s) dict_keys(['example_trigger_controller_dag']) retrieved from /home/linuxadmin/.local/lib/python3.6/site-packages/airflow/example_dags/example_trigger_controller_dag.py
[2021-11-02 15:55:50,967] {logging_mixin.py:109} INFO - [2021-11-02 15:55:50,966] {dag.py:2389} INFO - Sync 1 DAGs
[2021-11-02 15:55:50,993] {logging_mixin.py:109} INFO - [2021-11-02 15:55:50,993] {dag.py:2921} INFO - Setting next_dagrun for example_trigger_controller_dag to 2021-01-01T00:00:00+00:00
[2021-11-02 15:55:51,006] {processor.py:171} INFO - Processing /home/linuxadmin/.local/lib/python3.6/site-packages/airflow/example_dags/example_trigger_controller_dag.py took 0.103 seconds
[2021-11-02 15:55:55,161] {processor.py:163} INFO - Started process (PID=176225) to work on /home/linuxadmin/.local/lib/python3.6/site-packages/airflow/example_dags/example_trigger_controller_dag.py
[2021-11-02 15:55:55,164] {processor.py:620} INFO - Processing file /home/linuxadmin/.local/lib/python3.6/site-packages/airflow/example_dags/example_trigger_controller_dag.py for tasks to queue
[2021-11-02 15:55:55,165] {logging_mixin.py:109} INFO - [2021-11-02 15:55:55,165] {dagbag.py:500} INFO - Filling up the DagBag from /home/linuxadmin/.local/lib/python3.6/site-packages/airflow/example_dags/example_trigger_controller_dag.py
[2021-11-02 15:55:55,205] {processor.py:632} INFO - DAG(s) dict_keys(['example_trigger_controller_dag']) retrieved from /home/linuxadmin/.local/lib/python3.6/site-packages/airflow/example_dags/example_trigger_controller_dag.py
[2021-11-02 15:55:55,218] {logging_mixin.py:109} INFO - [2021-11-02 15:55:55,218] {dag.py:2389} INFO - Sync 1 DAGs
[2021-11-02 15:55:55,247] {logging_mixin.py:109} INFO - [2021-11-02 15:55:55,247] {dag.py:2921} INFO - Setting next_dagrun for example_trigger_controller_dag to 2021-01-01T00:00:00+00:00
[2021-11-02 15:55:55,263] {processor.py:171} INFO - Processing /home/linuxadmin/.local/lib/python3.6/site-packages/airflow/example_dags/example_trigger_controller_dag.py took 0.107 seconds
[2021-11-02 15:56:00,063] {processor.py:163} INFO - Started process (PID=176347) to work on /home/linuxadmin/.local/lib/python3.6/site-packages/airflow/example_dags/example_trigger_controller_dag.py
[2021-11-02 15:56:00,066] {processor.py:620} INFO - Processing file /home/linuxadmin/.local/lib/python3.6/site-packages/airflow/example_dags/example_trigger_controller_dag.py for tasks to queue
[2021-11-02 15:56:00,068] {logging_mixin.py:109} INFO - [2021-11-02 15:56:00,067] {dagbag.py:500} INFO - Filling up the DagBag from /home/linuxadmin/.local/lib/python3.6/site-packages/airflow/example_dags/example_trigger_controller_dag.py
[2021-11-02 15:56:00,113] {processor.py:632} INFO - DAG(s) dict_keys(['example_trigger_controller_dag']) retrieved from /home/linuxadmin/.local/lib/python3.6/site-packages/airflow/example_dags/example_trigger_controller_dag.py
[2021-11-02 15:56:00,128] {logging_mixin.py:109} INFO - [2021-11-02 15:56:00,128] {dag.py:2389} INFO - Sync 1 DAGs
[2021-11-02 15:56:00,156] {logging_mixin.py:109} INFO - [2021-11-02 15:56:00,156] {dag.py:2921} INFO - Setting next_dagrun for example_trigger_controller_dag to 2021-01-01T00:00:00+00:00
[2021-11-02 15:56:00,169] {processor.py:171} INFO - Processing /home/linuxadmin/.local/lib/python3.6/site-packages/airflow/example_dags/example_trigger_controller_dag.py took 0.113 seconds
[2021-11-02 15:56:04,271] {processor.py:163} INFO - Started process (PID=176466) to work on /home/linuxadmin/.local/lib/python3.6/site-packages/airflow/example_dags/example_trigger_controller_dag.py
[2021-11-02 15:56:04,273] {processor.py:620} INFO - Processing file /home/linuxadmin/.local/lib/python3.6/site-packages/airflow/example_dags/example_trigger_controller_dag.py for tasks to queue
[2021-11-02 15:56:04,274] {logging_mixin.py:109} INFO - [2021-11-02 15:56:04,274] {dagbag.py:500} INFO - Filling up the DagBag from /home/linuxadmin/.local/lib/python3.6/site-packages/airflow/example_dags/example_trigger_controller_dag.py
[2021-11-02 15:56:04,311] {processor.py:632} INFO - DAG(s) dict_keys(['example_trigger_controller_dag']) retrieved from /home/linuxadmin/.local/lib/python3.6/site-packages/airflow/example_dags/example_trigger_controller_dag.py
[2021-11-02 15:56:04,328] {logging_mixin.py:109} INFO - [2021-11-02 15:56:04,328] {dag.py:2389} INFO - Sync 1 DAGs
[2021-11-02 15:56:04,355] {logging_mixin.py:109} INFO - [2021-11-02 15:56:04,355] {dag.py:2921} INFO - Setting next_dagrun for example_trigger_controller_dag to 2021-01-01T00:00:00+00:00
[2021-11-02 15:56:04,371] {processor.py:171} INFO - Processing /home/linuxadmin/.local/lib/python3.6/site-packages/airflow/example_dags/example_trigger_controller_dag.py took 0.104 seconds
[2021-11-02 15:56:09,123] {processor.py:163} INFO - Started process (PID=176587) to work on /home/linuxadmin/.local/lib/python3.6/site-packages/airflow/example_dags/example_trigger_controller_dag.py
[2021-11-02 15:56:09,125] {processor.py:620} INFO - Processing file /home/linuxadmin/.local/lib/python3.6/site-packages/airflow/example_dags/example_trigger_controller_dag.py for tasks to queue
[2021-11-02 15:56:09,125] {logging_mixin.py:109} INFO - [2021-11-02 15:56:09,125] {dagbag.py:500} INFO - Filling up the DagBag from /home/linuxadmin/.local/lib/python3.6/site-packages/airflow/example_dags/example_trigger_controller_dag.py
[2021-11-02 15:56:09,164] {processor.py:632} INFO - DAG(s) dict_keys(['example_trigger_controller_dag']) retrieved from /home/linuxadmin/.local/lib/python3.6/site-packages/airflow/example_dags/example_trigger_controller_dag.py
[2021-11-02 15:56:09,180] {logging_mixin.py:109} INFO - [2021-11-02 15:56:09,180] {dag.py:2389} INFO - Sync 1 DAGs
[2021-11-02 15:56:09,209] {logging_mixin.py:109} INFO - [2021-11-02 15:56:09,209] {dag.py:2921} INFO - Setting next_dagrun for example_trigger_controller_dag to 2021-01-01T00:00:00+00:00
[2021-11-02 15:56:09,221] {processor.py:171} INFO - Processing /home/linuxadmin/.local/lib/python3.6/site-packages/airflow/example_dags/example_trigger_controller_dag.py took 0.102 seconds
[2021-11-02 15:56:13,886] {processor.py:163} INFO - Started process (PID=176711) to work on /home/linuxadmin/.local/lib/python3.6/site-packages/airflow/example_dags/example_trigger_controller_dag.py
[2021-11-02 15:56:13,887] {processor.py:620} INFO - Processing file /home/linuxadmin/.local/lib/python3.6/site-packages/airflow/example_dags/example_trigger_controller_dag.py for tasks to queue
[2021-11-02 15:56:13,888] {logging_mixin.py:109} INFO - [2021-11-02 15:56:13,888] {dagbag.py:500} INFO - Filling up the DagBag from /home/linuxadmin/.local/lib/python3.6/site-packages/airflow/example_dags/example_trigger_controller_dag.py
[2021-11-02 15:56:13,929] {processor.py:632} INFO - DAG(s) dict_keys(['example_trigger_controller_dag']) retrieved from /home/linuxadmin/.local/lib/python3.6/site-packages/airflow/example_dags/example_trigger_controller_dag.py
[2021-11-02 15:56:13,942] {logging_mixin.py:109} INFO - [2021-11-02 15:56:13,942] {dag.py:2389} INFO - Sync 1 DAGs
[2021-11-02 15:56:13,966] {logging_mixin.py:109} INFO - [2021-11-02 15:56:13,966] {dag.py:2921} INFO - Setting next_dagrun for example_trigger_controller_dag to 2021-01-01T00:00:00+00:00
[2021-11-02 15:56:13,977] {processor.py:171} INFO - Processing /home/linuxadmin/.local/lib/python3.6/site-packages/airflow/example_dags/example_trigger_controller_dag.py took 0.096 seconds
[2021-11-02 15:56:18,085] {processor.py:163} INFO - Started process (PID=176831) to work on /home/linuxadmin/.local/lib/python3.6/site-packages/airflow/example_dags/example_trigger_controller_dag.py
[2021-11-02 15:56:18,086] {processor.py:620} INFO - Processing file /home/linuxadmin/.local/lib/python3.6/site-packages/airflow/example_dags/example_trigger_controller_dag.py for tasks to queue
[2021-11-02 15:56:18,087] {logging_mixin.py:109} INFO - [2021-11-02 15:56:18,087] {dagbag.py:500} INFO - Filling up the DagBag from /home/linuxadmin/.local/lib/python3.6/site-packages/airflow/example_dags/example_trigger_controller_dag.py
[2021-11-02 15:56:18,121] {processor.py:632} INFO - DAG(s) dict_keys(['example_trigger_controller_dag']) retrieved from /home/linuxadmin/.local/lib/python3.6/site-packages/airflow/example_dags/example_trigger_controller_dag.py
[2021-11-02 15:56:18,132] {logging_mixin.py:109} INFO - [2021-11-02 15:56:18,132] {dag.py:2389} INFO - Sync 1 DAGs
[2021-11-02 15:56:18,161] {logging_mixin.py:109} INFO - [2021-11-02 15:56:18,161] {dag.py:2921} INFO - Setting next_dagrun for example_trigger_controller_dag to 2021-01-01T00:00:00+00:00
[2021-11-02 15:56:18,174] {processor.py:171} INFO - Processing /home/linuxadmin/.local/lib/python3.6/site-packages/airflow/example_dags/example_trigger_controller_dag.py took 0.095 seconds
[2021-11-02 15:56:23,404] {processor.py:163} INFO - Started process (PID=176955) to work on /home/linuxadmin/.local/lib/python3.6/site-packages/airflow/example_dags/example_trigger_controller_dag.py
[2021-11-02 15:56:23,405] {processor.py:620} INFO - Processing file /home/linuxadmin/.local/lib/python3.6/site-packages/airflow/example_dags/example_trigger_controller_dag.py for tasks to queue
[2021-11-02 15:56:23,406] {logging_mixin.py:109} INFO - [2021-11-02 15:56:23,406] {dagbag.py:500} INFO - Filling up the DagBag from /home/linuxadmin/.local/lib/python3.6/site-packages/airflow/example_dags/example_trigger_controller_dag.py
[2021-11-02 15:56:23,440] {processor.py:632} INFO - DAG(s) dict_keys(['example_trigger_controller_dag']) retrieved from /home/linuxadmin/.local/lib/python3.6/site-packages/airflow/example_dags/example_trigger_controller_dag.py
[2021-11-02 15:56:23,452] {logging_mixin.py:109} INFO - [2021-11-02 15:56:23,452] {dag.py:2389} INFO - Sync 1 DAGs
[2021-11-02 15:56:23,476] {logging_mixin.py:109} INFO - [2021-11-02 15:56:23,475] {dag.py:2921} INFO - Setting next_dagrun for example_trigger_controller_dag to 2021-01-01T00:00:00+00:00
[2021-11-02 15:56:23,486] {processor.py:171} INFO - Processing /home/linuxadmin/.local/lib/python3.6/site-packages/airflow/example_dags/example_trigger_controller_dag.py took 0.087 seconds
[2021-11-02 15:56:27,562] {processor.py:163} INFO - Started process (PID=177072) to work on /home/linuxadmin/.local/lib/python3.6/site-packages/airflow/example_dags/example_trigger_controller_dag.py
[2021-11-02 15:56:27,563] {processor.py:620} INFO - Processing file /home/linuxadmin/.local/lib/python3.6/site-packages/airflow/example_dags/example_trigger_controller_dag.py for tasks to queue
[2021-11-02 15:56:27,564] {logging_mixin.py:109} INFO - [2021-11-02 15:56:27,564] {dagbag.py:500} INFO - Filling up the DagBag from /home/linuxadmin/.local/lib/python3.6/site-packages/airflow/example_dags/example_trigger_controller_dag.py
[2021-11-02 15:56:27,604] {processor.py:632} INFO - DAG(s) dict_keys(['example_trigger_controller_dag']) retrieved from /home/linuxadmin/.local/lib/python3.6/site-packages/airflow/example_dags/example_trigger_controller_dag.py
[2021-11-02 15:56:27,617] {logging_mixin.py:109} INFO - [2021-11-02 15:56:27,616] {dag.py:2389} INFO - Sync 1 DAGs
[2021-11-02 15:56:27,639] {logging_mixin.py:109} INFO - [2021-11-02 15:56:27,638] {dag.py:2921} INFO - Setting next_dagrun for example_trigger_controller_dag to 2021-01-01T00:00:00+00:00
[2021-11-02 15:56:27,651] {processor.py:171} INFO - Processing /home/linuxadmin/.local/lib/python3.6/site-packages/airflow/example_dags/example_trigger_controller_dag.py took 0.094 seconds
[2021-11-02 15:56:32,063] {processor.py:163} INFO - Started process (PID=177196) to work on /home/linuxadmin/.local/lib/python3.6/site-packages/airflow/example_dags/example_trigger_controller_dag.py
[2021-11-02 15:56:32,066] {processor.py:620} INFO - Processing file /home/linuxadmin/.local/lib/python3.6/site-packages/airflow/example_dags/example_trigger_controller_dag.py for tasks to queue
[2021-11-02 15:56:32,067] {logging_mixin.py:109} INFO - [2021-11-02 15:56:32,067] {dagbag.py:500} INFO - Filling up the DagBag from /home/linuxadmin/.local/lib/python3.6/site-packages/airflow/example_dags/example_trigger_controller_dag.py
[2021-11-02 15:56:32,113] {processor.py:632} INFO - DAG(s) dict_keys(['example_trigger_controller_dag']) retrieved from /home/linuxadmin/.local/lib/python3.6/site-packages/airflow/example_dags/example_trigger_controller_dag.py
[2021-11-02 15:56:32,125] {logging_mixin.py:109} INFO - [2021-11-02 15:56:32,125] {dag.py:2389} INFO - Sync 1 DAGs
[2021-11-02 15:56:32,149] {logging_mixin.py:109} INFO - [2021-11-02 15:56:32,149] {dag.py:2921} INFO - Setting next_dagrun for example_trigger_controller_dag to 2021-01-01T00:00:00+00:00
[2021-11-02 15:56:32,160] {processor.py:171} INFO - Processing /home/linuxadmin/.local/lib/python3.6/site-packages/airflow/example_dags/example_trigger_controller_dag.py took 0.103 seconds
[2021-11-02 15:56:35,959] {processor.py:163} INFO - Started process (PID=177315) to work on /home/linuxadmin/.local/lib/python3.6/site-packages/airflow/example_dags/example_trigger_controller_dag.py
[2021-11-02 15:56:35,960] {processor.py:620} INFO - Processing file /home/linuxadmin/.local/lib/python3.6/site-packages/airflow/example_dags/example_trigger_controller_dag.py for tasks to queue
[2021-11-02 15:56:35,961] {logging_mixin.py:109} INFO - [2021-11-02 15:56:35,961] {dagbag.py:500} INFO - Filling up the DagBag from /home/linuxadmin/.local/lib/python3.6/site-packages/airflow/example_dags/example_trigger_controller_dag.py
[2021-11-02 15:56:36,009] {processor.py:632} INFO - DAG(s) dict_keys(['example_trigger_controller_dag']) retrieved from /home/linuxadmin/.local/lib/python3.6/site-packages/airflow/example_dags/example_trigger_controller_dag.py
[2021-11-02 15:56:36,026] {logging_mixin.py:109} INFO - [2021-11-02 15:56:36,025] {dag.py:2389} INFO - Sync 1 DAGs
[2021-11-02 15:56:36,057] {logging_mixin.py:109} INFO - [2021-11-02 15:56:36,057] {dag.py:2921} INFO - Setting next_dagrun for example_trigger_controller_dag to 2021-01-01T00:00:00+00:00
[2021-11-02 15:56:36,072] {processor.py:171} INFO - Processing /home/linuxadmin/.local/lib/python3.6/site-packages/airflow/example_dags/example_trigger_controller_dag.py took 0.120 seconds
[2021-11-02 15:56:40,377] {processor.py:163} INFO - Started process (PID=177437) to work on /home/linuxadmin/.local/lib/python3.6/site-packages/airflow/example_dags/example_trigger_controller_dag.py
[2021-11-02 15:56:40,378] {processor.py:620} INFO - Processing file /home/linuxadmin/.local/lib/python3.6/site-packages/airflow/example_dags/example_trigger_controller_dag.py for tasks to queue
[2021-11-02 15:56:40,379] {logging_mixin.py:109} INFO - [2021-11-02 15:56:40,378] {dagbag.py:500} INFO - Filling up the DagBag from /home/linuxadmin/.local/lib/python3.6/site-packages/airflow/example_dags/example_trigger_controller_dag.py
[2021-11-02 15:56:40,411] {processor.py:632} INFO - DAG(s) dict_keys(['example_trigger_controller_dag']) retrieved from /home/linuxadmin/.local/lib/python3.6/site-packages/airflow/example_dags/example_trigger_controller_dag.py
[2021-11-02 15:56:40,425] {logging_mixin.py:109} INFO - [2021-11-02 15:56:40,425] {dag.py:2389} INFO - Sync 1 DAGs
[2021-11-02 15:56:40,449] {logging_mixin.py:109} INFO - [2021-11-02 15:56:40,449] {dag.py:2921} INFO - Setting next_dagrun for example_trigger_controller_dag to 2021-01-01T00:00:00+00:00
[2021-11-02 15:56:40,462] {processor.py:171} INFO - Processing /home/linuxadmin/.local/lib/python3.6/site-packages/airflow/example_dags/example_trigger_controller_dag.py took 0.089 seconds
[2021-11-02 15:56:44,263] {processor.py:163} INFO - Started process (PID=177555) to work on /home/linuxadmin/.local/lib/python3.6/site-packages/airflow/example_dags/example_trigger_controller_dag.py
[2021-11-02 15:56:44,265] {processor.py:620} INFO - Processing file /home/linuxadmin/.local/lib/python3.6/site-packages/airflow/example_dags/example_trigger_controller_dag.py for tasks to queue
[2021-11-02 15:56:44,265] {logging_mixin.py:109} INFO - [2021-11-02 15:56:44,265] {dagbag.py:500} INFO - Filling up the DagBag from /home/linuxadmin/.local/lib/python3.6/site-packages/airflow/example_dags/example_trigger_controller_dag.py
[2021-11-02 15:56:44,297] {processor.py:632} INFO - DAG(s) dict_keys(['example_trigger_controller_dag']) retrieved from /home/linuxadmin/.local/lib/python3.6/site-packages/airflow/example_dags/example_trigger_controller_dag.py
[2021-11-02 15:56:44,308] {logging_mixin.py:109} INFO - [2021-11-02 15:56:44,308] {dag.py:2389} INFO - Sync 1 DAGs
[2021-11-02 15:56:44,328] {logging_mixin.py:109} INFO - [2021-11-02 15:56:44,328] {dag.py:2921} INFO - Setting next_dagrun for example_trigger_controller_dag to 2021-01-01T00:00:00+00:00
[2021-11-02 15:56:44,337] {processor.py:171} INFO - Processing /home/linuxadmin/.local/lib/python3.6/site-packages/airflow/example_dags/example_trigger_controller_dag.py took 0.079 seconds
[2021-11-02 15:56:48,741] {processor.py:163} INFO - Started process (PID=177681) to work on /home/linuxadmin/.local/lib/python3.6/site-packages/airflow/example_dags/example_trigger_controller_dag.py
[2021-11-02 15:56:48,743] {processor.py:620} INFO - Processing file /home/linuxadmin/.local/lib/python3.6/site-packages/airflow/example_dags/example_trigger_controller_dag.py for tasks to queue
[2021-11-02 15:56:48,743] {logging_mixin.py:109} INFO - [2021-11-02 15:56:48,743] {dagbag.py:500} INFO - Filling up the DagBag from /home/linuxadmin/.local/lib/python3.6/site-packages/airflow/example_dags/example_trigger_controller_dag.py
[2021-11-02 15:56:48,774] {processor.py:632} INFO - DAG(s) dict_keys(['example_trigger_controller_dag']) retrieved from /home/linuxadmin/.local/lib/python3.6/site-packages/airflow/example_dags/example_trigger_controller_dag.py
[2021-11-02 15:56:48,791] {logging_mixin.py:109} INFO - [2021-11-02 15:56:48,791] {dag.py:2389} INFO - Sync 1 DAGs
[2021-11-02 15:56:48,819] {logging_mixin.py:109} INFO - [2021-11-02 15:56:48,819] {dag.py:2921} INFO - Setting next_dagrun for example_trigger_controller_dag to 2021-01-01T00:00:00+00:00
[2021-11-02 15:56:48,831] {processor.py:171} INFO - Processing /home/linuxadmin/.local/lib/python3.6/site-packages/airflow/example_dags/example_trigger_controller_dag.py took 0.094 seconds
[2021-11-02 15:56:53,751] {processor.py:163} INFO - Started process (PID=177800) to work on /home/linuxadmin/.local/lib/python3.6/site-packages/airflow/example_dags/example_trigger_controller_dag.py
[2021-11-02 15:56:53,752] {processor.py:620} INFO - Processing file /home/linuxadmin/.local/lib/python3.6/site-packages/airflow/example_dags/example_trigger_controller_dag.py for tasks to queue
[2021-11-02 15:56:53,753] {logging_mixin.py:109} INFO - [2021-11-02 15:56:53,753] {dagbag.py:500} INFO - Filling up the DagBag from /home/linuxadmin/.local/lib/python3.6/site-packages/airflow/example_dags/example_trigger_controller_dag.py
[2021-11-02 15:56:53,784] {processor.py:632} INFO - DAG(s) dict_keys(['example_trigger_controller_dag']) retrieved from /home/linuxadmin/.local/lib/python3.6/site-packages/airflow/example_dags/example_trigger_controller_dag.py
[2021-11-02 15:56:53,799] {logging_mixin.py:109} INFO - [2021-11-02 15:56:53,798] {dag.py:2389} INFO - Sync 1 DAGs
[2021-11-02 15:56:53,824] {logging_mixin.py:109} INFO - [2021-11-02 15:56:53,824] {dag.py:2921} INFO - Setting next_dagrun for example_trigger_controller_dag to 2021-01-01T00:00:00+00:00
[2021-11-02 15:56:53,841] {processor.py:171} INFO - Processing /home/linuxadmin/.local/lib/python3.6/site-packages/airflow/example_dags/example_trigger_controller_dag.py took 0.095 seconds
[2021-11-02 15:56:58,492] {processor.py:163} INFO - Started process (PID=177923) to work on /home/linuxadmin/.local/lib/python3.6/site-packages/airflow/example_dags/example_trigger_controller_dag.py
[2021-11-02 15:56:58,493] {processor.py:620} INFO - Processing file /home/linuxadmin/.local/lib/python3.6/site-packages/airflow/example_dags/example_trigger_controller_dag.py for tasks to queue
[2021-11-02 15:56:58,494] {logging_mixin.py:109} INFO - [2021-11-02 15:56:58,494] {dagbag.py:500} INFO - Filling up the DagBag from /home/linuxadmin/.local/lib/python3.6/site-packages/airflow/example_dags/example_trigger_controller_dag.py
[2021-11-02 15:56:58,532] {processor.py:632} INFO - DAG(s) dict_keys(['example_trigger_controller_dag']) retrieved from /home/linuxadmin/.local/lib/python3.6/site-packages/airflow/example_dags/example_trigger_controller_dag.py
[2021-11-02 15:56:58,549] {logging_mixin.py:109} INFO - [2021-11-02 15:56:58,548] {dag.py:2389} INFO - Sync 1 DAGs
[2021-11-02 15:56:58,585] {logging_mixin.py:109} INFO - [2021-11-02 15:56:58,585] {dag.py:2921} INFO - Setting next_dagrun for example_trigger_controller_dag to 2021-01-01T00:00:00+00:00
[2021-11-02 15:56:58,600] {processor.py:171} INFO - Processing /home/linuxadmin/.local/lib/python3.6/site-packages/airflow/example_dags/example_trigger_controller_dag.py took 0.113 seconds
[2021-11-02 15:57:02,898] {processor.py:163} INFO - Started process (PID=178043) to work on /home/linuxadmin/.local/lib/python3.6/site-packages/airflow/example_dags/example_trigger_controller_dag.py
[2021-11-02 15:57:02,900] {processor.py:620} INFO - Processing file /home/linuxadmin/.local/lib/python3.6/site-packages/airflow/example_dags/example_trigger_controller_dag.py for tasks to queue
[2021-11-02 15:57:02,901] {logging_mixin.py:109} INFO - [2021-11-02 15:57:02,900] {dagbag.py:500} INFO - Filling up the DagBag from /home/linuxadmin/.local/lib/python3.6/site-packages/airflow/example_dags/example_trigger_controller_dag.py
[2021-11-02 15:57:02,955] {processor.py:632} INFO - DAG(s) dict_keys(['example_trigger_controller_dag']) retrieved from /home/linuxadmin/.local/lib/python3.6/site-packages/airflow/example_dags/example_trigger_controller_dag.py
[2021-11-02 15:57:02,971] {logging_mixin.py:109} INFO - [2021-11-02 15:57:02,971] {dag.py:2389} INFO - Sync 1 DAGs
[2021-11-02 15:57:03,002] {logging_mixin.py:109} INFO - [2021-11-02 15:57:03,001] {dag.py:2921} INFO - Setting next_dagrun for example_trigger_controller_dag to 2021-01-01T00:00:00+00:00
[2021-11-02 15:57:03,013] {processor.py:171} INFO - Processing /home/linuxadmin/.local/lib/python3.6/site-packages/airflow/example_dags/example_trigger_controller_dag.py took 0.121 seconds
[2021-11-02 15:57:07,748] {processor.py:163} INFO - Started process (PID=178168) to work on /home/linuxadmin/.local/lib/python3.6/site-packages/airflow/example_dags/example_trigger_controller_dag.py
[2021-11-02 15:57:07,750] {processor.py:620} INFO - Processing file /home/linuxadmin/.local/lib/python3.6/site-packages/airflow/example_dags/example_trigger_controller_dag.py for tasks to queue
[2021-11-02 15:57:07,751] {logging_mixin.py:109} INFO - [2021-11-02 15:57:07,751] {dagbag.py:500} INFO - Filling up the DagBag from /home/linuxadmin/.local/lib/python3.6/site-packages/airflow/example_dags/example_trigger_controller_dag.py
[2021-11-02 15:57:07,791] {processor.py:632} INFO - DAG(s) dict_keys(['example_trigger_controller_dag']) retrieved from /home/linuxadmin/.local/lib/python3.6/site-packages/airflow/example_dags/example_trigger_controller_dag.py
[2021-11-02 15:57:07,812] {logging_mixin.py:109} INFO - [2021-11-02 15:57:07,811] {dag.py:2389} INFO - Sync 1 DAGs
[2021-11-02 15:57:07,842] {logging_mixin.py:109} INFO - [2021-11-02 15:57:07,841] {dag.py:2921} INFO - Setting next_dagrun for example_trigger_controller_dag to 2021-01-01T00:00:00+00:00
[2021-11-02 15:57:07,859] {processor.py:171} INFO - Processing /home/linuxadmin/.local/lib/python3.6/site-packages/airflow/example_dags/example_trigger_controller_dag.py took 0.117 seconds
[2021-11-02 15:57:12,033] {processor.py:163} INFO - Started process (PID=178286) to work on /home/linuxadmin/.local/lib/python3.6/site-packages/airflow/example_dags/example_trigger_controller_dag.py
[2021-11-02 15:57:12,035] {processor.py:620} INFO - Processing file /home/linuxadmin/.local/lib/python3.6/site-packages/airflow/example_dags/example_trigger_controller_dag.py for tasks to queue
[2021-11-02 15:57:12,036] {logging_mixin.py:109} INFO - [2021-11-02 15:57:12,035] {dagbag.py:500} INFO - Filling up the DagBag from /home/linuxadmin/.local/lib/python3.6/site-packages/airflow/example_dags/example_trigger_controller_dag.py
[2021-11-02 15:57:12,069] {processor.py:632} INFO - DAG(s) dict_keys(['example_trigger_controller_dag']) retrieved from /home/linuxadmin/.local/lib/python3.6/site-packages/airflow/example_dags/example_trigger_controller_dag.py
[2021-11-02 15:57:12,085] {logging_mixin.py:109} INFO - [2021-11-02 15:57:12,085] {dag.py:2389} INFO - Sync 1 DAGs
[2021-11-02 15:57:12,106] {logging_mixin.py:109} INFO - [2021-11-02 15:57:12,106] {dag.py:2921} INFO - Setting next_dagrun for example_trigger_controller_dag to 2021-01-01T00:00:00+00:00
[2021-11-02 15:57:12,119] {processor.py:171} INFO - Processing /home/linuxadmin/.local/lib/python3.6/site-packages/airflow/example_dags/example_trigger_controller_dag.py took 0.091 seconds
[2021-11-02 15:57:16,556] {processor.py:163} INFO - Started process (PID=178408) to work on /home/linuxadmin/.local/lib/python3.6/site-packages/airflow/example_dags/example_trigger_controller_dag.py
[2021-11-02 15:57:16,557] {processor.py:620} INFO - Processing file /home/linuxadmin/.local/lib/python3.6/site-packages/airflow/example_dags/example_trigger_controller_dag.py for tasks to queue
[2021-11-02 15:57:16,558] {logging_mixin.py:109} INFO - [2021-11-02 15:57:16,558] {dagbag.py:500} INFO - Filling up the DagBag from /home/linuxadmin/.local/lib/python3.6/site-packages/airflow/example_dags/example_trigger_controller_dag.py
[2021-11-02 15:57:16,601] {processor.py:632} INFO - DAG(s) dict_keys(['example_trigger_controller_dag']) retrieved from /home/linuxadmin/.local/lib/python3.6/site-packages/airflow/example_dags/example_trigger_controller_dag.py
[2021-11-02 15:57:16,615] {logging_mixin.py:109} INFO - [2021-11-02 15:57:16,615] {dag.py:2389} INFO - Sync 1 DAGs
[2021-11-02 15:57:16,647] {logging_mixin.py:109} INFO - [2021-11-02 15:57:16,646] {dag.py:2921} INFO - Setting next_dagrun for example_trigger_controller_dag to 2021-01-01T00:00:00+00:00
[2021-11-02 15:57:16,661] {processor.py:171} INFO - Processing /home/linuxadmin/.local/lib/python3.6/site-packages/airflow/example_dags/example_trigger_controller_dag.py took 0.111 seconds
[2021-11-02 15:57:20,496] {processor.py:163} INFO - Started process (PID=178527) to work on /home/linuxadmin/.local/lib/python3.6/site-packages/airflow/example_dags/example_trigger_controller_dag.py
[2021-11-02 15:57:20,497] {processor.py:620} INFO - Processing file /home/linuxadmin/.local/lib/python3.6/site-packages/airflow/example_dags/example_trigger_controller_dag.py for tasks to queue
[2021-11-02 15:57:20,498] {logging_mixin.py:109} INFO - [2021-11-02 15:57:20,498] {dagbag.py:500} INFO - Filling up the DagBag from /home/linuxadmin/.local/lib/python3.6/site-packages/airflow/example_dags/example_trigger_controller_dag.py
[2021-11-02 15:57:20,538] {processor.py:632} INFO - DAG(s) dict_keys(['example_trigger_controller_dag']) retrieved from /home/linuxadmin/.local/lib/python3.6/site-packages/airflow/example_dags/example_trigger_controller_dag.py
[2021-11-02 15:57:20,550] {logging_mixin.py:109} INFO - [2021-11-02 15:57:20,550] {dag.py:2389} INFO - Sync 1 DAGs
[2021-11-02 15:57:20,573] {logging_mixin.py:109} INFO - [2021-11-02 15:57:20,573] {dag.py:2921} INFO - Setting next_dagrun for example_trigger_controller_dag to 2021-01-01T00:00:00+00:00
[2021-11-02 15:57:20,585] {processor.py:171} INFO - Processing /home/linuxadmin/.local/lib/python3.6/site-packages/airflow/example_dags/example_trigger_controller_dag.py took 0.095 seconds
[2021-11-02 15:57:25,592] {processor.py:163} INFO - Started process (PID=178650) to work on /home/linuxadmin/.local/lib/python3.6/site-packages/airflow/example_dags/example_trigger_controller_dag.py
[2021-11-02 15:57:25,594] {processor.py:620} INFO - Processing file /home/linuxadmin/.local/lib/python3.6/site-packages/airflow/example_dags/example_trigger_controller_dag.py for tasks to queue
[2021-11-02 15:57:25,594] {logging_mixin.py:109} INFO - [2021-11-02 15:57:25,594] {dagbag.py:500} INFO - Filling up the DagBag from /home/linuxadmin/.local/lib/python3.6/site-packages/airflow/example_dags/example_trigger_controller_dag.py
[2021-11-02 15:57:25,634] {processor.py:632} INFO - DAG(s) dict_keys(['example_trigger_controller_dag']) retrieved from /home/linuxadmin/.local/lib/python3.6/site-packages/airflow/example_dags/example_trigger_controller_dag.py
[2021-11-02 15:57:25,645] {logging_mixin.py:109} INFO - [2021-11-02 15:57:25,645] {dag.py:2389} INFO - Sync 1 DAGs
[2021-11-02 15:57:25,664] {logging_mixin.py:109} INFO - [2021-11-02 15:57:25,664] {dag.py:2921} INFO - Setting next_dagrun for example_trigger_controller_dag to 2021-01-01T00:00:00+00:00
[2021-11-02 15:57:25,674] {processor.py:171} INFO - Processing /home/linuxadmin/.local/lib/python3.6/site-packages/airflow/example_dags/example_trigger_controller_dag.py took 0.088 seconds
[2021-11-02 15:57:29,984] {processor.py:163} INFO - Started process (PID=178771) to work on /home/linuxadmin/.local/lib/python3.6/site-packages/airflow/example_dags/example_trigger_controller_dag.py
[2021-11-02 15:57:29,985] {processor.py:620} INFO - Processing file /home/linuxadmin/.local/lib/python3.6/site-packages/airflow/example_dags/example_trigger_controller_dag.py for tasks to queue
[2021-11-02 15:57:29,986] {logging_mixin.py:109} INFO - [2021-11-02 15:57:29,985] {dagbag.py:500} INFO - Filling up the DagBag from /home/linuxadmin/.local/lib/python3.6/site-packages/airflow/example_dags/example_trigger_controller_dag.py
[2021-11-02 15:57:30,018] {processor.py:632} INFO - DAG(s) dict_keys(['example_trigger_controller_dag']) retrieved from /home/linuxadmin/.local/lib/python3.6/site-packages/airflow/example_dags/example_trigger_controller_dag.py
[2021-11-02 15:57:30,029] {logging_mixin.py:109} INFO - [2021-11-02 15:57:30,029] {dag.py:2389} INFO - Sync 1 DAGs
[2021-11-02 15:57:30,051] {logging_mixin.py:109} INFO - [2021-11-02 15:57:30,051] {dag.py:2921} INFO - Setting next_dagrun for example_trigger_controller_dag to 2021-01-01T00:00:00+00:00
[2021-11-02 15:57:30,064] {processor.py:171} INFO - Processing /home/linuxadmin/.local/lib/python3.6/site-packages/airflow/example_dags/example_trigger_controller_dag.py took 0.084 seconds
[2021-11-02 15:57:34,661] {processor.py:163} INFO - Started process (PID=178892) to work on /home/linuxadmin/.local/lib/python3.6/site-packages/airflow/example_dags/example_trigger_controller_dag.py
[2021-11-02 15:57:34,662] {processor.py:620} INFO - Processing file /home/linuxadmin/.local/lib/python3.6/site-packages/airflow/example_dags/example_trigger_controller_dag.py for tasks to queue
[2021-11-02 15:57:34,663] {logging_mixin.py:109} INFO - [2021-11-02 15:57:34,663] {dagbag.py:500} INFO - Filling up the DagBag from /home/linuxadmin/.local/lib/python3.6/site-packages/airflow/example_dags/example_trigger_controller_dag.py
[2021-11-02 15:57:34,698] {processor.py:632} INFO - DAG(s) dict_keys(['example_trigger_controller_dag']) retrieved from /home/linuxadmin/.local/lib/python3.6/site-packages/airflow/example_dags/example_trigger_controller_dag.py
[2021-11-02 15:57:34,712] {logging_mixin.py:109} INFO - [2021-11-02 15:57:34,712] {dag.py:2389} INFO - Sync 1 DAGs
[2021-11-02 15:57:34,732] {logging_mixin.py:109} INFO - [2021-11-02 15:57:34,732] {dag.py:2921} INFO - Setting next_dagrun for example_trigger_controller_dag to 2021-01-01T00:00:00+00:00
[2021-11-02 15:57:34,742] {processor.py:171} INFO - Processing /home/linuxadmin/.local/lib/python3.6/site-packages/airflow/example_dags/example_trigger_controller_dag.py took 0.086 seconds
[2021-11-02 15:57:38,673] {processor.py:163} INFO - Started process (PID=179011) to work on /home/linuxadmin/.local/lib/python3.6/site-packages/airflow/example_dags/example_trigger_controller_dag.py
[2021-11-02 15:57:38,675] {processor.py:620} INFO - Processing file /home/linuxadmin/.local/lib/python3.6/site-packages/airflow/example_dags/example_trigger_controller_dag.py for tasks to queue
[2021-11-02 15:57:38,676] {logging_mixin.py:109} INFO - [2021-11-02 15:57:38,676] {dagbag.py:500} INFO - Filling up the DagBag from /home/linuxadmin/.local/lib/python3.6/site-packages/airflow/example_dags/example_trigger_controller_dag.py
[2021-11-02 15:57:38,717] {processor.py:632} INFO - DAG(s) dict_keys(['example_trigger_controller_dag']) retrieved from /home/linuxadmin/.local/lib/python3.6/site-packages/airflow/example_dags/example_trigger_controller_dag.py
[2021-11-02 15:57:38,733] {logging_mixin.py:109} INFO - [2021-11-02 15:57:38,733] {dag.py:2389} INFO - Sync 1 DAGs
[2021-11-02 15:57:38,763] {logging_mixin.py:109} INFO - [2021-11-02 15:57:38,763] {dag.py:2921} INFO - Setting next_dagrun for example_trigger_controller_dag to 2021-01-01T00:00:00+00:00
[2021-11-02 15:57:38,777] {processor.py:171} INFO - Processing /home/linuxadmin/.local/lib/python3.6/site-packages/airflow/example_dags/example_trigger_controller_dag.py took 0.110 seconds
[2021-11-02 15:57:43,312] {processor.py:163} INFO - Started process (PID=179133) to work on /home/linuxadmin/.local/lib/python3.6/site-packages/airflow/example_dags/example_trigger_controller_dag.py
[2021-11-02 15:57:43,315] {processor.py:620} INFO - Processing file /home/linuxadmin/.local/lib/python3.6/site-packages/airflow/example_dags/example_trigger_controller_dag.py for tasks to queue
[2021-11-02 15:57:43,316] {logging_mixin.py:109} INFO - [2021-11-02 15:57:43,316] {dagbag.py:500} INFO - Filling up the DagBag from /home/linuxadmin/.local/lib/python3.6/site-packages/airflow/example_dags/example_trigger_controller_dag.py
[2021-11-02 15:57:43,355] {processor.py:632} INFO - DAG(s) dict_keys(['example_trigger_controller_dag']) retrieved from /home/linuxadmin/.local/lib/python3.6/site-packages/airflow/example_dags/example_trigger_controller_dag.py
[2021-11-02 15:57:43,367] {logging_mixin.py:109} INFO - [2021-11-02 15:57:43,367] {dag.py:2389} INFO - Sync 1 DAGs
[2021-11-02 15:57:43,387] {logging_mixin.py:109} INFO - [2021-11-02 15:57:43,387] {dag.py:2921} INFO - Setting next_dagrun for example_trigger_controller_dag to 2021-01-01T00:00:00+00:00
[2021-11-02 15:57:43,398] {processor.py:171} INFO - Processing /home/linuxadmin/.local/lib/python3.6/site-packages/airflow/example_dags/example_trigger_controller_dag.py took 0.091 seconds
[2021-11-02 15:57:47,542] {processor.py:163} INFO - Started process (PID=179253) to work on /home/linuxadmin/.local/lib/python3.6/site-packages/airflow/example_dags/example_trigger_controller_dag.py
[2021-11-02 15:57:47,544] {processor.py:620} INFO - Processing file /home/linuxadmin/.local/lib/python3.6/site-packages/airflow/example_dags/example_trigger_controller_dag.py for tasks to queue
[2021-11-02 15:57:47,545] {logging_mixin.py:109} INFO - [2021-11-02 15:57:47,545] {dagbag.py:500} INFO - Filling up the DagBag from /home/linuxadmin/.local/lib/python3.6/site-packages/airflow/example_dags/example_trigger_controller_dag.py
[2021-11-02 15:57:47,584] {processor.py:632} INFO - DAG(s) dict_keys(['example_trigger_controller_dag']) retrieved from /home/linuxadmin/.local/lib/python3.6/site-packages/airflow/example_dags/example_trigger_controller_dag.py
[2021-11-02 15:57:47,604] {logging_mixin.py:109} INFO - [2021-11-02 15:57:47,603] {dag.py:2389} INFO - Sync 1 DAGs
[2021-11-02 15:57:47,631] {logging_mixin.py:109} INFO - [2021-11-02 15:57:47,630] {dag.py:2921} INFO - Setting next_dagrun for example_trigger_controller_dag to 2021-01-01T00:00:00+00:00
[2021-11-02 15:57:47,644] {processor.py:171} INFO - Processing /home/linuxadmin/.local/lib/python3.6/site-packages/airflow/example_dags/example_trigger_controller_dag.py took 0.107 seconds
[2021-11-02 15:57:52,358] {processor.py:163} INFO - Started process (PID=179378) to work on /home/linuxadmin/.local/lib/python3.6/site-packages/airflow/example_dags/example_trigger_controller_dag.py
[2021-11-02 15:57:52,359] {processor.py:620} INFO - Processing file /home/linuxadmin/.local/lib/python3.6/site-packages/airflow/example_dags/example_trigger_controller_dag.py for tasks to queue
[2021-11-02 15:57:52,360] {logging_mixin.py:109} INFO - [2021-11-02 15:57:52,360] {dagbag.py:500} INFO - Filling up the DagBag from /home/linuxadmin/.local/lib/python3.6/site-packages/airflow/example_dags/example_trigger_controller_dag.py
[2021-11-02 15:57:52,415] {processor.py:632} INFO - DAG(s) dict_keys(['example_trigger_controller_dag']) retrieved from /home/linuxadmin/.local/lib/python3.6/site-packages/airflow/example_dags/example_trigger_controller_dag.py
[2021-11-02 15:57:52,427] {logging_mixin.py:109} INFO - [2021-11-02 15:57:52,427] {dag.py:2389} INFO - Sync 1 DAGs
[2021-11-02 15:57:52,458] {logging_mixin.py:109} INFO - [2021-11-02 15:57:52,458] {dag.py:2921} INFO - Setting next_dagrun for example_trigger_controller_dag to 2021-01-01T00:00:00+00:00
[2021-11-02 15:57:52,470] {processor.py:171} INFO - Processing /home/linuxadmin/.local/lib/python3.6/site-packages/airflow/example_dags/example_trigger_controller_dag.py took 0.117 seconds
[2021-11-02 15:57:57,666] {processor.py:163} INFO - Started process (PID=179503) to work on /home/linuxadmin/.local/lib/python3.6/site-packages/airflow/example_dags/example_trigger_controller_dag.py
[2021-11-02 15:57:57,667] {processor.py:620} INFO - Processing file /home/linuxadmin/.local/lib/python3.6/site-packages/airflow/example_dags/example_trigger_controller_dag.py for tasks to queue
[2021-11-02 15:57:57,668] {logging_mixin.py:109} INFO - [2021-11-02 15:57:57,668] {dagbag.py:500} INFO - Filling up the DagBag from /home/linuxadmin/.local/lib/python3.6/site-packages/airflow/example_dags/example_trigger_controller_dag.py
[2021-11-02 15:57:57,701] {processor.py:632} INFO - DAG(s) dict_keys(['example_trigger_controller_dag']) retrieved from /home/linuxadmin/.local/lib/python3.6/site-packages/airflow/example_dags/example_trigger_controller_dag.py
[2021-11-02 15:57:57,712] {logging_mixin.py:109} INFO - [2021-11-02 15:57:57,712] {dag.py:2389} INFO - Sync 1 DAGs
[2021-11-02 15:57:57,734] {logging_mixin.py:109} INFO - [2021-11-02 15:57:57,734] {dag.py:2921} INFO - Setting next_dagrun for example_trigger_controller_dag to 2021-01-01T00:00:00+00:00
[2021-11-02 15:57:57,745] {processor.py:171} INFO - Processing /home/linuxadmin/.local/lib/python3.6/site-packages/airflow/example_dags/example_trigger_controller_dag.py took 0.084 seconds
[2021-11-02 15:58:01,841] {processor.py:163} INFO - Started process (PID=179621) to work on /home/linuxadmin/.local/lib/python3.6/site-packages/airflow/example_dags/example_trigger_controller_dag.py
[2021-11-02 15:58:01,842] {processor.py:620} INFO - Processing file /home/linuxadmin/.local/lib/python3.6/site-packages/airflow/example_dags/example_trigger_controller_dag.py for tasks to queue
[2021-11-02 15:58:01,843] {logging_mixin.py:109} INFO - [2021-11-02 15:58:01,843] {dagbag.py:500} INFO - Filling up the DagBag from /home/linuxadmin/.local/lib/python3.6/site-packages/airflow/example_dags/example_trigger_controller_dag.py
[2021-11-02 15:58:01,880] {processor.py:632} INFO - DAG(s) dict_keys(['example_trigger_controller_dag']) retrieved from /home/linuxadmin/.local/lib/python3.6/site-packages/airflow/example_dags/example_trigger_controller_dag.py
[2021-11-02 15:58:01,897] {logging_mixin.py:109} INFO - [2021-11-02 15:58:01,897] {dag.py:2389} INFO - Sync 1 DAGs
[2021-11-02 15:58:01,930] {logging_mixin.py:109} INFO - [2021-11-02 15:58:01,930] {dag.py:2921} INFO - Setting next_dagrun for example_trigger_controller_dag to 2021-01-01T00:00:00+00:00
[2021-11-02 15:58:01,944] {processor.py:171} INFO - Processing /home/linuxadmin/.local/lib/python3.6/site-packages/airflow/example_dags/example_trigger_controller_dag.py took 0.108 seconds
[2021-11-02 15:58:06,166] {processor.py:163} INFO - Started process (PID=179744) to work on /home/linuxadmin/.local/lib/python3.6/site-packages/airflow/example_dags/example_trigger_controller_dag.py
[2021-11-02 15:58:06,168] {processor.py:620} INFO - Processing file /home/linuxadmin/.local/lib/python3.6/site-packages/airflow/example_dags/example_trigger_controller_dag.py for tasks to queue
[2021-11-02 15:58:06,169] {logging_mixin.py:109} INFO - [2021-11-02 15:58:06,169] {dagbag.py:500} INFO - Filling up the DagBag from /home/linuxadmin/.local/lib/python3.6/site-packages/airflow/example_dags/example_trigger_controller_dag.py
[2021-11-02 15:58:06,206] {processor.py:632} INFO - DAG(s) dict_keys(['example_trigger_controller_dag']) retrieved from /home/linuxadmin/.local/lib/python3.6/site-packages/airflow/example_dags/example_trigger_controller_dag.py
[2021-11-02 15:58:06,220] {logging_mixin.py:109} INFO - [2021-11-02 15:58:06,220] {dag.py:2389} INFO - Sync 1 DAGs
[2021-11-02 15:58:06,246] {logging_mixin.py:109} INFO - [2021-11-02 15:58:06,246] {dag.py:2921} INFO - Setting next_dagrun for example_trigger_controller_dag to 2021-01-01T00:00:00+00:00
[2021-11-02 15:58:06,262] {processor.py:171} INFO - Processing /home/linuxadmin/.local/lib/python3.6/site-packages/airflow/example_dags/example_trigger_controller_dag.py took 0.101 seconds
[2021-11-02 15:58:10,716] {processor.py:163} INFO - Started process (PID=179862) to work on /home/linuxadmin/.local/lib/python3.6/site-packages/airflow/example_dags/example_trigger_controller_dag.py
[2021-11-02 15:58:10,717] {processor.py:620} INFO - Processing file /home/linuxadmin/.local/lib/python3.6/site-packages/airflow/example_dags/example_trigger_controller_dag.py for tasks to queue
[2021-11-02 15:58:10,718] {logging_mixin.py:109} INFO - [2021-11-02 15:58:10,718] {dagbag.py:500} INFO - Filling up the DagBag from /home/linuxadmin/.local/lib/python3.6/site-packages/airflow/example_dags/example_trigger_controller_dag.py
[2021-11-02 15:58:10,752] {processor.py:632} INFO - DAG(s) dict_keys(['example_trigger_controller_dag']) retrieved from /home/linuxadmin/.local/lib/python3.6/site-packages/airflow/example_dags/example_trigger_controller_dag.py
[2021-11-02 15:58:10,767] {logging_mixin.py:109} INFO - [2021-11-02 15:58:10,767] {dag.py:2389} INFO - Sync 1 DAGs
[2021-11-02 15:58:10,795] {logging_mixin.py:109} INFO - [2021-11-02 15:58:10,795] {dag.py:2921} INFO - Setting next_dagrun for example_trigger_controller_dag to 2021-01-01T00:00:00+00:00
[2021-11-02 15:58:10,809] {processor.py:171} INFO - Processing /home/linuxadmin/.local/lib/python3.6/site-packages/airflow/example_dags/example_trigger_controller_dag.py took 0.097 seconds
[2021-11-02 15:58:15,663] {processor.py:163} INFO - Started process (PID=179984) to work on /home/linuxadmin/.local/lib/python3.6/site-packages/airflow/example_dags/example_trigger_controller_dag.py
[2021-11-02 15:58:15,665] {processor.py:620} INFO - Processing file /home/linuxadmin/.local/lib/python3.6/site-packages/airflow/example_dags/example_trigger_controller_dag.py for tasks to queue
[2021-11-02 15:58:15,667] {logging_mixin.py:109} INFO - [2021-11-02 15:58:15,666] {dagbag.py:500} INFO - Filling up the DagBag from /home/linuxadmin/.local/lib/python3.6/site-packages/airflow/example_dags/example_trigger_controller_dag.py
[2021-11-02 15:58:15,706] {processor.py:632} INFO - DAG(s) dict_keys(['example_trigger_controller_dag']) retrieved from /home/linuxadmin/.local/lib/python3.6/site-packages/airflow/example_dags/example_trigger_controller_dag.py
[2021-11-02 15:58:15,718] {logging_mixin.py:109} INFO - [2021-11-02 15:58:15,718] {dag.py:2389} INFO - Sync 1 DAGs
[2021-11-02 15:58:15,740] {logging_mixin.py:109} INFO - [2021-11-02 15:58:15,740] {dag.py:2921} INFO - Setting next_dagrun for example_trigger_controller_dag to 2021-01-01T00:00:00+00:00
[2021-11-02 15:58:15,751] {processor.py:171} INFO - Processing /home/linuxadmin/.local/lib/python3.6/site-packages/airflow/example_dags/example_trigger_controller_dag.py took 0.095 seconds
[2021-11-02 15:58:20,065] {processor.py:163} INFO - Started process (PID=180112) to work on /home/linuxadmin/.local/lib/python3.6/site-packages/airflow/example_dags/example_trigger_controller_dag.py
[2021-11-02 15:58:20,068] {processor.py:620} INFO - Processing file /home/linuxadmin/.local/lib/python3.6/site-packages/airflow/example_dags/example_trigger_controller_dag.py for tasks to queue
[2021-11-02 15:58:20,069] {logging_mixin.py:109} INFO - [2021-11-02 15:58:20,069] {dagbag.py:500} INFO - Filling up the DagBag from /home/linuxadmin/.local/lib/python3.6/site-packages/airflow/example_dags/example_trigger_controller_dag.py
[2021-11-02 15:58:20,106] {processor.py:632} INFO - DAG(s) dict_keys(['example_trigger_controller_dag']) retrieved from /home/linuxadmin/.local/lib/python3.6/site-packages/airflow/example_dags/example_trigger_controller_dag.py
[2021-11-02 15:58:20,120] {logging_mixin.py:109} INFO - [2021-11-02 15:58:20,120] {dag.py:2389} INFO - Sync 1 DAGs
[2021-11-02 15:58:20,141] {logging_mixin.py:109} INFO - [2021-11-02 15:58:20,141] {dag.py:2921} INFO - Setting next_dagrun for example_trigger_controller_dag to 2021-01-01T00:00:00+00:00
[2021-11-02 15:58:20,153] {processor.py:171} INFO - Processing /home/linuxadmin/.local/lib/python3.6/site-packages/airflow/example_dags/example_trigger_controller_dag.py took 0.093 seconds
[2021-11-02 15:58:24,024] {processor.py:163} INFO - Started process (PID=180230) to work on /home/linuxadmin/.local/lib/python3.6/site-packages/airflow/example_dags/example_trigger_controller_dag.py
[2021-11-02 15:58:24,025] {processor.py:620} INFO - Processing file /home/linuxadmin/.local/lib/python3.6/site-packages/airflow/example_dags/example_trigger_controller_dag.py for tasks to queue
[2021-11-02 15:58:24,026] {logging_mixin.py:109} INFO - [2021-11-02 15:58:24,026] {dagbag.py:500} INFO - Filling up the DagBag from /home/linuxadmin/.local/lib/python3.6/site-packages/airflow/example_dags/example_trigger_controller_dag.py
[2021-11-02 15:58:24,070] {processor.py:632} INFO - DAG(s) dict_keys(['example_trigger_controller_dag']) retrieved from /home/linuxadmin/.local/lib/python3.6/site-packages/airflow/example_dags/example_trigger_controller_dag.py
[2021-11-02 15:58:24,086] {logging_mixin.py:109} INFO - [2021-11-02 15:58:24,086] {dag.py:2389} INFO - Sync 1 DAGs
[2021-11-02 15:58:24,117] {logging_mixin.py:109} INFO - [2021-11-02 15:58:24,117] {dag.py:2921} INFO - Setting next_dagrun for example_trigger_controller_dag to 2021-01-01T00:00:00+00:00
[2021-11-02 15:58:24,134] {processor.py:171} INFO - Processing /home/linuxadmin/.local/lib/python3.6/site-packages/airflow/example_dags/example_trigger_controller_dag.py took 0.116 seconds
[2021-11-02 15:58:29,435] {processor.py:163} INFO - Started process (PID=180354) to work on /home/linuxadmin/.local/lib/python3.6/site-packages/airflow/example_dags/example_trigger_controller_dag.py
[2021-11-02 15:58:29,436] {processor.py:620} INFO - Processing file /home/linuxadmin/.local/lib/python3.6/site-packages/airflow/example_dags/example_trigger_controller_dag.py for tasks to queue
[2021-11-02 15:58:29,437] {logging_mixin.py:109} INFO - [2021-11-02 15:58:29,437] {dagbag.py:500} INFO - Filling up the DagBag from /home/linuxadmin/.local/lib/python3.6/site-packages/airflow/example_dags/example_trigger_controller_dag.py
[2021-11-02 15:58:29,472] {processor.py:632} INFO - DAG(s) dict_keys(['example_trigger_controller_dag']) retrieved from /home/linuxadmin/.local/lib/python3.6/site-packages/airflow/example_dags/example_trigger_controller_dag.py
[2021-11-02 15:58:29,485] {logging_mixin.py:109} INFO - [2021-11-02 15:58:29,485] {dag.py:2389} INFO - Sync 1 DAGs
[2021-11-02 15:58:29,506] {logging_mixin.py:109} INFO - [2021-11-02 15:58:29,506] {dag.py:2921} INFO - Setting next_dagrun for example_trigger_controller_dag to 2021-01-01T00:00:00+00:00
[2021-11-02 15:58:29,519] {processor.py:171} INFO - Processing /home/linuxadmin/.local/lib/python3.6/site-packages/airflow/example_dags/example_trigger_controller_dag.py took 0.088 seconds
[2021-11-02 15:58:33,781] {processor.py:163} INFO - Started process (PID=180474) to work on /home/linuxadmin/.local/lib/python3.6/site-packages/airflow/example_dags/example_trigger_controller_dag.py
[2021-11-02 15:58:33,782] {processor.py:620} INFO - Processing file /home/linuxadmin/.local/lib/python3.6/site-packages/airflow/example_dags/example_trigger_controller_dag.py for tasks to queue
[2021-11-02 15:58:33,783] {logging_mixin.py:109} INFO - [2021-11-02 15:58:33,783] {dagbag.py:500} INFO - Filling up the DagBag from /home/linuxadmin/.local/lib/python3.6/site-packages/airflow/example_dags/example_trigger_controller_dag.py
[2021-11-02 15:58:33,819] {processor.py:632} INFO - DAG(s) dict_keys(['example_trigger_controller_dag']) retrieved from /home/linuxadmin/.local/lib/python3.6/site-packages/airflow/example_dags/example_trigger_controller_dag.py
[2021-11-02 15:58:33,842] {logging_mixin.py:109} INFO - [2021-11-02 15:58:33,842] {dag.py:2389} INFO - Sync 1 DAGs
[2021-11-02 15:58:33,866] {logging_mixin.py:109} INFO - [2021-11-02 15:58:33,866] {dag.py:2921} INFO - Setting next_dagrun for example_trigger_controller_dag to 2021-01-01T00:00:00+00:00
[2021-11-02 15:58:33,875] {processor.py:171} INFO - Processing /home/linuxadmin/.local/lib/python3.6/site-packages/airflow/example_dags/example_trigger_controller_dag.py took 0.100 seconds
[2021-11-02 15:58:38,501] {processor.py:163} INFO - Started process (PID=180596) to work on /home/linuxadmin/.local/lib/python3.6/site-packages/airflow/example_dags/example_trigger_controller_dag.py
[2021-11-02 15:58:38,502] {processor.py:620} INFO - Processing file /home/linuxadmin/.local/lib/python3.6/site-packages/airflow/example_dags/example_trigger_controller_dag.py for tasks to queue
[2021-11-02 15:58:38,503] {logging_mixin.py:109} INFO - [2021-11-02 15:58:38,502] {dagbag.py:500} INFO - Filling up the DagBag from /home/linuxadmin/.local/lib/python3.6/site-packages/airflow/example_dags/example_trigger_controller_dag.py
[2021-11-02 15:58:38,541] {processor.py:632} INFO - DAG(s) dict_keys(['example_trigger_controller_dag']) retrieved from /home/linuxadmin/.local/lib/python3.6/site-packages/airflow/example_dags/example_trigger_controller_dag.py
[2021-11-02 15:58:38,557] {logging_mixin.py:109} INFO - [2021-11-02 15:58:38,557] {dag.py:2389} INFO - Sync 1 DAGs
[2021-11-02 15:58:38,582] {logging_mixin.py:109} INFO - [2021-11-02 15:58:38,582] {dag.py:2921} INFO - Setting next_dagrun for example_trigger_controller_dag to 2021-01-01T00:00:00+00:00
[2021-11-02 15:58:38,594] {processor.py:171} INFO - Processing /home/linuxadmin/.local/lib/python3.6/site-packages/airflow/example_dags/example_trigger_controller_dag.py took 0.097 seconds
[2021-11-02 15:58:42,524] {processor.py:163} INFO - Started process (PID=180715) to work on /home/linuxadmin/.local/lib/python3.6/site-packages/airflow/example_dags/example_trigger_controller_dag.py
[2021-11-02 15:58:42,525] {processor.py:620} INFO - Processing file /home/linuxadmin/.local/lib/python3.6/site-packages/airflow/example_dags/example_trigger_controller_dag.py for tasks to queue
[2021-11-02 15:58:42,526] {logging_mixin.py:109} INFO - [2021-11-02 15:58:42,526] {dagbag.py:500} INFO - Filling up the DagBag from /home/linuxadmin/.local/lib/python3.6/site-packages/airflow/example_dags/example_trigger_controller_dag.py
[2021-11-02 15:58:42,565] {processor.py:632} INFO - DAG(s) dict_keys(['example_trigger_controller_dag']) retrieved from /home/linuxadmin/.local/lib/python3.6/site-packages/airflow/example_dags/example_trigger_controller_dag.py
[2021-11-02 15:58:42,577] {logging_mixin.py:109} INFO - [2021-11-02 15:58:42,577] {dag.py:2389} INFO - Sync 1 DAGs
[2021-11-02 15:58:42,600] {logging_mixin.py:109} INFO - [2021-11-02 15:58:42,599] {dag.py:2921} INFO - Setting next_dagrun for example_trigger_controller_dag to 2021-01-01T00:00:00+00:00
[2021-11-02 15:58:42,609] {processor.py:171} INFO - Processing /home/linuxadmin/.local/lib/python3.6/site-packages/airflow/example_dags/example_trigger_controller_dag.py took 0.089 seconds
[2021-11-02 15:58:47,083] {processor.py:163} INFO - Started process (PID=180839) to work on /home/linuxadmin/.local/lib/python3.6/site-packages/airflow/example_dags/example_trigger_controller_dag.py
[2021-11-02 15:58:47,085] {processor.py:620} INFO - Processing file /home/linuxadmin/.local/lib/python3.6/site-packages/airflow/example_dags/example_trigger_controller_dag.py for tasks to queue
[2021-11-02 15:58:47,085] {logging_mixin.py:109} INFO - [2021-11-02 15:58:47,085] {dagbag.py:500} INFO - Filling up the DagBag from /home/linuxadmin/.local/lib/python3.6/site-packages/airflow/example_dags/example_trigger_controller_dag.py
[2021-11-02 15:58:47,120] {processor.py:632} INFO - DAG(s) dict_keys(['example_trigger_controller_dag']) retrieved from /home/linuxadmin/.local/lib/python3.6/site-packages/airflow/example_dags/example_trigger_controller_dag.py
[2021-11-02 15:58:47,133] {logging_mixin.py:109} INFO - [2021-11-02 15:58:47,133] {dag.py:2389} INFO - Sync 1 DAGs
[2021-11-02 15:58:47,158] {logging_mixin.py:109} INFO - [2021-11-02 15:58:47,157] {dag.py:2921} INFO - Setting next_dagrun for example_trigger_controller_dag to 2021-01-01T00:00:00+00:00
[2021-11-02 15:58:47,173] {processor.py:171} INFO - Processing /home/linuxadmin/.local/lib/python3.6/site-packages/airflow/example_dags/example_trigger_controller_dag.py took 0.096 seconds
[2021-11-02 15:58:50,987] {processor.py:163} INFO - Started process (PID=180960) to work on /home/linuxadmin/.local/lib/python3.6/site-packages/airflow/example_dags/example_trigger_controller_dag.py
[2021-11-02 15:58:50,988] {processor.py:620} INFO - Processing file /home/linuxadmin/.local/lib/python3.6/site-packages/airflow/example_dags/example_trigger_controller_dag.py for tasks to queue
[2021-11-02 15:58:50,989] {logging_mixin.py:109} INFO - [2021-11-02 15:58:50,989] {dagbag.py:500} INFO - Filling up the DagBag from /home/linuxadmin/.local/lib/python3.6/site-packages/airflow/example_dags/example_trigger_controller_dag.py
[2021-11-02 15:58:51,028] {processor.py:632} INFO - DAG(s) dict_keys(['example_trigger_controller_dag']) retrieved from /home/linuxadmin/.local/lib/python3.6/site-packages/airflow/example_dags/example_trigger_controller_dag.py
[2021-11-02 15:58:51,047] {logging_mixin.py:109} INFO - [2021-11-02 15:58:51,047] {dag.py:2389} INFO - Sync 1 DAGs
[2021-11-02 15:58:51,072] {logging_mixin.py:109} INFO - [2021-11-02 15:58:51,072] {dag.py:2921} INFO - Setting next_dagrun for example_trigger_controller_dag to 2021-01-01T00:00:00+00:00
[2021-11-02 15:58:51,086] {processor.py:171} INFO - Processing /home/linuxadmin/.local/lib/python3.6/site-packages/airflow/example_dags/example_trigger_controller_dag.py took 0.105 seconds
[2021-11-02 15:58:55,381] {processor.py:163} INFO - Started process (PID=181082) to work on /home/linuxadmin/.local/lib/python3.6/site-packages/airflow/example_dags/example_trigger_controller_dag.py
[2021-11-02 15:58:55,384] {processor.py:620} INFO - Processing file /home/linuxadmin/.local/lib/python3.6/site-packages/airflow/example_dags/example_trigger_controller_dag.py for tasks to queue
[2021-11-02 15:58:55,385] {logging_mixin.py:109} INFO - [2021-11-02 15:58:55,384] {dagbag.py:500} INFO - Filling up the DagBag from /home/linuxadmin/.local/lib/python3.6/site-packages/airflow/example_dags/example_trigger_controller_dag.py
[2021-11-02 15:58:55,427] {processor.py:632} INFO - DAG(s) dict_keys(['example_trigger_controller_dag']) retrieved from /home/linuxadmin/.local/lib/python3.6/site-packages/airflow/example_dags/example_trigger_controller_dag.py
[2021-11-02 15:58:55,440] {logging_mixin.py:109} INFO - [2021-11-02 15:58:55,440] {dag.py:2389} INFO - Sync 1 DAGs
[2021-11-02 15:58:55,461] {logging_mixin.py:109} INFO - [2021-11-02 15:58:55,461] {dag.py:2921} INFO - Setting next_dagrun for example_trigger_controller_dag to 2021-01-01T00:00:00+00:00
[2021-11-02 15:58:55,471] {processor.py:171} INFO - Processing /home/linuxadmin/.local/lib/python3.6/site-packages/airflow/example_dags/example_trigger_controller_dag.py took 0.096 seconds
[2021-11-02 15:59:00,215] {processor.py:163} INFO - Started process (PID=181202) to work on /home/linuxadmin/.local/lib/python3.6/site-packages/airflow/example_dags/example_trigger_controller_dag.py
[2021-11-02 15:59:00,216] {processor.py:620} INFO - Processing file /home/linuxadmin/.local/lib/python3.6/site-packages/airflow/example_dags/example_trigger_controller_dag.py for tasks to queue
[2021-11-02 15:59:00,217] {logging_mixin.py:109} INFO - [2021-11-02 15:59:00,217] {dagbag.py:500} INFO - Filling up the DagBag from /home/linuxadmin/.local/lib/python3.6/site-packages/airflow/example_dags/example_trigger_controller_dag.py
[2021-11-02 15:59:00,256] {processor.py:632} INFO - DAG(s) dict_keys(['example_trigger_controller_dag']) retrieved from /home/linuxadmin/.local/lib/python3.6/site-packages/airflow/example_dags/example_trigger_controller_dag.py
[2021-11-02 15:59:00,269] {logging_mixin.py:109} INFO - [2021-11-02 15:59:00,268] {dag.py:2389} INFO - Sync 1 DAGs
[2021-11-02 15:59:00,296] {logging_mixin.py:109} INFO - [2021-11-02 15:59:00,296] {dag.py:2921} INFO - Setting next_dagrun for example_trigger_controller_dag to 2021-01-01T00:00:00+00:00
[2021-11-02 15:59:00,310] {processor.py:171} INFO - Processing /home/linuxadmin/.local/lib/python3.6/site-packages/airflow/example_dags/example_trigger_controller_dag.py took 0.101 seconds
[2021-11-02 15:59:05,485] {processor.py:163} INFO - Started process (PID=181329) to work on /home/linuxadmin/.local/lib/python3.6/site-packages/airflow/example_dags/example_trigger_controller_dag.py
[2021-11-02 15:59:05,487] {processor.py:620} INFO - Processing file /home/linuxadmin/.local/lib/python3.6/site-packages/airflow/example_dags/example_trigger_controller_dag.py for tasks to queue
[2021-11-02 15:59:05,488] {logging_mixin.py:109} INFO - [2021-11-02 15:59:05,488] {dagbag.py:500} INFO - Filling up the DagBag from /home/linuxadmin/.local/lib/python3.6/site-packages/airflow/example_dags/example_trigger_controller_dag.py
[2021-11-02 15:59:05,545] {processor.py:632} INFO - DAG(s) dict_keys(['example_trigger_controller_dag']) retrieved from /home/linuxadmin/.local/lib/python3.6/site-packages/airflow/example_dags/example_trigger_controller_dag.py
[2021-11-02 15:59:05,559] {logging_mixin.py:109} INFO - [2021-11-02 15:59:05,559] {dag.py:2389} INFO - Sync 1 DAGs
[2021-11-02 15:59:05,586] {logging_mixin.py:109} INFO - [2021-11-02 15:59:05,585] {dag.py:2921} INFO - Setting next_dagrun for example_trigger_controller_dag to 2021-01-01T00:00:00+00:00
[2021-11-02 15:59:05,599] {processor.py:171} INFO - Processing /home/linuxadmin/.local/lib/python3.6/site-packages/airflow/example_dags/example_trigger_controller_dag.py took 0.122 seconds
[2021-11-02 15:59:09,685] {processor.py:163} INFO - Started process (PID=181449) to work on /home/linuxadmin/.local/lib/python3.6/site-packages/airflow/example_dags/example_trigger_controller_dag.py
[2021-11-02 15:59:09,686] {processor.py:620} INFO - Processing file /home/linuxadmin/.local/lib/python3.6/site-packages/airflow/example_dags/example_trigger_controller_dag.py for tasks to queue
[2021-11-02 15:59:09,687] {logging_mixin.py:109} INFO - [2021-11-02 15:59:09,687] {dagbag.py:500} INFO - Filling up the DagBag from /home/linuxadmin/.local/lib/python3.6/site-packages/airflow/example_dags/example_trigger_controller_dag.py
[2021-11-02 15:59:09,720] {processor.py:632} INFO - DAG(s) dict_keys(['example_trigger_controller_dag']) retrieved from /home/linuxadmin/.local/lib/python3.6/site-packages/airflow/example_dags/example_trigger_controller_dag.py
[2021-11-02 15:59:09,734] {logging_mixin.py:109} INFO - [2021-11-02 15:59:09,733] {dag.py:2389} INFO - Sync 1 DAGs
[2021-11-02 15:59:09,760] {logging_mixin.py:109} INFO - [2021-11-02 15:59:09,760] {dag.py:2921} INFO - Setting next_dagrun for example_trigger_controller_dag to 2021-01-01T00:00:00+00:00
[2021-11-02 15:59:09,774] {processor.py:171} INFO - Processing /home/linuxadmin/.local/lib/python3.6/site-packages/airflow/example_dags/example_trigger_controller_dag.py took 0.094 seconds
[2021-11-02 15:59:14,278] {processor.py:163} INFO - Started process (PID=181568) to work on /home/linuxadmin/.local/lib/python3.6/site-packages/airflow/example_dags/example_trigger_controller_dag.py
[2021-11-02 15:59:14,279] {processor.py:620} INFO - Processing file /home/linuxadmin/.local/lib/python3.6/site-packages/airflow/example_dags/example_trigger_controller_dag.py for tasks to queue
[2021-11-02 15:59:14,280] {logging_mixin.py:109} INFO - [2021-11-02 15:59:14,280] {dagbag.py:500} INFO - Filling up the DagBag from /home/linuxadmin/.local/lib/python3.6/site-packages/airflow/example_dags/example_trigger_controller_dag.py
[2021-11-02 15:59:14,517] {logging_mixin.py:109} INFO - [2021-11-02 15:59:14,517] {process_utils.py:212} INFO - Waiting up to 5 seconds for processes to exit...
