[2021-11-02 15:55:17,994] {processor.py:163} INFO - Started process (PID=175222) to work on /home/linuxadmin/.local/lib/python3.6/site-packages/airflow/example_dags/example_xcom.py
[2021-11-02 15:55:17,995] {processor.py:620} INFO - Processing file /home/linuxadmin/.local/lib/python3.6/site-packages/airflow/example_dags/example_xcom.py for tasks to queue
[2021-11-02 15:55:17,996] {logging_mixin.py:109} INFO - [2021-11-02 15:55:17,995] {dagbag.py:500} INFO - Filling up the DagBag from /home/linuxadmin/.local/lib/python3.6/site-packages/airflow/example_dags/example_xcom.py
[2021-11-02 15:55:18,039] {processor.py:632} INFO - DAG(s) dict_keys(['example_xcom']) retrieved from /home/linuxadmin/.local/lib/python3.6/site-packages/airflow/example_dags/example_xcom.py
[2021-11-02 15:55:18,380] {logging_mixin.py:109} INFO - [2021-11-02 15:55:18,380] {dag.py:2389} INFO - Sync 1 DAGs
[2021-11-02 15:55:18,398] {logging_mixin.py:109} INFO - [2021-11-02 15:55:18,398] {dag.py:2921} INFO - Setting next_dagrun for example_xcom to 2021-01-01T00:00:00+00:00
[2021-11-02 15:55:18,410] {processor.py:171} INFO - Processing /home/linuxadmin/.local/lib/python3.6/site-packages/airflow/example_dags/example_xcom.py took 0.421 seconds
[2021-11-02 15:55:23,227] {processor.py:163} INFO - Started process (PID=175349) to work on /home/linuxadmin/.local/lib/python3.6/site-packages/airflow/example_dags/example_xcom.py
[2021-11-02 15:55:23,229] {processor.py:620} INFO - Processing file /home/linuxadmin/.local/lib/python3.6/site-packages/airflow/example_dags/example_xcom.py for tasks to queue
[2021-11-02 15:55:23,230] {logging_mixin.py:109} INFO - [2021-11-02 15:55:23,230] {dagbag.py:500} INFO - Filling up the DagBag from /home/linuxadmin/.local/lib/python3.6/site-packages/airflow/example_dags/example_xcom.py
[2021-11-02 15:55:23,277] {processor.py:632} INFO - DAG(s) dict_keys(['example_xcom']) retrieved from /home/linuxadmin/.local/lib/python3.6/site-packages/airflow/example_dags/example_xcom.py
[2021-11-02 15:55:23,282] {logging_mixin.py:109} INFO - [2021-11-02 15:55:23,282] {dag.py:2389} INFO - Sync 1 DAGs
[2021-11-02 15:55:23,305] {logging_mixin.py:109} INFO - [2021-11-02 15:55:23,305] {dag.py:2921} INFO - Setting next_dagrun for example_xcom to 2021-01-01T00:00:00+00:00
[2021-11-02 15:55:23,317] {processor.py:171} INFO - Processing /home/linuxadmin/.local/lib/python3.6/site-packages/airflow/example_dags/example_xcom.py took 0.096 seconds
[2021-11-02 15:55:27,346] {processor.py:163} INFO - Started process (PID=175467) to work on /home/linuxadmin/.local/lib/python3.6/site-packages/airflow/example_dags/example_xcom.py
[2021-11-02 15:55:27,348] {processor.py:620} INFO - Processing file /home/linuxadmin/.local/lib/python3.6/site-packages/airflow/example_dags/example_xcom.py for tasks to queue
[2021-11-02 15:55:27,349] {logging_mixin.py:109} INFO - [2021-11-02 15:55:27,349] {dagbag.py:500} INFO - Filling up the DagBag from /home/linuxadmin/.local/lib/python3.6/site-packages/airflow/example_dags/example_xcom.py
[2021-11-02 15:55:27,403] {processor.py:632} INFO - DAG(s) dict_keys(['example_xcom']) retrieved from /home/linuxadmin/.local/lib/python3.6/site-packages/airflow/example_dags/example_xcom.py
[2021-11-02 15:55:27,408] {logging_mixin.py:109} INFO - [2021-11-02 15:55:27,408] {dag.py:2389} INFO - Sync 1 DAGs
[2021-11-02 15:55:27,430] {logging_mixin.py:109} INFO - [2021-11-02 15:55:27,430] {dag.py:2921} INFO - Setting next_dagrun for example_xcom to 2021-01-01T00:00:00+00:00
[2021-11-02 15:55:27,444] {processor.py:171} INFO - Processing /home/linuxadmin/.local/lib/python3.6/site-packages/airflow/example_dags/example_xcom.py took 0.104 seconds
[2021-11-02 15:55:31,899] {processor.py:163} INFO - Started process (PID=175590) to work on /home/linuxadmin/.local/lib/python3.6/site-packages/airflow/example_dags/example_xcom.py
[2021-11-02 15:55:31,900] {processor.py:620} INFO - Processing file /home/linuxadmin/.local/lib/python3.6/site-packages/airflow/example_dags/example_xcom.py for tasks to queue
[2021-11-02 15:55:31,901] {logging_mixin.py:109} INFO - [2021-11-02 15:55:31,901] {dagbag.py:500} INFO - Filling up the DagBag from /home/linuxadmin/.local/lib/python3.6/site-packages/airflow/example_dags/example_xcom.py
[2021-11-02 15:55:31,942] {processor.py:632} INFO - DAG(s) dict_keys(['example_xcom']) retrieved from /home/linuxadmin/.local/lib/python3.6/site-packages/airflow/example_dags/example_xcom.py
[2021-11-02 15:55:31,950] {logging_mixin.py:109} INFO - [2021-11-02 15:55:31,949] {dag.py:2389} INFO - Sync 1 DAGs
[2021-11-02 15:55:31,985] {logging_mixin.py:109} INFO - [2021-11-02 15:55:31,985] {dag.py:2921} INFO - Setting next_dagrun for example_xcom to 2021-01-01T00:00:00+00:00
[2021-11-02 15:55:31,999] {processor.py:171} INFO - Processing /home/linuxadmin/.local/lib/python3.6/site-packages/airflow/example_dags/example_xcom.py took 0.105 seconds
[2021-11-02 15:55:36,455] {processor.py:163} INFO - Started process (PID=175710) to work on /home/linuxadmin/.local/lib/python3.6/site-packages/airflow/example_dags/example_xcom.py
[2021-11-02 15:55:36,457] {processor.py:620} INFO - Processing file /home/linuxadmin/.local/lib/python3.6/site-packages/airflow/example_dags/example_xcom.py for tasks to queue
[2021-11-02 15:55:36,458] {logging_mixin.py:109} INFO - [2021-11-02 15:55:36,458] {dagbag.py:500} INFO - Filling up the DagBag from /home/linuxadmin/.local/lib/python3.6/site-packages/airflow/example_dags/example_xcom.py
[2021-11-02 15:55:36,513] {processor.py:632} INFO - DAG(s) dict_keys(['example_xcom']) retrieved from /home/linuxadmin/.local/lib/python3.6/site-packages/airflow/example_dags/example_xcom.py
[2021-11-02 15:55:36,518] {logging_mixin.py:109} INFO - [2021-11-02 15:55:36,518] {dag.py:2389} INFO - Sync 1 DAGs
[2021-11-02 15:55:36,554] {logging_mixin.py:109} INFO - [2021-11-02 15:55:36,554] {dag.py:2921} INFO - Setting next_dagrun for example_xcom to 2021-01-01T00:00:00+00:00
[2021-11-02 15:55:36,571] {processor.py:171} INFO - Processing /home/linuxadmin/.local/lib/python3.6/site-packages/airflow/example_dags/example_xcom.py took 0.122 seconds
[2021-11-02 15:55:40,983] {processor.py:163} INFO - Started process (PID=175833) to work on /home/linuxadmin/.local/lib/python3.6/site-packages/airflow/example_dags/example_xcom.py
[2021-11-02 15:55:40,985] {processor.py:620} INFO - Processing file /home/linuxadmin/.local/lib/python3.6/site-packages/airflow/example_dags/example_xcom.py for tasks to queue
[2021-11-02 15:55:40,985] {logging_mixin.py:109} INFO - [2021-11-02 15:55:40,985] {dagbag.py:500} INFO - Filling up the DagBag from /home/linuxadmin/.local/lib/python3.6/site-packages/airflow/example_dags/example_xcom.py
[2021-11-02 15:55:41,025] {processor.py:632} INFO - DAG(s) dict_keys(['example_xcom']) retrieved from /home/linuxadmin/.local/lib/python3.6/site-packages/airflow/example_dags/example_xcom.py
[2021-11-02 15:55:41,029] {logging_mixin.py:109} INFO - [2021-11-02 15:55:41,029] {dag.py:2389} INFO - Sync 1 DAGs
[2021-11-02 15:55:41,051] {logging_mixin.py:109} INFO - [2021-11-02 15:55:41,050] {dag.py:2921} INFO - Setting next_dagrun for example_xcom to 2021-01-01T00:00:00+00:00
[2021-11-02 15:55:41,061] {processor.py:171} INFO - Processing /home/linuxadmin/.local/lib/python3.6/site-packages/airflow/example_dags/example_xcom.py took 0.082 seconds
[2021-11-02 15:55:44,832] {processor.py:163} INFO - Started process (PID=175950) to work on /home/linuxadmin/.local/lib/python3.6/site-packages/airflow/example_dags/example_xcom.py
[2021-11-02 15:55:44,833] {processor.py:620} INFO - Processing file /home/linuxadmin/.local/lib/python3.6/site-packages/airflow/example_dags/example_xcom.py for tasks to queue
[2021-11-02 15:55:44,834] {logging_mixin.py:109} INFO - [2021-11-02 15:55:44,834] {dagbag.py:500} INFO - Filling up the DagBag from /home/linuxadmin/.local/lib/python3.6/site-packages/airflow/example_dags/example_xcom.py
[2021-11-02 15:55:44,889] {processor.py:632} INFO - DAG(s) dict_keys(['example_xcom']) retrieved from /home/linuxadmin/.local/lib/python3.6/site-packages/airflow/example_dags/example_xcom.py
[2021-11-02 15:55:44,899] {logging_mixin.py:109} INFO - [2021-11-02 15:55:44,899] {dag.py:2389} INFO - Sync 1 DAGs
[2021-11-02 15:55:44,927] {logging_mixin.py:109} INFO - [2021-11-02 15:55:44,927] {dag.py:2921} INFO - Setting next_dagrun for example_xcom to 2021-01-01T00:00:00+00:00
[2021-11-02 15:55:44,944] {processor.py:171} INFO - Processing /home/linuxadmin/.local/lib/python3.6/site-packages/airflow/example_dags/example_xcom.py took 0.116 seconds
[2021-11-02 15:55:49,519] {processor.py:163} INFO - Started process (PID=176073) to work on /home/linuxadmin/.local/lib/python3.6/site-packages/airflow/example_dags/example_xcom.py
[2021-11-02 15:55:49,521] {processor.py:620} INFO - Processing file /home/linuxadmin/.local/lib/python3.6/site-packages/airflow/example_dags/example_xcom.py for tasks to queue
[2021-11-02 15:55:49,522] {logging_mixin.py:109} INFO - [2021-11-02 15:55:49,522] {dagbag.py:500} INFO - Filling up the DagBag from /home/linuxadmin/.local/lib/python3.6/site-packages/airflow/example_dags/example_xcom.py
[2021-11-02 15:55:49,568] {processor.py:632} INFO - DAG(s) dict_keys(['example_xcom']) retrieved from /home/linuxadmin/.local/lib/python3.6/site-packages/airflow/example_dags/example_xcom.py
[2021-11-02 15:55:49,914] {logging_mixin.py:109} INFO - [2021-11-02 15:55:49,914] {dag.py:2389} INFO - Sync 1 DAGs
[2021-11-02 15:55:49,939] {logging_mixin.py:109} INFO - [2021-11-02 15:55:49,939] {dag.py:2921} INFO - Setting next_dagrun for example_xcom to 2021-01-01T00:00:00+00:00
[2021-11-02 15:55:49,955] {processor.py:171} INFO - Processing /home/linuxadmin/.local/lib/python3.6/site-packages/airflow/example_dags/example_xcom.py took 0.442 seconds
[2021-11-02 15:55:54,288] {processor.py:163} INFO - Started process (PID=176195) to work on /home/linuxadmin/.local/lib/python3.6/site-packages/airflow/example_dags/example_xcom.py
[2021-11-02 15:55:54,289] {processor.py:620} INFO - Processing file /home/linuxadmin/.local/lib/python3.6/site-packages/airflow/example_dags/example_xcom.py for tasks to queue
[2021-11-02 15:55:54,290] {logging_mixin.py:109} INFO - [2021-11-02 15:55:54,290] {dagbag.py:500} INFO - Filling up the DagBag from /home/linuxadmin/.local/lib/python3.6/site-packages/airflow/example_dags/example_xcom.py
[2021-11-02 15:55:54,332] {processor.py:632} INFO - DAG(s) dict_keys(['example_xcom']) retrieved from /home/linuxadmin/.local/lib/python3.6/site-packages/airflow/example_dags/example_xcom.py
[2021-11-02 15:55:54,338] {logging_mixin.py:109} INFO - [2021-11-02 15:55:54,338] {dag.py:2389} INFO - Sync 1 DAGs
[2021-11-02 15:55:54,362] {logging_mixin.py:109} INFO - [2021-11-02 15:55:54,361] {dag.py:2921} INFO - Setting next_dagrun for example_xcom to 2021-01-01T00:00:00+00:00
[2021-11-02 15:55:54,375] {processor.py:171} INFO - Processing /home/linuxadmin/.local/lib/python3.6/site-packages/airflow/example_dags/example_xcom.py took 0.092 seconds
[2021-11-02 15:55:58,972] {processor.py:163} INFO - Started process (PID=176317) to work on /home/linuxadmin/.local/lib/python3.6/site-packages/airflow/example_dags/example_xcom.py
[2021-11-02 15:55:58,973] {processor.py:620} INFO - Processing file /home/linuxadmin/.local/lib/python3.6/site-packages/airflow/example_dags/example_xcom.py for tasks to queue
[2021-11-02 15:55:58,974] {logging_mixin.py:109} INFO - [2021-11-02 15:55:58,974] {dagbag.py:500} INFO - Filling up the DagBag from /home/linuxadmin/.local/lib/python3.6/site-packages/airflow/example_dags/example_xcom.py
[2021-11-02 15:55:59,023] {processor.py:632} INFO - DAG(s) dict_keys(['example_xcom']) retrieved from /home/linuxadmin/.local/lib/python3.6/site-packages/airflow/example_dags/example_xcom.py
[2021-11-02 15:55:59,029] {logging_mixin.py:109} INFO - [2021-11-02 15:55:59,029] {dag.py:2389} INFO - Sync 1 DAGs
[2021-11-02 15:55:59,059] {logging_mixin.py:109} INFO - [2021-11-02 15:55:59,059] {dag.py:2921} INFO - Setting next_dagrun for example_xcom to 2021-01-01T00:00:00+00:00
[2021-11-02 15:55:59,072] {processor.py:171} INFO - Processing /home/linuxadmin/.local/lib/python3.6/site-packages/airflow/example_dags/example_xcom.py took 0.105 seconds
[2021-11-02 15:56:03,460] {processor.py:163} INFO - Started process (PID=176436) to work on /home/linuxadmin/.local/lib/python3.6/site-packages/airflow/example_dags/example_xcom.py
[2021-11-02 15:56:03,462] {processor.py:620} INFO - Processing file /home/linuxadmin/.local/lib/python3.6/site-packages/airflow/example_dags/example_xcom.py for tasks to queue
[2021-11-02 15:56:03,463] {logging_mixin.py:109} INFO - [2021-11-02 15:56:03,462] {dagbag.py:500} INFO - Filling up the DagBag from /home/linuxadmin/.local/lib/python3.6/site-packages/airflow/example_dags/example_xcom.py
[2021-11-02 15:56:03,505] {processor.py:632} INFO - DAG(s) dict_keys(['example_xcom']) retrieved from /home/linuxadmin/.local/lib/python3.6/site-packages/airflow/example_dags/example_xcom.py
[2021-11-02 15:56:03,511] {logging_mixin.py:109} INFO - [2021-11-02 15:56:03,511] {dag.py:2389} INFO - Sync 1 DAGs
[2021-11-02 15:56:03,541] {logging_mixin.py:109} INFO - [2021-11-02 15:56:03,540] {dag.py:2921} INFO - Setting next_dagrun for example_xcom to 2021-01-01T00:00:00+00:00
[2021-11-02 15:56:03,553] {processor.py:171} INFO - Processing /home/linuxadmin/.local/lib/python3.6/site-packages/airflow/example_dags/example_xcom.py took 0.098 seconds
[2021-11-02 15:56:08,286] {processor.py:163} INFO - Started process (PID=176559) to work on /home/linuxadmin/.local/lib/python3.6/site-packages/airflow/example_dags/example_xcom.py
[2021-11-02 15:56:08,287] {processor.py:620} INFO - Processing file /home/linuxadmin/.local/lib/python3.6/site-packages/airflow/example_dags/example_xcom.py for tasks to queue
[2021-11-02 15:56:08,289] {logging_mixin.py:109} INFO - [2021-11-02 15:56:08,288] {dagbag.py:500} INFO - Filling up the DagBag from /home/linuxadmin/.local/lib/python3.6/site-packages/airflow/example_dags/example_xcom.py
[2021-11-02 15:56:08,335] {processor.py:632} INFO - DAG(s) dict_keys(['example_xcom']) retrieved from /home/linuxadmin/.local/lib/python3.6/site-packages/airflow/example_dags/example_xcom.py
[2021-11-02 15:56:08,340] {logging_mixin.py:109} INFO - [2021-11-02 15:56:08,340] {dag.py:2389} INFO - Sync 1 DAGs
[2021-11-02 15:56:08,368] {logging_mixin.py:109} INFO - [2021-11-02 15:56:08,368] {dag.py:2921} INFO - Setting next_dagrun for example_xcom to 2021-01-01T00:00:00+00:00
[2021-11-02 15:56:08,381] {processor.py:171} INFO - Processing /home/linuxadmin/.local/lib/python3.6/site-packages/airflow/example_dags/example_xcom.py took 0.100 seconds
[2021-11-02 15:56:13,040] {processor.py:163} INFO - Started process (PID=176683) to work on /home/linuxadmin/.local/lib/python3.6/site-packages/airflow/example_dags/example_xcom.py
[2021-11-02 15:56:13,041] {processor.py:620} INFO - Processing file /home/linuxadmin/.local/lib/python3.6/site-packages/airflow/example_dags/example_xcom.py for tasks to queue
[2021-11-02 15:56:13,042] {logging_mixin.py:109} INFO - [2021-11-02 15:56:13,042] {dagbag.py:500} INFO - Filling up the DagBag from /home/linuxadmin/.local/lib/python3.6/site-packages/airflow/example_dags/example_xcom.py
[2021-11-02 15:56:13,082] {processor.py:632} INFO - DAG(s) dict_keys(['example_xcom']) retrieved from /home/linuxadmin/.local/lib/python3.6/site-packages/airflow/example_dags/example_xcom.py
[2021-11-02 15:56:13,087] {logging_mixin.py:109} INFO - [2021-11-02 15:56:13,087] {dag.py:2389} INFO - Sync 1 DAGs
[2021-11-02 15:56:13,110] {logging_mixin.py:109} INFO - [2021-11-02 15:56:13,109] {dag.py:2921} INFO - Setting next_dagrun for example_xcom to 2021-01-01T00:00:00+00:00
[2021-11-02 15:56:13,124] {processor.py:171} INFO - Processing /home/linuxadmin/.local/lib/python3.6/site-packages/airflow/example_dags/example_xcom.py took 0.088 seconds
[2021-11-02 15:56:17,240] {processor.py:163} INFO - Started process (PID=176801) to work on /home/linuxadmin/.local/lib/python3.6/site-packages/airflow/example_dags/example_xcom.py
[2021-11-02 15:56:17,241] {processor.py:620} INFO - Processing file /home/linuxadmin/.local/lib/python3.6/site-packages/airflow/example_dags/example_xcom.py for tasks to queue
[2021-11-02 15:56:17,242] {logging_mixin.py:109} INFO - [2021-11-02 15:56:17,242] {dagbag.py:500} INFO - Filling up the DagBag from /home/linuxadmin/.local/lib/python3.6/site-packages/airflow/example_dags/example_xcom.py
[2021-11-02 15:56:17,285] {processor.py:632} INFO - DAG(s) dict_keys(['example_xcom']) retrieved from /home/linuxadmin/.local/lib/python3.6/site-packages/airflow/example_dags/example_xcom.py
[2021-11-02 15:56:17,290] {logging_mixin.py:109} INFO - [2021-11-02 15:56:17,290] {dag.py:2389} INFO - Sync 1 DAGs
[2021-11-02 15:56:17,319] {logging_mixin.py:109} INFO - [2021-11-02 15:56:17,317] {dag.py:2921} INFO - Setting next_dagrun for example_xcom to 2021-01-01T00:00:00+00:00
[2021-11-02 15:56:17,338] {processor.py:171} INFO - Processing /home/linuxadmin/.local/lib/python3.6/site-packages/airflow/example_dags/example_xcom.py took 0.103 seconds
[2021-11-02 15:56:21,980] {processor.py:163} INFO - Started process (PID=176925) to work on /home/linuxadmin/.local/lib/python3.6/site-packages/airflow/example_dags/example_xcom.py
[2021-11-02 15:56:21,981] {processor.py:620} INFO - Processing file /home/linuxadmin/.local/lib/python3.6/site-packages/airflow/example_dags/example_xcom.py for tasks to queue
[2021-11-02 15:56:21,982] {logging_mixin.py:109} INFO - [2021-11-02 15:56:21,982] {dagbag.py:500} INFO - Filling up the DagBag from /home/linuxadmin/.local/lib/python3.6/site-packages/airflow/example_dags/example_xcom.py
[2021-11-02 15:56:22,020] {processor.py:632} INFO - DAG(s) dict_keys(['example_xcom']) retrieved from /home/linuxadmin/.local/lib/python3.6/site-packages/airflow/example_dags/example_xcom.py
[2021-11-02 15:56:22,381] {logging_mixin.py:109} INFO - [2021-11-02 15:56:22,380] {dag.py:2389} INFO - Sync 1 DAGs
[2021-11-02 15:56:22,409] {logging_mixin.py:109} INFO - [2021-11-02 15:56:22,408] {dag.py:2921} INFO - Setting next_dagrun for example_xcom to 2021-01-01T00:00:00+00:00
[2021-11-02 15:56:22,429] {processor.py:171} INFO - Processing /home/linuxadmin/.local/lib/python3.6/site-packages/airflow/example_dags/example_xcom.py took 0.454 seconds
[2021-11-02 15:56:26,634] {processor.py:163} INFO - Started process (PID=177042) to work on /home/linuxadmin/.local/lib/python3.6/site-packages/airflow/example_dags/example_xcom.py
[2021-11-02 15:56:26,636] {processor.py:620} INFO - Processing file /home/linuxadmin/.local/lib/python3.6/site-packages/airflow/example_dags/example_xcom.py for tasks to queue
[2021-11-02 15:56:26,637] {logging_mixin.py:109} INFO - [2021-11-02 15:56:26,637] {dagbag.py:500} INFO - Filling up the DagBag from /home/linuxadmin/.local/lib/python3.6/site-packages/airflow/example_dags/example_xcom.py
[2021-11-02 15:56:26,680] {processor.py:632} INFO - DAG(s) dict_keys(['example_xcom']) retrieved from /home/linuxadmin/.local/lib/python3.6/site-packages/airflow/example_dags/example_xcom.py
[2021-11-02 15:56:26,685] {logging_mixin.py:109} INFO - [2021-11-02 15:56:26,685] {dag.py:2389} INFO - Sync 1 DAGs
[2021-11-02 15:56:26,713] {logging_mixin.py:109} INFO - [2021-11-02 15:56:26,713] {dag.py:2921} INFO - Setting next_dagrun for example_xcom to 2021-01-01T00:00:00+00:00
[2021-11-02 15:56:26,727] {processor.py:171} INFO - Processing /home/linuxadmin/.local/lib/python3.6/site-packages/airflow/example_dags/example_xcom.py took 0.099 seconds
[2021-11-02 15:56:31,129] {processor.py:163} INFO - Started process (PID=177164) to work on /home/linuxadmin/.local/lib/python3.6/site-packages/airflow/example_dags/example_xcom.py
[2021-11-02 15:56:31,131] {processor.py:620} INFO - Processing file /home/linuxadmin/.local/lib/python3.6/site-packages/airflow/example_dags/example_xcom.py for tasks to queue
[2021-11-02 15:56:31,131] {logging_mixin.py:109} INFO - [2021-11-02 15:56:31,131] {dagbag.py:500} INFO - Filling up the DagBag from /home/linuxadmin/.local/lib/python3.6/site-packages/airflow/example_dags/example_xcom.py
[2021-11-02 15:56:31,178] {processor.py:632} INFO - DAG(s) dict_keys(['example_xcom']) retrieved from /home/linuxadmin/.local/lib/python3.6/site-packages/airflow/example_dags/example_xcom.py
[2021-11-02 15:56:31,185] {logging_mixin.py:109} INFO - [2021-11-02 15:56:31,185] {dag.py:2389} INFO - Sync 1 DAGs
[2021-11-02 15:56:31,215] {logging_mixin.py:109} INFO - [2021-11-02 15:56:31,214] {dag.py:2921} INFO - Setting next_dagrun for example_xcom to 2021-01-01T00:00:00+00:00
[2021-11-02 15:56:31,229] {processor.py:171} INFO - Processing /home/linuxadmin/.local/lib/python3.6/site-packages/airflow/example_dags/example_xcom.py took 0.103 seconds
[2021-11-02 15:56:35,073] {processor.py:163} INFO - Started process (PID=177282) to work on /home/linuxadmin/.local/lib/python3.6/site-packages/airflow/example_dags/example_xcom.py
[2021-11-02 15:56:35,075] {processor.py:620} INFO - Processing file /home/linuxadmin/.local/lib/python3.6/site-packages/airflow/example_dags/example_xcom.py for tasks to queue
[2021-11-02 15:56:35,075] {logging_mixin.py:109} INFO - [2021-11-02 15:56:35,075] {dagbag.py:500} INFO - Filling up the DagBag from /home/linuxadmin/.local/lib/python3.6/site-packages/airflow/example_dags/example_xcom.py
[2021-11-02 15:56:35,115] {processor.py:632} INFO - DAG(s) dict_keys(['example_xcom']) retrieved from /home/linuxadmin/.local/lib/python3.6/site-packages/airflow/example_dags/example_xcom.py
[2021-11-02 15:56:35,120] {logging_mixin.py:109} INFO - [2021-11-02 15:56:35,119] {dag.py:2389} INFO - Sync 1 DAGs
[2021-11-02 15:56:35,146] {logging_mixin.py:109} INFO - [2021-11-02 15:56:35,145] {dag.py:2921} INFO - Setting next_dagrun for example_xcom to 2021-01-01T00:00:00+00:00
[2021-11-02 15:56:35,155] {processor.py:171} INFO - Processing /home/linuxadmin/.local/lib/python3.6/site-packages/airflow/example_dags/example_xcom.py took 0.086 seconds
[2021-11-02 15:56:39,497] {processor.py:163} INFO - Started process (PID=177407) to work on /home/linuxadmin/.local/lib/python3.6/site-packages/airflow/example_dags/example_xcom.py
[2021-11-02 15:56:39,498] {processor.py:620} INFO - Processing file /home/linuxadmin/.local/lib/python3.6/site-packages/airflow/example_dags/example_xcom.py for tasks to queue
[2021-11-02 15:56:39,499] {logging_mixin.py:109} INFO - [2021-11-02 15:56:39,499] {dagbag.py:500} INFO - Filling up the DagBag from /home/linuxadmin/.local/lib/python3.6/site-packages/airflow/example_dags/example_xcom.py
[2021-11-02 15:56:39,547] {processor.py:632} INFO - DAG(s) dict_keys(['example_xcom']) retrieved from /home/linuxadmin/.local/lib/python3.6/site-packages/airflow/example_dags/example_xcom.py
[2021-11-02 15:56:39,553] {logging_mixin.py:109} INFO - [2021-11-02 15:56:39,553] {dag.py:2389} INFO - Sync 1 DAGs
[2021-11-02 15:56:39,582] {logging_mixin.py:109} INFO - [2021-11-02 15:56:39,582] {dag.py:2921} INFO - Setting next_dagrun for example_xcom to 2021-01-01T00:00:00+00:00
[2021-11-02 15:56:39,598] {processor.py:171} INFO - Processing /home/linuxadmin/.local/lib/python3.6/site-packages/airflow/example_dags/example_xcom.py took 0.107 seconds
[2021-11-02 15:56:43,490] {processor.py:163} INFO - Started process (PID=177525) to work on /home/linuxadmin/.local/lib/python3.6/site-packages/airflow/example_dags/example_xcom.py
[2021-11-02 15:56:43,492] {processor.py:620} INFO - Processing file /home/linuxadmin/.local/lib/python3.6/site-packages/airflow/example_dags/example_xcom.py for tasks to queue
[2021-11-02 15:56:43,493] {logging_mixin.py:109} INFO - [2021-11-02 15:56:43,492] {dagbag.py:500} INFO - Filling up the DagBag from /home/linuxadmin/.local/lib/python3.6/site-packages/airflow/example_dags/example_xcom.py
[2021-11-02 15:56:43,540] {processor.py:632} INFO - DAG(s) dict_keys(['example_xcom']) retrieved from /home/linuxadmin/.local/lib/python3.6/site-packages/airflow/example_dags/example_xcom.py
[2021-11-02 15:56:43,544] {logging_mixin.py:109} INFO - [2021-11-02 15:56:43,544] {dag.py:2389} INFO - Sync 1 DAGs
[2021-11-02 15:56:43,564] {logging_mixin.py:109} INFO - [2021-11-02 15:56:43,564] {dag.py:2921} INFO - Setting next_dagrun for example_xcom to 2021-01-01T00:00:00+00:00
[2021-11-02 15:56:43,581] {processor.py:171} INFO - Processing /home/linuxadmin/.local/lib/python3.6/site-packages/airflow/example_dags/example_xcom.py took 0.097 seconds
[2021-11-02 15:56:47,895] {processor.py:163} INFO - Started process (PID=177651) to work on /home/linuxadmin/.local/lib/python3.6/site-packages/airflow/example_dags/example_xcom.py
[2021-11-02 15:56:47,897] {processor.py:620} INFO - Processing file /home/linuxadmin/.local/lib/python3.6/site-packages/airflow/example_dags/example_xcom.py for tasks to queue
[2021-11-02 15:56:47,898] {logging_mixin.py:109} INFO - [2021-11-02 15:56:47,898] {dagbag.py:500} INFO - Filling up the DagBag from /home/linuxadmin/.local/lib/python3.6/site-packages/airflow/example_dags/example_xcom.py
[2021-11-02 15:56:47,949] {processor.py:632} INFO - DAG(s) dict_keys(['example_xcom']) retrieved from /home/linuxadmin/.local/lib/python3.6/site-packages/airflow/example_dags/example_xcom.py
[2021-11-02 15:56:47,959] {logging_mixin.py:109} INFO - [2021-11-02 15:56:47,958] {dag.py:2389} INFO - Sync 1 DAGs
[2021-11-02 15:56:47,987] {logging_mixin.py:109} INFO - [2021-11-02 15:56:47,987] {dag.py:2921} INFO - Setting next_dagrun for example_xcom to 2021-01-01T00:00:00+00:00
[2021-11-02 15:56:47,999] {processor.py:171} INFO - Processing /home/linuxadmin/.local/lib/python3.6/site-packages/airflow/example_dags/example_xcom.py took 0.110 seconds
[2021-11-02 15:56:52,450] {processor.py:163} INFO - Started process (PID=177771) to work on /home/linuxadmin/.local/lib/python3.6/site-packages/airflow/example_dags/example_xcom.py
[2021-11-02 15:56:52,452] {processor.py:620} INFO - Processing file /home/linuxadmin/.local/lib/python3.6/site-packages/airflow/example_dags/example_xcom.py for tasks to queue
[2021-11-02 15:56:52,453] {logging_mixin.py:109} INFO - [2021-11-02 15:56:52,453] {dagbag.py:500} INFO - Filling up the DagBag from /home/linuxadmin/.local/lib/python3.6/site-packages/airflow/example_dags/example_xcom.py
[2021-11-02 15:56:52,498] {processor.py:632} INFO - DAG(s) dict_keys(['example_xcom']) retrieved from /home/linuxadmin/.local/lib/python3.6/site-packages/airflow/example_dags/example_xcom.py
[2021-11-02 15:56:52,802] {logging_mixin.py:109} INFO - [2021-11-02 15:56:52,801] {dag.py:2389} INFO - Sync 1 DAGs
[2021-11-02 15:56:52,822] {logging_mixin.py:109} INFO - [2021-11-02 15:56:52,821] {dag.py:2921} INFO - Setting next_dagrun for example_xcom to 2021-01-01T00:00:00+00:00
[2021-11-02 15:56:52,841] {processor.py:171} INFO - Processing /home/linuxadmin/.local/lib/python3.6/site-packages/airflow/example_dags/example_xcom.py took 0.396 seconds
[2021-11-02 15:56:57,505] {processor.py:163} INFO - Started process (PID=177893) to work on /home/linuxadmin/.local/lib/python3.6/site-packages/airflow/example_dags/example_xcom.py
[2021-11-02 15:56:57,506] {processor.py:620} INFO - Processing file /home/linuxadmin/.local/lib/python3.6/site-packages/airflow/example_dags/example_xcom.py for tasks to queue
[2021-11-02 15:56:57,507] {logging_mixin.py:109} INFO - [2021-11-02 15:56:57,507] {dagbag.py:500} INFO - Filling up the DagBag from /home/linuxadmin/.local/lib/python3.6/site-packages/airflow/example_dags/example_xcom.py
[2021-11-02 15:56:57,556] {processor.py:632} INFO - DAG(s) dict_keys(['example_xcom']) retrieved from /home/linuxadmin/.local/lib/python3.6/site-packages/airflow/example_dags/example_xcom.py
[2021-11-02 15:56:57,563] {logging_mixin.py:109} INFO - [2021-11-02 15:56:57,562] {dag.py:2389} INFO - Sync 1 DAGs
[2021-11-02 15:56:57,595] {logging_mixin.py:109} INFO - [2021-11-02 15:56:57,595] {dag.py:2921} INFO - Setting next_dagrun for example_xcom to 2021-01-01T00:00:00+00:00
[2021-11-02 15:56:57,609] {processor.py:171} INFO - Processing /home/linuxadmin/.local/lib/python3.6/site-packages/airflow/example_dags/example_xcom.py took 0.109 seconds
[2021-11-02 15:57:01,958] {processor.py:163} INFO - Started process (PID=178013) to work on /home/linuxadmin/.local/lib/python3.6/site-packages/airflow/example_dags/example_xcom.py
[2021-11-02 15:57:01,961] {processor.py:620} INFO - Processing file /home/linuxadmin/.local/lib/python3.6/site-packages/airflow/example_dags/example_xcom.py for tasks to queue
[2021-11-02 15:57:01,963] {logging_mixin.py:109} INFO - [2021-11-02 15:57:01,962] {dagbag.py:500} INFO - Filling up the DagBag from /home/linuxadmin/.local/lib/python3.6/site-packages/airflow/example_dags/example_xcom.py
[2021-11-02 15:57:02,005] {processor.py:632} INFO - DAG(s) dict_keys(['example_xcom']) retrieved from /home/linuxadmin/.local/lib/python3.6/site-packages/airflow/example_dags/example_xcom.py
[2021-11-02 15:57:02,010] {logging_mixin.py:109} INFO - [2021-11-02 15:57:02,010] {dag.py:2389} INFO - Sync 1 DAGs
[2021-11-02 15:57:02,035] {logging_mixin.py:109} INFO - [2021-11-02 15:57:02,035] {dag.py:2921} INFO - Setting next_dagrun for example_xcom to 2021-01-01T00:00:00+00:00
[2021-11-02 15:57:02,047] {processor.py:171} INFO - Processing /home/linuxadmin/.local/lib/python3.6/site-packages/airflow/example_dags/example_xcom.py took 0.096 seconds
[2021-11-02 15:57:06,806] {processor.py:163} INFO - Started process (PID=178137) to work on /home/linuxadmin/.local/lib/python3.6/site-packages/airflow/example_dags/example_xcom.py
[2021-11-02 15:57:06,807] {processor.py:620} INFO - Processing file /home/linuxadmin/.local/lib/python3.6/site-packages/airflow/example_dags/example_xcom.py for tasks to queue
[2021-11-02 15:57:06,808] {logging_mixin.py:109} INFO - [2021-11-02 15:57:06,807] {dagbag.py:500} INFO - Filling up the DagBag from /home/linuxadmin/.local/lib/python3.6/site-packages/airflow/example_dags/example_xcom.py
[2021-11-02 15:57:06,853] {processor.py:632} INFO - DAG(s) dict_keys(['example_xcom']) retrieved from /home/linuxadmin/.local/lib/python3.6/site-packages/airflow/example_dags/example_xcom.py
[2021-11-02 15:57:06,858] {logging_mixin.py:109} INFO - [2021-11-02 15:57:06,858] {dag.py:2389} INFO - Sync 1 DAGs
[2021-11-02 15:57:06,893] {logging_mixin.py:109} INFO - [2021-11-02 15:57:06,892] {dag.py:2921} INFO - Setting next_dagrun for example_xcom to 2021-01-01T00:00:00+00:00
[2021-11-02 15:57:06,906] {processor.py:171} INFO - Processing /home/linuxadmin/.local/lib/python3.6/site-packages/airflow/example_dags/example_xcom.py took 0.105 seconds
[2021-11-02 15:57:10,971] {processor.py:163} INFO - Started process (PID=178255) to work on /home/linuxadmin/.local/lib/python3.6/site-packages/airflow/example_dags/example_xcom.py
[2021-11-02 15:57:10,973] {processor.py:620} INFO - Processing file /home/linuxadmin/.local/lib/python3.6/site-packages/airflow/example_dags/example_xcom.py for tasks to queue
[2021-11-02 15:57:10,974] {logging_mixin.py:109} INFO - [2021-11-02 15:57:10,973] {dagbag.py:500} INFO - Filling up the DagBag from /home/linuxadmin/.local/lib/python3.6/site-packages/airflow/example_dags/example_xcom.py
[2021-11-02 15:57:11,029] {processor.py:632} INFO - DAG(s) dict_keys(['example_xcom']) retrieved from /home/linuxadmin/.local/lib/python3.6/site-packages/airflow/example_dags/example_xcom.py
[2021-11-02 15:57:11,034] {logging_mixin.py:109} INFO - [2021-11-02 15:57:11,033] {dag.py:2389} INFO - Sync 1 DAGs
[2021-11-02 15:57:11,059] {logging_mixin.py:109} INFO - [2021-11-02 15:57:11,058] {dag.py:2921} INFO - Setting next_dagrun for example_xcom to 2021-01-01T00:00:00+00:00
[2021-11-02 15:57:11,071] {processor.py:171} INFO - Processing /home/linuxadmin/.local/lib/python3.6/site-packages/airflow/example_dags/example_xcom.py took 0.106 seconds
[2021-11-02 15:57:15,695] {processor.py:163} INFO - Started process (PID=178377) to work on /home/linuxadmin/.local/lib/python3.6/site-packages/airflow/example_dags/example_xcom.py
[2021-11-02 15:57:15,696] {processor.py:620} INFO - Processing file /home/linuxadmin/.local/lib/python3.6/site-packages/airflow/example_dags/example_xcom.py for tasks to queue
[2021-11-02 15:57:15,697] {logging_mixin.py:109} INFO - [2021-11-02 15:57:15,697] {dagbag.py:500} INFO - Filling up the DagBag from /home/linuxadmin/.local/lib/python3.6/site-packages/airflow/example_dags/example_xcom.py
[2021-11-02 15:57:15,745] {processor.py:632} INFO - DAG(s) dict_keys(['example_xcom']) retrieved from /home/linuxadmin/.local/lib/python3.6/site-packages/airflow/example_dags/example_xcom.py
[2021-11-02 15:57:15,750] {logging_mixin.py:109} INFO - [2021-11-02 15:57:15,750] {dag.py:2389} INFO - Sync 1 DAGs
[2021-11-02 15:57:15,771] {logging_mixin.py:109} INFO - [2021-11-02 15:57:15,771] {dag.py:2921} INFO - Setting next_dagrun for example_xcom to 2021-01-01T00:00:00+00:00
[2021-11-02 15:57:15,781] {processor.py:171} INFO - Processing /home/linuxadmin/.local/lib/python3.6/site-packages/airflow/example_dags/example_xcom.py took 0.092 seconds
[2021-11-02 15:57:19,672] {processor.py:163} INFO - Started process (PID=178496) to work on /home/linuxadmin/.local/lib/python3.6/site-packages/airflow/example_dags/example_xcom.py
[2021-11-02 15:57:19,673] {processor.py:620} INFO - Processing file /home/linuxadmin/.local/lib/python3.6/site-packages/airflow/example_dags/example_xcom.py for tasks to queue
[2021-11-02 15:57:19,674] {logging_mixin.py:109} INFO - [2021-11-02 15:57:19,674] {dagbag.py:500} INFO - Filling up the DagBag from /home/linuxadmin/.local/lib/python3.6/site-packages/airflow/example_dags/example_xcom.py
[2021-11-02 15:57:19,717] {processor.py:632} INFO - DAG(s) dict_keys(['example_xcom']) retrieved from /home/linuxadmin/.local/lib/python3.6/site-packages/airflow/example_dags/example_xcom.py
[2021-11-02 15:57:19,721] {logging_mixin.py:109} INFO - [2021-11-02 15:57:19,720] {dag.py:2389} INFO - Sync 1 DAGs
[2021-11-02 15:57:19,750] {logging_mixin.py:109} INFO - [2021-11-02 15:57:19,750] {dag.py:2921} INFO - Setting next_dagrun for example_xcom to 2021-01-01T00:00:00+00:00
[2021-11-02 15:57:19,763] {processor.py:171} INFO - Processing /home/linuxadmin/.local/lib/python3.6/site-packages/airflow/example_dags/example_xcom.py took 0.096 seconds
[2021-11-02 15:57:24,305] {processor.py:163} INFO - Started process (PID=178618) to work on /home/linuxadmin/.local/lib/python3.6/site-packages/airflow/example_dags/example_xcom.py
[2021-11-02 15:57:24,307] {processor.py:620} INFO - Processing file /home/linuxadmin/.local/lib/python3.6/site-packages/airflow/example_dags/example_xcom.py for tasks to queue
[2021-11-02 15:57:24,308] {logging_mixin.py:109} INFO - [2021-11-02 15:57:24,307] {dagbag.py:500} INFO - Filling up the DagBag from /home/linuxadmin/.local/lib/python3.6/site-packages/airflow/example_dags/example_xcom.py
[2021-11-02 15:57:24,361] {processor.py:632} INFO - DAG(s) dict_keys(['example_xcom']) retrieved from /home/linuxadmin/.local/lib/python3.6/site-packages/airflow/example_dags/example_xcom.py
[2021-11-02 15:57:24,738] {logging_mixin.py:109} INFO - [2021-11-02 15:57:24,738] {dag.py:2389} INFO - Sync 1 DAGs
[2021-11-02 15:57:24,762] {logging_mixin.py:109} INFO - [2021-11-02 15:57:24,762] {dag.py:2921} INFO - Setting next_dagrun for example_xcom to 2021-01-01T00:00:00+00:00
[2021-11-02 15:57:24,774] {processor.py:171} INFO - Processing /home/linuxadmin/.local/lib/python3.6/site-packages/airflow/example_dags/example_xcom.py took 0.474 seconds
[2021-11-02 15:57:29,073] {processor.py:163} INFO - Started process (PID=178740) to work on /home/linuxadmin/.local/lib/python3.6/site-packages/airflow/example_dags/example_xcom.py
[2021-11-02 15:57:29,075] {processor.py:620} INFO - Processing file /home/linuxadmin/.local/lib/python3.6/site-packages/airflow/example_dags/example_xcom.py for tasks to queue
[2021-11-02 15:57:29,076] {logging_mixin.py:109} INFO - [2021-11-02 15:57:29,076] {dagbag.py:500} INFO - Filling up the DagBag from /home/linuxadmin/.local/lib/python3.6/site-packages/airflow/example_dags/example_xcom.py
[2021-11-02 15:57:29,119] {processor.py:632} INFO - DAG(s) dict_keys(['example_xcom']) retrieved from /home/linuxadmin/.local/lib/python3.6/site-packages/airflow/example_dags/example_xcom.py
[2021-11-02 15:57:29,123] {logging_mixin.py:109} INFO - [2021-11-02 15:57:29,123] {dag.py:2389} INFO - Sync 1 DAGs
[2021-11-02 15:57:29,145] {logging_mixin.py:109} INFO - [2021-11-02 15:57:29,144] {dag.py:2921} INFO - Setting next_dagrun for example_xcom to 2021-01-01T00:00:00+00:00
[2021-11-02 15:57:29,158] {processor.py:171} INFO - Processing /home/linuxadmin/.local/lib/python3.6/site-packages/airflow/example_dags/example_xcom.py took 0.092 seconds
[2021-11-02 15:57:33,813] {processor.py:163} INFO - Started process (PID=178864) to work on /home/linuxadmin/.local/lib/python3.6/site-packages/airflow/example_dags/example_xcom.py
[2021-11-02 15:57:33,814] {processor.py:620} INFO - Processing file /home/linuxadmin/.local/lib/python3.6/site-packages/airflow/example_dags/example_xcom.py for tasks to queue
[2021-11-02 15:57:33,815] {logging_mixin.py:109} INFO - [2021-11-02 15:57:33,815] {dagbag.py:500} INFO - Filling up the DagBag from /home/linuxadmin/.local/lib/python3.6/site-packages/airflow/example_dags/example_xcom.py
[2021-11-02 15:57:33,863] {processor.py:632} INFO - DAG(s) dict_keys(['example_xcom']) retrieved from /home/linuxadmin/.local/lib/python3.6/site-packages/airflow/example_dags/example_xcom.py
[2021-11-02 15:57:33,868] {logging_mixin.py:109} INFO - [2021-11-02 15:57:33,868] {dag.py:2389} INFO - Sync 1 DAGs
[2021-11-02 15:57:33,890] {logging_mixin.py:109} INFO - [2021-11-02 15:57:33,890] {dag.py:2921} INFO - Setting next_dagrun for example_xcom to 2021-01-01T00:00:00+00:00
[2021-11-02 15:57:33,900] {processor.py:171} INFO - Processing /home/linuxadmin/.local/lib/python3.6/site-packages/airflow/example_dags/example_xcom.py took 0.092 seconds
[2021-11-02 15:57:37,853] {processor.py:163} INFO - Started process (PID=178982) to work on /home/linuxadmin/.local/lib/python3.6/site-packages/airflow/example_dags/example_xcom.py
[2021-11-02 15:57:37,856] {processor.py:620} INFO - Processing file /home/linuxadmin/.local/lib/python3.6/site-packages/airflow/example_dags/example_xcom.py for tasks to queue
[2021-11-02 15:57:37,856] {logging_mixin.py:109} INFO - [2021-11-02 15:57:37,856] {dagbag.py:500} INFO - Filling up the DagBag from /home/linuxadmin/.local/lib/python3.6/site-packages/airflow/example_dags/example_xcom.py
[2021-11-02 15:57:37,895] {processor.py:632} INFO - DAG(s) dict_keys(['example_xcom']) retrieved from /home/linuxadmin/.local/lib/python3.6/site-packages/airflow/example_dags/example_xcom.py
[2021-11-02 15:57:37,899] {logging_mixin.py:109} INFO - [2021-11-02 15:57:37,899] {dag.py:2389} INFO - Sync 1 DAGs
[2021-11-02 15:57:37,922] {logging_mixin.py:109} INFO - [2021-11-02 15:57:37,921] {dag.py:2921} INFO - Setting next_dagrun for example_xcom to 2021-01-01T00:00:00+00:00
[2021-11-02 15:57:37,932] {processor.py:171} INFO - Processing /home/linuxadmin/.local/lib/python3.6/site-packages/airflow/example_dags/example_xcom.py took 0.083 seconds
[2021-11-02 15:57:42,369] {processor.py:163} INFO - Started process (PID=179102) to work on /home/linuxadmin/.local/lib/python3.6/site-packages/airflow/example_dags/example_xcom.py
[2021-11-02 15:57:42,372] {processor.py:620} INFO - Processing file /home/linuxadmin/.local/lib/python3.6/site-packages/airflow/example_dags/example_xcom.py for tasks to queue
[2021-11-02 15:57:42,373] {logging_mixin.py:109} INFO - [2021-11-02 15:57:42,372] {dagbag.py:500} INFO - Filling up the DagBag from /home/linuxadmin/.local/lib/python3.6/site-packages/airflow/example_dags/example_xcom.py
[2021-11-02 15:57:42,431] {processor.py:632} INFO - DAG(s) dict_keys(['example_xcom']) retrieved from /home/linuxadmin/.local/lib/python3.6/site-packages/airflow/example_dags/example_xcom.py
[2021-11-02 15:57:42,438] {logging_mixin.py:109} INFO - [2021-11-02 15:57:42,437] {dag.py:2389} INFO - Sync 1 DAGs
[2021-11-02 15:57:42,470] {logging_mixin.py:109} INFO - [2021-11-02 15:57:42,470] {dag.py:2921} INFO - Setting next_dagrun for example_xcom to 2021-01-01T00:00:00+00:00
[2021-11-02 15:57:42,487] {processor.py:171} INFO - Processing /home/linuxadmin/.local/lib/python3.6/site-packages/airflow/example_dags/example_xcom.py took 0.124 seconds
[2021-11-02 15:57:46,656] {processor.py:163} INFO - Started process (PID=179222) to work on /home/linuxadmin/.local/lib/python3.6/site-packages/airflow/example_dags/example_xcom.py
[2021-11-02 15:57:46,657] {processor.py:620} INFO - Processing file /home/linuxadmin/.local/lib/python3.6/site-packages/airflow/example_dags/example_xcom.py for tasks to queue
[2021-11-02 15:57:46,657] {logging_mixin.py:109} INFO - [2021-11-02 15:57:46,657] {dagbag.py:500} INFO - Filling up the DagBag from /home/linuxadmin/.local/lib/python3.6/site-packages/airflow/example_dags/example_xcom.py
[2021-11-02 15:57:46,695] {processor.py:632} INFO - DAG(s) dict_keys(['example_xcom']) retrieved from /home/linuxadmin/.local/lib/python3.6/site-packages/airflow/example_dags/example_xcom.py
[2021-11-02 15:57:46,699] {logging_mixin.py:109} INFO - [2021-11-02 15:57:46,699] {dag.py:2389} INFO - Sync 1 DAGs
[2021-11-02 15:57:46,720] {logging_mixin.py:109} INFO - [2021-11-02 15:57:46,720] {dag.py:2921} INFO - Setting next_dagrun for example_xcom to 2021-01-01T00:00:00+00:00
[2021-11-02 15:57:46,731] {processor.py:171} INFO - Processing /home/linuxadmin/.local/lib/python3.6/site-packages/airflow/example_dags/example_xcom.py took 0.080 seconds
[2021-11-02 15:57:51,498] {processor.py:163} INFO - Started process (PID=179348) to work on /home/linuxadmin/.local/lib/python3.6/site-packages/airflow/example_dags/example_xcom.py
[2021-11-02 15:57:51,500] {processor.py:620} INFO - Processing file /home/linuxadmin/.local/lib/python3.6/site-packages/airflow/example_dags/example_xcom.py for tasks to queue
[2021-11-02 15:57:51,501] {logging_mixin.py:109} INFO - [2021-11-02 15:57:51,501] {dagbag.py:500} INFO - Filling up the DagBag from /home/linuxadmin/.local/lib/python3.6/site-packages/airflow/example_dags/example_xcom.py
[2021-11-02 15:57:51,542] {processor.py:632} INFO - DAG(s) dict_keys(['example_xcom']) retrieved from /home/linuxadmin/.local/lib/python3.6/site-packages/airflow/example_dags/example_xcom.py
[2021-11-02 15:57:51,548] {logging_mixin.py:109} INFO - [2021-11-02 15:57:51,547] {dag.py:2389} INFO - Sync 1 DAGs
[2021-11-02 15:57:51,572] {logging_mixin.py:109} INFO - [2021-11-02 15:57:51,572] {dag.py:2921} INFO - Setting next_dagrun for example_xcom to 2021-01-01T00:00:00+00:00
[2021-11-02 15:57:51,583] {processor.py:171} INFO - Processing /home/linuxadmin/.local/lib/python3.6/site-packages/airflow/example_dags/example_xcom.py took 0.091 seconds
[2021-11-02 15:57:56,406] {processor.py:163} INFO - Started process (PID=179472) to work on /home/linuxadmin/.local/lib/python3.6/site-packages/airflow/example_dags/example_xcom.py
[2021-11-02 15:57:56,407] {processor.py:620} INFO - Processing file /home/linuxadmin/.local/lib/python3.6/site-packages/airflow/example_dags/example_xcom.py for tasks to queue
[2021-11-02 15:57:56,407] {logging_mixin.py:109} INFO - [2021-11-02 15:57:56,407] {dagbag.py:500} INFO - Filling up the DagBag from /home/linuxadmin/.local/lib/python3.6/site-packages/airflow/example_dags/example_xcom.py
[2021-11-02 15:57:56,452] {processor.py:632} INFO - DAG(s) dict_keys(['example_xcom']) retrieved from /home/linuxadmin/.local/lib/python3.6/site-packages/airflow/example_dags/example_xcom.py
[2021-11-02 15:57:56,741] {logging_mixin.py:109} INFO - [2021-11-02 15:57:56,741] {dag.py:2389} INFO - Sync 1 DAGs
[2021-11-02 15:57:56,759] {logging_mixin.py:109} INFO - [2021-11-02 15:57:56,759] {dag.py:2921} INFO - Setting next_dagrun for example_xcom to 2021-01-01T00:00:00+00:00
[2021-11-02 15:57:56,775] {processor.py:171} INFO - Processing /home/linuxadmin/.local/lib/python3.6/site-packages/airflow/example_dags/example_xcom.py took 0.375 seconds
[2021-11-02 15:58:00,954] {processor.py:163} INFO - Started process (PID=179591) to work on /home/linuxadmin/.local/lib/python3.6/site-packages/airflow/example_dags/example_xcom.py
[2021-11-02 15:58:00,955] {processor.py:620} INFO - Processing file /home/linuxadmin/.local/lib/python3.6/site-packages/airflow/example_dags/example_xcom.py for tasks to queue
[2021-11-02 15:58:00,958] {logging_mixin.py:109} INFO - [2021-11-02 15:58:00,958] {dagbag.py:500} INFO - Filling up the DagBag from /home/linuxadmin/.local/lib/python3.6/site-packages/airflow/example_dags/example_xcom.py
[2021-11-02 15:58:00,997] {processor.py:632} INFO - DAG(s) dict_keys(['example_xcom']) retrieved from /home/linuxadmin/.local/lib/python3.6/site-packages/airflow/example_dags/example_xcom.py
[2021-11-02 15:58:01,002] {logging_mixin.py:109} INFO - [2021-11-02 15:58:01,002] {dag.py:2389} INFO - Sync 1 DAGs
[2021-11-02 15:58:01,024] {logging_mixin.py:109} INFO - [2021-11-02 15:58:01,024] {dag.py:2921} INFO - Setting next_dagrun for example_xcom to 2021-01-01T00:00:00+00:00
[2021-11-02 15:58:01,036] {processor.py:171} INFO - Processing /home/linuxadmin/.local/lib/python3.6/site-packages/airflow/example_dags/example_xcom.py took 0.088 seconds
[2021-11-02 15:58:05,392] {processor.py:163} INFO - Started process (PID=179714) to work on /home/linuxadmin/.local/lib/python3.6/site-packages/airflow/example_dags/example_xcom.py
[2021-11-02 15:58:05,393] {processor.py:620} INFO - Processing file /home/linuxadmin/.local/lib/python3.6/site-packages/airflow/example_dags/example_xcom.py for tasks to queue
[2021-11-02 15:58:05,394] {logging_mixin.py:109} INFO - [2021-11-02 15:58:05,394] {dagbag.py:500} INFO - Filling up the DagBag from /home/linuxadmin/.local/lib/python3.6/site-packages/airflow/example_dags/example_xcom.py
[2021-11-02 15:58:05,439] {processor.py:632} INFO - DAG(s) dict_keys(['example_xcom']) retrieved from /home/linuxadmin/.local/lib/python3.6/site-packages/airflow/example_dags/example_xcom.py
[2021-11-02 15:58:05,444] {logging_mixin.py:109} INFO - [2021-11-02 15:58:05,444] {dag.py:2389} INFO - Sync 1 DAGs
[2021-11-02 15:58:05,463] {logging_mixin.py:109} INFO - [2021-11-02 15:58:05,463] {dag.py:2921} INFO - Setting next_dagrun for example_xcom to 2021-01-01T00:00:00+00:00
[2021-11-02 15:58:05,475] {processor.py:171} INFO - Processing /home/linuxadmin/.local/lib/python3.6/site-packages/airflow/example_dags/example_xcom.py took 0.088 seconds
[2021-11-02 15:58:09,691] {processor.py:163} INFO - Started process (PID=179833) to work on /home/linuxadmin/.local/lib/python3.6/site-packages/airflow/example_dags/example_xcom.py
[2021-11-02 15:58:09,692] {processor.py:620} INFO - Processing file /home/linuxadmin/.local/lib/python3.6/site-packages/airflow/example_dags/example_xcom.py for tasks to queue
[2021-11-02 15:58:09,693] {logging_mixin.py:109} INFO - [2021-11-02 15:58:09,693] {dagbag.py:500} INFO - Filling up the DagBag from /home/linuxadmin/.local/lib/python3.6/site-packages/airflow/example_dags/example_xcom.py
[2021-11-02 15:58:09,738] {processor.py:632} INFO - DAG(s) dict_keys(['example_xcom']) retrieved from /home/linuxadmin/.local/lib/python3.6/site-packages/airflow/example_dags/example_xcom.py
[2021-11-02 15:58:09,744] {logging_mixin.py:109} INFO - [2021-11-02 15:58:09,743] {dag.py:2389} INFO - Sync 1 DAGs
[2021-11-02 15:58:09,780] {logging_mixin.py:109} INFO - [2021-11-02 15:58:09,780] {dag.py:2921} INFO - Setting next_dagrun for example_xcom to 2021-01-01T00:00:00+00:00
[2021-11-02 15:58:09,793] {processor.py:171} INFO - Processing /home/linuxadmin/.local/lib/python3.6/site-packages/airflow/example_dags/example_xcom.py took 0.107 seconds
[2021-11-02 15:58:14,660] {processor.py:163} INFO - Started process (PID=179956) to work on /home/linuxadmin/.local/lib/python3.6/site-packages/airflow/example_dags/example_xcom.py
[2021-11-02 15:58:14,662] {processor.py:620} INFO - Processing file /home/linuxadmin/.local/lib/python3.6/site-packages/airflow/example_dags/example_xcom.py for tasks to queue
[2021-11-02 15:58:14,663] {logging_mixin.py:109} INFO - [2021-11-02 15:58:14,663] {dagbag.py:500} INFO - Filling up the DagBag from /home/linuxadmin/.local/lib/python3.6/site-packages/airflow/example_dags/example_xcom.py
[2021-11-02 15:58:14,711] {processor.py:632} INFO - DAG(s) dict_keys(['example_xcom']) retrieved from /home/linuxadmin/.local/lib/python3.6/site-packages/airflow/example_dags/example_xcom.py
[2021-11-02 15:58:14,717] {logging_mixin.py:109} INFO - [2021-11-02 15:58:14,717] {dag.py:2389} INFO - Sync 1 DAGs
[2021-11-02 15:58:14,750] {logging_mixin.py:109} INFO - [2021-11-02 15:58:14,750] {dag.py:2921} INFO - Setting next_dagrun for example_xcom to 2021-01-01T00:00:00+00:00
[2021-11-02 15:58:14,764] {processor.py:171} INFO - Processing /home/linuxadmin/.local/lib/python3.6/site-packages/airflow/example_dags/example_xcom.py took 0.108 seconds
[2021-11-02 15:58:19,246] {processor.py:163} INFO - Started process (PID=180081) to work on /home/linuxadmin/.local/lib/python3.6/site-packages/airflow/example_dags/example_xcom.py
[2021-11-02 15:58:19,248] {processor.py:620} INFO - Processing file /home/linuxadmin/.local/lib/python3.6/site-packages/airflow/example_dags/example_xcom.py for tasks to queue
[2021-11-02 15:58:19,249] {logging_mixin.py:109} INFO - [2021-11-02 15:58:19,249] {dagbag.py:500} INFO - Filling up the DagBag from /home/linuxadmin/.local/lib/python3.6/site-packages/airflow/example_dags/example_xcom.py
[2021-11-02 15:58:19,296] {processor.py:632} INFO - DAG(s) dict_keys(['example_xcom']) retrieved from /home/linuxadmin/.local/lib/python3.6/site-packages/airflow/example_dags/example_xcom.py
[2021-11-02 15:58:19,301] {logging_mixin.py:109} INFO - [2021-11-02 15:58:19,301] {dag.py:2389} INFO - Sync 1 DAGs
[2021-11-02 15:58:19,332] {logging_mixin.py:109} INFO - [2021-11-02 15:58:19,331] {dag.py:2921} INFO - Setting next_dagrun for example_xcom to 2021-01-01T00:00:00+00:00
[2021-11-02 15:58:19,346] {processor.py:171} INFO - Processing /home/linuxadmin/.local/lib/python3.6/site-packages/airflow/example_dags/example_xcom.py took 0.105 seconds
[2021-11-02 15:58:23,215] {processor.py:163} INFO - Started process (PID=180201) to work on /home/linuxadmin/.local/lib/python3.6/site-packages/airflow/example_dags/example_xcom.py
[2021-11-02 15:58:23,216] {processor.py:620} INFO - Processing file /home/linuxadmin/.local/lib/python3.6/site-packages/airflow/example_dags/example_xcom.py for tasks to queue
[2021-11-02 15:58:23,217] {logging_mixin.py:109} INFO - [2021-11-02 15:58:23,217] {dagbag.py:500} INFO - Filling up the DagBag from /home/linuxadmin/.local/lib/python3.6/site-packages/airflow/example_dags/example_xcom.py
[2021-11-02 15:58:23,258] {processor.py:632} INFO - DAG(s) dict_keys(['example_xcom']) retrieved from /home/linuxadmin/.local/lib/python3.6/site-packages/airflow/example_dags/example_xcom.py
[2021-11-02 15:58:23,263] {logging_mixin.py:109} INFO - [2021-11-02 15:58:23,263] {dag.py:2389} INFO - Sync 1 DAGs
[2021-11-02 15:58:23,287] {logging_mixin.py:109} INFO - [2021-11-02 15:58:23,287] {dag.py:2921} INFO - Setting next_dagrun for example_xcom to 2021-01-01T00:00:00+00:00
[2021-11-02 15:58:23,299] {processor.py:171} INFO - Processing /home/linuxadmin/.local/lib/python3.6/site-packages/airflow/example_dags/example_xcom.py took 0.088 seconds
[2021-11-02 15:58:27,973] {processor.py:163} INFO - Started process (PID=180322) to work on /home/linuxadmin/.local/lib/python3.6/site-packages/airflow/example_dags/example_xcom.py
[2021-11-02 15:58:27,975] {processor.py:620} INFO - Processing file /home/linuxadmin/.local/lib/python3.6/site-packages/airflow/example_dags/example_xcom.py for tasks to queue
[2021-11-02 15:58:27,976] {logging_mixin.py:109} INFO - [2021-11-02 15:58:27,976] {dagbag.py:500} INFO - Filling up the DagBag from /home/linuxadmin/.local/lib/python3.6/site-packages/airflow/example_dags/example_xcom.py
[2021-11-02 15:58:28,026] {processor.py:632} INFO - DAG(s) dict_keys(['example_xcom']) retrieved from /home/linuxadmin/.local/lib/python3.6/site-packages/airflow/example_dags/example_xcom.py
[2021-11-02 15:58:28,419] {logging_mixin.py:109} INFO - [2021-11-02 15:58:28,419] {dag.py:2389} INFO - Sync 1 DAGs
[2021-11-02 15:58:28,445] {logging_mixin.py:109} INFO - [2021-11-02 15:58:28,445] {dag.py:2921} INFO - Setting next_dagrun for example_xcom to 2021-01-01T00:00:00+00:00
[2021-11-02 15:58:28,464] {processor.py:171} INFO - Processing /home/linuxadmin/.local/lib/python3.6/site-packages/airflow/example_dags/example_xcom.py took 0.496 seconds
[2021-11-02 15:58:32,907] {processor.py:163} INFO - Started process (PID=180443) to work on /home/linuxadmin/.local/lib/python3.6/site-packages/airflow/example_dags/example_xcom.py
[2021-11-02 15:58:32,908] {processor.py:620} INFO - Processing file /home/linuxadmin/.local/lib/python3.6/site-packages/airflow/example_dags/example_xcom.py for tasks to queue
[2021-11-02 15:58:32,909] {logging_mixin.py:109} INFO - [2021-11-02 15:58:32,909] {dagbag.py:500} INFO - Filling up the DagBag from /home/linuxadmin/.local/lib/python3.6/site-packages/airflow/example_dags/example_xcom.py
[2021-11-02 15:58:32,950] {processor.py:632} INFO - DAG(s) dict_keys(['example_xcom']) retrieved from /home/linuxadmin/.local/lib/python3.6/site-packages/airflow/example_dags/example_xcom.py
[2021-11-02 15:58:32,954] {logging_mixin.py:109} INFO - [2021-11-02 15:58:32,954] {dag.py:2389} INFO - Sync 1 DAGs
[2021-11-02 15:58:32,980] {logging_mixin.py:109} INFO - [2021-11-02 15:58:32,980] {dag.py:2921} INFO - Setting next_dagrun for example_xcom to 2021-01-01T00:00:00+00:00
[2021-11-02 15:58:32,990] {processor.py:171} INFO - Processing /home/linuxadmin/.local/lib/python3.6/site-packages/airflow/example_dags/example_xcom.py took 0.089 seconds
[2021-11-02 15:58:37,739] {processor.py:163} INFO - Started process (PID=180567) to work on /home/linuxadmin/.local/lib/python3.6/site-packages/airflow/example_dags/example_xcom.py
[2021-11-02 15:58:37,740] {processor.py:620} INFO - Processing file /home/linuxadmin/.local/lib/python3.6/site-packages/airflow/example_dags/example_xcom.py for tasks to queue
[2021-11-02 15:58:37,741] {logging_mixin.py:109} INFO - [2021-11-02 15:58:37,741] {dagbag.py:500} INFO - Filling up the DagBag from /home/linuxadmin/.local/lib/python3.6/site-packages/airflow/example_dags/example_xcom.py
[2021-11-02 15:58:37,797] {processor.py:632} INFO - DAG(s) dict_keys(['example_xcom']) retrieved from /home/linuxadmin/.local/lib/python3.6/site-packages/airflow/example_dags/example_xcom.py
[2021-11-02 15:58:37,803] {logging_mixin.py:109} INFO - [2021-11-02 15:58:37,802] {dag.py:2389} INFO - Sync 1 DAGs
[2021-11-02 15:58:37,832] {logging_mixin.py:109} INFO - [2021-11-02 15:58:37,831] {dag.py:2921} INFO - Setting next_dagrun for example_xcom to 2021-01-01T00:00:00+00:00
[2021-11-02 15:58:37,845] {processor.py:171} INFO - Processing /home/linuxadmin/.local/lib/python3.6/site-packages/airflow/example_dags/example_xcom.py took 0.112 seconds
[2021-11-02 15:58:41,592] {processor.py:163} INFO - Started process (PID=180686) to work on /home/linuxadmin/.local/lib/python3.6/site-packages/airflow/example_dags/example_xcom.py
[2021-11-02 15:58:41,594] {processor.py:620} INFO - Processing file /home/linuxadmin/.local/lib/python3.6/site-packages/airflow/example_dags/example_xcom.py for tasks to queue
[2021-11-02 15:58:41,595] {logging_mixin.py:109} INFO - [2021-11-02 15:58:41,595] {dagbag.py:500} INFO - Filling up the DagBag from /home/linuxadmin/.local/lib/python3.6/site-packages/airflow/example_dags/example_xcom.py
[2021-11-02 15:58:41,649] {processor.py:632} INFO - DAG(s) dict_keys(['example_xcom']) retrieved from /home/linuxadmin/.local/lib/python3.6/site-packages/airflow/example_dags/example_xcom.py
[2021-11-02 15:58:41,656] {logging_mixin.py:109} INFO - [2021-11-02 15:58:41,656] {dag.py:2389} INFO - Sync 1 DAGs
[2021-11-02 15:58:41,687] {logging_mixin.py:109} INFO - [2021-11-02 15:58:41,687] {dag.py:2921} INFO - Setting next_dagrun for example_xcom to 2021-01-01T00:00:00+00:00
[2021-11-02 15:58:41,707] {processor.py:171} INFO - Processing /home/linuxadmin/.local/lib/python3.6/site-packages/airflow/example_dags/example_xcom.py took 0.121 seconds
[2021-11-02 15:58:46,154] {processor.py:163} INFO - Started process (PID=180808) to work on /home/linuxadmin/.local/lib/python3.6/site-packages/airflow/example_dags/example_xcom.py
[2021-11-02 15:58:46,155] {processor.py:620} INFO - Processing file /home/linuxadmin/.local/lib/python3.6/site-packages/airflow/example_dags/example_xcom.py for tasks to queue
[2021-11-02 15:58:46,156] {logging_mixin.py:109} INFO - [2021-11-02 15:58:46,155] {dagbag.py:500} INFO - Filling up the DagBag from /home/linuxadmin/.local/lib/python3.6/site-packages/airflow/example_dags/example_xcom.py
[2021-11-02 15:58:46,218] {processor.py:632} INFO - DAG(s) dict_keys(['example_xcom']) retrieved from /home/linuxadmin/.local/lib/python3.6/site-packages/airflow/example_dags/example_xcom.py
[2021-11-02 15:58:46,223] {logging_mixin.py:109} INFO - [2021-11-02 15:58:46,223] {dag.py:2389} INFO - Sync 1 DAGs
[2021-11-02 15:58:46,254] {logging_mixin.py:109} INFO - [2021-11-02 15:58:46,254] {dag.py:2921} INFO - Setting next_dagrun for example_xcom to 2021-01-01T00:00:00+00:00
[2021-11-02 15:58:46,271] {processor.py:171} INFO - Processing /home/linuxadmin/.local/lib/python3.6/site-packages/airflow/example_dags/example_xcom.py took 0.122 seconds
[2021-11-02 15:58:50,215] {processor.py:163} INFO - Started process (PID=180928) to work on /home/linuxadmin/.local/lib/python3.6/site-packages/airflow/example_dags/example_xcom.py
[2021-11-02 15:58:50,218] {processor.py:620} INFO - Processing file /home/linuxadmin/.local/lib/python3.6/site-packages/airflow/example_dags/example_xcom.py for tasks to queue
[2021-11-02 15:58:50,218] {logging_mixin.py:109} INFO - [2021-11-02 15:58:50,218] {dagbag.py:500} INFO - Filling up the DagBag from /home/linuxadmin/.local/lib/python3.6/site-packages/airflow/example_dags/example_xcom.py
[2021-11-02 15:58:50,263] {processor.py:632} INFO - DAG(s) dict_keys(['example_xcom']) retrieved from /home/linuxadmin/.local/lib/python3.6/site-packages/airflow/example_dags/example_xcom.py
[2021-11-02 15:58:50,268] {logging_mixin.py:109} INFO - [2021-11-02 15:58:50,268] {dag.py:2389} INFO - Sync 1 DAGs
[2021-11-02 15:58:50,291] {logging_mixin.py:109} INFO - [2021-11-02 15:58:50,291] {dag.py:2921} INFO - Setting next_dagrun for example_xcom to 2021-01-01T00:00:00+00:00
[2021-11-02 15:58:50,302] {processor.py:171} INFO - Processing /home/linuxadmin/.local/lib/python3.6/site-packages/airflow/example_dags/example_xcom.py took 0.091 seconds
[2021-11-02 15:58:54,416] {processor.py:163} INFO - Started process (PID=181052) to work on /home/linuxadmin/.local/lib/python3.6/site-packages/airflow/example_dags/example_xcom.py
[2021-11-02 15:58:54,418] {processor.py:620} INFO - Processing file /home/linuxadmin/.local/lib/python3.6/site-packages/airflow/example_dags/example_xcom.py for tasks to queue
[2021-11-02 15:58:54,419] {logging_mixin.py:109} INFO - [2021-11-02 15:58:54,418] {dagbag.py:500} INFO - Filling up the DagBag from /home/linuxadmin/.local/lib/python3.6/site-packages/airflow/example_dags/example_xcom.py
[2021-11-02 15:58:54,466] {processor.py:632} INFO - DAG(s) dict_keys(['example_xcom']) retrieved from /home/linuxadmin/.local/lib/python3.6/site-packages/airflow/example_dags/example_xcom.py
[2021-11-02 15:58:54,471] {logging_mixin.py:109} INFO - [2021-11-02 15:58:54,470] {dag.py:2389} INFO - Sync 1 DAGs
[2021-11-02 15:58:54,496] {logging_mixin.py:109} INFO - [2021-11-02 15:58:54,496] {dag.py:2921} INFO - Setting next_dagrun for example_xcom to 2021-01-01T00:00:00+00:00
[2021-11-02 15:58:54,507] {processor.py:171} INFO - Processing /home/linuxadmin/.local/lib/python3.6/site-packages/airflow/example_dags/example_xcom.py took 0.096 seconds
[2021-11-02 15:58:58,982] {processor.py:163} INFO - Started process (PID=181169) to work on /home/linuxadmin/.local/lib/python3.6/site-packages/airflow/example_dags/example_xcom.py
[2021-11-02 15:58:58,983] {processor.py:620} INFO - Processing file /home/linuxadmin/.local/lib/python3.6/site-packages/airflow/example_dags/example_xcom.py for tasks to queue
[2021-11-02 15:58:58,984] {logging_mixin.py:109} INFO - [2021-11-02 15:58:58,984] {dagbag.py:500} INFO - Filling up the DagBag from /home/linuxadmin/.local/lib/python3.6/site-packages/airflow/example_dags/example_xcom.py
[2021-11-02 15:58:59,024] {processor.py:632} INFO - DAG(s) dict_keys(['example_xcom']) retrieved from /home/linuxadmin/.local/lib/python3.6/site-packages/airflow/example_dags/example_xcom.py
[2021-11-02 15:58:59,324] {logging_mixin.py:109} INFO - [2021-11-02 15:58:59,324] {dag.py:2389} INFO - Sync 1 DAGs
[2021-11-02 15:58:59,343] {logging_mixin.py:109} INFO - [2021-11-02 15:58:59,342] {dag.py:2921} INFO - Setting next_dagrun for example_xcom to 2021-01-01T00:00:00+00:00
[2021-11-02 15:58:59,354] {processor.py:171} INFO - Processing /home/linuxadmin/.local/lib/python3.6/site-packages/airflow/example_dags/example_xcom.py took 0.377 seconds
[2021-11-02 15:59:04,456] {processor.py:163} INFO - Started process (PID=181295) to work on /home/linuxadmin/.local/lib/python3.6/site-packages/airflow/example_dags/example_xcom.py
[2021-11-02 15:59:04,458] {processor.py:620} INFO - Processing file /home/linuxadmin/.local/lib/python3.6/site-packages/airflow/example_dags/example_xcom.py for tasks to queue
[2021-11-02 15:59:04,459] {logging_mixin.py:109} INFO - [2021-11-02 15:59:04,458] {dagbag.py:500} INFO - Filling up the DagBag from /home/linuxadmin/.local/lib/python3.6/site-packages/airflow/example_dags/example_xcom.py
[2021-11-02 15:59:04,510] {processor.py:632} INFO - DAG(s) dict_keys(['example_xcom']) retrieved from /home/linuxadmin/.local/lib/python3.6/site-packages/airflow/example_dags/example_xcom.py
[2021-11-02 15:59:04,516] {logging_mixin.py:109} INFO - [2021-11-02 15:59:04,516] {dag.py:2389} INFO - Sync 1 DAGs
[2021-11-02 15:59:04,549] {logging_mixin.py:109} INFO - [2021-11-02 15:59:04,548] {dag.py:2921} INFO - Setting next_dagrun for example_xcom to 2021-01-01T00:00:00+00:00
[2021-11-02 15:59:04,563] {processor.py:171} INFO - Processing /home/linuxadmin/.local/lib/python3.6/site-packages/airflow/example_dags/example_xcom.py took 0.113 seconds
[2021-11-02 15:59:08,847] {processor.py:163} INFO - Started process (PID=181418) to work on /home/linuxadmin/.local/lib/python3.6/site-packages/airflow/example_dags/example_xcom.py
[2021-11-02 15:59:08,848] {processor.py:620} INFO - Processing file /home/linuxadmin/.local/lib/python3.6/site-packages/airflow/example_dags/example_xcom.py for tasks to queue
[2021-11-02 15:59:08,849] {logging_mixin.py:109} INFO - [2021-11-02 15:59:08,849] {dagbag.py:500} INFO - Filling up the DagBag from /home/linuxadmin/.local/lib/python3.6/site-packages/airflow/example_dags/example_xcom.py
[2021-11-02 15:59:08,898] {processor.py:632} INFO - DAG(s) dict_keys(['example_xcom']) retrieved from /home/linuxadmin/.local/lib/python3.6/site-packages/airflow/example_dags/example_xcom.py
[2021-11-02 15:59:08,904] {logging_mixin.py:109} INFO - [2021-11-02 15:59:08,904] {dag.py:2389} INFO - Sync 1 DAGs
[2021-11-02 15:59:08,931] {logging_mixin.py:109} INFO - [2021-11-02 15:59:08,931] {dag.py:2921} INFO - Setting next_dagrun for example_xcom to 2021-01-01T00:00:00+00:00
[2021-11-02 15:59:08,943] {processor.py:171} INFO - Processing /home/linuxadmin/.local/lib/python3.6/site-packages/airflow/example_dags/example_xcom.py took 0.105 seconds
[2021-11-02 15:59:13,367] {processor.py:163} INFO - Started process (PID=181541) to work on /home/linuxadmin/.local/lib/python3.6/site-packages/airflow/example_dags/example_xcom.py
[2021-11-02 15:59:13,368] {processor.py:620} INFO - Processing file /home/linuxadmin/.local/lib/python3.6/site-packages/airflow/example_dags/example_xcom.py for tasks to queue
[2021-11-02 15:59:13,369] {logging_mixin.py:109} INFO - [2021-11-02 15:59:13,369] {dagbag.py:500} INFO - Filling up the DagBag from /home/linuxadmin/.local/lib/python3.6/site-packages/airflow/example_dags/example_xcom.py
[2021-11-02 15:59:13,412] {processor.py:632} INFO - DAG(s) dict_keys(['example_xcom']) retrieved from /home/linuxadmin/.local/lib/python3.6/site-packages/airflow/example_dags/example_xcom.py
[2021-11-02 15:59:13,417] {logging_mixin.py:109} INFO - [2021-11-02 15:59:13,417] {dag.py:2389} INFO - Sync 1 DAGs
[2021-11-02 15:59:13,443] {logging_mixin.py:109} INFO - [2021-11-02 15:59:13,443] {dag.py:2921} INFO - Setting next_dagrun for example_xcom to 2021-01-01T00:00:00+00:00
[2021-11-02 15:59:13,454] {processor.py:171} INFO - Processing /home/linuxadmin/.local/lib/python3.6/site-packages/airflow/example_dags/example_xcom.py took 0.093 seconds
