[2021-11-02 15:55:18,438] {processor.py:163} INFO - Started process (PID=175227) to work on /home/linuxadmin/.local/lib/python3.6/site-packages/airflow/example_dags/example_kubernetes_executor_config.py
[2021-11-02 15:55:18,439] {processor.py:620} INFO - Processing file /home/linuxadmin/.local/lib/python3.6/site-packages/airflow/example_dags/example_kubernetes_executor_config.py for tasks to queue
[2021-11-02 15:55:18,440] {logging_mixin.py:109} INFO - [2021-11-02 15:55:18,440] {dagbag.py:500} INFO - Filling up the DagBag from /home/linuxadmin/.local/lib/python3.6/site-packages/airflow/example_dags/example_kubernetes_executor_config.py
[2021-11-02 15:55:18,449] {logging_mixin.py:109} INFO - [2021-11-02 15:55:18,449] {example_kubernetes_executor_config.py:171} WARNING - Could not import DAGs in example_kubernetes_executor_config.py: No module named 'kubernetes'
[2021-11-02 15:55:18,449] {logging_mixin.py:109} INFO - [2021-11-02 15:55:18,449] {example_kubernetes_executor_config.py:172} WARNING - Install kubernetes dependencies with: pip install apache-airflow['cncf.kubernetes']
[2021-11-02 15:55:18,470] {processor.py:634} WARNING - No viable dags retrieved from /home/linuxadmin/.local/lib/python3.6/site-packages/airflow/example_dags/example_kubernetes_executor_config.py
[2021-11-02 15:55:18,473] {processor.py:171} INFO - Processing /home/linuxadmin/.local/lib/python3.6/site-packages/airflow/example_dags/example_kubernetes_executor_config.py took 0.040 seconds
[2021-11-02 15:55:23,342] {processor.py:163} INFO - Started process (PID=175353) to work on /home/linuxadmin/.local/lib/python3.6/site-packages/airflow/example_dags/example_kubernetes_executor_config.py
[2021-11-02 15:55:23,344] {processor.py:620} INFO - Processing file /home/linuxadmin/.local/lib/python3.6/site-packages/airflow/example_dags/example_kubernetes_executor_config.py for tasks to queue
[2021-11-02 15:55:23,345] {logging_mixin.py:109} INFO - [2021-11-02 15:55:23,345] {dagbag.py:500} INFO - Filling up the DagBag from /home/linuxadmin/.local/lib/python3.6/site-packages/airflow/example_dags/example_kubernetes_executor_config.py
[2021-11-02 15:55:23,356] {logging_mixin.py:109} INFO - [2021-11-02 15:55:23,356] {example_kubernetes_executor_config.py:171} WARNING - Could not import DAGs in example_kubernetes_executor_config.py: No module named 'kubernetes'
[2021-11-02 15:55:23,356] {logging_mixin.py:109} INFO - [2021-11-02 15:55:23,356] {example_kubernetes_executor_config.py:172} WARNING - Install kubernetes dependencies with: pip install apache-airflow['cncf.kubernetes']
[2021-11-02 15:55:23,378] {processor.py:634} WARNING - No viable dags retrieved from /home/linuxadmin/.local/lib/python3.6/site-packages/airflow/example_dags/example_kubernetes_executor_config.py
[2021-11-02 15:55:23,383] {processor.py:171} INFO - Processing /home/linuxadmin/.local/lib/python3.6/site-packages/airflow/example_dags/example_kubernetes_executor_config.py took 0.046 seconds
[2021-11-02 15:55:27,470] {processor.py:163} INFO - Started process (PID=175472) to work on /home/linuxadmin/.local/lib/python3.6/site-packages/airflow/example_dags/example_kubernetes_executor_config.py
[2021-11-02 15:55:27,471] {processor.py:620} INFO - Processing file /home/linuxadmin/.local/lib/python3.6/site-packages/airflow/example_dags/example_kubernetes_executor_config.py for tasks to queue
[2021-11-02 15:55:27,473] {logging_mixin.py:109} INFO - [2021-11-02 15:55:27,472] {dagbag.py:500} INFO - Filling up the DagBag from /home/linuxadmin/.local/lib/python3.6/site-packages/airflow/example_dags/example_kubernetes_executor_config.py
[2021-11-02 15:55:27,484] {logging_mixin.py:109} INFO - [2021-11-02 15:55:27,484] {example_kubernetes_executor_config.py:171} WARNING - Could not import DAGs in example_kubernetes_executor_config.py: No module named 'kubernetes'
[2021-11-02 15:55:27,485] {logging_mixin.py:109} INFO - [2021-11-02 15:55:27,485] {example_kubernetes_executor_config.py:172} WARNING - Install kubernetes dependencies with: pip install apache-airflow['cncf.kubernetes']
[2021-11-02 15:55:27,507] {processor.py:634} WARNING - No viable dags retrieved from /home/linuxadmin/.local/lib/python3.6/site-packages/airflow/example_dags/example_kubernetes_executor_config.py
[2021-11-02 15:55:27,511] {processor.py:171} INFO - Processing /home/linuxadmin/.local/lib/python3.6/site-packages/airflow/example_dags/example_kubernetes_executor_config.py took 0.048 seconds
[2021-11-02 15:55:32,025] {processor.py:163} INFO - Started process (PID=175594) to work on /home/linuxadmin/.local/lib/python3.6/site-packages/airflow/example_dags/example_kubernetes_executor_config.py
[2021-11-02 15:55:32,026] {processor.py:620} INFO - Processing file /home/linuxadmin/.local/lib/python3.6/site-packages/airflow/example_dags/example_kubernetes_executor_config.py for tasks to queue
[2021-11-02 15:55:32,027] {logging_mixin.py:109} INFO - [2021-11-02 15:55:32,027] {dagbag.py:500} INFO - Filling up the DagBag from /home/linuxadmin/.local/lib/python3.6/site-packages/airflow/example_dags/example_kubernetes_executor_config.py
[2021-11-02 15:55:32,038] {logging_mixin.py:109} INFO - [2021-11-02 15:55:32,038] {example_kubernetes_executor_config.py:171} WARNING - Could not import DAGs in example_kubernetes_executor_config.py: No module named 'kubernetes'
[2021-11-02 15:55:32,038] {logging_mixin.py:109} INFO - [2021-11-02 15:55:32,038] {example_kubernetes_executor_config.py:172} WARNING - Install kubernetes dependencies with: pip install apache-airflow['cncf.kubernetes']
[2021-11-02 15:55:32,060] {processor.py:634} WARNING - No viable dags retrieved from /home/linuxadmin/.local/lib/python3.6/site-packages/airflow/example_dags/example_kubernetes_executor_config.py
[2021-11-02 15:55:32,064] {processor.py:171} INFO - Processing /home/linuxadmin/.local/lib/python3.6/site-packages/airflow/example_dags/example_kubernetes_executor_config.py took 0.045 seconds
[2021-11-02 15:55:36,592] {processor.py:163} INFO - Started process (PID=175714) to work on /home/linuxadmin/.local/lib/python3.6/site-packages/airflow/example_dags/example_kubernetes_executor_config.py
[2021-11-02 15:55:36,594] {processor.py:620} INFO - Processing file /home/linuxadmin/.local/lib/python3.6/site-packages/airflow/example_dags/example_kubernetes_executor_config.py for tasks to queue
[2021-11-02 15:55:36,595] {logging_mixin.py:109} INFO - [2021-11-02 15:55:36,595] {dagbag.py:500} INFO - Filling up the DagBag from /home/linuxadmin/.local/lib/python3.6/site-packages/airflow/example_dags/example_kubernetes_executor_config.py
[2021-11-02 15:55:36,605] {logging_mixin.py:109} INFO - [2021-11-02 15:55:36,605] {example_kubernetes_executor_config.py:171} WARNING - Could not import DAGs in example_kubernetes_executor_config.py: No module named 'kubernetes'
[2021-11-02 15:55:36,605] {logging_mixin.py:109} INFO - [2021-11-02 15:55:36,605] {example_kubernetes_executor_config.py:172} WARNING - Install kubernetes dependencies with: pip install apache-airflow['cncf.kubernetes']
[2021-11-02 15:55:36,627] {processor.py:634} WARNING - No viable dags retrieved from /home/linuxadmin/.local/lib/python3.6/site-packages/airflow/example_dags/example_kubernetes_executor_config.py
[2021-11-02 15:55:36,631] {processor.py:171} INFO - Processing /home/linuxadmin/.local/lib/python3.6/site-packages/airflow/example_dags/example_kubernetes_executor_config.py took 0.044 seconds
[2021-11-02 15:55:41,078] {processor.py:163} INFO - Started process (PID=175836) to work on /home/linuxadmin/.local/lib/python3.6/site-packages/airflow/example_dags/example_kubernetes_executor_config.py
[2021-11-02 15:55:41,079] {processor.py:620} INFO - Processing file /home/linuxadmin/.local/lib/python3.6/site-packages/airflow/example_dags/example_kubernetes_executor_config.py for tasks to queue
[2021-11-02 15:55:41,080] {logging_mixin.py:109} INFO - [2021-11-02 15:55:41,080] {dagbag.py:500} INFO - Filling up the DagBag from /home/linuxadmin/.local/lib/python3.6/site-packages/airflow/example_dags/example_kubernetes_executor_config.py
[2021-11-02 15:55:41,088] {logging_mixin.py:109} INFO - [2021-11-02 15:55:41,088] {example_kubernetes_executor_config.py:171} WARNING - Could not import DAGs in example_kubernetes_executor_config.py: No module named 'kubernetes'
[2021-11-02 15:55:41,088] {logging_mixin.py:109} INFO - [2021-11-02 15:55:41,088] {example_kubernetes_executor_config.py:172} WARNING - Install kubernetes dependencies with: pip install apache-airflow['cncf.kubernetes']
[2021-11-02 15:55:41,107] {processor.py:634} WARNING - No viable dags retrieved from /home/linuxadmin/.local/lib/python3.6/site-packages/airflow/example_dags/example_kubernetes_executor_config.py
[2021-11-02 15:55:41,110] {processor.py:171} INFO - Processing /home/linuxadmin/.local/lib/python3.6/site-packages/airflow/example_dags/example_kubernetes_executor_config.py took 0.037 seconds
[2021-11-02 15:55:44,965] {processor.py:163} INFO - Started process (PID=175954) to work on /home/linuxadmin/.local/lib/python3.6/site-packages/airflow/example_dags/example_kubernetes_executor_config.py
[2021-11-02 15:55:44,966] {processor.py:620} INFO - Processing file /home/linuxadmin/.local/lib/python3.6/site-packages/airflow/example_dags/example_kubernetes_executor_config.py for tasks to queue
[2021-11-02 15:55:44,967] {logging_mixin.py:109} INFO - [2021-11-02 15:55:44,967] {dagbag.py:500} INFO - Filling up the DagBag from /home/linuxadmin/.local/lib/python3.6/site-packages/airflow/example_dags/example_kubernetes_executor_config.py
[2021-11-02 15:55:44,976] {logging_mixin.py:109} INFO - [2021-11-02 15:55:44,976] {example_kubernetes_executor_config.py:171} WARNING - Could not import DAGs in example_kubernetes_executor_config.py: No module named 'kubernetes'
[2021-11-02 15:55:44,976] {logging_mixin.py:109} INFO - [2021-11-02 15:55:44,976] {example_kubernetes_executor_config.py:172} WARNING - Install kubernetes dependencies with: pip install apache-airflow['cncf.kubernetes']
[2021-11-02 15:55:44,999] {processor.py:634} WARNING - No viable dags retrieved from /home/linuxadmin/.local/lib/python3.6/site-packages/airflow/example_dags/example_kubernetes_executor_config.py
[2021-11-02 15:55:45,002] {processor.py:171} INFO - Processing /home/linuxadmin/.local/lib/python3.6/site-packages/airflow/example_dags/example_kubernetes_executor_config.py took 0.041 seconds
[2021-11-02 15:55:49,986] {processor.py:163} INFO - Started process (PID=176080) to work on /home/linuxadmin/.local/lib/python3.6/site-packages/airflow/example_dags/example_kubernetes_executor_config.py
[2021-11-02 15:55:49,988] {processor.py:620} INFO - Processing file /home/linuxadmin/.local/lib/python3.6/site-packages/airflow/example_dags/example_kubernetes_executor_config.py for tasks to queue
[2021-11-02 15:55:49,989] {logging_mixin.py:109} INFO - [2021-11-02 15:55:49,989] {dagbag.py:500} INFO - Filling up the DagBag from /home/linuxadmin/.local/lib/python3.6/site-packages/airflow/example_dags/example_kubernetes_executor_config.py
[2021-11-02 15:55:50,000] {logging_mixin.py:109} INFO - [2021-11-02 15:55:50,000] {example_kubernetes_executor_config.py:171} WARNING - Could not import DAGs in example_kubernetes_executor_config.py: No module named 'kubernetes'
[2021-11-02 15:55:50,000] {logging_mixin.py:109} INFO - [2021-11-02 15:55:50,000] {example_kubernetes_executor_config.py:172} WARNING - Install kubernetes dependencies with: pip install apache-airflow['cncf.kubernetes']
[2021-11-02 15:55:50,021] {processor.py:634} WARNING - No viable dags retrieved from /home/linuxadmin/.local/lib/python3.6/site-packages/airflow/example_dags/example_kubernetes_executor_config.py
[2021-11-02 15:55:50,025] {processor.py:171} INFO - Processing /home/linuxadmin/.local/lib/python3.6/site-packages/airflow/example_dags/example_kubernetes_executor_config.py took 0.044 seconds
[2021-11-02 15:55:54,403] {processor.py:163} INFO - Started process (PID=176199) to work on /home/linuxadmin/.local/lib/python3.6/site-packages/airflow/example_dags/example_kubernetes_executor_config.py
[2021-11-02 15:55:54,406] {processor.py:620} INFO - Processing file /home/linuxadmin/.local/lib/python3.6/site-packages/airflow/example_dags/example_kubernetes_executor_config.py for tasks to queue
[2021-11-02 15:55:54,407] {logging_mixin.py:109} INFO - [2021-11-02 15:55:54,407] {dagbag.py:500} INFO - Filling up the DagBag from /home/linuxadmin/.local/lib/python3.6/site-packages/airflow/example_dags/example_kubernetes_executor_config.py
[2021-11-02 15:55:54,416] {logging_mixin.py:109} INFO - [2021-11-02 15:55:54,416] {example_kubernetes_executor_config.py:171} WARNING - Could not import DAGs in example_kubernetes_executor_config.py: No module named 'kubernetes'
[2021-11-02 15:55:54,416] {logging_mixin.py:109} INFO - [2021-11-02 15:55:54,416] {example_kubernetes_executor_config.py:172} WARNING - Install kubernetes dependencies with: pip install apache-airflow['cncf.kubernetes']
[2021-11-02 15:55:54,437] {processor.py:634} WARNING - No viable dags retrieved from /home/linuxadmin/.local/lib/python3.6/site-packages/airflow/example_dags/example_kubernetes_executor_config.py
[2021-11-02 15:55:54,444] {processor.py:171} INFO - Processing /home/linuxadmin/.local/lib/python3.6/site-packages/airflow/example_dags/example_kubernetes_executor_config.py took 0.048 seconds
[2021-11-02 15:55:59,103] {processor.py:163} INFO - Started process (PID=176321) to work on /home/linuxadmin/.local/lib/python3.6/site-packages/airflow/example_dags/example_kubernetes_executor_config.py
[2021-11-02 15:55:59,105] {processor.py:620} INFO - Processing file /home/linuxadmin/.local/lib/python3.6/site-packages/airflow/example_dags/example_kubernetes_executor_config.py for tasks to queue
[2021-11-02 15:55:59,106] {logging_mixin.py:109} INFO - [2021-11-02 15:55:59,106] {dagbag.py:500} INFO - Filling up the DagBag from /home/linuxadmin/.local/lib/python3.6/site-packages/airflow/example_dags/example_kubernetes_executor_config.py
[2021-11-02 15:55:59,118] {logging_mixin.py:109} INFO - [2021-11-02 15:55:59,118] {example_kubernetes_executor_config.py:171} WARNING - Could not import DAGs in example_kubernetes_executor_config.py: No module named 'kubernetes'
[2021-11-02 15:55:59,118] {logging_mixin.py:109} INFO - [2021-11-02 15:55:59,118] {example_kubernetes_executor_config.py:172} WARNING - Install kubernetes dependencies with: pip install apache-airflow['cncf.kubernetes']
[2021-11-02 15:55:59,143] {processor.py:634} WARNING - No viable dags retrieved from /home/linuxadmin/.local/lib/python3.6/site-packages/airflow/example_dags/example_kubernetes_executor_config.py
[2021-11-02 15:55:59,146] {processor.py:171} INFO - Processing /home/linuxadmin/.local/lib/python3.6/site-packages/airflow/example_dags/example_kubernetes_executor_config.py took 0.048 seconds
[2021-11-02 15:56:03,575] {processor.py:163} INFO - Started process (PID=176439) to work on /home/linuxadmin/.local/lib/python3.6/site-packages/airflow/example_dags/example_kubernetes_executor_config.py
[2021-11-02 15:56:03,577] {processor.py:620} INFO - Processing file /home/linuxadmin/.local/lib/python3.6/site-packages/airflow/example_dags/example_kubernetes_executor_config.py for tasks to queue
[2021-11-02 15:56:03,578] {logging_mixin.py:109} INFO - [2021-11-02 15:56:03,578] {dagbag.py:500} INFO - Filling up the DagBag from /home/linuxadmin/.local/lib/python3.6/site-packages/airflow/example_dags/example_kubernetes_executor_config.py
[2021-11-02 15:56:03,588] {logging_mixin.py:109} INFO - [2021-11-02 15:56:03,588] {example_kubernetes_executor_config.py:171} WARNING - Could not import DAGs in example_kubernetes_executor_config.py: No module named 'kubernetes'
[2021-11-02 15:56:03,588] {logging_mixin.py:109} INFO - [2021-11-02 15:56:03,588] {example_kubernetes_executor_config.py:172} WARNING - Install kubernetes dependencies with: pip install apache-airflow['cncf.kubernetes']
[2021-11-02 15:56:03,609] {processor.py:634} WARNING - No viable dags retrieved from /home/linuxadmin/.local/lib/python3.6/site-packages/airflow/example_dags/example_kubernetes_executor_config.py
[2021-11-02 15:56:03,613] {processor.py:171} INFO - Processing /home/linuxadmin/.local/lib/python3.6/site-packages/airflow/example_dags/example_kubernetes_executor_config.py took 0.044 seconds
[2021-11-02 15:56:08,419] {processor.py:163} INFO - Started process (PID=176563) to work on /home/linuxadmin/.local/lib/python3.6/site-packages/airflow/example_dags/example_kubernetes_executor_config.py
[2021-11-02 15:56:08,420] {processor.py:620} INFO - Processing file /home/linuxadmin/.local/lib/python3.6/site-packages/airflow/example_dags/example_kubernetes_executor_config.py for tasks to queue
[2021-11-02 15:56:08,421] {logging_mixin.py:109} INFO - [2021-11-02 15:56:08,421] {dagbag.py:500} INFO - Filling up the DagBag from /home/linuxadmin/.local/lib/python3.6/site-packages/airflow/example_dags/example_kubernetes_executor_config.py
[2021-11-02 15:56:08,431] {logging_mixin.py:109} INFO - [2021-11-02 15:56:08,430] {example_kubernetes_executor_config.py:171} WARNING - Could not import DAGs in example_kubernetes_executor_config.py: No module named 'kubernetes'
[2021-11-02 15:56:08,431] {logging_mixin.py:109} INFO - [2021-11-02 15:56:08,431] {example_kubernetes_executor_config.py:172} WARNING - Install kubernetes dependencies with: pip install apache-airflow['cncf.kubernetes']
[2021-11-02 15:56:08,451] {processor.py:634} WARNING - No viable dags retrieved from /home/linuxadmin/.local/lib/python3.6/site-packages/airflow/example_dags/example_kubernetes_executor_config.py
[2021-11-02 15:56:08,456] {processor.py:171} INFO - Processing /home/linuxadmin/.local/lib/python3.6/site-packages/airflow/example_dags/example_kubernetes_executor_config.py took 0.042 seconds
[2021-11-02 15:56:13,145] {processor.py:163} INFO - Started process (PID=176687) to work on /home/linuxadmin/.local/lib/python3.6/site-packages/airflow/example_dags/example_kubernetes_executor_config.py
[2021-11-02 15:56:13,146] {processor.py:620} INFO - Processing file /home/linuxadmin/.local/lib/python3.6/site-packages/airflow/example_dags/example_kubernetes_executor_config.py for tasks to queue
[2021-11-02 15:56:13,147] {logging_mixin.py:109} INFO - [2021-11-02 15:56:13,147] {dagbag.py:500} INFO - Filling up the DagBag from /home/linuxadmin/.local/lib/python3.6/site-packages/airflow/example_dags/example_kubernetes_executor_config.py
[2021-11-02 15:56:13,156] {logging_mixin.py:109} INFO - [2021-11-02 15:56:13,156] {example_kubernetes_executor_config.py:171} WARNING - Could not import DAGs in example_kubernetes_executor_config.py: No module named 'kubernetes'
[2021-11-02 15:56:13,156] {logging_mixin.py:109} INFO - [2021-11-02 15:56:13,156] {example_kubernetes_executor_config.py:172} WARNING - Install kubernetes dependencies with: pip install apache-airflow['cncf.kubernetes']
[2021-11-02 15:56:13,180] {processor.py:634} WARNING - No viable dags retrieved from /home/linuxadmin/.local/lib/python3.6/site-packages/airflow/example_dags/example_kubernetes_executor_config.py
[2021-11-02 15:56:13,183] {processor.py:171} INFO - Processing /home/linuxadmin/.local/lib/python3.6/site-packages/airflow/example_dags/example_kubernetes_executor_config.py took 0.042 seconds
[2021-11-02 15:56:17,369] {processor.py:163} INFO - Started process (PID=176805) to work on /home/linuxadmin/.local/lib/python3.6/site-packages/airflow/example_dags/example_kubernetes_executor_config.py
[2021-11-02 15:56:17,371] {processor.py:620} INFO - Processing file /home/linuxadmin/.local/lib/python3.6/site-packages/airflow/example_dags/example_kubernetes_executor_config.py for tasks to queue
[2021-11-02 15:56:17,372] {logging_mixin.py:109} INFO - [2021-11-02 15:56:17,372] {dagbag.py:500} INFO - Filling up the DagBag from /home/linuxadmin/.local/lib/python3.6/site-packages/airflow/example_dags/example_kubernetes_executor_config.py
[2021-11-02 15:56:17,388] {logging_mixin.py:109} INFO - [2021-11-02 15:56:17,388] {example_kubernetes_executor_config.py:171} WARNING - Could not import DAGs in example_kubernetes_executor_config.py: No module named 'kubernetes'
[2021-11-02 15:56:17,388] {logging_mixin.py:109} INFO - [2021-11-02 15:56:17,388] {example_kubernetes_executor_config.py:172} WARNING - Install kubernetes dependencies with: pip install apache-airflow['cncf.kubernetes']
[2021-11-02 15:56:17,409] {processor.py:634} WARNING - No viable dags retrieved from /home/linuxadmin/.local/lib/python3.6/site-packages/airflow/example_dags/example_kubernetes_executor_config.py
[2021-11-02 15:56:17,412] {processor.py:171} INFO - Processing /home/linuxadmin/.local/lib/python3.6/site-packages/airflow/example_dags/example_kubernetes_executor_config.py took 0.051 seconds
[2021-11-02 15:56:22,454] {processor.py:163} INFO - Started process (PID=176930) to work on /home/linuxadmin/.local/lib/python3.6/site-packages/airflow/example_dags/example_kubernetes_executor_config.py
[2021-11-02 15:56:22,456] {processor.py:620} INFO - Processing file /home/linuxadmin/.local/lib/python3.6/site-packages/airflow/example_dags/example_kubernetes_executor_config.py for tasks to queue
[2021-11-02 15:56:22,457] {logging_mixin.py:109} INFO - [2021-11-02 15:56:22,457] {dagbag.py:500} INFO - Filling up the DagBag from /home/linuxadmin/.local/lib/python3.6/site-packages/airflow/example_dags/example_kubernetes_executor_config.py
[2021-11-02 15:56:22,467] {logging_mixin.py:109} INFO - [2021-11-02 15:56:22,467] {example_kubernetes_executor_config.py:171} WARNING - Could not import DAGs in example_kubernetes_executor_config.py: No module named 'kubernetes'
[2021-11-02 15:56:22,468] {logging_mixin.py:109} INFO - [2021-11-02 15:56:22,467] {example_kubernetes_executor_config.py:172} WARNING - Install kubernetes dependencies with: pip install apache-airflow['cncf.kubernetes']
[2021-11-02 15:56:22,489] {processor.py:634} WARNING - No viable dags retrieved from /home/linuxadmin/.local/lib/python3.6/site-packages/airflow/example_dags/example_kubernetes_executor_config.py
[2021-11-02 15:56:22,493] {processor.py:171} INFO - Processing /home/linuxadmin/.local/lib/python3.6/site-packages/airflow/example_dags/example_kubernetes_executor_config.py took 0.044 seconds
[2021-11-02 15:56:26,751] {processor.py:163} INFO - Started process (PID=177045) to work on /home/linuxadmin/.local/lib/python3.6/site-packages/airflow/example_dags/example_kubernetes_executor_config.py
[2021-11-02 15:56:26,752] {processor.py:620} INFO - Processing file /home/linuxadmin/.local/lib/python3.6/site-packages/airflow/example_dags/example_kubernetes_executor_config.py for tasks to queue
[2021-11-02 15:56:26,753] {logging_mixin.py:109} INFO - [2021-11-02 15:56:26,753] {dagbag.py:500} INFO - Filling up the DagBag from /home/linuxadmin/.local/lib/python3.6/site-packages/airflow/example_dags/example_kubernetes_executor_config.py
[2021-11-02 15:56:26,765] {logging_mixin.py:109} INFO - [2021-11-02 15:56:26,764] {example_kubernetes_executor_config.py:171} WARNING - Could not import DAGs in example_kubernetes_executor_config.py: No module named 'kubernetes'
[2021-11-02 15:56:26,765] {logging_mixin.py:109} INFO - [2021-11-02 15:56:26,765] {example_kubernetes_executor_config.py:172} WARNING - Install kubernetes dependencies with: pip install apache-airflow['cncf.kubernetes']
[2021-11-02 15:56:26,786] {processor.py:634} WARNING - No viable dags retrieved from /home/linuxadmin/.local/lib/python3.6/site-packages/airflow/example_dags/example_kubernetes_executor_config.py
[2021-11-02 15:56:26,790] {processor.py:171} INFO - Processing /home/linuxadmin/.local/lib/python3.6/site-packages/airflow/example_dags/example_kubernetes_executor_config.py took 0.044 seconds
[2021-11-02 15:56:31,358] {processor.py:163} INFO - Started process (PID=177169) to work on /home/linuxadmin/.local/lib/python3.6/site-packages/airflow/example_dags/example_kubernetes_executor_config.py
[2021-11-02 15:56:31,361] {processor.py:620} INFO - Processing file /home/linuxadmin/.local/lib/python3.6/site-packages/airflow/example_dags/example_kubernetes_executor_config.py for tasks to queue
[2021-11-02 15:56:31,362] {logging_mixin.py:109} INFO - [2021-11-02 15:56:31,362] {dagbag.py:500} INFO - Filling up the DagBag from /home/linuxadmin/.local/lib/python3.6/site-packages/airflow/example_dags/example_kubernetes_executor_config.py
[2021-11-02 15:56:31,374] {logging_mixin.py:109} INFO - [2021-11-02 15:56:31,373] {example_kubernetes_executor_config.py:171} WARNING - Could not import DAGs in example_kubernetes_executor_config.py: No module named 'kubernetes'
[2021-11-02 15:56:31,374] {logging_mixin.py:109} INFO - [2021-11-02 15:56:31,374] {example_kubernetes_executor_config.py:172} WARNING - Install kubernetes dependencies with: pip install apache-airflow['cncf.kubernetes']
[2021-11-02 15:56:31,397] {processor.py:634} WARNING - No viable dags retrieved from /home/linuxadmin/.local/lib/python3.6/site-packages/airflow/example_dags/example_kubernetes_executor_config.py
[2021-11-02 15:56:31,402] {processor.py:171} INFO - Processing /home/linuxadmin/.local/lib/python3.6/site-packages/airflow/example_dags/example_kubernetes_executor_config.py took 0.049 seconds
[2021-11-02 15:56:35,309] {processor.py:163} INFO - Started process (PID=177288) to work on /home/linuxadmin/.local/lib/python3.6/site-packages/airflow/example_dags/example_kubernetes_executor_config.py
[2021-11-02 15:56:35,312] {processor.py:620} INFO - Processing file /home/linuxadmin/.local/lib/python3.6/site-packages/airflow/example_dags/example_kubernetes_executor_config.py for tasks to queue
[2021-11-02 15:56:35,313] {logging_mixin.py:109} INFO - [2021-11-02 15:56:35,313] {dagbag.py:500} INFO - Filling up the DagBag from /home/linuxadmin/.local/lib/python3.6/site-packages/airflow/example_dags/example_kubernetes_executor_config.py
[2021-11-02 15:56:35,324] {logging_mixin.py:109} INFO - [2021-11-02 15:56:35,324] {example_kubernetes_executor_config.py:171} WARNING - Could not import DAGs in example_kubernetes_executor_config.py: No module named 'kubernetes'
[2021-11-02 15:56:35,324] {logging_mixin.py:109} INFO - [2021-11-02 15:56:35,324] {example_kubernetes_executor_config.py:172} WARNING - Install kubernetes dependencies with: pip install apache-airflow['cncf.kubernetes']
[2021-11-02 15:56:35,346] {processor.py:634} WARNING - No viable dags retrieved from /home/linuxadmin/.local/lib/python3.6/site-packages/airflow/example_dags/example_kubernetes_executor_config.py
[2021-11-02 15:56:35,350] {processor.py:171} INFO - Processing /home/linuxadmin/.local/lib/python3.6/site-packages/airflow/example_dags/example_kubernetes_executor_config.py took 0.045 seconds
[2021-11-02 15:56:39,620] {processor.py:163} INFO - Started process (PID=177410) to work on /home/linuxadmin/.local/lib/python3.6/site-packages/airflow/example_dags/example_kubernetes_executor_config.py
[2021-11-02 15:56:39,621] {processor.py:620} INFO - Processing file /home/linuxadmin/.local/lib/python3.6/site-packages/airflow/example_dags/example_kubernetes_executor_config.py for tasks to queue
[2021-11-02 15:56:39,622] {logging_mixin.py:109} INFO - [2021-11-02 15:56:39,622] {dagbag.py:500} INFO - Filling up the DagBag from /home/linuxadmin/.local/lib/python3.6/site-packages/airflow/example_dags/example_kubernetes_executor_config.py
[2021-11-02 15:56:39,631] {logging_mixin.py:109} INFO - [2021-11-02 15:56:39,631] {example_kubernetes_executor_config.py:171} WARNING - Could not import DAGs in example_kubernetes_executor_config.py: No module named 'kubernetes'
[2021-11-02 15:56:39,631] {logging_mixin.py:109} INFO - [2021-11-02 15:56:39,631] {example_kubernetes_executor_config.py:172} WARNING - Install kubernetes dependencies with: pip install apache-airflow['cncf.kubernetes']
[2021-11-02 15:56:39,650] {processor.py:634} WARNING - No viable dags retrieved from /home/linuxadmin/.local/lib/python3.6/site-packages/airflow/example_dags/example_kubernetes_executor_config.py
[2021-11-02 15:56:39,655] {processor.py:171} INFO - Processing /home/linuxadmin/.local/lib/python3.6/site-packages/airflow/example_dags/example_kubernetes_executor_config.py took 0.039 seconds
[2021-11-02 15:56:43,600] {processor.py:163} INFO - Started process (PID=177528) to work on /home/linuxadmin/.local/lib/python3.6/site-packages/airflow/example_dags/example_kubernetes_executor_config.py
[2021-11-02 15:56:43,601] {processor.py:620} INFO - Processing file /home/linuxadmin/.local/lib/python3.6/site-packages/airflow/example_dags/example_kubernetes_executor_config.py for tasks to queue
[2021-11-02 15:56:43,602] {logging_mixin.py:109} INFO - [2021-11-02 15:56:43,602] {dagbag.py:500} INFO - Filling up the DagBag from /home/linuxadmin/.local/lib/python3.6/site-packages/airflow/example_dags/example_kubernetes_executor_config.py
[2021-11-02 15:56:43,610] {logging_mixin.py:109} INFO - [2021-11-02 15:56:43,610] {example_kubernetes_executor_config.py:171} WARNING - Could not import DAGs in example_kubernetes_executor_config.py: No module named 'kubernetes'
[2021-11-02 15:56:43,610] {logging_mixin.py:109} INFO - [2021-11-02 15:56:43,610] {example_kubernetes_executor_config.py:172} WARNING - Install kubernetes dependencies with: pip install apache-airflow['cncf.kubernetes']
[2021-11-02 15:56:43,628] {processor.py:634} WARNING - No viable dags retrieved from /home/linuxadmin/.local/lib/python3.6/site-packages/airflow/example_dags/example_kubernetes_executor_config.py
[2021-11-02 15:56:43,631] {processor.py:171} INFO - Processing /home/linuxadmin/.local/lib/python3.6/site-packages/airflow/example_dags/example_kubernetes_executor_config.py took 0.036 seconds
[2021-11-02 15:56:48,019] {processor.py:163} INFO - Started process (PID=177655) to work on /home/linuxadmin/.local/lib/python3.6/site-packages/airflow/example_dags/example_kubernetes_executor_config.py
[2021-11-02 15:56:48,020] {processor.py:620} INFO - Processing file /home/linuxadmin/.local/lib/python3.6/site-packages/airflow/example_dags/example_kubernetes_executor_config.py for tasks to queue
[2021-11-02 15:56:48,021] {logging_mixin.py:109} INFO - [2021-11-02 15:56:48,020] {dagbag.py:500} INFO - Filling up the DagBag from /home/linuxadmin/.local/lib/python3.6/site-packages/airflow/example_dags/example_kubernetes_executor_config.py
[2021-11-02 15:56:48,029] {logging_mixin.py:109} INFO - [2021-11-02 15:56:48,028] {example_kubernetes_executor_config.py:171} WARNING - Could not import DAGs in example_kubernetes_executor_config.py: No module named 'kubernetes'
[2021-11-02 15:56:48,029] {logging_mixin.py:109} INFO - [2021-11-02 15:56:48,029] {example_kubernetes_executor_config.py:172} WARNING - Install kubernetes dependencies with: pip install apache-airflow['cncf.kubernetes']
[2021-11-02 15:56:48,048] {processor.py:634} WARNING - No viable dags retrieved from /home/linuxadmin/.local/lib/python3.6/site-packages/airflow/example_dags/example_kubernetes_executor_config.py
[2021-11-02 15:56:48,052] {processor.py:171} INFO - Processing /home/linuxadmin/.local/lib/python3.6/site-packages/airflow/example_dags/example_kubernetes_executor_config.py took 0.037 seconds
[2021-11-02 15:56:52,870] {processor.py:163} INFO - Started process (PID=177775) to work on /home/linuxadmin/.local/lib/python3.6/site-packages/airflow/example_dags/example_kubernetes_executor_config.py
[2021-11-02 15:56:52,871] {processor.py:620} INFO - Processing file /home/linuxadmin/.local/lib/python3.6/site-packages/airflow/example_dags/example_kubernetes_executor_config.py for tasks to queue
[2021-11-02 15:56:52,872] {logging_mixin.py:109} INFO - [2021-11-02 15:56:52,872] {dagbag.py:500} INFO - Filling up the DagBag from /home/linuxadmin/.local/lib/python3.6/site-packages/airflow/example_dags/example_kubernetes_executor_config.py
[2021-11-02 15:56:52,882] {logging_mixin.py:109} INFO - [2021-11-02 15:56:52,881] {example_kubernetes_executor_config.py:171} WARNING - Could not import DAGs in example_kubernetes_executor_config.py: No module named 'kubernetes'
[2021-11-02 15:56:52,882] {logging_mixin.py:109} INFO - [2021-11-02 15:56:52,882] {example_kubernetes_executor_config.py:172} WARNING - Install kubernetes dependencies with: pip install apache-airflow['cncf.kubernetes']
[2021-11-02 15:56:52,908] {processor.py:634} WARNING - No viable dags retrieved from /home/linuxadmin/.local/lib/python3.6/site-packages/airflow/example_dags/example_kubernetes_executor_config.py
[2021-11-02 15:56:52,912] {processor.py:171} INFO - Processing /home/linuxadmin/.local/lib/python3.6/site-packages/airflow/example_dags/example_kubernetes_executor_config.py took 0.047 seconds
[2021-11-02 15:56:57,633] {processor.py:163} INFO - Started process (PID=177897) to work on /home/linuxadmin/.local/lib/python3.6/site-packages/airflow/example_dags/example_kubernetes_executor_config.py
[2021-11-02 15:56:57,634] {processor.py:620} INFO - Processing file /home/linuxadmin/.local/lib/python3.6/site-packages/airflow/example_dags/example_kubernetes_executor_config.py for tasks to queue
[2021-11-02 15:56:57,636] {logging_mixin.py:109} INFO - [2021-11-02 15:56:57,635] {dagbag.py:500} INFO - Filling up the DagBag from /home/linuxadmin/.local/lib/python3.6/site-packages/airflow/example_dags/example_kubernetes_executor_config.py
[2021-11-02 15:56:57,646] {logging_mixin.py:109} INFO - [2021-11-02 15:56:57,646] {example_kubernetes_executor_config.py:171} WARNING - Could not import DAGs in example_kubernetes_executor_config.py: No module named 'kubernetes'
[2021-11-02 15:56:57,646] {logging_mixin.py:109} INFO - [2021-11-02 15:56:57,646] {example_kubernetes_executor_config.py:172} WARNING - Install kubernetes dependencies with: pip install apache-airflow['cncf.kubernetes']
[2021-11-02 15:56:57,670] {processor.py:634} WARNING - No viable dags retrieved from /home/linuxadmin/.local/lib/python3.6/site-packages/airflow/example_dags/example_kubernetes_executor_config.py
[2021-11-02 15:56:57,674] {processor.py:171} INFO - Processing /home/linuxadmin/.local/lib/python3.6/site-packages/airflow/example_dags/example_kubernetes_executor_config.py took 0.048 seconds
[2021-11-02 15:57:02,079] {processor.py:163} INFO - Started process (PID=178016) to work on /home/linuxadmin/.local/lib/python3.6/site-packages/airflow/example_dags/example_kubernetes_executor_config.py
[2021-11-02 15:57:02,080] {processor.py:620} INFO - Processing file /home/linuxadmin/.local/lib/python3.6/site-packages/airflow/example_dags/example_kubernetes_executor_config.py for tasks to queue
[2021-11-02 15:57:02,081] {logging_mixin.py:109} INFO - [2021-11-02 15:57:02,081] {dagbag.py:500} INFO - Filling up the DagBag from /home/linuxadmin/.local/lib/python3.6/site-packages/airflow/example_dags/example_kubernetes_executor_config.py
[2021-11-02 15:57:02,090] {logging_mixin.py:109} INFO - [2021-11-02 15:57:02,090] {example_kubernetes_executor_config.py:171} WARNING - Could not import DAGs in example_kubernetes_executor_config.py: No module named 'kubernetes'
[2021-11-02 15:57:02,091] {logging_mixin.py:109} INFO - [2021-11-02 15:57:02,091] {example_kubernetes_executor_config.py:172} WARNING - Install kubernetes dependencies with: pip install apache-airflow['cncf.kubernetes']
[2021-11-02 15:57:02,115] {processor.py:634} WARNING - No viable dags retrieved from /home/linuxadmin/.local/lib/python3.6/site-packages/airflow/example_dags/example_kubernetes_executor_config.py
[2021-11-02 15:57:02,119] {processor.py:171} INFO - Processing /home/linuxadmin/.local/lib/python3.6/site-packages/airflow/example_dags/example_kubernetes_executor_config.py took 0.044 seconds
[2021-11-02 15:57:06,935] {processor.py:163} INFO - Started process (PID=178141) to work on /home/linuxadmin/.local/lib/python3.6/site-packages/airflow/example_dags/example_kubernetes_executor_config.py
[2021-11-02 15:57:06,938] {processor.py:620} INFO - Processing file /home/linuxadmin/.local/lib/python3.6/site-packages/airflow/example_dags/example_kubernetes_executor_config.py for tasks to queue
[2021-11-02 15:57:06,939] {logging_mixin.py:109} INFO - [2021-11-02 15:57:06,939] {dagbag.py:500} INFO - Filling up the DagBag from /home/linuxadmin/.local/lib/python3.6/site-packages/airflow/example_dags/example_kubernetes_executor_config.py
[2021-11-02 15:57:06,949] {logging_mixin.py:109} INFO - [2021-11-02 15:57:06,949] {example_kubernetes_executor_config.py:171} WARNING - Could not import DAGs in example_kubernetes_executor_config.py: No module named 'kubernetes'
[2021-11-02 15:57:06,949] {logging_mixin.py:109} INFO - [2021-11-02 15:57:06,949] {example_kubernetes_executor_config.py:172} WARNING - Install kubernetes dependencies with: pip install apache-airflow['cncf.kubernetes']
[2021-11-02 15:57:06,973] {processor.py:634} WARNING - No viable dags retrieved from /home/linuxadmin/.local/lib/python3.6/site-packages/airflow/example_dags/example_kubernetes_executor_config.py
[2021-11-02 15:57:06,977] {processor.py:171} INFO - Processing /home/linuxadmin/.local/lib/python3.6/site-packages/airflow/example_dags/example_kubernetes_executor_config.py took 0.048 seconds
[2021-11-02 15:57:11,099] {processor.py:163} INFO - Started process (PID=178259) to work on /home/linuxadmin/.local/lib/python3.6/site-packages/airflow/example_dags/example_kubernetes_executor_config.py
[2021-11-02 15:57:11,101] {processor.py:620} INFO - Processing file /home/linuxadmin/.local/lib/python3.6/site-packages/airflow/example_dags/example_kubernetes_executor_config.py for tasks to queue
[2021-11-02 15:57:11,102] {logging_mixin.py:109} INFO - [2021-11-02 15:57:11,102] {dagbag.py:500} INFO - Filling up the DagBag from /home/linuxadmin/.local/lib/python3.6/site-packages/airflow/example_dags/example_kubernetes_executor_config.py
[2021-11-02 15:57:11,114] {logging_mixin.py:109} INFO - [2021-11-02 15:57:11,113] {example_kubernetes_executor_config.py:171} WARNING - Could not import DAGs in example_kubernetes_executor_config.py: No module named 'kubernetes'
[2021-11-02 15:57:11,114] {logging_mixin.py:109} INFO - [2021-11-02 15:57:11,114] {example_kubernetes_executor_config.py:172} WARNING - Install kubernetes dependencies with: pip install apache-airflow['cncf.kubernetes']
[2021-11-02 15:57:11,142] {processor.py:634} WARNING - No viable dags retrieved from /home/linuxadmin/.local/lib/python3.6/site-packages/airflow/example_dags/example_kubernetes_executor_config.py
[2021-11-02 15:57:11,146] {processor.py:171} INFO - Processing /home/linuxadmin/.local/lib/python3.6/site-packages/airflow/example_dags/example_kubernetes_executor_config.py took 0.054 seconds
[2021-11-02 15:57:15,799] {processor.py:163} INFO - Started process (PID=178382) to work on /home/linuxadmin/.local/lib/python3.6/site-packages/airflow/example_dags/example_kubernetes_executor_config.py
[2021-11-02 15:57:15,801] {processor.py:620} INFO - Processing file /home/linuxadmin/.local/lib/python3.6/site-packages/airflow/example_dags/example_kubernetes_executor_config.py for tasks to queue
[2021-11-02 15:57:15,801] {logging_mixin.py:109} INFO - [2021-11-02 15:57:15,801] {dagbag.py:500} INFO - Filling up the DagBag from /home/linuxadmin/.local/lib/python3.6/site-packages/airflow/example_dags/example_kubernetes_executor_config.py
[2021-11-02 15:57:15,810] {logging_mixin.py:109} INFO - [2021-11-02 15:57:15,810] {example_kubernetes_executor_config.py:171} WARNING - Could not import DAGs in example_kubernetes_executor_config.py: No module named 'kubernetes'
[2021-11-02 15:57:15,810] {logging_mixin.py:109} INFO - [2021-11-02 15:57:15,810] {example_kubernetes_executor_config.py:172} WARNING - Install kubernetes dependencies with: pip install apache-airflow['cncf.kubernetes']
[2021-11-02 15:57:15,831] {processor.py:634} WARNING - No viable dags retrieved from /home/linuxadmin/.local/lib/python3.6/site-packages/airflow/example_dags/example_kubernetes_executor_config.py
[2021-11-02 15:57:15,835] {processor.py:171} INFO - Processing /home/linuxadmin/.local/lib/python3.6/site-packages/airflow/example_dags/example_kubernetes_executor_config.py took 0.040 seconds
[2021-11-02 15:57:19,784] {processor.py:163} INFO - Started process (PID=178500) to work on /home/linuxadmin/.local/lib/python3.6/site-packages/airflow/example_dags/example_kubernetes_executor_config.py
[2021-11-02 15:57:19,786] {processor.py:620} INFO - Processing file /home/linuxadmin/.local/lib/python3.6/site-packages/airflow/example_dags/example_kubernetes_executor_config.py for tasks to queue
[2021-11-02 15:57:19,786] {logging_mixin.py:109} INFO - [2021-11-02 15:57:19,786] {dagbag.py:500} INFO - Filling up the DagBag from /home/linuxadmin/.local/lib/python3.6/site-packages/airflow/example_dags/example_kubernetes_executor_config.py
[2021-11-02 15:57:19,797] {logging_mixin.py:109} INFO - [2021-11-02 15:57:19,797] {example_kubernetes_executor_config.py:171} WARNING - Could not import DAGs in example_kubernetes_executor_config.py: No module named 'kubernetes'
[2021-11-02 15:57:19,798] {logging_mixin.py:109} INFO - [2021-11-02 15:57:19,797] {example_kubernetes_executor_config.py:172} WARNING - Install kubernetes dependencies with: pip install apache-airflow['cncf.kubernetes']
[2021-11-02 15:57:19,818] {processor.py:634} WARNING - No viable dags retrieved from /home/linuxadmin/.local/lib/python3.6/site-packages/airflow/example_dags/example_kubernetes_executor_config.py
[2021-11-02 15:57:19,822] {processor.py:171} INFO - Processing /home/linuxadmin/.local/lib/python3.6/site-packages/airflow/example_dags/example_kubernetes_executor_config.py took 0.043 seconds
[2021-11-02 15:57:24,762] {processor.py:163} INFO - Started process (PID=178625) to work on /home/linuxadmin/.local/lib/python3.6/site-packages/airflow/example_dags/example_kubernetes_executor_config.py
[2021-11-02 15:57:24,763] {processor.py:620} INFO - Processing file /home/linuxadmin/.local/lib/python3.6/site-packages/airflow/example_dags/example_kubernetes_executor_config.py for tasks to queue
[2021-11-02 15:57:24,764] {logging_mixin.py:109} INFO - [2021-11-02 15:57:24,764] {dagbag.py:500} INFO - Filling up the DagBag from /home/linuxadmin/.local/lib/python3.6/site-packages/airflow/example_dags/example_kubernetes_executor_config.py
[2021-11-02 15:57:24,773] {logging_mixin.py:109} INFO - [2021-11-02 15:57:24,772] {example_kubernetes_executor_config.py:171} WARNING - Could not import DAGs in example_kubernetes_executor_config.py: No module named 'kubernetes'
[2021-11-02 15:57:24,773] {logging_mixin.py:109} INFO - [2021-11-02 15:57:24,773] {example_kubernetes_executor_config.py:172} WARNING - Install kubernetes dependencies with: pip install apache-airflow['cncf.kubernetes']
[2021-11-02 15:57:24,798] {processor.py:634} WARNING - No viable dags retrieved from /home/linuxadmin/.local/lib/python3.6/site-packages/airflow/example_dags/example_kubernetes_executor_config.py
[2021-11-02 15:57:24,802] {processor.py:171} INFO - Processing /home/linuxadmin/.local/lib/python3.6/site-packages/airflow/example_dags/example_kubernetes_executor_config.py took 0.045 seconds
[2021-11-02 15:57:29,186] {processor.py:163} INFO - Started process (PID=178743) to work on /home/linuxadmin/.local/lib/python3.6/site-packages/airflow/example_dags/example_kubernetes_executor_config.py
[2021-11-02 15:57:29,188] {processor.py:620} INFO - Processing file /home/linuxadmin/.local/lib/python3.6/site-packages/airflow/example_dags/example_kubernetes_executor_config.py for tasks to queue
[2021-11-02 15:57:29,189] {logging_mixin.py:109} INFO - [2021-11-02 15:57:29,189] {dagbag.py:500} INFO - Filling up the DagBag from /home/linuxadmin/.local/lib/python3.6/site-packages/airflow/example_dags/example_kubernetes_executor_config.py
[2021-11-02 15:57:29,202] {logging_mixin.py:109} INFO - [2021-11-02 15:57:29,202] {example_kubernetes_executor_config.py:171} WARNING - Could not import DAGs in example_kubernetes_executor_config.py: No module named 'kubernetes'
[2021-11-02 15:57:29,202] {logging_mixin.py:109} INFO - [2021-11-02 15:57:29,202] {example_kubernetes_executor_config.py:172} WARNING - Install kubernetes dependencies with: pip install apache-airflow['cncf.kubernetes']
[2021-11-02 15:57:29,229] {processor.py:634} WARNING - No viable dags retrieved from /home/linuxadmin/.local/lib/python3.6/site-packages/airflow/example_dags/example_kubernetes_executor_config.py
[2021-11-02 15:57:29,233] {processor.py:171} INFO - Processing /home/linuxadmin/.local/lib/python3.6/site-packages/airflow/example_dags/example_kubernetes_executor_config.py took 0.054 seconds
[2021-11-02 15:57:33,925] {processor.py:163} INFO - Started process (PID=178869) to work on /home/linuxadmin/.local/lib/python3.6/site-packages/airflow/example_dags/example_kubernetes_executor_config.py
[2021-11-02 15:57:33,927] {processor.py:620} INFO - Processing file /home/linuxadmin/.local/lib/python3.6/site-packages/airflow/example_dags/example_kubernetes_executor_config.py for tasks to queue
[2021-11-02 15:57:33,928] {logging_mixin.py:109} INFO - [2021-11-02 15:57:33,928] {dagbag.py:500} INFO - Filling up the DagBag from /home/linuxadmin/.local/lib/python3.6/site-packages/airflow/example_dags/example_kubernetes_executor_config.py
[2021-11-02 15:57:33,941] {logging_mixin.py:109} INFO - [2021-11-02 15:57:33,941] {example_kubernetes_executor_config.py:171} WARNING - Could not import DAGs in example_kubernetes_executor_config.py: No module named 'kubernetes'
[2021-11-02 15:57:33,941] {logging_mixin.py:109} INFO - [2021-11-02 15:57:33,941] {example_kubernetes_executor_config.py:172} WARNING - Install kubernetes dependencies with: pip install apache-airflow['cncf.kubernetes']
[2021-11-02 15:57:33,964] {processor.py:634} WARNING - No viable dags retrieved from /home/linuxadmin/.local/lib/python3.6/site-packages/airflow/example_dags/example_kubernetes_executor_config.py
[2021-11-02 15:57:33,968] {processor.py:171} INFO - Processing /home/linuxadmin/.local/lib/python3.6/site-packages/airflow/example_dags/example_kubernetes_executor_config.py took 0.049 seconds
[2021-11-02 15:57:37,955] {processor.py:163} INFO - Started process (PID=178986) to work on /home/linuxadmin/.local/lib/python3.6/site-packages/airflow/example_dags/example_kubernetes_executor_config.py
[2021-11-02 15:57:37,957] {processor.py:620} INFO - Processing file /home/linuxadmin/.local/lib/python3.6/site-packages/airflow/example_dags/example_kubernetes_executor_config.py for tasks to queue
[2021-11-02 15:57:37,958] {logging_mixin.py:109} INFO - [2021-11-02 15:57:37,957] {dagbag.py:500} INFO - Filling up the DagBag from /home/linuxadmin/.local/lib/python3.6/site-packages/airflow/example_dags/example_kubernetes_executor_config.py
[2021-11-02 15:57:37,968] {logging_mixin.py:109} INFO - [2021-11-02 15:57:37,968] {example_kubernetes_executor_config.py:171} WARNING - Could not import DAGs in example_kubernetes_executor_config.py: No module named 'kubernetes'
[2021-11-02 15:57:37,968] {logging_mixin.py:109} INFO - [2021-11-02 15:57:37,968] {example_kubernetes_executor_config.py:172} WARNING - Install kubernetes dependencies with: pip install apache-airflow['cncf.kubernetes']
[2021-11-02 15:57:37,988] {processor.py:634} WARNING - No viable dags retrieved from /home/linuxadmin/.local/lib/python3.6/site-packages/airflow/example_dags/example_kubernetes_executor_config.py
[2021-11-02 15:57:37,992] {processor.py:171} INFO - Processing /home/linuxadmin/.local/lib/python3.6/site-packages/airflow/example_dags/example_kubernetes_executor_config.py took 0.042 seconds
[2021-11-02 15:57:42,632] {processor.py:163} INFO - Started process (PID=179107) to work on /home/linuxadmin/.local/lib/python3.6/site-packages/airflow/example_dags/example_kubernetes_executor_config.py
[2021-11-02 15:57:42,634] {processor.py:620} INFO - Processing file /home/linuxadmin/.local/lib/python3.6/site-packages/airflow/example_dags/example_kubernetes_executor_config.py for tasks to queue
[2021-11-02 15:57:42,635] {logging_mixin.py:109} INFO - [2021-11-02 15:57:42,635] {dagbag.py:500} INFO - Filling up the DagBag from /home/linuxadmin/.local/lib/python3.6/site-packages/airflow/example_dags/example_kubernetes_executor_config.py
[2021-11-02 15:57:42,647] {logging_mixin.py:109} INFO - [2021-11-02 15:57:42,647] {example_kubernetes_executor_config.py:171} WARNING - Could not import DAGs in example_kubernetes_executor_config.py: No module named 'kubernetes'
[2021-11-02 15:57:42,647] {logging_mixin.py:109} INFO - [2021-11-02 15:57:42,647] {example_kubernetes_executor_config.py:172} WARNING - Install kubernetes dependencies with: pip install apache-airflow['cncf.kubernetes']
[2021-11-02 15:57:42,671] {processor.py:634} WARNING - No viable dags retrieved from /home/linuxadmin/.local/lib/python3.6/site-packages/airflow/example_dags/example_kubernetes_executor_config.py
[2021-11-02 15:57:42,675] {processor.py:171} INFO - Processing /home/linuxadmin/.local/lib/python3.6/site-packages/airflow/example_dags/example_kubernetes_executor_config.py took 0.048 seconds
[2021-11-02 15:57:46,857] {processor.py:163} INFO - Started process (PID=179226) to work on /home/linuxadmin/.local/lib/python3.6/site-packages/airflow/example_dags/example_kubernetes_executor_config.py
[2021-11-02 15:57:46,858] {processor.py:620} INFO - Processing file /home/linuxadmin/.local/lib/python3.6/site-packages/airflow/example_dags/example_kubernetes_executor_config.py for tasks to queue
[2021-11-02 15:57:46,859] {logging_mixin.py:109} INFO - [2021-11-02 15:57:46,859] {dagbag.py:500} INFO - Filling up the DagBag from /home/linuxadmin/.local/lib/python3.6/site-packages/airflow/example_dags/example_kubernetes_executor_config.py
[2021-11-02 15:57:46,868] {logging_mixin.py:109} INFO - [2021-11-02 15:57:46,868] {example_kubernetes_executor_config.py:171} WARNING - Could not import DAGs in example_kubernetes_executor_config.py: No module named 'kubernetes'
[2021-11-02 15:57:46,868] {logging_mixin.py:109} INFO - [2021-11-02 15:57:46,868] {example_kubernetes_executor_config.py:172} WARNING - Install kubernetes dependencies with: pip install apache-airflow['cncf.kubernetes']
[2021-11-02 15:57:46,887] {processor.py:634} WARNING - No viable dags retrieved from /home/linuxadmin/.local/lib/python3.6/site-packages/airflow/example_dags/example_kubernetes_executor_config.py
[2021-11-02 15:57:46,890] {processor.py:171} INFO - Processing /home/linuxadmin/.local/lib/python3.6/site-packages/airflow/example_dags/example_kubernetes_executor_config.py took 0.037 seconds
[2021-11-02 15:57:51,611] {processor.py:163} INFO - Started process (PID=179351) to work on /home/linuxadmin/.local/lib/python3.6/site-packages/airflow/example_dags/example_kubernetes_executor_config.py
[2021-11-02 15:57:51,613] {processor.py:620} INFO - Processing file /home/linuxadmin/.local/lib/python3.6/site-packages/airflow/example_dags/example_kubernetes_executor_config.py for tasks to queue
[2021-11-02 15:57:51,614] {logging_mixin.py:109} INFO - [2021-11-02 15:57:51,613] {dagbag.py:500} INFO - Filling up the DagBag from /home/linuxadmin/.local/lib/python3.6/site-packages/airflow/example_dags/example_kubernetes_executor_config.py
[2021-11-02 15:57:51,625] {logging_mixin.py:109} INFO - [2021-11-02 15:57:51,625] {example_kubernetes_executor_config.py:171} WARNING - Could not import DAGs in example_kubernetes_executor_config.py: No module named 'kubernetes'
[2021-11-02 15:57:51,626] {logging_mixin.py:109} INFO - [2021-11-02 15:57:51,626] {example_kubernetes_executor_config.py:172} WARNING - Install kubernetes dependencies with: pip install apache-airflow['cncf.kubernetes']
[2021-11-02 15:57:51,648] {processor.py:634} WARNING - No viable dags retrieved from /home/linuxadmin/.local/lib/python3.6/site-packages/airflow/example_dags/example_kubernetes_executor_config.py
[2021-11-02 15:57:51,652] {processor.py:171} INFO - Processing /home/linuxadmin/.local/lib/python3.6/site-packages/airflow/example_dags/example_kubernetes_executor_config.py took 0.049 seconds
[2021-11-02 15:57:56,796] {processor.py:163} INFO - Started process (PID=179476) to work on /home/linuxadmin/.local/lib/python3.6/site-packages/airflow/example_dags/example_kubernetes_executor_config.py
[2021-11-02 15:57:56,798] {processor.py:620} INFO - Processing file /home/linuxadmin/.local/lib/python3.6/site-packages/airflow/example_dags/example_kubernetes_executor_config.py for tasks to queue
[2021-11-02 15:57:56,798] {logging_mixin.py:109} INFO - [2021-11-02 15:57:56,798] {dagbag.py:500} INFO - Filling up the DagBag from /home/linuxadmin/.local/lib/python3.6/site-packages/airflow/example_dags/example_kubernetes_executor_config.py
[2021-11-02 15:57:56,807] {logging_mixin.py:109} INFO - [2021-11-02 15:57:56,807] {example_kubernetes_executor_config.py:171} WARNING - Could not import DAGs in example_kubernetes_executor_config.py: No module named 'kubernetes'
[2021-11-02 15:57:56,807] {logging_mixin.py:109} INFO - [2021-11-02 15:57:56,807] {example_kubernetes_executor_config.py:172} WARNING - Install kubernetes dependencies with: pip install apache-airflow['cncf.kubernetes']
[2021-11-02 15:57:56,825] {processor.py:634} WARNING - No viable dags retrieved from /home/linuxadmin/.local/lib/python3.6/site-packages/airflow/example_dags/example_kubernetes_executor_config.py
[2021-11-02 15:57:56,828] {processor.py:171} INFO - Processing /home/linuxadmin/.local/lib/python3.6/site-packages/airflow/example_dags/example_kubernetes_executor_config.py took 0.037 seconds
[2021-11-02 15:58:01,061] {processor.py:163} INFO - Started process (PID=179596) to work on /home/linuxadmin/.local/lib/python3.6/site-packages/airflow/example_dags/example_kubernetes_executor_config.py
[2021-11-02 15:58:01,063] {processor.py:620} INFO - Processing file /home/linuxadmin/.local/lib/python3.6/site-packages/airflow/example_dags/example_kubernetes_executor_config.py for tasks to queue
[2021-11-02 15:58:01,064] {logging_mixin.py:109} INFO - [2021-11-02 15:58:01,064] {dagbag.py:500} INFO - Filling up the DagBag from /home/linuxadmin/.local/lib/python3.6/site-packages/airflow/example_dags/example_kubernetes_executor_config.py
[2021-11-02 15:58:01,078] {logging_mixin.py:109} INFO - [2021-11-02 15:58:01,078] {example_kubernetes_executor_config.py:171} WARNING - Could not import DAGs in example_kubernetes_executor_config.py: No module named 'kubernetes'
[2021-11-02 15:58:01,078] {logging_mixin.py:109} INFO - [2021-11-02 15:58:01,078] {example_kubernetes_executor_config.py:172} WARNING - Install kubernetes dependencies with: pip install apache-airflow['cncf.kubernetes']
[2021-11-02 15:58:01,101] {processor.py:634} WARNING - No viable dags retrieved from /home/linuxadmin/.local/lib/python3.6/site-packages/airflow/example_dags/example_kubernetes_executor_config.py
[2021-11-02 15:58:01,105] {processor.py:171} INFO - Processing /home/linuxadmin/.local/lib/python3.6/site-packages/airflow/example_dags/example_kubernetes_executor_config.py took 0.050 seconds
[2021-11-02 15:58:05,494] {processor.py:163} INFO - Started process (PID=179719) to work on /home/linuxadmin/.local/lib/python3.6/site-packages/airflow/example_dags/example_kubernetes_executor_config.py
[2021-11-02 15:58:05,495] {processor.py:620} INFO - Processing file /home/linuxadmin/.local/lib/python3.6/site-packages/airflow/example_dags/example_kubernetes_executor_config.py for tasks to queue
[2021-11-02 15:58:05,496] {logging_mixin.py:109} INFO - [2021-11-02 15:58:05,496] {dagbag.py:500} INFO - Filling up the DagBag from /home/linuxadmin/.local/lib/python3.6/site-packages/airflow/example_dags/example_kubernetes_executor_config.py
[2021-11-02 15:58:05,506] {logging_mixin.py:109} INFO - [2021-11-02 15:58:05,506] {example_kubernetes_executor_config.py:171} WARNING - Could not import DAGs in example_kubernetes_executor_config.py: No module named 'kubernetes'
[2021-11-02 15:58:05,506] {logging_mixin.py:109} INFO - [2021-11-02 15:58:05,506] {example_kubernetes_executor_config.py:172} WARNING - Install kubernetes dependencies with: pip install apache-airflow['cncf.kubernetes']
[2021-11-02 15:58:05,531] {processor.py:634} WARNING - No viable dags retrieved from /home/linuxadmin/.local/lib/python3.6/site-packages/airflow/example_dags/example_kubernetes_executor_config.py
[2021-11-02 15:58:05,534] {processor.py:171} INFO - Processing /home/linuxadmin/.local/lib/python3.6/site-packages/airflow/example_dags/example_kubernetes_executor_config.py took 0.045 seconds
[2021-11-02 15:58:09,817] {processor.py:163} INFO - Started process (PID=179837) to work on /home/linuxadmin/.local/lib/python3.6/site-packages/airflow/example_dags/example_kubernetes_executor_config.py
[2021-11-02 15:58:09,819] {processor.py:620} INFO - Processing file /home/linuxadmin/.local/lib/python3.6/site-packages/airflow/example_dags/example_kubernetes_executor_config.py for tasks to queue
[2021-11-02 15:58:09,820] {logging_mixin.py:109} INFO - [2021-11-02 15:58:09,820] {dagbag.py:500} INFO - Filling up the DagBag from /home/linuxadmin/.local/lib/python3.6/site-packages/airflow/example_dags/example_kubernetes_executor_config.py
[2021-11-02 15:58:09,830] {logging_mixin.py:109} INFO - [2021-11-02 15:58:09,830] {example_kubernetes_executor_config.py:171} WARNING - Could not import DAGs in example_kubernetes_executor_config.py: No module named 'kubernetes'
[2021-11-02 15:58:09,830] {logging_mixin.py:109} INFO - [2021-11-02 15:58:09,830] {example_kubernetes_executor_config.py:172} WARNING - Install kubernetes dependencies with: pip install apache-airflow['cncf.kubernetes']
[2021-11-02 15:58:09,856] {processor.py:634} WARNING - No viable dags retrieved from /home/linuxadmin/.local/lib/python3.6/site-packages/airflow/example_dags/example_kubernetes_executor_config.py
[2021-11-02 15:58:09,860] {processor.py:171} INFO - Processing /home/linuxadmin/.local/lib/python3.6/site-packages/airflow/example_dags/example_kubernetes_executor_config.py took 0.049 seconds
[2021-11-02 15:58:14,785] {processor.py:163} INFO - Started process (PID=179960) to work on /home/linuxadmin/.local/lib/python3.6/site-packages/airflow/example_dags/example_kubernetes_executor_config.py
[2021-11-02 15:58:14,786] {processor.py:620} INFO - Processing file /home/linuxadmin/.local/lib/python3.6/site-packages/airflow/example_dags/example_kubernetes_executor_config.py for tasks to queue
[2021-11-02 15:58:14,787] {logging_mixin.py:109} INFO - [2021-11-02 15:58:14,787] {dagbag.py:500} INFO - Filling up the DagBag from /home/linuxadmin/.local/lib/python3.6/site-packages/airflow/example_dags/example_kubernetes_executor_config.py
[2021-11-02 15:58:14,795] {logging_mixin.py:109} INFO - [2021-11-02 15:58:14,795] {example_kubernetes_executor_config.py:171} WARNING - Could not import DAGs in example_kubernetes_executor_config.py: No module named 'kubernetes'
[2021-11-02 15:58:14,795] {logging_mixin.py:109} INFO - [2021-11-02 15:58:14,795] {example_kubernetes_executor_config.py:172} WARNING - Install kubernetes dependencies with: pip install apache-airflow['cncf.kubernetes']
[2021-11-02 15:58:14,821] {processor.py:634} WARNING - No viable dags retrieved from /home/linuxadmin/.local/lib/python3.6/site-packages/airflow/example_dags/example_kubernetes_executor_config.py
[2021-11-02 15:58:14,826] {processor.py:171} INFO - Processing /home/linuxadmin/.local/lib/python3.6/site-packages/airflow/example_dags/example_kubernetes_executor_config.py took 0.046 seconds
[2021-11-02 15:58:19,371] {processor.py:163} INFO - Started process (PID=180085) to work on /home/linuxadmin/.local/lib/python3.6/site-packages/airflow/example_dags/example_kubernetes_executor_config.py
[2021-11-02 15:58:19,374] {processor.py:620} INFO - Processing file /home/linuxadmin/.local/lib/python3.6/site-packages/airflow/example_dags/example_kubernetes_executor_config.py for tasks to queue
[2021-11-02 15:58:19,375] {logging_mixin.py:109} INFO - [2021-11-02 15:58:19,375] {dagbag.py:500} INFO - Filling up the DagBag from /home/linuxadmin/.local/lib/python3.6/site-packages/airflow/example_dags/example_kubernetes_executor_config.py
[2021-11-02 15:58:19,385] {logging_mixin.py:109} INFO - [2021-11-02 15:58:19,385] {example_kubernetes_executor_config.py:171} WARNING - Could not import DAGs in example_kubernetes_executor_config.py: No module named 'kubernetes'
[2021-11-02 15:58:19,386] {logging_mixin.py:109} INFO - [2021-11-02 15:58:19,385] {example_kubernetes_executor_config.py:172} WARNING - Install kubernetes dependencies with: pip install apache-airflow['cncf.kubernetes']
[2021-11-02 15:58:19,412] {processor.py:634} WARNING - No viable dags retrieved from /home/linuxadmin/.local/lib/python3.6/site-packages/airflow/example_dags/example_kubernetes_executor_config.py
[2021-11-02 15:58:19,416] {processor.py:171} INFO - Processing /home/linuxadmin/.local/lib/python3.6/site-packages/airflow/example_dags/example_kubernetes_executor_config.py took 0.051 seconds
[2021-11-02 15:58:23,326] {processor.py:163} INFO - Started process (PID=180205) to work on /home/linuxadmin/.local/lib/python3.6/site-packages/airflow/example_dags/example_kubernetes_executor_config.py
[2021-11-02 15:58:23,328] {processor.py:620} INFO - Processing file /home/linuxadmin/.local/lib/python3.6/site-packages/airflow/example_dags/example_kubernetes_executor_config.py for tasks to queue
[2021-11-02 15:58:23,329] {logging_mixin.py:109} INFO - [2021-11-02 15:58:23,328] {dagbag.py:500} INFO - Filling up the DagBag from /home/linuxadmin/.local/lib/python3.6/site-packages/airflow/example_dags/example_kubernetes_executor_config.py
[2021-11-02 15:58:23,338] {logging_mixin.py:109} INFO - [2021-11-02 15:58:23,338] {example_kubernetes_executor_config.py:171} WARNING - Could not import DAGs in example_kubernetes_executor_config.py: No module named 'kubernetes'
[2021-11-02 15:58:23,338] {logging_mixin.py:109} INFO - [2021-11-02 15:58:23,338] {example_kubernetes_executor_config.py:172} WARNING - Install kubernetes dependencies with: pip install apache-airflow['cncf.kubernetes']
[2021-11-02 15:58:23,359] {processor.py:634} WARNING - No viable dags retrieved from /home/linuxadmin/.local/lib/python3.6/site-packages/airflow/example_dags/example_kubernetes_executor_config.py
[2021-11-02 15:58:23,362] {processor.py:171} INFO - Processing /home/linuxadmin/.local/lib/python3.6/site-packages/airflow/example_dags/example_kubernetes_executor_config.py took 0.041 seconds
[2021-11-02 15:58:28,494] {processor.py:163} INFO - Started process (PID=180328) to work on /home/linuxadmin/.local/lib/python3.6/site-packages/airflow/example_dags/example_kubernetes_executor_config.py
[2021-11-02 15:58:28,495] {processor.py:620} INFO - Processing file /home/linuxadmin/.local/lib/python3.6/site-packages/airflow/example_dags/example_kubernetes_executor_config.py for tasks to queue
[2021-11-02 15:58:28,496] {logging_mixin.py:109} INFO - [2021-11-02 15:58:28,496] {dagbag.py:500} INFO - Filling up the DagBag from /home/linuxadmin/.local/lib/python3.6/site-packages/airflow/example_dags/example_kubernetes_executor_config.py
[2021-11-02 15:58:28,512] {logging_mixin.py:109} INFO - [2021-11-02 15:58:28,511] {example_kubernetes_executor_config.py:171} WARNING - Could not import DAGs in example_kubernetes_executor_config.py: No module named 'kubernetes'
[2021-11-02 15:58:28,512] {logging_mixin.py:109} INFO - [2021-11-02 15:58:28,512] {example_kubernetes_executor_config.py:172} WARNING - Install kubernetes dependencies with: pip install apache-airflow['cncf.kubernetes']
[2021-11-02 15:58:28,538] {processor.py:634} WARNING - No viable dags retrieved from /home/linuxadmin/.local/lib/python3.6/site-packages/airflow/example_dags/example_kubernetes_executor_config.py
[2021-11-02 15:58:28,542] {processor.py:171} INFO - Processing /home/linuxadmin/.local/lib/python3.6/site-packages/airflow/example_dags/example_kubernetes_executor_config.py took 0.057 seconds
[2021-11-02 15:58:33,009] {processor.py:163} INFO - Started process (PID=180447) to work on /home/linuxadmin/.local/lib/python3.6/site-packages/airflow/example_dags/example_kubernetes_executor_config.py
[2021-11-02 15:58:33,010] {processor.py:620} INFO - Processing file /home/linuxadmin/.local/lib/python3.6/site-packages/airflow/example_dags/example_kubernetes_executor_config.py for tasks to queue
[2021-11-02 15:58:33,011] {logging_mixin.py:109} INFO - [2021-11-02 15:58:33,011] {dagbag.py:500} INFO - Filling up the DagBag from /home/linuxadmin/.local/lib/python3.6/site-packages/airflow/example_dags/example_kubernetes_executor_config.py
[2021-11-02 15:58:33,020] {logging_mixin.py:109} INFO - [2021-11-02 15:58:33,019] {example_kubernetes_executor_config.py:171} WARNING - Could not import DAGs in example_kubernetes_executor_config.py: No module named 'kubernetes'
[2021-11-02 15:58:33,020] {logging_mixin.py:109} INFO - [2021-11-02 15:58:33,020] {example_kubernetes_executor_config.py:172} WARNING - Install kubernetes dependencies with: pip install apache-airflow['cncf.kubernetes']
[2021-11-02 15:58:33,039] {processor.py:634} WARNING - No viable dags retrieved from /home/linuxadmin/.local/lib/python3.6/site-packages/airflow/example_dags/example_kubernetes_executor_config.py
[2021-11-02 15:58:33,043] {processor.py:171} INFO - Processing /home/linuxadmin/.local/lib/python3.6/site-packages/airflow/example_dags/example_kubernetes_executor_config.py took 0.038 seconds
[2021-11-02 15:58:37,871] {processor.py:163} INFO - Started process (PID=180572) to work on /home/linuxadmin/.local/lib/python3.6/site-packages/airflow/example_dags/example_kubernetes_executor_config.py
[2021-11-02 15:58:37,872] {processor.py:620} INFO - Processing file /home/linuxadmin/.local/lib/python3.6/site-packages/airflow/example_dags/example_kubernetes_executor_config.py for tasks to queue
[2021-11-02 15:58:37,873] {logging_mixin.py:109} INFO - [2021-11-02 15:58:37,873] {dagbag.py:500} INFO - Filling up the DagBag from /home/linuxadmin/.local/lib/python3.6/site-packages/airflow/example_dags/example_kubernetes_executor_config.py
[2021-11-02 15:58:37,882] {logging_mixin.py:109} INFO - [2021-11-02 15:58:37,882] {example_kubernetes_executor_config.py:171} WARNING - Could not import DAGs in example_kubernetes_executor_config.py: No module named 'kubernetes'
[2021-11-02 15:58:37,882] {logging_mixin.py:109} INFO - [2021-11-02 15:58:37,882] {example_kubernetes_executor_config.py:172} WARNING - Install kubernetes dependencies with: pip install apache-airflow['cncf.kubernetes']
[2021-11-02 15:58:37,907] {processor.py:634} WARNING - No viable dags retrieved from /home/linuxadmin/.local/lib/python3.6/site-packages/airflow/example_dags/example_kubernetes_executor_config.py
[2021-11-02 15:58:37,911] {processor.py:171} INFO - Processing /home/linuxadmin/.local/lib/python3.6/site-packages/airflow/example_dags/example_kubernetes_executor_config.py took 0.046 seconds
[2021-11-02 15:58:41,737] {processor.py:163} INFO - Started process (PID=180690) to work on /home/linuxadmin/.local/lib/python3.6/site-packages/airflow/example_dags/example_kubernetes_executor_config.py
[2021-11-02 15:58:41,738] {processor.py:620} INFO - Processing file /home/linuxadmin/.local/lib/python3.6/site-packages/airflow/example_dags/example_kubernetes_executor_config.py for tasks to queue
[2021-11-02 15:58:41,740] {logging_mixin.py:109} INFO - [2021-11-02 15:58:41,740] {dagbag.py:500} INFO - Filling up the DagBag from /home/linuxadmin/.local/lib/python3.6/site-packages/airflow/example_dags/example_kubernetes_executor_config.py
[2021-11-02 15:58:41,749] {logging_mixin.py:109} INFO - [2021-11-02 15:58:41,749] {example_kubernetes_executor_config.py:171} WARNING - Could not import DAGs in example_kubernetes_executor_config.py: No module named 'kubernetes'
[2021-11-02 15:58:41,749] {logging_mixin.py:109} INFO - [2021-11-02 15:58:41,749] {example_kubernetes_executor_config.py:172} WARNING - Install kubernetes dependencies with: pip install apache-airflow['cncf.kubernetes']
[2021-11-02 15:58:41,772] {processor.py:634} WARNING - No viable dags retrieved from /home/linuxadmin/.local/lib/python3.6/site-packages/airflow/example_dags/example_kubernetes_executor_config.py
[2021-11-02 15:58:41,776] {processor.py:171} INFO - Processing /home/linuxadmin/.local/lib/python3.6/site-packages/airflow/example_dags/example_kubernetes_executor_config.py took 0.043 seconds
[2021-11-02 15:58:46,296] {processor.py:163} INFO - Started process (PID=180812) to work on /home/linuxadmin/.local/lib/python3.6/site-packages/airflow/example_dags/example_kubernetes_executor_config.py
[2021-11-02 15:58:46,297] {processor.py:620} INFO - Processing file /home/linuxadmin/.local/lib/python3.6/site-packages/airflow/example_dags/example_kubernetes_executor_config.py for tasks to queue
[2021-11-02 15:58:46,298] {logging_mixin.py:109} INFO - [2021-11-02 15:58:46,298] {dagbag.py:500} INFO - Filling up the DagBag from /home/linuxadmin/.local/lib/python3.6/site-packages/airflow/example_dags/example_kubernetes_executor_config.py
[2021-11-02 15:58:46,307] {logging_mixin.py:109} INFO - [2021-11-02 15:58:46,307] {example_kubernetes_executor_config.py:171} WARNING - Could not import DAGs in example_kubernetes_executor_config.py: No module named 'kubernetes'
[2021-11-02 15:58:46,308] {logging_mixin.py:109} INFO - [2021-11-02 15:58:46,308] {example_kubernetes_executor_config.py:172} WARNING - Install kubernetes dependencies with: pip install apache-airflow['cncf.kubernetes']
[2021-11-02 15:58:46,327] {processor.py:634} WARNING - No viable dags retrieved from /home/linuxadmin/.local/lib/python3.6/site-packages/airflow/example_dags/example_kubernetes_executor_config.py
[2021-11-02 15:58:46,332] {processor.py:171} INFO - Processing /home/linuxadmin/.local/lib/python3.6/site-packages/airflow/example_dags/example_kubernetes_executor_config.py took 0.041 seconds
[2021-11-02 15:58:50,325] {processor.py:163} INFO - Started process (PID=180934) to work on /home/linuxadmin/.local/lib/python3.6/site-packages/airflow/example_dags/example_kubernetes_executor_config.py
[2021-11-02 15:58:50,326] {processor.py:620} INFO - Processing file /home/linuxadmin/.local/lib/python3.6/site-packages/airflow/example_dags/example_kubernetes_executor_config.py for tasks to queue
[2021-11-02 15:58:50,327] {logging_mixin.py:109} INFO - [2021-11-02 15:58:50,327] {dagbag.py:500} INFO - Filling up the DagBag from /home/linuxadmin/.local/lib/python3.6/site-packages/airflow/example_dags/example_kubernetes_executor_config.py
[2021-11-02 15:58:50,336] {logging_mixin.py:109} INFO - [2021-11-02 15:58:50,336] {example_kubernetes_executor_config.py:171} WARNING - Could not import DAGs in example_kubernetes_executor_config.py: No module named 'kubernetes'
[2021-11-02 15:58:50,337] {logging_mixin.py:109} INFO - [2021-11-02 15:58:50,337] {example_kubernetes_executor_config.py:172} WARNING - Install kubernetes dependencies with: pip install apache-airflow['cncf.kubernetes']
[2021-11-02 15:58:50,355] {processor.py:634} WARNING - No viable dags retrieved from /home/linuxadmin/.local/lib/python3.6/site-packages/airflow/example_dags/example_kubernetes_executor_config.py
[2021-11-02 15:58:50,358] {processor.py:171} INFO - Processing /home/linuxadmin/.local/lib/python3.6/site-packages/airflow/example_dags/example_kubernetes_executor_config.py took 0.038 seconds
[2021-11-02 15:58:54,527] {processor.py:163} INFO - Started process (PID=181056) to work on /home/linuxadmin/.local/lib/python3.6/site-packages/airflow/example_dags/example_kubernetes_executor_config.py
[2021-11-02 15:58:54,530] {processor.py:620} INFO - Processing file /home/linuxadmin/.local/lib/python3.6/site-packages/airflow/example_dags/example_kubernetes_executor_config.py for tasks to queue
[2021-11-02 15:58:54,531] {logging_mixin.py:109} INFO - [2021-11-02 15:58:54,531] {dagbag.py:500} INFO - Filling up the DagBag from /home/linuxadmin/.local/lib/python3.6/site-packages/airflow/example_dags/example_kubernetes_executor_config.py
[2021-11-02 15:58:54,541] {logging_mixin.py:109} INFO - [2021-11-02 15:58:54,541] {example_kubernetes_executor_config.py:171} WARNING - Could not import DAGs in example_kubernetes_executor_config.py: No module named 'kubernetes'
[2021-11-02 15:58:54,541] {logging_mixin.py:109} INFO - [2021-11-02 15:58:54,541] {example_kubernetes_executor_config.py:172} WARNING - Install kubernetes dependencies with: pip install apache-airflow['cncf.kubernetes']
[2021-11-02 15:58:54,566] {processor.py:634} WARNING - No viable dags retrieved from /home/linuxadmin/.local/lib/python3.6/site-packages/airflow/example_dags/example_kubernetes_executor_config.py
[2021-11-02 15:58:54,569] {processor.py:171} INFO - Processing /home/linuxadmin/.local/lib/python3.6/site-packages/airflow/example_dags/example_kubernetes_executor_config.py took 0.047 seconds
[2021-11-02 15:58:59,253] {processor.py:163} INFO - Started process (PID=181176) to work on /home/linuxadmin/.local/lib/python3.6/site-packages/airflow/example_dags/example_kubernetes_executor_config.py
[2021-11-02 15:58:59,254] {processor.py:620} INFO - Processing file /home/linuxadmin/.local/lib/python3.6/site-packages/airflow/example_dags/example_kubernetes_executor_config.py for tasks to queue
[2021-11-02 15:58:59,255] {logging_mixin.py:109} INFO - [2021-11-02 15:58:59,255] {dagbag.py:500} INFO - Filling up the DagBag from /home/linuxadmin/.local/lib/python3.6/site-packages/airflow/example_dags/example_kubernetes_executor_config.py
[2021-11-02 15:58:59,266] {logging_mixin.py:109} INFO - [2021-11-02 15:58:59,266] {example_kubernetes_executor_config.py:171} WARNING - Could not import DAGs in example_kubernetes_executor_config.py: No module named 'kubernetes'
[2021-11-02 15:58:59,266] {logging_mixin.py:109} INFO - [2021-11-02 15:58:59,266] {example_kubernetes_executor_config.py:172} WARNING - Install kubernetes dependencies with: pip install apache-airflow['cncf.kubernetes']
[2021-11-02 15:58:59,288] {processor.py:634} WARNING - No viable dags retrieved from /home/linuxadmin/.local/lib/python3.6/site-packages/airflow/example_dags/example_kubernetes_executor_config.py
[2021-11-02 15:58:59,292] {processor.py:171} INFO - Processing /home/linuxadmin/.local/lib/python3.6/site-packages/airflow/example_dags/example_kubernetes_executor_config.py took 0.044 seconds
[2021-11-02 15:59:04,591] {processor.py:163} INFO - Started process (PID=181298) to work on /home/linuxadmin/.local/lib/python3.6/site-packages/airflow/example_dags/example_kubernetes_executor_config.py
[2021-11-02 15:59:04,593] {processor.py:620} INFO - Processing file /home/linuxadmin/.local/lib/python3.6/site-packages/airflow/example_dags/example_kubernetes_executor_config.py for tasks to queue
[2021-11-02 15:59:04,594] {logging_mixin.py:109} INFO - [2021-11-02 15:59:04,593] {dagbag.py:500} INFO - Filling up the DagBag from /home/linuxadmin/.local/lib/python3.6/site-packages/airflow/example_dags/example_kubernetes_executor_config.py
[2021-11-02 15:59:04,605] {logging_mixin.py:109} INFO - [2021-11-02 15:59:04,605] {example_kubernetes_executor_config.py:171} WARNING - Could not import DAGs in example_kubernetes_executor_config.py: No module named 'kubernetes'
[2021-11-02 15:59:04,605] {logging_mixin.py:109} INFO - [2021-11-02 15:59:04,605] {example_kubernetes_executor_config.py:172} WARNING - Install kubernetes dependencies with: pip install apache-airflow['cncf.kubernetes']
[2021-11-02 15:59:04,627] {processor.py:634} WARNING - No viable dags retrieved from /home/linuxadmin/.local/lib/python3.6/site-packages/airflow/example_dags/example_kubernetes_executor_config.py
[2021-11-02 15:59:04,630] {processor.py:171} INFO - Processing /home/linuxadmin/.local/lib/python3.6/site-packages/airflow/example_dags/example_kubernetes_executor_config.py took 0.045 seconds
[2021-11-02 15:59:08,968] {processor.py:163} INFO - Started process (PID=181421) to work on /home/linuxadmin/.local/lib/python3.6/site-packages/airflow/example_dags/example_kubernetes_executor_config.py
[2021-11-02 15:59:08,969] {processor.py:620} INFO - Processing file /home/linuxadmin/.local/lib/python3.6/site-packages/airflow/example_dags/example_kubernetes_executor_config.py for tasks to queue
[2021-11-02 15:59:08,970] {logging_mixin.py:109} INFO - [2021-11-02 15:59:08,970] {dagbag.py:500} INFO - Filling up the DagBag from /home/linuxadmin/.local/lib/python3.6/site-packages/airflow/example_dags/example_kubernetes_executor_config.py
[2021-11-02 15:59:08,981] {logging_mixin.py:109} INFO - [2021-11-02 15:59:08,981] {example_kubernetes_executor_config.py:171} WARNING - Could not import DAGs in example_kubernetes_executor_config.py: No module named 'kubernetes'
[2021-11-02 15:59:08,981] {logging_mixin.py:109} INFO - [2021-11-02 15:59:08,981] {example_kubernetes_executor_config.py:172} WARNING - Install kubernetes dependencies with: pip install apache-airflow['cncf.kubernetes']
[2021-11-02 15:59:09,004] {processor.py:634} WARNING - No viable dags retrieved from /home/linuxadmin/.local/lib/python3.6/site-packages/airflow/example_dags/example_kubernetes_executor_config.py
[2021-11-02 15:59:09,008] {processor.py:171} INFO - Processing /home/linuxadmin/.local/lib/python3.6/site-packages/airflow/example_dags/example_kubernetes_executor_config.py took 0.045 seconds
[2021-11-02 15:59:13,586] {processor.py:163} INFO - Started process (PID=181545) to work on /home/linuxadmin/.local/lib/python3.6/site-packages/airflow/example_dags/example_kubernetes_executor_config.py
[2021-11-02 15:59:13,587] {processor.py:620} INFO - Processing file /home/linuxadmin/.local/lib/python3.6/site-packages/airflow/example_dags/example_kubernetes_executor_config.py for tasks to queue
[2021-11-02 15:59:13,588] {logging_mixin.py:109} INFO - [2021-11-02 15:59:13,588] {dagbag.py:500} INFO - Filling up the DagBag from /home/linuxadmin/.local/lib/python3.6/site-packages/airflow/example_dags/example_kubernetes_executor_config.py
[2021-11-02 15:59:13,601] {logging_mixin.py:109} INFO - [2021-11-02 15:59:13,601] {example_kubernetes_executor_config.py:171} WARNING - Could not import DAGs in example_kubernetes_executor_config.py: No module named 'kubernetes'
[2021-11-02 15:59:13,602] {logging_mixin.py:109} INFO - [2021-11-02 15:59:13,601] {example_kubernetes_executor_config.py:172} WARNING - Install kubernetes dependencies with: pip install apache-airflow['cncf.kubernetes']
[2021-11-02 15:59:13,623] {processor.py:634} WARNING - No viable dags retrieved from /home/linuxadmin/.local/lib/python3.6/site-packages/airflow/example_dags/example_kubernetes_executor_config.py
[2021-11-02 15:59:13,626] {processor.py:171} INFO - Processing /home/linuxadmin/.local/lib/python3.6/site-packages/airflow/example_dags/example_kubernetes_executor_config.py took 0.045 seconds
