[2021-11-02 15:55:18,628] {processor.py:163} INFO - Started process (PID=175232) to work on /home/linuxadmin/.local/lib/python3.6/site-packages/airflow/example_dags/example_task_group_decorator.py
[2021-11-02 15:55:18,629] {processor.py:620} INFO - Processing file /home/linuxadmin/.local/lib/python3.6/site-packages/airflow/example_dags/example_task_group_decorator.py for tasks to queue
[2021-11-02 15:55:18,630] {logging_mixin.py:109} INFO - [2021-11-02 15:55:18,630] {dagbag.py:500} INFO - Filling up the DagBag from /home/linuxadmin/.local/lib/python3.6/site-packages/airflow/example_dags/example_task_group_decorator.py
[2021-11-02 15:55:18,690] {processor.py:632} INFO - DAG(s) dict_keys(['example_task_group_decorator']) retrieved from /home/linuxadmin/.local/lib/python3.6/site-packages/airflow/example_dags/example_task_group_decorator.py
[2021-11-02 15:55:18,950] {logging_mixin.py:109} INFO - [2021-11-02 15:55:18,950] {dag.py:2389} INFO - Sync 1 DAGs
[2021-11-02 15:55:18,971] {logging_mixin.py:109} INFO - [2021-11-02 15:55:18,971] {dag.py:2921} INFO - Setting next_dagrun for example_task_group_decorator to 2021-11-01T10:25:18.970668+00:00
[2021-11-02 15:55:18,984] {processor.py:171} INFO - Processing /home/linuxadmin/.local/lib/python3.6/site-packages/airflow/example_dags/example_task_group_decorator.py took 0.362 seconds
[2021-11-02 15:55:23,427] {processor.py:163} INFO - Started process (PID=175356) to work on /home/linuxadmin/.local/lib/python3.6/site-packages/airflow/example_dags/example_task_group_decorator.py
[2021-11-02 15:55:23,428] {processor.py:620} INFO - Processing file /home/linuxadmin/.local/lib/python3.6/site-packages/airflow/example_dags/example_task_group_decorator.py for tasks to queue
[2021-11-02 15:55:23,429] {logging_mixin.py:109} INFO - [2021-11-02 15:55:23,429] {dagbag.py:500} INFO - Filling up the DagBag from /home/linuxadmin/.local/lib/python3.6/site-packages/airflow/example_dags/example_task_group_decorator.py
[2021-11-02 15:55:23,485] {processor.py:632} INFO - DAG(s) dict_keys(['example_task_group_decorator']) retrieved from /home/linuxadmin/.local/lib/python3.6/site-packages/airflow/example_dags/example_task_group_decorator.py
[2021-11-02 15:55:23,491] {logging_mixin.py:109} INFO - [2021-11-02 15:55:23,490] {dag.py:2389} INFO - Sync 1 DAGs
[2021-11-02 15:55:23,520] {logging_mixin.py:109} INFO - [2021-11-02 15:55:23,520] {dag.py:2921} INFO - Setting next_dagrun for example_task_group_decorator to 2021-11-01T10:25:23.519746+00:00
[2021-11-02 15:55:23,531] {processor.py:171} INFO - Processing /home/linuxadmin/.local/lib/python3.6/site-packages/airflow/example_dags/example_task_group_decorator.py took 0.109 seconds
[2021-11-02 15:55:27,632] {processor.py:163} INFO - Started process (PID=175476) to work on /home/linuxadmin/.local/lib/python3.6/site-packages/airflow/example_dags/example_task_group_decorator.py
[2021-11-02 15:55:27,634] {processor.py:620} INFO - Processing file /home/linuxadmin/.local/lib/python3.6/site-packages/airflow/example_dags/example_task_group_decorator.py for tasks to queue
[2021-11-02 15:55:27,635] {logging_mixin.py:109} INFO - [2021-11-02 15:55:27,634] {dagbag.py:500} INFO - Filling up the DagBag from /home/linuxadmin/.local/lib/python3.6/site-packages/airflow/example_dags/example_task_group_decorator.py
[2021-11-02 15:55:27,699] {processor.py:632} INFO - DAG(s) dict_keys(['example_task_group_decorator']) retrieved from /home/linuxadmin/.local/lib/python3.6/site-packages/airflow/example_dags/example_task_group_decorator.py
[2021-11-02 15:55:27,704] {logging_mixin.py:109} INFO - [2021-11-02 15:55:27,704] {dag.py:2389} INFO - Sync 1 DAGs
[2021-11-02 15:55:27,736] {logging_mixin.py:109} INFO - [2021-11-02 15:55:27,736] {dag.py:2921} INFO - Setting next_dagrun for example_task_group_decorator to 2021-11-01T10:25:27.735531+00:00
[2021-11-02 15:55:27,750] {processor.py:171} INFO - Processing /home/linuxadmin/.local/lib/python3.6/site-packages/airflow/example_dags/example_task_group_decorator.py took 0.123 seconds
[2021-11-02 15:55:32,108] {processor.py:163} INFO - Started process (PID=175598) to work on /home/linuxadmin/.local/lib/python3.6/site-packages/airflow/example_dags/example_task_group_decorator.py
[2021-11-02 15:55:32,110] {processor.py:620} INFO - Processing file /home/linuxadmin/.local/lib/python3.6/site-packages/airflow/example_dags/example_task_group_decorator.py for tasks to queue
[2021-11-02 15:55:32,111] {logging_mixin.py:109} INFO - [2021-11-02 15:55:32,111] {dagbag.py:500} INFO - Filling up the DagBag from /home/linuxadmin/.local/lib/python3.6/site-packages/airflow/example_dags/example_task_group_decorator.py
[2021-11-02 15:55:32,185] {processor.py:632} INFO - DAG(s) dict_keys(['example_task_group_decorator']) retrieved from /home/linuxadmin/.local/lib/python3.6/site-packages/airflow/example_dags/example_task_group_decorator.py
[2021-11-02 15:55:32,190] {logging_mixin.py:109} INFO - [2021-11-02 15:55:32,190] {dag.py:2389} INFO - Sync 1 DAGs
[2021-11-02 15:55:32,217] {logging_mixin.py:109} INFO - [2021-11-02 15:55:32,217] {dag.py:2921} INFO - Setting next_dagrun for example_task_group_decorator to 2021-11-01T10:25:32.217198+00:00
[2021-11-02 15:55:32,232] {processor.py:171} INFO - Processing /home/linuxadmin/.local/lib/python3.6/site-packages/airflow/example_dags/example_task_group_decorator.py took 0.130 seconds
[2021-11-02 15:55:36,709] {processor.py:163} INFO - Started process (PID=175719) to work on /home/linuxadmin/.local/lib/python3.6/site-packages/airflow/example_dags/example_task_group_decorator.py
[2021-11-02 15:55:36,711] {processor.py:620} INFO - Processing file /home/linuxadmin/.local/lib/python3.6/site-packages/airflow/example_dags/example_task_group_decorator.py for tasks to queue
[2021-11-02 15:55:36,712] {logging_mixin.py:109} INFO - [2021-11-02 15:55:36,712] {dagbag.py:500} INFO - Filling up the DagBag from /home/linuxadmin/.local/lib/python3.6/site-packages/airflow/example_dags/example_task_group_decorator.py
[2021-11-02 15:55:36,777] {processor.py:632} INFO - DAG(s) dict_keys(['example_task_group_decorator']) retrieved from /home/linuxadmin/.local/lib/python3.6/site-packages/airflow/example_dags/example_task_group_decorator.py
[2021-11-02 15:55:36,781] {logging_mixin.py:109} INFO - [2021-11-02 15:55:36,781] {dag.py:2389} INFO - Sync 1 DAGs
[2021-11-02 15:55:36,807] {logging_mixin.py:109} INFO - [2021-11-02 15:55:36,807] {dag.py:2921} INFO - Setting next_dagrun for example_task_group_decorator to 2021-11-01T10:25:36.807009+00:00
[2021-11-02 15:55:36,820] {processor.py:171} INFO - Processing /home/linuxadmin/.local/lib/python3.6/site-packages/airflow/example_dags/example_task_group_decorator.py took 0.117 seconds
[2021-11-02 15:55:41,168] {processor.py:163} INFO - Started process (PID=175841) to work on /home/linuxadmin/.local/lib/python3.6/site-packages/airflow/example_dags/example_task_group_decorator.py
[2021-11-02 15:55:41,170] {processor.py:620} INFO - Processing file /home/linuxadmin/.local/lib/python3.6/site-packages/airflow/example_dags/example_task_group_decorator.py for tasks to queue
[2021-11-02 15:55:41,171] {logging_mixin.py:109} INFO - [2021-11-02 15:55:41,171] {dagbag.py:500} INFO - Filling up the DagBag from /home/linuxadmin/.local/lib/python3.6/site-packages/airflow/example_dags/example_task_group_decorator.py
[2021-11-02 15:55:41,229] {processor.py:632} INFO - DAG(s) dict_keys(['example_task_group_decorator']) retrieved from /home/linuxadmin/.local/lib/python3.6/site-packages/airflow/example_dags/example_task_group_decorator.py
[2021-11-02 15:55:41,233] {logging_mixin.py:109} INFO - [2021-11-02 15:55:41,233] {dag.py:2389} INFO - Sync 1 DAGs
[2021-11-02 15:55:41,262] {logging_mixin.py:109} INFO - [2021-11-02 15:55:41,262] {dag.py:2921} INFO - Setting next_dagrun for example_task_group_decorator to 2021-11-01T10:25:41.262470+00:00
[2021-11-02 15:55:41,276] {processor.py:171} INFO - Processing /home/linuxadmin/.local/lib/python3.6/site-packages/airflow/example_dags/example_task_group_decorator.py took 0.114 seconds
[2021-11-02 15:55:45,075] {processor.py:163} INFO - Started process (PID=175959) to work on /home/linuxadmin/.local/lib/python3.6/site-packages/airflow/example_dags/example_task_group_decorator.py
[2021-11-02 15:55:45,077] {processor.py:620} INFO - Processing file /home/linuxadmin/.local/lib/python3.6/site-packages/airflow/example_dags/example_task_group_decorator.py for tasks to queue
[2021-11-02 15:55:45,078] {logging_mixin.py:109} INFO - [2021-11-02 15:55:45,077] {dagbag.py:500} INFO - Filling up the DagBag from /home/linuxadmin/.local/lib/python3.6/site-packages/airflow/example_dags/example_task_group_decorator.py
[2021-11-02 15:55:45,149] {processor.py:632} INFO - DAG(s) dict_keys(['example_task_group_decorator']) retrieved from /home/linuxadmin/.local/lib/python3.6/site-packages/airflow/example_dags/example_task_group_decorator.py
[2021-11-02 15:55:45,154] {logging_mixin.py:109} INFO - [2021-11-02 15:55:45,153] {dag.py:2389} INFO - Sync 1 DAGs
[2021-11-02 15:55:45,179] {logging_mixin.py:109} INFO - [2021-11-02 15:55:45,179] {dag.py:2921} INFO - Setting next_dagrun for example_task_group_decorator to 2021-11-01T10:25:45.179111+00:00
[2021-11-02 15:55:45,190] {processor.py:171} INFO - Processing /home/linuxadmin/.local/lib/python3.6/site-packages/airflow/example_dags/example_task_group_decorator.py took 0.121 seconds
[2021-11-02 15:55:50,149] {processor.py:163} INFO - Started process (PID=176084) to work on /home/linuxadmin/.local/lib/python3.6/site-packages/airflow/example_dags/example_task_group_decorator.py
[2021-11-02 15:55:50,151] {processor.py:620} INFO - Processing file /home/linuxadmin/.local/lib/python3.6/site-packages/airflow/example_dags/example_task_group_decorator.py for tasks to queue
[2021-11-02 15:55:50,152] {logging_mixin.py:109} INFO - [2021-11-02 15:55:50,152] {dagbag.py:500} INFO - Filling up the DagBag from /home/linuxadmin/.local/lib/python3.6/site-packages/airflow/example_dags/example_task_group_decorator.py
[2021-11-02 15:55:50,215] {processor.py:632} INFO - DAG(s) dict_keys(['example_task_group_decorator']) retrieved from /home/linuxadmin/.local/lib/python3.6/site-packages/airflow/example_dags/example_task_group_decorator.py
[2021-11-02 15:55:50,509] {logging_mixin.py:109} INFO - [2021-11-02 15:55:50,509] {dag.py:2389} INFO - Sync 1 DAGs
[2021-11-02 15:55:50,529] {logging_mixin.py:109} INFO - [2021-11-02 15:55:50,529] {dag.py:2921} INFO - Setting next_dagrun for example_task_group_decorator to 2021-11-01T10:25:50.529304+00:00
[2021-11-02 15:55:50,544] {processor.py:171} INFO - Processing /home/linuxadmin/.local/lib/python3.6/site-packages/airflow/example_dags/example_task_group_decorator.py took 0.401 seconds
[2021-11-02 15:55:54,487] {processor.py:163} INFO - Started process (PID=176202) to work on /home/linuxadmin/.local/lib/python3.6/site-packages/airflow/example_dags/example_task_group_decorator.py
[2021-11-02 15:55:54,489] {processor.py:620} INFO - Processing file /home/linuxadmin/.local/lib/python3.6/site-packages/airflow/example_dags/example_task_group_decorator.py for tasks to queue
[2021-11-02 15:55:54,490] {logging_mixin.py:109} INFO - [2021-11-02 15:55:54,490] {dagbag.py:500} INFO - Filling up the DagBag from /home/linuxadmin/.local/lib/python3.6/site-packages/airflow/example_dags/example_task_group_decorator.py
[2021-11-02 15:55:54,547] {processor.py:632} INFO - DAG(s) dict_keys(['example_task_group_decorator']) retrieved from /home/linuxadmin/.local/lib/python3.6/site-packages/airflow/example_dags/example_task_group_decorator.py
[2021-11-02 15:55:54,551] {logging_mixin.py:109} INFO - [2021-11-02 15:55:54,551] {dag.py:2389} INFO - Sync 1 DAGs
[2021-11-02 15:55:54,586] {logging_mixin.py:109} INFO - [2021-11-02 15:55:54,586] {dag.py:2921} INFO - Setting next_dagrun for example_task_group_decorator to 2021-11-01T10:25:54.585853+00:00
[2021-11-02 15:55:54,601] {processor.py:171} INFO - Processing /home/linuxadmin/.local/lib/python3.6/site-packages/airflow/example_dags/example_task_group_decorator.py took 0.120 seconds
[2021-11-02 15:55:59,302] {processor.py:163} INFO - Started process (PID=176326) to work on /home/linuxadmin/.local/lib/python3.6/site-packages/airflow/example_dags/example_task_group_decorator.py
[2021-11-02 15:55:59,303] {processor.py:620} INFO - Processing file /home/linuxadmin/.local/lib/python3.6/site-packages/airflow/example_dags/example_task_group_decorator.py for tasks to queue
[2021-11-02 15:55:59,304] {logging_mixin.py:109} INFO - [2021-11-02 15:55:59,304] {dagbag.py:500} INFO - Filling up the DagBag from /home/linuxadmin/.local/lib/python3.6/site-packages/airflow/example_dags/example_task_group_decorator.py
[2021-11-02 15:55:59,370] {processor.py:632} INFO - DAG(s) dict_keys(['example_task_group_decorator']) retrieved from /home/linuxadmin/.local/lib/python3.6/site-packages/airflow/example_dags/example_task_group_decorator.py
[2021-11-02 15:55:59,375] {logging_mixin.py:109} INFO - [2021-11-02 15:55:59,375] {dag.py:2389} INFO - Sync 1 DAGs
[2021-11-02 15:55:59,399] {logging_mixin.py:109} INFO - [2021-11-02 15:55:59,399] {dag.py:2921} INFO - Setting next_dagrun for example_task_group_decorator to 2021-11-01T10:25:59.398986+00:00
[2021-11-02 15:55:59,412] {processor.py:171} INFO - Processing /home/linuxadmin/.local/lib/python3.6/site-packages/airflow/example_dags/example_task_group_decorator.py took 0.116 seconds
[2021-11-02 15:56:03,653] {processor.py:163} INFO - Started process (PID=176443) to work on /home/linuxadmin/.local/lib/python3.6/site-packages/airflow/example_dags/example_task_group_decorator.py
[2021-11-02 15:56:03,655] {processor.py:620} INFO - Processing file /home/linuxadmin/.local/lib/python3.6/site-packages/airflow/example_dags/example_task_group_decorator.py for tasks to queue
[2021-11-02 15:56:03,656] {logging_mixin.py:109} INFO - [2021-11-02 15:56:03,656] {dagbag.py:500} INFO - Filling up the DagBag from /home/linuxadmin/.local/lib/python3.6/site-packages/airflow/example_dags/example_task_group_decorator.py
[2021-11-02 15:56:03,715] {processor.py:632} INFO - DAG(s) dict_keys(['example_task_group_decorator']) retrieved from /home/linuxadmin/.local/lib/python3.6/site-packages/airflow/example_dags/example_task_group_decorator.py
[2021-11-02 15:56:03,719] {logging_mixin.py:109} INFO - [2021-11-02 15:56:03,719] {dag.py:2389} INFO - Sync 1 DAGs
[2021-11-02 15:56:03,745] {logging_mixin.py:109} INFO - [2021-11-02 15:56:03,745] {dag.py:2921} INFO - Setting next_dagrun for example_task_group_decorator to 2021-11-01T10:26:03.744935+00:00
[2021-11-02 15:56:03,758] {processor.py:171} INFO - Processing /home/linuxadmin/.local/lib/python3.6/site-packages/airflow/example_dags/example_task_group_decorator.py took 0.110 seconds
[2021-11-02 15:56:08,544] {processor.py:163} INFO - Started process (PID=176568) to work on /home/linuxadmin/.local/lib/python3.6/site-packages/airflow/example_dags/example_task_group_decorator.py
[2021-11-02 15:56:08,545] {processor.py:620} INFO - Processing file /home/linuxadmin/.local/lib/python3.6/site-packages/airflow/example_dags/example_task_group_decorator.py for tasks to queue
[2021-11-02 15:56:08,546] {logging_mixin.py:109} INFO - [2021-11-02 15:56:08,546] {dagbag.py:500} INFO - Filling up the DagBag from /home/linuxadmin/.local/lib/python3.6/site-packages/airflow/example_dags/example_task_group_decorator.py
[2021-11-02 15:56:08,599] {processor.py:632} INFO - DAG(s) dict_keys(['example_task_group_decorator']) retrieved from /home/linuxadmin/.local/lib/python3.6/site-packages/airflow/example_dags/example_task_group_decorator.py
[2021-11-02 15:56:08,604] {logging_mixin.py:109} INFO - [2021-11-02 15:56:08,604] {dag.py:2389} INFO - Sync 1 DAGs
[2021-11-02 15:56:08,626] {logging_mixin.py:109} INFO - [2021-11-02 15:56:08,626] {dag.py:2921} INFO - Setting next_dagrun for example_task_group_decorator to 2021-11-01T10:26:08.626114+00:00
[2021-11-02 15:56:08,638] {processor.py:171} INFO - Processing /home/linuxadmin/.local/lib/python3.6/site-packages/airflow/example_dags/example_task_group_decorator.py took 0.098 seconds
[2021-11-02 15:56:13,231] {processor.py:163} INFO - Started process (PID=176691) to work on /home/linuxadmin/.local/lib/python3.6/site-packages/airflow/example_dags/example_task_group_decorator.py
[2021-11-02 15:56:13,232] {processor.py:620} INFO - Processing file /home/linuxadmin/.local/lib/python3.6/site-packages/airflow/example_dags/example_task_group_decorator.py for tasks to queue
[2021-11-02 15:56:13,233] {logging_mixin.py:109} INFO - [2021-11-02 15:56:13,233] {dagbag.py:500} INFO - Filling up the DagBag from /home/linuxadmin/.local/lib/python3.6/site-packages/airflow/example_dags/example_task_group_decorator.py
[2021-11-02 15:56:13,295] {processor.py:632} INFO - DAG(s) dict_keys(['example_task_group_decorator']) retrieved from /home/linuxadmin/.local/lib/python3.6/site-packages/airflow/example_dags/example_task_group_decorator.py
[2021-11-02 15:56:13,300] {logging_mixin.py:109} INFO - [2021-11-02 15:56:13,300] {dag.py:2389} INFO - Sync 1 DAGs
[2021-11-02 15:56:13,330] {logging_mixin.py:109} INFO - [2021-11-02 15:56:13,330] {dag.py:2921} INFO - Setting next_dagrun for example_task_group_decorator to 2021-11-01T10:26:13.330119+00:00
[2021-11-02 15:56:13,344] {processor.py:171} INFO - Processing /home/linuxadmin/.local/lib/python3.6/site-packages/airflow/example_dags/example_task_group_decorator.py took 0.118 seconds
[2021-11-02 15:56:17,434] {processor.py:163} INFO - Started process (PID=176809) to work on /home/linuxadmin/.local/lib/python3.6/site-packages/airflow/example_dags/example_task_group_decorator.py
[2021-11-02 15:56:17,435] {processor.py:620} INFO - Processing file /home/linuxadmin/.local/lib/python3.6/site-packages/airflow/example_dags/example_task_group_decorator.py for tasks to queue
[2021-11-02 15:56:17,436] {logging_mixin.py:109} INFO - [2021-11-02 15:56:17,436] {dagbag.py:500} INFO - Filling up the DagBag from /home/linuxadmin/.local/lib/python3.6/site-packages/airflow/example_dags/example_task_group_decorator.py
[2021-11-02 15:56:17,492] {processor.py:632} INFO - DAG(s) dict_keys(['example_task_group_decorator']) retrieved from /home/linuxadmin/.local/lib/python3.6/site-packages/airflow/example_dags/example_task_group_decorator.py
[2021-11-02 15:56:17,498] {logging_mixin.py:109} INFO - [2021-11-02 15:56:17,498] {dag.py:2389} INFO - Sync 1 DAGs
[2021-11-02 15:56:17,521] {logging_mixin.py:109} INFO - [2021-11-02 15:56:17,521] {dag.py:2921} INFO - Setting next_dagrun for example_task_group_decorator to 2021-11-01T10:26:17.521239+00:00
[2021-11-02 15:56:17,532] {processor.py:171} INFO - Processing /home/linuxadmin/.local/lib/python3.6/site-packages/airflow/example_dags/example_task_group_decorator.py took 0.102 seconds
[2021-11-02 15:56:22,642] {processor.py:163} INFO - Started process (PID=176934) to work on /home/linuxadmin/.local/lib/python3.6/site-packages/airflow/example_dags/example_task_group_decorator.py
[2021-11-02 15:56:22,643] {processor.py:620} INFO - Processing file /home/linuxadmin/.local/lib/python3.6/site-packages/airflow/example_dags/example_task_group_decorator.py for tasks to queue
[2021-11-02 15:56:22,644] {logging_mixin.py:109} INFO - [2021-11-02 15:56:22,644] {dagbag.py:500} INFO - Filling up the DagBag from /home/linuxadmin/.local/lib/python3.6/site-packages/airflow/example_dags/example_task_group_decorator.py
[2021-11-02 15:56:22,709] {processor.py:632} INFO - DAG(s) dict_keys(['example_task_group_decorator']) retrieved from /home/linuxadmin/.local/lib/python3.6/site-packages/airflow/example_dags/example_task_group_decorator.py
[2021-11-02 15:56:23,021] {logging_mixin.py:109} INFO - [2021-11-02 15:56:23,021] {dag.py:2389} INFO - Sync 1 DAGs
[2021-11-02 15:56:23,048] {logging_mixin.py:109} INFO - [2021-11-02 15:56:23,048] {dag.py:2921} INFO - Setting next_dagrun for example_task_group_decorator to 2021-11-01T10:26:23.047866+00:00
[2021-11-02 15:56:23,065] {processor.py:171} INFO - Processing /home/linuxadmin/.local/lib/python3.6/site-packages/airflow/example_dags/example_task_group_decorator.py took 0.428 seconds
[2021-11-02 15:56:26,925] {processor.py:163} INFO - Started process (PID=177051) to work on /home/linuxadmin/.local/lib/python3.6/site-packages/airflow/example_dags/example_task_group_decorator.py
[2021-11-02 15:56:26,926] {processor.py:620} INFO - Processing file /home/linuxadmin/.local/lib/python3.6/site-packages/airflow/example_dags/example_task_group_decorator.py for tasks to queue
[2021-11-02 15:56:26,927] {logging_mixin.py:109} INFO - [2021-11-02 15:56:26,927] {dagbag.py:500} INFO - Filling up the DagBag from /home/linuxadmin/.local/lib/python3.6/site-packages/airflow/example_dags/example_task_group_decorator.py
[2021-11-02 15:56:26,973] {processor.py:632} INFO - DAG(s) dict_keys(['example_task_group_decorator']) retrieved from /home/linuxadmin/.local/lib/python3.6/site-packages/airflow/example_dags/example_task_group_decorator.py
[2021-11-02 15:56:26,979] {logging_mixin.py:109} INFO - [2021-11-02 15:56:26,979] {dag.py:2389} INFO - Sync 1 DAGs
[2021-11-02 15:56:27,008] {logging_mixin.py:109} INFO - [2021-11-02 15:56:27,007] {dag.py:2921} INFO - Setting next_dagrun for example_task_group_decorator to 2021-11-01T10:26:27.007332+00:00
[2021-11-02 15:56:27,021] {processor.py:171} INFO - Processing /home/linuxadmin/.local/lib/python3.6/site-packages/airflow/example_dags/example_task_group_decorator.py took 0.101 seconds
[2021-11-02 15:56:31,426] {processor.py:163} INFO - Started process (PID=177174) to work on /home/linuxadmin/.local/lib/python3.6/site-packages/airflow/example_dags/example_task_group_decorator.py
[2021-11-02 15:56:31,429] {processor.py:620} INFO - Processing file /home/linuxadmin/.local/lib/python3.6/site-packages/airflow/example_dags/example_task_group_decorator.py for tasks to queue
[2021-11-02 15:56:31,430] {logging_mixin.py:109} INFO - [2021-11-02 15:56:31,430] {dagbag.py:500} INFO - Filling up the DagBag from /home/linuxadmin/.local/lib/python3.6/site-packages/airflow/example_dags/example_task_group_decorator.py
[2021-11-02 15:56:31,493] {processor.py:632} INFO - DAG(s) dict_keys(['example_task_group_decorator']) retrieved from /home/linuxadmin/.local/lib/python3.6/site-packages/airflow/example_dags/example_task_group_decorator.py
[2021-11-02 15:56:31,499] {logging_mixin.py:109} INFO - [2021-11-02 15:56:31,499] {dag.py:2389} INFO - Sync 1 DAGs
[2021-11-02 15:56:31,535] {logging_mixin.py:109} INFO - [2021-11-02 15:56:31,535] {dag.py:2921} INFO - Setting next_dagrun for example_task_group_decorator to 2021-11-01T10:26:31.535301+00:00
[2021-11-02 15:56:31,550] {processor.py:171} INFO - Processing /home/linuxadmin/.local/lib/python3.6/site-packages/airflow/example_dags/example_task_group_decorator.py took 0.130 seconds
[2021-11-02 15:56:35,369] {processor.py:163} INFO - Started process (PID=177294) to work on /home/linuxadmin/.local/lib/python3.6/site-packages/airflow/example_dags/example_task_group_decorator.py
[2021-11-02 15:56:35,370] {processor.py:620} INFO - Processing file /home/linuxadmin/.local/lib/python3.6/site-packages/airflow/example_dags/example_task_group_decorator.py for tasks to queue
[2021-11-02 15:56:35,371] {logging_mixin.py:109} INFO - [2021-11-02 15:56:35,371] {dagbag.py:500} INFO - Filling up the DagBag from /home/linuxadmin/.local/lib/python3.6/site-packages/airflow/example_dags/example_task_group_decorator.py
[2021-11-02 15:56:35,424] {processor.py:632} INFO - DAG(s) dict_keys(['example_task_group_decorator']) retrieved from /home/linuxadmin/.local/lib/python3.6/site-packages/airflow/example_dags/example_task_group_decorator.py
[2021-11-02 15:56:35,429] {logging_mixin.py:109} INFO - [2021-11-02 15:56:35,429] {dag.py:2389} INFO - Sync 1 DAGs
[2021-11-02 15:56:35,454] {logging_mixin.py:109} INFO - [2021-11-02 15:56:35,454] {dag.py:2921} INFO - Setting next_dagrun for example_task_group_decorator to 2021-11-01T10:26:35.454003+00:00
[2021-11-02 15:56:35,468] {processor.py:171} INFO - Processing /home/linuxadmin/.local/lib/python3.6/site-packages/airflow/example_dags/example_task_group_decorator.py took 0.103 seconds
[2021-11-02 15:56:39,736] {processor.py:163} INFO - Started process (PID=177415) to work on /home/linuxadmin/.local/lib/python3.6/site-packages/airflow/example_dags/example_task_group_decorator.py
[2021-11-02 15:56:39,737] {processor.py:620} INFO - Processing file /home/linuxadmin/.local/lib/python3.6/site-packages/airflow/example_dags/example_task_group_decorator.py for tasks to queue
[2021-11-02 15:56:39,738] {logging_mixin.py:109} INFO - [2021-11-02 15:56:39,738] {dagbag.py:500} INFO - Filling up the DagBag from /home/linuxadmin/.local/lib/python3.6/site-packages/airflow/example_dags/example_task_group_decorator.py
[2021-11-02 15:56:39,788] {processor.py:632} INFO - DAG(s) dict_keys(['example_task_group_decorator']) retrieved from /home/linuxadmin/.local/lib/python3.6/site-packages/airflow/example_dags/example_task_group_decorator.py
[2021-11-02 15:56:39,792] {logging_mixin.py:109} INFO - [2021-11-02 15:56:39,792] {dag.py:2389} INFO - Sync 1 DAGs
[2021-11-02 15:56:39,814] {logging_mixin.py:109} INFO - [2021-11-02 15:56:39,814] {dag.py:2921} INFO - Setting next_dagrun for example_task_group_decorator to 2021-11-01T10:26:39.814085+00:00
[2021-11-02 15:56:39,827] {processor.py:171} INFO - Processing /home/linuxadmin/.local/lib/python3.6/site-packages/airflow/example_dags/example_task_group_decorator.py took 0.096 seconds
[2021-11-02 15:56:43,695] {processor.py:163} INFO - Started process (PID=177533) to work on /home/linuxadmin/.local/lib/python3.6/site-packages/airflow/example_dags/example_task_group_decorator.py
[2021-11-02 15:56:43,696] {processor.py:620} INFO - Processing file /home/linuxadmin/.local/lib/python3.6/site-packages/airflow/example_dags/example_task_group_decorator.py for tasks to queue
[2021-11-02 15:56:43,697] {logging_mixin.py:109} INFO - [2021-11-02 15:56:43,697] {dagbag.py:500} INFO - Filling up the DagBag from /home/linuxadmin/.local/lib/python3.6/site-packages/airflow/example_dags/example_task_group_decorator.py
[2021-11-02 15:56:43,748] {processor.py:632} INFO - DAG(s) dict_keys(['example_task_group_decorator']) retrieved from /home/linuxadmin/.local/lib/python3.6/site-packages/airflow/example_dags/example_task_group_decorator.py
[2021-11-02 15:56:43,753] {logging_mixin.py:109} INFO - [2021-11-02 15:56:43,752] {dag.py:2389} INFO - Sync 1 DAGs
[2021-11-02 15:56:43,776] {logging_mixin.py:109} INFO - [2021-11-02 15:56:43,776] {dag.py:2921} INFO - Setting next_dagrun for example_task_group_decorator to 2021-11-01T10:26:43.775646+00:00
[2021-11-02 15:56:43,791] {processor.py:171} INFO - Processing /home/linuxadmin/.local/lib/python3.6/site-packages/airflow/example_dags/example_task_group_decorator.py took 0.100 seconds
[2021-11-02 15:56:48,090] {processor.py:163} INFO - Started process (PID=177659) to work on /home/linuxadmin/.local/lib/python3.6/site-packages/airflow/example_dags/example_task_group_decorator.py
[2021-11-02 15:56:48,091] {processor.py:620} INFO - Processing file /home/linuxadmin/.local/lib/python3.6/site-packages/airflow/example_dags/example_task_group_decorator.py for tasks to queue
[2021-11-02 15:56:48,092] {logging_mixin.py:109} INFO - [2021-11-02 15:56:48,092] {dagbag.py:500} INFO - Filling up the DagBag from /home/linuxadmin/.local/lib/python3.6/site-packages/airflow/example_dags/example_task_group_decorator.py
[2021-11-02 15:56:48,141] {processor.py:632} INFO - DAG(s) dict_keys(['example_task_group_decorator']) retrieved from /home/linuxadmin/.local/lib/python3.6/site-packages/airflow/example_dags/example_task_group_decorator.py
[2021-11-02 15:56:48,145] {logging_mixin.py:109} INFO - [2021-11-02 15:56:48,145] {dag.py:2389} INFO - Sync 1 DAGs
[2021-11-02 15:56:48,170] {logging_mixin.py:109} INFO - [2021-11-02 15:56:48,170] {dag.py:2921} INFO - Setting next_dagrun for example_task_group_decorator to 2021-11-01T10:26:48.170341+00:00
[2021-11-02 15:56:48,184] {processor.py:171} INFO - Processing /home/linuxadmin/.local/lib/python3.6/site-packages/airflow/example_dags/example_task_group_decorator.py took 0.098 seconds
[2021-11-02 15:56:52,935] {processor.py:163} INFO - Started process (PID=177779) to work on /home/linuxadmin/.local/lib/python3.6/site-packages/airflow/example_dags/example_task_group_decorator.py
[2021-11-02 15:56:52,937] {processor.py:620} INFO - Processing file /home/linuxadmin/.local/lib/python3.6/site-packages/airflow/example_dags/example_task_group_decorator.py for tasks to queue
[2021-11-02 15:56:52,939] {logging_mixin.py:109} INFO - [2021-11-02 15:56:52,938] {dagbag.py:500} INFO - Filling up the DagBag from /home/linuxadmin/.local/lib/python3.6/site-packages/airflow/example_dags/example_task_group_decorator.py
[2021-11-02 15:56:53,010] {processor.py:632} INFO - DAG(s) dict_keys(['example_task_group_decorator']) retrieved from /home/linuxadmin/.local/lib/python3.6/site-packages/airflow/example_dags/example_task_group_decorator.py
[2021-11-02 15:56:53,311] {logging_mixin.py:109} INFO - [2021-11-02 15:56:53,311] {dag.py:2389} INFO - Sync 1 DAGs
[2021-11-02 15:56:53,340] {logging_mixin.py:109} INFO - [2021-11-02 15:56:53,339] {dag.py:2921} INFO - Setting next_dagrun for example_task_group_decorator to 2021-11-01T10:26:53.339292+00:00
[2021-11-02 15:56:53,358] {processor.py:171} INFO - Processing /home/linuxadmin/.local/lib/python3.6/site-packages/airflow/example_dags/example_task_group_decorator.py took 0.430 seconds
[2021-11-02 15:56:57,749] {processor.py:163} INFO - Started process (PID=177901) to work on /home/linuxadmin/.local/lib/python3.6/site-packages/airflow/example_dags/example_task_group_decorator.py
[2021-11-02 15:56:57,751] {processor.py:620} INFO - Processing file /home/linuxadmin/.local/lib/python3.6/site-packages/airflow/example_dags/example_task_group_decorator.py for tasks to queue
[2021-11-02 15:56:57,752] {logging_mixin.py:109} INFO - [2021-11-02 15:56:57,752] {dagbag.py:500} INFO - Filling up the DagBag from /home/linuxadmin/.local/lib/python3.6/site-packages/airflow/example_dags/example_task_group_decorator.py
[2021-11-02 15:56:57,823] {processor.py:632} INFO - DAG(s) dict_keys(['example_task_group_decorator']) retrieved from /home/linuxadmin/.local/lib/python3.6/site-packages/airflow/example_dags/example_task_group_decorator.py
[2021-11-02 15:56:57,830] {logging_mixin.py:109} INFO - [2021-11-02 15:56:57,829] {dag.py:2389} INFO - Sync 1 DAGs
[2021-11-02 15:56:57,859] {logging_mixin.py:109} INFO - [2021-11-02 15:56:57,859] {dag.py:2921} INFO - Setting next_dagrun for example_task_group_decorator to 2021-11-01T10:26:57.859234+00:00
[2021-11-02 15:56:57,871] {processor.py:171} INFO - Processing /home/linuxadmin/.local/lib/python3.6/site-packages/airflow/example_dags/example_task_group_decorator.py took 0.128 seconds
[2021-11-02 15:57:02,224] {processor.py:163} INFO - Started process (PID=178021) to work on /home/linuxadmin/.local/lib/python3.6/site-packages/airflow/example_dags/example_task_group_decorator.py
[2021-11-02 15:57:02,226] {processor.py:620} INFO - Processing file /home/linuxadmin/.local/lib/python3.6/site-packages/airflow/example_dags/example_task_group_decorator.py for tasks to queue
[2021-11-02 15:57:02,227] {logging_mixin.py:109} INFO - [2021-11-02 15:57:02,226] {dagbag.py:500} INFO - Filling up the DagBag from /home/linuxadmin/.local/lib/python3.6/site-packages/airflow/example_dags/example_task_group_decorator.py
[2021-11-02 15:57:02,296] {processor.py:632} INFO - DAG(s) dict_keys(['example_task_group_decorator']) retrieved from /home/linuxadmin/.local/lib/python3.6/site-packages/airflow/example_dags/example_task_group_decorator.py
[2021-11-02 15:57:02,303] {logging_mixin.py:109} INFO - [2021-11-02 15:57:02,302] {dag.py:2389} INFO - Sync 1 DAGs
[2021-11-02 15:57:02,335] {logging_mixin.py:109} INFO - [2021-11-02 15:57:02,335] {dag.py:2921} INFO - Setting next_dagrun for example_task_group_decorator to 2021-11-01T10:27:02.335209+00:00
[2021-11-02 15:57:02,351] {processor.py:171} INFO - Processing /home/linuxadmin/.local/lib/python3.6/site-packages/airflow/example_dags/example_task_group_decorator.py took 0.132 seconds
[2021-11-02 15:57:07,136] {processor.py:163} INFO - Started process (PID=178146) to work on /home/linuxadmin/.local/lib/python3.6/site-packages/airflow/example_dags/example_task_group_decorator.py
[2021-11-02 15:57:07,138] {processor.py:620} INFO - Processing file /home/linuxadmin/.local/lib/python3.6/site-packages/airflow/example_dags/example_task_group_decorator.py for tasks to queue
[2021-11-02 15:57:07,139] {logging_mixin.py:109} INFO - [2021-11-02 15:57:07,139] {dagbag.py:500} INFO - Filling up the DagBag from /home/linuxadmin/.local/lib/python3.6/site-packages/airflow/example_dags/example_task_group_decorator.py
[2021-11-02 15:57:07,201] {processor.py:632} INFO - DAG(s) dict_keys(['example_task_group_decorator']) retrieved from /home/linuxadmin/.local/lib/python3.6/site-packages/airflow/example_dags/example_task_group_decorator.py
[2021-11-02 15:57:07,207] {logging_mixin.py:109} INFO - [2021-11-02 15:57:07,207] {dag.py:2389} INFO - Sync 1 DAGs
[2021-11-02 15:57:07,239] {logging_mixin.py:109} INFO - [2021-11-02 15:57:07,238] {dag.py:2921} INFO - Setting next_dagrun for example_task_group_decorator to 2021-11-01T10:27:07.238472+00:00
[2021-11-02 15:57:07,252] {processor.py:171} INFO - Processing /home/linuxadmin/.local/lib/python3.6/site-packages/airflow/example_dags/example_task_group_decorator.py took 0.122 seconds
[2021-11-02 15:57:11,170] {processor.py:163} INFO - Started process (PID=178263) to work on /home/linuxadmin/.local/lib/python3.6/site-packages/airflow/example_dags/example_task_group_decorator.py
[2021-11-02 15:57:11,171] {processor.py:620} INFO - Processing file /home/linuxadmin/.local/lib/python3.6/site-packages/airflow/example_dags/example_task_group_decorator.py for tasks to queue
[2021-11-02 15:57:11,172] {logging_mixin.py:109} INFO - [2021-11-02 15:57:11,172] {dagbag.py:500} INFO - Filling up the DagBag from /home/linuxadmin/.local/lib/python3.6/site-packages/airflow/example_dags/example_task_group_decorator.py
[2021-11-02 15:57:11,228] {processor.py:632} INFO - DAG(s) dict_keys(['example_task_group_decorator']) retrieved from /home/linuxadmin/.local/lib/python3.6/site-packages/airflow/example_dags/example_task_group_decorator.py
[2021-11-02 15:57:11,235] {logging_mixin.py:109} INFO - [2021-11-02 15:57:11,234] {dag.py:2389} INFO - Sync 1 DAGs
[2021-11-02 15:57:11,261] {logging_mixin.py:109} INFO - [2021-11-02 15:57:11,261] {dag.py:2921} INFO - Setting next_dagrun for example_task_group_decorator to 2021-11-01T10:27:11.260653+00:00
[2021-11-02 15:57:11,276] {processor.py:171} INFO - Processing /home/linuxadmin/.local/lib/python3.6/site-packages/airflow/example_dags/example_task_group_decorator.py took 0.112 seconds
[2021-11-02 15:57:15,867] {processor.py:163} INFO - Started process (PID=178385) to work on /home/linuxadmin/.local/lib/python3.6/site-packages/airflow/example_dags/example_task_group_decorator.py
[2021-11-02 15:57:15,868] {processor.py:620} INFO - Processing file /home/linuxadmin/.local/lib/python3.6/site-packages/airflow/example_dags/example_task_group_decorator.py for tasks to queue
[2021-11-02 15:57:15,869] {logging_mixin.py:109} INFO - [2021-11-02 15:57:15,869] {dagbag.py:500} INFO - Filling up the DagBag from /home/linuxadmin/.local/lib/python3.6/site-packages/airflow/example_dags/example_task_group_decorator.py
[2021-11-02 15:57:15,917] {processor.py:632} INFO - DAG(s) dict_keys(['example_task_group_decorator']) retrieved from /home/linuxadmin/.local/lib/python3.6/site-packages/airflow/example_dags/example_task_group_decorator.py
[2021-11-02 15:57:15,922] {logging_mixin.py:109} INFO - [2021-11-02 15:57:15,921] {dag.py:2389} INFO - Sync 1 DAGs
[2021-11-02 15:57:15,944] {logging_mixin.py:109} INFO - [2021-11-02 15:57:15,944] {dag.py:2921} INFO - Setting next_dagrun for example_task_group_decorator to 2021-11-01T10:27:15.944111+00:00
[2021-11-02 15:57:15,954] {processor.py:171} INFO - Processing /home/linuxadmin/.local/lib/python3.6/site-packages/airflow/example_dags/example_task_group_decorator.py took 0.092 seconds
[2021-11-02 15:57:19,887] {processor.py:163} INFO - Started process (PID=178505) to work on /home/linuxadmin/.local/lib/python3.6/site-packages/airflow/example_dags/example_task_group_decorator.py
[2021-11-02 15:57:19,888] {processor.py:620} INFO - Processing file /home/linuxadmin/.local/lib/python3.6/site-packages/airflow/example_dags/example_task_group_decorator.py for tasks to queue
[2021-11-02 15:57:19,889] {logging_mixin.py:109} INFO - [2021-11-02 15:57:19,889] {dagbag.py:500} INFO - Filling up the DagBag from /home/linuxadmin/.local/lib/python3.6/site-packages/airflow/example_dags/example_task_group_decorator.py
[2021-11-02 15:57:19,938] {processor.py:632} INFO - DAG(s) dict_keys(['example_task_group_decorator']) retrieved from /home/linuxadmin/.local/lib/python3.6/site-packages/airflow/example_dags/example_task_group_decorator.py
[2021-11-02 15:57:19,943] {logging_mixin.py:109} INFO - [2021-11-02 15:57:19,943] {dag.py:2389} INFO - Sync 1 DAGs
[2021-11-02 15:57:19,973] {logging_mixin.py:109} INFO - [2021-11-02 15:57:19,973] {dag.py:2921} INFO - Setting next_dagrun for example_task_group_decorator to 2021-11-01T10:27:19.972869+00:00
[2021-11-02 15:57:19,987] {processor.py:171} INFO - Processing /home/linuxadmin/.local/lib/python3.6/site-packages/airflow/example_dags/example_task_group_decorator.py took 0.104 seconds
[2021-11-02 15:57:24,823] {processor.py:163} INFO - Started process (PID=178628) to work on /home/linuxadmin/.local/lib/python3.6/site-packages/airflow/example_dags/example_task_group_decorator.py
[2021-11-02 15:57:24,825] {processor.py:620} INFO - Processing file /home/linuxadmin/.local/lib/python3.6/site-packages/airflow/example_dags/example_task_group_decorator.py for tasks to queue
[2021-11-02 15:57:24,826] {logging_mixin.py:109} INFO - [2021-11-02 15:57:24,826] {dagbag.py:500} INFO - Filling up the DagBag from /home/linuxadmin/.local/lib/python3.6/site-packages/airflow/example_dags/example_task_group_decorator.py
[2021-11-02 15:57:24,889] {processor.py:632} INFO - DAG(s) dict_keys(['example_task_group_decorator']) retrieved from /home/linuxadmin/.local/lib/python3.6/site-packages/airflow/example_dags/example_task_group_decorator.py
[2021-11-02 15:57:25,193] {logging_mixin.py:109} INFO - [2021-11-02 15:57:25,193] {dag.py:2389} INFO - Sync 1 DAGs
[2021-11-02 15:57:25,213] {logging_mixin.py:109} INFO - [2021-11-02 15:57:25,213] {dag.py:2921} INFO - Setting next_dagrun for example_task_group_decorator to 2021-11-01T10:27:25.213306+00:00
[2021-11-02 15:57:25,228] {processor.py:171} INFO - Processing /home/linuxadmin/.local/lib/python3.6/site-packages/airflow/example_dags/example_task_group_decorator.py took 0.409 seconds
[2021-11-02 15:57:29,279] {processor.py:163} INFO - Started process (PID=178748) to work on /home/linuxadmin/.local/lib/python3.6/site-packages/airflow/example_dags/example_task_group_decorator.py
[2021-11-02 15:57:29,280] {processor.py:620} INFO - Processing file /home/linuxadmin/.local/lib/python3.6/site-packages/airflow/example_dags/example_task_group_decorator.py for tasks to queue
[2021-11-02 15:57:29,281] {logging_mixin.py:109} INFO - [2021-11-02 15:57:29,281] {dagbag.py:500} INFO - Filling up the DagBag from /home/linuxadmin/.local/lib/python3.6/site-packages/airflow/example_dags/example_task_group_decorator.py
[2021-11-02 15:57:29,341] {processor.py:632} INFO - DAG(s) dict_keys(['example_task_group_decorator']) retrieved from /home/linuxadmin/.local/lib/python3.6/site-packages/airflow/example_dags/example_task_group_decorator.py
[2021-11-02 15:57:29,347] {logging_mixin.py:109} INFO - [2021-11-02 15:57:29,347] {dag.py:2389} INFO - Sync 1 DAGs
[2021-11-02 15:57:29,378] {logging_mixin.py:109} INFO - [2021-11-02 15:57:29,378] {dag.py:2921} INFO - Setting next_dagrun for example_task_group_decorator to 2021-11-01T10:27:29.378221+00:00
[2021-11-02 15:57:29,391] {processor.py:171} INFO - Processing /home/linuxadmin/.local/lib/python3.6/site-packages/airflow/example_dags/example_task_group_decorator.py took 0.117 seconds
[2021-11-02 15:57:33,998] {processor.py:163} INFO - Started process (PID=178872) to work on /home/linuxadmin/.local/lib/python3.6/site-packages/airflow/example_dags/example_task_group_decorator.py
[2021-11-02 15:57:33,999] {processor.py:620} INFO - Processing file /home/linuxadmin/.local/lib/python3.6/site-packages/airflow/example_dags/example_task_group_decorator.py for tasks to queue
[2021-11-02 15:57:34,000] {logging_mixin.py:109} INFO - [2021-11-02 15:57:34,000] {dagbag.py:500} INFO - Filling up the DagBag from /home/linuxadmin/.local/lib/python3.6/site-packages/airflow/example_dags/example_task_group_decorator.py
[2021-11-02 15:57:34,054] {processor.py:632} INFO - DAG(s) dict_keys(['example_task_group_decorator']) retrieved from /home/linuxadmin/.local/lib/python3.6/site-packages/airflow/example_dags/example_task_group_decorator.py
[2021-11-02 15:57:34,059] {logging_mixin.py:109} INFO - [2021-11-02 15:57:34,059] {dag.py:2389} INFO - Sync 1 DAGs
[2021-11-02 15:57:34,086] {logging_mixin.py:109} INFO - [2021-11-02 15:57:34,086] {dag.py:2921} INFO - Setting next_dagrun for example_task_group_decorator to 2021-11-01T10:27:34.085525+00:00
[2021-11-02 15:57:34,100] {processor.py:171} INFO - Processing /home/linuxadmin/.local/lib/python3.6/site-packages/airflow/example_dags/example_task_group_decorator.py took 0.107 seconds
[2021-11-02 15:57:38,044] {processor.py:163} INFO - Started process (PID=178991) to work on /home/linuxadmin/.local/lib/python3.6/site-packages/airflow/example_dags/example_task_group_decorator.py
[2021-11-02 15:57:38,045] {processor.py:620} INFO - Processing file /home/linuxadmin/.local/lib/python3.6/site-packages/airflow/example_dags/example_task_group_decorator.py for tasks to queue
[2021-11-02 15:57:38,046] {logging_mixin.py:109} INFO - [2021-11-02 15:57:38,046] {dagbag.py:500} INFO - Filling up the DagBag from /home/linuxadmin/.local/lib/python3.6/site-packages/airflow/example_dags/example_task_group_decorator.py
[2021-11-02 15:57:38,101] {processor.py:632} INFO - DAG(s) dict_keys(['example_task_group_decorator']) retrieved from /home/linuxadmin/.local/lib/python3.6/site-packages/airflow/example_dags/example_task_group_decorator.py
[2021-11-02 15:57:38,108] {logging_mixin.py:109} INFO - [2021-11-02 15:57:38,108] {dag.py:2389} INFO - Sync 1 DAGs
[2021-11-02 15:57:38,142] {logging_mixin.py:109} INFO - [2021-11-02 15:57:38,141] {dag.py:2921} INFO - Setting next_dagrun for example_task_group_decorator to 2021-11-01T10:27:38.141381+00:00
[2021-11-02 15:57:38,160] {processor.py:171} INFO - Processing /home/linuxadmin/.local/lib/python3.6/site-packages/airflow/example_dags/example_task_group_decorator.py took 0.121 seconds
[2021-11-02 15:57:42,702] {processor.py:163} INFO - Started process (PID=179111) to work on /home/linuxadmin/.local/lib/python3.6/site-packages/airflow/example_dags/example_task_group_decorator.py
[2021-11-02 15:57:42,705] {processor.py:620} INFO - Processing file /home/linuxadmin/.local/lib/python3.6/site-packages/airflow/example_dags/example_task_group_decorator.py for tasks to queue
[2021-11-02 15:57:42,706] {logging_mixin.py:109} INFO - [2021-11-02 15:57:42,706] {dagbag.py:500} INFO - Filling up the DagBag from /home/linuxadmin/.local/lib/python3.6/site-packages/airflow/example_dags/example_task_group_decorator.py
[2021-11-02 15:57:42,779] {processor.py:632} INFO - DAG(s) dict_keys(['example_task_group_decorator']) retrieved from /home/linuxadmin/.local/lib/python3.6/site-packages/airflow/example_dags/example_task_group_decorator.py
[2021-11-02 15:57:42,786] {logging_mixin.py:109} INFO - [2021-11-02 15:57:42,785] {dag.py:2389} INFO - Sync 1 DAGs
[2021-11-02 15:57:42,816] {logging_mixin.py:109} INFO - [2021-11-02 15:57:42,815] {dag.py:2921} INFO - Setting next_dagrun for example_task_group_decorator to 2021-11-01T10:27:42.815472+00:00
[2021-11-02 15:57:42,827] {processor.py:171} INFO - Processing /home/linuxadmin/.local/lib/python3.6/site-packages/airflow/example_dags/example_task_group_decorator.py took 0.131 seconds
[2021-11-02 15:57:46,924] {processor.py:163} INFO - Started process (PID=179231) to work on /home/linuxadmin/.local/lib/python3.6/site-packages/airflow/example_dags/example_task_group_decorator.py
[2021-11-02 15:57:46,926] {processor.py:620} INFO - Processing file /home/linuxadmin/.local/lib/python3.6/site-packages/airflow/example_dags/example_task_group_decorator.py for tasks to queue
[2021-11-02 15:57:46,926] {logging_mixin.py:109} INFO - [2021-11-02 15:57:46,926] {dagbag.py:500} INFO - Filling up the DagBag from /home/linuxadmin/.local/lib/python3.6/site-packages/airflow/example_dags/example_task_group_decorator.py
[2021-11-02 15:57:46,983] {processor.py:632} INFO - DAG(s) dict_keys(['example_task_group_decorator']) retrieved from /home/linuxadmin/.local/lib/python3.6/site-packages/airflow/example_dags/example_task_group_decorator.py
[2021-11-02 15:57:46,988] {logging_mixin.py:109} INFO - [2021-11-02 15:57:46,988] {dag.py:2389} INFO - Sync 1 DAGs
[2021-11-02 15:57:47,011] {logging_mixin.py:109} INFO - [2021-11-02 15:57:47,011] {dag.py:2921} INFO - Setting next_dagrun for example_task_group_decorator to 2021-11-01T10:27:47.011190+00:00
[2021-11-02 15:57:47,024] {processor.py:171} INFO - Processing /home/linuxadmin/.local/lib/python3.6/site-packages/airflow/example_dags/example_task_group_decorator.py took 0.106 seconds
[2021-11-02 15:57:51,732] {processor.py:163} INFO - Started process (PID=179356) to work on /home/linuxadmin/.local/lib/python3.6/site-packages/airflow/example_dags/example_task_group_decorator.py
[2021-11-02 15:57:51,734] {processor.py:620} INFO - Processing file /home/linuxadmin/.local/lib/python3.6/site-packages/airflow/example_dags/example_task_group_decorator.py for tasks to queue
[2021-11-02 15:57:51,735] {logging_mixin.py:109} INFO - [2021-11-02 15:57:51,735] {dagbag.py:500} INFO - Filling up the DagBag from /home/linuxadmin/.local/lib/python3.6/site-packages/airflow/example_dags/example_task_group_decorator.py
[2021-11-02 15:57:51,799] {processor.py:632} INFO - DAG(s) dict_keys(['example_task_group_decorator']) retrieved from /home/linuxadmin/.local/lib/python3.6/site-packages/airflow/example_dags/example_task_group_decorator.py
[2021-11-02 15:57:51,804] {logging_mixin.py:109} INFO - [2021-11-02 15:57:51,804] {dag.py:2389} INFO - Sync 1 DAGs
[2021-11-02 15:57:51,827] {logging_mixin.py:109} INFO - [2021-11-02 15:57:51,827] {dag.py:2921} INFO - Setting next_dagrun for example_task_group_decorator to 2021-11-01T10:27:51.827029+00:00
[2021-11-02 15:57:51,838] {processor.py:171} INFO - Processing /home/linuxadmin/.local/lib/python3.6/site-packages/airflow/example_dags/example_task_group_decorator.py took 0.112 seconds
[2021-11-02 15:57:56,927] {processor.py:163} INFO - Started process (PID=179481) to work on /home/linuxadmin/.local/lib/python3.6/site-packages/airflow/example_dags/example_task_group_decorator.py
[2021-11-02 15:57:56,928] {processor.py:620} INFO - Processing file /home/linuxadmin/.local/lib/python3.6/site-packages/airflow/example_dags/example_task_group_decorator.py for tasks to queue
[2021-11-02 15:57:56,929] {logging_mixin.py:109} INFO - [2021-11-02 15:57:56,929] {dagbag.py:500} INFO - Filling up the DagBag from /home/linuxadmin/.local/lib/python3.6/site-packages/airflow/example_dags/example_task_group_decorator.py
[2021-11-02 15:57:56,990] {processor.py:632} INFO - DAG(s) dict_keys(['example_task_group_decorator']) retrieved from /home/linuxadmin/.local/lib/python3.6/site-packages/airflow/example_dags/example_task_group_decorator.py
[2021-11-02 15:57:57,295] {logging_mixin.py:109} INFO - [2021-11-02 15:57:57,295] {dag.py:2389} INFO - Sync 1 DAGs
[2021-11-02 15:57:57,326] {logging_mixin.py:109} INFO - [2021-11-02 15:57:57,326] {dag.py:2921} INFO - Setting next_dagrun for example_task_group_decorator to 2021-11-01T10:27:57.325693+00:00
[2021-11-02 15:57:57,344] {processor.py:171} INFO - Processing /home/linuxadmin/.local/lib/python3.6/site-packages/airflow/example_dags/example_task_group_decorator.py took 0.424 seconds
[2021-11-02 15:58:01,137] {processor.py:163} INFO - Started process (PID=179599) to work on /home/linuxadmin/.local/lib/python3.6/site-packages/airflow/example_dags/example_task_group_decorator.py
[2021-11-02 15:58:01,139] {processor.py:620} INFO - Processing file /home/linuxadmin/.local/lib/python3.6/site-packages/airflow/example_dags/example_task_group_decorator.py for tasks to queue
[2021-11-02 15:58:01,140] {logging_mixin.py:109} INFO - [2021-11-02 15:58:01,140] {dagbag.py:500} INFO - Filling up the DagBag from /home/linuxadmin/.local/lib/python3.6/site-packages/airflow/example_dags/example_task_group_decorator.py
[2021-11-02 15:58:01,202] {processor.py:632} INFO - DAG(s) dict_keys(['example_task_group_decorator']) retrieved from /home/linuxadmin/.local/lib/python3.6/site-packages/airflow/example_dags/example_task_group_decorator.py
[2021-11-02 15:58:01,208] {logging_mixin.py:109} INFO - [2021-11-02 15:58:01,207] {dag.py:2389} INFO - Sync 1 DAGs
[2021-11-02 15:58:01,235] {logging_mixin.py:109} INFO - [2021-11-02 15:58:01,235] {dag.py:2921} INFO - Setting next_dagrun for example_task_group_decorator to 2021-11-01T10:28:01.235271+00:00
[2021-11-02 15:58:01,250] {processor.py:171} INFO - Processing /home/linuxadmin/.local/lib/python3.6/site-packages/airflow/example_dags/example_task_group_decorator.py took 0.119 seconds
[2021-11-02 15:58:05,557] {processor.py:163} INFO - Started process (PID=179722) to work on /home/linuxadmin/.local/lib/python3.6/site-packages/airflow/example_dags/example_task_group_decorator.py
[2021-11-02 15:58:05,558] {processor.py:620} INFO - Processing file /home/linuxadmin/.local/lib/python3.6/site-packages/airflow/example_dags/example_task_group_decorator.py for tasks to queue
[2021-11-02 15:58:05,558] {logging_mixin.py:109} INFO - [2021-11-02 15:58:05,558] {dagbag.py:500} INFO - Filling up the DagBag from /home/linuxadmin/.local/lib/python3.6/site-packages/airflow/example_dags/example_task_group_decorator.py
[2021-11-02 15:58:05,606] {processor.py:632} INFO - DAG(s) dict_keys(['example_task_group_decorator']) retrieved from /home/linuxadmin/.local/lib/python3.6/site-packages/airflow/example_dags/example_task_group_decorator.py
[2021-11-02 15:58:05,611] {logging_mixin.py:109} INFO - [2021-11-02 15:58:05,611] {dag.py:2389} INFO - Sync 1 DAGs
[2021-11-02 15:58:05,635] {logging_mixin.py:109} INFO - [2021-11-02 15:58:05,635] {dag.py:2921} INFO - Setting next_dagrun for example_task_group_decorator to 2021-11-01T10:28:05.634893+00:00
[2021-11-02 15:58:05,646] {processor.py:171} INFO - Processing /home/linuxadmin/.local/lib/python3.6/site-packages/airflow/example_dags/example_task_group_decorator.py took 0.094 seconds
[2021-11-02 15:58:10,003] {processor.py:163} INFO - Started process (PID=179842) to work on /home/linuxadmin/.local/lib/python3.6/site-packages/airflow/example_dags/example_task_group_decorator.py
[2021-11-02 15:58:10,005] {processor.py:620} INFO - Processing file /home/linuxadmin/.local/lib/python3.6/site-packages/airflow/example_dags/example_task_group_decorator.py for tasks to queue
[2021-11-02 15:58:10,005] {logging_mixin.py:109} INFO - [2021-11-02 15:58:10,005] {dagbag.py:500} INFO - Filling up the DagBag from /home/linuxadmin/.local/lib/python3.6/site-packages/airflow/example_dags/example_task_group_decorator.py
[2021-11-02 15:58:10,060] {processor.py:632} INFO - DAG(s) dict_keys(['example_task_group_decorator']) retrieved from /home/linuxadmin/.local/lib/python3.6/site-packages/airflow/example_dags/example_task_group_decorator.py
[2021-11-02 15:58:10,071] {logging_mixin.py:109} INFO - [2021-11-02 15:58:10,071] {dag.py:2389} INFO - Sync 1 DAGs
[2021-11-02 15:58:10,098] {logging_mixin.py:109} INFO - [2021-11-02 15:58:10,097] {dag.py:2921} INFO - Setting next_dagrun for example_task_group_decorator to 2021-11-01T10:28:10.097337+00:00
[2021-11-02 15:58:10,110] {processor.py:171} INFO - Processing /home/linuxadmin/.local/lib/python3.6/site-packages/airflow/example_dags/example_task_group_decorator.py took 0.111 seconds
[2021-11-02 15:58:14,863] {processor.py:163} INFO - Started process (PID=179963) to work on /home/linuxadmin/.local/lib/python3.6/site-packages/airflow/example_dags/example_task_group_decorator.py
[2021-11-02 15:58:14,865] {processor.py:620} INFO - Processing file /home/linuxadmin/.local/lib/python3.6/site-packages/airflow/example_dags/example_task_group_decorator.py for tasks to queue
[2021-11-02 15:58:14,865] {logging_mixin.py:109} INFO - [2021-11-02 15:58:14,865] {dagbag.py:500} INFO - Filling up the DagBag from /home/linuxadmin/.local/lib/python3.6/site-packages/airflow/example_dags/example_task_group_decorator.py
[2021-11-02 15:58:14,921] {processor.py:632} INFO - DAG(s) dict_keys(['example_task_group_decorator']) retrieved from /home/linuxadmin/.local/lib/python3.6/site-packages/airflow/example_dags/example_task_group_decorator.py
[2021-11-02 15:58:14,925] {logging_mixin.py:109} INFO - [2021-11-02 15:58:14,925] {dag.py:2389} INFO - Sync 1 DAGs
[2021-11-02 15:58:14,953] {logging_mixin.py:109} INFO - [2021-11-02 15:58:14,953] {dag.py:2921} INFO - Setting next_dagrun for example_task_group_decorator to 2021-11-01T10:28:14.953084+00:00
[2021-11-02 15:58:14,967] {processor.py:171} INFO - Processing /home/linuxadmin/.local/lib/python3.6/site-packages/airflow/example_dags/example_task_group_decorator.py took 0.109 seconds
[2021-11-02 15:58:19,441] {processor.py:163} INFO - Started process (PID=180088) to work on /home/linuxadmin/.local/lib/python3.6/site-packages/airflow/example_dags/example_task_group_decorator.py
[2021-11-02 15:58:19,443] {processor.py:620} INFO - Processing file /home/linuxadmin/.local/lib/python3.6/site-packages/airflow/example_dags/example_task_group_decorator.py for tasks to queue
[2021-11-02 15:58:19,444] {logging_mixin.py:109} INFO - [2021-11-02 15:58:19,444] {dagbag.py:500} INFO - Filling up the DagBag from /home/linuxadmin/.local/lib/python3.6/site-packages/airflow/example_dags/example_task_group_decorator.py
[2021-11-02 15:58:19,504] {processor.py:632} INFO - DAG(s) dict_keys(['example_task_group_decorator']) retrieved from /home/linuxadmin/.local/lib/python3.6/site-packages/airflow/example_dags/example_task_group_decorator.py
[2021-11-02 15:58:19,512] {logging_mixin.py:109} INFO - [2021-11-02 15:58:19,512] {dag.py:2389} INFO - Sync 1 DAGs
[2021-11-02 15:58:19,537] {logging_mixin.py:109} INFO - [2021-11-02 15:58:19,537] {dag.py:2921} INFO - Setting next_dagrun for example_task_group_decorator to 2021-11-01T10:28:19.537038+00:00
[2021-11-02 15:58:19,548] {processor.py:171} INFO - Processing /home/linuxadmin/.local/lib/python3.6/site-packages/airflow/example_dags/example_task_group_decorator.py took 0.112 seconds
[2021-11-02 15:58:23,398] {processor.py:163} INFO - Started process (PID=180208) to work on /home/linuxadmin/.local/lib/python3.6/site-packages/airflow/example_dags/example_task_group_decorator.py
[2021-11-02 15:58:23,401] {processor.py:620} INFO - Processing file /home/linuxadmin/.local/lib/python3.6/site-packages/airflow/example_dags/example_task_group_decorator.py for tasks to queue
[2021-11-02 15:58:23,401] {logging_mixin.py:109} INFO - [2021-11-02 15:58:23,401] {dagbag.py:500} INFO - Filling up the DagBag from /home/linuxadmin/.local/lib/python3.6/site-packages/airflow/example_dags/example_task_group_decorator.py
[2021-11-02 15:58:23,469] {processor.py:632} INFO - DAG(s) dict_keys(['example_task_group_decorator']) retrieved from /home/linuxadmin/.local/lib/python3.6/site-packages/airflow/example_dags/example_task_group_decorator.py
[2021-11-02 15:58:23,476] {logging_mixin.py:109} INFO - [2021-11-02 15:58:23,475] {dag.py:2389} INFO - Sync 1 DAGs
[2021-11-02 15:58:23,501] {logging_mixin.py:109} INFO - [2021-11-02 15:58:23,501] {dag.py:2921} INFO - Setting next_dagrun for example_task_group_decorator to 2021-11-01T10:28:23.500911+00:00
[2021-11-02 15:58:23,514] {processor.py:171} INFO - Processing /home/linuxadmin/.local/lib/python3.6/site-packages/airflow/example_dags/example_task_group_decorator.py took 0.121 seconds
[2021-11-02 15:58:28,567] {processor.py:163} INFO - Started process (PID=180332) to work on /home/linuxadmin/.local/lib/python3.6/site-packages/airflow/example_dags/example_task_group_decorator.py
[2021-11-02 15:58:28,569] {processor.py:620} INFO - Processing file /home/linuxadmin/.local/lib/python3.6/site-packages/airflow/example_dags/example_task_group_decorator.py for tasks to queue
[2021-11-02 15:58:28,570] {logging_mixin.py:109} INFO - [2021-11-02 15:58:28,569] {dagbag.py:500} INFO - Filling up the DagBag from /home/linuxadmin/.local/lib/python3.6/site-packages/airflow/example_dags/example_task_group_decorator.py
[2021-11-02 15:58:28,634] {processor.py:632} INFO - DAG(s) dict_keys(['example_task_group_decorator']) retrieved from /home/linuxadmin/.local/lib/python3.6/site-packages/airflow/example_dags/example_task_group_decorator.py
[2021-11-02 15:58:28,971] {logging_mixin.py:109} INFO - [2021-11-02 15:58:28,970] {dag.py:2389} INFO - Sync 1 DAGs
[2021-11-02 15:58:28,997] {logging_mixin.py:109} INFO - [2021-11-02 15:58:28,997] {dag.py:2921} INFO - Setting next_dagrun for example_task_group_decorator to 2021-11-01T10:28:28.996711+00:00
[2021-11-02 15:58:29,016] {processor.py:171} INFO - Processing /home/linuxadmin/.local/lib/python3.6/site-packages/airflow/example_dags/example_task_group_decorator.py took 0.453 seconds
[2021-11-02 15:58:33,066] {processor.py:163} INFO - Started process (PID=180450) to work on /home/linuxadmin/.local/lib/python3.6/site-packages/airflow/example_dags/example_task_group_decorator.py
[2021-11-02 15:58:33,068] {processor.py:620} INFO - Processing file /home/linuxadmin/.local/lib/python3.6/site-packages/airflow/example_dags/example_task_group_decorator.py for tasks to queue
[2021-11-02 15:58:33,069] {logging_mixin.py:109} INFO - [2021-11-02 15:58:33,069] {dagbag.py:500} INFO - Filling up the DagBag from /home/linuxadmin/.local/lib/python3.6/site-packages/airflow/example_dags/example_task_group_decorator.py
[2021-11-02 15:58:33,133] {processor.py:632} INFO - DAG(s) dict_keys(['example_task_group_decorator']) retrieved from /home/linuxadmin/.local/lib/python3.6/site-packages/airflow/example_dags/example_task_group_decorator.py
[2021-11-02 15:58:33,138] {logging_mixin.py:109} INFO - [2021-11-02 15:58:33,138] {dag.py:2389} INFO - Sync 1 DAGs
[2021-11-02 15:58:33,160] {logging_mixin.py:109} INFO - [2021-11-02 15:58:33,159] {dag.py:2921} INFO - Setting next_dagrun for example_task_group_decorator to 2021-11-01T10:28:33.159565+00:00
[2021-11-02 15:58:33,171] {processor.py:171} INFO - Processing /home/linuxadmin/.local/lib/python3.6/site-packages/airflow/example_dags/example_task_group_decorator.py took 0.110 seconds
[2021-11-02 15:58:37,954] {processor.py:163} INFO - Started process (PID=180575) to work on /home/linuxadmin/.local/lib/python3.6/site-packages/airflow/example_dags/example_task_group_decorator.py
[2021-11-02 15:58:37,955] {processor.py:620} INFO - Processing file /home/linuxadmin/.local/lib/python3.6/site-packages/airflow/example_dags/example_task_group_decorator.py for tasks to queue
[2021-11-02 15:58:37,956] {logging_mixin.py:109} INFO - [2021-11-02 15:58:37,956] {dagbag.py:500} INFO - Filling up the DagBag from /home/linuxadmin/.local/lib/python3.6/site-packages/airflow/example_dags/example_task_group_decorator.py
[2021-11-02 15:58:38,010] {processor.py:632} INFO - DAG(s) dict_keys(['example_task_group_decorator']) retrieved from /home/linuxadmin/.local/lib/python3.6/site-packages/airflow/example_dags/example_task_group_decorator.py
[2021-11-02 15:58:38,014] {logging_mixin.py:109} INFO - [2021-11-02 15:58:38,014] {dag.py:2389} INFO - Sync 1 DAGs
[2021-11-02 15:58:38,037] {logging_mixin.py:109} INFO - [2021-11-02 15:58:38,037] {dag.py:2921} INFO - Setting next_dagrun for example_task_group_decorator to 2021-11-01T10:28:38.037502+00:00
[2021-11-02 15:58:38,049] {processor.py:171} INFO - Processing /home/linuxadmin/.local/lib/python3.6/site-packages/airflow/example_dags/example_task_group_decorator.py took 0.108 seconds
[2021-11-02 15:58:41,817] {processor.py:163} INFO - Started process (PID=180694) to work on /home/linuxadmin/.local/lib/python3.6/site-packages/airflow/example_dags/example_task_group_decorator.py
[2021-11-02 15:58:41,819] {processor.py:620} INFO - Processing file /home/linuxadmin/.local/lib/python3.6/site-packages/airflow/example_dags/example_task_group_decorator.py for tasks to queue
[2021-11-02 15:58:41,820] {logging_mixin.py:109} INFO - [2021-11-02 15:58:41,819] {dagbag.py:500} INFO - Filling up the DagBag from /home/linuxadmin/.local/lib/python3.6/site-packages/airflow/example_dags/example_task_group_decorator.py
[2021-11-02 15:58:41,888] {processor.py:632} INFO - DAG(s) dict_keys(['example_task_group_decorator']) retrieved from /home/linuxadmin/.local/lib/python3.6/site-packages/airflow/example_dags/example_task_group_decorator.py
[2021-11-02 15:58:41,892] {logging_mixin.py:109} INFO - [2021-11-02 15:58:41,892] {dag.py:2389} INFO - Sync 1 DAGs
[2021-11-02 15:58:41,915] {logging_mixin.py:109} INFO - [2021-11-02 15:58:41,915] {dag.py:2921} INFO - Setting next_dagrun for example_task_group_decorator to 2021-11-01T10:28:41.914714+00:00
[2021-11-02 15:58:41,927] {processor.py:171} INFO - Processing /home/linuxadmin/.local/lib/python3.6/site-packages/airflow/example_dags/example_task_group_decorator.py took 0.115 seconds
[2021-11-02 15:58:46,444] {processor.py:163} INFO - Started process (PID=180817) to work on /home/linuxadmin/.local/lib/python3.6/site-packages/airflow/example_dags/example_task_group_decorator.py
[2021-11-02 15:58:46,446] {processor.py:620} INFO - Processing file /home/linuxadmin/.local/lib/python3.6/site-packages/airflow/example_dags/example_task_group_decorator.py for tasks to queue
[2021-11-02 15:58:46,447] {logging_mixin.py:109} INFO - [2021-11-02 15:58:46,447] {dagbag.py:500} INFO - Filling up the DagBag from /home/linuxadmin/.local/lib/python3.6/site-packages/airflow/example_dags/example_task_group_decorator.py
[2021-11-02 15:58:46,510] {processor.py:632} INFO - DAG(s) dict_keys(['example_task_group_decorator']) retrieved from /home/linuxadmin/.local/lib/python3.6/site-packages/airflow/example_dags/example_task_group_decorator.py
[2021-11-02 15:58:46,515] {logging_mixin.py:109} INFO - [2021-11-02 15:58:46,515] {dag.py:2389} INFO - Sync 1 DAGs
[2021-11-02 15:58:46,540] {logging_mixin.py:109} INFO - [2021-11-02 15:58:46,540] {dag.py:2921} INFO - Setting next_dagrun for example_task_group_decorator to 2021-11-01T10:28:46.539866+00:00
[2021-11-02 15:58:46,555] {processor.py:171} INFO - Processing /home/linuxadmin/.local/lib/python3.6/site-packages/airflow/example_dags/example_task_group_decorator.py took 0.117 seconds
[2021-11-02 15:58:50,384] {processor.py:163} INFO - Started process (PID=180937) to work on /home/linuxadmin/.local/lib/python3.6/site-packages/airflow/example_dags/example_task_group_decorator.py
[2021-11-02 15:58:50,385] {processor.py:620} INFO - Processing file /home/linuxadmin/.local/lib/python3.6/site-packages/airflow/example_dags/example_task_group_decorator.py for tasks to queue
[2021-11-02 15:58:50,386] {logging_mixin.py:109} INFO - [2021-11-02 15:58:50,386] {dagbag.py:500} INFO - Filling up the DagBag from /home/linuxadmin/.local/lib/python3.6/site-packages/airflow/example_dags/example_task_group_decorator.py
[2021-11-02 15:58:50,443] {processor.py:632} INFO - DAG(s) dict_keys(['example_task_group_decorator']) retrieved from /home/linuxadmin/.local/lib/python3.6/site-packages/airflow/example_dags/example_task_group_decorator.py
[2021-11-02 15:58:50,449] {logging_mixin.py:109} INFO - [2021-11-02 15:58:50,449] {dag.py:2389} INFO - Sync 1 DAGs
[2021-11-02 15:58:50,471] {logging_mixin.py:109} INFO - [2021-11-02 15:58:50,470] {dag.py:2921} INFO - Setting next_dagrun for example_task_group_decorator to 2021-11-01T10:28:50.470569+00:00
[2021-11-02 15:58:50,482] {processor.py:171} INFO - Processing /home/linuxadmin/.local/lib/python3.6/site-packages/airflow/example_dags/example_task_group_decorator.py took 0.104 seconds
[2021-11-02 15:58:54,703] {processor.py:163} INFO - Started process (PID=181060) to work on /home/linuxadmin/.local/lib/python3.6/site-packages/airflow/example_dags/example_task_group_decorator.py
[2021-11-02 15:58:54,706] {processor.py:620} INFO - Processing file /home/linuxadmin/.local/lib/python3.6/site-packages/airflow/example_dags/example_task_group_decorator.py for tasks to queue
[2021-11-02 15:58:54,707] {logging_mixin.py:109} INFO - [2021-11-02 15:58:54,707] {dagbag.py:500} INFO - Filling up the DagBag from /home/linuxadmin/.local/lib/python3.6/site-packages/airflow/example_dags/example_task_group_decorator.py
[2021-11-02 15:58:54,780] {processor.py:632} INFO - DAG(s) dict_keys(['example_task_group_decorator']) retrieved from /home/linuxadmin/.local/lib/python3.6/site-packages/airflow/example_dags/example_task_group_decorator.py
[2021-11-02 15:58:54,785] {logging_mixin.py:109} INFO - [2021-11-02 15:58:54,785] {dag.py:2389} INFO - Sync 1 DAGs
[2021-11-02 15:58:54,809] {logging_mixin.py:109} INFO - [2021-11-02 15:58:54,809] {dag.py:2921} INFO - Setting next_dagrun for example_task_group_decorator to 2021-11-01T10:28:54.809024+00:00
[2021-11-02 15:58:54,820] {processor.py:171} INFO - Processing /home/linuxadmin/.local/lib/python3.6/site-packages/airflow/example_dags/example_task_group_decorator.py took 0.123 seconds
[2021-11-02 15:58:59,378] {processor.py:163} INFO - Started process (PID=181180) to work on /home/linuxadmin/.local/lib/python3.6/site-packages/airflow/example_dags/example_task_group_decorator.py
[2021-11-02 15:58:59,379] {processor.py:620} INFO - Processing file /home/linuxadmin/.local/lib/python3.6/site-packages/airflow/example_dags/example_task_group_decorator.py for tasks to queue
[2021-11-02 15:58:59,380] {logging_mixin.py:109} INFO - [2021-11-02 15:58:59,380] {dagbag.py:500} INFO - Filling up the DagBag from /home/linuxadmin/.local/lib/python3.6/site-packages/airflow/example_dags/example_task_group_decorator.py
[2021-11-02 15:58:59,437] {processor.py:632} INFO - DAG(s) dict_keys(['example_task_group_decorator']) retrieved from /home/linuxadmin/.local/lib/python3.6/site-packages/airflow/example_dags/example_task_group_decorator.py
[2021-11-02 15:58:59,777] {logging_mixin.py:109} INFO - [2021-11-02 15:58:59,776] {dag.py:2389} INFO - Sync 1 DAGs
[2021-11-02 15:58:59,803] {logging_mixin.py:109} INFO - [2021-11-02 15:58:59,803] {dag.py:2921} INFO - Setting next_dagrun for example_task_group_decorator to 2021-11-01T10:28:59.802657+00:00
[2021-11-02 15:58:59,820] {processor.py:171} INFO - Processing /home/linuxadmin/.local/lib/python3.6/site-packages/airflow/example_dags/example_task_group_decorator.py took 0.446 seconds
[2021-11-02 15:59:04,793] {processor.py:163} INFO - Started process (PID=181306) to work on /home/linuxadmin/.local/lib/python3.6/site-packages/airflow/example_dags/example_task_group_decorator.py
[2021-11-02 15:59:04,794] {processor.py:620} INFO - Processing file /home/linuxadmin/.local/lib/python3.6/site-packages/airflow/example_dags/example_task_group_decorator.py for tasks to queue
[2021-11-02 15:59:04,795] {logging_mixin.py:109} INFO - [2021-11-02 15:59:04,795] {dagbag.py:500} INFO - Filling up the DagBag from /home/linuxadmin/.local/lib/python3.6/site-packages/airflow/example_dags/example_task_group_decorator.py
[2021-11-02 15:59:04,850] {processor.py:632} INFO - DAG(s) dict_keys(['example_task_group_decorator']) retrieved from /home/linuxadmin/.local/lib/python3.6/site-packages/airflow/example_dags/example_task_group_decorator.py
[2021-11-02 15:59:04,856] {logging_mixin.py:109} INFO - [2021-11-02 15:59:04,856] {dag.py:2389} INFO - Sync 1 DAGs
[2021-11-02 15:59:04,876] {logging_mixin.py:109} INFO - [2021-11-02 15:59:04,876] {dag.py:2921} INFO - Setting next_dagrun for example_task_group_decorator to 2021-11-01T10:29:04.875941+00:00
[2021-11-02 15:59:04,889] {processor.py:171} INFO - Processing /home/linuxadmin/.local/lib/python3.6/site-packages/airflow/example_dags/example_task_group_decorator.py took 0.100 seconds
[2021-11-02 15:59:09,080] {processor.py:163} INFO - Started process (PID=181426) to work on /home/linuxadmin/.local/lib/python3.6/site-packages/airflow/example_dags/example_task_group_decorator.py
[2021-11-02 15:59:09,081] {processor.py:620} INFO - Processing file /home/linuxadmin/.local/lib/python3.6/site-packages/airflow/example_dags/example_task_group_decorator.py for tasks to queue
[2021-11-02 15:59:09,082] {logging_mixin.py:109} INFO - [2021-11-02 15:59:09,082] {dagbag.py:500} INFO - Filling up the DagBag from /home/linuxadmin/.local/lib/python3.6/site-packages/airflow/example_dags/example_task_group_decorator.py
[2021-11-02 15:59:09,136] {processor.py:632} INFO - DAG(s) dict_keys(['example_task_group_decorator']) retrieved from /home/linuxadmin/.local/lib/python3.6/site-packages/airflow/example_dags/example_task_group_decorator.py
[2021-11-02 15:59:09,142] {logging_mixin.py:109} INFO - [2021-11-02 15:59:09,142] {dag.py:2389} INFO - Sync 1 DAGs
[2021-11-02 15:59:09,163] {logging_mixin.py:109} INFO - [2021-11-02 15:59:09,163] {dag.py:2921} INFO - Setting next_dagrun for example_task_group_decorator to 2021-11-01T10:29:09.163486+00:00
[2021-11-02 15:59:09,174] {processor.py:171} INFO - Processing /home/linuxadmin/.local/lib/python3.6/site-packages/airflow/example_dags/example_task_group_decorator.py took 0.099 seconds
[2021-11-02 15:59:13,645] {processor.py:163} INFO - Started process (PID=181549) to work on /home/linuxadmin/.local/lib/python3.6/site-packages/airflow/example_dags/example_task_group_decorator.py
[2021-11-02 15:59:13,646] {processor.py:620} INFO - Processing file /home/linuxadmin/.local/lib/python3.6/site-packages/airflow/example_dags/example_task_group_decorator.py for tasks to queue
[2021-11-02 15:59:13,647] {logging_mixin.py:109} INFO - [2021-11-02 15:59:13,647] {dagbag.py:500} INFO - Filling up the DagBag from /home/linuxadmin/.local/lib/python3.6/site-packages/airflow/example_dags/example_task_group_decorator.py
[2021-11-02 15:59:13,714] {processor.py:632} INFO - DAG(s) dict_keys(['example_task_group_decorator']) retrieved from /home/linuxadmin/.local/lib/python3.6/site-packages/airflow/example_dags/example_task_group_decorator.py
[2021-11-02 15:59:13,722] {logging_mixin.py:109} INFO - [2021-11-02 15:59:13,722] {dag.py:2389} INFO - Sync 1 DAGs
[2021-11-02 15:59:13,751] {logging_mixin.py:109} INFO - [2021-11-02 15:59:13,751] {dag.py:2921} INFO - Setting next_dagrun for example_task_group_decorator to 2021-11-01T10:29:13.750751+00:00
[2021-11-02 15:59:13,763] {processor.py:171} INFO - Processing /home/linuxadmin/.local/lib/python3.6/site-packages/airflow/example_dags/example_task_group_decorator.py took 0.124 seconds
