[2021-11-02 15:55:19,317] {processor.py:163} INFO - Started process (PID=175248) to work on /home/linuxadmin/.local/lib/python3.6/site-packages/airflow/example_dags/example_python_operator.py
[2021-11-02 15:55:19,318] {processor.py:620} INFO - Processing file /home/linuxadmin/.local/lib/python3.6/site-packages/airflow/example_dags/example_python_operator.py for tasks to queue
[2021-11-02 15:55:19,319] {logging_mixin.py:109} INFO - [2021-11-02 15:55:19,319] {dagbag.py:500} INFO - Filling up the DagBag from /home/linuxadmin/.local/lib/python3.6/site-packages/airflow/example_dags/example_python_operator.py
[2021-11-02 15:55:19,357] {processor.py:632} INFO - DAG(s) dict_keys(['example_python_operator']) retrieved from /home/linuxadmin/.local/lib/python3.6/site-packages/airflow/example_dags/example_python_operator.py
[2021-11-02 15:55:19,370] {logging_mixin.py:109} INFO - [2021-11-02 15:55:19,369] {dag.py:2389} INFO - Sync 1 DAGs
[2021-11-02 15:55:19,393] {logging_mixin.py:109} INFO - [2021-11-02 15:55:19,392] {dag.py:2921} INFO - Setting next_dagrun for example_python_operator to None
[2021-11-02 15:55:19,405] {processor.py:171} INFO - Processing /home/linuxadmin/.local/lib/python3.6/site-packages/airflow/example_dags/example_python_operator.py took 0.093 seconds
[2021-11-02 15:55:23,906] {processor.py:163} INFO - Started process (PID=175374) to work on /home/linuxadmin/.local/lib/python3.6/site-packages/airflow/example_dags/example_python_operator.py
[2021-11-02 15:55:23,907] {processor.py:620} INFO - Processing file /home/linuxadmin/.local/lib/python3.6/site-packages/airflow/example_dags/example_python_operator.py for tasks to queue
[2021-11-02 15:55:23,908] {logging_mixin.py:109} INFO - [2021-11-02 15:55:23,908] {dagbag.py:500} INFO - Filling up the DagBag from /home/linuxadmin/.local/lib/python3.6/site-packages/airflow/example_dags/example_python_operator.py
[2021-11-02 15:55:23,950] {processor.py:632} INFO - DAG(s) dict_keys(['example_python_operator']) retrieved from /home/linuxadmin/.local/lib/python3.6/site-packages/airflow/example_dags/example_python_operator.py
[2021-11-02 15:55:23,962] {logging_mixin.py:109} INFO - [2021-11-02 15:55:23,962] {dag.py:2389} INFO - Sync 1 DAGs
[2021-11-02 15:55:23,983] {logging_mixin.py:109} INFO - [2021-11-02 15:55:23,983] {dag.py:2921} INFO - Setting next_dagrun for example_python_operator to None
[2021-11-02 15:55:23,995] {processor.py:171} INFO - Processing /home/linuxadmin/.local/lib/python3.6/site-packages/airflow/example_dags/example_python_operator.py took 0.095 seconds
[2021-11-02 15:55:28,113] {processor.py:163} INFO - Started process (PID=175492) to work on /home/linuxadmin/.local/lib/python3.6/site-packages/airflow/example_dags/example_python_operator.py
[2021-11-02 15:55:28,115] {processor.py:620} INFO - Processing file /home/linuxadmin/.local/lib/python3.6/site-packages/airflow/example_dags/example_python_operator.py for tasks to queue
[2021-11-02 15:55:28,116] {logging_mixin.py:109} INFO - [2021-11-02 15:55:28,116] {dagbag.py:500} INFO - Filling up the DagBag from /home/linuxadmin/.local/lib/python3.6/site-packages/airflow/example_dags/example_python_operator.py
[2021-11-02 15:55:28,162] {processor.py:632} INFO - DAG(s) dict_keys(['example_python_operator']) retrieved from /home/linuxadmin/.local/lib/python3.6/site-packages/airflow/example_dags/example_python_operator.py
[2021-11-02 15:55:28,178] {logging_mixin.py:109} INFO - [2021-11-02 15:55:28,177] {dag.py:2389} INFO - Sync 1 DAGs
[2021-11-02 15:55:28,203] {logging_mixin.py:109} INFO - [2021-11-02 15:55:28,203] {dag.py:2921} INFO - Setting next_dagrun for example_python_operator to None
[2021-11-02 15:55:28,217] {processor.py:171} INFO - Processing /home/linuxadmin/.local/lib/python3.6/site-packages/airflow/example_dags/example_python_operator.py took 0.110 seconds
[2021-11-02 15:55:32,636] {processor.py:163} INFO - Started process (PID=175616) to work on /home/linuxadmin/.local/lib/python3.6/site-packages/airflow/example_dags/example_python_operator.py
[2021-11-02 15:55:32,637] {processor.py:620} INFO - Processing file /home/linuxadmin/.local/lib/python3.6/site-packages/airflow/example_dags/example_python_operator.py for tasks to queue
[2021-11-02 15:55:32,638] {logging_mixin.py:109} INFO - [2021-11-02 15:55:32,638] {dagbag.py:500} INFO - Filling up the DagBag from /home/linuxadmin/.local/lib/python3.6/site-packages/airflow/example_dags/example_python_operator.py
[2021-11-02 15:55:32,684] {processor.py:632} INFO - DAG(s) dict_keys(['example_python_operator']) retrieved from /home/linuxadmin/.local/lib/python3.6/site-packages/airflow/example_dags/example_python_operator.py
[2021-11-02 15:55:32,699] {logging_mixin.py:109} INFO - [2021-11-02 15:55:32,699] {dag.py:2389} INFO - Sync 1 DAGs
[2021-11-02 15:55:32,728] {logging_mixin.py:109} INFO - [2021-11-02 15:55:32,727] {dag.py:2921} INFO - Setting next_dagrun for example_python_operator to None
[2021-11-02 15:55:32,743] {processor.py:171} INFO - Processing /home/linuxadmin/.local/lib/python3.6/site-packages/airflow/example_dags/example_python_operator.py took 0.113 seconds
[2021-11-02 15:55:37,228] {processor.py:163} INFO - Started process (PID=175735) to work on /home/linuxadmin/.local/lib/python3.6/site-packages/airflow/example_dags/example_python_operator.py
[2021-11-02 15:55:37,229] {processor.py:620} INFO - Processing file /home/linuxadmin/.local/lib/python3.6/site-packages/airflow/example_dags/example_python_operator.py for tasks to queue
[2021-11-02 15:55:37,230] {logging_mixin.py:109} INFO - [2021-11-02 15:55:37,229] {dagbag.py:500} INFO - Filling up the DagBag from /home/linuxadmin/.local/lib/python3.6/site-packages/airflow/example_dags/example_python_operator.py
[2021-11-02 15:55:37,264] {processor.py:632} INFO - DAG(s) dict_keys(['example_python_operator']) retrieved from /home/linuxadmin/.local/lib/python3.6/site-packages/airflow/example_dags/example_python_operator.py
[2021-11-02 15:55:37,278] {logging_mixin.py:109} INFO - [2021-11-02 15:55:37,278] {dag.py:2389} INFO - Sync 1 DAGs
[2021-11-02 15:55:37,301] {logging_mixin.py:109} INFO - [2021-11-02 15:55:37,301] {dag.py:2921} INFO - Setting next_dagrun for example_python_operator to None
[2021-11-02 15:55:37,314] {processor.py:171} INFO - Processing /home/linuxadmin/.local/lib/python3.6/site-packages/airflow/example_dags/example_python_operator.py took 0.091 seconds
[2021-11-02 15:55:41,668] {processor.py:163} INFO - Started process (PID=175858) to work on /home/linuxadmin/.local/lib/python3.6/site-packages/airflow/example_dags/example_python_operator.py
[2021-11-02 15:55:41,670] {processor.py:620} INFO - Processing file /home/linuxadmin/.local/lib/python3.6/site-packages/airflow/example_dags/example_python_operator.py for tasks to queue
[2021-11-02 15:55:41,671] {logging_mixin.py:109} INFO - [2021-11-02 15:55:41,671] {dagbag.py:500} INFO - Filling up the DagBag from /home/linuxadmin/.local/lib/python3.6/site-packages/airflow/example_dags/example_python_operator.py
[2021-11-02 15:55:41,719] {processor.py:632} INFO - DAG(s) dict_keys(['example_python_operator']) retrieved from /home/linuxadmin/.local/lib/python3.6/site-packages/airflow/example_dags/example_python_operator.py
[2021-11-02 15:55:41,731] {logging_mixin.py:109} INFO - [2021-11-02 15:55:41,731] {dag.py:2389} INFO - Sync 1 DAGs
[2021-11-02 15:55:41,759] {logging_mixin.py:109} INFO - [2021-11-02 15:55:41,758] {dag.py:2921} INFO - Setting next_dagrun for example_python_operator to None
[2021-11-02 15:55:41,772] {processor.py:171} INFO - Processing /home/linuxadmin/.local/lib/python3.6/site-packages/airflow/example_dags/example_python_operator.py took 0.109 seconds
[2021-11-02 15:55:45,563] {processor.py:163} INFO - Started process (PID=175976) to work on /home/linuxadmin/.local/lib/python3.6/site-packages/airflow/example_dags/example_python_operator.py
[2021-11-02 15:55:45,564] {processor.py:620} INFO - Processing file /home/linuxadmin/.local/lib/python3.6/site-packages/airflow/example_dags/example_python_operator.py for tasks to queue
[2021-11-02 15:55:45,565] {logging_mixin.py:109} INFO - [2021-11-02 15:55:45,565] {dagbag.py:500} INFO - Filling up the DagBag from /home/linuxadmin/.local/lib/python3.6/site-packages/airflow/example_dags/example_python_operator.py
[2021-11-02 15:55:45,609] {processor.py:632} INFO - DAG(s) dict_keys(['example_python_operator']) retrieved from /home/linuxadmin/.local/lib/python3.6/site-packages/airflow/example_dags/example_python_operator.py
[2021-11-02 15:55:45,626] {logging_mixin.py:109} INFO - [2021-11-02 15:55:45,626] {dag.py:2389} INFO - Sync 1 DAGs
[2021-11-02 15:55:45,649] {logging_mixin.py:109} INFO - [2021-11-02 15:55:45,649] {dag.py:2921} INFO - Setting next_dagrun for example_python_operator to None
[2021-11-02 15:55:45,661] {processor.py:171} INFO - Processing /home/linuxadmin/.local/lib/python3.6/site-packages/airflow/example_dags/example_python_operator.py took 0.104 seconds
[2021-11-02 15:55:50,788] {processor.py:163} INFO - Started process (PID=176101) to work on /home/linuxadmin/.local/lib/python3.6/site-packages/airflow/example_dags/example_python_operator.py
[2021-11-02 15:55:50,789] {processor.py:620} INFO - Processing file /home/linuxadmin/.local/lib/python3.6/site-packages/airflow/example_dags/example_python_operator.py for tasks to queue
[2021-11-02 15:55:50,790] {logging_mixin.py:109} INFO - [2021-11-02 15:55:50,789] {dagbag.py:500} INFO - Filling up the DagBag from /home/linuxadmin/.local/lib/python3.6/site-packages/airflow/example_dags/example_python_operator.py
[2021-11-02 15:55:50,832] {processor.py:632} INFO - DAG(s) dict_keys(['example_python_operator']) retrieved from /home/linuxadmin/.local/lib/python3.6/site-packages/airflow/example_dags/example_python_operator.py
[2021-11-02 15:55:50,845] {logging_mixin.py:109} INFO - [2021-11-02 15:55:50,845] {dag.py:2389} INFO - Sync 1 DAGs
[2021-11-02 15:55:50,873] {logging_mixin.py:109} INFO - [2021-11-02 15:55:50,873] {dag.py:2921} INFO - Setting next_dagrun for example_python_operator to None
[2021-11-02 15:55:50,884] {processor.py:171} INFO - Processing /home/linuxadmin/.local/lib/python3.6/site-packages/airflow/example_dags/example_python_operator.py took 0.101 seconds
[2021-11-02 15:55:55,028] {processor.py:163} INFO - Started process (PID=176221) to work on /home/linuxadmin/.local/lib/python3.6/site-packages/airflow/example_dags/example_python_operator.py
[2021-11-02 15:55:55,030] {processor.py:620} INFO - Processing file /home/linuxadmin/.local/lib/python3.6/site-packages/airflow/example_dags/example_python_operator.py for tasks to queue
[2021-11-02 15:55:55,031] {logging_mixin.py:109} INFO - [2021-11-02 15:55:55,031] {dagbag.py:500} INFO - Filling up the DagBag from /home/linuxadmin/.local/lib/python3.6/site-packages/airflow/example_dags/example_python_operator.py
[2021-11-02 15:55:55,072] {processor.py:632} INFO - DAG(s) dict_keys(['example_python_operator']) retrieved from /home/linuxadmin/.local/lib/python3.6/site-packages/airflow/example_dags/example_python_operator.py
[2021-11-02 15:55:55,092] {logging_mixin.py:109} INFO - [2021-11-02 15:55:55,092] {dag.py:2389} INFO - Sync 1 DAGs
[2021-11-02 15:55:55,120] {logging_mixin.py:109} INFO - [2021-11-02 15:55:55,120] {dag.py:2921} INFO - Setting next_dagrun for example_python_operator to None
[2021-11-02 15:55:55,134] {processor.py:171} INFO - Processing /home/linuxadmin/.local/lib/python3.6/site-packages/airflow/example_dags/example_python_operator.py took 0.111 seconds
[2021-11-02 15:55:59,905] {processor.py:163} INFO - Started process (PID=176342) to work on /home/linuxadmin/.local/lib/python3.6/site-packages/airflow/example_dags/example_python_operator.py
[2021-11-02 15:55:59,906] {processor.py:620} INFO - Processing file /home/linuxadmin/.local/lib/python3.6/site-packages/airflow/example_dags/example_python_operator.py for tasks to queue
[2021-11-02 15:55:59,907] {logging_mixin.py:109} INFO - [2021-11-02 15:55:59,907] {dagbag.py:500} INFO - Filling up the DagBag from /home/linuxadmin/.local/lib/python3.6/site-packages/airflow/example_dags/example_python_operator.py
[2021-11-02 15:55:59,963] {processor.py:632} INFO - DAG(s) dict_keys(['example_python_operator']) retrieved from /home/linuxadmin/.local/lib/python3.6/site-packages/airflow/example_dags/example_python_operator.py
[2021-11-02 15:55:59,982] {logging_mixin.py:109} INFO - [2021-11-02 15:55:59,982] {dag.py:2389} INFO - Sync 1 DAGs
[2021-11-02 15:56:00,017] {logging_mixin.py:109} INFO - [2021-11-02 15:56:00,016] {dag.py:2921} INFO - Setting next_dagrun for example_python_operator to None
[2021-11-02 15:56:00,032] {processor.py:171} INFO - Processing /home/linuxadmin/.local/lib/python3.6/site-packages/airflow/example_dags/example_python_operator.py took 0.132 seconds
[2021-11-02 15:56:04,152] {processor.py:163} INFO - Started process (PID=176461) to work on /home/linuxadmin/.local/lib/python3.6/site-packages/airflow/example_dags/example_python_operator.py
[2021-11-02 15:56:04,153] {processor.py:620} INFO - Processing file /home/linuxadmin/.local/lib/python3.6/site-packages/airflow/example_dags/example_python_operator.py for tasks to queue
[2021-11-02 15:56:04,154] {logging_mixin.py:109} INFO - [2021-11-02 15:56:04,154] {dagbag.py:500} INFO - Filling up the DagBag from /home/linuxadmin/.local/lib/python3.6/site-packages/airflow/example_dags/example_python_operator.py
[2021-11-02 15:56:04,200] {processor.py:632} INFO - DAG(s) dict_keys(['example_python_operator']) retrieved from /home/linuxadmin/.local/lib/python3.6/site-packages/airflow/example_dags/example_python_operator.py
[2021-11-02 15:56:04,212] {logging_mixin.py:109} INFO - [2021-11-02 15:56:04,212] {dag.py:2389} INFO - Sync 1 DAGs
[2021-11-02 15:56:04,235] {logging_mixin.py:109} INFO - [2021-11-02 15:56:04,235] {dag.py:2921} INFO - Setting next_dagrun for example_python_operator to None
[2021-11-02 15:56:04,248] {processor.py:171} INFO - Processing /home/linuxadmin/.local/lib/python3.6/site-packages/airflow/example_dags/example_python_operator.py took 0.102 seconds
[2021-11-02 15:56:09,005] {processor.py:163} INFO - Started process (PID=176583) to work on /home/linuxadmin/.local/lib/python3.6/site-packages/airflow/example_dags/example_python_operator.py
[2021-11-02 15:56:09,006] {processor.py:620} INFO - Processing file /home/linuxadmin/.local/lib/python3.6/site-packages/airflow/example_dags/example_python_operator.py for tasks to queue
[2021-11-02 15:56:09,007] {logging_mixin.py:109} INFO - [2021-11-02 15:56:09,007] {dagbag.py:500} INFO - Filling up the DagBag from /home/linuxadmin/.local/lib/python3.6/site-packages/airflow/example_dags/example_python_operator.py
[2021-11-02 15:56:09,051] {processor.py:632} INFO - DAG(s) dict_keys(['example_python_operator']) retrieved from /home/linuxadmin/.local/lib/python3.6/site-packages/airflow/example_dags/example_python_operator.py
[2021-11-02 15:56:09,064] {logging_mixin.py:109} INFO - [2021-11-02 15:56:09,064] {dag.py:2389} INFO - Sync 1 DAGs
[2021-11-02 15:56:09,089] {logging_mixin.py:109} INFO - [2021-11-02 15:56:09,088] {dag.py:2921} INFO - Setting next_dagrun for example_python_operator to None
[2021-11-02 15:56:09,101] {processor.py:171} INFO - Processing /home/linuxadmin/.local/lib/python3.6/site-packages/airflow/example_dags/example_python_operator.py took 0.101 seconds
[2021-11-02 15:56:13,755] {processor.py:163} INFO - Started process (PID=176707) to work on /home/linuxadmin/.local/lib/python3.6/site-packages/airflow/example_dags/example_python_operator.py
[2021-11-02 15:56:13,757] {processor.py:620} INFO - Processing file /home/linuxadmin/.local/lib/python3.6/site-packages/airflow/example_dags/example_python_operator.py for tasks to queue
[2021-11-02 15:56:13,758] {logging_mixin.py:109} INFO - [2021-11-02 15:56:13,757] {dagbag.py:500} INFO - Filling up the DagBag from /home/linuxadmin/.local/lib/python3.6/site-packages/airflow/example_dags/example_python_operator.py
[2021-11-02 15:56:13,802] {processor.py:632} INFO - DAG(s) dict_keys(['example_python_operator']) retrieved from /home/linuxadmin/.local/lib/python3.6/site-packages/airflow/example_dags/example_python_operator.py
[2021-11-02 15:56:13,817] {logging_mixin.py:109} INFO - [2021-11-02 15:56:13,817] {dag.py:2389} INFO - Sync 1 DAGs
[2021-11-02 15:56:13,845] {logging_mixin.py:109} INFO - [2021-11-02 15:56:13,845] {dag.py:2921} INFO - Setting next_dagrun for example_python_operator to None
[2021-11-02 15:56:13,863] {processor.py:171} INFO - Processing /home/linuxadmin/.local/lib/python3.6/site-packages/airflow/example_dags/example_python_operator.py took 0.113 seconds
[2021-11-02 15:56:17,945] {processor.py:163} INFO - Started process (PID=176826) to work on /home/linuxadmin/.local/lib/python3.6/site-packages/airflow/example_dags/example_python_operator.py
[2021-11-02 15:56:17,947] {processor.py:620} INFO - Processing file /home/linuxadmin/.local/lib/python3.6/site-packages/airflow/example_dags/example_python_operator.py for tasks to queue
[2021-11-02 15:56:17,947] {logging_mixin.py:109} INFO - [2021-11-02 15:56:17,947] {dagbag.py:500} INFO - Filling up the DagBag from /home/linuxadmin/.local/lib/python3.6/site-packages/airflow/example_dags/example_python_operator.py
[2021-11-02 15:56:17,994] {processor.py:632} INFO - DAG(s) dict_keys(['example_python_operator']) retrieved from /home/linuxadmin/.local/lib/python3.6/site-packages/airflow/example_dags/example_python_operator.py
[2021-11-02 15:56:18,008] {logging_mixin.py:109} INFO - [2021-11-02 15:56:18,007] {dag.py:2389} INFO - Sync 1 DAGs
[2021-11-02 15:56:18,041] {logging_mixin.py:109} INFO - [2021-11-02 15:56:18,041] {dag.py:2921} INFO - Setting next_dagrun for example_python_operator to None
[2021-11-02 15:56:18,062] {processor.py:171} INFO - Processing /home/linuxadmin/.local/lib/python3.6/site-packages/airflow/example_dags/example_python_operator.py took 0.121 seconds
[2021-11-02 15:56:23,271] {processor.py:163} INFO - Started process (PID=176951) to work on /home/linuxadmin/.local/lib/python3.6/site-packages/airflow/example_dags/example_python_operator.py
[2021-11-02 15:56:23,273] {processor.py:620} INFO - Processing file /home/linuxadmin/.local/lib/python3.6/site-packages/airflow/example_dags/example_python_operator.py for tasks to queue
[2021-11-02 15:56:23,274] {logging_mixin.py:109} INFO - [2021-11-02 15:56:23,274] {dagbag.py:500} INFO - Filling up the DagBag from /home/linuxadmin/.local/lib/python3.6/site-packages/airflow/example_dags/example_python_operator.py
[2021-11-02 15:56:23,322] {processor.py:632} INFO - DAG(s) dict_keys(['example_python_operator']) retrieved from /home/linuxadmin/.local/lib/python3.6/site-packages/airflow/example_dags/example_python_operator.py
[2021-11-02 15:56:23,341] {logging_mixin.py:109} INFO - [2021-11-02 15:56:23,341] {dag.py:2389} INFO - Sync 1 DAGs
[2021-11-02 15:56:23,368] {logging_mixin.py:109} INFO - [2021-11-02 15:56:23,368] {dag.py:2921} INFO - Setting next_dagrun for example_python_operator to None
[2021-11-02 15:56:23,382] {processor.py:171} INFO - Processing /home/linuxadmin/.local/lib/python3.6/site-packages/airflow/example_dags/example_python_operator.py took 0.117 seconds
[2021-11-02 15:56:27,434] {processor.py:163} INFO - Started process (PID=177068) to work on /home/linuxadmin/.local/lib/python3.6/site-packages/airflow/example_dags/example_python_operator.py
[2021-11-02 15:56:27,437] {processor.py:620} INFO - Processing file /home/linuxadmin/.local/lib/python3.6/site-packages/airflow/example_dags/example_python_operator.py for tasks to queue
[2021-11-02 15:56:27,438] {logging_mixin.py:109} INFO - [2021-11-02 15:56:27,438] {dagbag.py:500} INFO - Filling up the DagBag from /home/linuxadmin/.local/lib/python3.6/site-packages/airflow/example_dags/example_python_operator.py
[2021-11-02 15:56:27,485] {processor.py:632} INFO - DAG(s) dict_keys(['example_python_operator']) retrieved from /home/linuxadmin/.local/lib/python3.6/site-packages/airflow/example_dags/example_python_operator.py
[2021-11-02 15:56:27,500] {logging_mixin.py:109} INFO - [2021-11-02 15:56:27,499] {dag.py:2389} INFO - Sync 1 DAGs
[2021-11-02 15:56:27,526] {logging_mixin.py:109} INFO - [2021-11-02 15:56:27,526] {dag.py:2921} INFO - Setting next_dagrun for example_python_operator to None
[2021-11-02 15:56:27,537] {processor.py:171} INFO - Processing /home/linuxadmin/.local/lib/python3.6/site-packages/airflow/example_dags/example_python_operator.py took 0.107 seconds
[2021-11-02 15:56:31,922] {processor.py:163} INFO - Started process (PID=177192) to work on /home/linuxadmin/.local/lib/python3.6/site-packages/airflow/example_dags/example_python_operator.py
[2021-11-02 15:56:31,923] {processor.py:620} INFO - Processing file /home/linuxadmin/.local/lib/python3.6/site-packages/airflow/example_dags/example_python_operator.py for tasks to queue
[2021-11-02 15:56:31,924] {logging_mixin.py:109} INFO - [2021-11-02 15:56:31,924] {dagbag.py:500} INFO - Filling up the DagBag from /home/linuxadmin/.local/lib/python3.6/site-packages/airflow/example_dags/example_python_operator.py
[2021-11-02 15:56:31,974] {processor.py:632} INFO - DAG(s) dict_keys(['example_python_operator']) retrieved from /home/linuxadmin/.local/lib/python3.6/site-packages/airflow/example_dags/example_python_operator.py
[2021-11-02 15:56:31,992] {logging_mixin.py:109} INFO - [2021-11-02 15:56:31,992] {dag.py:2389} INFO - Sync 1 DAGs
[2021-11-02 15:56:32,025] {logging_mixin.py:109} INFO - [2021-11-02 15:56:32,025] {dag.py:2921} INFO - Setting next_dagrun for example_python_operator to None
[2021-11-02 15:56:32,038] {processor.py:171} INFO - Processing /home/linuxadmin/.local/lib/python3.6/site-packages/airflow/example_dags/example_python_operator.py took 0.122 seconds
[2021-11-02 15:56:35,825] {processor.py:163} INFO - Started process (PID=177311) to work on /home/linuxadmin/.local/lib/python3.6/site-packages/airflow/example_dags/example_python_operator.py
[2021-11-02 15:56:35,826] {processor.py:620} INFO - Processing file /home/linuxadmin/.local/lib/python3.6/site-packages/airflow/example_dags/example_python_operator.py for tasks to queue
[2021-11-02 15:56:35,827] {logging_mixin.py:109} INFO - [2021-11-02 15:56:35,827] {dagbag.py:500} INFO - Filling up the DagBag from /home/linuxadmin/.local/lib/python3.6/site-packages/airflow/example_dags/example_python_operator.py
[2021-11-02 15:56:35,870] {processor.py:632} INFO - DAG(s) dict_keys(['example_python_operator']) retrieved from /home/linuxadmin/.local/lib/python3.6/site-packages/airflow/example_dags/example_python_operator.py
[2021-11-02 15:56:35,890] {logging_mixin.py:109} INFO - [2021-11-02 15:56:35,890] {dag.py:2389} INFO - Sync 1 DAGs
[2021-11-02 15:56:35,916] {logging_mixin.py:109} INFO - [2021-11-02 15:56:35,916] {dag.py:2921} INFO - Setting next_dagrun for example_python_operator to None
[2021-11-02 15:56:35,929] {processor.py:171} INFO - Processing /home/linuxadmin/.local/lib/python3.6/site-packages/airflow/example_dags/example_python_operator.py took 0.108 seconds
[2021-11-02 15:56:40,249] {processor.py:163} INFO - Started process (PID=177432) to work on /home/linuxadmin/.local/lib/python3.6/site-packages/airflow/example_dags/example_python_operator.py
[2021-11-02 15:56:40,250] {processor.py:620} INFO - Processing file /home/linuxadmin/.local/lib/python3.6/site-packages/airflow/example_dags/example_python_operator.py for tasks to queue
[2021-11-02 15:56:40,252] {logging_mixin.py:109} INFO - [2021-11-02 15:56:40,251] {dagbag.py:500} INFO - Filling up the DagBag from /home/linuxadmin/.local/lib/python3.6/site-packages/airflow/example_dags/example_python_operator.py
[2021-11-02 15:56:40,297] {processor.py:632} INFO - DAG(s) dict_keys(['example_python_operator']) retrieved from /home/linuxadmin/.local/lib/python3.6/site-packages/airflow/example_dags/example_python_operator.py
[2021-11-02 15:56:40,315] {logging_mixin.py:109} INFO - [2021-11-02 15:56:40,314] {dag.py:2389} INFO - Sync 1 DAGs
[2021-11-02 15:56:40,340] {logging_mixin.py:109} INFO - [2021-11-02 15:56:40,340] {dag.py:2921} INFO - Setting next_dagrun for example_python_operator to None
[2021-11-02 15:56:40,356] {processor.py:171} INFO - Processing /home/linuxadmin/.local/lib/python3.6/site-packages/airflow/example_dags/example_python_operator.py took 0.111 seconds
[2021-11-02 15:56:44,152] {processor.py:163} INFO - Started process (PID=177548) to work on /home/linuxadmin/.local/lib/python3.6/site-packages/airflow/example_dags/example_python_operator.py
[2021-11-02 15:56:44,153] {processor.py:620} INFO - Processing file /home/linuxadmin/.local/lib/python3.6/site-packages/airflow/example_dags/example_python_operator.py for tasks to queue
[2021-11-02 15:56:44,154] {logging_mixin.py:109} INFO - [2021-11-02 15:56:44,154] {dagbag.py:500} INFO - Filling up the DagBag from /home/linuxadmin/.local/lib/python3.6/site-packages/airflow/example_dags/example_python_operator.py
[2021-11-02 15:56:44,193] {processor.py:632} INFO - DAG(s) dict_keys(['example_python_operator']) retrieved from /home/linuxadmin/.local/lib/python3.6/site-packages/airflow/example_dags/example_python_operator.py
[2021-11-02 15:56:44,206] {logging_mixin.py:109} INFO - [2021-11-02 15:56:44,205] {dag.py:2389} INFO - Sync 1 DAGs
[2021-11-02 15:56:44,228] {logging_mixin.py:109} INFO - [2021-11-02 15:56:44,227] {dag.py:2921} INFO - Setting next_dagrun for example_python_operator to None
[2021-11-02 15:56:44,240] {processor.py:171} INFO - Processing /home/linuxadmin/.local/lib/python3.6/site-packages/airflow/example_dags/example_python_operator.py took 0.092 seconds
[2021-11-02 15:56:48,639] {processor.py:163} INFO - Started process (PID=177677) to work on /home/linuxadmin/.local/lib/python3.6/site-packages/airflow/example_dags/example_python_operator.py
[2021-11-02 15:56:48,640] {processor.py:620} INFO - Processing file /home/linuxadmin/.local/lib/python3.6/site-packages/airflow/example_dags/example_python_operator.py for tasks to queue
[2021-11-02 15:56:48,641] {logging_mixin.py:109} INFO - [2021-11-02 15:56:48,641] {dagbag.py:500} INFO - Filling up the DagBag from /home/linuxadmin/.local/lib/python3.6/site-packages/airflow/example_dags/example_python_operator.py
[2021-11-02 15:56:48,677] {processor.py:632} INFO - DAG(s) dict_keys(['example_python_operator']) retrieved from /home/linuxadmin/.local/lib/python3.6/site-packages/airflow/example_dags/example_python_operator.py
[2021-11-02 15:56:48,689] {logging_mixin.py:109} INFO - [2021-11-02 15:56:48,689] {dag.py:2389} INFO - Sync 1 DAGs
[2021-11-02 15:56:48,711] {logging_mixin.py:109} INFO - [2021-11-02 15:56:48,710] {dag.py:2921} INFO - Setting next_dagrun for example_python_operator to None
[2021-11-02 15:56:48,723] {processor.py:171} INFO - Processing /home/linuxadmin/.local/lib/python3.6/site-packages/airflow/example_dags/example_python_operator.py took 0.088 seconds
[2021-11-02 15:56:53,622] {processor.py:163} INFO - Started process (PID=177796) to work on /home/linuxadmin/.local/lib/python3.6/site-packages/airflow/example_dags/example_python_operator.py
[2021-11-02 15:56:53,623] {processor.py:620} INFO - Processing file /home/linuxadmin/.local/lib/python3.6/site-packages/airflow/example_dags/example_python_operator.py for tasks to queue
[2021-11-02 15:56:53,624] {logging_mixin.py:109} INFO - [2021-11-02 15:56:53,624] {dagbag.py:500} INFO - Filling up the DagBag from /home/linuxadmin/.local/lib/python3.6/site-packages/airflow/example_dags/example_python_operator.py
[2021-11-02 15:56:53,671] {processor.py:632} INFO - DAG(s) dict_keys(['example_python_operator']) retrieved from /home/linuxadmin/.local/lib/python3.6/site-packages/airflow/example_dags/example_python_operator.py
[2021-11-02 15:56:53,687] {logging_mixin.py:109} INFO - [2021-11-02 15:56:53,687] {dag.py:2389} INFO - Sync 1 DAGs
[2021-11-02 15:56:53,716] {logging_mixin.py:109} INFO - [2021-11-02 15:56:53,716] {dag.py:2921} INFO - Setting next_dagrun for example_python_operator to None
[2021-11-02 15:56:53,727] {processor.py:171} INFO - Processing /home/linuxadmin/.local/lib/python3.6/site-packages/airflow/example_dags/example_python_operator.py took 0.111 seconds
[2021-11-02 15:56:58,261] {processor.py:163} INFO - Started process (PID=177918) to work on /home/linuxadmin/.local/lib/python3.6/site-packages/airflow/example_dags/example_python_operator.py
[2021-11-02 15:56:58,262] {processor.py:620} INFO - Processing file /home/linuxadmin/.local/lib/python3.6/site-packages/airflow/example_dags/example_python_operator.py for tasks to queue
[2021-11-02 15:56:58,263] {logging_mixin.py:109} INFO - [2021-11-02 15:56:58,262] {dagbag.py:500} INFO - Filling up the DagBag from /home/linuxadmin/.local/lib/python3.6/site-packages/airflow/example_dags/example_python_operator.py
[2021-11-02 15:56:58,306] {processor.py:632} INFO - DAG(s) dict_keys(['example_python_operator']) retrieved from /home/linuxadmin/.local/lib/python3.6/site-packages/airflow/example_dags/example_python_operator.py
[2021-11-02 15:56:58,319] {logging_mixin.py:109} INFO - [2021-11-02 15:56:58,319] {dag.py:2389} INFO - Sync 1 DAGs
[2021-11-02 15:56:58,342] {logging_mixin.py:109} INFO - [2021-11-02 15:56:58,342] {dag.py:2921} INFO - Setting next_dagrun for example_python_operator to None
[2021-11-02 15:56:58,353] {processor.py:171} INFO - Processing /home/linuxadmin/.local/lib/python3.6/site-packages/airflow/example_dags/example_python_operator.py took 0.097 seconds
[2021-11-02 15:57:02,768] {processor.py:163} INFO - Started process (PID=178039) to work on /home/linuxadmin/.local/lib/python3.6/site-packages/airflow/example_dags/example_python_operator.py
[2021-11-02 15:57:02,770] {processor.py:620} INFO - Processing file /home/linuxadmin/.local/lib/python3.6/site-packages/airflow/example_dags/example_python_operator.py for tasks to queue
[2021-11-02 15:57:02,771] {logging_mixin.py:109} INFO - [2021-11-02 15:57:02,771] {dagbag.py:500} INFO - Filling up the DagBag from /home/linuxadmin/.local/lib/python3.6/site-packages/airflow/example_dags/example_python_operator.py
[2021-11-02 15:57:02,813] {processor.py:632} INFO - DAG(s) dict_keys(['example_python_operator']) retrieved from /home/linuxadmin/.local/lib/python3.6/site-packages/airflow/example_dags/example_python_operator.py
[2021-11-02 15:57:02,827] {logging_mixin.py:109} INFO - [2021-11-02 15:57:02,827] {dag.py:2389} INFO - Sync 1 DAGs
[2021-11-02 15:57:02,850] {logging_mixin.py:109} INFO - [2021-11-02 15:57:02,850] {dag.py:2921} INFO - Setting next_dagrun for example_python_operator to None
[2021-11-02 15:57:02,870] {processor.py:171} INFO - Processing /home/linuxadmin/.local/lib/python3.6/site-packages/airflow/example_dags/example_python_operator.py took 0.107 seconds
[2021-11-02 15:57:07,611] {processor.py:163} INFO - Started process (PID=178164) to work on /home/linuxadmin/.local/lib/python3.6/site-packages/airflow/example_dags/example_python_operator.py
[2021-11-02 15:57:07,614] {processor.py:620} INFO - Processing file /home/linuxadmin/.local/lib/python3.6/site-packages/airflow/example_dags/example_python_operator.py for tasks to queue
[2021-11-02 15:57:07,614] {logging_mixin.py:109} INFO - [2021-11-02 15:57:07,614] {dagbag.py:500} INFO - Filling up the DagBag from /home/linuxadmin/.local/lib/python3.6/site-packages/airflow/example_dags/example_python_operator.py
[2021-11-02 15:57:07,660] {processor.py:632} INFO - DAG(s) dict_keys(['example_python_operator']) retrieved from /home/linuxadmin/.local/lib/python3.6/site-packages/airflow/example_dags/example_python_operator.py
[2021-11-02 15:57:07,675] {logging_mixin.py:109} INFO - [2021-11-02 15:57:07,675] {dag.py:2389} INFO - Sync 1 DAGs
[2021-11-02 15:57:07,701] {logging_mixin.py:109} INFO - [2021-11-02 15:57:07,701] {dag.py:2921} INFO - Setting next_dagrun for example_python_operator to None
[2021-11-02 15:57:07,712] {processor.py:171} INFO - Processing /home/linuxadmin/.local/lib/python3.6/site-packages/airflow/example_dags/example_python_operator.py took 0.107 seconds
[2021-11-02 15:57:11,925] {processor.py:163} INFO - Started process (PID=178282) to work on /home/linuxadmin/.local/lib/python3.6/site-packages/airflow/example_dags/example_python_operator.py
[2021-11-02 15:57:11,926] {processor.py:620} INFO - Processing file /home/linuxadmin/.local/lib/python3.6/site-packages/airflow/example_dags/example_python_operator.py for tasks to queue
[2021-11-02 15:57:11,927] {logging_mixin.py:109} INFO - [2021-11-02 15:57:11,927] {dagbag.py:500} INFO - Filling up the DagBag from /home/linuxadmin/.local/lib/python3.6/site-packages/airflow/example_dags/example_python_operator.py
[2021-11-02 15:57:11,969] {processor.py:632} INFO - DAG(s) dict_keys(['example_python_operator']) retrieved from /home/linuxadmin/.local/lib/python3.6/site-packages/airflow/example_dags/example_python_operator.py
[2021-11-02 15:57:11,982] {logging_mixin.py:109} INFO - [2021-11-02 15:57:11,982] {dag.py:2389} INFO - Sync 1 DAGs
[2021-11-02 15:57:12,003] {logging_mixin.py:109} INFO - [2021-11-02 15:57:12,003] {dag.py:2921} INFO - Setting next_dagrun for example_python_operator to None
[2021-11-02 15:57:12,014] {processor.py:171} INFO - Processing /home/linuxadmin/.local/lib/python3.6/site-packages/airflow/example_dags/example_python_operator.py took 0.095 seconds
[2021-11-02 15:57:16,426] {processor.py:163} INFO - Started process (PID=178403) to work on /home/linuxadmin/.local/lib/python3.6/site-packages/airflow/example_dags/example_python_operator.py
[2021-11-02 15:57:16,427] {processor.py:620} INFO - Processing file /home/linuxadmin/.local/lib/python3.6/site-packages/airflow/example_dags/example_python_operator.py for tasks to queue
[2021-11-02 15:57:16,428] {logging_mixin.py:109} INFO - [2021-11-02 15:57:16,428] {dagbag.py:500} INFO - Filling up the DagBag from /home/linuxadmin/.local/lib/python3.6/site-packages/airflow/example_dags/example_python_operator.py
[2021-11-02 15:57:16,475] {processor.py:632} INFO - DAG(s) dict_keys(['example_python_operator']) retrieved from /home/linuxadmin/.local/lib/python3.6/site-packages/airflow/example_dags/example_python_operator.py
[2021-11-02 15:57:16,489] {logging_mixin.py:109} INFO - [2021-11-02 15:57:16,489] {dag.py:2389} INFO - Sync 1 DAGs
[2021-11-02 15:57:16,516] {logging_mixin.py:109} INFO - [2021-11-02 15:57:16,515] {dag.py:2921} INFO - Setting next_dagrun for example_python_operator to None
[2021-11-02 15:57:16,530] {processor.py:171} INFO - Processing /home/linuxadmin/.local/lib/python3.6/site-packages/airflow/example_dags/example_python_operator.py took 0.110 seconds
[2021-11-02 15:57:20,377] {processor.py:163} INFO - Started process (PID=178522) to work on /home/linuxadmin/.local/lib/python3.6/site-packages/airflow/example_dags/example_python_operator.py
[2021-11-02 15:57:20,378] {processor.py:620} INFO - Processing file /home/linuxadmin/.local/lib/python3.6/site-packages/airflow/example_dags/example_python_operator.py for tasks to queue
[2021-11-02 15:57:20,379] {logging_mixin.py:109} INFO - [2021-11-02 15:57:20,379] {dagbag.py:500} INFO - Filling up the DagBag from /home/linuxadmin/.local/lib/python3.6/site-packages/airflow/example_dags/example_python_operator.py
[2021-11-02 15:57:20,417] {processor.py:632} INFO - DAG(s) dict_keys(['example_python_operator']) retrieved from /home/linuxadmin/.local/lib/python3.6/site-packages/airflow/example_dags/example_python_operator.py
[2021-11-02 15:57:20,438] {logging_mixin.py:109} INFO - [2021-11-02 15:57:20,437] {dag.py:2389} INFO - Sync 1 DAGs
[2021-11-02 15:57:20,459] {logging_mixin.py:109} INFO - [2021-11-02 15:57:20,459] {dag.py:2921} INFO - Setting next_dagrun for example_python_operator to None
[2021-11-02 15:57:20,469] {processor.py:171} INFO - Processing /home/linuxadmin/.local/lib/python3.6/site-packages/airflow/example_dags/example_python_operator.py took 0.097 seconds
[2021-11-02 15:57:25,469] {processor.py:163} INFO - Started process (PID=178646) to work on /home/linuxadmin/.local/lib/python3.6/site-packages/airflow/example_dags/example_python_operator.py
[2021-11-02 15:57:25,471] {processor.py:620} INFO - Processing file /home/linuxadmin/.local/lib/python3.6/site-packages/airflow/example_dags/example_python_operator.py for tasks to queue
[2021-11-02 15:57:25,472] {logging_mixin.py:109} INFO - [2021-11-02 15:57:25,472] {dagbag.py:500} INFO - Filling up the DagBag from /home/linuxadmin/.local/lib/python3.6/site-packages/airflow/example_dags/example_python_operator.py
[2021-11-02 15:57:25,515] {processor.py:632} INFO - DAG(s) dict_keys(['example_python_operator']) retrieved from /home/linuxadmin/.local/lib/python3.6/site-packages/airflow/example_dags/example_python_operator.py
[2021-11-02 15:57:25,532] {logging_mixin.py:109} INFO - [2021-11-02 15:57:25,532] {dag.py:2389} INFO - Sync 1 DAGs
[2021-11-02 15:57:25,553] {logging_mixin.py:109} INFO - [2021-11-02 15:57:25,553] {dag.py:2921} INFO - Setting next_dagrun for example_python_operator to None
[2021-11-02 15:57:25,568] {processor.py:171} INFO - Processing /home/linuxadmin/.local/lib/python3.6/site-packages/airflow/example_dags/example_python_operator.py took 0.104 seconds
[2021-11-02 15:57:29,871] {processor.py:163} INFO - Started process (PID=178768) to work on /home/linuxadmin/.local/lib/python3.6/site-packages/airflow/example_dags/example_python_operator.py
[2021-11-02 15:57:29,872] {processor.py:620} INFO - Processing file /home/linuxadmin/.local/lib/python3.6/site-packages/airflow/example_dags/example_python_operator.py for tasks to queue
[2021-11-02 15:57:29,873] {logging_mixin.py:109} INFO - [2021-11-02 15:57:29,873] {dagbag.py:500} INFO - Filling up the DagBag from /home/linuxadmin/.local/lib/python3.6/site-packages/airflow/example_dags/example_python_operator.py
[2021-11-02 15:57:29,916] {processor.py:632} INFO - DAG(s) dict_keys(['example_python_operator']) retrieved from /home/linuxadmin/.local/lib/python3.6/site-packages/airflow/example_dags/example_python_operator.py
[2021-11-02 15:57:29,931] {logging_mixin.py:109} INFO - [2021-11-02 15:57:29,931] {dag.py:2389} INFO - Sync 1 DAGs
[2021-11-02 15:57:29,953] {logging_mixin.py:109} INFO - [2021-11-02 15:57:29,953] {dag.py:2921} INFO - Setting next_dagrun for example_python_operator to None
[2021-11-02 15:57:29,964] {processor.py:171} INFO - Processing /home/linuxadmin/.local/lib/python3.6/site-packages/airflow/example_dags/example_python_operator.py took 0.098 seconds
[2021-11-02 15:57:34,536] {processor.py:163} INFO - Started process (PID=178888) to work on /home/linuxadmin/.local/lib/python3.6/site-packages/airflow/example_dags/example_python_operator.py
[2021-11-02 15:57:34,538] {processor.py:620} INFO - Processing file /home/linuxadmin/.local/lib/python3.6/site-packages/airflow/example_dags/example_python_operator.py for tasks to queue
[2021-11-02 15:57:34,539] {logging_mixin.py:109} INFO - [2021-11-02 15:57:34,539] {dagbag.py:500} INFO - Filling up the DagBag from /home/linuxadmin/.local/lib/python3.6/site-packages/airflow/example_dags/example_python_operator.py
[2021-11-02 15:57:34,589] {processor.py:632} INFO - DAG(s) dict_keys(['example_python_operator']) retrieved from /home/linuxadmin/.local/lib/python3.6/site-packages/airflow/example_dags/example_python_operator.py
[2021-11-02 15:57:34,606] {logging_mixin.py:109} INFO - [2021-11-02 15:57:34,605] {dag.py:2389} INFO - Sync 1 DAGs
[2021-11-02 15:57:34,628] {logging_mixin.py:109} INFO - [2021-11-02 15:57:34,628] {dag.py:2921} INFO - Setting next_dagrun for example_python_operator to None
[2021-11-02 15:57:34,640] {processor.py:171} INFO - Processing /home/linuxadmin/.local/lib/python3.6/site-packages/airflow/example_dags/example_python_operator.py took 0.110 seconds
[2021-11-02 15:57:38,534] {processor.py:163} INFO - Started process (PID=179007) to work on /home/linuxadmin/.local/lib/python3.6/site-packages/airflow/example_dags/example_python_operator.py
[2021-11-02 15:57:38,537] {processor.py:620} INFO - Processing file /home/linuxadmin/.local/lib/python3.6/site-packages/airflow/example_dags/example_python_operator.py for tasks to queue
[2021-11-02 15:57:38,538] {logging_mixin.py:109} INFO - [2021-11-02 15:57:38,538] {dagbag.py:500} INFO - Filling up the DagBag from /home/linuxadmin/.local/lib/python3.6/site-packages/airflow/example_dags/example_python_operator.py
[2021-11-02 15:57:38,586] {processor.py:632} INFO - DAG(s) dict_keys(['example_python_operator']) retrieved from /home/linuxadmin/.local/lib/python3.6/site-packages/airflow/example_dags/example_python_operator.py
[2021-11-02 15:57:38,604] {logging_mixin.py:109} INFO - [2021-11-02 15:57:38,604] {dag.py:2389} INFO - Sync 1 DAGs
[2021-11-02 15:57:38,634] {logging_mixin.py:109} INFO - [2021-11-02 15:57:38,634] {dag.py:2921} INFO - Setting next_dagrun for example_python_operator to None
[2021-11-02 15:57:38,646] {processor.py:171} INFO - Processing /home/linuxadmin/.local/lib/python3.6/site-packages/airflow/example_dags/example_python_operator.py took 0.117 seconds
[2021-11-02 15:57:43,193] {processor.py:163} INFO - Started process (PID=179129) to work on /home/linuxadmin/.local/lib/python3.6/site-packages/airflow/example_dags/example_python_operator.py
[2021-11-02 15:57:43,194] {processor.py:620} INFO - Processing file /home/linuxadmin/.local/lib/python3.6/site-packages/airflow/example_dags/example_python_operator.py for tasks to queue
[2021-11-02 15:57:43,195] {logging_mixin.py:109} INFO - [2021-11-02 15:57:43,195] {dagbag.py:500} INFO - Filling up the DagBag from /home/linuxadmin/.local/lib/python3.6/site-packages/airflow/example_dags/example_python_operator.py
[2021-11-02 15:57:43,239] {processor.py:632} INFO - DAG(s) dict_keys(['example_python_operator']) retrieved from /home/linuxadmin/.local/lib/python3.6/site-packages/airflow/example_dags/example_python_operator.py
[2021-11-02 15:57:43,253] {logging_mixin.py:109} INFO - [2021-11-02 15:57:43,252] {dag.py:2389} INFO - Sync 1 DAGs
[2021-11-02 15:57:43,279] {logging_mixin.py:109} INFO - [2021-11-02 15:57:43,278] {dag.py:2921} INFO - Setting next_dagrun for example_python_operator to None
[2021-11-02 15:57:43,292] {processor.py:171} INFO - Processing /home/linuxadmin/.local/lib/python3.6/site-packages/airflow/example_dags/example_python_operator.py took 0.104 seconds
[2021-11-02 15:57:47,429] {processor.py:163} INFO - Started process (PID=179249) to work on /home/linuxadmin/.local/lib/python3.6/site-packages/airflow/example_dags/example_python_operator.py
[2021-11-02 15:57:47,430] {processor.py:620} INFO - Processing file /home/linuxadmin/.local/lib/python3.6/site-packages/airflow/example_dags/example_python_operator.py for tasks to queue
[2021-11-02 15:57:47,431] {logging_mixin.py:109} INFO - [2021-11-02 15:57:47,431] {dagbag.py:500} INFO - Filling up the DagBag from /home/linuxadmin/.local/lib/python3.6/site-packages/airflow/example_dags/example_python_operator.py
[2021-11-02 15:57:47,470] {processor.py:632} INFO - DAG(s) dict_keys(['example_python_operator']) retrieved from /home/linuxadmin/.local/lib/python3.6/site-packages/airflow/example_dags/example_python_operator.py
[2021-11-02 15:57:47,485] {logging_mixin.py:109} INFO - [2021-11-02 15:57:47,485] {dag.py:2389} INFO - Sync 1 DAGs
[2021-11-02 15:57:47,508] {logging_mixin.py:109} INFO - [2021-11-02 15:57:47,508] {dag.py:2921} INFO - Setting next_dagrun for example_python_operator to None
[2021-11-02 15:57:47,520] {processor.py:171} INFO - Processing /home/linuxadmin/.local/lib/python3.6/site-packages/airflow/example_dags/example_python_operator.py took 0.096 seconds
[2021-11-02 15:57:52,235] {processor.py:163} INFO - Started process (PID=179374) to work on /home/linuxadmin/.local/lib/python3.6/site-packages/airflow/example_dags/example_python_operator.py
[2021-11-02 15:57:52,237] {processor.py:620} INFO - Processing file /home/linuxadmin/.local/lib/python3.6/site-packages/airflow/example_dags/example_python_operator.py for tasks to queue
[2021-11-02 15:57:52,238] {logging_mixin.py:109} INFO - [2021-11-02 15:57:52,238] {dagbag.py:500} INFO - Filling up the DagBag from /home/linuxadmin/.local/lib/python3.6/site-packages/airflow/example_dags/example_python_operator.py
[2021-11-02 15:57:52,280] {processor.py:632} INFO - DAG(s) dict_keys(['example_python_operator']) retrieved from /home/linuxadmin/.local/lib/python3.6/site-packages/airflow/example_dags/example_python_operator.py
[2021-11-02 15:57:52,299] {logging_mixin.py:109} INFO - [2021-11-02 15:57:52,299] {dag.py:2389} INFO - Sync 1 DAGs
[2021-11-02 15:57:52,323] {logging_mixin.py:109} INFO - [2021-11-02 15:57:52,323] {dag.py:2921} INFO - Setting next_dagrun for example_python_operator to None
[2021-11-02 15:57:52,334] {processor.py:171} INFO - Processing /home/linuxadmin/.local/lib/python3.6/site-packages/airflow/example_dags/example_python_operator.py took 0.105 seconds
[2021-11-02 15:57:57,530] {processor.py:163} INFO - Started process (PID=179497) to work on /home/linuxadmin/.local/lib/python3.6/site-packages/airflow/example_dags/example_python_operator.py
[2021-11-02 15:57:57,531] {processor.py:620} INFO - Processing file /home/linuxadmin/.local/lib/python3.6/site-packages/airflow/example_dags/example_python_operator.py for tasks to queue
[2021-11-02 15:57:57,532] {logging_mixin.py:109} INFO - [2021-11-02 15:57:57,532] {dagbag.py:500} INFO - Filling up the DagBag from /home/linuxadmin/.local/lib/python3.6/site-packages/airflow/example_dags/example_python_operator.py
[2021-11-02 15:57:57,581] {processor.py:632} INFO - DAG(s) dict_keys(['example_python_operator']) retrieved from /home/linuxadmin/.local/lib/python3.6/site-packages/airflow/example_dags/example_python_operator.py
[2021-11-02 15:57:57,609] {logging_mixin.py:109} INFO - [2021-11-02 15:57:57,608] {dag.py:2389} INFO - Sync 1 DAGs
[2021-11-02 15:57:57,635] {logging_mixin.py:109} INFO - [2021-11-02 15:57:57,635] {dag.py:2921} INFO - Setting next_dagrun for example_python_operator to None
[2021-11-02 15:57:57,647] {processor.py:171} INFO - Processing /home/linuxadmin/.local/lib/python3.6/site-packages/airflow/example_dags/example_python_operator.py took 0.123 seconds
[2021-11-02 15:58:01,738] {processor.py:163} INFO - Started process (PID=179617) to work on /home/linuxadmin/.local/lib/python3.6/site-packages/airflow/example_dags/example_python_operator.py
[2021-11-02 15:58:01,739] {processor.py:620} INFO - Processing file /home/linuxadmin/.local/lib/python3.6/site-packages/airflow/example_dags/example_python_operator.py for tasks to queue
[2021-11-02 15:58:01,740] {logging_mixin.py:109} INFO - [2021-11-02 15:58:01,740] {dagbag.py:500} INFO - Filling up the DagBag from /home/linuxadmin/.local/lib/python3.6/site-packages/airflow/example_dags/example_python_operator.py
[2021-11-02 15:58:01,778] {processor.py:632} INFO - DAG(s) dict_keys(['example_python_operator']) retrieved from /home/linuxadmin/.local/lib/python3.6/site-packages/airflow/example_dags/example_python_operator.py
[2021-11-02 15:58:01,791] {logging_mixin.py:109} INFO - [2021-11-02 15:58:01,791] {dag.py:2389} INFO - Sync 1 DAGs
[2021-11-02 15:58:01,812] {logging_mixin.py:109} INFO - [2021-11-02 15:58:01,811] {dag.py:2921} INFO - Setting next_dagrun for example_python_operator to None
[2021-11-02 15:58:01,822] {processor.py:171} INFO - Processing /home/linuxadmin/.local/lib/python3.6/site-packages/airflow/example_dags/example_python_operator.py took 0.089 seconds
[2021-11-02 15:58:06,044] {processor.py:163} INFO - Started process (PID=179740) to work on /home/linuxadmin/.local/lib/python3.6/site-packages/airflow/example_dags/example_python_operator.py
[2021-11-02 15:58:06,046] {processor.py:620} INFO - Processing file /home/linuxadmin/.local/lib/python3.6/site-packages/airflow/example_dags/example_python_operator.py for tasks to queue
[2021-11-02 15:58:06,046] {logging_mixin.py:109} INFO - [2021-11-02 15:58:06,046] {dagbag.py:500} INFO - Filling up the DagBag from /home/linuxadmin/.local/lib/python3.6/site-packages/airflow/example_dags/example_python_operator.py
[2021-11-02 15:58:06,085] {processor.py:632} INFO - DAG(s) dict_keys(['example_python_operator']) retrieved from /home/linuxadmin/.local/lib/python3.6/site-packages/airflow/example_dags/example_python_operator.py
[2021-11-02 15:58:06,105] {logging_mixin.py:109} INFO - [2021-11-02 15:58:06,104] {dag.py:2389} INFO - Sync 1 DAGs
[2021-11-02 15:58:06,130] {logging_mixin.py:109} INFO - [2021-11-02 15:58:06,130] {dag.py:2921} INFO - Setting next_dagrun for example_python_operator to None
[2021-11-02 15:58:06,143] {processor.py:171} INFO - Processing /home/linuxadmin/.local/lib/python3.6/site-packages/airflow/example_dags/example_python_operator.py took 0.103 seconds
[2021-11-02 15:58:10,607] {processor.py:163} INFO - Started process (PID=179859) to work on /home/linuxadmin/.local/lib/python3.6/site-packages/airflow/example_dags/example_python_operator.py
[2021-11-02 15:58:10,609] {processor.py:620} INFO - Processing file /home/linuxadmin/.local/lib/python3.6/site-packages/airflow/example_dags/example_python_operator.py for tasks to queue
[2021-11-02 15:58:10,609] {logging_mixin.py:109} INFO - [2021-11-02 15:58:10,609] {dagbag.py:500} INFO - Filling up the DagBag from /home/linuxadmin/.local/lib/python3.6/site-packages/airflow/example_dags/example_python_operator.py
[2021-11-02 15:58:10,645] {processor.py:632} INFO - DAG(s) dict_keys(['example_python_operator']) retrieved from /home/linuxadmin/.local/lib/python3.6/site-packages/airflow/example_dags/example_python_operator.py
[2021-11-02 15:58:10,658] {logging_mixin.py:109} INFO - [2021-11-02 15:58:10,658] {dag.py:2389} INFO - Sync 1 DAGs
[2021-11-02 15:58:10,680] {logging_mixin.py:109} INFO - [2021-11-02 15:58:10,680] {dag.py:2921} INFO - Setting next_dagrun for example_python_operator to None
[2021-11-02 15:58:10,694] {processor.py:171} INFO - Processing /home/linuxadmin/.local/lib/python3.6/site-packages/airflow/example_dags/example_python_operator.py took 0.091 seconds
[2021-11-02 15:58:15,527] {processor.py:163} INFO - Started process (PID=179981) to work on /home/linuxadmin/.local/lib/python3.6/site-packages/airflow/example_dags/example_python_operator.py
[2021-11-02 15:58:15,529] {processor.py:620} INFO - Processing file /home/linuxadmin/.local/lib/python3.6/site-packages/airflow/example_dags/example_python_operator.py for tasks to queue
[2021-11-02 15:58:15,530] {logging_mixin.py:109} INFO - [2021-11-02 15:58:15,530] {dagbag.py:500} INFO - Filling up the DagBag from /home/linuxadmin/.local/lib/python3.6/site-packages/airflow/example_dags/example_python_operator.py
[2021-11-02 15:58:15,571] {processor.py:632} INFO - DAG(s) dict_keys(['example_python_operator']) retrieved from /home/linuxadmin/.local/lib/python3.6/site-packages/airflow/example_dags/example_python_operator.py
[2021-11-02 15:58:15,585] {logging_mixin.py:109} INFO - [2021-11-02 15:58:15,585] {dag.py:2389} INFO - Sync 1 DAGs
[2021-11-02 15:58:15,609] {logging_mixin.py:109} INFO - [2021-11-02 15:58:15,609] {dag.py:2921} INFO - Setting next_dagrun for example_python_operator to None
[2021-11-02 15:58:15,623] {processor.py:171} INFO - Processing /home/linuxadmin/.local/lib/python3.6/site-packages/airflow/example_dags/example_python_operator.py took 0.103 seconds
[2021-11-02 15:58:19,936] {processor.py:163} INFO - Started process (PID=180108) to work on /home/linuxadmin/.local/lib/python3.6/site-packages/airflow/example_dags/example_python_operator.py
[2021-11-02 15:58:19,939] {processor.py:620} INFO - Processing file /home/linuxadmin/.local/lib/python3.6/site-packages/airflow/example_dags/example_python_operator.py for tasks to queue
[2021-11-02 15:58:19,939] {logging_mixin.py:109} INFO - [2021-11-02 15:58:19,939] {dagbag.py:500} INFO - Filling up the DagBag from /home/linuxadmin/.local/lib/python3.6/site-packages/airflow/example_dags/example_python_operator.py
[2021-11-02 15:58:19,985] {processor.py:632} INFO - DAG(s) dict_keys(['example_python_operator']) retrieved from /home/linuxadmin/.local/lib/python3.6/site-packages/airflow/example_dags/example_python_operator.py
[2021-11-02 15:58:19,997] {logging_mixin.py:109} INFO - [2021-11-02 15:58:19,997] {dag.py:2389} INFO - Sync 1 DAGs
[2021-11-02 15:58:20,027] {logging_mixin.py:109} INFO - [2021-11-02 15:58:20,027] {dag.py:2921} INFO - Setting next_dagrun for example_python_operator to None
[2021-11-02 15:58:20,040] {processor.py:171} INFO - Processing /home/linuxadmin/.local/lib/python3.6/site-packages/airflow/example_dags/example_python_operator.py took 0.108 seconds
[2021-11-02 15:58:23,883] {processor.py:163} INFO - Started process (PID=180225) to work on /home/linuxadmin/.local/lib/python3.6/site-packages/airflow/example_dags/example_python_operator.py
[2021-11-02 15:58:23,884] {processor.py:620} INFO - Processing file /home/linuxadmin/.local/lib/python3.6/site-packages/airflow/example_dags/example_python_operator.py for tasks to queue
[2021-11-02 15:58:23,885] {logging_mixin.py:109} INFO - [2021-11-02 15:58:23,885] {dagbag.py:500} INFO - Filling up the DagBag from /home/linuxadmin/.local/lib/python3.6/site-packages/airflow/example_dags/example_python_operator.py
[2021-11-02 15:58:23,931] {processor.py:632} INFO - DAG(s) dict_keys(['example_python_operator']) retrieved from /home/linuxadmin/.local/lib/python3.6/site-packages/airflow/example_dags/example_python_operator.py
[2021-11-02 15:58:23,949] {logging_mixin.py:109} INFO - [2021-11-02 15:58:23,948] {dag.py:2389} INFO - Sync 1 DAGs
[2021-11-02 15:58:23,983] {logging_mixin.py:109} INFO - [2021-11-02 15:58:23,983] {dag.py:2921} INFO - Setting next_dagrun for example_python_operator to None
[2021-11-02 15:58:24,000] {processor.py:171} INFO - Processing /home/linuxadmin/.local/lib/python3.6/site-packages/airflow/example_dags/example_python_operator.py took 0.122 seconds
[2021-11-02 15:58:29,321] {processor.py:163} INFO - Started process (PID=180350) to work on /home/linuxadmin/.local/lib/python3.6/site-packages/airflow/example_dags/example_python_operator.py
[2021-11-02 15:58:29,322] {processor.py:620} INFO - Processing file /home/linuxadmin/.local/lib/python3.6/site-packages/airflow/example_dags/example_python_operator.py for tasks to queue
[2021-11-02 15:58:29,323] {logging_mixin.py:109} INFO - [2021-11-02 15:58:29,323] {dagbag.py:500} INFO - Filling up the DagBag from /home/linuxadmin/.local/lib/python3.6/site-packages/airflow/example_dags/example_python_operator.py
[2021-11-02 15:58:29,359] {processor.py:632} INFO - DAG(s) dict_keys(['example_python_operator']) retrieved from /home/linuxadmin/.local/lib/python3.6/site-packages/airflow/example_dags/example_python_operator.py
[2021-11-02 15:58:29,371] {logging_mixin.py:109} INFO - [2021-11-02 15:58:29,371] {dag.py:2389} INFO - Sync 1 DAGs
[2021-11-02 15:58:29,397] {logging_mixin.py:109} INFO - [2021-11-02 15:58:29,397] {dag.py:2921} INFO - Setting next_dagrun for example_python_operator to None
[2021-11-02 15:58:29,408] {processor.py:171} INFO - Processing /home/linuxadmin/.local/lib/python3.6/site-packages/airflow/example_dags/example_python_operator.py took 0.093 seconds
[2021-11-02 15:58:33,644] {processor.py:163} INFO - Started process (PID=180469) to work on /home/linuxadmin/.local/lib/python3.6/site-packages/airflow/example_dags/example_python_operator.py
[2021-11-02 15:58:33,645] {processor.py:620} INFO - Processing file /home/linuxadmin/.local/lib/python3.6/site-packages/airflow/example_dags/example_python_operator.py for tasks to queue
[2021-11-02 15:58:33,646] {logging_mixin.py:109} INFO - [2021-11-02 15:58:33,646] {dagbag.py:500} INFO - Filling up the DagBag from /home/linuxadmin/.local/lib/python3.6/site-packages/airflow/example_dags/example_python_operator.py
[2021-11-02 15:58:33,691] {processor.py:632} INFO - DAG(s) dict_keys(['example_python_operator']) retrieved from /home/linuxadmin/.local/lib/python3.6/site-packages/airflow/example_dags/example_python_operator.py
[2021-11-02 15:58:33,713] {logging_mixin.py:109} INFO - [2021-11-02 15:58:33,713] {dag.py:2389} INFO - Sync 1 DAGs
[2021-11-02 15:58:33,742] {logging_mixin.py:109} INFO - [2021-11-02 15:58:33,742] {dag.py:2921} INFO - Setting next_dagrun for example_python_operator to None
[2021-11-02 15:58:33,751] {processor.py:171} INFO - Processing /home/linuxadmin/.local/lib/python3.6/site-packages/airflow/example_dags/example_python_operator.py took 0.112 seconds
[2021-11-02 15:58:38,391] {processor.py:163} INFO - Started process (PID=180592) to work on /home/linuxadmin/.local/lib/python3.6/site-packages/airflow/example_dags/example_python_operator.py
[2021-11-02 15:58:38,392] {processor.py:620} INFO - Processing file /home/linuxadmin/.local/lib/python3.6/site-packages/airflow/example_dags/example_python_operator.py for tasks to queue
[2021-11-02 15:58:38,392] {logging_mixin.py:109} INFO - [2021-11-02 15:58:38,392] {dagbag.py:500} INFO - Filling up the DagBag from /home/linuxadmin/.local/lib/python3.6/site-packages/airflow/example_dags/example_python_operator.py
[2021-11-02 15:58:38,432] {processor.py:632} INFO - DAG(s) dict_keys(['example_python_operator']) retrieved from /home/linuxadmin/.local/lib/python3.6/site-packages/airflow/example_dags/example_python_operator.py
[2021-11-02 15:58:38,445] {logging_mixin.py:109} INFO - [2021-11-02 15:58:38,445] {dag.py:2389} INFO - Sync 1 DAGs
[2021-11-02 15:58:38,469] {logging_mixin.py:109} INFO - [2021-11-02 15:58:38,469] {dag.py:2921} INFO - Setting next_dagrun for example_python_operator to None
[2021-11-02 15:58:38,479] {processor.py:171} INFO - Processing /home/linuxadmin/.local/lib/python3.6/site-packages/airflow/example_dags/example_python_operator.py took 0.094 seconds
[2021-11-02 15:58:42,394] {processor.py:163} INFO - Started process (PID=180711) to work on /home/linuxadmin/.local/lib/python3.6/site-packages/airflow/example_dags/example_python_operator.py
[2021-11-02 15:58:42,396] {processor.py:620} INFO - Processing file /home/linuxadmin/.local/lib/python3.6/site-packages/airflow/example_dags/example_python_operator.py for tasks to queue
[2021-11-02 15:58:42,397] {logging_mixin.py:109} INFO - [2021-11-02 15:58:42,397] {dagbag.py:500} INFO - Filling up the DagBag from /home/linuxadmin/.local/lib/python3.6/site-packages/airflow/example_dags/example_python_operator.py
[2021-11-02 15:58:42,443] {processor.py:632} INFO - DAG(s) dict_keys(['example_python_operator']) retrieved from /home/linuxadmin/.local/lib/python3.6/site-packages/airflow/example_dags/example_python_operator.py
[2021-11-02 15:58:42,459] {logging_mixin.py:109} INFO - [2021-11-02 15:58:42,459] {dag.py:2389} INFO - Sync 1 DAGs
[2021-11-02 15:58:42,489] {logging_mixin.py:109} INFO - [2021-11-02 15:58:42,489] {dag.py:2921} INFO - Setting next_dagrun for example_python_operator to None
[2021-11-02 15:58:42,502] {processor.py:171} INFO - Processing /home/linuxadmin/.local/lib/python3.6/site-packages/airflow/example_dags/example_python_operator.py took 0.113 seconds
[2021-11-02 15:58:46,963] {processor.py:163} INFO - Started process (PID=180834) to work on /home/linuxadmin/.local/lib/python3.6/site-packages/airflow/example_dags/example_python_operator.py
[2021-11-02 15:58:46,965] {processor.py:620} INFO - Processing file /home/linuxadmin/.local/lib/python3.6/site-packages/airflow/example_dags/example_python_operator.py for tasks to queue
[2021-11-02 15:58:46,966] {logging_mixin.py:109} INFO - [2021-11-02 15:58:46,966] {dagbag.py:500} INFO - Filling up the DagBag from /home/linuxadmin/.local/lib/python3.6/site-packages/airflow/example_dags/example_python_operator.py
[2021-11-02 15:58:47,003] {processor.py:632} INFO - DAG(s) dict_keys(['example_python_operator']) retrieved from /home/linuxadmin/.local/lib/python3.6/site-packages/airflow/example_dags/example_python_operator.py
[2021-11-02 15:58:47,018] {logging_mixin.py:109} INFO - [2021-11-02 15:58:47,018] {dag.py:2389} INFO - Sync 1 DAGs
[2021-11-02 15:58:47,043] {logging_mixin.py:109} INFO - [2021-11-02 15:58:47,043] {dag.py:2921} INFO - Setting next_dagrun for example_python_operator to None
[2021-11-02 15:58:47,054] {processor.py:171} INFO - Processing /home/linuxadmin/.local/lib/python3.6/site-packages/airflow/example_dags/example_python_operator.py took 0.096 seconds
[2021-11-02 15:58:50,873] {processor.py:163} INFO - Started process (PID=180956) to work on /home/linuxadmin/.local/lib/python3.6/site-packages/airflow/example_dags/example_python_operator.py
[2021-11-02 15:58:50,874] {processor.py:620} INFO - Processing file /home/linuxadmin/.local/lib/python3.6/site-packages/airflow/example_dags/example_python_operator.py for tasks to queue
[2021-11-02 15:58:50,875] {logging_mixin.py:109} INFO - [2021-11-02 15:58:50,875] {dagbag.py:500} INFO - Filling up the DagBag from /home/linuxadmin/.local/lib/python3.6/site-packages/airflow/example_dags/example_python_operator.py
[2021-11-02 15:58:50,911] {processor.py:632} INFO - DAG(s) dict_keys(['example_python_operator']) retrieved from /home/linuxadmin/.local/lib/python3.6/site-packages/airflow/example_dags/example_python_operator.py
[2021-11-02 15:58:50,930] {logging_mixin.py:109} INFO - [2021-11-02 15:58:50,929] {dag.py:2389} INFO - Sync 1 DAGs
[2021-11-02 15:58:50,954] {logging_mixin.py:109} INFO - [2021-11-02 15:58:50,954] {dag.py:2921} INFO - Setting next_dagrun for example_python_operator to None
[2021-11-02 15:58:50,967] {processor.py:171} INFO - Processing /home/linuxadmin/.local/lib/python3.6/site-packages/airflow/example_dags/example_python_operator.py took 0.100 seconds
[2021-11-02 15:58:55,253] {processor.py:163} INFO - Started process (PID=181079) to work on /home/linuxadmin/.local/lib/python3.6/site-packages/airflow/example_dags/example_python_operator.py
[2021-11-02 15:58:55,255] {processor.py:620} INFO - Processing file /home/linuxadmin/.local/lib/python3.6/site-packages/airflow/example_dags/example_python_operator.py for tasks to queue
[2021-11-02 15:58:55,256] {logging_mixin.py:109} INFO - [2021-11-02 15:58:55,256] {dagbag.py:500} INFO - Filling up the DagBag from /home/linuxadmin/.local/lib/python3.6/site-packages/airflow/example_dags/example_python_operator.py
[2021-11-02 15:58:55,294] {processor.py:632} INFO - DAG(s) dict_keys(['example_python_operator']) retrieved from /home/linuxadmin/.local/lib/python3.6/site-packages/airflow/example_dags/example_python_operator.py
[2021-11-02 15:58:55,310] {logging_mixin.py:109} INFO - [2021-11-02 15:58:55,309] {dag.py:2389} INFO - Sync 1 DAGs
[2021-11-02 15:58:55,340] {logging_mixin.py:109} INFO - [2021-11-02 15:58:55,339] {dag.py:2921} INFO - Setting next_dagrun for example_python_operator to None
[2021-11-02 15:58:55,352] {processor.py:171} INFO - Processing /home/linuxadmin/.local/lib/python3.6/site-packages/airflow/example_dags/example_python_operator.py took 0.104 seconds
[2021-11-02 15:59:00,080] {processor.py:163} INFO - Started process (PID=181198) to work on /home/linuxadmin/.local/lib/python3.6/site-packages/airflow/example_dags/example_python_operator.py
[2021-11-02 15:59:00,082] {processor.py:620} INFO - Processing file /home/linuxadmin/.local/lib/python3.6/site-packages/airflow/example_dags/example_python_operator.py for tasks to queue
[2021-11-02 15:59:00,083] {logging_mixin.py:109} INFO - [2021-11-02 15:59:00,083] {dagbag.py:500} INFO - Filling up the DagBag from /home/linuxadmin/.local/lib/python3.6/site-packages/airflow/example_dags/example_python_operator.py
[2021-11-02 15:59:00,129] {processor.py:632} INFO - DAG(s) dict_keys(['example_python_operator']) retrieved from /home/linuxadmin/.local/lib/python3.6/site-packages/airflow/example_dags/example_python_operator.py
[2021-11-02 15:59:00,147] {logging_mixin.py:109} INFO - [2021-11-02 15:59:00,146] {dag.py:2389} INFO - Sync 1 DAGs
[2021-11-02 15:59:00,177] {logging_mixin.py:109} INFO - [2021-11-02 15:59:00,177] {dag.py:2921} INFO - Setting next_dagrun for example_python_operator to None
[2021-11-02 15:59:00,191] {processor.py:171} INFO - Processing /home/linuxadmin/.local/lib/python3.6/site-packages/airflow/example_dags/example_python_operator.py took 0.117 seconds
[2021-11-02 15:59:05,352] {processor.py:163} INFO - Started process (PID=181324) to work on /home/linuxadmin/.local/lib/python3.6/site-packages/airflow/example_dags/example_python_operator.py
[2021-11-02 15:59:05,353] {processor.py:620} INFO - Processing file /home/linuxadmin/.local/lib/python3.6/site-packages/airflow/example_dags/example_python_operator.py for tasks to queue
[2021-11-02 15:59:05,354] {logging_mixin.py:109} INFO - [2021-11-02 15:59:05,354] {dagbag.py:500} INFO - Filling up the DagBag from /home/linuxadmin/.local/lib/python3.6/site-packages/airflow/example_dags/example_python_operator.py
[2021-11-02 15:59:05,394] {processor.py:632} INFO - DAG(s) dict_keys(['example_python_operator']) retrieved from /home/linuxadmin/.local/lib/python3.6/site-packages/airflow/example_dags/example_python_operator.py
[2021-11-02 15:59:05,412] {logging_mixin.py:109} INFO - [2021-11-02 15:59:05,411] {dag.py:2389} INFO - Sync 1 DAGs
[2021-11-02 15:59:05,443] {logging_mixin.py:109} INFO - [2021-11-02 15:59:05,442] {dag.py:2921} INFO - Setting next_dagrun for example_python_operator to None
[2021-11-02 15:59:05,456] {processor.py:171} INFO - Processing /home/linuxadmin/.local/lib/python3.6/site-packages/airflow/example_dags/example_python_operator.py took 0.109 seconds
[2021-11-02 15:59:09,559] {processor.py:163} INFO - Started process (PID=181444) to work on /home/linuxadmin/.local/lib/python3.6/site-packages/airflow/example_dags/example_python_operator.py
[2021-11-02 15:59:09,560] {processor.py:620} INFO - Processing file /home/linuxadmin/.local/lib/python3.6/site-packages/airflow/example_dags/example_python_operator.py for tasks to queue
[2021-11-02 15:59:09,562] {logging_mixin.py:109} INFO - [2021-11-02 15:59:09,561] {dagbag.py:500} INFO - Filling up the DagBag from /home/linuxadmin/.local/lib/python3.6/site-packages/airflow/example_dags/example_python_operator.py
[2021-11-02 15:59:09,607] {processor.py:632} INFO - DAG(s) dict_keys(['example_python_operator']) retrieved from /home/linuxadmin/.local/lib/python3.6/site-packages/airflow/example_dags/example_python_operator.py
[2021-11-02 15:59:09,624] {logging_mixin.py:109} INFO - [2021-11-02 15:59:09,624] {dag.py:2389} INFO - Sync 1 DAGs
[2021-11-02 15:59:09,652] {logging_mixin.py:109} INFO - [2021-11-02 15:59:09,651] {dag.py:2921} INFO - Setting next_dagrun for example_python_operator to None
[2021-11-02 15:59:09,662] {processor.py:171} INFO - Processing /home/linuxadmin/.local/lib/python3.6/site-packages/airflow/example_dags/example_python_operator.py took 0.110 seconds
[2021-11-02 15:59:14,152] {processor.py:163} INFO - Started process (PID=181564) to work on /home/linuxadmin/.local/lib/python3.6/site-packages/airflow/example_dags/example_python_operator.py
[2021-11-02 15:59:14,153] {processor.py:620} INFO - Processing file /home/linuxadmin/.local/lib/python3.6/site-packages/airflow/example_dags/example_python_operator.py for tasks to queue
[2021-11-02 15:59:14,154] {logging_mixin.py:109} INFO - [2021-11-02 15:59:14,154] {dagbag.py:500} INFO - Filling up the DagBag from /home/linuxadmin/.local/lib/python3.6/site-packages/airflow/example_dags/example_python_operator.py
[2021-11-02 15:59:14,191] {processor.py:632} INFO - DAG(s) dict_keys(['example_python_operator']) retrieved from /home/linuxadmin/.local/lib/python3.6/site-packages/airflow/example_dags/example_python_operator.py
[2021-11-02 15:59:14,212] {logging_mixin.py:109} INFO - [2021-11-02 15:59:14,212] {dag.py:2389} INFO - Sync 1 DAGs
[2021-11-02 15:59:14,243] {logging_mixin.py:109} INFO - [2021-11-02 15:59:14,242] {dag.py:2921} INFO - Setting next_dagrun for example_python_operator to None
[2021-11-02 15:59:14,254] {processor.py:171} INFO - Processing /home/linuxadmin/.local/lib/python3.6/site-packages/airflow/example_dags/example_python_operator.py took 0.106 seconds
