[2021-11-02 15:55:18,973] {processor.py:163} INFO - Started process (PID=175237) to work on /home/linuxadmin/.local/lib/python3.6/site-packages/airflow/example_dags/example_short_circuit_operator.py
[2021-11-02 15:55:18,974] {processor.py:620} INFO - Processing file /home/linuxadmin/.local/lib/python3.6/site-packages/airflow/example_dags/example_short_circuit_operator.py for tasks to queue
[2021-11-02 15:55:18,975] {logging_mixin.py:109} INFO - [2021-11-02 15:55:18,975] {dagbag.py:500} INFO - Filling up the DagBag from /home/linuxadmin/.local/lib/python3.6/site-packages/airflow/example_dags/example_short_circuit_operator.py
[2021-11-02 15:55:19,010] {processor.py:632} INFO - DAG(s) dict_keys(['example_short_circuit_operator']) retrieved from /home/linuxadmin/.local/lib/python3.6/site-packages/airflow/example_dags/example_short_circuit_operator.py
[2021-11-02 15:55:19,023] {logging_mixin.py:109} INFO - [2021-11-02 15:55:19,022] {dag.py:2389} INFO - Sync 1 DAGs
[2021-11-02 15:55:19,046] {logging_mixin.py:109} INFO - [2021-11-02 15:55:19,046] {dag.py:2921} INFO - Setting next_dagrun for example_short_circuit_operator to 2021-11-01T10:25:19.045719+00:00
[2021-11-02 15:55:19,059] {processor.py:171} INFO - Processing /home/linuxadmin/.local/lib/python3.6/site-packages/airflow/example_dags/example_short_circuit_operator.py took 0.090 seconds
[2021-11-02 15:55:23,552] {processor.py:163} INFO - Started process (PID=175361) to work on /home/linuxadmin/.local/lib/python3.6/site-packages/airflow/example_dags/example_short_circuit_operator.py
[2021-11-02 15:55:23,553] {processor.py:620} INFO - Processing file /home/linuxadmin/.local/lib/python3.6/site-packages/airflow/example_dags/example_short_circuit_operator.py for tasks to queue
[2021-11-02 15:55:23,554] {logging_mixin.py:109} INFO - [2021-11-02 15:55:23,554] {dagbag.py:500} INFO - Filling up the DagBag from /home/linuxadmin/.local/lib/python3.6/site-packages/airflow/example_dags/example_short_circuit_operator.py
[2021-11-02 15:55:23,591] {processor.py:632} INFO - DAG(s) dict_keys(['example_short_circuit_operator']) retrieved from /home/linuxadmin/.local/lib/python3.6/site-packages/airflow/example_dags/example_short_circuit_operator.py
[2021-11-02 15:55:23,604] {logging_mixin.py:109} INFO - [2021-11-02 15:55:23,604] {dag.py:2389} INFO - Sync 1 DAGs
[2021-11-02 15:55:23,628] {logging_mixin.py:109} INFO - [2021-11-02 15:55:23,628] {dag.py:2921} INFO - Setting next_dagrun for example_short_circuit_operator to 2021-11-01T10:25:23.627742+00:00
[2021-11-02 15:55:23,639] {processor.py:171} INFO - Processing /home/linuxadmin/.local/lib/python3.6/site-packages/airflow/example_dags/example_short_circuit_operator.py took 0.092 seconds
[2021-11-02 15:55:27,739] {processor.py:163} INFO - Started process (PID=175480) to work on /home/linuxadmin/.local/lib/python3.6/site-packages/airflow/example_dags/example_short_circuit_operator.py
[2021-11-02 15:55:27,740] {processor.py:620} INFO - Processing file /home/linuxadmin/.local/lib/python3.6/site-packages/airflow/example_dags/example_short_circuit_operator.py for tasks to queue
[2021-11-02 15:55:27,741] {logging_mixin.py:109} INFO - [2021-11-02 15:55:27,741] {dagbag.py:500} INFO - Filling up the DagBag from /home/linuxadmin/.local/lib/python3.6/site-packages/airflow/example_dags/example_short_circuit_operator.py
[2021-11-02 15:55:27,784] {processor.py:632} INFO - DAG(s) dict_keys(['example_short_circuit_operator']) retrieved from /home/linuxadmin/.local/lib/python3.6/site-packages/airflow/example_dags/example_short_circuit_operator.py
[2021-11-02 15:55:27,800] {logging_mixin.py:109} INFO - [2021-11-02 15:55:27,800] {dag.py:2389} INFO - Sync 1 DAGs
[2021-11-02 15:55:27,827] {logging_mixin.py:109} INFO - [2021-11-02 15:55:27,827] {dag.py:2921} INFO - Setting next_dagrun for example_short_circuit_operator to 2021-11-01T10:25:27.827266+00:00
[2021-11-02 15:55:27,841] {processor.py:171} INFO - Processing /home/linuxadmin/.local/lib/python3.6/site-packages/airflow/example_dags/example_short_circuit_operator.py took 0.108 seconds
[2021-11-02 15:55:32,261] {processor.py:163} INFO - Started process (PID=175603) to work on /home/linuxadmin/.local/lib/python3.6/site-packages/airflow/example_dags/example_short_circuit_operator.py
[2021-11-02 15:55:32,263] {processor.py:620} INFO - Processing file /home/linuxadmin/.local/lib/python3.6/site-packages/airflow/example_dags/example_short_circuit_operator.py for tasks to queue
[2021-11-02 15:55:32,264] {logging_mixin.py:109} INFO - [2021-11-02 15:55:32,264] {dagbag.py:500} INFO - Filling up the DagBag from /home/linuxadmin/.local/lib/python3.6/site-packages/airflow/example_dags/example_short_circuit_operator.py
[2021-11-02 15:55:32,308] {processor.py:632} INFO - DAG(s) dict_keys(['example_short_circuit_operator']) retrieved from /home/linuxadmin/.local/lib/python3.6/site-packages/airflow/example_dags/example_short_circuit_operator.py
[2021-11-02 15:55:32,326] {logging_mixin.py:109} INFO - [2021-11-02 15:55:32,325] {dag.py:2389} INFO - Sync 1 DAGs
[2021-11-02 15:55:32,351] {logging_mixin.py:109} INFO - [2021-11-02 15:55:32,351] {dag.py:2921} INFO - Setting next_dagrun for example_short_circuit_operator to 2021-11-01T10:25:32.351085+00:00
[2021-11-02 15:55:32,363] {processor.py:171} INFO - Processing /home/linuxadmin/.local/lib/python3.6/site-packages/airflow/example_dags/example_short_circuit_operator.py took 0.108 seconds
[2021-11-02 15:55:36,848] {processor.py:163} INFO - Started process (PID=175723) to work on /home/linuxadmin/.local/lib/python3.6/site-packages/airflow/example_dags/example_short_circuit_operator.py
[2021-11-02 15:55:36,849] {processor.py:620} INFO - Processing file /home/linuxadmin/.local/lib/python3.6/site-packages/airflow/example_dags/example_short_circuit_operator.py for tasks to queue
[2021-11-02 15:55:36,850] {logging_mixin.py:109} INFO - [2021-11-02 15:55:36,850] {dagbag.py:500} INFO - Filling up the DagBag from /home/linuxadmin/.local/lib/python3.6/site-packages/airflow/example_dags/example_short_circuit_operator.py
[2021-11-02 15:55:36,896] {processor.py:632} INFO - DAG(s) dict_keys(['example_short_circuit_operator']) retrieved from /home/linuxadmin/.local/lib/python3.6/site-packages/airflow/example_dags/example_short_circuit_operator.py
[2021-11-02 15:55:36,916] {logging_mixin.py:109} INFO - [2021-11-02 15:55:36,915] {dag.py:2389} INFO - Sync 1 DAGs
[2021-11-02 15:55:36,942] {logging_mixin.py:109} INFO - [2021-11-02 15:55:36,942] {dag.py:2921} INFO - Setting next_dagrun for example_short_circuit_operator to 2021-11-01T10:25:36.942292+00:00
[2021-11-02 15:55:36,956] {processor.py:171} INFO - Processing /home/linuxadmin/.local/lib/python3.6/site-packages/airflow/example_dags/example_short_circuit_operator.py took 0.114 seconds
[2021-11-02 15:55:41,304] {processor.py:163} INFO - Started process (PID=175845) to work on /home/linuxadmin/.local/lib/python3.6/site-packages/airflow/example_dags/example_short_circuit_operator.py
[2021-11-02 15:55:41,306] {processor.py:620} INFO - Processing file /home/linuxadmin/.local/lib/python3.6/site-packages/airflow/example_dags/example_short_circuit_operator.py for tasks to queue
[2021-11-02 15:55:41,307] {logging_mixin.py:109} INFO - [2021-11-02 15:55:41,307] {dagbag.py:500} INFO - Filling up the DagBag from /home/linuxadmin/.local/lib/python3.6/site-packages/airflow/example_dags/example_short_circuit_operator.py
[2021-11-02 15:55:41,351] {processor.py:632} INFO - DAG(s) dict_keys(['example_short_circuit_operator']) retrieved from /home/linuxadmin/.local/lib/python3.6/site-packages/airflow/example_dags/example_short_circuit_operator.py
[2021-11-02 15:55:41,363] {logging_mixin.py:109} INFO - [2021-11-02 15:55:41,363] {dag.py:2389} INFO - Sync 1 DAGs
[2021-11-02 15:55:41,383] {logging_mixin.py:109} INFO - [2021-11-02 15:55:41,383] {dag.py:2921} INFO - Setting next_dagrun for example_short_circuit_operator to 2021-11-01T10:25:41.382970+00:00
[2021-11-02 15:55:41,393] {processor.py:171} INFO - Processing /home/linuxadmin/.local/lib/python3.6/site-packages/airflow/example_dags/example_short_circuit_operator.py took 0.096 seconds
[2021-11-02 15:55:45,211] {processor.py:163} INFO - Started process (PID=175964) to work on /home/linuxadmin/.local/lib/python3.6/site-packages/airflow/example_dags/example_short_circuit_operator.py
[2021-11-02 15:55:45,212] {processor.py:620} INFO - Processing file /home/linuxadmin/.local/lib/python3.6/site-packages/airflow/example_dags/example_short_circuit_operator.py for tasks to queue
[2021-11-02 15:55:45,213] {logging_mixin.py:109} INFO - [2021-11-02 15:55:45,213] {dagbag.py:500} INFO - Filling up the DagBag from /home/linuxadmin/.local/lib/python3.6/site-packages/airflow/example_dags/example_short_circuit_operator.py
[2021-11-02 15:55:45,249] {processor.py:632} INFO - DAG(s) dict_keys(['example_short_circuit_operator']) retrieved from /home/linuxadmin/.local/lib/python3.6/site-packages/airflow/example_dags/example_short_circuit_operator.py
[2021-11-02 15:55:45,265] {logging_mixin.py:109} INFO - [2021-11-02 15:55:45,264] {dag.py:2389} INFO - Sync 1 DAGs
[2021-11-02 15:55:45,291] {logging_mixin.py:109} INFO - [2021-11-02 15:55:45,291] {dag.py:2921} INFO - Setting next_dagrun for example_short_circuit_operator to 2021-11-01T10:25:45.290880+00:00
[2021-11-02 15:55:45,305] {processor.py:171} INFO - Processing /home/linuxadmin/.local/lib/python3.6/site-packages/airflow/example_dags/example_short_circuit_operator.py took 0.098 seconds
[2021-11-02 15:55:50,289] {processor.py:163} INFO - Started process (PID=176089) to work on /home/linuxadmin/.local/lib/python3.6/site-packages/airflow/example_dags/example_short_circuit_operator.py
[2021-11-02 15:55:50,290] {processor.py:620} INFO - Processing file /home/linuxadmin/.local/lib/python3.6/site-packages/airflow/example_dags/example_short_circuit_operator.py for tasks to queue
[2021-11-02 15:55:50,291] {logging_mixin.py:109} INFO - [2021-11-02 15:55:50,291] {dagbag.py:500} INFO - Filling up the DagBag from /home/linuxadmin/.local/lib/python3.6/site-packages/airflow/example_dags/example_short_circuit_operator.py
[2021-11-02 15:55:50,333] {processor.py:632} INFO - DAG(s) dict_keys(['example_short_circuit_operator']) retrieved from /home/linuxadmin/.local/lib/python3.6/site-packages/airflow/example_dags/example_short_circuit_operator.py
[2021-11-02 15:55:50,348] {logging_mixin.py:109} INFO - [2021-11-02 15:55:50,348] {dag.py:2389} INFO - Sync 1 DAGs
[2021-11-02 15:55:50,375] {logging_mixin.py:109} INFO - [2021-11-02 15:55:50,375] {dag.py:2921} INFO - Setting next_dagrun for example_short_circuit_operator to 2021-11-01T10:25:50.375031+00:00
[2021-11-02 15:55:50,389] {processor.py:171} INFO - Processing /home/linuxadmin/.local/lib/python3.6/site-packages/airflow/example_dags/example_short_circuit_operator.py took 0.104 seconds
[2021-11-02 15:55:54,630] {processor.py:163} INFO - Started process (PID=176207) to work on /home/linuxadmin/.local/lib/python3.6/site-packages/airflow/example_dags/example_short_circuit_operator.py
[2021-11-02 15:55:54,633] {processor.py:620} INFO - Processing file /home/linuxadmin/.local/lib/python3.6/site-packages/airflow/example_dags/example_short_circuit_operator.py for tasks to queue
[2021-11-02 15:55:54,633] {logging_mixin.py:109} INFO - [2021-11-02 15:55:54,633] {dagbag.py:500} INFO - Filling up the DagBag from /home/linuxadmin/.local/lib/python3.6/site-packages/airflow/example_dags/example_short_circuit_operator.py
[2021-11-02 15:55:54,673] {processor.py:632} INFO - DAG(s) dict_keys(['example_short_circuit_operator']) retrieved from /home/linuxadmin/.local/lib/python3.6/site-packages/airflow/example_dags/example_short_circuit_operator.py
[2021-11-02 15:55:54,691] {logging_mixin.py:109} INFO - [2021-11-02 15:55:54,690] {dag.py:2389} INFO - Sync 1 DAGs
[2021-11-02 15:55:54,719] {logging_mixin.py:109} INFO - [2021-11-02 15:55:54,719] {dag.py:2921} INFO - Setting next_dagrun for example_short_circuit_operator to 2021-11-01T10:25:54.719153+00:00
[2021-11-02 15:55:54,733] {processor.py:171} INFO - Processing /home/linuxadmin/.local/lib/python3.6/site-packages/airflow/example_dags/example_short_circuit_operator.py took 0.108 seconds
[2021-11-02 15:55:59,429] {processor.py:163} INFO - Started process (PID=176330) to work on /home/linuxadmin/.local/lib/python3.6/site-packages/airflow/example_dags/example_short_circuit_operator.py
[2021-11-02 15:55:59,430] {processor.py:620} INFO - Processing file /home/linuxadmin/.local/lib/python3.6/site-packages/airflow/example_dags/example_short_circuit_operator.py for tasks to queue
[2021-11-02 15:55:59,431] {logging_mixin.py:109} INFO - [2021-11-02 15:55:59,431] {dagbag.py:500} INFO - Filling up the DagBag from /home/linuxadmin/.local/lib/python3.6/site-packages/airflow/example_dags/example_short_circuit_operator.py
[2021-11-02 15:55:59,473] {processor.py:632} INFO - DAG(s) dict_keys(['example_short_circuit_operator']) retrieved from /home/linuxadmin/.local/lib/python3.6/site-packages/airflow/example_dags/example_short_circuit_operator.py
[2021-11-02 15:55:59,486] {logging_mixin.py:109} INFO - [2021-11-02 15:55:59,486] {dag.py:2389} INFO - Sync 1 DAGs
[2021-11-02 15:55:59,508] {logging_mixin.py:109} INFO - [2021-11-02 15:55:59,507] {dag.py:2921} INFO - Setting next_dagrun for example_short_circuit_operator to 2021-11-01T10:25:59.507639+00:00
[2021-11-02 15:55:59,519] {processor.py:171} INFO - Processing /home/linuxadmin/.local/lib/python3.6/site-packages/airflow/example_dags/example_short_circuit_operator.py took 0.095 seconds
[2021-11-02 15:56:03,779] {processor.py:163} INFO - Started process (PID=176447) to work on /home/linuxadmin/.local/lib/python3.6/site-packages/airflow/example_dags/example_short_circuit_operator.py
[2021-11-02 15:56:03,780] {processor.py:620} INFO - Processing file /home/linuxadmin/.local/lib/python3.6/site-packages/airflow/example_dags/example_short_circuit_operator.py for tasks to queue
[2021-11-02 15:56:03,781] {logging_mixin.py:109} INFO - [2021-11-02 15:56:03,781] {dagbag.py:500} INFO - Filling up the DagBag from /home/linuxadmin/.local/lib/python3.6/site-packages/airflow/example_dags/example_short_circuit_operator.py
[2021-11-02 15:56:03,819] {processor.py:632} INFO - DAG(s) dict_keys(['example_short_circuit_operator']) retrieved from /home/linuxadmin/.local/lib/python3.6/site-packages/airflow/example_dags/example_short_circuit_operator.py
[2021-11-02 15:56:03,837] {logging_mixin.py:109} INFO - [2021-11-02 15:56:03,836] {dag.py:2389} INFO - Sync 1 DAGs
[2021-11-02 15:56:03,864] {logging_mixin.py:109} INFO - [2021-11-02 15:56:03,864] {dag.py:2921} INFO - Setting next_dagrun for example_short_circuit_operator to 2021-11-01T10:26:03.863886+00:00
[2021-11-02 15:56:03,878] {processor.py:171} INFO - Processing /home/linuxadmin/.local/lib/python3.6/site-packages/airflow/example_dags/example_short_circuit_operator.py took 0.103 seconds
[2021-11-02 15:56:08,659] {processor.py:163} INFO - Started process (PID=176572) to work on /home/linuxadmin/.local/lib/python3.6/site-packages/airflow/example_dags/example_short_circuit_operator.py
[2021-11-02 15:56:08,660] {processor.py:620} INFO - Processing file /home/linuxadmin/.local/lib/python3.6/site-packages/airflow/example_dags/example_short_circuit_operator.py for tasks to queue
[2021-11-02 15:56:08,661] {logging_mixin.py:109} INFO - [2021-11-02 15:56:08,661] {dagbag.py:500} INFO - Filling up the DagBag from /home/linuxadmin/.local/lib/python3.6/site-packages/airflow/example_dags/example_short_circuit_operator.py
[2021-11-02 15:56:08,698] {processor.py:632} INFO - DAG(s) dict_keys(['example_short_circuit_operator']) retrieved from /home/linuxadmin/.local/lib/python3.6/site-packages/airflow/example_dags/example_short_circuit_operator.py
[2021-11-02 15:56:08,715] {logging_mixin.py:109} INFO - [2021-11-02 15:56:08,715] {dag.py:2389} INFO - Sync 1 DAGs
[2021-11-02 15:56:08,743] {logging_mixin.py:109} INFO - [2021-11-02 15:56:08,743] {dag.py:2921} INFO - Setting next_dagrun for example_short_circuit_operator to 2021-11-01T10:26:08.743339+00:00
[2021-11-02 15:56:08,757] {processor.py:171} INFO - Processing /home/linuxadmin/.local/lib/python3.6/site-packages/airflow/example_dags/example_short_circuit_operator.py took 0.102 seconds
[2021-11-02 15:56:13,374] {processor.py:163} INFO - Started process (PID=176695) to work on /home/linuxadmin/.local/lib/python3.6/site-packages/airflow/example_dags/example_short_circuit_operator.py
[2021-11-02 15:56:13,376] {processor.py:620} INFO - Processing file /home/linuxadmin/.local/lib/python3.6/site-packages/airflow/example_dags/example_short_circuit_operator.py for tasks to queue
[2021-11-02 15:56:13,377] {logging_mixin.py:109} INFO - [2021-11-02 15:56:13,377] {dagbag.py:500} INFO - Filling up the DagBag from /home/linuxadmin/.local/lib/python3.6/site-packages/airflow/example_dags/example_short_circuit_operator.py
[2021-11-02 15:56:13,422] {processor.py:632} INFO - DAG(s) dict_keys(['example_short_circuit_operator']) retrieved from /home/linuxadmin/.local/lib/python3.6/site-packages/airflow/example_dags/example_short_circuit_operator.py
[2021-11-02 15:56:13,438] {logging_mixin.py:109} INFO - [2021-11-02 15:56:13,437] {dag.py:2389} INFO - Sync 1 DAGs
[2021-11-02 15:56:13,460] {logging_mixin.py:109} INFO - [2021-11-02 15:56:13,460] {dag.py:2921} INFO - Setting next_dagrun for example_short_circuit_operator to 2021-11-01T10:26:13.460059+00:00
[2021-11-02 15:56:13,471] {processor.py:171} INFO - Processing /home/linuxadmin/.local/lib/python3.6/site-packages/airflow/example_dags/example_short_circuit_operator.py took 0.103 seconds
[2021-11-02 15:56:17,564] {processor.py:163} INFO - Started process (PID=176813) to work on /home/linuxadmin/.local/lib/python3.6/site-packages/airflow/example_dags/example_short_circuit_operator.py
[2021-11-02 15:56:17,565] {processor.py:620} INFO - Processing file /home/linuxadmin/.local/lib/python3.6/site-packages/airflow/example_dags/example_short_circuit_operator.py for tasks to queue
[2021-11-02 15:56:17,566] {logging_mixin.py:109} INFO - [2021-11-02 15:56:17,566] {dagbag.py:500} INFO - Filling up the DagBag from /home/linuxadmin/.local/lib/python3.6/site-packages/airflow/example_dags/example_short_circuit_operator.py
[2021-11-02 15:56:17,611] {processor.py:632} INFO - DAG(s) dict_keys(['example_short_circuit_operator']) retrieved from /home/linuxadmin/.local/lib/python3.6/site-packages/airflow/example_dags/example_short_circuit_operator.py
[2021-11-02 15:56:17,631] {logging_mixin.py:109} INFO - [2021-11-02 15:56:17,631] {dag.py:2389} INFO - Sync 1 DAGs
[2021-11-02 15:56:17,657] {logging_mixin.py:109} INFO - [2021-11-02 15:56:17,656] {dag.py:2921} INFO - Setting next_dagrun for example_short_circuit_operator to 2021-11-01T10:26:17.656670+00:00
[2021-11-02 15:56:17,668] {processor.py:171} INFO - Processing /home/linuxadmin/.local/lib/python3.6/site-packages/airflow/example_dags/example_short_circuit_operator.py took 0.110 seconds
[2021-11-02 15:56:22,787] {processor.py:163} INFO - Started process (PID=176939) to work on /home/linuxadmin/.local/lib/python3.6/site-packages/airflow/example_dags/example_short_circuit_operator.py
[2021-11-02 15:56:22,789] {processor.py:620} INFO - Processing file /home/linuxadmin/.local/lib/python3.6/site-packages/airflow/example_dags/example_short_circuit_operator.py for tasks to queue
[2021-11-02 15:56:22,790] {logging_mixin.py:109} INFO - [2021-11-02 15:56:22,789] {dagbag.py:500} INFO - Filling up the DagBag from /home/linuxadmin/.local/lib/python3.6/site-packages/airflow/example_dags/example_short_circuit_operator.py
[2021-11-02 15:56:22,836] {processor.py:632} INFO - DAG(s) dict_keys(['example_short_circuit_operator']) retrieved from /home/linuxadmin/.local/lib/python3.6/site-packages/airflow/example_dags/example_short_circuit_operator.py
[2021-11-02 15:56:22,851] {logging_mixin.py:109} INFO - [2021-11-02 15:56:22,851] {dag.py:2389} INFO - Sync 1 DAGs
[2021-11-02 15:56:22,877] {logging_mixin.py:109} INFO - [2021-11-02 15:56:22,877] {dag.py:2921} INFO - Setting next_dagrun for example_short_circuit_operator to 2021-11-01T10:26:22.877155+00:00
[2021-11-02 15:56:22,888] {processor.py:171} INFO - Processing /home/linuxadmin/.local/lib/python3.6/site-packages/airflow/example_dags/example_short_circuit_operator.py took 0.107 seconds
[2021-11-02 15:56:27,043] {processor.py:163} INFO - Started process (PID=177055) to work on /home/linuxadmin/.local/lib/python3.6/site-packages/airflow/example_dags/example_short_circuit_operator.py
[2021-11-02 15:56:27,044] {processor.py:620} INFO - Processing file /home/linuxadmin/.local/lib/python3.6/site-packages/airflow/example_dags/example_short_circuit_operator.py for tasks to queue
[2021-11-02 15:56:27,045] {logging_mixin.py:109} INFO - [2021-11-02 15:56:27,044] {dagbag.py:500} INFO - Filling up the DagBag from /home/linuxadmin/.local/lib/python3.6/site-packages/airflow/example_dags/example_short_circuit_operator.py
[2021-11-02 15:56:27,081] {processor.py:632} INFO - DAG(s) dict_keys(['example_short_circuit_operator']) retrieved from /home/linuxadmin/.local/lib/python3.6/site-packages/airflow/example_dags/example_short_circuit_operator.py
[2021-11-02 15:56:27,097] {logging_mixin.py:109} INFO - [2021-11-02 15:56:27,097] {dag.py:2389} INFO - Sync 1 DAGs
[2021-11-02 15:56:27,125] {logging_mixin.py:109} INFO - [2021-11-02 15:56:27,125] {dag.py:2921} INFO - Setting next_dagrun for example_short_circuit_operator to 2021-11-01T10:26:27.125406+00:00
[2021-11-02 15:56:27,139] {processor.py:171} INFO - Processing /home/linuxadmin/.local/lib/python3.6/site-packages/airflow/example_dags/example_short_circuit_operator.py took 0.101 seconds
[2021-11-02 15:56:31,571] {processor.py:163} INFO - Started process (PID=177179) to work on /home/linuxadmin/.local/lib/python3.6/site-packages/airflow/example_dags/example_short_circuit_operator.py
[2021-11-02 15:56:31,574] {processor.py:620} INFO - Processing file /home/linuxadmin/.local/lib/python3.6/site-packages/airflow/example_dags/example_short_circuit_operator.py for tasks to queue
[2021-11-02 15:56:31,574] {logging_mixin.py:109} INFO - [2021-11-02 15:56:31,574] {dagbag.py:500} INFO - Filling up the DagBag from /home/linuxadmin/.local/lib/python3.6/site-packages/airflow/example_dags/example_short_circuit_operator.py
[2021-11-02 15:56:31,612] {processor.py:632} INFO - DAG(s) dict_keys(['example_short_circuit_operator']) retrieved from /home/linuxadmin/.local/lib/python3.6/site-packages/airflow/example_dags/example_short_circuit_operator.py
[2021-11-02 15:56:31,630] {logging_mixin.py:109} INFO - [2021-11-02 15:56:31,630] {dag.py:2389} INFO - Sync 1 DAGs
[2021-11-02 15:56:31,657] {logging_mixin.py:109} INFO - [2021-11-02 15:56:31,657] {dag.py:2921} INFO - Setting next_dagrun for example_short_circuit_operator to 2021-11-01T10:26:31.656988+00:00
[2021-11-02 15:56:31,670] {processor.py:171} INFO - Processing /home/linuxadmin/.local/lib/python3.6/site-packages/airflow/example_dags/example_short_circuit_operator.py took 0.103 seconds
[2021-11-02 15:56:35,490] {processor.py:163} INFO - Started process (PID=177298) to work on /home/linuxadmin/.local/lib/python3.6/site-packages/airflow/example_dags/example_short_circuit_operator.py
[2021-11-02 15:56:35,491] {processor.py:620} INFO - Processing file /home/linuxadmin/.local/lib/python3.6/site-packages/airflow/example_dags/example_short_circuit_operator.py for tasks to queue
[2021-11-02 15:56:35,491] {logging_mixin.py:109} INFO - [2021-11-02 15:56:35,491] {dagbag.py:500} INFO - Filling up the DagBag from /home/linuxadmin/.local/lib/python3.6/site-packages/airflow/example_dags/example_short_circuit_operator.py
[2021-11-02 15:56:35,527] {processor.py:632} INFO - DAG(s) dict_keys(['example_short_circuit_operator']) retrieved from /home/linuxadmin/.local/lib/python3.6/site-packages/airflow/example_dags/example_short_circuit_operator.py
[2021-11-02 15:56:35,541] {logging_mixin.py:109} INFO - [2021-11-02 15:56:35,541] {dag.py:2389} INFO - Sync 1 DAGs
[2021-11-02 15:56:35,565] {logging_mixin.py:109} INFO - [2021-11-02 15:56:35,565] {dag.py:2921} INFO - Setting next_dagrun for example_short_circuit_operator to 2021-11-01T10:26:35.564871+00:00
[2021-11-02 15:56:35,577] {processor.py:171} INFO - Processing /home/linuxadmin/.local/lib/python3.6/site-packages/airflow/example_dags/example_short_circuit_operator.py took 0.092 seconds
[2021-11-02 15:56:39,850] {processor.py:163} INFO - Started process (PID=177419) to work on /home/linuxadmin/.local/lib/python3.6/site-packages/airflow/example_dags/example_short_circuit_operator.py
[2021-11-02 15:56:39,852] {processor.py:620} INFO - Processing file /home/linuxadmin/.local/lib/python3.6/site-packages/airflow/example_dags/example_short_circuit_operator.py for tasks to queue
[2021-11-02 15:56:39,853] {logging_mixin.py:109} INFO - [2021-11-02 15:56:39,852] {dagbag.py:500} INFO - Filling up the DagBag from /home/linuxadmin/.local/lib/python3.6/site-packages/airflow/example_dags/example_short_circuit_operator.py
[2021-11-02 15:56:39,891] {processor.py:632} INFO - DAG(s) dict_keys(['example_short_circuit_operator']) retrieved from /home/linuxadmin/.local/lib/python3.6/site-packages/airflow/example_dags/example_short_circuit_operator.py
[2021-11-02 15:56:39,911] {logging_mixin.py:109} INFO - [2021-11-02 15:56:39,911] {dag.py:2389} INFO - Sync 1 DAGs
[2021-11-02 15:56:39,939] {logging_mixin.py:109} INFO - [2021-11-02 15:56:39,938] {dag.py:2921} INFO - Setting next_dagrun for example_short_circuit_operator to 2021-11-01T10:26:39.938494+00:00
[2021-11-02 15:56:39,951] {processor.py:171} INFO - Processing /home/linuxadmin/.local/lib/python3.6/site-packages/airflow/example_dags/example_short_circuit_operator.py took 0.106 seconds
[2021-11-02 15:56:43,811] {processor.py:163} INFO - Started process (PID=177537) to work on /home/linuxadmin/.local/lib/python3.6/site-packages/airflow/example_dags/example_short_circuit_operator.py
[2021-11-02 15:56:43,812] {processor.py:620} INFO - Processing file /home/linuxadmin/.local/lib/python3.6/site-packages/airflow/example_dags/example_short_circuit_operator.py for tasks to queue
[2021-11-02 15:56:43,812] {logging_mixin.py:109} INFO - [2021-11-02 15:56:43,812] {dagbag.py:500} INFO - Filling up the DagBag from /home/linuxadmin/.local/lib/python3.6/site-packages/airflow/example_dags/example_short_circuit_operator.py
[2021-11-02 15:56:43,854] {processor.py:632} INFO - DAG(s) dict_keys(['example_short_circuit_operator']) retrieved from /home/linuxadmin/.local/lib/python3.6/site-packages/airflow/example_dags/example_short_circuit_operator.py
[2021-11-02 15:56:43,867] {logging_mixin.py:109} INFO - [2021-11-02 15:56:43,866] {dag.py:2389} INFO - Sync 1 DAGs
[2021-11-02 15:56:43,888] {logging_mixin.py:109} INFO - [2021-11-02 15:56:43,888] {dag.py:2921} INFO - Setting next_dagrun for example_short_circuit_operator to 2021-11-01T10:26:43.887678+00:00
[2021-11-02 15:56:43,899] {processor.py:171} INFO - Processing /home/linuxadmin/.local/lib/python3.6/site-packages/airflow/example_dags/example_short_circuit_operator.py took 0.093 seconds
[2021-11-02 15:56:48,203] {processor.py:163} INFO - Started process (PID=177663) to work on /home/linuxadmin/.local/lib/python3.6/site-packages/airflow/example_dags/example_short_circuit_operator.py
[2021-11-02 15:56:48,204] {processor.py:620} INFO - Processing file /home/linuxadmin/.local/lib/python3.6/site-packages/airflow/example_dags/example_short_circuit_operator.py for tasks to queue
[2021-11-02 15:56:48,205] {logging_mixin.py:109} INFO - [2021-11-02 15:56:48,205] {dagbag.py:500} INFO - Filling up the DagBag from /home/linuxadmin/.local/lib/python3.6/site-packages/airflow/example_dags/example_short_circuit_operator.py
[2021-11-02 15:56:48,240] {processor.py:632} INFO - DAG(s) dict_keys(['example_short_circuit_operator']) retrieved from /home/linuxadmin/.local/lib/python3.6/site-packages/airflow/example_dags/example_short_circuit_operator.py
[2021-11-02 15:56:48,252] {logging_mixin.py:109} INFO - [2021-11-02 15:56:48,252] {dag.py:2389} INFO - Sync 1 DAGs
[2021-11-02 15:56:48,272] {logging_mixin.py:109} INFO - [2021-11-02 15:56:48,272] {dag.py:2921} INFO - Setting next_dagrun for example_short_circuit_operator to 2021-11-01T10:26:48.271970+00:00
[2021-11-02 15:56:48,283] {processor.py:171} INFO - Processing /home/linuxadmin/.local/lib/python3.6/site-packages/airflow/example_dags/example_short_circuit_operator.py took 0.085 seconds
[2021-11-02 15:56:53,127] {processor.py:163} INFO - Started process (PID=177784) to work on /home/linuxadmin/.local/lib/python3.6/site-packages/airflow/example_dags/example_short_circuit_operator.py
[2021-11-02 15:56:53,129] {processor.py:620} INFO - Processing file /home/linuxadmin/.local/lib/python3.6/site-packages/airflow/example_dags/example_short_circuit_operator.py for tasks to queue
[2021-11-02 15:56:53,130] {logging_mixin.py:109} INFO - [2021-11-02 15:56:53,130] {dagbag.py:500} INFO - Filling up the DagBag from /home/linuxadmin/.local/lib/python3.6/site-packages/airflow/example_dags/example_short_circuit_operator.py
[2021-11-02 15:56:53,178] {processor.py:632} INFO - DAG(s) dict_keys(['example_short_circuit_operator']) retrieved from /home/linuxadmin/.local/lib/python3.6/site-packages/airflow/example_dags/example_short_circuit_operator.py
[2021-11-02 15:56:53,196] {logging_mixin.py:109} INFO - [2021-11-02 15:56:53,196] {dag.py:2389} INFO - Sync 1 DAGs
[2021-11-02 15:56:53,226] {logging_mixin.py:109} INFO - [2021-11-02 15:56:53,225] {dag.py:2921} INFO - Setting next_dagrun for example_short_circuit_operator to 2021-11-01T10:26:53.225387+00:00
[2021-11-02 15:56:53,239] {processor.py:171} INFO - Processing /home/linuxadmin/.local/lib/python3.6/site-packages/airflow/example_dags/example_short_circuit_operator.py took 0.117 seconds
[2021-11-02 15:56:57,896] {processor.py:163} INFO - Started process (PID=177906) to work on /home/linuxadmin/.local/lib/python3.6/site-packages/airflow/example_dags/example_short_circuit_operator.py
[2021-11-02 15:56:57,898] {processor.py:620} INFO - Processing file /home/linuxadmin/.local/lib/python3.6/site-packages/airflow/example_dags/example_short_circuit_operator.py for tasks to queue
[2021-11-02 15:56:57,899] {logging_mixin.py:109} INFO - [2021-11-02 15:56:57,899] {dagbag.py:500} INFO - Filling up the DagBag from /home/linuxadmin/.local/lib/python3.6/site-packages/airflow/example_dags/example_short_circuit_operator.py
[2021-11-02 15:56:57,942] {processor.py:632} INFO - DAG(s) dict_keys(['example_short_circuit_operator']) retrieved from /home/linuxadmin/.local/lib/python3.6/site-packages/airflow/example_dags/example_short_circuit_operator.py
[2021-11-02 15:56:57,958] {logging_mixin.py:109} INFO - [2021-11-02 15:56:57,958] {dag.py:2389} INFO - Sync 1 DAGs
[2021-11-02 15:56:57,985] {logging_mixin.py:109} INFO - [2021-11-02 15:56:57,985] {dag.py:2921} INFO - Setting next_dagrun for example_short_circuit_operator to 2021-11-01T10:26:57.985204+00:00
[2021-11-02 15:56:57,999] {processor.py:171} INFO - Processing /home/linuxadmin/.local/lib/python3.6/site-packages/airflow/example_dags/example_short_circuit_operator.py took 0.108 seconds
[2021-11-02 15:57:02,377] {processor.py:163} INFO - Started process (PID=178026) to work on /home/linuxadmin/.local/lib/python3.6/site-packages/airflow/example_dags/example_short_circuit_operator.py
[2021-11-02 15:57:02,378] {processor.py:620} INFO - Processing file /home/linuxadmin/.local/lib/python3.6/site-packages/airflow/example_dags/example_short_circuit_operator.py for tasks to queue
[2021-11-02 15:57:02,379] {logging_mixin.py:109} INFO - [2021-11-02 15:57:02,379] {dagbag.py:500} INFO - Filling up the DagBag from /home/linuxadmin/.local/lib/python3.6/site-packages/airflow/example_dags/example_short_circuit_operator.py
[2021-11-02 15:57:02,420] {processor.py:632} INFO - DAG(s) dict_keys(['example_short_circuit_operator']) retrieved from /home/linuxadmin/.local/lib/python3.6/site-packages/airflow/example_dags/example_short_circuit_operator.py
[2021-11-02 15:57:02,433] {logging_mixin.py:109} INFO - [2021-11-02 15:57:02,433] {dag.py:2389} INFO - Sync 1 DAGs
[2021-11-02 15:57:02,455] {logging_mixin.py:109} INFO - [2021-11-02 15:57:02,455] {dag.py:2921} INFO - Setting next_dagrun for example_short_circuit_operator to 2021-11-01T10:27:02.454861+00:00
[2021-11-02 15:57:02,467] {processor.py:171} INFO - Processing /home/linuxadmin/.local/lib/python3.6/site-packages/airflow/example_dags/example_short_circuit_operator.py took 0.096 seconds
[2021-11-02 15:57:07,251] {processor.py:163} INFO - Started process (PID=178151) to work on /home/linuxadmin/.local/lib/python3.6/site-packages/airflow/example_dags/example_short_circuit_operator.py
[2021-11-02 15:57:07,253] {processor.py:620} INFO - Processing file /home/linuxadmin/.local/lib/python3.6/site-packages/airflow/example_dags/example_short_circuit_operator.py for tasks to queue
[2021-11-02 15:57:07,254] {logging_mixin.py:109} INFO - [2021-11-02 15:57:07,253] {dagbag.py:500} INFO - Filling up the DagBag from /home/linuxadmin/.local/lib/python3.6/site-packages/airflow/example_dags/example_short_circuit_operator.py
[2021-11-02 15:57:07,298] {processor.py:632} INFO - DAG(s) dict_keys(['example_short_circuit_operator']) retrieved from /home/linuxadmin/.local/lib/python3.6/site-packages/airflow/example_dags/example_short_circuit_operator.py
[2021-11-02 15:57:07,313] {logging_mixin.py:109} INFO - [2021-11-02 15:57:07,313] {dag.py:2389} INFO - Sync 1 DAGs
[2021-11-02 15:57:07,337] {logging_mixin.py:109} INFO - [2021-11-02 15:57:07,336] {dag.py:2921} INFO - Setting next_dagrun for example_short_circuit_operator to 2021-11-01T10:27:07.336402+00:00
[2021-11-02 15:57:07,349] {processor.py:171} INFO - Processing /home/linuxadmin/.local/lib/python3.6/site-packages/airflow/example_dags/example_short_circuit_operator.py took 0.105 seconds
[2021-11-02 15:57:11,428] {processor.py:163} INFO - Started process (PID=178268) to work on /home/linuxadmin/.local/lib/python3.6/site-packages/airflow/example_dags/example_short_circuit_operator.py
[2021-11-02 15:57:11,429] {processor.py:620} INFO - Processing file /home/linuxadmin/.local/lib/python3.6/site-packages/airflow/example_dags/example_short_circuit_operator.py for tasks to queue
[2021-11-02 15:57:11,430] {logging_mixin.py:109} INFO - [2021-11-02 15:57:11,430] {dagbag.py:500} INFO - Filling up the DagBag from /home/linuxadmin/.local/lib/python3.6/site-packages/airflow/example_dags/example_short_circuit_operator.py
[2021-11-02 15:57:11,474] {processor.py:632} INFO - DAG(s) dict_keys(['example_short_circuit_operator']) retrieved from /home/linuxadmin/.local/lib/python3.6/site-packages/airflow/example_dags/example_short_circuit_operator.py
[2021-11-02 15:57:11,490] {logging_mixin.py:109} INFO - [2021-11-02 15:57:11,490] {dag.py:2389} INFO - Sync 1 DAGs
[2021-11-02 15:57:11,521] {logging_mixin.py:109} INFO - [2021-11-02 15:57:11,520] {dag.py:2921} INFO - Setting next_dagrun for example_short_circuit_operator to 2021-11-01T10:27:11.520472+00:00
[2021-11-02 15:57:11,535] {processor.py:171} INFO - Processing /home/linuxadmin/.local/lib/python3.6/site-packages/airflow/example_dags/example_short_circuit_operator.py took 0.113 seconds
[2021-11-02 15:57:16,086] {processor.py:163} INFO - Started process (PID=178390) to work on /home/linuxadmin/.local/lib/python3.6/site-packages/airflow/example_dags/example_short_circuit_operator.py
[2021-11-02 15:57:16,087] {processor.py:620} INFO - Processing file /home/linuxadmin/.local/lib/python3.6/site-packages/airflow/example_dags/example_short_circuit_operator.py for tasks to queue
[2021-11-02 15:57:16,088] {logging_mixin.py:109} INFO - [2021-11-02 15:57:16,088] {dagbag.py:500} INFO - Filling up the DagBag from /home/linuxadmin/.local/lib/python3.6/site-packages/airflow/example_dags/example_short_circuit_operator.py
[2021-11-02 15:57:16,135] {processor.py:632} INFO - DAG(s) dict_keys(['example_short_circuit_operator']) retrieved from /home/linuxadmin/.local/lib/python3.6/site-packages/airflow/example_dags/example_short_circuit_operator.py
[2021-11-02 15:57:16,149] {logging_mixin.py:109} INFO - [2021-11-02 15:57:16,149] {dag.py:2389} INFO - Sync 1 DAGs
[2021-11-02 15:57:16,179] {logging_mixin.py:109} INFO - [2021-11-02 15:57:16,179] {dag.py:2921} INFO - Setting next_dagrun for example_short_circuit_operator to 2021-11-01T10:27:16.178763+00:00
[2021-11-02 15:57:16,192] {processor.py:171} INFO - Processing /home/linuxadmin/.local/lib/python3.6/site-packages/airflow/example_dags/example_short_circuit_operator.py took 0.111 seconds
[2021-11-02 15:57:20,007] {processor.py:163} INFO - Started process (PID=178509) to work on /home/linuxadmin/.local/lib/python3.6/site-packages/airflow/example_dags/example_short_circuit_operator.py
[2021-11-02 15:57:20,009] {processor.py:620} INFO - Processing file /home/linuxadmin/.local/lib/python3.6/site-packages/airflow/example_dags/example_short_circuit_operator.py for tasks to queue
[2021-11-02 15:57:20,009] {logging_mixin.py:109} INFO - [2021-11-02 15:57:20,009] {dagbag.py:500} INFO - Filling up the DagBag from /home/linuxadmin/.local/lib/python3.6/site-packages/airflow/example_dags/example_short_circuit_operator.py
[2021-11-02 15:57:20,043] {processor.py:632} INFO - DAG(s) dict_keys(['example_short_circuit_operator']) retrieved from /home/linuxadmin/.local/lib/python3.6/site-packages/airflow/example_dags/example_short_circuit_operator.py
[2021-11-02 15:57:20,055] {logging_mixin.py:109} INFO - [2021-11-02 15:57:20,055] {dag.py:2389} INFO - Sync 1 DAGs
[2021-11-02 15:57:20,076] {logging_mixin.py:109} INFO - [2021-11-02 15:57:20,076] {dag.py:2921} INFO - Setting next_dagrun for example_short_circuit_operator to 2021-11-01T10:27:20.076476+00:00
[2021-11-02 15:57:20,088] {processor.py:171} INFO - Processing /home/linuxadmin/.local/lib/python3.6/site-packages/airflow/example_dags/example_short_circuit_operator.py took 0.085 seconds
[2021-11-02 15:57:25,027] {processor.py:163} INFO - Started process (PID=178633) to work on /home/linuxadmin/.local/lib/python3.6/site-packages/airflow/example_dags/example_short_circuit_operator.py
[2021-11-02 15:57:25,028] {processor.py:620} INFO - Processing file /home/linuxadmin/.local/lib/python3.6/site-packages/airflow/example_dags/example_short_circuit_operator.py for tasks to queue
[2021-11-02 15:57:25,029] {logging_mixin.py:109} INFO - [2021-11-02 15:57:25,029] {dagbag.py:500} INFO - Filling up the DagBag from /home/linuxadmin/.local/lib/python3.6/site-packages/airflow/example_dags/example_short_circuit_operator.py
[2021-11-02 15:57:25,071] {processor.py:632} INFO - DAG(s) dict_keys(['example_short_circuit_operator']) retrieved from /home/linuxadmin/.local/lib/python3.6/site-packages/airflow/example_dags/example_short_circuit_operator.py
[2021-11-02 15:57:25,084] {logging_mixin.py:109} INFO - [2021-11-02 15:57:25,084] {dag.py:2389} INFO - Sync 1 DAGs
[2021-11-02 15:57:25,109] {logging_mixin.py:109} INFO - [2021-11-02 15:57:25,109] {dag.py:2921} INFO - Setting next_dagrun for example_short_circuit_operator to 2021-11-01T10:27:25.108554+00:00
[2021-11-02 15:57:25,120] {processor.py:171} INFO - Processing /home/linuxadmin/.local/lib/python3.6/site-packages/airflow/example_dags/example_short_circuit_operator.py took 0.097 seconds
[2021-11-02 15:57:29,413] {processor.py:163} INFO - Started process (PID=178753) to work on /home/linuxadmin/.local/lib/python3.6/site-packages/airflow/example_dags/example_short_circuit_operator.py
[2021-11-02 15:57:29,414] {processor.py:620} INFO - Processing file /home/linuxadmin/.local/lib/python3.6/site-packages/airflow/example_dags/example_short_circuit_operator.py for tasks to queue
[2021-11-02 15:57:29,415] {logging_mixin.py:109} INFO - [2021-11-02 15:57:29,415] {dagbag.py:500} INFO - Filling up the DagBag from /home/linuxadmin/.local/lib/python3.6/site-packages/airflow/example_dags/example_short_circuit_operator.py
[2021-11-02 15:57:29,455] {processor.py:632} INFO - DAG(s) dict_keys(['example_short_circuit_operator']) retrieved from /home/linuxadmin/.local/lib/python3.6/site-packages/airflow/example_dags/example_short_circuit_operator.py
[2021-11-02 15:57:29,467] {logging_mixin.py:109} INFO - [2021-11-02 15:57:29,467] {dag.py:2389} INFO - Sync 1 DAGs
[2021-11-02 15:57:29,491] {logging_mixin.py:109} INFO - [2021-11-02 15:57:29,491] {dag.py:2921} INFO - Setting next_dagrun for example_short_circuit_operator to 2021-11-01T10:27:29.490728+00:00
[2021-11-02 15:57:29,504] {processor.py:171} INFO - Processing /home/linuxadmin/.local/lib/python3.6/site-packages/airflow/example_dags/example_short_circuit_operator.py took 0.096 seconds
[2021-11-02 15:57:34,125] {processor.py:163} INFO - Started process (PID=178876) to work on /home/linuxadmin/.local/lib/python3.6/site-packages/airflow/example_dags/example_short_circuit_operator.py
[2021-11-02 15:57:34,127] {processor.py:620} INFO - Processing file /home/linuxadmin/.local/lib/python3.6/site-packages/airflow/example_dags/example_short_circuit_operator.py for tasks to queue
[2021-11-02 15:57:34,128] {logging_mixin.py:109} INFO - [2021-11-02 15:57:34,128] {dagbag.py:500} INFO - Filling up the DagBag from /home/linuxadmin/.local/lib/python3.6/site-packages/airflow/example_dags/example_short_circuit_operator.py
[2021-11-02 15:57:34,169] {processor.py:632} INFO - DAG(s) dict_keys(['example_short_circuit_operator']) retrieved from /home/linuxadmin/.local/lib/python3.6/site-packages/airflow/example_dags/example_short_circuit_operator.py
[2021-11-02 15:57:34,186] {logging_mixin.py:109} INFO - [2021-11-02 15:57:34,185] {dag.py:2389} INFO - Sync 1 DAGs
[2021-11-02 15:57:34,213] {logging_mixin.py:109} INFO - [2021-11-02 15:57:34,213] {dag.py:2921} INFO - Setting next_dagrun for example_short_circuit_operator to 2021-11-01T10:27:34.213104+00:00
[2021-11-02 15:57:34,237] {processor.py:171} INFO - Processing /home/linuxadmin/.local/lib/python3.6/site-packages/airflow/example_dags/example_short_circuit_operator.py took 0.117 seconds
[2021-11-02 15:57:38,181] {processor.py:163} INFO - Started process (PID=178995) to work on /home/linuxadmin/.local/lib/python3.6/site-packages/airflow/example_dags/example_short_circuit_operator.py
[2021-11-02 15:57:38,183] {processor.py:620} INFO - Processing file /home/linuxadmin/.local/lib/python3.6/site-packages/airflow/example_dags/example_short_circuit_operator.py for tasks to queue
[2021-11-02 15:57:38,183] {logging_mixin.py:109} INFO - [2021-11-02 15:57:38,183] {dagbag.py:500} INFO - Filling up the DagBag from /home/linuxadmin/.local/lib/python3.6/site-packages/airflow/example_dags/example_short_circuit_operator.py
[2021-11-02 15:57:38,224] {processor.py:632} INFO - DAG(s) dict_keys(['example_short_circuit_operator']) retrieved from /home/linuxadmin/.local/lib/python3.6/site-packages/airflow/example_dags/example_short_circuit_operator.py
[2021-11-02 15:57:38,242] {logging_mixin.py:109} INFO - [2021-11-02 15:57:38,241] {dag.py:2389} INFO - Sync 1 DAGs
[2021-11-02 15:57:38,269] {logging_mixin.py:109} INFO - [2021-11-02 15:57:38,269] {dag.py:2921} INFO - Setting next_dagrun for example_short_circuit_operator to 2021-11-01T10:27:38.269246+00:00
[2021-11-02 15:57:38,282] {processor.py:171} INFO - Processing /home/linuxadmin/.local/lib/python3.6/site-packages/airflow/example_dags/example_short_circuit_operator.py took 0.106 seconds
[2021-11-02 15:57:42,849] {processor.py:163} INFO - Started process (PID=179116) to work on /home/linuxadmin/.local/lib/python3.6/site-packages/airflow/example_dags/example_short_circuit_operator.py
[2021-11-02 15:57:42,851] {processor.py:620} INFO - Processing file /home/linuxadmin/.local/lib/python3.6/site-packages/airflow/example_dags/example_short_circuit_operator.py for tasks to queue
[2021-11-02 15:57:42,852] {logging_mixin.py:109} INFO - [2021-11-02 15:57:42,852] {dagbag.py:500} INFO - Filling up the DagBag from /home/linuxadmin/.local/lib/python3.6/site-packages/airflow/example_dags/example_short_circuit_operator.py
[2021-11-02 15:57:42,889] {processor.py:632} INFO - DAG(s) dict_keys(['example_short_circuit_operator']) retrieved from /home/linuxadmin/.local/lib/python3.6/site-packages/airflow/example_dags/example_short_circuit_operator.py
[2021-11-02 15:57:42,902] {logging_mixin.py:109} INFO - [2021-11-02 15:57:42,902] {dag.py:2389} INFO - Sync 1 DAGs
[2021-11-02 15:57:42,929] {logging_mixin.py:109} INFO - [2021-11-02 15:57:42,929] {dag.py:2921} INFO - Setting next_dagrun for example_short_circuit_operator to 2021-11-01T10:27:42.928611+00:00
[2021-11-02 15:57:42,940] {processor.py:171} INFO - Processing /home/linuxadmin/.local/lib/python3.6/site-packages/airflow/example_dags/example_short_circuit_operator.py took 0.096 seconds
[2021-11-02 15:57:47,052] {processor.py:163} INFO - Started process (PID=179236) to work on /home/linuxadmin/.local/lib/python3.6/site-packages/airflow/example_dags/example_short_circuit_operator.py
[2021-11-02 15:57:47,054] {processor.py:620} INFO - Processing file /home/linuxadmin/.local/lib/python3.6/site-packages/airflow/example_dags/example_short_circuit_operator.py for tasks to queue
[2021-11-02 15:57:47,055] {logging_mixin.py:109} INFO - [2021-11-02 15:57:47,054] {dagbag.py:500} INFO - Filling up the DagBag from /home/linuxadmin/.local/lib/python3.6/site-packages/airflow/example_dags/example_short_circuit_operator.py
[2021-11-02 15:57:47,097] {processor.py:632} INFO - DAG(s) dict_keys(['example_short_circuit_operator']) retrieved from /home/linuxadmin/.local/lib/python3.6/site-packages/airflow/example_dags/example_short_circuit_operator.py
[2021-11-02 15:57:47,115] {logging_mixin.py:109} INFO - [2021-11-02 15:57:47,115] {dag.py:2389} INFO - Sync 1 DAGs
[2021-11-02 15:57:47,138] {logging_mixin.py:109} INFO - [2021-11-02 15:57:47,138] {dag.py:2921} INFO - Setting next_dagrun for example_short_circuit_operator to 2021-11-01T10:27:47.137590+00:00
[2021-11-02 15:57:47,151] {processor.py:171} INFO - Processing /home/linuxadmin/.local/lib/python3.6/site-packages/airflow/example_dags/example_short_circuit_operator.py took 0.104 seconds
[2021-11-02 15:57:51,860] {processor.py:163} INFO - Started process (PID=179360) to work on /home/linuxadmin/.local/lib/python3.6/site-packages/airflow/example_dags/example_short_circuit_operator.py
[2021-11-02 15:57:51,861] {processor.py:620} INFO - Processing file /home/linuxadmin/.local/lib/python3.6/site-packages/airflow/example_dags/example_short_circuit_operator.py for tasks to queue
[2021-11-02 15:57:51,862] {logging_mixin.py:109} INFO - [2021-11-02 15:57:51,862] {dagbag.py:500} INFO - Filling up the DagBag from /home/linuxadmin/.local/lib/python3.6/site-packages/airflow/example_dags/example_short_circuit_operator.py
[2021-11-02 15:57:51,908] {processor.py:632} INFO - DAG(s) dict_keys(['example_short_circuit_operator']) retrieved from /home/linuxadmin/.local/lib/python3.6/site-packages/airflow/example_dags/example_short_circuit_operator.py
[2021-11-02 15:57:51,929] {logging_mixin.py:109} INFO - [2021-11-02 15:57:51,929] {dag.py:2389} INFO - Sync 1 DAGs
[2021-11-02 15:57:51,954] {logging_mixin.py:109} INFO - [2021-11-02 15:57:51,954] {dag.py:2921} INFO - Setting next_dagrun for example_short_circuit_operator to 2021-11-01T10:27:51.953831+00:00
[2021-11-02 15:57:51,968] {processor.py:171} INFO - Processing /home/linuxadmin/.local/lib/python3.6/site-packages/airflow/example_dags/example_short_circuit_operator.py took 0.114 seconds
[2021-11-02 15:57:57,069] {processor.py:163} INFO - Started process (PID=179485) to work on /home/linuxadmin/.local/lib/python3.6/site-packages/airflow/example_dags/example_short_circuit_operator.py
[2021-11-02 15:57:57,070] {processor.py:620} INFO - Processing file /home/linuxadmin/.local/lib/python3.6/site-packages/airflow/example_dags/example_short_circuit_operator.py for tasks to queue
[2021-11-02 15:57:57,071] {logging_mixin.py:109} INFO - [2021-11-02 15:57:57,071] {dagbag.py:500} INFO - Filling up the DagBag from /home/linuxadmin/.local/lib/python3.6/site-packages/airflow/example_dags/example_short_circuit_operator.py
[2021-11-02 15:57:57,116] {processor.py:632} INFO - DAG(s) dict_keys(['example_short_circuit_operator']) retrieved from /home/linuxadmin/.local/lib/python3.6/site-packages/airflow/example_dags/example_short_circuit_operator.py
[2021-11-02 15:57:57,130] {logging_mixin.py:109} INFO - [2021-11-02 15:57:57,130] {dag.py:2389} INFO - Sync 1 DAGs
[2021-11-02 15:57:57,156] {logging_mixin.py:109} INFO - [2021-11-02 15:57:57,156] {dag.py:2921} INFO - Setting next_dagrun for example_short_circuit_operator to 2021-11-01T10:27:57.156060+00:00
[2021-11-02 15:57:57,169] {processor.py:171} INFO - Processing /home/linuxadmin/.local/lib/python3.6/site-packages/airflow/example_dags/example_short_circuit_operator.py took 0.106 seconds
[2021-11-02 15:58:01,275] {processor.py:163} INFO - Started process (PID=179604) to work on /home/linuxadmin/.local/lib/python3.6/site-packages/airflow/example_dags/example_short_circuit_operator.py
[2021-11-02 15:58:01,276] {processor.py:620} INFO - Processing file /home/linuxadmin/.local/lib/python3.6/site-packages/airflow/example_dags/example_short_circuit_operator.py for tasks to queue
[2021-11-02 15:58:01,277] {logging_mixin.py:109} INFO - [2021-11-02 15:58:01,277] {dagbag.py:500} INFO - Filling up the DagBag from /home/linuxadmin/.local/lib/python3.6/site-packages/airflow/example_dags/example_short_circuit_operator.py
[2021-11-02 15:58:01,322] {processor.py:632} INFO - DAG(s) dict_keys(['example_short_circuit_operator']) retrieved from /home/linuxadmin/.local/lib/python3.6/site-packages/airflow/example_dags/example_short_circuit_operator.py
[2021-11-02 15:58:01,338] {logging_mixin.py:109} INFO - [2021-11-02 15:58:01,338] {dag.py:2389} INFO - Sync 1 DAGs
[2021-11-02 15:58:01,367] {logging_mixin.py:109} INFO - [2021-11-02 15:58:01,367] {dag.py:2921} INFO - Setting next_dagrun for example_short_circuit_operator to 2021-11-01T10:28:01.366668+00:00
[2021-11-02 15:58:01,378] {processor.py:171} INFO - Processing /home/linuxadmin/.local/lib/python3.6/site-packages/airflow/example_dags/example_short_circuit_operator.py took 0.109 seconds
[2021-11-02 15:58:05,671] {processor.py:163} INFO - Started process (PID=179727) to work on /home/linuxadmin/.local/lib/python3.6/site-packages/airflow/example_dags/example_short_circuit_operator.py
[2021-11-02 15:58:05,673] {processor.py:620} INFO - Processing file /home/linuxadmin/.local/lib/python3.6/site-packages/airflow/example_dags/example_short_circuit_operator.py for tasks to queue
[2021-11-02 15:58:05,674] {logging_mixin.py:109} INFO - [2021-11-02 15:58:05,674] {dagbag.py:500} INFO - Filling up the DagBag from /home/linuxadmin/.local/lib/python3.6/site-packages/airflow/example_dags/example_short_circuit_operator.py
[2021-11-02 15:58:05,721] {processor.py:632} INFO - DAG(s) dict_keys(['example_short_circuit_operator']) retrieved from /home/linuxadmin/.local/lib/python3.6/site-packages/airflow/example_dags/example_short_circuit_operator.py
[2021-11-02 15:58:05,737] {logging_mixin.py:109} INFO - [2021-11-02 15:58:05,736] {dag.py:2389} INFO - Sync 1 DAGs
[2021-11-02 15:58:05,765] {logging_mixin.py:109} INFO - [2021-11-02 15:58:05,765] {dag.py:2921} INFO - Setting next_dagrun for example_short_circuit_operator to 2021-11-01T10:28:05.764860+00:00
[2021-11-02 15:58:05,777] {processor.py:171} INFO - Processing /home/linuxadmin/.local/lib/python3.6/site-packages/airflow/example_dags/example_short_circuit_operator.py took 0.111 seconds
[2021-11-02 15:58:10,130] {processor.py:163} INFO - Started process (PID=179846) to work on /home/linuxadmin/.local/lib/python3.6/site-packages/airflow/example_dags/example_short_circuit_operator.py
[2021-11-02 15:58:10,132] {processor.py:620} INFO - Processing file /home/linuxadmin/.local/lib/python3.6/site-packages/airflow/example_dags/example_short_circuit_operator.py for tasks to queue
[2021-11-02 15:58:10,133] {logging_mixin.py:109} INFO - [2021-11-02 15:58:10,133] {dagbag.py:500} INFO - Filling up the DagBag from /home/linuxadmin/.local/lib/python3.6/site-packages/airflow/example_dags/example_short_circuit_operator.py
[2021-11-02 15:58:10,173] {processor.py:632} INFO - DAG(s) dict_keys(['example_short_circuit_operator']) retrieved from /home/linuxadmin/.local/lib/python3.6/site-packages/airflow/example_dags/example_short_circuit_operator.py
[2021-11-02 15:58:10,189] {logging_mixin.py:109} INFO - [2021-11-02 15:58:10,189] {dag.py:2389} INFO - Sync 1 DAGs
[2021-11-02 15:58:10,220] {logging_mixin.py:109} INFO - [2021-11-02 15:58:10,220] {dag.py:2921} INFO - Setting next_dagrun for example_short_circuit_operator to 2021-11-01T10:28:10.220041+00:00
[2021-11-02 15:58:10,235] {processor.py:171} INFO - Processing /home/linuxadmin/.local/lib/python3.6/site-packages/airflow/example_dags/example_short_circuit_operator.py took 0.110 seconds
[2021-11-02 15:58:15,118] {processor.py:163} INFO - Started process (PID=179969) to work on /home/linuxadmin/.local/lib/python3.6/site-packages/airflow/example_dags/example_short_circuit_operator.py
[2021-11-02 15:58:15,119] {processor.py:620} INFO - Processing file /home/linuxadmin/.local/lib/python3.6/site-packages/airflow/example_dags/example_short_circuit_operator.py for tasks to queue
[2021-11-02 15:58:15,120] {logging_mixin.py:109} INFO - [2021-11-02 15:58:15,120] {dagbag.py:500} INFO - Filling up the DagBag from /home/linuxadmin/.local/lib/python3.6/site-packages/airflow/example_dags/example_short_circuit_operator.py
[2021-11-02 15:58:15,160] {processor.py:632} INFO - DAG(s) dict_keys(['example_short_circuit_operator']) retrieved from /home/linuxadmin/.local/lib/python3.6/site-packages/airflow/example_dags/example_short_circuit_operator.py
[2021-11-02 15:58:15,175] {logging_mixin.py:109} INFO - [2021-11-02 15:58:15,175] {dag.py:2389} INFO - Sync 1 DAGs
[2021-11-02 15:58:15,209] {logging_mixin.py:109} INFO - [2021-11-02 15:58:15,209] {dag.py:2921} INFO - Setting next_dagrun for example_short_circuit_operator to 2021-11-01T10:28:15.209334+00:00
[2021-11-02 15:58:15,222] {processor.py:171} INFO - Processing /home/linuxadmin/.local/lib/python3.6/site-packages/airflow/example_dags/example_short_circuit_operator.py took 0.110 seconds
[2021-11-02 15:58:19,569] {processor.py:163} INFO - Started process (PID=180094) to work on /home/linuxadmin/.local/lib/python3.6/site-packages/airflow/example_dags/example_short_circuit_operator.py
[2021-11-02 15:58:19,572] {processor.py:620} INFO - Processing file /home/linuxadmin/.local/lib/python3.6/site-packages/airflow/example_dags/example_short_circuit_operator.py for tasks to queue
[2021-11-02 15:58:19,573] {logging_mixin.py:109} INFO - [2021-11-02 15:58:19,573] {dagbag.py:500} INFO - Filling up the DagBag from /home/linuxadmin/.local/lib/python3.6/site-packages/airflow/example_dags/example_short_circuit_operator.py
[2021-11-02 15:58:19,611] {processor.py:632} INFO - DAG(s) dict_keys(['example_short_circuit_operator']) retrieved from /home/linuxadmin/.local/lib/python3.6/site-packages/airflow/example_dags/example_short_circuit_operator.py
[2021-11-02 15:58:19,625] {logging_mixin.py:109} INFO - [2021-11-02 15:58:19,624] {dag.py:2389} INFO - Sync 1 DAGs
[2021-11-02 15:58:19,652] {logging_mixin.py:109} INFO - [2021-11-02 15:58:19,652] {dag.py:2921} INFO - Setting next_dagrun for example_short_circuit_operator to 2021-11-01T10:28:19.651617+00:00
[2021-11-02 15:58:19,664] {processor.py:171} INFO - Processing /home/linuxadmin/.local/lib/python3.6/site-packages/airflow/example_dags/example_short_circuit_operator.py took 0.099 seconds
[2021-11-02 15:58:23,539] {processor.py:163} INFO - Started process (PID=180213) to work on /home/linuxadmin/.local/lib/python3.6/site-packages/airflow/example_dags/example_short_circuit_operator.py
[2021-11-02 15:58:23,541] {processor.py:620} INFO - Processing file /home/linuxadmin/.local/lib/python3.6/site-packages/airflow/example_dags/example_short_circuit_operator.py for tasks to queue
[2021-11-02 15:58:23,542] {logging_mixin.py:109} INFO - [2021-11-02 15:58:23,542] {dagbag.py:500} INFO - Filling up the DagBag from /home/linuxadmin/.local/lib/python3.6/site-packages/airflow/example_dags/example_short_circuit_operator.py
[2021-11-02 15:58:23,580] {processor.py:632} INFO - DAG(s) dict_keys(['example_short_circuit_operator']) retrieved from /home/linuxadmin/.local/lib/python3.6/site-packages/airflow/example_dags/example_short_circuit_operator.py
[2021-11-02 15:58:23,592] {logging_mixin.py:109} INFO - [2021-11-02 15:58:23,592] {dag.py:2389} INFO - Sync 1 DAGs
[2021-11-02 15:58:23,614] {logging_mixin.py:109} INFO - [2021-11-02 15:58:23,614] {dag.py:2921} INFO - Setting next_dagrun for example_short_circuit_operator to 2021-11-01T10:28:23.614389+00:00
[2021-11-02 15:58:23,625] {processor.py:171} INFO - Processing /home/linuxadmin/.local/lib/python3.6/site-packages/airflow/example_dags/example_short_circuit_operator.py took 0.092 seconds
[2021-11-02 15:58:28,765] {processor.py:163} INFO - Started process (PID=180336) to work on /home/linuxadmin/.local/lib/python3.6/site-packages/airflow/example_dags/example_short_circuit_operator.py
[2021-11-02 15:58:28,767] {processor.py:620} INFO - Processing file /home/linuxadmin/.local/lib/python3.6/site-packages/airflow/example_dags/example_short_circuit_operator.py for tasks to queue
[2021-11-02 15:58:28,767] {logging_mixin.py:109} INFO - [2021-11-02 15:58:28,767] {dagbag.py:500} INFO - Filling up the DagBag from /home/linuxadmin/.local/lib/python3.6/site-packages/airflow/example_dags/example_short_circuit_operator.py
[2021-11-02 15:58:28,810] {processor.py:632} INFO - DAG(s) dict_keys(['example_short_circuit_operator']) retrieved from /home/linuxadmin/.local/lib/python3.6/site-packages/airflow/example_dags/example_short_circuit_operator.py
[2021-11-02 15:58:28,828] {logging_mixin.py:109} INFO - [2021-11-02 15:58:28,828] {dag.py:2389} INFO - Sync 1 DAGs
[2021-11-02 15:58:28,860] {logging_mixin.py:109} INFO - [2021-11-02 15:58:28,860] {dag.py:2921} INFO - Setting next_dagrun for example_short_circuit_operator to 2021-11-01T10:28:28.860142+00:00
[2021-11-02 15:58:28,874] {processor.py:171} INFO - Processing /home/linuxadmin/.local/lib/python3.6/site-packages/airflow/example_dags/example_short_circuit_operator.py took 0.114 seconds
[2021-11-02 15:58:33,305] {processor.py:163} INFO - Started process (PID=180456) to work on /home/linuxadmin/.local/lib/python3.6/site-packages/airflow/example_dags/example_short_circuit_operator.py
[2021-11-02 15:58:33,306] {processor.py:620} INFO - Processing file /home/linuxadmin/.local/lib/python3.6/site-packages/airflow/example_dags/example_short_circuit_operator.py for tasks to queue
[2021-11-02 15:58:33,306] {logging_mixin.py:109} INFO - [2021-11-02 15:58:33,306] {dagbag.py:500} INFO - Filling up the DagBag from /home/linuxadmin/.local/lib/python3.6/site-packages/airflow/example_dags/example_short_circuit_operator.py
[2021-11-02 15:58:33,344] {processor.py:632} INFO - DAG(s) dict_keys(['example_short_circuit_operator']) retrieved from /home/linuxadmin/.local/lib/python3.6/site-packages/airflow/example_dags/example_short_circuit_operator.py
[2021-11-02 15:58:33,362] {logging_mixin.py:109} INFO - [2021-11-02 15:58:33,361] {dag.py:2389} INFO - Sync 1 DAGs
[2021-11-02 15:58:33,392] {logging_mixin.py:109} INFO - [2021-11-02 15:58:33,392] {dag.py:2921} INFO - Setting next_dagrun for example_short_circuit_operator to 2021-11-01T10:28:33.392120+00:00
[2021-11-02 15:58:33,405] {processor.py:171} INFO - Processing /home/linuxadmin/.local/lib/python3.6/site-packages/airflow/example_dags/example_short_circuit_operator.py took 0.105 seconds
[2021-11-02 15:58:38,069] {processor.py:163} INFO - Started process (PID=180581) to work on /home/linuxadmin/.local/lib/python3.6/site-packages/airflow/example_dags/example_short_circuit_operator.py
[2021-11-02 15:58:38,070] {processor.py:620} INFO - Processing file /home/linuxadmin/.local/lib/python3.6/site-packages/airflow/example_dags/example_short_circuit_operator.py for tasks to queue
[2021-11-02 15:58:38,071] {logging_mixin.py:109} INFO - [2021-11-02 15:58:38,071] {dagbag.py:500} INFO - Filling up the DagBag from /home/linuxadmin/.local/lib/python3.6/site-packages/airflow/example_dags/example_short_circuit_operator.py
[2021-11-02 15:58:38,105] {processor.py:632} INFO - DAG(s) dict_keys(['example_short_circuit_operator']) retrieved from /home/linuxadmin/.local/lib/python3.6/site-packages/airflow/example_dags/example_short_circuit_operator.py
[2021-11-02 15:58:38,120] {logging_mixin.py:109} INFO - [2021-11-02 15:58:38,120] {dag.py:2389} INFO - Sync 1 DAGs
[2021-11-02 15:58:38,144] {logging_mixin.py:109} INFO - [2021-11-02 15:58:38,143] {dag.py:2921} INFO - Setting next_dagrun for example_short_circuit_operator to 2021-11-01T10:28:38.143584+00:00
[2021-11-02 15:58:38,154] {processor.py:171} INFO - Processing /home/linuxadmin/.local/lib/python3.6/site-packages/airflow/example_dags/example_short_circuit_operator.py took 0.090 seconds
[2021-11-02 15:58:41,953] {processor.py:163} INFO - Started process (PID=180698) to work on /home/linuxadmin/.local/lib/python3.6/site-packages/airflow/example_dags/example_short_circuit_operator.py
[2021-11-02 15:58:41,954] {processor.py:620} INFO - Processing file /home/linuxadmin/.local/lib/python3.6/site-packages/airflow/example_dags/example_short_circuit_operator.py for tasks to queue
[2021-11-02 15:58:41,955] {logging_mixin.py:109} INFO - [2021-11-02 15:58:41,955] {dagbag.py:500} INFO - Filling up the DagBag from /home/linuxadmin/.local/lib/python3.6/site-packages/airflow/example_dags/example_short_circuit_operator.py
[2021-11-02 15:58:41,991] {processor.py:632} INFO - DAG(s) dict_keys(['example_short_circuit_operator']) retrieved from /home/linuxadmin/.local/lib/python3.6/site-packages/airflow/example_dags/example_short_circuit_operator.py
[2021-11-02 15:58:42,004] {logging_mixin.py:109} INFO - [2021-11-02 15:58:42,004] {dag.py:2389} INFO - Sync 1 DAGs
[2021-11-02 15:58:42,034] {logging_mixin.py:109} INFO - [2021-11-02 15:58:42,034] {dag.py:2921} INFO - Setting next_dagrun for example_short_circuit_operator to 2021-11-01T10:28:42.034457+00:00
[2021-11-02 15:58:42,047] {processor.py:171} INFO - Processing /home/linuxadmin/.local/lib/python3.6/site-packages/airflow/example_dags/example_short_circuit_operator.py took 0.100 seconds
[2021-11-02 15:58:46,579] {processor.py:163} INFO - Started process (PID=180821) to work on /home/linuxadmin/.local/lib/python3.6/site-packages/airflow/example_dags/example_short_circuit_operator.py
[2021-11-02 15:58:46,580] {processor.py:620} INFO - Processing file /home/linuxadmin/.local/lib/python3.6/site-packages/airflow/example_dags/example_short_circuit_operator.py for tasks to queue
[2021-11-02 15:58:46,581] {logging_mixin.py:109} INFO - [2021-11-02 15:58:46,581] {dagbag.py:500} INFO - Filling up the DagBag from /home/linuxadmin/.local/lib/python3.6/site-packages/airflow/example_dags/example_short_circuit_operator.py
[2021-11-02 15:58:46,627] {processor.py:632} INFO - DAG(s) dict_keys(['example_short_circuit_operator']) retrieved from /home/linuxadmin/.local/lib/python3.6/site-packages/airflow/example_dags/example_short_circuit_operator.py
[2021-11-02 15:58:46,643] {logging_mixin.py:109} INFO - [2021-11-02 15:58:46,643] {dag.py:2389} INFO - Sync 1 DAGs
[2021-11-02 15:58:46,672] {logging_mixin.py:109} INFO - [2021-11-02 15:58:46,671] {dag.py:2921} INFO - Setting next_dagrun for example_short_circuit_operator to 2021-11-01T10:28:46.671429+00:00
[2021-11-02 15:58:46,687] {processor.py:171} INFO - Processing /home/linuxadmin/.local/lib/python3.6/site-packages/airflow/example_dags/example_short_circuit_operator.py took 0.115 seconds
[2021-11-02 15:58:50,505] {processor.py:163} INFO - Started process (PID=180941) to work on /home/linuxadmin/.local/lib/python3.6/site-packages/airflow/example_dags/example_short_circuit_operator.py
[2021-11-02 15:58:50,506] {processor.py:620} INFO - Processing file /home/linuxadmin/.local/lib/python3.6/site-packages/airflow/example_dags/example_short_circuit_operator.py for tasks to queue
[2021-11-02 15:58:50,507] {logging_mixin.py:109} INFO - [2021-11-02 15:58:50,507] {dagbag.py:500} INFO - Filling up the DagBag from /home/linuxadmin/.local/lib/python3.6/site-packages/airflow/example_dags/example_short_circuit_operator.py
[2021-11-02 15:58:50,549] {processor.py:632} INFO - DAG(s) dict_keys(['example_short_circuit_operator']) retrieved from /home/linuxadmin/.local/lib/python3.6/site-packages/airflow/example_dags/example_short_circuit_operator.py
[2021-11-02 15:58:50,572] {logging_mixin.py:109} INFO - [2021-11-02 15:58:50,572] {dag.py:2389} INFO - Sync 1 DAGs
[2021-11-02 15:58:50,603] {logging_mixin.py:109} INFO - [2021-11-02 15:58:50,603] {dag.py:2921} INFO - Setting next_dagrun for example_short_circuit_operator to 2021-11-01T10:28:50.602992+00:00
[2021-11-02 15:58:50,617] {processor.py:171} INFO - Processing /home/linuxadmin/.local/lib/python3.6/site-packages/airflow/example_dags/example_short_circuit_operator.py took 0.117 seconds
[2021-11-02 15:58:54,819] {processor.py:163} INFO - Started process (PID=181064) to work on /home/linuxadmin/.local/lib/python3.6/site-packages/airflow/example_dags/example_short_circuit_operator.py
[2021-11-02 15:58:54,821] {processor.py:620} INFO - Processing file /home/linuxadmin/.local/lib/python3.6/site-packages/airflow/example_dags/example_short_circuit_operator.py for tasks to queue
[2021-11-02 15:58:54,822] {logging_mixin.py:109} INFO - [2021-11-02 15:58:54,822] {dagbag.py:500} INFO - Filling up the DagBag from /home/linuxadmin/.local/lib/python3.6/site-packages/airflow/example_dags/example_short_circuit_operator.py
[2021-11-02 15:58:54,865] {processor.py:632} INFO - DAG(s) dict_keys(['example_short_circuit_operator']) retrieved from /home/linuxadmin/.local/lib/python3.6/site-packages/airflow/example_dags/example_short_circuit_operator.py
[2021-11-02 15:58:54,878] {logging_mixin.py:109} INFO - [2021-11-02 15:58:54,878] {dag.py:2389} INFO - Sync 1 DAGs
[2021-11-02 15:58:54,907] {logging_mixin.py:109} INFO - [2021-11-02 15:58:54,907] {dag.py:2921} INFO - Setting next_dagrun for example_short_circuit_operator to 2021-11-01T10:28:54.906784+00:00
[2021-11-02 15:58:54,923] {processor.py:171} INFO - Processing /home/linuxadmin/.local/lib/python3.6/site-packages/airflow/example_dags/example_short_circuit_operator.py took 0.109 seconds
[2021-11-02 15:58:59,561] {processor.py:163} INFO - Started process (PID=181185) to work on /home/linuxadmin/.local/lib/python3.6/site-packages/airflow/example_dags/example_short_circuit_operator.py
[2021-11-02 15:58:59,562] {processor.py:620} INFO - Processing file /home/linuxadmin/.local/lib/python3.6/site-packages/airflow/example_dags/example_short_circuit_operator.py for tasks to queue
[2021-11-02 15:58:59,563] {logging_mixin.py:109} INFO - [2021-11-02 15:58:59,563] {dagbag.py:500} INFO - Filling up the DagBag from /home/linuxadmin/.local/lib/python3.6/site-packages/airflow/example_dags/example_short_circuit_operator.py
[2021-11-02 15:58:59,608] {processor.py:632} INFO - DAG(s) dict_keys(['example_short_circuit_operator']) retrieved from /home/linuxadmin/.local/lib/python3.6/site-packages/airflow/example_dags/example_short_circuit_operator.py
[2021-11-02 15:58:59,625] {logging_mixin.py:109} INFO - [2021-11-02 15:58:59,625] {dag.py:2389} INFO - Sync 1 DAGs
[2021-11-02 15:58:59,656] {logging_mixin.py:109} INFO - [2021-11-02 15:58:59,656] {dag.py:2921} INFO - Setting next_dagrun for example_short_circuit_operator to 2021-11-01T10:28:59.655641+00:00
[2021-11-02 15:58:59,670] {processor.py:171} INFO - Processing /home/linuxadmin/.local/lib/python3.6/site-packages/airflow/example_dags/example_short_circuit_operator.py took 0.116 seconds
[2021-11-02 15:59:04,974] {processor.py:163} INFO - Started process (PID=181310) to work on /home/linuxadmin/.local/lib/python3.6/site-packages/airflow/example_dags/example_short_circuit_operator.py
[2021-11-02 15:59:04,975] {processor.py:620} INFO - Processing file /home/linuxadmin/.local/lib/python3.6/site-packages/airflow/example_dags/example_short_circuit_operator.py for tasks to queue
[2021-11-02 15:59:04,977] {logging_mixin.py:109} INFO - [2021-11-02 15:59:04,976] {dagbag.py:500} INFO - Filling up the DagBag from /home/linuxadmin/.local/lib/python3.6/site-packages/airflow/example_dags/example_short_circuit_operator.py
[2021-11-02 15:59:05,028] {processor.py:632} INFO - DAG(s) dict_keys(['example_short_circuit_operator']) retrieved from /home/linuxadmin/.local/lib/python3.6/site-packages/airflow/example_dags/example_short_circuit_operator.py
[2021-11-02 15:59:05,040] {logging_mixin.py:109} INFO - [2021-11-02 15:59:05,039] {dag.py:2389} INFO - Sync 1 DAGs
[2021-11-02 15:59:05,060] {logging_mixin.py:109} INFO - [2021-11-02 15:59:05,060] {dag.py:2921} INFO - Setting next_dagrun for example_short_circuit_operator to 2021-11-01T10:29:05.060266+00:00
[2021-11-02 15:59:05,071] {processor.py:171} INFO - Processing /home/linuxadmin/.local/lib/python3.6/site-packages/airflow/example_dags/example_short_circuit_operator.py took 0.104 seconds
[2021-11-02 15:59:09,193] {processor.py:163} INFO - Started process (PID=181430) to work on /home/linuxadmin/.local/lib/python3.6/site-packages/airflow/example_dags/example_short_circuit_operator.py
[2021-11-02 15:59:09,194] {processor.py:620} INFO - Processing file /home/linuxadmin/.local/lib/python3.6/site-packages/airflow/example_dags/example_short_circuit_operator.py for tasks to queue
[2021-11-02 15:59:09,195] {logging_mixin.py:109} INFO - [2021-11-02 15:59:09,194] {dagbag.py:500} INFO - Filling up the DagBag from /home/linuxadmin/.local/lib/python3.6/site-packages/airflow/example_dags/example_short_circuit_operator.py
[2021-11-02 15:59:09,235] {processor.py:632} INFO - DAG(s) dict_keys(['example_short_circuit_operator']) retrieved from /home/linuxadmin/.local/lib/python3.6/site-packages/airflow/example_dags/example_short_circuit_operator.py
[2021-11-02 15:59:09,249] {logging_mixin.py:109} INFO - [2021-11-02 15:59:09,249] {dag.py:2389} INFO - Sync 1 DAGs
[2021-11-02 15:59:09,276] {logging_mixin.py:109} INFO - [2021-11-02 15:59:09,275] {dag.py:2921} INFO - Setting next_dagrun for example_short_circuit_operator to 2021-11-01T10:29:09.275391+00:00
[2021-11-02 15:59:09,289] {processor.py:171} INFO - Processing /home/linuxadmin/.local/lib/python3.6/site-packages/airflow/example_dags/example_short_circuit_operator.py took 0.100 seconds
[2021-11-02 15:59:13,784] {processor.py:163} INFO - Started process (PID=181553) to work on /home/linuxadmin/.local/lib/python3.6/site-packages/airflow/example_dags/example_short_circuit_operator.py
[2021-11-02 15:59:13,786] {processor.py:620} INFO - Processing file /home/linuxadmin/.local/lib/python3.6/site-packages/airflow/example_dags/example_short_circuit_operator.py for tasks to queue
[2021-11-02 15:59:13,787] {logging_mixin.py:109} INFO - [2021-11-02 15:59:13,786] {dagbag.py:500} INFO - Filling up the DagBag from /home/linuxadmin/.local/lib/python3.6/site-packages/airflow/example_dags/example_short_circuit_operator.py
[2021-11-02 15:59:13,835] {processor.py:632} INFO - DAG(s) dict_keys(['example_short_circuit_operator']) retrieved from /home/linuxadmin/.local/lib/python3.6/site-packages/airflow/example_dags/example_short_circuit_operator.py
[2021-11-02 15:59:13,851] {logging_mixin.py:109} INFO - [2021-11-02 15:59:13,851] {dag.py:2389} INFO - Sync 1 DAGs
[2021-11-02 15:59:13,876] {logging_mixin.py:109} INFO - [2021-11-02 15:59:13,875] {dag.py:2921} INFO - Setting next_dagrun for example_short_circuit_operator to 2021-11-01T10:29:13.875624+00:00
[2021-11-02 15:59:13,887] {processor.py:171} INFO - Processing /home/linuxadmin/.local/lib/python3.6/site-packages/airflow/example_dags/example_short_circuit_operator.py took 0.108 seconds
